
-------------------- Trial 0  --------------------

Trial 0 Training MaxEntTrainer,gaussianPriorVariance=1.0 with 1800 instances
Trial 0 Training MaxEntTrainer,gaussianPriorVariance=1.0 finished
Trial 0 Trainer MaxEntTrainer,gaussianPriorVariance=1.0
 Raw Testing Data
826.txt pos pos:0.9530551252260067 neg:0.04694487477399342 
1358.txt pos pos:0.9989097945695483 neg:0.0010902054304517657 
1794.txt pos neg:0.9924388420686362 pos:0.007561157931363911 
1745.txt pos pos:0.9986133339862883 neg:0.001386666013711647 
2650.txt pos neg:0.8961848950015876 pos:0.1038151049984125 
428.txt pos pos:0.9999999608851813 neg:3.911481865060573E-8 
3010.txt pos pos:0.8107594043706728 neg:0.18924059562932705 
3803.txt pos pos:0.9445072078042351 neg:0.05549279219576486 
3375.txt pos pos:0.9998927784032067 neg:1.0722159679331707E-4 
2154.txt pos pos:0.5218477286385883 neg:0.4781522713614117 
1041.txt pos pos:0.9999994054855721 neg:5.945144279105427E-7 
1090.txt pos pos:0.9997792513650905 neg:2.2074863490939716E-4 
3871.txt pos pos:0.9883936854422493 neg:0.011606314557750675 
4226.txt pos pos:0.9988239844533455 neg:0.001176015546654591 
615.txt pos pos:0.9999988820781008 neg:1.1179218991433625E-6 
1119.txt pos pos:0.992755375837935 neg:0.007244624162065028 
3309.txt pos pos:0.9995329870565131 neg:4.670129434870233E-4 
2598.txt pos pos:0.9999999642390616 neg:3.576093845978561E-8 
1504.txt pos pos:0.5418983965802218 neg:0.4581016034197782 
208.txt pos pos:0.9999130106626962 neg:8.69893373038891E-5 
2070.txt pos pos:0.9999242511125369 neg:7.574888746312916E-5 
1165.txt pos pos:0.9641985346988889 neg:0.035801465301111016 
4305.txt pos pos:0.9523571057438845 neg:0.04764289425611549 
882.txt pos pos:0.894978869445597 neg:0.105021130554403 
853.txt pos neg:0.9926509890400473 pos:0.007349010959952635 
421.txt pos pos:0.9996727860505691 neg:3.272139494308688E-4 
3019.txt pos pos:0.9999946815588819 neg:5.318441117927669E-6 
1971.txt pos pos:0.999968472771118 neg:3.152722888211847E-5 
2077.txt pos pos:0.6257526007255501 neg:0.37424739927444994 
1046.txt pos pos:0.999999997329438 neg:2.6705619209252782E-9 
1097.txt pos pos:0.999426570212798 neg:5.734297872019318E-4 
3065.txt pos pos:0.96768978713495 neg:0.032310212865050036 
1351.txt pos pos:0.9422012947366047 neg:0.05779870526339521 
2244.txt pos pos:0.950387163510927 neg:0.04961283648907309 
1668.txt pos pos:0.9997867068156348 neg:2.1329318436532865E-4 
612.txt pos neg:0.9963411489352119 pos:0.003658851064788077 
3505.txt pos pos:0.9996888729599896 neg:3.1112704001039925E-4 
75.txt pos pos:0.9987105068218526 neg:0.0012894931781473895 
2890.txt pos neg:0.9998137268738045 pos:1.862731261953628E-4 
1147.txt pos neg:0.9886749374716026 pos:0.0113250625283973 
2433.txt pos pos:0.7717162152031807 neg:0.22828378479681935 
713.txt pos pos:0.9999574882536426 neg:4.251174635732672E-5 
4037.txt pos pos:0.9989815344236118 neg:0.0010184655763882569 
952.txt pos pos:0.9999995067709716 neg:4.932290283698608E-7 
4113.txt pos pos:0.9999009796528274 neg:9.90203471725953E-5 
983.txt pos pos:0.9999813304236431 neg:1.8669576356984742E-5 
4204.txt pos neg:0.5480824766878233 pos:0.45191752331217666 
2176.txt pos pos:0.9999895180780467 neg:1.0481921953270809E-5 
3357.txt pos pos:0.9724077607433129 neg:0.027592239256687027 
3882.txt pos pos:0.9999730980713316 neg:2.6901928668347855E-5 
1374.txt pos neg:0.9989438224363503 pos:0.0010561775636498286 
3386.txt pos pos:0.9975677936648756 neg:0.0024322063351245237 
146.txt pos pos:0.9965500095162338 neg:0.0034499904837660745 
955.txt pos pos:0.9566428120279074 neg:0.043357187972092745 
4114.txt pos pos:0.9687648542171321 neg:0.03123514578286795 
984.txt pos pos:0.6008187054204132 neg:0.39918129457958684 
3208.txt pos pos:0.9999999646351224 neg:3.5364877566777005E-8 
630.txt pos pos:0.9830577700362821 neg:0.01694222996371792 
309.txt pos neg:0.7627108699682885 pos:0.23728913003171143 
1405.txt pos pos:0.9950175098545944 neg:0.0049824901454056545 
3854.txt pos pos:0.8819912262590722 neg:0.11800877374092775 
3426.txt pos pos:0.9994749557631671 neg:5.25044236832813E-4 
3381.txt pos pos:0.9997293290391328 neg:2.7067096086727695E-4 
3047.txt pos pos:0.8019121706609613 neg:0.19808782933903857 
1982.txt pos pos:0.9998156299951672 neg:1.8437000483279044E-4 
1257.txt pos pos:0.8170492600775314 neg:0.18295073992246852 
3502.txt pos pos:0.9998035638870517 neg:1.9643611294830913E-4 
4168.txt pos pos:0.9503248186728795 neg:0.04967518132712051 
929.txt pos pos:0.9946794694260519 neg:0.005320530573947967 
2055.txt pos pos:0.9999758258217706 neg:2.4174178229437342E-5 
4327.txt pos pos:0.9999999999993667 neg:6.331859108932731E-13 
403.txt pos pos:0.9991469014889813 neg:8.530985110187071E-4 
1225.txt pos pos:0.9987096101795637 neg:0.0012903898204362403 
2497.txt pos neg:0.9859194939119466 pos:0.01408050608805351 
1644.txt pos pos:0.9999968336053321 neg:3.1663946678889455E-6 
2751.txt pos neg:0.5386521339553305 pos:0.46134786604466943 
529.txt pos neg:0.8300950357327258 pos:0.16990496426727422 
2780.txt pos pos:0.9981127883930662 neg:0.0018872116069338918 
4093.txt pos pos:0.9166825459314404 neg:0.08331745406855967 
3098.txt pos pos:0.9976758677262061 neg:0.0023241322737938904 
3428.txt pos pos:0.9960852833921495 neg:0.003914716607850418 
2899.txt pos pos:0.8869758845252682 neg:0.1130241154747319 
693.txt pos pos:0.9991002141323371 neg:8.997858676628191E-4 
4166.txt pos pos:0.8690993421043323 neg:0.13090065789566777 
584.txt pos pos:0.9845917328522613 neg:0.01540826714773879 
223.txt pos pos:0.999245914085488 neg:7.540859145119842E-4 
4271.txt pos pos:0.9996725722163015 neg:3.274277836984329E-4 
642.txt pos pos:0.9999873363268514 neg:1.266367314855909E-5 
1016.txt pos pos:0.9999872204545914 neg:1.277954540868556E-5 
3826.txt pos pos:0.9990788805940124 neg:9.211194059876435E-4 
3792.txt pos pos:0.9999965320259127 neg:3.4679740874480315E-6 
133.txt pos neg:0.9612166917714569 pos:0.03878330822854305 
4276.txt pos pos:0.9999999547578096 neg:4.52421904734795E-8 
645.txt pos pos:0.657791521427192 neg:0.34220847857280806 
2104.txt pos pos:0.9969098862778971 neg:0.003090113722102894 
3482.txt pos neg:0.9287863878155821 pos:0.07121361218441782 
1767.txt pos pos:0.9871248302417897 neg:0.012875169758210328 
3795.txt pos pos:0.995101723884716 neg:0.004898276115283923 
878.txt pos neg:0.9802925490698218 pos:0.01970745093017821 
3905.txt pos pos:0.8316684058548809 neg:0.16833159414511903 
716.txt neg neg:0.9953133648713431 pos:0.0046866351286569356 
1454.txt neg neg:0.8349941004756579 pos:0.165005899524342 
3301.txt neg neg:0.9999990025507074 pos:9.974492925484234E-7 
2933.txt neg neg:0.9690980110226113 pos:0.030901988977388748 
2541.txt neg neg:0.9999641794627302 pos:3.58205372697554E-5 
3914.txt neg neg:0.9998302145149919 pos:1.6978548500821996E-4 
1233.txt neg neg:0.8368458887616613 pos:0.16315411123833873 
1594.txt neg neg:0.9432433093555058 pos:0.05675669064449412 
2747.txt neg neg:0.9811497912227869 pos:0.01885020877721307 
2796.txt neg neg:0.9256141281711731 pos:0.07438587182882694 
448.txt neg neg:0.9697674942088673 pos:0.030232505791132624 
50.txt neg neg:0.9991172339855453 pos:8.827660144547664E-4 
3348.txt neg neg:0.9999626309859457 pos:3.73690140542326E-5 
3399.txt neg neg:0.9965533018168325 pos:0.003446698183167497 
4267.txt neg neg:0.9963782780733842 pos:0.0036217219266158635 
3334.txt neg neg:0.9999919124124644 pos:8.087587535462359E-6 
1776.txt neg neg:0.9999844323594895 pos:1.5567640510551073E-5 
1629.txt neg neg:0.9998884151027864 pos:1.1158489721376042E-4 
919.txt neg pos:0.9993328965903936 neg:6.67103409606347E-4 
4260.txt neg pos:0.9324435643213795 neg:0.0675564356786205 
1814.txt neg neg:0.9999852215207945 pos:1.4778479205485343E-5 
1466.txt neg neg:0.9999529992700413 pos:4.700072995858118E-5 
2573.txt neg pos:0.6139052982033415 neg:0.3860947017966586 
2901.txt neg neg:0.9983369020816583 pos:0.0016630979183416379 
3333.txt neg neg:0.999397027840509 pos:6.029721594909906E-4 
2205.txt neg neg:0.9988420933531162 pos:0.001157906646883803 
3913.txt neg neg:0.9976101467475841 pos:0.002389853252415958 
2321.txt neg neg:0.9665424516861031 pos:0.03345754831389685 
600.txt neg pos:0.7105053355314351 neg:0.28949466446856487 
261.txt neg pos:0.5279271418870438 neg:0.47207285811295624 
3217.txt neg pos:0.9962162674107891 neg:0.0037837325892108543 
1868.txt neg pos:0.8275227543628446 neg:0.17247724563715536 
3058.txt neg neg:0.9964400472026714 pos:0.0035599527973286106 
672.txt neg neg:0.9509314178058584 pos:0.04906858219414154 
1993.txt neg neg:0.9999995196280511 pos:4.803719489152183E-7 
3172.txt neg neg:0.9817601603287067 pos:0.01823983967129328 
2732.txt neg neg:0.9930434582679567 pos:0.006956541732043365 
213.txt neg pos:0.7476095227039484 neg:0.25239047729605163 
5.txt neg pos:0.9538670617694792 neg:0.046132938230520795 
917.txt neg neg:0.9999211235569991 pos:7.887644300085582E-5 
2425.txt neg neg:0.9996991059276706 pos:3.0089407232944545E-4 
2459.txt neg pos:0.999579203194773 neg:4.2079680522691854E-4 
3087.txt neg neg:0.9497871421570157 pos:0.050212857842984286 
1414.txt neg neg:0.9963883335421704 pos:0.0036116664578296734 
3341.txt neg neg:0.9489340727948048 pos:0.05106592720519528 
3894.txt neg neg:0.9999639683827674 pos:3.6031617232591075E-5 
2501.txt neg neg:0.9862486382112192 pos:0.013751361788780857 
3390.txt neg neg:0.9771624442058543 pos:0.022837555794145717 
756.txt neg pos:0.7949330970751681 neg:0.20506690292483185 
2616.txt neg pos:0.9949908649210366 neg:0.0050091350789634986 
337.txt neg neg:0.9877314566842791 pos:0.012268543315721008 
4102.txt neg neg:0.9999999729367058 pos:2.7063294243252245E-8 
1939.txt neg neg:0.9971148303237981 pos:0.0028851696762018314 
3080.txt neg neg:0.9290869908737815 pos:0.07091300912621853 
3727.txt neg neg:0.8718516909243498 pos:0.12814830907565017 
780.txt neg pos:0.7809155485427224 neg:0.21908445145727762 
1861.txt neg neg:0.5979436974367256 pos:0.4020563025632744 
3893.txt neg neg:0.5732001546910027 pos:0.4267998453089973 
1365.txt neg neg:0.9996345987149291 pos:3.654012850708382E-4 
1704.txt neg neg:0.9999927907205489 pos:7.20927945098326E-6 
2881.txt neg pos:0.5167149037071133 neg:0.48328509629288674 
2354.txt neg pos:0.9968235408075794 neg:0.0031764591924205083 
1241.txt neg neg:0.9780907176448953 pos:0.021909282355104566 
2.txt neg neg:0.9966964248549219 pos:0.0033035751450782042 
562.txt neg neg:0.9867210648172787 pos:0.013278935182721156 
910.txt neg pos:0.9518522475330918 neg:0.04814775246690802 
2043.txt neg pos:0.9539430312254086 neg:0.04605696877459144 
2908.txt neg neg:0.9978674183426204 pos:0.002132581657379714 
2523.txt neg neg:0.9979775698148768 pos:0.002022430185123085 
2951.txt neg neg:0.9998616178812338 pos:1.3838211876615475E-4 
3074.txt neg neg:0.9958866782496677 pos:0.004113321750332375 
3415.txt neg neg:0.9992377087591309 pos:7.622912408692082E-4 
998.txt neg neg:0.9979010736211711 pos:0.0020989263788287653 
1679.txt neg neg:0.9930477446562516 pos:0.006952255343748561 
4314.txt neg neg:0.9958566490110025 pos:0.004143350988997582 
2648.txt neg neg:0.9998176130683836 pos:1.8238693161643757E-4 
2710.txt neg neg:0.9999556027061673 pos:4.439729383262181E-5 
126.txt neg neg:0.9999911757086599 pos:8.824291339988728E-6 
2139.txt neg pos:0.6452074165713686 neg:0.3547925834286314 
3157.txt neg neg:0.8967949050800545 pos:0.1032050949199455 
1602.txt neg neg:0.999795012038796 pos:2.0498796120401754E-4 
236.txt neg neg:0.9967625921332868 pos:0.0032374078667131386 
591.txt neg neg:0.9973704064113051 pos:0.002629593588694927 
3944.txt neg neg:0.9579551274282421 pos:0.04204487257175791 
657.txt neg neg:0.9996887797013818 pos:3.112202986181436E-4 
3995.txt neg neg:0.9999723882946309 pos:2.7611705369049533E-5 
2872.txt neg pos:0.9968754806393757 neg:0.0031245193606243577 
2061.txt neg neg:0.9875518934392927 pos:0.012448106560707321 
1431.txt neg neg:0.9999329985561185 pos:6.7001443881445E-5 
2283.txt neg neg:0.998934560266514 pos:0.0010654397334860096 
816.txt neg neg:0.6274020515784342 pos:0.3725979484215658 
312.txt neg neg:0.9991017277169026 pos:8.982722830972567E-4 
2987.txt neg neg:0.9998478395730478 pos:1.5216042695226947E-4 
1108.txt neg neg:0.9999975845745109 pos:2.4154254891488985E-6 
1785.txt neg neg:0.9994693719220944 pos:5.30628077905625E-4 
2690.txt neg neg:0.9999904339362492 pos:9.566063750760621E-6 
2641.txt neg neg:0.9999702185835764 pos:2.9781416423625778E-5 
1754.txt neg neg:0.651271020850207 pos:0.3487289791497929 
1335.txt neg neg:0.9916690192175316 pos:0.008330980782468493 
3159.txt neg pos:0.9979724467112037 neg:0.0020275532887962717 
Trial 0 Trainer MaxEntTrainer,gaussianPriorVariance=1.0 Training Data Confusion Matrix
Confusion Matrix, row=true, column=predicted  accuracy=1.0
  label   0   1  |total
  0 pos 900   .  |900
  1 neg   . 900  |900

Trial 0 Trainer MaxEntTrainer,gaussianPriorVariance=1.0 training data accuracy= 1.0
Trial 0 Trainer MaxEntTrainer,gaussianPriorVariance=1.0 Test Data Confusion Matrix
Confusion Matrix, row=true, column=predicted  accuracy=0.825
  label   0   1  |total
  0 pos  85  15  |100
  1 neg  20  80  |100

Trial 0 Trainer MaxEntTrainer,gaussianPriorVariance=1.0 test data accuracy= 0.825

MaxEntTrainer,gaussianPriorVariance=1.0
Summary. train accuracy mean = 1.0 stddev = 0.0 stderr = 0.0
Summary. test accuracy mean = 0.825 stddev = 0.0 stderr = 0.0
