
-------------------- Trial 0  --------------------

Trial 0 Training MaxEntTrainer,gaussianPriorVariance=1.0 with 1800 instances
Trial 0 Training MaxEntTrainer,gaussianPriorVariance=1.0 finished
Trial 0 Trainer MaxEntTrainer,gaussianPriorVariance=1.0
 Raw Testing Data
2462.txt pos pos:0.8906328968262374 neg:0.10936710317376265 
2934.txt pos pos:0.9604050196135315 neg:0.03959498038646846 
1032.txt pos pos:0.9999691917578098 neg:3.080824219019451E-5 
2651.txt pos neg:0.9507298385670363 pos:0.04927016143296359 
3802.txt pos pos:0.8555799730042619 neg:0.1444200269957381 
1482.txt pos pos:0.837363949679461 neg:0.16263605032053896 
1325.txt pos pos:0.9999999988913488 neg:1.108651273181737E-9 
4284.txt pos pos:0.9999362017799939 neg:6.379822000608956E-5 
1979.txt pos pos:0.9982180769486271 neg:0.0017819230513728159 
4193.txt pos pos:0.9999976057944987 neg:2.394205501363281E-6 
1826.txt pos pos:0.9991024456208389 neg:8.97554379160997E-4 
1035.txt pos pos:0.9999989208129114 neg:1.079187088656603E-6 
2590.txt pos pos:0.9792626612302889 neg:0.020737338769710966 
1322.txt pos pos:0.970288227928904 neg:0.02971177207109594 
3259.txt pos pos:0.9901855264957158 neg:0.009814473504284311 
200.txt pos neg:0.7011646206532663 pos:0.29883537934673354 
3638.txt pos neg:0.8696674291772333 pos:0.13033257082276675 
1428.txt pos neg:0.9924151566416344 pos:0.007584843358365685 
3132.txt pos pos:0.9988965536633547 neg:0.0011034463366453213 
2772.txt pos neg:0.8822144567533777 pos:0.11778554324662215 
3225.txt pos pos:0.6113139758053218 neg:0.3886860241946783 
1317.txt pos pos:0.8205040087425872 neg:0.17949599125741272 
1461.txt pos pos:0.933453450394566 neg:0.06654654960543403 
2906.txt pos pos:0.9998278186630439 neg:1.7218133695605638E-4 
2574.txt pos pos:0.9937501993101795 neg:0.00624980068982051 
4170.txt pos pos:0.8576963411005405 neg:0.1423036588994595 
931.txt pos pos:0.9909810967151105 neg:0.009018903284889608 
311.txt pos pos:0.9123896824615254 neg:0.08761031753847452 
3729.txt pos pos:0.7589457198143077 neg:0.2410542801856923 
4343.txt pos pos:0.9991774192900077 neg:8.225807099922902E-4 
1683.txt pos pos:0.9999290769331669 neg:7.092306683314614E-5 
1937.txt pos neg:0.9547357898270815 pos:0.04526421017291855 
1545.txt pos pos:0.6678149843172374 neg:0.33218501568276265 
2450.txt pos pos:0.9999919483751273 neg:8.05162487260874E-6 
3566.txt pos pos:0.9999527629337309 neg:4.7237066269061895E-5 
3107.txt pos pos:0.9266948275907915 neg:0.07330517240920845 
3439.txt pos pos:0.9999903803053217 neg:9.619694678202866E-6 
4344.txt pos pos:0.9726365849203311 neg:0.027363415079668947 
1684.txt pos pos:0.9868587240867054 neg:0.013141275913294599 
3676.txt pos pos:0.999995253057435 neg:4.746942565074142E-6 
1542.txt pos pos:0.9999997500562224 neg:2.4994377762670805E-7 
2825.txt pos neg:0.8696608279754269 pos:0.13033917202457299 
1234.txt pos neg:0.9989024465826825 pos:0.001097553417317464 
2740.txt pos neg:0.7731779764050118 pos:0.22682202359498824 
3837.txt pos pos:0.9985574344729312 neg:0.0014425655270687502 
2664.txt pos pos:0.9957425508784196 neg:0.0042574491215804705 
1771.txt pos neg:0.5078261011524642 pos:0.4921738988475359 
1007.txt pos pos:0.9572699520001533 neg:0.04273004799984683 
2112.txt pos pos:0.9999773321064899 neg:2.2667893510268898E-5 
595.txt pos pos:0.9999995221566987 neg:4.778433013242584E-7 
1248.txt pos neg:0.9994787869334884 pos:5.212130665116216E-4 
682.txt pos pos:0.7839334644990524 neg:0.2160665355009475 
4177.txt pos pos:0.9999933556146016 neg:6.644385398350168E-6 
936.txt pos pos:0.9955009284779598 neg:0.004499071522040227 
1703.txt pos pos:0.9829697428555029 neg:0.017030257144497206 
2160.txt pos pos:0.9912031432484099 neg:0.00879685675159007 
318.txt pos pos:0.9998853362273565 neg:1.1466377264340829E-4 
3720.txt pos pos:0.9123257639403224 neg:0.08767423605967756 
1866.txt pos pos:0.9995614621853061 neg:4.385378146939826E-4 
3678.txt pos pos:0.9999053512667029 neg:9.464873329720787E-5 
186.txt pos pos:0.9906229292291132 neg:0.009377070770886705 
4212.txt pos pos:0.9990948575121344 neg:9.051424878656507E-4 
157.txt pos neg:0.9050291553596344 pos:0.09497084464036569 
4105.txt pos pos:0.9986084634124729 neg:0.0013915365875270787 
536.txt pos pos:0.9685019334829306 neg:0.031498066517069385 
364.txt pos pos:0.9987638059257652 neg:0.0012361940742348335 
2044.txt pos pos:0.9996741948176656 neg:3.2580518233438433E-4 
2382.txt pos pos:0.9997835319477006 neg:2.164680522994294E-4 
1246.txt pos pos:0.9901468775833306 neg:0.009853122416669382 
938.txt pos pos:0.9940020345898856 neg:0.005997965410114371 
4179.txt pos pos:0.9999978226180805 neg:2.177381919591551E-6 
1627.txt pos pos:0.9912059922439282 neg:0.008794007756071797 
4026.txt pos pos:0.9120509949867589 neg:0.08794900501324106 
867.txt pos pos:0.9999073256806681 neg:9.267431933197966E-5 
1290.txt pos pos:0.9924588692571024 neg:0.007541130742897731 
2850.txt pos pos:0.989751755018767 neg:0.010248244981233032 
3262.txt pos pos:0.976575960972725 neg:0.023424039027275023 
3514.txt pos pos:0.9965988803474084 neg:0.0034011196525915543 
3175.txt pos pos:0.9967625999885875 neg:0.0032374000114125333 
1187.txt pos pos:0.9463884784002119 neg:0.05361152159978806 
2611.txt pos pos:0.9718685829931242 neg:0.028131417006875836 
1072.txt pos pos:0.9540709978975838 neg:0.04592900210241627 
2974.txt pos pos:0.9998776760142624 neg:1.2232398573759322E-4 
4215.txt pos pos:0.9958199853641934 neg:0.004180014635806644 
150.txt pos pos:0.9996464736901054 neg:3.5352630989468864E-4 
531.txt pos pos:0.866006291989727 neg:0.13399370801027305 
3716.txt pos pos:0.9996572491291338 neg:3.427508708660622E-4 
2156.txt pos pos:0.9717670852801306 neg:0.028232914719869388 
3873.txt pos pos:0.9999982490907217 neg:1.7509092782958428E-6 
3401.txt pos pos:0.9999951414927454 neg:4.858507254571138E-6 
2620.txt pos pos:0.9980120011236013 neg:0.0019879988763987083 
2187.txt pos pos:0.996231180979158 neg:0.0037688190208420417 
161.txt pos pos:0.8202645109872114 neg:0.17973548901278852 
1328.txt pos pos:0.9794810752544884 neg:0.020518924745511622 
4289.txt pos neg:0.9903097801554412 pos:0.009690219844558864 
1270.txt pos neg:0.6571876797240561 pos:0.3428123202759438 
3282.txt pos pos:0.9999879833127785 neg:1.201668722144157E-5 
2365.txt pos pos:0.9910919988513865 neg:0.008908001148613386 
3632.txt pos neg:0.9184902193347018 pos:0.08150978066529833 
3195.txt pos pos:0.9983659129565537 neg:0.0016340870434461878 
1150.txt neg neg:0.9999998054899498 pos:1.9451005012968647E-7 
2424.txt neg neg:0.999972038339046 pos:2.796166095387823E-5 
105.txt neg neg:0.8915263089768068 pos:0.10847369102319321 
1469.txt neg neg:0.9999999978209977 pos:2.1790023776715878E-9 
2039.txt neg neg:0.6093731173916217 pos:0.39062688260837836 
179.txt neg neg:0.9812558009342278 pos:0.018744199065772314 
1074.txt neg neg:0.9999460933405563 pos:5.3906659443608845E-5 
2972.txt neg pos:0.907814579375186 neg:0.09218542062481404 
1363.txt neg neg:0.9997386385138028 pos:2.613614861972487E-4 
3436.txt neg neg:0.9999999999994917 pos:5.082793116648445E-13 
3391.txt neg neg:0.8804685137204312 pos:0.11953148627956875 
3057.txt neg neg:0.7303086240344745 pos:0.2696913759655255 
2889.txt neg neg:0.8575016881308254 pos:0.1424983118691746 
4261.txt neg pos:0.5074203583264371 neg:0.492579641673563 
3753.txt neg neg:0.9999999828124361 pos:1.7187563940934108E-8 
395.txt neg pos:0.6334971577750157 neg:0.3665028422249843 
840.txt neg neg:0.9977316420948726 pos:0.002268357905127236 
3332.txt neg neg:0.9999833406877698 pos:1.6659312230270428E-5 
2204.txt neg neg:0.9414517587233697 pos:0.05854824127663021 
2665.txt neg neg:0.9999786392557285 pos:2.1360744271541335E-5 
1235.txt neg neg:0.9999838318352883 pos:1.616816471183277E-5 
1654.txt neg neg:0.9998190810178137 pos:1.8091898218632375E-4 
2741.txt neg neg:0.99371933830686 pos:0.006280661693139999 
1122.txt neg neg:0.9916326009696462 pos:0.008367399030353667 
964.txt neg neg:0.8539373911682155 pos:0.14606260883178435 
516.txt neg neg:0.9871581736347977 pos:0.012841826365202322 
2824.txt neg neg:0.7561813931155925 pos:0.24381860688440762 
3088.txt neg pos:0.9877744528496232 neg:0.012225547150376792 
4345.txt neg neg:0.9999968999131685 pos:3.100086831462484E-6 
87.txt neg pos:0.6235854701990667 neg:0.37641452980093326 
759.txt neg neg:0.9904437952211523 pos:0.0095562047788476 
2327.txt neg pos:0.5037444643390022 neg:0.4962555356609978 
3915.txt neg neg:0.9999853180683884 pos:1.4681931611427938E-5 
1653.txt neg neg:0.995870729373252 pos:0.004129270626747967 
1936.txt neg neg:0.9596861387901195 pos:0.040313861209880376 
2168.txt neg neg:0.9999878660113241 pos:1.2133988675919119E-5 
3728.txt neg neg:0.8747988107889609 pos:0.12520118921103904 
3398.txt neg neg:0.9999980945424823 pos:1.9054575177420178E-6 
3969.txt neg neg:0.9746997240515902 pos:0.02530027594840987 
4171.txt neg pos:0.7548600955378323 neg:0.24513990446216766 
1538.txt neg neg:0.9999660555432369 pos:3.394445676307587E-5 
2575.txt neg neg:0.9999995978494206 pos:4.021505794397636E-7 
1812.txt neg neg:0.9958468792138874 pos:0.0041531207861125324 
722.txt neg pos:0.9991077855386384 neg:8.922144613614724E-4 
2203.txt neg neg:0.9999215706010743 pos:7.842939892573511E-5 
3831.txt neg neg:0.9828629967144955 pos:0.01713700328550452 
896.txt neg neg:0.9999999994638245 pos:5.361754938976339E-10 
145.txt neg pos:0.9936391492399184 neg:0.006360850760081634 
2005.txt neg neg:0.9999834446124409 pos:1.6555387559155805E-5 
956.txt neg neg:0.5657838264803112 pos:0.43421617351968883 
1110.txt neg neg:0.855175004568723 pos:0.14482499543127703 
2312.txt neg neg:0.997212621494066 pos:0.002787378505933974 
3878.txt neg neg:0.6158420716848331 pos:0.38415792831516693 
3258.txt neg neg:0.9827392918011599 pos:0.017260708198840114 
2418.txt neg neg:0.9999832205469452 pos:1.6779453054842695E-5 
558.txt neg neg:0.7395064331170155 pos:0.2604935668829845 
1742.txt neg neg:0.7612255872506676 pos:0.2387744127493325 
3017.txt neg neg:0.998982164571536 pos:0.001017835428464025 
3804.txt neg neg:0.9999656303202606 pos:3.436967973926537E-5 
2540.txt neg neg:0.9937168631468741 pos:0.006283136853125855 
400.txt neg neg:0.885057626660173 pos:0.11494237333982704 
1793.txt neg pos:0.8525606883132939 neg:0.14743931168670601 
699.txt neg neg:0.9902367551934732 pos:0.009763244806526685 
4254.txt neg neg:0.9396145717236951 pos:0.06038542827630485 
1978.txt neg neg:0.9776657823917122 pos:0.02233421760828783 
3148.txt neg neg:0.9988222551717864 pos:0.0011777448282136627 
3529.txt neg pos:0.5333296131811495 neg:0.4666703868188506 
2369.txt neg neg:0.9999999807458514 pos:1.9254148649304232E-8 
1483.txt neg neg:0.9901493381047589 pos:0.009850661895241211 
2596.txt neg neg:0.9994263988062342 pos:5.736011937658437E-4 
3307.txt neg pos:0.9820544195924844 neg:0.017945580407515527 
2126.txt neg neg:0.9985631648765543 pos:0.0014368351234457738 
2811.txt neg neg:0.9562373108134326 pos:0.04376268918656746 
2463.txt neg neg:0.997898455091137 pos:0.0021015449088631287 
3223.txt neg neg:0.9997843976840374 pos:2.1560231596255198E-4 
2002.txt neg pos:0.8755061843265834 neg:0.12449381567341646 
523.txt neg neg:0.9999999994565794 pos:5.4342057011853E-10 
980.txt neg neg:0.9999874116663972 pos:1.2588333602854939E-5 
2774.txt neg neg:0.6239837947648804 pos:0.3760162052351195 
3693.txt neg neg:0.9999910859018569 pos:8.914098143083934E-6 
3134.txt neg neg:0.9999709856870971 pos:2.9014312902908845E-5 
634.txt neg neg:0.999916295301612 pos:8.370469838809769E-5 
193.txt neg neg:0.9570844341072173 pos:0.04291556589278268 
3555.txt neg neg:0.997610942518551 pos:0.0023890574814489523 
1739.txt neg neg:0.6883424187171499 pos:0.3116575812828502 
2998.txt neg neg:0.99999133979283 pos:8.66020716994135E-6 
2411.txt neg neg:0.9998792507921259 pos:1.2074920787405421E-4 
130.txt neg neg:0.9976920019826304 pos:0.0023079980173695397 
3630.txt neg pos:0.5674004534270841 neg:0.4325995465729159 
227.txt neg neg:0.9999999891547203 pos:1.084527956446793E-8 
3280.txt neg pos:0.9217771696996142 neg:0.07822283030038578 
11.txt neg pos:0.9932274714678754 neg:0.0067725285321245275 
409.txt neg neg:0.9999803541229036 pos:1.9645877096412273E-5 
2128.txt neg neg:0.8036903027651864 pos:0.19630969723481367 
4069.txt neg neg:0.9491210460395322 pos:0.050878953960467814 
1737.txt neg neg:0.9939631282742879 pos:0.0060368717257121155 
1883.txt neg neg:0.7252788738133971 pos:0.2747211261866029 
1356.txt neg pos:0.9595610175391263 neg:0.04043898246087366 
2535.txt neg neg:0.7863673494753964 pos:0.21363265052460348 
1420.txt neg neg:0.9899279588953439 pos:0.01007204110465608 
Trial 0 Trainer MaxEntTrainer,gaussianPriorVariance=1.0 Training Data Confusion Matrix
Confusion Matrix, row=true, column=predicted  accuracy=1.0
  label   0   1  |total
  0 pos 900   .  |900
  1 neg   . 900  |900

Trial 0 Trainer MaxEntTrainer,gaussianPriorVariance=1.0 training data accuracy= 1.0
Trial 0 Trainer MaxEntTrainer,gaussianPriorVariance=1.0 Test Data Confusion Matrix
Confusion Matrix, row=true, column=predicted  accuracy=0.84
  label   0   1  |total
  0 pos  85  15  |100
  1 neg  17  83  |100

Trial 0 Trainer MaxEntTrainer,gaussianPriorVariance=1.0 test data accuracy= 0.84

MaxEntTrainer,gaussianPriorVariance=1.0
Summary. train accuracy mean = 1.0 stddev = 0.0 stderr = 0.0
Summary. test accuracy mean = 0.84 stddev = 0.0 stderr = 0.0
