
-------------------- Trial 0  --------------------

Trial 0 Training MaxEntTrainer,gaussianPriorVariance=1.0 with 1800 instances
Trial 0 Training MaxEntTrainer,gaussianPriorVariance=1.0 finished
Trial 0 Trainer MaxEntTrainer,gaussianPriorVariance=1.0
 Raw Testing Data
2072.txt pos pos:0.9805428126099507 neg:0.019457187390049348 
84.txt pos pos:0.9930017927017787 neg:0.006998207298221254 
3986.txt pos pos:0.9999803798799275 neg:1.9620120072397136E-5 
1974.txt pos pos:0.9994438694750992 neg:5.561305249006742E-4 
1506.txt pos pos:0.9999997864183737 neg:2.1358162632162122E-7 
4307.txt pos pos:0.999471682670361 neg:5.283173296389067E-4 
384.txt pos neg:0.5077275137779335 pos:0.4922724862220665 
423.txt pos pos:0.9995284043636682 neg:4.715956363318774E-4 
4010.txt pos pos:0.9999812071831498 neg:1.8792816850246503E-5 
1277.txt pos pos:0.9795479720940674 neg:0.020452027905932615 
3192.txt pos pos:0.9536290664068812 neg:0.04637093359311888 
2866.txt pos pos:0.9586151322171829 neg:0.04138486778281713 
1501.txt pos pos:0.9999610629757211 neg:3.893702427885755E-5 
1973.txt pos pos:0.9633141656871475 neg:0.036685834312852585 
329.txt pos pos:0.9988036520894281 neg:0.0011963479105718444 
1044.txt pos pos:0.8187003571959567 neg:0.1812996428040433 
1886.txt pos pos:0.9974625750009822 neg:0.0025374249990177716 
799.txt pos pos:0.9995613695416761 neg:4.386304583238296E-4 
1095.txt pos pos:0.9999667633455689 neg:3.323665443111033E-5 
2180.txt pos pos:0.6301660782099835 neg:0.36983392179001645 
3649.txt pos pos:0.980335876308565 neg:0.019664123691435005 
3228.txt pos pos:0.9881765223863549 neg:0.01182347761364523 
2123.txt pos pos:0.9802122762316026 neg:0.019787723768397443 
1791.txt pos pos:0.9949788210154712 neg:0.005021178984528945 
1036.txt pos pos:0.999999994032436 neg:5.967564068022895E-9 
2593.txt pos pos:0.9966492793890076 neg:0.003350720610992479 
1740.txt pos pos:0.9999516730610649 neg:4.832693893503653E-5 
907.txt pos pos:0.9996760228578362 neg:3.2397714216383656E-4 
4375.txt pos pos:0.9999899932383557 neg:1.0006761644244398E-5 
1859.txt pos neg:0.9311023216857696 pos:0.06889767831423046 
3408.txt pos pos:0.9923141532390712 neg:0.007685846760928839 
3069.txt pos pos:0.7974487142938191 neg:0.2025512857061808 
1205.txt pos neg:0.5168252446996433 pos:0.48317475530035675 
3922.txt pos pos:0.9971743993261875 neg:0.0028256006738126525 
790.txt pos pos:0.5847018748617173 neg:0.4152981251382827 
2776.txt pos pos:0.959065833886146 neg:0.04093416611385399 
3586.txt pos neg:0.6620875985137482 pos:0.3379124014862517 
3221.txt pos pos:0.7845681351781694 neg:0.21543186482183066 
619.txt pos neg:0.6576926528208958 pos:0.34230734717910405 
1574.txt pos pos:0.9949645241208609 neg:0.005035475879139098 
889.txt pos neg:0.9625901892381146 pos:0.03740981076188534 
1450.txt pos pos:0.8336752668467265 neg:0.16632473315327334 
1822.txt pos pos:0.9998863578831605 neg:1.136421168395372E-4 
1481.txt pos neg:0.9572764886310794 pos:0.04272351136892052 
1326.txt pos pos:0.9999216481800737 neg:7.835181992620302E-5 
3012.txt pos pos:0.9986738925712232 neg:0.0013261074287767515 
2652.txt pos pos:0.943928147064712 neg:0.056071852935288116 
900.txt pos pos:0.9999606424840758 neg:3.9357515924201035E-5 
204.txt pos pos:0.9998914923956264 neg:1.0850760437359506E-4 
4256.txt pos pos:0.9999999099544182 neg:9.004558176974615E-8 
4050.txt pos pos:0.9999999976415077 neg:2.358492236515739E-9 
4347.txt pos pos:0.9998505556468199 neg:1.494443531800338E-4 
3899.txt pos pos:0.9999635096257905 neg:3.6490374209577514E-5 
1078.txt pos pos:0.9999979158216692 neg:2.0841783308434367E-6 
2454.txt pos pos:0.9993596951541347 neg:6.403048458653624E-4 
2826.txt pos pos:0.9999990840083789 neg:9.159916210142207E-7 
1933.txt pos pos:0.6662563551022792 neg:0.3337436448977208 
3103.txt pos neg:0.5898423771611919 pos:0.4101576228388081 
949.txt pos pos:0.9999999590941832 neg:4.090581673686839E-8 
1590.txt pos pos:0.7533187960764874 neg:0.24668120392351253 
3910.txt pos pos:0.9999989061709788 neg:1.0938290213331568E-6 
2570.txt pos neg:0.5158834028322203 pos:0.48411659716777966 
3751.txt pos pos:0.9999999751899586 neg:2.4810041455935136E-8 
4263.txt pos pos:0.9773565148699103 neg:0.02264348513008964 
1775.txt pos pos:0.9944023458624747 neg:0.005597654137525366 
3833.txt pos pos:0.9999981720386072 neg:1.8279613927532802E-6 
3756.txt pos pos:0.9994678212947105 neg:5.321787052895539E-4 
1003.txt pos pos:0.9989415486655677 neg:0.0010584513344322108 
932.txt pos pos:0.9999966106688184 neg:3.3893311815062676E-6 
2738.txt pos neg:0.8497596888188153 pos:0.1502403111811847 
4173.txt pos pos:0.9999999961274184 neg:3.872581516312162E-9 
121.txt pos pos:0.9999999999176321 neg:8.236778454273961E-11 
1999.txt pos pos:0.994459417471697 neg:0.005540582528303039 
464.txt pos neg:0.9973028653123859 pos:0.002697134687614102 
1709.txt pos pos:0.9938546790059615 neg:0.006145320994038383 
4340.txt pos pos:0.9999594517286241 neg:4.05482713759814E-5 
2453.txt pos pos:0.5806502776994016 neg:0.41934972230059836 
1934.txt pos pos:0.7137161640674742 neg:0.28628383593252593 
2795.txt pos pos:0.8599709899315994 neg:0.1400290100684007 
1680.txt pos pos:0.914716654674455 neg:0.08528334532554503 
1127.txt pos pos:0.9999120790688356 neg:8.792093116429351E-5 
3104.txt pos pos:0.9994404128278842 neg:5.595871721157299E-4 
416.txt pos pos:0.7309448899734663 neg:0.26905511002653376 
864.txt pos pos:0.9999999685614821 neg:3.1438517948675765E-8 
2579.txt pos pos:0.8363911748067874 neg:0.1636088251932127 
360.txt pos pos:0.9999997603296292 neg:2.39670370654486E-7 
3758.txt pos neg:0.9984872563497115 pos:0.0015127436502885142 
1293.txt pos pos:0.9999709725446747 neg:2.9027455325416072E-5 
238.txt pos neg:0.801740589362105 pos:0.1982594106378951 
3176.txt pos pos:0.9946606152359972 neg:0.0053393847640027196 
2357.txt pos pos:1.0 neg:9.766264640282857E-17 
3965.txt pos neg:0.5216389432500406 pos:0.4783610567499593 
2612.txt pos pos:0.9993891403556034 neg:6.108596443965007E-4 
818.txt pos pos:0.9999440221199859 neg:5.597788001423333E-5 
3394.txt pos pos:0.9434887936302095 neg:0.05651120636979037 
2505.txt pos pos:0.9993617165980325 neg:6.382834019675463E-4 
1862.txt pos neg:0.9903984612997118 pos:0.009601538700288232 
244.txt pos pos:0.9999894337807204 neg:1.0566219279626954E-5 
532.txt pos pos:0.9933733488169529 neg:0.006626651183046953 
3919.txt pos pos:0.9956271207978418 neg:0.004372879202158253 
3714.txt neg neg:0.9918826989562316 pos:0.008117301043768394 
1730.txt neg pos:0.7678388140073986 neg:0.23216118599260133 
1884.txt neg neg:0.7770374737479959 pos:0.2229625262520041 
2295.txt neg neg:0.9971452639591414 pos:0.0028547360408585666 
4379.txt neg pos:0.8384645553316779 neg:0.16153544466832212 
1855.txt neg neg:0.9999397956114543 pos:6.020438854567532E-5 
3713.txt neg neg:0.9999081205365923 pos:9.187946340768274E-5 
2153.txt neg neg:0.9996224952432704 pos:3.77504756729595E-4 
3190.txt neg pos:0.5008362169589776 neg:0.4991637830410223 
556.txt neg neg:0.9999060699486852 pos:9.393005131484307E-5 
587.txt neg neg:0.5705351526075486 pos:0.42946484739245133 
2701.txt neg neg:0.9999996965692027 pos:3.034307972143073E-7 
3141.txt neg neg:0.9998418616341156 pos:1.5813836588428136E-4 
1275.txt neg pos:0.8316872737254656 neg:0.16831272627453453 
719.txt neg neg:0.9999999975768712 pos:2.423128873030073E-9 
2097.txt neg neg:0.9999284024319436 pos:7.159756805654431E-5 
3170.txt neg pos:0.9436800250813057 neg:0.056319974918694476 
7.txt neg neg:0.9804386377829631 pos:0.019561362217036915 
1532.txt neg neg:0.9988516476785245 pos:0.0011483523214753822 
2427.txt neg neg:0.9999569770446007 pos:4.302295539921917E-5 
2855.txt neg neg:0.9783896374225823 pos:0.021610362577417667 
1818.txt neg neg:0.9911702751066839 pos:0.00882972489331601 
349.txt neg neg:0.998695158048408 pos:0.0013048419515919567 
4023.txt neg neg:0.9962586574563916 pos:0.003741342543608425 
3449.txt neg pos:0.7944573779482575 neg:0.2055426220517424 
1659.txt neg pos:0.9877785613110134 neg:0.01222143868898649 
969.txt neg neg:0.999492269080598 pos:5.077309194020102E-4 
1416.txt neg neg:0.9999570173498502 pos:4.2982650149807556E-5 
443.txt neg neg:0.8637598103695953 pos:0.13624018963040466 
3085.txt neg neg:0.855104556439325 pos:0.14489544356067488 
2162.txt neg neg:0.9999092823577695 pos:9.071764223030894E-5 
754.txt neg pos:0.9264742142109431 neg:0.07352578578905683 
1598.txt neg pos:0.6548955534071196 neg:0.3451044465928805 
1070.txt neg neg:0.9981776157089277 pos:0.0018223842910722195 
332.txt neg neg:0.9969568173265265 pos:0.0030431826734735033 
2883.txt neg neg:0.994806128298837 pos:0.005193871701162931 
3516.txt neg neg:0.9996114550037314 pos:3.885449962686815E-4 
1243.txt neg pos:0.9435869444350403 neg:0.05641305556495972 
1947.txt neg neg:0.99021298630278 pos:0.009787013697220143 
560.txt neg neg:0.9963756346058299 pos:0.0036243653941702 
2041.txt neg neg:0.999904962200893 pos:9.503779910693766E-5 
20.txt neg pos:0.8665139330030333 neg:0.1334860669969668 
2119.txt neg pos:0.8938847767675006 neg:0.1061152232324995 
3759.txt neg pos:0.5661978136346393 neg:0.4338021863653608 
438.txt neg pos:0.8921374866837966 neg:0.10786251331620353 
2745.txt neg neg:0.9943467203400986 pos:0.00565327965990139 
1596.txt neg neg:0.9999999850972401 pos:1.490275982418956E-8 
512.txt neg neg:0.9990947394306421 pos:9.05260569357849E-4 
3673.txt neg pos:0.8120570421996735 neg:0.18794295780032652 
2978.txt neg neg:0.9985973181871624 pos:0.001402681812837713 
1369.txt neg neg:0.9999883673067229 pos:1.1632693276985829E-5 
1998.txt neg neg:0.999847519525015 pos:1.5248047498487208E-4 
3518.txt neg neg:0.9276447025830907 pos:0.0723552974169093 
1949.txt neg neg:0.9991598504227501 pos:8.401495772498931E-4 
2904.txt neg neg:0.9999996493473342 pos:3.506526657495895E-7 
3757.txt neg neg:0.9990028984452561 pos:9.971015547439684E-4 
4175.txt neg neg:0.9762395651198469 pos:0.023760434880153065 
3269.txt neg neg:0.9999999948829219 pos:5.117078085795993E-9 
569.txt neg neg:0.8286124395039853 pos:0.1713875604960147 
3331.txt neg neg:0.9998588190354963 pos:1.4118096450378562E-4 
1005.txt neg neg:0.9998988979877607 pos:1.011020122392996E-4 
4109.txt neg neg:0.9985612471625164 pos:0.0014387528374837123 
3563.txt neg neg:0.7845274289725029 pos:0.21547257102749698 
1591.txt neg pos:0.9950022279746064 neg:0.0049977720253937125 
174.txt neg pos:0.7309401609591151 neg:0.269059839040885 
2793.txt neg neg:0.9996247431868893 pos:3.752568131107022E-4 
3674.txt neg neg:0.9998013959902712 pos:1.9860400972891845E-4 
55.txt neg neg:0.997808767378602 pos:0.0021912326213980047 
3958.txt neg pos:0.8032149496241616 neg:0.19678505037583832 
1327.txt neg neg:0.8537526865682513 pos:0.14624731343174877 
3013.txt neg neg:0.9999648782591174 pos:3.512174088253396E-5 
2653.txt neg neg:0.9999485518234021 pos:5.144817659787267E-5 
404.txt neg neg:0.8041346958932037 pos:0.19586530410679634 
1797.txt neg pos:0.9998909060351121 neg:1.0909396488785673E-4 
1823.txt neg pos:0.987627360436417 neg:0.012372639563582912 
287.txt neg neg:0.8962286451891792 pos:0.1037713548108208 
520.txt neg neg:0.9967498001736688 pos:0.0032501998263311763 
141.txt neg neg:0.9963765327409609 pos:0.0036234672590390407 
2316.txt neg neg:0.9999985577442636 pos:1.4422557363026179E-6 
637.txt neg neg:0.9909505693252176 pos:0.00904943067478248 
190.txt neg neg:0.9968269935110914 pos:0.0031730064889086786 
3137.txt neg neg:0.9999981730190298 pos:1.8269809701670472E-6 
2777.txt neg neg:0.9964496763199793 pos:0.003550323680020645 
3719.txt neg pos:0.6219398200174154 neg:0.37806017998258457 
3378.txt neg neg:0.9999983026078582 pos:1.6973921418131497E-6 
280.txt neg neg:0.9490667740820145 pos:0.050933225917985436 
3646.txt neg neg:0.9999841925385341 pos:1.5807461465907383E-5 
2006.txt neg neg:0.999982375562055 pos:1.762443794497448E-5 
1572.txt neg neg:0.999734307363698 pos:2.656926363020518E-4 
1900.txt neg neg:0.9999316876503693 pos:6.831234963063554E-5 
2311.txt neg neg:0.5106979122358035 pos:0.4893020877641965 
3697.txt neg neg:0.9998111375659793 pos:1.888624340207767E-4 
768.txt neg neg:0.9989137091426253 pos:0.0010862908573747055 
1858.txt neg neg:0.9178232646834464 pos:0.08217673531655353 
4281.txt neg neg:0.9379315905458745 pos:0.06206840945412562 
1278.txt neg neg:0.912524973130492 pos:0.08747502686950799 
1619.txt neg neg:0.9993868215777166 pos:6.131784222833086E-4 
3014.txt neg neg:0.9413850572908862 pos:0.05861494270911392 
1456.txt neg neg:0.9997126956904278 pos:2.873043095722149E-4 
2931.txt neg neg:0.9999998181947349 pos:1.8180526504977037E-7 
Trial 0 Trainer MaxEntTrainer,gaussianPriorVariance=1.0 Training Data Confusion Matrix
Confusion Matrix, row=true, column=predicted  accuracy=1.0
  label   0   1  |total
  0 pos 900   .  |900
  1 neg   . 900  |900

Trial 0 Trainer MaxEntTrainer,gaussianPriorVariance=1.0 training data accuracy= 1.0
Trial 0 Trainer MaxEntTrainer,gaussianPriorVariance=1.0 Test Data Confusion Matrix
Confusion Matrix, row=true, column=predicted  accuracy=0.82
  label   0   1  |total
  0 pos  85  15  |100
  1 neg  21  79  |100

Trial 0 Trainer MaxEntTrainer,gaussianPriorVariance=1.0 test data accuracy= 0.82

MaxEntTrainer,gaussianPriorVariance=1.0
Summary. train accuracy mean = 1.0 stddev = 0.0 stderr = 0.0
Summary. test accuracy mean = 0.82 stddev = 0.0 stderr = 0.0
