
-------------------- Trial 0  --------------------

Trial 0 Training MaxEntTrainer,gaussianPriorVariance=1.0 with 1800 instances
Trial 0 Training MaxEntTrainer,gaussianPriorVariance=1.0 finished
Trial 0 Trainer MaxEntTrainer,gaussianPriorVariance=1.0
 Raw Testing Data
1236.txt pos pos:0.8058904630647074 neg:0.19410953693529268 
3781.txt pos pos:0.6632793859073474 neg:0.3367206140926526 
3026.txt pos neg:0.9460951700939955 pos:0.053904829906004564 
1773.txt pos pos:0.8665850307407208 neg:0.13341496925927918 
3835.txt pos pos:0.9999943633770365 neg:5.636622963594625E-6 
3447.txt pos pos:0.9939277021693113 neg:0.006072297830688697 
3496.txt pos neg:0.9991209975525582 pos:8.790024474416834E-4 
709.txt pos pos:0.999562305653466 neg:4.3769434653398545E-4 
2110.txt pos pos:0.8827882691892838 neg:0.11721173081071609 
934.txt pos pos:0.9960564197307482 neg:0.003943580269251775 
486.txt pos pos:0.8754920565328279 neg:0.12450794346717212 
4373.txt pos neg:0.661479870386755 pos:0.33852012961324496 
791.txt pos neg:0.922527253926105 pos:0.07747274607389493 
1203.txt pos pos:0.9640691652744321 neg:0.035930834725567844 
1907.txt pos pos:0.9999991885849802 neg:8.114150197602084E-7 
3220.txt pos neg:0.7414721807191113 pos:0.2585278192808887 
2812.txt pos pos:0.7120403911316268 neg:0.28795960886837313 
1030.txt pos pos:0.9956677591306303 neg:0.004332240869369583 
2125.txt pos pos:0.7405350531170689 neg:0.25946494688293104 
1451.txt pos pos:0.9994971594799812 neg:5.028405200187733E-4 
3304.txt pos pos:0.9969096710151725 neg:0.003090328984827583 
2544.txt pos pos:0.9999671007118965 neg:3.28992881035247E-5 
1746.txt pos neg:0.9996748596195758 pos:3.251403804242204E-4 
112.txt pos pos:0.9999996859897073 neg:3.140102926224742E-7 
205.txt pos pos:0.9986203824946853 neg:0.0013796175053146368 
1168.txt pos pos:0.9997379253677665 neg:2.620746322335566E-4 
3989.txt pos pos:0.9999681172997225 neg:3.188270027754135E-5 
4257.txt pos pos:0.999715744462043 neg:2.8425553795702004E-4 
1509.txt pos pos:0.9884885181542931 neg:0.01151148184570696 
4308.txt pos neg:0.8586105601135029 pos:0.14138943988649702 
3303.txt pos pos:0.9997867524860552 neg:2.1324751394476954E-4 
3807.txt pos pos:0.9999618836701218 neg:3.811632987812782E-5 
1320.txt pos pos:0.9999993614452397 neg:6.385547602911223E-7 
574.txt pos pos:0.8539758231646963 neg:0.1460241768353036 
2869.txt pos pos:0.9999704256067397 neg:2.9574393260260018E-5 
747.txt pos pos:0.9817755329101902 neg:0.018224467089809824 
4374.txt pos pos:0.9999824766954518 neg:1.7523304548121508E-5 
796.txt pos pos:0.9088985487919192 neg:0.09110145120808069 
169.txt pos pos:0.9995150814927313 neg:4.8491850726882626E-4 
3580.txt pos pos:0.8582229719309061 neg:0.1417770280690939 
3227.txt pos pos:0.9323427407930679 neg:0.0676572592069321 
354.txt pos pos:0.9999785034554766 neg:2.149654452334265E-5 
1039.txt pos pos:0.9999993731088257 neg:6.268911744199251E-7 
422.txt pos pos:0.9612734264126966 neg:0.03872657358730344 
385.txt pos pos:0.9909561286633074 neg:0.00904387133669257 
53.txt pos pos:0.9987574747917692 neg:0.0012425252082306352 
3951.txt pos pos:0.8502831798935914 neg:0.14971682010640858 
1617.txt pos pos:0.9997977006624985 neg:2.0229933750149693E-4 
2074.txt pos pos:0.8930660243849932 neg:0.10693397561500692 
1045.txt pos pos:0.9922162341154656 neg:0.007783765884534488 
3710.txt pos pos:0.9999433011049979 neg:5.6698895002234534E-5 
3371.txt pos pos:0.510329136311384 neg:0.4896708636886159 
3407.txt pos pos:0.999999979932545 neg:2.006745515715906E-8 
1352.txt pos pos:0.9998751772125076 neg:1.248227874923041E-4 
2181.txt pos pos:0.9999841598927436 neg:1.5840107256407414E-5 
974.txt pos pos:0.9718423151504135 neg:0.028157684849586518 
611.txt pos pos:0.6236495501962998 neg:0.37635044980370025 
1093.txt pos pos:0.9060937735649032 neg:0.0939062264350969 
1734.txt pos pos:0.9999614214522524 neg:3.8578547747666616E-5 
4132.txt pos neg:0.5847904521632461 pos:0.41520954783675396 
501.txt pos pos:0.9996437930933437 neg:3.562069066562775E-4 
973.txt pos pos:0.9999991875232919 neg:8.124767081582861E-7 
3589.txt pos pos:0.996417998234114 neg:0.0035820017658859107 
1909.txt pos pos:0.9816425701427834 neg:0.018357429857216518 
886.txt pos pos:0.9375379056195867 neg:0.062462094380413294 
732.txt pos pos:0.9846436513952823 neg:0.015356348604717646 
1329.txt pos pos:0.9935565202561323 neg:0.006443479743867829 
857.txt pos pos:0.9999893889395445 neg:1.0611060455438733E-5 
3956.txt pos pos:0.999919120443092 neg:8.087955690805878E-5 
85.txt pos pos:0.9999999989939541 neg:1.0060459320083092E-9 
266.txt pos neg:0.8680664893869339 pos:0.1319335106130662 
607.txt pos pos:0.9990386984702372 neg:9.613015297628331E-4 
3549.txt pos pos:0.9666037285887048 neg:0.033396271411295225 
3185.txt pos pos:0.7659301132924672 neg:0.23406988670753273 
3996.txt pos pos:0.9898487400508487 neg:0.010151259949151331 
1260.txt pos pos:0.9999536727929881 neg:4.6327207011969977E-5 
3292.txt pos neg:0.5651211359172131 pos:0.4348788640827869 
45.txt pos pos:0.9999984377790143 neg:1.5622209857307142E-6 
846.txt pos pos:0.9999999999344498 neg:6.555024033419995E-11 
342.txt pos pos:0.9983940184754513 neg:0.0016059815245486949 
4310.txt pos pos:0.9999981561813149 neg:1.843818685161604E-6 
2929.txt pos neg:0.9415559550305346 pos:0.058444044969465495 
2065.txt pos pos:0.7901283140581818 neg:0.20987168594181815 
93.txt pos neg:0.7843959209154081 pos:0.21560407908459184 
2372.txt pos pos:0.9014919461087585 neg:0.09850805389124151 
3153.txt pos pos:0.9997753058107975 neg:2.2469418920243665E-4 
394.txt pos neg:0.9984568591092677 pos:0.0015431408907322388 
841.txt pos pos:0.9947806520927408 neg:0.005219347907259211 
433.txt pos pos:0.8972757808023267 neg:0.10272421919767323 
1028.txt pos neg:0.5969907496949955 pos:0.40300925030500445 
4317.txt pos pos:0.9998044284723278 neg:1.9557152767233211E-4 
724.txt pos pos:0.9998246603934187 neg:1.7533960658147062E-4 
3659.txt pos pos:0.9426518740278577 neg:0.05734812597214242 
3688.txt pos pos:0.6914735399526467 neg:0.3085264600473532 
3077.txt pos pos:0.9897244437259702 neg:0.010275556274029778 
2190.txt pos neg:0.760078982659588 pos:0.239921017340412 
2637.txt pos neg:0.7691413068181372 pos:0.23085869318186286 
2141.txt pos pos:0.9077025314883408 neg:0.09229746851165925 
3701.txt pos pos:0.9432615087723042 neg:0.056738491227695906 
1054.txt pos pos:0.9457872106113806 neg:0.05421278938861936 
1486.txt neg pos:0.7807310563055041 neg:0.2192689436944959 
3806.txt neg pos:0.5768944383676563 neg:0.42310556163234375 
2655.txt neg neg:0.7825354881657139 pos:0.21746451183428606 
402.txt neg pos:0.9873966967380133 neg:0.012603303261986776 
4190.txt neg neg:0.9969973211961322 pos:0.0030026788038678815 
3801.txt neg neg:0.7329311135624313 pos:0.26706888643756865 
3473.txt neg neg:0.9955137861015286 pos:0.004486213898471337 
1747.txt neg neg:0.9998195878874888 pos:1.8041211251110912E-4 
2683.txt neg neg:0.9998509122862439 pos:1.4908771375601987E-4 
2937.txt neg neg:0.9618860938829802 pos:0.038113906117019855 
521.txt neg neg:0.9904488308911211 pos:0.009551169108878911 
1115.txt neg neg:0.9999732528886665 pos:2.67471113336031E-5 
2813.txt neg neg:0.9776636936840082 pos:0.022336306315991875 
1202.txt neg neg:0.9946752535994768 pos:0.005324746400523125 
3691.txt neg neg:0.8589312005159377 pos:0.14106879948406223 
2158.txt neg pos:0.8878407359480843 neg:0.11215926405191562 
3718.txt neg neg:0.9999999823738971 pos:1.7626102849231224E-8 
61.txt neg pos:0.8926011306268004 neg:0.10739886937319974 
2539.txt neg neg:0.9677094260945502 pos:0.03229057390544976 
109.txt neg neg:0.7940565593935514 pos:0.20594344060644873 
568.txt neg neg:0.9979094188836946 pos:0.0020905811163053245 
3497.txt neg neg:0.9983773463341741 pos:0.001622653665825862 
2902.txt neg neg:0.9996341365151467 pos:3.658634848534247E-4 
1817.txt neg neg:0.8310175311610598 pos:0.16898246883894008 
842.txt neg pos:0.9590895245133757 neg:0.040910475486624374 
397.txt neg neg:0.999999992103168 pos:7.896831927407436E-9 
727.txt neg pos:0.9972432866048805 neg:0.00275671339511955 
2206.txt neg neg:0.9953272520172428 pos:0.0046727479827572554 
4108.txt neg neg:0.8791582791282131 pos:0.1208417208717869 
1656.txt neg neg:0.9999967714629445 pos:3.2285370553841662E-6 
262.txt neg pos:0.8808350196531015 neg:0.11916498034689839 
1237.txt neg neg:0.9851233164661988 pos:0.014876683533801205 
1541.txt neg pos:0.9999774291172112 neg:2.2570882788876524E-5 
2035.txt neg neg:0.9999999537550818 pos:4.624491826769037E-8 
54.txt neg pos:0.9895198987310463 neg:0.010480101268953669 
4081.txt neg neg:0.9999998868087566 pos:1.1319124333926357E-7 
2744.txt neg neg:0.9279680534072533 pos:0.07203194659274668 
1230.txt neg pos:0.5015875522466389 neg:0.4984124477533612 
1597.txt neg neg:0.998215109013125 pos:0.0017848909868750098 
604.txt neg pos:0.8702762066133378 neg:0.12972379338666204 
3917.txt neg neg:0.9995000655214241 pos:4.999344785759365E-4 
4218.txt neg neg:0.9984309798315343 pos:0.0015690201684657543 
1546.txt neg neg:0.9858355416008715 pos:0.014164458399128435 
3672.txt neg neg:0.9878045141215391 pos:0.012195485878460833 
961.txt neg neg:0.9937870075355008 pos:0.0062129924644992 
1368.txt neg neg:0.9474069734620455 pos:0.052593026537954425 
3519.txt neg neg:0.9991614399981769 pos:8.38560001823178E-4 
1948.txt neg neg:0.9406364488641753 pos:0.05936355113582465 
3337.txt neg neg:0.9997974765026735 pos:2.025234973266499E-4 
1810.txt neg neg:0.9988998191394101 pos:0.0011001808605897922 
1462.txt neg neg:0.9997620361518758 pos:2.3796384812429047E-4 
437.txt neg neg:0.9873974560037379 pos:0.012602543996262252 
2660.txt neg neg:0.8507940721132922 pos:0.1492059278867078 
4216.txt neg pos:0.9349493814297895 neg:0.06505061857021047 
1129.txt neg neg:0.9999935171203894 pos:6.482879610523642E-6 
783.txt neg neg:0.9962711826983656 pos:0.0037288173016344858 
3724.txt neg pos:0.9714534183022578 neg:0.0285465816977421 
4088.txt neg neg:0.9923937166072916 pos:0.007606283392708301 
494.txt neg neg:0.999742226545091 pos:2.5777345490900466E-4 
1184.txt neg pos:0.5736609760205764 neg:0.4263390239794235 
1623.txt neg neg:0.9610948820763427 pos:0.03890511792365721 
217.txt neg pos:0.7573808380101157 neg:0.24261916198988442 
2091.txt neg neg:0.9999999999801785 pos:1.9821574127885405E-11 
2853.txt neg pos:0.9693516532125401 neg:0.030648346787459868 
1534.txt neg pos:0.9178154460974086 neg:0.08218455390259127 
913.txt neg pos:0.7575913112063587 neg:0.24240868879364125 
1155.txt neg neg:0.9992943557779281 pos:7.056442220719197E-4 
2118.txt neg neg:0.8310145279873151 pos:0.16898547201268482 
4025.txt neg pos:0.9565336816516887 neg:0.04346631834831117 
6.txt neg neg:0.6373497865088606 pos:0.36265021349113946 
2096.txt neg neg:0.9912406122546178 pos:0.008759387745382187 
2885.txt neg neg:0.9849850638048383 pos:0.01501493619516163 
2426.txt neg neg:0.9917006870794971 pos:0.008299312920502955 
3266.txt neg neg:0.9966669490023774 pos:0.0033330509976225884 
107.txt neg neg:0.9989398772387573 pos:0.0010601227612426576 
566.txt neg neg:0.9747186090156598 pos:0.02528139098434034 
1819.txt neg neg:0.8566549060758751 pos:0.14334509392412478 
399.txt neg neg:0.5736939731691273 pos:0.42630602683087265 
348.txt neg pos:0.9090418050242078 neg:0.09095819497579212 
2502.txt neg neg:0.9759039343043365 pos:0.024096065695663416 
3723.txt neg pos:0.7063452308757792 neg:0.2936547691242209 
3084.txt neg pos:0.8974911042956139 neg:0.10250889570438608 
493.txt neg pos:0.6107331587370934 neg:0.38926684126290656 
1361.txt neg neg:0.9944912448468386 pos:0.005508755153161429 
3846.txt neg neg:0.6293926277507618 pos:0.37060737224923823 
2274.txt neg neg:0.9894238473319553 pos:0.010576152668044667 
4033.txt neg neg:0.9947548243502744 pos:0.005245175649725663 
2678.txt neg neg:0.9727164970676451 pos:0.02728350293235485 
3459.txt neg neg:0.9999922946760842 pos:7.705323915839802E-6 
1808.txt neg neg:0.9451132322691178 pos:0.05488676773088213 
388.txt neg pos:0.9699223500737683 neg:0.03007764992623183 
2437.txt neg neg:0.9973375636764864 pos:0.0026624363235135426 
3277.txt neg neg:0.9996083352128389 pos:3.9166478716118856E-4 
905.txt neg neg:0.9880684390043261 pos:0.011931560995673947 
577.txt neg neg:0.8697045801472632 pos:0.13029541985273688 
660.txt neg neg:0.503821556546683 pos:0.496178443453317 
2604.txt neg neg:0.9999555829673301 pos:4.441703266986127E-5 
482.txt neg neg:0.9998688667086955 pos:1.3113329130442052E-4 
3382.txt neg neg:0.988193033957319 pos:0.011806966042680998 
1370.txt neg neg:0.998441128705903 pos:0.0015588712940971126 
Trial 0 Trainer MaxEntTrainer,gaussianPriorVariance=1.0 Training Data Confusion Matrix
Confusion Matrix, row=true, column=predicted  accuracy=1.0
  label   0   1  |total
  0 pos 900   .  |900
  1 neg   . 900  |900

Trial 0 Trainer MaxEntTrainer,gaussianPriorVariance=1.0 training data accuracy= 1.0
Trial 0 Trainer MaxEntTrainer,gaussianPriorVariance=1.0 Test Data Confusion Matrix
Confusion Matrix, row=true, column=predicted  accuracy=0.795
  label   0   1  |total
  0 pos  84  16  |100
  1 neg  25  75  |100

Trial 0 Trainer MaxEntTrainer,gaussianPriorVariance=1.0 test data accuracy= 0.795

MaxEntTrainer,gaussianPriorVariance=1.0
Summary. train accuracy mean = 1.0 stddev = 0.0 stderr = 0.0
Summary. test accuracy mean = 0.795 stddev = 0.0 stderr = 0.0
