
-------------------- Trial 0  --------------------

Trial 0 Training MaxEntTrainer,gaussianPriorVariance=1.0 with 1800 instances
Trial 0 Training MaxEntTrainer,gaussianPriorVariance=1.0 finished
Trial 0 Trainer MaxEntTrainer,gaussianPriorVariance=1.0
 Raw Testing Data
74.txt pos neg:0.9916807625792365 pos:0.008319237420763502 
1984.txt pos pos:0.9999983060238028 neg:1.6939761971942744E-6 
2082.txt pos pos:0.9603132374435164 neg:0.039686762556483506 
3165.txt pos pos:0.9999999999505198 neg:4.9480285212075367E-11 
2053.txt pos neg:0.9324744407308406 pos:0.06752555926915936 
2432.txt pos neg:0.7191561593296026 pos:0.2808438406703974 
3272.txt pos pos:0.5333176857214339 neg:0.46668231427856616 
1309.txt pos pos:0.9882178308899655 neg:0.011782169110034537 
4036.txt pos pos:0.9810209329936106 neg:0.018979067006389343 
405.txt pos pos:0.9998462434898989 neg:1.5375651010118843E-4 
877.txt pos pos:0.996801299491298 neg:0.003198700508701866 
3119.txt pos pos:0.9999986770061297 neg:1.322993870253977E-6 
257.txt pos pos:0.9999999968056412 neg:3.194358762613681E-9 
2788.txt pos pos:0.9545195815961888 neg:0.04548041840381127 
982.txt pos pos:0.9999878548978456 neg:1.214510215440843E-5 
3090.txt pos pos:0.9254754800833878 neg:0.07452451991661217 
3737.txt pos pos:0.999667218192314 neg:3.3278180768593494E-4 
1871.txt pos pos:0.9999999923230593 neg:7.67694070738371E-9 
2516.txt pos pos:0.9244401773947498 neg:0.07555982260525013 
3387.txt pos neg:0.6873158134524184 pos:0.3126841865475817 
1375.txt pos neg:0.8072652450535303 pos:0.19273475494646972 
3041.txt pos pos:0.9999733307449741 neg:2.6669255025964178E-5 
1714.txt pos pos:0.9993518308254805 neg:6.481691745195302E-4 
1318.txt pos pos:0.999999995647687 neg:4.352312873695184E-9 
866.txt pos pos:0.9890967215345622 neg:0.010903278465437873 
1291.txt pos neg:0.9091146572719281 pos:0.09088534272807186 
4268.txt pos pos:0.976278372899888 neg:0.023721627100112094 
1536.txt pos neg:0.9531114617222731 pos:0.04688853827772684 
1240.txt pos pos:0.9996322927106264 neg:3.67707289373617E-4 
1621.txt pos pos:0.9999042552283173 neg:9.574477168273643E-5 
2093.txt pos neg:0.9537363430180852 pos:0.04626365698191491 
1705.txt pos pos:0.9991696029980984 neg:8.303970019015578E-4 
2507.txt pos pos:0.9998448240351262 neg:1.551759648737438E-4 
3347.txt pos pos:0.5774013718316194 neg:0.4225986281683806 
246.txt pos neg:0.9716123647568482 pos:0.028387635243151885 
2799.txt pos pos:0.9980176191777145 neg:0.0019823808222855163 
4214.txt pos neg:0.5104988332084945 pos:0.4895011667915055 
2748.txt pos pos:0.9776945049264057 neg:0.022305495073594334 
297.txt pos pos:0.997574630485926 neg:0.0024253695140740044 
4103.txt pos pos:0.9999999155278296 neg:8.447217040198524E-8 
2617.txt pos pos:0.8871092704631207 neg:0.11289072953687933 
3721.txt pos pos:0.9999188846992294 neg:8.111530077057918E-5 
3895.txt pos pos:0.9999999994289592 neg:5.710407434072892E-10 
778.txt pos pos:0.8541628575452576 neg:0.14583714245474255 
994.txt pos pos:0.9999973217079864 neg:2.6782920137131924E-6 
4213.txt pos pos:0.9942314831936357 neg:0.0057685168063641296 
1008.txt pos pos:0.9991925794229297 neg:8.074205770704142E-4 
4337.txt pos pos:0.9997011330869106 neg:2.988669130894803E-4 
2383.txt pos pos:0.7788368630978589 neg:0.221163136902141 
1531.txt pos pos:0.9999809982834629 neg:1.900171653712565E-5 
1943.txt pos pos:0.9985028209014066 neg:0.0014971790985933338 
1247.txt pos pos:0.9883375029176306 neg:0.011662497082369366 
2887.txt pos pos:0.9314868350628062 neg:0.06851316493719382 
4178.txt pos neg:0.7758940125605546 pos:0.2241059874394454 
1626.txt pos neg:0.972467713925236 pos:0.027532286074763938 
2619.txt pos pos:0.9278329361254755 neg:0.07216706387452447 
776.txt pos pos:0.9798196798123284 neg:0.020180320187671588 
3677.txt pos pos:0.9999100318263595 neg:8.996817364039291E-5 
1931.txt pos pos:0.9999955157491471 neg:4.484250852783495E-6 
1592.txt pos pos:0.9879304093209275 neg:0.0120695906790724 
3912.txt pos pos:0.9970588486892367 neg:0.0029411513107634162 
3560.txt pos pos:0.9998910678575333 neg:1.0893214246673138E-4 
2320.txt pos pos:0.9999998856217489 neg:1.1437825112352671E-7 
158.txt pos pos:0.9999882954943142 neg:1.1704505685808028E-5 
1311.txt pos pos:0.999111226923658 neg:8.887730763420927E-4 
3025.txt pos pos:0.6853568573049559 neg:0.3146431426950441 
2113.txt pos neg:0.9997749328476462 pos:2.2506715235383847E-4 
2900.txt pos neg:0.9999693237992233 pos:3.0676200776697055E-5 
4339.txt pos pos:0.9999892087475235 neg:1.0791252476504693E-5 
2858.txt pos pos:0.9855730199119519 neg:0.01442698008804824 
652.txt pos pos:0.9906001272939436 neg:0.009399872706056387 
683.txt pos pos:0.9948086212651759 neg:0.005191378734824122 
545.txt pos pos:0.580857653507461 neg:0.41914234649253906 
4176.txt pos neg:0.9999662366924518 pos:3.3763307548236215E-5 
1777.txt pos pos:0.9999934814737924 neg:6.5185262074863335E-6 
868.txt pos neg:0.6859444239658952 pos:0.3140555760341048 
3754.txt pos neg:0.9936435225534896 pos:0.006356477446510315 
3335.txt pos neg:0.9552621492491168 pos:0.04473785075088317 
684.txt pos pos:0.9537560246975193 neg:0.046243975302480714 
814.txt pos pos:0.9118501280879141 neg:0.08814987191208601 
1682.txt pos pos:0.9999999811529413 neg:1.8847058609860683E-8 
2823.txt pos neg:0.9907919361670354 pos:0.009208063832964568 
629.txt pos pos:0.9990927448250299 neg:9.072551749701854E-4 
1544.txt pos pos:0.9894145268412866 neg:0.010585473158713426 
1595.txt pos neg:0.99100697245861 pos:0.00899302754138997 
17.txt pos pos:0.6213028226555576 neg:0.3786971773444424 
359.txt pos neg:0.9826861777900309 pos:0.01731382220996904 
2686.txt pos pos:0.9918081991332233 neg:0.008191800866776788 
3761.txt pos neg:0.9470415445627061 pos:0.05295845543729385 
116.txt pos pos:0.9640129718072342 neg:0.03598702819276579 
4282.txt pos pos:0.9999810615101782 neg:1.8938489821758817E-5 
201.txt pos pos:0.9999043763616361 neg:9.562363836381011E-5 
3639.txt pos pos:0.9649882288171769 neg:0.03501177118282312 
821.txt pos neg:0.9936929570520076 pos:0.006307042947992346 
453.txt pos pos:0.9998579992026992 neg:1.4200079730090185E-4 
1099.txt pos pos:0.9586495300535315 neg:0.04135046994646847 
795.txt pos pos:0.9998757486344398 neg:1.2425136556013333E-4 
1903.txt pos pos:0.9930542091928091 neg:0.0069457908071910044 
3645.txt pos pos:0.7704733173576214 neg:0.2295266826423787 
454.txt pos pos:0.9999999161554637 neg:8.384453620577043E-8 
1968.txt neg neg:0.9999999648435741 pos:3.515642590034335E-8 
2959.txt neg pos:0.659661883444627 neg:0.340338116555373 
73.txt neg neg:0.9972187515947094 pos:0.0027812484052905776 
2764.txt neg neg:0.9938450604199454 pos:0.0061549395800546665 
1210.txt neg neg:0.999913158304511 pos:8.68416954890012E-5 
183.txt neg neg:0.9906962927758436 pos:0.009303707224156488 
3937.txt neg pos:0.7007819737363079 neg:0.2992180262636921 
4238.txt neg neg:0.9947037530342868 pos:0.005296246965713259 
294.txt neg neg:0.9947569264837712 pos:0.005243073516228826 
533.txt neg neg:0.999960315889989 pos:3.968411001103618E-5 
2559.txt neg neg:0.9979931315394335 pos:0.002006868460566447 
2138.txt neg neg:0.6904346619916197 pos:0.3095653380083803 
3778.txt neg pos:0.99896570455033 neg:0.0010342954496701117 
4005.txt neg neg:0.9999989124204993 pos:1.087579500650671E-6 
3156.txt neg neg:0.9360428148990255 pos:0.06395718510097449 
2716.txt neg neg:0.7931055034750605 pos:0.20689449652493958 
656.txt neg pos:0.6689268621433766 neg:0.3310731378566234 
3945.txt neg neg:0.9343800068432917 pos:0.06561999315670825 
2957.txt neg neg:0.9998675165644411 pos:1.3248343555893237E-4 
2144.txt neg neg:0.9999999999839853 pos:1.6014782366166057E-11 
465.txt neg neg:0.9994902362847913 pos:5.097637152087092E-4 
1727.txt neg neg:0.9519191212924133 pos:0.04808087870758658 
772.txt neg neg:0.6196730692056578 pos:0.38032693079434216 
1893.txt neg neg:0.8688313137964888 pos:0.13116868620351108 
1346.txt neg neg:0.9017904216254718 pos:0.0982095783745282 
2986.txt neg neg:0.9999998178386392 pos:1.8216136069450298E-7 
1845.txt neg neg:0.9948869696612295 pos:0.005113030338770388 
1056.txt neg neg:0.9999999085748755 pos:9.142512454644828E-8 
314.txt neg neg:0.9923873040811033 pos:0.007612695918896607 
1087.txt neg neg:0.9999999991234108 pos:8.765892712365053E-10 
2635.txt neg pos:0.9943939841070203 neg:0.005606015892979566 
775.txt neg neg:0.9999911164532537 pos:8.88354674634929E-6 
1678.txt neg neg:0.9910318774374959 pos:0.008968122562504132 
1839.txt neg neg:0.9999744783337781 pos:2.5521666221937774E-5 
3009.txt neg neg:0.9999944176013971 pos:5.582398602787496E-6 
4002.txt neg neg:0.9998279312980878 pos:1.7206870191212222E-4 
230.txt neg neg:0.9999834805325045 pos:1.6519467495433165E-5 
1604.txt neg neg:0.9999973005288098 pos:2.699471190230448E-6 
2711.txt neg neg:0.9997559502408679 pos:2.4404975913209107E-4 
651.txt neg neg:0.9999981409922007 pos:1.8590077993291552E-6 
3942.txt neg neg:0.9997638128975518 pos:2.361871024481567E-4 
3246.txt neg neg:0.9986990335710786 pos:0.0013009664289213305 
127.txt neg pos:0.6080162800335476 neg:0.3919837199664524 
1513.txt neg pos:0.6308583084799047 neg:0.3691416915200953 
4220.txt neg neg:0.9999838159917459 pos:1.6184008254206044E-5 
3064.txt neg neg:0.9987169330035214 pos:0.0012830669964786646 
1096.txt neg pos:0.8198859196786072 neg:0.18011408032139273 
3877.txt neg neg:0.9982851655277103 pos:0.0017148344722897825 
2990.txt neg neg:0.9983789908124902 pos:0.0016210091875097873 
1885.txt neg neg:0.9926464483781583 pos:0.00735355162184166 
764.txt neg neg:0.9303172908318861 pos:0.06968270916811395 
4378.txt neg neg:0.9289280826505322 pos:0.07107191734946791 
1502.txt neg neg:0.9881916824996011 pos:0.011808317500398903 
2417.txt neg neg:0.9999999843020835 pos:1.569791656547313E-8 
2361.txt neg neg:0.9827765543425103 pos:0.017223445657489584 
379.txt neg neg:0.9999839000001809 pos:1.6099999819136157E-5 
1828.txt neg neg:0.9980609443607688 pos:0.0019390556392311286 
3985.txt neg neg:0.9997811758599676 pos:2.188241400323127E-4 
2862.txt neg neg:0.9993112893021022 pos:6.887106978977914E-4 
2410.txt neg neg:0.9967319061349171 pos:0.0032680938650829577 
3631.txt neg neg:0.910240114599308 pos:0.08975988540069206 
3196.txt neg neg:0.9874841624210795 pos:0.012515837578920497 
3147.txt neg neg:0.9184647994366141 pos:0.08153520056338585 
1273.txt neg neg:0.7319786383085956 pos:0.2680213616914045 
2599.txt neg neg:0.9998713316513321 pos:1.286683486677697E-4 
4303.txt neg neg:0.9999825108696899 pos:1.7489130310008794E-5 
1091.txt neg pos:0.9329315038920487 neg:0.06706849610795128 
2997.txt neg neg:0.9810739059870184 pos:0.01892609401298172 
3402.txt neg neg:0.9977974615185516 pos:0.00220253848144826 
1882.txt neg pos:0.6577235940572262 neg:0.34227640594277375 
2534.txt neg neg:0.6305321598449511 pos:0.3694678401550489 
474.txt neg neg:0.9999946322558163 pos:5.367744183595397E-6 
1040.txt neg pos:0.8457276290994269 neg:0.15427237090057302 
3715.txt neg neg:0.8782152811230322 pos:0.12178471887696792 
3528.txt neg neg:0.9992914488861169 pos:7.085511138831273E-4 
2368.txt neg neg:0.9999892279071885 pos:1.077209281152678E-5 
370.txt neg neg:0.9985385527900531 pos:0.0014614472099467645 
1744.txt neg neg:0.9575041944633279 pos:0.042495805536672225 
1453.txt neg neg:0.9978771724517514 pos:0.002122827548248484 
3306.txt neg neg:0.9815409984129702 pos:0.01845900158702985 
3767.txt neg neg:0.9979393584529607 pos:0.002060641547039409 
2680.txt neg pos:0.9928584940045272 neg:0.007141505995472832 
143.txt neg neg:0.988452232439069 pos:0.011547767560931078 
4229.txt neg neg:0.9998161911530408 pos:1.8380884695927914E-4 
3692.txt neg neg:0.9973175385099776 pos:0.002682461490022448 
254.txt neg pos:0.8967983104507675 neg:0.10320168954923244 
2314.txt neg neg:0.996035240665135 pos:0.003964759334864977 
808.txt neg neg:0.9999797410419331 pos:2.0258958066874165E-5 
1902.txt neg pos:0.5601175937343299 neg:0.4398824062656701 
986.txt neg neg:0.9999998683456803 pos:1.3165431955030806E-7 
2313.txt neg neg:0.9966216049910226 pos:0.003378395008977362 
3553.txt neg neg:0.9999980541349368 pos:1.9458650632113376E-6 
195.txt neg neg:0.9999944903179142 pos:5.509682085816349E-6 
1206.txt neg neg:0.9812043104753088 pos:0.01879568952469117 
3879.txt neg neg:0.9695503771594761 pos:0.030449622840523917 
1049.txt neg neg:0.9999996980297742 pos:3.0197022586206065E-7 
138.txt neg pos:0.9584084623731646 neg:0.04159153762683536 
4283.txt neg neg:0.6728853701189255 pos:0.3271146298810746 
3016.txt neg neg:0.9998403677678442 pos:1.596322321558631E-4 
3477.txt neg neg:0.9996402565406348 pos:3.597434593652491E-4 
Trial 0 Trainer MaxEntTrainer,gaussianPriorVariance=1.0 Training Data Confusion Matrix
Confusion Matrix, row=true, column=predicted  accuracy=1.0
  label   0   1  |total
  0 pos 900   .  |900
  1 neg   . 900  |900

Trial 0 Trainer MaxEntTrainer,gaussianPriorVariance=1.0 training data accuracy= 1.0
Trial 0 Trainer MaxEntTrainer,gaussianPriorVariance=1.0 Test Data Confusion Matrix
Confusion Matrix, row=true, column=predicted  accuracy=0.81
  label   0   1  |total
  0 pos  77  23  |100
  1 neg  15  85  |100

Trial 0 Trainer MaxEntTrainer,gaussianPriorVariance=1.0 test data accuracy= 0.81

MaxEntTrainer,gaussianPriorVariance=1.0
Summary. train accuracy mean = 1.0 stddev = 0.0 stderr = 0.0
Summary. test accuracy mean = 0.81 stddev = 0.0 stderr = 0.0
