
-------------------- Trial 0  --------------------

Trial 0 Training MaxEntTrainer,gaussianPriorVariance=1.0 with 1800 instances
Trial 0 Training MaxEntTrainer,gaussianPriorVariance=1.0 finished
Trial 0 Trainer MaxEntTrainer,gaussianPriorVariance=1.0
 Raw Testing Data
1643.txt pos pos:0.9986728722034693 neg:0.0013271277965307168 
1554.txt pos pos:0.997670101949211 neg:0.00232989805078886 
4352.txt pos neg:0.9991972507713447 pos:8.027492286554073E-4 
3359.txt pos neg:0.8888114794374797 pos:0.11118852056252014 
476.txt pos neg:0.7397562303849472 pos:0.26024376961505274 
4185.txt pos pos:0.797333008442832 neg:0.20266699155716797 
211.txt pos pos:0.5374285858345251 neg:0.46257141416547487 
4154.txt pos pos:0.9819779934140531 neg:0.01802200658594678 
1752.txt pos pos:0.999889027653474 neg:1.1097234652606588E-4 
3007.txt pos pos:0.998587570990545 neg:0.0014124290094550515 
398.txt pos pos:0.9999883558859145 neg:1.1644114085518299E-5 
2581.txt pos pos:0.7612213580730885 neg:0.23877864192691137 
1445.txt pos pos:0.9999891295411221 neg:1.087045887793793E-5 
1561.txt pos pos:0.9998929507505107 neg:1.0704924948937622E-4 
2015.txt pos pos:0.9935968038368728 neg:0.006403196163127122 
3684.txt pos pos:0.942473937286197 neg:0.05752606271380304 
1058.txt pos pos:0.5166896557156548 neg:0.48331034428434516 
492.txt pos neg:0.9994787268115232 pos:5.212731884767895E-4 
1566.txt pos pos:0.9632462280575357 neg:0.03675377194246423 
1671.txt pos pos:0.9999936930087268 neg:6.3069912732558615E-6 
2305.txt pos pos:0.9954605694271493 neg:0.004539430572850519 
444.txt pos pos:0.9997064711430002 neg:2.9352885699978736E-4 
495.txt pos neg:0.8123209450123234 pos:0.1876790549876766 
677.txt pos pos:0.9999993162283541 neg:6.83771645910704E-7 
4182.txt pos pos:0.9281018945860433 neg:0.07189810541395662 
4153.txt pos pos:0.9965506979757799 neg:0.0034493020242202317 
101.txt pos neg:0.6626245027796258 pos:0.3373754972203743 
1334.txt pos pos:0.9998082537345653 neg:1.917462654347217E-4 
1493.txt pos pos:0.9761140977367532 neg:0.023885902263246807 
3813.txt pos pos:0.986596963433648 neg:0.013403036566352076 
2586.txt pos pos:0.9999619463233866 neg:3.8053676613318186E-5 
2557.txt pos neg:0.8891521074001913 pos:0.11084789259980869 
1442.txt pos pos:0.9998321836002337 neg:1.6781639976631816E-4 
1568.txt pos pos:0.9999999800068449 neg:1.999315519376348E-8 
1109.txt pos neg:0.8474475199854231 pos:0.1525524800145769 
264.txt pos pos:0.6267225121320305 neg:0.3732774878679696 
4079.txt pos pos:0.6894949215213593 neg:0.3105050784786408 
2632.txt pos neg:0.9991801586396721 pos:8.198413603277561E-4 
3413.txt pos pos:0.9999761991153978 neg:2.3800884602214402E-5 
2282.txt pos pos:0.9910987522525472 neg:0.008901247747452885 
3704.txt pos pos:0.5060397021100753 neg:0.49396029788992474 
1051.txt pos pos:0.9980392733543857 neg:0.0019607266456143704 
679.txt pos pos:0.9999728822628141 neg:2.7117737185917597E-5 
96.txt pos neg:0.8163552869037067 pos:0.18364471309629327 
2401.txt pos pos:0.999946863268909 neg:5.313673109092328E-5 
2873.txt pos pos:0.6993644004320769 neg:0.3006355995679231 
1514.txt pos pos:0.9999960490359716 neg:3.9509640283345114E-6 
2377.txt pos pos:0.9999523597159216 neg:4.7640284078493535E-5 
844.txt pos pos:0.6409362983275206 neg:0.3590637016724795 
4312.txt pos neg:0.9977506772240702 pos:0.0022493227759298323 
2406.txt pos pos:0.8053016884389512 neg:0.19469831156104872 
3993.txt pos pos:0.99999630986212 neg:3.690137880064785E-6 
3180.txt pos neg:0.991930574660073 pos:0.008069425339927123 
2067.txt pos pos:0.7242903686859679 neg:0.27570963131403226 
1172.txt pos pos:0.6416168877271264 neg:0.3583831122728736 
1265.txt pos pos:0.9991925590707884 neg:8.07440929211674E-4 
40.txt pos pos:0.9999702660621675 neg:2.9733937832455752E-5 
396.txt pos pos:0.9309318053663034 neg:0.06906819463369665 
3468.txt pos neg:0.9806655437826539 pos:0.019334456217346092 
347.txt pos pos:0.9999705296621024 neg:2.9470337897565E-5 
602.txt pos pos:0.512666520479361 neg:0.48733347952063905 
2808.txt pos pos:0.9895055250329565 neg:0.010494474967043447 
263.txt pos pos:0.9999768207665607 neg:2.3179233439209775E-5 
967.txt pos pos:0.9999993251676436 neg:6.748323564340691E-7 
1219.txt pos neg:0.7297316044910406 pos:0.2702683955089595 
1720.txt pos pos:0.9998840228873626 neg:1.1597711263748704E-4 
2950.txt pos neg:0.9733032807228054 pos:0.026696719277194577 
2143.txt pos neg:0.8391999786138061 pos:0.1608000213861938 
2658.txt pos pos:0.9978111207205002 neg:0.0021888792794998425 
387.txt pos pos:0.9985172974259686 neg:0.0014827025740312778 
3018.txt pos pos:0.9422584962056083 neg:0.05774150379439174 
3953.txt pos pos:0.9981326606988498 neg:0.0018673393011502729 
51.txt pos pos:0.9999389787916869 neg:6.102120831308154E-5 
1274.txt pos pos:0.7833125010453127 neg:0.21668749895468736 
3982.txt pos pos:0.9980951242828262 neg:0.001904875717173825 
2533.txt pos pos:0.9986927662925312 neg:0.0013072337074687133 
3373.txt pos pos:0.9999663557124662 neg:3.3644287533884796E-5 
1731.txt pos pos:0.9996297222819827 neg:3.7027771801737897E-4 
3405.txt pos pos:0.999762366075396 neg:2.3763392460387562E-4 
1669.txt pos pos:0.9820937977221066 neg:0.017906202277893562 
1208.txt pos pos:0.6084620002054768 neg:0.3915379997945232 
272.txt pos pos:0.9958027539696412 neg:0.004197246030358725 
1421.txt pos pos:0.999999999867264 neg:1.3273607859828293E-10 
3374.txt pos pos:0.9056485625728758 neg:0.09435143742712411 
2946.txt pos pos:0.8346273458722026 neg:0.1653726541277975 
2623.txt pos pos:0.9987008011649022 neg:0.0012991988350977376 
2242.txt pos pos:0.9999661479129553 neg:3.385208704471694E-5 
3928.txt pos pos:0.9999471410731003 neg:5.2858926899589615E-5 
4227.txt pos pos:0.9998274660423584 neg:1.725339576417105E-4 
275.txt pos pos:0.999974218032092 neg:2.578196790810596E-5 
2129.txt pos pos:0.9999921755771249 neg:7.82442287498453E-6 
427.txt pos neg:0.888448387192504 pos:0.11155161280749613 
209.txt pos pos:0.7077180525167475 neg:0.2922819474832526 
742.txt pos pos:0.999901559166979 neg:9.844083302104765E-5 
323.txt pos neg:0.8861747847725698 pos:0.11382521522743012 
455.txt pos pos:0.999997769802673 neg:2.2301973270092254E-6 
827.txt pos pos:0.8191557335440905 neg:0.18084426645590948 
793.txt pos neg:0.9764764548091975 pos:0.023523545190802603 
1660.txt pos pos:0.9999479259371975 neg:5.207406280243936E-5 
3554.txt pos pos:0.9443360093179423 neg:0.055663990682057615 
659.txt neg neg:0.9935712882897277 pos:0.00642871171027213 
3188.txt neg neg:0.997324500630267 pos:0.0026754993697328945 
2958.txt neg neg:0.9999979002562738 pos:2.0997437262030634E-6 
1728.txt neg neg:0.9298879518038523 pos:0.0701120481961478 
2765.txt neg neg:0.9999984986049224 pos:1.5013950776084657E-6 
2304.txt neg neg:0.999999866034093 pos:1.3396590708049571E-7 
1211.txt neg neg:0.9987371689343099 pos:0.0012628310656901008 
625.txt neg neg:0.9999977281956046 pos:2.2718043953089857E-6 
2472.txt neg pos:0.6522672445686192 neg:0.34773275543138077 
1088.txt neg neg:0.52776577679 pos:0.47223422321 
1677.txt neg neg:0.9960260971106015 pos:0.003973902889398479 
3543.txt neg neg:0.9944620419721479 pos:0.005537958027852022 
1216.txt neg neg:0.9755964576716832 pos:0.02440354232831677 
1912.txt neg neg:0.9881768956991 pos:0.011823104300900004 
947.txt neg neg:0.9999993030804081 pos:6.96919592020453E-7 
706.txt neg neg:0.9186454109674007 pos:0.08135458903259918 
2409.txt neg neg:0.9639964718334729 pos:0.03600352816652706 
91.txt neg pos:0.9993649137184087 neg:6.35086281591261E-4 
2179.txt neg neg:0.9580597406631651 pos:0.04194025933683494 
4353.txt neg neg:0.9924273119834037 pos:0.007572688016596215 
972.txt neg neg:0.8678660266683983 pos:0.13213397333160173 
1927.txt neg neg:0.9999998124995765 pos:1.875004235943515E-7 
3200.txt neg neg:0.9995042070979757 pos:4.957929020243644E-4 
2491.txt neg pos:0.9962714310069376 neg:0.00372856899306244 
3904.txt neg neg:0.9993515061269563 pos:6.484938730436377E-4 
3576.txt neg pos:0.9230510775141638 neg:0.07694892248583629 
1584.txt neg pos:0.999989241643508 neg:1.0758356492146097E-5 
2757.txt neg neg:0.9996409232812071 pos:3.590767187929543E-4 
276.txt neg neg:0.993130596606823 pos:0.006869403393176987 
2212.txt neg pos:0.9964028216300188 neg:0.0035971783699812188 
1307.txt neg neg:0.999176715088018 pos:8.232849119820411E-4 
1010.txt neg neg:0.9989989554611419 pos:0.0010010445388580194 
3745.txt neg pos:0.8201282586410725 neg:0.1798717413589274 
1471.txt neg neg:0.9996995906597679 pos:3.0040934023220994E-4 
2916.txt neg neg:0.9981773975891717 pos:0.0018226024108281874 
1148.txt neg pos:0.8207173986931816 neg:0.17928260130681836 
1529.txt neg neg:0.9835036207956532 pos:0.016496379204346795 
2674.txt neg neg:0.9998122704765655 pos:1.8772952343441425E-4 
3793.txt neg neg:0.9996814181032109 pos:3.1858189678913196E-4 
880.txt neg neg:0.9997969176995699 pos:2.0308230043007954E-4 
355.txt neg neg:0.9638965938316726 pos:0.036103406168327516 
3742.txt neg neg:0.9996150415245764 pos:3.8495847542372466E-4 
1804.txt neg pos:0.8255808951437357 neg:0.17441910485626422 
909.txt neg pos:0.6259471698971923 neg:0.37405283010280754 
2898.txt neg neg:0.7053066729053247 pos:0.29469332709467544 
1878.txt neg neg:0.9999968195535831 pos:3.180446416781066E-6 
1920.txt neg pos:0.9912452741199872 neg:0.008754725880012786 
1552.txt neg neg:0.8491457505468234 pos:0.15085424945317658 
3571.txt neg pos:0.7724160998111674 neg:0.2275839001888327 
2331.txt neg neg:0.7076534759469051 pos:0.2923465240530949 
1224.txt neg pos:0.7543150788301134 neg:0.24568492116988658 
610.txt neg neg:0.9987453194906707 pos:0.0012546805093293526 
2750.txt neg neg:0.8014986237004676 pos:0.19850137629953235 
271.txt neg neg:0.7499447711100223 pos:0.2500552288899777 
3829.txt neg neg:0.6161126673521902 pos:0.38388733264780983 
1019.txt neg neg:0.9963704805946559 pos:0.0036295194053439545 
1478.txt neg neg:0.9937434130023672 pos:0.006256586997632808 
1141.txt neg pos:0.6703700371335035 neg:0.32962996286649654 
1520.txt neg neg:0.9992061763499945 pos:7.938236500053928E-4 
114.txt neg pos:0.9812317661868674 neg:0.018768233813132744 
2847.txt neg neg:0.9999088329886906 pos:9.116701130935686E-5 
1983.txt neg pos:0.9425834895479273 neg:0.05741651045207263 
203.txt neg neg:0.9925096252206378 pos:0.007490374779362171 
2267.txt neg pos:0.9412651141280332 neg:0.058734885871966805 
3380.txt neg neg:0.7585448086763947 pos:0.24145519132360532 
98.txt neg pos:0.8851089459918169 neg:0.11489105400818304 
1713.txt neg neg:0.9818841303265352 pos:0.01811586967346481 
1065.txt neg neg:0.9986582539897929 pos:0.0013417460102071522 
3730.txt neg neg:0.6304056175366266 pos:0.36959438246337345 
1876.txt neg neg:0.9947074172500636 pos:0.005292582749936408 
797.txt neg neg:0.9589449233680776 pos:0.04105507663192232 
49.txt neg neg:0.9724333127342252 pos:0.027566687265774787 
2028.txt neg neg:0.9989178134419592 pos:0.0010821865580408925 
4202.txt neg neg:0.9999977847280794 pos:2.2152719206089307E-6 
3420.txt neg neg:0.9991857014152018 pos:8.142985847982171E-4 
741.txt neg neg:0.9999474038636835 pos:5.259613631640384E-5 
456.txt neg pos:0.6508148592990843 neg:0.34918514070091566 
824.txt neg neg:0.999083212282301 pos:9.167877176990099E-4 
1403.txt neg neg:0.6986382464370515 pos:0.3013617535629485 
4279.txt neg neg:0.9999991589522096 pos:8.410477902937553E-7 
1251.txt neg pos:0.8376901518872846 neg:0.1623098481127154 
1630.txt neg pos:0.8039324761132153 neg:0.1960675238867848 
3569.txt neg neg:0.9999805871774141 pos:1.9412822585972736E-5 
608.txt neg neg:0.9992562428215299 pos:7.437571784700505E-4 
2166.txt neg neg:0.9971355254032915 pos:0.002864474596708559 
3892.txt neg neg:0.9998123083066037 pos:1.8769169339634092E-4 
781.txt neg pos:0.9972484820621909 neg:0.0027515179378090845 
674.txt neg neg:0.8004957783128356 pos:0.1995042216871645 
215.txt neg neg:0.999203837753756 pos:7.961622462439724E-4 
2734.txt neg neg:0.999995592038198 pos:4.407961802054452E-6 
2423.txt neg neg:0.9999979900545073 pos:2.0099454927476276E-6 
3263.txt neg neg:0.999996127213895 pos:3.872786105007575E-6 
2909.txt neg neg:0.9915105954622656 pos:0.008489404537734509 
898.txt neg neg:0.9282504120140194 pos:0.07174958798598075 
1779.txt neg neg:0.9999942551561387 pos:5.744843861231784E-6 
4027.txt neg neg:0.9999998566502369 pos:1.4334976316075273E-7 
2352.txt neg neg:0.9997666954528822 pos:2.333045471177887E-4 
3512.txt neg neg:0.7263263824262411 pos:0.2736736175737588 
2094.txt neg neg:0.9017888803743328 pos:0.09821111962566721 
2045.txt neg neg:0.9998865161515348 pos:1.1348384846536597E-4 
Trial 0 Trainer MaxEntTrainer,gaussianPriorVariance=1.0 Training Data Confusion Matrix
Confusion Matrix, row=true, column=predicted  accuracy=1.0
  label   0   1  |total
  0 pos 900   .  |900
  1 neg   . 900  |900

Trial 0 Trainer MaxEntTrainer,gaussianPriorVariance=1.0 training data accuracy= 1.0
Trial 0 Trainer MaxEntTrainer,gaussianPriorVariance=1.0 Test Data Confusion Matrix
Confusion Matrix, row=true, column=predicted  accuracy=0.795
  label   0   1  |total
  0 pos  81  19  |100
  1 neg  22  78  |100

Trial 0 Trainer MaxEntTrainer,gaussianPriorVariance=1.0 test data accuracy= 0.795

MaxEntTrainer,gaussianPriorVariance=1.0
Summary. train accuracy mean = 1.0 stddev = 0.0 stderr = 0.0
Summary. test accuracy mean = 0.795 stddev = 0.0 stderr = 0.0
