
-------------------- Trial 0  --------------------

Trial 0 Training MaxEntTrainer,gaussianPriorVariance=1.0 with 1800 instances
Trial 0 Training MaxEntTrainer,gaussianPriorVariance=1.0 finished
Trial 0 Trainer MaxEntTrainer,gaussianPriorVariance=1.0
 Raw Testing Data
758.txt pos pos:0.999991382767878 neg:8.61723212192949E-6 
104.txt pos pos:0.9999999998691356 neg:1.3086452292393178E-10 
1269.txt pos pos:0.999999995367753 neg:4.6322469659939076E-9 
3005.txt pos neg:0.9033096235083364 pos:0.09669037649166369 
3773.txt pos pos:0.9701682584531408 neg:0.02983174154685925 
2920.txt pos pos:0.9975934252673209 neg:0.002406574732678988 
4319.txt pos pos:0.9999451506395758 neg:5.484936042417789E-5 
1447.txt pos pos:0.9861094699488911 neg:0.01389053005110886 
1563.txt pos pos:0.999622999165048 neg:3.7700083495184535E-4 
3540.txt pos pos:0.9930609394672308 neg:0.006939060532769011 
2761.txt pos pos:0.8031292100455916 neg:0.19687078995440843 
3121.txt pos neg:0.8394772847450023 pos:0.16052271525499773 
3418.txt pos pos:0.945396679574354 neg:0.05460332042564595 
787.txt pos pos:0.9976949694713334 neg:0.0023050305286665394 
833.txt pos neg:0.999753788066832 pos:2.4621193316806136E-4 
490.txt pos pos:0.9953408014128314 neg:0.004659198587168548 
4365.txt pos pos:0.999805972328769 neg:1.940276712308885E-4 
2289.txt pos neg:0.9888375231109714 pos:0.011162476889028695 
2803.txt pos pos:0.9999849954714743 neg:1.5004528525628933E-5 
1564.txt pos pos:0.9996687041407999 neg:3.3129585920010506E-4 
1212.txt pos pos:0.9914634931748318 neg:0.008536506825168174 
3681.txt pos pos:0.9533906478344661 neg:0.04660935216553381 
2766.txt pos pos:0.9981154413456421 neg:0.001884558654357814 
446.txt pos pos:0.9237286901533798 neg:0.07627130984662014 
4075.txt pos pos:0.9999981457741192 neg:1.854225880724722E-6 
214.txt pos pos:0.9607477192276168 neg:0.03925228077238318 
4246.txt pos pos:0.9996745968215727 neg:3.254031784272147E-4 
103.txt pos pos:0.9999602135888053 neg:3.9786411194635336E-5 
3811.txt pos pos:0.9845858725655104 neg:0.015414127434489458 
3002.txt pos pos:0.8252197142515538 neg:0.17478028574844612 
1786.txt pos neg:0.9989739950590202 pos:0.001026004940979798 
3315.txt pos pos:0.9983132498190629 neg:0.00168675018093709 
1832.txt pos pos:0.9999872473961569 neg:1.2752603843147863E-5 
959.txt pos pos:0.9706302325210997 neg:0.029369767478900216 
1580.txt pos pos:0.999861152940143 neg:1.388470598570373E-4 
3204.txt pos pos:0.9995449754599883 neg:4.550245400116036E-4 
1923.txt pos pos:0.9577834422334418 neg:0.04221655776655827 
305.txt pos neg:0.9976003508452606 pos:0.0023996491547394454 
473.txt pos neg:0.7415457502802172 pos:0.2584542497197828 
4273.txt pos pos:0.9999984898248648 neg:1.5101751350518004E-6 
640.txt pos pos:0.9999985794470094 neg:1.4205529905880422E-6 
586.txt pos pos:0.9996812319599457 neg:3.187680400543906E-4 
3320.txt pos pos:0.9981892552769053 neg:0.0018107447230946896 
2912.txt pos neg:0.6298573531890908 pos:0.37014264681090936 
1807.txt pos neg:0.9375893995590366 pos:0.0624106004409633 
1475.txt pos neg:0.962127565951328 pos:0.03787243404867216 
2101.txt pos pos:0.7841535385052025 neg:0.21584646149479755 
1762.txt pos pos:0.8236248908953369 neg:0.17637510910466317 
1303.txt pos pos:0.9999019512144766 neg:9.80487855233792E-5 
4163.txt pos pos:0.9844058957482464 neg:0.015594104251753569 
4274.txt pos pos:0.9998775758620831 neg:1.2242413791694934E-4 
2567.txt pos pos:0.9798680658917649 neg:0.02013193410823513 
3327.txt pos pos:0.8456664236922655 neg:0.15433357630773445 
3746.txt pos pos:0.9945334234089365 neg:0.0054665765910636025 
2106.txt pos pos:0.9990975672507308 neg:9.024327492691073E-4 
1765.txt pos neg:0.9346483332601634 pos:0.06535166673983657 
2670.txt pos neg:0.8972232892042569 pos:0.1027767107957432 
3203.txt pos pos:0.9969633230580325 neg:0.0030366769419675125 
1924.txt pos pos:0.9999999999718194 neg:2.8180603681205703E-11 
1556.txt pos pos:0.9999961828546159 neg:3.817145384205882E-6 
4208.txt pos pos:0.9999999997016495 neg:2.9835037704205837E-10 
4350.txt pos pos:0.9991310037265841 neg:8.689962734158981E-4 
302.txt pos pos:0.9998619910271002 neg:1.3800897289971845E-4 
1194.txt pos pos:0.9973699961350556 neg:0.002630003864944461 
1633.txt pos pos:0.9999999872771635 neg:1.272283649571087E-8 
2726.txt pos pos:0.9997359711834432 neg:2.640288165568082E-4 
1252.txt pos neg:0.999485381765287 pos:5.146182347128948E-4 
3271.txt pos neg:0.9977494013259187 pos:0.0022505986740812807 
2396.txt pos pos:0.9959644226335855 neg:0.004035577366414393 
649.txt pos pos:0.9809362828245592 neg:0.019063717175440788 
3329.txt pos neg:0.5427299958888521 pos:0.457270004111148 
711.txt pos pos:0.9419132502601075 neg:0.05808674973989239 
3799.txt pos pos:0.950718048129306 neg:0.04928195187069398 
874.txt pos neg:0.5192885382084761 pos:0.4807114617915239 
406.txt pos pos:0.9999937618619161 neg:6.2381380840020635E-6 
4035.txt pos pos:0.9999993788796567 neg:6.211203433631722E-7 
522.txt pos pos:0.9994648149792437 neg:5.351850207562904E-4 
950.txt pos pos:0.9997327440645308 neg:2.6725593546905393E-4 
4111.txt pos pos:0.9893758768919786 neg:0.010624123108021282 
192.txt pos pos:0.9980625508585249 neg:0.0019374491414750558 
1139.txt pos pos:0.9999989728942416 neg:1.0271057583907892E-6 
3880.txt pos pos:0.9822765246903897 neg:0.01772347530961029 
1872.txt pos pos:0.9994211565620068 neg:5.788434379931322E-4 
4098.txt pos pos:0.9999986669343572 neg:1.3330656426655005E-6 
1061.txt pos pos:0.9686364497902303 neg:0.03136355020976964 
3042.txt pos pos:0.9967904423072179 neg:0.003209557692782021 
2263.txt pos pos:0.9827177682308555 neg:0.017282231769144316 
253.txt pos pos:0.9999974029097708 neg:2.5970902292626214E-6 
3094.txt pos pos:0.9995710182332297 neg:4.2898176677036545E-4 
1371.txt pos neg:0.7346089153036625 pos:0.26539108469633754 
2264.txt pos pos:0.9999366259654369 neg:6.33740345630523E-5 
1634.txt pos pos:0.999933785188084 neg:6.621481191591578E-5 
559.txt pos pos:0.9832569844754072 neg:0.01674301552459287 
1255.txt pos neg:0.9477998711035387 pos:0.05220012889646123 
2340.txt pos pos:0.9999999980137582 neg:1.9862417362511425E-9 
2895.txt pos neg:0.9361101098787193 pos:0.06388989012128063 
2436.txt pos pos:0.9999997898303199 neg:2.1016968010229991E-7 
588.txt pos pos:0.999869150720196 neg:1.3084927980387692E-4 
4325.txt pos pos:0.9999958376236706 neg:4.162376329467375E-6 
3489.txt pos pos:0.9999815881793624 neg:1.8411820637544115E-5 
3422.txt neg neg:0.9875731857883564 pos:0.012426814211643662 
1873.txt neg neg:0.9999999832982164 pos:1.6701783645899574E-8 
792.txt neg neg:0.9853154984095915 pos:0.014684501590408431 
1060.txt neg neg:0.9999983691400799 pos:1.6308599202457332E-6 
30.txt neg pos:0.9896502300728885 neg:0.010349769927111417 
4323.txt neg neg:0.9999999518791821 pos:4.812081779960244E-8 
667.txt neg neg:0.9900613548207983 pos:0.009938645179201752 
4097.txt neg pos:0.737918303431905 neg:0.262081696568095 
828.txt neg neg:0.99972431791961 pos:2.75682080390034E-4 
2442.txt neg neg:0.9991613036175468 pos:8.386963824531925E-4 
1136.txt neg neg:0.6194378361365038 pos:0.38056216386349623 
2493.txt neg neg:0.9933373273483229 pos:0.006662672651677048 
2671.txt neg neg:0.9870431454691069 pos:0.012956854530893062 
3031.txt neg neg:0.9999953766311601 pos:4.623368839919201E-6 
885.txt neg neg:0.8174660604768725 pos:0.18253393952312752 
1764.txt neg neg:0.8815969637758823 pos:0.11840303622411771 
3450.txt neg neg:0.7530440366108974 pos:0.24695596338910264 
1473.txt neg neg:0.9996365087740183 pos:3.634912259816457E-4 
2566.txt neg neg:0.9526705558722607 pos:0.04732944412773946 
3481.txt neg pos:0.6011597816051658 neg:0.3988402183948341 
3326.txt neg neg:0.9270193560343171 pos:0.07298064396568284 
3747.txt neg neg:0.9996087799715287 pos:3.9122002847138574E-4 
3169.txt neg neg:0.9999932591026112 pos:6.740897388870853E-6 
669.txt neg pos:0.9897340027076186 neg:0.010265997292381363 
1763.txt neg neg:0.9896051399737945 pos:0.010394860026205635 
1302.txt neg pos:0.9906566900999775 neg:0.00934330990002251 
2913.txt neg neg:0.9660808878390637 pos:0.03391911216093632 
3279.txt neg neg:0.7818975910516445 pos:0.2181024089483555 
2058.txt neg neg:0.9999996659671805 pos:3.340328194765392E-7 
579.txt neg neg:0.8959597432783295 pos:0.10404025672167047 
3888.txt neg pos:0.9942017685536999 neg:0.005798231446300139 
4356.txt neg neg:0.567234894160558 pos:0.43276510583944205 
2445.txt neg neg:0.9980300667520803 pos:0.0019699332479198306 
977.txt neg pos:0.9956550874355263 neg:0.004344912564473711 
505.txt neg neg:0.9515042031109756 pos:0.048495796889024424 
1696.txt neg neg:0.9999816245854081 pos:1.8375414592093705E-5 
1131.txt neg neg:0.9999999998666178 pos:1.3338210364330673E-10 
2783.txt neg pos:0.8484639541954536 neg:0.15153604580454647 
2024.txt neg pos:0.9567337385718838 neg:0.0432662614281162 
4119.txt neg neg:0.9993960176173619 pos:6.039823826382505E-4 
273.txt neg neg:0.9999993809192369 pos:6.190807630917453E-7 
3901.txt neg neg:0.9999480096831493 pos:5.199031685064388E-5 
3573.txt neg pos:0.6802597007271362 neg:0.3197402992728638 
414.txt neg neg:0.9999999893114614 pos:1.0688538639315105E-8 
1441.txt neg neg:0.991659318513175 pos:0.008340681486825048 
1337.txt neg pos:0.8219059872883858 neg:0.17809401271161426 
4296.txt neg neg:0.9717838942883464 pos:0.028216105711653474 
3948.txt neg neg:0.9998885417430614 pos:1.1145825693846905E-4 
1519.txt neg neg:0.900718137386615 pos:0.09928186261338512 
3709.txt neg neg:0.9999750048913811 pos:2.4995108618848017E-5 
1672.txt neg neg:0.9853781096159937 pos:0.014621890384006344 
942.txt neg neg:0.9990627327152597 pos:9.372672847403795E-4 
530.txt neg neg:0.949952575193957 pos:0.05004742480604298 
2011.txt neg neg:0.8452700308566587 pos:0.1547299691433413 
3651.txt neg neg:0.9741327442810995 pos:0.02586725571890054 
2802.txt neg neg:0.9468265753279475 pos:0.05317342467205244 
2288.txt neg neg:0.9999736937974707 pos:2.6306202529410928E-5 
77.txt neg neg:0.9982793627174077 pos:0.001720637282592417 
1848.txt neg pos:0.9960411215890715 neg:0.003958878410928432 
319.txt neg neg:0.9996636205770597 pos:3.3637942294031736E-4 
3541.txt neg neg:0.9890491466153022 pos:0.010950853384697902 
945.txt neg neg:0.9998928788394846 pos:1.0712116051538582E-4 
156.txt neg neg:0.9503860616642675 pos:0.04961393833573256 
3817.txt neg neg:0.9998445710402891 pos:1.554289597109467E-4 
1330.txt neg neg:0.9264114727270789 pos:0.07358852727292106 
1268.txt neg neg:0.8997607689366851 pos:0.1002392310633149 
1609.txt neg neg:0.9999980703643925 pos:1.929635607449333E-6 
4157.txt neg neg:0.8908716791934098 pos:0.10912832080659016 
813.txt neg neg:0.9946722633481876 pos:0.005327736651812251 
1055.txt neg neg:0.9997693564483102 pos:2.306435516897206E-4 
1434.txt neg neg:0.9999773557694539 pos:2.26442305460484E-5 
1846.txt neg neg:0.9979838405675241 pos:0.002016159432475838 
2521.txt neg neg:0.9916112133557781 pos:0.008388786644221874 
1342.txt neg neg:0.9985514880063554 pos:0.0014485119936445616 
3076.txt neg neg:0.9988336052398118 pos:0.0011663947601882705 
3658.txt neg neg:0.8207062286194721 pos:0.17929377138052788 
3239.txt neg neg:0.9999940118860033 pos:5.988113996783181E-6 
1448.txt neg neg:0.9887963747177162 pos:0.011203625282283846 
4316.txt neg neg:0.9999840949713533 pos:1.590502864677027E-5 
3941.txt neg neg:0.9999918969816093 pos:8.103018390787215E-6 
1266.txt neg neg:0.989143792434939 pos:0.01085620756506109 
937.txt neg pos:0.5828053925497972 neg:0.41719460745020276 
4188.txt neg neg:0.9997808128236211 pos:2.191871763788526E-4 
1962.txt neg neg:0.9956687933015336 pos:0.004331206698466532 
3245.txt neg neg:0.9971529819761002 pos:0.002847018023899632 
3946.txt neg pos:0.6535559736717445 neg:0.34644402632825566 
1261.txt neg neg:0.7296430428579616 pos:0.27035695714203845 
234.txt neg neg:0.9990873539734342 pos:9.126460265658173E-4 
2063.txt neg neg:0.9999458468004945 pos:5.4153199505527246E-5 
1965.txt neg neg:0.9993333708049699 pos:6.666291950300869E-4 
3242.txt neg neg:0.9998454004382624 pos:1.5459956173770307E-4 
466.txt neg neg:0.9999961912766042 pos:3.808723395737317E-6 
2147.txt neg neg:0.9980068335337268 pos:0.001993166466273169 
3410.txt neg neg:0.9999685894239586 pos:3.141057604139538E-5 
2985.txt neg neg:0.7288625524173804 pos:0.27113744758261954 
1890.txt neg neg:0.9616438076377617 pos:0.0383561923622384 
310.txt neg pos:0.5920186253272007 neg:0.4079813746727992 
1083.txt neg neg:0.9981911168260663 pos:0.0018088831739336694 
248.txt neg neg:0.9999926033212151 pos:7.396678784905632E-6 
299.txt neg neg:0.9998385819839383 pos:1.6141801606188647E-4 
Trial 0 Trainer MaxEntTrainer,gaussianPriorVariance=1.0 Training Data Confusion Matrix
Confusion Matrix, row=true, column=predicted  accuracy=1.0
  label   0   1  |total
  0 pos 900   .  |900
  1 neg   . 900  |900

Trial 0 Trainer MaxEntTrainer,gaussianPriorVariance=1.0 training data accuracy= 1.0
Trial 0 Trainer MaxEntTrainer,gaussianPriorVariance=1.0 Test Data Confusion Matrix
Confusion Matrix, row=true, column=predicted  accuracy=0.83
  label   0   1  |total
  0 pos  81  19  |100
  1 neg  15  85  |100

Trial 0 Trainer MaxEntTrainer,gaussianPriorVariance=1.0 test data accuracy= 0.83

MaxEntTrainer,gaussianPriorVariance=1.0
Summary. train accuracy mean = 1.0 stddev = 0.0 stderr = 0.0
Summary. test accuracy mean = 0.83 stddev = 0.0 stderr = 0.0
