
-------------------- Trial 0  --------------------

Trial 0 Training MaxEntTrainer,gaussianPriorVariance=1.0 with 1800 instances
Trial 0 Training MaxEntTrainer,gaussianPriorVariance=1.0 finished
Trial 0 Trainer MaxEntTrainer,gaussianPriorVariance=1.0
 Raw Testing Data
832.txt pos neg:0.8012977546089738 pos:0.1987022453910262 
440.txt pos pos:0.9813197904408686 neg:0.018680209559131526 
757.txt pos pos:0.99985658333392 neg:1.4341666607991927E-4 
1171.txt pos pos:0.9999144410194581 neg:8.55589805417241E-5 
3990.txt pos pos:0.9999999998094407 neg:1.905592977029535E-10 
43.txt pos pos:0.9999999999951634 neg:4.8366433933252064E-12 
1499.txt pos neg:0.999128263275139 pos:8.717367248610451E-4 
432.txt pos pos:0.9998206744355637 neg:1.7932556443635408E-4 
260.txt pos pos:0.5410321373648035 neg:0.45896786263519646 
177.txt pos pos:0.9992273047086735 neg:7.726952913265341E-4 
3689.txt pos pos:0.8912652428002743 neg:0.10873475719972572 
2982.txt pos neg:0.8191931010819404 pos:0.18080689891805957 
2140.txt pos neg:0.9997801388602497 pos:2.1986113975020751E-4 
2286.txt pos pos:0.766069282727215 neg:0.23393071727278494 
2953.txt pos pos:0.9984218847387022 neg:0.001578115261297738 
606.txt pos pos:0.9722094978083371 neg:0.027790502191662857 
3548.txt pos pos:0.6166526667612022 neg:0.38334733323879766 
170.txt pos pos:0.9999984877604968 neg:1.5122395030830943E-6 
2250.txt pos pos:0.9996077805418434 neg:3.922194581566842E-4 
1345.txt pos neg:0.8545867752890846 pos:0.1454132247109154 
449.txt pos pos:0.9995407992994758 neg:4.59200700524133E-4 
1433.txt pos pos:0.9999999999138001 neg:8.619998054106513E-11 
2954.txt pos neg:0.5221507797506558 pos:0.47784922024934423 
3184.txt pos pos:0.9999208741026163 neg:7.912589738376251E-5 
3997.txt pos pos:0.9994583063634744 neg:5.41693636525669E-4 
3534.txt pos neg:0.5502757919151834 pos:0.4497242080848166 
3293.txt pos pos:0.9968295205413773 neg:0.0031704794586225756 
2374.txt pos pos:0.9989939039677808 neg:0.0010060960322192908 
44.txt pos pos:0.5405950735659087 neg:0.45940492643409125 
1600.txt pos pos:0.8945142155322873 neg:0.10548578446771285 
1789.txt pos pos:0.9733345035849439 neg:0.026665496415056153 
3435.txt pos pos:0.999985042435435 neg:1.4957564564923624E-5 
1360.txt pos pos:0.9999999062449832 neg:9.375501676099077E-8 
4348.txt pos pos:0.9999999956887287 neg:4.311271324983127E-9 
2503.txt pos pos:0.999241925938403 neg:7.580740615970583E-4 
623.txt pos pos:0.9998367944930672 neg:1.6320550693284543E-4 
2829.txt pos pos:0.9924727741117133 neg:0.0075272258882867395 
4.txt pos neg:0.9574227593611013 pos:0.04257724063889874 
4210.txt pos pos:0.9989449081142018 neg:0.0010550918857981917 
997.txt pos pos:0.9968743028310378 neg:0.0031256971689622203 
4107.txt pos pos:0.9628040043125597 neg:0.03719599568744035 
3498.txt pos pos:0.5923833100564698 neg:0.4076166899435302 
1295.txt pos pos:0.9198391735025774 neg:0.08016082649742266 
2380.txt pos pos:0.9991266682787137 neg:8.733317212863557E-4 
2046.txt pos pos:0.9850606170358783 neg:0.014939382964121773 
129.txt pos pos:0.9999938394616558 neg:6.16053834410371E-6 
2884.txt pos pos:0.999886540950458 neg:1.1345904954195384E-4 
1991.txt pos pos:0.9999651693790481 neg:3.4830620951877594E-5 
1244.txt pos pos:0.9999556373405746 neg:4.436265942538088E-5 
3338.txt pos pos:0.8463325164835317 neg:0.15366748351646822 
1292.txt pos pos:0.9677741210202603 neg:0.03222587897973976 
2852.txt pos pos:0.9971608846110709 neg:0.002839115388929071 
2737.txt pos pos:0.9999921853903829 neg:7.814609617079548E-6 
2356.txt pos pos:0.9999774809823826 neg:2.2519017617350635E-5 
66.txt pos pos:0.9673958582918182 neg:0.0326041417081819 
3964.txt pos pos:0.9999999538819694 neg:4.6118030657560014E-8 
1996.txt pos neg:0.6390080650428306 pos:0.36099193495716936 
819.txt pos pos:0.9872179234578673 neg:0.012782076542132618 
3432.txt pos neg:0.9867280326482514 pos:0.01327196735174859 
3840.txt pos pos:0.9999715768533513 neg:2.8423146648758145E-5 
1367.txt pos neg:0.9625232668914009 pos:0.03747673310859908 
1863.txt pos pos:0.9897743091355761 neg:0.010225690864423941 
2976.txt pos pos:0.9111662273208839 neg:0.08883377267911612 
3082.txt pos pos:0.9964635648372551 neg:0.0035364351627449396 
624.txt pos pos:0.999824151217281 neg:1.758487827190238E-4 
1549.txt pos pos:0.9999554056357638 neg:4.4594364236346745E-5 
4217.txt pos pos:0.8592261191398856 neg:0.14077388086011444 
990.txt pos pos:0.999664257198485 neg:3.35742801514949E-4 
941.txt pos pos:0.9990293877595051 neg:9.706122404947591E-4 
3918.txt pos pos:0.9999561847011038 neg:4.381529889623548E-5 
1774.txt pos pos:0.9515407518893693 neg:0.04845924811063073 
3832.txt pos pos:0.9812807487765988 neg:0.018719251223401207 
3491.txt pos pos:0.6688488909561215 neg:0.33115110904387834 
4265.txt pos neg:0.948368454516231 pos:0.05163154548376896 
237.txt pos pos:0.8636828199043769 neg:0.13631718009562316 
590.txt pos pos:0.9841497449397327 neg:0.015850255060267358 
541.txt pos pos:0.704046706604596 neg:0.29595329339540405 
3179.txt pos pos:0.9989165292848576 neg:0.0010834707151423728 
68.txt pos pos:0.9999997616373855 neg:2.3836261453785423E-7 
1708.txt pos pos:0.9933170112277971 neg:0.006682988772202724 
4341.txt pos pos:0.9999941258769316 neg:5.8741230684225064E-6 
1547.txt pos pos:0.5067916934565849 neg:0.4932083065434151 
4219.txt pos pos:0.991329283359405 neg:0.008670716640595138 
2452.txt pos pos:0.9989829119944889 neg:0.0010170880055112529 
2033.txt pos pos:0.9999571807176931 neg:4.2819282306926E-5 
2794.txt pos neg:0.6601769819474559 pos:0.339823018052544 
3105.txt pos neg:0.9772559733614247 pos:0.022744026638575228 
1231.txt pos neg:0.989298804449051 pos:0.010701195550948983 
4051.txt pos pos:0.9974736194332505 neg:0.00252638056674944 
810.txt pos pos:0.9999999228372609 neg:7.716273914715998E-8 
462.txt pos pos:0.9999999176898583 neg:8.231014175945123E-8 
3898.txt pos neg:0.5118744338267471 pos:0.48812556617325287 
1418.txt pos pos:0.9999812799226562 neg:1.8720077343813212E-5 
4080.txt pos neg:0.7085657425445459 pos:0.29143425745545426 
2455.txt pos pos:0.9999122762570052 neg:8.772374299481816E-5 
2827.txt pos pos:0.9999082581299515 neg:9.174187004844963E-5 
1121.txt pos pos:0.9999852844477358 neg:1.4715552264287662E-5 
3102.txt pos pos:0.5356497132696626 neg:0.4643502867303375 
1657.txt pos pos:0.9876157771840424 neg:0.01238422281595767 
13.txt pos neg:0.8220333443584531 pos:0.17796665564154693 
2560.txt neg neg:0.9999591569004707 pos:4.0843099529221834E-5 
3741.txt neg pos:0.5286169976719141 neg:0.47138300232808594 
2088.txt neg neg:0.9980963303326847 pos:0.0019036696673153033 
4357.txt neg neg:0.9999524972095498 pos:4.7502790450232124E-5 
4091.txt neg neg:0.9691915176300769 pos:0.03080848236992318 
2444.txt neg neg:0.9884956398282919 pos:0.011504360171708014 
2025.txt neg neg:0.9994385111853897 pos:5.614888146102048E-4 
3665.txt neg neg:0.9974772263052449 pos:0.002522773694755096 
976.txt neg neg:0.9957387038320236 pos:0.004261296167976426 
1130.txt neg neg:0.9999894067031401 pos:1.0593296859930325E-5 
1646.txt neg neg:0.9911765234085341 pos:0.008823476591465991 
3113.txt neg neg:0.999853011763964 pos:1.4698823603601514E-4 
2753.txt neg neg:0.9764167374916058 pos:0.023583262508394254 
613.txt neg neg:0.8523419155034241 pos:0.1476580844965759 
2495.txt neg neg:0.9994400651062557 pos:5.59934893744363E-4 
1378.txt neg neg:0.9590224779958345 pos:0.04097752200416555 
2969.txt neg neg:0.9202070973513621 pos:0.07979290264863792 
2443.txt neg neg:0.9332046798875844 pos:0.06679532011241572 
3662.txt neg neg:0.9757381961822059 pos:0.024261803817794046 
2022.txt neg neg:0.9513218541315344 pos:0.04867814586846568 
1690.txt neg neg:0.8666472811569652 pos:0.1333527188430348 
1137.txt neg neg:0.9996679608691963 pos:3.3203913080361545E-4 
503.txt neg neg:0.9998808598714682 pos:1.19140128531689E-4 
1587.txt neg neg:0.6789576619018888 pos:0.3210423380981113 
3907.txt neg neg:0.9645276928920707 pos:0.0354723071079293 
884.txt neg neg:0.999959176775994 pos:4.082322400602326E-5 
3797.txt neg neg:0.9999986893871435 pos:1.3106128564850543E-6 
730.txt neg neg:0.8255682715785366 pos:0.17443172842146337 
3451.txt neg neg:0.9942319341352857 pos:0.005768065864714379 
2915.txt neg neg:0.9982083032414596 pos:0.0017916967585404212 
1800.txt neg neg:0.9140595194563167 pos:0.08594048054368325 
380.txt neg pos:0.900899412333633 neg:0.099100587666367 
1958.txt neg neg:0.5447440459726576 pos:0.45525595402734237 
1989.txt neg neg:0.9642507245580018 pos:0.03574927544199829 
3384.txt neg neg:0.9963684362376553 pos:0.003631563762344826 
2967.txt neg neg:0.9952703008184459 pos:0.00472969918155403 
2515.txt neg neg:0.9999997519746799 pos:2.4802531994320384E-7 
2174.txt neg neg:0.9999497407383381 pos:5.025926166196142E-5 
3093.txt neg neg:0.9891568278025646 pos:0.010843172197435297 
1558.txt neg neg:0.9926394623235817 pos:0.007360537676418225 
1589.txt neg neg:0.8054804703569348 pos:0.19451952964306515 
4322.txt neg neg:0.9970723268476439 pos:0.002927673152356172 
2431.txt neg pos:0.5155470656457355 neg:0.48445293435426456 
110.txt neg pos:0.8457697148296449 neg:0.15423028517035522 
3166.txt neg neg:0.9964254731444843 pos:0.0035745268555156993 
3975.txt neg neg:0.9972265894659817 pos:0.0027734105340181943 
3039.txt neg neg:0.9927293297730111 pos:0.007270670226988875 
117.txt neg pos:0.9711515790573605 neg:0.02884842094263947 
1284.txt neg neg:0.9911863252799293 pos:0.008813674720070639 
904.txt neg neg:0.9999013073519564 pos:9.869264804372352E-5 
576.txt neg neg:0.9473390277996196 pos:0.05266097220038032 
3161.txt neg neg:0.9997799289320566 pos:2.2007106794342355E-4 
1980.txt neg pos:0.5774308285582005 neg:0.42256917144179945 
3972.txt neg neg:0.9999498889386833 pos:5.0111061316647515E-5 
483.txt neg neg:0.9935595199404831 pos:0.006440480059516928 
3424.txt neg neg:0.9551203064973776 pos:0.044879693502622546 
1875.txt neg neg:0.695658014273992 pos:0.30434198572600796 
3733.txt neg neg:0.9897168271116015 pos:0.010283172888398421 
978.txt neg neg:0.9999848534695489 pos:1.514653045109276E-5 
553.txt neg neg:0.9376063940856708 pos:0.06239360591432907 
921.txt neg neg:0.9999749890244805 pos:2.501097551944362E-5 
2861.txt neg neg:0.9999919818882378 pos:8.018111762368596E-6 
644.txt neg neg:0.9999843884540334 pos:1.5611545966666476E-5 
3144.txt neg neg:0.6626608628464928 pos:0.33733913715350705 
4300.txt neg neg:0.9998285282341306 pos:1.714717658694058E-4 
2939.txt neg neg:0.9789817331727654 pos:0.02101826682723468 
288.txt neg neg:0.9690087494202683 pos:0.030991250579731695 
3588.txt neg neg:0.9947093453286959 pos:0.0052906546713039695 
2778.txt neg neg:0.9993059869070333 pos:6.940130929665475E-4 
3138.txt neg neg:0.9998309417725504 pos:1.6905822744958405E-4 
301.txt neg neg:0.9999277938046043 pos:7.22061953957067E-5 
1043.txt neg neg:0.9999999996424651 pos:3.5753492223561613E-10 
2290.txt neg neg:0.9999999954820467 pos:4.517953368088869E-9 
2537.txt neg neg:0.9988444492286249 pos:0.001155550771375173 
1850.txt neg neg:0.9986673754291022 pos:0.0013326245708978268 
2009.txt neg neg:0.9997733056419738 pos:2.2669435802629814E-4 
149.txt neg neg:0.9999982082189102 pos:1.7917810897942417E-6 
4134.txt neg neg:0.9985326836447708 pos:0.0014673163552293427 
1353.txt neg neg:0.8147391636893849 pos:0.18526083631061507 
3874.txt neg neg:0.9291422549323812 pos:0.07085774506761873 
2297.txt neg neg:0.999643411831491 pos:3.565881685090953E-4 
1857.txt neg neg:0.9998072258525417 pos:1.9277414745835065E-4 
2075.txt neg neg:0.9995406447705977 pos:4.593552294023971E-4 
3635.txt neg pos:0.9980106989015594 neg:0.0019893010984406586 
4199.txt neg neg:0.9999932722810927 pos:6.7277189073718806E-6 
2414.txt neg neg:0.6319329084563732 pos:0.3680670915436267 
692.txt neg neg:0.9999379551817181 pos:6.204481828184725E-5 
643.txt neg neg:0.5696794474043979 pos:0.43032055259560203 
1038.txt neg neg:0.9999978128657364 pos:2.187134263707492E-6 
3647.txt neg neg:0.9780471930261246 pos:0.021952806973875295 
281.txt neg pos:0.9098561104876097 neg:0.09014388951239033 
2814.txt neg pos:0.7251474527278094 neg:0.27485254727219066 
250.txt neg neg:0.999980642919724 pos:1.9357080275993526E-5 
2771.txt neg neg:0.9999576080199748 pos:4.23919800253119E-5 
3696.txt neg neg:0.9999988003907923 pos:1.1996092077007942E-6 
3131.txt neg neg:0.9940159010097459 pos:0.005984098990254151 
308.txt neg neg:0.999946069649099 pos:5.393035090106158E-5 
2299.txt neg neg:0.9699339657466568 pos:0.030066034253343272 
4197.txt neg neg:0.9268943046392495 pos:0.07310569536075044 
4146.txt neg neg:0.99997051930189 pos:2.948069810996807E-5 
Trial 0 Trainer MaxEntTrainer,gaussianPriorVariance=1.0 Training Data Confusion Matrix
Confusion Matrix, row=true, column=predicted  accuracy=1.0
  label   0   1  |total
  0 pos 900   .  |900
  1 neg   . 900  |900

Trial 0 Trainer MaxEntTrainer,gaussianPriorVariance=1.0 training data accuracy= 1.0
Trial 0 Trainer MaxEntTrainer,gaussianPriorVariance=1.0 Test Data Confusion Matrix
Confusion Matrix, row=true, column=predicted  accuracy=0.865
  label   0   1  |total
  0 pos  82  18  |100
  1 neg   9  91  |100

Trial 0 Trainer MaxEntTrainer,gaussianPriorVariance=1.0 test data accuracy= 0.865

MaxEntTrainer,gaussianPriorVariance=1.0
Summary. train accuracy mean = 1.0 stddev = 0.0 stderr = 0.0
Summary. test accuracy mean = 0.865 stddev = 0.0 stderr = 0.0
