
-------------------- Trial 0  --------------------

Trial 0 Training NaiveBayesTrainer with 1800 instances
Trial 0 Training NaiveBayesTrainer finished
Trial 0 Trainer NaiveBayesTrainer
 Raw Testing Data
3992.txt pos pos:1.0 neg:2.02691495370393E-125 
3150.txt pos pos:0.5380670492880922 neg:0.4619329507119078 
1605.txt pos pos:1.0 neg:9.64087527496438E-68 
1264.txt pos pos:1.0 neg:3.039482839970337E-31 
2699.txt pos pos:0.9999999999999707 neg:2.9310053615932516E-14 
4230.txt pos pos:1.0 neg:1.6068995249101505E-126 
966.txt pos pos:1.0 neg:4.3379042135765275E-52 
1218.txt pos pos:0.7368074688928027 neg:0.2631925311071973 
175.txt pos pos:1.0 neg:1.329804459148716E-60 
2634.txt pos neg:0.9999977357196124 pos:2.2642803875921143E-6 
1721.txt pos pos:1.0 neg:4.1008840147881693E-45 
3867.txt pos pos:1.0 neg:1.4718367548286211E-86 
2980.txt pos pos:1.0 neg:1.0055551931518914E-43 
1436.txt pos pos:1.0 neg:1.9532789429519721E-60 
1057.txt pos neg:0.9999999957432373 pos:4.256762729259637E-9 
1569.txt pos pos:0.5063579911207896 neg:0.49364200887921034 
4237.txt pos pos:1.0 neg:2.6970714273441636E-120 
513.txt pos pos:0.9999999999999893 neg:1.0670647454216738E-14 
172.txt pos neg:0.9999999999999871 pos:1.2793240399391654E-14 
3938.txt pos pos:1.0 neg:7.778555215474209E-136 
2194.txt pos pos:0.9999999999999392 neg:6.073427213116083E-14 
1726.txt pos pos:1.0 neg:1.6614592347137427E-48 
3860.txt pos pos:1.0 neg:5.847135551483073E-203 
1892.txt pos pos:1.0 neg:4.5011596108728086E-20 
1843.txt pos pos:1.0 neg:7.145117792669636E-85 
2524.txt pos neg:1.0 pos:2.2787239809889278E-38 
97.txt pos pos:1.0 neg:4.140143564267945E-57 
219.txt pos pos:1.0 neg:6.64223095415629E-36 
3186.txt pos pos:0.9999999999999969 neg:3.1587093661282803E-15 
4004.txt pos neg:0.992826989093139 pos:0.007173010906861029 
2558.txt pos pos:1.0 neg:4.674626151608338E-65 
4313.txt pos neg:0.5187825371378261 pos:0.4812174628621739 
1915.txt pos pos:1.0 neg:1.8196417499025806E-43 
1567.txt pos pos:1.0 neg:4.461283682662323E-28 
2800.txt pos pos:1.0 neg:2.165649654978664E-28 
1670.txt pos pos:1.0 neg:6.740523730843537E-23 
3936.txt pos pos:1.0 neg:2.486184974639304E-119 
445.txt pos pos:1.0 neg:1.255008523456285E-31 
752.txt pos pos:1.0 neg:8.829923125677074E-38 
4361.txt pos pos:1.0 neg:1.050909923624573E-66 
4183.txt pos pos:1.0 neg:1.225711004568558E-140 
2378.txt pos pos:1.0 neg:4.354508885219275E-40 
2587.txt pos pos:1.0 neg:3.255094888314564E-20 
2556.txt pos pos:1.0 neg:6.330593091644795E-19 
1022.txt pos neg:0.9999999999995173 pos:4.82688821967698E-13 
3777.txt pos pos:0.9999999999999998 neg:3.0643891438598553E-16 
4242.txt pos pos:1.0 neg:2.9828560169814504E-28 
210.txt pos pos:0.999999931436073 neg:6.856392697529326E-8 
2068.txt pos neg:0.9991273559728555 pos:8.726440271445237E-4 
3628.txt pos pos:1.0 neg:7.739346171365958E-36 
4155.txt pos pos:1.0 neg:2.3146563089627644E-92 
4293.txt pos pos:1.0 neg:3.855511561181013E-83 
3006.txt pos pos:1.0 neg:2.914811494064618E-121 
1753.txt pos pos:1.0 neg:8.47051927109027E-35 
3467.txt pos pos:1.0 neg:4.65620852556031E-83 
1495.txt pos pos:1.0 neg:1.1732754326089205E-73 
1444.txt pos pos:1.0 neg:1.6974969843600275E-191 
3311.txt pos neg:0.9999999962457393 pos:3.754260615207865E-9 
1025.txt pos pos:0.9999999999890565 neg:1.0943425893076283E-11 
968.txt pos pos:0.9999999999850155 neg:1.498449151140016E-11 
2762.txt pos pos:0.9979994000275935 neg:0.002000599972406416 
3931.txt pos pos:1.0 neg:2.5736931460698893E-46 
755.txt pos pos:1.0 neg:7.781093209112914E-48 
4366.txt pos pos:1.0 neg:2.6824443748370086E-17 
334.txt pos neg:1.0 pos:4.166390526871808E-46 
1059.txt pos pos:1.0 neg:1.554905086759124E-53 
4160.txt pos pos:1.0 neg:4.194300597523229E-39 
4277.txt pos pos:0.9999999999954183 neg:4.581570399071891E-12 
1803.txt pos pos:1.0 neg:9.328634719750257E-23 
3324.txt pos pos:1.0 neg:1.2759444172887507E-95 
1766.txt pos pos:1.0 neg:7.997821033440641E-21 
1642.txt pos neg:1.0 pos:5.958142047092535E-22 
259.txt pos pos:0.9999999999989815 neg:1.0185597153575228E-12 
2832.txt pos pos:0.9999999999999987 neg:1.4268327256395195E-15 
4095.txt pos pos:1.0 neg:1.2134734474269758E-97 
3358.txt pos pos:1.0 neg:7.584809919151934E-32 
2518.txt pos pos:0.9999999999999998 neg:1.4619232703059588E-16 
805.txt pos neg:0.9999999999940206 pos:5.97934869214675E-12 
1583.txt pos pos:1.0 neg:1.1632608982015569E-82 
1133.txt pos pos:1.0 neg:1.4412093840366652E-20 
198.txt pos pos:1.0 neg:1.215783151785977E-23 
306.txt pos pos:0.9216596799153731 neg:0.07834032008462702 
4354.txt pos pos:1.0 neg:8.184961655103641E-40 
2269.txt pos pos:1.0 neg:2.6493423660460876E-27 
802.txt pos pos:0.9999968692652315 neg:3.1307347685373245E-6 
4167.txt pos pos:0.9999999998696214 neg:1.3037849261276746E-10 
4270.txt pos neg:0.9999999999963294 pos:3.670509912604884E-12 
2102.txt pos pos:1.0 neg:9.695608314860038E-45 
1476.txt pos pos:0.9999999013172767 neg:9.868272341879843E-8 
2911.txt pos pos:1.0 neg:3.389174932282783E-17 
2563.txt pos pos:1.0 neg:2.9397489066375876E-37 
3455.txt pos neg:1.0 pos:1.7103543965383042E-33 
1761.txt pos pos:1.0 neg:2.1783580190378676E-117 
526.txt pos pos:1.0 neg:4.439387587523614E-43 
196.txt pos pos:1.0 neg:3.881883885028848E-31 
631.txt pos pos:1.0 neg:7.041909972833636E-65 
3427.txt pos pos:1.0 neg:2.2202666576423592E-113 
1372.txt pos pos:1.0 neg:5.4300401066275736E-105 
2606.txt pos pos:1.0 neg:9.066544197580007E-55 
2896.txt pos pos:1.0 neg:4.665251012102627E-47 
321.txt neg pos:0.9999999980502641 neg:1.9497358680167687E-9 
3040.txt neg neg:0.9999999999944307 pos:5.569239673243376E-12 
3736.txt neg neg:1.0 pos:8.120654415018882E-64 
825.txt neg neg:1.0 pos:1.3522314369242422E-37 
2517.txt neg neg:1.0 pos:2.513679620271019E-19 
1928.txt neg pos:0.999999999997474 neg:2.526008876365986E-12 
3579.txt neg neg:1.0 pos:4.427183626681136E-59 
2339.txt neg neg:1.0 pos:7.952790515412196E-34 
2758.txt neg neg:1.0 pos:2.6649409860259504E-23 
279.txt neg neg:0.9999999999962157 pos:3.784281620034111E-12 
1769.txt neg neg:1.0 pos:1.0111647838087032E-40 
33.txt neg pos:1.0 neg:1.4964317185532643E-19 
2052.txt neg neg:1.0 pos:1.3578492457523045E-43 
901.txt neg neg:0.9999999999947973 pos:5.202639363170387E-12 
2841.txt neg neg:0.9999999999999996 pos:4.17395077534745E-16 
3273.txt neg neg:1.0 pos:1.347401801531319E-35 
1526.txt neg neg:1.0 pos:1.6713332789376224E-29 
1250.txt neg pos:1.0 neg:8.268570852354504E-38 
2345.txt neg neg:1.0 pos:4.214302197194083E-32 
1196.txt neg neg:1.0 pos:2.283459564666944E-34 
2724.txt neg neg:1.0 pos:3.1545428483541276E-35 
2083.txt neg pos:0.9930396296084149 neg:0.0069603703915851285 
3164.txt neg pos:1.0 neg:8.14007993497767E-56 
3828.txt neg neg:1.0 pos:2.715793469182847E-51 
906.txt neg neg:1.0 pos:1.4274948599287345E-42 
1953.txt neg neg:0.9999997969737503 pos:2.030262497548937E-7 
1286.txt neg neg:1.0 pos:4.842448383889602E-56 
115.txt neg neg:1.0 pos:3.967717385846618E-43 
2897.txt neg neg:0.9999980400340459 pos:1.959965954169946E-6 
2342.txt neg neg:0.9928482574170281 pos:0.007151742582971859 
3970.txt neg neg:0.999999984589425 pos:1.541057507055886E-8 
1191.txt neg neg:1.0 pos:7.067469470167514E-26 
1636.txt neg pos:1.0 neg:1.5111567964989467E-25 
1373.txt neg neg:1.0 pos:3.770089791120736E-46 
2171.txt neg neg:1.0 pos:3.2202326897622154E-20 
450.txt neg neg:0.9999999976154375 pos:2.3845626390662083E-9 
1064.txt neg pos:1.0 neg:3.7946994929232575E-92 
48.txt neg neg:1.0 pos:1.1640595147689698E-39 
4203.txt neg neg:1.0 pos:2.212270246958791E-24 
2448.txt neg neg:1.0 pos:2.1228894191652053E-67 
2214.txt neg neg:1.0 pos:2.5170603819446367E-47 
881.txt neg pos:1.0 neg:1.0516046074701197E-24 
2910.txt neg pos:0.9999999397923319 neg:6.02076680160396E-8 
1477.txt neg neg:1.0 pos:2.07909222406269E-20 
1805.txt neg neg:1.0 pos:6.98468002875958E-100 
908.txt neg neg:0.9999999999999938 pos:6.2651423381473604E-15 
2848.txt neg neg:1.0 pos:2.7448375995744304E-18 
1259.txt neg neg:1.0 pos:8.248723218435255E-19 
3049.txt neg neg:1.0 pos:1.7506897851499873E-47 
328.txt neg neg:1.0 pos:2.1460624909514833E-28 
798.txt neg pos:0.9999999999999993 neg:7.001082418017029E-16 
1879.txt neg neg:1.0 pos:2.2869908442786963E-39 
2027.txt neg neg:0.9989272806103063 pos:0.001072719389693613 
1695.txt neg neg:1.0 pos:8.215877506783597E-23 
1132.txt neg neg:0.9999980906079835 pos:1.9093920164701377E-6 
270.txt neg pos:0.9999999995047772 neg:4.952226767655427E-10 
3388.txt neg neg:0.9999999763602604 pos:2.363973955630113E-8 
459.txt neg pos:0.7033846663683577 neg:0.2966153336316424 
4094.txt neg pos:1.0 neg:4.8904330445153136E-55 
2519.txt neg neg:1.0 pos:1.6815177991235528E-25 
2020.txt neg neg:0.9999999998288298 pos:1.711702426919604E-10 
2787.txt neg neg:1.0 pos:7.43108293908644E-24 
3201.txt neg neg:0.9961557387500446 pos:0.0038442612499553523 
160.txt neg neg:1.0 pos:4.99819263910383E-41 
3453.txt neg neg:0.9999999999941749 pos:5.825060932617301E-12 
353.txt neg neg:0.9973740975301163 pos:0.0026259024698835993 
3032.txt neg neg:1.0 pos:7.895202051949485E-67 
3744.txt neg neg:1.0 pos:6.53777714415093E-32 
382.txt neg neg:1.0 pos:1.0877746322702816E-128 
1011.txt neg neg:1.0 pos:7.890200712381499E-31 
2565.txt neg neg:1.0 pos:3.2234452303024975E-30 
1802.txt neg neg:0.9015517180128519 pos:0.09844828198714811 
1470.txt neg neg:0.9999999999999971 pos:2.888513165682721E-15 
1089.txt neg neg:0.9999999911394163 pos:8.860583680052551E-9 
2763.txt neg neg:0.9999990888939873 pos:9.111060127468369E-7 
2302.txt neg neg:1.0 pos:4.057951161915436E-17 
3930.txt neg neg:1.0 pos:9.721678156074546E-102 
3593.txt neg neg:0.9999999999999998 pos:2.95002167988802E-16 
2806.txt neg neg:1.0 pos:4.2682050635413503E-63 
155.txt neg neg:1.0 pos:1.2870462986389517E-74 
534.txt neg neg:1.0 pos:5.35193288561482E-65 
2550.txt neg neg:1.0 pos:5.969878941075768E-44 
3771.txt neg neg:1.0 pos:1.319413617347318E-106 
410.txt neg neg:1.0 pos:1.7817893589606417E-45 
862.txt neg neg:0.9999999999986455 pos:1.3543905303178728E-12 
1024.txt neg neg:1.0 pos:1.5692991570268086E-19 
1783.txt neg neg:1.0 pos:7.559028031512449E-33 
366.txt neg neg:1.0 pos:2.200467905226924E-41 
707.txt neg pos:1.0 neg:4.158134494095514E-56 
1333.txt neg neg:0.9995351995770574 pos:4.648004229425294E-4 
3466.txt neg neg:1.0 pos:1.2105856904227583E-42 
4243.txt neg neg:1.0 pos:1.7605228228075107E-23 
3248.txt neg neg:1.0 pos:1.06273601459876E-18 
2408.txt neg neg:1.0 pos:7.223050094579868E-47 
3776.txt neg neg:1.0 pos:4.805204448583311E-17 
865.txt neg neg:0.9999958127485763 pos:4.187251423773149E-6 
1755.txt neg pos:1.0 neg:1.3789853452179506E-53 
2640.txt neg neg:0.9962417265789024 pos:0.0037582734210975886 
2221.txt neg neg:1.0 pos:1.1758221041242998E-49 
2379.txt neg neg:1.0 pos:3.588551630530367E-33 
Trial 0 Trainer NaiveBayesTrainer Training Data Confusion Matrix
Confusion Matrix, row=true, column=predicted  accuracy=0.9944444444444445
  label   0   1  |total
  0 pos 892   8  |900
  1 neg   2 898  |900

Trial 0 Trainer NaiveBayesTrainer training data accuracy= 0.9944444444444445
Trial 0 Trainer NaiveBayesTrainer Test Data Confusion Matrix
Confusion Matrix, row=true, column=predicted  accuracy=0.85
  label   0   1  |total
  0 pos  86  14  |100
  1 neg  16  84  |100

Trial 0 Trainer NaiveBayesTrainer test data accuracy= 0.85

NaiveBayesTrainer
Summary. train accuracy mean = 0.9944444444444445 stddev = 0.0 stderr = 0.0
Summary. test accuracy mean = 0.85 stddev = 0.0 stderr = 0.0
