
-------------------- Trial 0  --------------------

Trial 0 Training NaiveBayesTrainer with 1800 instances
Trial 0 Training NaiveBayesTrainer finished
Trial 0 Trainer NaiveBayesTrainer
 Raw Testing Data
2072.txt pos pos:1.0 neg:2.915262502410809E-44 
84.txt pos pos:1.0 neg:2.4959385164587423E-27 
3986.txt pos pos:0.9999999998506259 neg:1.4937409289347788E-10 
1974.txt pos pos:1.0 neg:1.1954494278722018E-48 
1506.txt pos pos:1.0 neg:2.8962139195037517E-148 
4307.txt pos pos:1.0 neg:3.1379777579054604E-25 
384.txt pos neg:0.9999692093407219 pos:3.0790659278210314E-5 
423.txt pos pos:0.9184372950605587 neg:0.08156270493944132 
4010.txt pos pos:1.0 neg:4.891572312620928E-69 
1277.txt pos pos:0.9999999999999991 neg:9.449694531141144E-16 
3192.txt pos pos:1.0 neg:6.444523470520633E-81 
2866.txt pos neg:0.999998787154732 pos:1.2128452680272494E-6 
1501.txt pos pos:0.9999999999999996 neg:4.772931647513007E-16 
1973.txt pos pos:1.0 neg:1.3901980592626568E-43 
329.txt pos neg:1.0 pos:1.6707156408982028E-22 
1044.txt pos neg:0.7181928838618823 pos:0.28180711613811765 
1886.txt pos pos:1.0 neg:2.777967557692432E-37 
799.txt pos pos:1.0 neg:1.690935885247728E-31 
1095.txt pos pos:1.0 neg:1.1336209538302509E-78 
2180.txt pos neg:0.5182490297630448 pos:0.48175097023695523 
3649.txt pos pos:1.0 neg:4.074579888081568E-30 
3228.txt pos pos:0.999999771938431 neg:2.2806156884911478E-7 
2123.txt pos pos:1.0 neg:1.9103500079706443E-105 
1791.txt pos pos:1.0 neg:5.0816111599763587E-23 
1036.txt pos pos:1.0 neg:2.294962901969736E-90 
2593.txt pos pos:1.0 neg:7.201863701706736E-19 
1740.txt pos pos:1.0 neg:9.815287714900232E-58 
907.txt pos pos:1.0 neg:1.0958718379811098E-67 
4375.txt pos pos:1.0 neg:2.373636536568812E-105 
1859.txt pos pos:0.9999999999998901 neg:1.0998777895798244E-13 
3408.txt pos neg:1.0 pos:2.8092971851759904E-30 
3069.txt pos neg:0.5629512290493588 pos:0.4370487709506413 
1205.txt pos pos:0.9999941362070595 neg:5.863792940613705E-6 
3922.txt pos pos:1.0 neg:2.3550887015445247E-33 
790.txt pos pos:1.0 neg:6.163045879873898E-56 
2776.txt pos neg:1.0 pos:1.2605983986228449E-28 
3586.txt pos pos:1.0 neg:1.208843334701089E-32 
3221.txt pos pos:0.9999950791932233 neg:4.920806776732691E-6 
619.txt pos pos:0.5672665218074109 neg:0.4327334781925891 
1574.txt pos neg:0.6423424083631042 pos:0.35765759163689587 
889.txt pos pos:0.9999986972228375 neg:1.3027771625592503E-6 
1450.txt pos neg:0.9999999997744666 pos:2.2553347609946328E-10 
1822.txt pos pos:1.0 neg:5.031192387870493E-18 
1481.txt pos pos:1.0 neg:2.1015626153868136E-68 
1326.txt pos neg:0.9999999999999749 pos:2.4997354785933882E-14 
3012.txt pos pos:0.9998986651466626 neg:1.0133485333742636E-4 
2652.txt pos pos:1.0 neg:1.2587234533325962E-17 
900.txt pos pos:1.0 neg:2.545562115755422E-24 
204.txt pos pos:1.0 neg:4.49739411550397E-34 
4256.txt pos pos:1.0 neg:5.522254438047464E-128 
4050.txt pos pos:1.0 neg:1.2674262628506676E-152 
4347.txt pos pos:1.0 neg:6.722749795847079E-127 
3899.txt pos pos:1.0 neg:5.7547832207645625E-143 
1078.txt pos pos:1.0 neg:4.3894898549401296E-79 
2454.txt pos pos:1.0 neg:2.2759933121311038E-48 
2826.txt pos pos:1.0 neg:1.3113343661043442E-70 
1933.txt pos pos:1.0 neg:5.862919831776094E-26 
3103.txt pos neg:1.0 pos:1.3081816086458932E-28 
949.txt pos pos:1.0 neg:1.4773166455781843E-25 
1590.txt pos pos:1.0 neg:9.50381749825816E-38 
3910.txt pos pos:1.0 neg:4.833686430741036E-31 
2570.txt pos neg:0.9999999999996121 pos:3.8789990162341323E-13 
3751.txt pos pos:1.0 neg:4.017480301526151E-78 
4263.txt pos neg:0.9999988785204662 pos:1.1214795337817938E-6 
1775.txt pos pos:0.9044116417826398 neg:0.09558835821736013 
3833.txt pos pos:1.0 neg:4.746199878577383E-60 
3756.txt pos pos:1.0 neg:8.14377351539948E-36 
1003.txt pos pos:1.0 neg:1.6935461593064797E-19 
932.txt pos pos:1.0 neg:9.697870641681718E-73 
2738.txt pos pos:0.999999999999996 neg:4.083300540547131E-15 
4173.txt pos pos:1.0 neg:1.5375037695439953E-133 
121.txt pos pos:1.0 neg:9.089862977547428E-100 
1999.txt pos pos:0.9999999999055309 neg:9.446913642225132E-11 
464.txt pos pos:1.0 neg:3.7916728346979055E-26 
1709.txt pos pos:1.0 neg:5.312419365236409E-35 
4340.txt pos pos:1.0 neg:1.4281233003195286E-51 
2453.txt pos pos:1.0 neg:6.869851336332757E-29 
1934.txt pos pos:0.9999961616990589 neg:3.838300941089794E-6 
2795.txt pos pos:1.0 neg:1.5661576399438035E-51 
1680.txt pos neg:0.9999999999999063 pos:9.381185937384441E-14 
1127.txt pos pos:1.0 neg:1.443665580759754E-35 
3104.txt pos pos:0.999974416834293 neg:2.5583165707040448E-5 
416.txt pos pos:0.9999999847503194 neg:1.5249680709516594E-8 
864.txt pos pos:1.0 neg:4.415834940785764E-54 
2579.txt pos neg:0.9999999999937899 pos:6.210120357922702E-12 
360.txt pos pos:1.0 neg:6.810831261787935E-73 
3758.txt pos pos:0.9317552716513355 neg:0.0682447283486646 
1293.txt pos pos:1.0 neg:9.705628035378749E-107 
238.txt pos neg:0.999999999996878 pos:3.1218951297328046E-12 
3176.txt pos pos:1.0 neg:1.180826809459402E-78 
2357.txt pos pos:1.0 neg:3.7928417529919447E-177 
3965.txt pos neg:1.0 pos:6.2270715617555834E-24 
2612.txt pos pos:1.0 neg:4.504463485636331E-55 
818.txt pos pos:1.0 neg:1.4702443767329455E-68 
3394.txt pos pos:1.0 neg:5.122672328994431E-19 
2505.txt pos pos:1.0 neg:3.734586403074328E-25 
1862.txt pos neg:1.0 pos:2.660512657625295E-21 
244.txt pos pos:1.0 neg:1.0553380180806449E-50 
532.txt pos pos:1.0 neg:7.462962409110317E-44 
3919.txt pos pos:0.9999999999992883 neg:7.116687016596691E-13 
3714.txt neg neg:0.9665563823766772 pos:0.03344361762332288 
1730.txt neg pos:0.9999999998115168 neg:1.8848329343925859E-10 
1884.txt neg neg:1.0 pos:1.514318834175507E-48 
2295.txt neg neg:1.0 pos:9.48004342470111E-18 
4379.txt neg pos:0.9612998763060094 neg:0.03870012369399057 
1855.txt neg neg:1.0 pos:2.3774880842701954E-66 
3713.txt neg neg:1.0 pos:2.525741202594547E-32 
2153.txt neg neg:1.0 pos:1.103523112052488E-26 
3190.txt neg pos:0.9999999922682666 neg:7.731733369630819E-9 
556.txt neg neg:1.0 pos:3.11926776555387E-61 
587.txt neg pos:0.9999924688128955 neg:7.531187104563444E-6 
2701.txt neg neg:1.0 pos:1.0795998600401369E-66 
3141.txt neg neg:1.0 pos:1.3674287407287344E-29 
1275.txt neg pos:1.0 neg:5.027525301697802E-30 
719.txt neg neg:1.0 pos:1.116245031478E-39 
2097.txt neg neg:1.0 pos:1.1449985086472121E-34 
3170.txt neg pos:0.9947516058953606 neg:0.005248394104639443 
7.txt neg neg:1.0 pos:6.557312859580305E-29 
1532.txt neg neg:1.0 pos:6.35204761348931E-33 
2427.txt neg neg:0.999999925885474 pos:7.411452588657632E-8 
2855.txt neg neg:1.0 pos:9.11856801121736E-26 
1818.txt neg neg:1.0 pos:8.728341843600896E-53 
349.txt neg neg:1.0 pos:9.031989198119993E-39 
4023.txt neg pos:1.0 neg:8.14691063075169E-26 
3449.txt neg pos:1.0 neg:3.328542476717994E-53 
1659.txt neg neg:1.0 pos:7.871529898300598E-42 
969.txt neg neg:1.0 pos:3.971696684627629E-30 
1416.txt neg pos:0.999999907270355 neg:9.272964499646366E-8 
443.txt neg neg:1.0 pos:2.0639700586868608E-20 
3085.txt neg neg:1.0 pos:4.867945379966634E-19 
2162.txt neg neg:1.0 pos:1.9294202652182616E-39 
754.txt neg pos:0.9999999925133275 neg:7.486672628382432E-9 
1598.txt neg neg:0.9999999926903855 pos:7.309614313280375E-9 
1070.txt neg pos:1.0 neg:5.294878664847971E-33 
332.txt neg neg:1.0 pos:3.933647933747142E-42 
2883.txt neg neg:1.0 pos:5.2250896360345086E-46 
3516.txt neg neg:0.9999999851641526 pos:1.4835847434284528E-8 
1243.txt neg pos:1.0 neg:2.5758133222518968E-20 
1947.txt neg neg:1.0 pos:3.2300075592494704E-48 
560.txt neg neg:1.0 pos:3.2423662119814925E-47 
2041.txt neg neg:1.0 pos:3.407595781998841E-26 
20.txt neg neg:0.9999441489222753 pos:5.5851077724658664E-5 
2119.txt neg neg:0.9999999999999998 pos:2.0677357943082313E-16 
3759.txt neg neg:1.0 pos:5.4001952359147285E-30 
438.txt neg pos:0.9743938088304651 neg:0.025606191169534918 
2745.txt neg neg:1.0 pos:1.1494942695936643E-37 
1596.txt neg neg:1.0 pos:1.2392311426871023E-22 
512.txt neg neg:1.0 pos:1.5681091496874228E-20 
3673.txt neg pos:1.0 neg:3.4638795114889307E-18 
2978.txt neg neg:1.0 pos:7.430546519405709E-44 
1369.txt neg neg:1.0 pos:1.4186636089051054E-43 
1998.txt neg neg:1.0 pos:1.2111254834160387E-60 
3518.txt neg neg:1.0 pos:1.768121490293836E-23 
1949.txt neg neg:1.0 pos:2.9298426755873454E-80 
2904.txt neg neg:1.0 pos:5.546462937507256E-56 
3757.txt neg neg:0.9999999997450599 pos:2.5494001600406953E-10 
4175.txt neg neg:0.9999985717291642 pos:1.42827083571173E-6 
3269.txt neg neg:1.0 pos:9.643733786777611E-78 
569.txt neg neg:0.9999999999999978 pos:2.2993317206732292E-15 
3331.txt neg neg:0.9999999991570745 pos:8.429255010058655E-10 
1005.txt neg neg:1.0 pos:2.2985136634003263E-74 
4109.txt neg neg:1.0 pos:3.9637146456458785E-23 
3563.txt neg neg:1.0 pos:4.8051110602550724E-21 
1591.txt neg neg:0.9999999939889694 pos:6.011030455051026E-9 
174.txt neg neg:0.9867630211629258 pos:0.013236978837074245 
2793.txt neg neg:1.0 pos:5.227451296921809E-22 
3674.txt neg neg:1.0 pos:4.4561368494163875E-68 
55.txt neg pos:0.9872245541785784 neg:0.012775445821421634 
3958.txt neg pos:1.0 neg:6.969534697164623E-50 
1327.txt neg neg:0.9999883556135007 pos:1.1644386499167038E-5 
3013.txt neg neg:1.0 pos:3.216574723245929E-34 
2653.txt neg neg:1.0 pos:4.835394364692141E-27 
404.txt neg neg:0.9810017934746967 pos:0.018998206525303332 
1797.txt neg pos:0.9369335314862107 neg:0.0630664685137892 
1823.txt neg pos:1.0 neg:1.338514866221314E-44 
287.txt neg neg:1.0 pos:1.7445430480417939E-29 
520.txt neg neg:0.9999999996642559 pos:3.35744003154398E-10 
141.txt neg neg:1.0 pos:1.985250009410945E-39 
2316.txt neg neg:1.0 pos:3.0642180639905135E-52 
637.txt neg neg:1.0 pos:2.8590910031125207E-49 
190.txt neg pos:0.9999999742682155 neg:2.5731784432147894E-8 
3137.txt neg neg:1.0 pos:1.5433720137905246E-64 
2777.txt neg neg:1.0 pos:8.782247046502445E-44 
3719.txt neg pos:1.0 neg:1.3222509498802816E-26 
3378.txt neg neg:1.0 pos:2.259426829188132E-78 
280.txt neg neg:0.9999999999962386 pos:3.761502375739245E-12 
3646.txt neg neg:1.0 pos:3.930384664126532E-30 
2006.txt neg neg:1.0 pos:6.931315005177042E-35 
1572.txt neg neg:0.9999999999998523 pos:1.4763002116685033E-13 
1900.txt neg neg:1.0 pos:3.157615387720707E-41 
2311.txt neg neg:1.0 pos:9.775209806719154E-44 
3697.txt neg neg:1.0 pos:1.04471968869053E-37 
768.txt neg neg:1.0 pos:1.0638390844067091E-47 
1858.txt neg pos:0.9874944358457661 neg:0.012505564154233779 
4281.txt neg neg:0.9999999988711834 pos:1.1288166940997776E-9 
1278.txt neg neg:1.0 pos:1.4249161465127525E-33 
1619.txt neg neg:1.0 pos:1.0801876880187488E-18 
3014.txt neg neg:0.9999999999488693 pos:5.1130564685953486E-11 
1456.txt neg neg:0.9839179403618337 pos:0.01608205963816643 
2931.txt neg neg:1.0 pos:4.121953809644238E-90 
Trial 0 Trainer NaiveBayesTrainer Training Data Confusion Matrix
Confusion Matrix, row=true, column=predicted  accuracy=0.995
  label   0   1  |total
  0 pos 893   7  |900
  1 neg   2 898  |900

Trial 0 Trainer NaiveBayesTrainer training data accuracy= 0.995
Trial 0 Trainer NaiveBayesTrainer Test Data Confusion Matrix
Confusion Matrix, row=true, column=predicted  accuracy=0.8
  label   0   1  |total
  0 pos  81  19  |100
  1 neg  21  79  |100

Trial 0 Trainer NaiveBayesTrainer test data accuracy= 0.8

NaiveBayesTrainer
Summary. train accuracy mean = 0.995 stddev = 0.0 stderr = 0.0
Summary. test accuracy mean = 0.8 stddev = 0.0 stderr = 0.0
