
-------------------- Trial 0  --------------------

Trial 0 Training NaiveBayesTrainer with 1800 instances
Trial 0 Training NaiveBayesTrainer finished
Trial 0 Trainer NaiveBayesTrainer
 Raw Testing Data
1643.txt pos pos:1.0 neg:2.229327592710029E-17 
1554.txt pos neg:0.9999988711489445 pos:1.1288510554186703E-6 
4352.txt pos neg:1.0 pos:1.3124548539244909E-50 
3359.txt pos pos:1.0 neg:3.1558233374692474E-35 
476.txt pos neg:1.0 pos:4.0771654685935606E-23 
4185.txt pos pos:0.999999997824103 neg:2.1758970724266562E-9 
211.txt pos pos:0.9999333715386177 neg:6.662846138230037E-5 
4154.txt pos pos:1.0 neg:4.53678936293361E-31 
1752.txt pos pos:1.0 neg:4.5571235027582836E-23 
3007.txt pos pos:1.0 neg:3.21457312224301E-35 
398.txt pos pos:1.0 neg:8.764286533136224E-31 
2581.txt pos pos:0.9965726426566172 neg:0.0034273573433828666 
1445.txt pos pos:1.0 neg:1.7621264702148464E-31 
1561.txt pos pos:1.0 neg:1.7357222083563455E-25 
2015.txt pos pos:0.9999999999999982 neg:1.8822908819420003E-15 
3684.txt pos pos:1.0 neg:2.1329998288401846E-49 
1058.txt pos pos:1.0 neg:4.005715415642639E-51 
492.txt pos neg:1.0 pos:1.2746737242797327E-50 
1566.txt pos pos:1.0 neg:5.433985149104678E-46 
1671.txt pos pos:1.0 neg:2.111330136780431E-101 
2305.txt pos pos:1.0 neg:9.239505475790905E-43 
444.txt pos neg:0.9931579937390751 pos:0.0068420062609248445 
495.txt pos neg:1.0 pos:1.1320610308530376E-37 
677.txt pos pos:1.0 neg:5.359504316151725E-81 
4182.txt pos pos:1.0 neg:1.6079981155978548E-48 
4153.txt pos pos:1.0 neg:2.938180350831352E-61 
101.txt pos neg:1.0 pos:5.4161611311685845E-28 
1334.txt pos pos:1.0 neg:3.567842283947686E-61 
1493.txt pos pos:1.0 neg:4.98487954468738E-89 
3813.txt pos pos:1.0 neg:2.2800146077194073E-21 
2586.txt pos pos:1.0 neg:4.0221957928392585E-42 
2557.txt pos pos:1.0 neg:1.1765224804607246E-29 
1442.txt pos pos:1.0 neg:4.0967468742158847E-19 
1568.txt pos pos:1.0 neg:5.033272199766758E-88 
1109.txt pos pos:1.0 neg:6.766976617514086E-21 
264.txt pos neg:0.9999994378728199 pos:5.621271800310378E-7 
4079.txt pos pos:1.0 neg:8.571885588926965E-94 
2632.txt pos neg:1.0 pos:3.8476933048387477E-17 
3413.txt pos pos:1.0 neg:8.453532841188558E-68 
2282.txt pos pos:0.9999999999983502 neg:1.6498901578998015E-12 
3704.txt pos pos:1.0 neg:1.494551258098975E-18 
1051.txt pos pos:0.9999999999999998 neg:2.205034324309053E-16 
679.txt pos pos:1.0 neg:2.191722608021643E-38 
96.txt pos pos:1.0 neg:5.943414283594371E-31 
2401.txt pos pos:0.9999999999958973 neg:4.102828431697821E-12 
2873.txt pos pos:1.0 neg:2.7697187177446787E-47 
1514.txt pos pos:1.0 neg:1.8879985735655178E-61 
2377.txt pos pos:0.9999999999999427 neg:5.729679446762772E-14 
844.txt pos pos:0.9999999999213032 neg:7.869673445408357E-11 
4312.txt pos pos:1.0 neg:1.9853295178403722E-82 
2406.txt pos neg:1.0 pos:9.318213262373814E-25 
3993.txt pos pos:1.0 neg:4.996733809635073E-47 
3180.txt pos neg:1.0 pos:5.424924839901271E-31 
2067.txt pos pos:1.0 neg:3.115792298972673E-24 
1172.txt pos neg:0.9999693913512202 pos:3.060864877978824E-5 
1265.txt pos pos:1.0 neg:5.514625403854966E-43 
40.txt pos neg:0.9706072679947264 pos:0.02939273200527354 
396.txt pos pos:0.9896111735250112 neg:0.010388826474988807 
3468.txt pos neg:0.9999999999999971 pos:2.8230865446255373E-15 
347.txt pos neg:1.0 pos:1.9126514065131347E-20 
602.txt pos neg:0.9993183513716501 pos:6.81648628349855E-4 
2808.txt pos pos:1.0 neg:6.809788161467462E-21 
263.txt pos pos:1.0 neg:4.072649508126337E-22 
967.txt pos pos:1.0 neg:5.305905615272359E-73 
1219.txt pos pos:1.0 neg:3.849854480804201E-20 
1720.txt pos pos:1.0 neg:8.537125101044443E-42 
2950.txt pos neg:1.0 pos:5.603625115219502E-31 
2143.txt pos pos:0.9742756236605221 neg:0.02572437633947794 
2658.txt pos pos:1.0 neg:8.691335049554661E-40 
387.txt pos pos:1.0 neg:6.715109404933874E-36 
3018.txt pos pos:0.9999999999689051 neg:3.1094907992100266E-11 
3953.txt pos pos:1.0 neg:2.562743794545145E-24 
51.txt pos pos:1.0 neg:1.0459238955093721E-138 
1274.txt pos pos:1.0 neg:2.3128824216668455E-127 
3982.txt pos pos:1.0 neg:3.9874099815612356E-83 
2533.txt pos pos:1.0 neg:8.414544999429945E-48 
3373.txt pos pos:1.0 neg:1.903224988739616E-58 
1731.txt pos pos:1.0 neg:3.030983779505384E-71 
3405.txt pos neg:0.9999999992993487 pos:7.006512767263692E-10 
1669.txt pos pos:1.0 neg:5.386857557001056E-37 
1208.txt pos neg:0.9999999999999998 pos:1.4895335136610141E-16 
272.txt pos pos:1.0 neg:2.0596377736408641E-50 
1421.txt pos pos:1.0 neg:2.0682101515727647E-86 
3374.txt pos neg:1.0 pos:7.028236959351251E-20 
2946.txt pos pos:0.9999999999999967 neg:3.2612495064896297E-15 
2623.txt pos pos:0.999999999999797 neg:2.0299130640345167E-13 
2242.txt pos pos:1.0 neg:1.324405974937938E-94 
3928.txt pos pos:1.0 neg:1.6461514889343743E-21 
4227.txt pos pos:1.0 neg:3.5086450378754527E-74 
275.txt pos neg:1.0 pos:2.540174155510267E-19 
2129.txt pos pos:1.0 neg:4.607496838795727E-75 
427.txt pos neg:1.0 pos:2.211769742008394E-27 
209.txt pos neg:1.0 pos:7.719003127149938E-33 
742.txt pos pos:1.0 neg:4.108984074788103E-62 
323.txt pos neg:1.0 pos:1.5169681187946196E-31 
455.txt pos neg:0.9999999422777426 pos:5.772225737825037E-8 
827.txt pos pos:1.0 neg:4.684027447846353E-72 
793.txt pos pos:1.0 neg:4.2043277044964177E-123 
1660.txt pos pos:0.9999999996592501 neg:3.4074988324091486E-10 
3554.txt pos neg:1.0 pos:5.120825059665176E-20 
659.txt neg neg:1.0 pos:8.605971953661187E-53 
3188.txt neg neg:1.0 pos:1.909431845413029E-46 
2958.txt neg neg:1.0 pos:5.346554609737382E-71 
1728.txt neg neg:1.0 pos:9.826009394688033E-17 
2765.txt neg neg:1.0 pos:1.2925187314067114E-31 
2304.txt neg neg:1.0 pos:6.679595947256124E-169 
1211.txt neg neg:1.0 pos:3.229267519490469E-35 
625.txt neg pos:0.9999991293465367 neg:8.706534632965735E-7 
2472.txt neg neg:1.0 pos:2.907129609701234E-32 
1088.txt neg neg:0.956972391802131 pos:0.04302760819786909 
1677.txt neg neg:0.9999995561316796 pos:4.438683204076223E-7 
3543.txt neg neg:1.0 pos:2.5168274610132838E-30 
1216.txt neg pos:0.9842391226567884 neg:0.01576087734321173 
1912.txt neg neg:0.9999999999999998 pos:1.3066753873538064E-16 
947.txt neg neg:1.0 pos:1.0362020431104196E-51 
706.txt neg neg:1.0 pos:2.713294894057657E-29 
2409.txt neg neg:1.0 pos:6.620021646661917E-33 
91.txt neg pos:0.9999965700297714 neg:3.429970228572914E-6 
2179.txt neg pos:0.9999999998887268 neg:1.1127325912331356E-10 
4353.txt neg pos:1.0 neg:1.361492154900524E-20 
972.txt neg neg:1.0 pos:1.0078921661739771E-57 
1927.txt neg neg:1.0 pos:2.0687557284555394E-34 
3200.txt neg neg:1.0 pos:8.579621348372007E-20 
2491.txt neg pos:1.0 neg:1.0373817761355447E-29 
3904.txt neg neg:1.0 pos:7.044498176068209E-33 
3576.txt neg neg:1.0 pos:1.7874436880572277E-17 
1584.txt neg pos:1.0 neg:5.471918316902658E-76 
2757.txt neg neg:1.0 pos:3.511853433801694E-35 
276.txt neg neg:1.0 pos:1.1370909695982712E-29 
2212.txt neg pos:0.9999997213901114 neg:2.7860988869112155E-7 
1307.txt neg neg:0.9999999999999771 pos:2.29629724475648E-14 
1010.txt neg neg:1.0 pos:4.102285502557323E-20 
3745.txt neg neg:1.0 pos:2.6847061468695058E-46 
1471.txt neg neg:1.0 pos:1.3977617633887435E-34 
2916.txt neg neg:1.0 pos:3.943907675570477E-19 
1148.txt neg neg:0.9986860585860836 pos:0.0013139414139164145 
1529.txt neg neg:1.0 pos:5.24302408832452E-28 
2674.txt neg neg:1.0 pos:2.333789302238306E-20 
3793.txt neg neg:1.0 pos:3.0347925443774584E-74 
880.txt neg neg:0.9999997294738835 pos:2.705261163976459E-7 
355.txt neg neg:1.0 pos:1.0051673837655803E-22 
3742.txt neg neg:1.0 pos:8.064009602412816E-51 
1804.txt neg neg:0.9999970601833571 pos:2.9398166429787587E-6 
909.txt neg pos:1.0 neg:1.0622980957099457E-45 
2898.txt neg neg:0.9997280395842063 pos:2.719604157937232E-4 
1878.txt neg neg:0.999999999980054 pos:1.994598731209964E-11 
1920.txt neg pos:0.9999994498640927 neg:5.501359073750497E-7 
1552.txt neg neg:1.0 pos:3.254229491233946E-18 
3571.txt neg neg:0.9999998363520538 pos:1.636479462666815E-7 
2331.txt neg pos:0.8365242022633028 neg:0.1634757977366972 
1224.txt neg neg:1.0 pos:1.3921853427374635E-36 
610.txt neg pos:1.0 neg:1.153632554805709E-21 
2750.txt neg pos:0.999732831783166 neg:2.6716821683402825E-4 
271.txt neg neg:1.0 pos:8.2056852918835445E-22 
3829.txt neg neg:1.0 pos:9.188758133843927E-24 
1019.txt neg neg:1.0 pos:3.19044939251705E-43 
1478.txt neg neg:1.0 pos:6.692795549239943E-27 
1141.txt neg neg:0.9999111875750007 pos:8.881242499925285E-5 
1520.txt neg neg:1.0 pos:1.7554083132724082E-35 
114.txt neg neg:1.0 pos:2.2655199097963198E-41 
2847.txt neg pos:0.6257675440562348 neg:0.37423245594376514 
1983.txt neg pos:1.0 neg:1.6795632706105375E-40 
203.txt neg neg:1.0 pos:2.937015257228476E-47 
2267.txt neg pos:0.9999999999857003 neg:1.4299635237946154E-11 
3380.txt neg neg:1.0 pos:1.2077198877046588E-92 
98.txt neg neg:1.0 pos:6.578506739486433E-30 
1713.txt neg neg:1.0 pos:5.269930914469508E-19 
1065.txt neg neg:1.0 pos:5.694649822380827E-31 
3730.txt neg neg:1.0 pos:1.552466835494347E-18 
1876.txt neg neg:1.0 pos:1.5817128629443738E-32 
797.txt neg neg:1.0 pos:3.287130136037037E-39 
49.txt neg neg:0.9999998856547403 pos:1.1434525974683348E-7 
2028.txt neg neg:1.0 pos:1.0389736444463124E-17 
4202.txt neg neg:1.0 pos:6.0500692647035964E-89 
3420.txt neg neg:1.0 pos:3.1916146912395375E-21 
741.txt neg neg:1.0 pos:2.4824558267054476E-31 
456.txt neg neg:0.9976346303687078 pos:0.002365369631292142 
824.txt neg neg:1.0 pos:8.082153701332179E-20 
1403.txt neg neg:1.0 pos:1.1665507908746286E-44 
4279.txt neg neg:1.0 pos:4.3947430733308626E-82 
1251.txt neg neg:0.9999999999996374 pos:3.626488654135685E-13 
1630.txt neg neg:0.9999999999999996 pos:4.1029814522612675E-16 
3569.txt neg pos:0.9797177897136041 neg:0.020282210286395756 
608.txt neg neg:1.0 pos:4.5003393145308374E-38 
2166.txt neg neg:0.9999999999984261 pos:1.5738529927197521E-12 
3892.txt neg neg:1.0 pos:6.923030207146409E-23 
781.txt neg pos:1.0 neg:4.680010979862576E-73 
674.txt neg neg:1.0 pos:3.00102611396276E-40 
215.txt neg neg:1.0 pos:6.985281679661159E-36 
2734.txt neg neg:1.0 pos:2.7007036237685868E-64 
2423.txt neg neg:1.0 pos:5.456716694480022E-49 
3263.txt neg neg:1.0 pos:2.8516818558425632E-67 
2909.txt neg neg:1.0 pos:1.248126636216441E-44 
898.txt neg neg:1.0 pos:2.1580874658942388E-21 
1779.txt neg neg:1.0 pos:2.910419972916543E-27 
4027.txt neg neg:1.0 pos:6.693298966291464E-81 
2352.txt neg neg:0.9999999999999984 pos:1.6577657028570811E-15 
3512.txt neg neg:0.9999999999999998 pos:2.0684209891666478E-16 
2094.txt neg neg:1.0 pos:1.9354831383975812E-66 
2045.txt neg neg:1.0 pos:4.0936116046619807E-23 
Trial 0 Trainer NaiveBayesTrainer Training Data Confusion Matrix
Confusion Matrix, row=true, column=predicted  accuracy=0.9933333333333333
  label   0   1  |total
  0 pos 889  11  |900
  1 neg   1 899  |900

Trial 0 Trainer NaiveBayesTrainer training data accuracy= 0.9933333333333333
Trial 0 Trainer NaiveBayesTrainer Test Data Confusion Matrix
Confusion Matrix, row=true, column=predicted  accuracy=0.78
  label   0   1  |total
  0 pos  74  26  |100
  1 neg  18  82  |100

Trial 0 Trainer NaiveBayesTrainer test data accuracy= 0.78

NaiveBayesTrainer
Summary. train accuracy mean = 0.9933333333333333 stddev = 0.0 stderr = 0.0
Summary. test accuracy mean = 0.78 stddev = 0.0 stderr = 0.0
