
-------------------- Trial 0  --------------------

Trial 0 Training NaiveBayesTrainer with 1800 instances
Trial 0 Training NaiveBayesTrainer finished
Trial 0 Trainer NaiveBayesTrainer
 Raw Testing Data
74.txt pos neg:0.9999999520324737 pos:4.796752628645562E-8 
1984.txt pos pos:1.0 neg:1.0025489897212495E-61 
2082.txt pos pos:0.6963010757782977 neg:0.3036989242217023 
3165.txt pos pos:1.0 neg:8.989975002936123E-92 
2053.txt pos pos:1.0 neg:7.360921215864305E-22 
2432.txt pos neg:0.9716184567354986 pos:0.028381543264501322 
3272.txt pos neg:0.9999999179849332 pos:8.201506682747313E-8 
1309.txt pos pos:1.0 neg:8.04580403874097E-37 
4036.txt pos pos:1.0 neg:1.869980175574957E-64 
405.txt pos pos:1.0 neg:3.7850733829539226E-24 
877.txt pos neg:0.9999999999999907 pos:9.220914725623728E-15 
3119.txt pos pos:1.0 neg:6.706844581252484E-68 
257.txt pos pos:1.0 neg:1.283087963712468E-50 
2788.txt pos pos:1.0 neg:1.7933042833162747E-51 
982.txt pos pos:1.0 neg:1.6018007558900684E-51 
3090.txt pos pos:0.999999998472358 neg:1.5276420833709706E-9 
3737.txt pos pos:1.0 neg:6.87004862024689E-26 
1871.txt pos pos:1.0 neg:1.5346341504518726E-49 
2516.txt pos pos:1.0 neg:2.5412515462046125E-22 
3387.txt pos pos:1.0 neg:1.0107532308912626E-19 
1375.txt pos pos:1.0 neg:2.5203668372323738E-23 
3041.txt pos pos:1.0 neg:6.083897760621527E-82 
1714.txt pos pos:1.0 neg:1.759847116738501E-86 
1318.txt pos pos:1.0 neg:6.027029343257618E-47 
866.txt pos neg:0.99999997012881 pos:2.9871189930653165E-8 
1291.txt pos neg:1.0 pos:1.8817097047480933E-83 
4268.txt pos pos:1.0 neg:8.727469659027712E-58 
1536.txt pos neg:0.9976147220245619 pos:0.0023852779754380505 
1240.txt pos pos:0.9999999997496527 neg:2.5034734329086895E-10 
1621.txt pos pos:1.0 neg:3.5629581545684854E-47 
2093.txt pos neg:1.0 pos:4.661424487183261E-28 
1705.txt pos pos:1.0 neg:3.2252712298565977E-49 
2507.txt pos pos:1.0 neg:1.3664580154005266E-22 
3347.txt pos pos:1.0 neg:1.664878172198131E-36 
246.txt pos neg:0.9999999999999851 pos:1.4890027185759447E-14 
2799.txt pos pos:1.0 neg:7.16319288834355E-33 
4214.txt pos neg:1.0 pos:2.447799383026267E-19 
2748.txt pos pos:1.0 neg:5.9250001679474987E-67 
297.txt pos neg:1.0 pos:3.8511074312033526E-19 
4103.txt pos pos:1.0 neg:2.5301112982719323E-115 
2617.txt pos pos:1.0 neg:1.044258327813145E-41 
3721.txt pos pos:1.0 neg:3.0645374042406766E-25 
3895.txt pos pos:1.0 neg:8.399904996271111E-81 
778.txt pos pos:1.0 neg:1.4050060946723582E-24 
994.txt pos pos:1.0 neg:2.3519566547806144E-59 
4213.txt pos neg:1.0 pos:3.5680844040139405E-24 
1008.txt pos pos:1.0 neg:5.302249342800562E-62 
4337.txt pos pos:1.0 neg:1.2138531770857014E-49 
2383.txt pos neg:0.999996248945577 pos:3.7510544229052483E-6 
1531.txt pos pos:1.0 neg:2.882461565945958E-42 
1943.txt pos pos:1.0 neg:4.3951325102087E-28 
1247.txt pos pos:0.999999999999845 neg:1.5497207483944394E-13 
2887.txt pos neg:0.9884757750436937 pos:0.01152422495630631 
4178.txt pos neg:0.6134832236586709 pos:0.3865167763413291 
1626.txt pos pos:1.0 neg:5.4186809489117984E-33 
2619.txt pos neg:1.0 pos:1.800082211956609E-21 
776.txt pos pos:1.0 neg:1.6878576022960608E-94 
3677.txt pos pos:1.0 neg:2.4393201214479318E-60 
1931.txt pos pos:1.0 neg:6.932300001635087E-31 
1592.txt pos pos:1.0 neg:1.6929653844079964E-86 
3912.txt pos pos:1.0 neg:4.1009673442061224E-31 
3560.txt pos pos:1.0 neg:9.387105094625779E-29 
2320.txt pos pos:1.0 neg:1.765414976083042E-95 
158.txt pos pos:1.0 neg:9.957573727073234E-72 
1311.txt pos pos:1.0 neg:1.6650261306513076E-182 
3025.txt pos neg:0.9999999999996925 pos:3.074762266521603E-13 
2113.txt pos neg:1.0 pos:3.154124799858554E-61 
2900.txt pos neg:1.0 pos:1.0379259996873982E-21 
4339.txt pos pos:1.0 neg:7.452674495592814E-61 
2858.txt pos pos:0.9999999346613333 neg:6.533866675321561E-8 
652.txt pos pos:1.0 neg:1.92701465647799E-65 
683.txt pos pos:1.0 neg:1.6636752639514916E-96 
545.txt pos pos:1.0 neg:1.1016118158625397E-17 
4176.txt pos neg:0.9999999999999905 pos:9.505578656892986E-15 
1777.txt pos pos:1.0 neg:2.66429850055758E-47 
868.txt pos neg:0.999999879431782 pos:1.2056821786356927E-7 
3754.txt pos neg:1.0 pos:2.4516583501695508E-26 
3335.txt pos pos:1.0 neg:1.1009604940686414E-29 
684.txt pos pos:0.9999999651236614 neg:3.487633853599363E-8 
814.txt pos pos:1.0 neg:4.44444765299041E-38 
1682.txt pos pos:1.0 neg:2.5750570329895617E-62 
2823.txt pos pos:1.0 neg:1.0209551869051764E-45 
629.txt pos pos:1.0 neg:2.2126585152182623E-27 
1544.txt pos pos:1.0 neg:1.1059578792606998E-18 
1595.txt pos pos:0.7188049141937651 neg:0.28119508580623487 
17.txt pos pos:0.9999999999999789 neg:2.1043898558397047E-14 
359.txt pos neg:1.0 pos:7.221692941479664E-27 
2686.txt pos pos:1.0 neg:6.148000524791773E-93 
3761.txt pos neg:1.0 pos:6.743470263722278E-24 
116.txt pos pos:0.9886724992830233 neg:0.011327500716976895 
4282.txt pos pos:1.0 neg:3.710980845689017E-42 
201.txt pos pos:1.0 neg:4.813163063917111E-46 
3639.txt pos neg:0.9995199760941108 pos:4.8002390588908184E-4 
821.txt pos pos:1.0 neg:3.09552154851364E-25 
453.txt pos neg:0.9999023122541801 pos:9.768774581986877E-5 
1099.txt pos pos:0.9999999956996963 neg:4.300303691520199E-9 
795.txt pos pos:1.0 neg:6.672241688204699E-18 
1903.txt pos pos:1.0 neg:6.676847240233734E-19 
3645.txt pos pos:0.999998961204364 neg:1.0387956359940525E-6 
454.txt pos pos:1.0 neg:5.7898521043900233E-36 
1968.txt neg neg:1.0 pos:7.064453228917805E-84 
2959.txt neg neg:0.9999999999999998 pos:3.133070761682193E-16 
73.txt neg neg:1.0 pos:2.824637802737228E-46 
2764.txt neg neg:1.0 pos:7.791000064073637E-34 
1210.txt neg neg:1.0 pos:1.1569210999654055E-82 
183.txt neg neg:0.9902204917156842 pos:0.009779508284315817 
3937.txt neg neg:1.0 pos:3.127319711305584E-51 
4238.txt neg neg:1.0 pos:7.872569654602971E-22 
294.txt neg neg:1.0 pos:1.4722269856775635E-31 
533.txt neg neg:1.0 pos:6.550125536556746E-124 
2559.txt neg neg:0.9999999999999996 pos:4.991167152546957E-16 
2138.txt neg neg:1.0 pos:1.9156403847625457E-40 
3778.txt neg neg:0.5452728522318403 pos:0.4547271477681597 
4005.txt neg neg:1.0 pos:2.227012195909743E-28 
3156.txt neg neg:1.0 pos:1.7431883651651797E-45 
2716.txt neg pos:1.0 neg:1.7961583357819667E-21 
656.txt neg neg:0.9999999999986404 pos:1.359548341526801E-12 
3945.txt neg neg:1.0 pos:1.170186971762131E-28 
2957.txt neg neg:1.0 pos:5.183626542550336E-78 
2144.txt neg neg:1.0 pos:9.08527219025643E-90 
465.txt neg neg:1.0 pos:8.880874204373022E-32 
1727.txt neg pos:1.0 neg:6.0877531576925426E-30 
772.txt neg pos:0.6881649755307854 neg:0.31183502446921463 
1893.txt neg neg:0.7761225899525671 pos:0.22387741004743292 
1346.txt neg pos:1.0 neg:8.142035746317322E-30 
2986.txt neg neg:1.0 pos:1.2685480680452387E-51 
1845.txt neg pos:1.0 neg:2.2608056213956567E-17 
1056.txt neg neg:1.0 pos:3.5636220557654365E-55 
314.txt neg neg:1.0 pos:1.0091729149025725E-34 
1087.txt neg neg:1.0 pos:4.3688081202265136E-20 
2635.txt neg pos:1.0 neg:1.3731553302816856E-67 
775.txt neg neg:1.0 pos:9.553905891743506E-51 
1678.txt neg neg:0.999999999999998 pos:1.9126527128916804E-15 
1839.txt neg neg:1.0 pos:1.4698176416254604E-50 
3009.txt neg neg:1.0 pos:8.649722477372971E-57 
4002.txt neg neg:1.0 pos:2.0528457243461544E-31 
230.txt neg neg:0.9999999997671976 pos:2.3280237289308738E-10 
1604.txt neg neg:1.0 pos:1.1701521390869077E-81 
2711.txt neg neg:1.0 pos:9.81135075686266E-50 
651.txt neg neg:1.0 pos:2.8162730376881884E-123 
3942.txt neg pos:1.0 neg:1.0517182888185622E-16 
3246.txt neg neg:1.0 pos:5.163700773235259E-27 
127.txt neg neg:1.0 pos:1.4152245624193446E-56 
1513.txt neg neg:1.0 pos:1.0325166156131998E-37 
4220.txt neg neg:1.0 pos:7.323005889276184E-49 
3064.txt neg pos:0.9958220263023319 neg:0.004177973697668172 
1096.txt neg neg:0.9999999999964215 pos:3.5784277443131123E-12 
3877.txt neg pos:1.0 neg:6.107883208026333E-17 
2990.txt neg neg:1.0 pos:2.3399741475067894E-48 
1885.txt neg neg:1.0 pos:1.6398566782231509E-18 
764.txt neg neg:1.0 pos:1.447469519826983E-41 
4378.txt neg pos:0.9805347487864093 neg:0.01946525121359069 
1502.txt neg neg:0.9999999999988523 pos:1.147770561864915E-12 
2417.txt neg neg:1.0 pos:1.78717714063945E-50 
2361.txt neg pos:0.9874492018089368 neg:0.012550798191063146 
379.txt neg neg:1.0 pos:1.3002439218382288E-66 
1828.txt neg neg:1.0 pos:1.9554717947868624E-31 
3985.txt neg neg:1.0 pos:1.5388340682693421E-50 
2862.txt neg neg:1.0 pos:6.578380418362983E-34 
2410.txt neg neg:1.0 pos:1.2643710904653953E-52 
3631.txt neg neg:1.0 pos:7.058637537701551E-42 
3196.txt neg neg:1.0 pos:5.12940376917563E-35 
3147.txt neg neg:0.9999999999999996 pos:5.336085565719381E-16 
1273.txt neg pos:0.9999999999993809 neg:6.19003176401023E-13 
2599.txt neg neg:0.9999999993759368 pos:6.240633319489433E-10 
4303.txt neg neg:1.0 pos:2.3808249230363393E-23 
1091.txt neg neg:0.9999992082534823 pos:7.917465176155774E-7 
2997.txt neg neg:1.0 pos:2.903177662736332E-57 
3402.txt neg neg:1.0 pos:1.5882766579956946E-27 
1882.txt neg neg:1.0 pos:1.627122477084476E-21 
2534.txt neg neg:1.0 pos:1.2186969353522123E-19 
474.txt neg neg:1.0 pos:1.043167868395955E-56 
1040.txt neg neg:0.9782171911018912 pos:0.02178280889810885 
3715.txt neg neg:0.9999308999445926 pos:6.910005540727049E-5 
3528.txt neg neg:1.0 pos:2.6767603044768403E-50 
2368.txt neg neg:0.9999999999999958 pos:4.1321712902287066E-15 
370.txt neg neg:1.0 pos:1.2937834656572784E-26 
1744.txt neg neg:1.0 pos:3.517040400200678E-47 
1453.txt neg neg:1.0 pos:8.385510102721466E-44 
3306.txt neg neg:1.0 pos:4.49583246790403E-55 
3767.txt neg neg:1.0 pos:6.714521045212591E-42 
2680.txt neg pos:0.9999998158489912 neg:1.8415100861784613E-7 
143.txt neg neg:0.9999999999999998 pos:1.1591479704568869E-16 
4229.txt neg neg:1.0 pos:1.2460645635341374E-19 
3692.txt neg neg:1.0 pos:5.265755151294421E-25 
254.txt neg neg:1.0 pos:1.719666363461751E-49 
2314.txt neg neg:1.0 pos:1.1890107095968254E-35 
808.txt neg neg:1.0 pos:1.2987314051578138E-37 
1902.txt neg pos:0.9999999970204181 neg:2.9795819130623974E-9 
986.txt neg neg:1.0 pos:2.2569271950835137E-80 
2313.txt neg neg:1.0 pos:1.9990818720451386E-47 
3553.txt neg neg:1.0 pos:3.015011843534239E-39 
195.txt neg neg:1.0 pos:6.303192923998518E-28 
1206.txt neg neg:0.999999999988763 pos:1.1236941094259402E-11 
3879.txt neg pos:0.867670252860321 neg:0.13232974713967902 
1049.txt neg neg:1.0 pos:5.090666643596955E-57 
138.txt neg pos:0.999999769135449 neg:2.3086455097871426E-7 
4283.txt neg neg:1.0 pos:6.019441648575302E-53 
3016.txt neg neg:1.0 pos:5.335391430430591E-28 
3477.txt neg neg:1.0 pos:3.535866222480486E-42 
Trial 0 Trainer NaiveBayesTrainer Training Data Confusion Matrix
Confusion Matrix, row=true, column=predicted  accuracy=0.995
  label   0   1  |total
  0 pos 892   8  |900
  1 neg   1 899  |900

Trial 0 Trainer NaiveBayesTrainer training data accuracy= 0.995
Trial 0 Trainer NaiveBayesTrainer Test Data Confusion Matrix
Confusion Matrix, row=true, column=predicted  accuracy=0.79
  label   0   1  |total
  0 pos  74  26  |100
  1 neg  16  84  |100

Trial 0 Trainer NaiveBayesTrainer test data accuracy= 0.79

NaiveBayesTrainer
Summary. train accuracy mean = 0.995 stddev = 0.0 stderr = 0.0
Summary. test accuracy mean = 0.79 stddev = 0.0 stderr = 0.0
