
-------------------- Trial 0  --------------------

Trial 0 Training NaiveBayesTrainer with 1800 instances
Trial 0 Training NaiveBayesTrainer finished
Trial 0 Trainer NaiveBayesTrainer
 Raw Testing Data
832.txt pos neg:1.0 pos:3.796985191772917E-43 
440.txt pos neg:0.5539327699692103 pos:0.44606723003078974 
757.txt pos pos:1.0 neg:2.0347183260141508E-45 
1171.txt pos pos:1.0 neg:3.3537556315021E-50 
3990.txt pos pos:1.0 neg:2.2062350005044955E-34 
43.txt pos pos:1.0 neg:5.411046777666158E-240 
1499.txt pos neg:1.0 pos:1.3952722254820769E-34 
432.txt pos pos:1.0 neg:3.7015354527090556E-55 
260.txt pos pos:0.9999999999999425 neg:5.755754550905428E-14 
177.txt pos pos:0.9999999999778502 neg:2.2149885711145126E-11 
3689.txt pos neg:0.60977017808321 pos:0.39022982191678995 
2982.txt pos neg:1.0 pos:4.294514152104236E-36 
2140.txt pos neg:1.0 pos:9.295391865391017E-27 
2286.txt pos pos:0.9999999999932363 neg:6.763730698760725E-12 
2953.txt pos pos:1.0 neg:3.0914307659360103E-32 
606.txt pos pos:1.0 neg:3.4766121728679456E-48 
3548.txt pos pos:0.7219866168464225 neg:0.2780133831535775 
170.txt pos pos:1.0 neg:6.562396337745877E-32 
2250.txt pos pos:1.0 neg:5.2505335984616005E-80 
1345.txt pos pos:1.0 neg:1.9907823625034668E-36 
449.txt pos neg:0.9999999999999987 pos:1.2998831523068728E-15 
1433.txt pos pos:1.0 neg:5.456279004339951E-71 
2954.txt pos pos:0.9999999999978972 neg:2.1027303435233924E-12 
3184.txt pos pos:1.0 neg:2.2361745010938282E-39 
3997.txt pos pos:1.0 neg:8.236273994509869E-63 
3534.txt pos pos:1.0 neg:1.7740814080235436E-61 
3293.txt pos pos:0.9999999999628162 neg:3.7183836079297455E-11 
2374.txt pos pos:1.0 neg:4.817300947267875E-52 
44.txt pos pos:1.0 neg:1.3921027628011558E-54 
1600.txt pos pos:1.0 neg:3.3687186377093523E-21 
1789.txt pos pos:1.0 neg:2.825303055040404E-57 
3435.txt pos pos:1.0 neg:5.338044888806163E-37 
1360.txt pos pos:1.0 neg:2.277196480492252E-53 
4348.txt pos pos:1.0 neg:3.585151594340373E-163 
2503.txt pos pos:1.0 neg:6.346224498800945E-38 
623.txt pos pos:1.0 neg:1.1066126002303877E-35 
2829.txt pos neg:0.9989388040484565 pos:0.001061195951543465 
4.txt pos neg:1.0 pos:5.0763307111726965E-76 
4210.txt pos pos:1.0 neg:2.7207045695061303E-56 
997.txt pos pos:1.0 neg:1.2225132306813325E-32 
4107.txt pos neg:1.0 pos:1.5175546005441165E-17 
3498.txt pos neg:0.9709485587418668 pos:0.029051441258133193 
1295.txt pos neg:0.9999999999999036 pos:9.630630532069173E-14 
2380.txt pos neg:1.0 pos:3.599887906227918E-19 
2046.txt pos pos:1.0 neg:1.9013442224296055E-118 
129.txt pos pos:1.0 neg:2.179214293343812E-34 
2884.txt pos pos:1.0 neg:9.625953494042969E-91 
1991.txt pos pos:1.0 neg:4.1093227693356445E-44 
1244.txt pos neg:0.999997933012747 pos:2.0669872531336975E-6 
3338.txt pos neg:1.0 pos:7.991733108749973E-25 
1292.txt pos pos:1.0 neg:1.194103851200702E-47 
2852.txt pos pos:0.9999939763591056 neg:6.023640894426568E-6 
2737.txt pos neg:0.6677188471262436 pos:0.33228115287375626 
2356.txt pos pos:1.0 neg:2.8409113417272037E-18 
66.txt pos neg:0.9594460647945071 pos:0.040553935205492865 
3964.txt pos pos:1.0 neg:6.124110695770217E-106 
1996.txt pos neg:0.9999999999999978 pos:2.294579110661412E-15 
819.txt pos pos:1.0 neg:1.378682197630291E-24 
3432.txt pos neg:1.0 pos:2.0875293411384973E-37 
3840.txt pos pos:1.0 neg:3.801486519306912E-43 
1367.txt pos neg:0.9999999973122808 pos:2.6877191126605725E-9 
1863.txt pos pos:0.9999973039610359 neg:2.696038963972106E-6 
2976.txt pos pos:0.9987438935303193 neg:0.0012561064696806398 
3082.txt pos pos:1.0 neg:9.62174903419634E-39 
624.txt pos pos:1.0 neg:2.5357800972824204E-23 
1549.txt pos pos:1.0 neg:8.806148188178665E-75 
4217.txt pos pos:1.0 neg:8.044289751143306E-49 
990.txt pos pos:1.0 neg:3.258226348935562E-97 
941.txt pos pos:0.9999999999922522 neg:7.74775686189937E-12 
3918.txt pos pos:1.0 neg:1.3851996594311452E-51 
1774.txt pos pos:0.9978556486312895 neg:0.0021443513687105066 
3832.txt pos neg:0.9925200198156202 pos:0.007479980184379815 
3491.txt pos neg:0.9753777499865292 pos:0.02462225001347088 
4265.txt pos pos:0.9999999999996778 neg:3.2220736085719E-13 
237.txt pos pos:1.0 neg:2.644676150201484E-29 
590.txt pos neg:1.0 pos:1.5326021750338902E-18 
541.txt pos pos:1.0 neg:1.551744992185331E-47 
3179.txt pos neg:0.9999881490830644 pos:1.1850916935499758E-5 
68.txt pos pos:1.0 neg:6.8495210336749225E-62 
1708.txt pos pos:0.999999996968441 neg:3.031559057729639E-9 
4341.txt pos pos:1.0 neg:7.14344871622211E-57 
1547.txt pos pos:1.0 neg:4.0802156498550974E-20 
4219.txt pos pos:1.0 neg:1.6320013085347222E-62 
2452.txt pos pos:1.0 neg:2.5742712662802906E-63 
2033.txt pos pos:1.0 neg:1.6700678347091955E-74 
2794.txt pos pos:0.9999999999158213 neg:8.41785969463578E-11 
3105.txt pos neg:1.0 pos:5.437680419557436E-19 
1231.txt pos pos:0.999999988750338 neg:1.1249662030298309E-8 
4051.txt pos pos:0.9999999999999998 neg:1.448077006830468E-16 
810.txt pos pos:1.0 neg:4.331572883668845E-83 
462.txt pos pos:1.0 neg:2.8269415767871296E-128 
3898.txt pos neg:0.9999508977684262 pos:4.9102231573880594E-5 
1418.txt pos pos:1.0 neg:6.475052740784134E-98 
4080.txt pos neg:1.0 pos:1.4653576883048918E-20 
2455.txt pos pos:1.0 neg:7.797182202850287E-43 
2827.txt pos pos:1.0 neg:6.046732566144236E-62 
1121.txt pos pos:1.0 neg:3.5863133135278883E-38 
3102.txt pos neg:0.7114649550596711 pos:0.28853504494032883 
1657.txt pos pos:1.0 neg:1.0328720173984567E-26 
13.txt pos neg:1.0 pos:8.26162011230178E-33 
2560.txt neg neg:1.0 pos:1.5803197716377645E-27 
3741.txt neg neg:1.0 pos:1.7662438269297853E-18 
2088.txt neg neg:1.0 pos:1.1808827898995078E-56 
4357.txt neg pos:0.9237927604278221 neg:0.07620723957217791 
4091.txt neg neg:1.0 pos:5.3074206994745906E-20 
2444.txt neg neg:1.0 pos:2.7997407093125777E-29 
2025.txt neg neg:1.0 pos:2.147708634245226E-38 
3665.txt neg neg:1.0 pos:1.519182062782576E-64 
976.txt neg neg:1.0 pos:4.3047749459671215E-93 
1130.txt neg neg:1.0 pos:1.0170484260757837E-65 
1646.txt neg neg:1.0 pos:4.847362465230641E-33 
3113.txt neg neg:1.0 pos:1.1515990880105005E-54 
2753.txt neg neg:1.0 pos:1.7521692252054396E-32 
613.txt neg pos:1.0 neg:5.061762260871077E-25 
2495.txt neg neg:1.0 pos:3.5477966596869977E-60 
1378.txt neg neg:1.0 pos:8.477454633006265E-26 
2969.txt neg neg:1.0 pos:2.009970565083928E-23 
2443.txt neg pos:0.9999999973713873 neg:2.628612585565681E-9 
3662.txt neg neg:1.0 pos:4.899811046506089E-29 
2022.txt neg neg:1.0 pos:4.002463450677244E-19 
1690.txt neg pos:0.999999999999962 neg:3.807139930754133E-14 
1137.txt neg neg:1.0 pos:1.0852185466768196E-22 
503.txt neg neg:1.0 pos:2.853760802659418E-55 
1587.txt neg neg:0.7677427396503507 pos:0.2322572603496493 
3907.txt neg neg:1.0 pos:3.7787290482720085E-45 
884.txt neg neg:1.0 pos:8.325349018713942E-19 
3797.txt neg neg:1.0 pos:1.5013439646009978E-52 
730.txt neg neg:0.9999999999616533 pos:3.834662125087336E-11 
3451.txt neg neg:0.9999999999999962 pos:3.728976821416136E-15 
2915.txt neg neg:1.0 pos:1.8519784016527338E-78 
1800.txt neg neg:1.0 pos:4.077612882149091E-24 
380.txt neg neg:1.0 pos:1.4052894866447346E-77 
1958.txt neg pos:0.9989432436801834 neg:0.0010567563198167153 
1989.txt neg neg:1.0 pos:3.222121491983595E-39 
3384.txt neg neg:1.0 pos:3.7993768570141534E-35 
2967.txt neg neg:0.9999999999999982 pos:1.8794751716714357E-15 
2515.txt neg neg:1.0 pos:3.293143995917159E-88 
2174.txt neg neg:1.0 pos:1.8416670920393227E-77 
3093.txt neg neg:0.9999999999999938 pos:6.3210475256995004E-15 
1558.txt neg neg:1.0 pos:3.2930127157448185E-29 
1589.txt neg neg:0.9999999999999949 pos:5.149733401194571E-15 
4322.txt neg neg:1.0 pos:1.6637574159236088E-24 
2431.txt neg neg:0.9999994604624041 pos:5.395375959150351E-7 
110.txt neg neg:1.0 pos:2.9375577506707654E-27 
3166.txt neg neg:1.0 pos:5.998244454062321E-35 
3975.txt neg neg:1.0 pos:4.851456489132432E-36 
3039.txt neg neg:1.0 pos:1.095634075347568E-26 
117.txt neg neg:1.0 pos:2.8965759718558717E-18 
1284.txt neg neg:1.0 pos:2.3515262201812792E-27 
904.txt neg neg:1.0 pos:9.244386844652025E-37 
576.txt neg neg:1.0 pos:2.296008470705988E-26 
3161.txt neg neg:0.999999941705937 pos:5.829406316270354E-8 
1980.txt neg pos:1.0 neg:1.5343925387347066E-18 
3972.txt neg neg:1.0 pos:1.6294953879604493E-48 
483.txt neg neg:0.99999983809595 pos:1.6190405000840414E-7 
3424.txt neg neg:0.615403788753656 pos:0.3845962112463441 
1875.txt neg neg:1.0 pos:3.553594585221754E-24 
3733.txt neg neg:1.0 pos:4.909323363468933E-41 
978.txt neg neg:1.0 pos:2.0618228092677082E-79 
553.txt neg neg:1.0 pos:5.7539348827279475E-77 
921.txt neg neg:1.0 pos:1.952118580286705E-35 
2861.txt neg neg:1.0 pos:1.4567574084038059E-52 
644.txt neg neg:1.0 pos:1.6077926798812857E-21 
3144.txt neg neg:1.0 pos:4.6268782787127273E-29 
4300.txt neg neg:1.0 pos:4.7290755523374386E-40 
2939.txt neg neg:1.0 pos:4.9595176696501176E-24 
288.txt neg neg:1.0 pos:2.1669808693876256E-50 
3588.txt neg neg:0.9999985322495795 pos:1.4677504204408244E-6 
2778.txt neg neg:1.0 pos:2.841527054373462E-18 
3138.txt neg neg:1.0 pos:3.40018834730072E-26 
301.txt neg neg:1.0 pos:4.2394372182876486E-21 
1043.txt neg neg:1.0 pos:3.4106997460321387E-68 
2290.txt neg neg:1.0 pos:2.668643525753336E-78 
2537.txt neg neg:1.0 pos:1.2977965680926336E-34 
1850.txt neg neg:0.9999986450897226 pos:1.3549102772901328E-6 
2009.txt neg neg:1.0 pos:5.254876529742017E-41 
149.txt neg neg:1.0 pos:2.0244810822973694E-48 
4134.txt neg neg:1.0 pos:1.770374628115365E-53 
1353.txt neg neg:1.0 pos:7.423889090782407E-38 
3874.txt neg neg:0.9021049954183562 pos:0.09789500458164385 
2297.txt neg neg:1.0 pos:1.2654395351178613E-24 
1857.txt neg neg:0.9999999999981202 pos:1.8799248005776737E-12 
2075.txt neg neg:1.0 pos:6.167680999165878E-54 
3635.txt neg neg:1.0 pos:3.2501737773727437E-25 
4199.txt neg neg:1.0 pos:4.020386890752581E-29 
2414.txt neg neg:1.0 pos:7.188898989815442E-23 
692.txt neg neg:0.773292143211959 pos:0.22670785678804095 
643.txt neg neg:1.0 pos:1.3336805579932667E-44 
1038.txt neg neg:1.0 pos:2.099413724740945E-31 
3647.txt neg neg:1.0 pos:2.996353098115387E-55 
281.txt neg pos:0.9992618919174107 neg:7.381080825893692E-4 
2814.txt neg neg:0.999999082670793 pos:9.173292071182509E-7 
250.txt neg neg:1.0 pos:7.155828810197448E-50 
2771.txt neg neg:1.0 pos:8.032479450073187E-61 
3696.txt neg neg:1.0 pos:7.421458979982907E-55 
3131.txt neg neg:0.9999999999999933 pos:6.627847685385029E-15 
308.txt neg neg:0.9999999999999998 pos:2.68777636527826E-16 
2299.txt neg neg:1.0 pos:7.300185704488123E-44 
4197.txt neg pos:0.9790491764315788 neg:0.020950823568421206 
4146.txt neg neg:1.0 pos:7.054488229371453E-28 
Trial 0 Trainer NaiveBayesTrainer Training Data Confusion Matrix
Confusion Matrix, row=true, column=predicted  accuracy=0.9933333333333333
  label   0   1  |total
  0 pos 890  10  |900
  1 neg   2 898  |900

Trial 0 Trainer NaiveBayesTrainer training data accuracy= 0.9933333333333333
Trial 0 Trainer NaiveBayesTrainer Test Data Confusion Matrix
Confusion Matrix, row=true, column=predicted  accuracy=0.815
  label   0   1  |total
  0 pos  71  29  |100
  1 neg   8  92  |100

Trial 0 Trainer NaiveBayesTrainer test data accuracy= 0.815

NaiveBayesTrainer
Summary. train accuracy mean = 0.9933333333333333 stddev = 0.0 stderr = 0.0
Summary. test accuracy mean = 0.815 stddev = 0.0 stderr = 0.0
