
-------------------- Trial 0  --------------------

Trial 0 Training NaiveBayesTrainer with 1800 instances
Trial 0 Training NaiveBayesTrainer finished
Trial 0 Trainer NaiveBayesTrainer
 Raw Testing Data
826.txt pos pos:0.999174081062178 neg:8.259189378221541E-4 
1358.txt pos pos:1.0 neg:3.648652697476177E-32 
1794.txt pos neg:0.9986069632702668 pos:0.0013930367297333012 
1745.txt pos pos:0.9999999974766727 neg:2.5233272978018285E-9 
2650.txt pos neg:0.9999733318344246 pos:2.666816557543335E-5 
428.txt pos pos:1.0 neg:7.029831772100702E-60 
3010.txt pos neg:1.0 pos:1.0249980055062773E-20 
3803.txt pos neg:1.0 pos:5.572339906928324E-19 
3375.txt pos pos:0.9999999999999998 neg:1.4379411717565633E-16 
2154.txt pos neg:1.0 pos:4.441342784652463E-23 
1041.txt pos pos:1.0 neg:4.687263661468469E-102 
1090.txt pos pos:1.0 neg:3.3933373964179904E-26 
3871.txt pos pos:1.0 neg:1.5321840674794646E-37 
4226.txt pos pos:1.0 neg:2.6653481180881276E-58 
615.txt pos pos:1.0 neg:1.967044543442788E-96 
1119.txt pos pos:1.0 neg:1.0869628275418395E-39 
3309.txt pos pos:1.0 neg:5.4459908232586654E-18 
2598.txt pos pos:1.0 neg:1.7649200160641984E-149 
1504.txt pos pos:0.9999999999999987 neg:1.3479944196187925E-15 
208.txt pos pos:1.0 neg:1.1137083534231457E-29 
2070.txt pos pos:0.9999998392418122 neg:1.6075818772092192E-7 
1165.txt pos neg:0.9994163902480038 pos:5.83609751996196E-4 
4305.txt pos pos:1.0 neg:3.012902937965056E-21 
882.txt pos neg:0.9999999999204414 pos:7.955850838605071E-11 
853.txt pos neg:1.0 pos:1.929319908183238E-19 
421.txt pos pos:0.9999981261948536 neg:1.873805146487297E-6 
3019.txt pos pos:1.0 neg:4.338661771619916E-71 
1971.txt pos pos:1.0 neg:1.9599915471980558E-49 
2077.txt pos pos:0.9999988983373729 neg:1.1016626271336464E-6 
1046.txt pos pos:1.0 neg:1.3626588611690287E-55 
1097.txt pos pos:1.0 neg:5.246426303120019E-128 
3065.txt pos pos:1.0 neg:9.344610305116855E-35 
1351.txt pos pos:1.0 neg:2.158322119785016E-34 
2244.txt pos pos:1.0 neg:2.1463615772282092E-21 
1668.txt pos pos:1.0 neg:2.3621329100021522E-43 
612.txt pos pos:0.9999999795368948 neg:2.0463105291535697E-8 
3505.txt pos pos:1.0 neg:6.16164920775666E-22 
75.txt pos pos:1.0 neg:6.247080099449827E-65 
2890.txt pos neg:1.0 pos:9.93482816166016E-59 
1147.txt pos neg:1.0 pos:3.5675894725097454E-24 
2433.txt pos pos:0.9999999999999996 neg:4.354820772421207E-16 
713.txt pos pos:1.0 neg:5.983389792391155E-59 
4037.txt pos neg:0.99999952289426 pos:4.771057399492213E-7 
952.txt pos pos:1.0 neg:3.7908693010997263E-28 
4113.txt pos pos:1.0 neg:2.584227366800467E-73 
983.txt pos pos:1.0 neg:2.2912743108389833E-57 
4204.txt pos pos:1.0 neg:8.654438819115341E-23 
2176.txt pos pos:1.0 neg:1.09296804158347E-60 
3357.txt pos pos:0.9999999999999785 neg:2.1529682482131017E-14 
3882.txt pos pos:1.0 neg:2.0291176745755858E-110 
1374.txt pos pos:1.0 neg:9.983676117672803E-22 
3386.txt pos pos:1.0 neg:6.990676140255612E-35 
146.txt pos neg:0.9999959501741658 pos:4.04982583417807E-6 
955.txt pos pos:1.0 neg:2.654108205825899E-19 
4114.txt pos pos:1.0 neg:2.27629385853032E-34 
984.txt pos pos:0.9999975664435713 neg:2.4335564287176345E-6 
3208.txt pos pos:1.0 neg:9.242459152588336E-148 
630.txt pos pos:1.0 neg:1.0938526619987379E-46 
309.txt pos pos:1.0 neg:2.796182068593981E-41 
1405.txt pos pos:1.0 neg:8.529921978158976E-44 
3854.txt pos neg:0.9999999999999547 pos:4.5381353724322706E-14 
3426.txt pos pos:1.0 neg:1.1667913793668629E-55 
3381.txt pos pos:1.0 neg:2.227768027005438E-39 
3047.txt pos pos:0.9999999999999891 neg:1.0820235765967413E-14 
1982.txt pos pos:1.0 neg:5.053901054693782E-56 
1257.txt pos pos:0.999999999976968 neg:2.30320509915937E-11 
3502.txt pos pos:1.0 neg:3.8114821350567855E-21 
4168.txt pos neg:0.9985530118646527 pos:0.001446988135347365 
929.txt pos pos:0.9091935727056889 neg:0.09080642729431106 
2055.txt pos pos:1.0 neg:2.2965691432648604E-48 
4327.txt pos pos:1.0 neg:8.460055388654657E-111 
403.txt pos pos:1.0 neg:2.146209652412251E-26 
1225.txt pos pos:1.0 neg:4.19546063717404E-48 
2497.txt pos neg:1.0 pos:2.918160444850118E-28 
1644.txt pos pos:1.0 neg:6.966615829085724E-26 
2751.txt pos pos:0.9996384948522025 neg:3.615051477974853E-4 
529.txt pos pos:0.9999995886006625 neg:4.1139933749052813E-7 
2780.txt pos pos:1.0 neg:8.887194643692698E-58 
4093.txt pos pos:1.0 neg:7.076851298064113E-19 
3098.txt pos pos:1.0 neg:2.290875724630121E-65 
3428.txt pos pos:1.0 neg:5.344485705665734E-23 
2899.txt pos neg:0.9999999999461608 pos:5.383909186166518E-11 
693.txt pos pos:1.0 neg:6.254998142302644E-53 
4166.txt pos pos:1.0 neg:9.325150676447018E-30 
584.txt pos pos:1.0 neg:1.356812343987103E-37 
223.txt pos pos:1.0 neg:1.9358662004037933E-40 
4271.txt pos pos:1.0 neg:9.205433284855856E-121 
642.txt pos pos:1.0 neg:1.065385077845694E-78 
1016.txt pos pos:1.0 neg:6.086146908198273E-56 
3826.txt pos pos:1.0 neg:1.8730831224448223E-26 
3792.txt pos pos:1.0 neg:9.762833872367838E-68 
133.txt pos neg:0.9803488875420571 pos:0.01965111245794302 
4276.txt pos pos:1.0 neg:4.885255110357762E-39 
645.txt pos pos:0.8924819980017651 neg:0.10751800199823501 
2104.txt pos pos:1.0 neg:3.390752251057747E-34 
3482.txt pos pos:1.0 neg:5.6706029762242136E-42 
1767.txt pos neg:1.0 pos:4.234512461707524E-24 
3795.txt pos pos:1.0 neg:7.542502264041443E-56 
878.txt pos pos:1.0 neg:1.7126003681534982E-103 
3905.txt pos neg:1.0 pos:1.5864050880548415E-33 
716.txt neg neg:1.0 pos:8.276523255346866E-50 
1454.txt neg neg:1.0 pos:4.2324499745126105E-48 
3301.txt neg neg:0.9999999999999987 pos:1.4202067074033084E-15 
2933.txt neg neg:1.0 pos:1.891537028311181E-37 
2541.txt neg neg:1.0 pos:2.5195771499946822E-71 
3914.txt neg neg:0.9999999998982783 pos:1.0172178337347502E-10 
1233.txt neg neg:1.0 pos:1.45534190628772E-22 
1594.txt neg neg:1.0 pos:5.171884301367162E-35 
2747.txt neg neg:1.0 pos:2.0347562898000895E-32 
2796.txt neg pos:0.9999999999669298 neg:3.307027240797111E-11 
448.txt neg neg:1.0 pos:9.652681652292048E-89 
50.txt neg neg:1.0 pos:2.5367479547297856E-36 
3348.txt neg neg:1.0 pos:4.7643706425394295E-63 
3399.txt neg pos:0.9999999999530602 neg:4.693978828677895E-11 
4267.txt neg neg:1.0 pos:3.808982550815925E-78 
3334.txt neg neg:1.0 pos:4.207656766445667E-53 
1776.txt neg neg:1.0 pos:9.329683308512237E-74 
1629.txt neg neg:1.0 pos:2.710444538690525E-34 
919.txt neg pos:1.0 neg:6.106640428528276E-38 
4260.txt neg pos:1.0 neg:9.612671931723107E-35 
1814.txt neg neg:1.0 pos:4.766117571711545E-62 
1466.txt neg neg:1.0 pos:1.5688207040621617E-27 
2573.txt neg pos:1.0 neg:1.2957240877195405E-62 
2901.txt neg neg:1.0 pos:2.453946361025896E-30 
3333.txt neg neg:1.0 pos:1.1173668326773664E-33 
2205.txt neg neg:1.0 pos:1.4391431142887195E-59 
3913.txt neg neg:1.0 pos:6.038151058010173E-31 
2321.txt neg neg:1.0 pos:1.72617677122301E-48 
600.txt neg neg:1.0 pos:3.033593799811437E-27 
261.txt neg neg:0.99999999997579 pos:2.4210016495449954E-11 
3217.txt neg neg:0.9997552773347016 pos:2.447226652983396E-4 
1868.txt neg neg:1.0 pos:3.3024093518795975E-44 
3058.txt neg pos:0.9572191756480215 neg:0.04278082435197853 
672.txt neg neg:1.0 pos:5.998950723498519E-34 
1993.txt neg neg:1.0 pos:7.809174780494389E-38 
3172.txt neg neg:1.0 pos:4.75278180090901E-53 
2732.txt neg neg:1.0 pos:6.066616599915512E-69 
213.txt neg neg:1.0 pos:3.7737459458740035E-33 
5.txt neg neg:1.0 pos:6.1101408797312704E-86 
917.txt neg neg:1.0 pos:2.4983031761742575E-45 
2425.txt neg pos:0.9329765165810862 neg:0.06702348341891379 
2459.txt neg neg:0.9999999999999825 pos:1.7446759988932903E-14 
3087.txt neg neg:1.0 pos:5.8959649928363E-50 
1414.txt neg neg:0.999997319633258 pos:2.68036674206522E-6 
3341.txt neg neg:1.0 pos:1.3330339088165214E-27 
3894.txt neg neg:1.0 pos:9.163209258179259E-32 
2501.txt neg neg:0.7889498554964332 pos:0.2110501445035667 
3390.txt neg neg:0.9999788801247069 pos:2.1119875292945602E-5 
756.txt neg pos:0.8355340078121689 neg:0.16446599218783106 
2616.txt neg neg:0.7765405956752358 pos:0.22345940432476433 
337.txt neg neg:1.0 pos:1.828122203347638E-58 
4102.txt neg neg:1.0 pos:1.6004814411280243E-118 
1939.txt neg neg:1.0 pos:4.003459760856276E-49 
3080.txt neg neg:1.0 pos:1.2574956783309854E-21 
3727.txt neg neg:1.0 pos:2.3702405585210302E-48 
780.txt neg neg:0.9999999999285705 pos:7.142947774570314E-11 
1861.txt neg neg:1.0 pos:4.150958856912581E-22 
3893.txt neg pos:1.0 neg:2.4379745921668175E-21 
1365.txt neg neg:1.0 pos:1.7795120759701094E-17 
1704.txt neg neg:1.0 pos:6.128167174719182E-23 
2881.txt neg neg:0.999999999999603 pos:3.970958777708035E-13 
2354.txt neg pos:0.9527536819520973 neg:0.04724631804790269 
1241.txt neg neg:0.9999999999999178 pos:8.223680332919935E-14 
2.txt neg neg:1.0 pos:3.759614804704366E-45 
562.txt neg neg:1.0 pos:1.0982130935583918E-22 
910.txt neg pos:0.9999999999999989 neg:1.049366002107768E-15 
2043.txt neg pos:0.9999999999983007 neg:1.6993054910888705E-12 
2908.txt neg neg:1.0 pos:4.497807232913404E-17 
2523.txt neg neg:1.0 pos:9.24499567695069E-28 
2951.txt neg neg:1.0 pos:9.52479745713906E-46 
3074.txt neg neg:1.0 pos:4.539536866203561E-55 
3415.txt neg neg:1.0 pos:1.1181953333616724E-47 
998.txt neg neg:1.0 pos:1.2445645051223214E-50 
1679.txt neg neg:1.0 pos:7.995487321469098E-24 
4314.txt neg neg:1.0 pos:6.7443859990149535E-71 
2648.txt neg neg:1.0 pos:7.90887574665416E-18 
2710.txt neg neg:1.0 pos:2.1241656796522865E-47 
126.txt neg neg:1.0 pos:1.2981036538156957E-48 
2139.txt neg neg:1.0 pos:3.438822064830646E-24 
3157.txt neg neg:1.0 pos:6.7245262558561525E-40 
1602.txt neg neg:1.0 pos:6.26828541443223E-57 
236.txt neg neg:1.0 pos:1.899337456881057E-40 
591.txt neg neg:1.0 pos:2.5212762501405563E-74 
3944.txt neg neg:1.0 pos:5.067163462269877E-43 
657.txt neg neg:0.99999999999999 pos:1.0023933949395628E-14 
3995.txt neg neg:0.9999999999990059 pos:9.940339591531328E-13 
2872.txt neg pos:1.0 neg:9.670269277677717E-38 
2061.txt neg neg:1.0 pos:1.996602450224291E-40 
1431.txt neg neg:1.0 pos:1.446177491150189E-43 
2283.txt neg neg:1.0 pos:2.8198196820506554E-33 
816.txt neg neg:0.9988729066751547 pos:0.0011270933248454203 
312.txt neg neg:0.9999551438803802 pos:4.4856119619799904E-5 
2987.txt neg neg:1.0 pos:3.8386126894795136E-25 
1108.txt neg neg:1.0 pos:2.138235196034165E-77 
1785.txt neg neg:1.0 pos:6.939788670439934E-35 
2690.txt neg neg:1.0 pos:1.4603882932436323E-53 
2641.txt neg neg:1.0 pos:9.159561574783629E-64 
1754.txt neg neg:1.0 pos:1.7422598126077458E-38 
1335.txt neg neg:1.0 pos:3.3776658219023285E-33 
3159.txt neg neg:0.9999947913997747 pos:5.2086002253449794E-6 
Trial 0 Trainer NaiveBayesTrainer Training Data Confusion Matrix
Confusion Matrix, row=true, column=predicted  accuracy=0.9966666666666667
  label   0   1  |total
  0 pos 894   6  |900
  1 neg   . 900  |900

Trial 0 Trainer NaiveBayesTrainer training data accuracy= 0.9966666666666667
Trial 0 Trainer NaiveBayesTrainer Test Data Confusion Matrix
Confusion Matrix, row=true, column=predicted  accuracy=0.84
  label   0   1  |total
  0 pos  81  19  |100
  1 neg  13  87  |100

Trial 0 Trainer NaiveBayesTrainer test data accuracy= 0.84

NaiveBayesTrainer
Summary. train accuracy mean = 0.9966666666666667 stddev = 0.0 stderr = 0.0
Summary. test accuracy mean = 0.84 stddev = 0.0 stderr = 0.0
