
-------------------- Trial 0  --------------------

Trial 0 Training MaxEntTrainer,gaussianPriorVariance=1.0 with 1800 instances
Trial 0 Training MaxEntTrainer,gaussianPriorVariance=1.0 finished
Trial 0 Trainer MaxEntTrainer,gaussianPriorVariance=1.0
 Raw Testing Data
cv345_9954.txt pos pos:0.5798523309103953 neg:0.42014766908960477 
cv347_13194.txt pos pos:0.5176418487554056 neg:0.4823581512445944 
cv515_17069.txt pos pos:0.5099408967989921 neg:0.4900591032010079 
cv762_15604.txt neg pos:0.5334205616678226 neg:0.4665794383321774 
cv682_17947.txt neg pos:0.5281812812259539 neg:0.47181871877404624 
cv818_10698.txt neg pos:0.5307336762290794 neg:0.4692663237709206 
cv853_29233.txt pos pos:0.5142589553459919 neg:0.48574104465400814 
cv424_9268.txt neg pos:0.5409863930109516 neg:0.4590136069890484 
cv741_11890.txt pos pos:0.5158577122011291 neg:0.484142287798871 
cv867_18362.txt neg pos:0.5241994608846935 neg:0.47580053911530645 
cv170_3006.txt pos pos:0.5116063084617031 neg:0.48839369153829687 
cv981_16679.txt neg pos:0.5370177418776111 neg:0.4629822581223889 
cv296_13146.txt neg pos:0.5261321581524053 neg:0.47386784184759456 
cv958_12162.txt pos pos:0.5212344269780884 neg:0.4787655730219116 
cv097_26081.txt neg pos:0.529096485572469 neg:0.47090351442753103 
cv729_10154.txt pos pos:0.5452791613106592 neg:0.45472083868934077 
cv084_15183.txt neg pos:0.5233011570214764 neg:0.4766988429785236 
cv214_12294.txt pos pos:0.5187302687735933 neg:0.4812697312264067 
cv063_28997.txt pos pos:0.5071320039138989 neg:0.49286799608610116 
cv020_8825.txt pos pos:0.5158651917396161 neg:0.4841348082603839 
cv215_22240.txt pos pos:0.5156136851676266 neg:0.48438631483237343 
cv073_21785.txt pos pos:0.5246260023410976 neg:0.4753739976589025 
cv689_12587.txt pos pos:0.516949022540291 neg:0.4830509774597091 
cv908_17779.txt neg pos:0.5333188477849053 neg:0.46668115221509465 
cv339_21119.txt pos pos:0.5180446679055177 neg:0.4819553320944823 
cv682_16139.txt pos pos:0.5215795193404789 neg:0.47842048065952114 
cv099_11189.txt neg pos:0.5246673506806117 neg:0.47533264931938835 
cv075_6500.txt pos pos:0.5146563638827566 neg:0.48534363611724346 
cv344_5312.txt pos pos:0.5152832661009912 neg:0.4847167338990088 
cv129_16741.txt pos pos:0.5161596982384183 neg:0.48384030176158166 
cv816_15257.txt neg pos:0.5219110580977595 neg:0.47808894190224055 
cv237_19221.txt pos pos:0.5161027768910441 neg:0.48389722310895594 
cv399_28593.txt neg pos:0.5228451100666563 neg:0.47715488993334365 
cv519_14661.txt pos pos:0.5561305875140102 neg:0.44386941248598977 
cv033_24444.txt pos pos:0.5328073250754817 neg:0.4671926749245184 
cv743_15449.txt pos pos:0.5377234967207798 neg:0.4622765032792201 
cv819_9567.txt neg pos:0.5234354588112732 neg:0.4765645411887269 
cv566_8967.txt neg pos:0.520459950413645 neg:0.479540049586355 
cv562_10847.txt neg pos:0.5282441074777017 neg:0.4717558925222984 
cv522_5418.txt neg pos:0.5098920742226909 neg:0.4901079257773091 
cv646_15065.txt pos pos:0.5251477125150579 neg:0.47485228748494224 
cv846_29497.txt pos pos:0.5407317945795346 neg:0.4592682054204653 
cv101_10537.txt neg pos:0.5284751010147336 neg:0.4715248989852663 
cv558_29376.txt neg pos:0.509902378845407 neg:0.49009762115459293 
cv566_8581.txt pos pos:0.5209446542588708 neg:0.47905534574112923 
cv861_12809.txt neg pos:0.5108446579004445 neg:0.48915534209955536 
cv902_12256.txt pos pos:0.535314085160951 neg:0.464685914839049 
cv271_15364.txt neg pos:0.5228902637556611 neg:0.47710973624433894 
cv531_26486.txt pos pos:0.5229749815415162 neg:0.4770250184584838 
cv122_7392.txt pos pos:0.5440134960879819 neg:0.45598650391201806 
cv700_23163.txt neg pos:0.5189020391697166 neg:0.48109796083028333 
cv851_20469.txt pos pos:0.5161956808125358 neg:0.48380431918746425 
cv269_23018.txt neg pos:0.5419454887370835 neg:0.4580545112629165 
cv013_10494.txt neg pos:0.5377928837656508 neg:0.4622071162343491 
cv766_7540.txt pos pos:0.5191249392120572 neg:0.4808750607879428 
cv185_28654.txt pos pos:0.5182336625406797 neg:0.4817663374593203 
cv166_11052.txt pos pos:0.5350529340551448 neg:0.46494706594485524 
cv545_12848.txt neg pos:0.5138884032115806 neg:0.4861115967884194 
cv968_25413.txt neg pos:0.5179789905014751 neg:0.482021009498525 
cv178_12972.txt pos pos:0.5270890287332376 neg:0.47291097126676235 
cv891_6035.txt neg pos:0.5290976821823966 neg:0.47090231781760333 
cv161_11425.txt pos pos:0.5061250284273238 neg:0.49387497157267624 
cv385_29621.txt neg pos:0.5127039259535183 neg:0.4872960740464816 
cv736_23670.txt pos pos:0.5255309677137627 neg:0.4744690322862372 
cv910_21930.txt neg pos:0.5277756291267924 neg:0.4722243708732076 
cv705_11059.txt pos pos:0.5157771503535368 neg:0.4842228496464632 
cv229_13611.txt pos pos:0.5049627973302049 neg:0.49503720266979506 
cv375_9932.txt neg pos:0.516132591255238 neg:0.48386740874476203 
cv992_11962.txt pos pos:0.5657122540873136 neg:0.43428774591268626 
cv061_9321.txt neg pos:0.5380501496360454 neg:0.4619498503639546 
cv459_21834.txt neg pos:0.5354842129664705 neg:0.4645157870335295 
cv199_9721.txt neg pos:0.5203004744337426 neg:0.47969952556625733 
cv553_26965.txt neg pos:0.5191575497392305 neg:0.4808424502607695 
cv483_16378.txt pos pos:0.5202818004208692 neg:0.4797181995791308 
cv378_21982.txt neg pos:0.5276043136814469 neg:0.47239568631855317 
cv768_11751.txt pos pos:0.5251610319518015 neg:0.4748389680481985 
cv223_28923.txt neg pos:0.5273788414701407 neg:0.4726211585298593 
cv532_6522.txt pos pos:0.5383859179849396 neg:0.4616140820150603 
cv325_18330.txt neg pos:0.5199117162691953 neg:0.4800882837308047 
cv975_11920.txt neg pos:0.5531393420617026 neg:0.44686065793829743 
cv788_25272.txt pos pos:0.5124689311260852 neg:0.4875310688739148 
cv961_5578.txt neg pos:0.5146492088576406 neg:0.48535079114235924 
cv689_13701.txt neg pos:0.5200829499311099 neg:0.47991705006889 
cv618_9469.txt neg pos:0.5180365053721018 neg:0.48196349462789817 
cv964_6021.txt pos pos:0.5290699549350588 neg:0.47093004506494124 
cv193_5416.txt pos pos:0.5189103462455023 neg:0.48108965375449775 
cv159_29505.txt pos pos:0.5220054032997913 neg:0.4779945967002087 
cv644_18551.txt neg pos:0.5156457975723048 neg:0.4843542024276952 
cv150_12916.txt pos pos:0.5211770437253408 neg:0.4788229562746592 
cv312_29308.txt neg pos:0.5220543728228854 neg:0.47794562717711464 
cv186_2269.txt pos pos:0.5252651481633684 neg:0.4747348518366315 
cv779_18989.txt neg pos:0.5016340628835758 neg:0.49836593711642424 
cv924_29397.txt neg pos:0.5149400836046041 neg:0.4850599163953959 
cv526_12868.txt neg pos:0.5493838739367288 neg:0.45061612606327117 
cv005_29357.txt neg pos:0.5226594248690819 neg:0.47734057513091804 
cv808_12635.txt pos pos:0.525874095171298 neg:0.4741259048287019 
cv130_18521.txt neg pos:0.5091614709970989 neg:0.4908385290029011 
cv111_12253.txt neg pos:0.5282489119521913 neg:0.4717510880478087 
cv089_12222.txt neg pos:0.5209741047446819 neg:0.479025895255318 
cv722_7110.txt pos pos:0.5122909628820553 neg:0.4877090371179447 
cv430_18662.txt neg pos:0.5268055601405714 neg:0.4731944398594286 
cv678_14887.txt neg pos:0.5095134378776751 neg:0.4904865621223248 
cv052_29318.txt neg pos:0.5114167107693269 neg:0.4885832892306731 
cv903_17822.txt pos pos:0.5255673558548033 neg:0.4744326441451967 
cv388_12009.txt pos pos:0.5187810287286091 neg:0.4812189712713909 
cv878_15694.txt pos pos:0.5377284682143121 neg:0.4622715317856878 
cv040_8829.txt neg pos:0.5111166770238854 neg:0.48888332297611464 
cv227_24215.txt pos pos:0.5228813032258057 neg:0.4771186967741942 
cv466_20092.txt neg pos:0.5124165969261889 neg:0.48758340307381104 
cv008_29435.txt pos pos:0.5069585921150157 neg:0.49304140788498435 
cv144_5010.txt neg pos:0.5225819001275387 neg:0.4774180998724613 
cv956_11609.txt pos pos:0.530451326200645 neg:0.46954867379935505 
cv102_8306.txt neg pos:0.519178779036212 neg:0.480821220963788 
cv264_12801.txt pos pos:0.5182069487135927 neg:0.48179305128640737 
cv038_9781.txt neg pos:0.5203136429607581 neg:0.4796863570392419 
cv092_27987.txt neg pos:0.5216175268709755 neg:0.4783824731290245 
cv806_8842.txt pos pos:0.5288125975413258 neg:0.47118740245867424 
cv302_26481.txt neg pos:0.5535678337685032 neg:0.4464321662314969 
cv830_6014.txt pos pos:0.5216451677759558 neg:0.4783548322240443 
cv422_9381.txt pos pos:0.52086333078115 neg:0.47913666921885006 
cv628_19325.txt pos pos:0.5194815051788368 neg:0.4805184948211632 
cv699_7773.txt neg pos:0.5202036189663705 neg:0.4797963810336295 
cv565_29572.txt pos pos:0.5097754136502002 neg:0.4902245863497998 
cv049_20471.txt pos pos:0.5166530902391794 neg:0.4833469097608206 
cv075_6250.txt neg pos:0.512560142485616 neg:0.487439857514384 
cv511_10360.txt neg pos:0.5435968765200198 neg:0.45640312347998024 
cv152_9052.txt neg pos:0.5115283748595182 neg:0.48847162514048176 
cv059_28885.txt pos pos:0.5291711704848384 neg:0.4708288295151617 
cv277_20467.txt neg pos:0.5141937514296061 neg:0.48580624857039395 
cv492_18271.txt pos pos:0.5388348591479348 neg:0.46116514085206517 
cv205_9457.txt pos pos:0.5235912870839513 neg:0.47640871291604875 
cv170_29808.txt neg pos:0.5243142406019359 neg:0.4756857593980641 
cv764_12701.txt neg pos:0.5156236753265607 neg:0.4843763246734393 
cv652_15653.txt neg pos:0.5373319702604841 neg:0.46266802973951593 
cv796_15782.txt pos pos:0.5265450965349008 neg:0.4734549034650992 
cv488_21453.txt neg pos:0.5278090073903536 neg:0.47219099260964636 
cv940_18935.txt neg pos:0.5054838338381591 neg:0.4945161661618409 
cv663_13019.txt pos pos:0.5297825834844175 neg:0.4702174165155825 
cv236_12427.txt neg pos:0.5248705455090507 neg:0.47512945449094934 
cv811_21386.txt pos pos:0.5215261371708985 neg:0.47847386282910154 
cv378_20629.txt pos pos:0.5128027287310764 neg:0.4871972712689237 
cv911_21695.txt neg pos:0.5244334753127741 neg:0.4755665246872259 
cv078_16506.txt neg pos:0.5314736853373617 neg:0.4685263146626383 
cv088_25274.txt neg pos:0.5118647658965464 neg:0.4881352341034536 
cv775_16237.txt pos pos:0.5122638696766236 neg:0.4877361303233764 
cv886_18177.txt pos pos:0.5158904319166691 neg:0.48410956808333094 
cv648_17277.txt neg pos:0.520864178352319 neg:0.47913582164768104 
cv173_4295.txt neg pos:0.5097881788105111 neg:0.4902118211894888 
cv076_26009.txt neg pos:0.5109075778472394 neg:0.48909242215276055 
cv536_27221.txt neg pos:0.5184143528418631 neg:0.4815856471581369 
cv385_29741.txt pos pos:0.5163240772598409 neg:0.48367592274015914 
cv648_15792.txt pos pos:0.5257131879677792 neg:0.4742868120322208 
cv331_8273.txt pos pos:0.524971322849698 neg:0.4750286771503019 
cv231_11028.txt neg pos:0.5382135320704852 neg:0.4617864679295148 
cv467_26610.txt neg pos:0.5185784918936027 neg:0.4814215081063972 
cv073_23039.txt neg pos:0.5183490815182166 neg:0.4816509184817835 
cv698_15253.txt pos pos:0.5439931831162204 neg:0.4560068168837797 
cv411_15007.txt pos pos:0.547377547251387 neg:0.45262245274861296 
cv376_19435.txt pos pos:0.5183174691088104 neg:0.4816825308911897 
cv851_21895.txt neg pos:0.5172614411584305 neg:0.48273855884156947 
cv421_9709.txt pos pos:0.5662206030033534 neg:0.4337793969966466 
cv574_22156.txt pos pos:0.521072668637472 neg:0.4789273313625279 
cv679_28221.txt neg pos:0.5120650354099386 neg:0.4879349645900613 
cv760_8597.txt pos pos:0.5070941645479298 neg:0.49290583545207023 
cv293_29856.txt pos pos:0.5114501321135139 neg:0.4885498678864862 
cv512_15965.txt pos pos:0.5721359820253603 neg:0.4278640179746397 
cv333_8916.txt pos pos:0.5330237227067391 neg:0.46697627729326097 
cv721_28993.txt neg pos:0.5235175066899107 neg:0.4764824933100892 
cv316_5972.txt neg pos:0.525487359753643 neg:0.474512640246357 
cv503_10558.txt pos pos:0.5536427764709964 neg:0.4463572235290037 
cv140_7963.txt neg pos:0.5453950520911885 neg:0.4546049479088115 
cv067_19774.txt pos pos:0.5187705633199364 neg:0.4812294366800636 
cv481_7436.txt pos pos:0.5147115987604493 neg:0.4852884012395508 
cv970_18450.txt pos pos:0.5160437732412213 neg:0.4839562267587788 
cv181_16083.txt neg pos:0.5168986090862886 neg:0.4831013909137114 
cv872_12591.txt pos pos:0.543043893844006 neg:0.4569561061559939 
cv339_22452.txt neg pos:0.520599824523483 neg:0.479400175476517 
cv443_22367.txt neg pos:0.5165046099641099 neg:0.48349539003589015 
cv835_20531.txt neg pos:0.5333643132857073 neg:0.46663568671429273 
cv579_12542.txt neg pos:0.5188023962671482 neg:0.4811976037328518 
cv774_15488.txt neg pos:0.5199551202253613 neg:0.4800448797746388 
cv549_22771.txt neg pos:0.5233404535236608 neg:0.4766595464763393 
cv873_18636.txt pos pos:0.53885687790933 neg:0.46114312209067004 
cv324_7082.txt pos pos:0.5245434843171592 neg:0.47545651568284075 
cv598_18184.txt neg pos:0.5165385348635652 neg:0.4834614651364348 
cv164_23451.txt neg pos:0.517070347504534 neg:0.48292965249546604 
cv945_13012.txt neg pos:0.5146259956869242 neg:0.4853740043130758 
cv954_19932.txt neg pos:0.5226752326616367 neg:0.4773247673383634 
cv708_28539.txt neg pos:0.5153846620803872 neg:0.48461533791961275 
cv468_16844.txt neg pos:0.5209925026631541 neg:0.4790074973368459 
cv643_29282.txt neg pos:0.5208125704667841 neg:0.47918742953321597 
cv888_24435.txt pos pos:0.5283466587885013 neg:0.4716533412114987 
cv420_28795.txt pos pos:0.5203478998353689 neg:0.4796521001646311 
cv423_11155.txt pos pos:0.5332500806972251 neg:0.46674991930277476 
cv334_10001.txt pos pos:0.5373147427515939 neg:0.4626852572484062 
cv137_15422.txt pos pos:0.5180269210209973 neg:0.48197307897900266 
cv360_8398.txt pos pos:0.5192293642580889 neg:0.4807706357419112 
cv554_13151.txt pos pos:0.5276702089550779 neg:0.47232979104492223 
cv969_13250.txt pos pos:0.516815856605158 neg:0.4831841433948419 
cv223_29066.txt pos pos:0.5202305643238888 neg:0.47976943567611113 
Trial 0 Trainer MaxEntTrainer,gaussianPriorVariance=1.0 Training Data Confusion Matrix
Confusion Matrix, row=true, column=predicted  accuracy=0.5
  label   0   1  |total
  0 neg   . 900  |900
  1 pos   . 900  |900

Trial 0 Trainer MaxEntTrainer,gaussianPriorVariance=1.0 training data accuracy= 0.5
Trial 0 Trainer MaxEntTrainer,gaussianPriorVariance=1.0 Test Data Confusion Matrix
Confusion Matrix, row=true, column=predicted  accuracy=0.5
  label   0   1  |total
  0 neg   . 100  |100
  1 pos   . 100  |100

Trial 0 Trainer MaxEntTrainer,gaussianPriorVariance=1.0 test data accuracy= 0.5

MaxEntTrainer,gaussianPriorVariance=1.0
Summary. train accuracy mean = 0.5 stddev = 0.0 stderr = 0.0
Summary. test accuracy mean = 0.5 stddev = 0.0 stderr = 0.0
