
-------------------- Trial 0  --------------------

Trial 0 Training MaxEntTrainer,gaussianPriorVariance=1.0 with 1800 instances
Trial 0 Training MaxEntTrainer,gaussianPriorVariance=1.0 finished
Trial 0 Trainer MaxEntTrainer,gaussianPriorVariance=1.0
 Raw Testing Data
cv133_18065.txt neg pos:0.5152990178927811 neg:0.4847009821072189 
cv478_15921.txt neg pos:0.5466537180308323 neg:0.45334628196916765 
cv782_19526.txt pos pos:0.5288269283279942 neg:0.47117307167200595 
cv112_11193.txt pos pos:0.5360542271882348 neg:0.46394577281176513 
cv408_5297.txt pos pos:0.5246503923634747 neg:0.4753496076365254 
cv011_12166.txt pos pos:0.5224120516268155 neg:0.4775879483731846 
cv367_24065.txt neg pos:0.5448683571361793 neg:0.4551316428638207 
cv348_18176.txt pos pos:0.5086018776148472 neg:0.4913981223851528 
cv070_12289.txt pos pos:0.5191481909512508 neg:0.48085180904874925 
cv433_10443.txt neg pos:0.5259249406735678 neg:0.4740750593264323 
cv031_18452.txt pos pos:0.5491469899962169 neg:0.45085301000378303 
cv649_12735.txt pos pos:0.5318447684568056 neg:0.4681552315431944 
cv343_10906.txt neg pos:0.5045093404939988 neg:0.4954906595060012 
cv390_12187.txt neg pos:0.5193387473425697 neg:0.4806612526574302 
cv794_17353.txt neg pos:0.5092841928803037 neg:0.4907158071196962 
cv922_10073.txt pos pos:0.5641968911706738 neg:0.43580310882932616 
cv437_24070.txt neg pos:0.5281589541356458 neg:0.4718410458643541 
cv785_22600.txt pos pos:0.5262486137368625 neg:0.4737513862631375 
cv515_18484.txt neg pos:0.5091297086844125 neg:0.4908702913155874 
cv492_19370.txt neg pos:0.5176461251532385 neg:0.48235387484676145 
cv279_18329.txt pos pos:0.5221652896445865 neg:0.4778347103554134 
cv435_24355.txt neg pos:0.5041693524205261 neg:0.495830647579474 
cv534_15683.txt neg pos:0.5291645191300471 neg:0.47083548086995286 
cv867_16661.txt pos pos:0.5151064183497078 neg:0.48489358165029217 
cv838_25886.txt neg pos:0.5265198846858061 neg:0.4734801153141939 
cv479_5450.txt neg pos:0.524719492531285 neg:0.4752805074687151 
cv078_14730.txt pos pos:0.5276452157952592 neg:0.4723547842047408 
cv701_15880.txt neg pos:0.5181504466342534 neg:0.48184955336574664 
cv377_8440.txt neg pos:0.5064356711205587 neg:0.4935643288794413 
cv860_15520.txt neg pos:0.5153883144890459 neg:0.4846116855109542 
cv776_20529.txt pos pos:0.5245083559761522 neg:0.47549164402384786 
cv240_14336.txt pos pos:0.5345647078909735 neg:0.46543529210902645 
cv783_13227.txt pos pos:0.5498524769782668 neg:0.4501475230217333 
cv991_19973.txt neg pos:0.536049883461971 neg:0.463950116538029 
cv823_17055.txt neg pos:0.5200233536933965 neg:0.4799766463066035 
cv352_5414.txt neg pos:0.514219984702064 neg:0.48578001529793596 
cv350_22139.txt neg pos:0.5159294123180578 neg:0.4840705876819422 
cv817_3675.txt neg pos:0.5062928247661878 neg:0.49370717523381225 
cv917_29715.txt pos pos:0.5267209373107092 neg:0.4732790626892908 
cv834_22195.txt pos pos:0.5212075900268539 neg:0.47879240997314604 
cv177_10904.txt neg pos:0.5053322797474437 neg:0.4946677202525563 
cv045_23923.txt pos pos:0.5306570082704033 neg:0.46934299172959676 
cv131_11568.txt neg pos:0.54991414842003 neg:0.4500858515799701 
cv572_20053.txt neg pos:0.5220516358642279 neg:0.47794836413577213 
cv241_23130.txt pos pos:0.5492019677857929 neg:0.450798032214207 
cv141_15686.txt pos pos:0.534229753918195 neg:0.46577024608180495 
cv523_18285.txt neg pos:0.5166362238988941 neg:0.48336377610110587 
cv375_9929.txt pos pos:0.5193535360907536 neg:0.4806464639092464 
cv346_18168.txt pos pos:0.5214537046984129 neg:0.4785462953015871 
cv428_12202.txt neg pos:0.5674066744177847 neg:0.43259332558221536 
cv552_0150.txt neg pos:0.5289422611978065 neg:0.4710577388021934 
cv802_28381.txt neg pos:0.5147493710309868 neg:0.4852506289690131 
cv507_9509.txt neg pos:0.5273748902151743 neg:0.4726251097848257 
cv201_7421.txt neg pos:0.5067024312365521 neg:0.49329756876344794 
cv259_11827.txt neg pos:0.5397425182633716 neg:0.4602574817366284 
cv349_13507.txt pos pos:0.5061858639552547 neg:0.49381413604474533 
cv458_8604.txt pos pos:0.5167296050327134 neg:0.48327039496728663 
cv651_10492.txt pos pos:0.5268975739808492 neg:0.4731024260191508 
cv880_29800.txt pos pos:0.5202484964608916 neg:0.47975150353910845 
cv932_14854.txt neg pos:0.5118238532221342 neg:0.4881761467778658 
cv314_14422.txt pos pos:0.5096312258273448 neg:0.4903687741726553 
cv277_19091.txt pos pos:0.5038739565333952 neg:0.4961260434666048 
cv105_19135.txt neg pos:0.5303326410601481 neg:0.46966735893985184 
cv272_18974.txt pos pos:0.5175493977625552 neg:0.48245060223744496 
cv795_10291.txt neg pos:0.5156479800720691 neg:0.4843520199279308 
cv096_11474.txt pos pos:0.5318349751371372 neg:0.4681650248628628 
cv866_29691.txt pos pos:0.5198797351546272 neg:0.48012026484537285 
cv136_11505.txt pos pos:0.5333105457593849 neg:0.4666894542406152 
cv664_4389.txt pos pos:0.5193151689852993 neg:0.4806848310147008 
cv179_9228.txt pos pos:0.5226551859768855 neg:0.4773448140231145 
cv528_10822.txt pos pos:0.520616834676067 neg:0.47938316532393305 
cv995_21821.txt pos pos:0.5278664251227507 neg:0.4721335748772494 
cv475_22978.txt neg pos:0.5293214687235527 neg:0.4706785312764474 
cv070_13249.txt neg pos:0.5612381825087746 neg:0.4387618174912254 
cv657_25835.txt neg pos:0.5146124008650845 neg:0.4853875991349154 
cv969_14760.txt neg pos:0.5074121834461238 neg:0.49258781655387623 
cv935_23841.txt pos pos:0.5461318855552353 neg:0.4538681144447647 
cv920_29622.txt pos pos:0.5154333942835376 neg:0.4845666057164623 
cv126_28821.txt neg pos:0.5226811389648863 neg:0.47731886103511373 
cv668_17604.txt pos pos:0.5627973473915664 neg:0.43720265260843355 
cv521_1730.txt neg pos:0.5180754600853825 neg:0.48192453991461753 
cv790_14600.txt pos pos:0.5285325200923697 neg:0.47146747990763027 
cv822_21545.txt neg pos:0.5212661689415881 neg:0.478733831058412 
cv247_14668.txt neg pos:0.5106020610767665 neg:0.4893979389232334 
cv972_26417.txt pos pos:0.5152528554878204 neg:0.4847471445121796 
cv675_22871.txt neg pos:0.5187534835987013 neg:0.4812465164012987 
cv509_17354.txt neg pos:0.5119454680695336 neg:0.48805453193046633 
cv952_25240.txt pos pos:0.5204309552047854 neg:0.47956904479521445 
cv205_9676.txt neg pos:0.5075648256960253 neg:0.49243517430397465 
cv734_21568.txt pos pos:0.520594873976789 neg:0.47940512602321095 
cv968_24218.txt pos pos:0.5259489349477827 neg:0.4740510650522173 
cv502_10970.txt neg pos:0.5318367494171204 neg:0.46816325058287955 
cv406_22199.txt neg pos:0.5261650347707169 neg:0.47383496522928314 
cv275_28725.txt neg pos:0.5147799529964066 neg:0.48522004700359345 
cv806_9405.txt neg pos:0.5110032269755826 neg:0.4889967730244173 
cv290_11084.txt pos pos:0.5218384591516454 neg:0.4781615408483546 
cv439_17633.txt neg pos:0.5117889238239995 neg:0.4882110761760005 
cv372_6552.txt pos pos:0.5094327914551705 neg:0.49056720854482955 
cv014_15600.txt neg pos:0.5139899785751942 neg:0.48601002142480587 
cv531_26838.txt neg pos:0.5233297579370454 neg:0.47667024206295455 
cv367_22792.txt pos pos:0.5220654504987715 neg:0.47793454950122843 
cv818_10211.txt pos pos:0.535653000258782 neg:0.46434699974121796 
cv642_29788.txt neg pos:0.5113056348700873 neg:0.48869436512991266 
cv925_8969.txt pos pos:0.52862317565162 neg:0.47137682434838 
cv936_17473.txt neg pos:0.5181739419026579 neg:0.4818260580973421 
cv228_5806.txt pos pos:0.5171761433675619 neg:0.4828238566324381 
cv912_5562.txt neg pos:0.5332448873771749 neg:0.4667551126228251 
cv308_5016.txt pos pos:0.5121996379935619 neg:0.4878003620064381 
cv749_18960.txt neg pos:0.5335775492385284 neg:0.46642245076147165 
cv087_1989.txt pos pos:0.537235428588854 neg:0.462764571411146 
cv442_15499.txt neg pos:0.5372144730102767 neg:0.4627855269897233 
cv812_17924.txt pos pos:0.5381826159727692 neg:0.46181738402723094 
cv255_13683.txt pos pos:0.5106210552093066 neg:0.4893789447906935 
cv421_9752.txt neg pos:0.5220398955773133 neg:0.4779601044226866 
cv783_14724.txt neg pos:0.5130080655855194 neg:0.4869919344144805 
cv102_7846.txt pos pos:0.525879869435624 neg:0.47412013056437596 
cv174_9735.txt neg pos:0.5220959384497255 neg:0.47790406155027454 
cv326_14777.txt neg pos:0.5052979547750013 neg:0.4947020452249987 
cv704_15969.txt pos pos:0.5452670299796502 neg:0.45473297002034996 
cv398_15537.txt pos pos:0.5352009804440923 neg:0.4647990195559077 
cv584_29722.txt pos pos:0.5129996877156968 neg:0.4870003122843032 
cv645_17078.txt neg pos:0.5262956409551625 neg:0.4737043590448376 
cv352_5524.txt pos pos:0.514275236238267 neg:0.485724763761733 
cv701_14252.txt pos pos:0.5482255431728777 neg:0.4517744568271222 
cv986_13527.txt pos pos:0.5770294335827465 neg:0.42297056641725345 
cv756_23676.txt neg pos:0.5225521658761096 neg:0.47744783412389047 
cv576_14094.txt pos pos:0.521980949730394 neg:0.47801905026960606 
cv988_20168.txt neg pos:0.5255345619139349 neg:0.47446543808606506 
cv297_10104.txt neg pos:0.5182696228048711 neg:0.4817303771951289 
cv747_18189.txt neg pos:0.5163367073361317 neg:0.48366329266386826 
cv596_4367.txt neg pos:0.5177244742428064 neg:0.4822755257571935 
cv243_20728.txt pos pos:0.52560120227238 neg:0.47439879772762 
cv473_7869.txt neg pos:0.5219243391768988 neg:0.47807566082310116 
cv364_14254.txt neg pos:0.5383045600425994 neg:0.46169543995740064 
cv670_25826.txt pos pos:0.5172358576938196 neg:0.48276414230618037 
cv117_25625.txt neg pos:0.5115822951507837 neg:0.4884177048492163 
cv417_13115.txt pos pos:0.5254188384364337 neg:0.47458116156356633 
cv318_10493.txt pos pos:0.5307551172582894 neg:0.46924488274171056 
cv802_28664.txt pos pos:0.5357110733886982 neg:0.4642889266113018 
cv425_8603.txt neg pos:0.5314419175711653 neg:0.4685580824288347 
cv986_15092.txt neg pos:0.5184975910307891 neg:0.4815024089692108 
cv460_11723.txt neg pos:0.5070544645534738 neg:0.4929455354465262 
cv934_19027.txt pos pos:0.5179462071114553 neg:0.48205379288854466 
cv535_21183.txt neg pos:0.5169736989152196 neg:0.4830263010847803 
cv394_5137.txt pos pos:0.5089241606428931 neg:0.4910758393571069 
cv700_21947.txt pos pos:0.5508901292699124 neg:0.4491098707300877 
cv323_29805.txt pos pos:0.5131907536837562 neg:0.48680924631624384 
cv293_29731.txt neg pos:0.5202185918211286 neg:0.4797814081788713 
cv022_14227.txt neg pos:0.5288494711809628 neg:0.47115052881903713 
cv879_16585.txt neg pos:0.5238251777490404 neg:0.4761748222509597 
cv207_29284.txt pos pos:0.5186677162457107 neg:0.4813322837542892 
cv966_28671.txt neg pos:0.5306171184632393 neg:0.4693828815367606 
cv004_12641.txt neg pos:0.5277548162847497 neg:0.47224518371525026 
cv091_7400.txt pos pos:0.5145177036185336 neg:0.4854822963814665 
cv731_3968.txt neg pos:0.5123396548143079 neg:0.4876603451856921 
cv567_29611.txt pos pos:0.5373715801935982 neg:0.4626284198064019 
cv704_17622.txt neg pos:0.5182041873636974 neg:0.48179581263630267 
cv207_29141.txt neg pos:0.5308925545810772 neg:0.46910744541892274 
cv804_10862.txt pos pos:0.5325963276315295 neg:0.46740367236847047 
cv581_19381.txt pos pos:0.5295912215197656 neg:0.4704087784802345 
cv685_5947.txt pos pos:0.5270913136314719 neg:0.4729086863685281 
cv913_29127.txt neg pos:0.5123923166279084 neg:0.48760768337209154 
cv672_27988.txt neg pos:0.5213855652532485 neg:0.47861443474675147 
cv417_14653.txt neg pos:0.5208057422111871 neg:0.47919425778881275 
cv861_1198.txt pos pos:0.5125806890087851 neg:0.48741931099121494 
cv177_10367.txt pos pos:0.5233063699332414 neg:0.4766936300667585 
cv132_5618.txt pos pos:0.5140058948176571 neg:0.4859941051823429 
cv427_11693.txt neg pos:0.5435407857040379 neg:0.4564592142959622 
cv582_6559.txt pos pos:0.5373403955584689 neg:0.4626596044415311 
cv814_20316.txt neg pos:0.5179796194977285 neg:0.4820203805022715 
cv533_9843.txt neg pos:0.5406363468714644 neg:0.4593636531285355 
cv863_7912.txt neg pos:0.5122977712836642 neg:0.4877022287163359 
cv799_18543.txt pos pos:0.5136535232141243 neg:0.4863464767858757 
cv518_14798.txt neg pos:0.5141593140662469 neg:0.4858406859337531 
cv231_10425.txt pos pos:0.5409617438744235 neg:0.4590382561255764 
cv298_23111.txt pos pos:0.5448536654432019 neg:0.45514633455679804 
cv800_12368.txt pos pos:0.5295831719148152 neg:0.47041682808518476 
cv656_25395.txt neg pos:0.5862249699619181 neg:0.41377503003808197 
cv156_10481.txt pos pos:0.5163862568364762 neg:0.4836137431635238 
cv735_18801.txt pos pos:0.5323747276913577 neg:0.46762527230864226 
cv522_5583.txt pos pos:0.5241094673309407 neg:0.47589053266905934 
cv482_10580.txt pos pos:0.5245737120255781 neg:0.4754262879744219 
cv497_26980.txt pos pos:0.5206345670761772 neg:0.4793654329238229 
cv036_16831.txt pos pos:0.5155848856754005 neg:0.48441511432459955 
cv950_13478.txt neg pos:0.5536904602853585 neg:0.44630953971464143 
cv922_10185.txt neg pos:0.5184256170391556 neg:0.48157438296084437 
cv615_15734.txt neg pos:0.5261591910681931 neg:0.47384080893180686 
cv803_8584.txt neg pos:0.5366808476091854 neg:0.46331915239081456 
cv322_21820.txt neg pos:0.5259933697626538 neg:0.4740066302373462 
cv422_9632.txt neg pos:0.5245220335980201 neg:0.4754779664019798 
cv839_21467.txt pos pos:0.5359555190035935 neg:0.4640444809964065 
cv216_18738.txt pos pos:0.5193132244645675 neg:0.48068677553543254 
cv370_5221.txt pos pos:0.5232008873733469 neg:0.4767991126266531 
cv309_22571.txt pos pos:0.5297816489184627 neg:0.4702183510815373 
cv449_8785.txt pos pos:0.5197671450590353 neg:0.4802328549409646 
cv916_15467.txt pos pos:0.5248225050802385 neg:0.4751774949197614 
cv135_12506.txt neg pos:0.5262750274151865 neg:0.47372497258481344 
cv006_15448.txt pos pos:0.5371886886969451 neg:0.4628113113030548 
cv239_3385.txt pos pos:0.5205907329070664 neg:0.4794092670929336 
cv138_13903.txt neg pos:0.5477257601509299 neg:0.45227423984907006 
Trial 0 Trainer MaxEntTrainer,gaussianPriorVariance=1.0 Training Data Confusion Matrix
Confusion Matrix, row=true, column=predicted  accuracy=0.5
  label   0   1  |total
  0 neg   . 900  |900
  1 pos   . 900  |900

Trial 0 Trainer MaxEntTrainer,gaussianPriorVariance=1.0 training data accuracy= 0.5
Trial 0 Trainer MaxEntTrainer,gaussianPriorVariance=1.0 Test Data Confusion Matrix
Confusion Matrix, row=true, column=predicted  accuracy=0.5
  label   0   1  |total
  0 neg   . 100  |100
  1 pos   . 100  |100

Trial 0 Trainer MaxEntTrainer,gaussianPriorVariance=1.0 test data accuracy= 0.5

MaxEntTrainer,gaussianPriorVariance=1.0
Summary. train accuracy mean = 0.5 stddev = 0.0 stderr = 0.0
Summary. test accuracy mean = 0.5 stddev = 0.0 stderr = 0.0
