
-------------------- Trial 0  --------------------

Trial 0 Training MaxEntTrainer,gaussianPriorVariance=1.0 with 1800 instances
Trial 0 Training MaxEntTrainer,gaussianPriorVariance=1.0 finished
Trial 0 Trainer MaxEntTrainer,gaussianPriorVariance=1.0
 Raw Testing Data
cv918_27080.txt neg pos:0.5021993793241809 neg:0.49780062067581915 
cv373_20404.txt pos pos:0.5071434682149086 neg:0.4928565317850913 
cv461_21124.txt neg pos:0.5019112238245553 neg:0.4980887761754447 
cv106_16807.txt pos pos:0.5025620736361496 neg:0.4974379263638504 
cv981_14989.txt pos pos:0.5046024306991839 neg:0.4953975693008162 
cv609_25038.txt neg pos:0.5051921666828648 neg:0.4948078333171351 
cv035_3954.txt pos pos:0.5049677209140332 neg:0.4950322790859668 
cv495_16121.txt neg pos:0.5054167172501233 neg:0.4945832827498767 
cv868_11948.txt pos pos:0.5106242603612603 neg:0.48937573963873976 
cv768_12709.txt neg pos:0.5081963161164649 neg:0.49180368388353507 
cv539_21865.txt neg pos:0.5057379797894149 neg:0.4942620202105851 
cv582_6678.txt neg pos:0.5033791809550462 neg:0.4966208190449538 
cv967_5788.txt pos pos:0.5085507214931679 neg:0.4914492785068321 
cv706_25883.txt neg pos:0.5034041039163362 neg:0.49659589608366395 
cv264_14108.txt neg pos:0.5116360512923243 neg:0.48836394870767574 
cv251_23901.txt neg pos:0.5012892941370997 neg:0.4987107058629002 
cv395_10849.txt pos pos:0.5084679975546895 neg:0.4915320024453104 
cv872_13710.txt neg pos:0.5048483488286671 neg:0.49515165117133275 
cv977_4938.txt pos pos:0.5046778137865587 neg:0.4953221862134412 
cv944_15042.txt neg pos:0.5023973193794649 neg:0.49760268062053514 
cv212_10027.txt pos pos:0.5013089435348169 neg:0.498691056465183 
cv307_25270.txt pos pos:0.5053542863367252 neg:0.49464571366327476 
cv359_6647.txt pos pos:0.5039154251766287 neg:0.4960845748233713 
cv786_23608.txt neg pos:0.5028644487885661 neg:0.4971355512114339 
cv974_22941.txt pos pos:0.50793837709417 neg:0.49206162290583 
cv054_4230.txt pos pos:0.5009409224049108 neg:0.49905907759508916 
cv984_14006.txt neg pos:0.5027998649911621 neg:0.49720013500883786 
cv169_23778.txt pos pos:0.5090737176937808 neg:0.4909262823062192 
cv763_14729.txt pos pos:0.503375563454562 neg:0.496624436545438 
cv002_15918.txt pos pos:0.5035466686509558 neg:0.4964533313490443 
cv892_17576.txt pos pos:0.5071843237715459 neg:0.49281567622845407 
cv871_25971.txt neg pos:0.5043370000643476 neg:0.4956629999356525 
cv006_17022.txt neg pos:0.5050586413390424 neg:0.4949413586609575 
cv542_18980.txt pos pos:0.500425640724578 neg:0.4995743592754221 
cv532_6495.txt neg pos:0.503916893053959 neg:0.49608310694604096 
cv953_7078.txt neg pos:0.5024135125412357 neg:0.4975864874587643 
cv351_17029.txt neg pos:0.5044311306386471 neg:0.49556886936135297 
cv840_18033.txt neg pos:0.5018387649524434 neg:0.4981612350475566 
cv758_9671.txt pos pos:0.5022564988467463 neg:0.49774350115325366 
cv777_10247.txt neg pos:0.5086398387741106 neg:0.49136016122588944 
cv228_5644.txt neg pos:0.5053556636599918 neg:0.49464433634000815 
cv187_14112.txt neg pos:0.5120267342605894 neg:0.4879732657394106 
cv007_4968.txt pos pos:0.504460682169362 neg:0.495539317830638 
cv807_21740.txt pos pos:0.5078783491797029 neg:0.4921216508202971 
cv000_29590.txt pos pos:0.5045465790391707 neg:0.4954534209608294 
cv087_2145.txt neg pos:0.5003717663282361 neg:0.49962823367176384 
cv613_21796.txt pos pos:0.5033512138792327 neg:0.4966487861207674 
cv092_28017.txt pos pos:0.5039921765099241 neg:0.4960078234900758 
cv098_15435.txt pos pos:0.5014815399395122 neg:0.4985184600604878 
cv157_29372.txt pos pos:0.5037180110440265 neg:0.4962819889559735 
cv107_24319.txt pos pos:0.5028701577528047 neg:0.4971298422471952 
cv565_29403.txt neg pos:0.5059233439835558 neg:0.4940766560164443 
cv809_5009.txt pos pos:0.5103643434928227 neg:0.4896356565071773 
cv418_14774.txt pos pos:0.5018543163012851 neg:0.49814568369871504 
cv832_23275.txt pos pos:0.5048244066036098 neg:0.49517559339639017 
cv577_28549.txt pos pos:0.5073309228500557 neg:0.49266907714994423 
cv458_9000.txt neg pos:0.5059506026968225 neg:0.49404939730317765 
cv846_29359.txt neg pos:0.5016671451575464 neg:0.4983328548424536 
cv695_21108.txt pos pos:0.5062737916906876 neg:0.4937262083093123 
cv155_7845.txt neg pos:0.5040293897786968 neg:0.4959706102213031 
cv725_10103.txt pos pos:0.5011694011840249 neg:0.498830598815975 
cv855_20661.txt pos pos:0.5034692570855094 neg:0.4965307429144907 
cv739_12179.txt neg pos:0.5014724333697395 neg:0.49852756663026054 
cv058_8469.txt neg pos:0.5019886945060157 neg:0.49801130549398437 
cv880_29629.txt neg neg:0.5008704819213781 pos:0.4991295180786219 
cv165_22619.txt pos pos:0.5029490003526836 neg:0.49705099964731636 
cv366_10709.txt neg pos:0.5016941788826851 neg:0.498305821117315 
cv056_14663.txt neg pos:0.500301341192285 neg:0.4996986588077151 
cv884_13632.txt pos pos:0.5097436819887047 neg:0.49025631801129527 
cv841_3967.txt pos pos:0.5012495554902775 neg:0.49875044450972245 
cv414_10518.txt pos pos:0.5110671347937601 neg:0.48893286520623985 
cv858_20266.txt neg pos:0.507808547633736 neg:0.4921914523662641 
cv262_12649.txt pos pos:0.5058305941034645 neg:0.4941694058965355 
cv587_19162.txt pos pos:0.503630942318608 neg:0.49636905768139206 
cv965_26688.txt neg pos:0.5012624788623985 neg:0.49873752113760156 
cv848_10061.txt neg pos:0.5033958305092848 neg:0.49660416949071523 
cv777_10094.txt pos pos:0.5111587155826876 neg:0.4888412844173125 
cv735_20218.txt neg pos:0.507849133672142 neg:0.4921508663278579 
cv889_21430.txt pos pos:0.5050657579472478 neg:0.4949342420527521 
cv763_16486.txt neg pos:0.5023407686746756 neg:0.4976592313253243 
cv288_20212.txt neg pos:0.5031269669674411 neg:0.49687303303255886 
cv197_29271.txt neg pos:0.5021571242953188 neg:0.4978428757046812 
cv486_9799.txt pos pos:0.5085337944433184 neg:0.4914662055566817 
cv368_11090.txt neg pos:0.5044646486761293 neg:0.4955353513238708 
cv944_13521.txt pos pos:0.5074420552630731 neg:0.49255794473692693 
cv131_10713.txt pos pos:0.5109266856875961 neg:0.48907331431240386 
cv995_23113.txt neg pos:0.5069060854739833 neg:0.4930939145260167 
cv036_18385.txt neg pos:0.501885420308589 neg:0.498114579691411 
cv176_12857.txt pos pos:0.5044070918642397 neg:0.49559290813576024 
cv387_11507.txt pos pos:0.5007352100302537 neg:0.4992647899697463 
cv125_9391.txt pos pos:0.5031364761825226 neg:0.49686352381747745 
cv678_13419.txt pos pos:0.511037061225719 neg:0.488962938774281 
cv945_12160.txt pos pos:0.5103757010234522 neg:0.48962429897654774 
cv885_13390.txt neg pos:0.5022992795452386 neg:0.4977007204547615 
cv109_22599.txt neg pos:0.502382564366155 neg:0.497617435633845 
cv550_22211.txt pos pos:0.5018048796272071 neg:0.4981951203727929 
cv464_17076.txt neg pos:0.5044204610943914 neg:0.4955795389056086 
cv633_29837.txt pos pos:0.5094871737752845 neg:0.49051282622471554 
cv052_29378.txt pos pos:0.5026103565424404 neg:0.4973896434575597 
cv611_21120.txt pos pos:0.5020600317450734 neg:0.49793996825492653 
cv123_12165.txt neg pos:0.503931678634798 neg:0.49606832136520196 
cv859_15689.txt neg pos:0.5067591024186119 neg:0.4932408975813881 
cv229_15200.txt neg pos:0.5008389594312533 neg:0.4991610405687466 
cv526_12083.txt pos pos:0.5053339911175213 neg:0.49466600888247864 
cv474_10209.txt pos pos:0.5072591894062891 neg:0.4927408105937109 
cv324_7502.txt neg pos:0.5030584315637834 neg:0.49694156843621673 
cv718_11434.txt pos pos:0.5015039066870209 neg:0.49849609331297906 
cv416_12048.txt neg pos:0.5066183695914985 neg:0.49338163040850147 
cv160_10362.txt pos pos:0.5055264593853391 neg:0.49447354061466087 
cv823_15569.txt pos pos:0.504984213107419 neg:0.4950157868925809 
cv571_29292.txt neg pos:0.5057806462004516 neg:0.49421935379954846 
cv906_11491.txt pos pos:0.500580614579541 neg:0.49941938542045894 
cv046_10613.txt neg pos:0.5062217263579336 neg:0.49377827364206645 
cv561_9201.txt pos pos:0.5049459640411584 neg:0.49505403595884157 
cv892_18788.txt neg pos:0.5029495109228584 neg:0.49705048907714156 
cv833_11961.txt neg pos:0.5030990522436583 neg:0.4969009477563418 
cv605_11800.txt pos pos:0.5078641812854504 neg:0.49213581871454964 
cv358_10691.txt pos pos:0.5140401602522482 neg:0.48595983974775175 
cv727_5006.txt neg pos:0.5071455513177464 neg:0.49285444868225364 
cv476_18402.txt neg pos:0.5039371828528123 neg:0.49606281714718775 
cv850_18185.txt neg pos:0.5061991234948602 neg:0.4938008765051399 
cv555_25047.txt neg pos:0.5005751981629137 neg:0.4994248018370863 
cv011_13044.txt neg pos:0.5015518615508964 neg:0.4984481384491036 
cv926_18471.txt neg pos:0.5094210664345298 neg:0.4905789335654702 
cv559_0050.txt pos pos:0.5072016938026486 neg:0.4927983061973513 
cv755_24881.txt neg pos:0.5039261647783689 neg:0.496073835221631 
cv210_9557.txt neg pos:0.5063759744980535 neg:0.4936240255019465 
cv050_12128.txt neg pos:0.5027431308367004 neg:0.4972568691632996 
cv273_29112.txt pos pos:0.5100961090339681 neg:0.4899038909660319 
cv900_10800.txt neg pos:0.501303223860866 neg:0.49869677613913405 
cv140_7479.txt pos pos:0.5100292938028894 neg:0.4899707061971106 
cv740_13643.txt neg pos:0.5034143099505684 neg:0.49658569004943176 
cv742_8279.txt neg pos:0.5043045251968018 neg:0.4956954748031982 
cv246_28668.txt neg pos:0.5054258770377648 neg:0.4945741229622353 
cv602_8830.txt neg pos:0.5002107546212451 neg:0.49978924537875485 
cv469_20630.txt pos pos:0.5155648145361499 neg:0.48443518546385006 
cv487_10446.txt pos pos:0.5089910700896831 neg:0.4910089299103169 
cv281_23253.txt pos pos:0.5030175674607976 neg:0.4969824325392023 
cv318_11146.txt neg pos:0.5025819666569351 neg:0.49741803334306495 
cv054_4101.txt neg pos:0.5026887059944511 neg:0.4973112940055488 
cv451_11502.txt neg pos:0.5012219265099563 neg:0.4987780734900436 
cv064_25842.txt neg pos:0.5092551475553991 neg:0.490744852444601 
cv461_19600.txt pos pos:0.5082912189368545 neg:0.4917087810631456 
cv807_23024.txt neg pos:0.5073779711610263 neg:0.49262202883897366 
cv940_17705.txt pos pos:0.5064167801954705 neg:0.49358321980452946 
cv784_16077.txt neg pos:0.5109659856502807 neg:0.48903401434971927 
cv696_29740.txt pos pos:0.5019509749726938 neg:0.49804902502730614 
cv473_7367.txt pos pos:0.5032151263203538 neg:0.4967848736796462 
cv478_14309.txt pos pos:0.5095721257829173 neg:0.49042787421708267 
cv624_10744.txt pos pos:0.5073933342337242 neg:0.4926066657662758 
cv938_10220.txt pos pos:0.5047989700109085 neg:0.4952010299890915 
cv551_11214.txt neg pos:0.5022663171278513 neg:0.4977336828721487 
cv603_18885.txt neg pos:0.5030062208745407 neg:0.4969937791254592 
cv414_11161.txt neg pos:0.5072097568918198 neg:0.49279024310818015 
cv683_12167.txt pos pos:0.510136976169423 neg:0.48986302383057706 
cv302_25649.txt pos pos:0.5035195698085497 neg:0.4964804301914502 
cv585_22496.txt pos pos:0.5052515557060938 neg:0.4947484442939062 
cv645_15668.txt pos pos:0.507009851036894 neg:0.492990148963106 
cv772_12971.txt neg pos:0.5034931378124307 neg:0.4965068621875693 
cv130_17083.txt pos pos:0.5024882150761839 neg:0.497511784923816 
cv258_5627.txt neg pos:0.5021797651320534 neg:0.4978202348679466 
cv547_16324.txt pos pos:0.5106083987128575 neg:0.4893916012871425 
cv574_23191.txt neg pos:0.5145958343232103 neg:0.48540416567678973 
cv684_12727.txt neg pos:0.5066484511225661 neg:0.49335154887743393 
cv619_12462.txt pos pos:0.5047255828253034 neg:0.4952744171746966 
cv847_20855.txt neg pos:0.5086110220171601 neg:0.4913889779828399 
cv436_19179.txt pos pos:0.5069754038457706 neg:0.4930245961542295 
cv570_28960.txt neg pos:0.505025342797652 neg:0.49497465720234807 
cv820_22892.txt pos pos:0.5061729895764834 neg:0.4938270104235166 
cv296_12251.txt pos pos:0.5058036650948285 neg:0.4941963349051714 
cv703_16143.txt pos pos:0.502321995327659 neg:0.49767800467234097 
cv865_2895.txt pos pos:0.5059619929638315 neg:0.49403800703616857 
cv430_17351.txt pos pos:0.5018985101796724 neg:0.49810148982032765 
cv015_29439.txt pos pos:0.5032530485081746 neg:0.49674695149182535 
cv287_17410.txt neg pos:0.5015938698006415 neg:0.49840613019935853 
cv436_20564.txt neg pos:0.5045050668141797 neg:0.49549493318582033 
cv573_29384.txt neg pos:0.50303479017226 neg:0.49696520982774 
cv703_17948.txt neg pos:0.5072373308888094 neg:0.4927626691111906 
cv327_21743.txt neg pos:0.506838131641489 neg:0.49316186835851095 
cv905_29114.txt pos pos:0.51050672112011 neg:0.48949327887989 
cv592_23391.txt neg pos:0.5101126297419467 neg:0.48988737025805335 
cv386_10229.txt neg pos:0.5049250321621844 neg:0.4950749678378156 
cv356_26170.txt neg pos:0.5047487857466653 neg:0.4952512142533348 
cv168_7435.txt neg pos:0.5000554872192237 neg:0.4999445127807763 
cv329_29293.txt neg pos:0.5008505687907004 neg:0.4991494312092995 
cv278_14533.txt neg pos:0.5056433478551591 neg:0.49435665214484087 
cv771_28665.txt pos pos:0.5107697276684167 neg:0.48923027233158334 
cv230_7913.txt neg pos:0.5047230004454062 neg:0.49527699955459387 
cv171_13537.txt pos pos:0.5063631877331268 neg:0.4936368122668731 
cv649_13947.txt neg pos:0.5045719630530277 neg:0.49542803694697235 
cv307_26382.txt neg pos:0.506882207078028 neg:0.493117792921972 
cv463_10343.txt pos pos:0.5079257900621759 neg:0.4920742099378242 
cv441_15276.txt neg pos:0.5073607135232308 neg:0.4926392864767692 
cv401_12605.txt pos pos:0.5086029200263011 neg:0.4913970799736989 
cv403_6621.txt pos neg:0.5007634787831797 pos:0.4992365212168202 
cv493_12839.txt pos pos:0.5026754671216976 neg:0.4973245328783024 
cv484_26169.txt neg pos:0.5030768494517488 neg:0.49692315054825115 
cv104_18134.txt pos pos:0.5046982260162838 neg:0.4953017739837162 
cv692_15451.txt pos pos:0.5062542179701214 neg:0.4937457820298786 
cv475_21692.txt pos pos:0.5032315282834121 neg:0.4967684717165878 
Trial 0 Trainer MaxEntTrainer,gaussianPriorVariance=1.0 Training Data Confusion Matrix
Confusion Matrix, row=true, column=predicted  accuracy=0.5155555555555555
  label   0   1  |total
  0 pos 889  11  |900
  1 neg 861  39  |900

Trial 0 Trainer MaxEntTrainer,gaussianPriorVariance=1.0 training data accuracy= 0.5155555555555555
Trial 0 Trainer MaxEntTrainer,gaussianPriorVariance=1.0 Test Data Confusion Matrix
Confusion Matrix, row=true, column=predicted  accuracy=0.5
  label   0   1  |total
  0 pos  99   1  |100
  1 neg  99   1  |100

Trial 0 Trainer MaxEntTrainer,gaussianPriorVariance=1.0 test data accuracy= 0.5

MaxEntTrainer,gaussianPriorVariance=1.0
Summary. train accuracy mean = 0.5155555555555555 stddev = 0.0 stderr = 0.0
Summary. test accuracy mean = 0.5 stddev = 0.0 stderr = 0.0
