
-------------------- Trial 0  --------------------

Trial 0 Training MaxEntTrainer,gaussianPriorVariance=1.0 with 1800 instances
Trial 0 Training MaxEntTrainer,gaussianPriorVariance=1.0 finished
Trial 0 Trainer MaxEntTrainer,gaussianPriorVariance=1.0
 Raw Testing Data
cv082_11979.txt neg pos:0.5070334327605246 neg:0.49296656723947546 
cv898_1576.txt neg pos:0.5077574824042622 neg:0.49224251759573784 
cv242_11354.txt neg pos:0.5023982560071442 neg:0.4976017439928559 
cv693_18063.txt pos pos:0.5031602500835013 neg:0.49683974991649876 
cv659_21483.txt neg pos:0.5038407239833251 neg:0.49615927601667487 
cv636_15279.txt pos pos:0.5108929992143064 neg:0.48910700078569364 
cv256_16529.txt neg pos:0.5070859410252625 neg:0.4929140589747374 
cv347_14722.txt neg pos:0.5016012969462323 neg:0.4983987030537676 
cv491_12992.txt neg pos:0.5067521940180606 neg:0.49324780598193946 
cv596_28311.txt pos pos:0.5133544596678806 neg:0.48664554033211943 
cv410_25624.txt neg pos:0.502374113324062 neg:0.49762588667593793 
cv233_15964.txt pos pos:0.5147492388289966 neg:0.48525076117100335 
cv831_16325.txt neg pos:0.5096713268920956 neg:0.49032867310790446 
cv298_24487.txt neg pos:0.5045114818932969 neg:0.49548851810670314 
cv510_23360.txt pos pos:0.5043098269733498 neg:0.4956901730266501 
cv588_14467.txt neg pos:0.5045076553403365 neg:0.4954923446596636 
cv516_11172.txt pos pos:0.5078381390067785 neg:0.4921618609932215 
cv053_23117.txt neg pos:0.5064198403682303 neg:0.4935801596317697 
cv923_11951.txt neg pos:0.5091108774273555 neg:0.49088912257264455 
cv470_15952.txt pos pos:0.5135005231493284 neg:0.48649947685067163 
cv327_20292.txt pos pos:0.5188941310582783 neg:0.4811058689417217 
cv537_13516.txt neg pos:0.5093775460148765 neg:0.49062245398512355 
cv343_10368.txt pos pos:0.5054347533076416 neg:0.4945652466923584 
cv292_7282.txt pos pos:0.5041839046330397 neg:0.49581609536696025 
cv025_29825.txt neg pos:0.5053968824199755 neg:0.49460311758002456 
cv129_18373.txt neg pos:0.5026186145499245 neg:0.49738138545007554 
cv263_19259.txt pos pos:0.5051634294622719 neg:0.49483657053772817 
cv599_22197.txt neg pos:0.5034799190741133 neg:0.49652008092588684 
cv015_29356.txt neg pos:0.5080225631895312 neg:0.4919774368104688 
cv996_11592.txt pos pos:0.5037152954918235 neg:0.4962847045081766 
cv235_10217.txt pos pos:0.5057576986419168 neg:0.49424230135808317 
cv666_18963.txt pos pos:0.5114359596017685 neg:0.48856404039823165 
cv365_11576.txt pos pos:0.5055928573414653 neg:0.4944071426585347 
cv172_12037.txt neg pos:0.5068398056881339 neg:0.4931601943118662 
cv310_14568.txt neg pos:0.5009754465741099 neg:0.49902455342589025 
cv697_11162.txt pos pos:0.5102493189873109 neg:0.4897506810126891 
cv534_14083.txt pos pos:0.5070254574671256 neg:0.4929745425328744 
cv622_8147.txt pos pos:0.5070950128454405 neg:0.49290498715455966 
cv362_15341.txt pos pos:0.504014721528886 neg:0.495985278471114 
cv816_13655.txt pos pos:0.5078118119379774 neg:0.4921881880620226 
cv233_17614.txt neg pos:0.5059962150764787 neg:0.4940037849235212 
cv563_18610.txt neg pos:0.5032514061601916 neg:0.49674859383980835 
cv629_14909.txt pos pos:0.5039316283716831 neg:0.49606837162831685 
cv020_9234.txt neg pos:0.5061491322648047 neg:0.4938508677351954 
cv724_15265.txt neg pos:0.5076409631742196 neg:0.49235903682578047 
cv286_26156.txt neg pos:0.5033726564809635 neg:0.4966273435190364 
cv357_14710.txt neg pos:0.5027229516181613 neg:0.4972770483818388 
cv595_26420.txt neg neg:0.5001485311361012 pos:0.4998514688638987 
cv594_11039.txt pos pos:0.5082355280557372 neg:0.49176447194426276 
cv572_18657.txt pos pos:0.5108743008493163 neg:0.4891256991506837 
cv828_19831.txt pos pos:0.506437969784359 neg:0.493562030215641 
cv736_24947.txt neg pos:0.5068242614275356 neg:0.49317573857246444 
cv447_27332.txt pos pos:0.5090992477410049 neg:0.4909007522589951 
cv397_28890.txt neg pos:0.504020656687929 neg:0.49597934331207105 
cv877_29132.txt neg pos:0.5057520205539284 neg:0.49424797944607146 
cv688_7884.txt neg pos:0.5052773467165016 neg:0.49472265328349846 
cv155_7308.txt pos pos:0.5085884841330628 neg:0.49141151586693727 
cv306_10364.txt pos pos:0.5139408360958103 neg:0.4860591639041897 
cv597_26360.txt pos pos:0.5203140905728086 neg:0.4796859094271914 
cv456_20370.txt neg pos:0.5059177477104683 neg:0.49408225228953173 
cv821_29283.txt neg pos:0.5032491979498693 neg:0.4967508020501306 
cv745_12773.txt pos pos:0.5091817007427707 neg:0.4908182992572293 
cv882_10026.txt pos pos:0.5073869419045249 neg:0.4926130580954751 
cv476_16856.txt pos pos:0.5112426186188677 neg:0.48875738138113234 
cv290_11981.txt neg pos:0.5042727729976417 neg:0.4957272270023583 
cv564_12011.txt neg pos:0.5091510507039078 neg:0.49084894929609224 
cv043_15013.txt pos pos:0.5094037575709205 neg:0.4905962424290795 
cv285_18186.txt neg pos:0.5022053129375006 neg:0.4977946870624994 
cv971_10874.txt pos pos:0.506176890516295 neg:0.4938231094837051 
cv182_7791.txt neg pos:0.5034924487161062 neg:0.49650755128389384 
cv450_7890.txt pos pos:0.50848055049115 neg:0.49151944950884996 
cv860_13853.txt pos pos:0.5103150283176808 neg:0.4896849716823193 
cv779_17881.txt pos pos:0.5071627930542284 neg:0.49283720694577166 
cv097_24970.txt pos pos:0.5056085611606987 neg:0.4943914388393012 
cv665_29386.txt neg pos:0.5028058623975349 neg:0.4971941376024651 
cv468_15228.txt pos pos:0.505877317990225 neg:0.494122682009775 
cv920_29423.txt neg pos:0.5039511302272957 neg:0.4960488697727044 
cv096_12262.txt neg pos:0.502692609316591 neg:0.49730739068340907 
cv550_23226.txt neg pos:0.5015762202122606 neg:0.4984237797877394 
cv391_10802.txt pos pos:0.5196826813188701 neg:0.48031731868113003 
cv503_11196.txt neg pos:0.5034685370852728 neg:0.49653146291472716 
cv103_11021.txt pos pos:0.5080737395474844 neg:0.49192626045251564 
cv590_19290.txt pos pos:0.5063999737379824 neg:0.4936000262620176 
cv457_18453.txt pos pos:0.5101165306459832 neg:0.4898834693540168 
cv724_13681.txt pos pos:0.5075237928934256 neg:0.4924762071065743 
cv344_5376.txt neg pos:0.5048746451310341 neg:0.495125354868966 
cv416_11136.txt pos pos:0.5039962163769127 neg:0.4960037836230873 
cv856_29013.txt pos pos:0.5030787168417769 neg:0.49692128315822315 
cv438_8043.txt pos pos:0.5065965866532834 neg:0.4934034133467166 
cv607_7717.txt pos pos:0.5048933051033525 neg:0.49510669489664755 
cv184_2673.txt pos pos:0.5019454237945434 neg:0.49805457620545657 
cv862_15924.txt neg pos:0.5088883730659187 neg:0.49111162693408134 
cv134_23300.txt neg pos:0.5052314008224547 neg:0.4947685991775454 
cv742_7751.txt pos pos:0.5051707219722794 neg:0.49482927802772053 
cv066_11668.txt neg pos:0.505927694578223 neg:0.49407230542177705 
cv133_16336.txt pos pos:0.506494376010717 neg:0.493505623989283 
cv635_10022.txt pos pos:0.5105655512946226 neg:0.48943444870537745 
cv330_29675.txt neg pos:0.5068353529452113 neg:0.4931646470547887 
cv751_17208.txt neg pos:0.5087009759935399 neg:0.49129902400646014 
cv894_22140.txt neg pos:0.5011739586307599 neg:0.49882604136924014 
cv391_11615.txt neg pos:0.505898257015608 neg:0.494101742984392 
cv104_19176.txt neg pos:0.5056137067752702 neg:0.4943862932247298 
cv044_18429.txt neg pos:0.5048958488573431 neg:0.4951041511426568 
cv313_19337.txt neg pos:0.5045964646844947 neg:0.4954035353155054 
cv018_20137.txt pos pos:0.5037799012368228 neg:0.49622009876317724 
cv359_6751.txt neg pos:0.5136981890428255 neg:0.4863018109571744 
cv261_11855.txt neg pos:0.5142107083187225 neg:0.48578929168127744 
cv198_19313.txt neg pos:0.5057595294590669 neg:0.4942404705409331 
cv709_10529.txt pos pos:0.5053744329135482 neg:0.4946255670864519 
cv545_12014.txt pos pos:0.5200875569898553 neg:0.47991244301014463 
cv089_11418.txt pos pos:0.506778209358767 neg:0.4932217906412329 
cv540_3092.txt neg pos:0.5065380615513561 neg:0.493461938448644 
cv094_27868.txt neg pos:0.5064973838260792 neg:0.49350261617392077 
cv837_27232.txt neg pos:0.5060157148634059 neg:0.4939842851365941 
cv342_19456.txt pos pos:0.5041098330231895 neg:0.4958901669768105 
cv300_23302.txt neg pos:0.5108310632679771 neg:0.4891689367320229 
cv493_14135.txt neg pos:0.5055015079470523 neg:0.4944984920529477 
cv127_16451.txt neg pos:0.5045613142156847 neg:0.4954386857843154 
cv301_13010.txt neg pos:0.5048321421143152 neg:0.4951678578856848 
cv674_10732.txt pos pos:0.5179542589528179 neg:0.48204574104718206 
cv250_26462.txt neg pos:0.5073997037636128 neg:0.4926002962363873 
cv356_25163.txt pos pos:0.5078024290356346 neg:0.49219757096436545 
cv019_16117.txt neg pos:0.5069552898800573 neg:0.4930447101199427 
cv625_13518.txt neg pos:0.5039343917183373 neg:0.49606560828166263 
cv845_15886.txt neg pos:0.503440624587499 neg:0.49655937541250095 
cv464_15650.txt pos pos:0.5099446183157025 neg:0.4900553816842976 
cv044_16969.txt pos pos:0.5088962023426016 neg:0.4911037976573984 
cv514_11187.txt pos pos:0.5078001813608769 neg:0.49219981863912315 
cv951_11816.txt neg pos:0.5112368268114033 neg:0.4887631731885968 
cv444_9974.txt pos pos:0.5068046459163753 neg:0.49319535408362475 
cv915_9342.txt neg pos:0.504849475575865 neg:0.495150524424135 
cv048_16828.txt pos pos:0.5086057292988626 neg:0.4913942707011374 
cv573_29525.txt pos pos:0.5113959280241331 neg:0.4886040719758668 
cv077_23172.txt neg pos:0.5076189745372877 neg:0.49238102546271234 
cv928_9478.txt neg pos:0.5148965004535524 neg:0.48510349954644755 
cv033_25680.txt neg pos:0.5059838330877515 neg:0.49401616691224837 
cv723_8648.txt pos pos:0.503931313754643 neg:0.49606868624535705 
cv283_11055.txt pos pos:0.5055963659097111 neg:0.4944036340902889 
cv335_14665.txt pos pos:0.5115790707075222 neg:0.4884209292924779 
cv299_16214.txt pos pos:0.5069608885767353 neg:0.4930391114232648 
cv931_18783.txt neg pos:0.5055143358217994 neg:0.4944856641782006 
cv434_5641.txt neg pos:0.5087459835380155 neg:0.4912540164619846 
cv401_13758.txt neg pos:0.5120037881825815 neg:0.4879962118174184 
cv869_23611.txt pos pos:0.5140868553432868 neg:0.4859131446567132 
cv997_5152.txt neg pos:0.5036292223369652 neg:0.49637077766303483 
cv149_17084.txt neg pos:0.5057209964062422 neg:0.4942790035937577 
cv800_13494.txt neg pos:0.5056953793607452 neg:0.4943046206392548 
cv448_16409.txt neg pos:0.5049483323586917 neg:0.49505166764130837 
cv621_14368.txt pos pos:0.5113604450916831 neg:0.48863955490831695 
cv958_13020.txt neg pos:0.5018469488166714 neg:0.4981530511833286 
cv990_12443.txt neg neg:0.500906221981706 pos:0.499093778018294 
cv026_29325.txt pos pos:0.5052314527589584 neg:0.4947685472410416 
cv180_17823.txt neg pos:0.5033887971003699 neg:0.49661120289963023 
cv527_10338.txt neg pos:0.5066522888291648 neg:0.4933477111708353 
cv242_10638.txt pos pos:0.5017841268335909 neg:0.4982158731664091 
cv454_2053.txt pos pos:0.5089343227728697 neg:0.49106567722713035 
cv209_29118.txt pos pos:0.5032452691717237 neg:0.49675473082827615 
cv994_13229.txt neg pos:0.5059000496359808 neg:0.49409995036401927 
cv804_11763.txt neg pos:0.5071341081355175 neg:0.4928658918644825 
cv824_9335.txt neg pos:0.5050817749829112 neg:0.4949182250170889 
cv871_24888.txt pos pos:0.5062335510815017 neg:0.49376644891849836 
cv141_17179.txt neg pos:0.5151669520251447 neg:0.48483304797485527 
cv118_28837.txt neg pos:0.5120859758666423 neg:0.48791402413335777 
cv780_8467.txt neg pos:0.5035203782910821 neg:0.4964796217089179 
cv933_23776.txt pos pos:0.5134055859782521 neg:0.4865944140217479 
cv050_11175.txt pos pos:0.5051519199172538 neg:0.49484808008274617 
cv120_3793.txt neg pos:0.5098709227039866 neg:0.49012907729601335 
cv061_8837.txt pos pos:0.5107317848110736 neg:0.48926821518892627 
cv248_13987.txt pos pos:0.5090392573995077 neg:0.49096074260049216 
cv258_5792.txt pos pos:0.5078240868796361 neg:0.49217591312036385 
cv819_9364.txt pos pos:0.527111554668909 neg:0.4728884453310909 
cv225_29083.txt neg pos:0.5047594195454137 neg:0.4952405804545863 
cv287_15900.txt pos pos:0.5016659920172594 neg:0.4983340079827407 
cv250_25616.txt pos pos:0.5130978052468648 neg:0.4869021947531351 
cv191_29539.txt neg pos:0.5042648950927848 neg:0.49573510490721523 
cv993_29737.txt pos pos:0.5072804072612609 neg:0.49271959273873905 
cv400_19220.txt pos pos:0.5033096609253943 neg:0.4966903390746057 
cv303_27520.txt pos pos:0.513631525676479 neg:0.486368474323521 
cv795_10122.txt pos pos:0.5072485704938551 neg:0.4927514295061449 
cv848_10036.txt pos pos:0.5072716260469282 neg:0.4927283739530718 
cv533_9821.txt pos pos:0.5032865120860615 neg:0.49671348791393855 
cv578_16825.txt neg pos:0.5020316240530178 neg:0.4979683759469822 
cv410_24266.txt pos pos:0.5080750238694542 neg:0.4919249761305458 
cv060_11754.txt neg pos:0.5037247869240119 neg:0.49627521307598804 
cv604_2230.txt pos pos:0.5079537892191877 neg:0.49204621078081245 
cv086_18371.txt pos pos:0.5099997255686507 neg:0.4900002744313493 
cv987_7394.txt neg pos:0.5006220910533051 neg:0.4993779089466948 
cv255_15267.txt neg pos:0.5065409641808608 neg:0.49345903581913914 
cv557_11449.txt pos pos:0.5135103827521079 neg:0.486489617247892 
cv294_11684.txt pos pos:0.5167972167695948 neg:0.48320278323040516 
cv147_21193.txt pos pos:0.5157414362512273 neg:0.4842585637487727 
cv711_12687.txt neg pos:0.5028362704665004 neg:0.49716372953349963 
cv429_7937.txt neg pos:0.504743693669613 neg:0.495256306330387 
cv407_22637.txt pos pos:0.5099037031542716 neg:0.4900962968457284 
cv196_29027.txt pos pos:0.5067510734227891 neg:0.49324892657721087 
cv491_12145.txt pos pos:0.5039001587983576 neg:0.4960998412016424 
cv411_16799.txt neg pos:0.5031668548880837 neg:0.4968331451119164 
cv633_29730.txt neg pos:0.503402937034095 neg:0.49659706296590495 
cv943_22488.txt pos pos:0.5041219081978701 neg:0.49587809180212994 
cv813_6534.txt pos pos:0.5052146469339405 neg:0.4947853530660594 
Trial 0 Trainer MaxEntTrainer,gaussianPriorVariance=1.0 Training Data Confusion Matrix
Confusion Matrix, row=true, column=predicted  accuracy=0.5
  label   0   1  |total
  0 neg   2 898  |900
  1 pos   2 898  |900

Trial 0 Trainer MaxEntTrainer,gaussianPriorVariance=1.0 training data accuracy= 0.5
Trial 0 Trainer MaxEntTrainer,gaussianPriorVariance=1.0 Test Data Confusion Matrix
Confusion Matrix, row=true, column=predicted  accuracy=0.51
  label   0   1  |total
  0 neg   2  98  |100
  1 pos   . 100  |100

Trial 0 Trainer MaxEntTrainer,gaussianPriorVariance=1.0 test data accuracy= 0.51

MaxEntTrainer,gaussianPriorVariance=1.0
Summary. train accuracy mean = 0.5 stddev = 0.0 stderr = 0.0
Summary. test accuracy mean = 0.51 stddev = 0.0 stderr = 0.0
