
-------------------- Trial 0  --------------------

Trial 0 Training MaxEntTrainer,gaussianPriorVariance=1.0 with 1800 instances
Trial 0 Training MaxEntTrainer,gaussianPriorVariance=1.0 finished
Trial 0 Trainer MaxEntTrainer,gaussianPriorVariance=1.0
 Raw Testing Data
cv601_24759.txt neg pos:0.5074302691359999 neg:0.4925697308640002 
cv662_13320.txt pos pos:0.506866786209913 neg:0.493133213790087 
cv361_28738.txt neg pos:0.512080254566556 neg:0.4879197454334441 
cv681_9692.txt pos pos:0.5049464331163863 neg:0.4950535668836137 
cv906_12332.txt neg pos:0.5096183382011678 neg:0.4903816617988323 
cv453_10379.txt pos pos:0.5153009177757419 neg:0.484699082224258 
cv285_16494.txt pos pos:0.5063889940772345 neg:0.4936110059227655 
cv583_29692.txt pos pos:0.5041286441903057 neg:0.4958713558096943 
cv211_9955.txt neg pos:0.5088652712138758 neg:0.49113472878612424 
cv564_11110.txt pos pos:0.5047121869464183 neg:0.4952878130535817 
cv365_12442.txt neg pos:0.5030981794061686 neg:0.4969018205938313 
cv935_24977.txt neg pos:0.503336641926682 neg:0.49666335807331796 
cv071_12095.txt pos pos:0.5138738782207348 neg:0.4861261217792652 
cv690_5619.txt pos pos:0.5051356670004218 neg:0.49486433299957816 
cv988_18740.txt pos pos:0.5121556695159064 neg:0.4878443304840936 
cv156_11119.txt neg pos:0.5056829569048751 neg:0.4943170430951249 
cv413_7398.txt pos pos:0.5050142077602117 neg:0.4949857922397884 
cv338_9183.txt neg pos:0.5073821050538792 neg:0.4926178949461208 
cv337_29061.txt neg pos:0.5066709091851166 neg:0.4933290908148834 
cv657_24513.txt pos pos:0.5098303371983296 neg:0.49016966280167035 
cv620_24265.txt pos pos:0.5077491118265783 neg:0.4922508881734216 
cv317_25111.txt neg pos:0.5042326785856835 neg:0.4957673214143164 
cv220_29059.txt pos pos:0.5104047951454715 neg:0.48959520485452845 
cv939_10583.txt pos pos:0.5044219583634361 neg:0.49557804163656394 
cv627_12603.txt neg pos:0.5031120815114541 neg:0.4968879184885459 
cv289_6463.txt pos pos:0.5105205865469074 neg:0.4894794134530926 
cv495_14518.txt pos pos:0.5034820519322035 neg:0.4965179480677965 
cv376_20883.txt neg pos:0.5083828479128649 neg:0.4916171520871352 
cv933_24953.txt neg pos:0.5173449151439814 neg:0.48265508485601855 
cv666_20301.txt neg pos:0.5040133270648895 neg:0.4959866729351105 
cv172_11131.txt pos pos:0.5056236649653738 neg:0.49437633503462614 
cv842_5866.txt pos pos:0.5037887315780024 neg:0.49621126842199753 
cv099_10534.txt pos pos:0.5131593253054375 neg:0.4868406746945625 
cv354_8573.txt neg pos:0.5022964827983369 neg:0.49770351720166306 
cv859_14107.txt pos pos:0.5173112779925912 neg:0.48268872200740887 
cv762_13927.txt pos pos:0.513063768841527 neg:0.48693623115847307 
cv599_20988.txt pos pos:0.5102785530267367 neg:0.48972144697326325 
cv843_17054.txt neg pos:0.5002844157939321 neg:0.49971558420606793 
cv508_16006.txt pos pos:0.5193356841669305 neg:0.4806643158330695 
cv423_12089.txt neg pos:0.5072746930413913 neg:0.4927253069586087 
cv286_25050.txt pos pos:0.5089322324958994 neg:0.4910677675041007 
cv425_8250.txt pos pos:0.5038034594480257 neg:0.49619654055197426 
cv270_6079.txt pos pos:0.5027159769074249 neg:0.497284023092575 
cv477_23530.txt neg pos:0.5028593640436376 neg:0.4971406359563624 
cv875_5622.txt neg pos:0.5021979385746798 neg:0.49780206142532035 
cv713_29002.txt neg pos:0.5129721675155288 neg:0.4870278324844712 
cv917_29484.txt neg pos:0.5041041420616305 neg:0.4958958579383695 
cv247_13142.txt pos pos:0.5133640101300994 neg:0.48663598986990064 
cv002_17424.txt neg pos:0.5074028605215385 neg:0.49259713947846157 
cv725_10266.txt neg pos:0.5086290289946683 neg:0.4913709710053316 
cv548_17731.txt pos pos:0.5121087582200603 neg:0.48789124177993964 
cv165_2389.txt neg pos:0.5014025456001107 neg:0.49859745439988923 
cv662_14791.txt neg pos:0.5011222690729016 neg:0.4988777309270984 
cv798_24779.txt neg pos:0.5076083193202278 neg:0.49239168067977224 
cv913_29252.txt pos pos:0.5092141448652081 neg:0.4907858551347919 
cv328_10908.txt neg pos:0.5058076142653952 neg:0.4941923857346048 
cv949_20112.txt pos pos:0.5079364971936208 neg:0.4920635028063793 
cv405_20399.txt pos pos:0.507748840139993 neg:0.49225115986000695 
cv057_7453.txt pos neg:0.5005462512844663 pos:0.4994537487155337 
cv249_11640.txt pos pos:0.5041124821497937 neg:0.49588751785020635 
cv929_1841.txt neg pos:0.5027651692761317 neg:0.49723483072386826 
cv121_17302.txt pos pos:0.5060773631946299 neg:0.49392263680537 
cv472_29280.txt pos pos:0.5066332830414544 neg:0.4933667169585456 
cv658_10532.txt pos pos:0.5056032940355527 neg:0.4943967059644473 
cv150_14279.txt neg pos:0.5055216526869939 neg:0.49447834731300616 
cv183_18612.txt pos pos:0.5097680598786329 neg:0.49023194012136706 
cv072_5928.txt neg pos:0.5086328175626723 neg:0.4913671824373278 
cv524_24885.txt neg pos:0.5072221455489427 neg:0.49277785445105726 
cv895_22200.txt neg pos:0.5024422142100404 neg:0.4975577857899596 
cv407_23928.txt neg pos:0.507391696046911 neg:0.49260830395308886 
cv371_8197.txt neg pos:0.5013864824600704 neg:0.4986135175399295 
cv897_10837.txt pos pos:0.5134602073288332 neg:0.4865397926711667 
cv267_14952.txt pos pos:0.5072576131188985 neg:0.49274238688110145 
cv335_16299.txt neg pos:0.5100151017293244 neg:0.4899848982706756 
cv047_1754.txt pos pos:0.5073507434976664 neg:0.49264925650233365 
cv069_11613.txt neg pos:0.5078212393673878 neg:0.49217876063261223 
cv677_17715.txt pos pos:0.508526418298734 neg:0.49147358170126604 
cv029_19943.txt neg pos:0.5035686354675452 neg:0.49643136453245484 
cv723_9002.txt neg pos:0.508557940688439 neg:0.49144205931156104 
cv245_8938.txt neg pos:0.5027809821280635 neg:0.4972190178719365 
cv941_10246.txt pos pos:0.50425157081858 neg:0.4957484291814201 
cv719_5713.txt pos pos:0.5113141191903777 neg:0.4886858808096222 
cv083_25491.txt neg pos:0.5082951257724495 neg:0.49170487422755044 
cv608_24647.txt neg pos:0.5060390074390376 neg:0.4939609925609625 
cv007_4992.txt neg pos:0.5057366457629087 neg:0.4942633542370913 
cv499_11407.txt neg pos:0.5073894806104401 neg:0.49261051938955985 
cv167_18094.txt neg pos:0.5046713846062103 neg:0.49532861539378975 
cv257_11856.txt neg pos:0.5080142409734651 neg:0.4919857590265349 
cv999_14636.txt neg pos:0.5063350814773898 neg:0.49366491852261024 
cv196_28898.txt neg pos:0.5032938215620746 neg:0.49670617843792547 
cv402_14425.txt pos pos:0.5085846766429615 neg:0.49141532335703847 
cv424_8831.txt pos pos:0.5042196361743919 neg:0.49578036382560803 
cv854_18955.txt neg pos:0.5049193280724007 neg:0.49508067192759936 
cv325_16629.txt pos pos:0.510177443111533 neg:0.48982255688846693 
cv448_14695.txt pos pos:0.5043377378737803 neg:0.4956622621262196 
cv640_5380.txt neg pos:0.5034468101940448 neg:0.4965531898059552 
cv974_24303.txt neg pos:0.5066963271379784 neg:0.4933036728620216 
cv300_22284.txt pos pos:0.5120476752615007 neg:0.48795232473849937 
cv455_29000.txt pos pos:0.507547511228024 neg:0.49245248877197606 
cv939_11247.txt neg pos:0.5052694846645743 neg:0.4947305153354257 
cv270_5873.txt neg neg:0.5003580018047139 pos:0.49964199819528604 
cv671_5164.txt neg pos:0.5015030911618455 neg:0.4984969088381545 
cv632_9704.txt neg pos:0.504331300766045 neg:0.4956686992339549 
cv514_12173.txt neg pos:0.5142474492166119 neg:0.48575255078338797 
cv108_17064.txt neg pos:0.5103471169080944 neg:0.4896528830919056 
cv660_21893.txt pos pos:0.5150412851592446 neg:0.4849587148407554 
cv191_29719.txt pos pos:0.5069356722858332 neg:0.49306432771416686 
cv481_7930.txt neg pos:0.5010864958013336 neg:0.4989135041986665 
cv101_10175.txt pos pos:0.5090255909402488 neg:0.49097440905975126 
cv504_29243.txt pos pos:0.5056689897437959 neg:0.4943310102562041 
cv213_20300.txt neg pos:0.5025747232099959 neg:0.4974252767900042 
cv959_14611.txt pos pos:0.5108383107186851 neg:0.4891616892813148 
cv284_20530.txt neg pos:0.5069717468461213 neg:0.4930282531538787 
cv181_14401.txt pos pos:0.512238250083057 neg:0.48776174991694304 
cv066_10821.txt pos pos:0.5025957478073647 neg:0.49740425219263523 
cv585_23576.txt neg pos:0.5050252257367023 neg:0.4949747742632978 
cv631_4967.txt pos pos:0.5092192355545418 neg:0.49078076444545815 
cv053_21822.txt pos pos:0.5118324263148771 neg:0.4881675736851228 
cv801_26335.txt neg pos:0.5027978198588436 neg:0.49720218014115636 
cv517_20616.txt neg pos:0.5084087830579572 neg:0.49159121694204283 
cv999_13106.txt pos pos:0.5123397657809929 neg:0.48766023421900706 
cv557_12237.txt neg pos:0.5065670328987255 neg:0.4934329671012744 
cv024_7033.txt neg pos:0.5063733220584024 neg:0.49362667794159765 
cv788_26409.txt neg pos:0.5061319602095247 neg:0.49386803979047544 
cv384_17140.txt pos pos:0.5044470741478974 neg:0.49555292585210253 
cv055_8338.txt pos pos:0.5087351038837009 neg:0.4912648961162991 
cv210_9312.txt pos pos:0.5079420528661001 neg:0.4920579471339 
cv334_0074.txt neg pos:0.5117571060044414 neg:0.48824289399555865 
cv449_9126.txt neg pos:0.5111243396011044 neg:0.4888756603988956 
cv340_13287.txt pos pos:0.5073115915204587 neg:0.49268840847954126 
cv393_29327.txt pos pos:0.505898558282712 neg:0.4941014417172879 
cv024_6778.txt pos pos:0.5066614714112258 neg:0.49333852858877425 
cv310_13091.txt pos pos:0.5114099655518197 neg:0.4885900344481803 
cv647_15275.txt neg pos:0.5066462795538565 neg:0.49335372044614356 
cv929_16908.txt pos pos:0.510704686510741 neg:0.4892953134892591 
cv647_13691.txt pos pos:0.5095387188606565 neg:0.4904612811393435 
cv544_5301.txt neg pos:0.5058784454673868 neg:0.49412155453261314 
cv744_10091.txt neg pos:0.5087876402912166 neg:0.4912123597087834 
cv780_7984.txt pos pos:0.5144108728665832 neg:0.4855891271334168 
cv216_20165.txt neg pos:0.503288387241517 neg:0.4967116127584829 
cv982_22209.txt neg pos:0.5022850423368079 neg:0.4977149576631921 
cv221_27081.txt neg pos:0.5065763108202919 neg:0.49342368917970814 
cv021_17313.txt neg pos:0.5043115991567455 neg:0.49568840084325444 
cv607_8235.txt neg pos:0.5058305741659922 neg:0.49416942583400786 
cv692_17026.txt neg pos:0.5074251514355886 neg:0.49257484856441136 
cv980_10953.txt pos pos:0.512559458682447 neg:0.4874405413175529 
cv175_6964.txt pos pos:0.5066582839330446 neg:0.4933417160669555 
cv587_20532.txt neg pos:0.5036738453092734 neg:0.4963261546907266 
cv676_22202.txt neg pos:0.5038700653912002 neg:0.4961299346087999 
cv380_7574.txt pos pos:0.5048191234530379 neg:0.49518087654696213 
cv623_15356.txt pos pos:0.507719179656571 neg:0.4922808203434289 
cv405_21868.txt neg pos:0.5054773660594164 neg:0.49452263394058366 
cv431_7538.txt neg pos:0.5039245315426526 neg:0.4960754684573474 
cv428_11347.txt pos pos:0.5082737084997939 neg:0.49172629150020614 
cv253_10077.txt pos pos:0.5039608804543424 neg:0.49603911954565755 
cv095_28730.txt neg pos:0.5016717270797493 neg:0.49832827292025067 
cv691_5043.txt pos pos:0.5065471427032924 neg:0.4934528572967076 
cv830_5778.txt neg pos:0.5028082199337125 neg:0.49719178006628745 
cv030_22893.txt neg pos:0.5064771012225586 neg:0.49352289877744143 
cv919_16380.txt pos pos:0.5060038412819784 neg:0.4939961587180216 
cv558_29507.txt pos pos:0.5103009351851772 neg:0.48969906481482284 
cv931_17563.txt pos pos:0.5049146254217389 neg:0.4950853745782611 
cv154_9328.txt pos pos:0.5061411812135587 neg:0.4938588187864414 
cv185_28372.txt neg pos:0.5040722695563917 neg:0.4959277304436083 
cv018_21672.txt neg pos:0.5026583928441789 neg:0.49734160715582104 
cv046_10188.txt pos pos:0.5114322737177351 neg:0.48856772628226486 
cv606_15985.txt pos pos:0.5164043560518402 neg:0.4835956439481598 
cv153_10779.txt pos pos:0.5159841902724673 neg:0.4840158097275327 
cv921_13988.txt neg pos:0.5117476737657405 neg:0.48825232623425946 
cv114_18398.txt pos pos:0.5012632176641508 neg:0.49873678233584917 
cv876_9633.txt neg pos:0.5057830730493217 neg:0.49421692695067826 
cv698_16930.txt neg pos:0.5106636869454447 neg:0.48933631305455516 
cv450_8319.txt neg pos:0.5018272308658995 neg:0.4981727691341004 
cv984_12767.txt pos pos:0.507555344133248 neg:0.4924446558667519 
cv019_14482.txt pos pos:0.5047401487161921 neg:0.4952598512838078 
cv949_21565.txt neg pos:0.507014948231815 neg:0.49298505176818497 
cv009_29592.txt pos pos:0.5068012870686215 neg:0.4931987129313785 
cv716_11153.txt neg pos:0.5048775570613814 neg:0.49512244293861857 
cv857_15958.txt pos pos:0.505427532213188 neg:0.49457246778681196 
cv898_14187.txt pos pos:0.5102695084774787 neg:0.4897304915225213 
cv259_10934.txt pos pos:0.508681125362285 neg:0.4913188746377149 
cv897_11703.txt neg pos:0.5046902790881468 neg:0.4953097209118532 
cv708_28729.txt pos pos:0.504946572654713 neg:0.49505342734528696 
cv773_18817.txt pos pos:0.5041823712930652 neg:0.4958176287069348 
cv315_11629.txt pos pos:0.5130483763229083 neg:0.4869516236770917 
cv204_8451.txt pos pos:0.5083192249749094 neg:0.49168077502509056 
cv202_11382.txt neg pos:0.5081631205036187 neg:0.4918368794963813 
cv048_18380.txt neg pos:0.5040361216039101 neg:0.4959638783960899 
cv120_4111.txt pos pos:0.5073323553097852 neg:0.4926676446902148 
cv963_7208.txt neg pos:0.5106371529031486 neg:0.48936284709685135 
cv592_22315.txt pos pos:0.5042148515166193 neg:0.4957851484833808 
cv219_19874.txt neg pos:0.5111387666193908 neg:0.48886123338060916 
cv983_24219.txt neg pos:0.5039885485549064 neg:0.4960114514450935 
cv162_10977.txt neg pos:0.5073884319282039 neg:0.4926115680717961 
cv730_10279.txt pos pos:0.5126309462362555 neg:0.4873690537637445 
cv617_9322.txt pos pos:0.5075541816919812 neg:0.4924458183080188 
cv469_21998.txt neg pos:0.5087691495577593 neg:0.4912308504422407 
cv527_10123.txt pos pos:0.506182552122574 neg:0.493817447877426 
cv694_4526.txt neg pos:0.5039105918818516 neg:0.49608940811814833 
cv586_7543.txt pos pos:0.5091767515427169 neg:0.490823248457283 
Trial 0 Trainer MaxEntTrainer,gaussianPriorVariance=1.0 Training Data Confusion Matrix
Confusion Matrix, row=true, column=predicted  accuracy=0.5011111111111111
  label   0   1  |total
  0 neg   3 897  |900
  1 pos   1 899  |900

Trial 0 Trainer MaxEntTrainer,gaussianPriorVariance=1.0 training data accuracy= 0.5011111111111111
Trial 0 Trainer MaxEntTrainer,gaussianPriorVariance=1.0 Test Data Confusion Matrix
Confusion Matrix, row=true, column=predicted  accuracy=0.5
  label   0   1  |total
  0 neg   1  99  |100
  1 pos   1  99  |100

Trial 0 Trainer MaxEntTrainer,gaussianPriorVariance=1.0 test data accuracy= 0.5

MaxEntTrainer,gaussianPriorVariance=1.0
Summary. train accuracy mean = 0.5011111111111111 stddev = 0.0 stderr = 0.0
Summary. test accuracy mean = 0.5 stddev = 0.0 stderr = 0.0
