
-------------------- Trial 0  --------------------

Trial 0 Training MaxEntTrainer,gaussianPriorVariance=1.0 with 1800 instances
Trial 0 Training MaxEntTrainer,gaussianPriorVariance=1.0 finished
Trial 0 Trainer MaxEntTrainer,gaussianPriorVariance=1.0
 Raw Testing Data
cv998_14111.txt pos pos:0.5301902497282477 neg:0.4698097502717523 
cv383_14662.txt neg pos:0.5153972877097033 neg:0.4846027122902966 
cv051_10751.txt neg pos:0.5196900928018492 neg:0.4803099071981508 
cv652_13972.txt pos pos:0.5172225350115592 neg:0.48277746498844076 
cv394_5311.txt neg pos:0.5239629260258557 neg:0.47603707397414424 
cv338_8821.txt pos pos:0.5106668121273622 neg:0.4893331878726378 
cv758_9740.txt neg pos:0.5218772632830657 neg:0.47812273671693417 
cv100_11528.txt pos pos:0.5264381430445272 neg:0.47356185695547287 
cv457_19546.txt neg pos:0.5212921106137685 neg:0.47870788938623166 
cv600_25043.txt neg pos:0.5111730115897845 neg:0.4888269884102156 
cv836_12968.txt pos pos:0.5373798310011629 neg:0.46262016899883707 
cv222_18720.txt neg pos:0.5161315986934121 neg:0.4838684013065879 
cv240_15948.txt neg pos:0.514329902711583 neg:0.485670097288417 
cv192_14395.txt pos pos:0.521624500436502 neg:0.47837549956349806 
cv215_23246.txt neg pos:0.5179414345439303 neg:0.48205856545606973 
cv813_6649.txt neg pos:0.5250651473988465 neg:0.47493485260115353 
cv856_28882.txt neg pos:0.5108010964658066 neg:0.4891989035341934 
cv677_18938.txt neg pos:0.5220930305245309 neg:0.4779069694754691 
cv127_14711.txt pos pos:0.5193184695159828 neg:0.4806815304840171 
cv447_27334.txt neg pos:0.5170546315727458 neg:0.4829453684272543 
cv841_3367.txt neg pos:0.5257551807960484 neg:0.47424481920395156 
cv660_23140.txt neg pos:0.5181696338476249 neg:0.481830366152375 
cv765_20429.txt neg pos:0.5224736622009358 neg:0.4775263377990641 
cv694_4876.txt pos pos:0.5218762736641024 neg:0.4781237263358977 
cv187_12829.txt pos pos:0.5181466351577106 neg:0.4818533648422893 
cv084_13566.txt pos pos:0.5293437118930162 neg:0.47065628810698373 
cv655_11154.txt pos pos:0.5266304972841984 neg:0.4733695027158016 
cv976_10724.txt neg pos:0.5225964810347424 neg:0.4774035189652576 
cv740_12445.txt pos pos:0.5180322346932583 neg:0.4819677653067417 
cv878_17204.txt neg pos:0.5261686378965236 neg:0.47383136210347654 
cv885_12318.txt pos pos:0.5153283691107846 neg:0.48467163088921544 
cv316_6370.txt pos pos:0.5123114721923167 neg:0.48768852780768335 
cv711_11665.txt pos pos:0.5516300560893399 neg:0.4483699439106601 
cv864_3416.txt pos pos:0.5113140288168269 neg:0.48868597118317303 
cv896_16071.txt pos pos:0.540856391810834 neg:0.459143608189166 
cv753_10875.txt pos pos:0.5200913488162109 neg:0.47990865118378917 
cv614_11320.txt neg pos:0.5388503454550579 neg:0.4611496545449421 
cv363_29273.txt neg pos:0.507031565323056 neg:0.492968434676944 
cv734_22821.txt neg pos:0.5163932803863761 neg:0.483606719613624 
cv237_20635.txt neg pos:0.5195816676049033 neg:0.4804183323950967 
cv059_28723.txt neg pos:0.5068376618870786 neg:0.49316233811292143 
cv863_7424.txt pos pos:0.5196164637290485 neg:0.4803835362709516 
cv357_13156.txt pos pos:0.5299028117438445 neg:0.4700971882561556 
cv175_7375.txt neg pos:0.5217894877167176 neg:0.47821051228328243 
cv283_11963.txt neg pos:0.5247161468624116 neg:0.4752838531375883 
cv254_6027.txt pos pos:0.5208990069173519 neg:0.4791009930826481 
cv761_13769.txt neg pos:0.5310268485586025 neg:0.4689731514413975 
cv615_14182.txt pos pos:0.519052109676154 neg:0.480947890323846 
cv095_28892.txt pos pos:0.5206418725149612 neg:0.47935812748503887 
cv513_6923.txt pos pos:0.5134177375760542 neg:0.48658226242394576 
cv490_17872.txt pos pos:0.5407129532047614 neg:0.4592870467952386 
cv358_11557.txt neg pos:0.5370206679492885 neg:0.46297933205071157 
cv010_29198.txt pos pos:0.5242681103879777 neg:0.47573188961202234 
cv221_2695.txt pos pos:0.5087549339122127 neg:0.49124506608778723 
cv665_29538.txt pos pos:0.5163932114854188 neg:0.4836067885145812 
cv521_15828.txt pos pos:0.5407489333943701 neg:0.4592510666056299 
cv801_25228.txt pos pos:0.531918941334065 neg:0.46808105866593497 
cv400_20631.txt neg pos:0.5158243441835697 neg:0.48417565581643024 
cv610_24153.txt neg pos:0.5196836966705093 neg:0.48031630332949066 
cv158_10914.txt neg pos:0.520316313930705 neg:0.479683686069295 
cv621_15984.txt neg pos:0.5427623819746943 neg:0.45723761802530577 
cv200_2915.txt pos pos:0.5099135525909201 neg:0.4900864474090799 
cv990_11591.txt pos pos:0.5298230860396073 neg:0.4701769139603927 
cv663_14484.txt neg pos:0.5242687038967324 neg:0.4757312961032676 
cv770_10451.txt pos pos:0.5272708584744873 neg:0.4727291415255127 
cv063_28852.txt neg pos:0.5245940567510501 neg:0.4754059432489499 
cv842_5702.txt neg pos:0.5252788754762678 neg:0.4747211245237321 
cv505_12926.txt neg pos:0.5352981490297555 neg:0.4647018509702445 
cv108_15571.txt pos pos:0.5115549362492382 neg:0.4884450637507618 
cv186_2396.txt neg pos:0.5169195102970533 neg:0.4830804897029467 
cv312_29377.txt pos pos:0.5118338568429835 neg:0.48816614315701645 
cv962_9813.txt neg pos:0.5138931556802862 neg:0.4861068443197138 
cv110_27832.txt neg pos:0.5102309764659123 neg:0.48976902353408774 
cv244_21649.txt pos pos:0.5186407411846418 neg:0.48135925881535824 
cv542_20359.txt neg pos:0.5228404241270799 neg:0.4771595758729201 
cv429_7439.txt pos pos:0.5226933299418232 neg:0.4773066700581769 
cv873_19937.txt neg pos:0.5191374107520188 neg:0.4808625892479813 
cv881_13254.txt pos pos:0.5112987500263941 neg:0.4887012499736059 
cv538_28667.txt pos pos:0.5217559519315528 neg:0.4782440480684471 
cv927_11471.txt neg pos:0.5240143490314906 neg:0.4759856509685095 
cv868_12799.txt neg pos:0.5056168287651873 neg:0.4943831712348127 
cv668_18848.txt neg pos:0.5149557541772853 neg:0.48504424582271466 
cv658_11186.txt neg pos:0.5197358124704923 neg:0.4802641875295077 
cv269_21732.txt pos pos:0.5575809668191004 neg:0.4424190331808996 
cv551_10565.txt pos pos:0.527016720804776 neg:0.4729832791952239 
cv770_11061.txt neg pos:0.5272277481306238 neg:0.47277225186937616 
cv966_28832.txt pos pos:0.5140199451383052 neg:0.48598005486169477 
cv676_21090.txt pos pos:0.5278836257967651 neg:0.472116374203235 
cv669_22995.txt pos pos:0.517996861955113 neg:0.482003138044887 
cv670_2666.txt neg pos:0.5087519257956143 neg:0.4912480742043856 
cv972_26837.txt neg pos:0.5267184653582642 neg:0.4732815346417358 
cv760_8977.txt neg pos:0.5352268146074626 neg:0.4647731853925375 
cv979_2029.txt neg pos:0.5261042192164949 neg:0.47389578078350514 
cv604_23339.txt neg pos:0.5158873584815749 neg:0.4841126415184252 
cv467_25773.txt pos pos:0.5293640066023922 neg:0.4706359933976077 
cv593_10987.txt pos pos:0.518710747948905 neg:0.48128925205109496 
cv680_10160.txt pos pos:0.5253173768521415 neg:0.4746826231478585 
cv743_17023.txt neg pos:0.5199578033920594 neg:0.48004219660794056 
cv330_29809.txt pos pos:0.5184063496790496 neg:0.48159365032095036 
cv496_10530.txt pos pos:0.5354955701218268 neg:0.46450442987817314 
cv890_3977.txt pos pos:0.5193483427356116 neg:0.48065165726438835 
cv194_12079.txt pos pos:0.5117897201789982 neg:0.4882102798210019 
cv151_15771.txt pos pos:0.5298843839013188 neg:0.47011561609868124 
cv567_29420.txt neg pos:0.5207451235201397 neg:0.47925487647986037 
cv902_13217.txt neg pos:0.5285304438785833 neg:0.47146955612141667 
cv650_14340.txt pos pos:0.5199084526682609 neg:0.4800915473317391 
cv655_12055.txt neg pos:0.5128868762064537 neg:0.4871131237935463 
cv554_14678.txt neg pos:0.5289088560711127 neg:0.4710911439288873 
cv321_14191.txt neg pos:0.5419231201695148 neg:0.45807687983048523 
cv323_29633.txt neg pos:0.5289635677734572 neg:0.4710364322265428 
cv136_12384.txt neg pos:0.5298935333997531 neg:0.4701064666002469 
cv112_12178.txt neg pos:0.5280293442987202 neg:0.4719706557012799 
cv371_7630.txt pos pos:0.5414276893115304 neg:0.4585723106884696 
cv946_20084.txt neg pos:0.530798391564926 neg:0.4692016084350739 
cv653_19583.txt pos pos:0.5380351396743133 neg:0.46196486032568684 
cv970_19532.txt neg pos:0.521342121334772 neg:0.478657878665228 
cv369_14245.txt neg pos:0.5245959145726254 neg:0.47540408542737445 
cv389_9369.txt pos pos:0.5359372629751131 neg:0.4640627370248868 
cv265_11625.txt neg pos:0.5349991696789447 neg:0.4650008303210554 
cv069_10801.txt pos pos:0.5197860167794939 neg:0.4802139832205061 
cv083_24234.txt pos pos:0.5258474129102712 neg:0.47415258708972885 
cv139_14236.txt neg pos:0.5295306395014605 neg:0.4704693604985395 
cv093_13951.txt pos pos:0.5180341720945849 neg:0.48196582790541503 
cv546_12723.txt neg pos:0.5147311365896076 neg:0.4852688634103924 
cv234_20643.txt pos pos:0.5244890113169577 neg:0.4755109886830422 
cv361_28944.txt pos pos:0.5076935222933101 neg:0.49230647770668984 
cv439_15970.txt pos pos:0.5625488546821983 neg:0.4374511453178017 
cv388_12810.txt neg pos:0.5134481336412041 neg:0.48655186635879594 
cv789_12991.txt neg pos:0.5235640063681887 neg:0.4764359936318114 
cv219_18626.txt pos pos:0.5140846616013699 neg:0.4859153383986301 
cv864_3087.txt neg pos:0.5219203588708934 neg:0.47807964112910667 
cv353_19197.txt neg pos:0.5231829430418184 neg:0.47681705695818166 
cv252_23779.txt pos pos:0.5353982893117719 neg:0.464601710688228 
cv227_25406.txt neg pos:0.5171530988790672 neg:0.48284690112093276 
cv947_10601.txt pos pos:0.5231428598733151 neg:0.47685714012668495 
cv513_7236.txt neg pos:0.5171076631941871 neg:0.48289233680581295 
cv025_3108.txt pos pos:0.5245383475908406 neg:0.47546165240915933 
cv128_29627.txt pos pos:0.5145882913467735 neg:0.4854117086532264 
cv517_19219.txt pos pos:0.5112637026592118 neg:0.4887362973407882 
cv690_5425.txt neg pos:0.5194171797486857 neg:0.4805828202513143 
cv950_12350.txt pos pos:0.5223837017462066 neg:0.4776162982537934 
cv211_9953.txt pos pos:0.5569874668283157 neg:0.4430125331716844 
cv642_29867.txt pos pos:0.533787314059883 neg:0.466212685940117 
cv636_16954.txt neg pos:0.5346127559694821 neg:0.4653872440305179 
cv332_16307.txt pos pos:0.5449931024795154 neg:0.45500689752048457 
cv907_3541.txt pos pos:0.526792968686766 neg:0.47320703131323405 
cv246_28807.txt pos pos:0.5254993276770797 neg:0.47450067232292026 
cv164_22447.txt pos pos:0.5165782513634968 neg:0.4834217486365033 
cv924_29540.txt pos pos:0.5178018781325864 neg:0.4821981218674135 
cv749_17765.txt pos pos:0.5168450159914594 neg:0.4831549840085406 
cv289_6239.txt neg pos:0.5071697376897676 neg:0.49283026231023236 
cv796_17243.txt neg pos:0.5254073039538215 neg:0.4745926960461784 
cv413_7893.txt neg pos:0.5236233391203775 neg:0.4763766608796224 
cv781_5358.txt neg pos:0.5244996940026138 neg:0.4755003059973862 
cv142_22516.txt pos pos:0.5191389518088492 neg:0.48086104819115083 
cv544_5108.txt pos pos:0.5162666135391458 neg:0.48373338646085423 
cv003_11664.txt pos pos:0.5365837712473952 neg:0.4634162287526047 
cv568_17065.txt neg pos:0.5350776982789263 neg:0.46492230172107374 
cv319_14727.txt pos pos:0.5128691441321619 neg:0.4871308558678381 
cv040_8276.txt pos pos:0.5284262082491482 neg:0.47157379175085185 
cv189_24248.txt neg pos:0.5133535247008422 neg:0.4866464752991579 
cv111_11473.txt pos pos:0.5077962619169448 neg:0.49220373808305506 
cv601_23453.txt pos pos:0.5560112916824385 neg:0.44398870831756154 
cv616_29319.txt pos pos:0.5199687787748483 neg:0.48003122122515174 
cv942_18509.txt neg pos:0.5258413679170099 neg:0.4741586320829901 
cv203_19052.txt neg pos:0.5065961805366392 neg:0.49340381946336087 
cv145_11472.txt pos pos:0.509759065065154 neg:0.490240934934846 
cv837_27325.txt pos pos:0.5323190118145559 neg:0.46768098818544407 
cv794_15868.txt pos pos:0.5463591419895338 neg:0.45364085801046616 
cv992_12806.txt neg pos:0.5279401810245167 neg:0.4720598189754833 
cv835_19159.txt pos pos:0.5071563765064717 neg:0.4928436234935283 
cv535_19728.txt pos pos:0.5107715888606839 neg:0.48922841113931614 
cv035_3343.txt neg pos:0.5201941701231821 neg:0.4798058298768179 
cv746_10147.txt pos pos:0.5290999014586487 neg:0.47090009854135134 
cv471_18405.txt neg pos:0.5208554906531218 neg:0.47914450934687824 
cv488_19856.txt pos pos:0.5219291879187212 neg:0.47807081208127883 
cv426_10421.txt pos pos:0.5214952748887332 neg:0.47850472511126685 
cv952_26375.txt neg pos:0.5167932829156515 neg:0.4832067170843485 
cv142_23657.txt neg pos:0.5085039048531502 neg:0.4914960951468498 
cv319_16459.txt neg pos:0.5195567368657272 neg:0.48044326313427277 
cv194_12855.txt neg pos:0.5132213928114067 neg:0.4867786071885932 
cv951_10926.txt pos pos:0.5230253703387074 neg:0.47697462966129256 
cv160_10848.txt neg pos:0.5165966646720358 neg:0.48340333532796415 
cv661_2450.txt pos pos:0.5232977707602071 neg:0.47670222923979294 
cv785_23748.txt neg pos:0.5143663174200152 neg:0.48563368257998485 
cv291_26844.txt neg pos:0.5069519146577903 neg:0.49304808534220973 
cv444_9975.txt neg pos:0.512359173912198 neg:0.487640826087802 
cv433_10144.txt pos pos:0.5535017431957052 neg:0.44649825680429484 
cv146_19587.txt neg pos:0.5239640012862806 neg:0.47603599871371943 
cv748_14044.txt neg pos:0.5228677242213147 neg:0.4771322757786854 
cv809_5012.txt neg pos:0.5110593020125558 neg:0.4889406979874442 
cv498_9288.txt neg pos:0.5072675757186627 neg:0.49273242428133734 
cv518_13331.txt pos pos:0.5350198293981336 neg:0.46498017060186636 
cv674_11593.txt neg pos:0.5100467938688396 neg:0.48995320613116045 
cv214_13285.txt neg pos:0.5094562899912214 neg:0.49054371000877867 
cv107_25639.txt neg pos:0.5551579022182493 neg:0.4448420977817506 
cv904_24353.txt pos pos:0.5138596854455523 neg:0.48614031455444773 
cv116_28942.txt pos pos:0.5264524669273117 neg:0.47354753307268826 
cv955_25001.txt pos pos:0.5327273939071625 neg:0.46727260609283755 
cv673_25874.txt neg pos:0.519065264779387 neg:0.4809347352206131 
Trial 0 Trainer MaxEntTrainer,gaussianPriorVariance=1.0 Training Data Confusion Matrix
Confusion Matrix, row=true, column=predicted  accuracy=0.5
  label   0   1  |total
  0 neg   . 900  |900
  1 pos   . 900  |900

Trial 0 Trainer MaxEntTrainer,gaussianPriorVariance=1.0 training data accuracy= 0.5
Trial 0 Trainer MaxEntTrainer,gaussianPriorVariance=1.0 Test Data Confusion Matrix
Confusion Matrix, row=true, column=predicted  accuracy=0.5
  label   0   1  |total
  0 neg   . 100  |100
  1 pos   . 100  |100

Trial 0 Trainer MaxEntTrainer,gaussianPriorVariance=1.0 test data accuracy= 0.5

MaxEntTrainer,gaussianPriorVariance=1.0
Summary. train accuracy mean = 0.5 stddev = 0.0 stderr = 0.0
Summary. test accuracy mean = 0.5 stddev = 0.0 stderr = 0.0
