
-------------------- Trial 0  --------------------

Trial 0 Training NaiveBayesTrainer with 1800 instances
Trial 0 Training NaiveBayesTrainer finished
Trial 0 Trainer NaiveBayesTrainer
 Raw Testing Data
cv195_14528.txt pos pos:0.9918805587981089 neg:0.008119441201891228 
cv750_10180.txt pos pos:1.0 neg:6.1130995187571376E-18 
cv687_22207.txt neg neg:1.0 pos:9.139871834296217E-25 
cv588_13008.txt pos pos:0.9864090734493861 neg:0.01359092655061396 
cv010_29063.txt neg pos:0.9999999999783351 neg:2.1664863398874164E-11 
cv038_9749.txt pos neg:0.9864729291293322 pos:0.013527070870667818 
cv858_18819.txt pos pos:0.9999995077371692 neg:4.922628308017737E-7 
cv702_12371.txt neg neg:0.99999964160716 pos:3.58392840029841E-7 
cv744_10038.txt pos pos:0.9959656823651932 neg:0.004034317634806654 
cv757_10189.txt pos pos:0.9929033786843332 neg:0.007096621315666661 
cv081_18241.txt neg neg:0.9478920358697381 pos:0.05210796413026186 
cv552_10016.txt pos pos:1.0 neg:8.391792457819642E-29 
cv321_12843.txt pos pos:0.9999999999113136 neg:8.868631258205649E-11 
cv667_19672.txt neg pos:0.9943435385497058 neg:0.005656461450294256 
cv954_18628.txt pos neg:0.9865260629391814 pos:0.01347393706081847 
cv332_17997.txt neg neg:1.0 pos:3.0428508402639504E-30 
cv311_17708.txt neg neg:0.9776977075565143 pos:0.022302292443485697 
cv315_12638.txt neg neg:0.9999999999999631 pos:3.6913154241602755E-14 
cv747_16556.txt pos pos:0.9999999999920766 neg:7.923413806636068E-12 
cv017_22464.txt pos pos:1.0 neg:2.4064101678288206E-19 
cv923_11051.txt pos pos:1.0 neg:3.723302714374224E-18 
cv406_21020.txt pos pos:0.9998953733779228 neg:1.0462662207717938E-4 
cv241_24602.txt neg neg:0.999999999996769 pos:3.2309850084763573E-12 
cv389_9611.txt neg neg:0.9999999996884517 pos:3.115482626821726E-10 
cv932_13401.txt pos neg:1.0 pos:4.1095793752132424E-26 
cv183_19826.txt neg neg:0.9999999999999998 pos:1.6702714690803276E-16 
cv427_10825.txt pos neg:0.9999482342475458 pos:5.176575245408734E-5 
cv396_19127.txt neg neg:0.850964110626831 pos:0.14903588937316908 
cv948_24606.txt pos pos:0.9999999999698932 neg:3.010685588209559E-11 
cv419_14799.txt neg neg:1.0 pos:2.6076863647043527E-25 
cv030_21593.txt pos pos:0.9999999991948265 neg:8.051735840437329E-10 
cv278_13041.txt pos pos:0.9999999999995723 neg:4.276623162943356E-13 
cv163_10052.txt pos pos:1.0 neg:2.633320280479136E-31 
cv874_11236.txt pos pos:0.9999999974051368 neg:2.5948632756258516E-9 
cv583_29465.txt neg neg:0.9999973122399287 pos:2.6877600712712585E-6 
cv581_20790.txt neg neg:1.0 pos:2.1357736944766975E-23 
cv016_4348.txt neg neg:1.0 pos:4.345111581094484E-29 
cv973_10066.txt pos pos:0.9999999527151868 neg:4.728481307657917E-8 
cv065_16909.txt neg neg:1.0 pos:6.1254608413819224E-24 
cv671_5054.txt pos pos:0.9999973933456213 neg:2.6066543787725113E-6 
cv530_16212.txt pos pos:0.9999999999998086 neg:1.9142369709256392E-13 
cv149_15670.txt pos pos:0.9822587783976221 neg:0.017741221602377906 
cv068_13400.txt pos neg:0.9999999999644784 pos:3.552164686250155E-11 
cv719_5581.txt neg neg:1.0 pos:2.5279456185431645E-21 
cv943_23547.txt neg neg:0.9999999999998663 pos:1.3361205208958356E-13 
cv791_17995.txt neg neg:0.9999999999898261 pos:1.0173763728028477E-11 
cv930_14949.txt neg neg:0.9999999999999944 pos:5.499486666899078E-15 
cv167_16376.txt pos pos:1.0 neg:6.133156623794929E-32 
cv635_0984.txt neg neg:1.0 pos:1.5133693357311598E-22 
cv253_10190.txt neg neg:0.999999999999978 pos:2.2035896774835287E-14 
cv234_22123.txt neg neg:1.0 pos:2.8228789468110397E-18 
cv254_5870.txt neg neg:0.9999999999997207 pos:2.792867910943192E-13 
cv440_15243.txt pos pos:1.0 neg:7.637258565678397E-17 
cv738_10287.txt neg neg:1.0 pos:9.487692340025314E-34 
cv295_15570.txt pos pos:0.9999983953272552 neg:1.6046727448539982E-6 
cv465_23401.txt neg neg:0.9999999072466726 pos:9.275332737850655E-8 
cv580_15681.txt neg pos:1.0 neg:1.650151842037139E-17 
cv123_11182.txt pos pos:0.9999999976777034 neg:2.322296638446786E-9 
cv477_22479.txt pos pos:0.999999999999001 neg:9.990849521586573E-13 
cv256_14740.txt pos pos:1.0 neg:8.882930948504713E-19 
cv445_26683.txt neg neg:0.9999456617993143 pos:5.433820068568837E-5 
cv303_27366.txt neg neg:0.8922993273376654 pos:0.1077006726623346 
cv714_19704.txt neg neg:0.9999999999999998 pos:3.0915322378348603E-16 
cv903_18981.txt neg pos:0.8256519117960086 neg:0.1743480882039914 
cv942_17082.txt pos neg:0.9999999235792331 pos:7.642076696003023E-8 
cv273_28961.txt neg pos:0.9891063270983992 neg:0.010893672901600754 
cv608_23231.txt pos pos:0.9999999895487205 neg:1.0451279503407324E-8 
cv900_10331.txt pos pos:0.9999999983974182 neg:1.6025819118850663E-9 
cv487_11058.txt neg pos:0.999999990167619 neg:9.832380978770916E-9 
cv577_28220.txt neg neg:0.9999999996530158 pos:3.4698412213113477E-10 
cv938_10706.txt neg neg:0.9924479454922079 pos:0.007552054507792081 
cv730_10729.txt neg neg:1.0 pos:1.6931766372426774E-28 
cv714_18502.txt pos pos:1.0 neg:4.626284373221506E-36 
cv733_9891.txt neg neg:0.9999999999999964 pos:3.63938049505147E-15 
cv732_12245.txt pos pos:1.0 neg:7.495763505856923E-23 
cv844_13890.txt neg neg:0.999999999999748 pos:2.5207238903836153E-13 
cv733_9839.txt pos pos:1.0 neg:2.6625022814206507E-20 
cv446_11353.txt pos neg:0.9999999999999907 pos:9.296872709598175E-15 
cv793_15235.txt neg neg:0.9999999999999991 pos:8.544364324951419E-16 
cv602_8300.txt pos neg:0.9883691861873335 pos:0.011630813812666582 
cv836_14311.txt neg neg:0.9999999999227394 pos:7.726071211406038E-11 
cv628_20758.txt neg neg:1.0 pos:7.496470228267218E-18 
cv998_15691.txt neg neg:0.9999996948881843 pos:3.051118157962839E-7 
cv683_13047.txt neg neg:0.9999999999999427 pos:5.730607570673245E-14 
cv792_3257.txt neg neg:0.8231005371729182 pos:0.17689946282708183 
cv251_22636.txt pos pos:0.9999721594254859 neg:2.7840574514056765E-5 
cv434_5793.txt pos neg:0.9997266884079333 pos:2.7331159206662726E-4 
cv268_20288.txt neg neg:1.0 pos:2.958551124163654E-23 
cv679_28559.txt pos neg:0.9990121254112516 pos:9.87874588748384E-4 
cv282_6833.txt neg neg:0.9999999967840436 pos:3.2159563432367622E-9 
cv081_16582.txt pos pos:1.0 neg:3.633310973142449E-30 
cv870_16348.txt pos pos:0.999999999999998 neg:1.9033489490588166E-15 
cv420_28631.txt neg neg:1.0 pos:2.842082345402983E-21 
cv759_15091.txt neg neg:0.9999992554642675 pos:7.445357325871427E-7 
cv632_9610.txt pos pos:0.9073360742242228 neg:0.09266392577577716 
cv993_29565.txt neg neg:0.9427327797705304 pos:0.05726722022946957 
cv613_23104.txt neg neg:0.9999999999999991 pos:8.724729395748145E-16 
cv265_10814.txt pos pos:0.9999999999989977 neg:1.002304074051991E-12 
cv373_21872.txt neg neg:1.0 pos:6.076907064088167E-30 
cv126_28971.txt pos neg:0.9999998833958799 pos:1.1660412015437528E-7 
cv691_5090.txt neg neg:1.0 pos:9.817084657049523E-28 
cv543_5107.txt neg neg:0.9999984599351722 pos:1.5400648277761614E-6 
cv017_23487.txt neg neg:1.0 pos:1.742218831735334E-20 
cv772_12119.txt pos pos:0.9999999999999993 neg:6.01383424201153E-16 
cv792_3832.txt pos neg:0.9999999999999867 pos:1.3272257498529322E-14 
cv113_23102.txt pos pos:0.9999999818186912 neg:1.8181308832331838E-8 
cv346_19198.txt neg neg:1.0 pos:1.2762844240129012E-22 
cv720_5383.txt neg pos:0.6607304783858201 neg:0.3392695216141799 
cv500_10251.txt pos neg:0.9998453429698649 pos:1.546570301350826E-4 
cv855_22134.txt neg neg:0.9999999999999987 pos:1.2967619587668533E-15 
cv482_11233.txt neg neg:0.9999999997032094 pos:2.967906640940449E-10 
cv928_9168.txt pos pos:0.9999348991467031 neg:6.51008532969339E-5 
cv260_13959.txt pos neg:0.9999818372798154 pos:1.8162720184653656E-5 
cv489_17906.txt pos neg:0.9999999999967095 pos:3.2904419186623758E-12 
cv137_17020.txt neg neg:1.0 pos:1.7081968003780362E-17 
cv274_26379.txt neg neg:1.0 pos:4.799999754783751E-117 
cv342_20917.txt neg neg:0.9999999993894799 pos:6.105199700749217E-10 
cv680_10533.txt neg neg:1.0 pos:1.189030904935149E-20 
cv957_8737.txt pos pos:0.9999999997064462 neg:2.9355392652401663E-10 
cv769_8565.txt neg neg:0.9603892879187931 pos:0.03961071208120693 
cv994_12270.txt pos neg:0.9954632598065456 pos:0.004536740193454423 
cv382_8393.txt neg neg:0.9999765895683321 pos:2.3410431667896975E-5 
cv026_29229.txt neg neg:0.9999999997788558 pos:2.2114423872172972E-10 
cv217_28842.txt pos pos:0.9746428902168512 neg:0.025357109783148684 
cv529_10972.txt neg pos:0.9413748049883649 neg:0.058625195011635094 
cv415_22517.txt pos pos:1.0 neg:2.4146119436736582E-20 
cv825_5063.txt pos pos:0.7098593316983245 neg:0.29014066830167556 
cv392_12238.txt neg pos:0.745365950303655 neg:0.25463404969634496 
cv895_21022.txt pos pos:0.9999991311725734 neg:8.688274264448419E-7 
cv056_13133.txt pos pos:0.9999999827119154 neg:1.728808470277568E-8 
cv268_18834.txt pos neg:0.9984884719271881 pos:0.0015115280728117146 
cv710_22577.txt pos pos:0.9999999999999369 neg:6.302334793839159E-14 
cv032_22550.txt pos pos:1.0 neg:4.756267667025556E-25 
cv561_9484.txt neg neg:0.9999999999998219 pos:1.7812171632665483E-13 
cv485_26649.txt pos pos:0.9999999999999647 neg:3.539206636465643E-14 
cv541_28683.txt neg neg:0.9999999999824125 pos:1.7587425382355182E-11 
cv874_12182.txt neg neg:1.0 pos:1.1382204147326972E-19 
cv442_13846.txt pos pos:0.9999999999999185 neg:8.139644824929028E-14 
cv614_10626.txt pos neg:0.9998692634481003 pos:1.3073655189976924E-4 
cv348_19207.txt neg neg:1.0 pos:4.967793017547318E-21 
cv119_9867.txt pos neg:0.9999999999999969 pos:3.1823117018845235E-15 
cv037_19798.txt neg neg:0.9999999999806455 pos:1.9354529688435266E-11 
cv883_27751.txt pos pos:0.9999999970023656 neg:2.9976343811613295E-9 
cv537_12370.txt pos neg:0.9999963378497424 pos:3.6621502576588164E-6 
cv673_24714.txt pos pos:0.9999999999934908 neg:6.509203984445229E-12 
cv594_11945.txt neg neg:0.9999991009943605 pos:8.990056394851582E-7 
cv717_15953.txt pos pos:0.999974409538639 neg:2.5590461361067318E-5 
cv879_14903.txt pos pos:0.999999991909963 neg:8.090037058917102E-9 
cv739_11209.txt pos pos:1.0 neg:1.1088360651170422E-30 
cv729_10475.txt neg neg:1.0 pos:1.7438776434451953E-18 
cv894_2068.txt pos pos:0.9564644737568473 neg:0.043535526243152656 
cv387_12391.txt neg neg:0.9924888053204356 pos:0.007511194679564314 
cv494_17389.txt pos pos:1.0 neg:6.641108339799881E-95 
cv340_14776.txt neg pos:0.8629559906225743 neg:0.13704400937742556 
cv305_9946.txt pos neg:0.9994291912471193 pos:5.70808752880866E-4 
cv474_10682.txt neg neg:0.9999989448581479 pos:1.0551418521168508E-6 
cv043_16808.txt neg neg:1.0 pos:7.500586895414137E-19 
cv530_17949.txt neg neg:0.9999985482358178 pos:1.451764182205396E-6 
cv500_10722.txt neg neg:1.0 pos:7.383113928937489E-17 
cv516_12117.txt neg neg:0.9401296403682811 pos:0.059870359631718856 
cv379_23167.txt neg pos:0.9999989847398549 neg:1.0152601449833884E-6 
cv501_11657.txt pos pos:0.9985576860594769 neg:0.0014423139405230867 
cv664_4264.txt neg neg:0.9999999999999996 pos:3.757069623408383E-16 
cv726_4365.txt neg neg:0.9999999999999947 pos:5.429294438267406E-15 
cv963_6895.txt pos neg:0.9999999999125719 pos:8.742798347960023E-11 
cv825_5168.txt neg neg:0.999999999999738 pos:2.6195767386821734E-13 
cv085_15286.txt neg neg:1.0 pos:8.138536288845775E-29 
cv276_17126.txt neg neg:0.9999999999999982 pos:1.8652082120454636E-15 
cv263_20693.txt neg neg:1.0 pos:2.323632518704613E-19 
cv838_24728.txt pos pos:1.0 neg:9.248518469138779E-22 
cv525_16122.txt pos neg:0.896893789883268 pos:0.10310621011673204 
cv098_17021.txt neg neg:0.9999999999890898 pos:1.0910241199920049E-11 
cv001_18431.txt pos pos:0.9999996733845059 neg:3.266154941303138E-7 
cv627_11620.txt pos neg:0.9999999990439354 pos:9.560645938373848E-10 
cv016_4659.txt pos neg:0.9997392227342673 pos:2.6077726573268804E-4 
cv921_12747.txt pos pos:0.9999981991667688 neg:1.8008332311361596E-6 
cv976_10267.txt pos pos:0.9810438852440365 neg:0.018956114755963475 
cv134_22246.txt pos pos:0.9999999999999996 neg:4.180156827258337E-16 
cv295_17060.txt neg neg:1.0 pos:6.024778917973163E-18 
cv812_19051.txt neg neg:0.9999999999999998 pos:2.0022826345087387E-16 
cv452_5179.txt neg neg:0.9999810211731421 pos:1.8978826857994597E-5 
cv756_22540.txt pos pos:0.9999994705490304 neg:5.294509696502656E-7 
cv399_2877.txt pos pos:0.9999999998378688 neg:1.621311995606131E-10 
cv441_13711.txt pos pos:0.9326550017139121 neg:0.06734499828608782 
cv317_24049.txt pos neg:0.905133284216758 pos:0.09486671578324203 
cv715_19246.txt neg neg:1.0 pos:3.1791432459125427E-17 
cv540_3421.txt pos pos:0.9999999990191557 neg:9.808442588869406E-10 
cv437_22849.txt pos pos:1.0 neg:8.9724494957568E-28 
cv217_28707.txt neg neg:1.0 pos:2.425767989414371E-19 
cv827_18331.txt pos pos:0.9992975619251478 neg:7.024380748521331E-4 
cv915_8841.txt pos neg:0.9999881030486065 pos:1.1896951393426161E-5 
cv166_11959.txt neg neg:1.0 pos:2.1521878297225865E-21 
cv143_21158.txt neg neg:0.9999999999997167 pos:2.8328081256929434E-13 
cv732_13092.txt neg pos:0.9999999983172656 neg:1.6827344970587176E-9 
cv076_24945.txt pos neg:0.8216012161285411 pos:0.178398783871459 
cv100_12406.txt neg neg:1.0 pos:5.8683984944180995E-33 
cv775_17966.txt neg neg:0.9999999999997087 pos:2.912989912162515E-13 
cv847_1941.txt pos neg:0.7908971395371459 pos:0.2091028604628541 
cv843_15544.txt pos pos:0.9999999999558065 neg:4.419351464633198E-11 
cv991_18645.txt pos neg:0.9999487735822759 pos:5.122641772414249E-5 
Trial 0 Trainer NaiveBayesTrainer Training Data Confusion Matrix
Confusion Matrix, row=true, column=predicted  accuracy=0.9872222222222222
  label   0   1  |total
  0 neg 896   4  |900
  1 pos  19 881  |900

Trial 0 Trainer NaiveBayesTrainer training data accuracy= 0.9872222222222222
Trial 0 Trainer NaiveBayesTrainer Test Data Confusion Matrix
Confusion Matrix, row=true, column=predicted  accuracy=0.79
  label   0   1  |total
  0 neg  88  12  |100
  1 pos  30  70  |100

Trial 0 Trainer NaiveBayesTrainer test data accuracy= 0.79

NaiveBayesTrainer
Summary. train accuracy mean = 0.9872222222222222 stddev = 0.0 stderr = 0.0
Summary. test accuracy mean = 0.79 stddev = 0.0 stderr = 0.0
