
-------------------- Trial 0  --------------------

Trial 0 Training NaiveBayesTrainer with 1800 instances
Trial 0 Training NaiveBayesTrainer finished
Trial 0 Trainer NaiveBayesTrainer
 Raw Testing Data
cv082_11979.txt neg neg:0.9999999999424467 pos:5.755325453047784E-11 
cv898_1576.txt neg neg:1.0 pos:1.0620422191165627E-16 
cv242_11354.txt neg neg:0.999999999999986 pos:1.4079561797285321E-14 
cv693_18063.txt pos neg:0.9999954056646567 pos:4.5943353431757324E-6 
cv659_21483.txt neg neg:1.0 pos:8.84351871834383E-20 
cv636_15279.txt pos neg:0.9999999998878875 pos:1.121124889256857E-10 
cv256_16529.txt neg neg:0.9999999999999984 pos:1.6018913494546952E-15 
cv347_14722.txt neg neg:0.9999906954116639 pos:9.304588336164715E-6 
cv491_12992.txt neg neg:1.0 pos:5.874909418456344E-27 
cv596_28311.txt pos pos:1.0 neg:2.0452625838169187E-41 
cv410_25624.txt neg neg:0.9998804968078056 pos:1.1950319219454211E-4 
cv233_15964.txt pos pos:0.9999999999905245 neg:9.475478994181683E-12 
cv831_16325.txt neg neg:0.9999999999999216 pos:7.839920142958101E-14 
cv298_24487.txt neg neg:0.999975205845578 pos:2.4794154422062092E-5 
cv510_23360.txt pos pos:0.8742625631395187 neg:0.12573743686048128 
cv588_14467.txt neg neg:0.9999991090873649 pos:8.909126351180149E-7 
cv516_11172.txt pos neg:0.9999995550810318 pos:4.449189682399863E-7 
cv053_23117.txt neg neg:1.0 pos:4.3560444369197686E-41 
cv923_11951.txt neg neg:1.0 pos:1.234715191326326E-34 
cv470_15952.txt pos neg:0.999999999999998 pos:1.9611237398348468E-15 
cv327_20292.txt pos pos:1.0 neg:4.4926104107956454E-17 
cv537_13516.txt neg neg:1.0 pos:2.425845281956557E-18 
cv343_10368.txt pos pos:0.9999996130629077 neg:3.8693709237297035E-7 
cv292_7282.txt pos pos:0.8951135141236777 neg:0.10488648587632239 
cv025_29825.txt neg neg:0.885082818420092 pos:0.11491718157990799 
cv129_18373.txt neg neg:0.9999999999999969 pos:3.1009157161723742E-15 
cv263_19259.txt pos neg:0.9999836259339672 pos:1.6374066032892956E-5 
cv599_22197.txt neg neg:1.0 pos:3.0195578297261017E-19 
cv015_29356.txt neg neg:0.9999999999145008 pos:8.549913592259945E-11 
cv996_11592.txt pos pos:0.9999979646544044 neg:2.0353455956513613E-6 
cv235_10217.txt pos pos:1.0 neg:6.290107614832853E-17 
cv666_18963.txt pos pos:0.9999999315509445 neg:6.844905557855853E-8 
cv365_11576.txt pos neg:0.9999999989997823 pos:1.0002176415991472E-9 
cv172_12037.txt neg neg:1.0 pos:9.622796801618582E-20 
cv310_14568.txt neg neg:1.0 pos:1.540428851365788E-23 
cv697_11162.txt pos pos:0.9993539042682549 neg:6.46095731745209E-4 
cv534_14083.txt pos neg:0.9420413114861776 pos:0.05795868851382236 
cv622_8147.txt pos neg:0.9990833147670293 pos:9.166852329707603E-4 
cv362_15341.txt pos pos:0.9999999999995635 neg:4.3659144993159315E-13 
cv816_13655.txt pos neg:0.9999999999435876 pos:5.6412346614003625E-11 
cv233_17614.txt neg neg:0.9989307719287306 pos:0.0010692280712693842 
cv563_18610.txt neg pos:0.7829178913106212 neg:0.2170821086893789 
cv629_14909.txt pos pos:0.9999999953153718 neg:4.684628325555694E-9 
cv020_9234.txt neg neg:1.0 pos:4.130686015493446E-17 
cv724_15265.txt neg neg:0.9999999999999742 pos:2.5826405942365932E-14 
cv286_26156.txt neg neg:1.0 pos:6.631083517934874E-17 
cv357_14710.txt neg neg:0.9999988523988057 pos:1.147601194253066E-6 
cv595_26420.txt neg neg:1.0 pos:3.950099147448545E-22 
cv594_11039.txt pos pos:0.984473188156895 neg:0.01552681184310486 
cv572_18657.txt pos pos:0.9999999975986773 neg:2.4013225808205686E-9 
cv828_19831.txt pos neg:0.9999980738722687 pos:1.926127731238378E-6 
cv736_24947.txt neg neg:1.0 pos:4.0996075721966504E-41 
cv447_27332.txt pos pos:0.9216909324069182 neg:0.07830906759308179 
cv397_28890.txt neg neg:1.0 pos:6.720966151090006E-33 
cv877_29132.txt neg neg:0.9999999992062809 pos:7.937191851387998E-10 
cv688_7884.txt neg neg:0.9999999999984603 pos:1.5395680332876562E-12 
cv155_7308.txt pos pos:1.0 neg:1.1410164871734E-17 
cv306_10364.txt pos pos:1.0 neg:8.295272431863938E-42 
cv597_26360.txt pos pos:0.9949259198697793 neg:0.0050740801302206415 
cv456_20370.txt neg neg:0.9999999988978274 pos:1.1021726707925745E-9 
cv821_29283.txt neg pos:0.8722862266974544 neg:0.1277137733025457 
cv745_12773.txt pos pos:0.9999999999999996 neg:5.488199919209124E-16 
cv882_10026.txt pos neg:0.9999999998731028 pos:1.2689724094582864E-10 
cv476_16856.txt pos pos:0.9999999999999707 neg:2.9251290494910086E-14 
cv290_11981.txt neg neg:0.9999999999999887 pos:1.1326442744276936E-14 
cv564_12011.txt neg neg:0.999999993242263 pos:6.7577370905072155E-9 
cv043_15013.txt pos pos:1.0 neg:2.216966393373585E-23 
cv285_18186.txt neg neg:0.9999971232711775 pos:2.8767288225415015E-6 
cv971_10874.txt pos pos:0.9991050298071847 neg:8.949701928151576E-4 
cv182_7791.txt neg neg:0.9999997413963102 pos:2.5860368982344137E-7 
cv450_7890.txt pos pos:0.9999859800859336 neg:1.4019914066480437E-5 
cv860_13853.txt pos pos:0.9999999991155424 neg:8.844577162771701E-10 
cv779_17881.txt pos pos:0.9999999999966864 neg:3.3135658371575436E-12 
cv097_24970.txt pos pos:0.9999999997123852 neg:2.8761485661754297E-10 
cv665_29386.txt neg neg:0.99999999246796 pos:7.53203993940217E-9 
cv468_15228.txt pos pos:1.0 neg:2.893301719415927E-20 
cv920_29423.txt neg neg:1.0 pos:4.9109040545709125E-32 
cv096_12262.txt neg neg:0.9999929343838837 pos:7.065616116379014E-6 
cv550_23226.txt neg neg:1.0 pos:5.942698832630851E-17 
cv391_10802.txt pos neg:0.9999999929770742 pos:7.022925728828158E-9 
cv503_11196.txt neg neg:0.9999999999999949 pos:5.168614658709568E-15 
cv103_11021.txt pos neg:0.999999998730736 pos:1.2692641292242767E-9 
cv590_19290.txt pos pos:0.956051653034175 neg:0.04394834696582482 
cv457_18453.txt pos pos:1.0 neg:1.2717631869990828E-33 
cv724_13681.txt pos pos:1.0 neg:5.1731180098104106E-17 
cv344_5376.txt neg neg:0.9999803391988592 pos:1.966080114076539E-5 
cv416_11136.txt pos pos:0.9999942311018971 neg:5.768898102928546E-6 
cv856_29013.txt pos neg:0.9999999995778057 pos:4.221941882027398E-10 
cv438_8043.txt pos pos:0.9999997903098707 neg:2.09690129273963E-7 
cv607_7717.txt pos neg:0.9976375718113706 pos:0.0023624281886293667 
cv184_2673.txt pos neg:0.9999530731087848 pos:4.6926891215211856E-5 
cv862_15924.txt neg neg:0.976021871105046 pos:0.023978128894953873 
cv134_23300.txt neg neg:1.0 pos:1.9873404462504118E-23 
cv742_7751.txt pos pos:0.8761120861378291 neg:0.12388791386217093 
cv066_11668.txt neg neg:0.9611943686224597 pos:0.03880563137754036 
cv133_16336.txt pos pos:0.99998241757372 neg:1.758242627997781E-5 
cv635_10022.txt pos pos:1.0 neg:2.876063836070238E-24 
cv330_29675.txt neg pos:0.9993861596180371 neg:6.138403819628405E-4 
cv751_17208.txt neg neg:0.9999978761794353 pos:2.123820564844177E-6 
cv894_22140.txt neg neg:1.0 pos:3.9865036414162324E-31 
cv391_11615.txt neg neg:0.9999999999646867 pos:3.53132269799628E-11 
cv104_19176.txt neg pos:0.9999983243480041 neg:1.6756519958953578E-6 
cv044_18429.txt neg neg:0.9999999993817812 pos:6.182188495329944E-10 
cv313_19337.txt neg neg:0.9999999997435258 pos:2.564742767711591E-10 
cv018_20137.txt pos neg:0.9770041587588028 pos:0.022995841241197273 
cv359_6751.txt neg neg:0.9999996369575944 pos:3.6304240562031673E-7 
cv261_11855.txt neg neg:0.999992553769256 pos:7.446230743986578E-6 
cv198_19313.txt neg pos:0.9832778360973808 neg:0.016722163902619103 
cv709_10529.txt pos neg:0.9999999999998292 pos:1.7081242563556823E-13 
cv545_12014.txt pos pos:1.0 neg:2.6031521494178425E-32 
cv089_11418.txt pos pos:0.9809144092048999 neg:0.019085590795100044 
cv540_3092.txt neg neg:0.9999999992737705 pos:7.262294326570507E-10 
cv094_27868.txt neg pos:0.9853217444937006 neg:0.014678255506299446 
cv837_27232.txt neg neg:0.9996547828078439 pos:3.452171921561267E-4 
cv342_19456.txt pos pos:0.9997026446410383 neg:2.973553589616388E-4 
cv300_23302.txt neg neg:1.0 pos:2.298601358987351E-22 
cv493_14135.txt neg neg:0.9999999999856977 pos:1.4302251949098602E-11 
cv127_16451.txt neg neg:0.9999999998904434 pos:1.0955659888894824E-10 
cv301_13010.txt neg pos:0.9999999999999845 neg:1.5629714000972205E-14 
cv674_10732.txt pos pos:1.0 neg:1.4653931623826029E-21 
cv250_26462.txt neg neg:0.9954142834192624 pos:0.004585716580737552 
cv356_25163.txt pos pos:0.9999999951017475 neg:4.898252423433486E-9 
cv019_16117.txt neg neg:1.0 pos:6.731428347548795E-17 
cv625_13518.txt neg neg:0.9999999999877898 pos:1.2210147377327965E-11 
cv845_15886.txt neg pos:0.6552893045297115 neg:0.3447106954702886 
cv464_15650.txt pos pos:0.9955952511863214 neg:0.004404748813678503 
cv044_16969.txt pos pos:0.824943765714942 neg:0.17505623428505793 
cv514_11187.txt pos neg:1.0 pos:2.752604602222593E-23 
cv951_11816.txt neg neg:0.9999999740563714 pos:2.5943628486552918E-8 
cv444_9974.txt pos neg:0.9991131025439829 pos:8.868974560171075E-4 
cv915_9342.txt neg neg:0.9999999999999687 pos:3.1373933493936094E-14 
cv048_16828.txt pos pos:0.9999999999998779 neg:1.220664187025488E-13 
cv573_29525.txt pos pos:1.0 neg:4.559121480565344E-31 
cv077_23172.txt neg neg:0.9999999999999103 pos:8.971914157927154E-14 
cv928_9478.txt neg neg:1.0 pos:1.1159492487643779E-29 
cv033_25680.txt neg neg:0.9999999536678587 pos:4.633214128370175E-8 
cv723_8648.txt pos neg:0.9999690823236476 pos:3.091767635249681E-5 
cv283_11055.txt pos pos:0.9999420797594378 neg:5.792024056204547E-5 
cv335_14665.txt pos pos:0.9999999999854183 neg:1.458165658215031E-11 
cv299_16214.txt pos pos:0.967389902136034 neg:0.032610097863965896 
cv931_18783.txt neg pos:0.9999815377483737 neg:1.846225162615253E-5 
cv434_5641.txt neg pos:0.9999285506394222 neg:7.144936057779195E-5 
cv401_13758.txt neg neg:1.0 pos:3.286900016484462E-18 
cv869_23611.txt pos pos:1.0 neg:4.155435759303281E-36 
cv997_5152.txt neg neg:0.9999999963690074 pos:3.630992662324255E-9 
cv149_17084.txt neg neg:1.0 pos:2.0734663998974385E-25 
cv800_13494.txt neg neg:0.9999999920165753 pos:7.983424654752497E-9 
cv448_16409.txt neg neg:0.6137197768687744 pos:0.3862802231312257 
cv621_14368.txt pos pos:1.0 neg:4.5922899729515904E-20 
cv958_13020.txt neg neg:0.9999999963671473 pos:3.632852649540553E-9 
cv990_12443.txt neg neg:0.9999999999998948 pos:1.0517627682287991E-13 
cv026_29325.txt pos neg:0.5917980190487373 pos:0.40820198095126276 
cv180_17823.txt neg neg:0.9999999999999984 pos:1.6317966833101008E-15 
cv527_10338.txt neg pos:0.9999999999833067 neg:1.669333648130382E-11 
cv242_10638.txt pos neg:0.999988939631694 pos:1.1060368305995695E-5 
cv454_2053.txt pos pos:0.9977668205457036 neg:0.00223317945429641 
cv209_29118.txt pos neg:0.999999994552927 pos:5.4470730595938955E-9 
cv994_13229.txt neg neg:1.0 pos:1.1014799742733843E-18 
cv804_11763.txt neg pos:0.6126077557778319 neg:0.38739224422216817 
cv824_9335.txt neg pos:0.8876710867390679 neg:0.11232891326093204 
cv871_24888.txt pos neg:1.0 pos:2.1476332143654966E-18 
cv141_17179.txt neg neg:1.0 pos:4.754240538892561E-45 
cv118_28837.txt neg neg:1.0 pos:1.24426178610972E-86 
cv780_8467.txt neg neg:0.9999999995905702 pos:4.094298441957046E-10 
cv933_23776.txt pos pos:1.0 neg:2.6725233989883775E-29 
cv050_11175.txt pos neg:0.9999781959065606 pos:2.1804093439310427E-5 
cv120_3793.txt neg pos:0.9999999542228132 neg:4.577718685281037E-8 
cv061_8837.txt pos pos:1.0 neg:5.714161207186644E-41 
cv248_13987.txt pos pos:0.9999999996045332 neg:3.954667558500157E-10 
cv258_5792.txt pos pos:0.9382426724474638 neg:0.06175732755253617 
cv819_9364.txt pos pos:0.9003677503913793 neg:0.09963224960862074 
cv225_29083.txt neg neg:1.0 pos:4.367525436330204E-39 
cv287_15900.txt pos neg:0.9999999999996414 pos:3.5870818619864896E-13 
cv250_25616.txt pos pos:0.9999999988490536 neg:1.1509464195993321E-9 
cv191_29539.txt neg neg:0.9999999999999996 pos:4.800901883850552E-16 
cv993_29737.txt pos neg:0.9934807906169166 pos:0.006519209383083397 
cv400_19220.txt pos neg:0.9999979502093342 pos:2.0497906656408683E-6 
cv303_27520.txt pos pos:0.964805327582496 neg:0.0351946724175039 
cv795_10122.txt pos pos:1.0 neg:6.354633362971857E-25 
cv848_10036.txt pos pos:0.9999694557093023 neg:3.054429069777098E-5 
cv533_9821.txt pos neg:0.9999998043483521 pos:1.956516479952276E-7 
cv578_16825.txt neg neg:0.9999822011329397 pos:1.7798867060431443E-5 
cv410_24266.txt pos pos:0.9999999860905624 neg:1.390943765802782E-8 
cv060_11754.txt neg pos:0.9999999485982056 neg:5.140179444326929E-8 
cv604_2230.txt pos pos:0.9999999263540836 neg:7.364591637751203E-8 
cv086_18371.txt pos pos:1.0 neg:5.4366534879775225E-30 
cv987_7394.txt neg neg:1.0 pos:4.436318670121149E-28 
cv255_15267.txt neg neg:0.9999999999999973 pos:2.762439440655213E-15 
cv557_11449.txt pos pos:1.0 neg:1.4427872430961107E-26 
cv294_11684.txt pos pos:1.0 neg:6.391181856860532E-51 
cv147_21193.txt pos pos:1.0 neg:3.9854397579196113E-25 
cv711_12687.txt neg neg:1.0 pos:3.1592337940005707E-28 
cv429_7937.txt neg neg:0.9999999999999512 pos:4.8917283006143306E-14 
cv407_22637.txt pos pos:0.9999668609921532 neg:3.3139007846900303E-5 
cv196_29027.txt pos neg:0.9999999995740092 pos:4.259907347702462E-10 
cv491_12145.txt pos pos:0.5383435951383757 neg:0.4616564048616243 
cv411_16799.txt neg pos:0.989515060983342 neg:0.010484939016658083 
cv633_29730.txt neg neg:0.9999999897659683 pos:1.0234031652608615E-8 
cv943_22488.txt pos pos:0.9999999916800516 neg:8.319948445393307E-9 
cv813_6534.txt pos pos:0.9867052970046905 neg:0.013294702995309469 
Trial 0 Trainer NaiveBayesTrainer Training Data Confusion Matrix
Confusion Matrix, row=true, column=predicted  accuracy=0.9838888888888889
  label   0   1  |total
  0 neg 894   6  |900
  1 pos  23 877  |900

Trial 0 Trainer NaiveBayesTrainer training data accuracy= 0.9838888888888889
Trial 0 Trainer NaiveBayesTrainer Test Data Confusion Matrix
Confusion Matrix, row=true, column=predicted  accuracy=0.765
  label   0   1  |total
  0 neg  84  16  |100
  1 pos  31  69  |100

Trial 0 Trainer NaiveBayesTrainer test data accuracy= 0.765

NaiveBayesTrainer
Summary. train accuracy mean = 0.9838888888888889 stddev = 0.0 stderr = 0.0
Summary. test accuracy mean = 0.765 stddev = 0.0 stderr = 0.0
