
-------------------- Trial 0  --------------------

Trial 0 Training NaiveBayesTrainer with 1800 instances
Trial 0 Training NaiveBayesTrainer finished
Trial 0 Trainer NaiveBayesTrainer
 Raw Testing Data
cv520_13297.txt neg neg:0.9999999999975022 pos:2.497816462487249E-12 
cv978_20929.txt pos neg:0.9999999999999996 pos:4.965549613999508E-16 
cv090_0042.txt pos neg:0.6009119686992325 pos:0.3990880313007676 
cv337_29181.txt pos pos:1.0 neg:3.820168505814608E-22 
cv162_10424.txt pos pos:0.99999998235611 neg:1.7643890097999876E-8 
cv560_17175.txt pos pos:1.0 neg:1.5007826843474349E-18 
cv435_23110.txt pos neg:0.9968058585876397 pos:0.003194141412360242 
cv685_5710.txt neg neg:0.9999997837141211 pos:2.1628587875546132E-7 
cv618_8974.txt pos pos:0.9999999999962079 neg:3.792002301244659E-12 
cv272_20313.txt neg neg:0.9999654598737878 pos:3.4540126212155125E-5 
cv336_10363.txt neg neg:0.9999999999999991 pos:8.829750534203446E-16 
cv262_13812.txt neg neg:0.9999927814693624 pos:7.2185306376482916E-6 
cv294_12695.txt neg neg:0.9999999477390843 pos:5.226091565326852E-8 
cv326_13295.txt pos neg:0.9999997931005327 pos:2.068994673094975E-7 
cv702_11500.txt pos neg:1.0 pos:1.0155817737721116E-29 
cv381_20172.txt pos pos:0.9981496058513155 neg:0.001850394148684422 
cv506_17521.txt neg neg:0.9995124341450228 pos:4.8756585497736275E-4 
cv569_26381.txt pos pos:0.9999999897497182 neg:1.0250281907400427E-8 
cv366_10221.txt pos neg:0.9999989850296552 pos:1.0149703446893813E-6 
cv023_13847.txt neg neg:1.0 pos:1.9033617990393083E-22 
cv122_7891.txt neg neg:0.9999999999999896 pos:1.0440091453377874E-14 
cv987_6965.txt pos neg:0.9999999883325065 pos:1.166749353236528E-8 
cv419_13394.txt pos neg:0.9999999999968334 pos:3.166501623728767E-12 
cv003_12683.txt neg neg:0.9999979895194268 pos:2.0104805732272935E-6 
cv926_17059.txt pos pos:0.9960063951519377 neg:0.003993604848062318 
cv403_6721.txt neg neg:0.9999999998090672 pos:1.9093277084779808E-10 
cv404_21805.txt neg neg:0.9999999997536051 pos:2.463949139028564E-10 
cv870_18090.txt neg neg:0.9999241921365932 pos:7.580786340671341E-5 
cv355_16413.txt pos pos:1.0 neg:1.911322605029805E-24 
cv199_9629.txt pos pos:0.9999999999999976 neg:2.3681379051974565E-15 
cv443_21118.txt pos neg:0.9999999999990548 pos:9.452311888036753E-13 
cv280_8651.txt neg neg:0.9999999650567696 pos:3.494323038869909E-8 
cv022_12864.txt pos neg:0.999999999559557 pos:4.404431112688763E-10 
cv284_19119.txt pos pos:0.8783776753718675 neg:0.12162232462813252 
cv751_15719.txt pos pos:1.0 neg:4.511197174021841E-34 
cv803_8207.txt pos pos:1.0 neg:5.607920959366398E-29 
cv731_4136.txt pos pos:0.9999995646313767 neg:4.3536862314222906E-7 
cv459_20319.txt pos neg:0.999472776300621 pos:5.272236993788536E-4 
cv257_10975.txt pos pos:0.9914152190092383 neg:0.008584780990761619 
cv907_3193.txt neg neg:0.9986264365784215 pos:0.0013735634215784418 
cv787_13743.txt pos neg:0.9981171532488093 pos:0.001882846751190692 
cv341_25667.txt neg neg:1.0 pos:4.144063812237965E-33 
cv158_10390.txt pos pos:1.0 neg:2.4025089703923307E-21 
cv037_18510.txt pos pos:1.0 neg:6.483542084529166E-42 
cv629_16604.txt neg neg:0.9999236804245419 pos:7.631957545801681E-5 
cv630_10152.txt neg neg:1.0 pos:3.904832434380603E-34 
cv606_17672.txt neg neg:0.5263659003773024 pos:0.4736340996226976 
cv888_25678.txt neg pos:0.9619991408419561 neg:0.03800085915804374 
cv128_29444.txt neg neg:0.9999987465881274 pos:1.25341187261004E-6 
cv109_21172.txt pos neg:0.9825286643838782 pos:0.017471335616121894 
cv004_11636.txt pos neg:0.9999999085002224 pos:9.149977754226007E-8 
cv828_21392.txt neg neg:0.9999999999999678 pos:3.21282532735932E-14 
cv839_22807.txt neg neg:1.0 pos:5.2891973421158196E-23 
cv910_20488.txt pos pos:0.9999999999999589 neg:4.116100870182034E-14 
cv329_29370.txt pos neg:0.5160648278645216 pos:0.4839351721354784 
cv849_15729.txt pos pos:0.9999857282573961 neg:1.4271742603940147E-5 
cv288_18791.txt pos neg:0.9940812762910294 pos:0.005918723708970589 
cv764_11739.txt pos neg:0.7218285009392474 pos:0.27817149906075267 
cv392_11458.txt pos pos:0.9998846820931337 neg:1.153179068661456E-4 
cv901_11017.txt pos neg:0.9999302795661544 pos:6.972043384549445E-5 
cv563_17257.txt pos pos:0.9999995665691417 neg:4.3343085832332044E-7 
cv179_9533.txt neg neg:1.0 pos:1.5414273603273734E-19 
cv639_10797.txt neg pos:0.9999012666806262 neg:9.873331937383542E-5 
cv866_29447.txt neg neg:0.9982596794414967 pos:0.0017403205585032537 
cv925_9459.txt neg neg:0.9999999999998543 pos:1.4571577017377344E-13 
cv218_24352.txt pos pos:0.8672242419014281 neg:0.13277575809857198 
cv589_12853.txt neg neg:0.9999999997860327 pos:2.1396735782414404E-10 
cv570_29082.txt pos neg:0.9999999795142793 pos:2.048572073682232E-8 
cv826_11834.txt pos pos:0.9999999999961764 neg:3.823566346947432E-12 
cv529_10420.txt pos pos:1.0 neg:8.64363173546873E-19 
cv597_26744.txt neg neg:0.9999999979922574 pos:2.0077425468433794E-9 
cv225_29224.txt pos pos:0.9999968552999734 neg:3.1447000266738325E-6 
cv653_2107.txt neg neg:1.0 pos:1.738152800180178E-19 
cv675_21588.txt pos pos:0.9999999999933258 neg:6.6742389706465935E-12 
cv726_4719.txt pos pos:0.9615876627596531 neg:0.03841233724034679 
cv876_9390.txt pos neg:0.9992633263811328 pos:7.36673618867081E-4 
cv243_22164.txt neg pos:0.999952498963093 neg:4.750103690701323E-5 
cv074_7188.txt neg neg:0.9999999999999998 pos:1.6771495495904337E-16 
cv684_11798.txt pos pos:0.9999997747070998 neg:2.2529290018758411E-7 
cv829_21725.txt neg neg:1.0 pos:1.815850325061009E-24 
cv139_12873.txt pos neg:0.9999771812436076 pos:2.2818756392385274E-5 
cv989_17297.txt neg neg:0.9999999963550754 pos:3.644924679022348E-9 
cv971_11790.txt neg neg:1.0 pos:2.054639340854614E-17 
cv306_10859.txt neg neg:0.9999999999999996 pos:3.7708903002285883E-16 
cv445_25882.txt pos pos:1.0 neg:4.912624546647049E-25 
cv688_7368.txt pos pos:0.9999999932348609 neg:6.765139034975538E-9 
cv656_24201.txt pos neg:0.6302725316802954 pos:0.36972746831970454 
cv977_4776.txt neg neg:0.9999999999999987 pos:1.3503699572323905E-15 
cv212_10054.txt neg neg:1.0 pos:1.87804291900549E-33 
cv041_22364.txt neg neg:0.999999997122385 pos:2.8776151261837516E-9 
cv953_6836.txt pos pos:1.0 neg:3.93626763443536E-23 
cv479_5649.txt pos neg:0.9999998913994563 pos:1.0860054368686781E-7 
cv159_29374.txt neg neg:0.9983908355236604 pos:0.0016091644763395138 
cv311_16002.txt pos pos:0.999999899650836 neg:1.0034916402838547E-7 
cv113_24354.txt neg neg:0.9999999999999098 pos:9.018709591235224E-14 
cv239_29828.txt neg neg:0.9999929894177145 pos:7.010582285393199E-6 
cv377_7946.txt pos pos:0.9999999972439684 neg:2.756031640869131E-9 
cv055_8926.txt neg neg:0.9999999933200685 pos:6.6799314255086815E-9 
cv598_16452.txt pos pos:0.997845842052065 neg:0.0021541579479350515 
cv776_21934.txt neg neg:0.999356057779822 pos:6.439422201780893E-4 
cv206_14293.txt pos pos:1.0 neg:3.4669872018660797E-44 
cv767_15673.txt neg pos:0.9999999999999996 neg:4.341643845756657E-16 
cv490_18986.txt neg neg:1.0 pos:4.774236015501135E-27 
cv455_28866.txt neg pos:0.6633299216475421 neg:0.33667007835245777 
cv593_11931.txt neg neg:0.9999999999981777 pos:1.8223491452729287E-12 
cv412_24095.txt pos neg:0.9999931198462766 pos:6.880153723409447E-6 
cv144_5007.txt pos pos:0.9999999999991906 neg:8.092923214034297E-13 
cv578_15094.txt pos neg:0.9999999998081481 pos:1.9185185953582447E-10 
cv086_19488.txt neg pos:0.9999999999970743 neg:2.925709830346082E-12 
cv152_8736.txt pos neg:0.9999751938157301 pos:2.4806184270002102E-5 
cv810_12458.txt pos pos:1.0 neg:5.614181762802588E-26 
cv409_29625.txt neg pos:0.8816167756454754 neg:0.11838322435452461 
cv556_16563.txt neg neg:0.9999999801109154 pos:1.9889084723644722E-8 
cv934_20426.txt neg neg:1.0 pos:1.6591471957067433E-18 
cv914_28742.txt pos pos:0.9968193648735938 neg:0.003180635126406106 
cv778_18629.txt neg neg:0.9999999683103796 pos:3.168962029014909E-8 
cv238_12931.txt pos pos:0.8632079209048186 neg:0.1367920790951815 
cv605_12730.txt neg pos:0.9999650206468033 neg:3.497935319688772E-5 
cv641_12349.txt pos pos:0.9999999999999944 neg:5.660620959851818E-15 
cv067_21192.txt neg neg:0.9999999999775975 pos:2.2402629492768484E-11 
cv798_23531.txt pos pos:0.9948007609343849 neg:0.00519923906561512 
cv797_7245.txt neg neg:0.9999999970697107 pos:2.930289429511929E-9 
cv543_5045.txt pos pos:0.9999999999999998 neg:1.630950132960122E-16 
cv787_15277.txt neg neg:1.0 pos:4.666049928983265E-32 
cv693_19147.txt neg pos:0.9563746289256775 neg:0.043625371074322385 
cv274_25253.txt pos pos:1.0 neg:8.444525013239895E-201 
cv440_16891.txt neg neg:0.9999999698009856 pos:3.019901431731265E-8 
cv184_26935.txt neg neg:0.9999957085933221 pos:4.291406677889711E-6 
cv351_15458.txt pos pos:0.9879992448974679 neg:0.012000755102532139 
cv748_12786.txt pos pos:0.9999509899133139 neg:4.901008668614902E-5 
cv276_15684.txt pos pos:1.0 neg:2.0451439869167152E-17 
cv510_24758.txt neg neg:1.0 pos:1.5672059060737906E-17 
cv524_23627.txt pos pos:0.9861613923416906 neg:0.013838607658309344 
cv395_11761.txt neg neg:0.999999986403733 pos:1.3596266961903056E-8 
cv781_5262.txt pos pos:0.99999999999999 neg:1.0033700245915036E-14 
cv893_26731.txt neg neg:1.0 pos:9.429752574470642E-37 
cv182_7281.txt pos neg:0.5617222984976536 pos:0.43827770150234646 
cv752_25330.txt neg neg:0.951401670830844 pos:0.04859832916915593 
cv914_2856.txt neg neg:0.9999999992377038 pos:7.622962296889629E-10 
cv637_13682.txt neg neg:0.9999999999997824 pos:2.175530731185414E-13 
cv005_29443.txt pos pos:1.0 neg:2.0067180162929884E-30 
cv937_9811.txt pos neg:0.9999999999922355 pos:7.764359536261476E-12 
cv753_11812.txt neg neg:0.9999999999997431 pos:2.569722143875877E-13 
cv147_22625.txt neg pos:0.999998028433581 neg:1.971566418953402E-6 
cv697_12106.txt neg pos:0.9998422424497881 neg:1.5775755021192066E-4 
cv817_4041.txt pos neg:0.9999999958856025 pos:4.1143974693002055E-9 
cv118_28980.txt pos neg:1.0 pos:1.8061508790648547E-19 
cv094_27889.txt pos pos:0.9999999683414754 neg:3.165852457499646E-8 
cv042_11927.txt neg pos:0.9999999945618803 neg:5.438119809759313E-9 
cv644_17154.txt pos pos:0.9960352788789932 neg:0.003964721121006743 
cv528_11669.txt neg neg:0.9999974577097377 pos:2.5422902623978897E-6 
cv508_17742.txt neg neg:0.99846617128702 pos:0.0015338287129800037 
cv271_13837.txt pos pos:0.9902195735849308 neg:0.009780426415069115 
cv546_11767.txt pos pos:0.9999999949052909 neg:5.0947090688831E-9 
cv282_6653.txt pos neg:1.0 pos:4.326118858501812E-26 
cv009_29417.txt neg neg:1.0 pos:4.671059432954381E-24 
cv590_20712.txt neg neg:0.9999999996312807 pos:3.687193638055413E-10 
cv372_6654.txt neg neg:1.0 pos:3.450958208607639E-21 
cv512_17618.txt neg neg:0.999999999999974 pos:2.603659823268082E-14 
cv610_2287.txt pos neg:0.9999997827760471 pos:2.1722395295649078E-7 
cv626_7410.txt pos pos:0.9999971757542278 neg:2.8242457722960846E-6 
cv695_22268.txt neg neg:0.9999999999737454 pos:2.6254583607219787E-11 
cv032_23718.txt neg pos:0.9999999999950122 neg:4.987846593920616E-12 
cv784_14394.txt pos pos:0.9999999999834173 neg:1.658268059561519E-11 
cv057_7962.txt neg neg:0.9996986981161624 pos:3.0130188383762084E-4 
cv201_6997.txt pos pos:0.9999680436837067 neg:3.195631629327387E-5 
cv505_12090.txt pos pos:1.0 neg:3.100109412023763E-34 
cv432_14224.txt pos neg:0.9999988795598775 pos:1.120440122533003E-6 
cv125_9636.txt neg neg:0.9999999999999993 pos:7.003177479000904E-16 
cv192_16079.txt neg neg:0.999999999999998 pos:2.0740305141378273E-15 
cv068_14810.txt neg pos:0.5865624183558489 neg:0.4134375816441511 
cv485_26879.txt neg neg:0.9999994942734021 pos:5.057265979785769E-7 
cv941_10718.txt neg pos:0.9999994259626508 neg:5.740373491007517E-7 
cv204_8930.txt neg neg:1.0 pos:1.6018712010325142E-19 
cv815_23466.txt neg neg:1.0 pos:2.261408946973614E-17 
cv717_17472.txt neg neg:1.0 pos:1.2873744006210497E-27 
cv080_14899.txt neg neg:0.999999999946418 pos:5.358210489006226E-11 
cv110_27788.txt pos neg:1.0 pos:3.5969355466251234E-20 
cv462_19350.txt pos pos:0.9486364525014359 neg:0.05136354749856424 
cv640_5378.txt pos pos:0.9999789182972858 neg:2.1081702714337007E-5 
cv398_17047.txt neg neg:1.0 pos:5.4236230451487484E-24 
cv616_29187.txt neg pos:0.9999940213117398 neg:5.978688260378587E-6 
cv412_25254.txt neg neg:1.0 pos:1.857712187011281E-164 
cv045_25077.txt neg neg:1.0 pos:4.123798892339566E-21 
cv193_5393.txt neg neg:0.9999999381497946 pos:6.185020543511891E-8 
cv292_7804.txt neg neg:1.0 pos:1.1910567793772326E-30 
cv857_17527.txt neg neg:0.999999221209627 pos:7.78790373079287E-7 
cv752_24155.txt pos pos:0.99999996232006 neg:3.767993990643801E-8 
cv824_8838.txt pos pos:1.0 neg:4.932064618053403E-29 
cv079_12766.txt neg neg:1.0 pos:1.000573017973067E-49 
cv328_10373.txt pos pos:1.0 neg:3.445857350760198E-28 
cv266_26644.txt neg neg:0.9996642739564942 pos:3.3572604350593427E-4 
cv364_12901.txt pos pos:0.9999999999396927 neg:6.03072400864123E-11 
cv039_6170.txt pos neg:0.9999999999982732 pos:1.7269507932640198E-12 
cv027_26270.txt neg neg:1.0 pos:9.246581050747104E-34 
cv369_12886.txt pos pos:1.0 neg:2.8583722749854665E-31 
cv651_11120.txt neg neg:1.0 pos:1.6848347566015894E-20 
cv249_12674.txt neg neg:0.9999999999999958 pos:4.19754899382559E-15 
cv261_10954.txt pos pos:1.0 neg:2.7958884291704796E-28 
cv507_9220.txt pos neg:0.9999999999999922 pos:7.805530739128044E-15 
Trial 0 Trainer NaiveBayesTrainer Training Data Confusion Matrix
Confusion Matrix, row=true, column=predicted  accuracy=0.9838888888888889
  label   0   1  |total
  0 neg 894   6  |900
  1 pos  23 877  |900

Trial 0 Trainer NaiveBayesTrainer training data accuracy= 0.9838888888888889
Trial 0 Trainer NaiveBayesTrainer Test Data Confusion Matrix
Confusion Matrix, row=true, column=predicted  accuracy=0.74
  label   0   1  |total
  0 neg  84  16  |100
  1 pos  36  64  |100

Trial 0 Trainer NaiveBayesTrainer test data accuracy= 0.74

NaiveBayesTrainer
Summary. train accuracy mean = 0.9838888888888889 stddev = 0.0 stderr = 0.0
Summary. test accuracy mean = 0.74 stddev = 0.0 stderr = 0.0
