
-------------------- Trial 0  --------------------

Trial 0 Training NaiveBayesTrainer with 1800 instances
Trial 0 Training NaiveBayesTrainer finished
Trial 0 Trainer NaiveBayesTrainer
 Raw Testing Data
cv998_14111.txt pos pos:1.0 neg:2.748057498532381E-28 
cv383_14662.txt neg neg:0.9999999999999987 pos:1.2798891635506116E-15 
cv051_10751.txt neg neg:0.9999999999992393 pos:7.607972562932214E-13 
cv652_13972.txt pos pos:0.9967472665852015 neg:0.0032527334147985365 
cv394_5311.txt neg neg:1.0 pos:1.1155268667166115E-22 
cv338_8821.txt pos pos:0.9992804306566314 neg:7.195693433685318E-4 
cv758_9740.txt neg neg:1.0 pos:2.3306515206561507E-17 
cv100_11528.txt pos pos:0.999999994073099 neg:5.926900932899913E-9 
cv457_19546.txt neg pos:0.5242467045629544 neg:0.47575329543704553 
cv600_25043.txt neg pos:0.999998516605707 neg:1.4833942929104021E-6 
cv836_12968.txt pos pos:1.0 neg:1.145157624678459E-45 
cv222_18720.txt neg neg:0.9999999999999993 pos:5.832036879403641E-16 
cv240_15948.txt neg neg:0.9476099592837273 pos:0.05239004071627267 
cv192_14395.txt pos pos:1.0 neg:4.96185029172874E-20 
cv215_23246.txt neg neg:0.9999999086778176 pos:9.132218235933924E-8 
cv813_6649.txt neg neg:1.0 pos:3.568014901418074E-20 
cv856_28882.txt neg neg:0.9999992017790161 pos:7.982209839162705E-7 
cv677_18938.txt neg neg:0.9999999999960254 pos:3.974639164733696E-12 
cv127_14711.txt pos neg:1.0 pos:2.4665305031750423E-18 
cv447_27334.txt neg neg:1.0 pos:4.97883743480566E-19 
cv841_3367.txt neg neg:0.5796926199673422 pos:0.4203073800326578 
cv660_23140.txt neg neg:1.0 pos:9.322158608000902E-17 
cv765_20429.txt neg neg:1.0 pos:1.6444763446664534E-25 
cv694_4876.txt pos pos:0.9999999999999398 neg:6.014193694387253E-14 
cv187_12829.txt pos pos:1.0 neg:2.153756153220765E-17 
cv084_13566.txt pos pos:0.9999999974104681 neg:2.58953200470697E-9 
cv655_11154.txt pos neg:0.9998510653297462 pos:1.4893467025375114E-4 
cv976_10724.txt neg neg:0.9993839533900011 pos:6.160466099988223E-4 
cv740_12445.txt pos neg:0.9999999999933553 pos:6.6447876334656744E-12 
cv878_17204.txt neg neg:0.9999999999999911 pos:8.852190604155872E-15 
cv885_12318.txt pos pos:0.999998543562588 neg:1.456437412046555E-6 
cv316_6370.txt pos pos:0.9999979679884087 neg:2.0320115912004004E-6 
cv711_11665.txt pos pos:1.0 neg:7.094744396546901E-42 
cv864_3416.txt pos pos:0.9999999999998175 neg:1.8258793118205522E-13 
cv896_16071.txt pos pos:1.0 neg:1.168767465985943E-25 
cv753_10875.txt pos pos:0.9999999254648972 neg:7.453510271002394E-8 
cv614_11320.txt neg neg:1.0 pos:1.3407414418803683E-35 
cv363_29273.txt neg neg:0.9796112813492881 pos:0.020388718650711988 
cv734_22821.txt neg pos:0.9996438194134584 neg:3.561805865416876E-4 
cv237_20635.txt neg pos:0.9999999021242836 neg:9.787571647029555E-8 
cv059_28723.txt neg pos:0.9444874569466295 neg:0.05551254305337057 
cv863_7424.txt pos pos:0.9999999981944994 neg:1.8055006482657702E-9 
cv357_13156.txt pos pos:0.9999999999950877 neg:4.912275481887109E-12 
cv175_7375.txt neg neg:0.9999999999996565 pos:3.4353056664206064E-13 
cv283_11963.txt neg neg:0.9999999997909934 pos:2.0900666017994929E-10 
cv254_6027.txt pos neg:0.9999665451883352 pos:3.345481166488529E-5 
cv761_13769.txt neg pos:1.0 neg:8.604085887378099E-19 
cv615_14182.txt pos pos:0.999907409336722 neg:9.259066327806163E-5 
cv095_28892.txt pos pos:0.9983234148791953 neg:0.0016765851208046557 
cv513_6923.txt pos pos:0.9996762586430826 neg:3.2374135691741083E-4 
cv490_17872.txt pos pos:1.0 neg:1.1645952786049579E-18 
cv358_11557.txt neg pos:0.9999992954694191 neg:7.045305809229372E-7 
cv010_29198.txt pos pos:0.9999948192465913 neg:5.180753408728762E-6 
cv221_2695.txt pos neg:0.6001168740570746 pos:0.3998831259429254 
cv665_29538.txt pos neg:0.9933077883383054 pos:0.00669221166169465 
cv521_15828.txt pos pos:0.9999999999623512 neg:3.764867575697972E-11 
cv801_25228.txt pos pos:0.9999428951172417 neg:5.7104882758352704E-5 
cv400_20631.txt neg neg:0.9962795940695982 pos:0.0037204059304018692 
cv610_24153.txt neg neg:0.9999999999999989 pos:1.0081009363517266E-15 
cv158_10914.txt neg neg:0.9999999999802931 pos:1.970687588451989E-11 
cv621_15984.txt neg neg:1.0 pos:1.1388822924631487E-17 
cv200_2915.txt pos pos:0.9999999998581357 neg:1.4186439686398453E-10 
cv990_11591.txt pos pos:1.0 neg:9.523663773273435E-26 
cv663_14484.txt neg neg:0.9995325567624941 pos:4.6744323750601654E-4 
cv770_10451.txt pos pos:1.0 neg:1.230918332797721E-18 
cv063_28852.txt neg neg:1.0 pos:1.0194289199271687E-26 
cv842_5702.txt neg neg:1.0 pos:4.425396226916647E-19 
cv505_12926.txt neg neg:1.0 pos:1.421185475422131E-31 
cv108_15571.txt pos pos:0.9999954791541148 neg:4.520845885195921E-6 
cv186_2396.txt neg neg:0.9999999388006617 pos:6.119933839343332E-8 
cv312_29377.txt pos pos:1.0 neg:1.7075821188110093E-25 
cv962_9813.txt neg neg:1.0 pos:3.3217013994410243E-21 
cv110_27832.txt neg pos:0.6949047025485604 neg:0.3050952974514396 
cv244_21649.txt pos neg:0.9006067104808886 pos:0.09939328951911144 
cv542_20359.txt neg neg:0.9999999992225994 pos:7.774005368280031E-10 
cv429_7439.txt pos pos:0.9987477940287695 neg:0.001252205971230417 
cv873_19937.txt neg neg:0.9999999999997855 pos:2.1456811316118384E-13 
cv881_13254.txt pos neg:0.9415004837064653 pos:0.05849951629353472 
cv538_28667.txt pos neg:0.9999999999720199 pos:2.7980014022436287E-11 
cv927_11471.txt neg neg:0.9999988405486845 pos:1.1594513155381484E-6 
cv868_12799.txt neg pos:0.9454462054728665 neg:0.054553794527133416 
cv668_18848.txt neg neg:0.9999999999999993 pos:6.397630832613981E-16 
cv658_11186.txt neg neg:0.9999999802612685 pos:1.973873158307531E-8 
cv269_21732.txt pos pos:0.9999999960530304 neg:3.946969617854089E-9 
cv551_10565.txt pos neg:0.9957262405572056 pos:0.004273759442794397 
cv770_11061.txt neg neg:0.9999999999999998 pos:1.5773876098879748E-16 
cv966_28832.txt pos pos:0.999999996960987 neg:3.039012947618721E-9 
cv676_21090.txt pos pos:1.0 neg:1.0199892346340263E-18 
cv669_22995.txt pos pos:0.9999999999700662 neg:2.993393053852899E-11 
cv670_2666.txt neg neg:0.9999999999999996 pos:3.377856102072937E-16 
cv972_26837.txt neg pos:0.9999999932685613 neg:6.7314387091977265E-9 
cv760_8977.txt neg neg:0.9997409000659542 pos:2.590999340457658E-4 
cv979_2029.txt neg neg:0.9999999999746985 pos:2.5301500319331604E-11 
cv604_23339.txt neg neg:0.9999999999999971 pos:2.8020581635634626E-15 
cv467_25773.txt pos neg:0.9999999457526688 pos:5.4247331171583754E-8 
cv593_10987.txt pos neg:0.8093142966884206 pos:0.19068570331157947 
cv680_10160.txt pos neg:0.9966540817867279 pos:0.003345918213272055 
cv743_17023.txt neg neg:0.999999999999982 pos:1.798311732739539E-14 
cv330_29809.txt pos neg:0.999910040712832 pos:8.99592871679989E-5 
cv496_10530.txt pos neg:0.9996001076321652 pos:3.9989236783490685E-4 
cv890_3977.txt pos pos:0.9999999968668098 neg:3.133190121785944E-9 
cv194_12079.txt pos neg:0.9999868427828755 pos:1.3157217124451391E-5 
cv151_15771.txt pos pos:1.0 neg:3.217204608188103E-20 
cv567_29420.txt neg neg:0.9999999710159981 pos:2.8984001890969847E-8 
cv902_13217.txt neg neg:0.999999999999982 pos:1.802156963672258E-14 
cv650_14340.txt pos pos:0.9995931916144966 neg:4.068083855034157E-4 
cv655_12055.txt neg neg:0.9999999999999352 pos:6.48649622937981E-14 
cv554_14678.txt neg neg:0.9999994976422316 pos:5.023577682948977E-7 
cv321_14191.txt neg neg:0.9999999533347961 pos:4.666520402320866E-8 
cv323_29633.txt neg neg:1.0 pos:3.195913809312817E-32 
cv136_12384.txt neg neg:0.9457007599749173 pos:0.05429924002508271 
cv112_12178.txt neg neg:0.9999999999992844 pos:7.156864454192365E-13 
cv371_7630.txt pos pos:0.9999999003417867 neg:9.965821322516548E-8 
cv946_20084.txt neg neg:1.0 pos:6.9148702808502555E-31 
cv653_19583.txt pos pos:1.0 neg:4.834059348937215E-17 
cv970_19532.txt neg neg:1.0 pos:1.2870749933368441E-19 
cv369_14245.txt neg neg:1.0 pos:1.1352644912137324E-17 
cv389_9369.txt pos neg:0.731025977251903 pos:0.26897402274809695 
cv265_11625.txt neg neg:0.9999999999999982 pos:1.7409325168515459E-15 
cv069_10801.txt pos pos:0.9999999999999998 neg:2.0984502131065732E-16 
cv083_24234.txt pos pos:0.9995714555377677 neg:4.28544462232191E-4 
cv139_14236.txt neg neg:1.0 pos:2.1212577561672997E-22 
cv093_13951.txt pos pos:0.9999999757682275 neg:2.4231772531263665E-8 
cv546_12723.txt neg neg:1.0 pos:1.9457076763737575E-18 
cv234_20643.txt pos pos:0.9706230842854939 neg:0.029376915714506104 
cv361_28944.txt pos pos:0.9994102730297879 neg:5.897269702121237E-4 
cv439_15970.txt pos pos:0.9999995977165539 neg:4.022834461471178E-7 
cv388_12810.txt neg neg:0.999999982011646 pos:1.798835400586254E-8 
cv789_12991.txt neg neg:1.0 pos:1.253537553501008E-18 
cv219_18626.txt pos pos:0.9995947285165274 neg:4.052714834725123E-4 
cv864_3087.txt neg neg:0.9999999999999774 pos:2.2565189040128285E-14 
cv353_19197.txt neg neg:0.999888350874998 pos:1.116491250019609E-4 
cv252_23779.txt pos pos:0.9999999995616609 neg:4.383391180559873E-10 
cv227_25406.txt neg neg:1.0 pos:9.889259188378538E-17 
cv947_10601.txt pos neg:0.9999999998200351 pos:1.7996497369228856E-10 
cv513_7236.txt neg neg:1.0 pos:1.1989523954359971E-17 
cv025_3108.txt pos pos:0.975866962079683 neg:0.024133037920316968 
cv128_29627.txt pos pos:0.9654397141980133 neg:0.03456028580198658 
cv517_19219.txt pos pos:0.9999496496684941 neg:5.035033150594948E-5 
cv690_5425.txt neg neg:0.999999998189945 pos:1.8100549236867936E-9 
cv950_12350.txt pos pos:0.5786018576079205 neg:0.42139814239207957 
cv211_9953.txt pos pos:1.0 neg:5.792504701954395E-29 
cv642_29867.txt pos pos:0.9999433166547049 neg:5.668334529513292E-5 
cv636_16954.txt neg neg:1.0 pos:2.484533198908832E-26 
cv332_16307.txt pos pos:1.0 neg:4.041539936392961E-17 
cv907_3541.txt pos pos:0.999999189422899 neg:8.105771010413807E-7 
cv246_28807.txt pos pos:0.9999999999993876 neg:6.123086538695981E-13 
cv164_22447.txt pos pos:0.9998882953238919 neg:1.1170467610816686E-4 
cv924_29540.txt pos pos:0.9999999867778084 neg:1.3222191691032963E-8 
cv749_17765.txt pos pos:0.976240318719566 neg:0.023759681280434035 
cv289_6239.txt neg neg:0.9998266688013128 pos:1.733311986871053E-4 
cv796_17243.txt neg pos:0.9993125265760964 neg:6.874734239035787E-4 
cv413_7893.txt neg neg:1.0 pos:1.4214206917734002E-19 
cv781_5358.txt neg neg:0.9999999999983828 pos:1.6171401853701305E-12 
cv142_22516.txt pos pos:0.9999999999931701 neg:6.829908364216226E-12 
cv544_5108.txt pos neg:0.9999999382542824 pos:6.174571757237336E-8 
cv003_11664.txt pos pos:0.9999999999962794 neg:3.720633796777547E-12 
cv568_17065.txt neg neg:0.9999998846331262 pos:1.1536687392016501E-7 
cv319_14727.txt pos pos:0.9840920342950452 neg:0.015907965704954757 
cv040_8276.txt pos neg:0.9997382417284196 pos:2.61758271580262E-4 
cv189_24248.txt neg neg:0.9999999999963716 pos:3.6284146877939304E-12 
cv111_11473.txt pos neg:0.7032396527975847 pos:0.2967603472024153 
cv601_23453.txt pos pos:0.9999999999999987 neg:1.2688478944381613E-15 
cv616_29319.txt pos pos:0.999999999148216 neg:8.517840218678339E-10 
cv942_18509.txt neg neg:0.9999998889399347 pos:1.1106006520908951E-7 
cv203_19052.txt neg neg:0.9988707909460007 pos:0.0011292090539992382 
cv145_11472.txt pos neg:0.8184420995123355 pos:0.18155790048766454 
cv837_27325.txt pos pos:1.0 neg:9.205552810613386E-24 
cv794_15868.txt pos neg:0.9999958609738504 pos:4.139026149626872E-6 
cv992_12806.txt neg neg:0.9999999999999987 pos:1.4411973865547465E-15 
cv835_19159.txt pos neg:0.8264444756296728 pos:0.1735555243703272 
cv535_19728.txt pos neg:0.999884865893666 pos:1.151341063340122E-4 
cv035_3343.txt neg pos:0.9994490400260833 neg:5.509599739168502E-4 
cv746_10147.txt pos pos:0.9999999999999969 neg:3.068144256834209E-15 
cv471_18405.txt neg neg:1.0 pos:1.0475711248900379E-17 
cv488_19856.txt pos pos:1.0 neg:1.1254948293198951E-25 
cv426_10421.txt pos pos:0.9999968002292764 neg:3.1997707236805254E-6 
cv952_26375.txt neg neg:0.9999999999998772 pos:1.2289686026514039E-13 
cv142_23657.txt neg pos:0.999994274982795 neg:5.725017205000382E-6 
cv319_16459.txt neg neg:0.999999999371034 pos:6.28966065192676E-10 
cv194_12855.txt neg pos:0.9999999999956508 neg:4.349293927011572E-12 
cv951_10926.txt pos pos:0.9998327659256063 neg:1.6723407439363374E-4 
cv160_10848.txt neg pos:0.9999999999652454 neg:3.4754668856097906E-11 
cv661_2450.txt pos pos:0.9999999999999412 neg:5.886382452089936E-14 
cv785_23748.txt neg neg:0.878405118298959 pos:0.12159488170104107 
cv291_26844.txt neg neg:0.9961620317633302 pos:0.003837968236669978 
cv444_9975.txt neg neg:0.9999999634310113 pos:3.656898870699535E-8 
cv433_10144.txt pos pos:1.0 neg:1.2361302789376298E-53 
cv146_19587.txt neg neg:0.9999999999945854 pos:5.414459202704985E-12 
cv748_14044.txt neg neg:0.9999999782233433 pos:2.1776656661948952E-8 
cv809_5012.txt neg neg:0.9999998546137956 pos:1.4538620433494785E-7 
cv498_9288.txt neg neg:0.9999999999999998 pos:2.6261973748794913E-16 
cv518_13331.txt pos neg:0.9999999999452684 pos:5.4731509727270416E-11 
cv674_11593.txt neg neg:0.9993576232295736 pos:6.423767704264027E-4 
cv214_13285.txt neg neg:0.9999999902599263 pos:9.740073676881248E-9 
cv107_25639.txt neg neg:0.9999999999999982 pos:1.7252287953731602E-15 
cv904_24353.txt pos neg:0.9995980581166598 pos:4.0194188334018085E-4 
cv116_28942.txt pos neg:0.9958924389742628 pos:0.004107561025737249 
cv955_25001.txt pos pos:0.9997417839319526 neg:2.5821606804742053E-4 
cv673_25874.txt neg neg:1.0 pos:2.4653536287649915E-20 
Trial 0 Trainer NaiveBayesTrainer Training Data Confusion Matrix
Confusion Matrix, row=true, column=predicted  accuracy=0.9822222222222222
  label   0   1  |total
  0 neg 891   9  |900
  1 pos  23 877  |900

Trial 0 Trainer NaiveBayesTrainer training data accuracy= 0.9822222222222222
Trial 0 Trainer NaiveBayesTrainer Test Data Confusion Matrix
Confusion Matrix, row=true, column=predicted  accuracy=0.785
  label   0   1  |total
  0 neg  85  15  |100
  1 pos  28  72  |100

Trial 0 Trainer NaiveBayesTrainer test data accuracy= 0.785

NaiveBayesTrainer
Summary. train accuracy mean = 0.9822222222222222 stddev = 0.0 stderr = 0.0
Summary. test accuracy mean = 0.785 stddev = 0.0 stderr = 0.0
