
-------------------- Trial 0  --------------------

Trial 0 Training MaxEntTrainer,gaussianPriorVariance=1.0 with 1800 instances
Trial 0 Training MaxEntTrainer,gaussianPriorVariance=1.0 finished
Trial 0 Trainer MaxEntTrainer,gaussianPriorVariance=1.0
 Raw Testing Data
cv242_11354.txt neg pos:0.5065520781295837 neg:0.4934479218704163 
cv804_11763.txt neg pos:0.5121445801693381 neg:0.4878554198306619 
cv313_19337.txt neg pos:0.5098882705485571 neg:0.4901117294514429 
cv019_16117.txt neg pos:0.5132948069876562 neg:0.4867051930123438 
cv821_29283.txt neg pos:0.5107225604341064 neg:0.48927743956589365 
cv347_14722.txt neg pos:0.5046008833040062 neg:0.49539911669599385 
cv780_8467.txt neg pos:0.5084291696776962 neg:0.49157083032230375 
cv711_12687.txt neg pos:0.50855173019084 neg:0.49144826980915995 
cv537_13516.txt neg pos:0.5163438435222593 neg:0.4836561564777408 
cv831_16325.txt neg pos:0.5185954072121559 neg:0.48140459278784414 
cv550_23226.txt neg pos:0.5044375186685273 neg:0.4955624813314728 
cv300_23302.txt neg pos:0.521232092809008 neg:0.47876790719099205 
cv800_13494.txt neg pos:0.5132292194657714 neg:0.4867707805342286 
cv563_18610.txt neg pos:0.5050507508272248 neg:0.49494924917277516 
cv877_29132.txt neg pos:0.5167978075399569 neg:0.4832021924600431 
cv862_15924.txt neg pos:0.5161094921779005 neg:0.48389050782209947 
cv595_26420.txt neg pos:0.5027670001471991 neg:0.49723299985280084 
cv599_22197.txt neg pos:0.504695239461131 neg:0.495304760538869 
cv688_7884.txt neg pos:0.5110792008256576 neg:0.48892079917434245 
cv129_18373.txt neg pos:0.5075592956423609 neg:0.49244070435763904 
cv994_13229.txt neg pos:0.5089731123376188 neg:0.49102688766238123 
cv066_11668.txt neg pos:0.5135686400301597 neg:0.48643135996984027 
cv434_5641.txt neg pos:0.5254367097547257 neg:0.4745632902452742 
cv923_11951.txt neg pos:0.5188533252630685 neg:0.48114667473693157 
cv845_15886.txt neg pos:0.5088507744785561 neg:0.4911492255214439 
cv310_14568.txt neg pos:0.5023770334653587 neg:0.4976229665346414 
cv928_9478.txt neg pos:0.5323042486671079 neg:0.4676957513328921 
cv172_12037.txt neg pos:0.5132516317136484 neg:0.4867483682863516 
cv503_11196.txt neg pos:0.508135740617289 neg:0.491864259382711 
cv255_15267.txt neg pos:0.5125611698028116 neg:0.4874388301971883 
cv491_12992.txt neg pos:0.514574899384094 neg:0.48542510061590605 
cv060_11754.txt neg pos:0.5098511802065825 neg:0.4901488197934175 
cv344_5376.txt neg pos:0.5101512197304241 neg:0.4898487802695759 
cv837_27232.txt neg pos:0.5170787625541147 neg:0.48292123744588533 
cv997_5152.txt neg pos:0.5080333389660824 neg:0.4919666610339177 
cv120_3793.txt neg pos:0.5183335932058067 neg:0.48166640679419326 
cv330_29675.txt neg pos:0.5138208343536546 neg:0.48617916564634545 
cv625_13518.txt neg pos:0.5118363828633414 neg:0.48816361713665857 
cv990_12443.txt neg pos:0.5005753342533006 neg:0.4994246657466994 
cv357_14710.txt neg pos:0.505411583373142 neg:0.49458841662685804 
cv182_7791.txt neg pos:0.5130011346520181 neg:0.48699886534798187 
cv724_15265.txt neg pos:0.5117256978628243 neg:0.48827430213717565 
cv429_7937.txt neg pos:0.5078603091663115 neg:0.4921396908336885 
cv077_23172.txt neg pos:0.5163520341516379 neg:0.48364796584836217 
cv285_18186.txt neg pos:0.505930508873058 neg:0.49406949112694204 
cv104_19176.txt neg pos:0.5114915437288149 neg:0.48850845627118517 
cv958_13020.txt neg pos:0.50495997465376 neg:0.4950400253462399 
cv987_7394.txt neg pos:0.5034225779772206 neg:0.4965774220227795 
cv250_26462.txt neg pos:0.5206392370905571 neg:0.4793607629094429 
cv411_16799.txt neg pos:0.5066926753953092 neg:0.4933073246046908 
cv298_24487.txt neg pos:0.5122132606814148 neg:0.4877867393185852 
cv824_9335.txt neg pos:0.510813651305456 neg:0.4891863486945441 
cv053_23117.txt neg pos:0.5110010250142165 neg:0.4889989749857834 
cv659_21483.txt neg pos:0.5096364976729216 neg:0.4903635023270783 
cv751_17208.txt neg pos:0.5131059309687906 neg:0.4868940690312093 
cv665_29386.txt neg pos:0.5090449011614573 neg:0.4909550988385427 
cv180_17823.txt neg pos:0.5085821086801317 neg:0.4914178913198684 
cv920_29423.txt neg pos:0.5094835829352872 neg:0.49051641706471283 
cv149_17084.txt neg pos:0.5086773704829426 neg:0.4913226295170574 
cv898_1576.txt neg pos:0.5110174117986188 neg:0.4889825882013812 
cv025_29825.txt neg pos:0.51057938879892 neg:0.4894206112010801 
cv290_11981.txt neg pos:0.5083845462730657 neg:0.4916154537269342 
cv134_23300.txt neg pos:0.5121406163894516 neg:0.48785938361054837 
cv931_18783.txt neg pos:0.5131804318018136 neg:0.48681956819818634 
cv527_10338.txt neg pos:0.5179423959874399 neg:0.4820576040125602 
cv261_11855.txt neg pos:0.5334380867407448 neg:0.4665619132592552 
cv233_17614.txt neg pos:0.5137724968229328 neg:0.4862275031770673 
cv082_11979.txt neg pos:0.5118153853849581 neg:0.4881846146150419 
cv410_25624.txt neg pos:0.5087695450036764 neg:0.4912304549963237 
cv191_29539.txt neg pos:0.508658639015312 neg:0.49134136098468795 
cv225_29083.txt neg pos:0.5067804070907145 neg:0.4932195929092855 
cv894_22140.txt neg pos:0.5019993151809948 neg:0.4980006848190052 
cv094_27868.txt neg pos:0.524185858160352 neg:0.4758141418396479 
cv401_13758.txt neg pos:0.5221507752585166 neg:0.4778492247414834 
cv951_11816.txt neg pos:0.5198891933810967 neg:0.4801108066189033 
cv044_18429.txt neg pos:0.51108348795371 neg:0.48891651204629 
cv118_28837.txt neg pos:0.5120970266992207 neg:0.48790297330077925 
cv588_14467.txt neg pos:0.509561740943253 neg:0.49043825905674693 
cv141_17179.txt neg pos:0.531853951311428 neg:0.46814604868857196 
cv256_16529.txt neg pos:0.5179422795213198 neg:0.48205772047868023 
cv286_26156.txt neg pos:0.505758355009781 neg:0.49424164499021916 
cv564_12011.txt neg pos:0.5181930208722825 neg:0.4818069791277176 
cv096_12262.txt neg pos:0.506728453316338 neg:0.49327154668366213 
cv540_3092.txt neg pos:0.5172118321277256 neg:0.48278816787227435 
cv020_9234.txt neg pos:0.5163203524830016 neg:0.4836796475169984 
cv493_14135.txt neg pos:0.5142761767564836 neg:0.48572382324351643 
cv015_29356.txt neg pos:0.5172387843859395 neg:0.48276121561406055 
cv397_28890.txt neg pos:0.5093396703818512 neg:0.49066032961814876 
cv736_24947.txt neg pos:0.5123093862848377 neg:0.4876906137151623 
cv198_19313.txt neg pos:0.5155154539942225 neg:0.4844845460057776 
cv915_9342.txt neg pos:0.5116923829144472 neg:0.48830761708555287 
cv456_20370.txt neg pos:0.513090861462652 neg:0.4869091385373479 
cv448_16409.txt neg pos:0.5132999030150251 neg:0.4867000969849749 
cv391_11615.txt neg pos:0.5125599809506624 neg:0.48744001904933765 
cv033_25680.txt neg pos:0.5204806067284521 neg:0.47951939327154786 
cv301_13010.txt neg pos:0.5140130444096631 neg:0.48598695559033694 
cv127_16451.txt neg pos:0.5118597564520306 neg:0.4881402435479694 
cv359_6751.txt neg pos:0.5264181128128064 neg:0.47358188718719363 
cv578_16825.txt neg pos:0.5058323681290948 neg:0.4941676318709052 
cv633_29730.txt neg pos:0.5092605941053722 neg:0.4907394058946278 
cv709_10529.txt pos pos:0.5108644115952136 neg:0.4891355884047863 
cv510_23360.txt pos pos:0.5181797970270663 neg:0.4818202029729337 
cv235_10217.txt pos pos:0.5143141306252826 neg:0.48568586937471736 
cv362_15341.txt pos pos:0.5130906444211899 neg:0.48690935557881 
cv103_11021.txt pos pos:0.5158076365074137 neg:0.4841923634925864 
cv697_11162.txt pos pos:0.5165885735177447 neg:0.4834114264822554 
cv795_10122.txt pos pos:0.5208856216525057 neg:0.4791143783474942 
cv871_24888.txt pos pos:0.5146085708656183 neg:0.4853914291343817 
cv636_15279.txt pos pos:0.5164521445160887 neg:0.48354785548391144 
cv294_11684.txt pos pos:0.5300763728189 neg:0.46992362718110003 
cv745_12773.txt pos pos:0.5211203592613999 neg:0.47887964073860007 
cv557_11449.txt pos pos:0.5298345028470292 neg:0.4701654971529709 
cv248_13987.txt pos pos:0.5252016716333892 neg:0.47479832836661096 
cv454_2053.txt pos pos:0.5201655407942757 neg:0.4798344592057244 
cv468_15228.txt pos pos:0.5134568034368209 neg:0.4865431965631792 
cv464_15650.txt pos pos:0.5178452617979366 neg:0.4821547382020634 
cv816_13655.txt pos pos:0.5120076200554048 neg:0.48799237994459516 
cv856_29013.txt pos pos:0.5157912518144714 neg:0.4842087481855286 
cv596_28311.txt pos pos:0.5225899701471142 neg:0.47741002985288594 
cv848_10036.txt pos pos:0.5161325222839085 neg:0.48386747771609145 
cv050_11175.txt pos pos:0.5147487666126199 neg:0.4852512333873802 
cv819_9364.txt pos pos:0.5446106910868797 neg:0.45538930891312024 
cv635_10022.txt pos pos:0.5262139161961452 neg:0.47378608380385473 
cv943_22488.txt pos pos:0.5116650590382132 neg:0.4883349409617868 
cv018_20137.txt pos pos:0.5112977991088645 neg:0.4887022008911355 
cv416_11136.txt pos pos:0.5141373500122867 neg:0.48586264998771334 
cv572_18657.txt pos pos:0.5239984547989446 neg:0.4760015452010555 
cv026_29325.txt pos pos:0.5121631234244703 neg:0.4878368765755296 
cv724_13681.txt pos pos:0.5170732681698171 neg:0.4829267318301828 
cv147_21193.txt pos pos:0.5353025968966928 neg:0.4646974031033072 
cv534_14083.txt pos pos:0.5127207777973773 neg:0.4872792222026227 
cv061_8837.txt pos pos:0.5241597598698011 neg:0.4758402401301988 
cv444_9974.txt pos pos:0.5095527853325665 neg:0.49044721466743346 
cv594_11039.txt pos pos:0.5144690441483505 neg:0.4855309558516495 
cv407_22637.txt pos pos:0.5179696568051354 neg:0.48203034319486465 
cv813_6534.txt pos pos:0.5109092090350065 neg:0.48909079096499347 
cv196_29027.txt pos pos:0.5146780920224819 neg:0.48532190797751806 
cv258_5792.txt pos pos:0.5197961419319901 neg:0.4802038580680099 
cv400_19220.txt pos pos:0.5049981221565254 neg:0.4950018778434746 
cv742_7751.txt pos pos:0.5102613373165732 neg:0.48973866268342675 
cv621_14368.txt pos pos:0.5330374466622262 neg:0.4669625533377738 
cv971_10874.txt pos pos:0.5171959193560934 neg:0.4828040806439066 
cv860_13853.txt pos pos:0.5223712479206561 neg:0.47762875207934385 
cv545_12014.txt pos pos:0.5440553239088882 neg:0.4559446760911118 
cv209_29118.txt pos pos:0.5111492922707436 neg:0.4888507077292564 
cv356_25163.txt pos pos:0.5223987910821368 neg:0.4776012089178632 
cv450_7890.txt pos pos:0.517404646469364 neg:0.48259535353063593 
cv622_8147.txt pos pos:0.5156068093839453 neg:0.48439319061605474 
cv590_19290.txt pos pos:0.5149191885880543 neg:0.4850808114119457 
cv306_10364.txt pos pos:0.5272166818441067 neg:0.47278331815589325 
cv723_8648.txt pos pos:0.5121964106563632 neg:0.48780358934363677 
cv514_11187.txt pos pos:0.5143098820703005 neg:0.4856901179296996 
cv457_18453.txt pos pos:0.5198733469938641 neg:0.4801266530061359 
cv263_19259.txt pos pos:0.5102390195470631 neg:0.48976098045293687 
cv597_26360.txt pos pos:0.5437680867443494 neg:0.45623191325565066 
cv779_17881.txt pos pos:0.5138873590589753 neg:0.48611264094102463 
cv184_2673.txt pos pos:0.506264308360703 neg:0.493735691639297 
cv233_15964.txt pos pos:0.5306473983513047 neg:0.46935260164869524 
cv342_19456.txt pos pos:0.5119480768581974 neg:0.48805192314180257 
cv335_14665.txt pos pos:0.5280821611402559 neg:0.4719178388597442 
cv242_10638.txt pos pos:0.5088283514242616 neg:0.49117164857573836 
cv993_29737.txt pos pos:0.5131625457701867 neg:0.4868374542298132 
cv391_10802.txt pos pos:0.536006281363306 neg:0.463993718636694 
cv882_10026.txt pos pos:0.5156334108838618 neg:0.4843665891161381 
cv410_24266.txt pos pos:0.5185332777978876 neg:0.48146672220211245 
cv476_16856.txt pos pos:0.5271732334467265 neg:0.47282676655327355 
cv604_2230.txt pos pos:0.5203987080942287 neg:0.4796012919057713 
cv299_16214.txt pos pos:0.5113390844050478 neg:0.48866091559495217 
cv133_16336.txt pos pos:0.5159887940737772 neg:0.4840112059262227 
cv933_23776.txt pos pos:0.5280734992227228 neg:0.47192650077727716 
cv629_14909.txt pos pos:0.5113694060164442 neg:0.48863059398355574 
cv447_27332.txt pos pos:0.5157425290990938 neg:0.48425747090090626 
cv693_18063.txt pos pos:0.5064034960482967 neg:0.49359650395170335 
cv674_10732.txt pos pos:0.5372480112862257 neg:0.46275198871377426 
cv996_11592.txt pos pos:0.5100113137976242 neg:0.4899886862023757 
cv573_29525.txt pos pos:0.5276354560205558 neg:0.47236454397944416 
cv365_11576.txt pos pos:0.5154145008892084 neg:0.4845854991107916 
cv155_7308.txt pos pos:0.5215604779695202 neg:0.47843952203047985 
cv327_20292.txt pos pos:0.5426869144392169 neg:0.45731308556078304 
cv089_11418.txt pos pos:0.5129976559361678 neg:0.4870023440638323 
cv303_27520.txt pos pos:0.530725110314086 neg:0.46927488968591397 
cv097_24970.txt pos pos:0.5153798240908467 neg:0.48462017590915335 
cv666_18963.txt pos pos:0.5224870087175685 neg:0.4775129912824315 
cv607_7717.txt pos pos:0.5079414556873301 neg:0.4920585443126699 
cv283_11055.txt pos pos:0.51398426484404 neg:0.48601573515595997 
cv292_7282.txt pos pos:0.5130743388673557 neg:0.48692566113264424 
cv343_10368.txt pos pos:0.5162461720168875 neg:0.48375382798311256 
cv533_9821.txt pos pos:0.5113137891452604 neg:0.48868621085473957 
cv250_25616.txt pos pos:0.5345298955782267 neg:0.4654701044217733 
cv438_8043.txt pos pos:0.5142974563217537 neg:0.48570254367824617 
cv287_15900.txt pos pos:0.506250243561754 neg:0.49374975643824603 
cv470_15952.txt pos pos:0.5253572691166127 neg:0.4746427308833874 
cv869_23611.txt pos pos:0.5296246299745013 neg:0.4703753700254986 
cv043_15013.txt pos pos:0.5178313041334599 neg:0.48216869586654015 
cv086_18371.txt pos pos:0.521733533662896 neg:0.47826646633710407 
cv828_19831.txt pos pos:0.5118292482824702 neg:0.4881707517175298 
cv516_11172.txt pos pos:0.5172630000102932 neg:0.4827369999897068 
cv491_12145.txt pos pos:0.5093090893069931 neg:0.4906909106930068 
cv044_16969.txt pos pos:0.5255417205411678 neg:0.4744582794588321 
cv048_16828.txt pos pos:0.517556670606356 neg:0.4824433293936439 
Trial 0 Trainer MaxEntTrainer,gaussianPriorVariance=1.0 Training Data Confusion Matrix
Confusion Matrix, row=true, column=predicted  accuracy=0.5
  label   0   1  |total
  0 neg   2 898  |900
  1 pos   2 898  |900

Trial 0 Trainer MaxEntTrainer,gaussianPriorVariance=1.0 training data accuracy= 0.5
Trial 0 Trainer MaxEntTrainer,gaussianPriorVariance=1.0 Test Data Confusion Matrix
Confusion Matrix, row=true, column=predicted  accuracy=0.5
  label   0   1  |total
  0 neg   . 100  |100
  1 pos   . 100  |100

Trial 0 Trainer MaxEntTrainer,gaussianPriorVariance=1.0 test data accuracy= 0.5

MaxEntTrainer,gaussianPriorVariance=1.0
Summary. train accuracy mean = 0.5 stddev = 0.0 stderr = 0.0
Summary. test accuracy mean = 0.5 stddev = 0.0 stderr = 0.0
