
-------------------- Trial 0  --------------------

Trial 0 Training MaxEntTrainer,gaussianPriorVariance=1.0 with 1800 instances
Trial 0 Training MaxEntTrainer,gaussianPriorVariance=1.0 finished
Trial 0 Trainer MaxEntTrainer,gaussianPriorVariance=1.0
 Raw Testing Data
cv873_19937.txt neg pos:0.5327412929138438 neg:0.46725870708615624 
cv789_12991.txt neg pos:0.5482100586185399 neg:0.4517899413814601 
cv369_14245.txt neg pos:0.5575243653947612 neg:0.4424756346052387 
cv400_20631.txt neg pos:0.5341002364730488 neg:0.46589976352695117 
cv785_23748.txt neg pos:0.5372646842186793 neg:0.46273531578132066 
cv363_29273.txt neg pos:0.5256024943501021 neg:0.474397505649898 
cv321_14191.txt neg pos:0.5786218692876928 neg:0.42137813071230723 
cv394_5311.txt neg pos:0.5527241891263849 neg:0.4472758108736152 
cv614_11320.txt neg pos:0.5762855266186123 neg:0.4237144733813878 
cv567_29420.txt neg pos:0.546880598815913 neg:0.45311940118408706 
cv158_10914.txt neg pos:0.5391996584637949 neg:0.46080034153620514 
cv878_17204.txt neg pos:0.5486653436775445 neg:0.4513346563224555 
cv237_20635.txt neg pos:0.5456672050891456 neg:0.45433279491085443 
cv413_7893.txt neg pos:0.5465872807183186 neg:0.45341271928168136 
cv139_14236.txt neg pos:0.5653382323623196 neg:0.4346617676376804 
cv214_13285.txt neg pos:0.5236961255686516 neg:0.47630387443134836 
cv240_15948.txt neg pos:0.5312775273282776 neg:0.4687224726717225 
cv856_28882.txt neg pos:0.5264486925110422 neg:0.4735513074889578 
cv813_6649.txt neg pos:0.5589840946238227 neg:0.44101590537617724 
cv447_27334.txt neg pos:0.5299285676314198 neg:0.4700714323685801 
cv291_26844.txt neg pos:0.5153790180068222 neg:0.4846209819931779 
cv979_2029.txt neg pos:0.5545973053855611 neg:0.4454026946144389 
cv471_18405.txt neg pos:0.5443427949982383 neg:0.45565720500176166 
cv781_5358.txt neg pos:0.5528589048615179 neg:0.4471410951384821 
cv604_23339.txt neg pos:0.5299519350766346 neg:0.47004806492336537 
cv546_12723.txt neg pos:0.5265967436531774 neg:0.47340325634682245 
cv660_23140.txt neg pos:0.5341745196452431 neg:0.4658254803547569 
cv388_12810.txt neg pos:0.5262861060216345 neg:0.4737138939783654 
cv222_18720.txt neg pos:0.5334524004706929 neg:0.46654759952930713 
cv796_17243.txt neg pos:0.5510921224916714 neg:0.44890787750832867 
cv035_3343.txt neg pos:0.5451646516952984 neg:0.4548353483047016 
cv655_12055.txt neg pos:0.5371096198943622 neg:0.46289038010563777 
cv942_18509.txt neg pos:0.5590693244458548 neg:0.4409306755541452 
cv358_11557.txt neg pos:0.570445651309605 neg:0.4295543486903951 
cv621_15984.txt neg pos:0.583261101410145 neg:0.416738898589855 
cv319_16459.txt neg pos:0.5402546890918893 neg:0.4597453109081106 
cv289_6239.txt neg pos:0.5161984949003694 neg:0.4838015050996307 
cv568_17065.txt neg pos:0.5629033908886094 neg:0.4370966091113906 
cv112_12178.txt neg pos:0.5497282736725347 neg:0.45027172632746526 
cv194_12855.txt neg pos:0.5341305815377535 neg:0.46586941846224655 
cv610_24153.txt neg pos:0.5552207139393273 neg:0.4447792860606728 
cv842_5702.txt neg pos:0.5585779874469754 neg:0.44142201255302455 
cv748_14044.txt neg pos:0.5441801259740374 neg:0.4558198740259626 
cv690_5425.txt neg pos:0.5414616915939614 neg:0.45853830840603865 
cv160_10848.txt neg pos:0.5316089816857228 neg:0.4683910183142773 
cv283_11963.txt neg pos:0.5481726711878032 neg:0.4518273288121968 
cv658_11186.txt neg pos:0.5377438417400632 neg:0.46225615825993677 
cv136_12384.txt neg pos:0.5558624417965834 neg:0.4441375582034166 
cv189_24248.txt neg pos:0.5296512754150612 neg:0.4703487245849387 
cv770_11061.txt neg pos:0.5604851140129169 neg:0.43951488598708305 
cv059_28723.txt neg pos:0.5221590223003362 neg:0.4778409776996639 
cv323_29633.txt neg pos:0.5512766169540654 neg:0.4487233830459347 
cv992_12806.txt neg pos:0.5616788262063324 neg:0.43832117379366764 
cv444_9975.txt neg pos:0.5295816058258558 neg:0.47041839417414427 
cv673_25874.txt neg pos:0.5367675956287022 neg:0.4632324043712977 
cv203_19052.txt neg pos:0.5188466955229841 neg:0.48115330447701593 
cv952_26375.txt neg pos:0.5476146910244168 neg:0.4523853089755831 
cv498_9288.txt neg pos:0.5187552863677928 neg:0.4812447136322072 
cv670_2666.txt neg pos:0.5170379331635161 neg:0.4829620668364839 
cv765_20429.txt neg pos:0.5416452595655428 neg:0.45835474043445723 
cv505_12926.txt neg pos:0.5593062067926441 neg:0.4406937932073559 
cv677_18938.txt neg pos:0.5537870897695762 neg:0.4462129102304237 
cv841_3367.txt neg pos:0.5537505210893408 neg:0.44624947891065925 
cv383_14662.txt neg pos:0.5381957920610838 neg:0.46180420793891624 
cv353_19197.txt neg pos:0.5536603113128296 neg:0.4463396886871705 
cv063_28852.txt neg pos:0.5563739450200144 neg:0.44362605497998564 
cv146_19587.txt neg pos:0.5563367800656597 neg:0.4436632199343403 
cv970_19532.txt neg pos:0.5466063490892418 neg:0.45339365091075823 
cv107_25639.txt neg pos:0.6215960929626434 neg:0.37840390703735655 
cv972_26837.txt neg pos:0.552982086959331 neg:0.44701791304066885 
cv761_13769.txt neg pos:0.5813899595843531 neg:0.41861004041564687 
cv175_7375.txt neg pos:0.542646005325228 neg:0.45735399467477206 
cv868_12799.txt neg pos:0.515004329361922 neg:0.484995670638078 
cv743_17023.txt neg pos:0.5353356815947495 neg:0.4646643184052504 
cv542_20359.txt neg pos:0.5486730298552785 neg:0.4513269701447215 
cv946_20084.txt neg pos:0.5540264549262007 neg:0.4459735450737992 
cv962_9813.txt neg pos:0.5336838246124521 neg:0.46631617538754794 
cv864_3087.txt neg pos:0.5471386183340812 neg:0.4528613816659189 
cv600_25043.txt neg pos:0.5217723196910947 neg:0.47822768030890533 
cv636_16954.txt neg pos:0.5592961505735682 neg:0.4407038494264317 
cv760_8977.txt neg pos:0.5655696440528604 neg:0.43443035594713963 
cv809_5012.txt neg pos:0.5192068440401189 neg:0.48079315595988115 
cv668_18848.txt neg pos:0.5323221628256871 neg:0.4676778371743129 
cv215_23246.txt neg pos:0.5345238687443091 neg:0.465476131255691 
cv554_14678.txt neg pos:0.5721445117391902 neg:0.4278554882608097 
cv110_27832.txt neg pos:0.5212498021227564 neg:0.4787501978772436 
cv976_10724.txt neg pos:0.5430824728182967 neg:0.4569175271817033 
cv674_11593.txt neg pos:0.520260148738574 neg:0.479739851261426 
cv663_14484.txt neg pos:0.5583353757663468 neg:0.44166462423365305 
cv265_11625.txt neg pos:0.5654850839637443 neg:0.43451491603625564 
cv142_23657.txt neg pos:0.5270875142109225 neg:0.4729124857890775 
cv227_25406.txt neg pos:0.547669464102084 neg:0.4523305358979161 
cv186_2396.txt neg pos:0.5499925955374478 neg:0.4500074044625521 
cv902_13217.txt neg pos:0.5566617179357327 neg:0.4433382820642673 
cv758_9740.txt neg pos:0.5460103361589281 neg:0.4539896638410718 
cv927_11471.txt neg pos:0.5517174268302485 neg:0.44828257316975145 
cv734_22821.txt neg pos:0.5424787030651724 neg:0.4575212969348276 
cv513_7236.txt neg pos:0.5403478343989274 neg:0.4596521656010726 
cv051_10751.txt neg pos:0.5420003076114778 neg:0.45799969238852223 
cv457_19546.txt neg pos:0.5521805671066238 neg:0.44781943289337617 
cv998_14111.txt pos pos:0.5554277288699568 neg:0.4445722711300431 
cv187_12829.txt pos pos:0.5454797150075327 neg:0.4545202849924674 
cv269_21732.txt pos pos:0.6321516572715006 neg:0.36784834272849937 
cv951_10926.txt pos pos:0.5435798390950662 neg:0.45642016090493376 
cv127_14711.txt pos pos:0.5388809224766562 neg:0.4611190775233438 
cv439_15970.txt pos pos:0.6194549875142764 neg:0.38054501248572353 
cv330_29809.txt pos pos:0.5332897520819135 neg:0.4667102479180864 
cv661_2450.txt pos pos:0.5518539057686787 neg:0.4481460942313213 
cv694_4876.txt pos pos:0.5515144297523651 neg:0.44848557024763486 
cv863_7424.txt pos pos:0.5395395767650402 neg:0.4604604232349598 
cv836_12968.txt pos pos:0.5900899781928229 neg:0.409910021807177 
cv517_19219.txt pos pos:0.5195587771267031 neg:0.48044122287329694 
cv312_29377.txt pos pos:0.5253791659001642 neg:0.4746208340998358 
cv740_12445.txt pos pos:0.5362061437709603 neg:0.4637938562290397 
cv194_12079.txt pos pos:0.526659719856806 neg:0.47334028014319396 
cv907_3541.txt pos pos:0.5621627620350076 neg:0.43783723796499235 
cv950_12350.txt pos pos:0.5396772867364398 neg:0.46032271326356017 
cv467_25773.txt pos pos:0.5653496222675267 neg:0.4346503777324733 
cv680_10160.txt pos pos:0.5478969936664949 neg:0.452103006333505 
cv746_10147.txt pos pos:0.5639858553316937 neg:0.4360141446683064 
cv211_9953.txt pos pos:0.6011608818383247 neg:0.3988391181616752 
cv770_10451.txt pos pos:0.5694536162959806 neg:0.43054638370401943 
cv835_19159.txt pos pos:0.5166580362998617 neg:0.4833419637001382 
cv544_5108.txt pos pos:0.5385494616053014 neg:0.46145053839469863 
cv164_22447.txt pos pos:0.542870306725476 neg:0.457129693274524 
cv316_6370.txt pos pos:0.5320205041037648 neg:0.46797949589623516 
cv513_6923.txt pos pos:0.5231413284649542 neg:0.4768586715350458 
cv496_10530.txt pos pos:0.5642263356484952 neg:0.4357736643515048 
cv653_19583.txt pos pos:0.5848037898654801 neg:0.4151962101345199 
cv128_29627.txt pos pos:0.5292179289311371 neg:0.4707820710688629 
cv429_7439.txt pos pos:0.5416359525754044 neg:0.45836404742459563 
cv601_23453.txt pos pos:0.638557305339811 neg:0.3614426946601889 
cv010_29198.txt pos pos:0.5624778260312983 neg:0.43752217396870174 
cv881_13254.txt pos pos:0.5198114545099369 neg:0.480188545490063 
cv837_27325.txt pos pos:0.5823180844860272 neg:0.4176819155139728 
cv246_28807.txt pos pos:0.56420522974334 neg:0.43579477025666 
cv426_10421.txt pos pos:0.5514547846862461 neg:0.4485452153137539 
cv145_11472.txt pos pos:0.5189228903793724 neg:0.4810771096206275 
cv111_11473.txt pos pos:0.5195322967268121 neg:0.48046770327318783 
cv433_10144.txt pos pos:0.5903042164914373 neg:0.4096957835085627 
cv100_11528.txt pos pos:0.5489534740272612 neg:0.45104652597273864 
cv003_11664.txt pos pos:0.586686016919944 neg:0.413313983080056 
cv389_9369.txt pos pos:0.5780370346644852 neg:0.42196296533551475 
cv669_22995.txt pos pos:0.5354548823651474 neg:0.4645451176348526 
cv234_20643.txt pos pos:0.5460119946410082 neg:0.4539880053589917 
cv319_14727.txt pos pos:0.5226227756469313 neg:0.47737722435306873 
cv535_19728.txt pos pos:0.5234170351533882 neg:0.4765829648466118 
cv116_28942.txt pos pos:0.5558371287402561 neg:0.4441628712597438 
cv093_13951.txt pos pos:0.5296780294676113 neg:0.47032197053238867 
cv244_21649.txt pos pos:0.5327060430796146 neg:0.4672939569203854 
cv095_28892.txt pos pos:0.5440319654343945 neg:0.4559680345656054 
cv966_28832.txt pos pos:0.544576542433416 neg:0.4554234575665839 
cv665_29538.txt pos pos:0.5420259735304765 neg:0.4579740264695235 
cv650_14340.txt pos pos:0.5510087903688542 neg:0.4489912096311458 
cv711_11665.txt pos pos:0.5994665513689524 neg:0.4005334486310475 
cv151_15771.txt pos pos:0.5613257777258028 neg:0.4386742222741973 
cv551_10565.txt pos pos:0.5684589421751689 neg:0.43154105782483115 
cv490_17872.txt pos pos:0.5950439243740944 neg:0.4049560756259056 
cv025_3108.txt pos pos:0.5557956208309515 neg:0.4442043791690485 
cv361_28944.txt pos pos:0.5231697024660376 neg:0.4768302975339625 
cv357_13156.txt pos pos:0.5833111542858825 neg:0.4166888457141176 
cv749_17765.txt pos pos:0.5386974645365428 neg:0.46130253546345723 
cv254_6027.txt pos pos:0.5433801602099001 neg:0.45661983979009996 
cv642_29867.txt pos pos:0.5673539729751312 neg:0.43264602702486876 
cv221_2695.txt pos pos:0.5247326088045742 neg:0.47526739119542577 
cv200_2915.txt pos pos:0.5304188181819098 neg:0.4695811818180901 
cv947_10601.txt pos pos:0.5498989059833338 neg:0.4501010940166662 
cv655_11154.txt pos pos:0.554176150876578 neg:0.445823849123422 
cv890_3977.txt pos pos:0.5381488880742339 neg:0.46185111192576617 
cv142_22516.txt pos pos:0.5529045245133483 neg:0.4470954754866517 
cv924_29540.txt pos pos:0.5443838029353976 neg:0.4556161970646024 
cv676_21090.txt pos pos:0.5579140026381996 neg:0.4420859973618005 
cv069_10801.txt pos pos:0.5482685261048982 neg:0.45173147389510176 
cv371_7630.txt pos pos:0.5921795468690799 neg:0.40782045313092 
cv252_23779.txt pos pos:0.5894745580909644 neg:0.41052544190903556 
cv338_8821.txt pos pos:0.5260197737126323 neg:0.4739802262873677 
cv896_16071.txt pos pos:0.5853700271661714 neg:0.4146299728338286 
cv615_14182.txt pos pos:0.5422535925464035 neg:0.45774640745359657 
cv794_15868.txt pos pos:0.5810361010853489 neg:0.41896389891465113 
cv083_24234.txt pos pos:0.5566289752425988 neg:0.44337102475740126 
cv040_8276.txt pos pos:0.5590941233324841 neg:0.4409058766675158 
cv652_13972.txt pos pos:0.5275616513724963 neg:0.4724383486275037 
cv192_14395.txt pos pos:0.5445629340064795 neg:0.4554370659935206 
cv084_13566.txt pos pos:0.5605634515104593 neg:0.43943654848954067 
cv616_29319.txt pos pos:0.556868078334042 neg:0.443131921665958 
cv885_12318.txt pos pos:0.5444318500593308 neg:0.4555681499406692 
cv801_25228.txt pos pos:0.5801361549150756 neg:0.4198638450849244 
cv108_15571.txt pos pos:0.5237015451552323 neg:0.47629845484476774 
cv753_10875.txt pos pos:0.5618803849396166 neg:0.4381196150603835 
cv332_16307.txt pos pos:0.588237583066552 neg:0.41176241693344795 
cv990_11591.txt pos pos:0.5670551695218469 neg:0.43294483047815313 
cv593_10987.txt pos pos:0.5381781002857736 neg:0.4618218997142264 
cv488_19856.txt pos pos:0.5518602940984998 neg:0.44813970590150015 
cv219_18626.txt pos pos:0.529897880478354 neg:0.47010211952164604 
cv955_25001.txt pos pos:0.572879371447766 neg:0.42712062855223404 
cv864_3416.txt pos pos:0.5340908994792781 neg:0.4659091005207219 
cv904_24353.txt pos pos:0.5267997260263901 neg:0.47320027397360986 
cv538_28667.txt pos pos:0.5631490879198775 neg:0.43685091208012256 
cv521_15828.txt pos pos:0.5811949171104038 neg:0.4188050828895962 
cv518_13331.txt pos pos:0.5691029731202224 neg:0.43089702687977766 
Trial 0 Trainer MaxEntTrainer,gaussianPriorVariance=1.0 Training Data Confusion Matrix
Confusion Matrix, row=true, column=predicted  accuracy=0.5
  label   0   1  |total
  0 neg   . 900  |900
  1 pos   . 900  |900

Trial 0 Trainer MaxEntTrainer,gaussianPriorVariance=1.0 training data accuracy= 0.5
Trial 0 Trainer MaxEntTrainer,gaussianPriorVariance=1.0 Test Data Confusion Matrix
Confusion Matrix, row=true, column=predicted  accuracy=0.5
  label   0   1  |total
  0 neg   . 100  |100
  1 pos   . 100  |100

Trial 0 Trainer MaxEntTrainer,gaussianPriorVariance=1.0 test data accuracy= 0.5

MaxEntTrainer,gaussianPriorVariance=1.0
Summary. train accuracy mean = 0.5 stddev = 0.0 stderr = 0.0
Summary. test accuracy mean = 0.5 stddev = 0.0 stderr = 0.0
