
-------------------- Trial 0  --------------------

Trial 0 Training MaxEntTrainer,gaussianPriorVariance=1.0 with 1800 instances
Trial 0 Training MaxEntTrainer,gaussianPriorVariance=1.0 finished
Trial 0 Trainer MaxEntTrainer,gaussianPriorVariance=1.0
 Raw Testing Data
cv559_0057.txt neg pos:0.5078811723315649 neg:0.4921188276684351 
cv260_15652.txt neg pos:0.5192522924799149 neg:0.48074770752008517 
cv362_16985.txt neg pos:0.5134085264164029 neg:0.4865914735835972 
cv426_10976.txt neg pos:0.5145010971762222 neg:0.48549890282377783 
cv071_12969.txt neg pos:0.5190412657188153 neg:0.48095873428118474 
cv049_21917.txt neg pos:0.5157198550747903 neg:0.4842801449252096 
cv746_10471.txt neg pos:0.5436544445441653 neg:0.45634555545583455 
cv790_16202.txt neg pos:0.5140141206335611 neg:0.485985879366439 
cv402_16097.txt neg pos:0.5183619881622306 neg:0.48163801183776933 
cv501_12675.txt neg pos:0.521135975950615 neg:0.4788640240493851 
cv171_15164.txt neg pos:0.5064925650442785 neg:0.4935074349557214 
cv650_15974.txt neg pos:0.5115167421135735 neg:0.4884832578864265 
cv881_14767.txt neg pos:0.5047421989497667 neg:0.49525780105023337 
cv188_20687.txt neg pos:0.5095501061350861 neg:0.4904498938649139 
cv374_26455.txt neg pos:0.5140091890146 neg:0.4859908109854 
cv853_29119.txt neg pos:0.5154089126127707 neg:0.4845910873872293 
cv090_0049.txt neg pos:0.5328613484872894 neg:0.46713865151271056 
cv267_16618.txt neg pos:0.5167261178571992 neg:0.48327388214280087 
cv163_10110.txt neg pos:0.5116020787717246 neg:0.48839792122827536 
cv008_29326.txt neg pos:0.514561898054785 neg:0.485438101945215 
cv415_23674.txt neg pos:0.5201031559401587 neg:0.4798968440598414 
cv686_15553.txt neg pos:0.5172357632374002 neg:0.4827642367625997 
cv299_17950.txt neg pos:0.5211467094916543 neg:0.4788532905083457 
cv190_27176.txt neg pos:0.5204146580437579 neg:0.47958534195624214 
cv745_14009.txt neg pos:0.5096120770835147 neg:0.4903879229164852 
cv000_29416.txt neg pos:0.5119177158173799 neg:0.4880822841826202 
cv899_17812.txt neg pos:0.5133193275406026 neg:0.48668067245939745 
cv238_14285.txt neg pos:0.5150950290534204 neg:0.48490497094657964 
cv849_17215.txt neg pos:0.5211003085254158 neg:0.4788996914745841 
cv624_11601.txt neg pos:0.5145257129060704 neg:0.48547428709392965 
cv039_5963.txt neg pos:0.517216760970685 neg:0.48278323902931497 
cv345_9966.txt neg pos:0.5190474127186115 neg:0.48095258728138846 
cv820_24157.txt neg pos:0.5195929184301713 neg:0.48040708156982864 
cv463_10846.txt neg pos:0.5093300934426963 neg:0.4906699065573037 
cv496_11185.txt neg pos:0.5125598702446601 neg:0.48744012975533996 
cv091_7899.txt neg pos:0.5119933943041338 neg:0.48800660569586624 
cv279_19452.txt neg pos:0.5100460677614235 neg:0.4899539322385765 
cv955_26154.txt neg pos:0.5098109075897769 neg:0.490189092410223 
cv418_16562.txt neg pos:0.5202941340269432 neg:0.4797058659730568 
cv710_23745.txt neg pos:0.5107492031753306 neg:0.4892507968246694 
cv001_19502.txt neg pos:0.5053505929347801 neg:0.49464940706521987 
cv959_16218.txt neg pos:0.5058636773112252 neg:0.49413632268877483 
cv978_22192.txt neg pos:0.5166163822888384 neg:0.48338361771116156 
cv525_17930.txt neg pos:0.5164169527410961 neg:0.4835830472589039 
cv380_8164.txt neg pos:0.5067212234774956 neg:0.49327877652250435 
cv252_24974.txt neg pos:0.5082339200753295 neg:0.49176607992467053 
cv620_2556.txt neg pos:0.5188237496224881 neg:0.4811762503775118 
cv494_18689.txt neg pos:0.5167744775406193 neg:0.4832255224593807 
cv669_24318.txt neg pos:0.5107277829653007 neg:0.48927221703469925 
cv773_20264.txt neg pos:0.5183119558841721 neg:0.4816880441158279 
cv305_9937.txt neg pos:0.5049411686374412 neg:0.4950588313625588 
cv121_18621.txt neg pos:0.5067692652757257 neg:0.49323073472427426 
cv619_13677.txt neg pos:0.5273123571866808 neg:0.47268764281331926 
cv360_8927.txt neg pos:0.507107815286432 neg:0.49289218471356794 
cv028_26964.txt neg pos:0.5136486078394901 neg:0.48635139216050993 
cv964_5794.txt neg pos:0.5092104599697045 neg:0.4907895400302954 
cv169_24973.txt neg pos:0.5047017318896588 neg:0.49529826811034117 
cv661_25780.txt neg pos:0.5062228718788989 neg:0.493777128121101 
cv148_18084.txt neg pos:0.5036074201294714 neg:0.4963925798705287 
cv916_17034.txt neg pos:0.5061231824304858 neg:0.49387681756951407 
cv646_16817.txt neg pos:0.5377359339542155 neg:0.4622640660457844 
cv393_29234.txt neg pos:0.5158507988564087 neg:0.4841492011435912 
cv560_18608.txt neg pos:0.516250149794672 neg:0.48374985020532796 
cv957_9059.txt neg pos:0.5043009735813189 neg:0.49569902641868124 
cv696_29619.txt neg pos:0.5120842109736352 neg:0.4879157890263648 
cv497_27086.txt neg pos:0.5146748809252405 neg:0.4853251190747596 
cv454_21961.txt neg pos:0.5214909168536915 neg:0.4785090831463085 
cv224_18875.txt neg pos:0.5126860401486295 neg:0.4873139598513705 
cv218_25651.txt neg pos:0.5002205864158282 neg:0.4997794135841717 
cv031_19540.txt neg pos:0.5142307344761342 neg:0.48576926552386573 
cv132_5423.txt neg pos:0.5056676896373475 neg:0.49433231036265246 
cv707_11421.txt neg pos:0.5070690172685807 neg:0.49293098273141933 
cv947_11316.txt neg pos:0.5023760577514348 neg:0.49762394224856527 
cv538_28485.txt neg pos:0.5120559581357421 neg:0.48794404186425794 
cv486_9788.txt neg pos:0.5087360030093495 neg:0.4912639969906505 
cv728_17931.txt neg pos:0.5127870377825597 neg:0.4872129622174403 
cv883_27621.txt neg pos:0.5066011782607907 neg:0.49339882173920946 
cv886_19210.txt neg pos:0.5127547198754215 neg:0.48724528012457846 
cv750_10606.txt neg pos:0.5063527842312563 neg:0.4936472157687437 
cv355_18174.txt neg pos:0.5037211248987207 neg:0.49627887510127927 
cv884_15230.txt neg pos:0.5150340341261263 neg:0.4849659658738737 
cv887_5306.txt neg pos:0.5056057172634602 neg:0.49439428273653985 
cv103_11943.txt neg pos:0.5149343886334817 neg:0.4850656113665182 
cv641_13412.txt neg pos:0.5178688059120864 neg:0.48213119408791355 
cv890_3515.txt neg pos:0.5157763409234025 neg:0.4842236590765976 
cv709_11173.txt neg pos:0.5196532592849069 neg:0.48034674071509315 
cv547_18043.txt neg pos:0.5080773548425415 neg:0.49192264515745854 
cv480_21195.txt neg pos:0.5131320528485445 neg:0.4868679471514556 
cv333_9443.txt neg pos:0.521183867566529 neg:0.478816132433471 
cv119_9909.txt neg pos:0.5058247074933353 neg:0.49417529250666475 
cv811_22646.txt neg pos:0.506642716885653 neg:0.49335728311434707 
cv611_2253.txt neg pos:0.5095723765675779 neg:0.490427623432422 
cv569_26750.txt neg pos:0.5239697588235473 neg:0.47603024117645265 
cv304_28489.txt neg pos:0.5104703222361885 neg:0.4895296777638115 
cv722_7571.txt neg pos:0.5176351079627626 neg:0.4823648920372373 
cv805_21128.txt neg pos:0.5112186993963492 neg:0.48878130060365066 
cv161_12224.txt neg pos:0.5228552847231202 neg:0.4771447152768798 
cv901_11934.txt neg pos:0.5049140596460723 neg:0.4950859403539277 
cv584_29549.txt neg pos:0.5069489862705404 neg:0.49305101372945953 
cv093_15606.txt neg pos:0.5054674023284245 neg:0.4945325976715755 
cv236_11565.txt pos pos:0.5166030628206378 neg:0.48339693717936216 
cv313_18198.txt pos pos:0.5253786199226496 neg:0.47462138007735044 
cv911_20260.txt pos pos:0.5205997054638546 neg:0.47940029453614547 
cv148_16345.txt pos pos:0.5216069165290899 neg:0.4783930834709102 
cv912_5674.txt pos pos:0.5118633217848665 neg:0.4881366782151335 
cv396_17989.txt pos pos:0.5168791448118556 neg:0.4831208551881444 
cv840_16321.txt pos pos:0.5150466610291887 neg:0.48495333897081133 
cv930_13475.txt pos pos:0.5275055939021179 neg:0.47249440609788207 
cv341_24430.txt pos pos:0.5243927932225736 neg:0.47560720677742635 
cv452_5088.txt pos pos:0.5133226086900875 neg:0.4866773913099125 
cv965_26071.txt pos pos:0.515409099863026 neg:0.4845909001369741 
cv509_15888.txt pos pos:0.5287274076610642 neg:0.47127259233893587 
cv451_10690.txt pos pos:0.5198085529116003 neg:0.4801914470883997 
cv672_28083.txt pos pos:0.5232902632716165 neg:0.47670973672838346 
cv460_10842.txt pos pos:0.5084184853185504 neg:0.49158151468144967 
cv363_29332.txt pos pos:0.5149895091147455 neg:0.4850104908852545 
cv135_11603.txt pos pos:0.5149391505671042 neg:0.48506084943289585 
cv720_5389.txt pos pos:0.5182978147508067 neg:0.48170218524919334 
cv887_5126.txt pos pos:0.5254191136578586 neg:0.4745808863421413 
cv080_13465.txt pos pos:0.5105268256221667 neg:0.4894731743778334 
cv471_16858.txt pos pos:0.5122711350462285 neg:0.4877288649537715 
cv354_8132.txt pos pos:0.5158816953005992 neg:0.4841183046994008 
cv523_16615.txt pos pos:0.5165748562475873 neg:0.48342514375241274 
cv021_15838.txt pos pos:0.5108127387986426 neg:0.48918726120135736 
cv625_12440.txt pos pos:0.5022131247004327 neg:0.4977868752995674 
cv789_12136.txt pos pos:0.5162777564158343 neg:0.4837222435841657 
cv706_24716.txt pos pos:0.536106509805974 neg:0.46389349019402604 
cv213_18934.txt pos pos:0.505179109805797 neg:0.49482089019420283 
cv506_15956.txt pos pos:0.5579615412594094 neg:0.44203845874059056 
cv638_2953.txt pos pos:0.5559560142884407 neg:0.4440439857115594 
cv230_7428.txt pos neg:0.50164887458433 pos:0.49835112541566984 
cv639_10308.txt pos pos:0.5386374665312441 neg:0.4613625334687559 
cv226_2618.txt pos pos:0.5119185580067523 neg:0.48808144199324766 
cv946_18658.txt pos pos:0.5710814726532615 neg:0.4289185273467384 
cv374_25436.txt pos pos:0.5119966438320347 neg:0.4880033561679652 
cv013_10159.txt pos pos:0.5087646722112785 neg:0.4912353277887215 
cv831_14689.txt pos pos:0.5127844861943024 neg:0.48721551380569766 
cv266_25779.txt pos pos:0.5159753172294099 neg:0.4840246827705901 
cv687_21100.txt pos pos:0.5163779617767665 neg:0.4836220382232335 
cv979_18921.txt pos pos:0.5226227926114203 neg:0.4773772073885797 
cv180_16113.txt pos pos:0.512807628690834 neg:0.487192371309166 
cv686_13900.txt pos pos:0.5054076580421072 neg:0.4945923419578928 
cv498_8832.txt pos pos:0.5080053741415479 neg:0.4919946258584521 
cv174_9659.txt pos pos:0.5130731359571289 neg:0.4869268640428711 
cv961_5682.txt pos pos:0.5146815049834609 neg:0.48531849501653906 
cv275_28887.txt pos pos:0.5285747856041116 neg:0.47142521439588836 
cv728_16133.txt pos pos:0.5254526666895192 neg:0.4745473333104809 
cv431_7085.txt pos pos:0.5117046420538542 neg:0.4882953579461458 
cv060_10844.txt pos pos:0.5369494863724386 neg:0.4630505136275615 
cv320_9530.txt pos pos:0.5338311704643728 neg:0.4661688295356272 
cv630_10057.txt pos pos:0.5195018840686978 neg:0.48049811593130226 
cv197_29328.txt pos pos:0.508112450940833 neg:0.49188754905916693 
cv105_17990.txt pos pos:0.5266001781163236 neg:0.47339982188367635 
cv793_13650.txt pos pos:0.5186949518787138 neg:0.48130504812128616 
cv029_18643.txt pos pos:0.5256493616538339 neg:0.4743506383461661 
cv778_17330.txt pos pos:0.5132522638570598 neg:0.4867477361429402 
cv737_28907.txt pos pos:0.5212238305468031 neg:0.47877616945319684 
cv499_10658.txt pos pos:0.5155403335278455 neg:0.4844596664721546 
cv612_5461.txt pos pos:0.5308241604924565 neg:0.4691758395075435 
cv721_29121.txt pos pos:0.515935588113178 neg:0.48406441188682203 
cv088_24113.txt pos pos:0.5139073121082216 neg:0.4860926878917784 
cv014_13924.txt pos pos:0.5344349231059549 neg:0.4655650768940451 
cv456_18985.txt pos pos:0.5165169778805482 neg:0.48348302211945177 
cv058_8025.txt pos pos:0.5113595604377781 neg:0.4886404395622219 
cv875_5754.txt pos pos:0.5160425381335954 neg:0.4839574618664046 
cv850_16466.txt pos pos:0.5085032177186372 neg:0.49149678228136284 
cv188_19226.txt pos pos:0.5086203905529154 neg:0.49137960944708453 
cv466_18722.txt pos pos:0.5141854531659221 neg:0.485814546834078 
cv042_10982.txt pos pos:0.5167503857888324 neg:0.48324961421116774 
cv654_18246.txt pos pos:0.5256687660546372 neg:0.4743312339453627 
cv208_9020.txt pos pos:0.5141705372802414 neg:0.48582946271975863 
cv568_15638.txt pos pos:0.5113498988270571 neg:0.48865010117294294 
cv769_8123.txt pos pos:0.5257503739551282 neg:0.4742496260448718 
cv854_17740.txt pos pos:0.5156461756624733 neg:0.4843538243375266 
cv575_21150.txt pos pos:0.5099632515745638 neg:0.4900367484254362 
cv224_17661.txt pos pos:0.5214150568368131 neg:0.4785849431631869 
cv985_6359.txt pos pos:0.5203133923044883 neg:0.4796866076955118 
cv383_13116.txt pos pos:0.5134159290901397 neg:0.48658407090986033 
cv336_10143.txt pos pos:0.5240305886919832 neg:0.4759694113080169 
cv707_10678.txt pos pos:0.5276964039438135 neg:0.4723035960561865 
cv759_13522.txt pos pos:0.5128228878424275 neg:0.48717711215757253 
cv539_20347.txt pos pos:0.5061567474516417 neg:0.4938432525483583 
cv975_10981.txt pos pos:0.5294269670761934 neg:0.4705730329238067 
cv034_29647.txt pos pos:0.5150808013696212 neg:0.48491919863037874 
cv844_12690.txt pos pos:0.5256390529730725 neg:0.47436094702692744 
cv893_26269.txt pos pos:0.5205208957783107 neg:0.4794791042216894 
cv595_25335.txt pos pos:0.5243891796860581 neg:0.4756108203139419 
cv712_22920.txt pos pos:0.5124198708745117 neg:0.4875801291254884 
cv390_11345.txt pos pos:0.5100528854807843 neg:0.48994711451921574 
cv765_19037.txt pos pos:0.5591712374978742 neg:0.44082876250212577 
cv023_12672.txt pos pos:0.5214459062731451 neg:0.4785540937268549 
cv797_6957.txt pos pos:0.5002627160182552 neg:0.49973728398174466 
cv997_5046.txt pos pos:0.5403182750746758 neg:0.4596817249253242 
cv301_12146.txt pos pos:0.5132230458585274 neg:0.4867769541414726 
cv603_17694.txt pos pos:0.5210066102429158 neg:0.4789933897570841 
cv989_15824.txt pos pos:0.5269947457690104 neg:0.47300525423098966 
cv571_29366.txt pos pos:0.5264523788424148 neg:0.4735476211575853 
cv927_10681.txt pos pos:0.520082092339556 neg:0.47991790766044395 
cv962_9803.txt pos pos:0.5147447101981828 neg:0.48525528980181726 
cv541_28835.txt pos pos:0.5097603065174192 neg:0.49023969348258084 
Trial 0 Trainer MaxEntTrainer,gaussianPriorVariance=1.0 Training Data Confusion Matrix
Confusion Matrix, row=true, column=predicted  accuracy=0.5016666666666667
  label   0   1  |total
  0 neg   4 896  |900
  1 pos   1 899  |900

Trial 0 Trainer MaxEntTrainer,gaussianPriorVariance=1.0 training data accuracy= 0.5016666666666667
Trial 0 Trainer MaxEntTrainer,gaussianPriorVariance=1.0 Test Data Confusion Matrix
Confusion Matrix, row=true, column=predicted  accuracy=0.495
  label   0   1  |total
  0 neg   . 100  |100
  1 pos   1  99  |100

Trial 0 Trainer MaxEntTrainer,gaussianPriorVariance=1.0 test data accuracy= 0.495

MaxEntTrainer,gaussianPriorVariance=1.0
Summary. train accuracy mean = 0.5016666666666667 stddev = 0.0 stderr = 0.0
Summary. test accuracy mean = 0.495 stddev = 0.0 stderr = 0.0
