Training vectors loaded from ../output/imdb_trigram/train.3.vectors
Testing vectors loaded from ../output/imdb_trigram/test.3.vectors
Value (labelProb=1247.6649250078444 prior=0.0) loglikelihood = -1247.6649250078444Value (labelProb=210716.78254112144 prior=0.4999999999998112) loglikelihood = -210717.28254112144Value (labelProb=21072.51814420185 prior=0.005000000000003922) loglikelihood = -21072.523144201852Value (labelProb=10539.44034331008 prior=0.0012500000000009806) loglikelihood = -10539.441593310079Value (labelProb=5294.750786846913 prior=3.12500000000245E-4) loglikelihood = -5294.751099346913   Value (labelProb=2768.957702222045 prior=7.812500000006111E-5) loglikelihood = -2768.957780347045Value (labelProb=1700.2243037760077 prior=1.9531250000015247E-5) loglikelihood = -1700.2243233072577Value (labelProb=1344.643263064444 prior=4.8828125000037965E-6) loglikelihood = -1344.6432679472564 Value (labelProb=1255.5278804892052 prior=1.2207031250009407E-6) loglikelihood = -1255.5278817099083Value (labelProb=1240.6159181497096 prior=3.0517578125023125E-7) loglikelihood = -1240.6159184548853Value (labelProb=1240.6159181497096 prior=3.0517578125023125E-7) loglikelihood = -1240.6159184548853
EXITING BACKTRACK: Jump too small (alamin=0.0017304474983835007). Exiting and using xold. Value=-1240.6159184548853
cc.mallet.optimize.OptimizationException: Line search could not step in the current direction. (This is not necessarily cause for alarm. Sometimes this happens close to the maximum, where the function may be very flat.)
	at cc.mallet.optimize.LimitedMemoryBFGS.optimize(LimitedMemoryBFGS.java:231)
	at cc.mallet.classify.MaxEntTrainer.train(MaxEntTrainer.java:252)
	at cc.mallet.classify.MaxEntTrainer.train(MaxEntTrainer.java:242)
	at cc.mallet.classify.MaxEntTrainer.train(MaxEntTrainer.java:52)
	at cc.mallet.classify.tui.Vectors2Classify.main(Vectors2Classify.java:411)
Catching OptimizationException; saying converged.
Value (labelProb=194419.30367227498 prior=0.49968014545969686) loglikelihood = -194419.80335242045Value (labelProb=19261.78460220923 prior=0.004968289204174203) loglikelihood = -19261.789570498437Value (labelProb=9536.703369620005 prior=0.0012342971899777153) loglikelihood = -9536.704603917195Value (labelProb=4716.944054849532 prior=3.048011828794806E-4) loglikelihood = -4716.944359650715 Value (labelProb=2461.923946111155 prior=7.442817933037066E-5) loglikelihood = -2461.9240205393344Value (labelProb=1577.6778948384278 prior=1.783542755580978E-5) loglikelihood = -1577.6779126738554Value (labelProb=1310.886616813376 prior=4.187489168529664E-6) loglikelihood = -1310.886621000865  Value (labelProb=1248.2669694509052 prior=1.025629349889899E-6) loglikelihood = -1248.2669704765347Value (labelProb=1237.469030076466 prior=3.602267843199448E-7) loglikelihood = -1237.4690304366927 Value (labelProb=1237.469030076466 prior=3.602267843199448E-7) loglikelihood = -1237.4690304366927
EXITING BACKTRACK: Jump too small (alamin=0.001066877918767467). Exiting and using xold. Value=-1237.4690304366927
cc.mallet.optimize.OptimizationException: Line search could not step in the current direction. (This is not necessarily cause for alarm. Sometimes this happens close to the maximum, where the function may be very flat.)
	at cc.mallet.optimize.LimitedMemoryBFGS.optimize(LimitedMemoryBFGS.java:231)
	at cc.mallet.optimize.LimitedMemoryBFGS.optimize(LimitedMemoryBFGS.java:93)
	at cc.mallet.classify.MaxEntTrainer.train(MaxEntTrainer.java:274)
	at cc.mallet.classify.MaxEntTrainer.train(MaxEntTrainer.java:242)
	at cc.mallet.classify.MaxEntTrainer.train(MaxEntTrainer.java:52)
	at cc.mallet.classify.tui.Vectors2Classify.main(Vectors2Classify.java:411)
Catching OptimizationException; saying converged.

