
-------------------- Trial 0  --------------------

Trial 0 Training NaiveBayesTrainer with 1800 instances
Trial 0 Training NaiveBayesTrainer finished
Trial 0 Trainer NaiveBayesTrainer
 Raw Testing Data
cv829_21725.txt neg neg:1.0 pos:2.638674564956247E-72 
cv128_29444.txt neg neg:1.0 pos:7.980273111600667E-52 
cv341_25667.txt neg neg:1.0 pos:3.7557352689136193E-106 
cv192_16079.txt neg neg:1.0 pos:6.390954051021936E-48 
cv510_24758.txt neg neg:1.0 pos:2.087939686030226E-60 
cv695_22268.txt neg neg:1.0 pos:6.244790781158708E-33 
cv767_15673.txt neg pos:1.0 neg:1.0101582495489253E-58 
cv490_18986.txt neg neg:1.0 pos:2.0389738907816803E-47 
cv697_12106.txt neg pos:1.0 neg:7.811563408063906E-83 
cv398_17047.txt neg neg:1.0 pos:5.679185718196575E-32 
cv409_29625.txt neg neg:0.9999999454922425 pos:5.4507757596857617E-8 
cv147_22625.txt neg neg:0.9999999999999774 pos:2.266943586284417E-14 
cv839_22807.txt neg neg:1.0 pos:8.86134020908971E-94 
cv787_15277.txt neg neg:1.0 pos:1.6071186124930356E-54 
cv593_11931.txt neg neg:1.0 pos:1.1512256778340083E-92 
cv590_20712.txt neg neg:1.0 pos:4.2661237662186234E-41 
cv870_18090.txt neg neg:1.0 pos:1.5302405171904527E-35 
cv057_7962.txt neg neg:0.9565262913843797 pos:0.04347370861562029 
cv753_11812.txt neg neg:1.0 pos:1.602994355359048E-80 
cv292_7804.txt neg neg:1.0 pos:8.591260824589777E-104 
cv637_13682.txt neg neg:1.0 pos:3.8593201518254774E-45 
cv027_26270.txt neg neg:1.0 pos:3.692557392718561E-89 
cv589_12853.txt neg neg:1.0 pos:2.3347024203169013E-23 
cv212_10054.txt neg neg:1.0 pos:7.869980513367278E-120 
cv693_19147.txt neg pos:0.5361005518021076 neg:0.46389944819789236 
cv528_11669.txt neg pos:0.6721600731015714 neg:0.32783992689842845 
cv009_29417.txt neg neg:1.0 pos:1.3717352832793475E-79 
cv778_18629.txt neg neg:1.0 pos:6.0042791745696185E-21 
cv717_17472.txt neg neg:1.0 pos:2.4741213701176036E-63 
cv828_21392.txt neg neg:1.0 pos:8.266247285506215E-39 
cv280_8651.txt neg neg:1.0 pos:1.8470601657195957E-22 
cv067_21192.txt neg neg:1.0 pos:4.340903479896194E-31 
cv272_20313.txt neg neg:1.0 pos:2.2350939863951056E-47 
cv925_9459.txt neg neg:1.0 pos:2.049326867452813E-83 
cv412_25254.txt neg neg:1.0 pos:1.3334359521731753E-165 
cv616_29187.txt neg pos:1.0 neg:2.9246729957479365E-24 
cv041_22364.txt neg pos:0.9999999999680067 neg:3.199321098514092E-11 
cv934_20426.txt neg neg:1.0 pos:2.3113973707546215E-78 
cv122_7891.txt neg neg:1.0 pos:3.7961238175342925E-67 
cv249_12674.txt neg neg:1.0 pos:1.1009685913014281E-48 
cv888_25678.txt neg neg:1.0 pos:4.999958887139742E-19 
cv262_13812.txt neg pos:1.0 neg:4.036444609492936E-24 
cv294_12695.txt neg neg:1.0 pos:7.07231498110928E-39 
cv403_6721.txt neg neg:1.0 pos:1.1829257515906787E-74 
cv306_10859.txt neg neg:1.0 pos:2.3803897461028126E-30 
cv159_29374.txt neg neg:1.0 pos:1.635144478878086E-19 
cv023_13847.txt neg neg:1.0 pos:5.423330648557856E-24 
cv685_5710.txt neg neg:1.0 pos:1.1668842158140307E-42 
cv512_17618.txt neg neg:1.0 pos:1.08157673085563E-51 
cv639_10797.txt neg pos:1.0 neg:2.1803877955906293E-107 
cv243_22164.txt neg pos:1.0 neg:4.2714122805047826E-58 
cv653_2107.txt neg neg:1.0 pos:4.477525887750094E-71 
cv485_26879.txt neg neg:1.0 pos:3.4686372172381113E-37 
cv068_14810.txt neg neg:0.9999999999999996 pos:3.582105007651303E-16 
cv404_21805.txt neg neg:1.0 pos:4.425916895074983E-32 
cv113_24354.txt neg neg:1.0 pos:7.514125560867284E-71 
cv597_26744.txt neg neg:1.0 pos:1.5166450041240596E-112 
cv266_26644.txt neg neg:1.0 pos:1.7878979826320351E-22 
cv455_28866.txt neg neg:0.8019108705651832 pos:0.19808912943481682 
cv440_16891.txt neg neg:1.0 pos:6.834440083021043E-35 
cv506_17521.txt neg neg:0.9998321960172847 pos:1.6780398271520783E-4 
cv032_23718.txt neg pos:1.0 neg:5.26915112201691E-45 
cv055_8926.txt neg neg:0.9999999999952105 pos:4.78950913712585E-12 
cv971_11790.txt neg neg:1.0 pos:5.80670510353475E-39 
cv179_9533.txt neg neg:1.0 pos:2.21652329858579E-37 
cv893_26731.txt neg neg:1.0 pos:2.788979465305619E-85 
cv042_11927.txt neg pos:1.0 neg:6.53104187635194E-48 
cv989_17297.txt neg neg:1.0 pos:3.856077978093533E-34 
cv003_12683.txt neg neg:1.0 pos:8.065030535215501E-19 
cv857_17527.txt neg neg:1.0 pos:1.261093234785927E-24 
cv606_17672.txt neg pos:1.0 neg:1.7861770756011884E-17 
cv797_7245.txt neg neg:1.0 pos:1.4111419196100956E-22 
cv866_29447.txt neg neg:1.0 pos:3.898738738559249E-32 
cv125_9636.txt neg neg:1.0 pos:2.931108834874223E-57 
cv086_19488.txt neg pos:1.0 neg:1.5545077047376894E-38 
cv605_12730.txt neg pos:0.9999999998683511 neg:1.3164881727283908E-10 
cv941_10718.txt neg pos:0.9999999999999976 neg:2.374512356380632E-15 
cv193_5393.txt neg pos:0.9798027444848856 neg:0.0201972555151143 
cv184_26935.txt neg neg:1.0 pos:3.438088281868899E-55 
cv045_25077.txt neg neg:1.0 pos:9.448475554627202E-80 
cv914_2856.txt neg neg:1.0 pos:4.5199915417623547E-70 
cv630_10152.txt neg neg:1.0 pos:8.421056410091555E-114 
cv239_29828.txt neg neg:1.0 pos:2.20358490397065E-21 
cv336_10363.txt neg neg:1.0 pos:1.3875398182086671E-22 
cv372_6654.txt neg neg:1.0 pos:8.474193099458928E-33 
cv204_8930.txt neg neg:1.0 pos:5.25413973399469E-57 
cv395_11761.txt neg neg:1.0 pos:5.4612853400842325E-37 
cv815_23466.txt neg neg:1.0 pos:9.061260396941792E-53 
cv520_13297.txt neg neg:1.0 pos:8.986479482656922E-37 
cv651_11120.txt neg neg:1.0 pos:5.364602768259747E-40 
cv508_17742.txt neg neg:1.0 pos:5.285043338942136E-19 
cv079_12766.txt neg neg:1.0 pos:4.3687242728791353E-163 
cv752_25330.txt neg pos:0.9853445736757968 neg:0.014655426324203278 
cv629_16604.txt neg neg:1.0 pos:3.0317295023217436E-43 
cv556_16563.txt neg neg:1.0 pos:2.9385286260056028E-36 
cv907_3193.txt neg neg:1.0 pos:5.990975126899399E-20 
cv977_4776.txt neg neg:1.0 pos:1.2679100267890346E-39 
cv776_21934.txt neg neg:1.0 pos:3.0245787674703734E-27 
cv080_14899.txt neg neg:1.0 pos:2.6473536511857155E-28 
cv074_7188.txt neg neg:1.0 pos:2.337324108396865E-78 
cv598_16452.txt pos pos:1.0 neg:2.5253765047519884E-17 
cv412_24095.txt pos pos:1.0 neg:2.8991229920149128E-24 
cv351_15458.txt pos pos:1.0 neg:9.21576245187589E-79 
cv641_12349.txt pos pos:1.0 neg:8.938512776867562E-28 
cv798_23531.txt pos pos:1.0 neg:1.3322021264096069E-18 
cv524_23627.txt pos pos:1.0 neg:1.6509949803008486E-28 
cv626_7410.txt pos pos:1.0 neg:3.7565218454269684E-58 
cv688_7368.txt pos pos:1.0 neg:8.216164697951589E-42 
cv152_8736.txt pos pos:0.9999999954897114 neg:4.5102886579628274E-9 
cv784_14394.txt pos pos:0.9999999999999729 neg:2.7159234074750626E-14 
cv162_10424.txt pos pos:1.0 neg:1.951116508657016E-42 
cv284_19119.txt pos pos:1.0 neg:2.0767319257904792E-60 
cv206_14293.txt pos pos:1.0 neg:1.5642911674715105E-260 
cv288_18791.txt pos pos:1.0 neg:3.3194911587001735E-25 
cv731_4136.txt pos pos:1.0 neg:1.5105966923228227E-68 
cv090_0042.txt pos pos:0.9999920997269626 neg:7.900273037468476E-6 
cv377_7946.txt pos pos:1.0 neg:5.029437287403927E-25 
cv238_12931.txt pos pos:0.9997335212572339 neg:2.664787427660551E-4 
cv110_27788.txt pos neg:1.0 pos:2.312675173450681E-98 
cv005_29443.txt pos pos:1.0 neg:2.93880530988662E-224 
cv443_21118.txt pos neg:1.0 pos:1.3182366584223687E-52 
cv276_15684.txt pos pos:0.9999999999997926 neg:2.0738295916228186E-13 
cv369_12886.txt pos pos:1.0 neg:8.830943886038939E-132 
cv640_5378.txt pos pos:1.0 neg:2.345881732030548E-17 
cv311_16002.txt pos pos:1.0 neg:3.7305929822025794E-41 
cv218_24352.txt pos pos:1.0 neg:1.1202930301595915E-18 
cv392_11458.txt pos neg:0.9999999825929787 pos:1.740702139740445E-8 
cv543_5045.txt pos pos:1.0 neg:1.8141177622263652E-19 
cv225_29224.txt pos pos:1.0 neg:1.0452822920124086E-50 
cv118_28980.txt pos neg:1.0 pos:1.6005180213892615E-57 
cv876_9390.txt pos pos:0.9998298815407686 neg:1.7011845923155575E-4 
cv764_11739.txt pos pos:0.9994341042305773 neg:5.658957694226617E-4 
cv987_6965.txt pos neg:0.9999987324718081 pos:1.2675281917896499E-6 
cv914_28742.txt pos pos:0.9999428668780932 neg:5.713312190676106E-5 
cv569_26381.txt pos pos:1.0 neg:2.331616528407342E-50 
cv329_29370.txt pos pos:0.9999999952421172 neg:4.757882636502162E-9 
cv109_21172.txt pos pos:1.0 neg:2.4273650243260046E-31 
cv257_10975.txt pos pos:0.9996530895455878 neg:3.4691045441200485E-4 
cv787_13743.txt pos neg:0.9999999998845834 pos:1.1541659819577284E-10 
cv282_6653.txt pos neg:1.0 pos:2.8348025786536304E-33 
cv479_5649.txt pos neg:0.9998786736625599 pos:1.2132633743999502E-4 
cv751_15719.txt pos pos:1.0 neg:2.74184121357539E-116 
cv199_9629.txt pos pos:1.0 neg:6.621694430802007E-41 
cv810_12458.txt pos pos:1.0 neg:2.210155760183675E-95 
cv326_13295.txt pos pos:0.9999999999999172 neg:8.278100884913278E-14 
cv381_20172.txt pos pos:1.0 neg:3.1792648636962543E-71 
cv570_29082.txt pos neg:0.9999994994062132 pos:5.005937866293368E-7 
cv445_25882.txt pos pos:1.0 neg:2.4559996760399253E-105 
cv803_8207.txt pos pos:1.0 neg:5.32196294202682E-159 
cv355_16413.txt pos pos:1.0 neg:1.658067439873227E-150 
cv366_10221.txt pos pos:0.9999999999867899 neg:1.3210206975680558E-11 
cv752_24155.txt pos pos:1.0 neg:5.55130579600146E-73 
cv726_4719.txt pos pos:1.0 neg:9.275452904478838E-21 
cv748_12786.txt pos pos:1.0 neg:6.4221044658821215E-22 
cv702_11500.txt pos neg:1.0 pos:9.888273768857053E-68 
cv781_5262.txt pos pos:1.0 neg:1.3864091714953116E-49 
cv507_9220.txt pos neg:1.0 pos:4.1431678101052244E-27 
cv849_15729.txt pos pos:1.0 neg:1.5192856393623978E-30 
cv978_20929.txt pos neg:1.0 pos:5.876003391636171E-31 
cv158_10390.txt pos pos:1.0 neg:1.598098361420691E-76 
cv826_11834.txt pos pos:1.0 neg:1.0213039628023194E-84 
cv675_21588.txt pos pos:1.0 neg:4.6287212518372495E-95 
cv328_10373.txt pos pos:1.0 neg:1.6457387111481006E-155 
cv618_8974.txt pos pos:1.0 neg:5.165194482520876E-39 
cv546_11767.txt pos pos:1.0 neg:4.817585848560126E-18 
cv462_19350.txt pos pos:0.9999999999999907 neg:9.407591063796498E-15 
cv560_17175.txt pos pos:1.0 neg:4.958896645293637E-78 
cv926_17059.txt pos pos:1.0 neg:2.5423198982017723E-37 
cv039_6170.txt pos pos:1.0 neg:6.393812469565585E-20 
cv435_23110.txt pos pos:1.0 neg:3.4864696714535385E-24 
cv529_10420.txt pos pos:1.0 neg:3.4244342944047105E-85 
cv419_13394.txt pos neg:1.0 pos:1.3652272560677434E-37 
cv094_27889.txt pos pos:1.0 neg:2.1829707794307197E-89 
cv817_4041.txt pos neg:1.0 pos:8.157894056412565E-32 
cv004_11636.txt pos neg:1.0 pos:1.3090718531473309E-20 
cv432_14224.txt pos neg:1.0 pos:6.555572828433748E-28 
cv201_6997.txt pos pos:1.0 neg:3.8551382004759284E-30 
cv684_11798.txt pos pos:1.0 neg:8.122223134024216E-50 
cv656_24201.txt pos pos:1.0 neg:2.0743949936084423E-19 
cv037_18510.txt pos pos:1.0 neg:2.162886185812196E-121 
cv824_8838.txt pos pos:1.0 neg:1.5083701375114339E-100 
cv901_11017.txt pos neg:0.9997856205749355 pos:2.1437942506450584E-4 
cv910_20488.txt pos pos:1.0 neg:1.636697017244558E-80 
cv563_17257.txt pos pos:1.0 neg:9.212160107427089E-43 
cv578_15094.txt pos neg:1.0 pos:7.475985414282795E-55 
cv261_10954.txt pos pos:1.0 neg:2.3314447041545214E-104 
cv271_13837.txt pos pos:1.0 neg:8.693690664254375E-33 
cv139_12873.txt pos pos:0.9999999996438416 neg:3.561583349026663E-10 
cv953_6836.txt pos pos:1.0 neg:3.66617900749664E-74 
cv505_12090.txt pos pos:1.0 neg:8.66362839495831E-119 
cv022_12864.txt pos neg:1.0 pos:2.444336194278174E-26 
cv937_9811.txt pos neg:0.9999999874142872 pos:1.2585712822580943E-8 
cv459_20319.txt pos pos:0.9755487880702397 neg:0.0244512119297603 
cv610_2287.txt pos neg:0.9999897193782469 pos:1.0280621753079475E-5 
cv644_17154.txt pos pos:1.0 neg:3.3425377132564875E-73 
cv144_5007.txt pos pos:1.0 neg:1.0711028590726407E-38 
cv337_29181.txt pos pos:1.0 neg:1.1068941800881721E-126 
cv274_25253.txt pos pos:1.0 neg:3.9117957173871376E-199 
cv364_12901.txt pos pos:1.0 neg:1.8246010642157228E-36 
cv182_7281.txt pos pos:0.999999252907762 neg:7.4709223798573E-7 
Trial 0 Trainer NaiveBayesTrainer Training Data Confusion Matrix
Confusion Matrix, row=true, column=predicted  accuracy=0.9844444444444445
  label   0   1  |total
  0 neg 894   6  |900
  1 pos  22 878  |900

Trial 0 Trainer NaiveBayesTrainer training data accuracy= 0.9844444444444445
Trial 0 Trainer NaiveBayesTrainer Test Data Confusion Matrix
Confusion Matrix, row=true, column=predicted  accuracy=0.81
  label   0   1  |total
  0 neg  83  17  |100
  1 pos  21  79  |100

Trial 0 Trainer NaiveBayesTrainer test data accuracy= 0.81

NaiveBayesTrainer
Summary. train accuracy mean = 0.9844444444444445 stddev = 0.0 stderr = 0.0
Summary. test accuracy mean = 0.81 stddev = 0.0 stderr = 0.0
