
-------------------- Trial 0  --------------------

Trial 0 Training NaiveBayesTrainer with 1800 instances
Trial 0 Training NaiveBayesTrainer finished
Trial 0 Trainer NaiveBayesTrainer
 Raw Testing Data
cv921_13988.txt neg neg:1.0 pos:1.3334294320688067E-78 
cv029_19943.txt neg neg:0.9999999999995748 pos:4.2526827140109496E-13 
cv897_11703.txt neg neg:1.0 pos:6.931386578509383E-53 
cv257_11856.txt neg neg:1.0 pos:3.138483544939722E-17 
cv640_5380.txt neg neg:1.0 pos:1.8354445130916655E-35 
cv949_21565.txt neg neg:1.0 pos:1.3054115683543135E-117 
cv524_24885.txt neg pos:1.0 neg:6.091887123118682E-42 
cv514_12173.txt neg neg:1.0 pos:7.171382627526188E-88 
cv021_17313.txt neg pos:0.9803080663980595 neg:0.019691933601940517 
cv895_22200.txt neg neg:1.0 pos:1.2711655218119148E-35 
cv150_14279.txt neg neg:1.0 pos:1.302970041889667E-79 
cv933_24953.txt neg neg:1.0 pos:1.1723778538016467E-45 
cv335_16299.txt neg neg:1.0 pos:2.6649824712244626E-89 
cv544_5301.txt neg neg:1.0 pos:9.813043753629476E-39 
cv999_14636.txt neg neg:1.0 pos:6.473582902314038E-31 
cv245_8938.txt neg neg:1.0 pos:1.1911818943505232E-57 
cv185_28372.txt neg neg:1.0 pos:7.974006442331883E-24 
cv801_26335.txt neg neg:0.9999999996235274 pos:3.7647270920978833E-10 
cv284_20530.txt neg pos:0.9999999982521655 neg:1.7478345799594494E-9 
cv108_17064.txt neg neg:1.0 pos:1.1124424328588499E-29 
cv018_21672.txt neg neg:0.9999999999999127 pos:8.727982343075798E-14 
cv788_26409.txt neg neg:1.0 pos:6.243923782220687E-41 
cv216_20165.txt neg neg:1.0 pos:1.6689101688092209E-22 
cv716_11153.txt neg neg:1.0 pos:1.7756698352397924E-43 
cv723_9002.txt neg neg:1.0 pos:5.521041002191711E-46 
cv692_17026.txt neg neg:1.0 pos:1.6806006337513923E-58 
cv450_8319.txt neg neg:1.0 pos:1.736330817177783E-26 
cv202_11382.txt neg neg:1.0 pos:9.679789501639693E-135 
cv632_9704.txt neg neg:1.0 pos:7.493276369145764E-28 
cv376_20883.txt neg neg:1.0 pos:8.196837871133577E-24 
cv587_20532.txt neg neg:1.0 pos:2.6543642962690356E-70 
cv929_1841.txt neg neg:1.0 pos:3.204192147105699E-22 
cv196_28898.txt neg neg:1.0 pos:2.172368839198508E-53 
cv906_12332.txt neg neg:1.0 pos:2.2800377159151553E-64 
cv982_22209.txt neg neg:1.0 pos:2.7056063307295106E-69 
cv939_11247.txt neg neg:0.9999999999999423 pos:5.767149009749539E-14 
cv219_19874.txt neg neg:1.0 pos:6.438477486617699E-56 
cv875_5622.txt neg neg:0.9999950417734647 pos:4.958226535275834E-6 
cv499_11407.txt neg neg:0.9999999999999996 pos:5.530452014423392E-16 
cv213_20300.txt neg neg:1.0 pos:2.758336231589926E-25 
cv983_24219.txt neg neg:0.9999999998906275 pos:1.0937245650953123E-10 
cv854_18955.txt neg neg:0.9999999999998581 pos:1.4181314412642208E-13 
cv647_15275.txt neg neg:1.0 pos:2.357817302667215E-100 
cv334_0074.txt neg neg:1.0 pos:2.619583258346705E-34 
cv002_17424.txt neg neg:1.0 pos:1.107943833567339E-43 
cv676_22202.txt neg neg:1.0 pos:1.843121518212118E-118 
cv069_11613.txt neg neg:0.8036115703993465 pos:0.19638842960065342 
cv270_5873.txt neg neg:1.0 pos:2.907991729070872E-24 
cv725_10266.txt neg pos:0.9999999998532183 neg:1.4678169367420855E-10 
cv165_2389.txt neg neg:1.0 pos:5.941765222707141E-26 
cv963_7208.txt neg pos:1.0 neg:1.6194587035273776E-22 
cv167_18094.txt neg pos:0.9999999999969438 neg:3.0561748541503968E-12 
cv449_9126.txt neg pos:0.9991522575636915 neg:8.47742436308478E-4 
cv048_18380.txt neg neg:0.983854055246696 pos:0.016145944753304043 
cv361_28738.txt neg neg:1.0 pos:1.6360108302460884E-83 
cv608_24647.txt neg neg:1.0 pos:1.0800806606136639E-80 
cv354_8573.txt neg neg:1.0 pos:1.0068609347736096E-28 
cv607_8235.txt neg neg:1.0 pos:1.0986352318520352E-62 
cv007_4992.txt neg neg:1.0 pos:8.80918402764255E-69 
cv974_24303.txt neg neg:0.9999996982679222 pos:3.017320776795925E-7 
cv405_21868.txt neg neg:1.0 pos:9.505437002997348E-87 
cv698_16930.txt neg neg:1.0 pos:1.2247018330859695E-53 
cv585_23576.txt neg neg:1.0 pos:6.786066686969505E-39 
cv431_7538.txt neg neg:0.9999999999026787 pos:9.732122916191162E-11 
cv798_24779.txt neg pos:1.0 neg:7.726267515739539E-19 
cv557_12237.txt neg neg:1.0 pos:8.772934306000608E-28 
cv337_29061.txt neg neg:1.0 pos:3.8643225502258954E-48 
cv671_5164.txt neg pos:0.9999994450934262 neg:5.549065737866726E-7 
cv407_23928.txt neg neg:1.0 pos:5.1191307621919857E-135 
cv876_9633.txt neg pos:0.9999891255998636 neg:1.0874400136276179E-5 
cv843_17054.txt neg neg:1.0 pos:7.905303305915544E-34 
cv601_24759.txt neg neg:1.0 pos:1.404193766779918E-80 
cv917_29484.txt neg neg:1.0 pos:1.5252700994026552E-60 
cv317_25111.txt neg pos:0.9999999999993137 neg:6.862981855727379E-13 
cv481_7930.txt neg neg:1.0 pos:5.9809699791178265E-56 
cv328_10908.txt neg pos:0.8418858468883453 neg:0.15811415311165475 
cv156_11119.txt neg neg:1.0 pos:3.0266867939377637E-22 
cv072_5928.txt neg neg:0.9999999999999973 pos:2.6382347883057652E-15 
cv713_29002.txt neg neg:1.0 pos:1.1546359440849123E-27 
cv338_9183.txt neg pos:0.9999999754119729 neg:2.458802691808716E-8 
cv662_14791.txt neg neg:0.9999610476890033 pos:3.8952310996761834E-5 
cv221_27081.txt neg pos:1.0 neg:3.0177242944152524E-49 
cv627_12603.txt neg neg:1.0 pos:1.6129582515486303E-19 
cv744_10091.txt neg neg:1.0 pos:1.4249480440431532E-52 
cv095_28730.txt neg neg:0.9999999999985234 pos:1.4766196794733118E-12 
cv666_20301.txt neg neg:1.0 pos:3.523690848601037E-27 
cv469_21998.txt neg neg:1.0 pos:4.555236287444204E-112 
cv423_12089.txt neg neg:1.0 pos:9.948189235618744E-103 
cv694_4526.txt neg pos:0.9991861049802018 neg:8.138950197982755E-4 
cv517_20616.txt neg neg:1.0 pos:3.194353315960583E-70 
cv162_10977.txt neg pos:0.9999999995613817 neg:4.3861828384905406E-10 
cv211_9955.txt neg neg:1.0 pos:1.1361689787887422E-70 
cv935_24977.txt neg neg:1.0 pos:6.420246564936361E-41 
cv477_23530.txt neg pos:0.9999999996314912 neg:3.6850871396306915E-10 
cv830_5778.txt neg neg:1.0 pos:2.742562894642087E-29 
cv371_8197.txt neg neg:1.0 pos:1.2364988159600776E-37 
cv083_25491.txt neg neg:1.0 pos:1.4532610779058946E-44 
cv365_12442.txt neg neg:1.0 pos:1.9310345811980244E-116 
cv024_7033.txt neg pos:1.0 neg:1.9160149682044354E-30 
cv030_22893.txt neg neg:1.0 pos:3.531064555882075E-24 
cv988_18740.txt pos pos:1.0 neg:9.633540092794372E-116 
cv286_25050.txt pos pos:1.0 neg:1.0005354063503858E-115 
cv719_5713.txt pos pos:1.0 neg:1.354878278564607E-63 
cv053_21822.txt pos pos:1.0 neg:2.1118052565186475E-121 
cv071_12095.txt pos pos:0.9999956899005621 neg:4.310099437966629E-6 
cv424_8831.txt pos pos:1.0 neg:5.607385385098824E-21 
cv453_10379.txt pos pos:1.0 neg:7.601488995878313E-159 
cv606_15985.txt pos neg:1.0 pos:4.499110922853313E-47 
cv599_20988.txt pos pos:1.0 neg:7.110479344220064E-38 
cv315_11629.txt pos pos:1.0 neg:5.249655012179397E-116 
cv913_29252.txt pos pos:1.0 neg:6.849454513399316E-18 
cv455_29000.txt pos pos:1.0 neg:3.0422062595587468E-102 
cv941_10246.txt pos pos:1.0 neg:5.148392291110248E-88 
cv929_16908.txt pos pos:1.0 neg:3.4372853446066183E-65 
cv210_9312.txt pos neg:0.902184264761051 pos:0.09781573523894908 
cv267_14952.txt pos pos:1.0 neg:6.730615609577634E-38 
cv662_13320.txt pos pos:0.9999999832235121 neg:1.677648795268902E-8 
cv897_10837.txt pos pos:1.0 neg:1.0513023235361108E-110 
cv191_29719.txt pos pos:0.9999999999999187 neg:8.120778386995329E-14 
cv564_11110.txt pos neg:1.0 pos:1.4095345577894646E-37 
cv681_9692.txt pos pos:1.0 neg:7.445679837203621E-23 
cv999_13106.txt pos pos:1.0 neg:8.97514785324802E-139 
cv384_17140.txt pos pos:1.0 neg:2.339824090229793E-25 
cv153_10779.txt pos pos:1.0 neg:1.3109136234587093E-18 
cv300_22284.txt pos pos:1.0 neg:1.4415706069687684E-65 
cv508_16006.txt pos pos:1.0 neg:1.5011918345320582E-172 
cv310_13091.txt pos pos:0.9999956429299444 neg:4.357070055568382E-6 
cv380_7574.txt pos neg:1.0 pos:2.0085021813123816E-26 
cv842_5866.txt pos neg:1.0 pos:2.2384157998496858E-25 
cv175_6964.txt pos pos:1.0 neg:5.792889161064102E-32 
cv586_7543.txt pos pos:1.0 neg:1.6645382615630483E-106 
cv859_14107.txt pos pos:1.0 neg:3.618692961351324E-63 
cv393_29327.txt pos pos:1.0 neg:2.686295989607026E-22 
cv114_18398.txt pos pos:0.9999999769701445 neg:2.3029855524936346E-8 
cv066_10821.txt pos pos:1.0 neg:2.0145790579412655E-40 
cv657_24513.txt pos pos:1.0 neg:4.319731273334914E-87 
cv259_10934.txt pos neg:0.9700794766465862 pos:0.029920523353413737 
cv121_17302.txt pos pos:1.0 neg:3.1442691839668096E-37 
cv425_8250.txt pos pos:1.0 neg:1.072845542356241E-25 
cv247_13142.txt pos pos:1.0 neg:1.341324032331539E-22 
cv617_9322.txt pos pos:1.0 neg:1.035517537725143E-52 
cv773_18817.txt pos neg:0.9999999999999951 pos:4.789118159698267E-15 
cv857_15958.txt pos pos:1.0 neg:2.2715592093181257E-33 
cv919_16380.txt pos pos:1.0 neg:9.884794117383445E-88 
cv009_29592.txt pos pos:1.0 neg:4.298274880898029E-70 
cv780_7984.txt pos pos:1.0 neg:3.526582080762637E-100 
cv405_20399.txt pos neg:1.0 pos:1.4267415066113096E-47 
cv980_10953.txt pos pos:1.0 neg:6.106320328055792E-25 
cv504_29243.txt pos neg:0.9992059399196974 pos:7.940600803025199E-4 
cv677_17715.txt pos pos:1.0 neg:9.966702638348381E-60 
cv220_29059.txt pos pos:1.0 neg:7.15842623416163E-55 
cv181_14401.txt pos pos:1.0 neg:1.0205996284392672E-45 
cv647_13691.txt pos pos:1.0 neg:7.119439084956873E-47 
cv762_13927.txt pos pos:1.0 neg:2.7106454606062006E-138 
cv270_6079.txt pos pos:1.0 neg:1.400994630020129E-23 
cv472_29280.txt pos neg:0.9997688424571484 pos:2.3115754285167985E-4 
cv623_15356.txt pos pos:1.0 neg:6.078158434731113E-19 
cv285_16494.txt pos pos:1.0 neg:2.0441987801951748E-33 
cv340_13287.txt pos neg:1.0 pos:6.672725231853086E-44 
cv183_18612.txt pos pos:1.0 neg:1.2950830634888408E-19 
cv413_7398.txt pos pos:1.0 neg:1.0408902094330216E-92 
cv548_17731.txt pos neg:1.0 pos:3.1548513018405817E-32 
cv099_10534.txt pos pos:1.0 neg:6.765211603237979E-51 
cv495_14518.txt pos neg:1.0 pos:7.673904601362997E-42 
cv289_6463.txt pos neg:0.9999999999200784 pos:7.992165432429565E-11 
cv055_8338.txt pos neg:1.0 pos:1.930282600969724E-23 
cv402_14425.txt pos pos:1.0 neg:3.446491041566463E-52 
cv249_11640.txt pos pos:0.8043619001131617 neg:0.19563809988683825 
cv730_10279.txt pos pos:1.0 neg:2.1622496585968477E-118 
cv691_5043.txt pos pos:1.0 neg:4.0927475414985045E-62 
cv057_7453.txt pos neg:0.9999999999983875 pos:1.612405214135549E-12 
cv428_11347.txt pos pos:1.0 neg:1.5699937974938577E-53 
cv172_11131.txt pos pos:0.9818584324466906 neg:0.01814156755330941 
cv047_1754.txt pos pos:1.0 neg:5.41958088844122E-22 
cv592_22315.txt pos pos:0.9763936078786445 neg:0.02360639212135548 
cv631_4967.txt pos pos:1.0 neg:4.394233733662121E-36 
cv120_4111.txt pos pos:1.0 neg:7.235435403639304E-52 
cv253_10077.txt pos pos:1.0 neg:3.3589805485606443E-44 
cv660_21893.txt pos pos:1.0 neg:2.367801427847018E-112 
cv959_14611.txt pos pos:0.9999999914188183 neg:8.581181788244798E-9 
cv583_29692.txt pos pos:0.9999245318397167 neg:7.546816028321471E-5 
cv658_10532.txt pos pos:1.0 neg:1.0957571142994217E-54 
cv939_10583.txt pos pos:0.9999999993056781 neg:6.943218320106624E-10 
cv898_14187.txt pos pos:1.0 neg:9.758914504303895E-77 
cv154_9328.txt pos pos:1.0 neg:4.297800220788557E-50 
cv558_29507.txt pos pos:1.0 neg:6.519000066666606E-78 
cv949_20112.txt pos pos:1.0 neg:1.2747945840729149E-76 
cv527_10123.txt pos pos:1.0 neg:9.261505366591033E-26 
cv019_14482.txt pos neg:1.0 pos:4.431845868343019E-52 
cv046_10188.txt pos pos:0.9999999912667151 neg:8.733285010012513E-9 
cv708_28729.txt pos pos:1.0 neg:3.787116610951326E-230 
cv931_17563.txt pos pos:1.0 neg:5.272951124830747E-54 
cv448_14695.txt pos pos:1.0 neg:1.398301695394906E-66 
cv024_6778.txt pos neg:1.0 pos:1.8771438305972652E-27 
cv620_24265.txt pos neg:0.9999994818382221 pos:5.18161777782878E-7 
cv984_12767.txt pos pos:1.0 neg:5.090525696801504E-23 
cv325_16629.txt pos pos:1.0 neg:1.00861178664623E-101 
cv690_5619.txt pos pos:0.9999348414205917 neg:6.515857940836196E-5 
cv204_8451.txt pos pos:1.0 neg:6.035118494767846E-72 
cv101_10175.txt pos pos:1.0 neg:7.222159801322583E-42 
Trial 0 Trainer NaiveBayesTrainer Training Data Confusion Matrix
Confusion Matrix, row=true, column=predicted  accuracy=0.9838888888888889
  label   0   1  |total
  0 neg 893   7  |900
  1 pos  22 878  |900

Trial 0 Trainer NaiveBayesTrainer training data accuracy= 0.9838888888888889
Trial 0 Trainer NaiveBayesTrainer Test Data Confusion Matrix
Confusion Matrix, row=true, column=predicted  accuracy=0.815
  label   0   1  |total
  0 neg  82  18  |100
  1 pos  19  81  |100

Trial 0 Trainer NaiveBayesTrainer test data accuracy= 0.815

NaiveBayesTrainer
Summary. train accuracy mean = 0.9838888888888889 stddev = 0.0 stderr = 0.0
Summary. test accuracy mean = 0.815 stddev = 0.0 stderr = 0.0
