
-------------------- Trial 0  --------------------

Trial 0 Training NaiveBayesTrainer with 1800 instances
Trial 0 Training NaiveBayesTrainer finished
Trial 0 Trainer NaiveBayesTrainer
 Raw Testing Data
cv443_22367.txt neg neg:0.9999999999999996 pos:3.4018158174237177E-16 
cv678_14887.txt neg neg:1.0 pos:3.403057154114448E-27 
cv598_18184.txt neg neg:0.6200474143324819 pos:0.37995258566751805 
cv566_8967.txt neg neg:1.0 pos:4.983585986975945E-117 
cv553_26965.txt neg neg:1.0 pos:6.116445456204366E-49 
cv700_23163.txt neg pos:1.0 neg:3.661435589692334E-20 
cv173_4295.txt neg neg:1.0 pos:4.984970723977051E-52 
cv078_16506.txt neg neg:1.0 pos:2.0252436677742692E-55 
cv945_13012.txt neg neg:1.0 pos:4.981280480967813E-74 
cv648_17277.txt neg neg:0.9930232120365668 pos:0.006976787963433038 
cv679_28221.txt neg neg:1.0 pos:2.4353799986961332E-59 
cv424_9268.txt neg neg:1.0 pos:1.3413280700843256E-79 
cv891_6035.txt neg pos:1.0 neg:1.2484391231577411E-27 
cv089_12222.txt neg neg:0.9996187920947318 pos:3.812079052683253E-4 
cv466_20092.txt neg pos:1.0 neg:1.1522048168566368E-50 
cv084_15183.txt neg neg:1.0 pos:6.897479566675618E-63 
cv910_21930.txt neg neg:1.0 pos:7.322175095945811E-85 
cv061_9321.txt neg neg:1.0 pos:1.4628755306856E-86 
cv467_26610.txt neg pos:1.0 neg:1.1438994553935391E-21 
cv339_22452.txt neg neg:1.0 pos:4.825157727916715E-27 
cv579_12542.txt neg neg:1.0 pos:2.1603557582547222E-126 
cv511_10360.txt neg neg:1.0 pos:3.421444588818632E-107 
cv652_15653.txt neg neg:1.0 pos:8.86381062581219E-23 
cv199_9721.txt neg neg:0.999984712188417 pos:1.528781158285963E-5 
cv468_16844.txt neg neg:1.0 pos:1.1821774756768615E-87 
cv522_5418.txt neg neg:1.0 pos:1.4419060143212274E-26 
cv385_29621.txt neg neg:1.0 pos:1.412585755815026E-44 
cv296_13146.txt neg neg:1.0 pos:6.343487389099089E-50 
cv558_29376.txt neg pos:0.9999999999971918 neg:2.8080872998153243E-12 
cv097_26081.txt neg pos:0.9999922004479195 neg:7.799552080456142E-6 
cv708_28539.txt neg pos:1.0 neg:2.3401210844785525E-18 
cv975_11920.txt neg neg:0.999999998995674 pos:1.0043259031402102E-9 
cv101_10537.txt neg neg:1.0 pos:2.6078841714851673E-83 
cv536_27221.txt neg neg:0.9999999999999918 pos:8.141862445045278E-15 
cv861_12809.txt neg neg:1.0 pos:1.2472876165110465E-42 
cv968_25413.txt neg neg:1.0 pos:2.8234732861933824E-36 
cv721_28993.txt neg neg:1.0 pos:7.565145600623939E-35 
cv302_26481.txt neg neg:1.0 pos:1.9783315709116768E-115 
cv144_5010.txt neg neg:1.0 pos:1.8192736147790988E-35 
cv459_21834.txt neg neg:1.0 pos:3.707955966730031E-86 
cv088_25274.txt neg neg:1.0 pos:7.245760516182531E-34 
cv954_19932.txt neg pos:0.8638305066951435 neg:0.1361694933048565 
cv816_15257.txt neg neg:1.0 pos:1.6365222037438392E-53 
cv375_9932.txt neg neg:1.0 pos:2.580047949229225E-28 
cv152_9052.txt neg neg:1.0 pos:6.7506563550402266E-71 
cv851_21895.txt neg pos:0.9999999999999711 neg:2.877253381439723E-14 
cv774_15488.txt neg neg:1.0 pos:1.2942146097707158E-38 
cv867_18362.txt neg pos:1.0 neg:1.9314581093956988E-33 
cv005_29357.txt neg neg:1.0 pos:5.17710211394722E-43 
cv236_12427.txt neg neg:1.0 pos:6.34459904274338E-43 
cv130_18521.txt neg neg:1.0 pos:1.8795410339320129E-37 
cv399_28593.txt neg neg:1.0 pos:9.994908662747628E-71 
cv526_12868.txt neg neg:1.0 pos:5.479959795436662E-187 
cv052_29318.txt neg neg:1.0 pos:1.0822197339306631E-37 
cv762_15604.txt neg neg:0.9999999999999993 pos:6.112117707485341E-16 
cv618_9469.txt neg neg:1.0 pos:8.838307296043769E-41 
cv699_7773.txt neg neg:1.0 pos:7.223817496306187E-60 
cv312_29308.txt neg neg:1.0 pos:4.1302770489034024E-61 
cv140_7963.txt neg neg:1.0 pos:1.578032569339598E-154 
cv549_22771.txt neg neg:1.0 pos:3.68762699719785E-18 
cv092_27987.txt neg neg:1.0 pos:3.539547982713462E-37 
cv038_9781.txt neg neg:1.0 pos:7.799920781569202E-57 
cv911_21695.txt neg neg:1.0 pos:8.97791950610913E-162 
cv073_23039.txt neg neg:1.0 pos:1.1078479356838153E-74 
cv961_5578.txt neg neg:1.0 pos:2.425125707286927E-32 
cv981_16679.txt neg neg:1.0 pos:6.092981381398803E-51 
cv277_20467.txt neg neg:1.0 pos:3.7243342291981055E-29 
cv818_10698.txt neg neg:1.0 pos:4.709852809730631E-24 
cv013_10494.txt neg neg:1.0 pos:9.224286918103498E-119 
cv164_23451.txt neg neg:1.0 pos:1.0441864610655178E-43 
cv644_18551.txt neg neg:1.0 pos:4.5755150096565743E-41 
cv316_5972.txt neg neg:1.0 pos:1.8955418346748816E-17 
cv682_17947.txt neg pos:0.9999250515798781 neg:7.494842012190019E-5 
cv924_29397.txt neg neg:1.0 pos:2.1384873332173023E-33 
cv102_8306.txt neg pos:0.9999252733976567 neg:7.472660234329681E-5 
cv170_29808.txt neg neg:1.0 pos:1.0755742558806983E-39 
cv562_10847.txt neg neg:1.0 pos:5.590205946167352E-70 
cv545_12848.txt neg pos:0.9999999653164596 neg:3.46835404124217E-8 
cv908_17779.txt neg neg:0.9999997983414253 pos:2.0165857465236769E-7 
cv075_6250.txt neg pos:1.0 neg:3.11049339640128E-31 
cv271_15364.txt neg neg:1.0 pos:4.340280041588345E-55 
cv269_23018.txt neg neg:1.0 pos:1.8825491058301562E-126 
cv835_20531.txt neg pos:0.9999999999959694 neg:4.030589253748021E-12 
cv099_11189.txt neg neg:0.9785137025133469 pos:0.021486297486653042 
cv111_12253.txt neg neg:1.0 pos:7.283285152614302E-96 
cv940_18935.txt neg neg:1.0 pos:1.26782428846085E-22 
cv689_13701.txt neg neg:1.0 pos:1.431955843884325E-63 
cv223_28923.txt neg pos:1.0 neg:4.426751640860412E-17 
cv378_21982.txt neg neg:1.0 pos:3.6826309535919993E-63 
cv040_8829.txt neg neg:0.9612793419773501 pos:0.03872065802264986 
cv779_18989.txt neg neg:0.9741638950854726 pos:0.02583610491452743 
cv325_18330.txt neg neg:1.0 pos:1.9081221607160573E-75 
cv488_21453.txt neg neg:1.0 pos:5.903906258276352E-43 
cv430_18662.txt neg neg:1.0 pos:4.999003022415121E-33 
cv181_16083.txt neg neg:1.0 pos:1.5405480600361261E-29 
cv231_11028.txt neg neg:1.0 pos:1.9537786895856135E-131 
cv764_12701.txt neg neg:0.9999999999999962 pos:3.7859636622689705E-15 
cv643_29282.txt neg neg:1.0 pos:3.280249809971254E-85 
cv819_9567.txt neg neg:1.0 pos:1.815698436444089E-56 
cv076_26009.txt neg pos:0.9999949028583022 neg:5.097141697802515E-6 
cv574_22156.txt pos neg:1.0 pos:2.227782867083483E-52 
cv531_26486.txt pos pos:1.0 neg:3.2576790172778573E-32 
cv736_23670.txt pos pos:1.0 neg:4.513446741157473E-86 
cv059_28885.txt pos pos:1.0 neg:6.369428791464263E-153 
cv872_12591.txt pos pos:1.0 neg:2.8550874006681813E-99 
cv729_10154.txt pos pos:1.0 neg:4.885226028212499E-127 
cv223_29066.txt pos neg:0.9999998542884624 pos:1.4571153749012645E-7 
cv830_6014.txt pos pos:1.0 neg:1.102806473144631E-50 
cv049_20471.txt pos neg:1.0 pos:2.790080835375405E-29 
cv067_19774.txt pos pos:1.0 neg:3.424142319987843E-26 
cv333_8916.txt pos pos:1.0 neg:5.764413192320486E-71 
cv129_16741.txt pos pos:1.0 neg:2.2298630401055816E-122 
cv159_29505.txt pos pos:1.0 neg:5.45053828378838E-46 
cv150_12916.txt pos pos:1.0 neg:5.634368075472888E-43 
cv481_7436.txt pos pos:1.0 neg:8.611674359033978E-72 
cv324_7082.txt pos pos:1.0 neg:8.57494011311425E-25 
cv063_28997.txt pos pos:1.0 neg:5.429738851420379E-37 
cv503_10558.txt pos pos:1.0 neg:5.85972587952245E-84 
cv483_16378.txt pos pos:1.0 neg:3.434051587459307E-44 
cv964_6021.txt pos neg:1.0 pos:7.946517684992653E-77 
cv808_12635.txt pos pos:1.0 neg:5.05069961666758E-74 
cv811_21386.txt pos pos:1.0 neg:5.571641981678879E-33 
cv378_20629.txt pos pos:1.0 neg:1.735969837989564E-69 
cv376_19435.txt pos pos:1.0 neg:2.802379709820272E-17 
cv566_8581.txt pos pos:1.0 neg:5.764600760475941E-119 
cv360_8398.txt pos pos:1.0 neg:8.280645671018629E-38 
cv185_28654.txt pos neg:1.0 pos:7.505798072825945E-88 
cv020_8825.txt pos pos:1.0 neg:6.686729727559989E-23 
cv166_11052.txt pos pos:1.0 neg:1.4275939433623437E-128 
cv806_8842.txt pos pos:1.0 neg:1.6127491052331334E-21 
cv788_25272.txt pos pos:0.9942819627810474 neg:0.005718037218952608 
cv628_19325.txt pos pos:1.0 neg:1.1618448225339393E-30 
cv344_5312.txt pos pos:0.9999999355104846 neg:6.448951543968652E-8 
cv722_7110.txt pos neg:1.0 pos:5.2871418530786074E-27 
cv515_17069.txt pos pos:1.0 neg:1.26946062442868E-124 
cv137_15422.txt pos pos:0.999992180923194 neg:7.819076806117631E-6 
cv170_3006.txt pos neg:1.0 pos:6.844478041215288E-26 
cv422_9381.txt pos pos:1.0 neg:2.037751480741915E-68 
cv421_9709.txt pos pos:1.0 neg:1.1873869571523396E-29 
cv033_24444.txt pos pos:1.0 neg:1.0024673938541797E-52 
cv698_15253.txt pos pos:1.0 neg:4.684855400223646E-81 
cv293_29856.txt pos pos:0.9999999916192311 neg:8.380768906962172E-9 
cv958_12162.txt pos pos:1.0 neg:3.556708785392307E-173 
cv492_18271.txt pos pos:1.0 neg:4.066868123187989E-40 
cv411_15007.txt pos pos:1.0 neg:9.292738669089838E-203 
cv902_12256.txt pos pos:1.0 neg:7.04416061222743E-110 
cv073_21785.txt pos neg:0.9999992965885337 pos:7.034114663638191E-7 
cv689_12587.txt pos pos:1.0 neg:1.9346809753175088E-71 
cv873_18636.txt pos pos:1.0 neg:1.1032450431782304E-23 
cv161_11425.txt pos pos:1.0 neg:6.312865544307649E-35 
cv886_18177.txt pos neg:0.9999999999999998 pos:1.2821744739611519E-16 
cv888_24435.txt pos pos:1.0 neg:7.706361298339015E-145 
cv554_13151.txt pos pos:1.0 neg:8.271437176810363E-89 
cv766_7540.txt pos pos:1.0 neg:3.0410720877015455E-52 
cv075_6500.txt pos neg:0.9999999878229259 pos:1.217707400733621E-8 
cv646_15065.txt pos neg:0.999999999999988 pos:1.1897911754062412E-14 
cv227_24215.txt pos pos:1.0 neg:4.98651033459084E-35 
cv663_13019.txt pos pos:1.0 neg:5.998723278277689E-237 
cv339_21119.txt pos pos:0.9999999980159644 neg:1.984035681155641E-9 
cv229_13611.txt pos pos:1.0 neg:1.0762334799216476E-30 
cv878_15694.txt pos neg:0.9999999999999991 pos:8.147188964118651E-16 
cv956_11609.txt pos pos:1.0 neg:1.6588680222306095E-57 
cv743_15449.txt pos pos:1.0 neg:8.234942069383202E-46 
cv970_18450.txt pos pos:1.0 neg:1.3200133829652171E-111 
cv334_10001.txt pos neg:1.0 pos:1.5180316015657126E-75 
cv347_13194.txt pos pos:1.0 neg:1.139469683618659E-33 
cv122_7392.txt pos pos:1.0 neg:2.0316192991583505E-150 
cv214_12294.txt pos neg:0.9999998587908312 pos:1.4120916887843021E-7 
cv648_15792.txt pos neg:1.0 pos:9.636327173391474E-25 
cv846_29497.txt pos neg:0.8922073361766464 pos:0.10779266382335372 
cv532_6522.txt pos pos:1.0 neg:7.665134130559188E-35 
cv768_11751.txt pos pos:0.9999943967902557 neg:5.6032097441676394E-6 
cv760_8597.txt pos pos:1.0 neg:6.50276431475555E-42 
cv512_15965.txt pos pos:1.0 neg:7.450675424008582E-166 
cv969_13250.txt pos pos:1.0 neg:4.247785063472245E-36 
cv237_19221.txt pos neg:0.9999068572504833 pos:9.314274951671007E-5 
cv903_17822.txt pos pos:1.0 neg:4.769760390091593E-44 
cv205_9457.txt pos pos:1.0 neg:1.3999670415159777E-100 
cv178_12972.txt pos pos:1.0 neg:2.226171656579675E-58 
cv705_11059.txt pos pos:0.9999999999821265 neg:1.7873533200019296E-11 
cv193_5416.txt pos pos:1.0 neg:5.204819422921141E-18 
cv851_20469.txt pos pos:1.0 neg:7.440076842453435E-48 
cv519_14661.txt pos pos:1.0 neg:5.9171176546896E-68 
cv388_12009.txt pos pos:1.0 neg:7.52599785543257E-95 
cv741_11890.txt pos pos:1.0 neg:5.7382477392700525E-61 
cv385_29741.txt pos pos:0.9999999999999998 neg:2.569146610169848E-16 
cv345_9954.txt pos pos:1.0 neg:2.473725203438967E-121 
cv853_29233.txt pos neg:1.0 pos:1.4805726622196007E-47 
cv796_15782.txt pos pos:1.0 neg:4.36450297749208E-84 
cv992_11962.txt pos neg:1.0 pos:8.06386572162403E-50 
cv264_12801.txt pos pos:1.0 neg:1.4793868272834163E-55 
cv420_28795.txt pos pos:0.9999921881452359 neg:7.811854764085889E-6 
cv186_2269.txt pos neg:0.9999986712319674 pos:1.3287680326625623E-6 
cv565_29572.txt pos pos:1.0 neg:2.102931071913255E-41 
cv423_11155.txt pos pos:1.0 neg:2.066068553205048E-65 
cv215_22240.txt pos pos:1.0 neg:1.9895589281726308E-28 
cv682_16139.txt pos pos:1.0 neg:3.7386581135881373E-122 
cv331_8273.txt pos pos:1.0 neg:5.444183327403706E-105 
cv775_16237.txt pos neg:0.9999999999999984 pos:1.4460476497494646E-15 
cv008_29435.txt pos pos:1.0 neg:2.0740050020197957E-70 
Trial 0 Trainer NaiveBayesTrainer Training Data Confusion Matrix
Confusion Matrix, row=true, column=predicted  accuracy=0.9877777777777778
  label   0   1  |total
  0 neg 896   4  |900
  1 pos  18 882  |900

Trial 0 Trainer NaiveBayesTrainer training data accuracy= 0.9877777777777778
Trial 0 Trainer NaiveBayesTrainer Test Data Confusion Matrix
Confusion Matrix, row=true, column=predicted  accuracy=0.81
  label   0   1  |total
  0 neg  83  17  |100
  1 pos  21  79  |100

Trial 0 Trainer NaiveBayesTrainer test data accuracy= 0.81

NaiveBayesTrainer
Summary. train accuracy mean = 0.9877777777777778 stddev = 0.0 stderr = 0.0
Summary. test accuracy mean = 0.81 stddev = 0.0 stderr = 0.0
