
-------------------- Trial 0  --------------------

Trial 0 Training NaiveBayesTrainer with 1800 instances
Trial 0 Training NaiveBayesTrainer finished
Trial 0 Trainer NaiveBayesTrainer
 Raw Testing Data
cv980_11851.txt neg neg:1.0 pos:2.22673765638501E-123 
cv638_29394.txt neg neg:0.9999989224141347 pos:1.0775858653910446E-6 
cv967_5626.txt neg pos:1.0 neg:6.775469712357714E-18 
cv956_12547.txt neg neg:1.0 pos:4.3144448928903996E-135 
cv754_7709.txt neg neg:1.0 pos:1.8824968718763688E-43 
cv209_28973.txt neg neg:1.0 pos:5.270171418800667E-32 
cv453_10911.txt neg neg:1.0 pos:2.1914823551114496E-54 
cv349_15032.txt neg neg:1.0 pos:2.5916259467322573E-18 
cv244_22935.txt neg neg:1.0 pos:7.010263455676569E-65 
cv281_24711.txt neg neg:1.0 pos:4.643189295479052E-167 
cv771_28466.txt neg neg:1.0 pos:2.1086485907096802E-138 
cv948_25870.txt neg neg:1.0 pos:1.6914087588603664E-103 
cv309_23737.txt neg pos:1.0 neg:2.2078298475659234E-25 
cv062_24556.txt neg neg:1.0 pos:3.0902383354196014E-80 
cv483_18103.txt neg neg:1.0 pos:2.7948339673682305E-35 
cv889_22670.txt neg pos:1.0 neg:1.3610127161411503E-48 
cv905_28965.txt neg pos:0.9938928618039119 neg:0.006107138196088247 
cv808_13773.txt neg pos:0.9999999999185876 neg:8.141239981440308E-11 
cv157_29302.txt neg pos:0.9999999999955358 neg:4.46422342450619E-12 
cv470_17444.txt neg neg:1.0 pos:1.008366661604317E-48 
cv612_5396.txt neg neg:0.9999999999999523 pos:4.783940296133447E-14 
cv799_19812.txt neg neg:1.0 pos:7.320873906482091E-101 
cv622_8583.txt neg pos:0.8520448192581375 neg:0.1479551807418625 
cv381_21673.txt neg pos:1.0 neg:7.59532884047212E-58 
cv985_5964.txt neg neg:1.0 pos:7.230093245629143E-45 
cv575_22598.txt neg pos:1.0 neg:1.1012598579595122E-81 
cv810_13660.txt neg neg:1.0 pos:1.6302411464343178E-46 
cv331_8656.txt neg neg:0.9999999999995486 pos:4.514125045549705E-13 
cv438_8500.txt neg neg:0.9999999999755913 pos:2.440868328470385E-11 
cv235_10704.txt neg neg:1.0 pos:1.9472427369133654E-88 
cv145_12239.txt neg neg:0.999999999999996 pos:3.8981366878827365E-15 
cv472_29140.txt neg pos:1.0 neg:3.3644802745907043E-88 
cv320_9693.txt neg neg:1.0 pos:4.85806849735851E-38 
cv757_10668.txt neg neg:1.0 pos:8.241261639315998E-46 
cv106_18379.txt neg pos:1.0 neg:1.6043054892093968E-25 
cv034_29446.txt neg pos:1.0 neg:1.1217414967900328E-21 
cv586_8048.txt neg neg:1.0 pos:3.4816088717988014E-190 
cv220_28906.txt neg neg:0.9973710111900016 pos:0.002628988809998362 
cv226_26692.txt neg neg:1.0 pos:1.438343156620272E-70 
cv576_15688.txt neg neg:1.0 pos:1.2197467518610055E-63 
cv654_19345.txt neg neg:1.0 pos:3.992829796136521E-45 
cv153_11607.txt neg neg:1.0 pos:1.8909713115068401E-35 
cv827_19479.txt neg neg:1.0 pos:1.0226288137458629E-39 
cv937_9816.txt neg neg:1.0 pos:1.497183421565121E-21 
cv869_24782.txt neg neg:1.0 pos:1.7878299021415857E-39 
cv960_28877.txt neg neg:0.9999999999766012 pos:2.339880974819248E-11 
cv519_16239.txt neg pos:1.0 neg:5.74930028549597E-38 
cv370_5338.txt neg neg:1.0 pos:9.208126745454048E-23 
cv154_9562.txt neg neg:1.0 pos:1.332982510683934E-60 
cv195_16146.txt neg neg:1.0 pos:3.8908082087270234E-20 
cv852_27512.txt neg neg:0.9999999996276461 pos:3.723539437326196E-10 
cv178_14380.txt neg pos:0.9999999999992215 neg:7.785179129493731E-13 
cv124_3903.txt neg neg:1.0 pos:1.1813665504670189E-42 
cv718_12227.txt neg neg:1.0 pos:2.7529259925465564E-71 
cv504_29120.txt neg pos:0.9999905078208433 neg:9.492179156686321E-6 
cv681_9744.txt neg neg:1.0 pos:2.8159777092354442E-33 
cv012_29411.txt neg neg:1.0 pos:9.133803335729749E-138 
cv882_10042.txt neg neg:1.0 pos:1.1523989581151325E-66 
cv115_26443.txt neg neg:1.0 pos:1.5391927260298037E-46 
cv462_20788.txt neg neg:1.0 pos:2.7877489419869406E-25 
cv909_9973.txt neg pos:0.9999999999961335 neg:3.866504340359727E-12 
cv314_16095.txt neg pos:1.0 neg:2.2062183753425713E-34 
cv206_15893.txt neg pos:1.0 neg:4.140724772074009E-40 
cv408_5367.txt neg neg:1.0 pos:4.100031534074354E-34 
cv617_9561.txt neg neg:1.0 pos:2.4063772507382537E-21 
cv705_11973.txt neg neg:1.0 pos:3.0032974267157506E-58 
cv114_19501.txt neg neg:1.0 pos:6.087372562207998E-34 
cv047_18725.txt neg neg:1.0 pos:3.420175162648754E-69 
cv834_23192.txt neg neg:1.0 pos:2.6270605468041618E-67 
cv489_19046.txt neg neg:1.0 pos:5.268577957806334E-72 
cv737_28733.txt neg neg:1.0 pos:3.557182567751517E-77 
cv384_18536.txt neg neg:1.0 pos:1.1470421399049154E-17 
cv176_14196.txt neg neg:1.0 pos:2.9355259088809E-28 
cv248_15672.txt neg neg:1.0 pos:1.0170618311515413E-16 
cv919_18155.txt neg neg:1.0 pos:1.3658878987215007E-42 
cv151_17231.txt neg pos:0.928273746015047 neg:0.07172625398495314 
cv996_12447.txt neg neg:1.0 pos:1.856745102277577E-40 
cv432_15873.txt neg neg:1.0 pos:2.577889171132309E-17 
cv634_11989.txt neg pos:1.0 neg:3.927944241579542E-42 
cv200_29006.txt neg pos:1.0 neg:2.4368085448623183E-32 
cv208_9475.txt neg neg:1.0 pos:1.5622722491423328E-42 
cv896_17819.txt neg neg:1.0 pos:7.216197657427169E-62 
cv626_7907.txt neg neg:1.0 pos:2.739650098914632E-50 
cv446_12209.txt neg neg:1.0 pos:1.1852839267297002E-55 
cv116_28734.txt neg neg:0.7227657198216614 pos:0.2772342801783385 
cv631_4782.txt neg pos:0.9999999933204404 neg:6.6795595616636415E-9 
cv973_10171.txt neg neg:1.0 pos:1.9143069287365284E-103 
cv782_21078.txt neg neg:1.0 pos:9.07882461922391E-60 
cv865_28796.txt neg neg:1.0 pos:1.142744151280564E-40 
cv766_7983.txt neg neg:1.0 pos:3.175377080480821E-148 
cv623_16988.txt neg neg:1.0 pos:1.357289743003678E-157 
cv591_24887.txt neg neg:1.0 pos:1.1699193229687142E-28 
cv832_24713.txt neg neg:1.0 pos:3.708368275375414E-52 
cv741_12765.txt neg neg:1.0 pos:1.314005892281607E-30 
cv826_12761.txt neg neg:1.0 pos:7.326169021119768E-23 
cv904_25663.txt neg neg:0.9999995885488594 pos:4.1145114058188305E-7 
cv308_5079.txt neg neg:1.0 pos:1.0241821166920584E-67 
cv712_24217.txt neg neg:1.0 pos:3.933571768827666E-21 
cv548_18944.txt neg neg:1.0 pos:1.9878154832814074E-65 
cv232_16768.txt neg pos:1.0 neg:1.0131638354849767E-49 
cv146_18458.txt pos pos:1.0 neg:2.9795233561777128E-179 
cv815_22456.txt pos neg:0.9999999999999871 pos:1.285452529292046E-14 
cv960_29007.txt pos neg:0.9998069818022541 pos:1.9301819774583133E-4 
cv791_16302.txt pos pos:1.0 neg:1.1890203001406091E-99 
cv480_19817.txt pos neg:0.9999999991495789 pos:8.504209758537042E-10 
cv936_15954.txt pos pos:1.0 neg:4.6750151428329424E-114 
cv822_20049.txt pos pos:1.0 neg:6.975605556525753E-95 
cv189_22934.txt pos pos:1.0 neg:1.5986313326843771E-19 
cv041_21113.txt pos pos:1.0 neg:1.5184626209164424E-138 
cv051_10306.txt pos pos:1.0 neg:5.129106690697076E-98 
cv079_11933.txt pos pos:1.0 neg:1.2639065059305547E-43 
cv580_14064.txt pos pos:0.9999999837944533 neg:1.6205546639250737E-8 
cv502_10406.txt pos pos:1.0 neg:4.692942302999717E-67 
cv909_9960.txt pos neg:1.0 pos:3.586318834535826E-50 
cv600_23878.txt pos pos:1.0 neg:3.1728189204473994E-110 
cv198_18180.txt pos pos:0.9517178010783758 neg:0.04828219892162427 
cv074_6875.txt pos pos:1.0 neg:1.071423887873234E-94 
cv553_26915.txt pos pos:1.0 neg:1.9861118761755137E-51 
cv833_11053.txt pos pos:0.9453435935695683 neg:0.05465640643043176 
cv322_20318.txt pos neg:0.9999998261207079 pos:1.7387929199540044E-7 
cv520_12295.txt pos pos:0.6959347286892437 neg:0.3040652713107562 
cv386_10080.txt pos pos:1.0 neg:2.968030448319113E-156 
cv713_29155.txt pos pos:1.0 neg:2.550536214975234E-75 
cv877_29274.txt pos pos:1.0 neg:4.0654023978834054E-30 
cv511_10132.txt pos pos:1.0 neg:5.460207064254586E-19 
cv297_10047.txt pos pos:1.0 neg:1.7638033358322135E-21 
cv579_11605.txt pos pos:1.0 neg:1.0980601497577022E-63 
cv637_1250.txt pos neg:0.9999999996702553 pos:3.297446504193845E-10 
cv222_17395.txt pos pos:1.0 neg:9.038694990526845E-91 
cv397_29023.txt pos pos:1.0 neg:3.755119465115905E-19 
cv549_21443.txt pos pos:1.0 neg:6.888439457405701E-58 
cv012_29576.txt pos pos:1.0 neg:1.3010617508909365E-72 
cv077_22138.txt pos pos:0.9989097618425863 neg:0.001090238157413745 
cv115_25396.txt pos pos:1.0 neg:3.6324275203275384E-193 
cv659_19944.txt pos pos:1.0 neg:3.907269981545442E-42 
cv755_23616.txt pos pos:1.0 neg:2.3288192356790697E-85 
cv555_23922.txt pos neg:1.0 pos:4.17882017703432E-87 
cv143_19666.txt pos pos:1.0 neg:4.105457901573658E-44 
cv738_10116.txt pos pos:1.0 neg:3.3890600740550953E-242 
cv203_17986.txt pos pos:1.0 neg:6.559165131270338E-91 
cv908_16009.txt pos pos:1.0 neg:1.6240084724796078E-23 
cv716_10514.txt pos pos:0.9997834255041265 neg:2.1657449587366895E-4 
cv353_18159.txt pos pos:1.0 neg:7.842607584762393E-26 
cv727_4978.txt pos pos:1.0 neg:1.2430418810812608E-26 
cv304_28706.txt pos neg:0.8854147459319565 pos:0.1145852540680436 
cv072_6169.txt pos neg:0.9983636861748773 pos:0.0016363138251227472 
cv350_20670.txt pos pos:1.0 neg:1.8447103093000952E-25 
cv591_23640.txt pos pos:1.0 neg:1.3011647513471478E-62 
cv280_8267.txt pos pos:0.9999990023608757 neg:9.976391243039775E-7 
cv082_11080.txt pos neg:1.0 pos:1.4589411709820195E-46 
cv754_7216.txt pos pos:0.9999997348537427 neg:2.651462573192069E-7 
cv761_12620.txt pos neg:1.0 pos:1.9373040101480773E-32 
cv609_23877.txt pos pos:1.0 neg:2.4018700701313176E-43 
cv190_27052.txt pos pos:1.0 neg:4.586957470249468E-69 
cv562_10359.txt pos pos:0.9599097718404846 neg:0.040090228159515344 
cv814_18975.txt pos pos:1.0 neg:2.0949865494429047E-20 
cv245_8569.txt pos pos:1.0 neg:1.6669463932931625E-62 
cv117_24295.txt pos pos:1.0 neg:1.6749454316748597E-50 
cv465_22431.txt pos pos:1.0 neg:7.524979506288267E-32 
cv899_16014.txt pos pos:1.0 neg:6.803783905019237E-63 
cv667_18467.txt pos pos:1.0 neg:5.724267174838309E-174 
cv852_27523.txt pos pos:1.0 neg:6.2095139167721644E-21 
cv821_29364.txt pos pos:1.0 neg:6.522639511873683E-28 
cv805_19601.txt pos pos:1.0 neg:5.891407215417033E-82 
cv064_24576.txt pos pos:1.0 neg:3.860086301693232E-93 
cv173_4471.txt pos pos:0.9999999999999374 neg:6.251533021008188E-14 
cv845_14290.txt pos pos:1.0 neg:1.7960877655418657E-21 
cv634_11101.txt pos pos:1.0 neg:1.710125416189271E-86 
cv085_1381.txt pos pos:1.0 neg:1.4261162989927687E-49 
cv556_14808.txt pos pos:1.0 neg:3.069540243746288E-131 
cv536_27134.txt pos neg:0.9405464516080052 pos:0.059453548391994855 
cv027_25219.txt pos pos:1.0 neg:2.1237450561180117E-187 
cv379_21963.txt pos pos:1.0 neg:8.50514118224337E-46 
cv028_26746.txt pos neg:1.0 pos:2.754059193778879E-46 
cv404_20315.txt pos pos:0.9565420555201503 neg:0.04345794447984964 
cv124_4122.txt pos pos:1.0 neg:2.9836141415765966E-31 
cv062_23115.txt pos pos:1.0 neg:9.134647674860592E-33 
cv983_22928.txt pos pos:1.0 neg:1.0093348625325883E-32 
cv774_13845.txt pos pos:1.0 neg:2.7774778130675247E-31 
cv409_29786.txt pos pos:1.0 neg:8.735469095323896E-70 
cv982_21103.txt pos pos:1.0 neg:3.8216747139206055E-45 
cv589_12064.txt pos pos:1.0 neg:8.954300236515662E-91 
cv232_14991.txt pos pos:1.0 neg:3.628399681953207E-24 
cv382_7897.txt pos pos:1.0 neg:7.36127552190822E-90 
cv368_10466.txt pos pos:1.0 neg:1.4147707149537274E-92 
cv202_10654.txt pos pos:1.0 neg:2.0217349653378793E-104 
cv168_7050.txt pos pos:1.0 neg:8.384038345871455E-170 
cv862_14324.txt pos pos:1.0 neg:1.312455589615229E-151 
cv484_25054.txt pos pos:1.0 neg:5.240763292909313E-24 
cv891_6385.txt pos neg:1.0 pos:2.189893362075467E-25 
cv065_15248.txt pos pos:1.0 neg:5.299782050191206E-158 
cv138_12721.txt pos neg:1.0 pos:1.9882425341246987E-42 
cv829_20289.txt pos pos:1.0 neg:3.202244993184127E-20 
cv291_26635.txt pos pos:0.9999999999715081 neg:2.8491983736224864E-11 
cv699_7223.txt pos neg:0.9999999999999472 pos:5.288539234206951E-14 
cv918_2693.txt pos neg:1.0 pos:3.0426279751085782E-30 
cv715_18179.txt pos pos:0.9999999999999953 neg:4.563478308725478E-15 
cv643_29349.txt pos pos:1.0 neg:1.000849970115171E-27 
cv786_22497.txt pos pos:0.9998413144661542 neg:1.5868553384574974E-4 
cv767_14062.txt pos pos:0.999998613447873 neg:1.3865521270654927E-6 
Trial 0 Trainer NaiveBayesTrainer Training Data Confusion Matrix
Confusion Matrix, row=true, column=predicted  accuracy=0.9844444444444445
  label   0   1  |total
  0 neg 897   3  |900
  1 pos  25 875  |900

Trial 0 Trainer NaiveBayesTrainer training data accuracy= 0.9844444444444445
Trial 0 Trainer NaiveBayesTrainer Test Data Confusion Matrix
Confusion Matrix, row=true, column=predicted  accuracy=0.8
  label   0   1  |total
  0 neg  77  23  |100
  1 pos  17  83  |100

Trial 0 Trainer NaiveBayesTrainer test data accuracy= 0.8

NaiveBayesTrainer
Summary. train accuracy mean = 0.9844444444444445 stddev = 0.0 stderr = 0.0
Summary. test accuracy mean = 0.8 stddev = 0.0 stderr = 0.0
