
-------------------- Trial 0  --------------------

Trial 0 Training NaiveBayesTrainer with 1800 instances
Trial 0 Training NaiveBayesTrainer finished
Trial 0 Trainer NaiveBayesTrainer
 Raw Testing Data
cv295_17060.txt neg neg:1.0 pos:8.955785464210576E-51 
cv010_29063.txt neg pos:1.0 neg:8.251459733162309E-40 
cv581_20790.txt neg neg:1.0 pos:7.249738085487459E-85 
cv683_13047.txt neg neg:1.0 pos:4.492053771109472E-18 
cv137_17020.txt neg neg:1.0 pos:1.5938759055596286E-67 
cv687_22207.txt neg neg:1.0 pos:1.0345124345323704E-55 
cv719_5581.txt neg neg:1.0 pos:2.331953797079251E-50 
cv396_19127.txt neg neg:1.0 pos:3.66109640267162E-26 
cv733_9891.txt neg neg:1.0 pos:1.0153986604110912E-18 
cv664_4264.txt neg neg:1.0 pos:3.87126915452664E-54 
cv166_11959.txt neg neg:1.0 pos:4.5138524260933274E-94 
cv282_6833.txt neg neg:0.9999999999662674 pos:3.373247647348276E-11 
cv065_16909.txt neg neg:1.0 pos:6.022408958771906E-73 
cv516_12117.txt neg pos:0.9999974138615516 neg:2.58613844844431E-6 
cv577_28220.txt neg neg:1.0 pos:2.083913447897621E-59 
cv098_17021.txt neg neg:0.7465705390669222 pos:0.25342946093307783 
cv812_19051.txt neg neg:1.0 pos:1.0325163859778641E-57 
cv085_15286.txt neg neg:1.0 pos:9.517090945560431E-62 
cv043_16808.txt neg neg:1.0 pos:8.107505087926965E-52 
cv715_19246.txt neg neg:1.0 pos:1.2547650406294162E-28 
cv594_11945.txt neg neg:1.0 pos:1.268945398111705E-32 
cv100_12406.txt neg neg:1.0 pos:2.535344728726976E-88 
cv930_14949.txt neg neg:1.0 pos:1.374579801862891E-46 
cv348_19207.txt neg neg:1.0 pos:2.9207701685605644E-64 
cv691_5090.txt neg neg:1.0 pos:8.826484814591643E-104 
cv315_12638.txt neg neg:1.0 pos:6.669785766083436E-93 
cv729_10475.txt neg neg:1.0 pos:1.1876085150684491E-107 
cv529_10972.txt neg pos:1.0 neg:7.173747454068224E-96 
cv452_5179.txt neg neg:1.0 pos:3.0429928733323136E-20 
cv445_26683.txt neg neg:1.0 pos:5.909871681824075E-23 
cv487_11058.txt neg pos:1.0 neg:1.1593374765209666E-26 
cv340_14776.txt neg neg:0.9991840829073124 pos:8.159170926875688E-4 
cv903_18981.txt neg neg:0.9591518249251703 pos:0.04084817507482965 
cv680_10533.txt neg neg:1.0 pos:9.002833692927326E-77 
cv998_15691.txt neg neg:1.0 pos:1.108000417201026E-24 
cv268_20288.txt neg neg:1.0 pos:7.971878853035276E-59 
cv825_5168.txt neg neg:1.0 pos:8.11193620743908E-46 
cv037_19798.txt neg neg:1.0 pos:6.486408439867123E-85 
cv346_19198.txt neg neg:1.0 pos:1.7089200617674906E-73 
cv775_17966.txt neg neg:1.0 pos:4.518372583717946E-49 
cv530_17949.txt neg neg:0.9769445786994453 pos:0.0230554213005546 
cv541_28683.txt neg neg:1.0 pos:2.655884342589261E-46 
cv274_26379.txt neg neg:1.0 pos:3.738940916809396E-117 
cv081_18241.txt neg neg:0.9997956208955264 pos:2.0437910447352657E-4 
cv263_20693.txt neg neg:1.0 pos:1.0456185787929126E-114 
cv720_5383.txt neg neg:0.9999999999999996 pos:3.4830965541640713E-16 
cv217_28707.txt neg neg:1.0 pos:1.8031348764935588E-83 
cv379_23167.txt neg pos:0.9999999995780444 neg:4.2195568877646586E-10 
cv482_11233.txt neg neg:1.0 pos:3.069826202335704E-70 
cv254_5870.txt neg neg:1.0 pos:3.681473383367631E-28 
cv836_14311.txt neg neg:1.0 pos:1.3874808664967764E-31 
cv373_21872.txt neg neg:1.0 pos:1.0635342806378638E-76 
cv241_24602.txt neg neg:1.0 pos:4.8888247171262484E-46 
cv253_10190.txt neg neg:1.0 pos:7.394685564986261E-47 
cv234_22123.txt neg neg:1.0 pos:2.4332128743844702E-20 
cv382_8393.txt neg neg:1.0 pos:6.067422421676478E-30 
cv714_19704.txt neg neg:1.0 pos:5.6977664675770845E-111 
cv016_4348.txt neg neg:1.0 pos:5.065209575107626E-130 
cv874_12182.txt neg neg:1.0 pos:8.778803321000613E-97 
cv183_19826.txt neg neg:1.0 pos:8.712033316188987E-56 
cv276_17126.txt neg neg:1.0 pos:1.7558689121445102E-72 
cv738_10287.txt neg neg:1.0 pos:2.2432366764104454E-81 
cv938_10706.txt neg neg:1.0 pos:1.1109528928518924E-50 
cv583_29465.txt neg neg:0.999999987823231 pos:1.2176768922267817E-8 
cv726_4365.txt neg neg:1.0 pos:2.9652530405477023E-40 
cv793_15235.txt neg neg:1.0 pos:1.781130256849936E-51 
cv844_13890.txt neg neg:1.0 pos:2.40881419705253E-78 
cv792_3257.txt neg pos:0.9995309945569087 neg:4.6900544309129346E-4 
cv143_21158.txt neg neg:1.0 pos:2.8246943775931704E-24 
cv392_12238.txt neg pos:1.0 neg:3.64388781591717E-25 
cv465_23401.txt neg neg:1.0 pos:5.437052216676105E-29 
cv017_23487.txt neg neg:1.0 pos:2.585558704585779E-87 
cv561_9484.txt neg neg:1.0 pos:6.058196001041407E-46 
cv543_5107.txt neg neg:1.0 pos:1.0242647741467599E-29 
cv730_10729.txt neg neg:1.0 pos:2.7987921903662296E-72 
cv387_12391.txt neg neg:1.0 pos:6.83574612735071E-18 
cv026_29229.txt neg neg:1.0 pos:6.936909245719387E-58 
cv420_28631.txt neg neg:1.0 pos:1.741704189370227E-72 
cv759_15091.txt neg neg:0.9999999999999885 pos:1.1523463948803183E-14 
cv419_14799.txt neg neg:1.0 pos:1.0061538613587896E-85 
cv332_17997.txt neg neg:1.0 pos:4.5045272393745165E-65 
cv303_27366.txt neg pos:0.9999999999999996 neg:4.0157640523450514E-16 
cv500_10722.txt neg neg:1.0 pos:4.3251069428365085E-67 
cv311_17708.txt neg neg:1.0 pos:1.8307889348914316E-20 
cv855_22134.txt neg neg:1.0 pos:4.037008746415473E-67 
cv389_9611.txt neg neg:1.0 pos:8.051482801899644E-23 
cv474_10682.txt neg neg:1.0 pos:1.8013424803928383E-39 
cv791_17995.txt neg neg:1.0 pos:2.220258091665074E-51 
cv635_0984.txt neg neg:1.0 pos:4.9604459893134956E-104 
cv580_15681.txt neg pos:1.0 neg:1.4990639792881765E-29 
cv732_13092.txt neg pos:1.0 neg:1.0984029420730166E-34 
cv943_23547.txt neg neg:1.0 pos:1.1418959547321426E-68 
cv628_20758.txt neg neg:1.0 pos:3.855040940157633E-52 
cv273_28961.txt neg pos:1.0 neg:3.367244391168022E-54 
cv342_20917.txt neg neg:1.0 pos:2.369396504835031E-41 
cv702_12371.txt neg neg:1.0 pos:1.3122341616323895E-30 
cv993_29565.txt neg neg:1.0 pos:3.0895100217288828E-24 
cv769_8565.txt neg neg:1.0 pos:9.447487787993239E-19 
cv613_23104.txt neg neg:1.0 pos:9.842878071154655E-76 
cv667_19672.txt neg pos:1.0 neg:8.631681714741471E-52 
cv957_8737.txt pos pos:0.9999999888389385 neg:1.1161061404533677E-8 
cv038_9749.txt pos pos:0.9999989809574874 neg:1.019042512759916E-6 
cv739_11209.txt pos pos:1.0 neg:3.705356433401474E-142 
cv895_21022.txt pos pos:1.0 neg:5.571875860788776E-43 
cv305_9946.txt pos neg:0.9999999752068569 pos:2.4793143231052326E-8 
cv588_13008.txt pos pos:0.9999902577319673 neg:9.742268032683165E-6 
cv485_26649.txt pos pos:1.0 neg:3.089935040211198E-47 
cv260_13959.txt pos neg:0.9956781672340287 pos:0.0043218327659712685 
cv406_21020.txt pos pos:0.9773414098630736 neg:0.022658590136926435 
cv256_14740.txt pos pos:1.0 neg:2.4086366831441488E-120 
cv894_2068.txt pos neg:0.9999999999999996 pos:3.87333454257239E-16 
cv434_5793.txt pos neg:0.6673983690008845 pos:0.33260163099911555 
cv750_10180.txt pos pos:1.0 neg:1.2035495339551096E-59 
cv163_10052.txt pos pos:1.0 neg:1.4648762711336431E-189 
cv056_13133.txt pos pos:1.0 neg:1.9633603330714153E-85 
cv030_21593.txt pos pos:1.0 neg:5.3462240570426E-85 
cv195_14528.txt pos neg:0.9999999920793116 pos:7.920688556901602E-9 
cv415_22517.txt pos pos:1.0 neg:1.5788727999807346E-160 
cv915_8841.txt pos neg:1.0 pos:7.588473722928235E-41 
cv948_24606.txt pos pos:1.0 neg:9.329304527799449E-61 
cv602_8300.txt pos pos:0.9999999999660054 neg:3.3994623627253434E-11 
cv874_11236.txt pos pos:1.0 neg:7.675333716415464E-46 
cv717_15953.txt pos pos:1.0 neg:3.8936528121714326E-101 
cv494_17389.txt pos pos:1.0 neg:4.8927291645644085E-111 
cv838_24728.txt pos pos:1.0 neg:1.1028764190516871E-45 
cv847_1941.txt pos pos:0.9999983751198661 neg:1.624880133802661E-6 
cv827_18331.txt pos neg:0.9999999999991034 pos:8.965057669272714E-13 
cv825_5063.txt pos pos:0.9999755324516617 neg:2.446754833829638E-5 
cv710_22577.txt pos pos:1.0 neg:5.263353791169383E-54 
cv317_24049.txt pos neg:1.0 pos:2.668566780690616E-19 
cv437_22849.txt pos pos:1.0 neg:3.18426243718048E-66 
cv923_11051.txt pos pos:1.0 neg:2.77893065833804E-79 
cv016_4659.txt pos neg:0.9999999999208025 pos:7.919758878377073E-11 
cv295_15570.txt pos pos:0.9999999999904428 neg:9.557164890592635E-12 
cv870_16348.txt pos pos:1.0 neg:3.4553865384267664E-44 
cv119_9867.txt pos neg:1.0 pos:4.111819582882055E-23 
cv627_11620.txt pos neg:1.0 pos:2.1265621222906125E-33 
cv963_6895.txt pos pos:0.9949534246108285 neg:0.005046575389171471 
cv732_12245.txt pos pos:1.0 neg:4.6018957997604934E-114 
cv525_16122.txt pos pos:1.0 neg:5.197010294521822E-42 
cv608_23231.txt pos pos:1.0 neg:2.782382830613738E-32 
cv427_10825.txt pos neg:1.0 pos:3.2793578899264343E-18 
cv756_22540.txt pos pos:1.0 neg:7.77205112293666E-70 
cv994_12270.txt pos neg:1.0 pos:2.2612097210031756E-36 
cv928_9168.txt pos pos:0.999984066465254 neg:1.5933534745958636E-5 
cv879_14903.txt pos pos:1.0 neg:7.851931722525169E-27 
cv167_16376.txt pos pos:1.0 neg:3.848764001653816E-171 
cv134_22246.txt pos pos:1.0 neg:7.337762377956788E-56 
cv126_28971.txt pos neg:1.0 pos:9.913303608298535E-48 
cv632_9610.txt pos pos:0.9999986280253359 neg:1.3719746639657165E-6 
cv991_18645.txt pos neg:0.9999999994676481 pos:5.323519757510837E-10 
cv530_16212.txt pos pos:1.0 neg:2.5802553721293285E-42 
cv552_10016.txt pos pos:1.0 neg:1.4562508769126546E-180 
cv673_24714.txt pos pos:1.0 neg:2.734710093134131E-29 
cv265_10814.txt pos pos:1.0 neg:1.9293288142462323E-20 
cv446_11353.txt pos neg:1.0 pos:2.7812377045300104E-48 
cv973_10066.txt pos pos:1.0 neg:4.753246092131285E-26 
cv883_27751.txt pos pos:0.9999999999999991 neg:8.067779037879396E-16 
cv942_17082.txt pos neg:0.9999999999988867 pos:1.1132883612656131E-12 
cv399_2877.txt pos pos:1.0 neg:2.4908471335919148E-42 
cv733_9839.txt pos pos:1.0 neg:4.760535484832832E-75 
cv921_12747.txt pos pos:1.0 neg:3.3635141155453268E-37 
cv954_18628.txt pos neg:0.9991215961510861 pos:8.784038489140577E-4 
cv149_15670.txt pos neg:1.0 pos:7.071760618735048E-58 
cv081_16582.txt pos pos:1.0 neg:3.0923870492448105E-128 
cv113_23102.txt pos pos:1.0 neg:4.807930379785336E-98 
cv477_22479.txt pos pos:1.0 neg:1.4853929301566232E-81 
cv744_10038.txt pos neg:1.0 pos:3.966511342340842E-17 
cv501_11657.txt pos pos:1.0 neg:3.7028539505119565E-35 
cv747_16556.txt pos pos:1.0 neg:3.840713808931732E-63 
cv268_18834.txt pos pos:0.9999999999981972 neg:1.8028672345552938E-12 
cv489_17906.txt pos neg:1.0 pos:1.2919226084696138E-43 
cv540_3421.txt pos pos:1.0 neg:1.5302563512269094E-70 
cv442_13846.txt pos pos:1.0 neg:4.506610408730241E-55 
cv757_10189.txt pos pos:1.0 neg:2.3780378007137733E-52 
cv843_15544.txt pos pos:1.0 neg:1.281686342282108E-31 
cv441_13711.txt pos pos:1.0 neg:2.7180731153600593E-23 
cv900_10331.txt pos pos:1.0 neg:1.514932066180224E-56 
cv500_10251.txt pos pos:0.9999999989049868 neg:1.0950131113280764E-9 
cv714_18502.txt pos pos:1.0 neg:1.4066205807040382E-93 
cv001_18431.txt pos pos:1.0 neg:3.3649446074697314E-41 
cv537_12370.txt pos pos:0.9969257160982293 neg:0.003074283901770743 
cv858_18819.txt pos neg:0.9999999999998592 pos:1.4068664170981744E-13 
cv278_13041.txt pos pos:1.0 neg:1.6123785276796238E-143 
cv032_22550.txt pos pos:1.0 neg:3.6224685427581464E-78 
cv217_28842.txt pos pos:1.0 neg:8.197635368469026E-28 
cv017_22464.txt pos pos:1.0 neg:1.1771712613203867E-113 
cv321_12843.txt pos pos:1.0 neg:1.0448583235946507E-103 
cv068_13400.txt pos pos:1.0 neg:3.775490565839544E-37 
cv123_11182.txt pos pos:1.0 neg:3.6397922799672048E-68 
cv251_22636.txt pos pos:1.0 neg:6.08151808599307E-27 
cv932_13401.txt pos neg:1.0 pos:7.678463353728874E-73 
cv614_10626.txt pos pos:0.999998771659186 neg:1.2283408139421157E-6 
cv792_3832.txt pos neg:1.0 pos:1.8432319931087278E-58 
cv671_5054.txt pos pos:1.0 neg:9.505242209706587E-49 
cv440_15243.txt pos pos:1.0 neg:2.7808714896851843E-80 
cv772_12119.txt pos pos:1.0 neg:1.9750354355900546E-105 
cv976_10267.txt pos pos:1.0 neg:5.636641822414397E-25 
cv679_28559.txt pos pos:0.9933856282432524 neg:0.006614371756747733 
cv076_24945.txt pos pos:1.0 neg:3.7905055419934976E-53 
Trial 0 Trainer NaiveBayesTrainer Training Data Confusion Matrix
Confusion Matrix, row=true, column=predicted  accuracy=0.9872222222222222
  label   0   1  |total
  0 neg 896   4  |900
  1 pos  19 881  |900

Trial 0 Trainer NaiveBayesTrainer training data accuracy= 0.9872222222222222
Trial 0 Trainer NaiveBayesTrainer Test Data Confusion Matrix
Confusion Matrix, row=true, column=predicted  accuracy=0.82
  label   0   1  |total
  0 neg  88  12  |100
  1 pos  24  76  |100

Trial 0 Trainer NaiveBayesTrainer test data accuracy= 0.82

NaiveBayesTrainer
Summary. train accuracy mean = 0.9872222222222222 stddev = 0.0 stderr = 0.0
Summary. test accuracy mean = 0.82 stddev = 0.0 stderr = 0.0
