
-------------------- Trial 0  --------------------

Trial 0 Training NaiveBayesTrainer with 1800 instances
Trial 0 Training NaiveBayesTrainer finished
Trial 0 Trainer NaiveBayesTrainer
 Raw Testing Data
cv329_29293.txt neg neg:1.0 pos:1.3152935831211982E-29 
cv926_18471.txt neg pos:1.0 neg:1.1791186565505956E-175 
cv307_26382.txt neg neg:1.0 pos:3.591956965492792E-34 
cv565_29403.txt neg neg:1.0 pos:1.1212369729448498E-135 
cv109_22599.txt neg pos:0.9999999701323339 neg:2.9867666052349375E-8 
cv476_18402.txt neg neg:1.0 pos:6.168103537871341E-63 
cv366_10709.txt neg neg:1.0 pos:1.7489386565871647E-67 
cv727_5006.txt neg neg:0.9999749585013773 pos:2.5041498622632014E-5 
cv602_8830.txt neg pos:0.9999999999573792 neg:4.2620685362593095E-11 
cv351_17029.txt neg neg:1.0 pos:5.668888324912004E-64 
cv777_10247.txt neg neg:1.0 pos:6.298717742205654E-45 
cv570_28960.txt neg pos:0.9999999954885088 neg:4.511491063161487E-9 
cv056_14663.txt neg neg:1.0 pos:2.9342483821106195E-40 
cv900_10800.txt neg neg:1.0 pos:4.4745696476448785E-67 
cv230_7913.txt neg neg:1.0 pos:5.0905320513031125E-50 
cv965_26688.txt neg neg:1.0 pos:4.150101008840523E-25 
cv495_16121.txt neg neg:1.0 pos:3.8095176235644985E-41 
cv054_4101.txt neg pos:0.9907456276423968 neg:0.009254372357603263 
cv036_18385.txt neg neg:1.0 pos:7.974172982185299E-19 
cv739_12179.txt neg neg:0.9999999657886417 pos:3.421135845368192E-8 
cv574_23191.txt neg neg:1.0 pos:3.766902040746602E-102 
cv006_17022.txt neg neg:1.0 pos:2.5848879548612744E-39 
cv555_25047.txt neg neg:1.0 pos:7.151993051710161E-26 
cv609_25038.txt neg neg:1.0 pos:2.9886948816215503E-18 
cv251_23901.txt neg neg:1.0 pos:2.96966143995171E-196 
cv441_15276.txt neg neg:0.9999999999997378 pos:2.622698023061353E-13 
cv763_16486.txt neg neg:1.0 pos:3.629387309091251E-34 
cv197_29271.txt neg neg:0.9999999999930527 pos:6.947294664655858E-12 
cv944_15042.txt neg neg:1.0 pos:6.900122700774749E-42 
cv058_8469.txt neg neg:0.99999999951128 pos:4.887199717655651E-10 
cv740_13643.txt neg pos:0.9999988318246933 neg:1.168175306765013E-6 
cv880_29629.txt neg pos:1.0 neg:1.2204119088887409E-17 
cv436_20564.txt neg neg:1.0 pos:2.751042878987051E-48 
cv984_14006.txt neg neg:1.0 pos:1.2320561223016594E-28 
cv735_20218.txt neg neg:1.0 pos:9.420111579148113E-27 
cv461_21124.txt neg pos:0.9999999762649293 neg:2.3735070574818243E-8 
cv229_15200.txt neg neg:1.0 pos:3.887249509700667E-39 
cv278_14533.txt neg pos:1.0 neg:2.3054614556598404E-19 
cv995_23113.txt neg neg:1.0 pos:1.3866718506009485E-109 
cv846_29359.txt neg neg:1.0 pos:1.106240682494558E-36 
cv858_20266.txt neg neg:1.0 pos:9.712841835145842E-65 
cv872_13710.txt neg neg:1.0 pos:3.34247056117404E-59 
cv539_21865.txt neg neg:1.0 pos:5.326406206832183E-87 
cv484_26169.txt neg neg:1.0 pos:1.2360224158060382E-96 
cv324_7502.txt neg pos:1.0 neg:1.3231364282137329E-48 
cv386_10229.txt neg neg:1.0 pos:1.620596633655037E-33 
cv087_2145.txt neg neg:1.0 pos:4.7782963306684025E-74 
cv287_17410.txt neg neg:1.0 pos:2.1963211009680707E-31 
cv848_10061.txt neg neg:1.0 pos:8.19607978866492E-74 
cv368_11090.txt neg neg:1.0 pos:1.654657772192398E-86 
cv464_17076.txt neg neg:1.0 pos:7.514436317646702E-45 
cv768_12709.txt neg neg:1.0 pos:2.6135035782434587E-80 
cv246_28668.txt neg neg:1.0 pos:9.42483922561505E-64 
cv850_18185.txt neg neg:0.9913896964107113 pos:0.008610303589288788 
cv840_18033.txt neg pos:0.936666216424458 neg:0.06333378357554204 
cv046_10613.txt neg neg:1.0 pos:5.844313765209746E-83 
cv742_8279.txt neg neg:0.9933574946455122 pos:0.006642505354487733 
cv264_14108.txt neg neg:1.0 pos:2.3451525714002212E-33 
cv592_23391.txt neg neg:1.0 pos:3.870793379970946E-43 
cv582_6678.txt neg neg:1.0 pos:3.418978829764737E-21 
cv684_12727.txt neg neg:1.0 pos:8.145248861009951E-44 
cv414_11161.txt neg neg:1.0 pos:4.666176618144284E-43 
cv703_17948.txt neg neg:0.9999999999293068 pos:7.069321954478032E-11 
cv168_7435.txt neg neg:0.9999996527918327 pos:3.472081673835134E-7 
cv807_23024.txt neg neg:1.0 pos:3.6363243359304774E-249 
cv050_12128.txt neg neg:1.0 pos:3.302168213270852E-75 
cv064_25842.txt neg neg:1.0 pos:6.6571501226398125E-59 
cv571_29292.txt neg pos:1.0 neg:1.8252860508437898E-64 
cv871_25971.txt neg neg:1.0 pos:5.57301670796342E-95 
cv356_26170.txt neg neg:0.9930749131390199 pos:0.006925086860980207 
cv451_11502.txt neg neg:1.0 pos:7.934210211492531E-121 
cv327_21743.txt neg neg:1.0 pos:7.340242919828222E-68 
cv458_9000.txt neg neg:1.0 pos:1.916480344059635E-38 
cv416_12048.txt neg neg:1.0 pos:7.871626005384013E-100 
cv532_6495.txt neg neg:0.999999999999494 pos:5.060098727402689E-13 
cv011_13044.txt neg neg:0.9840800038822247 pos:0.015919996117775167 
cv155_7845.txt neg neg:1.0 pos:1.5638186286858134E-54 
cv847_20855.txt neg neg:1.0 pos:8.110503545541144E-25 
cv772_12971.txt neg neg:1.0 pos:5.0579898541823725E-152 
cv187_14112.txt neg neg:1.0 pos:4.337229450265123E-32 
cv918_27080.txt neg neg:1.0 pos:3.679967874990757E-56 
cv258_5627.txt neg neg:1.0 pos:3.99235582606089E-49 
cv288_20212.txt neg neg:1.0 pos:2.377014803885374E-46 
cv833_11961.txt neg neg:1.0 pos:8.872479014181769E-85 
cv603_18885.txt neg pos:0.9999999235226916 neg:7.647730848281326E-8 
cv892_18788.txt neg neg:1.0 pos:1.9201501013244595E-45 
cv786_23608.txt neg neg:1.0 pos:5.065679147194805E-34 
cv885_13390.txt neg neg:1.0 pos:2.5103500520377736E-46 
cv859_15689.txt neg pos:1.0 neg:3.1413729809567944E-30 
cv649_13947.txt neg neg:1.0 pos:8.887593467704626E-28 
cv318_11146.txt neg neg:1.0 pos:5.056626988385553E-107 
cv573_29384.txt neg neg:0.999999999999992 pos:8.003767492455901E-15 
cv210_9557.txt neg neg:0.9877843651386886 pos:0.012215634861311463 
cv706_25883.txt neg neg:1.0 pos:5.305969042195354E-79 
cv953_7078.txt neg neg:1.0 pos:1.1711576201378447E-64 
cv228_5644.txt neg neg:0.9999997650670785 pos:2.3493292141597762E-7 
cv755_24881.txt neg neg:1.0 pos:3.343724764886077E-142 
cv551_11214.txt neg neg:1.0 pos:1.1278029513319615E-18 
cv123_12165.txt neg neg:1.0 pos:2.1110657612828655E-66 
cv784_16077.txt neg neg:1.0 pos:9.129071804963395E-74 
cv981_14989.txt pos pos:1.0 neg:3.8696768583979397E-88 
cv758_9671.txt pos pos:0.9999999999999996 neg:4.498519693556261E-16 
cv463_10343.txt pos pos:1.0 neg:3.56247622991733E-49 
cv106_16807.txt pos pos:1.0 neg:1.037652570978242E-57 
cv944_13521.txt pos pos:1.0 neg:4.756967200526227E-17 
cv296_12251.txt pos neg:1.0 pos:1.1369873385558992E-18 
cv695_21108.txt pos pos:1.0 neg:1.3963772046044514E-107 
cv587_19162.txt pos pos:1.0 neg:1.7866743346297977E-34 
cv165_22619.txt pos pos:1.0 neg:8.859671254158715E-33 
cv865_2895.txt pos pos:1.0 neg:2.101773756604643E-60 
cv307_25270.txt pos neg:0.9999999999609097 pos:3.9090206649133676E-11 
cv777_10094.txt pos pos:1.0 neg:2.85494998613736E-83 
cv418_14774.txt pos pos:1.0 neg:4.608971425675773E-17 
cv387_11507.txt pos pos:1.0 neg:1.2258972289963393E-31 
cv889_21430.txt pos neg:1.0 pos:3.6927000469644034E-32 
cv052_29378.txt pos pos:1.0 neg:1.3249564550292348E-20 
cv725_10103.txt pos pos:0.9999998441461274 neg:1.55853872553845E-7 
cv130_17083.txt pos pos:1.0 neg:3.279958214493278E-55 
cv550_22211.txt pos neg:1.0 pos:2.7710684495667826E-52 
cv577_28549.txt pos pos:1.0 neg:4.9E-324 
cv613_21796.txt pos pos:1.0 neg:5.653824818013217E-41 
cv414_10518.txt pos pos:1.0 neg:9.511848415611453E-164 
cv703_16143.txt pos pos:1.0 neg:3.2817600012842375E-17 
cv104_18134.txt pos pos:1.0 neg:2.282753094098629E-17 
cv475_21692.txt pos pos:1.0 neg:1.786249315655725E-50 
cv547_16324.txt pos pos:1.0 neg:7.761740329597526E-43 
cv809_5009.txt pos pos:1.0 neg:1.2968763372507068E-70 
cv430_17351.txt pos pos:1.0 neg:2.0372035127915222E-19 
cv474_10209.txt pos pos:1.0 neg:1.856491482475708E-53 
cv000_29590.txt pos neg:1.0 pos:3.4856021270619156E-26 
cv469_20630.txt pos pos:1.0 neg:1.6072557460347079E-142 
cv977_4938.txt pos pos:1.0 neg:3.7735549460226865E-28 
cv015_29439.txt pos pos:1.0 neg:6.555571482866983E-30 
cv771_28665.txt pos pos:1.0 neg:9.002047974050524E-150 
cv763_14729.txt pos pos:0.9999999999999964 neg:3.4725699818152726E-15 
cv611_21120.txt pos neg:0.9999999999999998 pos:2.4692415940462953E-16 
cv585_22496.txt pos pos:1.0 neg:2.639914760934993E-84 
cv906_11491.txt pos pos:1.0 neg:2.514271083657503E-24 
cv868_11948.txt pos pos:1.0 neg:4.130210843818259E-36 
cv696_29740.txt pos pos:1.0 neg:2.411873381412353E-68 
cv974_22941.txt pos pos:1.0 neg:3.596609938694968E-47 
cv605_11800.txt pos pos:1.0 neg:1.6864920843276383E-76 
cv160_10362.txt pos pos:1.0 neg:1.7696416163405403E-69 
cv692_15451.txt pos pos:1.0 neg:6.278402359278871E-134 
cv176_12857.txt pos pos:0.9999999999994424 neg:5.575582382294885E-13 
cv401_12605.txt pos pos:1.0 neg:1.5100993589963608E-46 
cv559_0050.txt pos pos:1.0 neg:1.2658506116845831E-49 
cv403_6621.txt pos neg:0.9999999493043569 pos:5.0695643073020376E-8 
cv035_3954.txt pos pos:1.0 neg:4.2669991377592087E-19 
cv473_7367.txt pos pos:0.999999999992681 neg:7.31894495795165E-12 
cv624_10744.txt pos pos:1.0 neg:2.4598136665984235E-145 
cv683_12167.txt pos pos:1.0 neg:1.2584605652575659E-124 
cv461_19600.txt pos pos:1.0 neg:7.903800492719505E-75 
cv633_29837.txt pos pos:1.0 neg:1.246382661767549E-139 
cv054_4230.txt pos neg:0.999937265113289 pos:6.27348867110621E-5 
cv832_23275.txt pos pos:1.0 neg:4.0954896323593435E-37 
cv478_14309.txt pos pos:1.0 neg:4.8870114618139275E-77 
cv940_17705.txt pos pos:0.999999999999863 neg:1.3695529864154213E-13 
cv107_24319.txt pos neg:1.0 pos:1.3311077507935124E-23 
cv302_25649.txt pos pos:1.0 neg:2.812163926557605E-71 
cv884_13632.txt pos neg:1.0 pos:1.1645536208123746E-36 
cv619_12462.txt pos pos:1.0 neg:1.5753394358972638E-45 
cv273_29112.txt pos pos:1.0 neg:4.975550369459578E-82 
cv359_6647.txt pos pos:0.9999999999999656 neg:3.4339706320638445E-14 
cv945_12160.txt pos pos:1.0 neg:2.9800062905972825E-37 
cv841_3967.txt pos neg:0.9999999964910651 pos:3.5089349253081993E-9 
cv125_9391.txt pos pos:0.9185773797987139 neg:0.08142262020128618 
cv212_10027.txt pos pos:1.0 neg:8.474132260130117E-25 
cv262_12649.txt pos pos:1.0 neg:2.0782560318072025E-85 
cv487_10446.txt pos pos:1.0 neg:7.765029078865481E-52 
cv820_22892.txt pos pos:1.0 neg:2.2592028042164004E-43 
cv092_28017.txt pos pos:1.0 neg:3.2295633763433703E-26 
cv007_4968.txt pos pos:1.0 neg:6.470128735505747E-38 
cv807_21740.txt pos pos:1.0 neg:2.1147047391355282E-32 
cv395_10849.txt pos pos:1.0 neg:4.683939876552077E-21 
cv171_13537.txt pos pos:0.999999999965582 neg:3.441801576038685E-11 
cv823_15569.txt pos pos:1.0 neg:3.4405735934992594E-60 
cv493_12839.txt pos neg:0.9999998879010671 pos:1.1209893290791684E-7 
cv718_11434.txt pos pos:1.0 neg:1.710774939609475E-37 
cv561_9201.txt pos pos:1.0 neg:2.2786766412504216E-72 
cv892_17576.txt pos pos:1.0 neg:3.334039254992147E-40 
cv002_15918.txt pos neg:0.6544147307947562 pos:0.34558526920524374 
cv938_10220.txt pos pos:0.99999999999997 neg:3.006647081530231E-14 
cv157_29372.txt pos pos:1.0 neg:2.364635743033562E-28 
cv678_13419.txt pos pos:1.0 neg:3.0793231430938962E-217 
cv855_20661.txt pos pos:1.0 neg:5.401745631338524E-72 
cv373_20404.txt pos pos:1.0 neg:5.020177099847852E-27 
cv542_18980.txt pos pos:1.0 neg:1.0409362729887103E-17 
cv967_5788.txt pos pos:1.0 neg:3.184214112620796E-35 
cv526_12083.txt pos pos:1.0 neg:8.716708452716853E-47 
cv098_15435.txt pos neg:1.0 pos:6.833811007574832E-23 
cv169_23778.txt pos pos:1.0 neg:1.9077887528182167E-100 
cv131_10713.txt pos pos:1.0 neg:1.3672728322544367E-81 
cv140_7479.txt pos pos:1.0 neg:1.6270079194561817E-59 
cv358_10691.txt pos pos:1.0 neg:6.684895548708748E-55 
cv645_15668.txt pos pos:1.0 neg:4.448642738380614E-67 
cv436_19179.txt pos pos:1.0 neg:1.497611108919307E-150 
cv905_29114.txt pos pos:1.0 neg:6.173657506003815E-140 
cv486_9799.txt pos pos:1.0 neg:3.1020797864393875E-34 
cv281_23253.txt pos pos:1.0 neg:8.051266395585086E-45 
Trial 0 Trainer NaiveBayesTrainer Training Data Confusion Matrix
Confusion Matrix, row=true, column=predicted  accuracy=0.9866666666666667
  label   0   1  |total
  0 neg 896   4  |900
  1 pos  20 880  |900

Trial 0 Trainer NaiveBayesTrainer training data accuracy= 0.9866666666666667
Trial 0 Trainer NaiveBayesTrainer Test Data Confusion Matrix
Confusion Matrix, row=true, column=predicted  accuracy=0.86
  label   0   1  |total
  0 neg  86  14  |100
  1 pos  14  86  |100

Trial 0 Trainer NaiveBayesTrainer test data accuracy= 0.86

NaiveBayesTrainer
Summary. train accuracy mean = 0.9866666666666667 stddev = 0.0 stderr = 0.0
Summary. test accuracy mean = 0.86 stddev = 0.0 stderr = 0.0
