
-------------------- Trial 0  --------------------

Trial 0 Training NaiveBayesTrainer with 1800 instances
Trial 0 Training NaiveBayesTrainer finished
Trial 0 Trainer NaiveBayesTrainer
 Raw Testing Data
cv756_23676.txt neg neg:1.0 pos:1.2755953219652478E-47 
cv533_9843.txt neg pos:0.9999999999933964 neg:6.603516163429703E-12 
cv749_18960.txt neg neg:1.0 pos:4.0523732557801595E-107 
cv534_15683.txt neg neg:1.0 pos:5.537242989245059E-38 
cv326_14777.txt neg neg:1.0 pos:1.563325878973502E-20 
cv552_0150.txt neg neg:1.0 pos:2.012941492902769E-61 
cv657_25835.txt neg neg:1.0 pos:5.0596867475462315E-43 
cv731_3968.txt neg neg:0.6203831547598374 pos:0.37961684524016254 
cv535_21183.txt neg neg:1.0 pos:2.0089145552577325E-37 
cv656_25395.txt neg neg:1.0 pos:1.1240676038040842E-163 
cv322_21820.txt neg neg:1.0 pos:3.4710251183791747E-38 
cv817_3675.txt neg neg:1.0 pos:1.0465116860131256E-45 
cv427_11693.txt neg pos:1.0 neg:2.1120486783078212E-71 
cv460_11723.txt neg neg:0.999999999990205 pos:9.795053923599468E-12 
cv367_24065.txt neg neg:1.0 pos:7.432906849707875E-147 
cv293_29731.txt neg neg:1.0 pos:1.7018119340106425E-108 
cv672_27988.txt neg neg:1.0 pos:6.4126082645482344E-68 
cv437_24070.txt neg neg:1.0 pos:1.073793068407219E-103 
cv814_20316.txt neg neg:1.0 pos:3.906301271921749E-42 
cv205_9676.txt neg neg:0.9999987287096982 pos:1.2712903018228712E-6 
cv417_14653.txt neg pos:1.0 neg:3.4754426116163093E-23 
cv515_18484.txt neg neg:1.0 pos:8.034328112765268E-19 
cv521_1730.txt neg neg:1.0 pos:1.794378281355911E-17 
cv572_20053.txt neg neg:1.0 pos:1.0264195752678532E-59 
cv932_14854.txt neg neg:1.0 pos:6.708177629171305E-56 
cv986_15092.txt neg neg:1.0 pos:7.561625042561271E-31 
cv518_14798.txt neg neg:1.0 pos:7.759819447616267E-39 
cv523_18285.txt neg neg:1.0 pos:1.6576926061742446E-50 
cv645_17078.txt neg neg:1.0 pos:1.1817319875074535E-108 
cv014_15600.txt neg neg:1.0 pos:1.8825229202455803E-54 
cv747_18189.txt neg pos:1.0 neg:5.783201654844457E-37 
cv794_17353.txt neg neg:1.0 pos:2.2228157189726073E-41 
cv364_14254.txt neg neg:1.0 pos:2.801789371692543E-134 
cv177_10904.txt neg neg:0.7657617654197673 pos:0.2342382345802328 
cv991_19973.txt neg pos:0.9999488602747364 neg:5.1139725263639556E-5 
cv207_29141.txt neg neg:1.0 pos:2.725858692915715E-24 
cv701_15880.txt neg neg:1.0 pos:5.599471205174443E-47 
cv922_10185.txt neg neg:1.0 pos:4.673412441614413E-17 
cv912_5562.txt neg neg:1.0 pos:9.509081439256019E-75 
cv022_14227.txt neg neg:1.0 pos:3.274167912133949E-78 
cv275_28725.txt neg neg:0.9999999998176163 pos:1.8238362840854985E-10 
cv133_18065.txt neg neg:1.0 pos:3.5000110509134615E-45 
cv435_24355.txt neg pos:0.9999999439499179 neg:5.60500820735809E-8 
cv802_28381.txt neg neg:1.0 pos:5.265014238454343E-35 
cv070_13249.txt neg neg:1.0 pos:7.329978714762707E-185 
cv950_13478.txt neg neg:1.0 pos:1.0491474714541375E-84 
cv433_10443.txt neg neg:1.0 pos:4.990820582382978E-19 
cv969_14760.txt neg neg:0.9999997213168341 pos:2.7868316600556225E-7 
cv531_26838.txt neg pos:1.0 neg:1.1725890238550434E-24 
cv439_17633.txt neg neg:1.0 pos:4.042467152181083E-37 
cv863_7912.txt neg neg:1.0 pos:2.5485268781195496E-50 
cv822_21545.txt neg neg:1.0 pos:5.47718372872972E-111 
cv126_28821.txt neg neg:1.0 pos:6.367656796671165E-113 
cv390_12187.txt neg neg:0.9999999999982059 pos:1.794062244600957E-12 
cv442_15499.txt neg neg:0.987213611244538 pos:0.012786388755462145 
cv507_9509.txt neg neg:1.0 pos:1.2797092048916353E-102 
cv473_7869.txt neg neg:1.0 pos:7.472320243472735E-66 
cv509_17354.txt neg neg:1.0 pos:3.781957317932739E-17 
cv138_13903.txt neg neg:1.0 pos:3.966530852160769E-125 
cv105_19135.txt neg neg:1.0 pos:2.0318924250830185E-56 
cv823_17055.txt neg neg:1.0 pos:1.1161196117697187E-71 
cv422_9632.txt neg neg:1.0 pos:3.676416714598105E-58 
cv259_11827.txt neg neg:1.0 pos:9.4607092593373E-65 
cv421_9752.txt neg neg:1.0 pos:1.2082466084803576E-32 
cv803_8584.txt neg neg:0.9998029941785535 pos:1.9700582144663938E-4 
cv428_12202.txt neg neg:1.0 pos:8.499330500047633E-144 
cv406_22199.txt neg neg:1.0 pos:1.0264640584202891E-75 
cv352_5414.txt neg neg:1.0 pos:1.4892030138750506E-24 
cv806_9405.txt neg neg:1.0 pos:4.483299424703153E-33 
cv795_10291.txt neg neg:1.0 pos:1.6932118982510962E-58 
cv350_22139.txt neg neg:1.0 pos:4.096843527935555E-43 
cv377_8440.txt neg neg:0.9999999999871743 pos:1.282575042830466E-11 
cv502_10970.txt neg neg:1.0 pos:3.462789446014358E-51 
cv936_17473.txt neg neg:1.0 pos:3.714915976216448E-90 
cv475_22978.txt neg pos:1.0 neg:2.584255275389229E-44 
cv913_29127.txt neg neg:0.9999999999999951 pos:4.935191727289078E-15 
cv838_25886.txt neg pos:1.0 neg:3.1161616187022686E-27 
cv675_22871.txt neg neg:0.9999999592109402 pos:4.0789059763820706E-8 
cv425_8603.txt neg neg:1.0 pos:4.498077764734307E-44 
cv492_19370.txt neg neg:1.0 pos:2.6642574748734664E-17 
cv988_20168.txt neg neg:1.0 pos:2.3641210839013908E-71 
cv201_7421.txt neg neg:0.9999999995968232 pos:4.0317693506714746E-10 
cv297_10104.txt neg neg:1.0 pos:5.3179934784866534E-46 
cv478_15921.txt neg neg:1.0 pos:3.3268109148312753E-104 
cv615_15734.txt neg neg:1.0 pos:1.8796771139528057E-44 
cv596_4367.txt neg neg:1.0 pos:6.104051641037468E-38 
cv247_14668.txt neg neg:0.9999999917243266 pos:8.275673406819845E-9 
cv131_11568.txt neg neg:1.0 pos:3.76950728698557E-25 
cv135_12506.txt neg neg:1.0 pos:5.54244594802585E-29 
cv642_29788.txt neg neg:1.0 pos:5.4113910238233913E-20 
cv479_5450.txt neg neg:1.0 pos:7.264029024124422E-92 
cv783_14724.txt neg neg:1.0 pos:7.927549617972295E-30 
cv879_16585.txt neg neg:1.0 pos:2.274513333928435E-21 
cv117_25625.txt neg neg:1.0 pos:7.0291901207821085E-40 
cv174_9735.txt neg neg:1.0 pos:1.4973646922795144E-27 
cv004_12641.txt neg neg:1.0 pos:1.125810689118658E-46 
cv966_28671.txt neg neg:1.0 pos:1.2582948649424921E-26 
cv860_15520.txt neg neg:0.9999999981246361 pos:1.875363956081967E-9 
cv704_17622.txt neg neg:1.0 pos:2.180163050068876E-22 
cv343_10906.txt neg pos:0.6984057109438119 neg:0.3015942890561881 
cv372_6552.txt pos neg:0.999994612233675 pos:5.387766325090231E-6 
cv241_23130.txt pos pos:1.0 neg:1.7103411632065776E-63 
cv700_21947.txt pos neg:1.0 pos:1.326318951827159E-45 
cv272_18974.txt pos pos:1.0 neg:1.0359793526076318E-57 
cv096_11474.txt pos pos:1.0 neg:2.0502889292953568E-81 
cv177_10367.txt pos pos:1.0 neg:9.860144168585785E-51 
cv986_13527.txt pos neg:1.0 pos:3.03194954019109E-27 
cv800_12368.txt pos pos:1.0 neg:2.152913270199453E-101 
cv102_7846.txt pos pos:1.0 neg:6.246092297575709E-50 
cv352_5524.txt pos pos:0.9999999999651077 neg:3.489241876799935E-11 
cv701_14252.txt pos pos:1.0 neg:5.159522454103424E-55 
cv346_18168.txt pos neg:0.9999999999999807 pos:1.9391737950098542E-14 
cv141_15686.txt pos pos:0.867852783023765 neg:0.132147216976235 
cv006_15448.txt pos pos:1.0 neg:8.703867347039698E-104 
cv685_5947.txt pos neg:0.9698729933659973 pos:0.030127006634002623 
cv664_4389.txt pos pos:0.9934294924285123 neg:0.006570507571487683 
cv581_19381.txt pos pos:1.0 neg:5.688355675758897E-32 
cv522_5583.txt pos pos:1.0 neg:1.3305871589314632E-34 
cv735_18801.txt pos neg:0.9999980325594221 pos:1.9674405779212975E-6 
cv839_21467.txt pos pos:1.0 neg:7.101109493968208E-27 
cv132_5618.txt pos pos:0.9999944881041728 neg:5.511895827215725E-6 
cv867_16661.txt pos neg:0.9999999998958755 pos:1.0412455627833263E-10 
cv375_9929.txt pos pos:1.0 neg:5.643132266757324E-67 
cv045_23923.txt pos pos:1.0 neg:3.631685370364541E-50 
cv179_9228.txt pos pos:1.0 neg:1.014233492231389E-55 
cv804_10862.txt pos pos:1.0 neg:7.629414340057485E-21 
cv812_17924.txt pos pos:1.0 neg:9.776925438610908E-25 
cv011_12166.txt pos pos:1.0 neg:6.20767106523033E-44 
cv861_1198.txt pos neg:0.9999995643105974 pos:4.356894025597807E-7 
cv576_14094.txt pos pos:1.0 neg:3.044192308140046E-20 
cv916_15467.txt pos pos:1.0 neg:2.0621516360612148E-141 
cv776_20529.txt pos pos:1.0 neg:4.701631121162978E-64 
cv995_21821.txt pos pos:1.0 neg:5.118190947435792E-44 
cv240_14336.txt pos pos:1.0 neg:9.005864983156331E-98 
cv920_29622.txt pos pos:1.0 neg:2.961726170838681E-28 
cv670_25826.txt pos pos:1.0 neg:4.240742633165466E-24 
cv290_11084.txt pos pos:1.0 neg:2.517320169931527E-144 
cv156_10481.txt pos pos:1.0 neg:3.7922071046053797E-50 
cv087_1989.txt pos pos:1.0 neg:9.512997562337304E-128 
cv584_29722.txt pos pos:0.7253245310533459 neg:0.274675468946654 
cv279_18329.txt pos pos:1.0 neg:2.4897843027023724E-93 
cv704_15969.txt pos pos:1.0 neg:3.079711202823467E-17 
cv228_5806.txt pos pos:1.0 neg:1.9023243750151302E-38 
cv935_23841.txt pos pos:1.0 neg:5.242757661004589E-118 
cv651_10492.txt pos pos:0.9999999999999984 neg:1.4716667651980687E-15 
cv497_26980.txt pos neg:0.9999999999969373 pos:3.0625752381974273E-12 
cv917_29715.txt pos neg:1.0 pos:1.6379767456178918E-19 
cv922_10073.txt pos neg:1.0 pos:2.5551343434900937E-32 
cv231_10425.txt pos pos:1.0 neg:8.334998712322858E-179 
cv799_18543.txt pos neg:0.9999999990657853 pos:9.342147678264936E-10 
cv243_20728.txt pos pos:0.9999977238928265 neg:2.2761071735130544E-6 
cv880_29800.txt pos pos:1.0 neg:5.800992222173019E-50 
cv239_3385.txt pos pos:1.0 neg:9.480876178329092E-97 
cv972_26417.txt pos pos:0.8917850183538664 neg:0.10821498164613368 
cv207_29284.txt pos pos:1.0 neg:2.0198165064407398E-145 
cv790_14600.txt pos neg:1.0 pos:5.521913975450761E-56 
cv070_12289.txt pos pos:1.0 neg:1.0151778634320509E-79 
cv318_10493.txt pos pos:0.999999999777633 neg:2.2236695254322094E-10 
cv398_15537.txt pos pos:1.0 neg:1.5411878105976388E-119 
cv785_22600.txt pos pos:1.0 neg:1.0173941111795397E-88 
cv458_8604.txt pos pos:1.0 neg:2.352465984040621E-94 
cv308_5016.txt pos pos:1.0 neg:1.2156623998865135E-39 
cv323_29805.txt pos pos:0.9999999999365823 neg:6.341766988337429E-11 
cv031_18452.txt pos pos:1.0 neg:3.5440109743812504E-177 
cv528_10822.txt pos pos:1.0 neg:1.179295390890881E-47 
cv349_13507.txt pos pos:1.0 neg:2.6665844905588298E-84 
cv277_19091.txt pos pos:0.9998262516152645 neg:1.737483847354402E-4 
cv408_5297.txt pos neg:0.9999517581569054 pos:4.824184309452736E-5 
cv668_17604.txt pos pos:1.0 neg:2.0106925456024498E-81 
cv567_29611.txt pos pos:1.0 neg:4.826899608428264E-44 
cv216_18738.txt pos pos:1.0 neg:2.0310536916285296E-52 
cv112_11193.txt pos pos:1.0 neg:1.2316093828907604E-22 
cv394_5137.txt pos pos:1.0 neg:2.349186587651536E-32 
cv734_21568.txt pos pos:1.0 neg:2.7292149308859895E-103 
cv834_22195.txt pos pos:1.0 neg:1.2123685189836937E-43 
cv952_25240.txt pos neg:1.0 pos:7.868834099346963E-83 
cv782_19526.txt pos pos:1.0 neg:1.4443563611198551E-111 
cv783_13227.txt pos neg:1.0 pos:2.760041951013934E-66 
cv582_6559.txt pos pos:1.0 neg:1.2442688713105762E-297 
cv449_8785.txt pos pos:0.9999995479411651 neg:4.5205883489733674E-7 
cv968_24218.txt pos pos:1.0 neg:5.0936547733853874E-49 
cv482_10580.txt pos pos:1.0 neg:3.954372271021361E-19 
cv309_22571.txt pos pos:1.0 neg:8.091373799859108E-141 
cv925_8969.txt pos pos:1.0 neg:2.757162254374059E-107 
cv091_7400.txt pos pos:1.0 neg:1.3083238609690325E-23 
cv934_19027.txt pos pos:1.0 neg:4.938947101785968E-110 
cv348_18176.txt pos neg:0.9999999996297995 pos:3.702005004126547E-10 
cv802_28664.txt pos pos:1.0 neg:3.988869267593003E-93 
cv649_12735.txt pos neg:1.0 pos:2.0141239427463615E-27 
cv818_10211.txt pos pos:1.0 neg:8.362661533818954E-138 
cv078_14730.txt pos pos:1.0 neg:7.502670636912407E-70 
cv298_23111.txt pos pos:1.0 neg:1.9437994177831514E-97 
cv866_29691.txt pos pos:1.0 neg:3.8040454301193966E-133 
cv314_14422.txt pos pos:1.0 neg:1.115559958609307E-36 
cv255_13683.txt pos pos:1.0 neg:4.400042295644606E-31 
cv367_22792.txt pos pos:1.0 neg:8.838314199483247E-41 
cv036_16831.txt pos pos:1.0 neg:2.4312026552224714E-28 
cv370_5221.txt pos neg:0.9998759328302911 pos:1.2406716970895192E-4 
cv417_13115.txt pos pos:1.0 neg:2.6132945971054864E-147 
cv136_11505.txt pos pos:1.0 neg:5.905573064773623E-41 
Trial 0 Trainer NaiveBayesTrainer Training Data Confusion Matrix
Confusion Matrix, row=true, column=predicted  accuracy=0.985
  label   0   1  |total
  0 neg 894   6  |900
  1 pos  21 879  |900

Trial 0 Trainer NaiveBayesTrainer training data accuracy= 0.985
Trial 0 Trainer NaiveBayesTrainer Test Data Confusion Matrix
Confusion Matrix, row=true, column=predicted  accuracy=0.855
  label   0   1  |total
  0 neg  90  10  |100
  1 pos  19  81  |100

Trial 0 Trainer NaiveBayesTrainer test data accuracy= 0.855

NaiveBayesTrainer
Summary. train accuracy mean = 0.985 stddev = 0.0 stderr = 0.0
Summary. test accuracy mean = 0.855 stddev = 0.0 stderr = 0.0
