
-------------------- Trial 0  --------------------

Trial 0 Training MaxEntTrainer,gaussianPriorVariance=1.0 with 1800 instances
Trial 0 Training MaxEntTrainer,gaussianPriorVariance=1.0 finished
Trial 0 Trainer MaxEntTrainer,gaussianPriorVariance=1.0
 Raw Testing Data
1225.txt pos pos:0.9938389972301431 neg:0.006161002769856932 
4113.txt pos pos:0.9960915168466768 neg:0.003908483153323011 
1414.txt neg neg:0.9988001737460902 pos:0.001199826253909747 
3334.txt neg neg:0.9999694400823407 pos:3.05599176593526E-5 
3087.txt neg neg:0.833644986517911 pos:0.1663550134820891 
878.txt pos pos:0.6456695126907179 neg:0.35433048730928207 
3428.txt pos pos:0.9089994698210593 neg:0.09100053017894072 
2901.txt neg neg:0.9955821661429484 pos:0.004417833857051719 
1754.txt neg neg:0.6114532375389533 pos:0.38854676246104664 
645.txt pos neg:0.9003136274128345 pos:0.09968637258716545 
716.txt neg neg:0.9974647730394676 pos:0.002535226960532402 
2690.txt neg neg:0.9999165944519893 pos:8.340554801063732E-5 
4267.txt neg neg:0.9888352773834411 pos:0.011164722616559 
2872.txt neg pos:0.9924913305232892 neg:0.007508669476710777 
3426.txt pos pos:0.9399558649259163 neg:0.060044135074083634 
4166.txt pos neg:0.6219131803547339 pos:0.3780868196452661 
2061.txt neg neg:0.9345165054174799 pos:0.06548349458252008 
2796.txt neg neg:0.7531555936932461 pos:0.2468444063067538 
615.txt pos pos:0.9999967854152995 neg:3.214584700489537E-6 
5.txt neg pos:0.9851234403809033 neg:0.014876559619096624 
2433.txt pos pos:0.8778817491880877 neg:0.12211825081191235 
3309.txt pos pos:0.9870218949521546 neg:0.012978105047845233 
421.txt pos pos:0.9999334195241588 neg:6.658047584115E-5 
208.txt pos pos:0.9997402107290572 neg:2.597892709429126E-4 
3159.txt neg pos:0.96520338299382 neg:0.034796617006180044 
4093.txt pos neg:0.5585555412228012 pos:0.44144445877719884 
3375.txt pos pos:0.9985347600302436 neg:0.0014652399697565033 
3390.txt neg neg:0.9041536669153556 pos:0.09584633308464441 
1971.txt pos pos:0.9999290383198925 neg:7.096168010747274E-5 
3792.txt pos pos:0.9978096719443388 neg:0.002190328055661362 
4314.txt neg neg:0.9914261887509206 pos:0.008573811249079378 
2154.txt pos pos:0.5870132699044784 neg:0.4129867300955216 
529.txt pos neg:0.5251733973270083 pos:0.4748266026729916 
1233.txt neg pos:0.7099612620734972 neg:0.2900387379265028 
929.txt pos pos:0.995469708426432 neg:0.004530291573568062 
4204.txt pos pos:0.6903159424716642 neg:0.3096840575283358 
2747.txt neg neg:0.9350320808053856 pos:0.06496791919461446 
1861.txt neg neg:0.800701170088161 pos:0.19929882991183898 
3893.txt neg pos:0.9156094168575452 neg:0.08439058314245476 
3019.txt pos pos:0.9998663836526586 neg:1.3361634734147037E-4 
2501.txt neg neg:0.9879973293800847 pos:0.012002670619915366 
3803.txt pos pos:0.536674110957426 neg:0.463325889042574 
2573.txt neg neg:0.5718731885725973 pos:0.4281268114274027 
3348.txt neg neg:0.9999501717178503 pos:4.9828282149641526E-5 
3172.txt neg neg:0.9736398994096386 pos:0.02636010059036141 
2987.txt neg neg:0.998545207318397 pos:0.001454792681602962 
1679.txt neg neg:0.9118591020227935 pos:0.08814089797720652 
213.txt neg pos:0.7621388203594716 neg:0.23786117964052853 
3217.txt neg pos:0.9911827905927959 neg:0.008817209407204237 
1119.txt pos pos:0.9609485330725787 neg:0.03905146692742124 
1165.txt pos pos:0.9219557540614268 neg:0.07804424593857326 
3058.txt neg neg:0.8622097387042723 pos:0.13779026129572766 
2908.txt neg neg:0.995428158965731 pos:0.0045718410342689775 
816.txt neg neg:0.6026617489731858 pos:0.39733825102681425 
642.txt pos pos:0.9996603740306022 neg:3.396259693978887E-4 
2.txt neg neg:0.7915792625241245 pos:0.20842073747587556 
1147.txt pos neg:0.9742107893246794 pos:0.025789210675320674 
2751.txt pos neg:0.6184234698530542 pos:0.38157653014694576 
1335.txt neg neg:0.8694194804702832 pos:0.13058051952971683 
2890.txt pos neg:0.9972858130337702 pos:0.0027141869662297806 
1629.txt neg neg:0.9989907237791732 pos:0.0010092762208268491 
428.txt pos pos:0.999997205460993 neg:2.7945390069489928E-6 
3381.txt pos pos:0.9955847694278841 neg:0.004415230572116011 
2616.txt neg pos:0.9851344526016117 neg:0.01486554739838821 
3357.txt pos pos:0.6475147613944495 neg:0.3524852386055504 
3502.txt pos pos:0.9885448372832352 neg:0.011455162716764746 
2780.txt pos pos:0.9940267446897464 neg:0.005973255310253681 
1993.txt neg neg:0.9999968744082536 pos:3.1255917465771493E-6 
1745.txt pos pos:0.9991524225877447 neg:8.475774122552685E-4 
1431.txt neg neg:0.9999246411123986 pos:7.535888760143409E-5 
3727.txt neg neg:0.7036645482628957 pos:0.29633545173710424 
4271.txt pos pos:0.9990486722133218 neg:9.513277866781823E-4 
2598.txt pos pos:0.9999939410967477 neg:6.058903252373904E-6 
2205.txt neg neg:0.9580322799105209 pos:0.04196772008947913 
3010.txt pos pos:0.8948852336969274 neg:0.10511476630307258 
4168.txt pos pos:0.7296124005726233 neg:0.2703875994273766 
2459.txt neg pos:0.9998989841579423 neg:1.0101584205764595E-4 
1785.txt neg neg:0.9980387164406693 pos:0.001961283559330701 
2732.txt neg pos:0.604608472772599 neg:0.39539152722740095 
3795.txt pos pos:0.9355119251632952 neg:0.06448807483670475 
403.txt pos pos:0.9910874169415299 neg:0.008912583058470182 
3047.txt pos pos:0.5466828450796827 neg:0.4533171549203173 
3914.txt neg neg:0.9996583400047063 pos:3.4165999529355814E-4 
1644.txt pos pos:0.9996585318094205 neg:3.4146819057953733E-4 
4102.txt neg neg:0.9999940709223928 pos:5.929077607325888E-6 
1374.txt pos neg:0.9969187348612208 pos:0.0030812651387791675 
4305.txt pos pos:0.9819233368167212 neg:0.018076663183278774 
3882.txt pos pos:0.9997385467508625 neg:2.614532491374796E-4 
4327.txt pos pos:0.9999999923837558 neg:7.61624434415001E-9 
1704.txt neg neg:0.9999922428242679 pos:7.757175731942207E-6 
2881.txt neg neg:0.8553762326820965 pos:0.14462376731790355 
1097.txt pos pos:0.9774794001370544 neg:0.022520599862945676 
2648.txt neg neg:0.9885758637363874 pos:0.011424136263612703 
2321.txt neg neg:0.9528055682002118 pos:0.0471944317997882 
3905.txt pos pos:0.8500116620431456 neg:0.14998833795685437 
1405.txt pos pos:0.9180387025520598 neg:0.08196129744794015 
3157.txt neg neg:0.9887208455609534 pos:0.01127915443904665 
562.txt neg neg:0.9548774569475389 pos:0.045122543052460974 
919.txt neg pos:0.9763209371818921 neg:0.02367906281810791 
910.txt neg neg:0.9282722202297876 pos:0.0717277797702123 
591.txt neg neg:0.9968267686827404 pos:0.003173231317259464 
2043.txt neg pos:0.8449021748161514 neg:0.1550978251838486 
984.txt pos pos:0.5183580579203666 neg:0.4816419420796335 
2176.txt pos pos:0.9999670578547027 neg:3.294214529733239E-5 
3995.txt neg neg:0.9995282730897393 pos:4.717269102606132E-4 
3208.txt pos pos:0.9999999665287316 neg:3.347126850478923E-8 
3913.txt neg neg:0.9589127600664016 pos:0.04108723993359836 
2933.txt neg neg:0.7113113019757186 pos:0.2886886980242815 
3854.txt pos pos:0.9345443772861195 neg:0.06545562271388046 
853.txt pos neg:0.9930625103575842 pos:0.006937489642415827 
780.txt neg pos:0.8765328320644628 neg:0.12346716793553722 
4226.txt pos pos:0.9319326689292277 neg:0.0680673310707723 
3505.txt pos pos:0.9820300726178797 neg:0.01796992738212041 
1982.txt pos pos:0.996588003165281 neg:0.0034119968347189646 
713.txt pos pos:0.9998568734788864 neg:1.4312652111346733E-4 
2139.txt neg pos:0.853056882234586 neg:0.14694311776541408 
1108.txt neg neg:0.9998402430203308 pos:1.5975697966926088E-4 
3386.txt pos pos:0.9957763258985318 neg:0.004223674101468259 
1351.txt pos pos:0.9708371913625131 neg:0.029162808637486926 
1365.txt neg neg:0.9936345400718364 pos:0.006365459928163673 
2523.txt neg neg:0.9996329462583243 pos:3.670537416757299E-4 
1504.txt pos pos:0.5123408032436032 neg:0.48765919675639685 
952.txt pos pos:0.999983128168887 neg:1.6871831113054912E-5 
1016.txt pos pos:0.9987024879055054 neg:0.0012975120944945606 
126.txt neg neg:0.9997093189207165 pos:2.9068107928352754E-4 
756.txt neg pos:0.7027399274128086 neg:0.29726007258719156 
584.txt pos pos:0.6648290964583307 neg:0.33517090354166923 
2104.txt pos pos:0.9992476681947462 neg:7.523318052538204E-4 
3080.txt neg neg:0.9160209848315306 pos:0.08397901516846948 
337.txt neg neg:0.8900812251608726 pos:0.10991877483912744 
1241.txt neg neg:0.8809726389054796 pos:0.11902736109452033 
1767.txt pos pos:0.8094256335790629 neg:0.19057436642093709 
2283.txt neg neg:0.9995926969971138 pos:4.073030028861348E-4 
3415.txt neg neg:0.9743695107087408 pos:0.02563048929125915 
2077.txt pos pos:0.6963012668394909 neg:0.3036987331605091 
4276.txt pos pos:0.9999928917984775 neg:7.108201522417905E-6 
261.txt neg pos:0.5385007829395096 neg:0.46149921706049035 
3482.txt pos neg:0.927525806100484 pos:0.07247419389951597 
2951.txt neg neg:0.9994796802490661 pos:5.203197509339431E-4 
826.txt pos neg:0.5341561691938227 pos:0.46584383080617725 
133.txt pos neg:0.8704005066603073 pos:0.12959949333969267 
3871.txt pos pos:0.9993721409148618 neg:6.278590851383077E-4 
2070.txt pos pos:0.9976501302990219 neg:0.0023498697009779338 
236.txt neg neg:0.9678641064764122 pos:0.03213589352358782 
146.txt pos pos:0.7538048430281312 neg:0.24619515697186875 
1046.txt pos pos:0.9999999358743586 neg:6.412564129961502E-8 
2541.txt neg neg:0.9999677665189223 pos:3.22334810776082E-5 
2710.txt neg neg:0.993492239560734 pos:0.006507760439266102 
3399.txt neg neg:0.9958080613320129 pos:0.004191938667987076 
1776.txt neg neg:0.9999904187367372 pos:9.581263262853366E-6 
3074.txt neg neg:0.9761929775777743 pos:0.023807022422225734 
3826.txt pos pos:0.9357153644447361 neg:0.0642846355552639 
983.txt pos pos:0.9989869182176883 neg:0.001013081782311821 
1939.txt neg neg:0.9990494867784316 pos:9.505132215683738E-4 
309.txt pos neg:0.9430255502078694 pos:0.056974449792130566 
2425.txt neg neg:0.999098912150428 pos:9.010878495719854E-4 
75.txt pos pos:0.9946627406360836 neg:0.005337259363916386 
448.txt neg neg:0.9950794736167962 pos:0.004920526383203919 
1814.txt neg neg:0.9984247714147709 pos:0.0015752285852292242 
3065.txt pos pos:0.9189498845338008 neg:0.08105011546619915 
1668.txt pos pos:0.9995088326626442 neg:4.91167337355831E-4 
3944.txt neg neg:0.8046070853809185 pos:0.19539291461908148 
2650.txt pos neg:0.843918625941636 pos:0.15608137405836403 
2899.txt pos pos:0.8293434155863351 neg:0.170656584413665 
672.txt neg neg:0.8850886266254755 pos:0.11491137337452445 
1466.txt neg neg:0.9859170683864685 pos:0.014082931613531496 
1594.txt neg neg:0.707997924556169 pos:0.29200207544383106 
3301.txt neg neg:0.9997425443844509 pos:2.5745561554923373E-4 
2354.txt neg pos:0.9968122525367411 neg:0.003187747463258763 
612.txt pos neg:0.9946089214532531 pos:0.005391078546746975 
4114.txt pos pos:0.9773791751186132 neg:0.022620824881386947 
4260.txt neg pos:0.7502321168925471 neg:0.24976788310745301 
998.txt neg neg:0.9869396359216697 pos:0.0130603640783304 
1454.txt neg neg:0.7678288276712079 pos:0.23217117232879222 
1868.txt neg pos:0.9703085013556154 neg:0.02969149864438461 
50.txt neg neg:0.9986643805510795 pos:0.0013356194489205883 
2641.txt neg neg:0.998415621113802 pos:0.0015843788861980945 
882.txt pos pos:0.952213454944696 neg:0.04778654505530396 
2497.txt pos neg:0.955155963984035 pos:0.044844036015965025 
223.txt pos pos:0.9986569145382721 neg:0.001343085461727891 
1257.txt pos pos:0.5290433665297993 neg:0.4709566334702007 
917.txt neg neg:0.9978420928107322 pos:0.0021579071892678238 
4037.txt pos pos:0.9700876994764828 neg:0.02991230052351721 
312.txt neg neg:0.9705740286656395 pos:0.0294259713343605 
2055.txt pos pos:0.9995281330177511 neg:4.7186698224888795E-4 
1602.txt neg neg:0.9990834886689097 pos:9.165113310903718E-4 
1041.txt pos pos:0.9999933500838186 neg:6.649916181240303E-6 
3341.txt neg neg:0.7602073077664928 pos:0.2397926922335072 
3894.txt neg neg:0.9999611998673322 pos:3.880013266779356E-5 
693.txt pos pos:0.9917572964792731 neg:0.008242703520726882 
1794.txt pos neg:0.8470179169733195 pos:0.15298208302668043 
657.txt neg neg:0.9986738418423501 pos:0.0013261581576498969 
1358.txt pos pos:0.9719253127454259 neg:0.02807468725457407 
630.txt pos pos:0.92768807449676 neg:0.07231192550323988 
2244.txt pos pos:0.9555076734240159 neg:0.04449232657598412 
3098.txt pos pos:0.8658314222819761 neg:0.13416857771802398 
1090.txt pos pos:0.9994236703237364 neg:5.763296762636369E-4 
600.txt neg neg:0.5233675357886055 pos:0.47663246421139444 
3333.txt neg neg:0.9960976577097199 pos:0.0039023422902800774 
955.txt pos pos:0.9437354816955911 neg:0.05626451830440884 
Trial 0 Trainer MaxEntTrainer,gaussianPriorVariance=1.0 Training Data Confusion Matrix
Confusion Matrix, row=true, column=predicted  accuracy=1.0
  label   0   1  |total
  0 neg 900   .  |900
  1 pos   . 900  |900

Trial 0 Trainer MaxEntTrainer,gaussianPriorVariance=1.0 training data accuracy= 1.0
Trial 0 Trainer MaxEntTrainer,gaussianPriorVariance=1.0 Test Data Confusion Matrix
Confusion Matrix, row=true, column=predicted  accuracy=0.82
  label   0   1  |total
  0 neg  81  19  |100
  1 pos  17  83  |100

Trial 0 Trainer MaxEntTrainer,gaussianPriorVariance=1.0 test data accuracy= 0.82

MaxEntTrainer,gaussianPriorVariance=1.0
Summary. train accuracy mean = 1.0 stddev = 0.0 stderr = 0.0
Summary. test accuracy mean = 0.82 stddev = 0.0 stderr = 0.0
