
-------------------- Trial 0  --------------------

Trial 0 Training MaxEntTrainer,gaussianPriorVariance=1.0 with 1800 instances
Trial 0 Training MaxEntTrainer,gaussianPriorVariance=1.0 finished
Trial 0 Trainer MaxEntTrainer,gaussianPriorVariance=1.0
 Raw Testing Data
759.txt neg neg:0.8878760029574888 pos:0.11212399704251119 
1325.txt pos pos:0.9999999841537495 neg:1.5846250526196956E-8 
4254.txt neg neg:0.9767436926273434 pos:0.023256307372656642 
1538.txt neg neg:0.9992830838046494 pos:7.169161953505652E-4 
3258.txt neg neg:0.7997886237114155 pos:0.20021137628858457 
2906.txt pos pos:0.991838532295436 neg:0.008161467704563942 
4069.txt neg neg:0.9506629310053843 pos:0.049337068994615554 
1793.txt neg pos:0.55975397102413 neg:0.44024602897586995 
2974.txt pos pos:0.9997494492136006 neg:2.505507863993159E-4 
3439.txt pos pos:0.9998726450677616 neg:1.2735493223834244E-4 
1483.txt neg neg:0.9521481862987144 pos:0.047851813701285564 
2418.txt neg neg:0.9983552184474586 pos:0.0016447815525414194 
3195.txt pos pos:0.9988888881501709 neg:0.0011111118498292065 
964.txt neg neg:0.9227381596676612 pos:0.07726184033233885 
3802.txt pos pos:0.8736771709833393 neg:0.1263228290166606 
2327.txt neg neg:0.5666365844290734 pos:0.43336341557092656 
3529.txt neg neg:0.7403115193361816 pos:0.25968848066381844 
4343.txt pos pos:0.9822019519264702 neg:0.017798048073529797 
1290.txt pos pos:0.9640426623632575 neg:0.0359573376367424 
3107.txt pos pos:0.9065258826112743 neg:0.09347411738872567 
2590.txt pos pos:0.9862478081705243 neg:0.01375219182947588 
2450.txt pos pos:0.9884699372276934 neg:0.011530062772306567 
1007.txt pos pos:0.9538190896481339 neg:0.04618091035186616 
3632.txt pos neg:0.8230351265682522 pos:0.17696487343174772 
3057.txt neg pos:0.9685626506789863 neg:0.03143734932101383 
595.txt pos pos:0.9999992367843665 neg:7.63215633488465E-7 
4344.txt pos pos:0.7639646844913028 neg:0.23603531550869716 
2824.txt neg neg:0.887884484181062 pos:0.11211551581893811 
938.txt pos pos:0.8379133561959606 neg:0.16208664380403942 
1683.txt pos pos:0.9948349218135388 neg:0.005165078186461134 
2365.txt pos neg:0.7429503415338599 pos:0.2570496584661402 
311.txt pos pos:0.9339794530242069 neg:0.0660205469757931 
2126.txt neg neg:0.996437780868751 pos:0.00356221913124905 
3873.txt pos pos:0.9762243482890317 neg:0.023775651710968262 
536.txt pos pos:0.9106337399664555 neg:0.08936626003354439 
3693.txt neg neg:0.9998780170194138 pos:1.219829805862224E-4 
364.txt pos pos:0.9612702413964239 neg:0.03872975860357618 
2850.txt pos pos:0.9442524496069669 neg:0.05574755039303311 
2039.txt neg pos:0.7887876449999156 neg:0.2112123550000844 
2005.txt neg neg:0.9981925980147409 pos:0.0018074019852590106 
4105.txt pos pos:0.9995385000633287 neg:4.6149993667145517E-4 
3282.txt pos pos:0.999721318299799 neg:2.786817002009184E-4 
409.txt neg neg:0.9989314403867915 pos:0.0010685596132084683 
3017.txt neg neg:0.9987611600111527 pos:0.001238839988847452 
157.txt pos neg:0.7817202771994785 pos:0.21827972280052155 
2651.txt pos neg:0.9125604174310891 pos:0.08743958256891089 
3878.txt neg pos:0.807024478182734 neg:0.19297552181726607 
3398.txt neg neg:0.9998447266515864 pos:1.5527334841350789E-4 
3132.txt pos pos:0.9739687402680692 neg:0.026031259731930646 
1826.txt pos pos:0.9961540766286026 neg:0.0038459233713975423 
4193.txt pos pos:0.9996637357350369 neg:3.3626426496313034E-4 
1035.txt pos pos:0.9997061105128734 neg:2.9388948712666613E-4 
980.txt neg neg:0.999823017937719 pos:1.7698206228105237E-4 
2741.txt neg neg:0.95869556571001 pos:0.04130443428999004 
1322.txt pos pos:0.8091024324832901 neg:0.19089756751671 
1187.txt pos pos:0.9935380884211736 neg:0.006461911578826337 
200.txt pos pos:0.6050808257889593 neg:0.39491917421104067 
2811.txt neg neg:0.8832517229231277 pos:0.11674827707687224 
1150.txt neg neg:0.999995477001506 pos:4.522998494096533E-6 
2664.txt pos pos:0.9652540512731945 neg:0.03474594872680553 
4177.txt pos pos:0.9999202507258487 neg:7.974927415138668E-5 
2596.txt neg neg:0.9932671919865722 pos:0.0067328080134277215 
1420.txt neg neg:0.9869747011487622 pos:0.013025298851237724 
3566.txt pos pos:0.999210844240763 neg:7.89155759237049E-4 
4179.txt pos pos:0.9998528673743313 neg:1.471326256688223E-4 
3831.txt neg neg:0.972835110200519 pos:0.02716488979948091 
4261.txt neg neg:0.523754089724942 pos:0.4762459102750581 
4345.txt neg neg:0.9999119770413 pos:8.802295869998167E-5 
634.txt neg neg:0.9998070524567577 pos:1.9294754324216984E-4 
1812.txt neg neg:0.9985763471230762 pos:0.0014236528769237145 
3676.txt pos pos:0.9998423114500743 neg:1.576885499256068E-4 
2312.txt neg neg:0.9901781991877436 pos:0.00982180081225633 
1363.txt neg neg:0.9998480671275828 pos:1.519328724171893E-4 
2112.txt pos pos:0.9998393619190753 neg:1.606380809246925E-4 
2620.txt pos pos:0.7802707049036398 neg:0.21972929509636027 
2382.txt pos pos:0.9972321327814573 neg:0.002767867218542665 
2411.txt neg neg:0.9980461853785707 pos:0.0019538146214293996 
1979.txt pos pos:0.9940720170078623 neg:0.005927982992137683 
1883.txt neg neg:0.5686459054274431 pos:0.43135409457255697 
1428.txt pos neg:0.9968138478116148 pos:0.0031861521883853145 
2574.txt pos pos:0.9930019684032846 neg:0.006998031596715431 
11.txt neg pos:0.9367298590619879 neg:0.06327014093801214 
2740.txt pos neg:0.6058575634887008 pos:0.3941424365112992 
1545.txt pos pos:0.878150037982346 neg:0.12184996201765402 
2998.txt neg neg:0.9998127942107753 pos:1.8720578922466467E-4 
3915.txt neg neg:0.999957398771065 pos:4.260122893499096E-5 
2424.txt neg neg:0.9997792663154246 pos:2.2073368457548842E-4 
936.txt pos pos:0.9389532081512748 neg:0.06104679184872511 
1771.txt pos neg:0.8331571621528067 pos:0.16684283784719336 
1074.txt neg neg:0.9988948193368592 pos:0.0011051806631409314 
2044.txt pos pos:0.9932612736984328 neg:0.006738726301567312 
931.txt pos pos:0.9997312738636652 neg:2.687261363347953E-4 
227.txt neg neg:0.9999952102383031 pos:4.789761696888379E-6 
2772.txt pos neg:0.6882631607216174 pos:0.3117368392783825 
1235.txt neg neg:0.9976790787681493 pos:0.002320921231850744 
2203.txt neg neg:0.9997331328742017 pos:2.6686712579835264E-4 
3678.txt pos pos:0.98821030315639 neg:0.011789696843610097 
3837.txt pos pos:0.9666495172098399 neg:0.03335048279015997 
3175.txt pos pos:0.8764345897848728 neg:0.12356541021512722 
395.txt neg neg:0.828204498102081 pos:0.1717955018979191 
161.txt pos pos:0.5058163435703666 neg:0.4941836564296334 
3223.txt neg neg:0.9991840667316028 pos:8.159332683971133E-4 
1032.txt pos pos:0.9980801501669238 neg:0.0019198498330763127 
531.txt pos pos:0.8525808063211182 neg:0.14741919367888176 
4284.txt pos pos:0.9998895685499121 neg:1.1043145008802876E-4 
2972.txt neg pos:0.8825791250602099 neg:0.11742087493979016 
87.txt neg pos:0.7484171541314021 neg:0.25158284586859797 
3225.txt pos neg:0.6847421557848411 pos:0.3152578442151588 
400.txt neg neg:0.6116972551719696 pos:0.38830274482803045 
2156.txt pos pos:0.8076380293192766 neg:0.1923619706807234 
2535.txt neg neg:0.6643935014138104 pos:0.3356064985861896 
1739.txt neg neg:0.8758536150702609 pos:0.12414638492973898 
3307.txt neg pos:0.9428112047535799 neg:0.05718879524642001 
1246.txt pos pos:0.7312263869689394 neg:0.2687736130310606 
1542.txt pos pos:0.9999757093209446 neg:2.429067905540723E-5 
1469.txt neg neg:0.999999212587875 pos:7.874121249117017E-7 
1684.txt pos pos:0.9407608812527367 neg:0.05923911874726336 
516.txt neg neg:0.9477803317199436 pos:0.05221966828005634 
3280.txt neg pos:0.8409767094476601 neg:0.15902329055233994 
2187.txt pos pos:0.9613442519614832 neg:0.03865574803851684 
2665.txt neg neg:0.998625858942377 pos:0.0013741410576230564 
2204.txt neg neg:0.8862906569780803 pos:0.11370934302191966 
3716.txt pos pos:0.933786271061328 neg:0.06621372893867199 
4026.txt pos pos:0.6491707542219594 neg:0.3508292457780407 
1248.txt pos neg:0.9976343769367585 pos:0.0023656230632414328 
3436.txt neg neg:0.9999999943822115 pos:5.617788475900599E-9 
4289.txt pos neg:0.9744002290443656 pos:0.025599770955634284 
1110.txt neg neg:0.6320120625197333 pos:0.3679879374802667 
722.txt neg pos:0.9983578560108093 neg:0.0016421439891907584 
2160.txt pos pos:0.9702724435037349 neg:0.0297275564962652 
105.txt neg neg:0.9792908882044594 pos:0.02070911179554065 
1234.txt pos neg:0.9987381088733495 pos:0.0012618911266505765 
699.txt neg neg:0.8366306074367833 pos:0.1633693925632166 
3514.txt pos pos:0.9943954206169044 neg:0.005604579383095551 
3391.txt neg pos:0.7506398015543636 neg:0.24936019844563628 
3804.txt neg neg:0.9998268353198861 pos:1.731646801138086E-4 
1936.txt neg neg:0.6985138764168859 pos:0.30148612358311405 
3630.txt neg neg:0.6569636281723986 pos:0.3430363718276013 
1737.txt neg neg:0.9818394717757208 pos:0.018160528224279146 
193.txt neg neg:0.9358501417838186 pos:0.0641498582161814 
1072.txt pos pos:0.8327639091216656 neg:0.16723609087833433 
3638.txt pos neg:0.9365874306730807 pos:0.06341256932691941 
2889.txt neg neg:0.9771968182181022 pos:0.022803181781897844 
3969.txt neg neg:0.992361234417759 pos:0.0076387655822409166 
867.txt pos pos:0.9894568717660183 neg:0.010543128233981854 
523.txt neg neg:0.9999999745713801 pos:2.5428619925910938E-8 
1328.txt pos pos:0.9876425119405876 neg:0.012357488059412445 
2128.txt neg neg:0.6292014121823889 pos:0.37079858781761105 
179.txt neg neg:0.7245959738198259 pos:0.27540402618017423 
1866.txt pos pos:0.9915518595326148 neg:0.008448140467385325 
3088.txt neg pos:0.9858729848771967 neg:0.0141270151228033 
682.txt pos pos:0.558942519888447 neg:0.44105748011155294 
1122.txt neg neg:0.9809376031194537 pos:0.019062396880546357 
318.txt pos pos:0.998558453906999 neg:0.0014415460930008988 
3728.txt neg neg:0.7908615904207692 pos:0.20913840957923086 
1654.txt neg neg:0.987434607047083 pos:0.012565392952916952 
3729.txt pos neg:0.7047772290365502 pos:0.2952227709634498 
896.txt neg neg:0.9999997350526821 pos:2.64947317759674E-7 
3555.txt neg neg:0.9857625126433769 pos:0.01423748735662315 
4171.txt neg pos:0.6394626118378983 neg:0.36053738816210174 
2002.txt neg neg:0.7968463465850701 pos:0.20315365341492986 
1356.txt neg pos:0.9856794054860312 neg:0.014320594513968865 
1703.txt pos pos:0.8084012131512233 neg:0.1915987868487767 
2774.txt neg neg:0.831781612460514 pos:0.16821838753948598 
4170.txt pos pos:0.8037881272099235 neg:0.1962118727900765 
3332.txt neg neg:0.999966686327699 pos:3.331367230101536E-5 
1627.txt pos pos:0.9187309370927199 neg:0.0812690629072802 
3259.txt pos pos:0.9984764804180176 neg:0.001523519581982473 
3134.txt neg neg:0.9992198141151405 pos:7.801858848594549E-4 
2462.txt pos neg:0.5359790460066653 pos:0.4640209539933347 
4215.txt pos pos:0.9688766025428063 neg:0.03112339745719375 
2934.txt pos pos:0.9930809759226505 neg:0.006919024077349413 
1937.txt pos neg:0.9979709875766657 pos:0.0020290124233342593 
3720.txt pos pos:0.9866311667331576 neg:0.01336883326684241 
1482.txt pos pos:0.9319641305666644 neg:0.06803586943333566 
2168.txt neg neg:0.9999705799106255 pos:2.9420089374476024E-5 
1978.txt neg neg:0.674379861369143 pos:0.325620138630857 
3148.txt neg neg:0.9995621111679066 pos:4.378888320932786E-4 
130.txt neg neg:0.991093677476867 pos:0.008906322523132816 
4212.txt pos pos:0.9879677773704656 neg:0.012032222629534356 
1317.txt pos neg:0.709987738009757 pos:0.29001226199024305 
150.txt pos pos:0.9746100680137663 neg:0.0253899319862337 
1461.txt pos neg:0.6029482964355544 pos:0.3970517035644457 
186.txt pos pos:0.8125966819767229 neg:0.18740331802327714 
2825.txt pos pos:0.6310828368801085 neg:0.3689171631198914 
2463.txt neg neg:0.9618782898655903 pos:0.03812171013440967 
2575.txt neg neg:0.9998204721970206 pos:1.7952780297942223E-4 
2369.txt neg neg:0.9999996535559122 pos:3.46444087679411E-7 
3262.txt pos pos:0.9087922469133958 neg:0.09120775308660421 
1653.txt neg neg:0.9584003339849965 pos:0.04159966601500362 
2611.txt pos neg:0.7137769762688055 pos:0.28622302373119446 
1270.txt pos neg:0.6585452313638155 pos:0.3414547686361845 
2540.txt neg neg:0.978384303720295 pos:0.021615696279705165 
1742.txt neg pos:0.7233914600022874 neg:0.2766085399977126 
956.txt neg neg:0.6671175074919259 pos:0.33288249250807417 
3401.txt pos pos:0.9994570385270939 neg:5.429614729059951E-4 
145.txt neg pos:0.8308047914864307 neg:0.16919520851356926 
558.txt neg pos:0.548128120559258 neg:0.4518718794407421 
3753.txt neg neg:0.9996093129990521 pos:3.9068700094794823E-4 
840.txt neg neg:0.9864187762532595 pos:0.01358122374674057 
Trial 0 Trainer MaxEntTrainer,gaussianPriorVariance=1.0 Training Data Confusion Matrix
Confusion Matrix, row=true, column=predicted  accuracy=1.0
  label   0   1  |total
  0 neg 900   .  |900
  1 pos   . 900  |900

Trial 0 Trainer MaxEntTrainer,gaussianPriorVariance=1.0 training data accuracy= 1.0
Trial 0 Trainer MaxEntTrainer,gaussianPriorVariance=1.0 Test Data Confusion Matrix
Confusion Matrix, row=true, column=predicted  accuracy=0.815
  label   0   1  |total
  0 neg  83  17  |100
  1 pos  20  80  |100

Trial 0 Trainer MaxEntTrainer,gaussianPriorVariance=1.0 test data accuracy= 0.815

MaxEntTrainer,gaussianPriorVariance=1.0
Summary. train accuracy mean = 1.0 stddev = 0.0 stderr = 0.0
Summary. test accuracy mean = 0.815 stddev = 0.0 stderr = 0.0
