
-------------------- Trial 0  --------------------

Trial 0 Training MaxEntTrainer,gaussianPriorVariance=1.0 with 1800 instances
Trial 0 Training MaxEntTrainer,gaussianPriorVariance=1.0 finished
Trial 0 Trainer MaxEntTrainer,gaussianPriorVariance=1.0
 Raw Testing Data
4188.txt neg neg:0.9772923034795356 pos:0.022707696520464574 
1890.txt neg neg:0.9861489556124607 pos:0.013851044387539278 
3541.txt neg neg:0.7973267463498495 pos:0.20267325365015065 
2106.txt pos pos:0.9811515719023582 neg:0.018848428097641732 
2567.txt pos pos:0.9307572060724928 neg:0.06924279392750714 
302.txt pos pos:0.9995173228365836 neg:4.826771634164622E-4 
1475.txt pos neg:0.9719946890174025 pos:0.028005310982597554 
2396.txt pos pos:0.9883385117171472 neg:0.011661488282852708 
3481.txt neg neg:0.6282021931958826 pos:0.3717978068041175 
937.txt neg pos:0.6773013362078945 neg:0.3226986637921055 
1923.txt pos pos:0.6273878409769964 neg:0.3726121590230037 
950.txt pos pos:0.9998103434074805 neg:1.8965659251945097E-4 
1764.txt neg neg:0.7722548415123118 pos:0.2277451584876882 
466.txt neg neg:0.9999189436126034 pos:8.10563873967765E-5 
4035.txt pos pos:0.9999702113472769 neg:2.9788652723092776E-5 
4157.txt neg neg:0.9782973825323504 pos:0.021702617467649482 
4246.txt pos pos:0.9865304470125564 neg:0.013469552987443543 
2340.txt pos pos:0.9999999940329709 neg:5.967028992962555E-9 
1434.txt neg neg:0.9998961406527967 pos:1.0385934720338349E-4 
3271.txt pos neg:0.998123554573757 pos:0.0018764454262430103 
3005.txt pos neg:0.8596657664008863 pos:0.1403342335991138 
3573.txt neg neg:0.7309485704162972 pos:0.26905142958370276 
1846.txt neg neg:0.9950820389106222 pos:0.00491796108937787 
2289.txt pos neg:0.9783439353070095 pos:0.021656064692990445 
3076.txt neg neg:0.9991037034082114 pos:8.962965917885618E-4 
273.txt neg neg:0.9999949355053064 pos:5.064494693716808E-6 
669.txt neg pos:0.9908584871394149 neg:0.009141512860584953 
3681.txt pos pos:0.6905670279838247 neg:0.30943297201617526 
3169.txt neg neg:0.999922283951268 pos:7.771604873190663E-5 
1083.txt neg neg:0.9693947261086509 pos:0.030605273891349052 
1448.txt neg neg:0.6360497027627409 pos:0.36395029723725913 
1564.txt pos pos:0.9966497550290461 neg:0.003350244970953989 
4097.txt neg neg:0.850906148047132 pos:0.1490938519528681 
1371.txt pos pos:0.7433538298660388 neg:0.2566461701339613 
3329.txt pos pos:0.8670825620792797 neg:0.13291743792072028 
3946.txt neg pos:0.6451962290969426 neg:0.3548037709030574 
2445.txt neg neg:0.9966072741233047 pos:0.0033927258766951246 
1194.txt pos pos:0.9877601937306536 neg:0.012239806269346471 
156.txt neg neg:0.561629898846506 pos:0.43837010115349395 
1441.txt neg neg:0.9933108706460434 pos:0.006689129353956676 
977.txt neg pos:0.9954509963245143 neg:0.0045490036754856624 
3901.txt neg neg:0.9995879551320158 pos:4.120448679841277E-4 
1563.txt pos pos:0.9940124149050876 neg:0.005987585094912352 
1872.txt pos pos:0.9781204732529523 neg:0.021879526747047764 
1848.txt neg pos:0.9887077783442543 neg:0.011292221655745704 
3811.txt pos pos:0.9679613905703781 neg:0.03203860942962201 
586.txt pos pos:0.9943346164616012 neg:0.005665383538398804 
253.txt pos pos:0.9999953527316927 neg:4.64726830735174E-6 
813.txt neg neg:0.7880330652371215 pos:0.21196693476287853 
2766.txt pos pos:0.9949930835530333 neg:0.005006916446966564 
942.txt neg neg:0.9993580894259706 pos:6.419105740294592E-4 
2912.txt pos neg:0.784150321443836 pos:0.21584967855616385 
1696.txt neg neg:0.9999198799222604 pos:8.012007773968112E-5 
1303.txt pos pos:0.9995282739507886 neg:4.71726049211548E-4 
3773.txt pos pos:0.9884091412526371 neg:0.011590858747362832 
1580.txt pos pos:0.9842922014834703 neg:0.015707798516529627 
945.txt neg neg:0.9908402913982421 pos:0.009159708601757867 
3709.txt neg neg:0.9976808289840172 pos:0.0023191710159827005 
1061.txt pos pos:0.7401249383212586 neg:0.2598750616787414 
2670.txt pos neg:0.5901770207264823 pos:0.40982297927351774 
4316.txt neg neg:0.9993939649241562 pos:6.060350758436916E-4 
3204.txt pos pos:0.9756214856260335 neg:0.024378514373966438 
414.txt neg neg:0.9999993750508243 pos:6.249491758623271E-7 
406.txt pos pos:0.999738225491268 neg:2.6177450873208585E-4 
1268.txt neg neg:0.9359880706327539 pos:0.06401192936724599 
2566.txt neg pos:0.5005046735221281 neg:0.4994953264778718 
4273.txt pos pos:0.9995489023041784 neg:4.5109769582160457E-4 
446.txt pos pos:0.8027690667516728 neg:0.19723093324832727 
3315.txt pos pos:0.9839017871424482 neg:0.01609821285755176 
1965.txt neg neg:0.9987370039988602 pos:0.0012629960011396309 
3327.txt pos neg:0.5847014002318289 pos:0.4152985997681711 
1330.txt neg neg:0.9878057660746546 pos:0.012194233925345369 
1765.txt pos neg:0.9677905906283629 pos:0.03220940937163711 
667.txt neg neg:0.9833938317143599 pos:0.016606168285640075 
1255.txt pos neg:0.8939506651695439 pos:0.10604933483045617 
2147.txt neg neg:0.9981525198317565 pos:0.0018474801682434427 
1212.txt pos pos:0.9750828359449171 neg:0.02491716405508281 
305.txt pos neg:0.9962538371466726 pos:0.003746162853327338 
588.txt pos pos:0.9999457057162929 neg:5.429428370694851E-5 
2802.txt neg neg:0.9545213679797624 pos:0.045478632020237754 
1266.txt neg neg:0.9793657225000176 pos:0.020634277499982458 
104.txt pos pos:0.999999406182611 neg:5.938173890243463E-7 
3941.txt neg neg:0.9999007877536001 pos:9.921224639979455E-5 
1447.txt pos pos:0.8389994421814244 neg:0.1610005578185756 
3799.txt pos pos:0.766822106738514 neg:0.23317789326148608 
473.txt pos neg:0.8884868280328645 pos:0.11151317196713552 
3418.txt pos pos:0.8146878006019973 neg:0.18531219939800275 
787.txt pos pos:0.9955892223029271 neg:0.004410777697072839 
1807.txt pos neg:0.8768874466891722 pos:0.12311255331082782 
4319.txt pos pos:0.9988986944658478 neg:0.0011013055341523013 
1672.txt neg neg:0.9689012413214594 pos:0.031098758678540655 
1924.txt pos pos:0.9999999957667507 neg:4.233249242735251E-9 
4356.txt neg neg:0.637606410535598 pos:0.36239358946440203 
530.txt neg neg:0.9886921834264523 pos:0.011307816573547727 
3746.txt pos pos:0.8658064051298324 neg:0.13419359487016758 
3888.txt neg pos:0.973525401176571 neg:0.026474598823429007 
4208.txt pos pos:0.9999994404103026 neg:5.595896974596151E-7 
649.txt pos pos:0.9718077443807266 neg:0.028192255619273358 
2264.txt pos pos:0.9991297287436374 neg:8.702712563626675E-4 
3651.txt neg neg:0.9789514847264067 pos:0.02104851527359321 
1269.txt pos pos:0.9999997260759652 neg:2.739240347716979E-7 
3410.txt neg neg:0.998200830984149 pos:0.001799169015850824 
1252.txt pos neg:0.9918621130060379 pos:0.008137886993962172 
490.txt pos pos:0.9942219148290072 neg:0.005778085170992858 
1136.txt neg neg:0.7423823958547766 pos:0.25761760414522344 
3245.txt neg neg:0.9806724897461437 pos:0.019327510253856258 
310.txt neg pos:0.7273837720195462 neg:0.2726162279804539 
2521.txt neg neg:0.9715890093254782 pos:0.028410990674521772 
1873.txt neg neg:0.9999994113199376 pos:5.886800624295124E-7 
3540.txt pos pos:0.8089934474673244 neg:0.19100655253267562 
792.txt neg neg:0.9701429339082532 pos:0.029857066091746886 
3817.txt neg neg:0.9995684495838273 pos:4.3155041617276536E-4 
3948.txt neg neg:0.9991728189928197 pos:8.271810071801532E-4 
2058.txt neg neg:0.9999186224322082 pos:8.137756779170721E-5 
3320.txt pos pos:0.9752293527031749 neg:0.02477064729682519 
1337.txt neg neg:0.9360985343944277 pos:0.06390146560557235 
1962.txt neg neg:0.9821590436041729 pos:0.017840956395827192 
1131.txt neg neg:0.9999999800040198 pos:1.9995980153495472E-8 
30.txt neg pos:0.984555033672403 neg:0.01544496632759708 
1762.txt pos pos:0.9343209557361218 neg:0.06567904426387818 
2726.txt pos pos:0.9970114393819427 neg:0.002988560618057208 
1139.txt pos pos:0.999973173202268 neg:2.6826797732041825E-5 
4325.txt pos pos:0.9991905213146285 neg:8.09478685371577E-4 
4274.txt pos pos:0.9989743369620422 neg:0.0010256630379578326 
559.txt pos pos:0.96700229279692 neg:0.03299770720308011 
1055.txt neg neg:0.9988152228766529 pos:0.0011847771233471777 
711.txt pos neg:0.6536485214571296 pos:0.34635147854287035 
3042.txt pos pos:0.8287634867447408 neg:0.17123651325525932 
828.txt neg neg:0.9981447325902909 pos:0.0018552674097092117 
1302.txt neg pos:0.9329072193519251 neg:0.06709278064807493 
2985.txt neg pos:0.8741304268988707 neg:0.12586957310112937 
2895.txt pos neg:0.9454176371401328 pos:0.05458236285986715 
2803.txt pos pos:0.999862953274937 neg:1.3704672506296753E-4 
4163.txt pos pos:0.9333446181725855 neg:0.06665538182741455 
2913.txt neg neg:0.6383380612137461 pos:0.3616619387862539 
3239.txt neg neg:0.9999247311695952 pos:7.52688304047815E-5 
2011.txt neg neg:0.98245513716837 pos:0.01754486283163002 
579.txt neg neg:0.8433306379407289 pos:0.15666936205927112 
192.txt pos pos:0.9716180899248045 neg:0.02838191007519566 
833.txt pos neg:0.9994478913317775 pos:5.521086682225145E-4 
1786.txt pos neg:0.9919411081306837 pos:0.008058891869316267 
319.txt neg neg:0.9997310832406723 pos:2.6891675932774636E-4 
4350.txt pos pos:0.9569446379242806 neg:0.04305536207571935 
3422.txt neg neg:0.9928268499074426 pos:0.007173150092557341 
3094.txt pos pos:0.9971637389991882 neg:0.0028362610008117713 
2263.txt pos pos:0.9695695963018266 neg:0.030430403698173347 
2101.txt pos pos:0.840978646523697 neg:0.15902135347630297 
505.txt neg neg:0.6431216775488664 pos:0.35687832245113366 
4323.txt neg neg:0.9999968092681942 pos:3.1907318057127844E-6 
1060.txt neg neg:0.9997178001067729 pos:2.821998932270299E-4 
3326.txt neg neg:0.8011886250037755 pos:0.19881137499622445 
4365.txt pos pos:0.996028524546589 neg:0.003971475453411069 
2671.txt neg neg:0.6079066885420771 pos:0.39209331145792287 
4075.txt pos pos:0.9999768435972601 neg:2.315640273989577E-5 
299.txt neg neg:0.9859347717843089 pos:0.014065228215691084 
3747.txt neg neg:0.9780213127123242 pos:0.021978687287675904 
234.txt neg neg:0.9987765285702165 pos:0.0012234714297835966 
3203.txt pos pos:0.9718494429107808 neg:0.028150557089219277 
2493.txt neg neg:0.9788476685638908 pos:0.021152331436109173 
1261.txt neg neg:0.8722112363125717 pos:0.12778876368742828 
1763.txt neg neg:0.9617346654429527 pos:0.03826533455704723 
4296.txt neg neg:0.8950880512959039 pos:0.10491194870409619 
1832.txt pos pos:0.9994778434512921 neg:5.221565487079885E-4 
2920.txt pos pos:0.9981606299122608 neg:0.0018393700877392448 
2761.txt pos pos:0.7437479800363931 neg:0.25625201996360697 
2288.txt neg neg:0.9992524075089535 pos:7.475924910465273E-4 
2783.txt neg neg:0.7548781079776632 pos:0.24512189202233678 
4119.txt neg neg:0.9999349119544221 pos:6.508804557789669E-5 
103.txt pos pos:0.9998434624626996 neg:1.5653753730032253E-4 
3002.txt pos neg:0.7751902382880961 pos:0.2248097617119038 
3121.txt pos neg:0.9546252307460418 pos:0.04537476925395826 
2436.txt pos pos:0.9999996954420903 neg:3.045579095112593E-7 
3658.txt neg neg:0.7641690427174025 pos:0.23583095728259754 
522.txt pos pos:0.9980860183810116 neg:0.001913981618988308 
2024.txt neg pos:0.755186852102548 neg:0.24481314789745207 
885.txt neg neg:0.950862371661062 pos:0.04913762833893802 
3489.txt pos pos:0.999652122577158 neg:3.478774228419766E-4 
77.txt neg neg:0.9744133797469827 pos:0.025586620253017257 
3242.txt neg neg:0.999841526729041 pos:1.5847327095897256E-4 
1633.txt pos pos:0.9999998682435798 neg:1.3175642019230882E-7 
758.txt pos pos:0.9998075992969883 neg:1.9240070301164598E-4 
4098.txt pos pos:0.9999591476870886 neg:4.085231291146992E-5 
1634.txt pos pos:0.9984972294294339 neg:0.001502770570566103 
640.txt pos pos:0.9999396252984643 neg:6.037470153588806E-5 
1519.txt neg neg:0.9365249287760593 pos:0.06347507122394076 
248.txt neg neg:0.999868678392428 pos:1.313216075720053E-4 
1609.txt neg neg:0.9999966820869676 pos:3.317913032485878E-6 
1556.txt pos pos:0.999979578188679 neg:2.0421811320982985E-5 
1342.txt neg neg:0.9921524314525919 pos:0.007847568547408146 
959.txt pos neg:0.7594333963034858 pos:0.24056660369651414 
3031.txt neg neg:0.998937662233475 pos:0.0010623377665249685 
3279.txt neg neg:0.8816596403811001 pos:0.11834035961889998 
2442.txt neg neg:0.9950774935644896 pos:0.004922506435510349 
3880.txt pos pos:0.9542360790605066 neg:0.04576392093949332 
874.txt pos neg:0.739184789387481 pos:0.2608152106125191 
4111.txt pos pos:0.9613049209319956 neg:0.0386950790680043 
1473.txt neg neg:0.9919472622484065 pos:0.008052737751593523 
214.txt pos pos:0.7745904139064567 neg:0.22540958609354325 
3450.txt neg neg:0.5012725091856141 pos:0.498727490814386 
2063.txt neg neg:0.9998662682600801 pos:1.3373173991990494E-4 
Trial 0 Trainer MaxEntTrainer,gaussianPriorVariance=1.0 Training Data Confusion Matrix
Confusion Matrix, row=true, column=predicted  accuracy=1.0
  label   0   1  |total
  0 neg 900   .  |900
  1 pos   . 900  |900

Trial 0 Trainer MaxEntTrainer,gaussianPriorVariance=1.0 training data accuracy= 1.0
Trial 0 Trainer MaxEntTrainer,gaussianPriorVariance=1.0 Test Data Confusion Matrix
Confusion Matrix, row=true, column=predicted  accuracy=0.835
  label   0   1  |total
  0 neg  88  12  |100
  1 pos  21  79  |100

Trial 0 Trainer MaxEntTrainer,gaussianPriorVariance=1.0 test data accuracy= 0.835

MaxEntTrainer,gaussianPriorVariance=1.0
Summary. train accuracy mean = 1.0 stddev = 0.0 stderr = 0.0
Summary. test accuracy mean = 0.835 stddev = 0.0 stderr = 0.0
