
-------------------- Trial 0  --------------------

Trial 0 Training MaxEntTrainer,gaussianPriorVariance=1.0 with 1800 instances
Trial 0 Training MaxEntTrainer,gaussianPriorVariance=1.0 finished
Trial 0 Trainer MaxEntTrainer,gaussianPriorVariance=1.0
 Raw Testing Data
2764.txt neg neg:0.9807326494201372 pos:0.019267350579862837 
1502.txt neg neg:0.7261885301964125 pos:0.2738114698035874 
1903.txt pos pos:0.867925664780801 neg:0.13207433521919892 
2617.txt pos pos:0.94446057556321 neg:0.055539424436790163 
4238.txt neg neg:0.9789856673897802 pos:0.021014332610219788 
994.txt pos pos:0.9999443736572612 neg:5.56263427388802E-5 
294.txt neg neg:0.9899457877649754 pos:0.01005421223502461 
453.txt pos pos:0.9933797707567864 neg:0.006620229243213607 
4229.txt neg neg:0.9732683470160636 pos:0.026731652983936424 
795.txt pos pos:0.9912683444375068 neg:0.008731655562493246 
877.txt pos pos:0.6404075128382893 neg:0.3595924871617106 
370.txt neg neg:0.9974747925453763 pos:0.0025252074546238093 
2534.txt neg neg:0.8434716463233137 pos:0.15652835367668622 
3677.txt pos pos:0.9987519613968877 neg:0.0012480386031123592 
651.txt neg neg:0.999985245638444 pos:1.4754361555915632E-5 
3553.txt neg neg:0.9996128359264691 pos:3.8716407353105257E-4 
2887.txt pos pos:0.5560535132559721 neg:0.4439464867440279 
73.txt neg neg:0.9921910403643401 pos:0.007808959635659774 
986.txt neg neg:0.9997567725080992 pos:2.4322749190069462E-4 
3754.txt pos neg:0.9932416518170277 pos:0.006758348182972324 
4214.txt pos pos:0.5124032793863496 neg:0.48759672061365045 
1621.txt pos pos:0.9965843383030534 neg:0.0034156616969466475 
533.txt neg neg:0.9803328085583495 pos:0.019667191441650494 
4339.txt pos pos:0.9996203890581395 neg:3.79610941860457E-4 
3528.txt neg neg:0.9468656611749816 pos:0.05313433882501837 
74.txt pos neg:0.9547911530208739 pos:0.045208846979125986 
3306.txt neg neg:0.857069464243818 pos:0.14293053575618186 
405.txt pos pos:0.9874945571286603 neg:0.01250544287133978 
3402.txt neg neg:0.9767497589468253 pos:0.02325024105317466 
1210.txt neg neg:0.9999474294906473 pos:5.257050935262365E-5 
3347.txt pos neg:0.8407401393677458 pos:0.1592598606322541 
4002.txt neg neg:0.9732185825906225 pos:0.026781417409377534 
2823.txt pos neg:0.967921594361897 pos:0.032078405638103026 
454.txt pos pos:0.9999863182057658 neg:1.3681794234181593E-5 
4176.txt pos neg:0.9999371271829754 pos:6.287281702445829E-5 
1839.txt neg neg:0.9995855579255702 pos:4.144420744296338E-4 
2680.txt neg pos:0.9494015176844577 neg:0.05059848231554234 
4337.txt pos pos:0.9994241376341646 neg:5.758623658353337E-4 
1291.txt pos neg:0.8033989185151535 pos:0.1966010814848466 
3721.txt pos pos:0.9976036293357404 neg:0.0023963706642596734 
2619.txt pos pos:0.9166740012615205 neg:0.0833259987384795 
246.txt pos neg:0.9631911744080272 pos:0.0368088255919729 
4103.txt pos pos:0.9997206764982753 neg:2.7932350172468734E-4 
1727.txt neg neg:0.7480784737390277 pos:0.25192152626097225 
4036.txt pos pos:0.782904328607989 neg:0.21709567139201102 
2748.txt pos pos:0.6988463583630244 neg:0.3011536416369756 
2862.txt neg neg:0.998957343982967 pos:0.001042656017032912 
3761.txt pos neg:0.9470943507103544 pos:0.05290564928964564 
3895.txt pos pos:0.9999995208698707 neg:4.791301293469938E-7 
2507.txt pos pos:0.9998678714197226 neg:1.321285802772867E-4 
314.txt neg neg:0.9523622073982237 pos:0.04763779260177618 
3877.txt neg neg:0.9992897292135074 pos:7.1027078649265E-4 
158.txt pos pos:0.999144172495435 neg:8.558275045649909E-4 
3778.txt neg pos:0.9913082491378198 neg:0.008691750862180282 
4220.txt neg neg:0.9996744536577604 pos:3.2554634223962267E-4 
1828.txt neg neg:0.9972694414641587 pos:0.0027305585358412257 
4283.txt neg pos:0.7688211926166948 neg:0.2311788073833052 
254.txt neg pos:0.7413732411015621 neg:0.25862675889843795 
1536.txt pos neg:0.9220105429591108 pos:0.07798945704088935 
2383.txt pos neg:0.5464032067139534 pos:0.4535967932860466 
359.txt pos neg:0.5608148407286315 pos:0.43918515927136853 
379.txt neg neg:0.9983798225542416 pos:0.0016201774457585123 
2711.txt neg neg:0.9823804500691846 pos:0.017619549930815357 
1984.txt pos pos:0.9996216607854718 neg:3.783392145282671E-4 
1714.txt pos pos:0.9895431825063262 neg:0.010456817493673796 
1091.txt neg pos:0.8869186956505952 neg:0.11308130434940472 
778.txt pos neg:0.6229208982086749 pos:0.37707910179132503 
4268.txt pos pos:0.9972822000473962 neg:0.002717799952603905 
2986.txt neg neg:0.9999946762356196 pos:5.323764380520294E-6 
1056.txt neg neg:0.9999780997924678 pos:2.1900207532306346E-5 
2900.txt pos neg:0.9917199392561797 pos:0.0082800607438201 
4303.txt neg neg:0.999780039339944 pos:2.199606600560741E-4 
3147.txt neg neg:0.7352444649380532 pos:0.26475553506194677 
2686.txt pos pos:0.5183932153241724 neg:0.4816067846758276 
1531.txt pos pos:0.9999422476358318 neg:5.775236416822589E-5 
3937.txt neg neg:0.5680360784257389 pos:0.43196392157426106 
2858.txt pos pos:0.8773028121800496 neg:0.12269718781995055 
545.txt pos neg:0.6515232892991724 pos:0.34847671070082764 
3119.txt pos pos:0.9996995541252279 neg:3.004458747720256E-4 
3064.txt neg neg:0.9908206305837943 pos:0.009179369416205658 
2320.txt pos pos:0.9999989958655695 neg:1.004134430432734E-6 
3912.txt pos pos:0.9149643513685441 neg:0.08503564863145584 
3645.txt pos pos:0.5652644524535261 neg:0.4347355475464739 
2635.txt neg pos:0.9585487327751471 neg:0.041451267224853046 
2599.txt neg neg:0.9939422855901063 pos:0.0060577144098936065 
1240.txt pos pos:0.991731600548346 neg:0.008268399451654012 
2410.txt neg neg:0.9957132618481297 pos:0.004286738151870348 
2113.txt pos neg:0.9891361281899297 pos:0.01086387181007037 
3272.txt pos pos:0.6037650709841145 neg:0.39623492901588564 
1893.txt neg neg:0.7218431054507374 pos:0.27815689454926273 
297.txt pos pos:0.9408653262122785 neg:0.059134673787721616 
465.txt neg neg:0.9982577706282364 pos:0.0017422293717635165 
1595.txt pos neg:0.9243328766702837 pos:0.0756671233297162 
2368.txt neg neg:0.999852738531007 pos:1.4726146899311505E-4 
629.txt pos pos:0.9904465598794797 neg:0.009553440120520295 
2990.txt neg neg:0.9884745810828737 pos:0.011525418917126277 
1099.txt pos pos:0.9250887447816984 neg:0.07491125521830155 
2799.txt pos pos:0.9863182023072185 neg:0.01368179769278148 
3639.txt pos pos:0.8467225621621067 neg:0.15327743783789333 
2313.txt neg neg:0.9938164415464602 pos:0.006183558453539837 
3025.txt pos pos:0.6073143787629807 neg:0.3926856212370194 
127.txt neg pos:0.5421118990813147 neg:0.45788810091868537 
2082.txt pos pos:0.8523073343864774 neg:0.14769266561352262 
1346.txt neg neg:0.8536668065373476 pos:0.14633319346265242 
2417.txt neg neg:0.9999979011859729 pos:2.098814027036173E-6 
2093.txt pos neg:0.8149913537757401 pos:0.18500864622425992 
1008.txt pos pos:0.9984433867029686 neg:0.0015566132970314377 
3715.txt neg neg:0.9086472003920572 pos:0.09135279960794275 
683.txt pos pos:0.9751744423812657 neg:0.024825557618734173 
138.txt neg pos:0.8782270128800318 neg:0.12177298711996812 
1049.txt neg neg:0.9999905504736026 pos:9.449526397237754E-6 
772.txt neg neg:0.5605627078809264 pos:0.43943729211907356 
1678.txt neg neg:0.9725583830089408 pos:0.027441616991059216 
3387.txt pos pos:0.5140793673446785 neg:0.4859206326553215 
4178.txt pos pos:0.6842415257935247 neg:0.3157584742064754 
4213.txt pos pos:0.9520335567888153 neg:0.04796644321118468 
1902.txt neg neg:0.6562240569117328 pos:0.3437759430882673 
4282.txt pos pos:0.9998245102061273 neg:1.7548979387284772E-4 
2432.txt pos pos:0.5859609748723638 neg:0.41403902512763624 
764.txt neg neg:0.834362740805993 pos:0.16563725919400693 
2559.txt neg neg:0.9905409798227758 pos:0.0094590201772243 
1087.txt neg neg:0.9999999082202942 pos:9.177970576574155E-8 
3016.txt neg neg:0.9995073916237105 pos:4.926083762895062E-4 
257.txt pos pos:0.999969108033915 neg:3.089196608492586E-5 
2138.txt neg neg:0.5060272816359679 pos:0.4939727183640321 
1309.txt pos pos:0.8358805492412367 neg:0.16411945075876336 
776.txt pos neg:0.5700632538561915 pos:0.42993674614380845 
195.txt neg neg:0.9998433585411038 pos:1.5664145889611393E-4 
1882.txt neg neg:0.5931317133167349 pos:0.4068682866832651 
3945.txt neg neg:0.7767980586052007 pos:0.22320194139479943 
3090.txt pos pos:0.7309328467016561 neg:0.2690671532983438 
684.txt pos pos:0.7579369631414211 neg:0.24206303685857894 
1096.txt neg pos:0.6735410994337133 neg:0.3264589005662866 
3156.txt neg neg:0.9067636560216753 pos:0.09323634397832464 
2788.txt pos pos:0.9967611943317743 neg:0.0032388056682256965 
3041.txt pos pos:0.9988208192425243 neg:0.0011791807574755937 
3560.txt pos pos:0.9937603388612511 neg:0.006239661138748774 
2997.txt neg neg:0.5075582771921293 pos:0.49244172280787074 
1777.txt pos pos:0.9997244833495806 neg:2.7551665041921E-4 
1744.txt neg neg:0.9466988761081929 pos:0.05330112389180712 
3879.txt neg neg:0.9071639727699345 pos:0.09283602723006534 
821.txt pos neg:0.998001170125053 pos:0.0019988298749470342 
1604.txt neg neg:0.9979812353355025 pos:0.002018764664497606 
201.txt pos pos:0.9997109135873581 neg:2.890864126419414E-4 
1247.txt pos neg:0.5141594313171821 pos:0.48584056868281783 
1592.txt pos neg:0.6680586830740883 pos:0.3319413169259118 
2516.txt pos pos:0.977350796046564 neg:0.022649203953435892 
3942.txt neg neg:0.992127473631385 pos:0.007872526368614949 
1682.txt pos pos:0.9999888833379773 neg:1.1116662022632831E-5 
4378.txt neg pos:0.6961682024775746 neg:0.30383179752242534 
1206.txt neg neg:0.9259009074255035 pos:0.07409909257449655 
3009.txt neg neg:0.9999095798274277 pos:9.042017257236505E-5 
3631.txt neg neg:0.9722923683355855 pos:0.027707631664414503 
1375.txt pos neg:0.9498837758572988 pos:0.05011622414270115 
2144.txt neg neg:0.9999999867119269 pos:1.3288073112547438E-8 
3246.txt neg neg:0.9830159937215306 pos:0.016984006278469417 
2314.txt neg neg:0.9911784258587182 pos:0.008821574141281801 
1273.txt neg neg:0.8117904728512478 pos:0.18820952714875216 
1544.txt pos pos:0.9969554705928787 neg:0.0030445294071214076 
3985.txt neg neg:0.9989321991032792 pos:0.0010678008967208025 
1311.txt pos pos:0.9989775477923402 neg:0.0010224522076598599 
1968.txt neg neg:0.9999970773926437 pos:2.9226073562914752E-6 
1513.txt neg neg:0.6282502375920268 pos:0.37174976240797314 
868.txt pos neg:0.9036314349090045 pos:0.0963685650909954 
116.txt pos pos:0.6483629000073304 neg:0.3516370999926695 
814.txt pos pos:0.8206472535097582 neg:0.17935274649024172 
4005.txt neg neg:0.9999408441091079 pos:5.9155890892051386E-5 
1931.txt pos pos:0.9991744890675357 neg:8.255109324643097E-4 
1705.txt pos pos:0.9974552220925161 neg:0.00254477790748385 
1871.txt pos pos:0.9999558312484419 neg:4.416875155824095E-5 
3165.txt pos pos:0.9999999513318941 neg:4.8668105867596214E-8 
143.txt neg neg:0.9193941776215325 pos:0.08060582237846739 
1040.txt neg pos:0.5613955019681268 neg:0.43860449803187324 
2053.txt pos neg:0.9594187341348872 pos:0.040581265865112674 
775.txt neg neg:0.9995911867427699 pos:4.0881325723014935E-4 
1943.txt pos pos:0.9823672132925894 neg:0.017632786707410548 
866.txt pos pos:0.9496027194135235 neg:0.050397280586476585 
2716.txt neg pos:0.6416835699441331 neg:0.3583164300558669 
2957.txt neg neg:0.9973301549198798 pos:0.0026698450801202708 
1845.txt neg neg:0.9916475619851249 pos:0.008352438014875077 
3335.txt pos pos:0.5312055404583945 neg:0.46879445954160553 
652.txt pos pos:0.9091928854731406 neg:0.09080711452685931 
2959.txt neg pos:0.6990072105538405 neg:0.3009927894461595 
3767.txt neg neg:0.9941169699486737 pos:0.005883030051326258 
3692.txt neg neg:0.8838871137050297 pos:0.1161128862949703 
3737.txt pos pos:0.9831407222744243 neg:0.01685927772557571 
808.txt neg neg:0.9998085742147417 pos:1.9142578525837038E-4 
474.txt neg neg:0.9997826194292472 pos:2.1738057075283715E-4 
2361.txt neg neg:0.9943636230696188 pos:0.005636376930381229 
1453.txt neg neg:0.9966257198834384 pos:0.0033742801165616773 
982.txt pos pos:0.9957684355921239 neg:0.0042315644078759805 
1885.txt neg neg:0.9982707435337145 pos:0.0017292564662854976 
1318.txt pos pos:0.9999958535101453 neg:4.146489854624142E-6 
183.txt neg neg:0.9404505504972053 pos:0.059549449502794775 
1626.txt pos neg:0.9684781296640528 pos:0.03152187033594723 
17.txt pos pos:0.6542666802383617 neg:0.3457333197616384 
656.txt neg pos:0.5300710038184583 neg:0.4699289961815416 
230.txt neg neg:0.9991044693178489 pos:8.955306821511546E-4 
3196.txt neg neg:0.9735582243184729 pos:0.026441775681527092 
3477.txt neg neg:0.9910773473173552 pos:0.008922652682644944 
Trial 0 Trainer MaxEntTrainer,gaussianPriorVariance=1.0 Training Data Confusion Matrix
Confusion Matrix, row=true, column=predicted  accuracy=1.0
  label   0   1  |total
  0 neg 900   .  |900
  1 pos   . 900  |900

Trial 0 Trainer MaxEntTrainer,gaussianPriorVariance=1.0 training data accuracy= 1.0
Trial 0 Trainer MaxEntTrainer,gaussianPriorVariance=1.0 Test Data Confusion Matrix
Confusion Matrix, row=true, column=predicted  accuracy=0.805
  label   0   1  |total
  0 neg  86  14  |100
  1 pos  25  75  |100

Trial 0 Trainer MaxEntTrainer,gaussianPriorVariance=1.0 test data accuracy= 0.805

MaxEntTrainer,gaussianPriorVariance=1.0
Summary. train accuracy mean = 1.0 stddev = 0.0 stderr = 0.0
Summary. test accuracy mean = 0.805 stddev = 0.0 stderr = 0.0
