
-------------------- Trial 0  --------------------

Trial 0 Training NaiveBayesTrainer with 1800 instances
Trial 0 Training NaiveBayesTrainer finished
Trial 0 Trainer NaiveBayesTrainer
 Raw Testing Data
3965.txt pos neg:0.999987689727888 pos:1.231027211207031E-5 
719.txt neg neg:1.0 pos:1.7002192439009327E-22 
2931.txt neg neg:1.0 pos:1.2841720989479958E-26 
3674.txt neg neg:1.0 pos:2.9568875681252976E-20 
3269.txt neg neg:1.0 pos:1.0497776058741984E-24 
2357.txt pos pos:1.0 neg:6.391288071154948E-82 
416.txt pos pos:0.9999913769133317 neg:8.623086668383952E-6 
1822.txt pos pos:0.999999999900812 neg:9.918798447468666E-11 
3012.txt pos pos:0.9991370635604063 neg:8.629364395937471E-4 
1275.txt neg pos:0.9999999968719173 neg:3.1280827237149868E-9 
2162.txt neg neg:1.0 pos:6.9012479243680065E-18 
932.txt pos pos:1.0 neg:2.2806811008431274E-37 
438.txt neg pos:0.9999943660026261 neg:5.6339973737888954E-6 
4023.txt neg pos:0.9999999999783633 neg:2.1636610029663728E-11 
2978.txt neg neg:0.9999999999955091 pos:4.4908262918844075E-12 
55.txt neg pos:0.9999955784822776 neg:4.421517722372286E-6 
587.txt neg neg:0.9955423740650882 pos:0.004457625934911889 
2793.txt neg neg:0.99999997919148 pos:2.0808520032660823E-8 
799.txt pos pos:0.9999999999994746 neg:5.253050483542103E-13 
2153.txt neg neg:0.9999999999758229 pos:2.417707876700011E-11 
3756.txt pos pos:1.0 neg:1.061283751746954E-18 
1205.txt pos pos:0.9841866030686373 neg:0.015813396931362664 
1947.txt neg neg:1.0 pos:1.781710844049179E-22 
4263.txt pos neg:0.9981919955695173 pos:0.0018080044304827421 
2311.txt neg neg:1.0 pos:5.618005227971942E-18 
1730.txt neg pos:0.994565465496702 neg:0.005434534503297929 
2006.txt neg neg:0.9999999999999931 pos:6.9074128392669244E-15 
2505.txt pos pos:1.0 neg:1.1220619100854214E-17 
121.txt pos pos:1.0 neg:4.085548551052551E-40 
2795.txt pos pos:1.0 neg:4.209762231187974E-30 
3899.txt pos pos:1.0 neg:8.462258439464304E-56 
2738.txt pos neg:0.8389228416929093 pos:0.1610771583070907 
3833.txt pos pos:1.0 neg:1.345258448725585E-27 
1862.txt pos neg:0.9999141552193811 pos:8.584478061895381E-5 
3104.txt pos pos:0.9963556170435132 neg:0.0036443829564869676 
204.txt pos pos:0.9999999999994551 neg:5.449843420299027E-13 
360.txt pos pos:1.0 neg:1.4364185638454943E-27 
1456.txt neg pos:0.9963452380878909 neg:0.003654761912109185 
3141.txt neg neg:0.9999999999999722 pos:2.7759051735497327E-14 
1596.txt neg neg:0.9999999999999998 pos:1.414104325606293E-16 
4347.txt pos pos:1.0 neg:1.9318212945663455E-65 
4050.txt pos pos:1.0 neg:3.81259167369795E-58 
423.txt pos pos:0.8198807821238765 neg:0.18011921787612348 
1044.txt pos pos:0.9348315106194709 neg:0.06516848938052915 
768.txt neg neg:0.9999999999999891 pos:1.0980659078962349E-14 
3190.txt neg pos:0.9998836487590849 neg:1.1635124091509453E-4 
3958.txt neg pos:1.0 neg:2.1426328909724805E-24 
1327.txt neg neg:0.5995770784038567 pos:0.40042292159614346 
2453.txt pos pos:0.9999999999852427 neg:1.475732611287642E-11 
4256.txt pos pos:1.0 neg:2.6522518342820743E-45 
3394.txt pos pos:0.9999999571215906 neg:4.287840938694629E-8 
1293.txt pos pos:1.0 neg:8.153282364108113E-48 
1598.txt neg neg:0.6366363086765312 pos:0.3633636913234688 
3518.txt neg neg:0.9999996691587913 pos:3.3084120859239833E-7 
560.txt neg neg:1.0 pos:8.559737997499718E-21 
2427.txt neg neg:0.989545673459199 pos:0.010454326540801053 
818.txt pos pos:1.0 neg:1.7387631178388247E-32 
349.txt neg neg:1.0 pos:3.581171830646166E-21 
1818.txt neg neg:0.9999999999999998 pos:1.363432665507212E-16 
1900.txt neg neg:0.9999999999999998 pos:1.4733644158838129E-16 
287.txt neg neg:0.9999999970626583 pos:2.9373417812365264E-9 
1506.txt pos pos:1.0 neg:4.372161889140081E-50 
1277.txt pos pos:0.9984170663034202 neg:0.0015829336965796936 
1740.txt pos pos:1.0 neg:5.64723182258531E-25 
3646.txt neg neg:0.9999999999998646 pos:1.3541681068490088E-13 
174.txt neg neg:0.8204134415570472 pos:0.1795865584429527 
2826.txt pos pos:1.0 neg:3.7523868627395313E-34 
754.txt neg pos:0.9999999786928837 neg:2.1307116182137165E-8 
2745.txt neg neg:0.9999999876513971 pos:1.234860298485671E-8 
569.txt neg pos:0.9952819576197526 neg:0.004718042380247391 
3697.txt neg neg:1.0 pos:4.78300255206734E-19 
1973.txt pos pos:1.0 neg:4.73078981390245E-18 
384.txt pos neg:0.995763508337041 pos:0.004236491662959045 
2652.txt pos pos:0.9999999993014133 neg:6.985868479226497E-10 
1416.txt neg pos:0.8418350949476909 neg:0.15816490505230907 
1127.txt pos pos:1.0 neg:7.751736800897811E-25 
3751.txt pos pos:1.0 neg:6.473149434664503E-30 
1855.txt neg neg:1.0 pos:4.328526977435846E-26 
3013.txt neg neg:0.9999999999976152 pos:2.3848671222574605E-12 
238.txt pos neg:0.9999994855304721 pos:5.144695279746156E-7 
2041.txt neg neg:0.9999966860191862 pos:3.313980813766953E-6 
1326.txt pos neg:0.9999809532454829 pos:1.9046754517275367E-5 
2119.txt neg neg:0.9999992702237342 pos:7.297762656588642E-7 
1574.txt pos pos:0.5554981234707811 neg:0.44450187652921896 
1095.txt pos pos:1.0 neg:6.388837690308244E-37 
464.txt pos pos:0.9999981054879561 neg:1.8945120439096469E-6 
2097.txt neg neg:0.9999999999941871 pos:5.812842676937007E-12 
3910.txt pos pos:0.9999999999996345 neg:3.654952452420138E-13 
4109.txt neg neg:0.999999985222602 pos:1.4777398017611223E-8 
4175.txt neg pos:0.9999981685739917 neg:1.8314260083116402E-6 
3103.txt pos neg:0.9999999999999978 pos:2.2900635157003804E-15 
1036.txt pos pos:1.0 neg:2.6504734160597243E-44 
2295.txt neg neg:0.9999999999589804 pos:4.1019644121881023E-11 
1243.txt neg pos:0.99999999999587 neg:4.1300767683616836E-12 
4173.txt pos pos:1.0 neg:2.4381482089159545E-76 
556.txt neg neg:1.0 pos:7.983950252251168E-21 
2776.txt pos neg:0.9998788722655451 pos:1.2112773445507362E-4 
907.txt pos pos:1.0 neg:5.099222434608072E-37 
1481.txt pos pos:1.0 neg:1.5410896720103177E-20 
1791.txt pos pos:0.9999999999286333 neg:7.136666145630943E-11 
1278.txt neg neg:0.9999999999997782 pos:2.2179728994951969E-13 
1998.txt neg neg:1.0 pos:4.503494566633099E-32 
1884.txt neg neg:0.9999999998551052 pos:1.4489470717104137E-10 
3986.txt pos pos:0.9993312106266455 neg:6.687893733544135E-4 
1974.txt pos pos:1.0 neg:3.188527114711709E-18 
2316.txt neg neg:1.0 pos:7.015832258865848E-18 
3758.txt pos neg:0.9999819221033023 pos:1.8077896697691624E-5 
520.txt neg neg:0.9999997794740974 pos:2.2052590273273386E-7 
2855.txt neg neg:0.9999999999999907 pos:9.294431704470602E-15 
3922.txt pos pos:0.9999999999999594 neg:4.071674713412442E-14 
1797.txt neg pos:0.9999977488353595 neg:2.251164640385768E-6 
2883.txt neg neg:0.9999999999248534 pos:7.51464919567862E-11 
190.txt neg pos:0.9548780411202266 neg:0.04512195887977344 
1369.txt neg neg:1.0 pos:2.6628924158079075E-17 
1003.txt pos pos:0.9999791039111414 neg:2.0896088858439525E-5 
3673.txt neg pos:0.999794926682298 neg:2.050733177019645E-4 
3719.txt neg pos:0.9999998449963596 neg:1.5500364022128063E-7 
3408.txt pos neg:0.9999999974091456 pos:2.5908543293698138E-9 
3331.txt neg neg:0.9999905063873781 pos:9.493612621861357E-6 
141.txt neg neg:1.0 pos:6.883764745281527E-26 
1859.txt pos pos:0.9999994846484352 neg:5.153515648403506E-7 
3137.txt neg neg:1.0 pos:4.7866609930599364E-20 
3192.txt pos pos:1.0 neg:1.5875227105426217E-25 
3586.txt pos pos:0.9999999999999987 neg:1.3005046597966444E-15 
1659.txt neg neg:0.9999999999975742 pos:2.4257333029631026E-12 
3516.txt neg neg:0.9861627511782393 pos:0.013837248821760835 
3378.txt neg neg:1.0 pos:1.5125105917623548E-20 
4307.txt pos pos:0.999999999977446 neg:2.2554034490887887E-11 
84.txt pos pos:0.9999996791555225 neg:3.2084447755419205E-7 
619.txt pos neg:0.996251591369332 pos:0.0037484086306679987 
969.txt neg neg:0.9999999999999525 pos:4.7523028066577285E-14 
2777.txt neg neg:1.0 pos:2.1217565025078006E-18 
1450.txt pos neg:0.9993663090791703 pos:6.336909208296738E-4 
2570.txt pos neg:0.99999994172102 pos:5.827898010465349E-8 
3713.txt neg neg:1.0 pos:2.736199839844237E-17 
949.txt pos pos:0.9999999999979667 neg:2.033259871918045E-12 
889.txt pos neg:0.8048398430547378 pos:0.19516015694526223 
2653.txt neg neg:0.9999999999999822 pos:1.7833405961338076E-14 
2180.txt pos neg:0.9935655710543221 pos:0.006434428945678031 
280.txt neg neg:0.999944854507608 pos:5.5145492392097176E-5 
2866.txt pos neg:0.9995165696804085 pos:4.834303195916072E-4 
2579.txt pos neg:0.9841450420271006 pos:0.015854957972899444 
864.txt pos pos:1.0 neg:1.1272903246326106E-30 
1858.txt neg neg:0.8148950911592729 pos:0.18510490884072708 
3228.txt pos pos:0.9523800577216968 neg:0.04761994227830333 
1933.txt pos pos:0.9999999996422808 neg:3.577192455650454E-10 
2072.txt pos pos:0.999999999998977 neg:1.0229303966897084E-12 
1823.txt neg pos:0.9999999999996443 neg:3.558148607757634E-13 
1949.txt neg neg:1.0 pos:5.2718075831166615E-30 
1591.txt neg pos:0.7367312612817437 neg:0.26326873871825635 
1590.txt pos pos:0.9999999999720113 neg:2.7988726465758455E-11 
1078.txt pos pos:1.0 neg:4.561538373552769E-33 
2593.txt pos pos:0.9999999997977571 neg:2.0224295714384388E-10 
1501.txt pos pos:0.9999999937562072 neg:6.243792690617796E-9 
1709.txt pos pos:0.9999999999999989 neg:1.21575251510105E-15 
1999.txt pos pos:0.9999999999898763 neg:1.0123778096543596E-11 
1680.txt pos neg:0.8577440961521334 pos:0.14225590384786663 
790.txt pos pos:1.0 neg:3.347601463715502E-21 
2612.txt pos pos:1.0 neg:6.052745025991732E-20 
332.txt neg neg:0.9999999937815727 pos:6.21842720963563E-9 
1886.txt pos pos:1.0 neg:1.796379744802483E-17 
3069.txt pos pos:0.9852438621049693 neg:0.014756137895030604 
2904.txt neg neg:1.0 pos:1.1477892058043412E-21 
4375.txt pos pos:1.0 neg:3.627013569574582E-41 
637.txt neg neg:1.0 pos:1.3290648915297278E-18 
404.txt neg pos:0.7181274148172996 neg:0.2818725851827004 
1572.txt neg neg:0.9973990918149079 pos:0.0026009081850921025 
7.txt neg neg:0.9999999999999858 pos:1.4183384512835735E-14 
329.txt pos neg:0.9999999999894265 pos:1.0573568555041043E-11 
1775.txt pos pos:0.9560915126370776 neg:0.043908487362922285 
2454.txt pos pos:1.0 neg:7.304006651556545E-17 
3085.txt neg neg:0.9999890477084536 pos:1.0952291546306939E-5 
3714.txt neg neg:0.999999436034054 pos:5.639659461154541E-7 
3919.txt pos pos:0.9992522167846347 neg:7.477832153652092E-4 
3176.txt pos pos:1.0 neg:2.291957598662638E-31 
3759.txt neg pos:0.9999445840105765 neg:5.541598942338386E-5 
1532.txt neg neg:0.999999999999988 pos:1.201143740551031E-14 
1070.txt neg pos:0.999844152843815 neg:1.5584715618499086E-4 
512.txt neg neg:0.9999999999999973 pos:2.7134451399562463E-15 
244.txt pos pos:0.9999999999999833 neg:1.6721528425120928E-14 
3170.txt neg pos:0.9992871186873487 neg:7.128813126514301E-4 
1005.txt neg neg:1.0 pos:1.627564043145726E-35 
3563.txt neg neg:0.9999999468226392 pos:5.317736089928071E-8 
4379.txt neg neg:0.8084097513412554 pos:0.19159024865874463 
3221.txt pos pos:0.9999510195642827 neg:4.8980435717371006E-5 
3649.txt pos pos:1.0 neg:1.7662539749727757E-17 
20.txt neg neg:0.9898286190113582 pos:0.01017138098864177 
2701.txt neg neg:1.0 pos:9.005323072305682E-30 
4010.txt pos pos:1.0 neg:9.217498808152996E-37 
900.txt pos pos:0.9938516679238188 neg:0.006148332076181281 
4340.txt pos pos:1.0 neg:3.0401688939182165E-25 
532.txt pos pos:0.9999999999999671 neg:3.2808062050839046E-14 
2123.txt pos pos:1.0 neg:1.0189909839615095E-30 
3449.txt neg pos:1.0 neg:9.553485453159545E-19 
3757.txt neg neg:0.999935752833277 pos:6.4247166723139E-5 
1934.txt pos pos:0.9975563559762832 neg:0.0024436440237168224 
3014.txt neg neg:0.9999997367784361 pos:2.632215638519591E-7 
1619.txt neg neg:0.9999999060303826 pos:9.396961743003336E-8 
4281.txt neg neg:0.9984242092045698 pos:0.001575790795430126 
443.txt neg neg:0.9999999980310064 pos:1.9689936967247442E-9 
Trial 0 Trainer NaiveBayesTrainer Training Data Confusion Matrix
Confusion Matrix, row=true, column=predicted  accuracy=0.9916666666666667
  label   0   1  |total
  0 neg 897   3  |900
  1 pos  12 888  |900

Trial 0 Trainer NaiveBayesTrainer training data accuracy= 0.9916666666666667
Trial 0 Trainer NaiveBayesTrainer Test Data Confusion Matrix
Confusion Matrix, row=true, column=predicted  accuracy=0.78
  label   0   1  |total
  0 neg  76  24  |100
  1 pos  20  80  |100

Trial 0 Trainer NaiveBayesTrainer test data accuracy= 0.78

NaiveBayesTrainer
Summary. train accuracy mean = 0.9916666666666667 stddev = 0.0 stderr = 0.0
Summary. test accuracy mean = 0.78 stddev = 0.0 stderr = 0.0
