
-------------------- Trial 0  --------------------

Trial 0 Training NaiveBayesTrainer with 1800 instances
Trial 0 Training NaiveBayesTrainer finished
Trial 0 Trainer NaiveBayesTrainer
 Raw Testing Data
2118.txt neg pos:0.9999770562286718 neg:2.294377132814005E-5 
4108.txt neg pos:0.7543264790438371 neg:0.245673520956163 
493.txt neg neg:0.9999999999998437 pos:1.5629955129428602E-13 
2929.txt pos pos:0.9979614025749791 neg:0.0020385974250210293 
1230.txt neg neg:0.9997966822674809 pos:2.033177325191569E-4 
2813.txt neg neg:0.9999962048351667 pos:3.7951648332797457E-6 
3781.txt pos pos:0.999999916822043 neg:8.317795683195657E-8 
1546.txt neg pos:0.9999999989115897 neg:1.0884101642993916E-9 
1810.txt neg neg:0.9999999998488696 pos:1.5113041246104662E-10 
3801.txt neg neg:0.7610761611766282 pos:0.2389238388233718 
4373.txt pos neg:0.999999999999895 pos:1.0504751893650994E-13 
4190.txt neg neg:0.9999991577495073 pos:8.422504927022426E-7 
1155.txt neg neg:0.9999999247851116 pos:7.52148885427518E-8 
3220.txt pos pos:0.9987703121004108 neg:0.0012296878995892303 
348.txt neg neg:0.9995774992383512 pos:4.225007616488635E-4 
3084.txt neg pos:1.0 neg:5.8542308637056285E-33 
1368.txt neg pos:0.9423980272882302 neg:0.057601972711769915 
846.txt pos pos:1.0 neg:8.69531899700154E-32 
6.txt neg neg:0.9999999948315978 pos:5.168402040027346E-9 
1808.txt neg neg:0.977728512204894 pos:0.02227148779510597 
2206.txt neg neg:0.9987220808950037 pos:0.0012779191049962974 
3723.txt neg pos:0.9999999999998668 neg:1.3316164619832784E-13 
3691.txt neg neg:0.9999999999999998 pos:2.303386332128879E-16 
2190.txt pos pos:0.9999998522920824 neg:1.477079177101498E-7 
934.txt pos pos:0.9999934225821137 neg:6.577417886346673E-6 
2502.txt neg neg:0.9998891516872302 pos:1.1084831276963022E-4 
266.txt pos neg:0.9999977332758679 pos:2.2667241319282844E-6 
342.txt pos pos:0.9999999999938751 neg:6.124892011536772E-12 
1039.txt pos pos:0.9999999999731626 neg:2.6837412489068634E-11 
1168.txt pos pos:1.0 neg:8.311483840046754E-23 
521.txt neg neg:0.516020485911657 pos:0.483979514088343 
1093.txt pos pos:0.9999999994363762 neg:5.636238275541445E-10 
4310.txt pos pos:1.0 neg:2.221606751750456E-34 
1617.txt pos pos:1.0 neg:1.918060602218697E-37 
3447.txt pos neg:0.9999999999778642 pos:2.2135812331248725E-11 
3672.txt neg neg:1.0 pos:5.771252502634562E-17 
2274.txt neg neg:1.0 pos:3.1510136678887126E-17 
3497.txt neg neg:0.9999999999997866 pos:2.1339930642182186E-13 
3277.txt neg neg:0.9999904634013138 pos:9.536598686148545E-6 
61.txt neg pos:0.9311234197572998 neg:0.06887658024270012 
842.txt neg pos:0.8943997002299299 neg:0.1056002997700702 
2158.txt neg neg:0.9999963761086403 pos:3.623891359676095E-6 
93.txt pos pos:0.6231926877616817 neg:0.37680731223831837 
1361.txt neg neg:0.999999999999335 pos:6.650273069076521E-13 
399.txt neg neg:0.99999999300456 pos:6.995440059893255E-9 
3807.txt pos neg:0.9982672084612538 pos:0.0017327915387462859 
2096.txt neg neg:0.9999999999995839 pos:4.1614576012228465E-13 
1541.txt neg pos:0.9999999981064003 neg:1.8935997323465613E-9 
3956.txt pos pos:1.0 neg:1.4888009392813532E-30 
607.txt pos pos:0.999999999517363 neg:4.826370601149048E-10 
3337.txt neg neg:1.0 pos:8.278455023109343E-17 
1320.txt pos pos:1.0 neg:1.0261830045401899E-27 
4033.txt neg neg:1.0 pos:1.6069294462820208E-38 
3266.txt neg neg:0.9999999999456766 pos:5.432353663481004E-11 
3724.txt neg neg:1.0 pos:1.6740867800149784E-19 
402.txt neg neg:0.9999996722188007 pos:3.277811992685962E-7 
709.txt pos pos:1.0 neg:6.583220140342982E-25 
3688.txt pos neg:0.9948445071445732 pos:0.005155492855426785 
3710.txt pos pos:0.7009237678087191 neg:0.2990762321912808 
85.txt pos pos:1.0 neg:3.1716914239116184E-73 
2437.txt neg neg:1.0 pos:9.385829126909265E-17 
1486.txt neg neg:1.0 pos:7.014106074329324E-27 
3304.txt pos pos:1.0 neg:7.559416561719936E-31 
1028.txt pos pos:0.9998411209544854 neg:1.5887904551453657E-4 
4374.txt pos pos:0.9999999999999998 neg:1.3051924694203445E-16 
974.txt pos pos:1.0 neg:6.030178300652933E-26 
1115.txt neg neg:0.9999999999898033 pos:1.0196660458645944E-11 
3549.txt pos pos:0.9999999865823643 neg:1.3417635783010663E-8 
2544.txt pos pos:1.0 neg:1.1830469727340221E-22 
437.txt neg neg:0.9985216632760062 pos:0.001478336723993698 
3382.txt neg neg:0.9980381919723793 pos:0.0019618080276208073 
727.txt neg neg:0.9999999999999791 pos:2.0825205438659694E-14 
486.txt pos pos:0.9999999986346002 neg:1.3653997544318528E-9 
1030.txt pos pos:0.5127155830885272 neg:0.4872844169114729 
2853.txt neg neg:0.9499978430258371 pos:0.05000215697416275 
3835.txt pos pos:1.0 neg:1.1159686058549632E-30 
1045.txt pos pos:1.0 neg:2.4274381881335248E-24 
4317.txt pos pos:0.9999999999998079 neg:1.9200548338040102E-13 
394.txt pos pos:0.9999998217364754 neg:1.782635245900399E-7 
577.txt neg neg:0.9999993011939097 pos:6.988060901660471E-7 
3371.txt pos pos:0.9999999999968467 neg:3.1533616393248157E-12 
3185.txt pos pos:0.9999999465045777 neg:5.349542239432794E-8 
841.txt pos pos:0.8253132135829743 neg:0.17468678641702576 
1462.txt neg neg:1.0 pos:9.80380593395032E-18 
4088.txt neg neg:1.0 pos:9.23082419177377E-17 
1734.txt pos pos:1.0 neg:8.502273835063674E-37 
1129.txt neg neg:1.0 pos:5.328476397791244E-24 
482.txt neg neg:1.0 pos:9.657651511599573E-26 
2683.txt neg pos:0.9999662302560134 neg:3.376974398660061E-5 
1509.txt pos pos:0.9999999999999964 neg:3.4950001163583575E-15 
54.txt neg pos:0.9999999999999958 neg:4.2777828149505204E-15 
53.txt pos pos:1.0 neg:1.836912699633715E-21 
1534.txt neg pos:0.8089490362831288 neg:0.1910509637168712 
3917.txt neg neg:1.0 pos:1.2056676988282623E-26 
1948.txt neg neg:0.9999999999979747 pos:2.025282610303604E-12 
3473.txt neg neg:0.9999876262040465 pos:1.2373795953505451E-5 
2074.txt pos pos:0.9999999999999918 neg:8.286468386475157E-15 
2110.txt pos pos:0.9957480725197566 neg:0.00425192748024331 
109.txt neg neg:0.999999130771413 pos:8.692285870211529E-7 
3303.txt pos pos:1.0 neg:6.1059008384048686E-21 
3806.txt neg neg:0.9999999999752951 pos:2.470498247501665E-11 
205.txt pos pos:0.9999999826555196 neg:1.7344480516231734E-8 
2065.txt pos pos:0.999991901856649 neg:8.098143351027522E-6 
724.txt pos pos:1.0 neg:2.443172789561569E-18 
4218.txt neg neg:0.9999999999862177 pos:1.3782225632028736E-11 
791.txt pos pos:0.9999933005865503 neg:6.699413449716122E-6 
433.txt pos pos:1.0 neg:1.6398157083938927E-18 
1329.txt pos pos:1.0 neg:1.7000408040990316E-39 
2125.txt pos pos:1.0 neg:6.535317441720034E-22 
961.txt neg neg:0.9999999999393516 pos:6.064837385217133E-11 
2902.txt neg neg:0.999999998309725 pos:1.6902751198023095E-9 
112.txt pos pos:1.0 neg:1.064237422312385E-43 
397.txt neg neg:1.0 pos:3.3991637160518655E-55 
3989.txt pos pos:1.0 neg:9.121843496340861E-23 
2035.txt neg neg:1.0 pos:4.352385140396873E-39 
2869.txt pos pos:1.0 neg:4.427486349450229E-20 
4081.txt neg neg:1.0 pos:9.233672745802885E-21 
4216.txt neg pos:0.9999999999964633 neg:3.5367110737385007E-12 
2181.txt pos pos:0.999088000671838 neg:9.119993281619768E-4 
501.txt pos pos:0.9990566797898135 neg:9.433202101864419E-4 
217.txt neg neg:0.9999637956015726 pos:3.62043984274923E-5 
169.txt pos pos:0.9999243066067577 neg:7.569339324229941E-5 
1236.txt pos pos:0.9820603589962843 neg:0.017939641003715628 
2812.txt pos pos:0.9821957435020383 neg:0.017804256497961732 
3580.txt pos pos:0.9818310052468355 neg:0.01816899475316446 
3026.txt pos neg:0.9999531109876212 pos:4.688901237874323E-5 
4132.txt pos neg:1.0 pos:5.343403803939064E-22 
732.txt pos pos:1.0 neg:1.1303688670569463E-24 
611.txt pos neg:0.9999999999999951 pos:4.8697892669412785E-15 
1907.txt pos pos:1.0 neg:6.967226360009005E-27 
1054.txt pos pos:0.9999999999969298 neg:3.0702155604071645E-12 
604.txt neg neg:0.9892572522619768 pos:0.010742747738023303 
2660.txt neg neg:0.9999995888089398 pos:4.111910601687922E-7 
3459.txt neg neg:0.9999999999999845 pos:1.5521666465363225E-14 
973.txt pos pos:1.0 neg:2.2610012358227787E-45 
1352.txt pos pos:1.0 neg:8.33798062504173E-42 
796.txt pos pos:0.7286492898017549 neg:0.2713507101982451 
494.txt neg neg:1.0 pos:1.387425028582898E-24 
3077.txt pos pos:1.0 neg:8.117524549005119E-34 
3153.txt pos pos:1.0 neg:4.469404422642145E-23 
574.txt pos pos:0.9997701552740553 neg:2.2984472594466898E-4 
1746.txt pos neg:0.9999994894251663 pos:5.105748337350191E-7 
2885.txt neg neg:1.0 pos:2.95497882105803E-18 
660.txt neg neg:1.0 pos:4.73568170946166E-23 
1773.txt pos pos:1.0 neg:8.599861807915127E-26 
1202.txt neg neg:0.9999999999999998 pos:2.547405369452902E-16 
3701.txt pos pos:0.9999999999387745 neg:6.122556997509414E-11 
354.txt pos pos:0.9999999999999998 neg:1.3945710523746311E-16 
886.txt pos pos:0.9999999749896458 neg:2.5010354356906124E-8 
2426.txt neg neg:0.99957344801782 pos:4.265519821799902E-4 
2937.txt neg neg:0.9999999999999714 pos:2.865430459861241E-14 
4025.txt neg neg:0.9999999999995253 pos:4.747675519575441E-13 
1260.txt pos pos:1.0 neg:9.108675948479127E-22 
4308.txt pos pos:0.9920704111807515 neg:0.007929588819248466 
1597.txt neg neg:0.999991860837593 pos:8.139162406941136E-6 
1451.txt pos pos:1.0 neg:2.0328371962633226E-21 
568.txt neg neg:1.0 pos:1.871260192221492E-18 
3951.txt pos pos:0.9997435813402489 neg:2.5641865975105144E-4 
1184.txt neg neg:0.999999674036356 pos:3.259636439592806E-7 
3846.txt neg pos:0.9923698501883015 neg:0.007630149811698426 
4257.txt pos pos:1.0 neg:5.560877969913839E-41 
3496.txt pos neg:0.9904261641640335 pos:0.009573835835966396 
857.txt pos pos:1.0 neg:1.5919119832145848E-33 
1819.txt neg neg:0.9999999999999987 pos:1.3402567126607308E-15 
1909.txt pos pos:0.999993228868964 neg:6.771131036098666E-6 
3519.txt neg neg:0.990679232264884 pos:0.009320767735115991 
1370.txt neg neg:1.0 pos:3.9565104025016444E-17 
2372.txt pos pos:0.6904177041051952 neg:0.30958229589480474 
2091.txt neg neg:0.999999026630821 pos:9.733691790566392E-7 
385.txt pos pos:0.9999998779132433 neg:1.2208675666154516E-7 
3659.txt pos pos:0.9989081897560628 neg:0.0010918102439371206 
388.txt neg pos:0.9999870709520232 neg:1.2929047976717396E-5 
3227.txt pos pos:0.9999999989716803 neg:1.0283196348446544E-9 
2744.txt neg neg:0.9999990280720151 pos:9.719279848673527E-7 
3718.txt neg neg:1.0 pos:2.4892217171864404E-40 
262.txt neg pos:0.9998811342816175 neg:1.1886571838261013E-4 
45.txt pos pos:1.0 neg:1.2542258461345772E-39 
1623.txt neg pos:0.76212781763109 neg:0.23787218236890995 
2678.txt neg neg:0.9999999713497981 pos:2.865020189468491E-8 
3407.txt pos pos:1.0 neg:2.1374942418898201E-32 
2655.txt neg neg:0.9992582591826303 pos:7.417408173697397E-4 
913.txt neg neg:0.999954920358336 pos:4.507964166407894E-5 
3292.txt pos pos:0.9999999999917819 neg:8.218063650419599E-12 
1237.txt neg pos:0.5447238786576447 neg:0.4552761213423552 
422.txt pos neg:0.9675868331875368 pos:0.03241316681246318 
566.txt neg neg:1.0 pos:2.8495016633233835E-18 
107.txt neg neg:0.9999999999999996 pos:5.281901483624762E-16 
1656.txt neg neg:1.0 pos:1.8910248739329452E-18 
3589.txt pos pos:0.9999995070813832 neg:4.929186166724363E-7 
2637.txt pos pos:0.9999999999999989 neg:1.0290809927142842E-15 
905.txt neg neg:0.999999999999567 pos:4.3304971838177644E-13 
1203.txt pos neg:0.6585914494995353 pos:0.3414085505004647 
2539.txt neg neg:0.9999999999832883 pos:1.6711791648252812E-11 
1817.txt neg neg:0.9999861234141484 pos:1.3876585851629252E-5 
747.txt pos neg:0.9999999773648137 pos:2.263518639493368E-8 
2604.txt neg neg:0.9999999999959548 pos:4.045166055353303E-12 
2141.txt pos pos:0.9999999997935973 neg:2.0640275358748708E-10 
3996.txt pos pos:1.0 neg:1.3067389276789684E-28 
783.txt neg neg:0.9993074326374523 pos:6.925673625476324E-4 
1747.txt neg neg:1.0 pos:1.317983843242347E-24 
Trial 0 Trainer NaiveBayesTrainer Training Data Confusion Matrix
Confusion Matrix, row=true, column=predicted  accuracy=0.9911111111111112
  label   0   1  |total
  0 neg 898   2  |900
  1 pos  14 886  |900

Trial 0 Trainer NaiveBayesTrainer training data accuracy= 0.9911111111111112
Trial 0 Trainer NaiveBayesTrainer Test Data Confusion Matrix
Confusion Matrix, row=true, column=predicted  accuracy=0.845
  label   0   1  |total
  0 neg  82  18  |100
  1 pos  13  87  |100

Trial 0 Trainer NaiveBayesTrainer test data accuracy= 0.845

NaiveBayesTrainer
Summary. train accuracy mean = 0.9911111111111112 stddev = 0.0 stderr = 0.0
Summary. test accuracy mean = 0.845 stddev = 0.0 stderr = 0.0
