
-------------------- Trial 0  --------------------

Trial 0 Training NaiveBayesTrainer with 1800 instances
Trial 0 Training NaiveBayesTrainer finished
Trial 0 Trainer NaiveBayesTrainer
 Raw Testing Data
4188.txt neg neg:0.9999999731776408 pos:2.6822359241519536E-8 
1890.txt neg neg:0.9999997633553848 pos:2.3664461514324846E-7 
3541.txt neg neg:0.9999999999368101 pos:6.318979142981592E-11 
2106.txt pos pos:1.0 neg:7.280254059140513E-18 
2567.txt pos pos:1.0 neg:1.7608676930656756E-19 
302.txt pos pos:1.0 neg:1.734579262935365E-20 
1475.txt pos neg:0.9995223387277218 pos:4.7766127227825034E-4 
2396.txt pos pos:1.0 neg:2.0699714144947722E-17 
3481.txt neg neg:0.9999999743481724 pos:2.5651827566652162E-8 
937.txt neg neg:0.9999999883038201 pos:1.1696179944535294E-8 
1923.txt pos pos:0.9999999999997371 neg:2.6289435904422585E-13 
950.txt pos pos:1.0 neg:5.623418824836551E-22 
1764.txt neg pos:0.9828432568769481 neg:0.01715674312305195 
466.txt neg neg:1.0 pos:1.817564613340739E-40 
4035.txt pos pos:1.0 neg:1.077788624121347E-74 
4157.txt neg neg:1.0 pos:3.374969420091944E-27 
4246.txt pos pos:1.0 neg:2.955318828602947E-35 
2340.txt pos pos:1.0 neg:2.2807598729056983E-64 
1434.txt neg neg:0.9955548035427363 pos:0.004445196457263745 
3271.txt pos neg:0.7327615235061158 pos:0.26723847649388416 
3005.txt pos neg:0.9999939954791506 pos:6.004520849404504E-6 
3573.txt neg pos:0.9999999997881281 neg:2.1187183497032492E-10 
1846.txt neg neg:0.9999999997689937 pos:2.3100638244013922E-10 
2289.txt pos neg:0.9999999335430503 pos:6.645694973517682E-8 
3076.txt neg neg:0.9999968435384804 pos:3.1564615196242705E-6 
273.txt neg neg:0.9999999999999951 pos:4.8806502838428445E-15 
669.txt neg pos:0.9999999999999998 neg:1.9760809627606497E-16 
3681.txt pos pos:0.9999964233863781 neg:3.5766136219011693E-6 
3169.txt neg neg:1.0 pos:1.516994353231934E-34 
1083.txt neg pos:0.9991863584108777 neg:8.136415891223088E-4 
1448.txt neg neg:0.9999997879973316 pos:2.120026685224433E-7 
1564.txt pos pos:1.0 neg:8.895668055177205E-17 
4097.txt neg neg:0.999999932791276 pos:6.720872410232525E-8 
1371.txt pos pos:0.9999999999991487 neg:8.513432676393457E-13 
3329.txt pos pos:0.9999999620507606 neg:3.794923948216383E-8 
3946.txt neg neg:0.9382981367422715 pos:0.061701863257728515 
2445.txt neg neg:0.9999999999999989 pos:1.086018749802605E-15 
1194.txt pos pos:0.999999999999998 neg:1.933567242308101E-15 
156.txt neg neg:0.9934740849570006 pos:0.006525915042999336 
1441.txt neg neg:0.9999999999999938 pos:6.139870375637518E-15 
977.txt neg pos:0.9022134659515036 neg:0.09778653404849637 
3901.txt neg neg:1.0 pos:7.293611565150126E-22 
1563.txt pos pos:0.9999999999852074 neg:1.479269559915718E-11 
1872.txt pos pos:1.0 neg:1.7883020259292844E-26 
1848.txt neg neg:0.5700436709495642 pos:0.42995632905043574 
3811.txt pos pos:0.9999999999989628 neg:1.037230372071692E-12 
586.txt pos pos:0.9999999999999944 neg:5.5449744181664165E-15 
253.txt pos neg:0.9999381651137004 pos:6.183488629972636E-5 
813.txt neg neg:0.9999995295564635 pos:4.7044353646410903E-7 
2766.txt pos pos:1.0 neg:8.55852073293784E-20 
942.txt neg neg:0.9999999999998945 pos:1.053661778324632E-13 
2912.txt pos pos:0.9999999607153205 neg:3.928467956320645E-8 
1696.txt neg neg:0.9999997616811165 pos:2.383188835837119E-7 
1303.txt pos pos:1.0 neg:2.433422202193696E-35 
3773.txt pos pos:0.999990526947065 neg:9.473052934961987E-6 
1580.txt pos pos:1.0 neg:6.539904090234639E-47 
945.txt neg pos:0.9998239618816481 neg:1.7603811835198104E-4 
3709.txt neg neg:1.0 pos:1.109533259998673E-25 
1061.txt pos pos:1.0 neg:5.47083905971256E-31 
2670.txt pos pos:0.9999999999999918 neg:8.22809884936383E-15 
4316.txt neg neg:0.9999999999999976 pos:2.502617493776383E-15 
3204.txt pos pos:1.0 neg:2.952176427542299E-18 
414.txt neg neg:1.0 pos:6.8546744468321E-49 
406.txt pos pos:1.0 neg:4.404681080419193E-19 
1268.txt neg neg:1.0 pos:2.706895599402327E-28 
2566.txt neg neg:0.9999999926079075 pos:7.392092482916855E-9 
4273.txt pos pos:0.999999999831999 neg:1.680009566988433E-10 
446.txt pos pos:0.94075394195913 neg:0.05924605804087004 
3315.txt pos pos:0.9999999999492883 neg:5.071173415962348E-11 
1965.txt neg neg:0.9999999999999998 pos:3.1865024004808705E-16 
3327.txt pos pos:1.0 neg:1.002057023900391E-29 
1330.txt neg pos:0.8756737211878507 neg:0.12432627881214928 
1765.txt pos pos:0.9999999999990161 neg:9.839562493088753E-13 
667.txt neg pos:0.7403237739906219 neg:0.2596762260093781 
1255.txt pos pos:0.9999999676030692 neg:3.239693071331593E-8 
2147.txt neg neg:0.999999999999913 pos:8.70154512987749E-14 
1212.txt pos pos:0.9999999999985134 neg:1.4866995249025395E-12 
305.txt pos neg:1.0 pos:1.9385281379774984E-19 
588.txt pos pos:0.9999999998657347 neg:1.342653334709454E-10 
2802.txt neg pos:0.9999999892501937 neg:1.0749806338258119E-8 
1266.txt neg pos:0.9929715720514329 neg:0.0070284279485670915 
104.txt pos pos:1.0 neg:1.0803587548501718E-96 
3941.txt neg neg:1.0 pos:2.5942905958247922E-23 
1447.txt pos pos:1.0 neg:2.722053303407701E-35 
3799.txt pos pos:0.9999999988295465 neg:1.1704535339504041E-9 
473.txt pos pos:0.9999999995286688 neg:4.713310957908263E-10 
3418.txt pos neg:0.9999999999810767 pos:1.8923334898716536E-11 
787.txt pos pos:0.9999999999882125 neg:1.178741619480053E-11 
1807.txt pos neg:0.9999998325775723 pos:1.67422427569425E-7 
4319.txt pos pos:1.0 neg:3.326009026325619E-17 
1672.txt neg neg:0.9996877750058699 pos:3.122249941300526E-4 
1924.txt pos pos:1.0 neg:4.374284608773327E-48 
4356.txt neg neg:0.9993815611841971 pos:6.184388158029348E-4 
530.txt neg neg:0.9999999725845025 pos:2.7415497512907957E-8 
3746.txt pos pos:0.9891468761740682 neg:0.010853123825931845 
3888.txt neg neg:0.9999994261804279 pos:5.738195720691088E-7 
4208.txt pos pos:0.9999999999999996 neg:4.819642378873632E-16 
649.txt pos pos:0.9999999942822595 neg:5.717740454447017E-9 
2264.txt pos neg:0.9905474994610646 pos:0.009452500538935366 
3651.txt neg neg:0.9999356671467092 pos:6.433285329066242E-5 
1269.txt pos pos:1.0 neg:1.701096975422963E-38 
3410.txt neg neg:0.9748300461273253 pos:0.025169953872674653 
1252.txt pos neg:0.9394848472781228 pos:0.06051515272187717 
490.txt pos pos:0.9999999999961477 neg:3.85231648648614E-12 
1136.txt neg neg:0.9465187437718752 pos:0.05348125622812479 
3245.txt neg pos:0.737441407254316 neg:0.26255859274568405 
310.txt neg pos:0.9999999999646181 neg:3.53819626861971E-11 
2521.txt neg neg:0.9999999999996179 pos:3.821353334811971E-13 
1873.txt neg neg:1.0 pos:3.019194268139867E-38 
3540.txt pos pos:0.9999999994632371 neg:5.36762966352376E-10 
792.txt neg neg:0.9999999999999885 pos:1.1484775951077494E-14 
3817.txt neg neg:0.9999999999940763 pos:5.9236844738395074E-12 
3948.txt neg neg:1.0 pos:5.768234164730278E-18 
2058.txt neg neg:0.9999999999928182 pos:7.181906050232366E-12 
3320.txt pos pos:0.9999999999997591 neg:2.4084874059756163E-13 
1337.txt neg neg:0.9999999996044833 pos:3.9551663704678775E-10 
1962.txt neg neg:0.9999999998339277 pos:1.66072221617213E-10 
1131.txt neg neg:1.0 pos:1.0969628840885623E-37 
30.txt neg pos:1.0 neg:2.50800900286589E-29 
1762.txt pos neg:0.9999999999901732 pos:9.826735494865251E-12 
2726.txt pos pos:1.0 neg:1.3894928377996268E-33 
1139.txt pos pos:1.0 neg:1.2470765307071033E-18 
4325.txt pos pos:1.0 neg:5.6187083975828315E-39 
4274.txt pos pos:1.0 neg:1.0775191826312887E-46 
559.txt pos pos:0.9999999999997626 neg:2.3741778593886764E-13 
1055.txt neg neg:1.0 pos:7.95113702003003E-19 
711.txt pos neg:0.9985233914238375 pos:0.0014766085761626381 
3042.txt pos pos:0.9999316065893217 neg:6.839341067841245E-5 
828.txt neg neg:0.9897757657468409 pos:0.010224234253159095 
1302.txt neg pos:0.9999760472416774 neg:2.3952758322533935E-5 
2985.txt neg pos:0.9999979750203849 neg:2.0249796151393923E-6 
2895.txt pos neg:1.0 pos:1.4223897949740196E-27 
2803.txt pos pos:0.999855535266409 neg:1.4446473359112314E-4 
4163.txt pos pos:1.0 neg:4.548656797766833E-31 
2913.txt neg neg:0.9972279800525852 pos:0.002772019947414849 
3239.txt neg neg:0.9999999997159903 pos:2.8400979281896456E-10 
2011.txt neg neg:1.0 pos:3.52521752786027E-37 
579.txt neg neg:0.9999996202986442 pos:3.797013557518755E-7 
192.txt pos pos:1.0 neg:6.173903926368325E-37 
833.txt pos neg:0.9999999996706712 pos:3.293287273714799E-10 
1786.txt pos pos:0.999999981895583 neg:1.8104416997008156E-8 
319.txt neg neg:0.9999999999991809 pos:8.190235504654991E-13 
4350.txt pos pos:0.9999999999999998 neg:1.8523829597721366E-16 
3422.txt neg neg:0.9999999995079532 pos:4.92046744754101E-10 
3094.txt pos pos:1.0 neg:2.1569167285008282E-27 
2263.txt pos pos:1.0 neg:7.206973159793507E-31 
2101.txt pos pos:0.999999977792851 neg:2.2207148864504672E-8 
505.txt neg neg:0.9999999966386512 pos:3.3613488500580596E-9 
4323.txt neg neg:1.0 pos:3.4614575220958413E-35 
1060.txt neg neg:1.0 pos:4.428146741660738E-29 
3326.txt neg neg:0.9999999999987883 pos:1.2117768038499792E-12 
4365.txt pos pos:0.9999999999999891 neg:1.0775693030575029E-14 
2671.txt neg neg:0.9541997423875682 pos:0.04580025761243178 
4075.txt pos pos:1.0 neg:4.2525650421693484E-44 
299.txt neg neg:1.0 pos:1.4921112601486395E-17 
3747.txt neg neg:1.0 pos:1.1610580566678552E-23 
234.txt neg neg:0.9999999999874458 pos:1.2554103187220473E-11 
3203.txt pos pos:1.0 neg:2.3433898173913284E-23 
2493.txt neg pos:0.9636368308610237 neg:0.036363169138976276 
1261.txt neg pos:0.9999999999999976 neg:2.4344774631731537E-15 
1763.txt neg neg:0.9999999999581846 pos:4.181545931349111E-11 
4296.txt neg neg:0.9999999999920444 pos:7.955695043468132E-12 
1832.txt pos pos:0.9999999999999971 neg:2.8209150023124217E-15 
2920.txt pos pos:0.9999999999655611 neg:3.44388438469429E-11 
2761.txt pos neg:0.5311993832867077 pos:0.4688006167132922 
2288.txt neg neg:0.9999997940106047 pos:2.0598939520501316E-7 
2783.txt neg neg:0.9999992797738468 pos:7.202261531696247E-7 
4119.txt neg neg:1.0 pos:3.972065062794075E-20 
103.txt pos pos:1.0 neg:1.3887253750178453E-35 
3002.txt pos pos:0.5429741412823222 neg:0.45702585871767776 
3121.txt pos neg:0.9999680016402646 pos:3.199835973537821E-5 
2436.txt pos neg:1.0 pos:1.2997322328368412E-21 
3658.txt neg neg:0.9999662367384934 pos:3.376326150655513E-5 
522.txt pos pos:0.9999999999999998 neg:1.46824254497096E-16 
2024.txt neg pos:1.0 neg:4.252415200248053E-17 
885.txt neg pos:0.9999999999976683 neg:2.3317366500852246E-12 
3489.txt pos pos:1.0 neg:1.188082245257274E-29 
77.txt neg neg:0.9998647279664572 pos:1.3527203354282182E-4 
3242.txt neg neg:0.9999999999999949 pos:5.0013686548374754E-15 
1633.txt pos pos:1.0 neg:5.308857185126739E-28 
758.txt pos pos:1.0 neg:2.0499345041485737E-23 
4098.txt pos pos:1.0 neg:2.6976766948798635E-35 
1634.txt pos pos:0.9999999999999947 neg:5.379608781210228E-15 
640.txt pos pos:1.0 neg:6.220473572003087E-28 
1519.txt neg neg:0.9999999535551033 pos:4.6444896559279884E-8 
248.txt neg neg:1.0 pos:1.268127920561826E-24 
1609.txt neg neg:1.0 pos:3.6788543728551085E-24 
1556.txt pos pos:1.0 neg:2.6315089839520464E-21 
1342.txt neg neg:0.9999932226407399 pos:6.777359260201197E-6 
959.txt pos pos:1.0 neg:1.2303406717787778E-22 
3031.txt neg neg:1.0 pos:1.486110439093687E-24 
3279.txt neg neg:0.949736657182688 pos:0.05026334281731195 
2442.txt neg neg:0.9999999999998397 pos:1.6024448585039804E-13 
3880.txt pos pos:0.9999999967849191 neg:3.215080851192352E-9 
874.txt pos pos:0.99999691948012 neg:3.0805198799449197E-6 
4111.txt pos pos:1.0 neg:1.3134860202530265E-30 
1473.txt neg neg:1.0 pos:6.932020920802957E-31 
214.txt pos pos:1.0 neg:7.013055201125667E-17 
3450.txt neg neg:0.9999999999699714 pos:3.0028684915318763E-11 
2063.txt neg neg:0.9999999999872524 pos:1.2747541877235184E-11 
Trial 0 Trainer NaiveBayesTrainer Training Data Confusion Matrix
Confusion Matrix, row=true, column=predicted  accuracy=0.9938888888888889
  label   0   1  |total
  0 neg 898   2  |900
  1 pos   9 891  |900

Trial 0 Trainer NaiveBayesTrainer training data accuracy= 0.9938888888888889
Trial 0 Trainer NaiveBayesTrainer Test Data Confusion Matrix
Confusion Matrix, row=true, column=predicted  accuracy=0.82
  label   0   1  |total
  0 neg  81  19  |100
  1 pos  17  83  |100

Trial 0 Trainer NaiveBayesTrainer test data accuracy= 0.82

NaiveBayesTrainer
Summary. train accuracy mean = 0.9938888888888889 stddev = 0.0 stderr = 0.0
Summary. test accuracy mean = 0.82 stddev = 0.0 stderr = 0.0
