
-------------------- Trial 0  --------------------

Trial 0 Training NaiveBayesTrainer with 1800 instances
Trial 0 Training NaiveBayesTrainer finished
Trial 0 Trainer NaiveBayesTrainer
 Raw Testing Data
1225.txt pos pos:1.0 neg:1.3304150435263552E-19 
4113.txt pos pos:1.0 neg:3.196086274466997E-24 
1414.txt neg neg:0.9998024337551076 pos:1.9756624489242208E-4 
3334.txt neg neg:1.0 pos:2.4135523173142465E-20 
3087.txt neg neg:0.9999999999962959 pos:3.704088556599296E-12 
878.txt pos pos:1.0 neg:1.1491906970294844E-40 
3428.txt pos pos:0.9999999999109932 neg:8.90068619963584E-11 
2901.txt neg neg:0.9999999042743152 pos:9.572568481271703E-8 
1754.txt neg neg:0.9999999999998082 pos:1.9177610566404433E-13 
645.txt pos neg:0.9938903919306206 pos:0.0061096080693794855 
716.txt neg neg:0.9999999999966371 pos:3.3629088042289673E-12 
2690.txt neg neg:1.0 pos:8.45181117043177E-24 
4267.txt neg neg:1.0 pos:2.3680585187824544E-40 
2872.txt neg pos:1.0 neg:3.977631139698921E-23 
3426.txt pos pos:1.0 neg:3.4693643994624658E-18 
4166.txt pos pos:0.9999999997474216 neg:2.5257831958915617E-10 
2061.txt neg neg:1.0 pos:1.1736030348619106E-23 
2796.txt neg pos:0.9999998796831255 neg:1.2031687435627757E-7 
615.txt pos pos:1.0 neg:1.3368490340554221E-42 
5.txt neg neg:1.0 pos:3.2955140566619016E-30 
2433.txt pos pos:0.9999999841192548 neg:1.58807451925058E-8 
3309.txt pos pos:0.5668990527668836 neg:0.4331009472331164 
421.txt pos pos:0.9999999783635831 neg:2.1636416924522208E-8 
208.txt pos pos:0.9999999999999547 neg:4.5295176245924116E-14 
3159.txt neg neg:0.983261924390762 pos:0.01673807560923794 
4093.txt pos pos:0.9990878599298695 neg:9.121400701305534E-4 
3375.txt pos pos:0.9999991854462951 neg:8.145537049316545E-7 
3390.txt neg neg:0.9742773327244107 pos:0.025722667275589136 
1971.txt pos pos:1.0 neg:1.4217118722592982E-17 
3792.txt pos pos:1.0 neg:2.35057542663744E-28 
4314.txt neg neg:1.0 pos:5.627725220536412E-22 
2154.txt pos neg:0.9999994958076441 pos:5.041923558862936E-7 
529.txt pos pos:0.9999994617112189 neg:5.382887810946793E-7 
1233.txt neg neg:0.9999994100501112 pos:5.899498887441034E-7 
929.txt pos pos:0.9971272154689788 neg:0.0028727845310212857 
4204.txt pos pos:0.9992784873250055 neg:7.215126749945006E-4 
2747.txt neg neg:1.0 pos:9.01209479179098E-18 
1861.txt neg neg:0.9999999999086853 pos:9.131469400631094E-11 
3893.txt neg pos:0.9999997407793116 neg:2.59220688373766E-7 
3019.txt pos pos:1.0 neg:1.176812434914362E-22 
2501.txt neg neg:0.9855544948914758 pos:0.014445505108524104 
3803.txt pos neg:0.9999999978606633 pos:2.139336598825139E-9 
2573.txt neg pos:1.0 neg:6.849155108863533E-24 
3348.txt neg neg:1.0 pos:2.0393236736826057E-24 
3172.txt neg neg:0.999999999985939 pos:1.4061084802568621E-11 
2987.txt neg neg:0.9999999999562819 pos:4.3718067738903045E-11 
1679.txt neg neg:0.9999999999988418 pos:1.158112924377759E-12 
213.txt neg neg:0.999999999995943 pos:4.056994739862106E-12 
3217.txt neg pos:0.9997527675953541 neg:2.472324046458589E-4 
1119.txt pos pos:0.9999999999999469 neg:5.3002293816422335E-14 
1165.txt pos neg:0.9999617522091259 pos:3.824779087413663E-5 
3058.txt neg pos:0.9999952716176661 neg:4.728382333850454E-6 
2908.txt neg neg:0.99999999963963 pos:3.603698701950157E-10 
816.txt neg neg:0.9999992883586211 pos:7.116413790782548E-7 
642.txt pos pos:1.0 neg:2.014377400213202E-32 
2.txt neg neg:1.0 pos:1.3804619306842978E-19 
1147.txt pos neg:0.9999999994703164 pos:5.296835781412515E-10 
2751.txt pos neg:0.9970969127794183 pos:0.0029030872205817447 
1335.txt neg neg:0.9999999952944976 pos:4.705502354279355E-9 
2890.txt pos neg:1.0 pos:6.23199335379315E-31 
1629.txt neg neg:1.0 pos:2.101131908832523E-21 
428.txt pos pos:1.0 neg:1.9562626231014466E-32 
3381.txt pos pos:1.0 neg:6.080743382261959E-19 
2616.txt neg pos:1.0 neg:2.961123739898439E-17 
3357.txt pos pos:0.9998089278651753 neg:1.9107213482477523E-4 
3502.txt pos pos:0.999999894836624 neg:1.0516337605338821E-7 
2780.txt pos pos:1.0 neg:2.406750247772884E-19 
1993.txt neg neg:1.0 pos:1.9258539326461214E-23 
1745.txt pos pos:0.9999999611096233 neg:3.889037679986385E-8 
1431.txt neg neg:1.0 pos:7.792461729933226E-20 
3727.txt neg neg:1.0 pos:2.829035281241596E-22 
4271.txt pos pos:1.0 neg:7.832493937049725E-36 
2598.txt pos pos:1.0 neg:3.2247217877669912E-59 
2205.txt neg neg:1.0 pos:8.630861397554038E-17 
3010.txt pos neg:0.9999999995568092 pos:4.4319088446220626E-10 
4168.txt pos pos:0.9999999690808211 neg:3.091917897123625E-8 
2459.txt neg pos:0.9512199782532975 neg:0.04878002174670246 
1785.txt neg neg:0.9999999999154416 pos:8.45583297932535E-11 
2732.txt neg neg:1.0 pos:4.0016427574203394E-21 
3795.txt pos pos:1.0 neg:1.1622425642273241E-17 
403.txt pos pos:0.999999999542831 neg:4.571689923791136E-10 
3047.txt pos pos:0.5746842123848693 neg:0.4253157876151307 
3914.txt neg pos:0.9994504601989135 neg:5.495398010864857E-4 
1644.txt pos pos:0.9999999974363081 neg:2.563691888603763E-9 
4102.txt neg neg:1.0 pos:3.41670762082817E-30 
1374.txt pos pos:0.9999512367843402 neg:4.876321565982741E-5 
4305.txt pos pos:0.9999999999206735 neg:7.932645396534754E-11 
3882.txt pos pos:1.0 neg:2.228735151452106E-43 
4327.txt pos pos:1.0 neg:5.3618980925665235E-49 
1704.txt neg neg:0.9999999997162963 pos:2.837036300218284E-10 
2881.txt neg neg:0.9999999999378972 pos:6.210269153928149E-11 
1097.txt pos pos:1.0 neg:1.0222948072592527E-52 
2648.txt neg neg:0.9999995551958778 pos:4.448041221853462E-7 
2321.txt neg neg:0.9999999999999991 pos:8.564329607546424E-16 
3905.txt pos neg:1.0 pos:2.0048003458757246E-21 
1405.txt pos pos:0.999999999999958 neg:4.1954159818181694E-14 
3157.txt neg neg:1.0 pos:2.9355894872942273E-21 
562.txt neg neg:0.9957587701218152 pos:0.004241229878184752 
919.txt neg pos:0.9999999999994715 neg:5.284503034712036E-13 
910.txt neg pos:0.9995925872897635 neg:4.0741271023632896E-4 
591.txt neg neg:1.0 pos:1.310132997625748E-29 
2043.txt neg pos:0.9999999999998963 neg:1.0377047518923942E-13 
984.txt pos pos:0.9944959549976115 neg:0.005504045002388549 
2176.txt pos pos:1.0 neg:2.2567051299496255E-29 
3995.txt neg neg:0.9064005461847617 pos:0.09359945381523829 
3208.txt pos pos:1.0 neg:2.6397153756828585E-72 
3913.txt neg neg:0.9999997896989237 pos:2.1030107621872769E-7 
2933.txt neg neg:0.999999999023305 pos:9.766949819266233E-10 
3854.txt pos neg:0.9999940202769958 pos:5.9797230040805746E-6 
853.txt pos neg:0.9999999999988292 pos:1.1709083448904637E-12 
780.txt neg neg:0.9999999969470565 pos:3.052943529526279E-9 
4226.txt pos pos:1.0 neg:3.636697379292309E-24 
3505.txt pos pos:0.9999999680039356 neg:3.1996064297237994E-8 
1982.txt pos pos:1.0 neg:1.6898254091754518E-20 
713.txt pos pos:1.0 neg:2.097126650859841E-25 
2139.txt neg neg:0.9999993222572795 pos:6.777427203626145E-7 
1108.txt neg neg:1.0 pos:2.9845885083632517E-28 
3386.txt pos pos:0.9999999999979623 neg:2.0377258281004487E-12 
1351.txt pos pos:0.9999999999995681 neg:4.3194177012507143E-13 
1365.txt neg neg:0.9999978856761171 pos:2.1143238828676877E-6 
2523.txt neg neg:1.0 pos:9.751394834101783E-22 
1504.txt pos pos:0.9999997664927899 neg:2.3350721007043348E-7 
952.txt pos pos:0.9999999999984457 neg:1.5543899009786883E-12 
1016.txt pos pos:1.0 neg:1.4426309471081813E-18 
126.txt neg neg:1.0 pos:5.694141453095869E-17 
756.txt neg pos:0.7919165211892181 neg:0.20808347881078196 
584.txt pos pos:0.9999999938514208 neg:6.148579233695821E-9 
2104.txt pos pos:0.9999999999999827 neg:1.7247117764663708E-14 
3080.txt neg neg:0.9999352571110465 pos:6.474288895353733E-5 
337.txt neg neg:1.0 pos:9.158541046740804E-24 
1241.txt neg neg:0.9747240685336107 pos:0.02527593146638915 
1767.txt pos neg:0.9999999999971845 pos:2.815521764681993E-12 
2283.txt neg neg:1.0 pos:1.873344221979312E-23 
3415.txt neg neg:0.9999999962795867 pos:3.7204132056464703E-9 
2077.txt pos neg:0.5670365196869701 pos:0.43296348031302984 
4276.txt pos pos:1.0 neg:7.167426080546842E-22 
261.txt neg pos:0.9996487880561068 neg:3.51211943893311E-4 
3482.txt pos pos:0.9999999999997211 neg:2.789411664714531E-13 
2951.txt neg neg:1.0 pos:1.516854622248221E-19 
826.txt pos neg:0.7109782293511847 pos:0.28902177064881523 
133.txt pos neg:0.9999999998851024 pos:1.1489771046561801E-10 
3871.txt pos pos:1.0 neg:2.011821250899495E-18 
2070.txt pos neg:0.958344803958693 pos:0.041655196041306845 
236.txt neg neg:0.999999999999265 pos:7.349741135375734E-13 
146.txt pos neg:0.999999999999992 pos:7.938920789953945E-15 
1046.txt pos pos:1.0 neg:1.5533023842296984E-33 
2541.txt neg neg:1.0 pos:4.613930775254625E-47 
2710.txt neg neg:1.0 pos:1.000694054133343E-25 
3399.txt neg pos:0.9999961001364408 neg:3.899863559243838E-6 
1776.txt neg neg:1.0 pos:7.494740168400645E-21 
3074.txt neg neg:1.0 pos:2.2887153490286614E-25 
3826.txt pos pos:0.9999999981705379 neg:1.8294621075174778E-9 
983.txt pos pos:1.0 neg:1.8839290913037931E-28 
1939.txt neg neg:1.0 pos:6.342964433747347E-24 
309.txt pos pos:0.9999999999989346 neg:1.0653424544166289E-12 
2425.txt neg neg:0.9868177892795197 pos:0.013182210720480305 
75.txt pos pos:1.0 neg:8.568658413492796E-24 
448.txt neg neg:1.0 pos:1.0732362354514542E-45 
1814.txt neg neg:1.0 pos:1.2174341980678431E-17 
3065.txt pos pos:0.9999999999998566 neg:1.4346149579347923E-13 
1668.txt pos pos:0.9999999999997584 neg:2.416393333921841E-13 
3944.txt neg neg:1.0 pos:5.308865614586205E-19 
2650.txt pos neg:0.9998139354265762 pos:1.8606457342382665E-4 
2899.txt pos neg:0.9991728082903407 pos:8.271917096593584E-4 
672.txt neg neg:1.0 pos:4.221810449839683E-18 
1466.txt neg neg:0.9999965757749468 pos:3.4242250531244595E-6 
1594.txt neg neg:0.9999999998978155 pos:1.021844240850919E-10 
3301.txt neg neg:0.9999999008632648 pos:9.913673517990055E-8 
2354.txt neg pos:0.9999999999116793 neg:8.83206522701934E-11 
612.txt pos neg:0.9384384839664425 pos:0.06156151603355743 
4114.txt pos pos:0.9999999999999813 neg:1.8725418433430594E-14 
4260.txt neg pos:1.0 neg:7.06763976364321E-18 
998.txt neg neg:1.0 pos:1.818257213682318E-18 
1454.txt neg neg:0.9999999999999991 pos:9.290349810836627E-16 
1868.txt neg neg:0.9999999999721885 pos:2.7811462500750873E-11 
50.txt neg neg:1.0 pos:1.0023874830205977E-19 
2641.txt neg neg:1.0 pos:4.590996767320952E-22 
882.txt pos neg:0.9432327030825169 pos:0.05676729691748319 
2497.txt pos neg:0.999999999999998 pos:1.9631878709158733E-15 
223.txt pos pos:1.0 neg:1.313930309064817E-27 
1257.txt pos pos:0.9941849643800721 neg:0.0058150356199279975 
917.txt neg neg:1.0 pos:5.861498682139277E-19 
4037.txt pos pos:0.9999861715119267 neg:1.382848807333043E-5 
312.txt neg pos:0.9999999730029795 neg:2.6997020462335438E-8 
2055.txt pos pos:1.0 neg:8.282348126886383E-17 
1602.txt neg neg:0.9999990421944508 pos:9.578055491883806E-7 
1041.txt pos pos:1.0 neg:5.244210395712878E-27 
3341.txt neg neg:0.9999717228283753 pos:2.8277171624746414E-5 
3894.txt neg neg:0.9999999999999936 pos:6.501017057779471E-15 
693.txt pos pos:0.9999999999999989 neg:1.0077843484991625E-15 
1794.txt pos neg:0.9958937895563921 pos:0.004106210443608036 
657.txt neg neg:0.9999993031901556 pos:6.968098443522168E-7 
1358.txt pos pos:0.9999999999999984 neg:1.455374367397999E-15 
630.txt pos pos:1.0 neg:1.7254897433409217E-27 
2244.txt pos pos:1.0 neg:4.626148547040545E-17 
3098.txt pos pos:0.9999999999999991 neg:9.13605371680934E-16 
1090.txt pos pos:0.9999999999996902 neg:3.0977720063713937E-13 
600.txt neg neg:0.9999999979468186 pos:2.053181411725226E-9 
3333.txt neg neg:0.9999999999999452 pos:5.488809265109592E-14 
955.txt pos pos:0.9999999999999141 neg:8.596125395624794E-14 
Trial 0 Trainer NaiveBayesTrainer Training Data Confusion Matrix
Confusion Matrix, row=true, column=predicted  accuracy=0.9944444444444445
  label   0   1  |total
  0 neg 898   2  |900
  1 pos   8 892  |900

Trial 0 Trainer NaiveBayesTrainer training data accuracy= 0.9944444444444445
Trial 0 Trainer NaiveBayesTrainer Test Data Confusion Matrix
Confusion Matrix, row=true, column=predicted  accuracy=0.795
  label   0   1  |total
  0 neg  82  18  |100
  1 pos  23  77  |100

Trial 0 Trainer NaiveBayesTrainer test data accuracy= 0.795

NaiveBayesTrainer
Summary. train accuracy mean = 0.9944444444444445 stddev = 0.0 stderr = 0.0
Summary. test accuracy mean = 0.795 stddev = 0.0 stderr = 0.0
