
-------------------- Trial 0  --------------------

Trial 0 Training MaxEntTrainer,gaussianPriorVariance=1.0 with 1800 instances
Trial 0 Training MaxEntTrainer,gaussianPriorVariance=1.0 finished
Trial 0 Trainer MaxEntTrainer,gaussianPriorVariance=1.0
 Raw Testing Data
74.txt pos neg:0.6400667246929248 pos:0.35993327530707525 
1984.txt pos pos:0.9999414856465987 neg:5.851435340130171E-5 
2082.txt pos pos:0.6433230275484109 neg:0.35667697245158914 
3165.txt pos pos:0.9999997896219176 neg:2.1037808250607763E-7 
2053.txt pos neg:0.7367374263850719 pos:0.2632625736149281 
2432.txt pos neg:0.7971774856203819 pos:0.202822514379618 
3272.txt pos pos:0.6236364074596406 neg:0.37636359254035945 
1309.txt pos pos:0.9642161541118636 neg:0.035783845888136406 
4036.txt pos pos:0.9680557995199516 neg:0.0319442004800485 
405.txt pos pos:0.9897962571506078 neg:0.010203742849392208 
877.txt pos pos:0.992370332539305 neg:0.007629667460695036 
3119.txt pos pos:0.9992284331516296 neg:7.715668483704166E-4 
257.txt pos pos:0.9999979927603353 neg:2.007239664690079E-6 
2788.txt pos pos:0.9817299789962176 neg:0.018270021003782312 
982.txt pos pos:0.9980958102817443 neg:0.0019041897182555776 
3090.txt pos pos:0.8183584004178394 neg:0.1816415995821606 
3737.txt pos pos:0.8714804586650038 neg:0.12851954133499618 
1871.txt pos pos:0.999997696906411 neg:2.303093588937399E-6 
2516.txt pos neg:0.6284249652363129 pos:0.37157503476368703 
3387.txt pos neg:0.8210406677743725 pos:0.17895933222562752 
1375.txt pos pos:0.9881387154859287 neg:0.011861284514071261 
3041.txt pos pos:0.9984928647006033 neg:0.0015071352993966355 
1714.txt pos pos:0.9784050135764957 neg:0.021594986423504322 
1318.txt pos pos:0.9999823195001075 neg:1.76804998923968E-5 
866.txt pos pos:0.9409055537244972 neg:0.0590944462755027 
1291.txt pos pos:0.7601832957805867 neg:0.23981670421941323 
4268.txt pos pos:0.9972991797095827 neg:0.002700820290417281 
1536.txt pos neg:0.9592859925855195 pos:0.0407140074144805 
1240.txt pos pos:0.9975171680622463 neg:0.0024828319377537722 
1621.txt pos pos:0.9860545700623412 neg:0.01394542993765878 
2093.txt pos neg:0.927299319668657 pos:0.07270068033134301 
1705.txt pos pos:0.8506058679602072 neg:0.14939413203979282 
2507.txt pos pos:0.931169994244952 neg:0.068830005755048 
3347.txt pos pos:0.7809891194867637 neg:0.2190108805132362 
246.txt pos neg:0.9086497708328913 pos:0.09135022916710861 
2799.txt pos pos:0.9390539707212833 neg:0.06094602927871675 
4214.txt pos pos:0.8537782473391937 neg:0.14622175266080625 
2748.txt pos pos:0.9897187875356637 neg:0.01028121246433626 
297.txt pos pos:0.892475919553328 neg:0.1075240804466721 
4103.txt pos pos:0.9999905193186432 neg:9.480681356878876E-6 
2617.txt pos neg:0.8030598213216014 pos:0.19694017867839858 
3721.txt pos pos:0.9988593755193463 neg:0.0011406244806537247 
3895.txt pos pos:0.9999955588023569 neg:4.441197643023166E-6 
778.txt pos pos:0.9733518425760848 neg:0.026648157423915242 
994.txt pos pos:0.9996296929498297 neg:3.7030705017033073E-4 
4213.txt pos pos:0.9395511788666935 neg:0.060448821133306484 
1008.txt pos pos:0.9991874571385617 neg:8.12542861438258E-4 
4337.txt pos pos:0.9311212089951832 neg:0.06887879100481682 
2383.txt pos pos:0.8196815293146519 neg:0.18031847068534818 
1531.txt pos pos:0.9923280659812118 neg:0.00767193401878828 
1943.txt pos pos:0.92282236769753 neg:0.07717763230246993 
1247.txt pos pos:0.9286861409099442 neg:0.07131385909005573 
2887.txt pos pos:0.8485781940308745 neg:0.15142180596912538 
4178.txt pos neg:0.9496623376202233 pos:0.05033766237977679 
1626.txt pos neg:0.7004495566486117 pos:0.2995504433513883 
2619.txt pos pos:0.7241784839612202 neg:0.2758215160387798 
776.txt pos pos:0.9907426856355895 neg:0.009257314364410461 
3677.txt pos pos:0.9897423786813517 neg:0.010257621318648168 
1931.txt pos pos:0.9983668514786707 neg:0.0016331485213293734 
1592.txt pos pos:0.9998842112057952 neg:1.157887942048103E-4 
3912.txt pos pos:0.9880042960636702 neg:0.011995703936329817 
3560.txt pos pos:0.9993984842434013 neg:6.015157565988046E-4 
2320.txt pos pos:0.9999812110119624 neg:1.8788988037735104E-5 
158.txt pos pos:0.9983745114464927 neg:0.001625488553507392 
1311.txt pos pos:0.9999946293396634 neg:5.370660336536092E-6 
3025.txt pos neg:0.5526340121586766 pos:0.4473659878413234 
2113.txt pos neg:0.9855083963575153 pos:0.014491603642484707 
2900.txt pos neg:0.9994980405869174 pos:5.01959413082695E-4 
4339.txt pos pos:0.9977238933329114 neg:0.002276106667088653 
2858.txt pos pos:0.7397685999790337 neg:0.26023140002096634 
652.txt pos pos:0.8553425911498097 neg:0.1446574088501902 
683.txt pos pos:0.9991088710961151 neg:8.911289038847703E-4 
545.txt pos pos:0.7670563270900781 neg:0.23294367290992196 
4176.txt pos neg:0.9977680225023547 pos:0.002231977497645254 
1777.txt pos pos:0.9994259221492381 neg:5.740778507619573E-4 
868.txt pos neg:0.8363593143446892 pos:0.16364068565531073 
3754.txt pos neg:0.9897954443172363 pos:0.010204555682763716 
3335.txt pos pos:0.5519084364939736 neg:0.44809156350602636 
684.txt pos pos:0.8913063764167243 neg:0.10869362358327558 
814.txt pos pos:0.9582851984369058 neg:0.04171480156309422 
1682.txt pos pos:0.9999889448731206 neg:1.105512687950916E-5 
2823.txt pos pos:0.5018005824384035 neg:0.4981994175615964 
629.txt pos pos:0.993347761610542 neg:0.006652238389458026 
1544.txt pos pos:0.9465856135492913 neg:0.05341438645070864 
1595.txt pos neg:0.894380635868795 pos:0.105619364131205 
17.txt pos pos:0.772956363230176 neg:0.22704363676982403 
359.txt pos neg:0.9527917295091052 pos:0.047208270490894794 
2686.txt pos pos:0.9867234047868544 neg:0.013276595213145516 
3761.txt pos pos:0.7655724124521434 neg:0.23442758754785664 
116.txt pos pos:0.8313483289209694 neg:0.16865167107903056 
4282.txt pos pos:0.9949912370643319 neg:0.005008762935668018 
201.txt pos pos:0.9927482598958353 neg:0.007251740104164772 
3639.txt pos pos:0.6389820428236828 neg:0.3610179571763172 
821.txt pos neg:0.7122832279687599 pos:0.2877167720312401 
453.txt pos pos:0.9991046876226565 neg:8.953123773435199E-4 
1099.txt pos pos:0.9715490901575128 neg:0.0284509098424872 
795.txt pos pos:0.997646823410274 neg:0.0023531765897258786 
1903.txt pos pos:0.9076640667251297 neg:0.09233593327487033 
3645.txt pos neg:0.5699005045856612 pos:0.43009949541433884 
454.txt pos pos:0.9998442893730863 neg:1.5571062691372217E-4 
1968.txt neg neg:0.999962191776059 pos:3.78082239409721E-5 
2959.txt neg neg:0.5608113172891068 pos:0.4391886827108931 
73.txt neg neg:0.9024308310894577 pos:0.09756916891054249 
2764.txt neg neg:0.9825266283676998 pos:0.017473371632300227 
1210.txt neg neg:0.9835250506688059 pos:0.01647494933119394 
183.txt neg neg:0.983714420541013 pos:0.01628557945898692 
3937.txt neg pos:0.5648411598513882 neg:0.4351588401486118 
4238.txt neg neg:0.989462939103447 pos:0.010537060896553008 
294.txt neg neg:0.9242197783571545 pos:0.07578022164284556 
533.txt neg neg:0.997128047689995 pos:0.0028719523100051002 
2559.txt neg neg:0.9973765386304448 pos:0.002623461369555145 
2138.txt neg neg:0.9031271550611741 pos:0.09687284493882581 
3778.txt neg pos:0.9819055518587886 neg:0.018094448141211455 
4005.txt neg neg:0.9992183133383177 pos:7.816866616824001E-4 
3156.txt neg neg:0.9679832479008214 pos:0.03201675209917868 
2716.txt neg neg:0.8287473280493852 pos:0.17125267195061472 
656.txt neg pos:0.9317001980750629 neg:0.06829980192493725 
3945.txt neg neg:0.7797210774430124 pos:0.2202789225569875 
2957.txt neg neg:0.999001549338867 pos:9.984506611330649E-4 
2144.txt neg neg:0.9999995386099841 pos:4.613900157430579E-7 
465.txt neg neg:0.9901157725850865 pos:0.009884227414913491 
1727.txt neg neg:0.9832704720843106 pos:0.01672952791568935 
772.txt neg neg:0.7078884329096251 pos:0.29211156709037495 
1893.txt neg neg:0.6799989748086129 pos:0.32000102519138707 
1346.txt neg neg:0.70906082016857 pos:0.2909391798314301 
2986.txt neg neg:0.999657848639322 pos:3.4215136067805146E-4 
1845.txt neg neg:0.9553399044284685 pos:0.04466009557153145 
1056.txt neg neg:0.9998258776111945 pos:1.741223888056033E-4 
314.txt neg neg:0.9756215328419097 pos:0.02437846715809029 
1087.txt neg neg:0.9999594497374459 pos:4.055026255418453E-5 
2635.txt neg pos:0.9853420606211839 neg:0.014657939378816168 
775.txt neg neg:0.9971352133184008 pos:0.0028647866815991324 
1678.txt neg neg:0.9573780115321749 pos:0.04262198846782508 
1839.txt neg neg:0.9997679104673144 pos:2.3208953268559723E-4 
3009.txt neg neg:0.9971994382551903 pos:0.0028005617448096346 
4002.txt neg neg:0.9227308547955441 pos:0.07726914520445587 
230.txt neg neg:0.9994111667205767 pos:5.888332794233603E-4 
1604.txt neg neg:0.9960177047367151 pos:0.003982295263284979 
2711.txt neg neg:0.9965696247666112 pos:0.003430375233388976 
651.txt neg neg:0.9890268162159809 pos:0.01097318378401904 
3942.txt neg neg:0.9823875301498978 pos:0.017612469850102272 
3246.txt neg neg:0.9119555023982907 pos:0.08804449760170936 
127.txt neg neg:0.9506213700977315 pos:0.0493786299022685 
1513.txt neg pos:0.5400322501111783 neg:0.4599677498888218 
4220.txt neg neg:0.9977894358540566 pos:0.0022105641459434135 
3064.txt neg neg:0.9033102866296059 pos:0.09668971337039414 
1096.txt neg pos:0.918381527497669 neg:0.08161847250233094 
3877.txt neg neg:0.7847009865161182 pos:0.21529901348388186 
2990.txt neg neg:0.9569385584304779 pos:0.04306144156952203 
1885.txt neg pos:0.6288983752311073 neg:0.3711016247688927 
764.txt neg neg:0.6019208946297588 pos:0.3980791053702411 
4378.txt neg neg:0.9008011369204382 pos:0.09919886307956191 
1502.txt neg neg:0.9889129576228978 pos:0.011087042377102152 
2417.txt neg neg:0.9999052495099229 pos:9.475049007706775E-5 
2361.txt neg pos:0.5366003764877219 neg:0.4633996235122782 
379.txt neg neg:0.9963308720101052 pos:0.00366912798989492 
1828.txt neg neg:0.9779913057689034 pos:0.022008694231096578 
3985.txt neg neg:0.9967247322028239 pos:0.003275267797176066 
2862.txt neg neg:0.9819639247673952 pos:0.018036075232604722 
2410.txt neg neg:0.9912005577520653 pos:0.008799442247934764 
3631.txt neg neg:0.8025397139356226 pos:0.19746028606437746 
3196.txt neg neg:0.8746454651502519 pos:0.12535453484974807 
3147.txt neg neg:0.9562811600451411 pos:0.043718839954858965 
1273.txt neg neg:0.7755116579128295 pos:0.22448834208717058 
2599.txt neg neg:0.9781395908246294 pos:0.021860409175370694 
4303.txt neg neg:0.9878647028746335 pos:0.012135297125366495 
1091.txt neg pos:0.629380731204937 neg:0.3706192687950631 
2997.txt neg neg:0.7520602382643842 pos:0.24793976173561588 
3402.txt neg neg:0.9877529884081063 pos:0.012247011591893692 
1882.txt neg pos:0.6291822994735689 neg:0.37081770052643115 
2534.txt neg neg:0.7254308288950233 pos:0.27456917110497664 
474.txt neg neg:0.9994165069612416 pos:5.834930387582772E-4 
1040.txt neg neg:0.8721438151195512 pos:0.12785618488044878 
3715.txt neg neg:0.914327895022452 pos:0.08567210497754792 
3528.txt neg pos:0.7767441899836024 neg:0.22325581001639766 
2368.txt neg neg:0.9933952154699422 pos:0.0066047845300576035 
370.txt neg neg:0.9784193106230576 pos:0.021580689376942404 
1744.txt neg neg:0.6643465634311518 pos:0.3356534365688482 
1453.txt neg neg:0.7883334691711138 pos:0.21166653082888612 
3306.txt neg neg:0.9505929386172461 pos:0.04940706138275381 
3767.txt neg neg:0.9717683744002772 pos:0.028231625599722854 
2680.txt neg pos:0.9505741379368354 neg:0.04942586206316462 
143.txt neg neg:0.792008824369262 pos:0.2079911756307379 
4229.txt neg neg:0.9898081088121261 pos:0.010191891187873869 
3692.txt neg neg:0.971671866958554 pos:0.02832813304144598 
254.txt neg pos:0.6666820184217639 neg:0.3333179815782361 
2314.txt neg neg:0.9818110708505858 pos:0.018188929149414248 
808.txt neg neg:0.9995258651561215 pos:4.7413484387849234E-4 
1902.txt neg neg:0.6039569269061414 pos:0.39604307309385867 
986.txt neg neg:0.9992880563007349 pos:7.119436992649666E-4 
2313.txt neg neg:0.9271719691973713 pos:0.0728280308026287 
3553.txt neg neg:0.9991781974933995 pos:8.218025066003881E-4 
195.txt neg neg:0.9479187688791935 pos:0.052081231120806655 
1206.txt neg neg:0.9627715640261018 pos:0.0372284359738983 
3879.txt neg neg:0.8413039969517464 pos:0.15869600304825363 
1049.txt neg neg:0.9927629871962236 pos:0.007237012803776485 
138.txt neg pos:0.7955172067076997 neg:0.20448279329230037 
4283.txt neg neg:0.9684191705825076 pos:0.03158082941749242 
3016.txt neg neg:0.9989348379948257 pos:0.001065162005174112 
3477.txt neg neg:0.994624921188762 pos:0.005375078811238136 
Trial 0 Trainer MaxEntTrainer,gaussianPriorVariance=1.0 Training Data Confusion Matrix
Confusion Matrix, row=true, column=predicted  accuracy=1.0
  label   0   1  |total
  0 pos 900   .  |900
  1 neg   . 900  |900

Trial 0 Trainer MaxEntTrainer,gaussianPriorVariance=1.0 training data accuracy= 1.0
Trial 0 Trainer MaxEntTrainer,gaussianPriorVariance=1.0 Test Data Confusion Matrix
Confusion Matrix, row=true, column=predicted  accuracy=0.825
  label   0   1  |total
  0 pos  79  21  |100
  1 neg  14  86  |100

Trial 0 Trainer MaxEntTrainer,gaussianPriorVariance=1.0 test data accuracy= 0.825

MaxEntTrainer,gaussianPriorVariance=1.0
Summary. train accuracy mean = 1.0 stddev = 0.0 stderr = 0.0
Summary. test accuracy mean = 0.825 stddev = 0.0 stderr = 0.0
