
-------------------- Trial 0  --------------------

Trial 0 Training MaxEntTrainer,gaussianPriorVariance=1.0 with 1800 instances
Trial 0 Training MaxEntTrainer,gaussianPriorVariance=1.0 finished
Trial 0 Trainer MaxEntTrainer,gaussianPriorVariance=1.0
 Raw Testing Data
2072.txt pos pos:0.9816208915720298 neg:0.018379108427970258 
84.txt pos pos:0.9953734834666419 neg:0.00462651653335798 
3986.txt pos pos:0.9997853968310899 neg:2.1460316891010222E-4 
1974.txt pos pos:0.972743215121044 neg:0.0272567848789559 
1506.txt pos pos:0.9998329051884491 neg:1.670948115509028E-4 
4307.txt pos pos:0.9092177010015158 neg:0.09078229899848435 
384.txt pos neg:0.6844846665013039 pos:0.31551533349869604 
423.txt pos pos:0.9888908373592133 neg:0.011109162640786614 
4010.txt pos pos:0.9990956131617993 neg:9.04386838200713E-4 
1277.txt pos pos:0.9778645695019802 neg:0.022135430498019703 
3192.txt pos pos:0.8773204277023634 neg:0.12267957229763667 
2866.txt pos pos:0.6285992312666617 neg:0.3714007687333383 
1501.txt pos pos:0.9987034098826013 neg:0.0012965901173986113 
1973.txt pos pos:0.6945376758872274 neg:0.30546232411277263 
329.txt pos pos:0.9804583740349662 neg:0.019541625965033768 
1044.txt pos pos:0.8872194116919343 neg:0.11278058830806566 
1886.txt pos pos:0.9475503328695042 neg:0.05244966713049587 
799.txt pos pos:0.9931918062928674 neg:0.006808193707132514 
1095.txt pos pos:0.9999021858624039 neg:9.781413759597495E-5 
2180.txt pos pos:0.7086881208744386 neg:0.29131187912556145 
3649.txt pos pos:0.9654916203464287 neg:0.0345083796535713 
3228.txt pos pos:0.9170206360542489 neg:0.0829793639457511 
2123.txt pos pos:0.9789744171516228 neg:0.021025582848377078 
1791.txt pos pos:0.9638293184697717 neg:0.03617068153022818 
1036.txt pos pos:0.9999937735310767 neg:6.226468923490802E-6 
2593.txt pos pos:0.9352982123039681 neg:0.06470178769603195 
1740.txt pos pos:0.9982308851152351 neg:0.0017691148847649633 
907.txt pos pos:0.992196871750514 neg:0.0078031282494861 
4375.txt pos pos:0.9999475808064775 neg:5.2419193522491855E-5 
1859.txt pos neg:0.7937200726903056 pos:0.20627992730969436 
3408.txt pos pos:0.8938652140634832 neg:0.10613478593651672 
3069.txt pos pos:0.5627114848548547 neg:0.4372885151451454 
1205.txt pos pos:0.5186101178206179 neg:0.48138988217938206 
3922.txt pos pos:0.9956373582695853 neg:0.004362641730414682 
790.txt pos pos:0.6888173710677543 neg:0.31118262893224574 
2776.txt pos pos:0.7219938204040134 neg:0.2780061795959866 
3586.txt pos neg:0.5328151891469347 pos:0.4671848108530653 
3221.txt pos pos:0.8566049690248264 neg:0.14339503097517362 
619.txt pos neg:0.8197278484818414 pos:0.18027215151815865 
1574.txt pos pos:0.9335994372466779 neg:0.06640056275332216 
889.txt pos neg:0.8973382222585402 pos:0.10266177774145978 
1450.txt pos pos:0.7798597166349139 neg:0.22014028336508606 
1822.txt pos pos:0.9865085138916578 neg:0.013491486108342261 
1481.txt pos pos:0.5687967024544317 neg:0.43120329754556835 
1326.txt pos pos:0.985567187300703 neg:0.014432812699296943 
3012.txt pos pos:0.9475405074346435 neg:0.05245949256535654 
2652.txt pos pos:0.693864939978812 neg:0.30613506002118784 
900.txt pos pos:0.9930847299499354 neg:0.00691527005006462 
204.txt pos pos:0.9991598552643997 neg:8.401447356002449E-4 
4256.txt pos pos:0.9974073852488167 neg:0.00259261475118338 
4050.txt pos pos:0.9996072486538936 neg:3.9275134610631445E-4 
4347.txt pos pos:0.9704706941588146 neg:0.029529305841185533 
3899.txt pos pos:0.9994506441887774 neg:5.493558112225006E-4 
1078.txt pos pos:0.9999236944134519 neg:7.630558654804278E-5 
2454.txt pos pos:0.8188569449263038 neg:0.18114305507369616 
2826.txt pos pos:0.9996335736028976 neg:3.6642639710235116E-4 
1933.txt pos pos:0.9424015551773226 neg:0.057598444822677425 
3103.txt pos neg:0.8531474185879035 pos:0.14685258141209653 
949.txt pos pos:0.9999618119239789 neg:3.818807602106785E-5 
1590.txt pos pos:0.9188384397688113 neg:0.08116156023118876 
3910.txt pos pos:0.9969320308111022 neg:0.0030679691888979258 
2570.txt pos pos:0.6652101937096105 neg:0.33478980629038946 
3751.txt pos pos:0.9999736968322561 neg:2.6303167743928084E-5 
4263.txt pos pos:0.938031812182411 neg:0.061968187817588824 
1775.txt pos pos:0.9641491793673076 neg:0.035850820632692466 
3833.txt pos pos:0.9999365810708225 neg:6.341892917760924E-5 
3756.txt pos pos:0.9948580205840298 neg:0.005141979415970078 
1003.txt pos pos:0.9724351701422174 neg:0.027564829857782656 
932.txt pos pos:0.9998373852397413 neg:1.6261476025853787E-4 
2738.txt pos neg:0.9292236375983798 pos:0.07077636240162023 
4173.txt pos pos:0.9999991945812626 neg:8.05418737427649E-7 
121.txt pos pos:0.9999978153076665 neg:2.18469233352551E-6 
1999.txt pos pos:0.9355061889253153 neg:0.06449381107468462 
464.txt pos neg:0.9513361838243471 pos:0.04866381617565294 
1709.txt pos pos:0.9943313748985186 neg:0.005668625101481305 
4340.txt pos pos:0.9922746224881394 neg:0.007725377511860691 
2453.txt pos pos:0.5191501734698014 neg:0.48084982653019853 
1934.txt pos pos:0.8939794718775641 neg:0.10602052812243583 
2795.txt pos pos:0.9959599336198427 neg:0.004040066380157255 
1680.txt pos pos:0.8087675765631962 neg:0.1912324234368038 
1127.txt pos pos:0.9905827304339925 neg:0.009417269566007632 
3104.txt pos pos:0.9684407361254447 neg:0.03155926387455534 
416.txt pos pos:0.8856664432030696 neg:0.11433355679693026 
864.txt pos pos:0.9998941232522527 neg:1.0587674774737467E-4 
2579.txt pos pos:0.9432091757253139 neg:0.05679082427468602 
360.txt pos pos:0.9975143864101303 neg:0.002485613589869718 
3758.txt pos neg:0.9664922001721878 pos:0.0335077998278121 
1293.txt pos pos:0.9997013552289995 neg:2.9864477100051726E-4 
238.txt pos neg:0.7318538590691638 pos:0.2681461409308361 
3176.txt pos pos:0.919797924526493 neg:0.08020207547350698 
2357.txt pos pos:0.9999999977247507 neg:2.2752493617055104E-9 
3965.txt pos pos:0.6526511659024067 neg:0.3473488340975932 
2612.txt pos pos:0.9987608584852511 neg:0.0012391415147489765 
818.txt pos pos:0.9972894502907046 neg:0.002710549709295533 
3394.txt pos pos:0.579476733668289 neg:0.42052326633171094 
2505.txt pos pos:0.9985963770115011 neg:0.0014036229884989615 
1862.txt pos neg:0.5589596287009685 pos:0.44104037129903156 
244.txt pos pos:0.9999555567557077 neg:4.4443244292237895E-5 
532.txt pos pos:0.9918085545853632 neg:0.008191445414636837 
3919.txt pos pos:0.9745209230399289 neg:0.02547907696007103 
3714.txt neg neg:0.9846187391888742 pos:0.015381260811125863 
1730.txt neg neg:0.7075640965175294 pos:0.2924359034824706 
1884.txt neg neg:0.94681149309371 pos:0.05318850690628998 
2295.txt neg neg:0.9840084007599782 pos:0.015991599240021893 
4379.txt neg neg:0.5780923367907883 pos:0.4219076632092117 
1855.txt neg neg:0.9965244512854742 pos:0.003475548714525861 
3713.txt neg neg:0.9953650766746468 pos:0.004634923325353242 
2153.txt neg neg:0.9731517587833466 pos:0.026848241216653315 
3190.txt neg neg:0.6853287609858958 pos:0.3146712390141043 
556.txt neg neg:0.9993996581075617 pos:6.003418924382212E-4 
587.txt neg neg:0.7892159085275006 pos:0.21078409147249944 
2701.txt neg neg:0.9999245616437697 pos:7.543835623016922E-5 
3141.txt neg neg:0.9969610896399426 pos:0.0030389103600574935 
1275.txt neg pos:0.8295565127811999 neg:0.17044348721880023 
719.txt neg neg:0.9999960592035474 pos:3.940796452627658E-6 
2097.txt neg neg:0.9973808323329562 pos:0.0026191676670437847 
3170.txt neg pos:0.7572765120149766 neg:0.24272348798502327 
7.txt neg neg:0.9885486944700506 pos:0.01145130552994947 
1532.txt neg neg:0.9818223622312305 pos:0.01817763776876938 
2427.txt neg neg:0.9971636763186005 pos:0.002836323681399478 
2855.txt neg neg:0.9812937874019977 pos:0.018706212598002193 
1818.txt neg neg:0.9179140946068265 pos:0.08208590539317355 
349.txt neg neg:0.9983881111132531 pos:0.0016118888867470392 
4023.txt neg pos:0.5895782808303297 neg:0.41042171916967035 
3449.txt neg pos:0.9524539418234342 neg:0.04754605817656591 
1659.txt neg pos:0.8666124428076392 neg:0.13338755719236084 
969.txt neg neg:0.9942741096777239 pos:0.005725890322276204 
1416.txt neg neg:0.998985160071751 pos:0.0010148399282490428 
443.txt neg neg:0.8313819882059343 pos:0.16861801179406571 
3085.txt neg neg:0.8190640770875376 pos:0.18093592291246244 
2162.txt neg neg:0.9958653626826466 pos:0.004134637317353512 
754.txt neg neg:0.728327787746425 pos:0.27167221225357485 
1598.txt neg pos:0.8747436748893463 neg:0.1252563251106536 
1070.txt neg neg:0.9304142021773152 pos:0.06958579782268473 
332.txt neg neg:0.9915234622929988 pos:0.008476537707001214 
2883.txt neg neg:0.9486219686581522 pos:0.05137803134184783 
3516.txt neg neg:0.9930924969630364 pos:0.006907503036963691 
1243.txt neg pos:0.9002780296279502 neg:0.09972197037204986 
1947.txt neg neg:0.9961620576551891 pos:0.0038379423448110226 
560.txt neg neg:0.9829482891764769 pos:0.01705171082352313 
2041.txt neg neg:0.9969896426101665 pos:0.003010357389833545 
20.txt neg neg:0.5273585952492867 pos:0.4726414047507132 
2119.txt neg pos:0.680929948924568 neg:0.31907005107543196 
3759.txt neg neg:0.6400063781065211 pos:0.3599936218934789 
438.txt neg pos:0.8822107704431432 neg:0.11778922955685676 
2745.txt neg neg:0.9812726259283151 pos:0.018727374071684913 
1596.txt neg neg:0.9999823398761957 pos:1.7660123804316984E-5 
512.txt neg neg:0.9725835398638152 pos:0.027416460136184907 
3673.txt neg pos:0.6768529268266105 neg:0.32314707317338953 
2978.txt neg neg:0.8203690726937672 pos:0.17963092730623287 
1369.txt neg neg:0.9991418263923824 pos:8.581736076176019E-4 
1998.txt neg neg:0.9955377916836534 pos:0.004462208316346538 
3518.txt neg neg:0.8212509239569097 pos:0.17874907604309034 
1949.txt neg neg:0.9983945795604237 pos:0.0016054204395763462 
2904.txt neg neg:0.9998802211700782 pos:1.197788299218332E-4 
3757.txt neg neg:0.9971024261365735 pos:0.0028975738634264207 
4175.txt neg pos:0.5220314548463579 neg:0.47796854515364207 
3269.txt neg neg:0.9855851040136152 pos:0.01441489598638476 
569.txt neg neg:0.6716126229605489 pos:0.32838737703945114 
3331.txt neg neg:0.9954603966584908 pos:0.0045396033415093075 
1005.txt neg neg:0.9983280632100545 pos:0.0016719367899454614 
4109.txt neg neg:0.9801974616158157 pos:0.01980253838418438 
3563.txt neg neg:0.808125299344601 pos:0.191874700655399 
1591.txt neg pos:0.9639476150293619 neg:0.036052384970638104 
174.txt neg pos:0.6848920073953346 neg:0.3151079926046653 
2793.txt neg neg:0.9984286878346327 pos:0.0015713121653672672 
3674.txt neg neg:0.9970307976950213 pos:0.0029692023049787183 
55.txt neg neg:0.9941737051139136 pos:0.005826294886086303 
3958.txt neg pos:0.9907332034793682 neg:0.009266796520631785 
1327.txt neg pos:0.7283713505559612 neg:0.27162864944403875 
3013.txt neg neg:0.998651627801093 pos:0.0013483721989070718 
2653.txt neg neg:0.9965960830976027 pos:0.003403916902397405 
404.txt neg neg:0.7678978296492364 pos:0.2321021703507637 
1797.txt neg pos:0.9368128319762835 neg:0.06318716802371649 
1823.txt neg pos:0.9725177815147183 neg:0.027482218485281634 
287.txt neg pos:0.5289701289615151 neg:0.4710298710384848 
520.txt neg neg:0.9559211193435139 pos:0.04407888065648623 
141.txt neg neg:0.9863102505245397 pos:0.013689749475460408 
2316.txt neg neg:0.9980935867795776 pos:0.0019064132204223076 
637.txt neg neg:0.9848493252311493 pos:0.015150674768850828 
190.txt neg neg:0.8383640259412745 pos:0.1616359740587255 
3137.txt neg neg:0.9996136513408673 pos:3.863486591327227E-4 
2777.txt neg neg:0.995064641163047 pos:0.004935358836952991 
3719.txt neg pos:0.6260994104451826 neg:0.3739005895548173 
3378.txt neg neg:0.9998764851262847 pos:1.2351487371524452E-4 
280.txt neg neg:0.9025947276088984 pos:0.09740527239110158 
3646.txt neg neg:0.9960766089340664 pos:0.003923391065933658 
2006.txt neg neg:0.9990711794887284 pos:9.288205112717425E-4 
1572.txt neg neg:0.9035335547189769 pos:0.09646644528102326 
1900.txt neg neg:0.9919468947650703 pos:0.00805310523492986 
2311.txt neg pos:0.5829742476239324 neg:0.41702575237606765 
3697.txt neg neg:0.9972435506914104 pos:0.002756449308589685 
768.txt neg neg:0.9551122190961003 pos:0.04488778090389977 
1858.txt neg neg:0.905879887722163 pos:0.09412011227783697 
4281.txt neg neg:0.888044786287821 pos:0.11195521371217886 
1278.txt neg neg:0.7781400827724301 pos:0.22185991722757006 
1619.txt neg neg:0.9975525327132745 pos:0.002447467286725628 
3014.txt neg neg:0.9666218016587208 pos:0.0333781983412792 
1456.txt neg neg:0.9836056514869463 pos:0.016394348513053596 
2931.txt neg neg:0.9999085577169304 pos:9.144228306967417E-5 
Trial 0 Trainer MaxEntTrainer,gaussianPriorVariance=1.0 Training Data Confusion Matrix
Confusion Matrix, row=true, column=predicted  accuracy=1.0
  label   0   1  |total
  0 pos 900   .  |900
  1 neg   . 900  |900

Trial 0 Trainer MaxEntTrainer,gaussianPriorVariance=1.0 training data accuracy= 1.0
Trial 0 Trainer MaxEntTrainer,gaussianPriorVariance=1.0 Test Data Confusion Matrix
Confusion Matrix, row=true, column=predicted  accuracy=0.845
  label   0   1  |total
  0 pos  89  11  |100
  1 neg  20  80  |100

Trial 0 Trainer MaxEntTrainer,gaussianPriorVariance=1.0 test data accuracy= 0.845

MaxEntTrainer,gaussianPriorVariance=1.0
Summary. train accuracy mean = 1.0 stddev = 0.0 stderr = 0.0
Summary. test accuracy mean = 0.845 stddev = 0.0 stderr = 0.0
