
-------------------- Trial 0  --------------------

Trial 0 Training MaxEntTrainer,gaussianPriorVariance=1.0 with 1800 instances
Trial 0 Training MaxEntTrainer,gaussianPriorVariance=1.0 finished
Trial 0 Trainer MaxEntTrainer,gaussianPriorVariance=1.0
 Raw Testing Data
1700.txt pos pos:0.8710774224393395 neg:0.12892257756066056 
3055.txt pos neg:0.9371776778523442 pos:0.06282232214765593 
2970.txt pos pos:0.9987023786772368 neg:0.001297621322763327 
1417.txt pos pos:0.9421442560187523 neg:0.05785574398124767 
1865.txt pos pos:0.9876187429414285 neg:0.012381257058571573 
1076.txt pos pos:0.9449256515348445 neg:0.055074348465155444 
4211.txt pos pos:0.9987501846545368 neg:0.001249815345463177 
2828.txt pos pos:0.7992822257210829 neg:0.20071777427891704 
996.txt pos pos:0.9458794454660256 neg:0.05412055453397447 
292.txt pos pos:0.8274666410379484 neg:0.17253335896205146 
4022.txt pos pos:0.9932470893728196 neg:0.006752910627180423 
2381.txt pos pos:0.9844841242326179 neg:0.01551587576738204 
598.txt pos pos:0.9991461024385958 neg:8.538975614041895E-4 
549.txt pos pos:0.796279854549916 neg:0.20372014545008413 
3962.txt pos pos:0.9993496398566151 neg:6.503601433848807E-4 
1649.txt pos pos:0.5652224389445819 neg:0.43477756105541815 
4117.txt pos pos:0.9284580425926485 neg:0.07154195740735154 
524.txt pos pos:0.7520119034685132 neg:0.24798809653148676 
1698.txt pos pos:0.8485351577329697 neg:0.15146484226703028 
2513.txt pos neg:0.5004459209358753 pos:0.49955407906412475 
2961.txt pos neg:0.5445645484218318 pos:0.45543545157816817 
2172.txt pos pos:0.9980330960765497 neg:0.001966903923450381 
3044.txt pos pos:0.9629841113873456 neg:0.03701588861265427 
3425.txt pos pos:0.9857271682583235 neg:0.014272831741676496 
3857.txt pos neg:0.9641741983858492 pos:0.03582580161415079 
71.txt pos pos:0.9948185213171417 neg:0.0051814786828584015 
1981.txt pos pos:0.9052614626646611 neg:0.09473853733533875 
1254.txt pos pos:0.970912269494025 neg:0.029087730505975018 
1522.txt pos pos:0.8837202231932318 neg:0.11627977680676815 
2056.txt pos pos:0.9988166988464611 neg:0.001183301153539008 
717.txt pos pos:0.9767449003939188 neg:0.0232550996060811 
4324.txt pos pos:0.9999961664774099 neg:3.833522590189496E-6 
376.txt pos neg:0.9867600650662841 pos:0.013239934933715855 
3038.txt pos pos:0.7894489732670458 neg:0.21055102673295417 
2080.txt pos pos:0.9986580820714923 neg:0.0013419179285077123 
1957.txt pos pos:0.8129482629584375 neg:0.18705173704156244 
229.txt pos pos:0.8888771814105104 neg:0.11112281858948943 
2051.txt pos pos:0.9999971182379149 neg:2.881762085175204E-6 
3749.txt pos neg:0.7366321333875696 pos:0.2633678666124304 
4034.txt pos pos:0.9978668611732305 neg:0.0021331388267694434 
4110.txt pos pos:0.9954534672785669 neg:0.004546532721433116 
1138.txt pos neg:0.5120035681536673 pos:0.4879964318463326 
2966.txt pos pos:0.8575026209453223 neg:0.14249737905467777 
2175.txt pos pos:0.9815244767811562 neg:0.01847552321884386 
3043.txt pos pos:0.9364185007008007 neg:0.06358149929919928 
2603.txt pos pos:0.8987017620231719 neg:0.10129823797682816 
3850.txt pos neg:0.5787672807695562 pos:0.42123271923044375 
1377.txt pos pos:0.9925052264145436 neg:0.007494773585456435 
2729.txt pos pos:0.9979665888280428 neg:0.0020334111719572103 
580.txt pos neg:0.9554318731581738 pos:0.044568126841826206 
1801.txt pos neg:0.7191923922292409 pos:0.280807607770759 
3796.txt pos pos:0.9670069715149697 neg:0.03299302848503019 
2755.txt pos neg:0.8363830133197174 pos:0.1636169866802826 
1640.txt pos pos:0.9997360632882246 neg:2.6393671177541545E-4 
3574.txt pos pos:0.768761702968452 neg:0.23123829703154802 
3906.txt pos pos:0.9679432530419777 neg:0.03205674695802229 
1221.txt pos pos:0.991484655840793 neg:0.008515344159207012 
1925.txt pos pos:0.5713995662791154 neg:0.42860043372088463 
3663.txt pos pos:0.9941591296925345 neg:0.005840870307465472 
1718.txt pos pos:0.9964542290978704 neg:0.003545770902129672 
807.txt pos neg:0.7131026622440677 pos:0.28689733775593224 
4380.txt pos pos:0.9999838402978878 neg:1.615970211214764E-5 
1379.txt pos pos:0.9996456568378875 neg:3.543431621125727E-4 
1647.txt pos pos:0.9699076935777998 neg:0.03009230642220006 
2333.txt pos pos:0.999937517918402 neg:6.248208159789445E-5 
1550.txt pos pos:0.8776562220339587 neg:0.12234377796604144 
1922.txt pos pos:0.9996601950348782 neg:3.3980496512180737E-4 
989.txt pos pos:0.9999413143386214 neg:5.8685661378571285E-5 
3664.txt pos pos:0.9133516904076179 neg:0.08664830959238216 
4090.txt pos neg:0.5093860642894862 pos:0.4906139357105138 
800.txt pos neg:0.9544526538459934 pos:0.04554734615400653 
3859.txt pos pos:0.9999907097802523 neg:9.290219747781779E-6 
924.txt pos pos:0.8802170367854089 neg:0.11978296321459127 
137.txt pos pos:0.9941298029147678 neg:0.005870197085232184 
4272.txt pos pos:0.999921710221784 neg:7.828977821586808E-5 
3486.txt pos pos:0.986415082742194 neg:0.013584917257805994 
2100.txt pos pos:0.9791238230630718 neg:0.02087617693692827 
3740.txt pos pos:0.997219646851472 neg:0.0027803531485280342 
3036.txt pos pos:0.9956437185242248 neg:0.004356281475775305 
1565.txt pos pos:0.7523182342642198 neg:0.2476817657357801 
1917.txt pos pos:0.9966585527215124 neg:0.003341447278487612 
3680.txt pos pos:0.997130583387614 neg:0.0028694166123860066 
2198.txt pos pos:0.9684909483700775 neg:0.03150905162992248 
835.txt pos pos:0.9999176010244408 neg:8.2398975559233E-5 
2149.txt pos pos:0.8259210036729003 neg:0.1740789963270997 
331.txt pos pos:0.9246243873665749 neg:0.07537561263342503 
4181.txt pos pos:0.9987030777438445 neg:0.0012969222561554216 
3999.txt pos pos:0.999269082988222 neg:7.309170117779425E-4 
4247.txt pos pos:0.9888284829254503 neg:0.01117151707454966 
2585.txt pos pos:0.9966947103736824 neg:0.0033052896263175784 
849.txt pos pos:0.9792000651266956 neg:0.020799934873304442 
3314.txt pos pos:0.9391523698369509 neg:0.06084763016304899 
673.txt pos pos:0.9631974501097835 neg:0.03680254989021645 
916.txt pos pos:0.9785777270844418 neg:0.021422272915558132 
3004.txt pos pos:0.996828331608054 neg:0.003171668391946185 
2553.txt pos pos:0.7675879845078887 neg:0.2324120154921114 
1562.txt pos pos:0.9908932648455372 neg:0.009106735154462864 
1899.txt pos pos:0.9233990358161195 neg:0.07660096418388054 
786.txt pos pos:0.9765714667103933 neg:0.02342853328960657 
2638.txt pos pos:0.9999264953211741 neg:7.350467882603571E-5 
2008.txt neg neg:0.8685200655908157 pos:0.13147993440918426 
2469.txt neg neg:0.9969815459919059 pos:0.003018454008094207 
4222.txt neg neg:0.9192826422134504 pos:0.08071735778654958 
4135.txt neg neg:0.9879592127891171 pos:0.012040787210882897 
307.txt neg neg:0.9778599839641253 pos:0.022140016035874763 
803.txt neg pos:0.9254892677651713 neg:0.0745107322348287 
2150.txt neg neg:0.7768449420673559 pos:0.2231550579326441 
1856.txt neg neg:0.998841742995619 pos:0.0011582570043809186 
69.txt neg neg:0.8073898143555804 pos:0.19261018564441962 
555.txt neg neg:0.996213906537369 pos:0.003786093462630988 
3634.txt neg neg:0.7701867369610667 pos:0.22981326303893335 
1500.txt neg neg:0.99818724709757 pos:0.0018127529024299408 
3980.txt neg pos:0.9762883971228572 neg:0.02371160287714295 
2867.txt neg neg:0.9724379577114047 pos:0.02756204228859521 
2415.txt neg pos:0.6406350368821753 neg:0.35936496311782473 
3523.txt neg neg:0.96930962504981 pos:0.03069037495019 
4149.txt neg neg:0.9507185587266914 pos:0.04928144127330865 
3809.txt neg neg:0.9991509628772239 pos:8.490371227760027E-4 
4306.txt neg neg:0.990757566463372 pos:0.009242433536628087 
920.txt neg neg:0.9937126049505912 pos:0.00628739504940884 
1507.txt neg neg:0.8242084747019154 pos:0.17579152529808462 
4259.txt neg neg:0.7454559176771837 pos:0.2545440823228164 
3987.txt neg neg:0.6627872416702466 pos:0.3372127583297534 
3252.txt neg neg:0.656300439888297 pos:0.34369956011170305 
3283.txt neg neg:0.9803163423808341 pos:0.019683657619165854 
4288.txt neg neg:0.9724962666193706 pos:0.027503733380629364 
3145.txt neg neg:0.9865097064284347 pos:0.013490293571565313 
583.txt neg neg:0.8937636964304387 pos:0.10623630356956111 
2938.txt neg neg:0.9407928470163784 pos:0.05920715298362156 
4301.txt neg neg:0.9908831299199798 pos:0.009116870080020018 
761.txt neg neg:0.9224554353047446 pos:0.07754456469525528 
3061.txt neg neg:0.9969799853723926 pos:0.0030200146276072436 
300.txt neg pos:0.7403760602098162 neg:0.25962393979018383 
1042.txt neg neg:0.9758488266469643 pos:0.024151173353035703 
2944.txt neg neg:0.9275062125593905 pos:0.07249378744060961 
2536.txt neg pos:0.7267218508619917 neg:0.27327814913800835 
3376.txt neg neg:0.9542020930794005 pos:0.045797906920599624 
1788.txt neg neg:0.9882114728140997 pos:0.01178852718590025 
1338.txt neg neg:0.9999305205323977 pos:6.947946760223049E-5 
1601.txt neg pos:0.5878132811367233 neg:0.41218671886327674 
3154.txt neg neg:0.8922545872310399 pos:0.10774541276896012 
2403.txt neg neg:0.998226436947878 pos:0.0017735630521219852 
3243.txt neg neg:0.5405836426849407 pos:0.4594163573150592 
1964.txt neg neg:0.6436077904419517 pos:0.35639220955804835 
1053.txt neg neg:0.9638478032817671 pos:0.03615219671823293 
467.txt neg neg:0.7955278265954169 pos:0.20447217340458315 
770.txt neg neg:0.8957297778953951 pos:0.104270222104605 
2197.txt neg neg:0.996855827977238 pos:0.003144172022762034 
2309.txt neg neg:0.9999286900353154 pos:7.130996468455475E-5 
2768.txt neg neg:0.860992398557224 pos:0.13900760144277607 
812.txt neg pos:0.9916745748007076 neg:0.00832542519929246 
1435.txt neg neg:0.9994802110040611 pos:5.197889959388814E-4 
1847.txt neg neg:0.88084164265915 pos:0.11915835734084997 
2983.txt neg pos:0.8981632290928282 neg:0.10183677090717184 
316.txt neg neg:0.6950161396837354 pos:0.30498386031626457 
1449.txt neg pos:0.998996827640512 neg:0.0010031723594880711 
3818.txt neg neg:0.961678298101299 pos:0.03832170189870089 
4000.txt neg neg:0.9999783167545379 pos:2.1683245462231997E-5 
3940.txt neg neg:0.9991252359708052 pos:8.747640291947488E-4 
3295.txt neg neg:0.6870591972130385 pos:0.31294080278696146 
1606.txt neg neg:0.9969484793346555 pos:0.0030515206653444443 
544.txt neg neg:0.9038426047826871 pos:0.09615739521731297 
1170.txt neg neg:0.8618101508342972 pos:0.13818984916570273 
3244.txt neg neg:0.9938197675288746 pos:0.0061802324711253825 
1963.txt neg neg:0.6118716956537404 pos:0.38812830434625956 
1849.txt neg neg:0.9574708559637866 pos:0.04252914403621353 
1898.txt neg neg:0.9947374590609966 pos:0.005262540939003306 
3079.txt neg neg:0.9895284144997842 pos:0.010471585500215777 
240.txt neg neg:0.9980482793569204 pos:0.0019517206430796654 
3657.txt neg neg:0.8764513444394977 pos:0.12354865556050236 
2017.txt neg neg:0.9811302045058347 pos:0.018869795494165287 
1102.txt neg pos:0.9155996249974235 neg:0.08440037500257636 
944.txt neg neg:0.8691125817458973 pos:0.13088741825410266 
2804.txt neg neg:0.8682973984155195 pos:0.13170260158448066 
3236.txt neg pos:0.5778859876878958 neg:0.4221140123121042 
3591.txt neg neg:0.5420668958855385 pos:0.4579331041144616 
1781.txt neg neg:0.9987288531962206 pos:0.0012711468037793871 
1026.txt neg neg:0.5446304981419078 pos:0.4553695018580922 
860.txt neg neg:0.9971622057987193 pos:0.002837794201280643 
1496.txt neg neg:0.9702201472832639 pos:0.029779852716736107 
705.txt neg neg:0.973110056117076 pos:0.02688994388292393 
3816.txt neg neg:0.9065088047764474 pos:0.0934911952235525 
4290.txt neg neg:0.8519021116613299 pos:0.14809788833867013 
1608.txt neg pos:0.5377288228645084 neg:0.4622711771354916 
1021.txt neg neg:0.6525660943288728 pos:0.3474339056711272 
1336.txt neg neg:0.989042191086898 pos:0.010957808913102106 
363.txt neg neg:0.9904842662262004 pos:0.009515733773799577 
2642.txt neg neg:0.9858352294419622 pos:0.014164770558037672 
2148.txt neg neg:0.9189920963932955 pos:0.08100790360670454 
2529.txt neg neg:0.9963917589576036 pos:0.003608241042396493 
2307.txt neg neg:0.8709620566907417 pos:0.12903794330925827 
3935.txt neg pos:0.8692267437163957 neg:0.1307732562836043 
3547.txt neg neg:0.9977519426375026 pos:0.002248057362497509 
247.txt neg pos:0.9968951565104811 neg:0.003104843489518992 
2010.txt neg neg:0.9961412441983676 pos:0.0038587558016324876 
2471.txt neg pos:0.7081442208886237 neg:0.2918557791113762 
1916.txt neg neg:0.9585987672046588 pos:0.04140123279534129 
883.txt neg neg:0.9897866179198134 pos:0.010213382080186684 
737.txt neg neg:0.9675067340710101 pos:0.03249326592898988 
3824.txt neg neg:0.9943751604127224 pos:0.0056248395872776445 
Trial 0 Trainer MaxEntTrainer,gaussianPriorVariance=1.0 Training Data Confusion Matrix
Confusion Matrix, row=true, column=predicted  accuracy=1.0
  label   0   1  |total
  0 pos 900   .  |900
  1 neg   . 900  |900

Trial 0 Trainer MaxEntTrainer,gaussianPriorVariance=1.0 training data accuracy= 1.0
Trial 0 Trainer MaxEntTrainer,gaussianPriorVariance=1.0 Test Data Confusion Matrix
Confusion Matrix, row=true, column=predicted  accuracy=0.855
  label   0   1  |total
  0 pos  86  14  |100
  1 neg  15  85  |100

Trial 0 Trainer MaxEntTrainer,gaussianPriorVariance=1.0 test data accuracy= 0.855

MaxEntTrainer,gaussianPriorVariance=1.0
Summary. train accuracy mean = 1.0 stddev = 0.0 stderr = 0.0
Summary. test accuracy mean = 0.855 stddev = 0.0 stderr = 0.0
