
-------------------- Trial 0  --------------------

Trial 0 Training MaxEntTrainer,gaussianPriorVariance=1.0 with 1800 instances
Trial 0 Training MaxEntTrainer,gaussianPriorVariance=1.0 finished
Trial 0 Trainer MaxEntTrainer,gaussianPriorVariance=1.0
 Raw Testing Data
cv443_22367.txt neg neg:0.8466816403185567 pos:0.1533183596814432 
cv678_14887.txt neg neg:0.717143436998109 pos:0.28285656300189094 
cv598_18184.txt neg neg:0.71443514222967 pos:0.2855648577703301 
cv566_8967.txt neg neg:0.9691160009379303 pos:0.030883999062069668 
cv553_26965.txt neg neg:0.966900189179727 pos:0.033099810820273065 
cv700_23163.txt neg pos:0.6016350310438434 neg:0.3983649689561565 
cv173_4295.txt neg neg:0.8764702809233231 pos:0.12352971907667683 
cv078_16506.txt neg neg:0.8077926073565758 pos:0.19220739264342426 
cv945_13012.txt neg neg:0.6219506045843463 pos:0.37804939541565374 
cv648_17277.txt neg neg:0.8911091174590732 pos:0.10889088254092684 
cv679_28221.txt neg neg:0.9835691733202544 pos:0.01643082667974559 
cv424_9268.txt neg neg:0.9660267031456558 pos:0.03397329685434414 
cv891_6035.txt neg pos:0.7601714572699287 neg:0.23982854273007123 
cv089_12222.txt neg pos:0.8549054923308594 neg:0.14509450766914045 
cv466_20092.txt neg pos:0.6956817295410977 neg:0.3043182704589022 
cv084_15183.txt neg pos:0.5297529584796055 neg:0.4702470415203945 
cv910_21930.txt neg neg:0.9965089938339123 pos:0.003491006166087613 
cv061_9321.txt neg pos:0.7983199039719698 neg:0.2016800960280302 
cv467_26610.txt neg pos:0.777508328390911 neg:0.222491671609089 
cv339_22452.txt neg neg:0.6525927271176116 pos:0.34740727288238843 
cv579_12542.txt neg neg:0.9200253503155448 pos:0.0799746496844552 
cv511_10360.txt neg neg:0.9411932827602593 pos:0.058806717239740826 
cv652_15653.txt neg pos:0.730905967717638 neg:0.269094032282362 
cv199_9721.txt neg pos:0.725769544556492 neg:0.2742304554435079 
cv468_16844.txt neg neg:0.7344914033338219 pos:0.26550859666617804 
cv522_5418.txt neg neg:0.5548909786152126 pos:0.4451090213847873 
cv385_29621.txt neg pos:0.5176491871444647 neg:0.48235081285553527 
cv296_13146.txt neg neg:0.7795352586710685 pos:0.22046474132893137 
cv558_29376.txt neg neg:0.5616789740233846 pos:0.4383210259766153 
cv097_26081.txt neg pos:0.6407938659998369 neg:0.359206134000163 
cv708_28539.txt neg pos:0.6033830286076052 neg:0.3966169713923948 
cv975_11920.txt neg pos:0.9853190043197395 neg:0.014680995680260408 
cv101_10537.txt neg neg:0.6992531268952121 pos:0.3007468731047879 
cv536_27221.txt neg neg:0.6026080093783465 pos:0.3973919906216535 
cv861_12809.txt neg neg:0.8657253096900651 pos:0.13427469030993497 
cv968_25413.txt neg pos:0.8233083166397829 neg:0.1766916833602172 
cv721_28993.txt neg pos:0.6663760141498556 neg:0.3336239858501444 
cv302_26481.txt neg neg:0.8517818331522621 pos:0.14821816684773795 
cv144_5010.txt neg pos:0.7844762391959712 neg:0.21552376080402869 
cv459_21834.txt neg pos:0.6565912665313275 neg:0.34340873346867246 
cv088_25274.txt neg neg:0.7627080558120214 pos:0.2372919441879786 
cv954_19932.txt neg neg:0.6042831876062815 pos:0.39571681239371836 
cv816_15257.txt neg neg:0.8794777470771786 pos:0.12052225292282141 
cv375_9932.txt neg neg:0.6428885025187557 pos:0.35711149748124427 
cv152_9052.txt neg neg:0.6484278927441416 pos:0.3515721072558584 
cv851_21895.txt neg pos:0.5267107551662403 neg:0.47328924483375967 
cv774_15488.txt neg pos:0.6302181971367682 neg:0.36978180286323176 
cv867_18362.txt neg neg:0.6487381220010828 pos:0.3512618779989172 
cv005_29357.txt neg neg:0.8321945240476999 pos:0.16780547595230014 
cv236_12427.txt neg neg:0.8646199471277289 pos:0.13538005287227103 
cv130_18521.txt neg neg:0.9048672495663591 pos:0.0951327504336408 
cv399_28593.txt neg pos:0.6443652834080669 neg:0.3556347165919332 
cv526_12868.txt neg neg:0.999824544653472 pos:1.754553465278774E-4 
cv052_29318.txt neg neg:0.5852204395001812 pos:0.41477956049981873 
cv762_15604.txt neg neg:0.5767513381126018 pos:0.4232486618873982 
cv618_9469.txt neg pos:0.6675676862863277 neg:0.33243231371367227 
cv699_7773.txt neg neg:0.9873332574718893 pos:0.012666742528110765 
cv312_29308.txt neg pos:0.8596268706158251 neg:0.14037312938417484 
cv140_7963.txt neg neg:0.9770330731536624 pos:0.02296692684633753 
cv549_22771.txt neg pos:0.8259393402586096 neg:0.17406065974139054 
cv092_27987.txt neg neg:0.793761031381019 pos:0.20623896861898097 
cv038_9781.txt neg neg:0.6617148498638513 pos:0.33828515013614857 
cv911_21695.txt neg neg:0.9994945824774104 pos:5.054175225895359E-4 
cv073_23039.txt neg neg:0.9598892499671913 pos:0.04011075003280876 
cv961_5578.txt neg pos:0.5075188812789153 neg:0.49248111872108474 
cv981_16679.txt neg neg:0.6760980140606688 pos:0.3239019859393311 
cv277_20467.txt neg neg:0.9351143339956128 pos:0.06488566600438711 
cv818_10698.txt neg pos:0.5997231928967856 neg:0.4002768071032144 
cv013_10494.txt neg pos:0.6418502597034821 neg:0.35814974029651797 
cv164_23451.txt neg neg:0.5040794154337103 pos:0.49592058456628973 
cv644_18551.txt neg neg:0.7576001663672016 pos:0.24239983363279832 
cv316_5972.txt neg pos:0.7544161998678841 neg:0.24558380013211584 
cv682_17947.txt neg neg:0.952139312462389 pos:0.047860687537610976 
cv924_29397.txt neg neg:0.6759181336867012 pos:0.3240818663132988 
cv102_8306.txt neg pos:0.734000805618317 neg:0.265999194381683 
cv170_29808.txt neg pos:0.5132299717237101 neg:0.4867700282762898 
cv562_10847.txt neg neg:0.9920825809318233 pos:0.00791741906817663 
cv545_12848.txt neg neg:0.9190188417331897 pos:0.0809811582668103 
cv908_17779.txt neg pos:0.6588670845322244 neg:0.34113291546777563 
cv075_6250.txt neg pos:0.5752653571758838 neg:0.4247346428241162 
cv271_15364.txt neg pos:0.5834570421687241 neg:0.4165429578312759 
cv269_23018.txt neg neg:0.9982839131846005 pos:0.0017160868153995512 
cv835_20531.txt neg pos:0.6683512706841628 neg:0.3316487293158372 
cv099_11189.txt neg neg:0.7228941216060878 pos:0.2771058783939122 
cv111_12253.txt neg pos:0.7623756049870895 neg:0.23762439501291052 
cv940_18935.txt neg neg:0.53266429562643 pos:0.4673357043735699 
cv689_13701.txt neg neg:0.6938873782608731 pos:0.30611262173912696 
cv223_28923.txt neg neg:0.7247619579081938 pos:0.27523804209180613 
cv378_21982.txt neg neg:0.8911639156793053 pos:0.10883608432069462 
cv040_8829.txt neg neg:0.5537883029620255 pos:0.4462116970379745 
cv779_18989.txt neg neg:0.582137697114011 pos:0.417862302885989 
cv325_18330.txt neg neg:0.9194882671793283 pos:0.08051173282067167 
cv488_21453.txt neg neg:0.7951289474336891 pos:0.2048710525663109 
cv430_18662.txt neg neg:0.6534632533146374 pos:0.3465367466853627 
cv181_16083.txt neg pos:0.5032095902738019 neg:0.49679040972619815 
cv231_11028.txt neg pos:0.6468233444183069 neg:0.35317665558169314 
cv764_12701.txt neg pos:0.5432462592569887 neg:0.4567537407430114 
cv643_29282.txt neg neg:0.7369905964912309 pos:0.26300940350876906 
cv819_9567.txt neg neg:0.7117105916697088 pos:0.28828940833029115 
cv076_26009.txt neg neg:0.6488602336919644 pos:0.3511397663080355 
cv574_22156.txt pos neg:0.5925363071850868 pos:0.40746369281491324 
cv531_26486.txt pos neg:0.791854431434603 pos:0.2081455685653971 
cv736_23670.txt pos pos:0.6731439287527814 neg:0.3268560712472187 
cv059_28885.txt pos pos:0.9256653236848383 neg:0.07433467631516158 
cv872_12591.txt pos pos:0.990427323157352 neg:0.0095726768426479 
cv729_10154.txt pos pos:0.9268782262852402 neg:0.07312177371475982 
cv223_29066.txt pos pos:0.9208696477876589 neg:0.07913035221234116 
cv830_6014.txt pos neg:0.6172027551808688 pos:0.38279724481913113 
cv049_20471.txt pos pos:0.5766810555928832 neg:0.4233189444071168 
cv067_19774.txt pos pos:0.8974752163111199 neg:0.10252478368888013 
cv333_8916.txt pos pos:0.9803599263326737 neg:0.01964007366732637 
cv129_16741.txt pos pos:0.9614365696596038 neg:0.03856343034039615 
cv159_29505.txt pos pos:0.7744526074303738 neg:0.22554739256962614 
cv150_12916.txt pos pos:0.5562017978614286 neg:0.4437982021385714 
cv481_7436.txt pos pos:0.766681599338926 neg:0.23331840066107404 
cv324_7082.txt pos pos:0.7552508678288525 neg:0.2447491321711474 
cv063_28997.txt pos neg:0.5980892441802816 pos:0.40191075581971836 
cv503_10558.txt pos pos:0.8279649035527823 neg:0.17203509644721762 
cv483_16378.txt pos neg:0.5657472677037815 pos:0.4342527322962185 
cv964_6021.txt pos pos:0.844506385725433 neg:0.15549361427456693 
cv808_12635.txt pos neg:0.8066513529762216 pos:0.1933486470237785 
cv811_21386.txt pos pos:0.8214202820807189 neg:0.17857971791928104 
cv378_20629.txt pos neg:0.6831617092960062 pos:0.3168382907039938 
cv376_19435.txt pos pos:0.523288854714058 neg:0.47671114528594205 
cv566_8581.txt pos pos:0.9705596915948885 neg:0.029440308405111505 
cv360_8398.txt pos pos:0.8670183992630803 neg:0.1329816007369196 
cv185_28654.txt pos neg:0.9952391168719386 pos:0.004760883128061403 
cv020_8825.txt pos pos:0.9641551064206384 neg:0.03584489357936154 
cv166_11052.txt pos neg:0.6311175275301378 pos:0.36888247246986217 
cv806_8842.txt pos pos:0.5079014812884018 neg:0.49209851871159815 
cv788_25272.txt pos pos:0.5510743088278199 neg:0.44892569117218 
cv628_19325.txt pos neg:0.5058254706707814 pos:0.49417452932921857 
cv344_5312.txt pos pos:0.5584813459604473 neg:0.4415186540395528 
cv722_7110.txt pos neg:0.8776698211823742 pos:0.12233017881762584 
cv515_17069.txt pos neg:0.7246831327475352 pos:0.2753168672524648 
cv137_15422.txt pos pos:0.5415671407618757 neg:0.4584328592381243 
cv170_3006.txt pos neg:0.6976330828908892 pos:0.3023669171091107 
cv422_9381.txt pos neg:0.635880842118072 pos:0.36411915788192795 
cv421_9709.txt pos pos:0.9999990766844536 neg:9.233155463105373E-7 
cv033_24444.txt pos pos:0.7988354464020961 neg:0.20116455359790383 
cv698_15253.txt pos pos:0.7416627248584361 neg:0.2583372751415639 
cv293_29856.txt pos neg:0.5667082725186093 pos:0.43329172748139066 
cv958_12162.txt pos pos:0.824153249175073 neg:0.1758467508249269 
cv492_18271.txt pos pos:0.9791023107439875 neg:0.020897689256012496 
cv411_15007.txt pos pos:0.9994952119872746 neg:5.047880127255004E-4 
cv902_12256.txt pos neg:0.7142463713106916 pos:0.28575362868930854 
cv073_21785.txt pos pos:0.8841782112294718 neg:0.11582178877052807 
cv689_12587.txt pos pos:0.8070768144882747 neg:0.19292318551172524 
cv873_18636.txt pos pos:0.9873362029831677 neg:0.012663797016832365 
cv161_11425.txt pos neg:0.7014524503435514 pos:0.2985475496564486 
cv886_18177.txt pos pos:0.6501203072463471 neg:0.34987969275365305 
cv888_24435.txt pos pos:0.9480564776782672 neg:0.05194352232173284 
cv554_13151.txt pos pos:0.760186228015264 neg:0.23981377198473594 
cv766_7540.txt pos neg:0.8167534743077788 pos:0.18324652569222127 
cv075_6500.txt pos neg:0.6249628200249563 pos:0.3750371799750438 
cv646_15065.txt pos pos:0.5417562154842709 neg:0.45824378451572917 
cv227_24215.txt pos pos:0.627132968420648 neg:0.3728670315793519 
cv663_13019.txt pos pos:0.953340950925649 neg:0.04665904907435102 
cv339_21119.txt pos neg:0.7749060962511027 pos:0.22509390374889723 
cv229_13611.txt pos neg:0.5342555521791245 pos:0.4657444478208755 
cv878_15694.txt pos pos:0.9676031316574275 neg:0.032396868342572605 
cv956_11609.txt pos neg:0.6603207888333075 pos:0.33967921116669253 
cv743_15449.txt pos neg:0.7052939578764267 pos:0.2947060421235734 
cv970_18450.txt pos neg:0.8219584204195499 pos:0.17804157958045014 
cv334_10001.txt pos neg:0.997140328245412 pos:0.0028596717545879714 
cv347_13194.txt pos pos:0.8255431370098563 neg:0.17445686299014376 
cv122_7392.txt pos pos:0.9998552468459206 neg:1.4475315407936687E-4 
cv214_12294.txt pos neg:0.9267472048383466 pos:0.07325279516165337 
cv648_15792.txt pos pos:0.9477051136190161 neg:0.0522948863809838 
cv846_29497.txt pos pos:0.5539157397092592 neg:0.4460842602907408 
cv532_6522.txt pos pos:0.5367518528985789 neg:0.4632481471014211 
cv768_11751.txt pos pos:0.7518284107600574 neg:0.2481715892399427 
cv760_8597.txt pos neg:0.5824111870594437 pos:0.4175888129405563 
cv512_15965.txt pos pos:0.9558909787284772 neg:0.04410902127152285 
cv969_13250.txt pos pos:0.7490814333863387 neg:0.25091856661366135 
cv237_19221.txt pos pos:0.519514629570422 neg:0.48048537042957795 
cv903_17822.txt pos neg:0.7229939890154038 pos:0.2770060109845963 
cv205_9457.txt pos pos:0.9228159900918949 neg:0.07718400990810512 
cv178_12972.txt pos pos:0.9999098617883618 neg:9.013821163811026E-5 
cv705_11059.txt pos pos:0.947574767704712 neg:0.05242523229528791 
cv193_5416.txt pos pos:0.6954602875648837 neg:0.3045397124351163 
cv851_20469.txt pos pos:0.9262119943333782 neg:0.0737880056666218 
cv519_14661.txt pos pos:0.9460114293799954 neg:0.05398857062000462 
cv388_12009.txt pos pos:0.6443787839410943 neg:0.35562121605890584 
cv741_11890.txt pos pos:0.9533364974239843 neg:0.04666350257601574 
cv385_29741.txt pos neg:0.600259704191069 pos:0.399740295808931 
cv345_9954.txt pos pos:0.9999101467202833 neg:8.985327971678575E-5 
cv853_29233.txt pos pos:0.8717269408487741 neg:0.1282730591512259 
cv796_15782.txt pos pos:0.591223806600066 neg:0.40877619339993404 
cv992_11962.txt pos neg:0.6048606608225865 pos:0.39513933917741345 
cv264_12801.txt pos pos:0.9508716225913507 neg:0.04912837740864928 
cv420_28795.txt pos neg:0.8652090336383434 pos:0.13479096636165655 
cv186_2269.txt pos pos:0.9102211600827778 neg:0.08977883991722217 
cv565_29572.txt pos pos:0.5386020227275199 neg:0.4613979772724801 
cv423_11155.txt pos pos:0.9779870994794255 neg:0.022012900520574474 
cv215_22240.txt pos pos:0.9095600700645109 neg:0.09043992993548895 
cv682_16139.txt pos pos:0.6874248191730793 neg:0.3125751808269207 
cv331_8273.txt pos pos:0.9429691636122072 neg:0.05703083638779272 
cv775_16237.txt pos neg:0.8796142145801454 pos:0.12038578541985465 
cv008_29435.txt pos neg:0.5058442891929698 pos:0.49415571080703014 
Trial 0 Trainer MaxEntTrainer,gaussianPriorVariance=1.0 Training Data Confusion Matrix
Confusion Matrix, row=true, column=predicted  accuracy=0.9411111111111111
  label   0   1  |total
  0 neg 864  36  |900
  1 pos  70 830  |900

Trial 0 Trainer MaxEntTrainer,gaussianPriorVariance=1.0 training data accuracy= 0.9411111111111111
Trial 0 Trainer MaxEntTrainer,gaussianPriorVariance=1.0 Test Data Confusion Matrix
Confusion Matrix, row=true, column=predicted  accuracy=0.65
  label   0   1  |total
  0 neg  63  37  |100
  1 pos  33  67  |100

Trial 0 Trainer MaxEntTrainer,gaussianPriorVariance=1.0 test data accuracy= 0.65

MaxEntTrainer,gaussianPriorVariance=1.0
Summary. train accuracy mean = 0.9411111111111111 stddev = 0.0 stderr = 0.0
Summary. test accuracy mean = 0.65 stddev = 0.0 stderr = 0.0
