
-------------------- Trial 0  --------------------

Trial 0 Training MaxEntTrainer,gaussianPriorVariance=1.0 with 1800 instances
Trial 0 Training MaxEntTrainer,gaussianPriorVariance=1.0 finished
Trial 0 Trainer MaxEntTrainer,gaussianPriorVariance=1.0
 Raw Testing Data
cv295_17060.txt neg pos:0.7878790794404255 neg:0.21212092055957457 
cv010_29063.txt neg pos:0.5173010171094874 neg:0.4826989828905126 
cv581_20790.txt neg neg:0.8712686749944998 pos:0.12873132500550033 
cv683_13047.txt neg neg:0.910718769752378 pos:0.08928123024762204 
cv137_17020.txt neg pos:0.8416163349113945 neg:0.1583836650886055 
cv687_22207.txt neg neg:0.5447950120837688 pos:0.4552049879162312 
cv719_5581.txt neg pos:0.7943638805824984 neg:0.2056361194175016 
cv396_19127.txt neg pos:0.516562414969681 neg:0.48343758503031903 
cv733_9891.txt neg pos:0.5011240296252206 neg:0.4988759703747794 
cv664_4264.txt neg neg:0.8419325280102973 pos:0.1580674719897027 
cv166_11959.txt neg neg:0.969134361928466 pos:0.03086563807153396 
cv282_6833.txt neg pos:0.5189639498589922 neg:0.48103605014100775 
cv065_16909.txt neg neg:0.8828470370331047 pos:0.11715296296689522 
cv516_12117.txt neg neg:0.5906838560793426 pos:0.40931614392065735 
cv577_28220.txt neg neg:0.6694057570168997 pos:0.3305942429831003 
cv098_17021.txt neg neg:0.556667658847894 pos:0.44333234115210596 
cv812_19051.txt neg neg:0.9146667294050238 pos:0.08533327059497613 
cv085_15286.txt neg neg:0.7014535651456076 pos:0.29854643485439236 
cv043_16808.txt neg neg:0.8196305819987867 pos:0.18036941800121326 
cv715_19246.txt neg neg:0.6215171567618932 pos:0.37848284323810677 
cv594_11945.txt neg neg:0.7683182897674293 pos:0.23168171023257078 
cv100_12406.txt neg pos:0.9931490410110078 neg:0.006850958988992246 
cv930_14949.txt neg neg:0.9525894638283366 pos:0.04741053617166324 
cv348_19207.txt neg neg:0.897065291034729 pos:0.102934708965271 
cv691_5090.txt neg neg:0.9967868153857212 pos:0.00321318461427877 
cv315_12638.txt neg neg:0.8187548160333836 pos:0.18124518396661643 
cv729_10475.txt neg neg:0.9561216435743796 pos:0.043878356425620296 
cv529_10972.txt neg pos:0.9710492158255325 neg:0.028950784174467368 
cv452_5179.txt neg pos:0.5696673196851485 neg:0.43033268031485156 
cv445_26683.txt neg neg:0.5550775381230049 pos:0.4449224618769951 
cv487_11058.txt neg pos:0.9693997555642886 neg:0.030600244435711344 
cv340_14776.txt neg neg:0.8090386057861227 pos:0.19096139421387723 
cv903_18981.txt neg pos:0.8776055032141716 neg:0.1223944967858284 
cv680_10533.txt neg neg:0.9356734699484263 pos:0.0643265300515737 
cv998_15691.txt neg neg:0.8325653775768087 pos:0.1674346224231913 
cv268_20288.txt neg neg:0.6829236327007137 pos:0.3170763672992864 
cv825_5168.txt neg neg:0.6573039753802732 pos:0.34269602461972676 
cv037_19798.txt neg neg:0.9466660472613537 pos:0.053333952738646266 
cv346_19198.txt neg neg:0.6686584410839341 pos:0.33134155891606576 
cv775_17966.txt neg pos:0.5910801640128248 neg:0.40891983598717524 
cv530_17949.txt neg pos:0.7071357127748007 neg:0.29286428722519925 
cv541_28683.txt neg neg:0.5368198134921345 pos:0.4631801865078655 
cv274_26379.txt neg neg:0.8420763165812245 pos:0.1579236834187754 
cv081_18241.txt neg neg:0.7838944350289164 pos:0.21610556497108363 
cv263_20693.txt neg neg:0.6611470715722377 pos:0.3388529284277623 
cv720_5383.txt neg neg:0.6314720960577824 pos:0.3685279039422175 
cv217_28707.txt neg neg:0.7068057292321048 pos:0.2931942707678952 
cv379_23167.txt neg pos:0.7421079592821458 neg:0.25789204071785427 
cv482_11233.txt neg neg:0.8145178801743639 pos:0.18548211982563614 
cv254_5870.txt neg pos:0.5085060168157303 neg:0.49149398318426973 
cv836_14311.txt neg neg:0.6098535500647114 pos:0.39014644993528863 
cv373_21872.txt neg pos:0.9385537377397535 neg:0.061446262260246555 
cv241_24602.txt neg pos:0.511727174848565 neg:0.48827282515143494 
cv253_10190.txt neg neg:0.9638478071120369 pos:0.036152192887963217 
cv234_22123.txt neg neg:0.9358568737585882 pos:0.06414312624141184 
cv382_8393.txt neg pos:0.7833844622161343 neg:0.21661553778386566 
cv714_19704.txt neg neg:0.6073751427108335 pos:0.3926248572891666 
cv016_4348.txt neg pos:0.5017217319705012 neg:0.49827826802949876 
cv874_12182.txt neg neg:0.9916646277728502 pos:0.00833537222714966 
cv183_19826.txt neg neg:0.9675717991165422 pos:0.032428200883457846 
cv276_17126.txt neg pos:0.9925438456141602 neg:0.0074561543858398405 
cv738_10287.txt neg pos:0.6554692925831996 neg:0.3445307074168005 
cv938_10706.txt neg pos:0.8398613884119368 neg:0.16013861158806306 
cv583_29465.txt neg neg:0.7025376976798658 pos:0.2974623023201341 
cv726_4365.txt neg neg:0.6248694090115992 pos:0.3751305909884009 
cv793_15235.txt neg neg:0.5295979863067741 pos:0.4704020136932259 
cv844_13890.txt neg neg:0.7851498730144595 pos:0.2148501269855405 
cv792_3257.txt neg neg:0.5828165943668141 pos:0.41718340563318596 
cv143_21158.txt neg neg:0.9159832600364931 pos:0.08401673996350699 
cv392_12238.txt neg pos:0.8914361663859326 neg:0.10856383361406734 
cv465_23401.txt neg pos:0.5933917389139799 neg:0.4066082610860201 
cv017_23487.txt neg neg:0.8248218094047706 pos:0.1751781905952295 
cv561_9484.txt neg neg:0.7851895477137874 pos:0.2148104522862126 
cv543_5107.txt neg pos:0.5591657094625565 neg:0.4408342905374435 
cv730_10729.txt neg neg:0.8416321081021372 pos:0.15836789189786277 
cv387_12391.txt neg pos:0.6342346074732359 neg:0.36576539252676415 
cv026_29229.txt neg pos:0.7740120051143454 neg:0.22598799488565452 
cv420_28631.txt neg pos:0.6019337394684129 neg:0.3980662605315872 
cv759_15091.txt neg neg:0.9783170102770495 pos:0.021682989722950383 
cv419_14799.txt neg neg:0.6100611288196839 pos:0.3899388711803161 
cv332_17997.txt neg neg:0.8901028644509179 pos:0.10989713554908205 
cv303_27366.txt neg pos:0.83876335901776 neg:0.16123664098223994 
cv500_10722.txt neg pos:0.6096350932610074 neg:0.3903649067389926 
cv311_17708.txt neg neg:0.8873577225021243 pos:0.1126422774978756 
cv855_22134.txt neg neg:0.5524153999236926 pos:0.4475846000763074 
cv389_9611.txt neg pos:0.5771881097714341 neg:0.42281189022856597 
cv474_10682.txt neg neg:0.8446599578045371 pos:0.15534004219546285 
cv791_17995.txt neg pos:0.5305962941643929 neg:0.4694037058356071 
cv635_0984.txt neg neg:0.9976565272583227 pos:0.0023434727416772336 
cv580_15681.txt neg pos:0.9649214707847565 neg:0.03507852921524341 
cv732_13092.txt neg pos:0.9975646166730339 neg:0.0024353833269660824 
cv943_23547.txt neg neg:0.9574434420711639 pos:0.04255655792883592 
cv628_20758.txt neg pos:0.6442413002750768 neg:0.35575869972492313 
cv273_28961.txt neg pos:0.8350019900033703 neg:0.16499800999662964 
cv342_20917.txt neg pos:0.7857991723939561 neg:0.21420082760604395 
cv702_12371.txt neg neg:0.6054950029833014 pos:0.39450499701669867 
cv993_29565.txt neg neg:0.6107867613791677 pos:0.3892132386208323 
cv769_8565.txt neg neg:0.5526674400988172 pos:0.44733255990118276 
cv613_23104.txt neg neg:0.8440770359553452 pos:0.15592296404465467 
cv667_19672.txt neg neg:0.5309105838278715 pos:0.46908941617212857 
cv957_8737.txt pos pos:0.8954823132774145 neg:0.10451768672258548 
cv038_9749.txt pos neg:0.6504828894419108 pos:0.34951711055808926 
cv739_11209.txt pos pos:0.9723042921907308 neg:0.027695707809269374 
cv895_21022.txt pos pos:0.9078270643655272 neg:0.09217293563447289 
cv305_9946.txt pos neg:0.9818005829665555 pos:0.01819941703344455 
cv588_13008.txt pos neg:0.7776433154141464 pos:0.22235668458585361 
cv485_26649.txt pos pos:0.6964601390555066 neg:0.3035398609444933 
cv260_13959.txt pos pos:0.5526302770583581 neg:0.4473697229416418 
cv406_21020.txt pos pos:0.7678574815868442 neg:0.23214251841315572 
cv256_14740.txt pos pos:0.9990295320993223 neg:9.704679006775512E-4 
cv894_2068.txt pos pos:0.9584356904612475 neg:0.041564309538752474 
cv434_5793.txt pos neg:0.9158972296933868 pos:0.08410277030661324 
cv750_10180.txt pos pos:0.891791336641903 neg:0.108208663358097 
cv163_10052.txt pos pos:0.9731945670589202 neg:0.026805432941079788 
cv056_13133.txt pos pos:0.5936509510425035 neg:0.4063490489574965 
cv030_21593.txt pos pos:0.5850203691873341 neg:0.41497963081266587 
cv195_14528.txt pos pos:0.5469846986169269 neg:0.4530153013830731 
cv415_22517.txt pos pos:0.815975247682733 neg:0.1840247523172671 
cv915_8841.txt pos neg:0.6716760128507855 pos:0.3283239871492145 
cv948_24606.txt pos pos:0.5327176788991572 neg:0.4672823211008427 
cv602_8300.txt pos pos:0.9621777096740304 neg:0.037822290325969725 
cv874_11236.txt pos pos:0.9066145644952366 neg:0.09338543550476332 
cv717_15953.txt pos pos:0.9283556891547767 neg:0.07164431084522321 
cv494_17389.txt pos pos:0.9758878552528465 neg:0.024112144747153584 
cv838_24728.txt pos pos:0.526251069447665 neg:0.473748930552335 
cv847_1941.txt pos neg:0.7290946332339856 pos:0.27090536676601445 
cv827_18331.txt pos pos:0.6329571027735769 neg:0.36704289722642314 
cv825_5063.txt pos pos:0.5031985131785388 neg:0.4968014868214612 
cv710_22577.txt pos pos:0.9433758266103175 neg:0.05662417338968252 
cv317_24049.txt pos pos:0.9712422804740724 neg:0.028757719525927615 
cv437_22849.txt pos pos:0.9893768755369456 neg:0.010623124463054424 
cv923_11051.txt pos pos:0.7028643954637072 neg:0.2971356045362929 
cv016_4659.txt pos neg:0.8379826390169102 pos:0.16201736098308991 
cv295_15570.txt pos neg:0.5640039999116588 pos:0.43599600008834116 
cv870_16348.txt pos pos:0.6167666825272857 neg:0.3832333174727142 
cv119_9867.txt pos pos:0.7628284527119671 neg:0.23717154728803289 
cv627_11620.txt pos neg:0.9723983492648498 pos:0.027601650735150227 
cv963_6895.txt pos pos:0.8477826787840145 neg:0.15221732121598547 
cv732_12245.txt pos pos:0.9416924394482746 neg:0.0583075605517253 
cv525_16122.txt pos pos:0.8407030162251505 neg:0.15929698377484952 
cv608_23231.txt pos pos:0.6366239835208529 neg:0.363376016479147 
cv427_10825.txt pos neg:0.8248473500221969 pos:0.1751526499778031 
cv756_22540.txt pos neg:0.8685426042277378 pos:0.1314573957722623 
cv994_12270.txt pos neg:0.8137506015667132 pos:0.1862493984332868 
cv928_9168.txt pos pos:0.9926249270255989 neg:0.007375072974401001 
cv879_14903.txt pos neg:0.7102202080600789 pos:0.289779791939921 
cv167_16376.txt pos pos:0.946775101135231 neg:0.05322489886476909 
cv134_22246.txt pos pos:0.7085362568489476 neg:0.29146374315105233 
cv126_28971.txt pos neg:0.9478748878396743 pos:0.052125112160325615 
cv632_9610.txt pos pos:0.7626578326539506 neg:0.23734216734604938 
cv991_18645.txt pos neg:0.8609962007882483 pos:0.1390037992117516 
cv530_16212.txt pos neg:0.5562975699519754 pos:0.44370243004802457 
cv552_10016.txt pos pos:0.8358392118831367 neg:0.16416078811686327 
cv673_24714.txt pos neg:0.9534080962976026 pos:0.04659190370239748 
cv265_10814.txt pos pos:0.6456202661021567 neg:0.3543797338978434 
cv446_11353.txt pos pos:0.6365947948064697 neg:0.3634052051935302 
cv973_10066.txt pos pos:0.990968839066884 neg:0.009031160933115992 
cv883_27751.txt pos neg:0.5328086434795894 pos:0.4671913565204105 
cv942_17082.txt pos neg:0.5453415121106876 pos:0.45465848788931235 
cv399_2877.txt pos pos:0.9108799746776218 neg:0.08912002532237823 
cv733_9839.txt pos pos:0.8312136312194937 neg:0.16878636878050643 
cv921_12747.txt pos pos:0.6506127701137951 neg:0.34938722988620485 
cv954_18628.txt pos pos:0.9049023350426129 neg:0.09509766495738715 
cv149_15670.txt pos neg:0.6715851248459785 pos:0.32841487515402157 
cv081_16582.txt pos pos:0.8748511945071766 neg:0.12514880549282337 
cv113_23102.txt pos pos:0.7792107315314146 neg:0.22078926846858546 
cv477_22479.txt pos pos:0.821695806814444 neg:0.17830419318555588 
cv744_10038.txt pos pos:0.6203511438327179 neg:0.37964885616728206 
cv501_11657.txt pos pos:0.8216972145696567 neg:0.17830278543034336 
cv747_16556.txt pos neg:0.5961470365981948 pos:0.4038529634018052 
cv268_18834.txt pos neg:0.7146527994951123 pos:0.2853472005048877 
cv489_17906.txt pos neg:0.8737781628007821 pos:0.12622183719921784 
cv540_3421.txt pos pos:0.8652262096573528 neg:0.13477379034264736 
cv442_13846.txt pos pos:0.8323060400052298 neg:0.16769395999477027 
cv757_10189.txt pos pos:0.9922702300306678 neg:0.007729769969332172 
cv843_15544.txt pos neg:0.5089570756780778 pos:0.49104292432192226 
cv441_13711.txt pos pos:0.8514123612429966 neg:0.14858763875700343 
cv900_10331.txt pos pos:0.9866225971250049 neg:0.013377402874995076 
cv500_10251.txt pos neg:0.7663231533208305 pos:0.23367684667916952 
cv714_18502.txt pos pos:0.9841907928365818 neg:0.015809207163418052 
cv001_18431.txt pos neg:0.9691228769281628 pos:0.030877123071837174 
cv537_12370.txt pos neg:0.6359325070944375 pos:0.3640674929055625 
cv858_18819.txt pos pos:0.8131522580730485 neg:0.18684774192695158 
cv278_13041.txt pos pos:0.9450145938116407 neg:0.05498540618835938 
cv032_22550.txt pos pos:0.9337020803971025 neg:0.0662979196028975 
cv217_28842.txt pos neg:0.6004320942561122 pos:0.39956790574388784 
cv017_22464.txt pos pos:0.9649758965334252 neg:0.0350241034665748 
cv321_12843.txt pos pos:0.6453249162970415 neg:0.3546750837029585 
cv068_13400.txt pos pos:0.5813891545676818 neg:0.4186108454323182 
cv123_11182.txt pos pos:0.9960664971530241 neg:0.003933502846975885 
cv251_22636.txt pos neg:0.883824903948677 pos:0.11617509605132303 
cv932_13401.txt pos neg:0.989201788264226 pos:0.010798211735774003 
cv614_10626.txt pos pos:0.6939774472315787 neg:0.3060225527684212 
cv792_3832.txt pos neg:0.7620500955408727 pos:0.23794990445912723 
cv671_5054.txt pos pos:0.8320824907029606 neg:0.16791750929703933 
cv440_15243.txt pos pos:0.88656159183373 neg:0.11343840816626997 
cv772_12119.txt pos neg:0.7302688430570737 pos:0.2697311569429263 
cv976_10267.txt pos pos:0.6228154511465561 neg:0.37718454885344377 
cv679_28559.txt pos neg:0.7098996339992971 pos:0.29010036600070294 
cv076_24945.txt pos pos:0.9845398697622509 neg:0.015460130237749094 
Trial 0 Trainer MaxEntTrainer,gaussianPriorVariance=1.0 Training Data Confusion Matrix
Confusion Matrix, row=true, column=predicted  accuracy=0.9461111111111111
  label   0   1  |total
  0 neg 870  30  |900
  1 pos  67 833  |900

Trial 0 Trainer MaxEntTrainer,gaussianPriorVariance=1.0 training data accuracy= 0.9461111111111111
Trial 0 Trainer MaxEntTrainer,gaussianPriorVariance=1.0 Test Data Confusion Matrix
Confusion Matrix, row=true, column=predicted  accuracy=0.645
  label   0   1  |total
  0 neg  62  38  |100
  1 pos  33  67  |100

Trial 0 Trainer MaxEntTrainer,gaussianPriorVariance=1.0 test data accuracy= 0.645

MaxEntTrainer,gaussianPriorVariance=1.0
Summary. train accuracy mean = 0.9461111111111111 stddev = 0.0 stderr = 0.0
Summary. test accuracy mean = 0.645 stddev = 0.0 stderr = 0.0
