
-------------------- Trial 0  --------------------

Trial 0 Training MaxEntTrainer,gaussianPriorVariance=1.0 with 1800 instances
Trial 0 Training MaxEntTrainer,gaussianPriorVariance=1.0 finished
Trial 0 Trainer MaxEntTrainer,gaussianPriorVariance=1.0
 Raw Testing Data
cv242_11354.txt neg neg:0.9248550814517406 pos:0.07514491854825951 
cv804_11763.txt neg neg:0.5650087559579183 pos:0.43499124404208167 
cv313_19337.txt neg neg:0.8439788515744361 pos:0.15602114842556394 
cv019_16117.txt neg neg:0.9290758899631918 pos:0.07092411003680822 
cv821_29283.txt neg pos:0.6167044581372827 neg:0.38329554186271725 
cv347_14722.txt neg neg:0.6975518447685541 pos:0.30244815523144586 
cv780_8467.txt neg neg:0.9111843973489302 pos:0.08881560265106969 
cv711_12687.txt neg neg:0.5857612145397224 pos:0.41423878546027765 
cv537_13516.txt neg neg:0.7214789257602778 pos:0.27852107423972217 
cv831_16325.txt neg neg:0.9540325157861184 pos:0.045967484213881596 
cv550_23226.txt neg neg:0.9742852750102532 pos:0.025714724989746772 
cv300_23302.txt neg neg:0.9553518932426932 pos:0.04464810675730675 
cv800_13494.txt neg neg:0.5582516009990567 pos:0.44174839900094337 
cv563_18610.txt neg neg:0.5779365030548295 pos:0.42206349694517054 
cv877_29132.txt neg pos:0.5057496387641773 neg:0.49425036123582256 
cv862_15924.txt neg pos:0.5709057139413671 neg:0.429094286058633 
cv595_26420.txt neg neg:0.9391925580515574 pos:0.06080744194844252 
cv599_22197.txt neg neg:0.9427411002035071 pos:0.057258899796492874 
cv688_7884.txt neg neg:0.7875036127210672 pos:0.21249638727893283 
cv129_18373.txt neg neg:0.5426750506589525 pos:0.4573249493410475 
cv994_13229.txt neg neg:0.9049249113117149 pos:0.095075088688285 
cv066_11668.txt neg pos:0.907299021624483 neg:0.09270097837551708 
cv434_5641.txt neg pos:0.7294200374543469 neg:0.27057996254565314 
cv923_11951.txt neg neg:0.9341046306660926 pos:0.06589536933390738 
cv845_15886.txt neg pos:0.7509253776706928 neg:0.24907462232930708 
cv310_14568.txt neg pos:0.6213397750492817 neg:0.3786602249507182 
cv928_9478.txt neg neg:0.9790398313960785 pos:0.020960168603921598 
cv172_12037.txt neg neg:0.5767913467657645 pos:0.42320865323423545 
cv503_11196.txt neg pos:0.9661436114868754 neg:0.033856388513124586 
cv255_15267.txt neg neg:0.6974788711325941 pos:0.30252112886740595 
cv491_12992.txt neg neg:0.7717461342713869 pos:0.22825386572861314 
cv060_11754.txt neg pos:0.5265989111980038 neg:0.4734010888019961 
cv344_5376.txt neg neg:0.5122081856811644 pos:0.4877918143188356 
cv837_27232.txt neg neg:0.5469281579976297 pos:0.4530718420023703 
cv997_5152.txt neg neg:0.571821657418657 pos:0.42817834258134296 
cv120_3793.txt neg pos:0.6160139185449744 neg:0.38398608145502544 
cv330_29675.txt neg neg:0.6261985602819531 pos:0.37380143971804697 
cv625_13518.txt neg neg:0.9184767191552662 pos:0.08152328084473374 
cv990_12443.txt neg neg:0.9034270951821963 pos:0.0965729048178037 
cv357_14710.txt neg pos:0.530641318228213 neg:0.469358681771787 
cv182_7791.txt neg neg:0.7797652531809041 pos:0.22023474681909594 
cv724_15265.txt neg pos:0.5150876595661248 neg:0.4849123404338752 
cv429_7937.txt neg neg:0.810271878225834 pos:0.18972812177416593 
cv077_23172.txt neg neg:0.9028127140432185 pos:0.09718728595678153 
cv285_18186.txt neg neg:0.7579341534174349 pos:0.24206584658256508 
cv104_19176.txt neg neg:0.6520870728926814 pos:0.34791292710731864 
cv958_13020.txt neg pos:0.5623062117023303 neg:0.43769378829766964 
cv987_7394.txt neg neg:0.9717102547351906 pos:0.028289745264809502 
cv250_26462.txt neg pos:0.797286777950927 neg:0.20271322204907305 
cv411_16799.txt neg neg:0.8147281893065211 pos:0.18527181069347887 
cv298_24487.txt neg neg:0.5115845716966829 pos:0.4884154283033172 
cv824_9335.txt neg neg:0.5299201553075539 pos:0.4700798446924461 
cv053_23117.txt neg neg:0.9833454532562639 pos:0.016654546743735996 
cv659_21483.txt neg neg:0.8931812374714688 pos:0.10681876252853106 
cv751_17208.txt neg neg:0.7508786634816016 pos:0.2491213365183985 
cv665_29386.txt neg neg:0.7007011726128598 pos:0.29929882738714014 
cv180_17823.txt neg neg:0.636553870514072 pos:0.363446129485928 
cv920_29423.txt neg neg:0.666457644209553 pos:0.33354235579044705 
cv149_17084.txt neg neg:0.6651894434090141 pos:0.3348105565909858 
cv898_1576.txt neg neg:0.9443898454473126 pos:0.05561015455268742 
cv025_29825.txt neg neg:0.5879856383484255 pos:0.4120143616515745 
cv290_11981.txt neg neg:0.7926144902592245 pos:0.20738550974077552 
cv134_23300.txt neg pos:0.670406862873663 neg:0.329593137126337 
cv931_18783.txt neg neg:0.5598145644697861 pos:0.44018543553021405 
cv527_10338.txt neg pos:0.7154996848732483 neg:0.2845003151267518 
cv261_11855.txt neg pos:0.5714563876891845 neg:0.4285436123108155 
cv233_17614.txt neg neg:0.6122859702851194 pos:0.38771402971488056 
cv082_11979.txt neg pos:0.7677436360836347 neg:0.23225636391636523 
cv410_25624.txt neg neg:0.5111702889763236 pos:0.4888297110236765 
cv191_29539.txt neg neg:0.8073630087507089 pos:0.192636991249291 
cv225_29083.txt neg neg:0.7887227659523324 pos:0.21127723404766763 
cv894_22140.txt neg pos:0.5145122952502356 neg:0.4854877047497645 
cv094_27868.txt neg pos:0.6352045505199492 neg:0.3647954494800508 
cv401_13758.txt neg neg:0.6860979081213483 pos:0.3139020918786516 
cv951_11816.txt neg neg:0.8831224070210417 pos:0.11687759297895835 
cv044_18429.txt neg neg:0.6463032803173451 pos:0.35369671968265487 
cv118_28837.txt neg neg:0.9624371534680404 pos:0.03756284653195953 
cv588_14467.txt neg neg:0.9663028046047042 pos:0.033697195395295865 
cv141_17179.txt neg neg:0.9904017772994574 pos:0.009598222700542471 
cv256_16529.txt neg neg:0.7743387223874224 pos:0.2256612776125776 
cv286_26156.txt neg neg:0.7829675861381711 pos:0.21703241386182892 
cv564_12011.txt neg neg:0.8913035204842733 pos:0.10869647951572677 
cv096_12262.txt neg neg:0.9334977592932094 pos:0.06650224070679053 
cv540_3092.txt neg pos:0.8614855079380409 neg:0.13851449206195904 
cv020_9234.txt neg neg:0.9340010950497728 pos:0.06599890495022728 
cv493_14135.txt neg neg:0.5626088384101863 pos:0.4373911615898136 
cv015_29356.txt neg neg:0.9909542611186487 pos:0.009045738881351286 
cv397_28890.txt neg neg:0.8533535311263603 pos:0.1466464688736397 
cv736_24947.txt neg neg:0.9507154604752434 pos:0.04928453952475665 
cv198_19313.txt neg neg:0.8915687009703921 pos:0.10843129902960784 
cv915_9342.txt neg neg:0.9084140643623936 pos:0.09158593563760646 
cv456_20370.txt neg pos:0.5517758170230227 neg:0.4482241829769773 
cv448_16409.txt neg neg:0.5261620429691198 pos:0.4738379570308801 
cv391_11615.txt neg neg:0.9914655050274327 pos:0.008534494972567383 
cv033_25680.txt neg neg:0.7870843002031079 pos:0.21291569979689207 
cv301_13010.txt neg neg:0.5070515226606965 pos:0.49294847733930347 
cv127_16451.txt neg pos:0.7356431932630912 neg:0.2643568067369088 
cv359_6751.txt neg neg:0.6566078122484399 pos:0.34339218775156005 
cv578_16825.txt neg neg:0.5960420158431393 pos:0.40395798415686063 
cv633_29730.txt neg pos:0.9135435175725284 neg:0.0864564824274715 
cv709_10529.txt pos neg:0.6335280765265194 pos:0.3664719234734805 
cv510_23360.txt pos pos:0.7035308842153386 neg:0.29646911578466134 
cv235_10217.txt pos pos:0.7578161320654089 neg:0.24218386793459107 
cv362_15341.txt pos pos:0.7229385304954056 neg:0.2770614695045945 
cv103_11021.txt pos neg:0.932308340920084 pos:0.06769165907991594 
cv697_11162.txt pos pos:0.9600610088636329 neg:0.03993899113636713 
cv795_10122.txt pos pos:0.73718378795398 neg:0.26281621204601996 
cv871_24888.txt pos pos:0.5830610902752414 neg:0.4169389097247586 
cv636_15279.txt pos pos:0.7549821181613899 neg:0.24501788183861012 
cv294_11684.txt pos pos:0.9398168844002819 neg:0.06018311559971807 
cv745_12773.txt pos pos:0.9033705535553157 neg:0.09662944644468428 
cv557_11449.txt pos pos:0.9879637758155403 neg:0.012036224184459775 
cv248_13987.txt pos pos:0.8050799788886542 neg:0.1949200211113457 
cv454_2053.txt pos pos:0.6487874680637492 neg:0.35121253193625085 
cv468_15228.txt pos pos:0.8573016946606428 neg:0.14269830533935732 
cv464_15650.txt pos neg:0.7753382299786161 pos:0.22466177002138388 
cv816_13655.txt pos pos:0.7858478250738089 neg:0.21415217492619112 
cv856_29013.txt pos neg:0.6993904248749768 pos:0.30060957512502323 
cv596_28311.txt pos pos:0.9975762862282045 neg:0.002423713771795443 
cv848_10036.txt pos pos:0.5468554073469615 neg:0.4531445926530385 
cv050_11175.txt pos neg:0.6532120780827446 pos:0.3467879219172553 
cv819_9364.txt pos pos:0.9966444366337897 neg:0.00335556336621035 
cv635_10022.txt pos pos:0.7429430990098618 neg:0.25705690099013817 
cv943_22488.txt pos neg:0.5572024545790191 pos:0.442797545420981 
cv018_20137.txt pos pos:0.5206291954171741 neg:0.4793708045828258 
cv416_11136.txt pos pos:0.5526918428532752 neg:0.4473081571467248 
cv572_18657.txt pos pos:0.9496087136136905 neg:0.05039128638630943 
cv026_29325.txt pos neg:0.6268865948308373 pos:0.3731134051691628 
cv724_13681.txt pos pos:0.8654581168208645 neg:0.13454188317913546 
cv147_21193.txt pos pos:0.9770271793615133 neg:0.022972820638486855 
cv534_14083.txt pos pos:0.5241467445742927 neg:0.4758532554257072 
cv061_8837.txt pos pos:0.8609104851440598 neg:0.13908951485594026 
cv444_9974.txt pos neg:0.5609290981356214 pos:0.4390709018643787 
cv594_11039.txt pos pos:0.5355246600543435 neg:0.46447533994565654 
cv407_22637.txt pos neg:0.6370933378755875 pos:0.36290666212441247 
cv813_6534.txt pos pos:0.7680486659492123 neg:0.23195133405078766 
cv196_29027.txt pos neg:0.8475965652837194 pos:0.15240343471628062 
cv258_5792.txt pos pos:0.739592567560079 neg:0.26040743243992104 
cv400_19220.txt pos neg:0.8813616406194914 pos:0.11863835938050873 
cv742_7751.txt pos pos:0.5821452377258883 neg:0.41785476227411167 
cv621_14368.txt pos pos:0.968185839978919 neg:0.03181416002108101 
cv971_10874.txt pos neg:0.5352848763199771 pos:0.4647151236800229 
cv860_13853.txt pos pos:0.5892529941730141 neg:0.4107470058269859 
cv545_12014.txt pos pos:0.9624070486130778 neg:0.037592951386922195 
cv209_29118.txt pos neg:0.5584436884613685 pos:0.4415563115386315 
cv356_25163.txt pos pos:0.9683151262941124 neg:0.03168487370588766 
cv450_7890.txt pos neg:0.5645512837026188 pos:0.4354487162973812 
cv622_8147.txt pos neg:0.6025595347238082 pos:0.3974404652761917 
cv590_19290.txt pos neg:0.812024620230777 pos:0.18797537976922304 
cv306_10364.txt pos pos:0.9104263457954707 neg:0.08957365420452934 
cv723_8648.txt pos neg:0.6874426286063559 pos:0.3125573713936442 
cv514_11187.txt pos neg:0.6163363404333664 pos:0.38366365956663373 
cv457_18453.txt pos pos:0.9940981710756704 neg:0.005901828924329472 
cv263_19259.txt pos pos:0.7229156021909571 neg:0.277084397809043 
cv597_26360.txt pos pos:0.9987928085200464 neg:0.0012071914799535574 
cv779_17881.txt pos pos:0.9772494882517202 neg:0.02275051174827982 
cv184_2673.txt pos neg:0.7105141782732995 pos:0.2894858217267004 
cv233_15964.txt pos pos:0.9843089911042897 neg:0.015691008895710356 
cv342_19456.txt pos pos:0.909673851330674 neg:0.09032614866932602 
cv335_14665.txt pos pos:0.6051213860447429 neg:0.3948786139552571 
cv242_10638.txt pos neg:0.7794036520252525 pos:0.22059634797474756 
cv993_29737.txt pos neg:0.6475617893723778 pos:0.3524382106276221 
cv391_10802.txt pos neg:0.8619766417975611 pos:0.13802335820243888 
cv882_10026.txt pos neg:0.7562248719150131 pos:0.24377512808498683 
cv410_24266.txt pos pos:0.5372953846738543 neg:0.46270461532614576 
cv476_16856.txt pos pos:0.5460362825313232 neg:0.45396371746867686 
cv604_2230.txt pos pos:0.7861572527751365 neg:0.21384274722486354 
cv299_16214.txt pos neg:0.9603624254757039 pos:0.03963757452429606 
cv133_16336.txt pos neg:0.6720227844477895 pos:0.3279772155522105 
cv933_23776.txt pos pos:0.9588693783764121 neg:0.04113062162358796 
cv629_14909.txt pos pos:0.8236496713232347 neg:0.17635032867676523 
cv447_27332.txt pos pos:0.9313851579549248 neg:0.06861484204507526 
cv693_18063.txt pos pos:0.8130093882717538 neg:0.1869906117282462 
cv674_10732.txt pos pos:0.9830345862792662 neg:0.016965413720733756 
cv996_11592.txt pos pos:0.592743642876278 neg:0.407256357123722 
cv573_29525.txt pos pos:0.8765907257624657 neg:0.12340927423753437 
cv365_11576.txt pos neg:0.906430072376278 pos:0.09356992762372192 
cv155_7308.txt pos pos:0.8569697602086537 neg:0.14303023979134627 
cv327_20292.txt pos pos:0.9933084074306153 neg:0.0066915925693847005 
cv089_11418.txt pos neg:0.6025226744433495 pos:0.3974773255566504 
cv303_27520.txt pos neg:0.7028169065162133 pos:0.29718309348378663 
cv097_24970.txt pos pos:0.9045270465676075 neg:0.09547295343239244 
cv666_18963.txt pos pos:0.9963804456763383 neg:0.0036195543236616588 
cv607_7717.txt pos neg:0.605206598302786 pos:0.39479340169721394 
cv283_11055.txt pos pos:0.6550638127515013 neg:0.34493618724849867 
cv292_7282.txt pos neg:0.648116571164703 pos:0.35188342883529694 
cv343_10368.txt pos neg:0.7803428398536416 pos:0.2196571601463584 
cv533_9821.txt pos neg:0.8809672877486822 pos:0.11903271225131784 
cv250_25616.txt pos pos:0.9864202418999946 neg:0.013579758100005467 
cv438_8043.txt pos neg:0.8962722643762746 pos:0.10372773562372534 
cv287_15900.txt pos neg:0.7364861724870635 pos:0.26351382751293645 
cv470_15952.txt pos pos:0.9884061570190291 neg:0.011593842980970843 
cv869_23611.txt pos pos:0.9948879374956547 neg:0.0051120625043452345 
cv043_15013.txt pos neg:0.665006776293056 pos:0.33499322370694384 
cv086_18371.txt pos pos:0.995542843431692 neg:0.004457156568307976 
cv828_19831.txt pos neg:0.7957514711039771 pos:0.2042485288960229 
cv516_11172.txt pos neg:0.9776964518639459 pos:0.02230354813605395 
cv491_12145.txt pos neg:0.5822092749996319 pos:0.41779072500036807 
cv044_16969.txt pos pos:0.8218238230197846 neg:0.17817617698021548 
cv048_16828.txt pos pos:0.7806655321964682 neg:0.2193344678035318 
Trial 0 Trainer MaxEntTrainer,gaussianPriorVariance=1.0 Training Data Confusion Matrix
Confusion Matrix, row=true, column=predicted  accuracy=0.9438888888888889
  label   0   1  |total
  0 neg 870  30  |900
  1 pos  71 829  |900

Trial 0 Trainer MaxEntTrainer,gaussianPriorVariance=1.0 training data accuracy= 0.9438888888888889
Trial 0 Trainer MaxEntTrainer,gaussianPriorVariance=1.0 Test Data Confusion Matrix
Confusion Matrix, row=true, column=predicted  accuracy=0.69
  label   0   1  |total
  0 neg  76  24  |100
  1 pos  38  62  |100

Trial 0 Trainer MaxEntTrainer,gaussianPriorVariance=1.0 test data accuracy= 0.69

MaxEntTrainer,gaussianPriorVariance=1.0
Summary. train accuracy mean = 0.9438888888888889 stddev = 0.0 stderr = 0.0
Summary. test accuracy mean = 0.69 stddev = 0.0 stderr = 0.0
