
-------------------- Trial 0  --------------------

Trial 0 Training MaxEntTrainer,gaussianPriorVariance=1.0 with 1800 instances
Trial 0 Training MaxEntTrainer,gaussianPriorVariance=1.0 finished
Trial 0 Trainer MaxEntTrainer,gaussianPriorVariance=1.0
 Raw Testing Data
cv829_21725.txt neg neg:0.9815394700591814 pos:0.01846052994081856 
cv128_29444.txt neg neg:0.6875990393953518 pos:0.3124009606046483 
cv341_25667.txt neg neg:0.8304433793217182 pos:0.1695566206782817 
cv192_16079.txt neg neg:0.5314987554367113 pos:0.4685012445632887 
cv510_24758.txt neg neg:0.8156172753178565 pos:0.18438272468214342 
cv695_22268.txt neg neg:0.5012750104898508 pos:0.49872498951014915 
cv767_15673.txt neg neg:0.8358965561921177 pos:0.16410344380788236 
cv490_18986.txt neg neg:0.5632116159938548 pos:0.4367883840061452 
cv697_12106.txt neg pos:0.7564662636145811 neg:0.2435337363854189 
cv398_17047.txt neg neg:0.5362410048330282 pos:0.4637589951669718 
cv409_29625.txt neg pos:0.9302468936916549 neg:0.06975310630834512 
cv147_22625.txt neg pos:0.6760850229818283 neg:0.3239149770181718 
cv839_22807.txt neg neg:0.8526215481394764 pos:0.14737845186052348 
cv787_15277.txt neg neg:0.9933643396846299 pos:0.006635660315370147 
cv593_11931.txt neg neg:0.8415115961289682 pos:0.1584884038710318 
cv590_20712.txt neg pos:0.5996400983211124 neg:0.4003599016788875 
cv870_18090.txt neg neg:0.7795798888988844 pos:0.2204201111011156 
cv057_7962.txt neg neg:0.615593261926478 pos:0.38440673807352194 
cv753_11812.txt neg neg:0.6875059717939594 pos:0.31249402820604066 
cv292_7804.txt neg neg:0.8683739894797594 pos:0.13162601052024062 
cv637_13682.txt neg neg:0.8173286664490558 pos:0.18267133355094414 
cv027_26270.txt neg neg:0.9568364029092494 pos:0.04316359709075055 
cv589_12853.txt neg neg:0.883789334323335 pos:0.11621066567666512 
cv212_10054.txt neg neg:0.9991573134282126 pos:8.426865717874907E-4 
cv693_19147.txt neg pos:0.8964136500974719 neg:0.10358634990252803 
cv528_11669.txt neg pos:0.7117352247386594 neg:0.2882647752613407 
cv009_29417.txt neg neg:0.9451012044848313 pos:0.05489879551516871 
cv778_18629.txt neg pos:0.5634281182121889 neg:0.4365718817878112 
cv717_17472.txt neg neg:0.9864001074205073 pos:0.013599892579492703 
cv828_21392.txt neg neg:0.667319667351948 pos:0.3326803326480519 
cv280_8651.txt neg neg:0.9143819576468858 pos:0.08561804235311415 
cv067_21192.txt neg neg:0.8889249626241197 pos:0.11107503737588036 
cv272_20313.txt neg neg:0.8175637526629214 pos:0.18243624733707858 
cv925_9459.txt neg neg:0.8263245980358433 pos:0.17367540196415665 
cv412_25254.txt neg neg:0.9879436400588202 pos:0.012056359941179791 
cv616_29187.txt neg pos:0.5135933390497954 neg:0.4864066609502046 
cv041_22364.txt neg pos:0.5752005473518368 neg:0.4247994526481631 
cv934_20426.txt neg neg:0.5275860508468514 pos:0.4724139491531486 
cv122_7891.txt neg neg:0.9986902496608292 pos:0.0013097503391708652 
cv249_12674.txt neg pos:0.87628095903566 neg:0.1237190409643401 
cv888_25678.txt neg neg:0.8273830648763392 pos:0.17261693512366091 
cv262_13812.txt neg neg:0.5951376598437573 pos:0.4048623401562426 
cv294_12695.txt neg pos:0.5075432301522386 neg:0.49245676984776143 
cv403_6721.txt neg neg:0.7766249018907945 pos:0.22337509810920553 
cv306_10859.txt neg neg:0.8394150039741802 pos:0.16058499602581977 
cv159_29374.txt neg neg:0.7034218633162473 pos:0.29657813668375266 
cv023_13847.txt neg pos:0.9945329146060019 neg:0.005467085393998034 
cv685_5710.txt neg neg:0.8402271943040376 pos:0.1597728056959625 
cv512_17618.txt neg neg:0.7116392752960602 pos:0.2883607247039397 
cv639_10797.txt neg pos:0.791291887392875 neg:0.20870811260712502 
cv243_22164.txt neg neg:0.939879374593562 pos:0.06012062540643811 
cv653_2107.txt neg neg:0.5642862718435638 pos:0.4357137281564362 
cv485_26879.txt neg neg:0.7938848981694492 pos:0.20611510183055076 
cv068_14810.txt neg pos:0.8632762104872759 neg:0.13672378951272407 
cv404_21805.txt neg neg:0.5598291449144721 pos:0.440170855085528 
cv113_24354.txt neg neg:0.6900000578488246 pos:0.30999994215117543 
cv597_26744.txt neg neg:0.925486165118109 pos:0.07451383488189109 
cv266_26644.txt neg neg:0.625348792248393 pos:0.374651207751607 
cv455_28866.txt neg pos:0.7567469102569576 neg:0.2432530897430424 
cv440_16891.txt neg neg:0.6403580629142483 pos:0.3596419370857516 
cv506_17521.txt neg neg:0.5754321390858352 pos:0.4245678609141647 
cv032_23718.txt neg neg:0.8101256752739857 pos:0.18987432472601426 
cv055_8926.txt neg neg:0.5368112634684395 pos:0.46318873653156045 
cv971_11790.txt neg pos:0.5968950823984513 neg:0.4031049176015487 
cv179_9533.txt neg pos:0.5849444899819909 neg:0.415055510018009 
cv893_26731.txt neg neg:0.9881845837838538 pos:0.011815416216146271 
cv042_11927.txt neg neg:0.6307382601669143 pos:0.3692617398330858 
cv989_17297.txt neg pos:0.5595115823862622 neg:0.4404884176137378 
cv003_12683.txt neg neg:0.5064388676477494 pos:0.4935611323522506 
cv857_17527.txt neg neg:0.5485382079619158 pos:0.4514617920380843 
cv606_17672.txt neg neg:0.5727039359722288 pos:0.42729606402777115 
cv797_7245.txt neg neg:0.5062362105193753 pos:0.49376378948062477 
cv866_29447.txt neg neg:0.6494322736657678 pos:0.3505677263342321 
cv125_9636.txt neg neg:0.5173576334139169 pos:0.482642366586083 
cv086_19488.txt neg neg:0.5158842723169805 pos:0.48411572768301947 
cv605_12730.txt neg pos:0.7763758350987607 neg:0.22362416490123932 
cv941_10718.txt neg neg:0.5501290358813783 pos:0.44987096411862165 
cv193_5393.txt neg neg:0.7066816759295464 pos:0.29331832407045344 
cv184_26935.txt neg neg:0.8561723283422099 pos:0.14382767165778998 
cv045_25077.txt neg neg:0.8258576879048655 pos:0.17414231209513456 
cv914_2856.txt neg neg:0.5879238286492575 pos:0.4120761713507424 
cv630_10152.txt neg neg:0.9650129069184957 pos:0.03498709308150423 
cv239_29828.txt neg pos:0.5278161274353902 neg:0.47218387256460975 
cv336_10363.txt neg neg:0.6759318086948602 pos:0.32406819130513964 
cv372_6654.txt neg pos:0.5164319974961727 neg:0.48356800250382725 
cv204_8930.txt neg neg:0.8404362568841657 pos:0.1595637431158343 
cv395_11761.txt neg neg:0.6542835767609164 pos:0.3457164232390835 
cv815_23466.txt neg pos:0.5062042928484778 neg:0.49379570715152227 
cv520_13297.txt neg neg:0.9298245244627189 pos:0.07017547553728112 
cv651_11120.txt neg neg:0.7271651815905542 pos:0.27283481840944573 
cv508_17742.txt neg neg:0.5865390171112254 pos:0.4134609828887746 
cv079_12766.txt neg neg:0.9821357671053503 pos:0.017864232894649713 
cv752_25330.txt neg neg:0.6781761361419829 pos:0.32182386385801703 
cv629_16604.txt neg pos:0.5799186286931662 neg:0.4200813713068338 
cv556_16563.txt neg neg:0.6738614077203701 pos:0.3261385922796299 
cv907_3193.txt neg pos:0.834471343674819 neg:0.16552865632518093 
cv977_4776.txt neg neg:0.7255779877358854 pos:0.2744220122641146 
cv776_21934.txt neg pos:0.8783830271980059 neg:0.1216169728019941 
cv080_14899.txt neg pos:0.812517191974653 neg:0.1874828080253471 
cv074_7188.txt neg neg:0.8350453498045814 pos:0.1649546501954185 
cv598_16452.txt pos neg:0.8213132428020593 pos:0.17868675719794072 
cv412_24095.txt pos pos:0.5463761715258895 neg:0.45362382847411054 
cv351_15458.txt pos pos:0.6025851841929324 neg:0.3974148158070677 
cv641_12349.txt pos pos:0.6184603509389173 neg:0.3815396490610827 
cv798_23531.txt pos neg:0.9732380489306822 pos:0.026761951069317714 
cv524_23627.txt pos neg:0.5130829184686542 pos:0.48691708153134583 
cv626_7410.txt pos neg:0.8849938808173156 pos:0.11500611918268447 
cv688_7368.txt pos pos:0.6913595830441008 neg:0.3086404169558991 
cv152_8736.txt pos neg:0.7018486035382044 pos:0.2981513964617956 
cv784_14394.txt pos neg:0.6386467164198224 pos:0.36135328358017754 
cv162_10424.txt pos neg:0.627873915830967 pos:0.37212608416903303 
cv284_19119.txt pos pos:0.7562568509414879 neg:0.24374314905851216 
cv206_14293.txt pos pos:0.988268165667863 neg:0.011731834332136922 
cv288_18791.txt pos neg:0.591757779084416 pos:0.4082422209155841 
cv731_4136.txt pos pos:0.8994957993459279 neg:0.10050420065407203 
cv090_0042.txt pos pos:0.7135148109570801 neg:0.28648518904291975 
cv377_7946.txt pos pos:0.9949972266560495 neg:0.005002773343950591 
cv238_12931.txt pos pos:0.6717151627990731 neg:0.328284837200927 
cv110_27788.txt pos neg:0.9612304114422346 pos:0.03876958855776537 
cv005_29443.txt pos pos:0.8244448002295327 neg:0.1755551997704673 
cv443_21118.txt pos neg:0.5370786100722569 pos:0.4629213899277431 
cv276_15684.txt pos pos:0.5786064484372078 neg:0.42139355156279223 
cv369_12886.txt pos pos:0.8205647731598009 neg:0.1794352268401991 
cv640_5378.txt pos neg:0.5540092044151188 pos:0.44599079558488114 
cv311_16002.txt pos pos:0.5526791615347308 neg:0.44732083846526915 
cv218_24352.txt pos neg:0.5019994601653135 pos:0.49800053983468645 
cv392_11458.txt pos neg:0.5218919086784191 pos:0.4781080913215809 
cv543_5045.txt pos pos:0.709127675305422 neg:0.2908723246945779 
cv225_29224.txt pos pos:0.8416146513915873 neg:0.15838534860841266 
cv118_28980.txt pos neg:0.6579048361755843 pos:0.3420951638244157 
cv876_9390.txt pos neg:0.5589014674176572 pos:0.44109853258234283 
cv764_11739.txt pos neg:0.817571085362352 pos:0.1824289146376479 
cv987_6965.txt pos pos:0.5800318177664878 neg:0.4199681822335121 
cv914_28742.txt pos neg:0.5865390171112254 pos:0.4134609828887746 
cv569_26381.txt pos pos:0.9154803309582201 neg:0.08451966904177988 
cv329_29370.txt pos neg:0.5461409466388396 pos:0.4538590533611604 
cv109_21172.txt pos neg:0.9480723205669 pos:0.05192767943309986 
cv257_10975.txt pos pos:0.8033632084154124 neg:0.1966367915845877 
cv787_13743.txt pos pos:0.8504502718536469 neg:0.14954972814635314 
cv282_6653.txt pos pos:0.7562387510901728 neg:0.24376124890982714 
cv479_5649.txt pos pos:0.6161768970101681 neg:0.38382310298983197 
cv751_15719.txt pos pos:0.9852056455377476 neg:0.014794354462252461 
cv199_9629.txt pos pos:0.9884853100173338 neg:0.011514689982666197 
cv810_12458.txt pos pos:0.9764415412022761 neg:0.023558458797723846 
cv326_13295.txt pos neg:0.6899926622068772 pos:0.31000733779312284 
cv381_20172.txt pos pos:0.7360375713395261 neg:0.2639624286604739 
cv570_29082.txt pos pos:0.779404517986701 neg:0.22059548201329904 
cv445_25882.txt pos pos:0.9045065731818177 neg:0.09549342681818243 
cv803_8207.txt pos pos:0.9715882470969444 neg:0.028411752903055656 
cv355_16413.txt pos pos:0.9929533624276295 neg:0.0070466375723703895 
cv366_10221.txt pos neg:0.560465241139665 pos:0.43953475886033494 
cv752_24155.txt pos pos:0.9068849273696985 neg:0.09311507263030157 
cv726_4719.txt pos pos:0.7540741447566888 neg:0.24592585524331126 
cv748_12786.txt pos pos:0.5373616969658458 neg:0.46263830303415426 
cv702_11500.txt pos pos:0.6139771885807928 neg:0.3860228114192073 
cv781_5262.txt pos pos:0.5101799943007744 neg:0.48982000569922557 
cv507_9220.txt pos neg:0.9442229226271355 pos:0.05577707737286463 
cv849_15729.txt pos pos:0.711706941763996 neg:0.28829305823600404 
cv978_20929.txt pos neg:0.9255904380090035 pos:0.0744095619909964 
cv158_10390.txt pos pos:0.9830901474101891 neg:0.016909852589810967 
cv826_11834.txt pos pos:0.6253220121659604 neg:0.3746779878340396 
cv675_21588.txt pos pos:0.550505535925022 neg:0.449494464074978 
cv328_10373.txt pos pos:0.9926337583352214 neg:0.007366241664778578 
cv618_8974.txt pos pos:0.6363372997583571 neg:0.36366270024164293 
cv546_11767.txt pos pos:0.8752462449181732 neg:0.12475375508182686 
cv462_19350.txt pos pos:0.8369734367744287 neg:0.16302656322557124 
cv560_17175.txt pos pos:0.887893059792281 neg:0.11210694020771911 
cv926_17059.txt pos pos:0.5015108133377181 neg:0.49848918666228187 
cv039_6170.txt pos pos:0.6650924008901717 neg:0.3349075991098282 
cv435_23110.txt pos neg:0.5477374745053185 pos:0.45226252549468143 
cv529_10420.txt pos pos:0.593098365628469 neg:0.406901634371531 
cv419_13394.txt pos neg:0.7118401381239701 pos:0.2881598618760299 
cv094_27889.txt pos neg:0.793722726547411 pos:0.20627727345258898 
cv817_4041.txt pos neg:0.7855506628626141 pos:0.21444933713738584 
cv004_11636.txt pos neg:0.7342124823387922 pos:0.26578751766120784 
cv432_14224.txt pos neg:0.7537354987799754 pos:0.24626450122002463 
cv201_6997.txt pos pos:0.6846434192010256 neg:0.31535658079897444 
cv684_11798.txt pos pos:0.9936476569899327 neg:0.006352343010067298 
cv656_24201.txt pos pos:0.7008816127370883 neg:0.2991183872629118 
cv037_18510.txt pos pos:0.6317350234416026 neg:0.3682649765583974 
cv824_8838.txt pos neg:0.5221467152290704 pos:0.47785328477092953 
cv901_11017.txt pos neg:0.8435367020258868 pos:0.15646329797411318 
cv910_20488.txt pos neg:0.7037600976225126 pos:0.29623990237748754 
cv563_17257.txt pos pos:0.686060637003196 neg:0.313939362996804 
cv578_15094.txt pos neg:0.5760557904703502 pos:0.42394420952964984 
cv261_10954.txt pos pos:0.9308986948635456 neg:0.06910130513645453 
cv271_13837.txt pos pos:0.6363913006823119 neg:0.36360869931768813 
cv139_12873.txt pos neg:0.8293448043492287 pos:0.17065519565077128 
cv953_6836.txt pos pos:0.917464948860581 neg:0.08253505113941895 
cv505_12090.txt pos pos:0.9886150533441318 neg:0.011384946655868176 
cv022_12864.txt pos neg:0.6648400987354017 pos:0.3351599012645984 
cv937_9811.txt pos neg:0.7011514869947562 pos:0.2988485130052439 
cv459_20319.txt pos pos:0.6192416388004539 neg:0.3807583611995461 
cv610_2287.txt pos neg:0.8521603520852635 pos:0.14783964791473658 
cv644_17154.txt pos pos:0.8448159381621552 neg:0.1551840618378447 
cv144_5007.txt pos neg:0.6235032834977072 pos:0.37649671650229266 
cv337_29181.txt pos pos:0.7764228796497737 neg:0.22357712035022625 
cv274_25253.txt pos pos:0.9826862249932303 neg:0.0173137750067696 
cv364_12901.txt pos pos:0.8449012290621838 neg:0.1550987709378163 
cv182_7281.txt pos pos:0.6391316241325976 neg:0.3608683758674025 
Trial 0 Trainer MaxEntTrainer,gaussianPriorVariance=1.0 Training Data Confusion Matrix
Confusion Matrix, row=true, column=predicted  accuracy=0.9411111111111111
  label   0   1  |total
  0 neg 864  36  |900
  1 pos  70 830  |900

Trial 0 Trainer MaxEntTrainer,gaussianPriorVariance=1.0 training data accuracy= 0.9411111111111111
Trial 0 Trainer MaxEntTrainer,gaussianPriorVariance=1.0 Test Data Confusion Matrix
Confusion Matrix, row=true, column=predicted  accuracy=0.68
  label   0   1  |total
  0 neg  74  26  |100
  1 pos  38  62  |100

Trial 0 Trainer MaxEntTrainer,gaussianPriorVariance=1.0 test data accuracy= 0.68

MaxEntTrainer,gaussianPriorVariance=1.0
Summary. train accuracy mean = 0.9411111111111111 stddev = 0.0 stderr = 0.0
Summary. test accuracy mean = 0.68 stddev = 0.0 stderr = 0.0
