
-------------------- Trial 0  --------------------

Trial 0 Training NaiveBayesTrainer with 1800 instances
Trial 0 Training NaiveBayesTrainer finished
Trial 0 Trainer NaiveBayesTrainer
 Raw Testing Data
cv295_17060.txt neg pos:0.5566967803704568 neg:0.4433032196295431 
cv010_29063.txt neg neg:0.7508245976517731 pos:0.24917540234822688 
cv581_20790.txt neg neg:0.9973933984598085 pos:0.0026066015401915465 
cv683_13047.txt neg neg:0.9196390443547124 pos:0.08036095564528757 
cv137_17020.txt neg pos:0.5683164731111429 neg:0.43168352688885714 
cv687_22207.txt neg neg:0.9696183700433972 pos:0.03038162995660283 
cv719_5581.txt neg neg:0.8137940869023992 pos:0.1862059130976007 
cv396_19127.txt neg pos:0.592051327168769 neg:0.407948672831231 
cv733_9891.txt neg pos:0.6904670916949744 neg:0.30953290830502556 
cv664_4264.txt neg neg:0.8358307184051306 pos:0.16416928159486932 
cv166_11959.txt neg neg:0.9661216701941493 pos:0.033878329805850795 
cv282_6833.txt neg neg:0.5998150480641685 pos:0.40018495193583153 
cv065_16909.txt neg neg:0.6952622660263408 pos:0.3047377339736592 
cv516_12117.txt neg neg:0.6694375598140844 pos:0.3305624401859156 
cv577_28220.txt neg neg:0.8826274627622988 pos:0.11737253723770114 
cv098_17021.txt neg neg:0.8732439280125954 pos:0.12675607198740443 
cv812_19051.txt neg neg:0.9693217144919286 pos:0.03067828550807141 
cv085_15286.txt neg neg:0.8037360896514251 pos:0.19626391034857493 
cv043_16808.txt neg neg:0.5293452330046665 pos:0.47065476699533354 
cv715_19246.txt neg neg:0.9783614643206608 pos:0.02163853567933917 
cv594_11945.txt neg pos:0.618331543352211 neg:0.38166845664778903 
cv100_12406.txt neg neg:0.6708594964519277 pos:0.32914050354807245 
cv930_14949.txt neg neg:0.9661749907276218 pos:0.0338250092723781 
cv348_19207.txt neg neg:0.9866313551525904 pos:0.013368644847409716 
cv691_5090.txt neg neg:0.9996670570664363 pos:3.3294293356368043E-4 
cv315_12638.txt neg neg:0.9916822738396972 pos:0.008317726160302723 
cv729_10475.txt neg neg:0.9794471305041215 pos:0.020552869495878527 
cv529_10972.txt neg pos:0.9671292899889133 neg:0.03287071001108667 
cv452_5179.txt neg pos:0.794960067703952 neg:0.20503993229604803 
cv445_26683.txt neg neg:0.5396198487042104 pos:0.4603801512957896 
cv487_11058.txt neg pos:0.9944700901416508 neg:0.005529909858349209 
cv340_14776.txt neg neg:0.7036218245117778 pos:0.29637817548822226 
cv903_18981.txt neg pos:0.7638917226575206 neg:0.23610827734247952 
cv680_10533.txt neg neg:0.968367569796506 pos:0.031632430203493905 
cv998_15691.txt neg neg:0.9582452525528001 pos:0.0417547474471999 
cv268_20288.txt neg neg:0.7729617465569237 pos:0.22703825344307624 
cv825_5168.txt neg neg:0.8324660722723398 pos:0.1675339277276602 
cv037_19798.txt neg neg:0.9502650638447655 pos:0.049734936155234576 
cv346_19198.txt neg neg:0.9321159467500869 pos:0.06788405324991305 
cv775_17966.txt neg pos:0.6076659759621178 neg:0.39233402403788215 
cv530_17949.txt neg pos:0.6069182206179177 neg:0.39308177938208233 
cv541_28683.txt neg neg:0.8533759110074767 pos:0.1466240889925234 
cv274_26379.txt neg neg:0.9552477607386723 pos:0.04475223926132754 
cv081_18241.txt neg neg:0.6723107121796569 pos:0.3276892878203432 
cv263_20693.txt neg neg:0.817847499365178 pos:0.18215250063482205 
cv720_5383.txt neg neg:0.7286061696925548 pos:0.2713938303074452 
cv217_28707.txt neg pos:0.5459338796152381 neg:0.4540661203847619 
cv379_23167.txt neg pos:0.9060016171750875 neg:0.09399838282491237 
cv482_11233.txt neg neg:0.9667535590128843 pos:0.033246440987115815 
cv254_5870.txt neg pos:0.5956595335990745 neg:0.4043404664009256 
cv836_14311.txt neg neg:0.7113254105421561 pos:0.2886745894578439 
cv373_21872.txt neg pos:0.6090477767610205 neg:0.3909522232389795 
cv241_24602.txt neg neg:0.5666492164195384 pos:0.43335078358046153 
cv253_10190.txt neg neg:0.9762848166079958 pos:0.023715183392004298 
cv234_22123.txt neg neg:0.93529722716021 pos:0.06470277283979005 
cv382_8393.txt neg pos:0.5377091927259698 neg:0.46229080727403016 
cv714_19704.txt neg neg:0.8342506029747626 pos:0.16574939702523747 
cv016_4348.txt neg neg:0.7598703617226784 pos:0.24012963827732145 
cv874_12182.txt neg neg:0.988641599235489 pos:0.011358400764510968 
cv183_19826.txt neg neg:0.8675910586805415 pos:0.13240894131945852 
cv276_17126.txt neg neg:0.5398271171942793 pos:0.4601728828057206 
cv738_10287.txt neg neg:0.600733834830965 pos:0.39926616516903496 
cv938_10706.txt neg pos:0.6527070290448582 neg:0.3472929709551417 
cv583_29465.txt neg neg:0.6011805302333242 pos:0.39881946976667576 
cv726_4365.txt neg neg:0.7988458499275265 pos:0.20115415007247345 
cv793_15235.txt neg neg:0.7456567042646266 pos:0.2543432957353734 
cv844_13890.txt neg neg:0.956192546796016 pos:0.04380745320398411 
cv792_3257.txt neg neg:0.5954177543115449 pos:0.404582245688455 
cv143_21158.txt neg neg:0.907193879557408 pos:0.09280612044259202 
cv392_12238.txt neg pos:0.713788303279551 neg:0.286211696720449 
cv465_23401.txt neg neg:0.8268212144146657 pos:0.17317878558533437 
cv017_23487.txt neg neg:0.5321332449726962 pos:0.4678667550273038 
cv561_9484.txt neg neg:0.9486027819459723 pos:0.05139721805402773 
cv543_5107.txt neg neg:0.5459516906422379 pos:0.45404830935776214 
cv730_10729.txt neg neg:0.9579872215712127 pos:0.04201277842878715 
cv387_12391.txt neg pos:0.6243396201665455 neg:0.37566037983345446 
cv026_29229.txt neg neg:0.8733010588546375 pos:0.12669894114536254 
cv420_28631.txt neg neg:0.7887417469338774 pos:0.21125825306612256 
cv759_15091.txt neg neg:0.9961022664419473 pos:0.0038977335580526727 
cv419_14799.txt neg neg:0.9705231018379967 pos:0.029476898162003305 
cv332_17997.txt neg neg:0.9793539233733404 pos:0.02064607662665962 
cv303_27366.txt neg pos:0.86941953437952 neg:0.13058046562047992 
cv500_10722.txt neg pos:0.5368883226641917 neg:0.46311167733580827 
cv311_17708.txt neg neg:0.9346034963880031 pos:0.0653965036119969 
cv855_22134.txt neg neg:0.9184379661844501 pos:0.08156203381554994 
cv389_9611.txt neg neg:0.6137074025582946 pos:0.3862925974417055 
cv474_10682.txt neg neg:0.7948919395265535 pos:0.2051080604734465 
cv791_17995.txt neg neg:0.8832192884298752 pos:0.11678071157012483 
cv635_0984.txt neg neg:0.9997890273176063 pos:2.1097268239360522E-4 
cv580_15681.txt neg pos:0.9461230363544204 neg:0.053876963645579576 
cv732_13092.txt neg pos:0.9999289333517957 neg:7.106664820426698E-5 
cv943_23547.txt neg neg:0.9892880730289296 pos:0.010711926971070228 
cv628_20758.txt neg neg:0.8275773928115702 pos:0.17242260718842975 
cv273_28961.txt neg pos:0.7122415879346083 neg:0.28775841206539166 
cv342_20917.txt neg neg:0.6510606910332344 pos:0.3489393089667656 
cv702_12371.txt neg neg:0.6000103299610653 pos:0.39998967003893465 
cv993_29565.txt neg neg:0.6674507199568902 pos:0.33254928004310974 
cv769_8565.txt neg neg:0.5648114697093964 pos:0.4351885302906035 
cv613_23104.txt neg neg:0.9610409898820055 pos:0.03895901011799458 
cv667_19672.txt neg pos:0.6933137505179011 neg:0.3066862494820988 
cv957_8737.txt pos pos:0.8926063487301241 neg:0.10739365126987581 
cv038_9749.txt pos neg:0.7909991381045042 pos:0.20900086189549583 
cv739_11209.txt pos pos:0.9843481845166322 neg:0.01565181548336784 
cv895_21022.txt pos pos:0.9377110924596316 neg:0.06228890754036841 
cv305_9946.txt pos neg:0.9521933587697158 pos:0.04780664123028426 
cv588_13008.txt pos neg:0.7674771125400524 pos:0.23252288745994762 
cv485_26649.txt pos neg:0.5796505886722196 pos:0.4203494113277804 
cv260_13959.txt pos pos:0.5417559528556345 neg:0.4582440471443656 
cv406_21020.txt pos pos:0.8241237046103126 neg:0.17587629538968752 
cv256_14740.txt pos pos:0.9999743064461943 neg:2.5693553805643274E-5 
cv894_2068.txt pos pos:0.988592601643574 neg:0.011407398356425949 
cv434_5793.txt pos neg:0.760996549978295 pos:0.2390034500217049 
cv750_10180.txt pos pos:0.9909613142477148 neg:0.00903868575228521 
cv163_10052.txt pos pos:0.9999452611053425 neg:5.473889465754871E-5 
cv056_13133.txt pos pos:0.9592971568800064 neg:0.04070284311999373 
cv030_21593.txt pos neg:0.6989503466309143 pos:0.30104965336908573 
cv195_14528.txt pos neg:0.8255322422406145 pos:0.1744677577593855 
cv415_22517.txt pos pos:0.8613323652085505 neg:0.13866763479144945 
cv915_8841.txt pos neg:0.9338419743311704 pos:0.06615802566882954 
cv948_24606.txt pos neg:0.6216745936929323 pos:0.37832540630706757 
cv602_8300.txt pos pos:0.9541232830409395 neg:0.045876716959060565 
cv874_11236.txt pos pos:0.997286714535957 neg:0.0027132854640430273 
cv717_15953.txt pos pos:0.9863503047514351 neg:0.013649695248564792 
cv494_17389.txt pos pos:0.9960133175041747 neg:0.003986682495825487 
cv838_24728.txt pos pos:0.7438255537219267 neg:0.25617444627807334 
cv847_1941.txt pos neg:0.8478393339960647 pos:0.15216066600393532 
cv827_18331.txt pos pos:0.6451851694200571 neg:0.354814830579943 
cv825_5063.txt pos neg:0.5678380330706247 pos:0.43216196692937525 
cv710_22577.txt pos pos:0.966519834761572 neg:0.033480165238427916 
cv317_24049.txt pos pos:0.8467134148202787 neg:0.15328658517972132 
cv437_22849.txt pos pos:0.9993261060083064 neg:6.738939916937323E-4 
cv923_11051.txt pos pos:0.7559844751540951 neg:0.244015524845905 
cv016_4659.txt pos neg:0.9011285841054383 pos:0.09887141589456172 
cv295_15570.txt pos neg:0.6792545834295821 pos:0.32074541657041783 
cv870_16348.txt pos pos:0.5303009856320923 neg:0.46969901436790773 
cv119_9867.txt pos neg:0.9247591577416139 pos:0.07524084225838618 
cv627_11620.txt pos neg:0.9575557040434418 pos:0.04244429595655828 
cv963_6895.txt pos pos:0.8031741695682606 neg:0.19682583043173948 
cv732_12245.txt pos pos:0.9604755059776889 neg:0.039524494022311105 
cv525_16122.txt pos neg:0.5737518178026697 pos:0.4262481821973304 
cv608_23231.txt pos neg:0.5638407014777193 pos:0.43615929852228086 
cv427_10825.txt pos neg:0.7244806511994443 pos:0.27551934880055573 
cv756_22540.txt pos neg:0.8798952480252618 pos:0.12010475197473819 
cv994_12270.txt pos neg:0.9772826481569077 pos:0.02271735184309231 
cv928_9168.txt pos pos:0.9779874792838692 neg:0.022012520716130864 
cv879_14903.txt pos pos:0.6428224678951434 neg:0.35717753210485664 
cv167_16376.txt pos pos:0.9954464442027715 neg:0.004553555797228401 
cv134_22246.txt pos pos:0.7925108880966082 neg:0.20748911190339187 
cv126_28971.txt pos neg:0.9457102001462283 pos:0.054289799853771824 
cv632_9610.txt pos neg:0.563412887927879 pos:0.4365871120721209 
cv991_18645.txt pos neg:0.8323218261124665 pos:0.16767817388753348 
cv530_16212.txt pos pos:0.6683668471935744 neg:0.33163315280642547 
cv552_10016.txt pos pos:0.5334072708176003 neg:0.4665927291823997 
cv673_24714.txt pos neg:0.9945649571370447 pos:0.005435042862955394 
cv265_10814.txt pos neg:0.7668509968090177 pos:0.2331490031909823 
cv446_11353.txt pos neg:0.6068952569628362 pos:0.39310474303716386 
cv973_10066.txt pos pos:0.9903003522519989 neg:0.009699647748001116 
cv883_27751.txt pos neg:0.5970777194467902 pos:0.4029222805532098 
cv942_17082.txt pos neg:0.7623831162832138 pos:0.2376168837167863 
cv399_2877.txt pos pos:0.8630991111333725 neg:0.1369008888666275 
cv733_9839.txt pos pos:0.5966344104078711 neg:0.40336558959212887 
cv921_12747.txt pos neg:0.5824329861489053 pos:0.41756701385109474 
cv954_18628.txt pos pos:0.8454296697607055 neg:0.15457033023929437 
cv149_15670.txt pos neg:0.9800551156617714 pos:0.01994488433822854 
cv081_16582.txt pos pos:0.9796724750278949 neg:0.020327524972105073 
cv113_23102.txt pos pos:0.6080387966004227 neg:0.3919612033995773 
cv477_22479.txt pos pos:0.9560950842635286 neg:0.043904915736471394 
cv744_10038.txt pos pos:0.5540318776962502 neg:0.4459681223037499 
cv501_11657.txt pos pos:0.7805470626836338 neg:0.21945293731636625 
cv747_16556.txt pos neg:0.6689486910750024 pos:0.33105130892499757 
cv268_18834.txt pos neg:0.8071360597052248 pos:0.1928639402947751 
cv489_17906.txt pos neg:0.9422476676483026 pos:0.0577523323516975 
cv540_3421.txt pos pos:0.7478065030785602 neg:0.2521934969214398 
cv442_13846.txt pos pos:0.976737707209805 neg:0.023262292790194955 
cv757_10189.txt pos pos:0.9472748508099531 neg:0.05272514919004685 
cv843_15544.txt pos neg:0.6188334813555983 pos:0.3811665186444017 
cv441_13711.txt pos pos:0.9622300745299651 neg:0.03776992547003484 
cv900_10331.txt pos pos:0.992414593869573 neg:0.0075854061304268805 
cv500_10251.txt pos neg:0.6598479487232093 pos:0.34015205127679066 
cv714_18502.txt pos pos:0.990034715523387 neg:0.009965284476613108 
cv001_18431.txt pos neg:0.961922916751966 pos:0.03807708324803412 
cv537_12370.txt pos neg:0.9398689198137705 pos:0.0601310801862296 
cv858_18819.txt pos pos:0.7776686072040158 neg:0.22233139279598424 
cv278_13041.txt pos pos:0.9967450916467157 neg:0.003254908353284341 
cv032_22550.txt pos pos:0.9704072184247318 neg:0.029592781575268273 
cv217_28842.txt pos neg:0.5852691379248006 pos:0.4147308620751993 
cv017_22464.txt pos pos:0.9672180895288748 neg:0.03278191047112514 
cv321_12843.txt pos pos:0.8764806857342126 neg:0.12351931426578733 
cv068_13400.txt pos pos:0.6768727305304718 neg:0.3231272694695281 
cv123_11182.txt pos pos:0.9934444226573276 neg:0.006555577342672334 
cv251_22636.txt pos neg:0.5972832449069646 pos:0.4027167550930354 
cv932_13401.txt pos neg:0.9817789150342913 pos:0.01822108496570876 
cv614_10626.txt pos pos:0.6289456231378281 neg:0.37105437686217196 
cv792_3832.txt pos neg:0.650189863357154 pos:0.3498101366428461 
cv671_5054.txt pos pos:0.938802941095039 neg:0.06119705890496108 
cv440_15243.txt pos pos:0.6802297060530544 neg:0.3197702939469455 
cv772_12119.txt pos pos:0.8052197984054583 neg:0.1947802015945416 
cv976_10267.txt pos neg:0.7113980746288309 pos:0.2886019253711691 
cv679_28559.txt pos neg:0.9781728240868515 pos:0.021827175913148478 
cv076_24945.txt pos pos:0.9762692613157241 neg:0.02373073868427592 
Trial 0 Trainer NaiveBayesTrainer Training Data Confusion Matrix
Confusion Matrix, row=true, column=predicted  accuracy=0.8816666666666667
  label   0   1  |total
  0 neg 852  48  |900
  1 pos 165 735  |900

Trial 0 Trainer NaiveBayesTrainer training data accuracy= 0.8816666666666667
Trial 0 Trainer NaiveBayesTrainer Test Data Confusion Matrix
Confusion Matrix, row=true, column=predicted  accuracy=0.66
  label   0   1  |total
  0 neg  75  25  |100
  1 pos  43  57  |100

Trial 0 Trainer NaiveBayesTrainer test data accuracy= 0.66

NaiveBayesTrainer
Summary. train accuracy mean = 0.8816666666666667 stddev = 0.0 stderr = 0.0
Summary. test accuracy mean = 0.66 stddev = 0.0 stderr = 0.0
