
-------------------- Trial 0  --------------------

Trial 0 Training NaiveBayesTrainer with 1800 instances
Trial 0 Training NaiveBayesTrainer finished
Trial 0 Trainer NaiveBayesTrainer
 Raw Testing Data
cv443_22367.txt neg neg:0.7744357229091241 pos:0.2255642770908759 
cv678_14887.txt neg neg:0.7434996642496272 pos:0.2565003357503729 
cv598_18184.txt neg neg:0.5826132570569207 pos:0.4173867429430793 
cv566_8967.txt neg neg:0.9841193375889832 pos:0.015880662411016776 
cv553_26965.txt neg neg:0.9758929414924411 pos:0.02410705850755897 
cv700_23163.txt neg pos:0.5439825913289406 neg:0.4560174086710594 
cv173_4295.txt neg neg:0.9296151209039961 pos:0.07038487909600388 
cv078_16506.txt neg neg:0.9005823103726508 pos:0.09941768962734931 
cv945_13012.txt neg neg:0.679537348612162 pos:0.320462651387838 
cv648_17277.txt neg neg:0.9711259643276501 pos:0.028874035672349908 
cv679_28221.txt neg neg:0.9911091104709013 pos:0.008890889529098675 
cv424_9268.txt neg neg:0.9878928879714862 pos:0.01210711202851367 
cv891_6035.txt neg pos:0.8752807782947545 neg:0.12471922170524544 
cv089_12222.txt neg pos:0.6847554766187536 neg:0.3152445233812463 
cv466_20092.txt neg pos:0.7491580960844819 neg:0.2508419039155182 
cv084_15183.txt neg neg:0.7501736881899296 pos:0.2498263118100705 
cv910_21930.txt neg neg:0.9952721370420574 pos:0.004727862957942479 
cv061_9321.txt neg neg:0.9319305309105911 pos:0.06806946908940882 
cv467_26610.txt neg pos:0.603341188211607 neg:0.39665881178839296 
cv339_22452.txt neg pos:0.701967801233442 neg:0.29803219876655807 
cv579_12542.txt neg neg:0.9910714033590938 pos:0.008928596640906105 
cv511_10360.txt neg neg:0.9797080822752077 pos:0.020291917724792385 
cv652_15653.txt neg neg:0.6611915864559051 pos:0.33880841354409497 
cv199_9721.txt neg pos:0.5576868858950345 neg:0.4423131141049655 
cv468_16844.txt neg neg:0.8545075926047936 pos:0.1454924073952064 
cv522_5418.txt neg neg:0.6733716965085786 pos:0.32662830349142136 
cv385_29621.txt neg neg:0.5450499706591121 pos:0.45495002934088796 
cv296_13146.txt neg neg:0.9205484518257071 pos:0.07945154817429291 
cv558_29376.txt neg neg:0.6815856597436128 pos:0.3184143402563871 
cv097_26081.txt neg pos:0.893023986026901 neg:0.10697601397309893 
cv708_28539.txt neg pos:0.6855299522736211 neg:0.31447004772637893 
cv975_11920.txt neg pos:0.9100592136949224 neg:0.08994078630507754 
cv101_10537.txt neg neg:0.6262451796507225 pos:0.37375482034927743 
cv536_27221.txt neg pos:0.5874848456502976 neg:0.4125151543497024 
cv861_12809.txt neg neg:0.911981203080248 pos:0.08801879691975202 
cv968_25413.txt neg neg:0.5237331668839933 pos:0.4762668331160067 
cv721_28993.txt neg pos:0.7141796956788397 neg:0.28582030432116035 
cv302_26481.txt neg neg:0.9532190403037779 pos:0.04678095969622209 
cv144_5010.txt neg neg:0.5124221747000374 pos:0.48757782529996263 
cv459_21834.txt neg neg:0.709895961170719 pos:0.290104038829281 
cv088_25274.txt neg neg:0.6716882394893077 pos:0.32831176051069233 
cv954_19932.txt neg neg:0.8385998987790065 pos:0.16140010122099357 
cv816_15257.txt neg neg:0.924708257198606 pos:0.07529174280139407 
cv375_9932.txt neg neg:0.6741657941115612 pos:0.32583420588843887 
cv152_9052.txt neg neg:0.8768647293731721 pos:0.12313527062682798 
cv851_21895.txt neg neg:0.8031365189563329 pos:0.19686348104366716 
cv774_15488.txt neg neg:0.5121333568387829 pos:0.487866643161217 
cv867_18362.txt neg pos:0.6958893357010851 neg:0.30411066429891487 
cv005_29357.txt neg neg:0.9790367609322853 pos:0.020963239067714707 
cv236_12427.txt neg neg:0.8441936004766165 pos:0.15580639952338357 
cv130_18521.txt neg neg:0.9228136659926082 pos:0.07718633400739178 
cv399_28593.txt neg neg:0.8776607851261613 pos:0.12233921487383867 
cv526_12868.txt neg neg:0.9999130967543343 pos:8.69032456656871E-5 
cv052_29318.txt neg pos:0.5132212204321884 neg:0.4867787795678116 
cv762_15604.txt neg pos:0.634543150131958 neg:0.365456849868042 
cv618_9469.txt neg neg:0.9502659195954409 pos:0.049734080404559095 
cv699_7773.txt neg neg:0.9016546653805727 pos:0.09834533461942722 
cv312_29308.txt neg pos:0.8834701328141811 neg:0.11652986718581891 
cv140_7963.txt neg neg:0.9447411314230716 pos:0.05525886857692836 
cv549_22771.txt neg pos:0.6169000779802926 neg:0.38309992201970733 
cv092_27987.txt neg neg:0.8288344354158171 pos:0.17116556458418283 
cv038_9781.txt neg neg:0.8511436032439391 pos:0.14885639675606077 
cv911_21695.txt neg neg:0.999096638913534 pos:9.033610864661554E-4 
cv073_23039.txt neg neg:0.9240007246670902 pos:0.07599927533290979 
cv961_5578.txt neg neg:0.7141789799655018 pos:0.2858210200344981 
cv981_16679.txt neg neg:0.9420405456237343 pos:0.05795945437626563 
cv277_20467.txt neg neg:0.9583648766091311 pos:0.04163512339086895 
cv818_10698.txt neg neg:0.6520616249927601 pos:0.34793837500724 
cv013_10494.txt neg neg:0.9427685870500332 pos:0.05723141294996689 
cv164_23451.txt neg neg:0.7388733261534963 pos:0.2611266738465036 
cv644_18551.txt neg neg:0.6615490889846074 pos:0.3384509110153925 
cv316_5972.txt neg neg:0.5834809274425632 pos:0.41651907255743686 
cv682_17947.txt neg neg:0.9234331937798221 pos:0.07656680622017789 
cv924_29397.txt neg neg:0.7516455650625505 pos:0.24835443493744933 
cv102_8306.txt neg pos:0.5537754233780475 neg:0.44622457662195253 
cv170_29808.txt neg pos:0.5023195818217497 neg:0.4976804181782502 
cv562_10847.txt neg neg:0.9700732913334661 pos:0.029926708666533942 
cv545_12848.txt neg neg:0.9803354401496838 pos:0.01966455985031632 
cv908_17779.txt neg pos:0.5924387248858177 neg:0.4075612751141823 
cv075_6250.txt neg neg:0.5416132078861728 pos:0.45838679211382716 
cv271_15364.txt neg neg:0.5618277790531946 pos:0.4381722209468054 
cv269_23018.txt neg neg:0.9990624739680276 pos:9.375260319724712E-4 
cv835_20531.txt neg pos:0.9569599407225643 neg:0.043040059277435753 
cv099_11189.txt neg neg:0.7455282464958508 pos:0.25447175350414913 
cv111_12253.txt neg neg:0.7878782688410592 pos:0.21212173115894087 
cv940_18935.txt neg neg:0.6177373656982789 pos:0.3822626343017211 
cv689_13701.txt neg neg:0.791103290801594 pos:0.2088967091984059 
cv223_28923.txt neg neg:0.7188195644685591 pos:0.28118043553144095 
cv378_21982.txt neg neg:0.8379847882696865 pos:0.1620152117303135 
cv040_8829.txt neg neg:0.6571475623347507 pos:0.3428524376652493 
cv779_18989.txt neg neg:0.5432122083243324 pos:0.45678779167566763 
cv325_18330.txt neg neg:0.9230166322897281 pos:0.07698336771027198 
cv488_21453.txt neg neg:0.8816025396322612 pos:0.11839746036773877 
cv430_18662.txt neg neg:0.7159664749001841 pos:0.284033525099816 
cv181_16083.txt neg neg:0.5770564051755157 pos:0.4229435948244843 
cv231_11028.txt neg neg:0.7713295527891073 pos:0.22867044721089264 
cv764_12701.txt neg neg:0.5892282490559446 pos:0.4107717509440553 
cv643_29282.txt neg neg:0.8880168905324825 pos:0.11198310946751752 
cv819_9567.txt neg neg:0.7801491113373686 pos:0.21985088866263136 
cv076_26009.txt neg neg:0.8112641617273821 pos:0.18873583827261795 
cv574_22156.txt pos neg:0.5453391415706096 pos:0.4546608584293904 
cv531_26486.txt pos neg:0.8922032457057408 pos:0.10779675429425911 
cv736_23670.txt pos pos:0.9323184400987744 neg:0.06768155990122555 
cv059_28885.txt pos pos:0.9912147758364274 neg:0.008785224163572549 
cv872_12591.txt pos pos:0.9981077136743586 neg:0.0018922863256414428 
cv729_10154.txt pos pos:0.999079863145379 neg:9.201368546210538E-4 
cv223_29066.txt pos pos:0.9683248164134592 neg:0.03167518358654065 
cv830_6014.txt pos pos:0.7857698918837107 neg:0.21423010811628915 
cv049_20471.txt pos neg:0.7008190751578627 pos:0.29918092484213726 
cv067_19774.txt pos pos:0.7165513092136099 neg:0.28344869078639007 
cv333_8916.txt pos pos:0.8103616233295278 neg:0.18963837667047226 
cv129_16741.txt pos pos:0.9801192668554632 neg:0.019880733144536762 
cv159_29505.txt pos pos:0.9233943346885022 neg:0.0766056653114977 
cv150_12916.txt pos pos:0.5165135376986644 neg:0.48348646230133563 
cv481_7436.txt pos pos:0.7911814312430524 neg:0.20881856875694763 
cv324_7082.txt pos pos:0.8438744996683144 neg:0.15612550033168565 
cv063_28997.txt pos neg:0.5841473416330922 pos:0.41585265836690777 
cv503_10558.txt pos pos:0.9970473153583908 neg:0.002952684641609338 
cv483_16378.txt pos neg:0.75274993304216 pos:0.24725006695784002 
cv964_6021.txt pos neg:0.9536107074691281 pos:0.046389292530871803 
cv808_12635.txt pos neg:0.9080309429691004 pos:0.09196905703089964 
cv811_21386.txt pos pos:0.9753734807234219 neg:0.024626519276578048 
cv378_20629.txt pos neg:0.655293544291134 pos:0.34470645570886604 
cv376_19435.txt pos neg:0.736503763515693 pos:0.263496236484307 
cv566_8581.txt pos pos:0.9445531499223797 neg:0.05544685007762033 
cv360_8398.txt pos pos:0.8748758372006877 neg:0.1251241627993123 
cv185_28654.txt pos neg:0.999588667534297 pos:4.113324657030368E-4 
cv020_8825.txt pos pos:0.8613064642150596 neg:0.13869353578494034 
cv166_11052.txt pos pos:0.9626476527891609 neg:0.03735234721083911 
cv806_8842.txt pos pos:0.7933192988390542 neg:0.20668070116094586 
cv788_25272.txt pos neg:0.7041666500990209 pos:0.295833349900979 
cv628_19325.txt pos pos:0.6410663346699657 neg:0.35893366533003435 
cv344_5312.txt pos neg:0.5291544635326865 pos:0.4708455364673136 
cv722_7110.txt pos neg:0.5279835370722804 pos:0.4720164629277196 
cv515_17069.txt pos neg:0.6621306952021547 pos:0.3378693047978452 
cv137_15422.txt pos pos:0.6244059718316042 neg:0.37559402816839577 
cv170_3006.txt pos neg:0.7572785969875652 pos:0.2427214030124349 
cv422_9381.txt pos pos:0.5382696827375745 neg:0.4617303172624255 
cv421_9709.txt pos pos:0.999999970921978 neg:2.90780219733774E-8 
cv033_24444.txt pos pos:0.851483349369409 neg:0.14851665063059097 
cv698_15253.txt pos pos:0.9604177576704248 neg:0.03958224232957533 
cv293_29856.txt pos neg:0.7029289084258182 pos:0.2970710915741818 
cv958_12162.txt pos pos:0.9169789765725185 neg:0.08302102342748156 
cv492_18271.txt pos pos:0.9622667242267271 neg:0.037733275773272824 
cv411_15007.txt pos pos:0.9999715085733588 neg:2.84914266412178E-5 
cv902_12256.txt pos pos:0.5054204712899433 neg:0.4945795287100567 
cv073_21785.txt pos neg:0.6738260256763708 pos:0.32617397432362916 
cv689_12587.txt pos pos:0.8128739487982874 neg:0.18712605120171252 
cv873_18636.txt pos pos:0.9756433779230134 neg:0.02435662207698661 
cv161_11425.txt pos neg:0.5150005065910478 pos:0.4849994934089522 
cv886_18177.txt pos pos:0.8254237658404489 neg:0.17457623415955104 
cv888_24435.txt pos pos:0.9796840387901573 neg:0.020315961209842713 
cv554_13151.txt pos pos:0.9576688746572886 neg:0.042331125342711516 
cv766_7540.txt pos neg:0.7647354659204009 pos:0.23526453407959902 
cv075_6500.txt pos neg:0.6616128275246823 pos:0.3383871724753177 
cv646_15065.txt pos neg:0.6424679768573047 pos:0.35753202314269517 
cv227_24215.txt pos pos:0.5322969541104189 neg:0.46770304588958106 
cv663_13019.txt pos pos:0.997516861738159 neg:0.0024831382618409944 
cv339_21119.txt pos neg:0.6906981388838452 pos:0.3093018611161547 
cv229_13611.txt pos neg:0.5886222332706957 pos:0.4113777667293042 
cv878_15694.txt pos pos:0.7033116132285293 neg:0.29668838677147075 
cv956_11609.txt pos neg:0.8348982503908673 pos:0.1651017496091326 
cv743_15449.txt pos pos:0.855530544045492 neg:0.14446945595450802 
cv970_18450.txt pos pos:0.6117178792002261 neg:0.3882821207997738 
cv334_10001.txt pos neg:0.9963448211245963 pos:0.0036551788754035593 
cv347_13194.txt pos pos:0.792632249468755 neg:0.20736775053124493 
cv122_7392.txt pos pos:0.9997587952774928 neg:2.412047225072038E-4 
cv214_12294.txt pos neg:0.9571838018435137 pos:0.042816198156486296 
cv648_15792.txt pos pos:0.7911035767801191 neg:0.20889642321988094 
cv846_29497.txt pos neg:0.5584189711994925 pos:0.4415810288005075 
cv532_6522.txt pos neg:0.8299309819509915 pos:0.1700690180490085 
cv768_11751.txt pos pos:0.8705164919721058 neg:0.12948350802789418 
cv760_8597.txt pos neg:0.6241446471006986 pos:0.3758553528993014 
cv512_15965.txt pos pos:0.9970537838734694 neg:0.00294621612653056 
cv969_13250.txt pos pos:0.8630206125076174 neg:0.13697938749238256 
cv237_19221.txt pos neg:0.6121508423604807 pos:0.3878491576395193 
cv903_17822.txt pos neg:0.7314699524998188 pos:0.2685300475001811 
cv205_9457.txt pos pos:0.9594980354320759 neg:0.04050196456792412 
cv178_12972.txt pos pos:0.9998880572981677 neg:1.1194270183238674E-4 
cv705_11059.txt pos pos:0.7213565686383772 neg:0.27864343136162295 
cv193_5416.txt pos pos:0.9931355981664947 neg:0.006864401833505216 
cv851_20469.txt pos pos:0.808665192951853 neg:0.1913348070481469 
cv519_14661.txt pos pos:0.9448128858110293 neg:0.05518711418897071 
cv388_12009.txt pos pos:0.8119238955591463 neg:0.18807610444085363 
cv741_11890.txt pos pos:0.8173499629262251 neg:0.18265003707377486 
cv385_29741.txt pos neg:0.7660660562082455 pos:0.2339339437917545 
cv345_9954.txt pos pos:0.9997338676476295 neg:2.6613235237057486E-4 
cv853_29233.txt pos pos:0.7772073028682801 neg:0.22279269713171992 
cv796_15782.txt pos pos:0.620939874844916 neg:0.379060125155084 
cv992_11962.txt pos pos:0.7982399260726786 neg:0.20176007392732154 
cv264_12801.txt pos pos:0.9533592306738312 neg:0.0466407693261687 
cv420_28795.txt pos neg:0.8285542144541023 pos:0.1714457855458976 
cv186_2269.txt pos neg:0.6475321705090302 pos:0.3524678294909698 
cv565_29572.txt pos pos:0.5068388053362964 neg:0.49316119466370356 
cv423_11155.txt pos pos:0.9297794695488354 neg:0.0702205304511646 
cv215_22240.txt pos pos:0.8462023943078569 neg:0.15379760569214312 
cv682_16139.txt pos pos:0.8826262460770766 neg:0.1173737539229234 
cv331_8273.txt pos pos:0.9720062189777346 neg:0.02799378102226536 
cv775_16237.txt pos neg:0.9085390482611622 pos:0.09146095173883786 
cv008_29435.txt pos pos:0.5601831457699997 neg:0.43981685423000033 
Trial 0 Trainer NaiveBayesTrainer Training Data Confusion Matrix
Confusion Matrix, row=true, column=predicted  accuracy=0.8755555555555555
  label   0   1  |total
  0 neg 845  55  |900
  1 pos 169 731  |900

Trial 0 Trainer NaiveBayesTrainer training data accuracy= 0.8755555555555555
Trial 0 Trainer NaiveBayesTrainer Test Data Confusion Matrix
Confusion Matrix, row=true, column=predicted  accuracy=0.72
  label   0   1  |total
  0 neg  79  21  |100
  1 pos  35  65  |100

Trial 0 Trainer NaiveBayesTrainer test data accuracy= 0.72

NaiveBayesTrainer
Summary. train accuracy mean = 0.8755555555555555 stddev = 0.0 stderr = 0.0
Summary. test accuracy mean = 0.72 stddev = 0.0 stderr = 0.0
