
-------------------- Trial 0  --------------------

Trial 0 Training MaxEntTrainer,gaussianPriorVariance=1.0 with 1800 instances
Trial 0 Training MaxEntTrainer,gaussianPriorVariance=1.0 finished
Trial 0 Trainer MaxEntTrainer,gaussianPriorVariance=1.0
 Raw Testing Data
cv623_16988.txt neg neg:0.9999999960500217 pos:3.949978334549326E-9 
cv051_10306.txt pos pos:0.9999960954436407 neg:3.904556359255767E-6 
cv382_7897.txt pos pos:0.9999999988806296 neg:1.1193703603951653E-9 
cv082_11080.txt pos neg:0.9666983313968306 pos:0.033301668603169396 
cv791_16302.txt pos pos:0.7439877692116103 neg:0.2560122307883898 
cv484_25054.txt pos pos:0.8150043290297606 neg:0.1849956709702394 
cv353_18159.txt pos pos:0.9976957842272365 neg:0.0023042157727635295 
cv438_8500.txt neg neg:0.9978966103952407 pos:0.0021033896047593544 
cv124_3903.txt neg neg:0.9936682828062635 pos:0.006331717193736398 
cv012_29411.txt neg neg:0.9954792341121598 pos:0.004520765887840309 
cv634_11101.txt pos pos:0.9999999885230931 neg:1.1476906847265068E-8 
cv637_1250.txt pos pos:0.9969199521906279 neg:0.0030800478093720223 
cv754_7709.txt neg pos:0.780398337762175 neg:0.219601662237825 
cv845_14290.txt pos pos:0.9997811398577388 neg:2.188601422613171E-4 
cv062_23115.txt pos pos:0.9999627693552966 neg:3.723064470343351E-5 
cv556_14808.txt pos pos:0.9999999999302103 neg:6.97898261632816E-11 
cv659_19944.txt pos pos:0.9898557964935036 neg:0.010144203506496382 
cv244_22935.txt neg neg:0.9999999935390596 pos:6.46094037074231E-9 
cv877_29274.txt pos neg:0.5490198311625264 pos:0.4509801688374736 
cv833_11053.txt pos pos:0.9999680970848059 neg:3.19029151940794E-5 
cv852_27523.txt pos neg:0.9493782647436895 pos:0.05062173525631054 
cv960_29007.txt pos neg:0.8032566011003466 pos:0.1967433988996535 
cv579_11605.txt pos neg:0.9751650367722804 pos:0.024834963227719668 
cv562_10359.txt pos pos:0.9449345901414151 neg:0.05506540985858482 
cv982_21103.txt pos pos:0.9999851068620663 neg:1.4893137933649884E-5 
cv667_18467.txt pos pos:0.9992631222912418 neg:7.368777087581805E-4 
cv980_11851.txt neg pos:0.6454142777097849 neg:0.3545857222902151 
cv782_21078.txt neg neg:0.8128501309112185 pos:0.1871498690887815 
cv548_18944.txt neg neg:0.9999338510624507 pos:6.614893754919776E-5 
cv116_28734.txt neg neg:0.9970695399144488 pos:0.0029304600855512538 
cv737_28733.txt neg neg:0.9959177414781895 pos:0.004082258521810577 
cv322_20318.txt pos pos:0.9531625808862375 neg:0.04683741911376253 
cv472_29140.txt neg pos:0.9219376954051479 neg:0.07806230459485203 
cv203_17986.txt pos pos:0.9999581390542861 neg:4.186094571389864E-5 
cv741_12765.txt neg neg:0.8480029803193435 pos:0.15199701968065651 
cv173_4471.txt pos pos:0.9752211854197282 neg:0.02477881458027185 
cv612_5396.txt neg pos:0.8550893555179108 neg:0.14491064448208937 
cv808_13773.txt neg pos:0.9941678918257635 neg:0.005832108174236594 
cv115_25396.txt pos pos:0.9999598182075444 neg:4.0181792455468074E-5 
cv384_18536.txt neg neg:0.9868826721591065 pos:0.013117327840893452 
cv754_7216.txt pos pos:0.9933889143817646 neg:0.006611085618235413 
cv580_14064.txt pos neg:0.7133673885075275 pos:0.28663261149247254 
cv985_5964.txt neg neg:0.9995093036388669 pos:4.906963611330336E-4 
cv386_10080.txt pos pos:0.9999193530792477 neg:8.064692075223584E-5 
cv028_26746.txt pos pos:0.990718104555524 neg:0.009281895444476121 
cv549_21443.txt pos pos:0.9996292272092354 neg:3.707727907646037E-4 
cv832_24713.txt neg neg:0.9999746435164986 pos:2.535648350153348E-5 
cv771_28466.txt neg neg:0.9999741250999963 pos:2.587490000381921E-5 
cv114_19501.txt neg neg:0.9929335816579191 pos:0.007066418342080875 
cv232_14991.txt pos pos:0.9599718968271145 neg:0.04002810317288549 
cv245_8569.txt pos pos:0.9677256792286237 neg:0.03227432077137632 
cv713_29155.txt pos pos:0.8610662159834033 neg:0.1389337840165967 
cv379_21963.txt pos pos:0.9999157869120939 neg:8.421308790594968E-5 
cv190_27052.txt pos pos:0.9999953006322797 neg:4.699367720290169E-6 
cv937_9816.txt neg neg:0.9994180950564105 pos:5.819049435893357E-4 
cv297_10047.txt pos pos:0.9989980928478092 neg:0.0010019071521907858 
cv699_7223.txt pos neg:0.9999508848208539 pos:4.91151791460759E-5 
cv591_24887.txt neg neg:0.9999949667577482 pos:5.033242251692293E-6 
cv151_17231.txt neg neg:0.9641219066740869 pos:0.035878093325912984 
cv189_22934.txt pos neg:0.5396899786844722 pos:0.46031002131552773 
cv575_22598.txt neg neg:0.9140559281743876 pos:0.08594407182561245 
cv899_16014.txt pos pos:0.9912243824041784 neg:0.00877561759582143 
cv248_15672.txt neg neg:0.9957512407417248 pos:0.004248759258275085 
cv304_28706.txt pos neg:0.8529282475092762 pos:0.14707175249072382 
cv079_11933.txt pos neg:0.9589799140760938 pos:0.041020085923906206 
cv983_22928.txt pos pos:0.999511364642281 neg:4.886353577190333E-4 
cv519_16239.txt neg pos:0.9919833723801952 neg:0.008016627619804807 
cv948_25870.txt neg neg:0.9999996987897092 pos:3.0121029080714593E-7 
cv074_6875.txt pos pos:0.9999999994455728 neg:5.544270711578019E-10 
cv821_29364.txt pos pos:0.9717187990797214 neg:0.028281200920278585 
cv012_29576.txt pos pos:0.9998598822799976 neg:1.401177200024213E-4 
cv117_24295.txt pos pos:0.9162167201489935 neg:0.08378327985100663 
cv852_27512.txt neg pos:0.7847276261286596 neg:0.2152723738713404 
cv209_28973.txt neg neg:0.9847582142518074 pos:0.01524178574819256 
cv138_12721.txt pos neg:0.9929388841040623 pos:0.007061115895937743 
cv291_26635.txt pos pos:0.9999804166066604 neg:1.958339333959924E-5 
cv489_19046.txt neg neg:0.9990582031689104 pos:9.417968310896925E-4 
cv827_19479.txt neg neg:0.9971672228103724 pos:0.0028327771896274937 
cv799_19812.txt neg neg:0.9999994124563026 pos:5.875436973998831E-7 
cv996_12447.txt neg neg:0.9955694372958599 pos:0.004430562704139996 
cv168_7050.txt pos pos:0.9999999945356175 neg:5.46438253457558E-9 
cv919_18155.txt neg neg:0.9993596044703348 pos:6.403955296652966E-4 
cv195_16146.txt neg neg:0.8933055852731426 pos:0.10669441472685731 
cv064_24576.txt pos pos:0.9997254886007616 neg:2.7451139923850284E-4 
cv826_12761.txt neg neg:0.5459741171620014 pos:0.45402588283799866 
cv712_24217.txt neg neg:0.9757553145075895 pos:0.024244685492410618 
cv480_19817.txt pos pos:0.9723008086865648 neg:0.027699191313435303 
cv041_21113.txt pos pos:0.9999917786786897 neg:8.221321310338694E-6 
cv705_11973.txt neg neg:0.9834621094204065 pos:0.016537890579593487 
cv350_20670.txt pos pos:0.9987873807432619 neg:0.0012126192567380907 
cv654_19345.txt neg neg:0.6959031498295137 pos:0.30409685017048627 
cv905_28965.txt neg pos:0.9999636399354975 neg:3.636006450240059E-5 
cv320_9693.txt neg pos:0.6113626109526802 neg:0.3886373890473198 
cv805_19601.txt pos pos:0.9778925387472827 neg:0.02210746125271727 
cv626_7907.txt neg neg:0.7982135787662957 pos:0.20178642123370433 
cv727_4978.txt pos pos:0.9073436730905425 neg:0.09265632690945745 
cv891_6385.txt pos pos:0.996724180667034 neg:0.0032758193329658772 
cv281_24711.txt neg neg:0.9962356816097415 pos:0.0037643183902584714 
cv220_28906.txt neg neg:0.9942303233517202 pos:0.005769676648279727 
cv822_20049.txt pos pos:0.9999987489174567 neg:1.2510825434196988E-6 
cv034_29446.txt neg neg:0.9617877157549903 pos:0.03821228424500971 
cv716_10514.txt pos neg:0.999863107535577 pos:1.3689246442300367E-4 
cv202_10654.txt pos pos:0.9999968244597041 neg:3.1755402959616514E-6 
cv960_28877.txt neg pos:0.8710923640173088 neg:0.12890763598269106 
cv681_9744.txt neg neg:0.9999984479246622 pos:1.552075337933109E-6 
cv767_14062.txt pos pos:0.9999615209406018 neg:3.847905939827503E-5 
cv904_25663.txt neg neg:0.9479144875922734 pos:0.052085512407726645 
cv617_9561.txt neg neg:0.9962187050519281 pos:0.0037812949480718816 
cv349_15032.txt neg neg:0.9883510184303508 pos:0.011648981569649126 
cv889_22670.txt neg pos:0.6075919957377834 neg:0.39240800426221667 
cv967_5626.txt neg neg:0.9470099422672207 pos:0.05299005773277926 
cv600_23878.txt pos pos:0.9999996715508623 neg:3.2844913766774884E-7 
cv368_10466.txt pos pos:0.9999471998000742 neg:5.2800199925740686E-5 
cv774_13845.txt pos pos:0.9868216113721009 neg:0.013178388627899086 
cv153_11607.txt neg neg:0.9755699686406571 pos:0.02443003135934288 
cv370_5338.txt neg neg:0.7626003219326315 pos:0.23739967806736847 
cv200_29006.txt neg pos:0.9953260762981292 neg:0.004673923701870818 
cv956_12547.txt neg neg:0.9997131903774856 pos:2.868096225143045E-4 
cv829_20289.txt pos pos:0.9924658589320472 neg:0.007534141067952673 
cv909_9960.txt pos pos:0.9786230380705505 neg:0.021376961929449552 
cv432_15873.txt neg neg:0.999994257242501 pos:5.742757499086397E-6 
cv908_16009.txt pos pos:0.9999999899780859 neg:1.0021914161993724E-8 
cv589_12064.txt pos pos:0.9999897176786929 neg:1.0282321306997285E-5 
cv536_27134.txt pos neg:0.9716726702904657 pos:0.028327329709534246 
cv973_10171.txt neg neg:0.9999999995972642 pos:4.0273588682190487E-10 
cv446_12209.txt neg neg:0.9991321454765946 pos:8.678545234054358E-4 
cv157_29302.txt neg neg:0.9253298224958523 pos:0.07467017750414767 
cv465_22431.txt pos pos:0.6125621628379089 neg:0.3874378371620911 
cv909_9973.txt neg neg:0.9088681910793907 pos:0.09113180892060922 
cv222_17395.txt pos pos:0.9844897843830239 neg:0.015510215616975973 
cv470_17444.txt neg neg:0.9999999980338907 pos:1.9661092229356894E-9 
cv115_26443.txt neg neg:0.9996191058685939 pos:3.8089413140601205E-4 
cv504_29120.txt neg neg:0.8530414145359037 pos:0.1469585854640963 
cv757_10668.txt neg neg:0.8144478919913305 pos:0.1855521080086695 
cv882_10042.txt neg neg:0.9999994878808172 pos:5.12119182852742E-7 
cv065_15248.txt pos pos:0.9999999999798588 neg:2.014112493963166E-11 
cv520_12295.txt pos pos:0.9649206558986682 neg:0.03507934410133194 
cv145_12239.txt neg pos:0.9844512791837745 neg:0.015548720816225397 
cv404_20315.txt pos pos:0.9092179043939391 neg:0.09078209560606086 
cv586_8048.txt neg neg:1.0 pos:2.989693328584685E-20 
cv786_22497.txt pos pos:0.6382583825444266 neg:0.3617416174555734 
cv918_2693.txt pos pos:0.5685730754849646 neg:0.4314269245150353 
cv072_6169.txt pos pos:0.6404849052381104 neg:0.35951509476188964 
cv206_15893.txt neg neg:0.9994219973203682 pos:5.780026796316882E-4 
cv146_18458.txt pos pos:0.8036621160578442 neg:0.1963378839421557 
cv862_14324.txt pos pos:0.9999999986492929 neg:1.3507070544658576E-9 
cv027_25219.txt pos pos:0.9999999999986517 neg:1.3483476060297596E-12 
cv409_29786.txt pos pos:0.9689252985041967 neg:0.031074701495803332 
cv591_23640.txt pos pos:0.9998661503870583 neg:1.338496129416286E-4 
cv576_15688.txt neg pos:0.8720482069088029 neg:0.127951793091197 
cv555_23922.txt pos neg:0.9989094395243883 pos:0.0010905604756118192 
cv738_10116.txt pos pos:0.9999999991711654 neg:8.288345142998395E-10 
cv308_5079.txt neg neg:0.9999998535242302 pos:1.4647576981107735E-7 
cv869_24782.txt neg neg:0.9999409514151235 pos:5.904858487653854E-5 
cv936_15954.txt pos pos:0.6250960920354419 neg:0.374903907964558 
cv154_9562.txt neg neg:0.993745323116402 pos:0.006254676883598099 
cv208_9475.txt neg neg:0.999969597382236 pos:3.040261776393366E-5 
cv761_12620.txt pos pos:0.8715083099720948 neg:0.12849169002790525 
cv143_19666.txt pos neg:0.592625877265469 pos:0.40737412273453094 
cv638_29394.txt neg neg:0.9801761427637508 pos:0.019823857236249236 
cv314_16095.txt neg neg:0.9999911006240437 pos:8.899375956361871E-6 
cv226_26692.txt neg neg:0.9999999971831068 pos:2.816893054201261E-9 
cv511_10132.txt pos pos:0.999980079005456 neg:1.9920994543812907E-5 
cv124_4122.txt pos neg:0.9965738416038078 pos:0.00342615839619224 
cv176_14196.txt neg pos:0.9981308143149719 neg:0.001869185685028049 
cv077_22138.txt pos pos:0.9999682104008938 neg:3.178959910617296E-5 
cv381_21673.txt neg pos:0.668081658642799 neg:0.33191834135720105 
cv198_18180.txt pos pos:0.9947577331660309 neg:0.005242266833969214 
cv047_18725.txt neg pos:0.9910062992984315 neg:0.008993700701568498 
cv106_18379.txt neg neg:0.519887703270796 pos:0.480112296729204 
cv483_18103.txt neg neg:0.9988955737346239 pos:0.0011044262653761106 
cv715_18179.txt pos neg:0.6304318308770165 pos:0.36956816912298346 
cv280_8267.txt pos pos:0.547383980844969 neg:0.45261601915503097 
cv408_5367.txt neg neg:0.999575737171057 pos:4.2426282894310633E-4 
cv815_22456.txt pos pos:0.9577321972419791 neg:0.042267802758020855 
cv462_20788.txt neg pos:0.9575933315144376 neg:0.04240666848556234 
cv766_7983.txt neg neg:0.9999989304043163 pos:1.0695956837400897E-6 
cv896_17819.txt neg neg:0.9866887129442862 pos:0.013311287055713742 
cv178_14380.txt neg neg:0.9828428209016554 pos:0.01715717909834464 
cv502_10406.txt pos neg:0.9874655423354651 pos:0.012534457664534955 
cv609_23877.txt pos pos:0.9365105840616663 neg:0.06348941593833367 
cv397_29023.txt pos pos:0.9217059886882332 neg:0.07829401131176689 
cv643_29349.txt pos pos:0.5541752844929473 neg:0.44582471550705277 
cv232_16768.txt neg pos:0.9824187417636442 neg:0.017581258236355694 
cv631_4782.txt neg pos:0.5345725832386099 neg:0.4654274167613901 
cv634_11989.txt neg neg:0.9999579564254802 pos:4.2043574519803575E-5 
cv085_1381.txt pos pos:0.9999999999956153 neg:4.3846282123900054E-12 
cv814_18975.txt pos pos:0.7921314819834384 neg:0.20786851801656164 
cv453_10911.txt neg neg:0.9999999999907332 pos:9.266864338353617E-12 
cv235_10704.txt neg neg:0.9998867643119775 pos:1.1323568802242699E-4 
cv810_13660.txt neg pos:0.881939857772076 neg:0.11806014222792396 
cv553_26915.txt pos pos:0.9999999999965763 neg:3.4236541276708073E-12 
cv865_28796.txt neg pos:0.994030100340323 neg:0.005969899659677013 
cv834_23192.txt neg neg:0.9999866920798962 pos:1.3307920103739657E-5 
cv309_23737.txt neg pos:0.9659102830636641 neg:0.03408971693633596 
cv062_24556.txt neg neg:0.9999915156993968 pos:8.484300603208872E-6 
cv718_12227.txt neg neg:0.9998754469451193 pos:1.2455305488064607E-4 
cv331_8656.txt neg pos:0.9608793914900825 neg:0.039120608509917415 
cv755_23616.txt pos pos:0.9445006734213912 neg:0.0554993265786088 
cv622_8583.txt neg neg:0.9972496624151551 pos:0.0027503375848449327 
Trial 0 Trainer MaxEntTrainer,gaussianPriorVariance=1.0 Training Data Confusion Matrix
Confusion Matrix, row=true, column=predicted  accuracy=1.0
  label   0   1  |total
  0 neg 900   .  |900
  1 pos   . 900  |900

Trial 0 Trainer MaxEntTrainer,gaussianPriorVariance=1.0 training data accuracy= 1.0
Trial 0 Trainer MaxEntTrainer,gaussianPriorVariance=1.0 Test Data Confusion Matrix
Confusion Matrix, row=true, column=predicted  accuracy=0.79
  label   0   1  |total
  0 neg  76  24  |100
  1 pos  18  82  |100

Trial 0 Trainer MaxEntTrainer,gaussianPriorVariance=1.0 test data accuracy= 0.79

MaxEntTrainer,gaussianPriorVariance=1.0
Summary. train accuracy mean = 1.0 stddev = 0.0 stderr = 0.0
Summary. test accuracy mean = 0.79 stddev = 0.0 stderr = 0.0
