
-------------------- Trial 0  --------------------

Trial 0 Training MaxEntTrainer,gaussianPriorVariance=1.0 with 1800 instances
Trial 0 Training MaxEntTrainer,gaussianPriorVariance=1.0 finished
Trial 0 Trainer MaxEntTrainer,gaussianPriorVariance=1.0
 Raw Testing Data
cv133_18065.txt neg neg:0.9977322153124231 pos:0.002267784687576911 
cv478_15921.txt neg neg:0.9999326687542472 pos:6.733124575262955E-5 
cv782_19526.txt pos pos:0.9887443601910973 neg:0.011255639808902587 
cv112_11193.txt pos neg:0.5730930322982188 pos:0.42690696770178116 
cv408_5297.txt pos neg:0.935966348998662 pos:0.06403365100133795 
cv011_12166.txt pos pos:0.9919375912951253 neg:0.008062408704874803 
cv367_24065.txt neg neg:0.9999952564919775 pos:4.743508022426496E-6 
cv348_18176.txt pos pos:0.9961603195936414 neg:0.0038396804063586263 
cv070_12289.txt pos pos:0.9999963936583817 neg:3.60634161822648E-6 
cv433_10443.txt neg pos:0.9975479836437862 neg:0.0024520163562139078 
cv031_18452.txt pos pos:0.9998991474179542 neg:1.0085258204581717E-4 
cv649_12735.txt pos pos:0.9958909192245454 neg:0.0041090807754546035 
cv343_10906.txt neg neg:0.8911397215267809 pos:0.10886027847321914 
cv390_12187.txt neg neg:0.9934439018887771 pos:0.006556098111222814 
cv794_17353.txt neg neg:0.9980098957695628 pos:0.00199010423043727 
cv922_10073.txt pos pos:0.9999999999982283 neg:1.7716760352814767E-12 
cv437_24070.txt neg neg:0.9995356510237393 pos:4.643489762606917E-4 
cv785_22600.txt pos pos:0.9999188889055333 neg:8.111109446681488E-5 
cv515_18484.txt neg neg:0.8509665329010221 pos:0.14903346709897783 
cv492_19370.txt neg neg:0.9970224368733723 pos:0.00297756312662764 
cv279_18329.txt pos pos:0.9507109513759768 neg:0.04928904862402319 
cv435_24355.txt neg neg:0.6958591901464352 pos:0.30414080985356484 
cv534_15683.txt neg pos:0.5523567027701624 neg:0.44764329722983764 
cv867_16661.txt pos pos:0.9845251427355367 neg:0.015474857264463189 
cv838_25886.txt neg pos:0.994244684163374 neg:0.005755315836626007 
cv479_5450.txt neg neg:0.9999926605210704 pos:7.339478929670208E-6 
cv078_14730.txt pos pos:0.9999975897415385 neg:2.410258461371681E-6 
cv701_15880.txt neg pos:0.8920711290575618 neg:0.10792887094243823 
cv377_8440.txt neg pos:0.8001434442458509 neg:0.19985655575414918 
cv860_15520.txt neg neg:0.9999995759878048 pos:4.2401219527764207E-7 
cv776_20529.txt pos pos:0.9943293037746282 neg:0.00567069622537181 
cv240_14336.txt pos pos:0.9999974353993739 neg:2.5646006261763827E-6 
cv783_13227.txt pos pos:0.5151327495052673 neg:0.4848672504947327 
cv991_19973.txt neg neg:0.9999178429760087 pos:8.215702399124757E-5 
cv823_17055.txt neg neg:0.9995008516301278 pos:4.991483698720773E-4 
cv352_5414.txt neg neg:0.9998617446814865 pos:1.382553185135147E-4 
cv350_22139.txt neg neg:0.9721749653594179 pos:0.027825034640582075 
cv817_3675.txt neg neg:0.9336781836496657 pos:0.06632181635033439 
cv917_29715.txt pos pos:0.9968025872054209 neg:0.003197412794579135 
cv834_22195.txt pos pos:0.9999203965010443 neg:7.960349895585332E-5 
cv177_10904.txt neg neg:0.9858146490487211 pos:0.014185350951279013 
cv045_23923.txt pos pos:0.9999341502653055 neg:6.584973469434987E-5 
cv131_11568.txt neg neg:0.9999635535749725 pos:3.644642502751187E-5 
cv572_20053.txt neg neg:0.9999433030719199 pos:5.6696928080049885E-5 
cv241_23130.txt pos pos:0.9999970754544882 neg:2.924545511799846E-6 
cv141_15686.txt pos pos:0.937874046948352 neg:0.062125953051648156 
cv523_18285.txt neg neg:0.9929102689746564 pos:0.00708973102534351 
cv375_9929.txt pos pos:0.9954947593195064 neg:0.004505240680493552 
cv346_18168.txt pos neg:0.9951432191768025 pos:0.004856780823197518 
cv428_12202.txt neg neg:0.9999999988220529 pos:1.177947110675352E-9 
cv552_0150.txt neg neg:0.9996773107145197 pos:3.2268928548027557E-4 
cv802_28381.txt neg neg:0.998608172381299 pos:0.0013918276187009973 
cv507_9509.txt neg neg:0.9953569138207367 pos:0.004643086179263371 
cv201_7421.txt neg pos:0.9865185840396388 neg:0.013481415960361226 
cv259_11827.txt neg neg:0.9999994944504202 pos:5.055495796826163E-7 
cv349_13507.txt pos pos:0.999180326385917 neg:8.19673614082985E-4 
cv458_8604.txt pos pos:0.9998333421776633 neg:1.666578223367711E-4 
cv651_10492.txt pos neg:0.904916061081715 pos:0.09508393891828516 
cv880_29800.txt pos pos:0.9861137144788268 neg:0.013886285521173228 
cv932_14854.txt neg neg:0.9999999997414635 pos:2.5853642275107383E-10 
cv314_14422.txt pos neg:0.7666564618635934 pos:0.23334353813640668 
cv277_19091.txt pos pos:0.8748756764480646 neg:0.1251243235519354 
cv105_19135.txt neg pos:0.8189533408780775 neg:0.18104665912192247 
cv272_18974.txt pos neg:0.9980781585519182 pos:0.0019218414480818345 
cv795_10291.txt neg neg:0.9999981433372538 pos:1.8566627462284487E-6 
cv096_11474.txt pos pos:0.999993555497374 neg:6.4445026260071836E-6 
cv866_29691.txt pos pos:0.9992619923225149 neg:7.380076774852303E-4 
cv136_11505.txt pos pos:0.97340899387093 neg:0.02659100612906986 
cv664_4389.txt pos pos:0.7098354312836054 neg:0.2901645687163947 
cv179_9228.txt pos pos:0.9946731967228479 neg:0.005326803277152198 
cv528_10822.txt pos pos:0.9989729369867127 neg:0.0010270630132872994 
cv995_21821.txt pos pos:0.9999999999970888 neg:2.9112634086093098E-12 
cv475_22978.txt neg pos:0.9993942130255157 neg:6.057869744843759E-4 
cv070_13249.txt neg neg:0.9899365366243771 pos:0.010063463375622982 
cv657_25835.txt neg neg:0.9999149684313713 pos:8.503156862861469E-5 
cv969_14760.txt neg pos:0.8446604093352342 neg:0.1553395906647658 
cv935_23841.txt pos pos:0.9999999986650563 neg:1.3349436417967476E-9 
cv920_29622.txt pos pos:0.9869767722380332 neg:0.013023227761966915 
cv126_28821.txt neg neg:0.9999986423442919 pos:1.3576557080407863E-6 
cv668_17604.txt pos pos:0.9999998707526534 neg:1.2924734663431534E-7 
cv521_1730.txt neg neg:0.9873394720492598 pos:0.012660527950740207 
cv790_14600.txt pos neg:0.9725214348320965 pos:0.027478565167903604 
cv822_21545.txt neg pos:0.9473736287798705 neg:0.05262637122012951 
cv247_14668.txt neg neg:0.7755221074736379 pos:0.22447789252636205 
cv972_26417.txt pos pos:0.8841088383325827 neg:0.11589116166741727 
cv675_22871.txt neg pos:0.8937218417120123 neg:0.10627815828798758 
cv509_17354.txt neg neg:0.8411092134726962 pos:0.15889078652730382 
cv952_25240.txt pos pos:0.9848619108498288 neg:0.015138089150171131 
cv205_9676.txt neg neg:0.8216799143501188 pos:0.17832008564988128 
cv734_21568.txt pos pos:0.9116462161195673 neg:0.0883537838804327 
cv968_24218.txt pos pos:0.9999911253390128 neg:8.874660987239433E-6 
cv502_10970.txt neg pos:0.6963581206252015 neg:0.3036418793747984 
cv406_22199.txt neg neg:0.999999574969017 pos:4.2503098300143054E-7 
cv275_28725.txt neg pos:0.5181308837391232 neg:0.4818691162608768 
cv806_9405.txt neg neg:0.9995029995834748 pos:4.97000416525161E-4 
cv290_11084.txt pos pos:0.9985159544667161 neg:0.0014840455332838268 
cv439_17633.txt neg neg:0.9998289196128882 pos:1.7108038711185767E-4 
cv372_6552.txt pos neg:0.7293452563886527 pos:0.2706547436113474 
cv014_15600.txt neg neg:0.9999755546435175 pos:2.444535648251655E-5 
cv531_26838.txt neg neg:0.9999188185125804 pos:8.11814874196251E-5 
cv367_22792.txt pos pos:0.9999995920649615 neg:4.0793503842725934E-7 
cv818_10211.txt pos pos:0.9999997093913945 neg:2.9060860555916377E-7 
cv642_29788.txt neg neg:0.9988728143468898 pos:0.0011271856531102167 
cv925_8969.txt pos neg:0.5445752317445429 pos:0.4554247682554571 
cv936_17473.txt neg neg:0.9999891214865129 pos:1.0878513487234349E-5 
cv228_5806.txt pos pos:0.9999992621481468 neg:7.378518532154818E-7 
cv912_5562.txt neg neg:0.9999999418574954 pos:5.8142504503722924E-8 
cv308_5016.txt pos pos:0.9996850340330614 neg:3.1496596693864694E-4 
cv749_18960.txt neg neg:0.9999999997237898 pos:2.762101751836555E-10 
cv087_1989.txt pos pos:0.9999999982453642 neg:1.7546357636208047E-9 
cv442_15499.txt neg neg:0.9999982875726113 pos:1.7124273887717147E-6 
cv812_17924.txt pos pos:0.9999150675192824 neg:8.493248071765625E-5 
cv255_13683.txt pos pos:0.7143660165770931 neg:0.2856339834229069 
cv421_9752.txt neg neg:0.9501952180327815 pos:0.049804781967218464 
cv783_14724.txt neg neg:0.9999839781713435 pos:1.602182865647058E-5 
cv102_7846.txt pos pos:0.7944636262108622 neg:0.20553637378913786 
cv174_9735.txt neg neg:0.9996275248973915 pos:3.7247510260844484E-4 
cv326_14777.txt neg neg:0.9866058875627703 pos:0.01339411243722971 
cv704_15969.txt pos pos:0.968383330764781 neg:0.03161666923521894 
cv398_15537.txt pos pos:0.9998648841277363 neg:1.3511587226370188E-4 
cv584_29722.txt pos pos:0.9999360997535627 neg:6.390024643732636E-5 
cv645_17078.txt neg neg:0.5410227329052859 pos:0.4589772670947141 
cv352_5524.txt pos pos:0.9999667728743824 neg:3.322712561762673E-5 
cv701_14252.txt pos pos:0.9999999917007559 neg:8.299244099094598E-9 
cv986_13527.txt pos pos:0.9811864836638726 neg:0.01881351633612731 
cv756_23676.txt neg neg:0.9999877423583736 pos:1.2257641626442833E-5 
cv576_14094.txt pos pos:0.9668015090422046 neg:0.033198490957795396 
cv988_20168.txt neg neg:0.9999994775153945 pos:5.224846053997772E-7 
cv297_10104.txt neg neg:0.9998271771116416 pos:1.7282288835843284E-4 
cv747_18189.txt neg pos:0.99291961651927 neg:0.007080383480730158 
cv596_4367.txt neg pos:0.9380772551001892 neg:0.061922744899810714 
cv243_20728.txt pos pos:0.9999999879909433 neg:1.2009056620501655E-8 
cv473_7869.txt neg neg:0.6588575239239868 pos:0.34114247607601333 
cv364_14254.txt neg neg:0.9993792733099532 pos:6.207266900468001E-4 
cv670_25826.txt pos pos:0.7882668264990825 neg:0.21173317350091747 
cv117_25625.txt neg neg:0.9996653762700962 pos:3.3462372990368847E-4 
cv417_13115.txt pos pos:0.9983751893654839 neg:0.0016248106345161256 
cv318_10493.txt pos pos:0.997808175646776 neg:0.0021918243532240166 
cv802_28664.txt pos pos:0.999969155226089 neg:3.0844773910868256E-5 
cv425_8603.txt neg neg:0.9999845592338344 pos:1.544076616561174E-5 
cv986_15092.txt neg neg:0.9793165736732864 pos:0.020683426326713668 
cv460_11723.txt neg neg:0.9993465038173437 pos:6.534961826562425E-4 
cv934_19027.txt pos pos:0.9999029620464832 neg:9.703795351679398E-5 
cv535_21183.txt neg neg:0.9967635149974889 pos:0.0032364850025110134 
cv394_5137.txt pos pos:0.9999539268022507 neg:4.607319774925425E-5 
cv700_21947.txt pos pos:0.8441390314261622 neg:0.15586096857383777 
cv323_29805.txt pos pos:0.9998468217677381 neg:1.531782322619709E-4 
cv293_29731.txt neg neg:0.999879222868065 pos:1.2077713193500097E-4 
cv022_14227.txt neg neg:0.9999999985818506 pos:1.418149406779364E-9 
cv879_16585.txt neg neg:0.9639262076602102 pos:0.03607379233978975 
cv207_29284.txt pos pos:0.9954606582619252 neg:0.00453934173807491 
cv966_28671.txt neg neg:0.9993410562700346 pos:6.589437299654932E-4 
cv004_12641.txt neg neg:0.9998118861123358 pos:1.8811388766419858E-4 
cv091_7400.txt pos pos:0.9572239927670391 neg:0.04277600723296088 
cv731_3968.txt neg neg:0.999426991664303 pos:5.730083356968441E-4 
cv567_29611.txt pos pos:0.9999999571148789 neg:4.288512110630525E-8 
cv704_17622.txt neg neg:0.9986700669900771 pos:0.001329933009923051 
cv207_29141.txt neg pos:0.7582563511395924 neg:0.24174364886040753 
cv804_10862.txt pos pos:0.997575169877885 neg:0.0024248301221150184 
cv581_19381.txt pos pos:0.9999761373061137 neg:2.3862693886362874E-5 
cv685_5947.txt pos pos:0.9115280665777726 neg:0.08847193342222724 
cv913_29127.txt neg neg:0.9548449230282947 pos:0.0451550769717053 
cv672_27988.txt neg neg:0.9891305843024444 pos:0.010869415697555512 
cv417_14653.txt neg neg:0.9969778302907274 pos:0.0030221697092726193 
cv861_1198.txt pos neg:0.8099041408776604 pos:0.19009585912233962 
cv177_10367.txt pos pos:0.9995741619572978 neg:4.2583804270226593E-4 
cv132_5618.txt pos pos:0.8663877311451071 neg:0.13361226885489277 
cv427_11693.txt neg pos:0.9570296518605332 neg:0.042970348139466666 
cv582_6559.txt pos pos:0.999999518620447 neg:4.813795530046445E-7 
cv814_20316.txt neg neg:0.9977634716061425 pos:0.002236528393857344 
cv533_9843.txt neg neg:0.9999958702260486 pos:4.129773951392683E-6 
cv863_7912.txt neg neg:0.995403026786818 pos:0.004596973213182109 
cv799_18543.txt pos pos:0.9507039247423822 neg:0.0492960752576178 
cv518_14798.txt neg neg:0.9996150463936575 pos:3.8495360634240565E-4 
cv231_10425.txt pos pos:0.9999999699226447 neg:3.007735533135453E-8 
cv298_23111.txt pos pos:0.9999999964198358 neg:3.5801641444791748E-9 
cv800_12368.txt pos pos:0.9999998729611449 neg:1.2703885507210498E-7 
cv656_25395.txt neg neg:0.9999999986549271 pos:1.3450729573879892E-9 
cv156_10481.txt pos neg:0.9207536677294719 pos:0.07924633227052814 
cv735_18801.txt pos pos:0.9909844233684799 neg:0.00901557663152011 
cv522_5583.txt pos pos:0.9799857209536812 neg:0.02001427904631875 
cv482_10580.txt pos neg:0.5987359878393377 pos:0.40126401216066226 
cv497_26980.txt pos pos:0.9975809527888682 neg:0.0024190472111318448 
cv036_16831.txt pos pos:0.7302830449842486 neg:0.26971695501575155 
cv950_13478.txt neg neg:0.9999999998950897 pos:1.0491039431533099E-10 
cv922_10185.txt neg neg:0.9985390997252476 pos:0.0014609002747523977 
cv615_15734.txt neg neg:0.9940435528651049 pos:0.005956447134895121 
cv803_8584.txt neg neg:0.9796919599469506 pos:0.020308040053049533 
cv322_21820.txt neg neg:0.9999995765538893 pos:4.2344611062403386E-7 
cv422_9632.txt neg neg:0.9985796038432645 pos:0.0014203961567355507 
cv839_21467.txt pos pos:0.9999985771195368 neg:1.4228804632934727E-6 
cv216_18738.txt pos pos:0.9998821276429684 neg:1.1787235703171117E-4 
cv370_5221.txt pos neg:0.9988541644354415 pos:0.001145835564558484 
cv309_22571.txt pos pos:0.9999999999938731 neg:6.1269844692538024E-12 
cv449_8785.txt pos pos:0.999998570442059 neg:1.4295579410399785E-6 
cv916_15467.txt pos pos:0.999999999721841 neg:2.781590507453629E-10 
cv135_12506.txt neg neg:0.9886887136823188 pos:0.011311286317681237 
cv006_15448.txt pos pos:0.9933104034030137 neg:0.006689596596986354 
cv239_3385.txt pos pos:0.9864254717785892 neg:0.013574528221410838 
cv138_13903.txt neg neg:0.9999429485529776 pos:5.7051447022504794E-5 
Trial 0 Trainer MaxEntTrainer,gaussianPriorVariance=1.0 Training Data Confusion Matrix
Confusion Matrix, row=true, column=predicted  accuracy=1.0
  label   0   1  |total
  0 neg 900   .  |900
  1 pos   . 900  |900

Trial 0 Trainer MaxEntTrainer,gaussianPriorVariance=1.0 training data accuracy= 1.0
Trial 0 Trainer MaxEntTrainer,gaussianPriorVariance=1.0 Test Data Confusion Matrix
Confusion Matrix, row=true, column=predicted  accuracy=0.85
  label   0   1  |total
  0 neg  83  17  |100
  1 pos  13  87  |100

Trial 0 Trainer MaxEntTrainer,gaussianPriorVariance=1.0 test data accuracy= 0.85

MaxEntTrainer,gaussianPriorVariance=1.0
Summary. train accuracy mean = 1.0 stddev = 0.0 stderr = 0.0
Summary. test accuracy mean = 0.85 stddev = 0.0 stderr = 0.0
