
-------------------- Trial 0  --------------------

Trial 0 Training MaxEntTrainer,gaussianPriorVariance=1.0 with 1800 instances
Trial 0 Training MaxEntTrainer,gaussianPriorVariance=1.0 finished
Trial 0 Trainer MaxEntTrainer,gaussianPriorVariance=1.0
 Raw Testing Data
cv082_11979.txt neg neg:0.9963945078924985 pos:0.0036054921075014553 
cv898_1576.txt neg neg:0.9999999866192097 pos:1.3380790234275633E-8 
cv242_11354.txt neg neg:0.674072474252267 pos:0.325927525747733 
cv693_18063.txt pos neg:0.9967517784211745 pos:0.00324822157882555 
cv659_21483.txt neg neg:0.9999992241203086 pos:7.758796913273627E-7 
cv636_15279.txt pos pos:0.9998984379466589 neg:1.0156205334118031E-4 
cv256_16529.txt neg neg:0.9999984433813985 pos:1.5566186013990659E-6 
cv347_14722.txt neg neg:0.9997905204757221 pos:2.0947952427780419E-4 
cv491_12992.txt neg neg:0.9999921504764212 pos:7.849523578680429E-6 
cv596_28311.txt pos pos:0.9999919825836754 neg:8.017416324684303E-6 
cv410_25624.txt neg neg:0.9976583587296348 pos:0.0023416412703651584 
cv233_15964.txt pos pos:0.9999974443608618 neg:2.555639138245505E-6 
cv831_16325.txt neg neg:0.9878795593179037 pos:0.01212044068209637 
cv298_24487.txt neg neg:0.9998703330434776 pos:1.2966695652242744E-4 
cv510_23360.txt pos pos:0.9999405460306622 neg:5.945396933791761E-5 
cv588_14467.txt neg neg:0.9999991344292967 pos:8.655707033628187E-7 
cv516_11172.txt pos pos:0.9956623505573674 neg:0.004337649442632586 
cv053_23117.txt neg neg:0.9999999999997022 pos:2.978223951523822E-13 
cv923_11951.txt neg neg:0.9999999690269527 pos:3.097304734804212E-8 
cv470_15952.txt pos neg:0.9990247226125756 pos:9.752773874244518E-4 
cv327_20292.txt pos pos:0.9964174833417948 neg:0.003582516658205076 
cv537_13516.txt neg neg:0.613505762505347 pos:0.3864942374946529 
cv343_10368.txt pos pos:0.7420238650640808 neg:0.25797613493591914 
cv292_7282.txt pos neg:0.5604782663493865 pos:0.4395217336506135 
cv025_29825.txt neg pos:0.5703133217020686 neg:0.42968667829793145 
cv129_18373.txt neg neg:0.8526122332818828 pos:0.14738776671811715 
cv263_19259.txt pos pos:0.7465995325414827 neg:0.25340046745851735 
cv599_22197.txt neg neg:0.9999991455820105 pos:8.544179894969346E-7 
cv015_29356.txt neg neg:0.9970311993300979 pos:0.002968800669902228 
cv996_11592.txt pos pos:0.999289533732718 neg:7.104662672819287E-4 
cv235_10217.txt pos pos:0.9880774883834168 neg:0.011922511616583125 
cv666_18963.txt pos pos:0.9843590994645082 neg:0.015640900535491845 
cv365_11576.txt pos pos:0.9894639402576837 neg:0.01053605974231619 
cv172_12037.txt neg neg:0.9999996909050236 pos:3.090949765320581E-7 
cv310_14568.txt neg neg:0.9997250512074736 pos:2.74948792526539E-4 
cv697_11162.txt pos pos:0.9999331166205678 neg:6.688337943206535E-5 
cv534_14083.txt pos pos:0.8980041467491079 neg:0.10199585325089205 
cv622_8147.txt pos pos:0.7500411836375026 neg:0.24995881636249728 
cv362_15341.txt pos pos:0.9997969177270932 neg:2.0308227290680134E-4 
cv816_13655.txt pos neg:0.9995108631693876 pos:4.891368306123153E-4 
cv233_17614.txt neg neg:0.5611044455201428 pos:0.4388955544798572 
cv563_18610.txt neg neg:0.9521842093936931 pos:0.04781579060630687 
cv629_14909.txt pos pos:0.9999908765478397 neg:9.123452160443372E-6 
cv020_9234.txt neg pos:0.8275457290035245 neg:0.17245427099647542 
cv724_15265.txt neg neg:0.9999571520646846 pos:4.284793531540935E-5 
cv286_26156.txt neg neg:0.9999982097700034 pos:1.7902299966146308E-6 
cv357_14710.txt neg neg:0.9145601497547156 pos:0.08543985024528437 
cv595_26420.txt neg neg:0.9999859575481495 pos:1.404245185064695E-5 
cv594_11039.txt pos pos:0.999997802684028 neg:2.197315972086899E-6 
cv572_18657.txt pos pos:0.9362653559185968 neg:0.06373464408140314 
cv828_19831.txt pos pos:0.683781402583762 neg:0.31621859741623815 
cv736_24947.txt neg neg:0.9999999989072876 pos:1.0927123721889857E-9 
cv447_27332.txt pos pos:0.999999987805526 neg:1.2194473946835466E-8 
cv397_28890.txt neg neg:0.9988744005420721 pos:0.0011255994579278154 
cv877_29132.txt neg neg:0.8094089241797908 pos:0.1905910758202092 
cv688_7884.txt neg pos:0.8345912561143747 neg:0.1654087438856253 
cv155_7308.txt pos pos:0.9999969452620758 neg:3.0547379241239545E-6 
cv306_10364.txt pos pos:0.9999999812710615 neg:1.8728938456474604E-8 
cv597_26360.txt pos pos:0.9999212271222624 neg:7.877287773761613E-5 
cv456_20370.txt neg neg:0.9571592902744921 pos:0.042840709725508 
cv821_29283.txt neg neg:0.7667997770319577 pos:0.23320022296804235 
cv745_12773.txt pos pos:0.9275242307643364 neg:0.07247576923566354 
cv882_10026.txt pos pos:0.9979578680604552 neg:0.0020421319395448603 
cv476_16856.txt pos pos:0.9999998765981558 neg:1.2340184415515327E-7 
cv290_11981.txt neg neg:0.9954642428429269 pos:0.004535757157073166 
cv564_12011.txt neg neg:0.8607160706812012 pos:0.1392839293187989 
cv043_15013.txt pos pos:0.9999999972677998 neg:2.732200131381742E-9 
cv285_18186.txt neg neg:0.999974642375137 pos:2.5357624862988366E-5 
cv971_10874.txt pos pos:0.7159603239174529 neg:0.2840396760825472 
cv182_7791.txt neg neg:0.7839875728744299 pos:0.21601242712557017 
cv450_7890.txt pos pos:0.9999870656385969 neg:1.2934361403019157E-5 
cv860_13853.txt pos pos:0.9999736245722539 neg:2.6375427745980957E-5 
cv779_17881.txt pos pos:0.9676833295096346 neg:0.03231667049036543 
cv097_24970.txt pos pos:0.9999565767647117 neg:4.342323528843625E-5 
cv665_29386.txt neg neg:0.9995760216331423 pos:4.239783668575675E-4 
cv468_15228.txt pos pos:0.9999982082939866 neg:1.791706013541593E-6 
cv920_29423.txt neg neg:0.5630574465667816 pos:0.4369425534332185 
cv096_12262.txt neg neg:0.950979626683684 pos:0.04902037331631592 
cv550_23226.txt neg neg:0.9999999363419637 pos:6.365803632278379E-8 
cv391_10802.txt pos pos:0.9999992824357311 neg:7.175642690067285E-7 
cv503_11196.txt neg neg:0.9881398444558435 pos:0.01186015554415654 
cv103_11021.txt pos neg:0.8992206542980421 pos:0.1007793457019578 
cv590_19290.txt pos neg:0.9086668163138483 pos:0.09133318368615183 
cv457_18453.txt pos pos:0.9999951009687473 neg:4.899031252549601E-6 
cv724_13681.txt pos pos:0.9992571144468833 neg:7.42885553116612E-4 
cv344_5376.txt neg neg:0.9999405580839578 pos:5.944191604215908E-5 
cv416_11136.txt pos pos:0.9998054945743589 neg:1.94505425641117E-4 
cv856_29013.txt pos neg:0.8819305773314382 pos:0.11806942266856177 
cv438_8043.txt pos pos:0.9725047034320469 neg:0.027495296567953072 
cv607_7717.txt pos pos:0.9653461637496283 neg:0.03465383625037164 
cv184_2673.txt pos neg:0.7593307285080283 pos:0.24066927149197165 
cv862_15924.txt neg pos:0.9681321110650188 neg:0.031867888934981235 
cv134_23300.txt neg neg:0.9998394915024277 pos:1.6050849757226474E-4 
cv742_7751.txt pos pos:0.986122195202362 neg:0.013877804797638105 
cv066_11668.txt neg neg:0.9999998457118284 pos:1.5428817150974392E-7 
cv133_16336.txt pos pos:0.5607646461437122 neg:0.43923535385628776 
cv635_10022.txt pos pos:0.9876631321926493 neg:0.012336867807350738 
cv330_29675.txt neg neg:0.5556507906762326 pos:0.4443492093237674 
cv751_17208.txt neg neg:0.999696406675618 pos:3.035933243820703E-4 
cv894_22140.txt neg neg:0.9999705323626483 pos:2.946763735169757E-5 
cv391_11615.txt neg neg:0.9963611593379278 pos:0.003638840662072306 
cv104_19176.txt neg pos:0.9999701098030714 neg:2.9890196928621413E-5 
cv044_18429.txt neg neg:0.9999640305121154 pos:3.5969487884526006E-5 
cv313_19337.txt neg neg:0.9988488542007489 pos:0.0011511457992512786 
cv018_20137.txt pos pos:0.9985283916843952 neg:0.0014716083156049275 
cv359_6751.txt neg neg:0.783767061180543 pos:0.216232938819457 
cv261_11855.txt neg neg:0.9997434982617452 pos:2.565017382547884E-4 
cv198_19313.txt neg neg:0.9996893731486153 pos:3.106268513847311E-4 
cv709_10529.txt pos pos:0.9433180102350185 neg:0.056681989764981504 
cv545_12014.txt pos pos:0.9272857295900446 neg:0.07271427040995537 
cv089_11418.txt pos neg:0.8701895759688142 pos:0.12981042403118578 
cv540_3092.txt neg neg:0.9999963971783058 pos:3.60282169428033E-6 
cv094_27868.txt neg pos:0.9851111835912075 neg:0.014888816408792516 
cv837_27232.txt neg neg:0.9970708170318437 pos:0.0029291829681562867 
cv342_19456.txt pos pos:0.943903292657235 neg:0.05609670734276489 
cv300_23302.txt neg neg:0.954190216359431 pos:0.04580978364056902 
cv493_14135.txt neg neg:0.9983233294650171 pos:0.001676670534982944 
cv127_16451.txt neg pos:0.9110342117497782 neg:0.08896578825022182 
cv301_13010.txt neg pos:0.90865055480037 neg:0.09134944519962998 
cv674_10732.txt pos pos:0.9866495208297511 neg:0.013350479170248914 
cv250_26462.txt neg neg:0.9992764974610507 pos:7.23502538949249E-4 
cv356_25163.txt pos pos:0.8908059454276475 neg:0.1091940545723526 
cv019_16117.txt neg neg:0.9999943674126079 pos:5.632587391911675E-6 
cv625_13518.txt neg neg:0.9478428597361482 pos:0.052157140263851744 
cv845_15886.txt neg pos:0.9999945166821625 neg:5.483317837518731E-6 
cv464_15650.txt pos neg:0.9964100308986721 pos:0.003589969101327793 
cv044_16969.txt pos pos:0.9951987436761931 neg:0.004801256323806798 
cv514_11187.txt pos neg:0.9736017372259683 pos:0.026398262774031744 
cv951_11816.txt neg neg:0.9215814879334873 pos:0.0784185120665128 
cv444_9974.txt pos pos:0.9943236434012658 neg:0.005676356598734231 
cv915_9342.txt neg neg:0.9999980733823927 pos:1.9266176073345597E-6 
cv048_16828.txt pos pos:0.9989198915983423 neg:0.0010801084016578584 
cv573_29525.txt pos pos:0.9984152397187497 neg:0.0015847602812503628 
cv077_23172.txt neg neg:0.9999951634192505 pos:4.836580749543555E-6 
cv928_9478.txt neg neg:0.7588576910539423 pos:0.24114230894605765 
cv033_25680.txt neg neg:0.9832375021953591 pos:0.016762497804640866 
cv723_8648.txt pos pos:0.9686672732760021 neg:0.031332726723997784 
cv283_11055.txt pos pos:0.9488718337636832 neg:0.05112816623631673 
cv335_14665.txt pos neg:0.8254702013138119 pos:0.1745297986861882 
cv299_16214.txt pos pos:0.9897457595993979 neg:0.010254240400602155 
cv931_18783.txt neg pos:0.5553078081940285 neg:0.4446921918059715 
cv434_5641.txt neg pos:0.8573067359844431 neg:0.14269326401555696 
cv401_13758.txt neg neg:0.9557686544683648 pos:0.0442313455316351 
cv869_23611.txt pos pos:0.9999885503989154 neg:1.1449601084672101E-5 
cv997_5152.txt neg neg:0.9999772664863023 pos:2.2733513697706213E-5 
cv149_17084.txt neg neg:0.9999991926097371 pos:8.073902628439209E-7 
cv800_13494.txt neg neg:0.9835711338674759 pos:0.016428866132524124 
cv448_16409.txt neg pos:0.9843409555393237 neg:0.015659044460676255 
cv621_14368.txt pos pos:0.9999842600224641 neg:1.5739977535909267E-5 
cv958_13020.txt neg neg:0.6238897380080323 pos:0.37611026199196773 
cv990_12443.txt neg neg:0.9999650435310121 pos:3.495646898790911E-5 
cv026_29325.txt pos pos:0.6620022775279293 neg:0.3379977224720706 
cv180_17823.txt neg neg:0.999972057780147 pos:2.7942219853040647E-5 
cv527_10338.txt neg pos:0.8560197241396731 neg:0.14398027586032683 
cv242_10638.txt pos neg:0.9588080107721224 pos:0.041191989227877486 
cv454_2053.txt pos pos:0.7922192901416024 neg:0.20778070985839764 
cv209_29118.txt pos pos:0.610024351217384 neg:0.389975648782616 
cv994_13229.txt neg neg:0.999999983774178 pos:1.6225821883568408E-8 
cv804_11763.txt neg pos:0.9843793751659305 neg:0.015620624834069514 
cv824_9335.txt neg pos:0.922036975441828 neg:0.07796302455817189 
cv871_24888.txt pos neg:0.9670700519680072 pos:0.03292994803199285 
cv141_17179.txt neg neg:0.9999892115995431 pos:1.0788400456810806E-5 
cv118_28837.txt neg neg:0.9997637406336904 pos:2.3625936630965435E-4 
cv780_8467.txt neg pos:0.7001877980504659 neg:0.299812201949534 
cv933_23776.txt pos pos:0.9999953356798732 neg:4.664320126832195E-6 
cv050_11175.txt pos neg:0.8094694096595697 pos:0.19053059034043032 
cv120_3793.txt neg neg:0.5500097754773093 pos:0.4499902245226906 
cv061_8837.txt pos pos:0.9999998428029929 neg:1.571970070521478E-7 
cv248_13987.txt pos pos:0.9285752674755764 neg:0.07142473252442356 
cv258_5792.txt pos pos:0.9999430651833562 neg:5.6934816643677765E-5 
cv819_9364.txt pos pos:0.9935174307329934 neg:0.006482569267006748 
cv225_29083.txt neg neg:0.9999986876730704 pos:1.3123269294885837E-6 
cv287_15900.txt pos neg:0.7296533071026972 pos:0.2703466928973029 
cv250_25616.txt pos pos:0.9943101565537205 neg:0.0056898434462795385 
cv191_29539.txt neg neg:0.9999804333283947 pos:1.9566671605199546E-5 
cv993_29737.txt pos pos:0.9186885438821445 neg:0.08131145611785538 
cv400_19220.txt pos pos:0.9136981170655027 neg:0.0863018829344973 
cv303_27520.txt pos pos:0.9999938927737888 neg:6.1072262110862975E-6 
cv795_10122.txt pos pos:0.9999999235251417 neg:7.647485843302075E-8 
cv848_10036.txt pos pos:0.9999652999636965 neg:3.4700036303450815E-5 
cv533_9821.txt pos pos:0.992319811710538 neg:0.007680188289462076 
cv578_16825.txt neg neg:0.7197593226824546 pos:0.2802406773175454 
cv410_24266.txt pos neg:0.999940457949658 pos:5.954205034187397E-5 
cv060_11754.txt neg pos:0.957043720814924 neg:0.04295627918507607 
cv604_2230.txt pos pos:0.7639565472458886 neg:0.23604345275411137 
cv086_18371.txt pos pos:0.999885978568501 neg:1.1402143149892112E-4 
cv987_7394.txt neg neg:0.9999989081567118 pos:1.0918432883160246E-6 
cv255_15267.txt neg neg:0.9843480994992948 pos:0.015651900500705317 
cv557_11449.txt pos pos:0.989433714605583 neg:0.010566285394417008 
cv294_11684.txt pos pos:0.9999991918424854 neg:8.081575145564284E-7 
cv147_21193.txt pos pos:0.9999999999869087 neg:1.3091260366600212E-11 
cv711_12687.txt neg neg:0.9998710708661083 pos:1.289291338917068E-4 
cv429_7937.txt neg neg:0.9999999096393895 pos:9.036061070518007E-8 
cv407_22637.txt pos pos:0.9751333559585958 neg:0.02486664404140414 
cv196_29027.txt pos pos:0.9971186032238512 neg:0.002881396776148834 
cv491_12145.txt pos pos:0.9365949523844144 neg:0.06340504761558557 
cv411_16799.txt neg neg:0.9992063798259968 pos:7.93620174003152E-4 
cv633_29730.txt neg neg:0.999972037460246 pos:2.796253975398079E-5 
cv943_22488.txt pos pos:0.9775438791183972 neg:0.022456120881602683 
cv813_6534.txt pos pos:0.9999998880408453 neg:1.1195915477845216E-7 
Trial 0 Trainer MaxEntTrainer,gaussianPriorVariance=1.0 Training Data Confusion Matrix
Confusion Matrix, row=true, column=predicted  accuracy=1.0
  label   0   1  |total
  0 neg 900   .  |900
  1 pos   . 900  |900

Trial 0 Trainer MaxEntTrainer,gaussianPriorVariance=1.0 training data accuracy= 1.0
Trial 0 Trainer MaxEntTrainer,gaussianPriorVariance=1.0 Test Data Confusion Matrix
Confusion Matrix, row=true, column=predicted  accuracy=0.83
  label   0   1  |total
  0 neg  83  17  |100
  1 pos  17  83  |100

Trial 0 Trainer MaxEntTrainer,gaussianPriorVariance=1.0 test data accuracy= 0.83

MaxEntTrainer,gaussianPriorVariance=1.0
Summary. train accuracy mean = 1.0 stddev = 0.0 stderr = 0.0
Summary. test accuracy mean = 0.83 stddev = 0.0 stderr = 0.0
