
-------------------- Trial 0  --------------------

Trial 0 Training MaxEntTrainer,gaussianPriorVariance=1.0 with 1800 instances
Trial 0 Training MaxEntTrainer,gaussianPriorVariance=1.0 finished
Trial 0 Trainer MaxEntTrainer,gaussianPriorVariance=1.0
 Raw Testing Data
cv195_14528.txt pos pos:0.7638325530727883 neg:0.23616744692721164 
cv750_10180.txt pos pos:0.9999998768725232 neg:1.231274767161929E-7 
cv687_22207.txt neg neg:0.9980174422756425 pos:0.0019825577243575525 
cv588_13008.txt pos pos:0.7745591448912574 neg:0.22544085510874254 
cv010_29063.txt neg pos:0.9999083885101807 neg:9.161148981912905E-5 
cv038_9749.txt pos pos:0.5871580933013361 neg:0.412841906698664 
cv858_18819.txt pos pos:0.9999679235465444 neg:3.207645345555333E-5 
cv702_12371.txt neg neg:0.999447728221132 pos:5.52271778867966E-4 
cv744_10038.txt pos neg:0.868152543391603 pos:0.13184745660839697 
cv757_10189.txt pos neg:0.6257854451758653 pos:0.37421455482413474 
cv081_18241.txt neg neg:0.6437951954660138 pos:0.3562048045339862 
cv552_10016.txt pos pos:0.9913846354568768 neg:0.008615364543123057 
cv321_12843.txt pos neg:0.9602756004054201 pos:0.03972439959457983 
cv667_19672.txt neg neg:0.9985819156541489 pos:0.001418084345851074 
cv954_18628.txt pos neg:0.7840195649730822 pos:0.2159804350269178 
cv332_17997.txt neg neg:0.9999981088534686 pos:1.8911465313024563E-6 
cv311_17708.txt neg pos:0.997897736541408 neg:0.002102263458592075 
cv315_12638.txt neg neg:0.8263512317616113 pos:0.1736487682383888 
cv747_16556.txt pos pos:0.9995451537121669 neg:4.5484628783297264E-4 
cv017_22464.txt pos pos:0.99999998660337 neg:1.3396630174825493E-8 
cv923_11051.txt pos pos:0.9999888085247013 neg:1.1191475298577638E-5 
cv406_21020.txt pos pos:0.9999930246652865 neg:6.975334713492763E-6 
cv241_24602.txt neg neg:0.8819399169906654 pos:0.11806008300933456 
cv389_9611.txt neg neg:0.9999709063206984 pos:2.9093679301645595E-5 
cv932_13401.txt pos neg:0.9999998092482008 pos:1.9075179934365715E-7 
cv183_19826.txt neg neg:0.9990391291317832 pos:9.608708682169578E-4 
cv427_10825.txt pos pos:0.9984347102721809 neg:0.0015652897278192368 
cv396_19127.txt neg pos:0.9748387977067922 neg:0.025161202293207913 
cv948_24606.txt pos pos:0.998295320899333 neg:0.0017046791006669125 
cv419_14799.txt neg neg:0.999999292245638 pos:7.077543621240018E-7 
cv030_21593.txt pos pos:0.6097251749531798 neg:0.3902748250468202 
cv278_13041.txt pos neg:0.9871905039990417 pos:0.012809496000958326 
cv163_10052.txt pos pos:0.9999962018964165 neg:3.798103583647468E-6 
cv874_11236.txt pos neg:0.853662935580844 pos:0.14633706441915606 
cv583_29465.txt neg neg:0.9987801462992838 pos:0.00121985370071618 
cv581_20790.txt neg neg:0.9804956251896404 pos:0.019504374810359697 
cv016_4348.txt neg neg:0.9999996357115283 pos:3.6428847169587494E-7 
cv973_10066.txt pos pos:0.9999760492595607 neg:2.3950740439339032E-5 
cv065_16909.txt neg neg:0.9999999223981557 pos:7.760184425852899E-8 
cv671_5054.txt pos pos:0.9999439192766861 neg:5.608072331377573E-5 
cv530_16212.txt pos pos:0.9999392684956009 neg:6.073150439909602E-5 
cv149_15670.txt pos neg:0.9926304507875465 pos:0.007369549212453357 
cv068_13400.txt pos neg:0.6310627724104985 pos:0.36893722758950154 
cv719_5581.txt neg neg:0.9024242659794205 pos:0.09757573402057962 
cv943_23547.txt neg neg:0.9966364079430876 pos:0.0033635920569124443 
cv791_17995.txt neg neg:0.997837689782817 pos:0.0021623102171831133 
cv930_14949.txt neg neg:0.9997832172793496 pos:2.1678272065037818E-4 
cv167_16376.txt pos pos:0.9999997839250171 neg:2.1607498304981448E-7 
cv635_0984.txt neg neg:0.999941412918892 pos:5.858708110802621E-5 
cv253_10190.txt neg neg:0.9999910593771822 pos:8.940622817870884E-6 
cv234_22123.txt neg neg:0.9999999351145052 pos:6.488549484868332E-8 
cv254_5870.txt neg neg:0.9989165822114008 pos:0.0010834177885991933 
cv440_15243.txt pos pos:0.9999999056398741 neg:9.43601258892148E-8 
cv738_10287.txt neg neg:0.9999999472926723 pos:5.270732765979516E-8 
cv295_15570.txt pos neg:0.9950736986884875 pos:0.004926301311512573 
cv465_23401.txt neg neg:0.999700790525673 pos:2.99209474327114E-4 
cv580_15681.txt neg neg:0.5731746859149106 pos:0.42682531408508934 
cv123_11182.txt pos pos:0.9529454569934519 neg:0.04705454300654806 
cv477_22479.txt pos pos:0.9998843499230341 neg:1.1565007696595732E-4 
cv256_14740.txt pos pos:0.9999999999214717 neg:7.852821238580266E-11 
cv445_26683.txt neg neg:0.5307078758235467 pos:0.4692921241764533 
cv303_27366.txt neg neg:0.9559204938459365 pos:0.044079506154063613 
cv714_19704.txt neg neg:0.9998318090459631 pos:1.6819095403678206E-4 
cv903_18981.txt neg neg:0.7690458545439501 pos:0.23095414545604992 
cv942_17082.txt pos pos:0.9146549495372371 neg:0.08534505046276279 
cv273_28961.txt neg neg:0.869623868935681 pos:0.13037613106431895 
cv608_23231.txt pos pos:0.8010535872207468 neg:0.19894641277925315 
cv900_10331.txt pos pos:0.9999998854734944 neg:1.1452650548869636E-7 
cv487_11058.txt neg pos:0.9997828663129437 neg:2.1713368705645163E-4 
cv577_28220.txt neg pos:0.7640909721773542 neg:0.2359090278226458 
cv938_10706.txt neg neg:0.9976459093808263 pos:0.0023540906191738126 
cv730_10729.txt neg neg:0.9435439996876699 pos:0.056456000312329994 
cv714_18502.txt pos neg:0.6006191512345499 pos:0.39938084876545 
cv733_9891.txt neg neg:0.9998738716630546 pos:1.2612833694547958E-4 
cv732_12245.txt pos pos:0.9961978030213128 neg:0.003802196978687166 
cv844_13890.txt neg neg:0.9969149891308867 pos:0.003085010869113178 
cv733_9839.txt pos pos:0.9998151902838907 neg:1.8480971610931394E-4 
cv446_11353.txt pos neg:0.9997855983835744 pos:2.1440161642554981E-4 
cv793_15235.txt neg neg:0.7020021650182934 pos:0.2979978349817067 
cv602_8300.txt pos pos:0.9973374209145729 neg:0.002662579085427127 
cv836_14311.txt neg neg:0.9993125321936357 pos:6.874678063643247E-4 
cv628_20758.txt neg neg:0.8258563003665805 pos:0.1741436996334195 
cv998_15691.txt neg neg:0.996321081236793 pos:0.0036789187632070017 
cv683_13047.txt neg neg:0.6510944748302997 pos:0.34890552516970036 
cv792_3257.txt neg neg:0.9811604263251967 pos:0.018839573674803288 
cv251_22636.txt pos pos:0.9972639039831479 neg:0.0027360960168521416 
cv434_5793.txt pos pos:0.6504680785553055 neg:0.3495319214446945 
cv268_20288.txt neg neg:0.9999997846819713 pos:2.153180287320357E-7 
cv679_28559.txt pos pos:0.9999958852058306 neg:4.1147941694062805E-6 
cv282_6833.txt neg pos:0.8427734092545711 neg:0.15722659074542888 
cv081_16582.txt pos pos:0.999904010234777 neg:9.598976522293579E-5 
cv870_16348.txt pos pos:0.9999386768451566 neg:6.132315484344518E-5 
cv420_28631.txt neg neg:0.9999904214144157 pos:9.57858558417519E-6 
cv759_15091.txt neg neg:0.9999941282840649 pos:5.871715935085088E-6 
cv632_9610.txt pos pos:0.95353386270271 neg:0.04646613729728995 
cv993_29565.txt neg neg:0.9987671821699967 pos:0.0012328178300034058 
cv613_23104.txt neg neg:0.9999928654789698 pos:7.134521030176301E-6 
cv265_10814.txt pos pos:0.9999914942281609 neg:8.505771839089631E-6 
cv373_21872.txt neg neg:0.9875333399555171 pos:0.012466660044482887 
cv126_28971.txt pos neg:0.8743979235442262 pos:0.1256020764557738 
cv691_5090.txt neg neg:0.9999999267177184 pos:7.328228142480683E-8 
cv543_5107.txt neg neg:0.9984767685456509 pos:0.0015232314543489954 
cv017_23487.txt neg neg:0.9999960461422364 pos:3.9538577635765895E-6 
cv772_12119.txt pos pos:0.999999949436032 neg:5.056396790183977E-8 
cv792_3832.txt pos neg:0.99387132793591 pos:0.006128672064089865 
cv113_23102.txt pos pos:0.9999944533768237 neg:5.546623176317014E-6 
cv346_19198.txt neg neg:0.9999985017277246 pos:1.4982722753941444E-6 
cv720_5383.txt neg pos:0.9738245492390017 neg:0.02617545076099823 
cv500_10251.txt pos pos:0.9841813004287921 neg:0.015818699571207722 
cv855_22134.txt neg neg:0.9999693841530778 pos:3.0615846922227326E-5 
cv482_11233.txt neg neg:0.9999243712774403 pos:7.56287225597552E-5 
cv928_9168.txt pos pos:0.661526789636614 neg:0.33847321036338596 
cv260_13959.txt pos neg:0.5221072401988657 pos:0.47789275980113427 
cv489_17906.txt pos neg:0.7413227326144062 pos:0.2586772673855938 
cv137_17020.txt neg neg:0.9590499473037074 pos:0.04095005269629255 
cv274_26379.txt neg neg:0.9986216109358682 pos:0.0013783890641319027 
cv342_20917.txt neg neg:0.9051565431824315 pos:0.0948434568175684 
cv680_10533.txt neg neg:0.9999999927079497 pos:7.2920503191564685E-9 
cv957_8737.txt pos pos:0.9999953229659502 neg:4.6770340497558E-6 
cv769_8565.txt neg pos:0.9974105185914619 neg:0.0025894814085381758 
cv994_12270.txt pos neg:0.6269783893721719 pos:0.3730216106278282 
cv382_8393.txt neg neg:0.9999118613972362 pos:8.813860276388406E-5 
cv026_29229.txt neg neg:0.9995261246358429 pos:4.7387536415711474E-4 
cv217_28842.txt pos neg:0.6199986326281741 pos:0.3800013673718258 
cv529_10972.txt neg pos:0.7038115010098119 neg:0.29618849899018806 
cv415_22517.txt pos pos:0.9999864123728395 neg:1.3587627160440013E-5 
cv825_5063.txt pos neg:0.8113559056668329 pos:0.18864409433316714 
cv392_12238.txt neg neg:0.9993148399476749 pos:6.851600523251865E-4 
cv895_21022.txt pos pos:0.9999999996556788 neg:3.4432119918311456E-10 
cv056_13133.txt pos neg:0.97834886774174 pos:0.02165113225825992 
cv268_18834.txt pos pos:0.8482069725197143 neg:0.15179302748028572 
cv710_22577.txt pos pos:0.8731339809018474 neg:0.12686601909815276 
cv032_22550.txt pos pos:0.9999999997605498 neg:2.394503136370716E-10 
cv561_9484.txt neg neg:0.9946879056454223 pos:0.005312094354577768 
cv485_26649.txt pos pos:0.9992411301702565 neg:7.588698297435339E-4 
cv541_28683.txt neg neg:0.9983743504556475 pos:0.0016256495443525464 
cv874_12182.txt neg neg:0.9999999750232109 pos:2.497678922290931E-8 
cv442_13846.txt pos pos:0.8030667006220594 neg:0.19693329937794052 
cv614_10626.txt pos pos:0.9939774356129615 neg:0.006022564387038564 
cv348_19207.txt neg neg:0.9996402907554902 pos:3.5970924450988347E-4 
cv119_9867.txt pos neg:0.8126835413479476 pos:0.18731645865205232 
cv037_19798.txt neg neg:0.9970553002335627 pos:0.002944699766437354 
cv883_27751.txt pos pos:0.9359079083216766 neg:0.06409209167832347 
cv537_12370.txt pos neg:0.9894287649493452 pos:0.010571235050654835 
cv673_24714.txt pos neg:0.998776933353451 pos:0.0012230666465489332 
cv594_11945.txt neg neg:0.9999952374626844 pos:4.762537315518554E-6 
cv717_15953.txt pos pos:0.8880378726497702 neg:0.11196212735022991 
cv879_14903.txt pos pos:0.9998254112409227 neg:1.745887590772681E-4 
cv739_11209.txt pos pos:0.9999862798903313 neg:1.3720109668718396E-5 
cv729_10475.txt neg neg:0.8599568559857158 pos:0.14004314401428417 
cv894_2068.txt pos pos:0.9998596936195007 neg:1.4030638049940966E-4 
cv387_12391.txt neg pos:0.5890187094779871 neg:0.41098129052201293 
cv494_17389.txt pos pos:0.999501050058156 neg:4.989499418440676E-4 
cv340_14776.txt neg neg:0.9657295641128688 pos:0.034270435887131266 
cv305_9946.txt pos pos:0.9692415599452604 neg:0.030758440054739548 
cv474_10682.txt neg neg:0.9692347007175053 pos:0.03076529928249485 
cv043_16808.txt neg neg:0.999996099831975 pos:3.900168025110771E-6 
cv530_17949.txt neg neg:0.9965053715813653 pos:0.0034946284186347844 
cv500_10722.txt neg neg:0.9999320933940227 pos:6.790660597728754E-5 
cv516_12117.txt neg neg:0.7803991978730632 pos:0.21960080212693672 
cv379_23167.txt neg neg:0.9972439095511265 pos:0.0027560904488734077 
cv501_11657.txt pos pos:0.9999999999970839 neg:2.9161725363827693E-12 
cv664_4264.txt neg neg:0.9985481735947572 pos:0.0014518264052428129 
cv726_4365.txt neg neg:0.9999932992322934 pos:6.700767706697294E-6 
cv963_6895.txt pos neg:0.9999522649303991 pos:4.773506960087868E-5 
cv825_5168.txt neg neg:0.9900951970799351 pos:0.009904802920064891 
cv085_15286.txt neg neg:0.9999333595724141 pos:6.664042758587984E-5 
cv276_17126.txt neg pos:0.9208360673016787 neg:0.07916393269832138 
cv263_20693.txt neg neg:0.9999911790482839 pos:8.820951716159689E-6 
cv838_24728.txt pos pos:0.7237699975024251 neg:0.27623000249757484 
cv525_16122.txt pos pos:0.9623769764702578 neg:0.03762302352974219 
cv098_17021.txt neg neg:0.6292590387997943 pos:0.37074096120020583 
cv001_18431.txt pos pos:0.6533410692948003 neg:0.34665893070519976 
cv627_11620.txt pos pos:0.9988034340121473 neg:0.0011965659878527342 
cv016_4659.txt pos pos:0.9101967344088736 neg:0.08980326559112631 
cv921_12747.txt pos pos:0.9938207365971137 neg:0.006179263402886268 
cv976_10267.txt pos pos:0.9993336254711236 neg:6.663745288763464E-4 
cv134_22246.txt pos pos:0.9999999937078852 neg:6.292114711944464E-9 
cv295_17060.txt neg neg:0.9999733537371966 pos:2.664626280341374E-5 
cv812_19051.txt neg neg:0.9999899824915393 pos:1.0017508460862723E-5 
cv452_5179.txt neg neg:0.989665003711339 pos:0.01033499628866087 
cv756_22540.txt pos neg:0.7443829250997076 pos:0.2556170749002924 
cv399_2877.txt pos pos:0.9997880577609787 neg:2.119422390214314E-4 
cv441_13711.txt pos pos:0.9982920033707792 neg:0.001707996629220766 
cv317_24049.txt pos pos:0.9999996579005501 neg:3.4209944981087654E-7 
cv715_19246.txt neg neg:0.999983700795807 pos:1.6299204193049616E-5 
cv540_3421.txt pos pos:0.7583596508151476 neg:0.24164034918485242 
cv437_22849.txt pos pos:0.9999890488201972 neg:1.0951179802768461E-5 
cv217_28707.txt neg neg:0.999999968191697 pos:3.180830304357608E-8 
cv827_18331.txt pos pos:0.9342193913199984 neg:0.06578060868000155 
cv915_8841.txt pos neg:0.7962943784899947 pos:0.20370562151000535 
cv166_11959.txt neg neg:0.9999359088376342 pos:6.409116236577296E-5 
cv143_21158.txt neg neg:0.998383844382907 pos:0.0016161556170931283 
cv732_13092.txt neg neg:0.8582651062655511 pos:0.14173489373444892 
cv076_24945.txt pos neg:0.9092194320638958 pos:0.0907805679361042 
cv100_12406.txt neg neg:0.9999628394035914 pos:3.716059640854164E-5 
cv775_17966.txt neg neg:0.9999881870298022 pos:1.1812970197743008E-5 
cv847_1941.txt pos pos:0.992037721304539 neg:0.007962278695460987 
cv843_15544.txt pos pos:0.9998808264680786 neg:1.1917353192136875E-4 
cv991_18645.txt pos pos:0.5734945730702792 neg:0.4265054269297208 
Trial 0 Trainer MaxEntTrainer,gaussianPriorVariance=1.0 Training Data Confusion Matrix
Confusion Matrix, row=true, column=predicted  accuracy=1.0
  label   0   1  |total
  0 neg 900   .  |900
  1 pos   . 900  |900

Trial 0 Trainer MaxEntTrainer,gaussianPriorVariance=1.0 training data accuracy= 1.0
Trial 0 Trainer MaxEntTrainer,gaussianPriorVariance=1.0 Test Data Confusion Matrix
Confusion Matrix, row=true, column=predicted  accuracy=0.81
  label   0   1  |total
  0 neg  89  11  |100
  1 pos  27  73  |100

Trial 0 Trainer MaxEntTrainer,gaussianPriorVariance=1.0 test data accuracy= 0.81

MaxEntTrainer,gaussianPriorVariance=1.0
Summary. train accuracy mean = 1.0 stddev = 0.0 stderr = 0.0
Summary. test accuracy mean = 0.81 stddev = 0.0 stderr = 0.0
