
-------------------- Trial 0  --------------------

Trial 0 Training MaxEntTrainer,gaussianPriorVariance=1.0 with 1800 instances
Trial 0 Training MaxEntTrainer,gaussianPriorVariance=1.0 finished
Trial 0 Trainer MaxEntTrainer,gaussianPriorVariance=1.0
 Raw Testing Data
cv345_9954.txt pos pos:0.9999999999995073 neg:4.926675901694475E-13 
cv347_13194.txt pos pos:0.9999762609648291 neg:2.3739035171055373E-5 
cv515_17069.txt pos pos:0.9999988396995574 neg:1.1603004426739772E-6 
cv762_15604.txt neg neg:0.9998361580700252 pos:1.6384192997471756E-4 
cv682_17947.txt neg neg:0.9956074903439976 pos:0.00439250965600234 
cv818_10698.txt neg neg:0.7761341634073649 pos:0.2238658365926351 
cv853_29233.txt pos pos:0.9991795825968092 neg:8.204174031908496E-4 
cv424_9268.txt neg neg:0.9999999082388717 pos:9.176112821212884E-8 
cv741_11890.txt pos pos:0.9315207538331326 neg:0.06847924616686744 
cv867_18362.txt neg neg:0.9999966747748734 pos:3.3252251266342293E-6 
cv170_3006.txt pos pos:0.954901315735161 neg:0.04509868426483888 
cv981_16679.txt neg neg:0.9392571562951629 pos:0.060742843704837006 
cv296_13146.txt neg neg:0.9796078961923164 pos:0.02039210380768366 
cv958_12162.txt pos pos:0.9949518241097417 neg:0.005048175890258282 
cv097_26081.txt neg neg:0.9673579548739232 pos:0.03264204512607675 
cv729_10154.txt pos pos:0.9999984844873171 neg:1.515512682926775E-6 
cv084_15183.txt neg neg:0.9999999088986794 pos:9.110132063514916E-8 
cv214_12294.txt pos neg:0.9999929715248501 pos:7.028475149965674E-6 
cv063_28997.txt pos neg:0.5092425123381035 pos:0.4907574876618966 
cv020_8825.txt pos pos:0.9999848786830577 neg:1.5121316942191101E-5 
cv215_22240.txt pos pos:0.86631073078573 neg:0.13368926921426993 
cv073_21785.txt pos neg:0.7624880859094608 pos:0.23751191409053918 
cv689_12587.txt pos pos:0.8622675750389345 neg:0.13773242496106558 
cv908_17779.txt neg neg:0.6455099270664234 pos:0.3544900729335766 
cv339_21119.txt pos pos:0.9516977783517477 neg:0.048302221648252236 
cv682_16139.txt pos pos:0.9895308582927889 neg:0.010469141707211183 
cv099_11189.txt neg neg:0.9797632801513005 pos:0.020236719848699486 
cv075_6500.txt pos pos:0.9793672829453214 neg:0.02063271705467872 
cv344_5312.txt pos pos:0.7685945514438698 neg:0.23140544855613016 
cv129_16741.txt pos pos:0.9974270833092582 neg:0.0025729166907417726 
cv816_15257.txt neg pos:0.9664198907854421 neg:0.03358010921455782 
cv237_19221.txt pos pos:0.9867501692339127 neg:0.013249830766087212 
cv399_28593.txt neg neg:0.9951853473997919 pos:0.004814652600208091 
cv519_14661.txt pos pos:0.9999935318044935 neg:6.468195506559904E-6 
cv033_24444.txt pos pos:0.9249119590376853 neg:0.07508804096231467 
cv743_15449.txt pos pos:0.9996592671534007 neg:3.4073284659935036E-4 
cv819_9567.txt neg neg:0.999442864418111 pos:5.571355818890022E-4 
cv566_8967.txt neg neg:0.9999818942527479 pos:1.810574725205462E-5 
cv562_10847.txt neg neg:0.996959299421373 pos:0.0030407005786269713 
cv522_5418.txt neg neg:0.9299477796020024 pos:0.07005222039799752 
cv646_15065.txt pos pos:0.9220920217166027 neg:0.07790797828339732 
cv846_29497.txt pos pos:0.9999942385292633 neg:5.761470736822664E-6 
cv101_10537.txt neg neg:0.6247878639189807 pos:0.3752121360810194 
cv558_29376.txt neg neg:0.6236623780670292 pos:0.37633762193297077 
cv566_8581.txt pos pos:0.9999980375431444 neg:1.9624568556019712E-6 
cv861_12809.txt neg neg:0.984659867447586 pos:0.015340132552413984 
cv902_12256.txt pos pos:0.9978115839333397 neg:0.002188416066660414 
cv271_15364.txt neg neg:0.7363155380228654 pos:0.2636844619771347 
cv531_26486.txt pos pos:0.6634228738230382 neg:0.3365771261769618 
cv122_7392.txt pos pos:0.9999995366986539 neg:4.633013461185347E-7 
cv700_23163.txt neg pos:0.9760793936451225 neg:0.023920606354877534 
cv851_20469.txt pos pos:0.8112468767751655 neg:0.1887531232248346 
cv269_23018.txt neg neg:0.9998792763812729 pos:1.20723618727127E-4 
cv013_10494.txt neg neg:0.9909089746811771 pos:0.009091025318822943 
cv766_7540.txt pos pos:0.9995181038125517 neg:4.8189618744839946E-4 
cv185_28654.txt pos neg:0.9638882399996067 pos:0.03611176000039335 
cv166_11052.txt pos pos:0.9999995960157289 neg:4.0398427114482763E-7 
cv545_12848.txt neg neg:0.9348764791621268 pos:0.06512352083787329 
cv968_25413.txt neg neg:0.999748742360436 pos:2.5125763956409137E-4 
cv178_12972.txt pos pos:0.9999830064059404 neg:1.6993594059662375E-5 
cv891_6035.txt neg neg:0.9876359356919663 pos:0.012364064308033744 
cv161_11425.txt pos pos:0.9873127494762218 neg:0.012687250523778096 
cv385_29621.txt neg neg:0.9966927215094037 pos:0.0033072784905962657 
cv736_23670.txt pos pos:0.9999619676066812 neg:3.803239331878294E-5 
cv910_21930.txt neg neg:0.999998404445403 pos:1.5955545971280644E-6 
cv705_11059.txt pos pos:0.9999788843709344 neg:2.111562906571262E-5 
cv229_13611.txt pos pos:0.9845137837206717 neg:0.015486216279328323 
cv375_9932.txt neg neg:0.9504510129400069 pos:0.049548987059993034 
cv992_11962.txt pos pos:0.9932936450326952 neg:0.006706354967304829 
cv061_9321.txt neg neg:0.8316353642812873 pos:0.16836463571871266 
cv459_21834.txt neg neg:0.9999221983291207 pos:7.780167087926095E-5 
cv199_9721.txt neg neg:0.7915749524828591 pos:0.20842504751714075 
cv553_26965.txt neg neg:0.9999902244929292 pos:9.775507070754836E-6 
cv483_16378.txt pos pos:0.8949319918180393 neg:0.10506800818196077 
cv378_21982.txt neg neg:0.9975175353526197 pos:0.002482464647380399 
cv768_11751.txt pos pos:0.9999329638953474 neg:6.703610465263722E-5 
cv223_28923.txt neg pos:0.7870702268608579 neg:0.21292977313914202 
cv532_6522.txt pos pos:0.9999998782096149 neg:1.21790385212329E-7 
cv325_18330.txt neg neg:0.9878119329216226 pos:0.012188067078377522 
cv975_11920.txt neg neg:0.9672983744161204 pos:0.032701625583879575 
cv788_25272.txt pos pos:0.5374944437824897 neg:0.46250555621751027 
cv961_5578.txt neg neg:0.9845135661096897 pos:0.015486433890310417 
cv689_13701.txt neg neg:0.9994111535046856 pos:5.88846495314371E-4 
cv618_9469.txt neg neg:0.9993746716935408 pos:6.253283064591467E-4 
cv964_6021.txt pos neg:0.9899369806764111 pos:0.01006301932358881 
cv193_5416.txt pos neg:0.9708541287525152 pos:0.0291458712474848 
cv159_29505.txt pos neg:0.977201371885473 pos:0.022798628114527094 
cv644_18551.txt neg neg:0.999454594131174 pos:5.454058688259659E-4 
cv150_12916.txt pos pos:0.9933004660571664 neg:0.006699533942833583 
cv312_29308.txt neg neg:0.9970280638885305 pos:0.002971936111469434 
cv186_2269.txt pos pos:0.9996723228843094 neg:3.2767711569062425E-4 
cv779_18989.txt neg neg:0.9725572761573565 pos:0.027442723842643426 
cv924_29397.txt neg neg:0.9641359390362991 pos:0.035864060963700935 
cv526_12868.txt neg neg:0.9999999796737924 pos:2.032620762175806E-8 
cv005_29357.txt neg neg:0.9616193245706756 pos:0.03838067542932451 
cv808_12635.txt pos pos:0.995848128348497 neg:0.004151871651503043 
cv130_18521.txt neg pos:0.8402801766474939 neg:0.15971982335250612 
cv111_12253.txt neg neg:0.995988155809443 pos:0.004011844190557075 
cv089_12222.txt neg neg:0.834031870132256 pos:0.165968129867744 
cv722_7110.txt pos neg:0.9958710847120293 pos:0.004128915287970623 
cv430_18662.txt neg neg:0.9976740240229801 pos:0.0023259759770199308 
cv678_14887.txt neg neg:0.9941466481289276 pos:0.005853351871072335 
cv052_29318.txt neg neg:0.9953188462838285 pos:0.004681153716171549 
cv903_17822.txt pos pos:0.9999472184591485 neg:5.278154085140437E-5 
cv388_12009.txt pos pos:0.8364445520026446 neg:0.16355544799735536 
cv878_15694.txt pos pos:0.9999952023589412 neg:4.797641058860047E-6 
cv040_8829.txt neg pos:0.6868907455384177 neg:0.31310925446158233 
cv227_24215.txt pos pos:0.926917082169122 neg:0.07308291783087792 
cv466_20092.txt neg neg:0.818204687258292 pos:0.18179531274170804 
cv008_29435.txt pos pos:0.9864569019275333 neg:0.013543098072466666 
cv144_5010.txt neg neg:0.998399676623383 pos:0.0016003233766169439 
cv956_11609.txt pos neg:0.7345766863628722 pos:0.26542331363712784 
cv102_8306.txt neg pos:0.9160069919698716 neg:0.08399300803012849 
cv264_12801.txt pos pos:0.9999893134223878 neg:1.0686577612233804E-5 
cv038_9781.txt neg neg:0.9998409753829728 pos:1.590246170273185E-4 
cv092_27987.txt neg neg:0.8828862242403547 pos:0.11711377575964532 
cv806_8842.txt pos pos:0.9989468066300079 neg:0.0010531933699920858 
cv302_26481.txt neg neg:0.998341351483163 pos:0.0016586485168369894 
cv830_6014.txt pos pos:0.9994515545273773 neg:5.484454726226465E-4 
cv422_9381.txt pos pos:0.9617969088954018 neg:0.038203091104598214 
cv628_19325.txt pos pos:0.9945222045112893 neg:0.00547779548871084 
cv699_7773.txt neg neg:0.9999994900920826 pos:5.099079174000242E-7 
cv565_29572.txt pos pos:0.9578239840497367 neg:0.042176015950263254 
cv049_20471.txt pos pos:0.9196384940559176 neg:0.08036150594408241 
cv075_6250.txt neg neg:0.9666552621083491 pos:0.033344737891650864 
cv511_10360.txt neg neg:0.9999999135843397 pos:8.641566026568301E-8 
cv152_9052.txt neg neg:0.9968061837876869 pos:0.0031938162123130187 
cv059_28885.txt pos pos:0.9999836504838819 neg:1.634951611803889E-5 
cv277_20467.txt neg neg:0.9415859056941835 pos:0.05841409430581636 
cv492_18271.txt pos pos:0.9986111395858933 neg:0.0013888604141066145 
cv205_9457.txt pos pos:0.9972715367381304 neg:0.0027284632618695933 
cv170_29808.txt neg neg:0.8589943604531527 pos:0.14100563954684742 
cv764_12701.txt neg neg:0.8615326733359348 pos:0.13846732666406522 
cv652_15653.txt neg pos:0.9350123442271023 neg:0.06498765577289763 
cv796_15782.txt pos pos:0.9999935542465374 neg:6.445753462729251E-6 
cv488_21453.txt neg neg:0.9887435360315537 pos:0.011256463968446163 
cv940_18935.txt neg neg:0.5034302151443434 pos:0.49656978485565667 
cv663_13019.txt pos pos:0.9999381904890334 neg:6.180951096658136E-5 
cv236_12427.txt neg neg:0.9999860509014854 pos:1.3949098514453173E-5 
cv811_21386.txt pos neg:0.9721167604147453 pos:0.027883239585254765 
cv378_20629.txt pos pos:0.9997876364018147 neg:2.123635981853241E-4 
cv911_21695.txt neg neg:0.9999999972104101 pos:2.789589798508232E-9 
cv078_16506.txt neg neg:0.998984620291306 pos:0.0010153797086939983 
cv088_25274.txt neg neg:0.9458371984000813 pos:0.05416280159991867 
cv775_16237.txt pos neg:0.5501378564821884 pos:0.4498621435178116 
cv886_18177.txt pos neg:0.9922088580431037 pos:0.007791141956896341 
cv648_17277.txt neg neg:0.992251486379755 pos:0.007748513620244877 
cv173_4295.txt neg neg:0.9999016099568954 pos:9.839004310470351E-5 
cv076_26009.txt neg neg:0.5819726253509702 pos:0.4180273746490298 
cv536_27221.txt neg neg:0.9977705063213222 pos:0.0022294936786776296 
cv385_29741.txt pos neg:0.8492283609514152 pos:0.15077163904858484 
cv648_15792.txt pos neg:0.9998426420140127 pos:1.5735798598729193E-4 
cv331_8273.txt pos pos:0.924479348139147 neg:0.07552065186085287 
cv231_11028.txt neg neg:0.9998880682424293 pos:1.1193175757066654E-4 
cv467_26610.txt neg pos:0.9341563731945125 neg:0.06584362680548748 
cv073_23039.txt neg neg:0.9999932733477545 pos:6.7266522455902886E-6 
cv698_15253.txt pos pos:0.9999999998004947 neg:1.9950533609103938E-10 
cv411_15007.txt pos pos:0.9999999992114277 neg:7.885724222830638E-10 
cv376_19435.txt pos pos:0.8312683243865541 neg:0.16873167561344593 
cv851_21895.txt neg pos:0.9920782356127985 neg:0.007921764387201557 
cv421_9709.txt pos pos:0.9964965587158482 neg:0.0035034412841517004 
cv574_22156.txt pos pos:0.9656998405031091 neg:0.034300159496890935 
cv679_28221.txt neg neg:0.9999466497958401 pos:5.335020415977859E-5 
cv760_8597.txt pos neg:0.9149443079155496 pos:0.08505569208445032 
cv293_29856.txt pos neg:0.7334874532012504 pos:0.26651254679874964 
cv512_15965.txt pos pos:0.9998053028478738 neg:1.946971521262283E-4 
cv333_8916.txt pos pos:0.9999936399456002 neg:6.360054399861912E-6 
cv721_28993.txt neg neg:0.9999892356262255 pos:1.0764373774508266E-5 
cv316_5972.txt neg pos:0.60409751217825 neg:0.39590248782175 
cv503_10558.txt pos pos:0.9999393275300167 neg:6.067246998343486E-5 
cv140_7963.txt neg neg:0.8821877191424883 pos:0.11781228085751169 
cv067_19774.txt pos pos:0.775649186628122 neg:0.22435081337187804 
cv481_7436.txt pos pos:0.9985213762439802 neg:0.0014786237560198367 
cv970_18450.txt pos pos:0.7603106018142599 neg:0.2396893981857401 
cv181_16083.txt neg neg:0.997546817056796 pos:0.00245318294320396 
cv872_12591.txt pos pos:0.9992121562608667 neg:7.878437391332817E-4 
cv339_22452.txt neg neg:0.9980404238119925 pos:0.0019595761880074566 
cv443_22367.txt neg neg:0.9828837632692047 pos:0.017116236730795296 
cv835_20531.txt neg pos:0.9991873141496763 neg:8.126858503236567E-4 
cv579_12542.txt neg neg:0.9999982716707878 pos:1.7283292122992058E-6 
cv774_15488.txt neg neg:0.5156663294796445 pos:0.48433367052035536 
cv549_22771.txt neg pos:0.8683797078594462 neg:0.13162029214055385 
cv873_18636.txt pos neg:0.8703053265836952 pos:0.1296946734163048 
cv324_7082.txt pos pos:0.9682497324993443 neg:0.03175026750065583 
cv598_18184.txt neg neg:0.9989927189809907 pos:0.0010072810190091997 
cv164_23451.txt neg neg:0.9966977406614208 pos:0.0033022593385791084 
cv945_13012.txt neg neg:0.9999990651739833 pos:9.348260166983816E-7 
cv954_19932.txt neg neg:0.9999705179109849 pos:2.9482089015257337E-5 
cv708_28539.txt neg pos:0.6740565794568167 neg:0.3259434205431832 
cv468_16844.txt neg neg:0.9999954567365038 pos:4.543263496255422E-6 
cv643_29282.txt neg neg:0.9994700215619478 pos:5.299784380521939E-4 
cv888_24435.txt pos pos:0.99999887826885 neg:1.1217311499325776E-6 
cv420_28795.txt pos neg:0.9599450930434864 pos:0.040054906956513626 
cv423_11155.txt pos pos:0.9999697774966514 neg:3.0222503348632746E-5 
cv334_10001.txt pos neg:0.9999300125154424 pos:6.998748455761705E-5 
cv137_15422.txt pos pos:0.5172664767275389 neg:0.48273352327246116 
cv360_8398.txt pos neg:0.9850732895755203 pos:0.014926710424479595 
cv554_13151.txt pos neg:0.9323229039954043 pos:0.06767709600459573 
cv969_13250.txt pos pos:0.9832412460035729 neg:0.016758753996427154 
cv223_29066.txt pos neg:0.5893572505546555 pos:0.4106427494453445 
Trial 0 Trainer MaxEntTrainer,gaussianPriorVariance=1.0 Training Data Confusion Matrix
Confusion Matrix, row=true, column=predicted  accuracy=1.0
  label   0   1  |total
  0 neg 900   .  |900
  1 pos   . 900  |900

Trial 0 Trainer MaxEntTrainer,gaussianPriorVariance=1.0 training data accuracy= 1.0
Trial 0 Trainer MaxEntTrainer,gaussianPriorVariance=1.0 Test Data Confusion Matrix
Confusion Matrix, row=true, column=predicted  accuracy=0.825
  label   0   1  |total
  0 neg  87  13  |100
  1 pos  22  78  |100

Trial 0 Trainer MaxEntTrainer,gaussianPriorVariance=1.0 test data accuracy= 0.825

MaxEntTrainer,gaussianPriorVariance=1.0
Summary. train accuracy mean = 1.0 stddev = 0.0 stderr = 0.0
Summary. test accuracy mean = 0.825 stddev = 0.0 stderr = 0.0
