
-------------------- Trial 0  --------------------

Trial 0 Training MaxEntTrainer,gaussianPriorVariance=1.0 with 1800 instances
Trial 0 Training MaxEntTrainer,gaussianPriorVariance=1.0 finished
Trial 0 Trainer MaxEntTrainer,gaussianPriorVariance=1.0
 Raw Testing Data
cv998_14111.txt pos pos:0.9988066525807291 neg:0.0011933474192708613 
cv383_14662.txt neg neg:0.8880153443841684 pos:0.11198465561583157 
cv051_10751.txt neg neg:0.9996886120616794 pos:3.1138793832053747E-4 
cv652_13972.txt pos pos:0.9997277592628957 neg:2.722407371043717E-4 
cv394_5311.txt neg neg:0.999999282869592 pos:7.171304079897871E-7 
cv338_8821.txt pos neg:0.8085599629450998 pos:0.19144003705490015 
cv758_9740.txt neg neg:0.9994965873447301 pos:5.034126552699332E-4 
cv100_11528.txt pos pos:0.9995308602424253 neg:4.6913975757458903E-4 
cv457_19546.txt neg neg:0.9913831151506683 pos:0.008616884849331674 
cv600_25043.txt neg pos:0.992876425001001 neg:0.007123574998999038 
cv836_12968.txt pos pos:0.988373262147673 neg:0.011626737852327118 
cv222_18720.txt neg neg:0.9999434513242956 pos:5.6548675704360426E-5 
cv240_15948.txt neg pos:0.9930905838070762 neg:0.006909416192923914 
cv192_14395.txt pos pos:0.9849187228296727 neg:0.015081277170327305 
cv215_23246.txt neg neg:0.9547961187583699 pos:0.04520388124163001 
cv813_6649.txt neg neg:0.9997516073168184 pos:2.483926831815967E-4 
cv856_28882.txt neg neg:0.9998763418040953 pos:1.2365819590468883E-4 
cv677_18938.txt neg neg:0.9973254896045519 pos:0.0026745103954480126 
cv127_14711.txt pos neg:0.5975996635674014 pos:0.40240033643259865 
cv447_27334.txt neg neg:0.999993597112131 pos:6.402887869015027E-6 
cv841_3367.txt neg neg:0.9994611709913099 pos:5.388290086901836E-4 
cv660_23140.txt neg neg:0.9999977491083895 pos:2.2508916106060493E-6 
cv765_20429.txt neg neg:0.9999993212248475 pos:6.787751525416688E-7 
cv694_4876.txt pos neg:0.7014911036894078 pos:0.2985088963105922 
cv187_12829.txt pos pos:0.999730824274684 neg:2.691757253159377E-4 
cv084_13566.txt pos pos:0.9990117728732212 neg:9.882271267789198E-4 
cv655_11154.txt pos pos:0.9478634267643563 neg:0.05213657323564356 
cv976_10724.txt neg pos:0.7887910297539625 neg:0.21120897024603752 
cv740_12445.txt pos pos:0.999994496068563 neg:5.503931436982741E-6 
cv878_17204.txt neg neg:0.9990281988233152 pos:9.71801176684987E-4 
cv885_12318.txt pos pos:0.9869908214575089 neg:0.013009178542491028 
cv316_6370.txt pos pos:0.9625543294681427 neg:0.03744567053185745 
cv711_11665.txt pos neg:0.6359909574155689 pos:0.3640090425844312 
cv864_3416.txt pos pos:0.9964181375201026 neg:0.003581862479897534 
cv896_16071.txt pos neg:0.9444447977510436 pos:0.05555520224895638 
cv753_10875.txt pos pos:0.9999006977920243 neg:9.930220797583349E-5 
cv614_11320.txt neg neg:0.9999998673182658 pos:1.3268173422222967E-7 
cv363_29273.txt neg pos:0.9599332944417794 neg:0.04006670555822045 
cv734_22821.txt neg pos:0.8428197466933156 neg:0.15718025330668434 
cv237_20635.txt neg pos:0.9999968843824496 neg:3.1156175504365716E-6 
cv059_28723.txt neg neg:0.9980431585953986 pos:0.001956841404601466 
cv863_7424.txt pos pos:0.9994629369546787 neg:5.370630453213304E-4 
cv357_13156.txt pos pos:0.9987938349010134 neg:0.0012061650989865825 
cv175_7375.txt neg neg:0.9999935456010447 pos:6.4543989553039875E-6 
cv283_11963.txt neg neg:0.9863380209268391 pos:0.013661979073160833 
cv254_6027.txt pos neg:0.6904411911565079 pos:0.3095588088434921 
cv761_13769.txt neg pos:0.9000928597909053 neg:0.0999071402090948 
cv615_14182.txt pos pos:0.9398935513570762 neg:0.060106448642923915 
cv095_28892.txt pos pos:0.9010691807573284 neg:0.09893081924267152 
cv513_6923.txt pos pos:0.9869421010088855 neg:0.013057898991114474 
cv490_17872.txt pos pos:0.9971806610176481 neg:0.0028193389823518516 
cv358_11557.txt neg neg:0.999959015026123 pos:4.098497387700411E-5 
cv010_29198.txt pos pos:0.9984032412213911 neg:0.0015967587786089085 
cv221_2695.txt pos neg:0.713107088014624 pos:0.2868929119853759 
cv665_29538.txt pos pos:0.9455378865954738 neg:0.05446211340452621 
cv521_15828.txt pos pos:0.9999937309100023 neg:6.269089997823026E-6 
cv801_25228.txt pos pos:0.9996764515158792 neg:3.235484841208353E-4 
cv400_20631.txt neg pos:0.9998577349237905 neg:1.4226507620949066E-4 
cv610_24153.txt neg pos:0.9997623743475033 neg:2.376256524967223E-4 
cv158_10914.txt neg neg:0.988517353283795 pos:0.011482646716204909 
cv621_15984.txt neg neg:0.9999962834719457 pos:3.716528054378998E-6 
cv200_2915.txt pos neg:0.9447839285976605 pos:0.05521607140233968 
cv990_11591.txt pos pos:0.9996893678863762 neg:3.106321136238747E-4 
cv663_14484.txt neg neg:0.8114001069396454 pos:0.18859989306035466 
cv770_10451.txt pos pos:0.999997360405091 neg:2.639594908886329E-6 
cv063_28852.txt neg neg:0.9999999999605074 pos:3.949264231879707E-11 
cv842_5702.txt neg neg:0.999630737476956 pos:3.6926252304406425E-4 
cv505_12926.txt neg neg:0.9999999733062308 pos:2.6693769177892413E-8 
cv108_15571.txt pos pos:0.9884068947075323 neg:0.011593105292467761 
cv186_2396.txt neg neg:0.9999996970830438 pos:3.0291695622737814E-7 
cv312_29377.txt pos pos:0.998967376507211 neg:0.0010326234927890679 
cv962_9813.txt neg neg:0.9994523292154441 pos:5.4767078455578E-4 
cv110_27832.txt neg neg:0.9915891094075292 pos:0.008410890592470757 
cv244_21649.txt pos pos:0.5760631869665707 neg:0.4239368130334294 
cv542_20359.txt neg pos:0.9600461635686333 neg:0.039953836431366734 
cv429_7439.txt pos pos:0.9999900079756222 neg:9.992024377883103E-6 
cv873_19937.txt neg neg:0.9999574990598864 pos:4.250094011360365E-5 
cv881_13254.txt pos neg:0.9384811498235347 pos:0.06151885017646544 
cv538_28667.txt pos pos:0.9999735515371632 neg:2.6448462836758206E-5 
cv927_11471.txt neg pos:0.5606401930517473 neg:0.4393598069482527 
cv868_12799.txt neg pos:0.9038403291330582 neg:0.09615967086694169 
cv668_18848.txt neg neg:0.9999392114103387 pos:6.078858966126589E-5 
cv658_11186.txt neg neg:0.9999934675846474 pos:6.532415352572398E-6 
cv269_21732.txt pos neg:0.7521033354069183 pos:0.24789666459308163 
cv551_10565.txt pos pos:0.9887090004539419 neg:0.011290999546058084 
cv770_11061.txt neg neg:0.9999997308381136 pos:2.6916188641286315E-7 
cv966_28832.txt pos pos:0.9700245108279301 neg:0.02997548917206981 
cv676_21090.txt pos pos:0.9999991542367767 neg:8.457632232655373E-7 
cv669_22995.txt pos pos:0.9999999921403236 neg:7.859676353212747E-9 
cv670_2666.txt neg neg:0.9630291329228401 pos:0.03697086707715991 
cv972_26837.txt neg pos:0.9999999537992498 neg:4.620075011519728E-8 
cv760_8977.txt neg neg:0.9999257979364286 pos:7.420206357154155E-5 
cv979_2029.txt neg neg:0.9748048666714616 pos:0.025195133328538396 
cv604_23339.txt neg pos:0.7750557377417696 neg:0.22494426225823044 
cv467_25773.txt pos pos:0.9960208392888295 neg:0.0039791607111706396 
cv593_10987.txt pos pos:0.9999885822181318 neg:1.1417781868144482E-5 
cv680_10160.txt pos pos:0.9979150730461681 neg:0.002084926953831848 
cv743_17023.txt neg neg:0.9075182124942591 pos:0.09248178750574083 
cv330_29809.txt pos pos:0.9702181791623502 neg:0.029781820837649898 
cv496_10530.txt pos pos:0.9999515866840684 neg:4.841331593170989E-5 
cv890_3977.txt pos pos:0.9112331538578353 neg:0.08876684614216475 
cv194_12079.txt pos neg:0.6204758414177703 pos:0.3795241585822297 
cv151_15771.txt pos pos:0.8789519339790448 neg:0.12104806602095522 
cv567_29420.txt neg neg:0.9971785692070073 pos:0.0028214307929927125 
cv902_13217.txt neg neg:0.9999239397389703 pos:7.606026102974944E-5 
cv650_14340.txt pos pos:0.999999326030735 neg:6.739692649812482E-7 
cv655_12055.txt neg neg:0.9998429009491229 pos:1.570990508770673E-4 
cv554_14678.txt neg pos:0.7130952249147405 neg:0.28690477508525947 
cv321_14191.txt neg pos:0.9919430525578006 neg:0.008056947442199496 
cv323_29633.txt neg neg:0.999999999979232 pos:2.0767964209447037E-11 
cv136_12384.txt neg neg:0.9998507573458191 pos:1.4924265418105238E-4 
cv112_12178.txt neg neg:0.9999354522743151 pos:6.454772568494028E-5 
cv371_7630.txt pos pos:0.9998084855799798 neg:1.915144200202239E-4 
cv946_20084.txt neg neg:0.999998992107753 pos:1.0078922470062285E-6 
cv653_19583.txt pos pos:0.9999999956489045 neg:4.351095466079625E-9 
cv970_19532.txt neg neg:0.9999229150446425 pos:7.708495535760578E-5 
cv369_14245.txt neg neg:0.9967916220232382 pos:0.0032083779767618204 
cv389_9369.txt pos pos:0.9922911218217061 neg:0.007708878178293978 
cv265_11625.txt neg neg:0.9999999854887671 pos:1.4511232880517385E-8 
cv069_10801.txt pos pos:0.9999415647813026 neg:5.843521869754112E-5 
cv083_24234.txt pos neg:0.761033561619532 pos:0.23896643838046813 
cv139_14236.txt neg neg:0.999329552415746 pos:6.704475842539913E-4 
cv093_13951.txt pos pos:0.9998627940556017 neg:1.372059443982757E-4 
cv546_12723.txt neg neg:0.9999628134711698 pos:3.7186528830266036E-5 
cv234_20643.txt pos neg:0.5094409499156656 pos:0.4905590500843344 
cv361_28944.txt pos neg:0.5557703813563956 pos:0.4442296186436044 
cv439_15970.txt pos pos:0.9999918379489119 neg:8.162051088014667E-6 
cv388_12810.txt neg pos:0.9419206362992509 neg:0.05807936370074911 
cv789_12991.txt neg neg:0.8288127621513449 pos:0.17118723784865514 
cv219_18626.txt pos neg:0.8313437102259754 pos:0.16865628977402466 
cv864_3087.txt neg neg:0.9999743836038822 pos:2.5616396117769584E-5 
cv353_19197.txt neg neg:0.9894662859236883 pos:0.010533714076311604 
cv252_23779.txt pos pos:0.999056044358255 neg:9.439556417449118E-4 
cv227_25406.txt neg neg:0.9999826543292705 pos:1.734567072964285E-5 
cv947_10601.txt pos pos:0.9748376512902361 neg:0.02516234870976397 
cv513_7236.txt neg neg:0.9999999920904324 pos:7.909567668817601E-9 
cv025_3108.txt pos neg:0.9953748525204189 pos:0.004625147479581171 
cv128_29627.txt pos pos:0.9995384136105748 neg:4.615863894251454E-4 
cv517_19219.txt pos pos:0.9995584068766967 neg:4.415931233032662E-4 
cv690_5425.txt neg pos:0.9792829492697357 neg:0.020717050730264315 
cv950_12350.txt pos pos:0.8876122447065405 neg:0.11238775529345939 
cv211_9953.txt pos pos:0.9999999996569522 neg:3.430477062431473E-10 
cv642_29867.txt pos pos:0.9998445342764362 neg:1.5546572356389164E-4 
cv636_16954.txt neg neg:0.9999999998926856 pos:1.07314394599023E-10 
cv332_16307.txt pos pos:0.9999962738356788 neg:3.726164321234651E-6 
cv907_3541.txt pos pos:0.988934615251281 neg:0.011065384748718918 
cv246_28807.txt pos pos:0.9939749264019186 neg:0.006025073598081408 
cv164_22447.txt pos pos:0.8304537171532453 neg:0.16954628284675471 
cv924_29540.txt pos pos:0.9999997571061326 neg:2.428938672860913E-7 
cv749_17765.txt pos pos:0.9966612244141584 neg:0.003338775585841695 
cv289_6239.txt neg neg:0.5202884170004497 pos:0.4797115829995503 
cv796_17243.txt neg neg:0.5760524293197169 pos:0.42394757068028316 
cv413_7893.txt neg neg:0.9999919205427586 pos:8.079457241386238E-6 
cv781_5358.txt neg neg:0.9995413978054971 pos:4.5860219450295596E-4 
cv142_22516.txt pos pos:0.9950950218797782 neg:0.004904978120221903 
cv544_5108.txt pos pos:0.9791070584709801 neg:0.020892941529019857 
cv003_11664.txt pos pos:0.9999999998945093 neg:1.0549062776326554E-10 
cv568_17065.txt neg neg:0.9999421477818029 pos:5.785221819706321E-5 
cv319_14727.txt pos pos:0.9886310960027028 neg:0.011368903997297201 
cv040_8276.txt pos neg:0.9998043894564413 pos:1.9561054355855627E-4 
cv189_24248.txt neg neg:0.6358863155148963 pos:0.3641136844851036 
cv111_11473.txt pos pos:0.5516536046456141 neg:0.44834639535438603 
cv601_23453.txt pos pos:0.9999996826954755 neg:3.1730452459203713E-7 
cv616_29319.txt pos pos:0.9992491718412204 neg:7.508281587796672E-4 
cv942_18509.txt neg neg:0.9810458133067276 pos:0.018954186693272486 
cv203_19052.txt neg neg:0.9920325980957914 pos:0.007967401904208695 
cv145_11472.txt pos pos:0.9373766041481884 neg:0.06262339585181165 
cv837_27325.txt pos pos:0.9999976156049043 neg:2.384395095687381E-6 
cv794_15868.txt pos neg:0.9355254715321617 pos:0.06447452846783816 
cv992_12806.txt neg neg:0.999999757048424 pos:2.429515759933399E-7 
cv835_19159.txt pos neg:0.9217717999847044 pos:0.0782282000152955 
cv535_19728.txt pos pos:0.8991363795858272 neg:0.10086362041417285 
cv035_3343.txt neg neg:0.6773092512859448 pos:0.32269074871405523 
cv746_10147.txt pos pos:0.9999999732190608 neg:2.6780939253485972E-8 
cv471_18405.txt neg neg:0.9944080868719948 pos:0.005591913128005129 
cv488_19856.txt pos pos:0.9852689420394841 neg:0.01473105796051593 
cv426_10421.txt pos pos:0.9998163787537854 neg:1.836212462146109E-4 
cv952_26375.txt neg neg:0.87817221785223 pos:0.12182778214777 
cv142_23657.txt neg pos:0.9847038397572173 neg:0.01529616024278267 
cv319_16459.txt neg neg:0.9999719755938374 pos:2.802440616260839E-5 
cv194_12855.txt neg neg:0.9982118184997935 pos:0.0017881815002064809 
cv951_10926.txt pos pos:0.9997523116802796 neg:2.476883197204008E-4 
cv160_10848.txt neg neg:0.9970363135178535 pos:0.002963686482146478 
cv661_2450.txt pos pos:0.9998864738883233 neg:1.1352611167663923E-4 
cv785_23748.txt neg pos:0.9759879993510662 neg:0.02401200064893391 
cv291_26844.txt neg neg:0.9896218693784382 pos:0.010378130621561713 
cv444_9975.txt neg pos:0.9687051556433299 neg:0.03129484435667014 
cv433_10144.txt pos pos:1.0 neg:9.989065704865777E-17 
cv146_19587.txt neg neg:0.9857335493901779 pos:0.014266450609822191 
cv748_14044.txt neg neg:0.9933070749487507 pos:0.006692925051249223 
cv809_5012.txt neg neg:0.9941092964281157 pos:0.005890703571884255 
cv498_9288.txt neg neg:0.9984036361047326 pos:0.001596363895267312 
cv518_13331.txt pos pos:0.9887713575710527 neg:0.011228642428947246 
cv674_11593.txt neg neg:0.9652786482439789 pos:0.03472135175602112 
cv214_13285.txt neg pos:0.9788245162206836 neg:0.02117548377931643 
cv107_25639.txt neg pos:0.9987472480365506 neg:0.0012527519634494414 
cv904_24353.txt pos neg:0.7584761380606223 pos:0.24152386193937767 
cv116_28942.txt pos pos:0.999641953297076 neg:3.580467029241636E-4 
cv955_25001.txt pos neg:0.9942173747525324 pos:0.005782625247467626 
cv673_25874.txt neg neg:0.9999761061555125 pos:2.3893844487489577E-5 
Trial 0 Trainer MaxEntTrainer,gaussianPriorVariance=1.0 Training Data Confusion Matrix
Confusion Matrix, row=true, column=predicted  accuracy=1.0
  label   0   1  |total
  0 neg 900   .  |900
  1 pos   . 900  |900

Trial 0 Trainer MaxEntTrainer,gaussianPriorVariance=1.0 training data accuracy= 1.0
Trial 0 Trainer MaxEntTrainer,gaussianPriorVariance=1.0 Test Data Confusion Matrix
Confusion Matrix, row=true, column=predicted  accuracy=0.78
  label   0   1  |total
  0 neg  77  23  |100
  1 pos  21  79  |100

Trial 0 Trainer MaxEntTrainer,gaussianPriorVariance=1.0 test data accuracy= 0.78

MaxEntTrainer,gaussianPriorVariance=1.0
Summary. train accuracy mean = 1.0 stddev = 0.0 stderr = 0.0
Summary. test accuracy mean = 0.78 stddev = 0.0 stderr = 0.0
