
-------------------- Trial 0  --------------------

Trial 0 Training MaxEntTrainer,gaussianPriorVariance=1.0 with 1800 instances
Trial 0 Training MaxEntTrainer,gaussianPriorVariance=1.0 finished
Trial 0 Trainer MaxEntTrainer,gaussianPriorVariance=1.0
 Raw Testing Data
cv601_24759.txt neg pos:0.8632689051662902 neg:0.1367310948337098 
cv662_13320.txt pos pos:0.9115359998549407 neg:0.08846400014505937 
cv361_28738.txt neg neg:0.999171826504927 pos:8.281734950731154E-4 
cv681_9692.txt pos pos:0.9731724439675323 neg:0.026827556032467652 
cv906_12332.txt neg neg:0.9432809484964164 pos:0.056719051503583466 
cv453_10379.txt pos pos:0.9495499475163098 neg:0.050450052483690236 
cv285_16494.txt pos pos:0.9995867790020295 neg:4.132209979705664E-4 
cv583_29692.txt pos pos:0.9998486597800283 neg:1.5134021997162124E-4 
cv211_9955.txt neg neg:0.967156982531159 pos:0.03284301746884096 
cv564_11110.txt pos pos:0.9999655518492802 neg:3.4448150719765085E-5 
cv365_12442.txt neg neg:0.9999978151851378 pos:2.18481486223485E-6 
cv935_24977.txt neg neg:0.9999765070531549 pos:2.349294684513976E-5 
cv071_12095.txt pos pos:0.999996851294762 neg:3.1487052379282256E-6 
cv690_5619.txt pos pos:0.9475954271723118 neg:0.05240457282768814 
cv988_18740.txt pos pos:0.993422726586453 neg:0.006577273413546914 
cv156_11119.txt neg pos:0.8648916150051066 neg:0.13510838499489344 
cv413_7398.txt pos pos:0.9918837412714018 neg:0.00811625872859823 
cv338_9183.txt neg neg:0.9999999390389379 pos:6.096106202440293E-8 
cv337_29061.txt neg neg:0.9983512647250629 pos:0.0016487352749371196 
cv657_24513.txt pos pos:0.9997753990056832 neg:2.2460099431662967E-4 
cv620_24265.txt pos pos:0.9929026860062601 neg:0.00709731399373994 
cv317_25111.txt neg neg:0.9172142988283277 pos:0.0827857011716724 
cv220_29059.txt pos pos:0.9998792049961034 neg:1.2079500389658645E-4 
cv939_10583.txt pos pos:0.9997741747313084 neg:2.2582526869176556E-4 
cv627_12603.txt neg neg:0.8912864149511134 pos:0.10871358504888666 
cv289_6463.txt pos neg:0.958236847628903 pos:0.041763152371097075 
cv495_14518.txt pos neg:0.9941400621120593 pos:0.005859937887940843 
cv376_20883.txt neg pos:0.9818406357880752 neg:0.01815936421192471 
cv933_24953.txt neg neg:0.9999994957314191 pos:5.042685809159349E-7 
cv666_20301.txt neg neg:0.6404059958410719 pos:0.35959400415892806 
cv172_11131.txt pos pos:0.9957906815313496 neg:0.0042093184686502 
cv842_5866.txt pos pos:0.6019775347213073 neg:0.39802246527869267 
cv099_10534.txt pos pos:0.6476684756479694 neg:0.3523315243520305 
cv354_8573.txt neg neg:0.5960402466852699 pos:0.40395975331473016 
cv859_14107.txt pos neg:0.971273352272779 pos:0.028726647727220927 
cv762_13927.txt pos pos:0.9998814888284223 neg:1.185111715776586E-4 
cv599_20988.txt pos neg:0.5485837879208525 pos:0.45141621207914756 
cv843_17054.txt neg neg:0.9721116286507616 pos:0.027888371349238432 
cv508_16006.txt pos pos:0.9999999965581572 neg:3.441842848717518E-9 
cv423_12089.txt neg pos:0.7847741737395595 neg:0.21522582626044048 
cv286_25050.txt pos pos:0.9974757753661784 neg:0.002524224633821509 
cv425_8250.txt pos pos:0.9935995838299969 neg:0.006400416170003196 
cv270_6079.txt pos pos:0.7753529433473323 neg:0.22464705665266757 
cv477_23530.txt neg pos:0.5175844758856681 neg:0.4824155241143319 
cv875_5622.txt neg pos:0.8097056631021712 neg:0.19029433689782882 
cv713_29002.txt neg neg:0.9973957480059129 pos:0.002604251994087066 
cv917_29484.txt neg neg:0.9946793395159805 pos:0.0053206604840195185 
cv247_13142.txt pos pos:0.9843698508265444 neg:0.015630149173455583 
cv002_17424.txt neg neg:0.9999721307048407 pos:2.7869295159306793E-5 
cv725_10266.txt neg neg:0.9878640524446559 pos:0.01213594755534404 
cv548_17731.txt pos pos:0.9973784125228193 neg:0.0026215874771806547 
cv165_2389.txt neg neg:0.9843783274119414 pos:0.015621672588058426 
cv662_14791.txt neg neg:0.9385511055310359 pos:0.06144889446896403 
cv798_24779.txt neg neg:0.9955411187557853 pos:0.004458881244214787 
cv913_29252.txt pos pos:0.9999977341130214 neg:2.2658869785041423E-6 
cv328_10908.txt neg pos:0.9825582206090053 neg:0.01744177939099461 
cv949_20112.txt pos pos:0.7509959852063126 neg:0.2490040147936874 
cv405_20399.txt pos pos:0.9989234521474641 neg:0.0010765478525358435 
cv057_7453.txt pos neg:0.9307501465696837 pos:0.0692498534303163 
cv249_11640.txt pos pos:0.9606670529316258 neg:0.03933294706837417 
cv929_1841.txt neg pos:0.7700193968619524 neg:0.2299806031380477 
cv121_17302.txt pos neg:0.8616541497440767 pos:0.1383458502559233 
cv472_29280.txt pos pos:0.9660528458696869 neg:0.0339471541303131 
cv658_10532.txt pos pos:0.9999988370391888 neg:1.1629608111133056E-6 
cv150_14279.txt neg neg:0.9999103351732802 pos:8.966482671991829E-5 
cv183_18612.txt pos pos:0.8537196180681826 neg:0.1462803819318173 
cv072_5928.txt neg neg:0.9990693162548566 pos:9.30683745143309E-4 
cv524_24885.txt neg neg:0.6834060169788552 pos:0.31659398302114483 
cv895_22200.txt neg neg:0.9999750928554716 pos:2.4907144528515997E-5 
cv407_23928.txt neg neg:0.9759041725040446 pos:0.02409582749595538 
cv371_8197.txt neg neg:0.9999999857584476 pos:1.424155247183609E-8 
cv897_10837.txt pos pos:0.9489976424898109 neg:0.05100235751018906 
cv267_14952.txt pos pos:0.9969920167663598 neg:0.003007983233640118 
cv335_16299.txt neg neg:0.9999807359045503 pos:1.9264095449626515E-5 
cv047_1754.txt pos pos:0.99999998142291 neg:1.85770898629026E-8 
cv069_11613.txt neg neg:0.8191362921376814 pos:0.18086370786231876 
cv677_17715.txt pos pos:0.9999723571710749 neg:2.7642828924956332E-5 
cv029_19943.txt neg neg:0.9954944225934313 pos:0.004505577406568688 
cv723_9002.txt neg neg:0.8832606509628669 pos:0.11673934903713318 
cv245_8938.txt neg neg:0.9999131954637575 pos:8.680453624244872E-5 
cv941_10246.txt pos pos:0.9997592777565696 neg:2.4072224343040581E-4 
cv719_5713.txt pos pos:0.9999999886453744 neg:1.135462561484254E-8 
cv083_25491.txt neg neg:0.982024266048958 pos:0.017975733951041985 
cv608_24647.txt neg pos:0.9895016379777862 neg:0.010498362022213674 
cv007_4992.txt neg neg:0.9999789175566148 pos:2.1082443385147695E-5 
cv499_11407.txt neg neg:0.9886887278911513 pos:0.011311272108848674 
cv167_18094.txt neg neg:0.5616754252695756 pos:0.4383245747304243 
cv257_11856.txt neg pos:0.9992912803607533 neg:7.087196392467649E-4 
cv999_14636.txt neg pos:0.7916248472273172 neg:0.20837515277268287 
cv196_28898.txt neg neg:0.9657569548401526 pos:0.03424304515984759 
cv402_14425.txt pos pos:0.9999987346872793 neg:1.2653127207448888E-6 
cv424_8831.txt pos pos:0.9999259802112358 neg:7.40197887640356E-5 
cv854_18955.txt neg neg:0.5243419158580607 pos:0.47565808414193933 
cv325_16629.txt pos pos:0.9999991069433471 neg:8.930566529787878E-7 
cv448_14695.txt pos pos:0.9991032159301314 neg:8.967840698686684E-4 
cv640_5380.txt neg pos:0.955881300384114 neg:0.04411869961588603 
cv974_24303.txt neg neg:0.9905601942402543 pos:0.009439805759745635 
cv300_22284.txt pos pos:0.999989736363067 neg:1.02636369330625E-5 
cv455_29000.txt pos pos:0.999975081525932 neg:2.4918474068144865E-5 
cv939_11247.txt neg neg:0.9162530580108328 pos:0.08374694198916732 
cv270_5873.txt neg neg:0.9997786258439012 pos:2.2137415609871104E-4 
cv671_5164.txt neg pos:0.8937546673547236 neg:0.10624533264527626 
cv632_9704.txt neg pos:0.6530024829946859 neg:0.3469975170053141 
cv514_12173.txt neg neg:0.6762011822516647 pos:0.3237988177483352 
cv108_17064.txt neg neg:0.998632466996345 pos:0.0013675330036549342 
cv660_21893.txt pos neg:0.9928285383782259 pos:0.007171461621774015 
cv191_29719.txt pos pos:0.9416823125834577 neg:0.05831768741654237 
cv481_7930.txt neg neg:0.9689211282701784 pos:0.0310788717298215 
cv101_10175.txt pos neg:0.9989249676752987 pos:0.0010750323247013128 
cv504_29243.txt pos pos:0.7388043128677362 neg:0.2611956871322637 
cv213_20300.txt neg neg:0.9949492762306595 pos:0.005050723769340447 
cv959_14611.txt pos pos:0.9653850055558792 neg:0.0346149944441208 
cv284_20530.txt neg pos:0.8990553183514407 neg:0.10094468164855923 
cv181_14401.txt pos pos:0.9999998152601742 neg:1.8473982574382066E-7 
cv066_10821.txt pos pos:0.9838082847210917 neg:0.016191715278908177 
cv585_23576.txt neg neg:0.8840748263767133 pos:0.11592517362328657 
cv631_4967.txt pos neg:0.552259784857517 pos:0.4477402151424829 
cv053_21822.txt pos pos:0.9938773852752193 neg:0.006122614724780738 
cv801_26335.txt neg neg:0.9047640057434748 pos:0.09523599425652512 
cv517_20616.txt neg neg:0.999999855430878 pos:1.4456912205718052E-7 
cv999_13106.txt pos pos:0.9999852537209376 neg:1.4746279062386471E-5 
cv557_12237.txt neg neg:0.9984690178100997 pos:0.0015309821899002962 
cv024_7033.txt neg neg:0.6689594721750839 pos:0.33104052782491616 
cv788_26409.txt neg neg:0.9991953381208765 pos:8.046618791236368E-4 
cv384_17140.txt pos pos:0.9998246910257307 neg:1.7530897426922356E-4 
cv055_8338.txt pos pos:0.9999560321934001 neg:4.396780659990944E-5 
cv210_9312.txt pos neg:0.9047459293357706 pos:0.09525407066422933 
cv334_0074.txt neg neg:0.9999315893299775 pos:6.841067002252129E-5 
cv449_9126.txt neg pos:0.9997837657194842 neg:2.1623428051564038E-4 
cv340_13287.txt pos pos:0.991453994684044 neg:0.00854600531595595 
cv393_29327.txt pos pos:0.9998402424235633 neg:1.5975757643665073E-4 
cv024_6778.txt pos neg:0.9988792177610952 pos:0.0011207822389048777 
cv310_13091.txt pos pos:0.9999358320962772 neg:6.416790372279175E-5 
cv647_15275.txt neg neg:0.9999982578620835 pos:1.7421379164545593E-6 
cv929_16908.txt pos pos:0.9993673087252909 neg:6.326912747090662E-4 
cv647_13691.txt pos pos:0.9829082390481866 neg:0.017091760951813344 
cv544_5301.txt neg neg:0.9998089412183356 pos:1.9105878166436206E-4 
cv744_10091.txt neg pos:0.9260284085127587 neg:0.0739715914872414 
cv780_7984.txt pos pos:0.9999632023482776 neg:3.6797651722473975E-5 
cv216_20165.txt neg neg:0.9056062235832772 pos:0.09439377641672274 
cv982_22209.txt neg neg:0.999104073366248 pos:8.959266337520806E-4 
cv221_27081.txt neg neg:0.7857711553866547 pos:0.2142288446133454 
cv021_17313.txt neg neg:0.9999898761912364 pos:1.0123808763696101E-5 
cv607_8235.txt neg neg:0.999282683913058 pos:7.173160869419237E-4 
cv692_17026.txt neg neg:0.9887024873161097 pos:0.011297512683890397 
cv980_10953.txt pos pos:0.9998568117068332 neg:1.431882931667769E-4 
cv175_6964.txt pos pos:0.9134360108627912 neg:0.08656398913720872 
cv587_20532.txt neg neg:0.9937266598468124 pos:0.006273340153187439 
cv676_22202.txt neg neg:0.9999999942012949 pos:5.798705009885836E-9 
cv380_7574.txt pos pos:0.7095063213453234 neg:0.29049367865467646 
cv623_15356.txt pos pos:0.9999935082436664 neg:6.491756333596396E-6 
cv405_21868.txt neg neg:0.999060417520582 pos:9.395824794180746E-4 
cv431_7538.txt neg neg:0.6717349319894661 pos:0.3282650680105339 
cv428_11347.txt pos pos:0.5115064447524348 neg:0.4884935552475652 
cv253_10077.txt pos pos:0.9584237225774485 neg:0.041576277422551676 
cv095_28730.txt neg pos:0.8350544336171175 neg:0.1649455663828826 
cv691_5043.txt pos pos:0.9999668299903788 neg:3.3170009621320494E-5 
cv830_5778.txt neg neg:0.7666504262565624 pos:0.23334957374343754 
cv030_22893.txt neg neg:0.9890428574067414 pos:0.010957142593258674 
cv919_16380.txt pos pos:0.9995327914028217 neg:4.672085971782627E-4 
cv558_29507.txt pos pos:0.9977669255042388 neg:0.0022330744957612093 
cv931_17563.txt pos pos:0.9986498367381536 neg:0.001350163261846499 
cv154_9328.txt pos pos:0.6027358328579911 neg:0.39726416714200885 
cv185_28372.txt neg neg:0.9995906195300984 pos:4.0938046990166504E-4 
cv018_21672.txt neg pos:0.5969883720646513 neg:0.4030116279353487 
cv046_10188.txt pos pos:0.9992816702238076 neg:7.183297761924067E-4 
cv606_15985.txt pos pos:0.9999821836282321 neg:1.7816371767895115E-5 
cv153_10779.txt pos pos:0.7430269945737674 neg:0.2569730054262325 
cv921_13988.txt neg neg:0.999908478753539 pos:9.152124646086279E-5 
cv114_18398.txt pos pos:0.8912317768719257 neg:0.1087682231280744 
cv876_9633.txt neg neg:0.9997501139018903 pos:2.4988609810960345E-4 
cv698_16930.txt neg neg:0.9965022263038632 pos:0.0034977736961368487 
cv450_8319.txt neg neg:0.9872132585586807 pos:0.012786741441319319 
cv984_12767.txt pos pos:0.9993163038105519 neg:6.836961894481586E-4 
cv019_14482.txt pos pos:0.9930712555361696 neg:0.0069287444638304555 
cv949_21565.txt neg neg:0.9999066743698801 pos:9.332563011982239E-5 
cv009_29592.txt pos pos:0.9621414476061835 neg:0.03785855239381653 
cv716_11153.txt neg pos:0.9249076587455743 neg:0.07509234125442577 
cv857_15958.txt pos pos:0.9638584487121771 neg:0.03614155128782283 
cv898_14187.txt pos pos:0.9782076801201847 neg:0.021792319879815274 
cv259_10934.txt pos pos:0.9062344504894521 neg:0.09376554951054795 
cv897_11703.txt neg neg:0.9999662887578101 pos:3.3711242189817066E-5 
cv708_28729.txt pos neg:0.5112755996198141 pos:0.4887244003801859 
cv773_18817.txt pos pos:0.9895229545334879 neg:0.010477045466512121 
cv315_11629.txt pos pos:0.9996453959903449 neg:3.546040096550945E-4 
cv204_8451.txt pos pos:0.9852971226506892 neg:0.01470287734931076 
cv202_11382.txt neg neg:0.9993907737886611 pos:6.092262113388028E-4 
cv048_18380.txt neg neg:0.999999815741744 pos:1.8425825607214596E-7 
cv120_4111.txt pos pos:0.9993466346097044 neg:6.533653902956483E-4 
cv963_7208.txt neg neg:0.9946088934484217 pos:0.0053911065515783105 
cv592_22315.txt pos pos:0.8868559036761555 neg:0.11314409632384459 
cv219_19874.txt neg neg:0.9960848823025776 pos:0.003915117697422376 
cv983_24219.txt neg neg:0.9947471213436869 pos:0.005252878656313117 
cv162_10977.txt neg neg:0.9168079273413353 pos:0.08319207265866478 
cv730_10279.txt pos pos:0.9999805199686848 neg:1.9480031315258302E-5 
cv617_9322.txt pos neg:0.6536544145309224 pos:0.34634558546907757 
cv469_21998.txt neg neg:0.9988461863647705 pos:0.0011538136352295177 
cv527_10123.txt pos pos:0.9931501951057748 neg:0.00684980489422521 
cv694_4526.txt neg neg:0.6137071587126989 pos:0.3862928412873011 
cv586_7543.txt pos pos:0.9019894812049606 neg:0.0980105187950393 
Trial 0 Trainer MaxEntTrainer,gaussianPriorVariance=1.0 Training Data Confusion Matrix
Confusion Matrix, row=true, column=predicted  accuracy=1.0
  label   0   1  |total
  0 neg 900   .  |900
  1 pos   . 900  |900

Trial 0 Trainer MaxEntTrainer,gaussianPriorVariance=1.0 training data accuracy= 1.0
Trial 0 Trainer MaxEntTrainer,gaussianPriorVariance=1.0 Test Data Confusion Matrix
Confusion Matrix, row=true, column=predicted  accuracy=0.835
  label   0   1  |total
  0 neg  80  20  |100
  1 pos  13  87  |100

Trial 0 Trainer MaxEntTrainer,gaussianPriorVariance=1.0 test data accuracy= 0.835

MaxEntTrainer,gaussianPriorVariance=1.0
Summary. train accuracy mean = 1.0 stddev = 0.0 stderr = 0.0
Summary. test accuracy mean = 0.835 stddev = 0.0 stderr = 0.0
