
-------------------- Trial 0  --------------------

Trial 0 Training NaiveBayesTrainer with 1800 instances
Trial 0 Training NaiveBayesTrainer finished
Trial 0 Trainer NaiveBayesTrainer
 Raw Testing Data
cv345_9954.txt pos pos:1.0 neg:5.702014633995207E-30 
cv347_13194.txt pos pos:1.0 neg:5.088694869876637E-19 
cv515_17069.txt pos pos:1.0 neg:2.110811761247668E-19 
cv762_15604.txt neg neg:0.9995497911169139 pos:4.5020888308611406E-4 
cv682_17947.txt neg pos:0.9943790575636197 neg:0.005620942436380325 
cv818_10698.txt neg neg:0.9999940279933024 pos:5.9720066975937165E-6 
cv853_29233.txt pos pos:0.9999869511408952 neg:1.304885910466796E-5 
cv424_9268.txt neg neg:1.0 pos:9.410737281952894E-22 
cv741_11890.txt pos pos:0.9999999924595452 neg:7.540454967872343E-9 
cv867_18362.txt neg pos:0.9999999996838453 neg:3.161546955654339E-10 
cv170_3006.txt pos neg:0.9999997788995112 pos:2.2110048867129056E-7 
cv981_16679.txt neg pos:0.9959092193849742 neg:0.004090780615025772 
cv296_13146.txt neg neg:0.9999999221416241 pos:7.78583760067469E-8 
cv958_12162.txt pos pos:1.0 neg:8.059490855523176E-25 
cv097_26081.txt neg pos:0.9999998762149007 neg:1.237850991796661E-7 
cv729_10154.txt pos pos:1.0 neg:9.276442051354948E-39 
cv084_15183.txt neg neg:0.9999999999999996 pos:3.584748797369268E-16 
cv214_12294.txt pos neg:0.9999999999840856 pos:1.5914301919528935E-11 
cv063_28997.txt pos pos:0.9999996051491544 neg:3.9485084563177754E-7 
cv020_8825.txt pos pos:0.9999999267605297 neg:7.32394702030219E-8 
cv215_22240.txt pos pos:0.9999999999998679 neg:1.3204313027962432E-13 
cv073_21785.txt pos neg:0.9893302786627027 pos:0.010669721337297357 
cv689_12587.txt pos pos:0.9999998410042934 neg:1.5899570670002016E-7 
cv908_17779.txt neg pos:0.9997359603221019 neg:2.64039677898024E-4 
cv339_21119.txt pos pos:0.8652850774314678 neg:0.13471492256853235 
cv682_16139.txt pos pos:1.0 neg:3.3869191729831415E-18 
cv099_11189.txt neg neg:0.8552403915819886 pos:0.14475960841801128 
cv075_6500.txt pos neg:0.9999906127047848 pos:9.387295215237827E-6 
cv344_5312.txt pos pos:0.9999829597775574 neg:1.7040222442683213E-5 
cv129_16741.txt pos pos:1.0 neg:2.5914636118009956E-28 
cv816_15257.txt neg neg:0.9999999851349322 pos:1.4865067913879382E-8 
cv237_19221.txt pos pos:0.8079123828030159 neg:0.19208761719698414 
cv399_28593.txt neg neg:1.0 pos:4.044611092919687E-19 
cv519_14661.txt pos pos:1.0 neg:6.639788222553521E-27 
cv033_24444.txt pos pos:0.9999999983517647 neg:1.6482352987750618E-9 
cv743_15449.txt pos pos:0.999999998547533 neg:1.4524669468797795E-9 
cv819_9567.txt neg neg:1.0 pos:4.756022433268816E-19 
cv566_8967.txt neg neg:1.0 pos:1.8187643350313965E-26 
cv562_10847.txt neg neg:1.0 pos:3.044716487142728E-17 
cv522_5418.txt neg neg:0.9999999864602955 pos:1.3539704469404478E-8 
cv646_15065.txt pos neg:0.9682106536384584 pos:0.03178934636154164 
cv846_29497.txt pos pos:0.9998943809556117 neg:1.0561904438824268E-4 
cv101_10537.txt neg neg:0.9999999996453715 pos:3.5462844953988194E-10 
cv558_29376.txt neg pos:0.9999275372162019 neg:7.246278379813317E-5 
cv566_8581.txt pos pos:1.0 neg:2.171823403407416E-28 
cv861_12809.txt neg neg:0.9999999962998929 pos:3.700107040048622E-9 
cv902_12256.txt pos pos:1.0 neg:3.357293737603534E-28 
cv271_15364.txt neg neg:0.9999999999992406 pos:7.593432749907034E-13 
cv531_26486.txt pos pos:0.9999999999999998 neg:1.415939874423658E-16 
cv122_7392.txt pos pos:1.0 neg:7.965891867692862E-32 
cv700_23163.txt neg pos:0.999999999912184 neg:8.781594209145192E-11 
cv851_20469.txt pos pos:0.9999999880596205 neg:1.194037951809456E-8 
cv269_23018.txt neg neg:1.0 pos:4.9939461893460296E-42 
cv013_10494.txt neg neg:1.0 pos:2.0671157691609676E-23 
cv766_7540.txt pos pos:0.9999999998306255 neg:1.6937451009567224E-10 
cv185_28654.txt pos neg:1.0 pos:3.2630703058212745E-23 
cv166_11052.txt pos pos:1.0 neg:3.0072420493698344E-25 
cv545_12848.txt neg pos:0.9999999999608491 neg:3.915091023853322E-11 
cv968_25413.txt neg neg:0.9999999999999998 pos:1.9144369023707488E-16 
cv178_12972.txt pos pos:0.9999999999988531 neg:1.1468764430686631E-12 
cv891_6035.txt neg pos:0.9997205339103353 neg:2.794660896647732E-4 
cv161_11425.txt pos pos:0.9999995431227908 neg:4.5687720905153956E-7 
cv385_29621.txt neg neg:0.9999999970414111 pos:2.9585890190498954E-9 
cv736_23670.txt pos pos:0.9999999999999998 neg:2.18940979866996E-16 
cv910_21930.txt neg neg:1.0 pos:5.915940794897567E-17 
cv705_11059.txt pos pos:0.9993038540815103 neg:6.961459184895953E-4 
cv229_13611.txt pos pos:0.9999999998266758 neg:1.7332426606135428E-10 
cv375_9932.txt neg neg:0.9999999941669473 pos:5.8330526867495644E-9 
cv992_11962.txt pos neg:1.0 pos:1.2739060593125078E-17 
cv061_9321.txt neg neg:1.0 pos:9.761543487754721E-25 
cv459_21834.txt neg neg:1.0 pos:3.903110944130886E-26 
cv199_9721.txt neg pos:0.7256670684792337 neg:0.2743329315207663 
cv553_26965.txt neg neg:1.0 pos:3.3585550392979344E-17 
cv483_16378.txt pos pos:0.9999999696346591 neg:3.036534078798963E-8 
cv378_21982.txt neg neg:0.9999999999999998 pos:2.773230613453299E-16 
cv768_11751.txt pos pos:0.9999999999999036 neg:9.633245927340184E-14 
cv223_28923.txt neg pos:0.6468397810811589 neg:0.3531602189188412 
cv532_6522.txt pos pos:1.0 neg:2.3988405355788538E-20 
cv325_18330.txt neg neg:0.9999999823566995 pos:1.7643300491340398E-8 
cv975_11920.txt neg neg:0.9997558878590141 pos:2.4411214098583216E-4 
cv788_25272.txt pos neg:0.9466149585698983 pos:0.05338504143010168 
cv961_5578.txt neg neg:0.6939493826381872 pos:0.3060506173618128 
cv689_13701.txt neg neg:0.9999387355010856 pos:6.126449891444277E-5 
cv618_9469.txt neg neg:0.99999999999835 pos:1.650048260833288E-12 
cv964_6021.txt pos neg:1.0 pos:2.750829820529126E-21 
cv193_5416.txt pos pos:0.9999019472925371 neg:9.805270746289255E-5 
cv159_29505.txt pos pos:0.9549559179953268 neg:0.04504408200467333 
cv644_18551.txt neg neg:0.9999999999999871 pos:1.2922820485419241E-14 
cv150_12916.txt pos pos:0.9999956514678203 neg:4.348532179693823E-6 
cv312_29308.txt neg neg:0.9999999999974687 pos:2.531286347818818E-12 
cv186_2269.txt pos pos:0.9999999990147781 neg:9.852219404428723E-10 
cv779_18989.txt neg neg:0.9872005920148529 pos:0.01279940798514703 
cv924_29397.txt neg neg:0.738688037182559 pos:0.26131196281744107 
cv526_12868.txt neg neg:1.0 pos:4.1521750156127657E-29 
cv005_29357.txt neg neg:0.9999999276044572 pos:7.239554277836903E-8 
cv808_12635.txt pos pos:0.9999999999999938 neg:6.260940182702273E-15 
cv130_18521.txt neg neg:0.9998264320809083 pos:1.7356791909180525E-4 
cv111_12253.txt neg neg:1.0 pos:6.487757047468626E-22 
cv089_12222.txt neg neg:0.8604094936386375 pos:0.13959050636136253 
cv722_7110.txt pos pos:0.9159257705655787 neg:0.08407422943442135 
cv430_18662.txt neg neg:0.9999999999909281 pos:9.07182705713772E-12 
cv678_14887.txt neg neg:0.9995208130320974 pos:4.7918696790262474E-4 
cv052_29318.txt neg neg:0.99995540512543 pos:4.459487457002194E-5 
cv903_17822.txt pos pos:1.0 neg:7.77389260260733E-18 
cv388_12009.txt pos pos:0.9999999999996161 neg:3.840173522972515E-13 
cv878_15694.txt pos neg:0.9987918827619758 pos:0.0012081172380241187 
cv040_8829.txt neg pos:0.9895890592113717 neg:0.010410940788628132 
cv227_24215.txt pos pos:0.9999998899025028 neg:1.1009749729720231E-7 
cv466_20092.txt neg pos:0.9999978995503375 neg:2.1004496625162414E-6 
cv008_29435.txt pos pos:0.9999312720846817 neg:6.872791531822651E-5 
cv144_5010.txt neg neg:0.9999999999999998 pos:1.3960495719833763E-16 
cv956_11609.txt pos pos:0.9999999999913021 neg:8.697902711211082E-12 
cv102_8306.txt neg neg:0.9997905509709856 pos:2.0944902901428607E-4 
cv264_12801.txt pos pos:0.9999999999999962 neg:3.782505074416008E-15 
cv038_9781.txt neg neg:1.0 pos:6.7055390402463565E-19 
cv092_27987.txt neg neg:0.9999999585910283 pos:4.14089716452662E-8 
cv806_8842.txt pos pos:0.9999998120765325 neg:1.879234674141426E-7 
cv302_26481.txt neg neg:1.0 pos:3.392980866353519E-25 
cv830_6014.txt pos pos:1.0 neg:2.4581627673348813E-17 
cv422_9381.txt pos pos:1.0 neg:2.2372233151984715E-18 
cv628_19325.txt pos pos:0.9999999999999907 neg:9.435237173671349E-15 
cv699_7773.txt neg neg:1.0 pos:7.16325083084855E-24 
cv565_29572.txt pos pos:0.9999999367166956 neg:6.328330434615571E-8 
cv049_20471.txt pos neg:0.9999999943026467 pos:5.697353305990978E-9 
cv075_6250.txt neg pos:0.9988932797988574 neg:0.001106720201142573 
cv511_10360.txt neg neg:1.0 pos:2.0206142861742828E-27 
cv152_9052.txt neg neg:0.9999999995438711 pos:4.5612901719658454E-10 
cv059_28885.txt pos pos:1.0 neg:3.983702164869488E-29 
cv277_20467.txt neg neg:0.999999999286227 pos:7.137731094127053E-10 
cv492_18271.txt pos pos:0.9999999999614562 neg:3.854384575449006E-11 
cv205_9457.txt pos pos:1.0 neg:1.09629036699995E-20 
cv170_29808.txt neg neg:0.999841657498996 pos:1.583425010040584E-4 
cv764_12701.txt neg neg:0.999999983708483 pos:1.629151707723999E-8 
cv652_15653.txt neg neg:0.9999984298760248 pos:1.5701239751845044E-6 
cv796_15782.txt pos pos:1.0 neg:2.974618108967991E-23 
cv488_21453.txt neg neg:0.9999999999922249 pos:7.775187366850797E-12 
cv940_18935.txt neg neg:0.9999999844970888 pos:1.5502911082936025E-8 
cv663_13019.txt pos pos:1.0 neg:5.490675144969639E-21 
cv236_12427.txt neg neg:0.9999999999999982 pos:1.7707088201838067E-15 
cv811_21386.txt pos pos:0.9999987592958149 neg:1.2407041850803172E-6 
cv378_20629.txt pos pos:1.0 neg:1.819211604377321E-17 
cv911_21695.txt neg neg:1.0 pos:5.878077244485286E-36 
cv078_16506.txt neg neg:0.9999999999999931 pos:6.933401226604328E-15 
cv088_25274.txt neg neg:0.9999967559391029 pos:3.244060897176915E-6 
cv775_16237.txt pos pos:0.9956303786839363 neg:0.004369621316063625 
cv886_18177.txt pos neg:0.9999996248024772 pos:3.7519752290540446E-7 
cv648_17277.txt neg pos:0.9787949307045231 neg:0.021205069295476917 
cv173_4295.txt neg neg:1.0 pos:4.700697933587975E-18 
cv076_26009.txt neg pos:0.9994019733867032 neg:5.980266132967997E-4 
cv536_27221.txt neg neg:0.9997735773229677 pos:2.2642267703229434E-4 
cv385_29741.txt pos pos:0.9999999967040081 neg:3.2959919763524264E-9 
cv648_15792.txt pos neg:0.9999999999715934 pos:2.8406549045215315E-11 
cv331_8273.txt pos pos:0.9999999998080329 neg:1.9196700258497696E-10 
cv231_11028.txt neg neg:1.0 pos:4.99535317478621E-20 
cv467_26610.txt neg pos:0.9999997703084426 neg:2.2969155739018538E-7 
cv073_23039.txt neg neg:0.9999999999999423 pos:5.77566642839243E-14 
cv698_15253.txt pos pos:1.0 neg:7.347916312889401E-20 
cv411_15007.txt pos pos:1.0 neg:1.1079036437159168E-45 
cv376_19435.txt pos pos:0.9997951996980563 neg:2.0480030194366773E-4 
cv851_21895.txt neg pos:0.9999998265787767 neg:1.734212233211699E-7 
cv421_9709.txt pos pos:0.9999998702471984 neg:1.2975280166880202E-7 
cv574_22156.txt pos neg:0.9991075383202566 pos:8.92461679743405E-4 
cv679_28221.txt neg neg:0.9999999999828919 pos:1.7108166871730942E-11 
cv760_8597.txt pos pos:0.9522094859064437 neg:0.04779051409355619 
cv293_29856.txt pos pos:0.9999839488034643 neg:1.6051196535627476E-5 
cv512_15965.txt pos pos:1.0 neg:5.581760078946125E-33 
cv333_8916.txt pos pos:1.0 neg:8.977303545222186E-20 
cv721_28993.txt neg neg:0.999999960068304 pos:3.993169586904454E-8 
cv316_5972.txt neg neg:0.8100317494347608 pos:0.1899682505652393 
cv503_10558.txt pos pos:0.9999999999997966 neg:2.033261097458431E-13 
cv140_7963.txt neg neg:1.0 pos:2.933513496268634E-30 
cv067_19774.txt pos pos:0.9999446985878715 neg:5.530141212842596E-5 
cv481_7436.txt pos pos:1.0 neg:9.61768822803819E-21 
cv970_18450.txt pos pos:1.0 neg:8.689508290952098E-25 
cv181_16083.txt neg neg:0.9999895555339581 pos:1.0444466041862498E-5 
cv872_12591.txt pos pos:1.0 neg:1.314028374573229E-25 
cv339_22452.txt neg neg:0.9999999701653497 pos:2.98346503624812E-8 
cv443_22367.txt neg neg:0.9999999794520558 pos:2.0547944225499638E-8 
cv835_20531.txt neg neg:0.9970565216968148 pos:0.002943478303185175 
cv579_12542.txt neg neg:1.0 pos:2.3095152396921886E-32 
cv774_15488.txt neg neg:0.988789266655599 pos:0.011210733344401083 
cv549_22771.txt neg neg:0.9999997246849109 pos:2.7531508898448276E-7 
cv873_18636.txt pos neg:0.9999331389065296 pos:6.686109347039352E-5 
cv324_7082.txt pos pos:0.9999999988262858 neg:1.1737142103074674E-9 
cv598_18184.txt neg neg:0.9999450395279573 pos:5.496047204275217E-5 
cv164_23451.txt neg neg:0.9997694868745566 pos:2.3051312544344885E-4 
cv945_13012.txt neg neg:0.9999999995479523 pos:4.5204778168217547E-10 
cv954_19932.txt neg neg:0.9999955913983093 pos:4.4086016906835865E-6 
cv708_28539.txt neg pos:0.9999998157031944 neg:1.842968056163801E-7 
cv468_16844.txt neg neg:0.9999999999999976 pos:2.5123060443451357E-15 
cv643_29282.txt neg neg:0.9999999999906344 pos:9.365729268648592E-12 
cv888_24435.txt pos pos:0.9999999999999984 neg:1.4771018469808222E-15 
cv420_28795.txt pos neg:0.9995420846645238 pos:4.579153354762901E-4 
cv423_11155.txt pos pos:0.9999999999999516 neg:4.8449848448847466E-14 
cv334_10001.txt pos neg:1.0 pos:2.669610039491386E-19 
cv137_15422.txt pos pos:0.9999994155614148 neg:5.8443858526312E-7 
cv360_8398.txt pos pos:0.9999644917096407 neg:3.550829035921615E-5 
cv554_13151.txt pos pos:0.9999999059995934 neg:9.400040661632266E-8 
cv969_13250.txt pos pos:0.9999999968097728 neg:3.1902272573690787E-9 
cv223_29066.txt pos neg:0.8949688935091589 pos:0.1050311064908412 
Trial 0 Trainer NaiveBayesTrainer Training Data Confusion Matrix
Confusion Matrix, row=true, column=predicted  accuracy=0.9305555555555556
  label   0   1  |total
  0 neg 852  48  |900
  1 pos  77 823  |900

Trial 0 Trainer NaiveBayesTrainer training data accuracy= 0.9305555555555556
Trial 0 Trainer NaiveBayesTrainer Test Data Confusion Matrix
Confusion Matrix, row=true, column=predicted  accuracy=0.815
  label   0   1  |total
  0 neg  81  19  |100
  1 pos  18  82  |100

Trial 0 Trainer NaiveBayesTrainer test data accuracy= 0.815

NaiveBayesTrainer
Summary. train accuracy mean = 0.9305555555555556 stddev = 0.0 stderr = 0.0
Summary. test accuracy mean = 0.815 stddev = 0.0 stderr = 0.0
