
-------------------- Trial 0  --------------------

Trial 0 Training NaiveBayesTrainer with 1800 instances
Trial 0 Training NaiveBayesTrainer finished
Trial 0 Trainer NaiveBayesTrainer
 Raw Testing Data
cv623_16988.txt neg neg:1.0 pos:8.38859791206727E-37 
cv051_10306.txt pos pos:1.0 neg:1.9064416108007138E-22 
cv382_7897.txt pos pos:1.0 neg:2.225544895208561E-19 
cv082_11080.txt pos neg:0.9999999998289484 pos:1.7105154068501634E-10 
cv791_16302.txt pos pos:1.0 neg:8.356150039224074E-20 
cv484_25054.txt pos pos:0.9970555761462526 neg:0.002944423853747434 
cv353_18159.txt pos pos:0.6497165470409485 neg:0.3502834529590515 
cv438_8500.txt neg neg:0.9999999982551326 pos:1.744867309520033E-9 
cv124_3903.txt neg neg:0.9999998917648296 pos:1.0823517044346821E-7 
cv012_29411.txt neg neg:0.9999999999999989 pos:1.062172443367143E-15 
cv634_11101.txt pos pos:1.0 neg:7.261739620334357E-17 
cv637_1250.txt pos neg:0.9999614592386383 pos:3.854076136164697E-5 
cv754_7709.txt neg neg:0.99999999999911 pos:8.898866607893879E-13 
cv845_14290.txt pos pos:0.9997563340905505 neg:2.4366590944934667E-4 
cv062_23115.txt pos pos:1.0 neg:1.0880108430587317E-18 
cv556_14808.txt pos pos:1.0 neg:9.68488718321537E-36 
cv659_19944.txt pos pos:0.9999999999999858 neg:1.429313238088306E-14 
cv244_22935.txt neg neg:1.0 pos:3.796764978709196E-22 
cv877_29274.txt pos pos:0.9999974809494416 neg:2.5190505583308334E-6 
cv833_11053.txt pos pos:0.9999999999999998 neg:1.4021212958980806E-16 
cv852_27523.txt pos neg:0.9858142807468552 pos:0.014185719253144869 
cv960_29007.txt pos pos:0.9913042967222031 neg:0.008695703277796977 
cv579_11605.txt pos pos:0.9999999999971971 neg:2.802950180795868E-12 
cv562_10359.txt pos neg:0.9998254510818796 pos:1.7454891812030562E-4 
cv982_21103.txt pos pos:1.0 neg:4.812854013269421E-19 
cv667_18467.txt pos pos:1.0 neg:4.357684124845893E-38 
cv980_11851.txt neg neg:1.0 pos:2.5097771002702227E-23 
cv782_21078.txt neg neg:0.9999999999999925 pos:7.585462274695078E-15 
cv548_18944.txt neg neg:0.9999999999341802 pos:6.581973801681705E-11 
cv116_28734.txt neg neg:0.7742876022045443 pos:0.2257123977954557 
cv737_28733.txt neg neg:0.9999999999999893 pos:1.0575636550114401E-14 
cv322_20318.txt pos pos:0.9999298591821413 neg:7.014081785866092E-5 
cv472_29140.txt neg pos:0.9999999999999876 neg:1.2350454239245738E-14 
cv203_17986.txt pos pos:1.0 neg:6.272717504882292E-22 
cv741_12765.txt neg neg:0.9999999759457788 pos:2.4054221181537705E-8 
cv173_4471.txt pos pos:0.9999334977917589 neg:6.650220824124621E-5 
cv612_5396.txt neg neg:0.9973848432242065 pos:0.0026151567757934265 
cv808_13773.txt neg neg:0.9997373857640756 pos:2.626142359244481E-4 
cv115_25396.txt pos pos:0.9999999999999287 neg:7.13446238146759E-14 
cv384_18536.txt neg neg:0.9999999924479367 pos:7.552063411160489E-9 
cv754_7216.txt pos pos:0.999971965300426 neg:2.8034699574055294E-5 
cv580_14064.txt pos neg:0.9971702599439819 pos:0.0028297400560180776 
cv985_5964.txt neg neg:0.9999999999999991 pos:8.380634235590111E-16 
cv386_10080.txt pos pos:1.0 neg:4.118770026266719E-25 
cv028_26746.txt pos neg:0.8922250282540432 pos:0.10777497174595685 
cv549_21443.txt pos pos:1.0 neg:3.3460203876438244E-20 
cv832_24713.txt neg neg:0.9999999999999969 pos:3.1704368041859418E-15 
cv771_28466.txt neg neg:1.0 pos:1.1236624651634528E-38 
cv114_19501.txt neg neg:0.9999999984131542 pos:1.5868458512431597E-9 
cv232_14991.txt pos pos:0.9714033951505274 neg:0.028596604849472525 
cv245_8569.txt pos pos:0.9999999999999907 neg:9.233740800157374E-15 
cv713_29155.txt pos pos:0.9999999586900893 neg:4.1309910639861257E-8 
cv379_21963.txt pos pos:0.999999998365853 neg:1.634147108068834E-9 
cv190_27052.txt pos pos:1.0 neg:1.3539546017454512E-18 
cv937_9816.txt neg neg:0.9999999999591125 pos:4.0887614960551447E-11 
cv297_10047.txt pos pos:0.9999999997879749 neg:2.1202501487931992E-10 
cv699_7223.txt pos neg:0.9999999011446292 pos:9.88553707836118E-8 
cv591_24887.txt neg neg:0.9999999978918455 pos:2.108154467286039E-9 
cv151_17231.txt neg pos:0.8305874101352096 neg:0.1694125898647904 
cv189_22934.txt pos pos:0.7601253555520562 neg:0.2398746444479437 
cv575_22598.txt neg pos:0.9999996301413141 neg:3.698586858208507E-7 
cv899_16014.txt pos pos:0.9999999999999984 neg:1.6172491354505133E-15 
cv248_15672.txt neg neg:0.9991765086059315 pos:8.234913940683351E-4 
cv304_28706.txt pos pos:0.9427549490306256 neg:0.05724505096937434 
cv079_11933.txt pos pos:0.9878984870185972 neg:0.012101512981402907 
cv983_22928.txt pos pos:0.9999879496839474 neg:1.2050316052473116E-5 
cv519_16239.txt neg pos:0.999999999999998 neg:1.9295720490681257E-15 
cv948_25870.txt neg neg:1.0 pos:6.712762239769452E-27 
cv074_6875.txt pos pos:0.9999969923555468 neg:3.0076444531075745E-6 
cv821_29364.txt pos pos:0.9992838976293676 neg:7.161023706324427E-4 
cv012_29576.txt pos pos:1.0 neg:3.508469865997764E-17 
cv117_24295.txt pos pos:0.999999810162573 neg:1.898374271336118E-7 
cv852_27512.txt neg pos:0.9998042429972425 neg:1.9575700275748946E-4 
cv209_28973.txt neg neg:0.9999999999999962 pos:3.684460621148448E-15 
cv138_12721.txt pos neg:0.9989275872401432 pos:0.0010724127598567676 
cv291_26635.txt pos pos:0.9999999998876792 neg:1.123208631173803E-10 
cv489_19046.txt neg neg:0.9999999999999911 pos:8.79019208980895E-15 
cv827_19479.txt neg neg:1.0 pos:6.720147929738254E-17 
cv799_19812.txt neg neg:1.0 pos:5.396461432430054E-35 
cv996_12447.txt neg neg:0.9997055972060546 pos:2.944027939454073E-4 
cv168_7050.txt pos pos:1.0 neg:4.1069490048874794E-25 
cv919_18155.txt neg neg:0.9999976863062644 pos:2.3136937356453292E-6 
cv195_16146.txt neg neg:0.9924639099745114 pos:0.007536090025488583 
cv064_24576.txt pos pos:0.9999999997544262 neg:2.4557376300756585E-10 
cv826_12761.txt neg neg:0.9463222035068437 pos:0.05367779649315627 
cv712_24217.txt neg neg:0.9998349723769092 pos:1.6502762309079285E-4 
cv480_19817.txt pos neg:0.999939013302679 pos:6.0986697320984154E-5 
cv041_21113.txt pos pos:1.0 neg:1.1681226977020325E-29 
cv705_11973.txt neg neg:0.9999999999999678 pos:3.221184609906864E-14 
cv350_20670.txt pos pos:0.9999999995178181 neg:4.821817662392969E-10 
cv654_19345.txt neg neg:0.999999999999893 pos:1.0693628821623685E-13 
cv905_28965.txt neg pos:0.9999997316458208 neg:2.6835417928844776E-7 
cv320_9693.txt neg neg:0.999999999999998 pos:2.0112198871287273E-15 
cv805_19601.txt pos pos:1.0 neg:3.05273280723632E-19 
cv626_7907.txt neg neg:0.9999995427820513 pos:4.5721794865925303E-7 
cv727_4978.txt pos pos:0.9999995902285899 neg:4.0977141012393953E-7 
cv891_6385.txt pos neg:0.9999999407018743 pos:5.9298125741569275E-8 
cv281_24711.txt neg neg:1.0 pos:2.9370759539200715E-26 
cv220_28906.txt neg pos:0.9972798361390024 neg:0.002720163860997598 
cv822_20049.txt pos pos:1.0 neg:1.6821072190642573E-26 
cv034_29446.txt neg pos:0.9998603609289362 neg:1.39639071063904E-4 
cv716_10514.txt pos neg:0.9999934215306432 pos:6.578469356702965E-6 
cv202_10654.txt pos pos:1.0 neg:9.658614437515526E-22 
cv960_28877.txt neg pos:0.9999349475026924 neg:6.505249730744522E-5 
cv681_9744.txt neg neg:0.9999999995393305 pos:4.606695343606735E-10 
cv767_14062.txt pos pos:0.9999879930719793 neg:1.200692802062134E-5 
cv904_25663.txt neg neg:0.9999925042334744 pos:7.495766525659439E-6 
cv617_9561.txt neg pos:0.6631634740505225 neg:0.33683652594947744 
cv349_15032.txt neg neg:0.9966901709299096 pos:0.003309829070090493 
cv889_22670.txt neg neg:0.9999431202724858 pos:5.687972751416132E-5 
cv967_5626.txt neg neg:0.9999884848351317 pos:1.151516486834703E-5 
cv600_23878.txt pos pos:1.0 neg:5.7828240104681035E-27 
cv368_10466.txt pos pos:1.0 neg:2.033298726138438E-25 
cv774_13845.txt pos pos:0.9999999986058532 neg:1.3941468714521562E-9 
cv153_11607.txt neg neg:0.9999841275856538 pos:1.587241434618159E-5 
cv370_5338.txt neg neg:0.9999998214258806 pos:1.7857411936513833E-7 
cv200_29006.txt neg pos:0.9999999999942986 neg:5.7014506457475154E-12 
cv956_12547.txt neg neg:1.0 pos:1.1736119701119942E-29 
cv829_20289.txt pos pos:0.9999997805047334 neg:2.194952667203444E-7 
cv909_9960.txt pos neg:0.9977529846053567 pos:0.002247015394643237 
cv432_15873.txt neg neg:0.9999999999999729 pos:2.698423710584675E-14 
cv908_16009.txt pos pos:0.9999375296482599 neg:6.247035174019344E-5 
cv589_12064.txt pos pos:1.0 neg:3.296117987922874E-23 
cv536_27134.txt pos pos:0.8133371541256389 neg:0.1866628458743611 
cv973_10171.txt neg neg:1.0 pos:6.438687016491931E-18 
cv446_12209.txt neg neg:0.9999999921889712 pos:7.81102890862815E-9 
cv157_29302.txt neg pos:0.9994169816350644 neg:5.830183649354342E-4 
cv465_22431.txt pos pos:0.9999999999958014 neg:4.198535032816962E-12 
cv909_9973.txt neg neg:0.6953211801390691 pos:0.30467881986093087 
cv222_17395.txt pos pos:0.9999999999929623 neg:7.037763083925554E-12 
cv470_17444.txt neg neg:1.0 pos:4.3800676961297255E-21 
cv115_26443.txt neg neg:0.9999999999854947 pos:1.4505332710438314E-11 
cv504_29120.txt neg neg:0.9999979047428275 pos:2.095257172540611E-6 
cv757_10668.txt neg neg:0.9999999999953286 pos:4.6713363533035745E-12 
cv882_10042.txt neg neg:1.0 pos:8.290124777626654E-19 
cv065_15248.txt pos pos:1.0 neg:4.656083734753834E-33 
cv520_12295.txt pos pos:0.9961499348428964 neg:0.0038500651571036913 
cv145_12239.txt neg neg:0.9059488123739636 pos:0.09405118762603636 
cv404_20315.txt pos pos:0.9999893294886849 neg:1.0670511315027492E-5 
cv586_8048.txt neg neg:1.0 pos:4.557565939800018E-52 
cv786_22497.txt pos pos:0.9999990485507892 neg:9.51449210810598E-7 
cv918_2693.txt pos pos:0.999878985995479 neg:1.2101400452111672E-4 
cv072_6169.txt pos neg:0.8806209877310407 pos:0.11937901226895929 
cv206_15893.txt neg neg:0.9999969486783635 pos:3.051321636483789E-6 
cv146_18458.txt pos pos:1.0 neg:8.456363749670765E-30 
cv862_14324.txt pos pos:1.0 neg:6.489797049034408E-31 
cv027_25219.txt pos pos:1.0 neg:3.531912135285614E-46 
cv409_29786.txt pos pos:0.9999999999999187 neg:8.123136221673233E-14 
cv591_23640.txt pos pos:0.9999999999998286 neg:1.713390050420188E-13 
cv576_15688.txt neg neg:1.0 pos:2.6630172865355986E-22 
cv555_23922.txt pos neg:1.0 pos:4.942499634377091E-18 
cv738_10116.txt pos pos:1.0 neg:1.4262687686225225E-57 
cv308_5079.txt neg neg:1.0 pos:5.031007180945951E-22 
cv869_24782.txt neg neg:0.9999999987299883 pos:1.2700117032279573E-9 
cv936_15954.txt pos pos:0.9999999999999911 neg:8.821195972730992E-15 
cv154_9562.txt neg neg:1.0 pos:6.913517873436042E-18 
cv208_9475.txt neg neg:0.9999995143020958 pos:4.856979042586135E-7 
cv761_12620.txt pos neg:0.8867187887018855 pos:0.11328121129811455 
cv143_19666.txt pos pos:1.0 neg:1.9437649957870353E-17 
cv638_29394.txt neg neg:0.9999999999999494 pos:5.0562336710590325E-14 
cv314_16095.txt neg pos:0.9999421745344951 neg:5.782546550506352E-5 
cv226_26692.txt neg neg:1.0 pos:8.720754505736595E-25 
cv511_10132.txt pos neg:0.9999723598379554 pos:2.7640162044477144E-5 
cv124_4122.txt pos pos:0.9999999999999896 neg:1.035488749553073E-14 
cv176_14196.txt neg neg:0.9999998452736638 pos:1.5472633614950664E-7 
cv077_22138.txt pos neg:0.7572637578256 pos:0.24273624217440012 
cv381_21673.txt neg pos:1.0 neg:4.0397491883397103E-19 
cv198_18180.txt pos neg:0.9995437748117509 pos:4.562251882489821E-4 
cv047_18725.txt neg neg:0.8241699088746701 pos:0.17583009112532993 
cv106_18379.txt neg pos:0.9608680123602955 neg:0.039131987639704366 
cv483_18103.txt neg neg:0.9999999990342574 pos:9.65742680090552E-10 
cv715_18179.txt pos pos:0.8866104500018398 neg:0.11338954999816016 
cv280_8267.txt pos pos:0.9848728119139945 neg:0.015127188086005524 
cv408_5367.txt neg neg:0.9999999976290035 pos:2.370996494346167E-9 
cv815_22456.txt pos pos:0.9595658698592138 neg:0.04043413014078623 
cv462_20788.txt neg neg:0.9998995958179705 pos:1.0040418202943498E-4 
cv766_7983.txt neg neg:1.0 pos:2.3975117357272165E-33 
cv896_17819.txt neg neg:0.9999999999721341 pos:2.7865827344306952E-11 
cv178_14380.txt neg neg:0.9997509952931576 pos:2.4900470684240995E-4 
cv502_10406.txt pos pos:0.9998408842192621 neg:1.5911578073796986E-4 
cv609_23877.txt pos pos:0.9999999999984956 neg:1.5042476259622253E-12 
cv397_29023.txt pos pos:0.9693579813036045 neg:0.030642018696395396 
cv643_29349.txt pos pos:0.9999999999289106 neg:7.10893562193643E-11 
cv232_16768.txt neg pos:0.999999997906587 neg:2.093412899370213E-9 
cv631_4782.txt neg pos:0.9991215777158163 neg:8.784222841837475E-4 
cv634_11989.txt neg neg:0.8758499184222029 pos:0.12415008157779703 
cv085_1381.txt pos pos:0.9999999999999845 neg:1.546349178982069E-14 
cv814_18975.txt pos pos:0.9999998631729338 neg:1.3682706624876046E-7 
cv453_10911.txt neg neg:0.9999999999999998 pos:1.3334202266833263E-16 
cv235_10704.txt neg neg:1.0 pos:1.5161375037786796E-24 
cv810_13660.txt neg neg:0.9999999938863005 pos:6.113699434287777E-9 
cv553_26915.txt pos pos:1.0 neg:9.64285903109967E-17 
cv865_28796.txt neg neg:0.9996966540663309 pos:3.0334593366906036E-4 
cv834_23192.txt neg neg:0.9999999999865126 pos:1.3487534801146161E-11 
cv309_23737.txt neg pos:0.9999999863660891 neg:1.3633910868811211E-8 
cv062_24556.txt neg neg:0.9999999961331547 pos:3.8668453657684575E-9 
cv718_12227.txt neg neg:1.0 pos:8.140482546558718E-17 
cv331_8656.txt neg neg:0.9999999926181309 pos:7.381869007377155E-9 
cv755_23616.txt pos pos:1.0 neg:4.2327609419530776E-21 
cv622_8583.txt neg neg:0.5408479175898785 pos:0.4591520824101215 
Trial 0 Trainer NaiveBayesTrainer Training Data Confusion Matrix
Confusion Matrix, row=true, column=predicted  accuracy=0.93
  label   0   1  |total
  0 neg 854  46  |900
  1 pos  80 820  |900

Trial 0 Trainer NaiveBayesTrainer training data accuracy= 0.93
Trial 0 Trainer NaiveBayesTrainer Test Data Confusion Matrix
Confusion Matrix, row=true, column=predicted  accuracy=0.82
  label   0   1  |total
  0 neg  82  18  |100
  1 pos  18  82  |100

Trial 0 Trainer NaiveBayesTrainer test data accuracy= 0.82

NaiveBayesTrainer
Summary. train accuracy mean = 0.93 stddev = 0.0 stderr = 0.0
Summary. test accuracy mean = 0.82 stddev = 0.0 stderr = 0.0
