
-------------------- Trial 0  --------------------

Trial 0 Training NaiveBayesTrainer with 1800 instances
Trial 0 Training NaiveBayesTrainer finished
Trial 0 Trainer NaiveBayesTrainer
 Raw Testing Data
cv612_5461.txt pos neg:0.9183039390004948 pos:0.08169606099950522 
cv341_24430.txt pos pos:1.0 neg:1.1185674996322267E-24 
cv709_11173.txt neg neg:0.9999999999998959 pos:1.0422173817648695E-13 
cv750_10606.txt neg neg:0.9999874066004747 pos:1.2593399525190964E-5 
cv486_9788.txt neg neg:1.0 pos:1.1633001587859561E-29 
cv595_25335.txt pos pos:0.9975037787727806 neg:0.0024962212272193556 
cv672_28083.txt pos pos:1.0 neg:1.8982793904822986E-19 
cv499_10658.txt pos pos:0.9999999997825617 neg:2.1743825865059623E-10 
cv383_13116.txt pos neg:1.0 pos:1.5611901931025974E-19 
cv415_23674.txt neg neg:1.0 pos:2.3390471515502496E-18 
cv471_16858.txt pos pos:0.999999999750429 neg:2.4957111416195634E-10 
cv571_29366.txt pos pos:1.0 neg:5.664713841443344E-19 
cv390_11345.txt pos pos:0.9999999851674903 neg:1.4832509777270219E-8 
cv060_10844.txt pos pos:0.9999999999999998 neg:1.6621809217566994E-16 
cv884_15230.txt neg neg:0.999639508959097 pos:3.6049104090311705E-4 
cv213_18934.txt pos pos:0.9726180201869806 neg:0.02738197981301934 
cv769_8123.txt pos pos:0.9999996531108322 neg:3.4688916779176966E-7 
cv093_15606.txt neg neg:0.9945547527408249 pos:0.005445247259174957 
cv625_12440.txt pos neg:0.9749589851011161 pos:0.025041014898883992 
cv568_15638.txt pos pos:0.9999999999610001 neg:3.8999819114090165E-11 
cv523_16615.txt pos pos:1.0 neg:1.1550249719312014E-21 
cv301_12146.txt pos pos:0.9999999989049899 neg:1.0950099947704286E-9 
cv997_5046.txt pos pos:1.0 neg:3.472866350268154E-32 
cv765_19037.txt pos pos:0.9999999980159204 neg:1.9840795550824834E-9 
cv778_17330.txt pos pos:1.0 neg:1.2523323183696389E-21 
cv759_13522.txt pos pos:0.9999996935565891 neg:3.0644341096899396E-7 
cv008_29326.txt neg pos:0.999999893090522 neg:1.0690947800246465E-7 
cv345_9966.txt neg neg:0.9999999999999993 pos:6.677950856409685E-16 
cv975_10981.txt pos pos:1.0 neg:1.2966826166639235E-24 
cv190_27176.txt neg neg:0.9999999999903326 pos:9.667478445082386E-12 
cv790_16202.txt neg neg:0.999976127041469 pos:2.387295853096505E-5 
cv962_9803.txt pos pos:0.9999998967997383 neg:1.0320026170871231E-7 
cv171_15164.txt neg neg:0.9677815435216655 pos:0.03221845647833457 
cv539_20347.txt pos neg:0.9955839035368814 pos:0.00441609646311865 
cv707_10678.txt pos pos:0.9686166457327631 neg:0.031383354267236846 
cv506_15956.txt pos pos:1.0 neg:8.555361308463056E-20 
cv899_17812.txt neg pos:0.9478536208532753 neg:0.0521463791467246 
cv541_28835.txt pos pos:0.9467108715754821 neg:0.05328912842451807 
cv374_25436.txt pos pos:0.999999992313258 neg:7.686742171106854E-9 
cv883_27621.txt neg neg:1.0 pos:2.4588934556065307E-37 
cv811_22646.txt neg neg:1.0 pos:5.19225578447446E-28 
cv886_19210.txt neg neg:0.9999999999998537 pos:1.464233584006409E-13 
cv452_5088.txt pos pos:0.9954159499520171 neg:0.004584050047982866 
cv955_26154.txt neg neg:0.9999999999999933 pos:6.664730814144163E-15 
cv454_21961.txt neg pos:0.9999958496028075 neg:4.150397192557104E-6 
cv797_6957.txt pos neg:0.9999999922316357 pos:7.768364281112213E-9 
cv947_11316.txt neg neg:0.999999975135909 pos:2.4864091085904556E-8 
cv737_28907.txt pos pos:1.0 neg:1.2413456164205104E-30 
cv646_16817.txt neg pos:0.9999999913459331 neg:8.654067026619808E-9 
cv494_18689.txt neg pos:0.6786333973049764 neg:0.32136660269502365 
cv188_19226.txt pos neg:0.9866902137168779 pos:0.013309786283122125 
cv721_29121.txt pos pos:0.9999999999768676 neg:2.313247751529729E-11 
cv887_5126.txt pos pos:1.0 neg:1.9817368977089598E-22 
cv893_26269.txt pos neg:1.0 pos:4.003701848362772E-17 
cv135_11603.txt pos pos:0.9795726551709438 neg:0.020427344829056095 
cv275_28887.txt pos pos:0.9999999999999425 neg:5.750002327394716E-14 
cv426_10976.txt neg neg:0.9999999999999998 pos:1.89954198145428E-16 
cv789_12136.txt pos neg:0.9995404799943155 pos:4.5952000568447654E-4 
cv380_8164.txt neg neg:1.0 pos:9.778140474331026E-23 
cv299_17950.txt neg neg:0.9999999999994436 pos:5.565526253253809E-13 
cv728_16133.txt pos pos:0.9999999999999996 neg:4.526269979853164E-16 
cv230_7428.txt pos neg:0.9999999938895303 pos:6.110469580936434E-9 
cv722_7571.txt neg neg:0.9996720991005161 pos:3.2790089948396106E-4 
cv197_29328.txt pos pos:0.9999989761712369 neg:1.0238287631928163E-6 
cv927_10681.txt pos pos:1.0 neg:1.1249919602899557E-27 
cv049_21917.txt neg neg:0.9999999999999998 pos:2.6320445336519775E-16 
cv374_26455.txt neg neg:0.537149102435842 pos:0.4628508975641579 
cv979_18921.txt pos pos:0.9990794032713266 neg:9.205967286733302E-4 
cv029_18643.txt pos pos:1.0 neg:1.1087771809860624E-17 
cv501_12675.txt neg neg:1.0 pos:3.026477314711548E-18 
cv654_18246.txt pos pos:0.9999985095441869 neg:1.490455813119299E-6 
cv208_9020.txt pos neg:1.0 pos:5.862505696989649E-26 
cv224_18875.txt neg neg:1.0 pos:7.129375441521156E-18 
cv091_7899.txt neg pos:0.9999980323592097 neg:1.967640790143417E-6 
cv687_21100.txt pos pos:1.0 neg:6.2829999300452765E-27 
cv360_8927.txt neg neg:0.9999999999999716 pos:2.836272086829639E-14 
cv854_17740.txt pos pos:0.9999999786454001 neg:2.1354599774528846E-8 
cv496_11185.txt neg neg:0.9999999999999998 pos:1.4686168706092172E-16 
cv224_17661.txt pos pos:1.0 neg:3.5590731570156217E-32 
cv849_17215.txt neg neg:0.9999999999865281 pos:1.3471869095495114E-11 
cv001_19502.txt neg neg:0.9999999999137703 pos:8.622972429179558E-11 
cv279_19452.txt neg neg:0.9999999999944793 pos:5.520692092143843E-12 
cv957_9059.txt neg neg:0.9999999996494566 pos:3.5054332014812537E-10 
cv881_14767.txt neg pos:0.9864604474357062 neg:0.013539552564293919 
cv121_18621.txt neg neg:0.9999999808295071 pos:1.91704929171295E-8 
cv163_10110.txt neg neg:0.9999959656260308 pos:4.034373969150503E-6 
cv161_12224.txt neg neg:0.9999999993597761 pos:6.402238117947078E-10 
cv853_29119.txt neg neg:0.9999999495491264 pos:5.0450873592458276E-8 
cv624_11601.txt neg neg:0.9999999999999993 pos:7.199464287966783E-16 
cv169_24973.txt neg neg:0.9999999999986866 pos:1.3133890655362745E-12 
cv451_10690.txt pos pos:0.9999950061910381 neg:4.993808961950138E-6 
cv355_18174.txt neg neg:0.9999131136596481 pos:8.688634035189563E-5 
cv509_15888.txt pos pos:0.890885964898141 neg:0.10911403510185906 
cv497_27086.txt neg pos:0.9999387434924756 neg:6.125650752448812E-5 
cv639_10308.txt pos neg:0.9891776599839385 pos:0.010822340016061546 
cv119_9909.txt neg neg:0.9999996540448528 pos:3.4595514718687636E-7 
cv058_8025.txt pos pos:0.9944036892815985 neg:0.005596310718401545 
cv396_17989.txt pos pos:0.9999997958948629 neg:2.041051371604007E-7 
cv252_24974.txt neg neg:1.0 pos:1.5594172781780796E-26 
cv362_16985.txt neg neg:0.9999999986165105 pos:1.3834896396197608E-9 
cv028_26964.txt neg pos:0.9999846715821064 neg:1.5328417893739655E-5 
cv619_13677.txt neg neg:1.0 pos:8.79707821418302E-30 
cv466_18722.txt pos pos:0.9999999999998697 neg:1.3030615234345483E-13 
cv959_16218.txt neg neg:1.0 pos:1.8003592645671362E-25 
cv720_5389.txt pos neg:0.9999472233321433 pos:5.2776667856863234E-5 
cv393_29234.txt neg pos:0.9996907568330544 neg:3.0924316694544424E-4 
cv148_16345.txt pos pos:0.9999999999306115 neg:6.93885927056047E-11 
cv641_13412.txt neg neg:1.0 pos:6.814344455020843E-22 
cv978_22192.txt neg neg:0.8857900995906681 pos:0.11420990040933175 
cv148_18084.txt neg neg:1.0 pos:5.112986252581163E-25 
cv021_15838.txt pos pos:0.9998837781027478 neg:1.1622189725229348E-4 
cv916_17034.txt neg neg:1.0 pos:2.267569028484315E-29 
cv266_25779.txt pos pos:0.8552524422619556 neg:0.14474755773804426 
cv071_12969.txt neg neg:0.9999999999800235 pos:1.9976475170561427E-11 
cv964_5794.txt neg neg:0.9999999935358899 pos:6.464110134465806E-9 
cv887_5306.txt neg neg:0.9999687285263635 pos:3.127147363637814E-5 
cv569_26750.txt neg pos:0.9999980739887591 neg:1.9260112408239966E-6 
cv418_16562.txt neg neg:1.0 pos:1.2231843298186394E-19 
cv463_10846.txt neg neg:0.9999999999926721 pos:7.32787352678562E-12 
cv218_25651.txt neg neg:1.0 pos:5.5876252365941284E-18 
cv630_10057.txt pos pos:0.9999999970459079 neg:2.954092136444165E-9 
cv650_15974.txt neg pos:0.9993129997435624 neg:6.870002564375977E-4 
cv850_16466.txt pos pos:0.9809811709513828 neg:0.01901882904861725 
cv498_8832.txt pos neg:0.96339847523112 pos:0.036601524768880046 
cv304_28489.txt neg neg:1.0 pos:8.015490266441437E-24 
cv793_13650.txt pos pos:0.9989322803371969 neg:0.0010677196628031168 
cv661_25780.txt neg neg:1.0 pos:1.8250220642957105E-22 
cv103_11943.txt neg neg:0.9999999999997096 pos:2.9042720468136047E-13 
cv686_13900.txt pos neg:0.9999731328200343 pos:2.6867179965677694E-5 
cv034_29647.txt pos neg:0.9999909759903016 pos:9.024009698369429E-6 
cv707_11421.txt neg neg:0.9999799851541641 pos:2.0014845835911872E-5 
cv946_18658.txt pos pos:1.0 neg:2.1523238692755328E-73 
cv039_5963.txt neg neg:0.9999966767030152 pos:3.3232969849595275E-6 
cv525_17930.txt neg neg:0.9999996373499825 pos:3.626500174094008E-7 
cv840_16321.txt pos pos:0.9999999999118185 neg:8.818138090331047E-11 
cv890_3515.txt neg neg:0.9999998945078212 pos:1.0549217879705635E-7 
cv773_20264.txt neg neg:1.0 pos:2.3000986839895657E-21 
cv013_10159.txt pos pos:0.9999999999491385 neg:5.086153927349447E-11 
cv460_10842.txt pos neg:1.0 pos:3.312799311111789E-21 
cv042_10982.txt pos pos:1.0 neg:3.19843060003475E-22 
cv402_16097.txt neg neg:0.9999432785583509 pos:5.67214416491179E-5 
cv267_16618.txt neg pos:0.9999999999999996 neg:5.438567646820778E-16 
cv031_19540.txt neg neg:1.0 pos:6.759171325573668E-25 
cv236_11565.txt pos neg:0.9953880193778077 pos:0.004611980622192415 
cv023_12672.txt pos pos:1.0 neg:2.7881613131734045E-17 
cv611_2253.txt neg neg:0.9997491473041082 pos:2.5085269589181507E-4 
cv930_13475.txt pos pos:1.0 neg:8.324210205929478E-24 
cv014_13924.txt pos pos:0.9999999999790181 neg:2.09819145598926E-11 
cv088_24113.txt pos pos:0.9999999997738271 neg:2.2617291410755589E-10 
cv912_5674.txt pos pos:0.999998478994591 neg:1.521005409052213E-6 
cv911_20260.txt pos pos:0.7436116707041658 neg:0.2563883292958342 
cv480_21195.txt neg pos:0.9999985849779337 neg:1.415022066201421E-6 
cv431_7085.txt pos pos:0.999999999999881 neg:1.1893059165699734E-13 
cv559_0057.txt neg neg:0.9986594919465485 pos:0.0013405080534515017 
cv831_14689.txt pos neg:0.9999999554500145 pos:4.4549985439245753E-8 
cv712_22920.txt pos neg:0.999999999918112 pos:8.188808919072965E-11 
cv547_18043.txt neg neg:0.9999475264845298 pos:5.2473515470346736E-5 
cv354_8132.txt pos neg:0.9999999992321968 pos:7.678030847279059E-10 
cv745_14009.txt neg neg:1.0 pos:4.686163260147794E-25 
cv238_14285.txt neg neg:0.9999999999889178 pos:1.1082265298103748E-11 
cv538_28485.txt neg neg:0.9999971711115881 pos:2.8288884118675635E-6 
cv363_29332.txt pos pos:0.9999999881024831 neg:1.189751672047128E-8 
cv989_15824.txt pos pos:0.9999999999518265 neg:4.8173523726959266E-11 
cv105_17990.txt pos pos:0.9999999960289141 neg:3.971085952417951E-9 
cv875_5754.txt pos pos:0.9999999999999774 neg:2.259662768223555E-14 
cv710_23745.txt neg neg:0.9999999995401374 pos:4.5986257248268234E-10 
cv456_18985.txt pos pos:1.0 neg:9.469311960396967E-19 
cv805_21128.txt neg neg:0.999999970495872 pos:2.9504128027345802E-8 
cv305_9937.txt neg pos:0.9999982900573556 neg:1.709942644268121E-6 
cv746_10471.txt neg pos:0.9999999999999996 neg:5.357344043132133E-16 
cv965_26071.txt pos pos:0.9998465623200654 neg:1.5343767993452223E-4 
cv560_18608.txt neg neg:0.9999999999994722 pos:5.278486516923605E-13 
cv575_21150.txt pos pos:0.7979939903740624 neg:0.2020060096259375 
cv901_11934.txt neg pos:0.6860514197554652 neg:0.31394858024453476 
cv313_18198.txt pos pos:0.9999999999999998 neg:1.8686748850263075E-16 
cv620_2556.txt neg neg:0.9913605259910784 pos:0.008639474008921637 
cv188_20687.txt neg neg:1.0 pos:5.699710500665704E-17 
cv706_24716.txt pos pos:1.0 neg:3.53878997753867E-27 
cv844_12690.txt pos pos:0.9999999999940545 neg:5.945545964372695E-12 
cv336_10143.txt pos neg:0.9997654912142406 pos:2.3450878575945725E-4 
cv090_0049.txt neg pos:0.9999999936806794 neg:6.319320611015372E-9 
cv226_2618.txt pos pos:0.5095904262057237 neg:0.4904095737942763 
cv638_2953.txt pos pos:0.9999999997172238 neg:2.827763037247465E-10 
cv260_15652.txt neg neg:0.9958732170227302 pos:0.004126782977269781 
cv603_17694.txt pos neg:1.0 pos:7.553751398647599E-31 
cv000_29416.txt neg neg:0.9999999999998892 pos:1.1069780106283518E-13 
cv669_24318.txt neg neg:1.0 pos:4.107249609393864E-23 
cv174_9659.txt pos pos:0.9999999939727768 neg:6.027223189092456E-9 
cv686_15553.txt neg neg:0.81236529132625 pos:0.18763470867375 
cv132_5423.txt neg neg:0.9999987969428353 pos:1.2030571647642745E-6 
cv584_29549.txt neg neg:0.9999998239375508 pos:1.7606244925998082E-7 
cv985_6359.txt pos pos:0.9999999999999851 neg:1.4872385519139268E-14 
cv820_24157.txt neg neg:0.999999999999978 pos:2.190893768479012E-14 
cv961_5682.txt pos pos:0.9999999999999567 neg:4.338014202948407E-14 
cv333_9443.txt neg pos:0.9999999996870723 neg:3.1292771425799095E-10 
cv696_29619.txt neg neg:0.9980468244966305 pos:0.001953175503369456 
cv180_16113.txt pos pos:0.9993428921665625 neg:6.571078334374888E-4 
cv728_17931.txt neg neg:0.9999999999968057 pos:3.194279467191671E-12 
cv320_9530.txt pos pos:1.0 neg:1.0483044380679322E-34 
cv080_13465.txt pos neg:0.9916646316419735 pos:0.008335368358026481 
Trial 0 Trainer NaiveBayesTrainer Training Data Confusion Matrix
Confusion Matrix, row=true, column=predicted  accuracy=0.9294444444444444
  label   0   1  |total
  0 neg 852  48  |900
  1 pos  79 821  |900

Trial 0 Trainer NaiveBayesTrainer training data accuracy= 0.9294444444444444
Trial 0 Trainer NaiveBayesTrainer Test Data Confusion Matrix
Confusion Matrix, row=true, column=predicted  accuracy=0.79
  label   0   1  |total
  0 neg  81  19  |100
  1 pos  23  77  |100

Trial 0 Trainer NaiveBayesTrainer test data accuracy= 0.79

NaiveBayesTrainer
Summary. train accuracy mean = 0.9294444444444444 stddev = 0.0 stderr = 0.0
Summary. test accuracy mean = 0.79 stddev = 0.0 stderr = 0.0
