
-------------------- Trial 0  --------------------

Trial 0 Training NaiveBayesTrainer with 1800 instances
Trial 0 Training NaiveBayesTrainer finished
Trial 0 Trainer NaiveBayesTrainer
 Raw Testing Data
cv918_27080.txt neg pos:0.9980855025494584 neg:0.0019144974505415555 
cv373_20404.txt pos pos:0.9999999719816924 neg:2.8018307662656538E-8 
cv461_21124.txt neg pos:0.9988345366409604 neg:0.001165463359039458 
cv106_16807.txt pos pos:0.9999999999991327 neg:8.67314965289429E-13 
cv981_14989.txt pos pos:0.9999999801982287 neg:1.9801771416530156E-8 
cv609_25038.txt neg neg:0.9839454603947406 pos:0.016054539605259533 
cv035_3954.txt pos pos:0.9999999999883753 neg:1.1624799703747514E-11 
cv495_16121.txt neg neg:0.8847479435035787 pos:0.11525205649642133 
cv868_11948.txt pos pos:1.0 neg:2.761711869110591E-21 
cv768_12709.txt neg neg:1.0 pos:7.179935968506779E-19 
cv539_21865.txt neg neg:1.0 pos:7.042552149990538E-17 
cv582_6678.txt neg neg:0.999995253897912 pos:4.746102088051346E-6 
cv967_5788.txt pos pos:0.9999999999999996 neg:4.1272853557177203E-16 
cv706_25883.txt neg neg:1.0 pos:4.1852962998539973E-23 
cv264_14108.txt neg neg:0.9999995844374782 pos:4.155625217495343E-7 
cv251_23901.txt neg neg:1.0 pos:1.6605371136528985E-29 
cv395_10849.txt pos pos:0.9999999999999942 neg:5.755374475979086E-15 
cv872_13710.txt neg neg:0.999992417354263 pos:7.582645737105942E-6 
cv977_4938.txt pos pos:0.9999997335133062 neg:2.664866939158753E-7 
cv944_15042.txt neg neg:0.9999999977804386 pos:2.2195614221909697E-9 
cv212_10027.txt pos pos:0.99999152841528 neg:8.471584719924285E-6 
cv307_25270.txt pos neg:0.9999921446016591 pos:7.85539834081683E-6 
cv359_6647.txt pos pos:0.9629847816282014 neg:0.03701521837179859 
cv786_23608.txt neg neg:0.9999999999974363 pos:2.5638063744794325E-12 
cv974_22941.txt pos pos:0.9999999997588271 neg:2.41172782782386E-10 
cv054_4230.txt pos neg:0.999998819678068 pos:1.1803219318381207E-6 
cv984_14006.txt neg neg:0.9701470896012161 pos:0.029852910398783905 
cv169_23778.txt pos pos:1.0 neg:3.160222256805668E-35 
cv763_14729.txt pos pos:0.9993650533949945 neg:6.349466050055739E-4 
cv002_15918.txt pos neg:0.9993950110327336 pos:6.049889672662864E-4 
cv892_17576.txt pos pos:0.9999999999964624 neg:3.5375929076755763E-12 
cv871_25971.txt neg neg:1.0 pos:1.3402805673542363E-21 
cv006_17022.txt neg neg:0.9999999999999907 pos:9.24344469215613E-15 
cv542_18980.txt pos pos:0.9999859267017528 neg:1.4073298247191272E-5 
cv532_6495.txt neg neg:0.9999834134508405 pos:1.658654915955056E-5 
cv953_7078.txt neg neg:1.0 pos:1.1716123534020485E-21 
cv351_17029.txt neg neg:0.9999999976257343 pos:2.3742655795589577E-9 
cv840_18033.txt neg pos:0.9977219142731638 neg:0.0022780857268361863 
cv758_9671.txt pos pos:0.9998635571494316 neg:1.3644285056847835E-4 
cv777_10247.txt neg neg:1.0 pos:5.4180369459340005E-17 
cv228_5644.txt neg neg:0.999999997493999 pos:2.5060009712300604E-9 
cv187_14112.txt neg neg:0.9999999999998979 pos:1.0216412349282577E-13 
cv007_4968.txt pos pos:0.9999999707218703 neg:2.9278129709689894E-8 
cv807_21740.txt pos pos:0.9999999999999996 neg:5.147649485897904E-16 
cv000_29590.txt pos neg:0.9999999991726853 pos:8.273146810984688E-10 
cv087_2145.txt neg neg:1.0 pos:8.426456030446683E-18 
cv613_21796.txt pos pos:0.9999999981121777 neg:1.8878224169149375E-9 
cv092_28017.txt pos pos:0.9999999757031749 neg:2.4296825117686225E-8 
cv098_15435.txt pos neg:0.9711820674075811 pos:0.028817932592418893 
cv157_29372.txt pos pos:0.9999999999913858 neg:8.614308117610094E-12 
cv107_24319.txt pos neg:0.9999999474249605 pos:5.25750394684526E-8 
cv565_29403.txt neg neg:0.9999999999991867 pos:8.132804131210439E-13 
cv809_5009.txt pos pos:0.9999999999999887 neg:1.1346092975920521E-14 
cv418_14774.txt pos pos:0.999999361423569 neg:6.385764309152132E-7 
cv832_23275.txt pos pos:0.9999999999998115 neg:1.885240611169035E-13 
cv577_28549.txt pos pos:1.0 neg:2.2106490849103028E-38 
cv458_9000.txt neg neg:0.9999999999999878 pos:1.2219382879032298E-14 
cv846_29359.txt neg neg:0.9999999999404778 pos:5.952208166118195E-11 
cv695_21108.txt pos pos:1.0 neg:2.0195729178619904E-20 
cv155_7845.txt neg neg:0.9999999999996974 pos:3.0258255278152524E-13 
cv725_10103.txt pos neg:0.9999042215895069 pos:9.577841049308544E-5 
cv855_20661.txt pos pos:0.9999561578383233 neg:4.384216167676832E-5 
cv739_12179.txt neg pos:0.8154361633681663 neg:0.18456383663183365 
cv058_8469.txt neg neg:0.883796796251782 pos:0.116203203748218 
cv880_29629.txt neg pos:0.9999999496419903 neg:5.035800963795269E-8 
cv165_22619.txt pos pos:1.0 neg:6.879910942424074E-18 
cv366_10709.txt neg neg:1.0 pos:6.284472490536144E-17 
cv056_14663.txt neg neg:1.0 pos:2.2049124211551573E-18 
cv884_13632.txt pos neg:0.9998653065204177 pos:1.346934795822898E-4 
cv841_3967.txt pos neg:0.9941391112107614 pos:0.005860888789238631 
cv414_10518.txt pos pos:1.0 neg:1.740854016271211E-26 
cv858_20266.txt neg neg:1.0 pos:4.00164587912548E-26 
cv262_12649.txt pos neg:0.9999980773257563 pos:1.922674243664032E-6 
cv587_19162.txt pos pos:0.9999999999691402 neg:3.085977169177625E-11 
cv965_26688.txt neg neg:0.9999976794114679 pos:2.320588532040504E-6 
cv848_10061.txt neg neg:1.0 pos:1.466743898593138E-18 
cv777_10094.txt pos pos:1.0 neg:7.386189768511596E-21 
cv735_20218.txt neg pos:0.999901967628403 neg:9.803237159690072E-5 
cv889_21430.txt pos neg:0.9999999899666677 pos:1.0033332273503611E-8 
cv763_16486.txt neg neg:0.9999999999999933 pos:6.6399906005428214E-15 
cv288_20212.txt neg neg:0.9999999995301618 pos:4.69838191084964E-10 
cv197_29271.txt neg neg:0.5111811607266424 pos:0.4888188392733575 
cv486_9799.txt pos pos:0.99999957071556 neg:4.292844399277405E-7 
cv368_11090.txt neg neg:1.0 pos:1.3714782063651103E-22 
cv944_13521.txt pos pos:0.9999999999757889 neg:2.4211059193456116E-11 
cv131_10713.txt pos pos:1.0 neg:7.019888166968451E-17 
cv995_23113.txt neg neg:1.0 pos:2.3652667212158015E-30 
cv036_18385.txt neg neg:0.9854793299824725 pos:0.014520670017527418 
cv176_12857.txt pos pos:0.9887837475312907 neg:0.011216252468709421 
cv387_11507.txt pos pos:0.9998854875654559 neg:1.1451243454410303E-4 
cv125_9391.txt pos pos:0.9999824484589628 neg:1.7551541037341165E-5 
cv678_13419.txt pos pos:1.0 neg:7.542743845592705E-36 
cv945_12160.txt pos pos:1.0 neg:7.198851270938E-19 
cv885_13390.txt neg neg:0.9999999986329018 pos:1.3670981140132684E-9 
cv109_22599.txt neg neg:0.9131789183815311 pos:0.08682108161846894 
cv550_22211.txt pos neg:1.0 pos:9.982942711886913E-19 
cv464_17076.txt neg neg:0.9999768481079334 pos:2.3151892066652978E-5 
cv633_29837.txt pos pos:1.0 neg:1.013244656649094E-33 
cv052_29378.txt pos pos:0.9999998810180226 neg:1.189819774601362E-7 
cv611_21120.txt pos neg:0.999468652289425 pos:5.313477105750039E-4 
cv123_12165.txt neg neg:1.0 pos:4.681828152757514E-25 
cv859_15689.txt neg pos:0.9822786702271273 neg:0.017721329772872572 
cv229_15200.txt neg neg:0.9999997753900665 pos:2.24609933585541E-7 
cv526_12083.txt pos pos:0.9999999992907074 neg:7.092925402704913E-10 
cv474_10209.txt pos pos:0.9576008713068593 neg:0.042399128693140636 
cv324_7502.txt neg pos:0.9999999999215525 neg:7.844736636208335E-11 
cv718_11434.txt pos pos:0.9999999999998812 neg:1.1871232152855426E-13 
cv416_12048.txt neg neg:1.0 pos:1.4838853054653681E-18 
cv160_10362.txt pos pos:1.0 neg:4.912715501123301E-25 
cv823_15569.txt pos pos:0.9999999999999933 neg:6.713642342777231E-15 
cv571_29292.txt neg pos:0.9999999786207656 neg:2.1379234353817584E-8 
cv906_11491.txt pos pos:0.9999966115647896 neg:3.388435210353187E-6 
cv046_10613.txt neg neg:0.9999999999999742 pos:2.5840741617873555E-14 
cv561_9201.txt pos pos:1.0 neg:2.768380661292788E-18 
cv892_18788.txt neg neg:0.9999999999791784 pos:2.0821632066102863E-11 
cv833_11961.txt neg neg:0.9999999974841733 pos:2.5158266916728416E-9 
cv605_11800.txt pos pos:0.9999999999999962 neg:3.75428952636158E-15 
cv358_10691.txt pos pos:0.9999999999995124 neg:4.87592223056392E-13 
cv727_5006.txt neg pos:0.9794727211015366 neg:0.0205272788984633 
cv476_18402.txt neg neg:0.9996894743528623 pos:3.1052564713765653E-4 
cv850_18185.txt neg neg:0.9855780482728059 pos:0.014421951727194071 
cv555_25047.txt neg neg:0.9999999998162536 pos:1.837464352368639E-10 
cv011_13044.txt neg neg:0.9999328229090448 pos:6.717709095524838E-5 
cv926_18471.txt neg pos:1.0 neg:4.501860828893098E-26 
cv559_0050.txt pos pos:0.9998807206630099 neg:1.192793369899535E-4 
cv755_24881.txt neg neg:1.0 pos:5.465788809841835E-31 
cv210_9557.txt neg pos:0.9347505047837983 neg:0.06524949521620167 
cv050_12128.txt neg neg:0.9999999999999416 pos:5.832274560514705E-14 
cv273_29112.txt pos pos:1.0 neg:2.607194611580627E-32 
cv900_10800.txt neg neg:0.9999999999775229 pos:2.247705864535707E-11 
cv140_7479.txt pos pos:0.9999999863158686 neg:1.3684131525902551E-8 
cv740_13643.txt neg pos:0.5950234523196472 neg:0.4049765476803529 
cv742_8279.txt neg pos:0.9999996834847578 neg:3.165152422237881E-7 
cv246_28668.txt neg neg:0.9999999993855719 pos:6.14428150084581E-10 
cv602_8830.txt neg neg:0.9999999999537887 pos:4.62112635363318E-11 
cv469_20630.txt pos pos:1.0 neg:8.38954083939557E-46 
cv487_10446.txt pos pos:0.9999999999605462 neg:3.945371650866993E-11 
cv281_23253.txt pos pos:1.0 neg:5.096022039122757E-18 
cv318_11146.txt neg neg:1.0 pos:1.815755645586565E-26 
cv054_4101.txt neg pos:0.9498773412881694 neg:0.050122658711830755 
cv451_11502.txt neg neg:1.0 pos:3.678752457136189E-17 
cv064_25842.txt neg neg:1.0 pos:1.0102388894106693E-17 
cv461_19600.txt pos pos:1.0 neg:1.1364293574973778E-17 
cv807_23024.txt neg neg:1.0 pos:6.572673184021826E-59 
cv940_17705.txt pos pos:0.9683625348360736 neg:0.03163746516392637 
cv784_16077.txt neg neg:0.9999999999999996 pos:5.513087381732533E-16 
cv696_29740.txt pos pos:1.0 neg:1.0445039194288849E-17 
cv473_7367.txt pos pos:0.9985571171265214 neg:0.0014428828734786724 
cv478_14309.txt pos pos:1.0 neg:7.141372015272713E-33 
cv624_10744.txt pos pos:1.0 neg:4.463734234505784E-28 
cv938_10220.txt pos pos:0.9991653676088751 neg:8.346323911247547E-4 
cv551_11214.txt neg neg:0.9999328687574954 pos:6.713124250464524E-5 
cv603_18885.txt neg neg:0.9942548936061364 pos:0.005745106393863467 
cv414_11161.txt neg neg:0.6085196022543571 pos:0.39148039774564286 
cv683_12167.txt pos pos:1.0 neg:1.3680012147938054E-19 
cv302_25649.txt pos pos:0.9999999999988824 neg:1.1175091007696494E-12 
cv585_22496.txt pos pos:1.0 neg:1.5588343482521984E-25 
cv645_15668.txt pos pos:1.0 neg:1.9603507111436184E-19 
cv772_12971.txt neg neg:1.0 pos:1.1018168761173865E-33 
cv130_17083.txt pos pos:0.9999999986186769 neg:1.3813230912148E-9 
cv258_5627.txt neg neg:0.9999999919961985 pos:8.003801607623824E-9 
cv547_16324.txt pos pos:0.9999999999982878 neg:1.7120964632942779E-12 
cv574_23191.txt neg neg:1.0 pos:2.633850243006132E-19 
cv684_12727.txt neg neg:0.9999999999999922 pos:7.854202535399415E-15 
cv619_12462.txt pos pos:0.8620566693831215 neg:0.13794333061687836 
cv847_20855.txt neg neg:0.9999967158681897 pos:3.2841318102514024E-6 
cv436_19179.txt pos pos:1.0 neg:2.698939421412877E-21 
cv570_28960.txt neg pos:0.9639077753554498 neg:0.03609222464455026 
cv820_22892.txt pos pos:0.9999999999999993 neg:5.724837857388502E-16 
cv296_12251.txt pos neg:0.999556466191747 pos:4.4353380825295856E-4 
cv703_16143.txt pos pos:0.9830858937695343 neg:0.01691410623046583 
cv865_2895.txt pos pos:1.0 neg:2.488303804554917E-18 
cv430_17351.txt pos pos:0.9999787298093622 neg:2.1270190637880635E-5 
cv015_29439.txt pos pos:0.9999137760150671 neg:8.622398493277566E-5 
cv287_17410.txt neg neg:0.9999999967517033 pos:3.2482968006601404E-9 
cv436_20564.txt neg neg:0.9999999999999718 pos:2.818448632619813E-14 
cv573_29384.txt neg neg:0.9988645254513139 pos:0.0011354745486861252 
cv703_17948.txt neg pos:0.9999991849929365 neg:8.150070634251992E-7 
cv327_21743.txt neg neg:0.9999999738276022 pos:2.617239769711403E-8 
cv905_29114.txt pos pos:1.0 neg:4.5357679935790806E-17 
cv592_23391.txt neg neg:0.9999999999999989 pos:1.0008821862328961E-15 
cv386_10229.txt neg neg:0.9999981025404338 pos:1.8974595662599677E-6 
cv356_26170.txt neg pos:0.9991212675384953 neg:8.787324615046735E-4 
cv168_7435.txt neg neg:0.9999888409658094 pos:1.1159034190445674E-5 
cv329_29293.txt neg neg:0.9999994226844049 pos:5.7731559513767E-7 
cv278_14533.txt neg pos:0.9999999326597887 neg:6.734021132159265E-8 
cv771_28665.txt pos pos:1.0 neg:8.738696884423554E-30 
cv230_7913.txt neg neg:0.9999999983597567 pos:1.640243202408505E-9 
cv171_13537.txt pos pos:0.9998405377816735 neg:1.5946221832659413E-4 
cv649_13947.txt neg neg:0.9999999999999512 pos:4.885206213999384E-14 
cv307_26382.txt neg neg:0.9999997266988433 pos:2.7330115664494444E-7 
cv463_10343.txt pos pos:0.9999999999818237 neg:1.8176333143497285E-11 
cv441_15276.txt neg neg:0.9999999999999989 pos:1.0039249507940767E-15 
cv401_12605.txt pos pos:0.999999999270377 neg:7.296231353570922E-10 
cv403_6621.txt pos pos:0.8672602126924573 neg:0.13273978730754266 
cv493_12839.txt pos neg:0.9999999140459611 pos:8.59540388505461E-8 
cv484_26169.txt neg neg:1.0 pos:8.978025335217179E-21 
cv104_18134.txt pos neg:0.9852669128660405 pos:0.01473308713395947 
cv692_15451.txt pos pos:1.0 neg:3.152512283310085E-42 
cv475_21692.txt pos pos:0.9999999999612303 neg:3.876965228596079E-11 
Trial 0 Trainer NaiveBayesTrainer Training Data Confusion Matrix
Confusion Matrix, row=true, column=predicted  accuracy=0.9272222222222222
  label   0   1  |total
  0 pos 821  79  |900
  1 neg  52 848  |900

Trial 0 Trainer NaiveBayesTrainer training data accuracy= 0.9272222222222222
Trial 0 Trainer NaiveBayesTrainer Test Data Confusion Matrix
Confusion Matrix, row=true, column=predicted  accuracy=0.825
  label   0   1  |total
  0 pos  84  16  |100
  1 neg  19  81  |100

Trial 0 Trainer NaiveBayesTrainer test data accuracy= 0.825

NaiveBayesTrainer
Summary. train accuracy mean = 0.9272222222222222 stddev = 0.0 stderr = 0.0
Summary. test accuracy mean = 0.825 stddev = 0.0 stderr = 0.0
