
-------------------- Trial 0  --------------------

Trial 0 Training MaxEntTrainer,gaussianPriorVariance=1.0 with 1800 instances
Trial 0 Training MaxEntTrainer,gaussianPriorVariance=1.0 finished
Trial 0 Trainer MaxEntTrainer,gaussianPriorVariance=1.0
 Raw Testing Data
cv133_18065.txt neg neg:0.9979345060578482 pos:0.00206549394215185 
cv478_15921.txt neg neg:0.9993454420379139 pos:6.545579620861827E-4 
cv782_19526.txt pos pos:0.8858450963673823 neg:0.11415490363261771 
cv112_11193.txt pos pos:0.6489966661029466 neg:0.35100333389705335 
cv408_5297.txt pos neg:0.9365124083280639 pos:0.06348759167193606 
cv011_12166.txt pos pos:0.7162129107194898 neg:0.28378708928051016 
cv367_24065.txt neg neg:0.9988794572384136 pos:0.0011205427615863614 
cv348_18176.txt pos pos:0.9271171696490832 neg:0.07288283035091675 
cv070_12289.txt pos pos:0.9998921553847712 neg:1.0784461522889835E-4 
cv433_10443.txt neg pos:0.9874437840410552 neg:0.012556215958944926 
cv031_18452.txt pos pos:0.9999649652395874 neg:3.503476041250005E-5 
cv649_12735.txt pos pos:0.6943402021910339 neg:0.3056597978089662 
cv343_10906.txt neg neg:0.7642888483238134 pos:0.2357111516761867 
cv390_12187.txt neg neg:0.9814277272221316 pos:0.01857227277786843 
cv794_17353.txt neg neg:0.9968592268801253 pos:0.0031407731198747745 
cv922_10073.txt pos pos:0.999999985253011 neg:1.4746988939548742E-8 
cv437_24070.txt neg neg:0.8939309932125262 pos:0.10606900678747376 
cv785_22600.txt pos pos:0.9999764177415567 neg:2.3582258443271516E-5 
cv515_18484.txt neg neg:0.7153699709825343 pos:0.2846300290174658 
cv492_19370.txt neg neg:0.9772309543709772 pos:0.022769045629022735 
cv279_18329.txt pos pos:0.7506074818632034 neg:0.24939251813679658 
cv435_24355.txt neg neg:0.6668357240676115 pos:0.3331642759323886 
cv534_15683.txt neg neg:0.6415763680874973 pos:0.35842363191250276 
cv867_16661.txt pos pos:0.9769311773494604 neg:0.02306882265053953 
cv838_25886.txt neg neg:0.5047988271950432 pos:0.49520117280495685 
cv479_5450.txt neg neg:0.9999802715782676 pos:1.9728421732440936E-5 
cv078_14730.txt pos pos:0.9953007535577351 neg:0.004699246442264948 
cv701_15880.txt neg pos:0.9429727267770126 neg:0.05702727322298741 
cv377_8440.txt neg neg:0.7712802210794453 pos:0.22871977892055473 
cv860_15520.txt neg neg:0.9978105353226426 pos:0.002189464677357332 
cv776_20529.txt pos pos:0.9959099745826285 neg:0.004090025417371595 
cv240_14336.txt pos pos:0.9999806986151083 neg:1.9301384891765703E-5 
cv783_13227.txt pos pos:0.6090358608558363 neg:0.3909641391441637 
cv991_19973.txt neg neg:0.9944716455873442 pos:0.0055283544126557855 
cv823_17055.txt neg neg:0.9827708430236307 pos:0.01722915697636927 
cv352_5414.txt neg neg:0.9982348079566972 pos:0.001765192043302826 
cv350_22139.txt neg neg:0.9770473918646633 pos:0.02295260813533676 
cv817_3675.txt neg neg:0.9622784801229829 pos:0.037721519877016954 
cv917_29715.txt pos pos:0.9268440750400789 neg:0.07315592495992113 
cv834_22195.txt pos pos:0.990777985535261 neg:0.00922201446473908 
cv177_10904.txt neg neg:0.927321518314102 pos:0.07267848168589804 
cv045_23923.txt pos pos:0.999970453400782 neg:2.954659921805561E-5 
cv131_11568.txt neg neg:0.9999909571037621 pos:9.042896237983168E-6 
cv572_20053.txt neg neg:0.9820733340000586 pos:0.017926665999941437 
cv241_23130.txt pos pos:0.9999677938495858 neg:3.220615041413237E-5 
cv141_15686.txt pos pos:0.9016132736595752 neg:0.09838672634042483 
cv523_18285.txt neg neg:0.9731195485016243 pos:0.026880451498375802 
cv375_9929.txt pos pos:0.9983589839101464 neg:0.0016410160898534113 
cv346_18168.txt pos neg:0.9848125391196938 pos:0.015187460880306185 
cv428_12202.txt neg neg:0.9999892436075548 pos:1.0756392445234463E-5 
cv552_0150.txt neg neg:0.9999865999457186 pos:1.3400054281264698E-5 
cv802_28381.txt neg neg:0.9912423616381405 pos:0.008757638361859504 
cv507_9509.txt neg neg:0.9884748893473022 pos:0.011525110652697821 
cv201_7421.txt neg pos:0.9395500494017407 neg:0.06044995059825932 
cv259_11827.txt neg neg:0.9999672284050525 pos:3.27715949475269E-5 
cv349_13507.txt pos pos:0.9941489608937761 neg:0.005851039106223884 
cv458_8604.txt pos pos:0.9995408680338927 neg:4.591319661073533E-4 
cv651_10492.txt pos neg:0.9893672497980944 pos:0.010632750201905608 
cv880_29800.txt pos pos:0.986121210837531 neg:0.013878789162469029 
cv932_14854.txt neg neg:0.9999990396346653 pos:9.603653347174028E-7 
cv314_14422.txt pos pos:0.9877835021897343 neg:0.012216497810265571 
cv277_19091.txt pos pos:0.7293626598180892 neg:0.2706373401819109 
cv105_19135.txt neg pos:0.7003169316684084 neg:0.29968306833159164 
cv272_18974.txt pos neg:0.9542888330180365 pos:0.045711166981963446 
cv795_10291.txt neg neg:0.9999984910265475 pos:1.5089734524948156E-6 
cv096_11474.txt pos pos:0.9992742409628019 neg:7.257590371980491E-4 
cv866_29691.txt pos pos:0.9982593150824396 neg:0.0017406849175602957 
cv136_11505.txt pos pos:0.9853657684619065 neg:0.01463423153809353 
cv664_4389.txt pos neg:0.7915608999976659 pos:0.20843910000233412 
cv179_9228.txt pos pos:0.5150667435733886 neg:0.48493325642661134 
cv528_10822.txt pos pos:0.821359297253378 neg:0.1786407027466221 
cv995_21821.txt pos pos:0.9999999661431809 neg:3.385681906482559E-8 
cv475_22978.txt neg pos:0.9979998290602698 neg:0.0020001709397300437 
cv070_13249.txt neg neg:0.9997417636893354 pos:2.5823631066451865E-4 
cv657_25835.txt neg neg:0.9950914341720709 pos:0.004908565827929153 
cv969_14760.txt neg pos:0.6201194687054823 neg:0.3798805312945177 
cv935_23841.txt pos pos:0.9999770434102322 neg:2.295658976770178E-5 
cv920_29622.txt pos pos:0.9767742819913711 neg:0.023225718008629038 
cv126_28821.txt neg neg:0.9999099063687034 pos:9.009363129657393E-5 
cv668_17604.txt pos pos:0.9999994970243674 neg:5.029756325538359E-7 
cv521_1730.txt neg neg:0.95891909295469 pos:0.04108090704531001 
cv790_14600.txt pos neg:0.8711404072764275 pos:0.12885959272357245 
cv822_21545.txt neg neg:0.7115470370837779 pos:0.2884529629162221 
cv247_14668.txt neg neg:0.6615067026275314 pos:0.33849329737246847 
cv972_26417.txt pos pos:0.89297839275844 neg:0.10702160724156004 
cv675_22871.txt neg pos:0.5167500096138345 neg:0.48324999038616545 
cv509_17354.txt neg neg:0.6464125142335134 pos:0.3535874857664866 
cv952_25240.txt pos neg:0.5390967359439676 pos:0.46090326405603244 
cv205_9676.txt neg pos:0.582679029829535 neg:0.417320970170465 
cv734_21568.txt pos pos:0.9934403838969966 neg:0.006559616103003359 
cv968_24218.txt pos pos:0.9997489428292734 neg:2.5105717072663043E-4 
cv502_10970.txt neg pos:0.5552183938485489 neg:0.4447816061514511 
cv406_22199.txt neg neg:0.9997698449256223 pos:2.3015507437765012E-4 
cv275_28725.txt neg pos:0.9812862658240249 neg:0.018713734175975095 
cv806_9405.txt neg neg:0.9940515823671183 pos:0.005948417632881612 
cv290_11084.txt pos pos:0.9977580460062402 neg:0.002241953993759936 
cv439_17633.txt neg neg:0.9989628997679189 pos:0.0010371002320809857 
cv372_6552.txt pos pos:0.9427653485717566 neg:0.05723465142824342 
cv014_15600.txt neg neg:0.999597780507166 pos:4.022194928340997E-4 
cv531_26838.txt neg neg:0.7039052454992604 pos:0.29609475450073974 
cv367_22792.txt pos pos:0.9994997389203343 neg:5.002610796656104E-4 
cv818_10211.txt pos pos:0.9999764870483675 neg:2.351295163235509E-5 
cv642_29788.txt neg neg:0.9905371529727941 pos:0.009462847027205741 
cv925_8969.txt pos neg:0.9393498883936785 pos:0.06065011160632147 
cv936_17473.txt neg neg:0.9999827306202721 pos:1.72693797278529E-5 
cv228_5806.txt pos pos:0.9999902442460316 neg:9.755753968448602E-6 
cv912_5562.txt neg neg:0.9999753367696403 pos:2.4663230359786528E-5 
cv308_5016.txt pos pos:0.9998469515381575 neg:1.5304846184253034E-4 
cv749_18960.txt neg neg:0.9999998414120098 pos:1.5858799033049837E-7 
cv087_1989.txt pos pos:0.999999928867922 neg:7.113207812555623E-8 
cv442_15499.txt neg neg:0.9998097667680237 pos:1.9023323197619421E-4 
cv812_17924.txt pos pos:0.997500687833412 neg:0.002499312166587906 
cv255_13683.txt pos neg:0.7139283302081444 pos:0.28607166979185555 
cv421_9752.txt neg neg:0.744000113579715 pos:0.25599988642028515 
cv783_14724.txt neg neg:0.9996929415737461 pos:3.070584262539128E-4 
cv102_7846.txt pos neg:0.7009122170397815 pos:0.29908778296021865 
cv174_9735.txt neg neg:0.9691642723955005 pos:0.030835727604499368 
cv326_14777.txt neg neg:0.9802507391670497 pos:0.01974926083295012 
cv704_15969.txt pos pos:0.9992145568387412 neg:7.854431612587751E-4 
cv398_15537.txt pos pos:0.998189446905736 neg:0.0018105530942639867 
cv584_29722.txt pos pos:0.9974378605414226 neg:0.002562139458577331 
cv645_17078.txt neg pos:0.8163434208231347 neg:0.1836565791768653 
cv352_5524.txt pos pos:0.9897854483359884 neg:0.010214551664011615 
cv701_14252.txt pos pos:0.9999990097000392 neg:9.90299960703763E-7 
cv986_13527.txt pos pos:0.9969163407300572 neg:0.003083659269942857 
cv756_23676.txt neg neg:0.9999609198915439 pos:3.9080108456098274E-5 
cv576_14094.txt pos pos:0.7369539863153616 neg:0.2630460136846385 
cv988_20168.txt neg neg:0.9999812375683804 pos:1.8762431619440202E-5 
cv297_10104.txt neg neg:0.9912201246757263 pos:0.008779875324273764 
cv747_18189.txt neg pos:0.9396295958256369 neg:0.060370404174363075 
cv596_4367.txt neg pos:0.9514629240225382 neg:0.04853707597746187 
cv243_20728.txt pos pos:0.9999980918887919 neg:1.9081112080640408E-6 
cv473_7869.txt neg pos:0.8336085517705896 neg:0.16639144822941038 
cv364_14254.txt neg neg:0.9997373563126991 pos:2.6264368730086006E-4 
cv670_25826.txt pos neg:0.7781447374635669 pos:0.221855262536433 
cv117_25625.txt neg neg:0.9563594688045265 pos:0.0436405311954736 
cv417_13115.txt pos pos:0.829893612890549 neg:0.1701063871094511 
cv318_10493.txt pos pos:0.9581361186841367 neg:0.041863881315863216 
cv802_28664.txt pos pos:0.9999884917720449 neg:1.1508227955144599E-5 
cv425_8603.txt neg neg:0.999929103174623 pos:7.08968253769823E-5 
cv986_15092.txt neg neg:0.8807495434081271 pos:0.11925045659187289 
cv460_11723.txt neg neg:0.9897908486434314 pos:0.010209151356568661 
cv934_19027.txt pos pos:0.9999468055248238 neg:5.319447517617147E-5 
cv535_21183.txt neg neg:0.9968860110851506 pos:0.0031139889148493367 
cv394_5137.txt pos pos:0.996656136793871 neg:0.0033438632061289007 
cv700_21947.txt pos pos:0.5708206806753985 neg:0.42917931932460146 
cv323_29805.txt pos pos:0.9896477544307771 neg:0.01035224556922279 
cv293_29731.txt neg neg:0.9808729594714944 pos:0.019127040528505477 
cv022_14227.txt neg neg:0.9999943910023186 pos:5.608997681416665E-6 
cv879_16585.txt neg neg:0.9197472916232634 pos:0.08025270837673665 
cv207_29284.txt pos pos:0.9938995173695099 neg:0.00610048263049009 
cv966_28671.txt neg neg:0.9916782507754314 pos:0.008321749224568695 
cv004_12641.txt neg neg:0.9996453193882138 pos:3.546806117861813E-4 
cv091_7400.txt pos neg:0.7215517152012504 pos:0.27844828479874967 
cv731_3968.txt neg neg:0.8884254914668906 pos:0.11157450853310938 
cv567_29611.txt pos pos:0.9999879543230642 neg:1.204567693570512E-5 
cv704_17622.txt neg neg:0.9955729640781215 pos:0.004427035921878467 
cv207_29141.txt neg pos:0.7480097662095498 neg:0.25199023379045016 
cv804_10862.txt pos neg:0.5500900697741057 pos:0.44990993022589426 
cv581_19381.txt pos pos:0.9995835470782182 neg:4.164529217816804E-4 
cv685_5947.txt pos pos:0.6995535634702934 neg:0.30044643652970654 
cv913_29127.txt neg neg:0.8921008163137907 pos:0.10789918368620931 
cv672_27988.txt neg neg:0.9407949793541212 pos:0.05920502064587892 
cv417_14653.txt neg neg:0.9746088634854005 pos:0.02539113651459947 
cv861_1198.txt pos neg:0.7150649189066125 pos:0.28493508109338755 
cv177_10367.txt pos pos:0.9980809128710929 neg:0.001919087128907107 
cv132_5618.txt pos neg:0.5430092218208079 pos:0.4569907781791921 
cv427_11693.txt neg pos:0.8134837102096655 neg:0.18651628979033447 
cv582_6559.txt pos pos:0.9991966812040588 neg:8.033187959410806E-4 
cv814_20316.txt neg neg:0.9892412247169771 pos:0.01075877528302287 
cv533_9843.txt neg neg:0.9999818545252915 pos:1.8145474708604328E-5 
cv863_7912.txt neg neg:0.9997765046366475 pos:2.234953633525753E-4 
cv799_18543.txt pos pos:0.7963987628758323 neg:0.20360123712416767 
cv518_14798.txt neg neg:0.9849962500977795 pos:0.015003749902220571 
cv231_10425.txt pos pos:0.9999909371409293 neg:9.062859070697765E-6 
cv298_23111.txt pos pos:0.9999964154712654 neg:3.584528734720717E-6 
cv800_12368.txt pos pos:0.9999848744530113 neg:1.5125546988674425E-5 
cv656_25395.txt neg neg:0.9999999989736041 pos:1.0263958836772057E-9 
cv156_10481.txt pos neg:0.744224193952163 pos:0.2557758060478371 
cv735_18801.txt pos pos:0.6171967552198583 neg:0.38280324478014166 
cv522_5583.txt pos neg:0.7382495428114563 pos:0.2617504571885436 
cv482_10580.txt pos pos:0.9132999880944109 neg:0.08670001190558907 
cv497_26980.txt pos pos:0.9324437962667415 neg:0.06755620373325849 
cv036_16831.txt pos pos:0.9520795004348065 neg:0.04792049956519343 
cv950_13478.txt neg neg:0.9999982443483498 pos:1.7556516500794902E-6 
cv922_10185.txt neg neg:0.9726170389513974 pos:0.0273829610486026 
cv615_15734.txt neg neg:0.9894889942554693 pos:0.010511005744530713 
cv803_8584.txt neg pos:0.7023272137408965 neg:0.2976727862591035 
cv322_21820.txt neg neg:0.999995383008148 pos:4.616991851987153E-6 
cv422_9632.txt neg neg:0.9920231494090858 pos:0.007976850590914223 
cv839_21467.txt pos pos:0.9997611433122623 neg:2.3885668773761742E-4 
cv216_18738.txt pos pos:0.9968813261676719 neg:0.0031186738323280656 
cv370_5221.txt pos neg:0.9948712431595514 pos:0.0051287568404485995 
cv309_22571.txt pos pos:0.9999999985217043 neg:1.4782957457426962E-9 
cv449_8785.txt pos pos:0.9999505290358078 neg:4.947096419222226E-5 
cv916_15467.txt pos pos:0.9999984055367311 neg:1.5944632687799667E-6 
cv135_12506.txt neg neg:0.6588371762151941 pos:0.341162823784806 
cv006_15448.txt pos pos:0.99257090788979 neg:0.007429092110209917 
cv239_3385.txt pos pos:0.9985850720459968 neg:0.0014149279540031999 
cv138_13903.txt neg neg:0.9999880227221513 pos:1.1977277848673401E-5 
Trial 0 Trainer MaxEntTrainer,gaussianPriorVariance=1.0 Training Data Confusion Matrix
Confusion Matrix, row=true, column=predicted  accuracy=1.0
  label   0   1  |total
  0 neg 900   .  |900
  1 pos   . 900  |900

Trial 0 Trainer MaxEntTrainer,gaussianPriorVariance=1.0 training data accuracy= 1.0
Trial 0 Trainer MaxEntTrainer,gaussianPriorVariance=1.0 Test Data Confusion Matrix
Confusion Matrix, row=true, column=predicted  accuracy=0.825
  label   0   1  |total
  0 neg  83  17  |100
  1 pos  18  82  |100

Trial 0 Trainer MaxEntTrainer,gaussianPriorVariance=1.0 test data accuracy= 0.825

MaxEntTrainer,gaussianPriorVariance=1.0
Summary. train accuracy mean = 1.0 stddev = 0.0 stderr = 0.0
Summary. test accuracy mean = 0.825 stddev = 0.0 stderr = 0.0
