
-------------------- Trial 0  --------------------

Trial 0 Training MaxEntTrainer,gaussianPriorVariance=1.0 with 1800 instances
Trial 0 Training MaxEntTrainer,gaussianPriorVariance=1.0 finished
Trial 0 Trainer MaxEntTrainer,gaussianPriorVariance=1.0
 Raw Testing Data
cv601_24759.txt neg neg:0.7726489798395678 pos:0.22735102016043215 
cv662_13320.txt pos pos:0.8770769324557905 neg:0.12292306754420944 
cv361_28738.txt neg neg:0.9999507157904882 pos:4.928420951192148E-5 
cv681_9692.txt pos pos:0.9749952435321242 neg:0.02500475646787583 
cv906_12332.txt neg neg:0.8035166019740166 pos:0.19648339802598327 
cv453_10379.txt pos pos:0.997670152535905 neg:0.0023298474640951307 
cv285_16494.txt pos pos:0.9943094670249236 neg:0.005690532975076441 
cv583_29692.txt pos pos:0.9990050728052994 neg:9.949271947006229E-4 
cv211_9955.txt neg neg:0.9655599199053827 pos:0.03444008009461717 
cv564_11110.txt pos pos:0.9997548326546526 neg:2.4516734534745974E-4 
cv365_12442.txt neg neg:0.9999896336958605 pos:1.0366304139540276E-5 
cv935_24977.txt neg neg:0.9996855394894567 pos:3.144605105431881E-4 
cv071_12095.txt pos pos:0.9928399688985984 neg:0.007160031101401737 
cv690_5619.txt pos pos:0.8601740485810281 neg:0.1398259514189719 
cv988_18740.txt pos pos:0.9878205700672058 neg:0.012179429932794203 
cv156_11119.txt neg neg:0.9393228470525246 pos:0.060677152947475506 
cv413_7398.txt pos pos:0.9878384298421266 neg:0.0121615701578735 
cv338_9183.txt neg neg:0.9999969677539337 pos:3.0322460664348726E-6 
cv337_29061.txt neg neg:0.9979250599119771 pos:0.0020749400880229127 
cv657_24513.txt pos pos:0.9993854027847845 neg:6.145972152154051E-4 
cv620_24265.txt pos pos:0.9878458747951241 neg:0.012154125204875991 
cv317_25111.txt neg neg:0.7573043853765355 pos:0.24269561462346442 
cv220_29059.txt pos pos:0.9967941944844828 neg:0.003205805515517131 
cv939_10583.txt pos pos:0.9997438542268567 neg:2.5614577314332036E-4 
cv627_12603.txt neg neg:0.8319167828258413 pos:0.16808321717415867 
cv289_6463.txt pos neg:0.6071426516343217 pos:0.3928573483656783 
cv495_14518.txt pos neg:0.9939377926239711 pos:0.006062207376028987 
cv376_20883.txt neg pos:0.9571801422576618 neg:0.042819857742338076 
cv933_24953.txt neg neg:0.9986860815100227 pos:0.0013139184899773153 
cv666_20301.txt neg pos:0.6337674946839525 neg:0.36623250531604756 
cv172_11131.txt pos pos:0.9848893878410699 neg:0.015110612158929965 
cv842_5866.txt pos pos:0.5548435651949746 neg:0.4451564348050255 
cv099_10534.txt pos pos:0.7368948071168582 neg:0.26310519288314177 
cv354_8573.txt neg neg:0.9441843160639397 pos:0.05581568393606019 
cv859_14107.txt pos pos:0.5173360883011174 neg:0.48266391169888256 
cv762_13927.txt pos pos:0.999377379868538 neg:6.226201314619409E-4 
cv599_20988.txt pos pos:0.7350670570309545 neg:0.26493294296904546 
cv843_17054.txt neg neg:0.9484133404437715 pos:0.05158665955622856 
cv508_16006.txt pos pos:0.9999999094246117 neg:9.057538842285466E-8 
cv423_12089.txt neg pos:0.6824837878256124 neg:0.3175162121743877 
cv286_25050.txt pos pos:0.9984204211203714 neg:0.00157957887962846 
cv425_8250.txt pos pos:0.9133875229828584 neg:0.08661247701714164 
cv270_6079.txt pos pos:0.8492604451191874 neg:0.15073955488081256 
cv477_23530.txt neg pos:0.6107220182480265 neg:0.3892779817519736 
cv875_5622.txt neg pos:0.9025286693892878 neg:0.09747133061071216 
cv713_29002.txt neg neg:0.7961750743683605 pos:0.2038249256316395 
cv917_29484.txt neg neg:0.9276639746196659 pos:0.07233602538033401 
cv247_13142.txt pos pos:0.9994674984074305 neg:5.325015925694401E-4 
cv002_17424.txt neg neg:0.9961639819720833 pos:0.0038360180279167037 
cv725_10266.txt neg neg:0.7325525811584381 pos:0.26744741884156187 
cv548_17731.txt pos pos:0.9992882475064125 neg:7.117524935874503E-4 
cv165_2389.txt neg neg:0.9785577296251009 pos:0.021442270374899177 
cv662_14791.txt neg neg:0.9940261234457055 pos:0.00597387655429451 
cv798_24779.txt neg neg:0.9378380295063603 pos:0.06216197049363967 
cv913_29252.txt pos pos:0.9999474082700147 neg:5.259172998524801E-5 
cv328_10908.txt neg pos:0.9048050416210336 neg:0.09519495837896637 
cv949_20112.txt pos pos:0.8901747161402814 neg:0.10982528385971863 
cv405_20399.txt pos pos:0.9585282202925473 neg:0.04147177970745278 
cv057_7453.txt pos neg:0.8530558722263925 pos:0.14694412777360766 
cv249_11640.txt pos pos:0.7214003784973403 neg:0.2785996215026597 
cv929_1841.txt neg pos:0.7057277817091128 neg:0.29427221829088723 
cv121_17302.txt pos neg:0.7936988362077556 pos:0.20630116379224434 
cv472_29280.txt pos pos:0.9988676688809388 neg:0.001132331119061085 
cv658_10532.txt pos pos:0.9998637439818723 neg:1.362560181277278E-4 
cv150_14279.txt neg neg:0.990534335175693 pos:0.009465664824307022 
cv183_18612.txt pos pos:0.866099587702389 neg:0.1339004122976111 
cv072_5928.txt neg neg:0.9983366662730857 pos:0.0016633337269143862 
cv524_24885.txt neg pos:0.796305949394421 neg:0.2036940506055789 
cv895_22200.txt neg neg:0.9952130147691483 pos:0.004786985230851735 
cv407_23928.txt neg neg:0.9264152613540182 pos:0.07358473864598172 
cv371_8197.txt neg neg:0.999999965699982 pos:3.4300018018492895E-8 
cv897_10837.txt pos pos:0.9999096883529841 neg:9.031164701589137E-5 
cv267_14952.txt pos pos:0.9985203589882694 neg:0.001479641011730607 
cv335_16299.txt neg neg:0.9999385450980204 pos:6.145490197953792E-5 
cv047_1754.txt pos pos:0.9999948374694595 neg:5.162530540469045E-6 
cv069_11613.txt neg pos:0.6888533504624222 neg:0.3111466495375777 
cv677_17715.txt pos pos:0.9998522707460182 neg:1.47729253981727E-4 
cv029_19943.txt neg neg:0.9507324868615012 pos:0.04926751313849868 
cv723_9002.txt neg neg:0.5521962694271575 pos:0.44780373057284256 
cv245_8938.txt neg neg:0.9926797101616632 pos:0.007320289838336698 
cv941_10246.txt pos pos:0.9997462458319689 neg:2.5375416803097425E-4 
cv719_5713.txt pos pos:0.9999975627898888 neg:2.437210111137405E-6 
cv083_25491.txt neg neg:0.7658139944415411 pos:0.23418600555845892 
cv608_24647.txt neg neg:0.6536811223093891 pos:0.3463188776906108 
cv007_4992.txt neg neg:0.999956051809355 pos:4.3948190645012425E-5 
cv499_11407.txt neg neg:0.9936797163270009 pos:0.006320283672999081 
cv167_18094.txt neg neg:0.5705077378738191 pos:0.42949226212618086 
cv257_11856.txt neg pos:0.9948177977587391 neg:0.005182202241260873 
cv999_14636.txt neg pos:0.5707073996997869 neg:0.42929260030021305 
cv196_28898.txt neg neg:0.8661326661071316 pos:0.1338673338928685 
cv402_14425.txt pos pos:0.9999903239311471 neg:9.676068852929528E-6 
cv424_8831.txt pos pos:0.9989125311862588 neg:0.001087468813741227 
cv854_18955.txt neg pos:0.5260980199699044 neg:0.4739019800300957 
cv325_16629.txt pos pos:0.9994848662633081 neg:5.151337366918288E-4 
cv448_14695.txt pos pos:0.9870506110427072 neg:0.012949388957292942 
cv640_5380.txt neg pos:0.9866888119762449 neg:0.013311188023754974 
cv974_24303.txt neg neg:0.9611139774216779 pos:0.03888602257832204 
cv300_22284.txt pos pos:0.9999700162171266 neg:2.99837828734545E-5 
cv455_29000.txt pos pos:0.9998966450613223 neg:1.0335493867765427E-4 
cv939_11247.txt neg neg:0.720851921219679 pos:0.279148078780321 
cv270_5873.txt neg neg:0.9963253294578879 pos:0.0036746705421121066 
cv671_5164.txt neg pos:0.9031468369218137 neg:0.09685316307818626 
cv632_9704.txt neg neg:0.5009945362316183 pos:0.4990054637683817 
cv514_12173.txt neg pos:0.5610414993097323 neg:0.4389585006902676 
cv108_17064.txt neg neg:0.9956016004590655 pos:0.004398399540934581 
cv660_21893.txt pos neg:0.6604689633865156 pos:0.33953103661348444 
cv191_29719.txt pos pos:0.981896862653928 neg:0.018103137346072093 
cv481_7930.txt neg neg:0.9690684368454031 pos:0.030931563154596935 
cv101_10175.txt pos neg:0.9074897327930151 pos:0.09251026720698483 
cv504_29243.txt pos neg:0.6389881326702295 pos:0.36101186732977053 
cv213_20300.txt neg neg:0.9796221217554586 pos:0.02037787824454138 
cv959_14611.txt pos pos:0.9964706839807689 neg:0.0035293160192311846 
cv284_20530.txt neg neg:0.8621820196821648 pos:0.13781798031783515 
cv181_14401.txt pos pos:0.9999815402495907 neg:1.84597504091157E-5 
cv066_10821.txt pos pos:0.9438521515677428 neg:0.05614784843225703 
cv585_23576.txt neg neg:0.9089424358660579 pos:0.09105756413394218 
cv631_4967.txt pos pos:0.9678346054993681 neg:0.032165394500631876 
cv053_21822.txt pos pos:0.8505669445394307 neg:0.14943305546056931 
cv801_26335.txt neg neg:0.9457525396850182 pos:0.054247460314981885 
cv517_20616.txt neg neg:0.9999687327354259 pos:3.12672645741779E-5 
cv999_13106.txt pos pos:0.9996259143178305 neg:3.740856821693101E-4 
cv557_12237.txt neg neg:0.9744430881279842 pos:0.025556911872015836 
cv024_7033.txt neg pos:0.828202957506565 neg:0.17179704249343508 
cv788_26409.txt neg neg:0.9981253227795243 pos:0.0018746772204758031 
cv384_17140.txt pos pos:0.9989316445913129 neg:0.001068355408687026 
cv055_8338.txt pos pos:0.9987200817836288 neg:0.0012799182163712442 
cv210_9312.txt pos neg:0.5734409230629042 pos:0.4265590769370958 
cv334_0074.txt neg neg:0.9982564819628598 pos:0.0017435180371403066 
cv449_9126.txt neg pos:0.8551404009839111 neg:0.14485959901608883 
cv340_13287.txt pos pos:0.9861544702980402 neg:0.013845529701959819 
cv393_29327.txt pos pos:0.9998725183644063 neg:1.274816355937934E-4 
cv024_6778.txt pos neg:0.9844939854899126 pos:0.015506014510087446 
cv310_13091.txt pos pos:0.9999113518201673 neg:8.864817983264547E-5 
cv647_15275.txt neg neg:0.9999944118465891 pos:5.588153410912581E-6 
cv929_16908.txt pos pos:0.9998044716490064 neg:1.9552835099344025E-4 
cv647_13691.txt pos pos:0.9559267558426507 neg:0.044073244157349284 
cv544_5301.txt neg neg:0.9976129857571505 pos:0.002387014242849577 
cv744_10091.txt neg neg:0.9553853584054577 pos:0.044614641594542315 
cv780_7984.txt pos pos:0.9998952425962955 neg:1.0475740370443772E-4 
cv216_20165.txt neg neg:0.7535439490769424 pos:0.2464560509230575 
cv982_22209.txt neg neg:0.9980807783767545 pos:0.0019192216232454863 
cv221_27081.txt neg neg:0.8010826510134177 pos:0.19891734898658223 
cv021_17313.txt neg neg:0.9992930459915794 pos:7.069540084205172E-4 
cv607_8235.txt neg neg:0.9995139413606186 pos:4.8605863938153794E-4 
cv692_17026.txt neg neg:0.958133698342569 pos:0.041866301657431056 
cv980_10953.txt pos pos:0.9992541147396814 neg:7.458852603186866E-4 
cv175_6964.txt pos pos:0.7747458939795586 neg:0.22525410602044132 
cv587_20532.txt neg neg:0.992241847086143 pos:0.0077581529138569605 
cv676_22202.txt neg neg:0.9999999762875947 pos:2.3712405355130475E-8 
cv380_7574.txt pos neg:0.811890990362368 pos:0.18810900963763202 
cv623_15356.txt pos pos:0.999997833185168 neg:2.166814832048847E-6 
cv405_21868.txt neg neg:0.9991147952108592 pos:8.852047891406905E-4 
cv431_7538.txt neg neg:0.8285553832769207 pos:0.1714446167230793 
cv428_11347.txt pos pos:0.7101538806830744 neg:0.2898461193169256 
cv253_10077.txt pos pos:0.755259024900786 neg:0.244740975099214 
cv095_28730.txt neg neg:0.5738139501074817 pos:0.42618604989251835 
cv691_5043.txt pos pos:0.9985951121573341 neg:0.0014048878426658772 
cv830_5778.txt neg neg:0.725049726952194 pos:0.2749502730478059 
cv030_22893.txt neg neg:0.8682083355890253 pos:0.13179166441097462 
cv919_16380.txt pos pos:0.9998004134203784 neg:1.9958657962159686E-4 
cv558_29507.txt pos pos:0.7596171584758757 neg:0.24038284152412429 
cv931_17563.txt pos pos:0.979868569871157 neg:0.020131430128843074 
cv154_9328.txt pos neg:0.5240457315947148 pos:0.4759542684052852 
cv185_28372.txt neg neg:0.995103920418259 pos:0.004896079581740994 
cv018_21672.txt neg neg:0.5864685956061729 pos:0.41353140439382713 
cv046_10188.txt pos pos:0.9990387043737182 neg:9.612956262816717E-4 
cv606_15985.txt pos pos:0.9997253033064908 neg:2.746966935091552E-4 
cv153_10779.txt pos pos:0.8860281972909407 neg:0.11397180270905924 
cv921_13988.txt neg neg:0.9990107713713713 pos:9.892286286287326E-4 
cv114_18398.txt pos pos:0.911472241757791 neg:0.0885277582422091 
cv876_9633.txt neg neg:0.9985353336459244 pos:0.0014646663540755704 
cv698_16930.txt neg neg:0.9976255061095238 pos:0.0023744938904761187 
cv450_8319.txt neg neg:0.9582874498146489 pos:0.04171255018535109 
cv984_12767.txt pos pos:0.9736461036893105 neg:0.026353896310689587 
cv019_14482.txt pos pos:0.829277614566239 neg:0.17072238543376098 
cv949_21565.txt neg neg:0.9999232814996214 pos:7.671850037865983E-5 
cv009_29592.txt pos pos:0.9870539048252099 neg:0.012946095174790074 
cv716_11153.txt neg neg:0.8117134201752259 pos:0.18828657982477418 
cv857_15958.txt pos pos:0.8994812256855501 neg:0.1005187743144499 
cv898_14187.txt pos pos:0.9914080184084769 neg:0.008591981591523096 
cv259_10934.txt pos neg:0.8990845940098627 pos:0.10091540599013732 
cv897_11703.txt neg neg:0.9997665296741406 pos:2.3347032585947016E-4 
cv708_28729.txt pos pos:0.9915619396110179 neg:0.008438060388982113 
cv773_18817.txt pos pos:0.9874989038659373 neg:0.012501096134062755 
cv315_11629.txt pos pos:0.9999836986444666 neg:1.6301355533376152E-5 
cv204_8451.txt pos pos:0.9724756458550463 neg:0.027524354144953644 
cv202_11382.txt neg neg:0.9999514027963317 pos:4.859720366838713E-5 
cv048_18380.txt neg neg:0.9999875439431197 pos:1.2456056880278113E-5 
cv120_4111.txt pos pos:0.9604939069499515 neg:0.03950609305004852 
cv963_7208.txt neg neg:0.9973307423186836 pos:0.0026692576813164806 
cv592_22315.txt pos pos:0.7501492368101301 neg:0.24985076318986985 
cv219_19874.txt neg neg:0.9933476317359566 pos:0.0066523682640433285 
cv983_24219.txt neg neg:0.9240604821191502 pos:0.0759395178808498 
cv162_10977.txt neg neg:0.7656654172473646 pos:0.2343345827526353 
cv730_10279.txt pos pos:0.9998678750304073 neg:1.3212496959264975E-4 
cv617_9322.txt pos pos:0.7569443290641503 neg:0.24305567093584968 
cv469_21998.txt neg neg:0.9990498701387953 pos:9.501298612046254E-4 
cv527_10123.txt pos pos:0.9894338943049282 neg:0.010566105695071644 
cv694_4526.txt neg neg:0.5322133034270902 pos:0.46778669657290994 
cv586_7543.txt pos pos:0.9500910307523328 neg:0.04990896924766724 
Trial 0 Trainer MaxEntTrainer,gaussianPriorVariance=1.0 Training Data Confusion Matrix
Confusion Matrix, row=true, column=predicted  accuracy=1.0
  label   0   1  |total
  0 neg 900   .  |900
  1 pos   . 900  |900

Trial 0 Trainer MaxEntTrainer,gaussianPriorVariance=1.0 training data accuracy= 1.0
Trial 0 Trainer MaxEntTrainer,gaussianPriorVariance=1.0 Test Data Confusion Matrix
Confusion Matrix, row=true, column=predicted  accuracy=0.855
  label   0   1  |total
  0 neg  83  17  |100
  1 pos  12  88  |100

Trial 0 Trainer MaxEntTrainer,gaussianPriorVariance=1.0 test data accuracy= 0.855

MaxEntTrainer,gaussianPriorVariance=1.0
Summary. train accuracy mean = 1.0 stddev = 0.0 stderr = 0.0
Summary. test accuracy mean = 0.855 stddev = 0.0 stderr = 0.0
