
-------------------- Trial 0  --------------------

Trial 0 Training MaxEntTrainer,gaussianPriorVariance=1.0 with 1800 instances
Trial 0 Training MaxEntTrainer,gaussianPriorVariance=1.0 finished
Trial 0 Trainer MaxEntTrainer,gaussianPriorVariance=1.0
 Raw Testing Data
cv195_14528.txt pos pos:0.9495272963677022 neg:0.05047270363229778 
cv750_10180.txt pos pos:0.9999999818691226 neg:1.8130877293331896E-8 
cv687_22207.txt neg neg:0.9983625964803916 pos:0.0016374035196084042 
cv588_13008.txt pos pos:0.744789764709335 neg:0.2552102352906651 
cv010_29063.txt neg pos:0.9855521708475303 neg:0.014447829152469746 
cv038_9749.txt pos pos:0.9777272933471212 neg:0.02227270665287877 
cv858_18819.txt pos pos:0.9993719603227074 neg:6.280396772925889E-4 
cv702_12371.txt neg neg:0.9890464967094786 pos:0.010953503290521374 
cv744_10038.txt pos neg:0.7437925449766468 pos:0.2562074550233531 
cv757_10189.txt pos neg:0.6721029199020511 pos:0.3278970800979489 
cv081_18241.txt neg pos:0.8646052190358536 neg:0.13539478096414637 
cv552_10016.txt pos pos:0.9996831737658151 neg:3.1682623418503744E-4 
cv321_12843.txt pos neg:0.9215735101890679 pos:0.07842648981093217 
cv667_19672.txt neg neg:0.9926789922185376 pos:0.007321007781462283 
cv954_18628.txt pos pos:0.5047740449068424 neg:0.49522595509315764 
cv332_17997.txt neg neg:0.9995855246582784 pos:4.14475341721675E-4 
cv311_17708.txt neg pos:0.8155148811471913 neg:0.18448511885280877 
cv315_12638.txt neg neg:0.7859393248106511 pos:0.21406067518934896 
cv747_16556.txt pos pos:0.9983328124788268 neg:0.0016671875211731984 
cv017_22464.txt pos pos:0.9999837397517272 neg:1.6260248272713664E-5 
cv923_11051.txt pos pos:0.9993545411301389 neg:6.45458869861166E-4 
cv406_21020.txt pos pos:0.9985971958249924 neg:0.0014028041750076047 
cv241_24602.txt neg neg:0.9964854287352336 pos:0.0035145712647663076 
cv389_9611.txt neg neg:0.997444698057768 pos:0.002555301942232082 
cv932_13401.txt pos neg:0.9998302740948273 pos:1.6972590517261828E-4 
cv183_19826.txt neg neg:0.9811717415681958 pos:0.018828258431804322 
cv427_10825.txt pos pos:0.9597896596163655 neg:0.040210340383634614 
cv396_19127.txt neg pos:0.7441254879042838 neg:0.2558745120957163 
cv948_24606.txt pos pos:0.8639608150363015 neg:0.13603918496369835 
cv419_14799.txt neg neg:0.9999688228195225 pos:3.1177180477448E-5 
cv030_21593.txt pos pos:0.8322863538631949 neg:0.16771364613680503 
cv278_13041.txt pos neg:0.9942042097804409 pos:0.0057957902195591195 
cv163_10052.txt pos pos:0.9997349339151184 neg:2.6506608488165693E-4 
cv874_11236.txt pos pos:0.7704629205399148 neg:0.2295370794600852 
cv583_29465.txt neg neg:0.9784579483597747 pos:0.021542051640225237 
cv581_20790.txt neg neg:0.8346825805047341 pos:0.16531741949526588 
cv016_4348.txt neg neg:0.9999973625033736 pos:2.637496626567012E-6 
cv973_10066.txt pos pos:0.9999633386885665 neg:3.6661311433593487E-5 
cv065_16909.txt neg neg:0.9999945222064273 pos:5.477793572771631E-6 
cv671_5054.txt pos pos:0.9998333540203923 neg:1.666459796076147E-4 
cv530_16212.txt pos pos:0.9936486254948625 neg:0.006351374505137357 
cv149_15670.txt pos neg:0.9815826898101883 pos:0.018417310189811756 
cv068_13400.txt pos neg:0.5390408737285616 pos:0.46095912627143837 
cv719_5581.txt neg pos:0.610132098891783 neg:0.389867901108217 
cv943_23547.txt neg neg:0.9895385977767462 pos:0.010461402223253853 
cv791_17995.txt neg neg:0.9976065356302679 pos:0.002393464369732219 
cv930_14949.txt neg neg:0.9995830985929427 pos:4.1690140705728026E-4 
cv167_16376.txt pos pos:0.9998287571104955 neg:1.712428895046531E-4 
cv635_0984.txt neg neg:0.9999718066609877 pos:2.819333901224443E-5 
cv253_10190.txt neg neg:0.9996557523995648 pos:3.442476004351021E-4 
cv234_22123.txt neg neg:0.9999920542840258 pos:7.945715974149669E-6 
cv254_5870.txt neg neg:0.9999165256428724 pos:8.347435712757046E-5 
cv440_15243.txt pos pos:0.9999789445359849 neg:2.1055464015148378E-5 
cv738_10287.txt neg neg:0.9997695971813694 pos:2.3040281863065512E-4 
cv295_15570.txt pos pos:0.5135393890365113 neg:0.48646061096348864 
cv465_23401.txt neg neg:0.9959691608097234 pos:0.004030839190276618 
cv580_15681.txt neg neg:0.5662104580734454 pos:0.4337895419265546 
cv123_11182.txt pos pos:0.9921435223090102 neg:0.007856477690989766 
cv477_22479.txt pos pos:0.9997117699629293 neg:2.882300370706055E-4 
cv256_14740.txt pos pos:0.9999999987825929 neg:1.2174069587259325E-9 
cv445_26683.txt neg neg:0.8134636423496071 pos:0.18653635765039284 
cv303_27366.txt neg neg:0.9721822528757058 pos:0.02781774712429421 
cv714_19704.txt neg neg:0.9993453731606191 pos:6.546268393808908E-4 
cv903_18981.txt neg pos:0.7488779376098854 neg:0.25112206239011453 
cv942_17082.txt pos neg:0.7198261975789759 pos:0.28017380242102397 
cv273_28961.txt neg neg:0.9041639007510126 pos:0.09583609924898734 
cv608_23231.txt pos pos:0.5381987894073784 neg:0.46180121059262164 
cv900_10331.txt pos pos:0.9999899698777057 neg:1.00301222943407E-5 
cv487_11058.txt neg pos:0.996054677562471 neg:0.003945322437529029 
cv577_28220.txt neg neg:0.9846318362482191 pos:0.015368163751780808 
cv938_10706.txt neg neg:0.7519311929548486 pos:0.24806880704515147 
cv730_10729.txt neg neg:0.8392418159174283 pos:0.16075818408257164 
cv714_18502.txt pos pos:0.8702318909144467 neg:0.12976810908555336 
cv733_9891.txt neg neg:0.9993928382728565 pos:6.071617271434903E-4 
cv732_12245.txt pos pos:0.839122085525246 neg:0.16087791447475402 
cv844_13890.txt neg neg:0.9926833632768216 pos:0.007316636723178313 
cv733_9839.txt pos pos:0.9993035901834181 neg:6.964098165819362E-4 
cv446_11353.txt pos neg:0.9490374287362874 pos:0.05096257126371257 
cv793_15235.txt neg neg:0.9237534649838038 pos:0.07624653501619623 
cv602_8300.txt pos pos:0.9931552189941029 neg:0.006844781005897062 
cv836_14311.txt neg neg:0.9573279330199294 pos:0.042672066980070596 
cv628_20758.txt neg neg:0.6960134470285815 pos:0.3039865529714186 
cv998_15691.txt neg neg:0.9737483680333523 pos:0.02625163196664778 
cv683_13047.txt neg neg:0.9375067371815162 pos:0.06249326281848379 
cv792_3257.txt neg neg:0.9187564734370396 pos:0.08124352656296038 
cv251_22636.txt pos neg:0.8215955776225966 pos:0.17840442237740337 
cv434_5793.txt pos pos:0.9929725636572629 neg:0.007027436342737113 
cv268_20288.txt neg neg:0.9999901353046773 pos:9.86469532277522E-6 
cv679_28559.txt pos pos:0.998885578570171 neg:0.0011144214298289268 
cv282_6833.txt neg neg:0.5406185640321998 pos:0.45938143596780023 
cv081_16582.txt pos pos:0.9998838945987212 neg:1.161054012787739E-4 
cv870_16348.txt pos pos:0.9995729268683581 neg:4.2707313164196684E-4 
cv420_28631.txt neg neg:0.999905836813415 pos:9.41631865850487E-5 
cv759_15091.txt neg neg:0.999988706638692 pos:1.1293361307894729E-5 
cv632_9610.txt pos pos:0.9927721726107969 neg:0.00722782738920301 
cv993_29565.txt neg neg:0.963720380225394 pos:0.03627961977460596 
cv613_23104.txt neg neg:0.9973940815394897 pos:0.0026059184605103348 
cv265_10814.txt pos pos:0.9999334173607817 neg:6.658263921841936E-5 
cv373_21872.txt neg neg:0.6436744934294089 pos:0.3563255065705911 
cv126_28971.txt pos neg:0.8644837946994042 pos:0.13551620530059583 
cv691_5090.txt neg neg:0.9999772141186345 pos:2.278588136541454E-5 
cv543_5107.txt neg neg:0.9892474737254419 pos:0.010752526274558121 
cv017_23487.txt neg neg:0.9995760151494857 pos:4.239848505143991E-4 
cv772_12119.txt pos pos:0.9999960281118055 neg:3.971888194400257E-6 
cv792_3832.txt pos neg:0.65153993098198 pos:0.34846006901801996 
cv113_23102.txt pos pos:0.9994181570618106 neg:5.818429381894794E-4 
cv346_19198.txt neg neg:0.9976477977220716 pos:0.0023522022779284566 
cv720_5383.txt neg pos:0.804031519271396 neg:0.195968480728604 
cv500_10251.txt pos pos:0.6495216187321368 neg:0.35047838126786335 
cv855_22134.txt neg neg:0.997160543063925 pos:0.002839456936074938 
cv482_11233.txt neg neg:0.9997470397983836 pos:2.52960201616375E-4 
cv928_9168.txt pos pos:0.9840528045549574 neg:0.015947195445042656 
cv260_13959.txt pos pos:0.6352593163652649 neg:0.36474068363473505 
cv489_17906.txt pos neg:0.947196615115236 pos:0.052803384884763896 
cv137_17020.txt neg neg:0.9887102546550139 pos:0.011289745344986073 
cv274_26379.txt neg neg:0.9989425236224482 pos:0.001057476377551867 
cv342_20917.txt neg neg:0.7543358691677233 pos:0.24566413083227676 
cv680_10533.txt neg neg:0.9999801918877796 pos:1.980811222036045E-5 
cv957_8737.txt pos pos:0.9995230520240115 neg:4.769479759884515E-4 
cv769_8565.txt neg pos:0.5296076155581056 neg:0.4703923844418944 
cv994_12270.txt pos neg:0.944820349845543 pos:0.05517965015445699 
cv382_8393.txt neg neg:0.9989295265555551 pos:0.0010704734444449164 
cv026_29229.txt neg neg:0.977238984565056 pos:0.022761015434944073 
cv217_28842.txt pos pos:0.6748384211936135 neg:0.3251615788063865 
cv529_10972.txt neg neg:0.6155255041830721 pos:0.38447449581692805 
cv415_22517.txt pos pos:0.9990540894483985 neg:9.459105516016032E-4 
cv825_5063.txt pos pos:0.5191573871224049 neg:0.48084261287759505 
cv392_12238.txt neg neg:0.9603220921685199 pos:0.039677907831480036 
cv895_21022.txt pos pos:0.9999994795052376 neg:5.204947623128059E-7 
cv056_13133.txt pos neg:0.8289063514086561 pos:0.1710936485913439 
cv268_18834.txt pos neg:0.5685240146293434 pos:0.43147598537065657 
cv710_22577.txt pos pos:0.9687098097735996 neg:0.031290190226400456 
cv032_22550.txt pos pos:0.9999967190203901 neg:3.2809796099529655E-6 
cv561_9484.txt neg neg:0.9996496917758413 pos:3.503082241586526E-4 
cv485_26649.txt pos pos:0.9995160491865255 neg:4.8395081347454616E-4 
cv541_28683.txt neg neg:0.9930427023971294 pos:0.00695729760287056 
cv874_12182.txt neg neg:0.9999943481884379 pos:5.651811562044623E-6 
cv442_13846.txt pos pos:0.6344589617533017 neg:0.36554103824669826 
cv614_10626.txt pos pos:0.7918276943138 neg:0.20817230568620018 
cv348_19207.txt neg neg:0.9994417325460058 pos:5.582674539941348E-4 
cv119_9867.txt pos pos:0.8481588607952638 neg:0.1518411392047363 
cv037_19798.txt neg neg:0.9994238813202024 pos:5.761186797975605E-4 
cv883_27751.txt pos pos:0.986915336222035 neg:0.013084663777965043 
cv537_12370.txt pos neg:0.9223128273218275 pos:0.07768717267817252 
cv673_24714.txt pos neg:0.8254209882143981 pos:0.17457901178560195 
cv594_11945.txt neg neg:0.9990187325744385 pos:9.812674255615431E-4 
cv717_15953.txt pos pos:0.9961985293555031 neg:0.0038014706444968885 
cv879_14903.txt pos pos:0.999541719976988 neg:4.5828002301211097E-4 
cv739_11209.txt pos pos:0.9999840070621299 neg:1.5992937870093946E-5 
cv729_10475.txt neg neg:0.9896120782372371 pos:0.010387921762762957 
cv894_2068.txt pos pos:0.9987256465401638 neg:0.0012743534598360707 
cv387_12391.txt neg neg:0.8769144922494297 pos:0.12308550775057037 
cv494_17389.txt pos pos:0.999875380127837 neg:1.246198721628146E-4 
cv340_14776.txt neg neg:0.9528119439330196 pos:0.04718805606698038 
cv305_9946.txt pos pos:0.9701382006252156 neg:0.029861799374784382 
cv474_10682.txt neg neg:0.9990047455416192 pos:9.952544583807768E-4 
cv043_16808.txt neg neg:0.9999318542245782 pos:6.814577542182262E-5 
cv530_17949.txt neg neg:0.9638541350326326 pos:0.03614586496736727 
cv500_10722.txt neg neg:0.9913955462890484 pos:0.008604453710951688 
cv516_12117.txt neg neg:0.9816922410023563 pos:0.01830775899764374 
cv379_23167.txt neg neg:0.9671334856355257 pos:0.03286651436447438 
cv501_11657.txt pos pos:0.9999999902065159 neg:9.79348420335868E-9 
cv664_4264.txt neg neg:0.9904805522085853 pos:0.009519447791414636 
cv726_4365.txt neg neg:0.999843358156297 pos:1.566418437030587E-4 
cv963_6895.txt pos neg:0.9928807463973826 pos:0.007119253602617516 
cv825_5168.txt neg neg:0.994383679798686 pos:0.00561632020131399 
cv085_15286.txt neg neg:0.999024373956449 pos:9.75626043550952E-4 
cv276_17126.txt neg neg:0.6514364630842313 pos:0.3485635369157688 
cv263_20693.txt neg neg:0.9997850580729246 pos:2.1494192707547697E-4 
cv838_24728.txt pos pos:0.9797832921976865 neg:0.020216707802313473 
cv525_16122.txt pos pos:0.9961461101755839 neg:0.0038538898244162225 
cv098_17021.txt neg pos:0.8887128497370693 neg:0.1112871502629307 
cv001_18431.txt pos pos:0.5760461201235084 neg:0.42395387987649163 
cv627_11620.txt pos pos:0.9986043544866633 neg:0.0013956455133367041 
cv016_4659.txt pos pos:0.9626956734089042 neg:0.037304326591095935 
cv921_12747.txt pos pos:0.9337286841128959 neg:0.06627131588710405 
cv976_10267.txt pos pos:0.9899471590172091 neg:0.010052840982791057 
cv134_22246.txt pos pos:0.9999993035900168 neg:6.964099831706407E-7 
cv295_17060.txt neg neg:0.9999299250535826 pos:7.007494641735718E-5 
cv812_19051.txt neg neg:0.9997851189908267 pos:2.1488100917338313E-4 
cv452_5179.txt neg neg:0.910923662747718 pos:0.08907633725228202 
cv756_22540.txt pos neg:0.6360639488043079 pos:0.36393605119569217 
cv399_2877.txt pos pos:0.9778603291860216 neg:0.022139670813978326 
cv441_13711.txt pos pos:0.7540701985456683 neg:0.24592980145433174 
cv317_24049.txt pos pos:0.9999964664194727 neg:3.5335805272310127E-6 
cv715_19246.txt neg neg:0.9978386636039508 pos:0.00216133639604909 
cv540_3421.txt pos pos:0.7791795003132691 neg:0.2208204996867309 
cv437_22849.txt pos pos:0.9977075082721678 neg:0.0022924917278321806 
cv217_28707.txt neg neg:0.9999278025965074 pos:7.219740349266509E-5 
cv827_18331.txt pos pos:0.8679408517337109 neg:0.13205914826628906 
cv915_8841.txt pos neg:0.5249030783787925 pos:0.4750969216212075 
cv166_11959.txt neg neg:0.9985906096637412 pos:0.0014093903362587185 
cv143_21158.txt neg neg:0.9910277161580454 pos:0.008972283841954538 
cv732_13092.txt neg neg:0.9905294059877657 pos:0.009470594012234303 
cv076_24945.txt pos neg:0.7030520157037864 pos:0.29694798429621355 
cv100_12406.txt neg neg:0.9992222331392698 pos:7.777668607303135E-4 
cv775_17966.txt neg neg:0.9987434450194447 pos:0.0012565549805553312 
cv847_1941.txt pos pos:0.938243106181019 neg:0.06175689381898092 
cv843_15544.txt pos pos:0.9998250493220598 neg:1.7495067794026485E-4 
cv991_18645.txt pos pos:0.8714728562593153 neg:0.1285271437406848 
Trial 0 Trainer MaxEntTrainer,gaussianPriorVariance=1.0 Training Data Confusion Matrix
Confusion Matrix, row=true, column=predicted  accuracy=1.0
  label   0   1  |total
  0 neg 900   .  |900
  1 pos   . 900  |900

Trial 0 Trainer MaxEntTrainer,gaussianPriorVariance=1.0 training data accuracy= 1.0
Trial 0 Trainer MaxEntTrainer,gaussianPriorVariance=1.0 Test Data Confusion Matrix
Confusion Matrix, row=true, column=predicted  accuracy=0.84
  label   0   1  |total
  0 neg  90  10  |100
  1 pos  22  78  |100

Trial 0 Trainer MaxEntTrainer,gaussianPriorVariance=1.0 test data accuracy= 0.84

MaxEntTrainer,gaussianPriorVariance=1.0
Summary. train accuracy mean = 1.0 stddev = 0.0 stderr = 0.0
Summary. test accuracy mean = 0.84 stddev = 0.0 stderr = 0.0
