
-------------------- Trial 0  --------------------

Trial 0 Training MaxEntTrainer,gaussianPriorVariance=1.0 with 1800 instances
Trial 0 Training MaxEntTrainer,gaussianPriorVariance=1.0 finished
Trial 0 Trainer MaxEntTrainer,gaussianPriorVariance=1.0
 Raw Testing Data
cv918_27080.txt neg neg:0.9992687173375634 pos:7.312826624364897E-4 
cv373_20404.txt pos pos:0.9890922547034405 neg:0.010907745296559452 
cv461_21124.txt neg pos:0.8155616623055194 neg:0.1844383376944806 
cv106_16807.txt pos pos:0.9964559209918894 neg:0.003544079008110752 
cv981_14989.txt pos pos:0.8994404269438157 neg:0.1005595730561844 
cv609_25038.txt neg neg:0.9603446882770181 pos:0.039655311722981826 
cv035_3954.txt pos pos:0.911178713528896 neg:0.088821286471104 
cv495_16121.txt neg pos:0.6886315271953921 neg:0.31136847280460783 
cv868_11948.txt pos pos:0.9998474008113921 neg:1.5259918860791532E-4 
cv768_12709.txt neg neg:0.9999984604704075 pos:1.5395295924314756E-6 
cv539_21865.txt neg neg:0.9953402778423305 pos:0.004659722157669584 
cv582_6678.txt neg neg:0.8981598403825373 pos:0.10184015961746279 
cv967_5788.txt pos pos:0.942359595249319 neg:0.05764040475068098 
cv706_25883.txt neg neg:0.9999931545953653 pos:6.845404634709608E-6 
cv264_14108.txt neg neg:0.9980823240307608 pos:0.0019176759692392227 
cv251_23901.txt neg neg:0.9996226765783058 pos:3.7732342169423774E-4 
cv395_10849.txt pos pos:0.9977218040230762 neg:0.00227819597692387 
cv872_13710.txt neg neg:0.9873412410066099 pos:0.012658758993390024 
cv977_4938.txt pos pos:0.9987078422183218 neg:0.0012921577816781455 
cv944_15042.txt neg neg:0.9984285761942571 pos:0.0015714238057429025 
cv212_10027.txt pos pos:0.9657539088412163 neg:0.03424609115878364 
cv307_25270.txt pos pos:0.8279277049675429 neg:0.1720722950324571 
cv359_6647.txt pos neg:0.5967415895278536 pos:0.40325841047214644 
cv786_23608.txt neg neg:0.9722520775982537 pos:0.027747922401746245 
cv974_22941.txt pos pos:0.9758999492342183 neg:0.02410005076578157 
cv054_4230.txt pos pos:0.5531176501101489 neg:0.4468823498898511 
cv984_14006.txt neg neg:0.8791354295100822 pos:0.1208645704899178 
cv169_23778.txt pos pos:0.9999998284340222 neg:1.7156597777548806E-7 
cv763_14729.txt pos pos:0.9250098610491965 neg:0.07499013895080345 
cv002_15918.txt pos pos:0.8768486517356782 neg:0.1231513482643218 
cv892_17576.txt pos pos:0.9697530140728811 neg:0.030246985927118962 
cv871_25971.txt neg neg:0.999984166587876 pos:1.5833412123862342E-5 
cv006_17022.txt neg neg:0.5959170032827936 pos:0.4040829967172064 
cv542_18980.txt pos pos:0.9943721062269811 neg:0.005627893773018955 
cv532_6495.txt neg neg:0.7832852149754421 pos:0.21671478502455774 
cv953_7078.txt neg neg:0.9999198516838786 pos:8.014831612123454E-5 
cv351_17029.txt neg neg:0.9744235260206477 pos:0.025576473979352327 
cv840_18033.txt neg neg:0.9242119413460403 pos:0.07578805865395959 
cv758_9671.txt pos pos:0.9854025791641707 neg:0.014597420835829295 
cv777_10247.txt neg neg:0.9999746753050035 pos:2.532469499647203E-5 
cv228_5644.txt neg pos:0.9812218292481222 neg:0.018778170751877866 
cv187_14112.txt neg neg:0.9999716674388315 pos:2.8332561168558442E-5 
cv007_4968.txt pos pos:0.9714698050110525 neg:0.028530194988947453 
cv807_21740.txt pos neg:0.9998445261968911 pos:1.55473803108828E-4 
cv000_29590.txt pos neg:0.8126868727678 pos:0.18731312723219992 
cv087_2145.txt neg neg:0.9999378508814138 pos:6.214911858613373E-5 
cv613_21796.txt pos pos:0.9849923149825082 neg:0.01500768501749196 
cv092_28017.txt pos pos:0.9448198915681559 neg:0.05518010843184407 
cv098_15435.txt pos pos:0.5248532982157279 neg:0.4751467017842721 
cv157_29372.txt pos pos:0.5677703954441335 neg:0.4322296045558664 
cv107_24319.txt pos neg:0.9076463646646964 pos:0.09235363533530361 
cv565_29403.txt neg neg:0.9999340046397777 pos:6.599536022234132E-5 
cv809_5009.txt pos pos:0.9998001346373038 neg:1.9986536269625348E-4 
cv418_14774.txt pos pos:0.9918502654506677 neg:0.008149734549332372 
cv832_23275.txt pos pos:0.9810635621313367 neg:0.01893643786866324 
cv577_28549.txt pos pos:0.9997496961711926 neg:2.503038288074673E-4 
cv458_9000.txt neg neg:0.971348710583068 pos:0.028651289416931864 
cv846_29359.txt neg neg:0.998646993518992 pos:0.0013530064810081024 
cv695_21108.txt pos pos:0.9999353973614408 neg:6.460263855917823E-5 
cv155_7845.txt neg neg:0.9997741992382579 pos:2.258007617420189E-4 
cv725_10103.txt pos neg:0.9838751469138218 pos:0.016124853086178226 
cv855_20661.txt pos pos:0.7219309223710786 neg:0.27806907762892136 
cv739_12179.txt neg neg:0.5788758835523 pos:0.4211241164476999 
cv058_8469.txt neg pos:0.6540296991560006 neg:0.3459703008439995 
cv880_29629.txt neg pos:0.6645618025201375 neg:0.33543819747986237 
cv165_22619.txt pos neg:0.5472378000188989 pos:0.4527621999811012 
cv366_10709.txt neg neg:0.9978324077749554 pos:0.0021675922250446087 
cv056_14663.txt neg neg:0.9891192334926102 pos:0.010880766507389752 
cv884_13632.txt pos pos:0.9829931090901228 neg:0.017006890909877247 
cv841_3967.txt pos neg:0.5595786848953637 pos:0.44042131510463634 
cv414_10518.txt pos pos:0.9670020771655026 neg:0.03299792283449737 
cv858_20266.txt neg neg:0.9997869519546211 pos:2.130480453790559E-4 
cv262_12649.txt pos neg:0.9983270444970646 pos:0.0016729555029354655 
cv587_19162.txt pos pos:0.9795807679847842 neg:0.0204192320152157 
cv965_26688.txt neg neg:0.9999438918052271 pos:5.610819477292798E-5 
cv848_10061.txt neg neg:0.9995802589056275 pos:4.1974109437261373E-4 
cv777_10094.txt pos pos:0.9998738469132215 neg:1.261530867785246E-4 
cv735_20218.txt neg pos:0.8801247301624588 neg:0.11987526983754118 
cv889_21430.txt pos pos:0.9998471379998471 neg:1.528620001527509E-4 
cv763_16486.txt neg neg:0.9937042633163327 pos:0.006295736683667316 
cv288_20212.txt neg neg:0.9779389963815895 pos:0.022061003618410537 
cv197_29271.txt neg pos:0.5532656977439162 neg:0.44673430225608385 
cv486_9799.txt pos pos:0.9473290051714071 neg:0.05267099482859284 
cv368_11090.txt neg neg:0.9999998967204997 pos:1.0327950038060667E-7 
cv944_13521.txt pos pos:0.9261055169498211 neg:0.07389448305017889 
cv131_10713.txt pos pos:0.9979824934688097 neg:0.0020175065311901753 
cv995_23113.txt neg neg:0.999999995984316 pos:4.015684043830561E-9 
cv036_18385.txt neg neg:0.9641157602164117 pos:0.03588423978358827 
cv176_12857.txt pos pos:0.9969809894713579 neg:0.0030190105286420714 
cv387_11507.txt pos pos:0.9503848941253208 neg:0.04961510587467926 
cv125_9391.txt pos pos:0.890098696841737 neg:0.10990130315826302 
cv678_13419.txt pos pos:0.9997786677078233 neg:2.2133229217670625E-4 
cv945_12160.txt pos pos:0.999561582434936 neg:4.3841756506392276E-4 
cv885_13390.txt neg neg:0.9998887189467257 pos:1.1128105327424113E-4 
cv109_22599.txt neg neg:0.9997360886686316 pos:2.6391133136847414E-4 
cv550_22211.txt pos neg:0.683246232657094 pos:0.31675376734290583 
cv464_17076.txt neg neg:0.9996367324563981 pos:3.6326754360194337E-4 
cv633_29837.txt pos pos:0.9999683378225048 neg:3.166217749502662E-5 
cv052_29378.txt pos pos:0.6256117094306227 neg:0.3743882905693772 
cv611_21120.txt pos pos:0.9913489270568716 neg:0.008651072943128519 
cv123_12165.txt neg neg:0.999991630947397 pos:8.369052603100562E-6 
cv859_15689.txt neg neg:0.9723808035554805 pos:0.02761919644451955 
cv229_15200.txt neg neg:0.9646561103546687 pos:0.035343889645331285 
cv526_12083.txt pos pos:0.997609107471446 neg:0.002390892528553985 
cv474_10209.txt pos pos:0.9754979676113401 neg:0.02450203238866001 
cv324_7502.txt neg neg:0.8018994960858717 pos:0.19810050391412834 
cv718_11434.txt pos pos:0.7604098740080755 neg:0.23959012599192456 
cv416_12048.txt neg neg:0.9955901047517887 pos:0.0044098952482112645 
cv160_10362.txt pos pos:0.9999986185329057 neg:1.3814670943967685E-6 
cv823_15569.txt pos pos:0.921314302698331 neg:0.07868569730166901 
cv571_29292.txt neg pos:0.9999956593497819 neg:4.340650218241534E-6 
cv906_11491.txt pos pos:0.7613507057870312 neg:0.23864929421296888 
cv046_10613.txt neg neg:0.9999240986724578 pos:7.590132754236174E-5 
cv561_9201.txt pos pos:0.9987277125808949 neg:0.0012722874191050783 
cv892_18788.txt neg neg:0.9526463722431063 pos:0.04735362775689361 
cv833_11961.txt neg neg:0.9996217872362018 pos:3.78212763798295E-4 
cv605_11800.txt pos pos:0.9999810433084726 neg:1.895669152731703E-5 
cv358_10691.txt pos pos:0.9993939702485588 neg:6.060297514412484E-4 
cv727_5006.txt neg pos:0.7050433020333 neg:0.2949566979666999 
cv476_18402.txt neg pos:0.7620214657978621 neg:0.23797853420213788 
cv850_18185.txt neg neg:0.9905052341132736 pos:0.009494765886726406 
cv555_25047.txt neg neg:0.999300770373097 pos:6.992296269031695E-4 
cv011_13044.txt neg neg:0.9892391119314654 pos:0.01076088806853454 
cv926_18471.txt neg pos:0.9999944967624574 neg:5.503237542553625E-6 
cv559_0050.txt pos pos:0.9995781530182635 neg:4.2184698173655547E-4 
cv755_24881.txt neg neg:0.9979174651734684 pos:0.002082534826531613 
cv210_9557.txt neg neg:0.8327758132309341 pos:0.16722418676906592 
cv050_12128.txt neg neg:0.9679182280040846 pos:0.0320817719959154 
cv273_29112.txt pos pos:0.9999997438890401 neg:2.5611095982384766E-7 
cv900_10800.txt neg pos:0.9414211419658144 neg:0.058578858034185645 
cv140_7479.txt pos neg:0.9460540850576826 pos:0.053945914942317305 
cv740_13643.txt neg pos:0.9193357420102727 neg:0.08066425798972736 
cv742_8279.txt neg pos:0.99864083273577 neg:0.001359167264229933 
cv246_28668.txt neg neg:0.9990890195341783 pos:9.109804658216501E-4 
cv602_8830.txt neg neg:0.806003979124445 pos:0.1939960208755551 
cv469_20630.txt pos pos:0.9999990312527077 neg:9.687472923320259E-7 
cv487_10446.txt pos pos:0.995434108624022 neg:0.004565891375977893 
cv281_23253.txt pos pos:0.999600986719815 neg:3.9901328018487057E-4 
cv318_11146.txt neg neg:0.9999999825559202 pos:1.7444079911088936E-8 
cv054_4101.txt neg neg:0.9366658428968871 pos:0.0633341571031128 
cv451_11502.txt neg neg:0.9997542294700774 pos:2.457705299226632E-4 
cv064_25842.txt neg neg:0.8370387053171255 pos:0.16296129468287449 
cv461_19600.txt pos pos:0.9999991619813626 neg:8.380186374738056E-7 
cv807_23024.txt neg neg:0.9999999999999771 pos:2.2978636578934548E-14 
cv940_17705.txt pos pos:0.9390447999452861 neg:0.06095520005471392 
cv784_16077.txt neg neg:0.9965092335867174 pos:0.003490766413282582 
cv696_29740.txt pos pos:0.9059798944412507 neg:0.09402010555874926 
cv473_7367.txt pos pos:0.9974700892905187 neg:0.002529910709481177 
cv478_14309.txt pos pos:0.999978350079291 neg:2.1649920708848445E-5 
cv624_10744.txt pos pos:0.9999587850626436 neg:4.1214937356315155E-5 
cv938_10220.txt pos pos:0.9462883771941123 neg:0.053711622805887704 
cv551_11214.txt neg neg:0.8864789059087426 pos:0.11352109409125737 
cv603_18885.txt neg neg:0.9570793990131844 pos:0.04292060098681559 
cv414_11161.txt neg pos:0.9469163302830055 neg:0.05308366971699453 
cv683_12167.txt pos pos:0.9972542952331468 neg:0.0027457047668530995 
cv302_25649.txt pos neg:0.7084924039927852 pos:0.29150759600721476 
cv585_22496.txt pos pos:0.9830246792750543 neg:0.016975320724945796 
cv645_15668.txt pos pos:0.741044510925465 neg:0.25895548907453503 
cv772_12971.txt neg neg:0.9999767622969855 pos:2.3237703014496848E-5 
cv130_17083.txt pos pos:0.920789388363502 neg:0.07921061163649797 
cv258_5627.txt neg neg:0.9228619014388603 pos:0.07713809856113958 
cv547_16324.txt pos pos:0.9764091279358885 neg:0.023590872064111545 
cv574_23191.txt neg neg:0.9987727331461086 pos:0.0012272668538914032 
cv684_12727.txt neg neg:0.9998527579460476 pos:1.472420539525669E-4 
cv619_12462.txt pos pos:0.9855742994129847 neg:0.014425700587015361 
cv847_20855.txt neg neg:0.9877792140945819 pos:0.012220785905418143 
cv436_19179.txt pos neg:0.6280357694345406 pos:0.37196423056545935 
cv570_28960.txt neg pos:0.9181602943688234 neg:0.08183970563117654 
cv820_22892.txt pos pos:0.9800940992767165 neg:0.019905900723283576 
cv296_12251.txt pos pos:0.8626344487552144 neg:0.13736555124478553 
cv703_16143.txt pos pos:0.9997450032611296 neg:2.5499673887044644E-4 
cv865_2895.txt pos pos:0.9149075225490693 neg:0.08509247745093088 
cv430_17351.txt pos pos:0.7291894134246 neg:0.2708105865754 
cv015_29439.txt pos pos:0.9993178997274137 neg:6.821002725864004E-4 
cv287_17410.txt neg neg:0.9977065491223517 pos:0.002293450877648344 
cv436_20564.txt neg neg:0.9961499792986602 pos:0.0038500207013397515 
cv573_29384.txt neg neg:0.9369934700329446 pos:0.06300652996705537 
cv703_17948.txt neg neg:0.9792056627510476 pos:0.02079433724895244 
cv327_21743.txt neg neg:0.9901983451007319 pos:0.00980165489926816 
cv905_29114.txt pos pos:0.9999199371462792 neg:8.006285372076442E-5 
cv592_23391.txt neg neg:0.9998628492537562 pos:1.371507462437783E-4 
cv386_10229.txt neg neg:0.9964434943298581 pos:0.003556505670141825 
cv356_26170.txt neg neg:0.9983482329218845 pos:0.001651767078115474 
cv168_7435.txt neg neg:0.5502302844949604 pos:0.4497697155050396 
cv329_29293.txt neg neg:0.9632120239529736 pos:0.036787976047026376 
cv278_14533.txt neg pos:0.9966932187760181 neg:0.0033067812239819102 
cv771_28665.txt pos pos:0.9999233018679916 neg:7.669813200838987E-5 
cv230_7913.txt neg pos:0.9770317753357216 neg:0.022968224664278256 
cv171_13537.txt pos neg:0.5065227141033174 pos:0.49347728589668266 
cv649_13947.txt neg neg:0.9999086801807621 pos:9.131981923797254E-5 
cv307_26382.txt neg neg:0.9026689461478338 pos:0.09733105385216617 
cv463_10343.txt pos pos:0.9226411022820569 neg:0.07735889771794313 
cv441_15276.txt neg neg:0.9995891797219417 pos:4.108202780582998E-4 
cv401_12605.txt pos pos:0.9999997031500782 neg:2.968499218939248E-7 
cv403_6621.txt pos pos:0.9970895061434369 neg:0.0029104938565629903 
cv493_12839.txt pos neg:0.893865800278866 pos:0.10613419972113408 
cv484_26169.txt neg neg:0.9875373296743141 pos:0.012462670325685947 
cv104_18134.txt pos pos:0.9158811758070192 neg:0.08411882419298083 
cv692_15451.txt pos pos:0.9999999813268873 neg:1.8673112637574038E-8 
cv475_21692.txt pos pos:0.9999888382745643 neg:1.1161725435725171E-5 
Trial 0 Trainer MaxEntTrainer,gaussianPriorVariance=1.0 Training Data Confusion Matrix
Confusion Matrix, row=true, column=predicted  accuracy=1.0
  label   0   1  |total
  0 pos 900   .  |900
  1 neg   . 900  |900

Trial 0 Trainer MaxEntTrainer,gaussianPriorVariance=1.0 training data accuracy= 1.0
Trial 0 Trainer MaxEntTrainer,gaussianPriorVariance=1.0 Test Data Confusion Matrix
Confusion Matrix, row=true, column=predicted  accuracy=0.84
  label   0   1  |total
  0 pos  86  14  |100
  1 neg  18  82  |100

Trial 0 Trainer MaxEntTrainer,gaussianPriorVariance=1.0 test data accuracy= 0.84

MaxEntTrainer,gaussianPriorVariance=1.0
Summary. train accuracy mean = 1.0 stddev = 0.0 stderr = 0.0
Summary. test accuracy mean = 0.84 stddev = 0.0 stderr = 0.0
