
-------------------- Trial 0  --------------------

Trial 0 Training MaxEntTrainer,gaussianPriorVariance=1.0 with 1800 instances
Trial 0 Training MaxEntTrainer,gaussianPriorVariance=1.0 finished
Trial 0 Trainer MaxEntTrainer,gaussianPriorVariance=1.0
 Raw Testing Data
cv623_16988.txt neg neg:0.9999999999909364 pos:9.063657525316858E-12 
cv051_10306.txt pos pos:0.9999839642068409 neg:1.6035793159086656E-5 
cv382_7897.txt pos pos:0.9999973507360027 neg:2.649263997199999E-6 
cv082_11080.txt pos neg:0.9647980456429885 pos:0.0352019543570116 
cv791_16302.txt pos pos:0.9408855819505694 neg:0.05911441804943057 
cv484_25054.txt pos neg:0.5216081053205248 pos:0.4783918946794752 
cv353_18159.txt pos pos:0.9917763660464426 neg:0.008223633953557376 
cv438_8500.txt neg neg:0.9988755433859943 pos:0.0011244566140057029 
cv124_3903.txt neg neg:0.9990996544503632 pos:9.003455496368836E-4 
cv012_29411.txt neg neg:0.999242914804442 pos:7.570851955579353E-4 
cv634_11101.txt pos pos:0.9999010113124907 neg:9.89886875094789E-5 
cv637_1250.txt pos pos:0.9963860922033441 neg:0.0036139077966558983 
cv754_7709.txt neg neg:0.9430483361705682 pos:0.05695166382943187 
cv845_14290.txt pos pos:0.9956603173457812 neg:0.004339682654218922 
cv062_23115.txt pos pos:0.9997195424931546 neg:2.804575068452954E-4 
cv556_14808.txt pos pos:0.9999999952356029 neg:4.7643971557300105E-9 
cv659_19944.txt pos pos:0.9944440662379542 neg:0.005555933762045867 
cv244_22935.txt neg neg:0.9999999795969148 pos:2.040308530836733E-8 
cv877_29274.txt pos pos:0.5970919765052376 neg:0.4029080234947623 
cv833_11053.txt pos pos:0.9999435443731514 neg:5.645562684867052E-5 
cv852_27523.txt pos neg:0.9930167732508594 pos:0.0069832267491406344 
cv960_29007.txt pos pos:0.9444060945104015 neg:0.05559390548959849 
cv579_11605.txt pos neg:0.7241935823380583 pos:0.27580641766194175 
cv562_10359.txt pos pos:0.8823756447456407 neg:0.11762435525435934 
cv982_21103.txt pos pos:0.9995366987577418 neg:4.633012422582172E-4 
cv667_18467.txt pos pos:0.9434033607199075 neg:0.05659663928009256 
cv980_11851.txt neg neg:0.9429954384465803 pos:0.05700456155341965 
cv782_21078.txt neg neg:0.9962572436654128 pos:0.003742756334587276 
cv548_18944.txt neg neg:0.9711896178859772 pos:0.02881038211402268 
cv116_28734.txt neg neg:0.9626645166734912 pos:0.037335483326508705 
cv737_28733.txt neg neg:0.9966099097279424 pos:0.0033900902720576023 
cv322_20318.txt pos pos:0.8902054185354283 neg:0.10979458146457159 
cv472_29140.txt neg pos:0.896042627655287 neg:0.103957372344713 
cv203_17986.txt pos pos:0.997279415196686 neg:0.002720584803314113 
cv741_12765.txt neg neg:0.6287838073690312 pos:0.3712161926309689 
cv173_4471.txt pos pos:0.6846937382933131 neg:0.31530626170668685 
cv612_5396.txt neg neg:0.6073494443559074 pos:0.39265055564409257 
cv808_13773.txt neg pos:0.9783320079240908 neg:0.02166799207590904 
cv115_25396.txt pos pos:0.999996928669532 neg:3.071330467896545E-6 
cv384_18536.txt neg neg:0.5046753685542814 pos:0.4953246314457186 
cv754_7216.txt pos pos:0.9741444298620469 neg:0.025855570137953195 
cv580_14064.txt pos neg:0.8997378866924869 pos:0.10026211330751314 
cv985_5964.txt neg neg:0.9977331969531081 pos:0.002266803046891986 
cv386_10080.txt pos pos:0.9998334257292965 neg:1.6657427070358128E-4 
cv028_26746.txt pos neg:0.9774776401001173 pos:0.02252235989988261 
cv549_21443.txt pos pos:0.9844526041420081 neg:0.015547395857991834 
cv832_24713.txt neg neg:0.9999313291797471 pos:6.867082025272309E-5 
cv771_28466.txt neg neg:0.9999477395301541 pos:5.226046984589578E-5 
cv114_19501.txt neg neg:0.9930348977057326 pos:0.0069651022942673006 
cv232_14991.txt pos pos:0.7964132595996691 neg:0.20358674040033087 
cv245_8569.txt pos pos:0.9884204318788826 neg:0.011579568121117323 
cv713_29155.txt pos pos:0.8731922308863742 neg:0.12680776911362576 
cv379_21963.txt pos pos:0.9986668173104575 neg:0.0013331826895425316 
cv190_27052.txt pos pos:0.999957029937689 neg:4.297006231100154E-5 
cv937_9816.txt neg neg:0.9975992584270583 pos:0.0024007415729415693 
cv297_10047.txt pos pos:0.9957758120770949 neg:0.00422418792290516 
cv699_7223.txt pos neg:0.9979193903972546 pos:0.002080609602745344 
cv591_24887.txt neg neg:0.9986883644883342 pos:0.0013116355116657345 
cv151_17231.txt neg neg:0.9178746869773676 pos:0.08212531302263226 
cv189_22934.txt pos pos:0.8090706134414114 neg:0.19092938655858865 
cv575_22598.txt neg pos:0.6540052566374865 neg:0.34599474336251335 
cv899_16014.txt pos pos:0.9950923530284014 neg:0.004907646971598526 
cv248_15672.txt neg neg:0.9947185017816784 pos:0.005281498218321536 
cv304_28706.txt pos neg:0.5067886090597836 pos:0.4932113909402163 
cv079_11933.txt pos neg:0.7557412387330433 pos:0.2442587612669567 
cv983_22928.txt pos pos:0.9989404279101216 neg:0.0010595720898784829 
cv519_16239.txt neg pos:0.9586720022663888 neg:0.04132799773361118 
cv948_25870.txt neg neg:0.9999760824954599 pos:2.391750454013511E-5 
cv074_6875.txt pos pos:0.9999999994624436 neg:5.375564098449444E-10 
cv821_29364.txt pos pos:0.8315978782287459 neg:0.16840212177125422 
cv012_29576.txt pos pos:0.9996823399790034 neg:3.1766002099659004E-4 
cv117_24295.txt pos pos:0.9872740273266366 neg:0.012725972673363452 
cv852_27512.txt neg neg:0.970778365504185 pos:0.029221634495815108 
cv209_28973.txt neg neg:0.9989932569122988 pos:0.0010067430877012198 
cv138_12721.txt pos neg:0.8110090326234923 pos:0.1889909673765076 
cv291_26635.txt pos pos:0.9986325874703624 neg:0.0013674125296375581 
cv489_19046.txt neg neg:0.999105844854291 pos:8.941551457090971E-4 
cv827_19479.txt neg neg:0.9978392091681318 pos:0.002160790831868027 
cv799_19812.txt neg neg:0.9999999450061811 pos:5.4993818823505976E-8 
cv996_12447.txt neg neg:0.9117557971844227 pos:0.08824420281557727 
cv168_7050.txt pos pos:0.9999966379122891 neg:3.3620877109498543E-6 
cv919_18155.txt neg neg:0.9978459749797722 pos:0.0021540250202278658 
cv195_16146.txt neg pos:0.8545461762083929 neg:0.1454538237916071 
cv064_24576.txt pos pos:0.9999226978189846 neg:7.730218101549881E-5 
cv826_12761.txt neg neg:0.9578484326786887 pos:0.04215156732131117 
cv712_24217.txt neg neg:0.9265557511856338 pos:0.07344424881436627 
cv480_19817.txt pos pos:0.9782906415876629 neg:0.0217093584123372 
cv041_21113.txt pos pos:0.9999510867511228 neg:4.891324887733915E-5 
cv705_11973.txt neg neg:0.9994308579554031 pos:5.691420445969525E-4 
cv350_20670.txt pos pos:0.9958803825342873 neg:0.0041196174657127035 
cv654_19345.txt neg neg:0.8560025361277562 pos:0.14399746387224382 
cv905_28965.txt neg pos:0.9692412406763784 neg:0.030758759323621588 
cv320_9693.txt neg neg:0.9874881459319629 pos:0.012511854068037011 
cv805_19601.txt pos pos:0.9278309563555119 neg:0.072169043644488 
cv626_7907.txt neg neg:0.9887752539300781 pos:0.01122474606992186 
cv727_4978.txt pos pos:0.9344340590409494 neg:0.06556594095905048 
cv891_6385.txt pos pos:0.5862057315334691 neg:0.41379426846653095 
cv281_24711.txt neg neg:0.9981517106488802 pos:0.0018482893511197074 
cv220_28906.txt neg neg:0.8223574708377247 pos:0.17764252916227538 
cv822_20049.txt pos pos:0.9998556875005334 neg:1.4431249946653373E-4 
cv034_29446.txt neg neg:0.6083149021971638 pos:0.3916850978028362 
cv716_10514.txt pos neg:0.985204453367981 pos:0.01479554663201896 
cv202_10654.txt pos pos:0.9999992620260708 neg:7.379739291867287E-7 
cv960_28877.txt neg neg:0.9597707984945405 pos:0.04022920150545946 
cv681_9744.txt neg neg:0.9999760320184271 pos:2.3967981572785346E-5 
cv767_14062.txt pos pos:0.9996059267018933 neg:3.940732981067462E-4 
cv904_25663.txt neg neg:0.6226997546298718 pos:0.37730024537012824 
cv617_9561.txt neg neg:0.9668230802887238 pos:0.033176919711276176 
cv349_15032.txt neg neg:0.9990561344836691 pos:9.438655163308329E-4 
cv889_22670.txt neg neg:0.9919905629314624 pos:0.008009437068537647 
cv967_5626.txt neg neg:0.8966109634475912 pos:0.10338903655240882 
cv600_23878.txt pos pos:0.9999147308243865 neg:8.526917561348236E-5 
cv368_10466.txt pos pos:0.9971583239936777 neg:0.002841676006322313 
cv774_13845.txt pos pos:0.9715483975517984 neg:0.028451602448201455 
cv153_11607.txt neg neg:0.9218304400669584 pos:0.07816955993304153 
cv370_5338.txt neg pos:0.5358434891074165 neg:0.4641565108925836 
cv200_29006.txt neg pos:0.5889263342665957 neg:0.4110736657334042 
cv956_12547.txt neg neg:0.9994458410602838 pos:5.541589397160754E-4 
cv829_20289.txt pos pos:0.9981418044936443 neg:0.0018581955063556826 
cv909_9960.txt pos pos:0.9736851949881342 neg:0.026314805011865828 
cv432_15873.txt neg neg:0.9991551779637101 pos:8.448220362898705E-4 
cv908_16009.txt pos pos:0.9999998879335689 neg:1.1206643111009509E-7 
cv589_12064.txt pos pos:0.9937773487875191 neg:0.0062226512124808125 
cv536_27134.txt pos pos:0.92092364228297 neg:0.07907635771703013 
cv973_10171.txt neg neg:0.9999999989735462 pos:1.0264538649376199E-9 
cv446_12209.txt neg neg:0.9920828434083047 pos:0.007917156591695292 
cv157_29302.txt neg neg:0.9800100527520216 pos:0.019989947247978444 
cv465_22431.txt pos neg:0.9175845270750596 pos:0.08241547292494052 
cv909_9973.txt neg neg:0.9010935327858488 pos:0.0989064672141513 
cv222_17395.txt pos pos:0.9257939004480347 neg:0.07420609955196542 
cv470_17444.txt neg neg:0.9999944992250871 pos:5.500774912985909E-6 
cv115_26443.txt neg neg:0.9983882477296874 pos:0.001611752270312697 
cv504_29120.txt neg neg:0.7252438114276974 pos:0.2747561885723026 
cv757_10668.txt neg neg:0.7158212903992227 pos:0.2841787096007774 
cv882_10042.txt neg neg:0.9999935052813698 pos:6.494718630193514E-6 
cv065_15248.txt pos pos:0.9999995641168608 neg:4.358831393200041E-7 
cv520_12295.txt pos pos:0.9010128146384877 neg:0.0989871853615122 
cv145_12239.txt neg neg:0.8701303644286044 pos:0.1298696355713957 
cv404_20315.txt pos pos:0.9317797061711862 neg:0.06822029382881382 
cv586_8048.txt neg neg:0.9999999999999998 pos:2.3800305122463695E-16 
cv786_22497.txt pos pos:0.7316332068813459 neg:0.2683667931186541 
cv918_2693.txt pos neg:0.5727513212076817 pos:0.42724867879231837 
cv072_6169.txt pos neg:0.5567666216631143 pos:0.44323337833688575 
cv206_15893.txt neg neg:0.9391373518324796 pos:0.06086264816752044 
cv146_18458.txt pos pos:0.6912498747868165 neg:0.30875012521318346 
cv862_14324.txt pos pos:0.9999998684457656 neg:1.3155423448754538E-7 
cv027_25219.txt pos pos:0.9999999999029867 neg:9.701319977002554E-11 
cv409_29786.txt pos pos:0.9962464289539836 neg:0.0037535710460164504 
cv591_23640.txt pos pos:0.9999694154577101 neg:3.0584542289891226E-5 
cv576_15688.txt neg neg:0.894563861503481 pos:0.10543613849651909 
cv555_23922.txt pos neg:0.9898648199132101 pos:0.010135180086790008 
cv738_10116.txt pos pos:0.9999997026429437 neg:2.97357056194462E-7 
cv308_5079.txt neg neg:0.9998660484435405 pos:1.339515564593844E-4 
cv869_24782.txt neg neg:0.9934626721608966 pos:0.006537327839103358 
cv936_15954.txt pos pos:0.9979804549975665 neg:0.002019545002433599 
cv154_9562.txt neg neg:0.604203290375021 pos:0.39579670962497904 
cv208_9475.txt neg neg:0.9999411220707061 pos:5.887792929407055E-5 
cv761_12620.txt pos neg:0.9666636492023625 pos:0.033336350797637575 
cv143_19666.txt pos neg:0.7994068609652735 pos:0.2005931390347266 
cv638_29394.txt neg neg:0.8437958263750633 pos:0.15620417362493658 
cv314_16095.txt neg neg:0.9999097499267751 pos:9.02500732250851E-5 
cv226_26692.txt neg neg:0.9999995540099309 pos:4.45990069116848E-7 
cv511_10132.txt pos pos:0.9999934106855214 neg:6.589314478690745E-6 
cv124_4122.txt pos neg:0.9759003131460159 pos:0.024099686853984063 
cv176_14196.txt neg pos:0.9766510568846898 neg:0.023348943115310203 
cv077_22138.txt pos pos:0.9998806848035431 neg:1.1931519645705697E-4 
cv381_21673.txt neg neg:0.7403244750781862 pos:0.2596755249218138 
cv198_18180.txt pos pos:0.9332272046928115 neg:0.06677279530718848 
cv047_18725.txt neg pos:0.9647446764786025 neg:0.03525532352139747 
cv106_18379.txt neg pos:0.9057843985324946 neg:0.09421560146750545 
cv483_18103.txt neg neg:0.8564312595463698 pos:0.14356874045363033 
cv715_18179.txt pos pos:0.8902122329819471 neg:0.10978776701805301 
cv280_8267.txt pos neg:0.6543692331305487 pos:0.3456307668694514 
cv408_5367.txt neg neg:0.9968700414002569 pos:0.0031299585997431535 
cv815_22456.txt pos pos:0.9952171867178391 neg:0.004782813282160878 
cv462_20788.txt neg pos:0.8645994875594878 neg:0.13540051244051218 
cv766_7983.txt neg neg:0.9999998264483673 pos:1.7355163270432617E-7 
cv896_17819.txt neg neg:0.991139395406964 pos:0.008860604593035953 
cv178_14380.txt neg neg:0.8918784296686365 pos:0.10812157033136348 
cv502_10406.txt pos neg:0.935120413608172 pos:0.0648795863918281 
cv609_23877.txt pos pos:0.7581279779490459 neg:0.24187202205095418 
cv397_29023.txt pos pos:0.9073011526827199 neg:0.09269884731728015 
cv643_29349.txt pos neg:0.7090164735049418 pos:0.2909835264950582 
cv232_16768.txt neg pos:0.9678860251122242 neg:0.032113974887775704 
cv631_4782.txt neg neg:0.6269598185964985 pos:0.37304018140350154 
cv634_11989.txt neg neg:0.9996171609343375 pos:3.82839065662418E-4 
cv085_1381.txt pos pos:0.999999998808706 neg:1.1912939811572853E-9 
cv814_18975.txt pos pos:0.9036704995440135 neg:0.09632950045598657 
cv453_10911.txt neg neg:0.9999999528761303 pos:4.712386967058429E-8 
cv235_10704.txt neg neg:0.9993829349521607 pos:6.170650478392522E-4 
cv810_13660.txt neg pos:0.7800084089204496 neg:0.21999159107955024 
cv553_26915.txt pos pos:0.9999999964391459 neg:3.5608539718557576E-9 
cv865_28796.txt neg pos:0.9880824667495172 neg:0.011917533250482889 
cv834_23192.txt neg neg:0.9999683726591737 pos:3.16273408261754E-5 
cv309_23737.txt neg pos:0.9126324473934808 neg:0.08736755260651928 
cv062_24556.txt neg neg:0.9998523629092305 pos:1.4763709076949925E-4 
cv718_12227.txt neg neg:0.9769412673830792 pos:0.02305873261692074 
cv331_8656.txt neg pos:0.5546187524698817 neg:0.4453812475301183 
cv755_23616.txt pos pos:0.8839321014652304 neg:0.11606789853476966 
cv622_8583.txt neg neg:0.9822853473769659 pos:0.01771465262303418 
Trial 0 Trainer MaxEntTrainer,gaussianPriorVariance=1.0 Training Data Confusion Matrix
Confusion Matrix, row=true, column=predicted  accuracy=1.0
  label   0   1  |total
  0 neg 900   .  |900
  1 pos   . 900  |900

Trial 0 Trainer MaxEntTrainer,gaussianPriorVariance=1.0 training data accuracy= 1.0
Trial 0 Trainer MaxEntTrainer,gaussianPriorVariance=1.0 Test Data Confusion Matrix
Confusion Matrix, row=true, column=predicted  accuracy=0.81
  label   0   1  |total
  0 neg  83  17  |100
  1 pos  21  79  |100

Trial 0 Trainer MaxEntTrainer,gaussianPriorVariance=1.0 test data accuracy= 0.81

MaxEntTrainer,gaussianPriorVariance=1.0
Summary. train accuracy mean = 1.0 stddev = 0.0 stderr = 0.0
Summary. test accuracy mean = 0.81 stddev = 0.0 stderr = 0.0
