
-------------------- Trial 0  --------------------

Trial 0 Training MaxEntTrainer,gaussianPriorVariance=1.0 with 1800 instances
Trial 0 Training MaxEntTrainer,gaussianPriorVariance=1.0 finished
Trial 0 Trainer MaxEntTrainer,gaussianPriorVariance=1.0
 Raw Testing Data
cv520_13297.txt neg neg:0.8994784082883905 pos:0.10052159171160936 
cv978_20929.txt pos neg:0.5062794325358728 pos:0.4937205674641272 
cv090_0042.txt pos pos:0.8377576425922395 neg:0.1622423574077606 
cv337_29181.txt pos pos:0.746509640553511 neg:0.25349035944648907 
cv162_10424.txt pos neg:0.9993453183220306 pos:6.546816779695533E-4 
cv560_17175.txt pos pos:0.9999904282703687 neg:9.571729631320955E-6 
cv435_23110.txt pos neg:0.7116973591602497 pos:0.2883026408397502 
cv685_5710.txt neg neg:0.9518335348946936 pos:0.048166465105306484 
cv618_8974.txt pos pos:0.9999960495666083 neg:3.950433391709041E-6 
cv272_20313.txt neg neg:0.9988071589073844 pos:0.0011928410926156686 
cv336_10363.txt neg neg:0.9999611723497098 pos:3.882765029014534E-5 
cv262_13812.txt neg pos:0.8171732318773387 neg:0.18282676812266135 
cv294_12695.txt neg neg:0.9553813273186977 pos:0.04461867268130235 
cv326_13295.txt pos pos:0.77714852766493 neg:0.22285147233506997 
cv702_11500.txt pos pos:0.8543733329559577 neg:0.14562666704404226 
cv381_20172.txt pos pos:0.8050356078047594 neg:0.19496439219524067 
cv506_17521.txt neg neg:0.7728241702431785 pos:0.22717582975682157 
cv569_26381.txt pos pos:0.9998765951374637 neg:1.2340486253630461E-4 
cv366_10221.txt pos pos:0.9963482481163528 neg:0.0036517518836472057 
cv023_13847.txt neg neg:0.7726578852290032 pos:0.22734211477099678 
cv122_7891.txt neg neg:0.973695103004307 pos:0.026304896995693078 
cv987_6965.txt pos pos:0.6617131939644265 neg:0.33828680603557343 
cv419_13394.txt pos neg:0.8130417382216023 pos:0.18695826177839767 
cv003_12683.txt neg neg:0.8523748111447277 pos:0.14762518885527237 
cv926_17059.txt pos pos:0.9396723874793784 neg:0.06032761252062144 
cv403_6721.txt neg neg:0.9989122313558282 pos:0.001087768644171912 
cv404_21805.txt neg neg:0.9998621636343625 pos:1.3783636563753665E-4 
cv870_18090.txt neg neg:0.9956468772293783 pos:0.004353122770621621 
cv355_16413.txt pos pos:0.9993357873022227 neg:6.642126977774106E-4 
cv199_9629.txt pos pos:0.9996248519177144 neg:3.751480822855636E-4 
cv443_21118.txt pos pos:0.9684652836612931 neg:0.03153471633870688 
cv280_8651.txt neg neg:0.9995492150999272 pos:4.5078490007281335E-4 
cv022_12864.txt pos neg:0.9638797183152531 pos:0.03612028168474694 
cv284_19119.txt pos pos:0.9989261493032628 neg:0.0010738506967372043 
cv751_15719.txt pos pos:0.9996865553450223 neg:3.1344465497768484E-4 
cv803_8207.txt pos pos:0.9999999927732304 neg:7.2267695610230826E-9 
cv731_4136.txt pos pos:0.8221665085731266 neg:0.1778334914268734 
cv459_20319.txt pos pos:0.961282975833379 neg:0.038717024166621025 
cv257_10975.txt pos pos:0.7753594682330842 neg:0.2246405317669158 
cv907_3193.txt neg neg:0.9857325951152026 pos:0.014267404884797307 
cv787_13743.txt pos pos:0.7764062838660404 neg:0.22359371613395962 
cv341_25667.txt neg neg:0.9999838261878545 pos:1.6173812145416116E-5 
cv158_10390.txt pos pos:0.999999595838084 neg:4.0416191592157725E-7 
cv037_18510.txt pos pos:0.999967910118705 neg:3.2089881294840426E-5 
cv629_16604.txt neg neg:0.9560834761444861 pos:0.04391652385551388 
cv630_10152.txt neg neg:0.9999859701472632 pos:1.4029852736827357E-5 
cv606_17672.txt neg neg:0.9923338980315259 pos:0.007666101968474099 
cv888_25678.txt neg neg:0.5049310414739389 pos:0.4950689585260612 
cv128_29444.txt neg neg:0.9139085597046902 pos:0.08609144029530975 
cv109_21172.txt pos pos:0.9735322941451849 neg:0.026467705854815213 
cv004_11636.txt pos neg:0.9506512634246126 pos:0.049348736575387346 
cv828_21392.txt neg neg:0.9564731835399359 pos:0.04352681646006408 
cv839_22807.txt neg neg:0.9994296123258692 pos:5.7038767413076E-4 
cv910_20488.txt pos pos:0.9999494015967276 neg:5.059840327240906E-5 
cv329_29370.txt pos neg:0.6157014656478401 pos:0.3842985343521599 
cv849_15729.txt pos pos:0.9897472472698441 neg:0.010252752730155924 
cv288_18791.txt pos pos:0.9358035496452305 neg:0.06419645035476962 
cv764_11739.txt pos pos:0.9911794545178163 neg:0.008820545482183775 
cv392_11458.txt pos pos:0.9985490293589212 neg:0.0014509706410788966 
cv901_11017.txt pos pos:0.7665383145482975 neg:0.23346168545170243 
cv563_17257.txt pos neg:0.6630727004118507 pos:0.3369272995881493 
cv179_9533.txt neg neg:0.8981274034623177 pos:0.1018725965376824 
cv639_10797.txt neg neg:0.9683887154931226 pos:0.031611284506877405 
cv866_29447.txt neg pos:0.6913097139270966 neg:0.3086902860729034 
cv925_9459.txt neg neg:0.9658948102374555 pos:0.03410518976254443 
cv218_24352.txt pos pos:0.9564875963681689 neg:0.04351240363183108 
cv589_12853.txt neg neg:0.9999998614152453 pos:1.385847546689441E-7 
cv570_29082.txt pos pos:0.9999979471437761 neg:2.0528562237605276E-6 
cv826_11834.txt pos pos:0.9971812390776341 neg:0.0028187609223658708 
cv529_10420.txt pos pos:0.9722738144377775 neg:0.027726185562222484 
cv597_26744.txt neg neg:0.9998717356700562 pos:1.28264329943724E-4 
cv225_29224.txt pos pos:0.9987846281505567 neg:0.0012153718494433408 
cv653_2107.txt neg neg:0.9998596974116284 pos:1.4030258837158103E-4 
cv675_21588.txt pos pos:0.999886361725644 neg:1.1363827435589054E-4 
cv726_4719.txt pos neg:0.9277674209691469 pos:0.07223257903085303 
cv876_9390.txt pos neg:0.8815438999696479 pos:0.11845610003035213 
cv243_22164.txt neg neg:0.9792623729666113 pos:0.020737627033388672 
cv074_7188.txt neg neg:0.9990709692335128 pos:9.290307664872303E-4 
cv684_11798.txt pos pos:0.8476658362630023 neg:0.15233416373699768 
cv829_21725.txt neg neg:0.9972678886141435 pos:0.0027321113858566086 
cv139_12873.txt pos neg:0.6847803611693478 pos:0.3152196388306522 
cv989_17297.txt neg neg:0.9974425718427122 pos:0.002557428157287612 
cv971_11790.txt neg neg:0.9965404111314833 pos:0.003459588868516644 
cv306_10859.txt neg neg:0.9944044849451158 pos:0.005595515054884197 
cv445_25882.txt pos pos:0.9960764305764839 neg:0.003923569423516142 
cv688_7368.txt pos pos:0.9949698389662489 neg:0.005030161033751067 
cv656_24201.txt pos pos:0.9809191017547249 neg:0.019080898245275153 
cv977_4776.txt neg neg:0.9997647765377942 pos:2.352234622058381E-4 
cv212_10054.txt neg neg:0.9999999851474655 pos:1.4852534581767645E-8 
cv041_22364.txt neg neg:0.6186905705107912 pos:0.3813094294892088 
cv953_6836.txt pos pos:0.9999989931187121 neg:1.0068812879325774E-6 
cv479_5649.txt pos pos:0.8190561896718237 neg:0.18094381032817627 
cv159_29374.txt neg neg:0.9452179898886278 pos:0.05478201011137223 
cv311_16002.txt pos pos:0.9990369166737877 neg:9.630833262122387E-4 
cv113_24354.txt neg neg:0.9997716405160789 pos:2.2835948392115502E-4 
cv239_29828.txt neg neg:0.6734493088519627 pos:0.32655069114803725 
cv377_7946.txt pos pos:0.9999978929597727 neg:2.1070402272851768E-6 
cv055_8926.txt neg neg:0.9985867851895112 pos:0.0014132148104887918 
cv598_16452.txt pos pos:0.951120175736802 neg:0.04887982426319807 
cv776_21934.txt neg neg:0.9737215313747724 pos:0.02627846862522766 
cv206_14293.txt pos pos:0.9998336985955995 neg:1.663014044006136E-4 
cv767_15673.txt neg pos:0.6397340346097596 neg:0.3602659653902404 
cv490_18986.txt neg neg:0.9942712844734869 pos:0.005728715526513054 
cv455_28866.txt neg pos:0.509887772024757 neg:0.49011222797524306 
cv593_11931.txt neg neg:0.9998339143649525 pos:1.6608563504746956E-4 
cv412_24095.txt pos pos:0.8928818093120907 neg:0.10711819068790919 
cv144_5007.txt pos pos:0.9997103210266094 neg:2.896789733906195E-4 
cv578_15094.txt pos pos:0.9282231617013218 neg:0.07177683829867827 
cv086_19488.txt neg neg:0.9998216131161612 pos:1.7838688383873673E-4 
cv152_8736.txt pos pos:0.9746066108810931 neg:0.025393389118906824 
cv810_12458.txt pos pos:0.9854256644432924 neg:0.014574335556707656 
cv409_29625.txt neg pos:0.6275373251096497 neg:0.3724626748903504 
cv556_16563.txt neg neg:0.887085704855615 pos:0.11291429514438502 
cv934_20426.txt neg neg:0.9999994670398216 pos:5.329601784397957E-7 
cv914_28742.txt pos pos:0.6767014961986487 neg:0.3232985038013512 
cv778_18629.txt neg neg:0.9827736706462262 pos:0.01722632935377376 
cv238_12931.txt pos pos:0.9994691441757066 neg:5.308558242935027E-4 
cv605_12730.txt neg pos:0.995529811269635 neg:0.004470188730364937 
cv641_12349.txt pos pos:0.9864011492526288 neg:0.013598850747371187 
cv067_21192.txt neg neg:0.9938564835373382 pos:0.006143516462661798 
cv798_23531.txt pos pos:0.6185844777824171 neg:0.3814155222175829 
cv797_7245.txt neg neg:0.6935173305850408 pos:0.30648266941495916 
cv543_5045.txt pos pos:0.9999342646741834 neg:6.57353258164276E-5 
cv787_15277.txt neg neg:0.9999099381596999 pos:9.006184030018001E-5 
cv693_19147.txt neg neg:0.9536537545360245 pos:0.04634624546397552 
cv274_25253.txt pos pos:0.9999986135832463 neg:1.3864167538104361E-6 
cv440_16891.txt neg neg:0.5660715387020976 pos:0.43392846129790247 
cv184_26935.txt neg neg:0.9989642685793636 pos:0.001035731420636293 
cv351_15458.txt pos pos:0.9928149529635838 neg:0.007185047036416168 
cv748_12786.txt pos pos:0.9983166390952207 neg:0.0016833609047793093 
cv276_15684.txt pos pos:0.9999261908502145 neg:7.380914978537076E-5 
cv510_24758.txt neg neg:0.9922096383586171 pos:0.007790361641382981 
cv524_23627.txt pos pos:0.999210122722609 neg:7.898772773908672E-4 
cv395_11761.txt neg neg:0.9809729446934261 pos:0.01902705530657392 
cv781_5262.txt pos pos:0.9999560012888385 neg:4.399871116146789E-5 
cv893_26731.txt neg neg:0.9999986959260212 pos:1.3040739789231897E-6 
cv182_7281.txt pos pos:0.7081373897177836 neg:0.2918626102822164 
cv752_25330.txt neg neg:0.507491137705947 pos:0.49250886229405294 
cv914_2856.txt neg neg:0.9772196939516312 pos:0.022780306048368913 
cv637_13682.txt neg neg:0.9956282126154032 pos:0.004371787384596762 
cv005_29443.txt pos pos:0.9999749052703378 neg:2.5094729662243496E-5 
cv937_9811.txt pos neg:0.9298796288865615 pos:0.07012037111343859 
cv753_11812.txt neg neg:0.9987636999406484 pos:0.0012363000593516138 
cv147_22625.txt neg pos:0.6136046175841602 neg:0.3863953824158398 
cv697_12106.txt neg pos:0.9180833243387674 neg:0.08191667566123263 
cv817_4041.txt pos pos:0.9996823344366177 neg:3.176655633823418E-4 
cv118_28980.txt pos neg:0.951814662089721 pos:0.048185337910279104 
cv094_27889.txt pos pos:0.9998618634973354 neg:1.381365026644452E-4 
cv042_11927.txt neg pos:0.6122991057020983 neg:0.3877008942979016 
cv644_17154.txt pos pos:0.9994835621243927 neg:5.16437875607274E-4 
cv528_11669.txt neg neg:0.9822242777838258 pos:0.01777572221617405 
cv508_17742.txt neg neg:0.9806575162622028 pos:0.019342483737797227 
cv271_13837.txt pos pos:0.9957557584103265 neg:0.004244241589673439 
cv546_11767.txt pos pos:0.9999179430564478 neg:8.205694355233358E-5 
cv282_6653.txt pos pos:0.6950289130486264 neg:0.30497108695137365 
cv009_29417.txt neg neg:0.9996417343043601 pos:3.582656956398867E-4 
cv590_20712.txt neg neg:0.9941260005104094 pos:0.005873999489590481 
cv372_6654.txt neg neg:0.9887434355350052 pos:0.011256564464994855 
cv512_17618.txt neg neg:0.9999876893085737 pos:1.2310691426313569E-5 
cv610_2287.txt pos pos:0.6767446559039146 neg:0.3232553440960854 
cv626_7410.txt pos pos:0.9708991462008812 neg:0.029100853799118687 
cv695_22268.txt neg neg:0.9999983710118043 pos:1.6289881956550748E-6 
cv032_23718.txt neg pos:0.7982391129686766 neg:0.20176088703132355 
cv784_14394.txt pos pos:0.6758659201163794 neg:0.3241340798836206 
cv057_7962.txt neg neg:0.9793929688202869 pos:0.020607031179713065 
cv201_6997.txt pos pos:0.9385503278427575 neg:0.061449672157242646 
cv505_12090.txt pos pos:0.9995151077924793 neg:4.848922075206736E-4 
cv432_14224.txt pos pos:0.6469068387029999 neg:0.35309316129699997 
cv125_9636.txt neg neg:0.8709646335503407 pos:0.12903536644965938 
cv192_16079.txt neg neg:0.9988388798418144 pos:0.0011611201581856877 
cv068_14810.txt neg neg:0.7114849983696553 pos:0.2885150016303448 
cv485_26879.txt neg neg:0.9936350810263481 pos:0.006364918973651932 
cv941_10718.txt neg pos:0.9999535779269043 neg:4.6422073095559096E-5 
cv204_8930.txt neg neg:0.9977282634374877 pos:0.0022717365625122424 
cv815_23466.txt neg neg:0.9628616450507024 pos:0.03713835494929763 
cv717_17472.txt neg neg:0.9999967241038373 pos:3.2758961626767125E-6 
cv080_14899.txt neg neg:0.9745221818597624 pos:0.025477818140237682 
cv110_27788.txt pos pos:0.9863483325471151 neg:0.013651667452884883 
cv462_19350.txt pos pos:0.9540664918905312 neg:0.04593350810946889 
cv640_5378.txt pos pos:0.9836323678476117 neg:0.0163676321523883 
cv398_17047.txt neg neg:0.9999279321148158 pos:7.206788518423932E-5 
cv616_29187.txt neg pos:0.9637990125607064 neg:0.03620098743929361 
cv412_25254.txt neg neg:0.9999999998575111 pos:1.4248892028167722E-10 
cv045_25077.txt neg neg:0.6495704467883398 pos:0.35042955321166025 
cv193_5393.txt neg pos:0.6563585178778628 neg:0.3436414821221372 
cv292_7804.txt neg neg:0.9999997485909137 pos:2.514090862238888E-7 
cv857_17527.txt neg neg:0.610781687818173 pos:0.38921831218182706 
cv752_24155.txt pos pos:0.9973260148715601 neg:0.002673985128439964 
cv824_8838.txt pos pos:0.9942484374955187 neg:0.005751562504481205 
cv079_12766.txt neg neg:0.9999999068363488 pos:9.316365124809278E-8 
cv328_10373.txt pos pos:0.7644811163545323 neg:0.23551888364546766 
cv266_26644.txt neg pos:0.9195013839967769 neg:0.0804986160032231 
cv364_12901.txt pos pos:0.9832094826822874 neg:0.01679051731771259 
cv039_6170.txt pos pos:0.8673571550913087 neg:0.13264284490869122 
cv027_26270.txt neg neg:0.9999895520806675 pos:1.0447919332506721E-5 
cv369_12886.txt pos pos:0.9999575245524379 neg:4.247544756201913E-5 
cv651_11120.txt neg neg:0.9034297153752436 pos:0.09657028462475632 
cv249_12674.txt neg neg:0.9996864945112771 pos:3.135054887228686E-4 
cv261_10954.txt pos pos:0.9999775196154121 neg:2.2480384587832685E-5 
cv507_9220.txt pos neg:0.9993207253607989 pos:6.792746392010032E-4 
Trial 0 Trainer MaxEntTrainer,gaussianPriorVariance=1.0 Training Data Confusion Matrix
Confusion Matrix, row=true, column=predicted  accuracy=1.0
  label   0   1  |total
  0 neg 900   .  |900
  1 pos   . 900  |900

Trial 0 Trainer MaxEntTrainer,gaussianPriorVariance=1.0 training data accuracy= 1.0
Trial 0 Trainer MaxEntTrainer,gaussianPriorVariance=1.0 Test Data Confusion Matrix
Confusion Matrix, row=true, column=predicted  accuracy=0.86
  label   0   1  |total
  0 neg  86  14  |100
  1 pos  14  86  |100

Trial 0 Trainer MaxEntTrainer,gaussianPriorVariance=1.0 test data accuracy= 0.86

MaxEntTrainer,gaussianPriorVariance=1.0
Summary. train accuracy mean = 1.0 stddev = 0.0 stderr = 0.0
Summary. test accuracy mean = 0.86 stddev = 0.0 stderr = 0.0
