
-------------------- Trial 0  --------------------

Trial 0 Training NaiveBayesTrainer with 1800 instances
Trial 0 Training NaiveBayesTrainer finished
Trial 0 Trainer NaiveBayesTrainer
 Raw Testing Data
cv345_9954.txt pos pos:1.0 neg:3.8134832932352605E-33 
cv347_13194.txt pos pos:1.0 neg:3.6883969185287166E-20 
cv515_17069.txt pos pos:1.0 neg:1.1408539548640568E-41 
cv762_15604.txt neg neg:0.9993095218138754 pos:6.904781861244759E-4 
cv682_17947.txt neg pos:0.9628286569748834 neg:0.03717134302511661 
cv818_10698.txt neg neg:0.9999999252902614 pos:7.470973862083943E-8 
cv853_29233.txt pos neg:0.9721460312550505 pos:0.02785396874494954 
cv424_9268.txt neg neg:1.0 pos:7.583643349856629E-30 
cv741_11890.txt pos pos:0.9999999999999971 neg:2.995697714931241E-15 
cv867_18362.txt neg pos:0.9999999996979323 neg:3.020677555106277E-10 
cv170_3006.txt pos neg:0.9999999999949523 pos:5.047829366646901E-12 
cv981_16679.txt neg neg:0.9999999992097222 pos:7.902778790046392E-10 
cv296_13146.txt neg neg:0.9999999999957678 pos:4.232127354595593E-12 
cv958_12162.txt pos pos:1.0 neg:5.373601977431877E-40 
cv097_26081.txt neg pos:0.9835958918489487 neg:0.01640410815105126 
cv729_10154.txt pos pos:1.0 neg:4.1445838802870326E-48 
cv084_15183.txt neg neg:1.0 pos:1.5496714580563513E-25 
cv214_12294.txt pos neg:0.9999999999999785 pos:2.1494614126999043E-14 
cv063_28997.txt pos pos:0.9999999999999964 neg:3.5240934463441825E-15 
cv020_8825.txt pos pos:0.999999989170565 neg:1.082943503991122E-8 
cv215_22240.txt pos pos:1.0 neg:2.6339775070901522E-18 
cv073_21785.txt pos neg:0.9942604347328262 pos:0.005739565267173736 
cv689_12587.txt pos pos:1.0 neg:1.862021735172452E-21 
cv908_17779.txt neg neg:0.9995983431343426 pos:4.0165686565735186E-4 
cv339_21119.txt pos neg:0.9806881962997188 pos:0.0193118037002811 
cv682_16139.txt pos pos:1.0 neg:1.17022513410334E-31 
cv099_11189.txt neg pos:0.9822277852458262 neg:0.01777221475417371 
cv075_6500.txt pos neg:0.9999891086247372 pos:1.0891375262844393E-5 
cv344_5312.txt pos pos:0.9937734848377832 neg:0.006226515162216771 
cv129_16741.txt pos pos:1.0 neg:7.637403732396278E-45 
cv816_15257.txt neg neg:0.9999999999999749 pos:2.5043624543518077E-14 
cv237_19221.txt pos neg:0.5056137735909808 pos:0.49438622640901914 
cv399_28593.txt neg neg:1.0 pos:4.645550137629161E-28 
cv519_14661.txt pos pos:1.0 neg:1.5219230327000274E-28 
cv033_24444.txt pos pos:1.0 neg:2.0094301500288794E-18 
cv743_15449.txt pos pos:0.9999999999950424 neg:4.9575381437984634E-12 
cv819_9567.txt neg neg:1.0 pos:2.2919993201147138E-29 
cv566_8967.txt neg neg:1.0 pos:4.1875011827350894E-42 
cv562_10847.txt neg neg:1.0 pos:6.734830411630286E-25 
cv522_5418.txt neg neg:0.9999999984183794 pos:1.5816205259623282E-9 
cv646_15065.txt pos neg:0.9999858779140022 pos:1.412208599794094E-5 
cv846_29497.txt pos pos:0.9996594764683945 neg:3.4052353160546637E-4 
cv101_10537.txt neg neg:1.0 pos:1.1308686899781213E-18 
cv558_29376.txt neg pos:0.9999920467078143 neg:7.953292185768324E-6 
cv566_8581.txt pos pos:1.0 neg:1.1698997855266488E-35 
cv861_12809.txt neg neg:1.0 pos:2.3547063702682965E-17 
cv902_12256.txt pos pos:1.0 neg:2.1561926526952038E-39 
cv271_15364.txt neg neg:1.0 pos:2.621825005870835E-23 
cv531_26486.txt pos pos:0.9999999999999991 neg:8.305612573154565E-16 
cv122_7392.txt pos pos:1.0 neg:1.6202783825672413E-39 
cv700_23163.txt neg pos:0.9999999999938969 neg:6.1030677534235056E-12 
cv851_20469.txt pos pos:0.9999999999999984 neg:1.660119781377318E-15 
cv269_23018.txt neg neg:1.0 pos:1.9249069035721275E-57 
cv013_10494.txt neg neg:1.0 pos:1.2996421006037859E-39 
cv766_7540.txt pos pos:0.9999999999999756 neg:2.452250484697556E-14 
cv185_28654.txt pos neg:1.0 pos:1.9938749586097685E-28 
cv166_11052.txt pos pos:1.0 neg:4.080411977651073E-33 
cv545_12848.txt neg pos:0.9999999999999993 neg:7.24661693729432E-16 
cv968_25413.txt neg neg:1.0 pos:3.5721876703149145E-19 
cv178_12972.txt pos pos:0.9999999999999989 neg:1.1703919533063871E-15 
cv891_6035.txt neg pos:0.6719962999049709 neg:0.3280037000950291 
cv161_11425.txt pos pos:0.9999999999988622 neg:1.1378242977356072E-12 
cv385_29621.txt neg neg:0.9999999999996496 pos:3.5045716911195375E-13 
cv736_23670.txt pos pos:1.0 neg:1.4504434134815162E-19 
cv910_21930.txt neg neg:1.0 pos:1.3742834168799793E-29 
cv705_11059.txt pos pos:0.9997212993187975 neg:2.787006812024622E-4 
cv229_13611.txt pos pos:0.9999999999974709 neg:2.52912828174631E-12 
cv375_9932.txt neg neg:0.9999999999720106 pos:2.7989302821302528E-11 
cv992_11962.txt pos neg:1.0 pos:1.5242992157415473E-20 
cv061_9321.txt neg neg:1.0 pos:1.524785962405183E-27 
cv459_21834.txt neg neg:1.0 pos:1.0060356397652358E-35 
cv199_9721.txt neg neg:0.9990222480437324 pos:9.77751956267643E-4 
cv553_26965.txt neg neg:1.0 pos:2.2707032482121E-19 
cv483_16378.txt pos pos:0.9999999999999949 neg:5.028080082272649E-15 
cv378_21982.txt neg neg:1.0 pos:2.837173562564555E-25 
cv768_11751.txt pos pos:0.9999696742522074 neg:3.032574779269261E-5 
cv223_28923.txt neg pos:0.7331319919575366 neg:0.2668680080424634 
cv532_6522.txt pos pos:1.0 neg:6.357491238407923E-17 
cv325_18330.txt neg neg:1.0 pos:5.872977006264965E-19 
cv975_11920.txt neg neg:0.9998863335421483 pos:1.1366645785178615E-4 
cv788_25272.txt pos pos:0.9194438274040659 neg:0.08055617259593405 
cv961_5578.txt neg neg:0.9997457063878299 pos:2.542936121702004E-4 
cv689_13701.txt neg neg:0.9999999999753091 pos:2.469085141934387E-11 
cv618_9469.txt neg neg:1.0 pos:3.2766297054330215E-19 
cv964_6021.txt pos neg:1.0 pos:4.037407716757348E-28 
cv193_5416.txt pos pos:0.7607450373543081 neg:0.23925496264569185 
cv159_29505.txt pos pos:1.0 neg:1.9472021726439268E-18 
cv644_18551.txt neg neg:1.0 pos:2.777606484908966E-17 
cv150_12916.txt pos pos:0.9999998496957988 neg:1.5030420123404784E-7 
cv312_29308.txt neg neg:0.9999999999999998 pos:2.650823224990939E-16 
cv186_2269.txt pos pos:0.9999999999998961 neg:1.0402515724017783E-13 
cv779_18989.txt neg neg:0.9864307709134873 pos:0.013569229086512724 
cv924_29397.txt neg neg:0.9999999045723056 pos:9.542769449948027E-8 
cv526_12868.txt neg neg:1.0 pos:8.36333077782986E-51 
cv005_29357.txt neg neg:0.9999999999874991 pos:1.2500982140110697E-11 
cv808_12635.txt pos pos:1.0 neg:6.323830242178522E-25 
cv130_18521.txt neg neg:0.99999974951423 pos:2.5048577003960416E-7 
cv111_12253.txt neg neg:1.0 pos:8.413869359149548E-36 
cv089_12222.txt neg pos:0.9889492457967762 neg:0.011050754203223755 
cv722_7110.txt pos neg:0.9999835113670758 pos:1.648863292436634E-5 
cv430_18662.txt neg neg:0.9999999999999105 pos:8.956042277569625E-14 
cv678_14887.txt neg neg:0.9999997661605932 pos:2.338394069954938E-7 
cv052_29318.txt neg neg:0.9999999360338597 pos:6.396614032999535E-8 
cv903_17822.txt pos pos:1.0 neg:8.993449664958906E-25 
cv388_12009.txt pos pos:1.0 neg:4.9446208937589905E-24 
cv878_15694.txt pos neg:0.9999999999992155 pos:7.843985655127064E-13 
cv040_8829.txt neg pos:0.5840997599085322 neg:0.41590024009146775 
cv227_24215.txt pos pos:0.9999999995674049 neg:4.325950925882137E-10 
cv466_20092.txt neg pos:0.9999999999999372 neg:6.29259315370129E-14 
cv008_29435.txt pos pos:1.0 neg:3.05747700831353E-17 
cv144_5010.txt neg neg:1.0 pos:5.2742685380136367E-23 
cv956_11609.txt pos pos:1.0 neg:4.349501474793939E-18 
cv102_8306.txt neg neg:0.9999998913244497 pos:1.0867555032955203E-7 
cv264_12801.txt pos pos:1.0 neg:8.017418383154209E-21 
cv038_9781.txt neg neg:1.0 pos:5.7538798251536314E-24 
cv092_27987.txt neg neg:0.9999999951192962 pos:4.880703779371732E-9 
cv806_8842.txt pos pos:0.9999963685582616 neg:3.631441738570314E-6 
cv302_26481.txt neg neg:1.0 pos:5.620464651963871E-70 
cv830_6014.txt pos pos:1.0 neg:1.889249948695388E-21 
cv422_9381.txt pos pos:1.0 neg:7.952692766309598E-25 
cv628_19325.txt pos pos:1.0 neg:5.199278647262518E-20 
cv699_7773.txt neg neg:1.0 pos:2.9528680883443477E-34 
cv565_29572.txt pos pos:0.9999999999999998 neg:1.6750931709666864E-16 
cv049_20471.txt pos neg:0.9999999999999927 pos:7.267333748084389E-15 
cv075_6250.txt neg pos:0.9999999937427904 neg:6.257209700166488E-9 
cv511_10360.txt neg neg:1.0 pos:3.5926895101301595E-42 
cv152_9052.txt neg neg:1.0 pos:1.7886665071164637E-21 
cv059_28885.txt pos pos:1.0 neg:5.888384077750481E-44 
cv277_20467.txt neg neg:0.9999999999966251 pos:3.3748438309669445E-12 
cv492_18271.txt pos pos:0.9999999999999989 neg:1.0531684493879796E-15 
cv205_9457.txt pos pos:1.0 neg:2.703023161428468E-35 
cv170_29808.txt neg neg:0.9999999999999987 pos:1.3414079959267392E-15 
cv764_12701.txt neg neg:0.9999997100600267 pos:2.899399733017969E-7 
cv652_15653.txt neg neg:1.0 pos:8.009524402731774E-17 
cv796_15782.txt pos pos:1.0 neg:2.499702303057299E-33 
cv488_21453.txt neg neg:0.9999999999999993 pos:5.6632309122710315E-16 
cv940_18935.txt neg neg:0.9999999982290144 pos:1.7709855125527784E-9 
cv663_13019.txt pos pos:1.0 neg:4.807963338934131E-51 
cv236_12427.txt neg neg:1.0 pos:9.509107914390508E-25 
cv811_21386.txt pos pos:0.9999979537986942 neg:2.0462013058888475E-6 
cv378_20629.txt pos pos:1.0 neg:4.191115305751221E-25 
cv911_21695.txt neg neg:1.0 pos:1.6244222165467962E-59 
cv078_16506.txt neg neg:1.0 pos:3.536019108451118E-20 
cv088_25274.txt neg neg:0.9999999999471947 pos:5.2805410719259615E-11 
cv775_16237.txt pos pos:0.9780143177759053 neg:0.02198568222409469 
cv886_18177.txt pos neg:0.999999994584224 pos:5.415775991349779E-9 
cv648_17277.txt neg neg:0.9998869810361948 pos:1.1301896380527992E-4 
cv173_4295.txt neg neg:1.0 pos:6.764229982359899E-22 
cv076_26009.txt neg pos:0.999982735329978 neg:1.726467002217206E-5 
cv536_27221.txt neg pos:0.6517403453943568 neg:0.34825965460564334 
cv385_29741.txt pos pos:0.9999999995146645 neg:4.85335493536724E-10 
cv648_15792.txt pos neg:0.9999999999999403 pos:5.974661595079957E-14 
cv331_8273.txt pos pos:1.0 neg:3.3067507568983073E-25 
cv231_11028.txt neg neg:1.0 pos:5.061303119215301E-35 
cv467_26610.txt neg pos:0.9999889138194045 neg:1.108618059561562E-5 
cv073_23039.txt neg neg:1.0 pos:2.9625982603405147E-26 
cv698_15253.txt pos pos:1.0 neg:2.399166188207177E-28 
cv411_15007.txt pos pos:1.0 neg:5.33982028102276E-66 
cv376_19435.txt pos pos:0.9999999679058086 neg:3.209419141300076E-8 
cv851_21895.txt neg pos:0.9999981823257097 neg:1.8176742903564307E-6 
cv421_9709.txt pos pos:0.9999999169349607 neg:8.306503922350536E-8 
cv574_22156.txt pos neg:1.0 pos:2.2833128659589736E-19 
cv679_28221.txt neg neg:1.0 pos:3.3351803943571236E-20 
cv760_8597.txt pos pos:0.9999999999995937 neg:4.063338248449391E-13 
cv293_29856.txt pos pos:0.9999986165494216 neg:1.3834505783522683E-6 
cv512_15965.txt pos pos:1.0 neg:1.2782241104858573E-48 
cv333_8916.txt pos pos:1.0 neg:1.2348915479161268E-22 
cv721_28993.txt neg neg:0.9999999999993645 pos:6.354543013711516E-13 
cv316_5972.txt neg pos:0.9926309278918684 neg:0.007369072108131544 
cv503_10558.txt pos pos:1.0 neg:4.673086759311988E-19 
cv140_7963.txt neg neg:1.0 pos:1.906394668554611E-46 
cv067_19774.txt pos pos:0.9999999999999947 neg:5.27899814099728E-15 
cv481_7436.txt pos pos:1.0 neg:9.09529235628072E-25 
cv970_18450.txt pos pos:1.0 neg:3.4627589523857076E-34 
cv181_16083.txt neg neg:0.9999999999600151 pos:3.998493312348016E-11 
cv872_12591.txt pos pos:1.0 neg:4.2678182823111505E-29 
cv339_22452.txt neg neg:0.9999999999954277 pos:4.572338498282139E-12 
cv443_22367.txt neg neg:0.9999999999441498 pos:5.5850113138628E-11 
cv835_20531.txt neg pos:0.9852646024317426 neg:0.014735397568257383 
cv579_12542.txt neg neg:1.0 pos:3.9132309850801024E-48 
cv774_15488.txt neg neg:0.9999707918761159 pos:2.920812388420714E-5 
cv549_22771.txt neg neg:0.9999999998540638 pos:1.4593605302486097E-10 
cv873_18636.txt pos neg:0.986093625736709 pos:0.01390637426329111 
cv324_7082.txt pos pos:0.9999999999728426 neg:2.715749008796857E-11 
cv598_18184.txt neg neg:0.9917284692220278 pos:0.00827153077797221 
cv164_23451.txt neg neg:0.9999999997715172 pos:2.2848286149300553E-10 
cv945_13012.txt neg neg:1.0 pos:8.954823684963139E-22 
cv954_19932.txt neg neg:0.9999999999999298 pos:7.007217892463299E-14 
cv708_28539.txt neg pos:0.9999798697746775 neg:2.013022532263494E-5 
cv468_16844.txt neg neg:1.0 pos:6.077972381789015E-32 
cv643_29282.txt neg neg:1.0 pos:1.8608045408500293E-22 
cv888_24435.txt pos pos:1.0 neg:3.2890200668869437E-32 
cv420_28795.txt pos neg:0.9983332542270209 pos:0.001666745772979081 
cv423_11155.txt pos pos:0.9999999999996447 neg:3.5524985593118513E-13 
cv334_10001.txt pos neg:1.0 pos:9.960012498226208E-27 
cv137_15422.txt pos pos:0.9999689083311704 neg:3.109166882956274E-5 
cv360_8398.txt pos pos:0.9999999999999869 neg:1.3198349488715541E-14 
cv554_13151.txt pos pos:1.0 neg:4.6595337358678E-19 
cv969_13250.txt pos pos:0.999999999999992 neg:8.084258383845846E-15 
cv223_29066.txt pos pos:0.9965386433742234 neg:0.003461356625776483 
Trial 0 Trainer NaiveBayesTrainer Training Data Confusion Matrix
Confusion Matrix, row=true, column=predicted  accuracy=0.9844444444444445
  label   0   1  |total
  0 neg 892   8  |900
  1 pos  20 880  |900

Trial 0 Trainer NaiveBayesTrainer training data accuracy= 0.9844444444444445
Trial 0 Trainer NaiveBayesTrainer Test Data Confusion Matrix
Confusion Matrix, row=true, column=predicted  accuracy=0.8
  label   0   1  |total
  0 neg  80  20  |100
  1 pos  20  80  |100

Trial 0 Trainer NaiveBayesTrainer test data accuracy= 0.8

NaiveBayesTrainer
Summary. train accuracy mean = 0.9844444444444445 stddev = 0.0 stderr = 0.0
Summary. test accuracy mean = 0.8 stddev = 0.0 stderr = 0.0
