
-------------------- Trial 0  --------------------

Trial 0 Training NaiveBayesTrainer with 1800 instances
Trial 0 Training NaiveBayesTrainer finished
Trial 0 Trainer NaiveBayesTrainer
 Raw Testing Data
cv195_14528.txt pos pos:0.8097813410985362 neg:0.1902186589014639 
cv750_10180.txt pos pos:1.0 neg:4.321738462316465E-24 
cv687_22207.txt neg neg:1.0 pos:2.9902554663652037E-23 
cv588_13008.txt pos pos:0.9999949278235633 neg:5.07217643676802E-6 
cv010_29063.txt neg pos:0.9999999999999947 neg:5.2681409171675905E-15 
cv038_9749.txt pos pos:0.978777237472418 neg:0.02122276252758209 
cv858_18819.txt pos pos:0.9961795235511522 neg:0.003820476448847852 
cv702_12371.txt neg neg:0.9999999954425147 pos:4.5574852692589185E-9 
cv744_10038.txt pos neg:0.8541845689857173 pos:0.14581543101428263 
cv757_10189.txt pos pos:0.9999965734437184 neg:3.4265562814970047E-6 
cv081_18241.txt neg pos:0.9260383811855645 neg:0.07396161881443554 
cv552_10016.txt pos pos:1.0 neg:1.7967173671984637E-62 
cv321_12843.txt pos pos:1.0 neg:3.9396197063967285E-31 
cv667_19672.txt neg pos:1.0 neg:1.8280842011242763E-17 
cv954_18628.txt pos pos:0.999999693804114 neg:3.0619588595918713E-7 
cv332_17997.txt neg neg:1.0 pos:5.7611685581951364E-30 
cv311_17708.txt neg neg:0.9997194559945992 pos:2.805440054007243E-4 
cv315_12638.txt neg neg:1.0 pos:5.119327505160898E-17 
cv747_16556.txt pos pos:1.0 neg:1.201126083957428E-22 
cv017_22464.txt pos pos:1.0 neg:2.3045613343713085E-35 
cv923_11051.txt pos pos:1.0 neg:1.8407951572254704E-24 
cv406_21020.txt pos pos:0.9999957347731717 neg:4.265226828311279E-6 
cv241_24602.txt neg neg:1.0 pos:4.0551877685607164E-20 
cv389_9611.txt neg neg:0.9999999999949343 pos:5.065827997264933E-12 
cv932_13401.txt pos neg:1.0 pos:1.1185396911766141E-34 
cv183_19826.txt neg neg:1.0 pos:1.0745571970777802E-18 
cv427_10825.txt pos pos:0.999934254411547 neg:6.574558845294188E-5 
cv396_19127.txt neg neg:0.9999996690188385 pos:3.3098116148226154E-7 
cv948_24606.txt pos pos:1.0 neg:1.6442235048917247E-18 
cv419_14799.txt neg neg:1.0 pos:1.3951459139639108E-31 
cv030_21593.txt pos pos:1.0 neg:4.753090636356069E-21 
cv278_13041.txt pos pos:1.0 neg:2.3467416017544343E-27 
cv163_10052.txt pos pos:1.0 neg:1.2131309109654037E-57 
cv874_11236.txt pos pos:0.9999991353867538 neg:8.646132461670205E-7 
cv583_29465.txt neg neg:0.999724862813383 pos:2.751371866170486E-4 
cv581_20790.txt neg neg:1.0 pos:9.83176488168265E-33 
cv016_4348.txt neg neg:1.0 pos:3.242503654747244E-41 
cv973_10066.txt pos pos:0.9999999999980667 neg:1.9332799926263085E-12 
cv065_16909.txt neg neg:1.0 pos:1.0685434651158743E-38 
cv671_5054.txt pos pos:1.0 neg:5.1052871911854625E-21 
cv530_16212.txt pos pos:1.0 neg:1.5160327472113793E-27 
cv149_15670.txt pos neg:0.9999999981648504 pos:1.8351496850733748E-9 
cv068_13400.txt pos neg:0.99868941972999 pos:0.001310580270009988 
cv719_5581.txt neg neg:1.0 pos:1.4875110059719535E-22 
cv943_23547.txt neg neg:1.0 pos:5.457130483193159E-28 
cv791_17995.txt neg neg:1.0 pos:9.972053957509104E-17 
cv930_14949.txt neg neg:1.0 pos:2.1201825448566907E-24 
cv167_16376.txt pos pos:1.0 neg:3.1600866853903148E-52 
cv635_0984.txt neg neg:1.0 pos:3.530096622151958E-39 
cv253_10190.txt neg neg:1.0 pos:1.1503652948117154E-20 
cv234_22123.txt neg neg:0.9999999999999991 pos:8.782652121672225E-16 
cv254_5870.txt neg neg:1.0 pos:7.375222210707094E-22 
cv440_15243.txt pos pos:1.0 neg:8.787120659691157E-30 
cv738_10287.txt neg neg:1.0 pos:2.194737635857081E-36 
cv295_15570.txt pos pos:0.9999999800367623 neg:1.9963237842021848E-8 
cv465_23401.txt neg neg:0.9999999999873979 pos:1.2602220640424482E-11 
cv580_15681.txt neg pos:1.0 neg:1.0775260558911239E-20 
cv123_11182.txt pos pos:1.0 neg:1.9366269438800764E-27 
cv477_22479.txt pos pos:1.0 neg:6.044450868147331E-28 
cv256_14740.txt pos pos:1.0 neg:1.2977734982850286E-35 
cv445_26683.txt neg neg:0.9999762812037081 pos:2.371879629186095E-5 
cv303_27366.txt neg pos:0.9904735460193199 neg:0.009526453980680128 
cv714_19704.txt neg neg:1.0 pos:4.052989286005757E-36 
cv903_18981.txt neg pos:0.9703758294371122 neg:0.029624170562887756 
cv942_17082.txt pos neg:0.9999990756383037 pos:9.243616963443493E-7 
cv273_28961.txt neg pos:0.9999999999934648 neg:6.535201603341912E-12 
cv608_23231.txt pos pos:1.0 neg:7.100943473418942E-17 
cv900_10331.txt pos pos:1.0 neg:5.314867102982864E-22 
cv487_11058.txt neg pos:0.9999999999416616 neg:5.833839487344121E-11 
cv577_28220.txt neg neg:1.0 pos:1.214784608294859E-21 
cv938_10706.txt neg neg:0.9999999999999993 pos:6.337803212606729E-16 
cv730_10729.txt neg neg:1.0 pos:5.535545678117956E-28 
cv714_18502.txt pos pos:1.0 neg:7.354519064156111E-37 
cv733_9891.txt neg neg:1.0 pos:8.944031366534001E-17 
cv732_12245.txt pos pos:1.0 neg:1.882810005561011E-37 
cv844_13890.txt neg neg:1.0 pos:2.4878291732216296E-19 
cv733_9839.txt pos pos:1.0 neg:3.4200049916089482E-34 
cv446_11353.txt pos neg:0.9999999999999978 pos:2.287608688302028E-15 
cv793_15235.txt neg neg:1.0 pos:1.3841849412744855E-18 
cv602_8300.txt pos neg:0.5995643075211983 pos:0.4004356924788017 
cv836_14311.txt neg neg:0.9999999999923033 pos:7.696716612321853E-12 
cv628_20758.txt neg neg:1.0 pos:7.090731287448773E-27 
cv998_15691.txt neg neg:0.9999999996640019 pos:3.3599816374887017E-10 
cv683_13047.txt neg neg:0.9999999999998521 pos:1.4779304782222738E-13 
cv792_3257.txt neg pos:0.9961931807962636 neg:0.0038068192037364443 
cv251_22636.txt pos pos:0.9999999999933789 neg:6.62106404402305E-12 
cv434_5793.txt pos neg:0.9999689203593972 pos:3.107964060273412E-5 
cv268_20288.txt neg neg:1.0 pos:4.2012096085273464E-32 
cv679_28559.txt pos pos:0.982059769367175 neg:0.01794023063282495 
cv282_6833.txt neg neg:0.9999999989784967 pos:1.0215032547768043E-9 
cv081_16582.txt pos pos:1.0 neg:1.0090094282146032E-42 
cv870_16348.txt pos pos:1.0 neg:1.1521574828167897E-21 
cv420_28631.txt neg neg:1.0 pos:8.332610871159974E-33 
cv759_15091.txt neg neg:0.9999999428692662 pos:5.713073373759244E-8 
cv632_9610.txt pos pos:0.9993636978345561 neg:6.363021654438567E-4 
cv993_29565.txt neg neg:0.9971129186960175 pos:0.002887081303982591 
cv613_23104.txt neg neg:1.0 pos:3.322669696477757E-27 
cv265_10814.txt pos pos:0.9999999999998679 neg:1.3216660865073445E-13 
cv373_21872.txt neg neg:1.0 pos:7.093660858474053E-34 
cv126_28971.txt pos neg:0.9999999163788306 pos:8.36211693378076E-8 
cv691_5090.txt neg neg:1.0 pos:1.0943015925909568E-41 
cv543_5107.txt neg neg:0.9999999996956133 pos:3.043866968822992E-10 
cv017_23487.txt neg neg:1.0 pos:1.3936687569406553E-34 
cv772_12119.txt pos pos:1.0 neg:5.602200688559239E-43 
cv792_3832.txt pos neg:0.999999999999998 pos:2.0282467580097686E-15 
cv113_23102.txt pos pos:1.0 neg:3.9810157048018775E-29 
cv346_19198.txt neg neg:1.0 pos:1.6377145008588997E-24 
cv720_5383.txt neg neg:0.9999999730855099 pos:2.6914490023375485E-8 
cv500_10251.txt pos neg:0.675993739843869 pos:0.324006260156131 
cv855_22134.txt neg neg:1.0 pos:5.061137303697027E-26 
cv482_11233.txt neg neg:1.0 pos:3.412800304107452E-17 
cv928_9168.txt pos pos:0.9812364163793545 neg:0.01876358362064547 
cv260_13959.txt pos pos:0.7985723355488225 neg:0.20142766445117766 
cv489_17906.txt pos neg:0.99999999999999 pos:1.0084974942124074E-14 
cv137_17020.txt neg neg:1.0 pos:3.6713079335436676E-20 
cv274_26379.txt neg neg:1.0 pos:3.868898990983341E-71 
cv342_20917.txt neg neg:0.9999999999485181 pos:5.1482014036769515E-11 
cv680_10533.txt neg neg:1.0 pos:3.333432910932099E-27 
cv957_8737.txt pos pos:0.9999999098927556 neg:9.010724441005582E-8 
cv769_8565.txt neg neg:0.9998824296433249 pos:1.175703566750911E-4 
cv994_12270.txt pos neg:0.9999999972680191 pos:2.73198079790796E-9 
cv382_8393.txt neg neg:0.9999999941311817 pos:5.86881822528759E-9 
cv026_29229.txt neg neg:0.9999999999978919 pos:2.1081384034798432E-12 
cv217_28842.txt pos pos:0.9999999998152345 neg:1.8476554717372113E-10 
cv529_10972.txt neg pos:0.9999999999689728 neg:3.102721368205523E-11 
cv415_22517.txt pos pos:1.0 neg:2.660718438537388E-44 
cv825_5063.txt pos neg:0.9175525949125563 pos:0.08244740508744379 
cv392_12238.txt neg pos:0.9999950405475406 neg:4.959452459351183E-6 
cv895_21022.txt pos pos:0.9999999999999996 neg:5.454250373128966E-16 
cv056_13133.txt pos pos:1.0 neg:2.2043117580195623E-20 
cv268_18834.txt pos neg:0.9767194170805178 pos:0.023280582919482123 
cv710_22577.txt pos pos:1.0 neg:2.818082768576887E-23 
cv032_22550.txt pos pos:1.0 neg:3.461123076189708E-35 
cv561_9484.txt neg neg:1.0 pos:2.9901047312041875E-18 
cv485_26649.txt pos pos:1.0 neg:9.61667259943405E-21 
cv541_28683.txt neg neg:0.9999999999999996 pos:3.497605046985366E-16 
cv874_12182.txt neg neg:1.0 pos:4.650761658279626E-32 
cv442_13846.txt pos pos:1.0 neg:5.620199298896608E-20 
cv614_10626.txt pos neg:0.999689627456384 pos:3.103725436159711E-4 
cv348_19207.txt neg neg:1.0 pos:5.344132753936373E-29 
cv119_9867.txt pos neg:0.9999999999975944 pos:2.4057115072119183E-12 
cv037_19798.txt neg neg:1.0 pos:1.1516127464003477E-21 
cv883_27751.txt pos pos:0.9999999999999989 neg:1.0892487826319438E-15 
cv537_12370.txt pos pos:0.9938880514001202 neg:0.006111948599879877 
cv673_24714.txt pos pos:0.9993395490038524 neg:6.60450996147655E-4 
cv594_11945.txt neg neg:0.9999999972511304 pos:2.748869591696745E-9 
cv717_15953.txt pos pos:1.0 neg:2.590754316144165E-20 
cv879_14903.txt pos pos:0.9999999998232212 neg:1.767787775487981E-10 
cv739_11209.txt pos pos:1.0 neg:3.125339601721166E-40 
cv729_10475.txt neg neg:1.0 pos:2.622830357091788E-28 
cv894_2068.txt pos neg:0.9998539892927133 pos:1.4601070728665757E-4 
cv387_12391.txt neg neg:0.9999619356309292 pos:3.806436907085379E-5 
cv494_17389.txt pos pos:1.0 neg:6.99587067614863E-62 
cv340_14776.txt neg pos:0.8756904369716261 neg:0.12430956302837395 
cv305_9946.txt pos neg:0.9997862146702852 pos:2.1378532971484096E-4 
cv474_10682.txt neg neg:0.999999999999978 pos:2.1964756680573667E-14 
cv043_16808.txt neg neg:1.0 pos:1.1817641791936436E-21 
cv530_17949.txt neg neg:0.749862578795226 pos:0.2501374212047741 
cv500_10722.txt neg neg:1.0 pos:2.8221486287324254E-17 
cv516_12117.txt neg pos:0.9007444626187499 neg:0.09925553738125002 
cv379_23167.txt neg pos:0.9998205937026817 neg:1.7940629731833598E-4 
cv501_11657.txt pos pos:0.9999993196460492 neg:6.803539507681395E-7 
cv664_4264.txt neg neg:0.9999999999999973 pos:2.6816737892641404E-15 
cv726_4365.txt neg neg:1.0 pos:8.396176153750432E-22 
cv963_6895.txt pos neg:0.9999999996367661 pos:3.6323384764784553E-10 
cv825_5168.txt neg neg:1.0 pos:6.212272568314464E-18 
cv085_15286.txt neg neg:1.0 pos:8.85001683272786E-31 
cv276_17126.txt neg neg:1.0 pos:3.678043524997692E-26 
cv263_20693.txt neg neg:1.0 pos:5.252381936908057E-33 
cv838_24728.txt pos pos:1.0 neg:4.577546022390965E-26 
cv525_16122.txt pos pos:1.0 neg:1.6351463125647778E-20 
cv098_17021.txt neg neg:0.9999999900742212 pos:9.925778808970323E-9 
cv001_18431.txt pos neg:0.9951738759335571 pos:0.004826124066442936 
cv627_11620.txt pos neg:0.9999999999997824 pos:2.175243754880133E-13 
cv016_4659.txt pos neg:0.987844776618032 pos:0.012155223381967846 
cv921_12747.txt pos pos:0.9999999967082378 neg:3.2917621284392582E-9 
cv976_10267.txt pos pos:0.9999997062666793 neg:2.9373332057593746E-7 
cv134_22246.txt pos pos:1.0 neg:2.7010923014272893E-20 
cv295_17060.txt neg neg:1.0 pos:3.238630095374572E-23 
cv812_19051.txt neg neg:1.0 pos:2.5988803103884735E-25 
cv452_5179.txt neg neg:0.9999999998725251 pos:1.2747484314700427E-10 
cv756_22540.txt pos pos:1.0 neg:1.6486104296948074E-17 
cv399_2877.txt pos pos:0.9999999999999989 neg:1.2095017367724542E-15 
cv441_13711.txt pos pos:0.932952394299752 neg:0.06704760570024801 
cv317_24049.txt pos neg:0.9999995709289555 pos:4.290710445483771E-7 
cv715_19246.txt neg neg:1.0 pos:3.131338742349207E-20 
cv540_3421.txt pos pos:1.0 neg:6.626086227526297E-19 
cv437_22849.txt pos pos:1.0 neg:1.5085186501111612E-29 
cv217_28707.txt neg neg:1.0 pos:1.60242823144895E-29 
cv827_18331.txt pos pos:0.9999968954950812 neg:3.1045049187758025E-6 
cv915_8841.txt pos neg:0.9999999999961331 pos:3.866927063482147E-12 
cv166_11959.txt neg neg:1.0 pos:1.562495329117263E-33 
cv143_21158.txt neg neg:1.0 pos:2.9450928587266755E-17 
cv732_13092.txt neg pos:0.9999874556066376 neg:1.2544393362384887E-5 
cv076_24945.txt pos pos:0.9999999850369183 neg:1.4963081639664382E-8 
cv100_12406.txt neg neg:1.0 pos:4.060342241849961E-35 
cv775_17966.txt neg neg:0.9999999999999998 pos:1.3815143919369104E-16 
cv847_1941.txt pos pos:0.9682253021669635 neg:0.03177469783303662 
cv843_15544.txt pos pos:0.9999999999995683 neg:4.315887553833024E-13 
cv991_18645.txt pos neg:0.5135644407067074 pos:0.48643555929329263 
Trial 0 Trainer NaiveBayesTrainer Training Data Confusion Matrix
Confusion Matrix, row=true, column=predicted  accuracy=0.9844444444444445
  label   0   1  |total
  0 neg 893   7  |900
  1 pos  21 879  |900

Trial 0 Trainer NaiveBayesTrainer training data accuracy= 0.9844444444444445
Trial 0 Trainer NaiveBayesTrainer Test Data Confusion Matrix
Confusion Matrix, row=true, column=predicted  accuracy=0.795
  label   0   1  |total
  0 neg  85  15  |100
  1 pos  26  74  |100

Trial 0 Trainer NaiveBayesTrainer test data accuracy= 0.795

NaiveBayesTrainer
Summary. train accuracy mean = 0.9844444444444445 stddev = 0.0 stderr = 0.0
Summary. test accuracy mean = 0.795 stddev = 0.0 stderr = 0.0
