
-------------------- Trial 0  --------------------

Trial 0 Training NaiveBayesTrainer with 1800 instances
Trial 0 Training NaiveBayesTrainer finished
Trial 0 Trainer NaiveBayesTrainer
 Raw Testing Data
cv520_13297.txt neg neg:1.0 pos:3.0921473785966265E-18 
cv978_20929.txt pos neg:0.9999999999999722 pos:2.7794549358647143E-14 
cv090_0042.txt pos neg:0.6298147905710731 pos:0.3701852094289269 
cv337_29181.txt pos pos:1.0 neg:6.63968099534704E-39 
cv162_10424.txt pos pos:0.9999948121701226 neg:5.187829877363904E-6 
cv560_17175.txt pos pos:1.0 neg:1.388020974916788E-23 
cv435_23110.txt pos pos:0.99999996793655 neg:3.206344995958743E-8 
cv685_5710.txt neg neg:0.9999999999905467 pos:9.453255627741222E-12 
cv618_8974.txt pos pos:1.0 neg:1.201583096995761E-18 
cv272_20313.txt neg neg:0.9999999999999993 pos:6.178674263295726E-16 
cv336_10363.txt neg neg:0.9999999999999931 pos:6.98092940406082E-15 
cv262_13812.txt neg pos:0.9855549971712994 neg:0.014445002828700598 
cv294_12695.txt neg neg:0.9999999999999867 pos:1.3252081580530499E-14 
cv326_13295.txt pos neg:0.9990745686426226 pos:9.254313573774358E-4 
cv702_11500.txt pos neg:1.0 pos:3.9881188974940726E-23 
cv381_20172.txt pos pos:0.9999999999973996 neg:2.6004005714497106E-12 
cv506_17521.txt neg neg:0.9949166210921073 pos:0.005083378907892711 
cv569_26381.txt pos pos:1.0 neg:4.665848818409689E-21 
cv366_10221.txt pos pos:0.9985234397552705 neg:0.0014765602447295093 
cv023_13847.txt neg neg:1.0 pos:1.1033944185640276E-16 
cv122_7891.txt neg neg:1.0 pos:1.6045262868937502E-30 
cv987_6965.txt pos neg:0.999998394713938 pos:1.6052860619404531E-6 
cv419_13394.txt pos neg:0.9999999999999758 pos:2.4159845333666113E-14 
cv003_12683.txt neg pos:0.7201165142353826 neg:0.27988348576461736 
cv926_17059.txt pos pos:0.9999999999999742 neg:2.586119996234708E-14 
cv403_6721.txt neg neg:1.0 pos:2.2350251099438666E-21 
cv404_21805.txt neg neg:0.9999999999999158 pos:8.426574264905636E-14 
cv870_18090.txt neg neg:0.9999999999890363 pos:1.0963732748966177E-11 
cv355_16413.txt pos pos:1.0 neg:2.434933600308474E-44 
cv199_9629.txt pos pos:0.999999999999998 neg:1.888499980388639E-15 
cv443_21118.txt pos neg:1.0 pos:1.7327053372327405E-19 
cv280_8651.txt neg neg:0.9999999999999976 pos:2.5231227517617467E-15 
cv022_12864.txt pos neg:0.9999999999999993 pos:6.362132676517107E-16 
cv284_19119.txt pos pos:0.9999999999706437 neg:2.93562421627703E-11 
cv751_15719.txt pos pos:1.0 neg:2.491879831688201E-44 
cv803_8207.txt pos pos:1.0 neg:3.574604262990127E-60 
cv731_4136.txt pos pos:1.0 neg:3.782975536485794E-18 
cv459_20319.txt pos neg:0.9875233661627091 pos:0.012476633837290984 
cv257_10975.txt pos pos:0.8559397959502493 neg:0.14406020404975065 
cv907_3193.txt neg neg:0.9999999999723104 pos:2.7689641298020948E-11 
cv787_13743.txt pos neg:0.8122385635853603 pos:0.1877614364146397 
cv341_25667.txt neg neg:1.0 pos:8.000803024978398E-46 
cv158_10390.txt pos pos:1.0 neg:4.2228190886018E-25 
cv037_18510.txt pos pos:1.0 neg:3.744716773035107E-53 
cv629_16604.txt neg neg:0.9999999999931379 pos:6.861983183115996E-12 
cv630_10152.txt neg neg:1.0 pos:2.4649723240093E-36 
cv606_17672.txt neg pos:0.9999999198466869 neg:8.015331312249936E-8 
cv888_25678.txt neg pos:0.999614759731967 neg:3.852402680330581E-4 
cv128_29444.txt neg neg:0.9999999999869955 pos:1.300446638258788E-11 
cv109_21172.txt pos pos:0.9999900376820171 neg:9.962317982871312E-6 
cv004_11636.txt pos neg:0.9999990649683966 pos:9.350316033448204E-7 
cv828_21392.txt neg neg:1.0 pos:2.589135046729144E-18 
cv839_22807.txt neg neg:1.0 pos:8.93366421613529E-34 
cv910_20488.txt pos pos:1.0 neg:5.545575461882885E-22 
cv329_29370.txt pos pos:0.9999999998173095 neg:1.8269041879888908E-10 
cv849_15729.txt pos pos:0.9999999999999061 neg:9.396776464620428E-14 
cv288_18791.txt pos pos:0.9191248118025424 neg:0.08087518819745756 
cv764_11739.txt pos pos:0.9277469548485373 neg:0.07225304515146273 
cv392_11458.txt pos pos:0.9776116840553869 neg:0.022388315944613137 
cv901_11017.txt pos neg:0.9991890243543678 pos:8.109756456322478E-4 
cv563_17257.txt pos pos:1.0 neg:2.7686616635662716E-18 
cv179_9533.txt neg neg:1.0 pos:5.164167786212535E-22 
cv639_10797.txt neg pos:0.9999999999999976 neg:2.3675490566815727E-15 
cv866_29447.txt neg neg:0.9999999987227111 pos:1.2772889023118936E-9 
cv925_9459.txt neg neg:1.0 pos:1.0797097052070247E-25 
cv218_24352.txt pos pos:0.8697593777679753 neg:0.13024062223202468 
cv589_12853.txt neg neg:1.0 pos:5.369318610172246E-21 
cv570_29082.txt pos neg:0.9999430388144676 pos:5.696118553243997E-5 
cv826_11834.txt pos pos:1.0 neg:4.898679073625624E-29 
cv529_10420.txt pos pos:1.0 neg:1.9956092279649606E-31 
cv597_26744.txt neg neg:1.0 pos:3.9617192540873074E-32 
cv225_29224.txt pos pos:0.9999983197734442 neg:1.6802265556969784E-6 
cv653_2107.txt neg neg:1.0 pos:6.292130430359595E-26 
cv675_21588.txt pos pos:1.0 neg:1.0069747315398127E-22 
cv726_4719.txt pos pos:0.9999999990453681 neg:9.54631985750294E-10 
cv876_9390.txt pos neg:0.9999999999906619 pos:9.338075835956505E-12 
cv243_22164.txt neg pos:0.9999999999999867 neg:1.3240184826644205E-14 
cv074_7188.txt neg neg:1.0 pos:6.482230958150611E-28 
cv684_11798.txt pos pos:0.9999999996348838 neg:3.6511620173910625E-10 
cv829_21725.txt neg neg:1.0 pos:4.738754302575741E-32 
cv139_12873.txt pos pos:0.9974988869946875 neg:0.002501113005312564 
cv989_17297.txt neg neg:1.0 pos:8.585566704283062E-19 
cv971_11790.txt neg neg:1.0 pos:5.823509451924391E-20 
cv306_10859.txt neg neg:0.9999999999999305 pos:6.9398217525649E-14 
cv445_25882.txt pos pos:1.0 neg:5.388853675318359E-36 
cv688_7368.txt pos pos:0.9999999999999845 neg:1.5561330191070416E-14 
cv656_24201.txt pos pos:0.9999299126509649 neg:7.008734903508376E-5 
cv977_4776.txt neg neg:1.0 pos:2.1725455256667697E-18 
cv212_10054.txt neg neg:1.0 pos:1.1398433854881132E-45 
cv041_22364.txt neg neg:0.5741963317311802 pos:0.4258036682688198 
cv953_6836.txt pos pos:1.0 neg:6.007527826493834E-29 
cv479_5649.txt pos neg:0.9999974532883741 pos:2.5467116259598986E-6 
cv159_29374.txt neg neg:0.9989292041517841 pos:0.0010707958482158257 
cv311_16002.txt pos pos:0.9999999999988847 neg:1.1153227499497642E-12 
cv113_24354.txt neg neg:1.0 pos:9.577697321071488E-24 
cv239_29828.txt neg neg:0.8452697580240811 pos:0.15473024197591884 
cv377_7946.txt pos pos:0.9999999999999998 neg:2.2087667255857843E-16 
cv055_8926.txt neg neg:0.999999999999664 pos:3.3591940079804007E-13 
cv598_16452.txt pos pos:0.999997062087288 neg:2.937912711869908E-6 
cv776_21934.txt neg neg:0.9999999976021294 pos:2.3978705633199052E-9 
cv206_14293.txt pos pos:1.0 neg:1.12875927867194E-74 
cv767_15673.txt neg pos:0.999999963980408 neg:3.60195919660532E-8 
cv490_18986.txt neg neg:1.0 pos:1.9687959704257253E-22 
cv455_28866.txt neg neg:0.9847208492290211 pos:0.01527915077097893 
cv593_11931.txt neg neg:1.0 pos:2.3175195346067453E-32 
cv412_24095.txt pos pos:0.9999896121077878 neg:1.0387892212122887E-5 
cv144_5007.txt pos pos:1.0 neg:1.9587447178127386E-18 
cv578_15094.txt pos neg:0.9999999999999252 pos:7.475310044212306E-14 
cv086_19488.txt neg pos:0.9999999999998683 neg:1.3157645736013849E-13 
cv152_8736.txt pos neg:0.960640895059922 pos:0.039359104940078 
cv810_12458.txt pos pos:1.0 neg:9.444017636935175E-38 
cv409_29625.txt neg pos:0.8428834591840257 neg:0.15711654081597418 
cv556_16563.txt neg neg:0.9999999999999987 pos:1.3790648847403645E-15 
cv934_20426.txt neg neg:1.0 pos:7.193747845949862E-29 
cv914_28742.txt pos pos:0.8137818709864988 neg:0.18621812901350118 
cv778_18629.txt neg neg:0.9999999999998797 pos:1.2034685428573235E-13 
cv238_12931.txt pos pos:0.9999995215124995 neg:4.784875004949889E-7 
cv605_12730.txt neg pos:0.9999952852732722 neg:4.714726727909851E-6 
cv641_12349.txt pos pos:1.0 neg:1.2167743152980936E-18 
cv067_21192.txt neg neg:0.9999999998373514 pos:1.626485658844534E-10 
cv798_23531.txt pos pos:0.9999987154993454 neg:1.2845006544980443E-6 
cv797_7245.txt neg neg:0.9999999973779725 pos:2.6220275527851472E-9 
cv543_5045.txt pos pos:1.0 neg:1.0310852455762143E-25 
cv787_15277.txt neg neg:1.0 pos:9.01946917429431E-40 
cv693_19147.txt neg neg:0.9986394216317831 pos:0.001360578368216865 
cv274_25253.txt pos pos:1.0 neg:2.781211392852132E-115 
cv440_16891.txt neg neg:0.9999999999960196 pos:3.9802957704291234E-12 
cv184_26935.txt neg neg:0.999999999999996 pos:4.097024069029292E-15 
cv351_15458.txt pos pos:1.0 neg:2.650320446461015E-23 
cv748_12786.txt pos pos:0.9998552167975108 neg:1.4478320248923325E-4 
cv276_15684.txt pos pos:0.999999999999996 neg:4.026409489435356E-15 
cv510_24758.txt neg neg:1.0 pos:4.277698124493069E-27 
cv524_23627.txt pos pos:0.9999999998842795 neg:1.1572055248167173E-10 
cv395_11761.txt neg neg:0.9999984691784858 pos:1.5308215141977762E-6 
cv781_5262.txt pos pos:1.0 neg:1.9023476583650265E-19 
cv893_26731.txt neg neg:1.0 pos:1.5620808427257192E-39 
cv182_7281.txt pos pos:0.9999559975072477 neg:4.400249275227132E-5 
cv752_25330.txt neg neg:0.9997253419230937 pos:2.7465807690636805E-4 
cv914_2856.txt neg neg:1.0 pos:1.4089429941684406E-17 
cv637_13682.txt neg neg:1.0 pos:1.3411226577337024E-24 
cv005_29443.txt pos pos:1.0 neg:9.545906523399473E-57 
cv937_9811.txt pos neg:0.9999999986206758 pos:1.379324282597773E-9 
cv753_11812.txt neg neg:1.0 pos:3.508681756829131E-27 
cv147_22625.txt neg neg:0.9996501580694296 pos:3.4984193057033096E-4 
cv697_12106.txt neg pos:1.0 neg:2.1326078791560118E-20 
cv817_4041.txt pos pos:0.9999994749877504 neg:5.250122496996554E-7 
cv118_28980.txt pos neg:1.0 pos:2.3227336345000947E-23 
cv094_27889.txt pos pos:1.0 neg:2.982406538538948E-28 
cv042_11927.txt neg pos:0.9999999994509436 neg:5.490563131338157E-10 
cv644_17154.txt pos pos:1.0 neg:9.884748137667137E-21 
cv528_11669.txt neg neg:0.666900957838267 pos:0.333099042161733 
cv508_17742.txt neg neg:0.9999955111507441 pos:4.488849255991412E-6 
cv271_13837.txt pos pos:0.9999999991153865 neg:8.846134048587941E-10 
cv546_11767.txt pos pos:0.9999999999999358 neg:6.412276352641303E-14 
cv282_6653.txt pos neg:1.0 pos:3.508822732905317E-22 
cv009_29417.txt neg neg:1.0 pos:2.5662965622644824E-33 
cv590_20712.txt neg neg:0.9999900369113808 pos:9.963088619158289E-6 
cv372_6654.txt neg neg:1.0 pos:2.38124378508294E-18 
cv512_17618.txt neg neg:1.0 pos:1.5876376423417877E-24 
cv610_2287.txt pos neg:0.9990867217465512 pos:9.132782534487046E-4 
cv626_7410.txt pos pos:1.0 neg:1.1439257331783727E-22 
cv695_22268.txt neg neg:1.0 pos:1.6241607550957803E-20 
cv032_23718.txt neg pos:1.0 neg:2.3879286956598023E-17 
cv784_14394.txt pos pos:0.9999999998247406 neg:1.7525928109863673E-10 
cv057_7962.txt neg neg:0.999703565872171 pos:2.9643412782904026E-4 
cv201_6997.txt pos pos:0.9999999959348091 neg:4.065190918311008E-9 
cv505_12090.txt pos pos:1.0 neg:2.2644740781631327E-50 
cv432_14224.txt pos neg:0.9999999387999943 pos:6.120000575726464E-8 
cv125_9636.txt neg neg:0.999999999999984 pos:1.59303706143243E-14 
cv192_16079.txt neg neg:1.0 pos:2.959939020709715E-19 
cv068_14810.txt neg neg:0.9999992061715695 pos:7.938284305150339E-7 
cv485_26879.txt neg neg:0.9999893193362422 pos:1.0680663757721647E-5 
cv941_10718.txt neg pos:0.9999999998175533 neg:1.8244679673253555E-10 
cv204_8930.txt neg neg:1.0 pos:2.1542053721895087E-23 
cv815_23466.txt neg neg:1.0 pos:2.7385017033017016E-23 
cv717_17472.txt neg neg:1.0 pos:9.419177173052674E-31 
cv080_14899.txt neg neg:0.9999999999999993 pos:6.042261587602138E-16 
cv110_27788.txt pos neg:1.0 pos:8.903206246950634E-23 
cv462_19350.txt pos neg:0.9998414241770872 pos:1.5857582291275938E-4 
cv640_5378.txt pos pos:0.9999999974616642 neg:2.5383357001969914E-9 
cv398_17047.txt neg neg:1.0 pos:5.351303206644953E-26 
cv616_29187.txt neg pos:0.9999999913546108 neg:8.64538911267161E-9 
cv412_25254.txt neg neg:1.0 pos:2.995838833310447E-93 
cv045_25077.txt neg neg:1.0 pos:1.2928105665872867E-31 
cv193_5393.txt neg neg:0.999999086133373 pos:9.138666268857416E-7 
cv292_7804.txt neg neg:1.0 pos:3.4770148104744245E-48 
cv857_17527.txt neg neg:0.9999999863058222 pos:1.3694177728307196E-8 
cv752_24155.txt pos pos:1.0 neg:1.982953810056716E-23 
cv824_8838.txt pos pos:1.0 neg:1.7267731366039426E-34 
cv079_12766.txt neg neg:1.0 pos:8.802116685541189E-59 
cv328_10373.txt pos pos:1.0 neg:8.724712017840945E-32 
cv266_26644.txt neg neg:0.9999999152996221 pos:8.470037802999594E-8 
cv364_12901.txt pos pos:0.9999999999997999 neg:2.0005287619704355E-13 
cv039_6170.txt pos neg:0.9948892640343184 pos:0.005110735965681604 
cv027_26270.txt neg neg:1.0 pos:8.443781325167793E-36 
cv369_12886.txt pos pos:1.0 neg:1.3778492177337117E-38 
cv651_11120.txt neg neg:0.9999999999820481 pos:1.7951779039618086E-11 
cv249_12674.txt neg neg:1.0 pos:1.7632713891413484E-23 
cv261_10954.txt pos pos:1.0 neg:3.3069733810664193E-42 
cv507_9220.txt pos neg:1.0 pos:7.921511044096998E-20 
Trial 0 Trainer NaiveBayesTrainer Training Data Confusion Matrix
Confusion Matrix, row=true, column=predicted  accuracy=0.9805555555555555
  label   0   1  |total
  0 neg 891   9  |900
  1 pos  26 874  |900

Trial 0 Trainer NaiveBayesTrainer training data accuracy= 0.9805555555555555
Trial 0 Trainer NaiveBayesTrainer Test Data Confusion Matrix
Confusion Matrix, row=true, column=predicted  accuracy=0.795
  label   0   1  |total
  0 neg  85  15  |100
  1 pos  26  74  |100

Trial 0 Trainer NaiveBayesTrainer test data accuracy= 0.795

NaiveBayesTrainer
Summary. train accuracy mean = 0.9805555555555555 stddev = 0.0 stderr = 0.0
Summary. test accuracy mean = 0.795 stddev = 0.0 stderr = 0.0
