
-------------------- Trial 0  --------------------

Trial 0 Training NaiveBayesTrainer with 1800 instances
Trial 0 Training NaiveBayesTrainer finished
Trial 0 Trainer NaiveBayesTrainer
 Raw Testing Data
cv623_16988.txt neg neg:1.0 pos:1.0438140298662276E-52 
cv051_10306.txt pos pos:1.0 neg:1.5278246428869612E-30 
cv382_7897.txt pos pos:1.0 neg:5.485536914159282E-26 
cv082_11080.txt pos neg:0.99999999999999 pos:9.981023045150142E-15 
cv791_16302.txt pos pos:1.0 neg:3.458660960627817E-27 
cv484_25054.txt pos pos:0.999999999998415 neg:1.5849456955874294E-12 
cv353_18159.txt pos pos:0.9987140000112054 neg:0.0012859999887946984 
cv438_8500.txt neg neg:0.9999999999942284 pos:5.771706959015667E-12 
cv124_3903.txt neg neg:0.9999999999999978 pos:2.1174247375343154E-15 
cv012_29411.txt neg neg:1.0 pos:2.6746777271686777E-43 
cv634_11101.txt pos pos:1.0 neg:1.3273038079247347E-27 
cv637_1250.txt pos neg:0.999999649148522 pos:3.508514780168675E-7 
cv754_7709.txt neg neg:1.0 pos:1.8983097447650347E-19 
cv845_14290.txt pos pos:0.9999999853257193 neg:1.4674280730994712E-8 
cv062_23115.txt pos pos:1.0 neg:7.953055545608296E-21 
cv556_14808.txt pos pos:1.0 neg:5.779207496594765E-54 
cv659_19944.txt pos pos:1.0 neg:2.468307761088309E-18 
cv244_22935.txt neg neg:1.0 pos:1.356601522563852E-26 
cv877_29274.txt pos pos:0.9999999999456188 neg:5.438114831836293E-11 
cv833_11053.txt pos pos:0.9999999999999996 neg:3.5623375877134784E-16 
cv852_27523.txt pos pos:0.998681870741228 neg:0.0013181292587720352 
cv960_29007.txt pos pos:0.9950453272460025 neg:0.004954672753997509 
cv579_11605.txt pos pos:1.0 neg:2.101881946968807E-23 
cv562_10359.txt pos neg:0.9999900008187551 pos:9.999181244763428E-6 
cv982_21103.txt pos pos:1.0 neg:9.971394323064146E-19 
cv667_18467.txt pos pos:1.0 neg:5.603523142109225E-64 
cv980_11851.txt neg neg:1.0 pos:1.005361989134302E-40 
cv782_21078.txt neg neg:1.0 pos:1.6155024552908517E-23 
cv548_18944.txt neg neg:0.99999999999996 pos:4.003619128277501E-14 
cv116_28734.txt neg pos:0.9994111469404796 neg:5.888530595203918E-4 
cv737_28733.txt neg neg:1.0 pos:5.581780212442579E-30 
cv322_20318.txt pos pos:0.9994160252657017 neg:5.83974734298299E-4 
cv472_29140.txt neg pos:1.0 neg:4.57878250183407E-23 
cv203_17986.txt pos pos:1.0 neg:1.9712330837791427E-32 
cv741_12765.txt neg neg:0.9999999999999722 pos:2.767779434165235E-14 
cv173_4471.txt pos pos:0.9612020538666511 neg:0.038797946133349005 
cv612_5396.txt neg neg:0.9999957973042948 pos:4.202695705168806E-6 
cv808_13773.txt neg pos:0.7080435128675143 neg:0.2919564871324856 
cv115_25396.txt pos pos:1.0 neg:1.539199764904801E-112 
cv384_18536.txt neg neg:0.9999999999691525 pos:3.084763615936958E-11 
cv754_7216.txt pos pos:0.9993768187348329 neg:6.231812651671159E-4 
cv580_14064.txt pos neg:0.9988696070516923 pos:0.001130392948307802 
cv985_5964.txt neg neg:0.9999999999999989 pos:1.1677476497376926E-15 
cv386_10080.txt pos pos:1.0 neg:3.810624285445382E-48 
cv028_26746.txt pos neg:0.9999997317409546 pos:2.682590454343116E-7 
cv549_21443.txt pos pos:1.0 neg:2.883838511473497E-23 
cv832_24713.txt neg neg:1.0 pos:6.196410056745048E-23 
cv771_28466.txt neg neg:1.0 pos:6.39510421311764E-54 
cv114_19501.txt neg neg:0.999999999998616 pos:1.3839502179567832E-12 
cv232_14991.txt pos pos:0.9988883774009985 neg:0.0011116225990015962 
cv245_8569.txt pos pos:1.0 neg:2.4806873785146025E-20 
cv713_29155.txt pos pos:0.9999999999995126 neg:4.8741023449588E-13 
cv379_21963.txt pos pos:0.9999999999999996 neg:4.618771204070307E-16 
cv190_27052.txt pos pos:1.0 neg:5.386016104166341E-29 
cv937_9816.txt neg neg:0.9999999999980125 pos:1.987469688213511E-12 
cv297_10047.txt pos pos:0.9999999999198839 neg:8.011612182013171E-11 
cv699_7223.txt pos neg:0.9999999647862478 pos:3.521375217730777E-8 
cv591_24887.txt neg neg:0.9999999999999667 pos:3.339883487224669E-14 
cv151_17231.txt neg pos:0.994370026481279 neg:0.005629973518720934 
cv189_22934.txt pos pos:0.9999991567377952 neg:8.432622048293818E-7 
cv575_22598.txt neg pos:1.0 neg:4.69056928373451E-25 
cv899_16014.txt pos pos:1.0 neg:1.3751266788541053E-22 
cv248_15672.txt neg neg:0.9999999314068444 pos:6.859315545814508E-8 
cv304_28706.txt pos pos:0.9999964626042667 neg:3.5373957332923876E-6 
cv079_11933.txt pos pos:0.9999943543129822 neg:5.6456870177152725E-6 
cv983_22928.txt pos pos:0.9999999999998643 neg:1.356594642017523E-13 
cv519_16239.txt neg pos:1.0 neg:1.8110550263184095E-17 
cv948_25870.txt neg neg:1.0 pos:1.8114704893041277E-35 
cv074_6875.txt pos pos:0.9999999999999172 neg:8.2831464175806E-14 
cv821_29364.txt pos pos:0.9998948958272768 neg:1.0510417272327568E-4 
cv012_29576.txt pos pos:1.0 neg:9.504840057597583E-31 
cv117_24295.txt pos pos:0.9999970096211401 neg:2.990378859770321E-6 
cv852_27512.txt neg neg:0.9998156530459694 pos:1.8434695403059183E-4 
cv209_28973.txt neg neg:1.0 pos:2.5295612800296637E-19 
cv138_12721.txt pos neg:0.9999690502822469 pos:3.094971775311272E-5 
cv291_26635.txt pos pos:0.9999980481266755 neg:1.951873324462138E-6 
cv489_19046.txt neg neg:1.0 pos:1.695001174689533E-23 
cv827_19479.txt neg neg:1.0 pos:3.0099240649886595E-19 
cv799_19812.txt neg neg:1.0 pos:3.2909972746954E-39 
cv996_12447.txt neg neg:0.9999678129855172 pos:3.218701448273945E-5 
cv168_7050.txt pos pos:1.0 neg:7.333092087296436E-45 
cv919_18155.txt neg neg:0.9999999999996925 pos:3.075996739312439E-13 
cv195_16146.txt neg neg:0.9999999999985836 pos:1.416442359303105E-12 
cv064_24576.txt pos pos:1.0 neg:4.6108696882888294E-27 
cv826_12761.txt neg neg:0.9998220187942092 pos:1.779812057907715E-4 
cv712_24217.txt neg neg:0.9999999999872649 pos:1.27351036139108E-11 
cv480_19817.txt pos neg:0.8874688593796535 pos:0.11253114062034643 
cv041_21113.txt pos pos:1.0 neg:3.515002462203594E-52 
cv705_11973.txt neg neg:1.0 pos:3.634559046667102E-24 
cv350_20670.txt pos pos:0.9999999945396036 neg:5.460396270130872E-9 
cv654_19345.txt neg neg:1.0 pos:4.759173451057407E-21 
cv905_28965.txt neg pos:0.9999924493616914 neg:7.5506383086587475E-6 
cv320_9693.txt neg neg:1.0 pos:1.753552537913431E-18 
cv805_19601.txt pos pos:1.0 neg:6.90912299535356E-22 
cv626_7907.txt neg neg:0.9999999999999993 pos:5.855425541585524E-16 
cv727_4978.txt pos pos:0.9999992488241738 neg:7.511758262565266E-7 
cv891_6385.txt pos neg:0.9999999999982216 pos:1.7783609516587825E-12 
cv281_24711.txt neg neg:1.0 pos:2.1311626372934467E-48 
cv220_28906.txt neg pos:0.9998842009692807 neg:1.1579903071929297E-4 
cv822_20049.txt pos pos:1.0 neg:3.080556734132786E-29 
cv034_29446.txt neg pos:0.9999997649170831 neg:2.3508291687488453E-7 
cv716_10514.txt pos neg:0.999999144269101 pos:8.557308990148599E-7 
cv202_10654.txt pos pos:1.0 neg:4.395179429145912E-32 
cv960_28877.txt neg pos:0.999998070359958 neg:1.929640041899787E-6 
cv681_9744.txt neg neg:1.0 pos:4.919308779776396E-18 
cv767_14062.txt pos pos:0.9999049758851627 neg:9.502411483736248E-5 
cv904_25663.txt neg neg:0.9998658469294732 pos:1.3415307052683923E-4 
cv617_9561.txt neg neg:0.9999784178813986 pos:2.1582118601356452E-5 
cv349_15032.txt neg neg:0.9999999976551859 pos:2.3448140931133206E-9 
cv889_22670.txt neg neg:0.9999997903250701 pos:2.0967492981336385E-7 
cv967_5626.txt neg neg:0.990474405986833 pos:0.009525594013166891 
cv600_23878.txt pos pos:1.0 neg:9.67358468787865E-38 
cv368_10466.txt pos pos:1.0 neg:4.0099845376838106E-33 
cv774_13845.txt pos pos:0.9999999999985161 neg:1.4838152977821845E-12 
cv153_11607.txt neg neg:1.0 pos:1.961579090149661E-17 
cv370_5338.txt neg neg:0.9999999948264571 pos:5.173542917590756E-9 
cv200_29006.txt neg pos:1.0 neg:8.379499552566366E-18 
cv956_12547.txt neg neg:1.0 pos:9.559169126719147E-45 
cv829_20289.txt pos pos:0.9999999693189372 neg:3.06810628461719E-8 
cv909_9960.txt pos neg:0.9999999842640377 pos:1.5735962265331936E-8 
cv432_15873.txt neg neg:1.0 pos:2.485736207988259E-17 
cv908_16009.txt pos neg:0.9999743362375308 pos:2.566376246904397E-5 
cv589_12064.txt pos pos:1.0 neg:4.781526764523924E-43 
cv536_27134.txt pos neg:0.9974428262895509 pos:0.0025571737104489864 
cv973_10171.txt neg neg:1.0 pos:3.949787083481764E-34 
cv446_12209.txt neg neg:0.9999999999999509 pos:4.9134931170494605E-14 
cv157_29302.txt neg pos:0.8061781693901708 neg:0.19382183060982922 
cv465_22431.txt pos pos:0.9999999999991214 neg:8.785957811667498E-13 
cv909_9973.txt neg pos:0.9998300305377367 neg:1.6996946226346612E-4 
cv222_17395.txt pos pos:1.0 neg:2.250079303906412E-24 
cv470_17444.txt neg neg:1.0 pos:4.634544962419194E-22 
cv115_26443.txt neg neg:1.0 pos:6.303469944166977E-17 
cv504_29120.txt neg pos:0.7471690473483374 neg:0.2528309526516625 
cv757_10668.txt neg neg:0.9999999999996518 pos:3.4827126643268104E-13 
cv882_10042.txt neg neg:1.0 pos:1.6540747317776073E-30 
cv065_15248.txt pos pos:1.0 neg:7.189655784179468E-48 
cv520_12295.txt pos pos:0.8479923248444519 neg:0.15200767515554803 
cv145_12239.txt neg neg:0.9999999296253445 pos:7.03746556038248E-8 
cv404_20315.txt pos pos:0.9998460709728213 neg:1.539290271786808E-4 
cv586_8048.txt neg neg:1.0 pos:8.49910476500494E-71 
cv786_22497.txt pos pos:0.9999250381577688 neg:7.496184223126203E-5 
cv918_2693.txt pos neg:0.9999996477693237 pos:3.522306762610848E-7 
cv072_6169.txt pos neg:0.9893558682929569 pos:0.010644131707043078 
cv206_15893.txt neg neg:0.9709595544253216 pos:0.029040445574678372 
cv146_18458.txt pos pos:1.0 neg:1.3362132192464708E-49 
cv862_14324.txt pos pos:1.0 neg:5.7757665425647345E-49 
cv027_25219.txt pos pos:1.0 neg:7.800029760949434E-70 
cv409_29786.txt pos pos:1.0 neg:4.407519007626065E-24 
cv591_23640.txt pos pos:1.0 neg:1.1213494183138463E-20 
cv576_15688.txt neg neg:1.0 pos:5.5842586048766674E-33 
cv555_23922.txt pos neg:1.0 pos:4.754496140470733E-30 
cv738_10116.txt pos pos:1.0 neg:1.7891120064013766E-80 
cv308_5079.txt neg neg:1.0 pos:2.18936818022651E-28 
cv869_24782.txt neg neg:0.9999999999999998 pos:1.1281720936552476E-16 
cv936_15954.txt pos pos:1.0 neg:1.2862631462946916E-26 
cv154_9562.txt neg neg:1.0 pos:9.502679120617527E-27 
cv208_9475.txt neg neg:0.9999999999967879 pos:3.212128760654303E-12 
cv761_12620.txt pos neg:0.9999999999999447 pos:5.527624299759827E-14 
cv143_19666.txt pos pos:0.9999999999999984 neg:1.6595840547309889E-15 
cv638_29394.txt neg neg:0.999999999976799 pos:2.3201004993941235E-11 
cv314_16095.txt neg pos:0.9999999996839226 neg:3.160774168289134E-10 
cv226_26692.txt neg neg:1.0 pos:1.4043258587695455E-37 
cv511_10132.txt pos neg:0.9995168242576696 pos:4.831757423303092E-4 
cv124_4122.txt pos pos:1.0 neg:6.959732537773867E-17 
cv176_14196.txt neg neg:0.9999999999999991 pos:8.328938297563438E-16 
cv077_22138.txt pos neg:0.9968798578616043 pos:0.0031201421383956454 
cv381_21673.txt neg pos:1.0 neg:3.177357031718144E-25 
cv198_18180.txt pos neg:0.9951985159057785 pos:0.004801484094221596 
cv047_18725.txt neg neg:0.9999999999966969 pos:3.3031002760531638E-12 
cv106_18379.txt neg pos:0.9999998308880329 neg:1.6911196716070325E-7 
cv483_18103.txt neg neg:0.99999999999994 pos:5.988829586391944E-14 
cv715_18179.txt pos pos:0.880394281951352 neg:0.11960571804864802 
cv280_8267.txt pos pos:0.9779299439168034 neg:0.02207005608319652 
cv408_5367.txt neg neg:0.9999999999999307 pos:6.936586034059222E-14 
cv815_22456.txt pos neg:0.9955866486024466 pos:0.004413351397553416 
cv462_20788.txt neg neg:0.9999999999954352 pos:4.564716053483205E-12 
cv766_7983.txt neg neg:1.0 pos:2.748071648590823E-50 
cv896_17819.txt neg neg:1.0 pos:2.9398075327034254E-23 
cv178_14380.txt neg pos:0.7111856671968388 neg:0.28881433280316104 
cv502_10406.txt pos pos:0.9999999999968288 neg:3.171134306125472E-12 
cv609_23877.txt pos pos:0.9999999999988745 neg:1.1255185123078598E-12 
cv397_29023.txt pos pos:0.6631992960804894 neg:0.33680070391951045 
cv643_29349.txt pos pos:0.9999999999979641 neg:2.035901266751435E-12 
cv232_16768.txt neg pos:1.0 neg:7.03860874347224E-17 
cv631_4782.txt neg pos:0.992082517788668 neg:0.007917482211331954 
cv634_11989.txt neg pos:0.9999999999999989 neg:1.024129973410095E-15 
cv085_1381.txt pos pos:1.0 neg:4.033167832401144E-22 
cv814_18975.txt pos pos:0.9999999985395003 neg:1.4604998076803559E-9 
cv453_10911.txt neg neg:1.0 pos:3.4584451496939985E-21 
cv235_10704.txt neg neg:1.0 pos:3.108174461763775E-33 
cv810_13660.txt neg neg:1.0 pos:3.252499513547871E-17 
cv553_26915.txt pos pos:1.0 neg:6.148170415423028E-23 
cv865_28796.txt neg neg:0.9999999999999898 pos:1.0278975367502542E-14 
cv834_23192.txt neg neg:1.0 pos:2.870855384661823E-26 
cv309_23737.txt neg pos:0.9999999999400617 neg:5.993829593961969E-11 
cv062_24556.txt neg neg:1.0 pos:2.9134922265270715E-17 
cv718_12227.txt neg neg:1.0 pos:3.341203019122614E-25 
cv331_8656.txt neg neg:0.9999999999997622 pos:2.3776283950205967E-13 
cv755_23616.txt pos pos:1.0 neg:4.56155978192781E-27 
cv622_8583.txt neg neg:0.9999774326819396 pos:2.2567318060340803E-5 
Trial 0 Trainer NaiveBayesTrainer Training Data Confusion Matrix
Confusion Matrix, row=true, column=predicted  accuracy=0.9838888888888889
  label   0   1  |total
  0 neg 895   5  |900
  1 pos  24 876  |900

Trial 0 Trainer NaiveBayesTrainer training data accuracy= 0.9838888888888889
Trial 0 Trainer NaiveBayesTrainer Test Data Confusion Matrix
Confusion Matrix, row=true, column=predicted  accuracy=0.785
  label   0   1  |total
  0 neg  78  22  |100
  1 pos  21  79  |100

Trial 0 Trainer NaiveBayesTrainer test data accuracy= 0.785

NaiveBayesTrainer
Summary. train accuracy mean = 0.9838888888888889 stddev = 0.0 stderr = 0.0
Summary. test accuracy mean = 0.785 stddev = 0.0 stderr = 0.0
