
-------------------- Trial 0  --------------------

Trial 0 Training NaiveBayesTrainer with 1800 instances
Trial 0 Training NaiveBayesTrainer finished
Trial 0 Trainer NaiveBayesTrainer
 Raw Testing Data
cv082_11979.txt neg neg:0.9999999999999978 pos:2.226184085062968E-15 
cv898_1576.txt neg neg:1.0 pos:5.7002383363146615E-31 
cv242_11354.txt neg neg:0.9999999999999998 pos:1.4004290483778656E-16 
cv693_18063.txt pos neg:0.999999997532032 pos:2.4679680425209157E-9 
cv659_21483.txt neg neg:0.9999999999999993 pos:7.480849293245079E-16 
cv636_15279.txt pos neg:1.0 pos:3.5036398192176925E-20 
cv256_16529.txt neg neg:1.0 pos:1.7119708370038944E-29 
cv347_14722.txt neg neg:0.9999999984489123 pos:1.5510877403746499E-9 
cv491_12992.txt neg neg:1.0 pos:1.470009836523531E-37 
cv596_28311.txt pos pos:1.0 neg:4.769481802933695E-48 
cv410_25624.txt neg neg:0.9999999968884883 pos:3.111511696090283E-9 
cv233_15964.txt pos pos:1.0 neg:1.35558050316203E-17 
cv831_16325.txt neg neg:1.0 pos:1.2557448139921734E-17 
cv298_24487.txt neg neg:0.9999999999997442 pos:2.5579464198502883E-13 
cv510_23360.txt pos pos:0.9998560007413876 neg:1.4399925861238928E-4 
cv588_14467.txt neg neg:0.9999999999928921 pos:7.107864903331613E-12 
cv516_11172.txt pos neg:0.9990572880621109 pos:9.427119378889856E-4 
cv053_23117.txt neg neg:1.0 pos:1.9635279705009385E-58 
cv923_11951.txt neg neg:1.0 pos:4.250588294585601E-44 
cv470_15952.txt pos neg:0.9999980258050881 pos:1.9741949119035245E-6 
cv327_20292.txt pos pos:1.0 neg:5.859183342950576E-24 
cv537_13516.txt neg neg:1.0 pos:9.275347460351334E-39 
cv343_10368.txt pos pos:0.9999999999999991 neg:8.457339337168721E-16 
cv292_7282.txt pos pos:0.9966977241298925 neg:0.0033022758701074387 
cv025_29825.txt neg pos:0.9987130153843005 neg:0.0012869846156995475 
cv129_18373.txt neg neg:1.0 pos:4.498489679527742E-17 
cv263_19259.txt pos neg:0.999998197633506 pos:1.8023664940114886E-6 
cv599_22197.txt neg neg:1.0 pos:3.9660849776230963E-22 
cv015_29356.txt neg neg:1.0 pos:2.184883351017718E-27 
cv996_11592.txt pos pos:0.9999999999376805 neg:6.231949110928347E-11 
cv235_10217.txt pos pos:1.0 neg:2.098621799591288E-19 
cv666_18963.txt pos pos:1.0 neg:2.2533538513284904E-28 
cv365_11576.txt pos neg:0.9999999972243445 pos:2.7756555810221682E-9 
cv172_12037.txt neg neg:1.0 pos:1.5310873727333444E-26 
cv310_14568.txt neg neg:1.0 pos:2.538636188536131E-41 
cv697_11162.txt pos pos:0.9999859584913064 neg:1.4041508693578666E-5 
cv534_14083.txt pos pos:0.9713884137840861 neg:0.028611586215913757 
cv622_8147.txt pos neg:0.9985179856331827 pos:0.001482014366817149 
cv362_15341.txt pos pos:1.0 neg:1.4349305848528016E-28 
cv816_13655.txt pos neg:0.9999999999999998 pos:2.356104461296137E-16 
cv233_17614.txt neg neg:0.9999992429251007 pos:7.570748993125171E-7 
cv563_18610.txt neg pos:0.9934631727644849 neg:0.006536827235515008 
cv629_14909.txt pos pos:1.0 neg:2.044483518377536E-19 
cv020_9234.txt neg neg:1.0 pos:1.1591610336811667E-24 
cv724_15265.txt neg neg:0.9999999996026643 pos:3.973358139348598E-10 
cv286_26156.txt neg neg:1.0 pos:2.1918298419033313E-26 
cv357_14710.txt neg neg:0.9999999999999969 pos:3.1479494638413593E-15 
cv595_26420.txt neg neg:1.0 pos:8.785918607066446E-30 
cv594_11039.txt pos neg:0.802808371310734 pos:0.19719162868926604 
cv572_18657.txt pos pos:0.9999907899902123 neg:9.210009787601888E-6 
cv828_19831.txt pos neg:0.999998620533312 pos:1.3794666878792044E-6 
cv736_24947.txt neg neg:1.0 pos:1.6616139320344738E-54 
cv447_27332.txt pos neg:0.9815902081161375 pos:0.018409791883862617 
cv397_28890.txt neg neg:1.0 pos:7.101283379681522E-34 
cv877_29132.txt neg neg:0.9999999999990867 pos:9.133524550018155E-13 
cv688_7884.txt neg neg:1.0 pos:3.241477344656314E-18 
cv155_7308.txt pos pos:1.0 neg:1.9636119221683655E-28 
cv306_10364.txt pos pos:1.0 neg:2.8612775540069403E-59 
cv597_26360.txt pos pos:1.0 neg:5.78299710111171E-19 
cv456_20370.txt neg neg:0.9999999921837476 pos:7.816252421422108E-9 
cv821_29283.txt neg pos:0.9908903008730405 neg:0.009109699126959536 
cv745_12773.txt pos pos:1.0 neg:7.957198769391355E-31 
cv882_10026.txt pos neg:1.0 pos:2.974988418377467E-23 
cv476_16856.txt pos pos:1.0 neg:1.540708232905963E-27 
cv290_11981.txt neg neg:0.9999999999999998 pos:1.9576040594325807E-16 
cv564_12011.txt neg neg:0.9999999999791434 pos:2.0856701997143043E-11 
cv043_15013.txt pos pos:1.0 neg:6.877283207328448E-34 
cv285_18186.txt neg neg:0.9999996404585101 pos:3.59541489846971E-7 
cv971_10874.txt pos pos:0.9999999999999944 neg:5.513156188627483E-15 
cv182_7791.txt neg neg:0.9999999891570729 pos:1.0842927126841772E-8 
cv450_7890.txt pos pos:0.9999999999999987 neg:1.2393328308060767E-15 
cv860_13853.txt pos pos:0.9999999999999987 neg:1.2324092403436237E-15 
cv779_17881.txt pos pos:0.9999999370578068 neg:6.294219319327944E-8 
cv097_24970.txt pos pos:1.0 neg:1.9104624608233478E-19 
cv665_29386.txt neg neg:0.9999999999999878 pos:1.2323144288139429E-14 
cv468_15228.txt pos pos:1.0 neg:2.6051558597196984E-32 
cv920_29423.txt neg neg:1.0 pos:1.9579103899511945E-25 
cv096_12262.txt neg neg:0.9999975921153409 pos:2.407884659207073E-6 
cv550_23226.txt neg neg:1.0 pos:2.939568305346698E-24 
cv391_10802.txt pos neg:0.999999610518564 pos:3.894814360010687E-7 
cv503_11196.txt neg neg:1.0 pos:6.993517235155205E-17 
cv103_11021.txt pos neg:0.9999999999999825 pos:1.7622592987621256E-14 
cv590_19290.txt pos pos:0.9997969596768278 neg:2.0304032317225413E-4 
cv457_18453.txt pos pos:1.0 neg:5.3764864101607084E-39 
cv724_13681.txt pos pos:1.0 neg:3.225835265815148E-23 
cv344_5376.txt neg neg:1.0 pos:1.2660422142129706E-17 
cv416_11136.txt pos pos:0.9999999999999742 neg:2.566263538764836E-14 
cv856_29013.txt pos neg:0.9999999468471709 pos:5.315282909282854E-8 
cv438_8043.txt pos pos:0.9999999999999765 neg:2.3624112931538447E-14 
cv607_7717.txt pos neg:0.9914796202758376 pos:0.00852037972416245 
cv184_2673.txt pos neg:0.9999996575881593 pos:3.4241184074380204E-7 
cv862_15924.txt neg pos:0.8915070590101758 neg:0.10849294098982423 
cv134_23300.txt neg neg:1.0 pos:7.7610011661465795E-28 
cv742_7751.txt pos pos:0.8677949724672906 neg:0.13220502753270946 
cv066_11668.txt neg neg:0.999998299336121 pos:1.7006638788640381E-6 
cv133_16336.txt pos pos:0.9999999999999989 neg:1.0655621463655467E-15 
cv635_10022.txt pos pos:1.0 neg:1.0047064210469132E-44 
cv330_29675.txt neg pos:0.6231415274562496 neg:0.37685847254375043 
cv751_17208.txt neg neg:1.0 pos:5.64161218348343E-20 
cv894_22140.txt neg neg:1.0 pos:2.4811295007036653E-30 
cv391_11615.txt neg neg:0.9999999691935831 pos:3.0806416995077927E-8 
cv104_19176.txt neg pos:0.999999999763656 neg:2.363439670591083E-10 
cv044_18429.txt neg neg:1.0 pos:8.141272314222224E-23 
cv313_19337.txt neg neg:1.0 pos:4.771885158613455E-17 
cv018_20137.txt pos pos:0.9999996882041327 neg:3.1179586736987675E-7 
cv359_6751.txt neg neg:0.9999999982348382 pos:1.7651618256108145E-9 
cv261_11855.txt neg neg:0.9999999994888737 pos:5.111262056658488E-10 
cv198_19313.txt neg pos:0.9999999840759535 neg:1.592404642745296E-8 
cv709_10529.txt pos neg:0.9999999999959457 pos:4.054246531667757E-12 
cv545_12014.txt pos pos:1.0 neg:2.01830384334598E-51 
cv089_11418.txt pos neg:0.9999995530684308 pos:4.4693156925329013E-7 
cv540_3092.txt neg neg:0.999999894889291 pos:1.0511070912587235E-7 
cv094_27868.txt neg pos:0.9989989202658827 neg:0.0010010797341172535 
cv837_27232.txt neg pos:0.9965290384201034 neg:0.003470961579896428 
cv342_19456.txt pos neg:0.8097971151746287 pos:0.19020288482537137 
cv300_23302.txt neg neg:1.0 pos:9.008962468391438E-34 
cv493_14135.txt neg neg:1.0 pos:4.074056851291618E-18 
cv127_16451.txt neg neg:0.9999997066399483 pos:2.933600516785058E-7 
cv301_13010.txt neg pos:0.9999999999999896 neg:1.0514464394625382E-14 
cv674_10732.txt pos pos:1.0 neg:1.6539370916580743E-31 
cv250_26462.txt neg neg:0.9999999974397837 pos:2.5602162275005506E-9 
cv356_25163.txt pos pos:1.0 neg:1.3787179843949465E-19 
cv019_16117.txt neg neg:1.0 pos:1.918888843757819E-26 
cv625_13518.txt neg neg:1.0 pos:2.0790526207506906E-19 
cv845_15886.txt neg pos:0.9999823310561543 neg:1.7668943845608235E-5 
cv464_15650.txt pos pos:0.9098865858818875 neg:0.09011341411811255 
cv044_16969.txt pos pos:0.999998077450694 neg:1.9225493058582822E-6 
cv514_11187.txt pos neg:1.0 pos:5.785496041563752E-20 
cv951_11816.txt neg neg:1.0 pos:2.410184047195684E-17 
cv444_9974.txt pos neg:0.9997168681319235 pos:2.831318680764249E-4 
cv915_9342.txt neg neg:0.9999999999999998 pos:2.9403323558275016E-16 
cv048_16828.txt pos pos:1.0 neg:1.4810407762158388E-21 
cv573_29525.txt pos pos:1.0 neg:2.616284947864767E-41 
cv077_23172.txt neg neg:1.0 pos:1.9304099837275685E-20 
cv928_9478.txt neg neg:1.0 pos:1.1038274128827866E-51 
cv033_25680.txt neg neg:0.9999999999999929 pos:7.179662999181481E-15 
cv723_8648.txt pos neg:0.9985800375500771 pos:0.0014199624499228861 
cv283_11055.txt pos pos:0.9999999999999787 neg:2.1327502732475606E-14 
cv335_14665.txt pos pos:1.0 neg:6.965203478572453E-25 
cv299_16214.txt pos pos:0.6778868916787653 neg:0.3221131083212347 
cv931_18783.txt neg pos:0.9999991906515959 neg:8.093484039789148E-7 
cv434_5641.txt neg pos:1.0 neg:5.930160090091627E-25 
cv401_13758.txt neg neg:1.0 pos:1.0439181644690519E-24 
cv869_23611.txt pos pos:1.0 neg:1.0243812901032816E-33 
cv997_5152.txt neg neg:0.9999999998811868 pos:1.188132398579273E-10 
cv149_17084.txt neg neg:1.0 pos:1.179289824985947E-30 
cv800_13494.txt neg neg:0.9999999989129063 pos:1.0870938549987416E-9 
cv448_16409.txt neg neg:0.9614390477829534 pos:0.03856095221704656 
cv621_14368.txt pos pos:1.0 neg:4.536732191413229E-24 
cv958_13020.txt neg neg:0.8476477384771948 pos:0.15235226152280526 
cv990_12443.txt neg neg:0.9999999999999969 pos:3.1909725859958144E-15 
cv026_29325.txt pos pos:0.9999977634141678 neg:2.2365858321841777E-6 
cv180_17823.txt neg neg:1.0 pos:1.869394507953046E-17 
cv527_10338.txt neg pos:0.9999999999999998 neg:1.1683799640526743E-16 
cv242_10638.txt pos neg:0.9999999999840266 pos:1.597337252965764E-11 
cv454_2053.txt pos pos:0.9999999924407389 neg:7.55926115134236E-9 
cv209_29118.txt pos neg:0.9999999986853827 pos:1.3146172444604448E-9 
cv994_13229.txt neg neg:1.0 pos:1.1252141036225497E-34 
cv804_11763.txt neg neg:0.8037825535797869 pos:0.196217446420213 
cv824_9335.txt neg neg:0.9999992529455358 pos:7.470544641527584E-7 
cv871_24888.txt pos neg:1.0 pos:1.7563993813635915E-20 
cv141_17179.txt neg neg:1.0 pos:9.551868576418435E-52 
cv118_28837.txt neg neg:1.0 pos:2.516568606474645E-53 
cv780_8467.txt neg neg:0.9999999999999567 pos:4.3240310192785054E-14 
cv933_23776.txt pos pos:1.0 neg:1.2324224324871833E-49 
cv050_11175.txt pos neg:0.9999999999999993 pos:5.660109193372363E-16 
cv120_3793.txt neg pos:0.9999999999999989 neg:1.110946885430665E-15 
cv061_8837.txt pos pos:1.0 neg:4.3978170107805047E-48 
cv248_13987.txt pos pos:1.0 neg:1.146907813012853E-25 
cv258_5792.txt pos pos:0.99999999999978 neg:2.199550603902501E-13 
cv819_9364.txt pos neg:0.9995762836356807 pos:4.237163643192026E-4 
cv225_29083.txt neg neg:1.0 pos:2.54302310147838E-46 
cv287_15900.txt pos neg:0.9999999997968032 pos:2.03196784991987E-10 
cv250_25616.txt pos pos:1.0 neg:9.879629482166523E-29 
cv191_29539.txt neg neg:1.0 pos:2.1753587322711418E-30 
cv993_29737.txt pos pos:0.9999994748481111 neg:5.251518888548762E-7 
cv400_19220.txt pos neg:0.9999999666199839 pos:3.338001604812449E-8 
cv303_27520.txt pos pos:0.999999999999712 neg:2.8809901402570954E-13 
cv795_10122.txt pos pos:1.0 neg:5.8242917111846164E-39 
cv848_10036.txt pos pos:0.9999999998678393 neg:1.3216064512156393E-10 
cv533_9821.txt pos neg:0.9999999999996088 pos:3.9131597646536277E-13 
cv578_16825.txt neg neg:0.9999999718964813 pos:2.810351873873298E-8 
cv410_24266.txt pos pos:0.9999989253779864 neg:1.0746220135441468E-6 
cv060_11754.txt neg pos:0.9999999999999984 neg:1.485549125009116E-15 
cv604_2230.txt pos pos:0.9999999999999971 neg:2.8324225698247975E-15 
cv086_18371.txt pos pos:1.0 neg:5.691441590893685E-47 
cv987_7394.txt neg neg:1.0 pos:4.834503215469905E-43 
cv255_15267.txt neg neg:1.0 pos:3.443517033617277E-28 
cv557_11449.txt pos pos:1.0 neg:8.71798077427612E-31 
cv294_11684.txt pos pos:1.0 neg:1.2998298933705576E-59 
cv147_21193.txt pos pos:1.0 neg:1.3801297266634882E-37 
cv711_12687.txt neg neg:1.0 pos:3.471324165936976E-36 
cv429_7937.txt neg neg:1.0 pos:6.86159413532519E-27 
cv407_22637.txt pos pos:1.0 neg:4.978374462165062E-21 
cv196_29027.txt pos neg:0.9999999999483156 pos:5.168440339013146E-11 
cv491_12145.txt pos neg:0.7644815738701249 pos:0.23551842612987509 
cv411_16799.txt neg neg:0.9509106808932549 pos:0.04908931910674514 
cv633_29730.txt neg neg:0.9999999999995917 pos:4.0841333532000016E-13 
cv943_22488.txt pos pos:0.9999999985723667 neg:1.427633263553057E-9 
cv813_6534.txt pos pos:0.9999996132464223 neg:3.867535776944759E-7 
Trial 0 Trainer NaiveBayesTrainer Training Data Confusion Matrix
Confusion Matrix, row=true, column=predicted  accuracy=0.9827777777777778
  label   0   1  |total
  0 neg 894   6  |900
  1 pos  25 875  |900

Trial 0 Trainer NaiveBayesTrainer training data accuracy= 0.9827777777777778
Trial 0 Trainer NaiveBayesTrainer Test Data Confusion Matrix
Confusion Matrix, row=true, column=predicted  accuracy=0.755
  label   0   1  |total
  0 neg  84  16  |100
  1 pos  33  67  |100

Trial 0 Trainer NaiveBayesTrainer test data accuracy= 0.755

NaiveBayesTrainer
Summary. train accuracy mean = 0.9827777777777778 stddev = 0.0 stderr = 0.0
Summary. test accuracy mean = 0.755 stddev = 0.0 stderr = 0.0
