
-------------------- Trial 0  --------------------

Trial 0 Training NaiveBayesTrainer with 1800 instances
Trial 0 Training NaiveBayesTrainer finished
Trial 0 Trainer NaiveBayesTrainer
 Raw Testing Data
cv918_27080.txt neg neg:0.9990057858494431 pos:9.942141505568211E-4 
cv373_20404.txt pos pos:0.9999999913874434 neg:8.612556612217482E-9 
cv461_21124.txt neg pos:0.9959922833561687 neg:0.004007716643831308 
cv106_16807.txt pos pos:1.0 neg:1.0302058931047084E-18 
cv981_14989.txt pos pos:1.0 neg:1.1574198900201844E-18 
cv609_25038.txt neg neg:0.9999999876720652 pos:1.2327934810114111E-8 
cv035_3954.txt pos pos:0.9999999999886742 neg:1.1325783637033361E-11 
cv495_16121.txt neg neg:0.9999847508418683 pos:1.5249158131583317E-5 
cv868_11948.txt pos pos:1.0 neg:2.147503087472818E-18 
cv768_12709.txt neg neg:1.0 pos:6.782110147947908E-31 
cv539_21865.txt neg neg:1.0 pos:8.733117880968735E-28 
cv582_6678.txt neg neg:0.9999999995299576 pos:4.700424925404278E-10 
cv967_5788.txt pos pos:1.0 neg:9.293311216973834E-20 
cv706_25883.txt neg neg:1.0 pos:6.257081808676642E-34 
cv264_14108.txt neg neg:0.9999999996953055 pos:3.0469440042263446E-10 
cv251_23901.txt neg neg:1.0 pos:3.5842132674216605E-67 
cv395_10849.txt pos pos:1.0 neg:3.4905268512047113E-17 
cv872_13710.txt neg neg:0.9999999987758366 pos:1.2241634541034423E-9 
cv977_4938.txt pos pos:0.9999999999764351 neg:2.3564823146938373E-11 
cv944_15042.txt neg neg:0.9999999997845455 pos:2.1545453169900236E-10 
cv212_10027.txt pos pos:0.9999999981372216 neg:1.862778267157174E-9 
cv307_25270.txt pos neg:0.9999887065152 pos:1.1293484799952915E-5 
cv359_6647.txt pos pos:0.5642470253788693 neg:0.4357529746211308 
cv786_23608.txt neg neg:0.9999999999999964 pos:3.4641769578585215E-15 
cv974_22941.txt pos pos:0.9999999999999967 neg:3.3727487001810125E-15 
cv054_4230.txt pos neg:0.9999999999703315 pos:2.966847379225245E-11 
cv984_14006.txt neg neg:0.9999799378898461 pos:2.0062110153946307E-5 
cv169_23778.txt pos pos:1.0 neg:3.8838733604027025E-46 
cv763_14729.txt pos pos:0.9999866474070999 neg:1.335259290018203E-5 
cv002_15918.txt pos neg:0.9999757202685707 pos:2.4279731429160365E-5 
cv892_17576.txt pos pos:0.9999999999997717 neg:2.2832910365043577E-13 
cv871_25971.txt neg neg:1.0 pos:1.7924126550888562E-27 
cv006_17022.txt neg neg:0.9999999999999576 pos:4.237434499704065E-14 
cv542_18980.txt pos pos:0.9999776692817978 neg:2.2330718202318518E-5 
cv532_6495.txt neg neg:0.999999844053253 pos:1.5594674695859988E-7 
cv953_7078.txt neg neg:1.0 pos:2.7044868811996634E-32 
cv351_17029.txt neg neg:1.0 pos:3.850244853608593E-17 
cv840_18033.txt neg pos:0.9076981247354695 neg:0.09230187526453058 
cv758_9671.txt pos pos:0.9956153603661412 neg:0.0043846396338587355 
cv777_10247.txt neg neg:1.0 pos:5.1171153985420626E-17 
cv228_5644.txt neg neg:0.9999999923473429 pos:7.652657109572739E-9 
cv187_14112.txt neg neg:1.0 pos:1.0399312479886105E-23 
cv007_4968.txt pos pos:0.9999999736764813 neg:2.632351876667618E-8 
cv807_21740.txt pos pos:0.9999999999999991 neg:8.140681020375604E-16 
cv000_29590.txt pos neg:0.9999999999962781 pos:3.72195699854393E-12 
cv087_2145.txt neg neg:1.0 pos:1.5020609717544717E-30 
cv613_21796.txt pos pos:0.9999999999981684 neg:1.831536018170748E-12 
cv092_28017.txt pos pos:0.9999999999925422 neg:7.457895290617427E-12 
cv098_15435.txt pos neg:0.9999999988821913 pos:1.1178087929619992E-9 
cv157_29372.txt pos pos:1.0 neg:1.9297058518374076E-17 
cv107_24319.txt pos neg:0.9999999999806799 pos:1.9320130461296037E-11 
cv565_29403.txt neg neg:1.0 pos:4.627943012299831E-36 
cv809_5009.txt pos pos:1.0 neg:4.0235699393474136E-27 
cv418_14774.txt pos pos:0.9999930446112495 neg:6.955388750403069E-6 
cv832_23275.txt pos pos:0.9999999999999181 neg:8.186796117318919E-14 
cv577_28549.txt pos pos:1.0 neg:4.59458199478932E-71 
cv458_9000.txt neg neg:1.0 pos:1.669656086683756E-23 
cv846_29359.txt neg neg:1.0 pos:1.4450892566817457E-17 
cv695_21108.txt pos pos:1.0 neg:1.5884820171997232E-31 
cv155_7845.txt neg neg:1.0 pos:4.739814495349792E-23 
cv725_10103.txt pos neg:0.9999788143789297 pos:2.1185621070309393E-5 
cv855_20661.txt pos pos:0.9999999999999998 neg:2.5572263239847307E-16 
cv739_12179.txt neg neg:0.5815258325915936 pos:0.4184741674084064 
cv058_8469.txt neg neg:0.9996352439407954 pos:3.647560592045891E-4 
cv880_29629.txt neg pos:0.9999985185744066 neg:1.4814255934506267E-6 
cv165_22619.txt pos pos:1.0 neg:6.058092786072603E-17 
cv366_10709.txt neg neg:1.0 pos:2.6887141094602246E-25 
cv056_14663.txt neg neg:1.0 pos:5.972476820222946E-22 
cv884_13632.txt pos neg:0.9999999999999851 pos:1.48008871876349E-14 
cv841_3967.txt pos neg:0.9969725938444985 pos:0.0030274061555013877 
cv414_10518.txt pos pos:1.0 neg:1.53084015299761E-42 
cv858_20266.txt neg neg:1.0 pos:1.3986392416364737E-33 
cv262_12649.txt pos pos:0.9999997322005578 neg:2.677994422526079E-7 
cv587_19162.txt pos pos:0.9999999999993789 neg:6.211663038164292E-13 
cv965_26688.txt neg neg:0.9999999999999958 pos:4.179697771623967E-15 
cv848_10061.txt neg neg:1.0 pos:6.830056331281832E-28 
cv777_10094.txt pos pos:1.0 neg:4.188449962326824E-28 
cv735_20218.txt neg neg:0.9996933692487368 pos:3.0663075126339157E-4 
cv889_21430.txt pos neg:0.9999999999777769 pos:2.2223067225773754E-11 
cv763_16486.txt neg neg:1.0 pos:1.1726006562715122E-19 
cv288_20212.txt neg neg:1.0 pos:3.503951198839607E-19 
cv197_29271.txt neg pos:0.9130648550012651 neg:0.08693514499873482 
cv486_9799.txt pos pos:0.9999996083864743 neg:3.9161352560955146E-7 
cv368_11090.txt neg neg:1.0 pos:2.5320462951774385E-41 
cv944_13521.txt pos pos:0.9999999999905265 neg:9.473576739315892E-12 
cv131_10713.txt pos pos:1.0 neg:8.966380689670526E-25 
cv995_23113.txt neg neg:1.0 pos:4.612702088312141E-41 
cv036_18385.txt neg neg:0.9999983653400513 pos:1.6346599487826002E-6 
cv176_12857.txt pos pos:0.7527602997459978 neg:0.2472397002540023 
cv387_11507.txt pos pos:0.9999997334781521 neg:2.665218480215047E-7 
cv125_9391.txt pos pos:0.9999274157148044 neg:7.258428519570617E-5 
cv678_13419.txt pos pos:1.0 neg:7.844489297692885E-69 
cv945_12160.txt pos pos:1.0 neg:2.2576384759911147E-23 
cv885_13390.txt neg neg:0.9999999999999543 pos:4.577767780907336E-14 
cv109_22599.txt neg neg:0.9394420448707782 pos:0.06055795512922178 
cv550_22211.txt pos neg:1.0 pos:1.9345400774279944E-28 
cv464_17076.txt neg neg:0.9999999999999816 pos:1.8491234451793193E-14 
cv633_29837.txt pos pos:1.0 neg:2.8228216706020174E-41 
cv052_29378.txt pos pos:0.9999999136744672 neg:8.632553277666218E-8 
cv611_21120.txt pos neg:0.9999919452751743 pos:8.054724825697942E-6 
cv123_12165.txt neg neg:1.0 pos:1.3336697427642674E-35 
cv859_15689.txt neg pos:0.9999999993611972 neg:6.388027315022772E-10 
cv229_15200.txt neg neg:0.9999999999999936 pos:6.476198106539165E-15 
cv526_12083.txt pos pos:1.0 neg:2.2873607320360654E-18 
cv474_10209.txt pos pos:0.9999999891325583 neg:1.0867441705091384E-8 
cv324_7502.txt neg pos:0.9999999998782316 neg:1.217683957235097E-10 
cv718_11434.txt pos pos:1.0 neg:6.192217553611969E-17 
cv416_12048.txt neg neg:1.0 pos:1.5432261550685013E-39 
cv160_10362.txt pos pos:1.0 neg:8.496771187614533E-27 
cv823_15569.txt pos pos:1.0 neg:1.4126460162131706E-18 
cv571_29292.txt neg pos:1.0 neg:3.032445476968341E-20 
cv906_11491.txt pos pos:0.9973404537594464 neg:0.002659546240553658 
cv046_10613.txt neg neg:1.0 pos:1.7818109460856022E-27 
cv561_9201.txt pos pos:1.0 neg:1.7127272175280085E-31 
cv892_18788.txt neg neg:1.0 pos:1.5217683527572368E-18 
cv833_11961.txt neg neg:1.0 pos:1.948669721859024E-19 
cv605_11800.txt pos pos:1.0 neg:8.710116413999411E-29 
cv358_10691.txt pos pos:1.0 neg:1.0589830137553289E-20 
cv727_5006.txt neg neg:0.9844324861086885 pos:0.015567513891311427 
cv476_18402.txt neg neg:0.9999999999998439 pos:1.5619083619691096E-13 
cv850_18185.txt neg pos:0.7433393784890768 neg:0.2566606215109231 
cv555_25047.txt neg neg:0.9999999998901596 pos:1.0984041683134589E-10 
cv011_13044.txt neg neg:0.9999986913417305 pos:1.308658269580276E-6 
cv926_18471.txt neg pos:1.0 neg:6.034475495719652E-40 
cv559_0050.txt pos pos:0.999999999999279 neg:7.208695073267673E-13 
cv755_24881.txt neg neg:1.0 pos:2.092153502152346E-45 
cv210_9557.txt neg pos:0.9997576768118205 neg:2.4232318817954472E-4 
cv050_12128.txt neg neg:1.0 pos:1.1749490941465013E-26 
cv273_29112.txt pos pos:1.0 neg:2.605512089446194E-40 
cv900_10800.txt neg neg:1.0 pos:1.2572603062791765E-17 
cv140_7479.txt pos pos:0.9999999999662896 neg:3.371026005466315E-11 
cv740_13643.txt neg pos:0.9994578171443859 neg:5.421828556142129E-4 
cv742_8279.txt neg pos:0.9999167352486005 neg:8.326475139949465E-5 
cv246_28668.txt neg neg:1.0 pos:6.711075625468707E-32 
cv602_8830.txt neg neg:0.9999999058465365 pos:9.415346345854006E-8 
cv469_20630.txt pos pos:1.0 neg:5.432019250005236E-59 
cv487_10446.txt pos pos:1.0 neg:5.817512363545246E-19 
cv281_23253.txt pos pos:1.0 neg:1.3850517396181272E-17 
cv318_11146.txt neg neg:1.0 pos:3.4121862653569425E-39 
cv054_4101.txt neg pos:0.5314971017056241 neg:0.4685028982943759 
cv451_11502.txt neg neg:1.0 pos:5.433515121647147E-24 
cv064_25842.txt neg neg:1.0 pos:1.3340552574684537E-26 
cv461_19600.txt pos pos:1.0 neg:6.818026010647036E-30 
cv807_23024.txt neg neg:1.0 pos:1.2837419895222296E-88 
cv940_17705.txt pos pos:0.9999927414729085 neg:7.258527091514054E-6 
cv784_16077.txt neg neg:1.0 pos:4.861317530798397E-29 
cv696_29740.txt pos pos:1.0 neg:5.4942002270809784E-17 
cv473_7367.txt pos pos:0.999515018091003 neg:4.8498190899711954E-4 
cv478_14309.txt pos pos:1.0 neg:9.327852692988726E-35 
cv624_10744.txt pos pos:1.0 neg:7.04273995299251E-48 
cv938_10220.txt pos pos:0.9999995788212208 neg:4.211787792384365E-7 
cv551_11214.txt neg neg:0.9999999999990443 pos:9.55734721674605E-13 
cv603_18885.txt neg neg:0.9989819899560599 pos:0.0010180100439399946 
cv414_11161.txt neg neg:0.9999999999963178 pos:3.682188480983774E-12 
cv683_12167.txt pos pos:1.0 neg:2.0124537142214644E-32 
cv302_25649.txt pos pos:0.9999999999999993 neg:7.224699929031642E-16 
cv585_22496.txt pos pos:1.0 neg:2.785655641702999E-31 
cv645_15668.txt pos pos:1.0 neg:1.2457010854979104E-20 
cv772_12971.txt neg neg:1.0 pos:2.2544354754431616E-45 
cv130_17083.txt pos pos:0.9999999999995874 neg:4.1250661170063035E-13 
cv258_5627.txt neg neg:0.9999999999999332 pos:6.68205552344667E-14 
cv547_16324.txt pos pos:0.9999999999999996 neg:5.049627282056523E-16 
cv574_23191.txt neg neg:1.0 pos:1.1039193820407445E-28 
cv684_12727.txt neg neg:1.0 pos:1.341560449644836E-19 
cv619_12462.txt pos pos:0.9999979088529714 neg:2.0911470285975734E-6 
cv847_20855.txt neg neg:0.9999999987627821 pos:1.2372179083113836E-9 
cv436_19179.txt pos pos:1.0 neg:5.48168459711769E-38 
cv570_28960.txt neg neg:0.9984002004328717 pos:0.00159979956712817 
cv820_22892.txt pos pos:1.0 neg:1.6665660002649497E-18 
cv296_12251.txt pos neg:0.9999999973917884 pos:2.60821171790521E-9 
cv703_16143.txt pos pos:0.9999759228258795 neg:2.4077174120339E-5 
cv865_2895.txt pos pos:1.0 neg:3.0228602690483956E-20 
cv430_17351.txt pos pos:0.9999999989835786 neg:1.0164214864494398E-9 
cv015_29439.txt pos pos:0.9999999976204983 neg:2.3795016026284884E-9 
cv287_17410.txt neg neg:0.9999999999203619 pos:7.963804358171796E-11 
cv436_20564.txt neg neg:1.0 pos:3.6446453494532977E-22 
cv573_29384.txt neg neg:0.932818280903586 pos:0.06718171909641404 
cv703_17948.txt neg pos:0.9998618941884961 neg:1.3810581150388364E-4 
cv327_21743.txt neg neg:1.0 pos:9.672282986975325E-18 
cv905_29114.txt pos pos:1.0 neg:1.6688559715232722E-39 
cv592_23391.txt neg neg:1.0 pos:5.773702154582564E-25 
cv386_10229.txt neg neg:0.999999999953266 pos:4.673385154693775E-11 
cv356_26170.txt neg pos:0.9753173806345032 neg:0.02468261936549679 
cv168_7435.txt neg neg:0.9993006676902166 pos:6.993323097834429E-4 
cv329_29293.txt neg neg:0.9999999999849025 pos:1.5097412103394365E-11 
cv278_14533.txt neg pos:0.9999980194288391 neg:1.9805711607587477E-6 
cv771_28665.txt pos pos:1.0 neg:7.246272967603487E-43 
cv230_7913.txt neg neg:1.0 pos:2.7662467126345884E-21 
cv171_13537.txt pos pos:0.9999999889167331 neg:1.1083266817808502E-8 
cv649_13947.txt neg neg:0.9999999999999989 pos:1.1733572365859722E-15 
cv307_26382.txt neg neg:0.9999999999988582 pos:1.1417296494483107E-12 
cv463_10343.txt pos pos:0.9999999999992231 neg:7.768236612368734E-13 
cv441_15276.txt neg neg:0.9999999999929108 pos:7.089145581669863E-12 
cv401_12605.txt pos pos:1.0 neg:8.342413774207313E-18 
cv403_6621.txt pos neg:0.9981785106696562 pos:0.0018214893303437057 
cv493_12839.txt pos neg:0.9999999801554442 pos:1.9844555902687092E-8 
cv484_26169.txt neg neg:1.0 pos:2.956754898859404E-38 
cv104_18134.txt pos neg:0.9446542533774499 pos:0.055345746622550006 
cv692_15451.txt pos pos:1.0 neg:3.0475244002133783E-50 
cv475_21692.txt pos pos:0.9999999999999414 neg:5.855395517555505E-14 
Trial 0 Trainer NaiveBayesTrainer Training Data Confusion Matrix
Confusion Matrix, row=true, column=predicted  accuracy=0.9827777777777778
  label   0   1  |total
  0 pos 874  26  |900
  1 neg   5 895  |900

Trial 0 Trainer NaiveBayesTrainer training data accuracy= 0.9827777777777778
Trial 0 Trainer NaiveBayesTrainer Test Data Confusion Matrix
Confusion Matrix, row=true, column=predicted  accuracy=0.84
  label   0   1  |total
  0 pos  84  16  |100
  1 neg  16  84  |100

Trial 0 Trainer NaiveBayesTrainer test data accuracy= 0.84

NaiveBayesTrainer
Summary. train accuracy mean = 0.9827777777777778 stddev = 0.0 stderr = 0.0
Summary. test accuracy mean = 0.84 stddev = 0.0 stderr = 0.0
