
-------------------- Trial 0  --------------------

Trial 0 Training NaiveBayesTrainer with 1800 instances
Trial 0 Training NaiveBayesTrainer finished
Trial 0 Trainer NaiveBayesTrainer
 Raw Testing Data
cv998_14111.txt pos pos:1.0 neg:3.3560451082912887E-31 
cv383_14662.txt neg neg:1.0 pos:3.5590847994936914E-23 
cv051_10751.txt neg neg:0.9999999999998934 pos:1.0665307526800152E-13 
cv652_13972.txt pos pos:0.9998509314581137 neg:1.490685418863101E-4 
cv394_5311.txt neg neg:1.0 pos:2.3101264600952423E-38 
cv338_8821.txt pos pos:0.9999999888172276 neg:1.1182772249771115E-8 
cv758_9740.txt neg neg:1.0 pos:1.6511546148653059E-40 
cv100_11528.txt pos pos:0.9999999999989948 neg:1.005189774813257E-12 
cv457_19546.txt neg pos:0.9998727160378629 neg:1.2728396213715587E-4 
cv600_25043.txt neg pos:0.999999922343817 neg:7.765618303556847E-8 
cv836_12968.txt pos pos:1.0 neg:4.0225368937052015E-58 
cv222_18720.txt neg neg:1.0 pos:3.4822561544002735E-23 
cv240_15948.txt neg neg:0.9765967945969547 pos:0.023403205403045364 
cv192_14395.txt pos pos:1.0 neg:6.128672920407062E-24 
cv215_23246.txt neg neg:0.9999999999396505 pos:6.03494344423021E-11 
cv813_6649.txt neg neg:1.0 pos:1.8840565182375493E-37 
cv856_28882.txt neg neg:0.9999999992236595 pos:7.763404945950316E-10 
cv677_18938.txt neg neg:1.0 pos:5.313185152021038E-24 
cv127_14711.txt pos neg:1.0 pos:1.3683614589855321E-21 
cv447_27334.txt neg neg:1.0 pos:1.0132228990019619E-21 
cv841_3367.txt neg neg:0.9999869334104862 pos:1.306658951381456E-5 
cv660_23140.txt neg neg:1.0 pos:2.1920396100826207E-29 
cv765_20429.txt neg neg:1.0 pos:4.383592539666221E-28 
cv694_4876.txt pos pos:1.0 neg:4.871025915307544E-27 
cv187_12829.txt pos pos:1.0 neg:1.4200102641316604E-32 
cv084_13566.txt pos pos:0.9999999999875457 neg:1.245436733659628E-11 
cv655_11154.txt pos neg:0.9999997424911319 pos:2.5750886798647035E-7 
cv976_10724.txt neg neg:0.9999723065411423 pos:2.769345885775231E-5 
cv740_12445.txt pos neg:0.9999999999979896 pos:2.0103346499083956E-12 
cv878_17204.txt neg neg:1.0 pos:2.7259659783819323E-22 
cv885_12318.txt pos pos:0.9999999994725444 neg:5.274555565055839E-10 
cv316_6370.txt pos pos:0.9999999999989055 neg:1.0945256758591843E-12 
cv711_11665.txt pos pos:1.0 neg:4.331756430438199E-52 
cv864_3416.txt pos pos:1.0 neg:2.2880599013551E-22 
cv896_16071.txt pos pos:1.0 neg:7.159716231450523E-40 
cv753_10875.txt pos pos:1.0 neg:5.054960556086561E-27 
cv614_11320.txt neg neg:1.0 pos:3.2972372584290343E-44 
cv363_29273.txt neg pos:0.5974814853117086 neg:0.40251851468829136 
cv734_22821.txt neg pos:0.9462783352728407 neg:0.05372166472715928 
cv237_20635.txt neg pos:0.9999999999999858 neg:1.4265677270990114E-14 
cv059_28723.txt neg pos:0.9915754015557062 neg:0.008424598444293722 
cv863_7424.txt pos pos:1.0 neg:2.647449011058597E-20 
cv357_13156.txt pos pos:1.0 neg:4.523422470140815E-24 
cv175_7375.txt neg neg:1.0 pos:9.229257588717843E-30 
cv283_11963.txt neg neg:0.9999999999999978 pos:2.1951797707740098E-15 
cv254_6027.txt pos neg:0.873218668345697 pos:0.12678133165430314 
cv761_13769.txt neg pos:1.0 neg:4.403850882346569E-31 
cv615_14182.txt pos pos:0.999999999979279 neg:2.0721010798319908E-11 
cv095_28892.txt pos pos:0.961355726225758 neg:0.03864427377424197 
cv513_6923.txt pos pos:0.9999653595746701 neg:3.464042532992355E-5 
cv490_17872.txt pos pos:1.0 neg:1.157870319588473E-37 
cv358_11557.txt neg neg:0.9999999999998694 pos:1.306374211883565E-13 
cv010_29198.txt pos pos:0.9999999104681296 neg:8.953187029905127E-8 
cv221_2695.txt pos neg:0.9982807848809998 pos:0.0017192151190002602 
cv665_29538.txt pos pos:0.9996546352672753 neg:3.45364732724606E-4 
cv521_15828.txt pos pos:1.0 neg:3.419703077223707E-20 
cv801_25228.txt pos pos:0.9999999999999967 neg:3.3259625603595333E-15 
cv400_20631.txt neg pos:0.9792371516192594 neg:0.020762848380740526 
cv610_24153.txt neg neg:1.0 pos:1.4458700399732637E-19 
cv158_10914.txt neg neg:1.0 pos:8.046976121668032E-17 
cv621_15984.txt neg neg:1.0 pos:5.113868629264089E-32 
cv200_2915.txt pos pos:0.9999999999999958 neg:4.119850585912122E-15 
cv990_11591.txt pos pos:1.0 neg:1.0684672662042826E-36 
cv663_14484.txt neg neg:1.0 pos:1.4514119668287415E-18 
cv770_10451.txt pos pos:1.0 neg:1.0527530471654255E-32 
cv063_28852.txt neg neg:1.0 pos:8.879303414632923E-43 
cv842_5702.txt neg neg:1.0 pos:7.28049106378935E-29 
cv505_12926.txt neg neg:1.0 pos:3.679830223491065E-43 
cv108_15571.txt pos pos:0.9999999999999791 neg:2.0945874830634583E-14 
cv186_2396.txt neg neg:1.0 pos:3.192544370259275E-18 
cv312_29377.txt pos pos:1.0 neg:1.1106243132770224E-38 
cv962_9813.txt neg neg:1.0 pos:1.7138717973384133E-24 
cv110_27832.txt neg neg:0.9930659594047596 pos:0.006934040595240379 
cv244_21649.txt pos pos:0.990337926763532 neg:0.009662073236467839 
cv542_20359.txt neg pos:0.9945143075886507 neg:0.0054856924113492736 
cv429_7439.txt pos pos:0.999702125288695 neg:2.9787471130499104E-4 
cv873_19937.txt neg neg:0.9999999999999445 pos:5.5506732354151445E-14 
cv881_13254.txt pos neg:0.9338469605936697 pos:0.06615303940633041 
cv538_28667.txt pos pos:0.8570390234363809 neg:0.14296097656361906 
cv927_11471.txt neg neg:0.9999999999994749 pos:5.250684691887346E-13 
cv868_12799.txt neg pos:0.999979218551192 neg:2.0781448808038998E-5 
cv668_18848.txt neg neg:1.0 pos:3.741208837753553E-21 
cv658_11186.txt neg neg:0.9999999995846687 pos:4.1533141726422443E-10 
cv269_21732.txt pos pos:1.0 neg:9.024542468675211E-24 
cv551_10565.txt pos pos:0.5102437258749216 neg:0.4897562741250784 
cv770_11061.txt neg neg:1.0 pos:9.394889403183821E-20 
cv966_28832.txt pos pos:1.0 neg:7.799980967336355E-20 
cv676_21090.txt pos pos:1.0 neg:2.6526075864145583E-35 
cv669_22995.txt pos pos:0.9999999999981877 neg:1.812398850636282E-12 
cv670_2666.txt neg neg:1.0 pos:1.6830901623297143E-19 
cv972_26837.txt neg pos:1.0 neg:6.940710882690289E-22 
cv760_8977.txt neg neg:0.9973382919477749 pos:0.0026617080522251682 
cv979_2029.txt neg neg:0.9999999999998141 pos:1.8589068463183581E-13 
cv604_23339.txt neg neg:0.9999999999858267 pos:1.4173247906338682E-11 
cv467_25773.txt pos neg:0.9792452437080545 pos:0.020754756291945394 
cv593_10987.txt pos pos:0.9999999551088268 neg:4.489117319897168E-8 
cv680_10160.txt pos pos:0.9995342287398851 neg:4.6577126011496475E-4 
cv743_17023.txt neg neg:1.0 pos:7.340334371722427E-18 
cv330_29809.txt pos neg:0.9999999988615533 pos:1.1384467745669947E-9 
cv496_10530.txt pos pos:0.985902679631066 neg:0.014097320368934062 
cv890_3977.txt pos pos:0.9999999999776912 neg:2.2308879038606268E-11 
cv194_12079.txt pos neg:0.9999543724083875 pos:4.5627591612645614E-5 
cv151_15771.txt pos pos:1.0 neg:2.6463681774237566E-25 
cv567_29420.txt neg neg:0.9999999999997331 pos:2.669726112311444E-13 
cv902_13217.txt neg neg:1.0 pos:6.427373566178184E-28 
cv650_14340.txt pos pos:0.9999999997511027 neg:2.488973280364926E-10 
cv655_12055.txt neg neg:1.0 pos:3.288805347101331E-17 
cv554_14678.txt neg neg:0.9999999981965053 pos:1.8034946947976787E-9 
cv321_14191.txt neg neg:0.9999999984141925 pos:1.585807491693976E-9 
cv323_29633.txt neg neg:1.0 pos:5.779047485985664E-42 
cv136_12384.txt neg neg:0.9999999999995912 pos:4.087862569307044E-13 
cv112_12178.txt neg neg:1.0 pos:1.4756975714703478E-20 
cv371_7630.txt pos pos:1.0 neg:7.022331013578399E-20 
cv946_20084.txt neg neg:1.0 pos:2.4310078769281336E-27 
cv653_19583.txt pos pos:1.0 neg:6.367701790557242E-26 
cv970_19532.txt neg neg:1.0 pos:4.764706747810039E-27 
cv369_14245.txt neg neg:1.0 pos:4.623269483570356E-31 
cv389_9369.txt pos pos:0.873788261562718 neg:0.12621173843728203 
cv265_11625.txt neg neg:1.0 pos:2.075208104700146E-22 
cv069_10801.txt pos pos:1.0 neg:7.073353006895922E-44 
cv083_24234.txt pos pos:0.9999999999672917 neg:3.270821136324063E-11 
cv139_14236.txt neg neg:1.0 pos:6.3726911224079835E-25 
cv093_13951.txt pos pos:0.9999974887010671 neg:2.511298932933892E-6 
cv546_12723.txt neg neg:1.0 pos:1.867936195267067E-19 
cv234_20643.txt pos pos:0.9999999896073078 neg:1.0392692100090904E-8 
cv361_28944.txt pos pos:0.9999999999464753 neg:5.352466809295202E-11 
cv439_15970.txt pos pos:0.9999999998522033 neg:1.4779674383033394E-10 
cv388_12810.txt neg neg:0.9999999999999969 pos:3.218727061818574E-15 
cv789_12991.txt neg neg:1.0 pos:3.3851537869587384E-17 
cv219_18626.txt pos pos:0.9902964602526834 neg:0.009703539747316619 
cv864_3087.txt neg neg:0.9999999999800422 pos:1.995791932573858E-11 
cv353_19197.txt neg neg:0.9977955782711541 pos:0.0022044217288459027 
cv252_23779.txt pos pos:1.0 neg:6.553972715482855E-22 
cv227_25406.txt neg neg:1.0 pos:3.981970562634487E-22 
cv947_10601.txt pos neg:0.9999999999996825 pos:3.175270987545824E-13 
cv513_7236.txt neg neg:1.0 pos:5.721543133788034E-28 
cv025_3108.txt pos neg:0.9999921220025286 pos:7.877997471484268E-6 
cv128_29627.txt pos pos:0.9999911313004489 neg:8.868699551093582E-6 
cv517_19219.txt pos pos:0.9999922986349878 neg:7.701365012091995E-6 
cv690_5425.txt neg neg:0.9999999558415522 pos:4.415844788992661E-8 
cv950_12350.txt pos pos:0.9905713936715157 neg:0.009428606328484412 
cv211_9953.txt pos pos:1.0 neg:4.5713242223039045E-45 
cv642_29867.txt pos pos:0.9999999999907085 neg:9.291473996153798E-12 
cv636_16954.txt neg neg:1.0 pos:1.6570665664689998E-38 
cv332_16307.txt pos pos:1.0 neg:5.065053846566098E-22 
cv907_3541.txt pos pos:0.999999999999506 neg:4.939545385761765E-13 
cv246_28807.txt pos pos:1.0 neg:1.3863301288045783E-18 
cv164_22447.txt pos pos:1.0 neg:2.190727834797022E-19 
cv924_29540.txt pos pos:0.9999999999999443 neg:5.574377568078887E-14 
cv749_17765.txt pos pos:0.999895968450952 neg:1.0403154904807481E-4 
cv289_6239.txt neg neg:0.9999984804471378 pos:1.519552862114436E-6 
cv796_17243.txt neg pos:0.9999999755030989 neg:2.4496900963765673E-8 
cv413_7893.txt neg neg:1.0 pos:4.275780186990208E-40 
cv781_5358.txt neg neg:1.0 pos:2.401525615005974E-28 
cv142_22516.txt pos pos:1.0 neg:1.4522149312511907E-23 
cv544_5108.txt pos neg:0.999999965554942 pos:3.444505795415258E-8 
cv003_11664.txt pos pos:1.0 neg:4.70144202613316E-21 
cv568_17065.txt neg neg:1.0 pos:1.1551798921072242E-22 
cv319_14727.txt pos pos:0.9984378568125448 neg:0.0015621431874552692 
cv040_8276.txt pos neg:0.9999999999998388 pos:1.6123060607195958E-13 
cv189_24248.txt neg neg:0.9999999999906859 pos:9.314158120610335E-12 
cv111_11473.txt pos pos:0.996797755888482 neg:0.003202244111518032 
cv601_23453.txt pos pos:1.0 neg:7.714435033536855E-36 
cv616_29319.txt pos pos:1.0 neg:1.4716670347900502E-30 
cv942_18509.txt neg neg:0.999987813259484 pos:1.2186740515952482E-5 
cv203_19052.txt neg neg:0.9999979944907265 pos:2.0055092735323612E-6 
cv145_11472.txt pos neg:0.6183617260709413 pos:0.38163827392905864 
cv837_27325.txt pos pos:1.0 neg:9.452034294632354E-43 
cv794_15868.txt pos neg:0.9999999998334663 pos:1.6653360703396307E-10 
cv992_12806.txt neg neg:1.0 pos:2.872418619356367E-23 
cv835_19159.txt pos pos:0.8859920607587057 neg:0.11400793924129418 
cv535_19728.txt pos neg:0.9997159821746128 pos:2.840178253871524E-4 
cv035_3343.txt neg pos:0.9998805482992356 neg:1.1945170076436504E-4 
cv746_10147.txt pos pos:1.0 neg:7.777708968667972E-21 
cv471_18405.txt neg neg:1.0 pos:1.0243516591967213E-31 
cv488_19856.txt pos pos:1.0 neg:2.581583667902078E-34 
cv426_10421.txt pos pos:1.0 neg:2.8261714313326573E-21 
cv952_26375.txt neg neg:0.9999999983343997 pos:1.6656002681725989E-9 
cv142_23657.txt neg neg:0.8126613248192649 pos:0.18733867518073521 
cv319_16459.txt neg neg:0.9999999170251472 pos:8.29748526707026E-8 
cv194_12855.txt neg pos:0.999999999999905 neg:9.502435907953643E-14 
cv951_10926.txt pos pos:0.968276981625146 neg:0.03172301837485402 
cv160_10848.txt neg pos:0.9999999998815072 neg:1.1849277656077003E-10 
cv661_2450.txt pos pos:1.0 neg:1.7598863973084507E-30 
cv785_23748.txt neg pos:0.9992664735637479 neg:7.335264362519818E-4 
cv291_26844.txt neg neg:0.9999999999953024 pos:4.69752492588474E-12 
cv444_9975.txt neg neg:0.9999999992390638 pos:7.609362774155265E-10 
cv433_10144.txt pos pos:1.0 neg:7.337487126120811E-62 
cv146_19587.txt neg neg:1.0 pos:1.1065319605566024E-23 
cv748_14044.txt neg neg:1.0 pos:1.9310020902564825E-18 
cv809_5012.txt neg neg:0.9999999999999056 pos:9.430136213586436E-14 
cv498_9288.txt neg neg:0.9999999999999873 pos:1.270234119278315E-14 
cv518_13331.txt pos neg:0.9999999999898659 pos:1.0134070612692782E-11 
cv674_11593.txt neg neg:0.9999995511324603 pos:4.4886753982363016E-7 
cv214_13285.txt neg neg:0.9999999999963882 pos:3.6116834338938534E-12 
cv107_25639.txt neg neg:1.0 pos:3.2630275084805437E-23 
cv904_24353.txt pos neg:0.7486304807642103 pos:0.2513695192357897 
cv116_28942.txt pos neg:0.9899311208840669 pos:0.010068879115933124 
cv955_25001.txt pos pos:0.9999999999999285 neg:7.141296861916422E-14 
cv673_25874.txt neg neg:1.0 pos:1.2037426963050526E-23 
Trial 0 Trainer NaiveBayesTrainer Training Data Confusion Matrix
Confusion Matrix, row=true, column=predicted  accuracy=0.9794444444444445
  label   0   1  |total
  0 neg 891   9  |900
  1 pos  28 872  |900

Trial 0 Trainer NaiveBayesTrainer training data accuracy= 0.9794444444444445
Trial 0 Trainer NaiveBayesTrainer Test Data Confusion Matrix
Confusion Matrix, row=true, column=predicted  accuracy=0.825
  label   0   1  |total
  0 neg  84  16  |100
  1 pos  19  81  |100

Trial 0 Trainer NaiveBayesTrainer test data accuracy= 0.825

NaiveBayesTrainer
Summary. train accuracy mean = 0.9794444444444445 stddev = 0.0 stderr = 0.0
Summary. test accuracy mean = 0.825 stddev = 0.0 stderr = 0.0
