
-------------------- Trial 0  --------------------

Trial 0 Training MaxEntTrainer,gaussianPriorVariance=1.0 with 1800 instances
Trial 0 Training MaxEntTrainer,gaussianPriorVariance=1.0 finished
Trial 0 Trainer MaxEntTrainer,gaussianPriorVariance=1.0
 Raw Testing Data
3741.txt neg pos:0.7800027578100014 neg:0.21999724218999855 
3733.txt neg neg:0.9064421328335731 pos:0.09355786716642688 
1600.txt pos pos:0.5895145204698099 neg:0.41048547953019016 
3432.txt pos neg:0.91501901009316 pos:0.08498098990684008 
2033.txt pos pos:0.9989365562874121 neg:0.0010634437125879807 
3898.txt pos pos:0.5463554238344167 neg:0.4536445761655833 
4107.txt pos pos:0.9409060400370527 neg:0.05909395996294728 
1418.txt pos pos:0.9999500450471264 neg:4.995495287352867E-5 
2939.txt neg neg:0.7510960421137233 pos:0.24890395788627673 
117.txt neg neg:0.5255975392176155 pos:0.4744024607823844 
3144.txt neg neg:0.818671899663708 pos:0.18132810033629201 
3907.txt neg neg:0.909894696149229 pos:0.09010530385077108 
2954.txt pos neg:0.8683682555219978 pos:0.1316317444780022 
2290.txt neg neg:0.9996291493566678 pos:3.7085064333227833E-4 
1857.txt neg neg:0.9767493727620516 pos:0.023250627237948324 
1850.txt neg neg:0.9973203735966736 pos:0.002679626403326374 
1244.txt pos pos:0.9355458766577606 neg:0.06445412334223936 
1171.txt pos pos:0.9848937360756272 neg:0.015106263924372807 
1121.txt pos pos:0.9994842097683879 neg:5.157902316121687E-4 
2452.txt pos pos:0.9816941134590819 neg:0.01830588654091826 
1980.txt neg neg:0.5714941634559421 pos:0.4285058365440579 
623.txt pos pos:0.987907018104001 neg:0.012092981895998955 
129.txt pos pos:0.9907860746488604 neg:0.009213925351139579 
3113.txt neg neg:0.984887249882961 pos:0.015112750117038908 
2753.txt neg neg:0.9821753433241727 pos:0.017824656675827194 
4146.txt neg neg:0.9978877225841327 pos:0.002112277415867283 
921.txt neg neg:0.9928033103954564 pos:0.007196689604543473 
1345.txt pos neg:0.5883287289619146 pos:0.41167127103808543 
2794.txt pos neg:0.5985057040321083 pos:0.40149429596789155 
2250.txt pos pos:0.9998765560349122 neg:1.2344396508771793E-4 
2374.txt pos pos:0.9678443718690892 neg:0.032155628130910725 
976.txt neg neg:0.9844321555294169 pos:0.015567844470583231 
1690.txt neg pos:0.7082290906871509 neg:0.29177090931284905 
3534.txt pos pos:0.7107317385475989 neg:0.28926826145240114 
4134.txt neg neg:0.9861953173553153 pos:0.01380468264468479 
3105.txt pos neg:0.7598201857978403 pos:0.2401798142021598 
3161.txt neg neg:0.9967534567221769 pos:0.003246543277823137 
541.txt pos neg:0.6153179191976949 pos:0.3846820808023052 
281.txt neg pos:0.6133598956122203 neg:0.3866401043877798 
2503.txt pos pos:0.9988983180616118 neg:0.001101681938388159 
440.txt pos pos:0.5382607108030305 neg:0.46173928919696944 
1137.txt neg neg:0.9950477505282442 pos:0.004952249471755672 
3662.txt neg neg:0.9731961491962021 pos:0.026803850803797952 
3435.txt pos pos:0.9983900871088581 neg:0.0016099128911418628 
553.txt neg pos:0.742400041136869 neg:0.25759995886313114 
884.txt neg neg:0.9994826493290727 pos:5.173506709273969E-4 
3451.txt neg neg:0.9376528091576026 pos:0.06234719084239735 
3689.txt pos pos:0.8332905145353295 neg:0.1667094854646705 
4199.txt neg neg:0.999593518966388 pos:4.0648103361194964E-4 
692.txt neg neg:0.9933518598300911 pos:0.006648140169908745 
3918.txt pos pos:0.9970201590664227 neg:0.002979840933577239 
3874.txt neg neg:0.9412074713474643 pos:0.05879252865253579 
624.txt pos pos:0.9775119407124574 neg:0.022488059287542484 
2976.txt pos pos:0.7121641356464987 neg:0.2878358643535013 
1433.txt pos pos:0.9999995828971843 neg:4.1710281568597613E-7 
1360.txt pos pos:0.9996791830725446 neg:3.2081692745557867E-4 
3138.txt neg neg:0.9549663950394014 pos:0.04503360496059856 
2431.txt neg neg:0.728292808711766 pos:0.27170719128823395 
3082.txt pos pos:0.9714131085227923 neg:0.028586891477207797 
1292.txt pos neg:0.6093576242187326 pos:0.3906423757812673 
13.txt pos pos:0.5458077341357154 neg:0.4541922658642846 
2884.txt pos pos:0.995433824096915 neg:0.004566175903084976 
4322.txt neg neg:0.9763511190875391 pos:0.02364888091246092 
3039.txt neg neg:0.9019041632249915 pos:0.09809583677500859 
1708.txt pos neg:0.501745186358552 pos:0.498254813641448 
2356.txt pos pos:0.9994856436564659 neg:5.143563435340803E-4 
2299.txt neg neg:0.950116298394323 pos:0.04988370160567698 
301.txt neg neg:0.9906810968260806 pos:0.00931890317391943 
170.txt pos pos:0.999735100287352 neg:2.6489971264796747E-4 
3588.txt neg neg:0.9020891672296658 pos:0.09791083277033405 
819.txt pos pos:0.9557563934189549 neg:0.04424360658104513 
4300.txt neg neg:0.9992417492930095 pos:7.582507069905177E-4 
3975.txt neg neg:0.8864679745399924 pos:0.11353202546000753 
1989.txt neg neg:0.9934524105054412 pos:0.006547589494558946 
3548.txt pos pos:0.5533195024747416 neg:0.44668049752525835 
1038.txt neg neg:0.9943130371633643 pos:0.005686962836635738 
2915.txt neg neg:0.9978237776017994 pos:0.0021762223982006086 
462.txt pos pos:0.9998846759084813 neg:1.1532409151862667E-4 
110.txt neg pos:0.6165340199094034 neg:0.3834659800905966 
2286.txt pos pos:0.9147416972129027 neg:0.08525830278709738 
2455.txt pos pos:0.9772252500693644 neg:0.022774749930635635 
2495.txt neg neg:0.8998204099606639 pos:0.1001795900393361 
3696.txt neg neg:0.9989562622240638 pos:0.0010437377759362958 
810.txt pos pos:0.9992272385918536 neg:7.727614081463409E-4 
2537.txt neg neg:0.9982269498089833 pos:0.001773050191016581 
1646.txt neg neg:0.950317579175486 pos:0.04968242082451411 
1657.txt pos pos:0.9711740860169832 neg:0.028825913983016864 
66.txt pos pos:0.7947865114486821 neg:0.20521348855131805 
308.txt neg neg:0.9992182483058659 pos:7.817516941340709E-4 
2827.txt pos pos:0.9798054798569104 neg:0.020194520143089575 
3166.txt neg neg:0.9790816642582263 pos:0.02091833574177376 
590.txt pos pos:0.5426384606414122 neg:0.4573615393585878 
1231.txt pos neg:0.9863755855563797 pos:0.013624414443620187 
3964.txt pos pos:0.9999929077908045 neg:7.0922091953907685E-6 
2771.txt neg neg:0.983206107242125 pos:0.01679389275787496 
4091.txt neg neg:0.9493368721650322 pos:0.05066312783496786 
3184.txt pos pos:0.999834847026601 neg:1.6515297339906172E-4 
2380.txt pos pos:0.947676107819818 neg:0.05232389218018194 
3797.txt neg neg:0.9998600426659325 pos:1.3995733406737382E-4 
3424.txt neg neg:0.9840630915540054 pos:0.015936908445994564 
3498.txt pos pos:0.6417732255727288 neg:0.35822677442727124 
1996.txt pos pos:0.5015167230146315 neg:0.4984832769853686 
1353.txt neg neg:0.8960361056272902 pos:0.1039638943727098 
2443.txt neg neg:0.8563918335907369 pos:0.14360816640926305 
260.txt pos pos:0.7757376750762491 neg:0.22426232492375084 
432.txt pos pos:0.9471355322195244 neg:0.05286446778047552 
606.txt pos pos:0.9356251777854109 neg:0.06437482221458914 
250.txt neg neg:0.9994853489237449 pos:5.146510762550593E-4 
43.txt pos pos:0.9999989518587417 neg:1.0481412582051492E-6 
3131.txt neg neg:0.954818244478287 pos:0.045181755521713086 
3179.txt pos pos:0.8946464521817101 neg:0.10535354781828976 
3093.txt neg neg:0.8006272853981641 pos:0.19937271460183584 
149.txt neg neg:0.9981037886412065 pos:0.0018962113587935663 
4219.txt pos pos:0.9719287152673186 neg:0.028071284732681265 
237.txt pos pos:0.8828244488906134 neg:0.1171755511093867 
3338.txt pos pos:0.8836315737060502 neg:0.11636842629394979 
3840.txt pos pos:0.9917201551937328 neg:0.008279844806267282 
2969.txt neg neg:0.979120663908215 pos:0.020879336091785092 
1499.txt pos neg:0.7778955807709348 pos:0.2221044192290653 
177.txt pos pos:0.9842500727186214 neg:0.015749927281378594 
380.txt neg pos:0.7341677634057061 neg:0.2658322365942938 
4.txt pos neg:0.9500996128303213 pos:0.049900387169678755 
2515.txt neg neg:0.994916060693212 pos:0.005083939306787945 
4080.txt pos neg:0.6108012726361571 pos:0.3891987273638428 
2861.txt neg neg:0.9927217686618988 pos:0.007278231338101332 
3491.txt pos pos:0.7767185227221763 neg:0.2232814772778237 
1587.txt neg neg:0.7110231663358674 pos:0.2889768336641326 
1863.txt pos pos:0.7797995952761353 neg:0.2202004047238647 
2778.txt neg neg:0.9612717004750826 pos:0.038728299524917395 
2560.txt neg neg:0.9996040641670396 pos:3.959358329603765E-4 
2088.txt neg neg:0.9940816717561437 pos:0.0059183282438562464 
2414.txt neg neg:0.6682852517696165 pos:0.33171474823038355 
643.txt neg neg:0.5867794929154327 pos:0.41322050708456726 
449.txt pos pos:0.9972626635155734 neg:0.002737336484426624 
1589.txt neg neg:0.5635528505260642 pos:0.43644714947393587 
4217.txt pos pos:0.9412402095226292 neg:0.05875979047737073 
2829.txt pos pos:0.9285267081869 neg:0.07147329181310001 
1130.txt neg neg:0.9959273343238237 pos:0.004072665676176356 
2982.txt pos pos:0.5883797684377288 neg:0.4116202315622712 
941.txt pos neg:0.6122634812629645 pos:0.3877365187370356 
1284.txt neg neg:0.9650771970223833 pos:0.03492280297761684 
832.txt pos neg:0.8706583948241193 pos:0.12934160517588073 
990.txt pos pos:0.998602999540281 neg:0.0013970004597189064 
44.txt pos pos:0.9633286951907438 neg:0.03667130480925619 
2852.txt pos pos:0.967700455797314 neg:0.032299544202686006 
2174.txt neg neg:0.9770872521017544 pos:0.02291274789824566 
1378.txt neg neg:0.9370044797313429 pos:0.06299552026865703 
904.txt neg neg:0.9970899534226436 pos:0.0029100465773565227 
1991.txt pos pos:0.9961962106451409 neg:0.0038037893548591105 
2075.txt neg neg:0.9806222644506339 pos:0.019377735549365945 
2814.txt neg neg:0.543233852845082 pos:0.456766147154918 
4197.txt neg neg:0.9336017888844276 pos:0.06639821111557245 
3384.txt neg neg:0.8445430544503685 pos:0.15545694554963163 
978.txt neg neg:0.9844305041209214 pos:0.01556949587907855 
2025.txt neg neg:0.9772277336488625 pos:0.02277226635113743 
3990.txt pos pos:0.9999491413163528 neg:5.0858683647236145E-5 
68.txt pos pos:0.998380834510085 neg:0.0016191654899148982 
503.txt neg neg:0.9982226262936487 pos:0.0017773737063513197 
3635.txt neg pos:0.8768221430202694 neg:0.12317785697973065 
757.txt pos pos:0.9997419191125624 neg:2.5808088743769613E-4 
3647.txt neg neg:0.9098163892648946 pos:0.09018361073510534 
3102.txt pos pos:0.706224766076561 neg:0.29377523392343896 
1367.txt pos neg:0.9722213271471686 pos:0.02777867285283149 
2444.txt neg neg:0.6366353209054864 pos:0.36336467909451364 
4265.txt pos neg:0.9422825945105657 pos:0.057717405489434326 
2967.txt neg neg:0.9838545535115483 pos:0.016145446488451738 
2140.txt pos neg:0.9428789581299997 pos:0.057121041870000375 
613.txt neg pos:0.837804525219053 neg:0.16219547478094687 
288.txt neg neg:0.7611888282574978 pos:0.2388111717425022 
2953.txt pos pos:0.9814132691397882 neg:0.018586730860211714 
1774.txt pos pos:0.8289366512657924 neg:0.17106334873420756 
2022.txt neg neg:0.9168595791816613 pos:0.08314042081833876 
3832.txt pos pos:0.9141630031099478 neg:0.08583699689005221 
3972.txt neg neg:0.9965469012990624 pos:0.003453098700937549 
2737.txt pos pos:0.9990270090154244 neg:9.729909845754779E-4 
576.txt neg neg:0.9661574985889687 pos:0.03384250141103138 
2297.txt neg neg:0.7219638202511744 pos:0.27803617974882566 
4348.txt pos pos:0.9666262787631605 neg:0.03337372123683956 
1800.txt neg neg:0.9166472545349622 pos:0.08335274546503786 
483.txt neg neg:0.8542574839047548 pos:0.14574251609524516 
1547.txt pos neg:0.9192433641658991 pos:0.08075663583410082 
997.txt pos pos:0.8662443060841883 neg:0.13375569391581166 
1958.txt neg pos:0.6326437434434004 neg:0.36735625655659965 
4051.txt pos pos:0.8332882093670605 neg:0.1667117906329396 
644.txt neg neg:0.9996348281190545 pos:3.651718809455544E-4 
1875.txt neg neg:0.7854942305404375 pos:0.21450576945956243 
1549.txt pos pos:0.9992925489740699 neg:7.074510259299818E-4 
4210.txt pos pos:0.9965891865089901 neg:0.0034108134910097775 
2009.txt neg neg:0.8317068867980296 pos:0.16829311320197035 
4341.txt pos pos:0.9919850014090433 neg:0.008014998590956664 
3293.txt pos pos:0.9329462491668652 neg:0.06705375083313479 
2046.txt pos pos:0.9944532052601808 neg:0.005546794739819109 
1043.txt neg neg:0.9998730407201091 pos:1.269592798909019E-4 
730.txt neg neg:0.9409180642310039 pos:0.05908193576899603 
3665.txt neg neg:0.9942079486368237 pos:0.005792051363176291 
1558.txt neg neg:0.9047078190840122 pos:0.09529218091598773 
4357.txt neg neg:0.9438741395184256 pos:0.05612586048157444 
1295.txt pos pos:0.8298756843038418 neg:0.17012431569615816 
3997.txt pos pos:0.9637670738343834 neg:0.03623292616561656 
1789.txt pos pos:0.9474601913216056 neg:0.05253980867839424 
Trial 0 Trainer MaxEntTrainer,gaussianPriorVariance=1.0 Training Data Confusion Matrix
Confusion Matrix, row=true, column=predicted  accuracy=1.0
  label   0   1  |total
  0 neg 900   .  |900
  1 pos   . 900  |900

Trial 0 Trainer MaxEntTrainer,gaussianPriorVariance=1.0 training data accuracy= 1.0
Trial 0 Trainer MaxEntTrainer,gaussianPriorVariance=1.0 Test Data Confusion Matrix
Confusion Matrix, row=true, column=predicted  accuracy=0.865
  label   0   1  |total
  0 neg  91   9  |100
  1 pos  18  82  |100

Trial 0 Trainer MaxEntTrainer,gaussianPriorVariance=1.0 test data accuracy= 0.865

MaxEntTrainer,gaussianPriorVariance=1.0
Summary. train accuracy mean = 1.0 stddev = 0.0 stderr = 0.0
Summary. test accuracy mean = 0.865 stddev = 0.0 stderr = 0.0
