
-------------------- Trial 0  --------------------

Trial 0 Training MaxEntTrainer,gaussianPriorVariance=1.0 with 1800 instances
Trial 0 Training MaxEntTrainer,gaussianPriorVariance=1.0 finished
Trial 0 Trainer MaxEntTrainer,gaussianPriorVariance=1.0
 Raw Testing Data
759.txt neg neg:0.745921949394202 pos:0.25407805060579813 
1325.txt pos pos:0.9998080385293835 neg:1.9196147061648192E-4 
4254.txt neg neg:0.9736158524915383 pos:0.026384147508461818 
1538.txt neg neg:0.998539398305199 pos:0.001460601694801067 
3258.txt neg neg:0.963865790563 pos:0.03613420943700006 
2906.txt pos pos:0.985616705551904 neg:0.01438329444809607 
4069.txt neg neg:0.9563458240788955 pos:0.04365417592110451 
1793.txt neg neg:0.5066654807565221 pos:0.493334519243478 
2974.txt pos pos:0.995097045776445 neg:0.004902954223555057 
3439.txt pos pos:0.9990667107800102 neg:9.332892199897387E-4 
1483.txt neg neg:0.8733133518876857 pos:0.12668664811231445 
2418.txt neg neg:0.997985748395 pos:0.002014251605000152 
3195.txt pos pos:0.878760220036563 neg:0.12123977996343703 
964.txt neg neg:0.8999295358168807 pos:0.10007046418311921 
3802.txt pos pos:0.905888521116385 neg:0.094111478883615 
2327.txt neg neg:0.9596451333997728 pos:0.04035486660022727 
3529.txt neg neg:0.5393691312731105 pos:0.4606308687268894 
4343.txt pos pos:0.97773128208799 neg:0.022268717912010082 
1290.txt pos pos:0.9604494566417966 neg:0.0395505433582034 
3107.txt pos pos:0.957823215842609 neg:0.04217678415739102 
2590.txt pos pos:0.8496573228653457 neg:0.15034267713465446 
2450.txt pos pos:0.9998605738460417 neg:1.3942615395822058E-4 
1007.txt pos pos:0.8514308394488378 neg:0.14856916055116218 
3632.txt pos pos:0.5168631847970153 neg:0.48313681520298474 
3057.txt neg neg:0.7751817893351913 pos:0.22481821066480873 
595.txt pos pos:0.9997061512687969 neg:2.938487312030987E-4 
4344.txt pos pos:0.94084871419141 neg:0.05915128580858999 
2824.txt neg neg:0.8952714093130311 pos:0.10472859068696895 
938.txt pos pos:0.9263130823487118 neg:0.0736869176512883 
1683.txt pos pos:0.9890344627060406 neg:0.010965537293959429 
2365.txt pos pos:0.9965757945487002 neg:0.00342420545129982 
311.txt pos pos:0.8364926858849904 neg:0.1635073141150096 
2126.txt neg neg:0.9650120070744427 pos:0.03498799292555723 
3873.txt pos pos:0.9996236637179512 neg:3.7633628204874705E-4 
536.txt pos pos:0.8850634913695773 neg:0.1149365086304228 
3693.txt neg neg:0.9653723112059795 pos:0.034627688794020416 
364.txt pos pos:0.9769912083502629 neg:0.023008791649737088 
2850.txt pos pos:0.979982602747374 neg:0.02001739725262595 
2039.txt neg neg:0.6078343678172398 pos:0.39216563218276024 
2005.txt neg neg:0.9921580134152547 pos:0.007841986584745378 
4105.txt pos pos:0.9717014894149526 neg:0.028298510585047423 
3282.txt pos pos:0.9982769355657397 neg:0.001723064434260266 
409.txt neg neg:0.9996669570794783 pos:3.3304292052170923E-4 
3017.txt neg neg:0.9972923932022475 pos:0.0027076067977524682 
157.txt pos pos:0.5509038286621329 neg:0.44909617133786706 
2651.txt pos pos:0.5481209412449647 neg:0.4518790587550353 
3878.txt neg neg:0.6209800297480377 pos:0.37901997025196227 
3398.txt neg neg:0.9981270305247057 pos:0.0018729694752941386 
3132.txt pos pos:0.9779516448677669 neg:0.02204835513223319 
1826.txt pos pos:0.9801289962985243 neg:0.019871003701475702 
4193.txt pos pos:0.9977609032207049 neg:0.002239096779295091 
1035.txt pos pos:0.9990941817807941 neg:9.058182192058917E-4 
980.txt neg neg:0.9993145937407357 pos:6.854062592642596E-4 
2741.txt neg neg:0.9205706529726947 pos:0.07942934702730536 
1322.txt pos pos:0.6968941048760744 neg:0.3031058951239255 
1187.txt pos pos:0.9750230579574243 neg:0.024976942042575768 
200.txt pos neg:0.5399032298084933 pos:0.46009677019150674 
2811.txt neg neg:0.6198509830099571 pos:0.38014901699004283 
1150.txt neg neg:0.999686840335436 pos:3.131596645640515E-4 
2664.txt pos pos:0.8064060480246871 neg:0.19359395197531282 
4177.txt pos pos:0.9986507875189691 neg:0.0013492124810309302 
2596.txt neg neg:0.9968448542983697 pos:0.0031551457016303266 
1420.txt neg neg:0.9498775945447772 pos:0.050122405455222716 
3566.txt pos pos:0.9925009742700696 neg:0.007499025729930442 
4179.txt pos pos:0.9923035404056353 neg:0.00769645959436464 
3831.txt neg neg:0.9497159954342362 pos:0.05028400456576374 
4261.txt neg neg:0.6464787456587299 pos:0.35352125434127013 
4345.txt neg neg:0.9986856584202769 pos:0.0013143415797231353 
634.txt neg neg:0.9634829742938349 pos:0.03651702570616513 
1812.txt neg neg:0.8337504888514321 pos:0.1662495111485678 
3676.txt pos pos:0.9849210279602068 neg:0.015078972039793258 
2312.txt neg neg:0.9827111873495801 pos:0.01728881265041992 
1363.txt neg neg:0.9937714945031882 pos:0.006228505496811723 
2112.txt pos pos:0.9939471154782931 neg:0.006052884521707043 
2620.txt pos pos:0.9980533048166842 neg:0.0019466951833159126 
2382.txt pos pos:0.9480519780053929 neg:0.05194802199460713 
2411.txt neg neg:0.9990618206900169 pos:9.381793099829568E-4 
1979.txt pos pos:0.9298351574505985 neg:0.07016484254940153 
1883.txt neg neg:0.7989440116404641 pos:0.2010559883595359 
1428.txt pos neg:0.8262203085469914 pos:0.17377969145300862 
2574.txt pos pos:0.7911046257444122 neg:0.20889537425558774 
11.txt neg pos:0.79469033926028 neg:0.20530966073971998 
2740.txt pos neg:0.8262563231674135 pos:0.17374367683258643 
1545.txt pos pos:0.9051209456040068 neg:0.09487905439599326 
2998.txt neg neg:0.9993393893551258 pos:6.606106448743182E-4 
3915.txt neg neg:0.9239718459711733 pos:0.07602815402882677 
2424.txt neg neg:0.9841314884804887 pos:0.015868511519511207 
936.txt pos pos:0.7988240401565888 neg:0.20117595984341113 
1771.txt pos pos:0.971771351551568 neg:0.02822864844843211 
1074.txt neg neg:0.9917409222399539 pos:0.008259077760046247 
2044.txt pos pos:0.9834123533150101 neg:0.016587646684989823 
931.txt pos pos:0.8326006789894963 neg:0.16739932101050375 
227.txt neg neg:0.9997853180296944 pos:2.1468197030558684E-4 
2772.txt pos neg:0.7459593874867372 pos:0.2540406125132629 
1235.txt neg neg:0.9960902534881669 pos:0.0039097465118330225 
2203.txt neg neg:0.9952019020569939 pos:0.004798097943006055 
3678.txt pos pos:0.9883405462401178 neg:0.011659453759882182 
3837.txt pos pos:0.9961187715184702 neg:0.003881228481529897 
3175.txt pos pos:0.9816729500930208 neg:0.018327049906979087 
395.txt neg neg:0.7764041134222464 pos:0.22359588657775367 
161.txt pos neg:0.8408569831183405 pos:0.15914301688165952 
3223.txt neg neg:0.9435333709697384 pos:0.056466629030261555 
1032.txt pos pos:0.9649321649434431 neg:0.035067835056556855 
531.txt pos pos:0.9708923271857741 neg:0.029107672814225972 
4284.txt pos pos:0.9992568053686474 neg:7.431946313526242E-4 
2972.txt neg pos:0.7248698498429246 neg:0.2751301501570754 
87.txt neg neg:0.9073963254644125 pos:0.09260367453558746 
3225.txt pos neg:0.7547111986023797 pos:0.24528880139762024 
400.txt neg neg:0.7614896604361292 pos:0.23851033956387088 
2156.txt pos pos:0.6706101541718354 neg:0.32938984582816444 
2535.txt neg neg:0.5707398608944237 pos:0.42926013910557625 
1739.txt neg neg:0.8716510211375639 pos:0.12834897886243601 
3307.txt neg pos:0.6630767676784028 neg:0.33692323232159715 
1246.txt pos pos:0.9680725202934765 neg:0.031927479706523515 
1542.txt pos pos:0.9999301557004114 neg:6.984429958850234E-5 
1469.txt neg neg:0.9996797065523102 pos:3.202934476898948E-4 
1684.txt pos pos:0.9813248606198699 neg:0.018675139380129966 
516.txt neg neg:0.952516697653346 pos:0.0474833023466539 
3280.txt neg pos:0.8203350087080334 neg:0.17966499129196659 
2187.txt pos pos:0.9792009276945379 neg:0.0207990723054622 
2665.txt neg neg:0.9997241717144312 pos:2.7582828556876795E-4 
2204.txt neg neg:0.8949075971980579 pos:0.10509240280194211 
3716.txt pos pos:0.9764587286468015 neg:0.02354127135319855 
4026.txt pos pos:0.9774980101714649 neg:0.02250198982853512 
1248.txt pos neg:0.9441671832356274 pos:0.05583281676437272 
3436.txt neg neg:0.999992209611721 pos:7.790388279164724E-6 
4289.txt pos neg:0.9770781252752156 pos:0.022921874724784318 
1110.txt neg pos:0.9050357233059918 neg:0.09496427669400825 
722.txt neg pos:0.8701871456285504 neg:0.12981285437144952 
2160.txt pos pos:0.9071698200001839 neg:0.09283017999981605 
105.txt neg neg:0.6836492081977368 pos:0.3163507918022633 
1234.txt pos neg:0.9951750718182804 pos:0.004824928181719548 
699.txt neg neg:0.98720604808176 pos:0.012793951918239949 
3514.txt pos pos:0.982351799378306 neg:0.01764820062169403 
3391.txt neg neg:0.894813344842398 pos:0.10518665515760192 
3804.txt neg neg:0.9936233340140616 pos:0.006376665985938432 
1936.txt neg neg:0.7468928744093531 pos:0.25310712559064685 
3630.txt neg neg:0.8404823874487783 pos:0.1595176125512217 
1737.txt neg neg:0.9116318327799916 pos:0.08836816722000834 
193.txt neg neg:0.9008555552945504 pos:0.09914444470544957 
1072.txt pos pos:0.9796347911115163 neg:0.020365208888483685 
3638.txt pos neg:0.6828677430355194 pos:0.31713225696448044 
2889.txt neg pos:0.6824443924922177 neg:0.31755560750778233 
3969.txt neg neg:0.6580966256835752 pos:0.3419033743164249 
867.txt pos pos:0.9874727888537901 neg:0.012527211146209824 
523.txt neg neg:0.998301343752678 pos:0.0016986562473219602 
1328.txt pos pos:0.9121608420520808 neg:0.08783915794791908 
2128.txt neg neg:0.8925661416721994 pos:0.10743385832780054 
179.txt neg neg:0.9301015311455506 pos:0.06989846885444953 
1866.txt pos pos:0.9909484347005305 neg:0.009051565299469525 
3088.txt neg pos:0.8933118945356777 neg:0.10668810546432227 
682.txt pos pos:0.8698625263675446 neg:0.13013747363245542 
1122.txt neg neg:0.9159241218084822 pos:0.08407587819151781 
318.txt pos pos:0.9798474486343283 neg:0.020152551365671754 
3728.txt neg neg:0.5635873034847344 pos:0.4364126965152656 
1654.txt neg neg:0.9961073489754543 pos:0.0038926510245458432 
3729.txt pos pos:0.9572459299284412 neg:0.042754070071558854 
896.txt neg neg:0.9998345516179137 pos:1.6544838208643753E-4 
3555.txt neg neg:0.9812776347194897 pos:0.0187223652805104 
4171.txt neg neg:0.8265496621455335 pos:0.17345033785446648 
2002.txt neg pos:0.7989594409520016 neg:0.20104055904799836 
1356.txt neg neg:0.5271228176276241 pos:0.47287718237237597 
1703.txt pos pos:0.9876775975425348 neg:0.01232240245746523 
2774.txt neg neg:0.8272534253270611 pos:0.17274657467293889 
4170.txt pos pos:0.6773767423931046 neg:0.32262325760689536 
3332.txt neg neg:0.9508899463132424 pos:0.049110053686757436 
1627.txt pos pos:0.9989640031198354 neg:0.0010359968801645519 
3259.txt pos pos:0.967568713670623 neg:0.03243128632937694 
3134.txt neg neg:0.995794065374221 pos:0.004205934625779042 
2462.txt pos pos:0.9516369117655129 neg:0.048363088234487005 
4215.txt pos pos:0.9695449438908196 neg:0.030455056109180454 
2934.txt pos pos:0.6623032865100288 neg:0.3376967134899712 
1937.txt pos pos:0.665059759963942 neg:0.33494024003605816 
3720.txt pos pos:0.5711928569518959 neg:0.4288071430481041 
1482.txt pos pos:0.5225829957842822 neg:0.47741700421571776 
2168.txt neg neg:0.9515429255922006 pos:0.04845707440779942 
1978.txt neg neg:0.7020584620861222 pos:0.29794153791387784 
3148.txt neg neg:0.9940443621787028 pos:0.005955637821297237 
130.txt neg neg:0.9235096542073764 pos:0.07649034579262351 
4212.txt pos pos:0.7684800166820432 neg:0.2315199833179567 
1317.txt pos pos:0.7915660421411937 neg:0.20843395785880622 
150.txt pos pos:0.99243725308229 neg:0.007562746917709965 
1461.txt pos pos:0.7812997664582253 neg:0.21870023354177484 
186.txt pos pos:0.9825409901034506 neg:0.017459009896549353 
2825.txt pos neg:0.9457393714129961 pos:0.05426062858700383 
2463.txt neg neg:0.9910718301692727 pos:0.008928169830727176 
2575.txt neg neg:0.9858361037859983 pos:0.01416389621400181 
2369.txt neg neg:0.9999365405109496 pos:6.345948905045344E-5 
3262.txt pos neg:0.6643971299658148 pos:0.3356028700341852 
1653.txt neg neg:0.8151815859296273 pos:0.18481841407037264 
2611.txt pos pos:0.966622195355184 neg:0.033377804644816086 
1270.txt pos neg:0.8274440534983543 pos:0.17255594650164569 
2540.txt neg neg:0.9898949027023269 pos:0.010105097297673098 
1742.txt neg pos:0.7505042190889963 neg:0.24949578091100374 
956.txt neg neg:0.8596848800600275 pos:0.14031511993997248 
3401.txt pos pos:0.9991513190823891 neg:8.486809176110534E-4 
145.txt neg pos:0.8482195729284431 neg:0.15178042707155692 
558.txt neg neg:0.8902961300916419 pos:0.109703869908358 
3753.txt neg neg:0.9948037525420966 pos:0.005196247457903451 
840.txt neg neg:0.9977414702656796 pos:0.0022585297343203164 
Trial 0 Trainer MaxEntTrainer,gaussianPriorVariance=1.0 Training Data Confusion Matrix
Confusion Matrix, row=true, column=predicted  accuracy=1.0
  label   0   1  |total
  0 neg 900   .  |900
  1 pos   . 900  |900

Trial 0 Trainer MaxEntTrainer,gaussianPriorVariance=1.0 training data accuracy= 1.0
Trial 0 Trainer MaxEntTrainer,gaussianPriorVariance=1.0 Test Data Confusion Matrix
Confusion Matrix, row=true, column=predicted  accuracy=0.88
  label   0   1  |total
  0 neg  89  11  |100
  1 pos  13  87  |100

Trial 0 Trainer MaxEntTrainer,gaussianPriorVariance=1.0 test data accuracy= 0.88

MaxEntTrainer,gaussianPriorVariance=1.0
Summary. train accuracy mean = 1.0 stddev = 0.0 stderr = 0.0
Summary. test accuracy mean = 0.88 stddev = 0.0 stderr = 0.0
