
-------------------- Trial 0  --------------------

Trial 0 Training MaxEntTrainer,gaussianPriorVariance=1.0 with 1800 instances
Trial 0 Training MaxEntTrainer,gaussianPriorVariance=1.0 finished
Trial 0 Trainer MaxEntTrainer,gaussianPriorVariance=1.0
 Raw Testing Data
1274.txt pos pos:0.7752875813112613 neg:0.22471241868873865 
398.txt pos pos:0.9988545357361135 neg:0.0011454642638865813 
40.txt pos pos:0.9980001743644892 neg:0.001999825635510816 
3180.txt pos neg:0.8974408640382237 pos:0.10255913596177632 
3829.txt neg neg:0.5615239521208132 pos:0.4384760478791868 
2765.txt neg neg:0.9994951502122373 pos:5.048497877625455E-4 
3704.txt pos neg:0.7817409116768169 pos:0.21825908832318308 
1051.txt pos pos:0.8602865824681739 neg:0.13971341753182612 
1920.txt neg pos:0.9891613008069393 neg:0.010838699193060776 
824.txt neg neg:0.968622232605738 pos:0.03137776739426199 
3405.txt pos pos:0.9946331371890025 neg:0.005366862810997604 
1211.txt neg neg:0.9931897475780048 pos:0.006810252421995283 
3904.txt neg neg:0.8211514750648393 pos:0.17884852493516074 
3512.txt neg neg:0.719023493455386 pos:0.2809765065446139 
4202.txt neg neg:0.9935340826605319 pos:0.00646591733946822 
2533.txt pos pos:0.983182958945369 neg:0.01681704105463104 
355.txt neg neg:0.9728730566278193 pos:0.027126943372180606 
2267.txt neg pos:0.8924755572122995 neg:0.10752444278770039 
114.txt neg neg:0.6693934451920668 pos:0.3306065548079333 
2067.txt pos pos:0.6202481983488273 neg:0.3797518016511727 
3813.txt pos pos:0.832955952963736 neg:0.167044047036264 
4312.txt pos pos:0.6957380165703193 neg:0.3042619834296808 
2873.txt pos pos:0.9540009859133127 neg:0.045999014086687266 
1493.txt pos pos:0.9703049603996409 neg:0.02969503960035917 
797.txt neg neg:0.9651331712397972 pos:0.034866828760202716 
2143.txt pos neg:0.9355764808735686 pos:0.06442351912643147 
1478.txt neg neg:0.9094458445364392 pos:0.09055415546356094 
347.txt pos pos:0.9982765181439976 neg:0.001723481856002283 
1058.txt pos pos:0.9896889835280441 neg:0.010311016471955982 
215.txt neg neg:0.8950937683663417 pos:0.10490623163365838 
2166.txt neg neg:0.7651699886789041 pos:0.23483001132109596 
2847.txt neg neg:0.993478075022354 pos:0.006521924977645939 
2406.txt pos pos:0.8501304780756039 neg:0.14986952192439604 
427.txt pos neg:0.8661128322704975 pos:0.13388716772950257 
1219.txt pos neg:0.7894054810292769 pos:0.21059451897072315 
967.txt pos pos:0.99997252431173 neg:2.7475688269998236E-5 
1529.txt neg neg:0.9494209207044496 pos:0.05057907929555038 
264.txt pos pos:0.9148719395390543 neg:0.08512806046094572 
2094.txt neg neg:0.6397262752731508 pos:0.3602737247268492 
2045.txt neg neg:0.9604307258045194 pos:0.039569274195480494 
2808.txt pos pos:0.9691270032669236 neg:0.03087299673307635 
3359.txt pos pos:0.9346408378084314 neg:0.0653591621915686 
608.txt neg neg:0.9922253068123142 pos:0.007774693187685669 
1912.txt neg neg:0.8954338884359214 pos:0.10456611156407856 
3571.txt neg pos:0.5065114379296103 neg:0.4934885620703898 
1561.txt pos pos:0.9975939433291331 neg:0.0024060566708668366 
2586.txt pos pos:0.9993338347182298 neg:6.6616528177008E-4 
742.txt pos pos:0.9926655227392401 neg:0.007334477260759807 
1878.txt neg neg:0.9991549281685661 pos:8.450718314338031E-4 
1216.txt neg neg:0.6239114233163051 pos:0.3760885766836948 
271.txt neg neg:0.908950729264047 pos:0.09104927073595302 
1713.txt neg neg:0.9930582644646133 pos:0.006941735535386729 
1677.txt neg neg:0.8315072092821651 pos:0.16849279071783477 
4182.txt pos pos:0.8622193284589686 neg:0.13778067154103132 
781.txt neg pos:0.818529920246107 neg:0.18147007975389307 
1307.txt neg neg:0.9771890402376042 pos:0.02281095976239587 
741.txt neg neg:0.9887157694156368 pos:0.011284230584363363 
3007.txt pos pos:0.9946944694318138 neg:0.005305530568186175 
1876.txt neg neg:0.8978689574114597 pos:0.10213104258854042 
2581.txt pos pos:0.7528437169349291 neg:0.24715628306507087 
3420.txt neg neg:0.9824656428990768 pos:0.01753435710092309 
1421.txt pos pos:0.9999969248934698 neg:3.0751065303182512E-6 
203.txt neg neg:0.9316529374313969 pos:0.06834706256860319 
1251.txt neg pos:0.7832304012758308 neg:0.21676959872416923 
272.txt pos pos:0.8216165559475461 neg:0.17838344405245393 
2304.txt neg neg:0.9997824154629003 pos:2.175845370997152E-4 
1065.txt neg neg:0.8704092346640252 pos:0.12959076533597486 
1514.txt pos pos:0.9996416551199416 neg:3.583448800583059E-4 
1584.txt neg pos:0.9654363322401499 neg:0.03456366775985013 
3982.txt pos pos:0.9353855071420443 neg:0.06461449285795577 
1552.txt neg neg:0.7801321030080441 pos:0.21986789699195583 
706.txt neg pos:0.609840206479925 neg:0.39015979352007496 
4185.txt pos neg:0.6442618876022372 pos:0.3557381123977627 
2212.txt neg pos:0.8260044232216454 neg:0.1739955767783547 
4154.txt pos pos:0.9773208722961594 neg:0.022679127703840736 
101.txt pos neg:0.8294220650643506 pos:0.1705779349356494 
1983.txt neg pos:0.7447950925471896 neg:0.25520490745281044 
947.txt neg neg:0.998955711149718 pos:0.0010442888502818295 
3373.txt pos pos:0.9995389095724301 neg:4.610904275699205E-4 
1731.txt pos pos:0.9762686912941876 neg:0.02373130870581242 
3554.txt pos pos:0.9905533085881905 neg:0.009446691411809455 
1172.txt pos pos:0.8309147153878564 neg:0.1690852846121435 
677.txt pos pos:0.9999856282327949 neg:1.4371767205177948E-5 
1568.txt pos pos:0.9998936369365053 neg:1.0636306349456721E-4 
2946.txt pos pos:0.9101603378840276 neg:0.08983966211597243 
2331.txt neg pos:0.9132175888684549 neg:0.08678241113154503 
844.txt pos pos:0.5395397644467832 neg:0.46046023555321686 
3018.txt pos pos:0.9299310359942043 neg:0.07006896400579567 
2305.txt pos pos:0.94456437858916 neg:0.05543562141084001 
659.txt neg neg:0.958455351980542 pos:0.04154464801945801 
3188.txt neg neg:0.9182639582812735 pos:0.08173604171872652 
2409.txt neg neg:0.97904275895345 pos:0.0209572410465499 
2909.txt neg neg:0.9692352230912615 pos:0.030764776908738533 
91.txt neg pos:0.9942780347230413 neg:0.005721965276958571 
51.txt pos pos:0.9994152524327766 neg:5.847475672234819E-4 
3953.txt pos pos:0.9834429518510761 neg:0.01655704814892386 
3730.txt neg neg:0.6386073251681732 pos:0.3613926748318267 
2950.txt pos neg:0.8128551763399349 pos:0.1871448236600652 
1554.txt pos pos:0.7919804393122682 neg:0.20801956068773175 
276.txt neg neg:0.934038926336948 pos:0.06596107366305207 
674.txt neg neg:0.9200999464200016 pos:0.07990005357999826 
2377.txt pos pos:0.9995343360250293 neg:4.6566397497063705E-4 
2491.txt neg pos:0.9880679509706026 neg:0.011932049029397318 
1148.txt neg pos:0.8289032743848456 neg:0.17109672561515446 
898.txt neg neg:0.937495141279056 pos:0.06250485872094408 
396.txt pos pos:0.8273031668270634 neg:0.17269683317293652 
3263.txt neg neg:0.999905275826045 pos:9.472417395494841E-5 
3684.txt pos pos:0.8652787581603488 neg:0.1347212418396512 
2129.txt pos pos:0.9964930711912497 neg:0.003506928808750162 
2916.txt neg neg:0.9267622633376187 pos:0.0732377366623813 
1630.txt neg pos:0.5009614041606686 neg:0.49903859583933136 
1208.txt pos pos:0.8396204911809098 neg:0.16037950881909022 
2179.txt neg pos:0.6436298372512277 neg:0.35637016274877226 
476.txt pos pos:0.8059071934347006 neg:0.19409280656529942 
323.txt pos neg:0.8280006825623184 pos:0.17199931743768154 
4352.txt pos neg:0.9620668128987121 pos:0.03793318710128793 
263.txt pos pos:0.9993738780746032 neg:6.261219253966999E-4 
98.txt neg neg:0.7925520207318947 pos:0.20744797926810532 
3569.txt neg neg:0.9998171214005898 pos:1.8287859941023E-4 
2028.txt neg neg:0.7327639871194029 pos:0.267236012880597 
444.txt pos pos:0.9837715432299199 neg:0.016228456770080182 
1403.txt neg neg:0.6316890457410008 pos:0.36831095425899907 
2898.txt neg neg:0.7992855344786136 pos:0.20071446552138633 
2734.txt neg neg:0.99970209742783 pos:2.979025721698903E-4 
2658.txt pos pos:0.9723334139720246 neg:0.027666586027975528 
492.txt pos neg:0.798099796520218 pos:0.20190020347978208 
3200.txt neg neg:0.9926473032968536 pos:0.007352696703146286 
1109.txt pos neg:0.9008960773764277 pos:0.09910392262357233 
1088.txt neg neg:0.6211819690724042 pos:0.3788180309275958 
625.txt neg neg:0.9993282157402256 pos:6.71784259774479E-4 
3745.txt neg neg:0.5445382159225253 pos:0.45546178407747473 
4227.txt pos pos:0.9924257954358398 neg:0.007574204564160296 
1671.txt pos pos:0.9992951143652734 neg:7.048856347266494E-4 
1720.txt pos pos:0.9987466271019638 neg:0.0012533728980361032 
972.txt neg neg:0.9344213114634577 pos:0.06557868853654233 
3576.txt neg pos:0.7781613432041817 neg:0.22183865679581827 
1442.txt pos pos:0.9974786562278531 neg:0.002521343772146805 
1010.txt neg neg:0.9978893705781121 pos:0.0021106294218878143 
2472.txt neg pos:0.6928377394483758 neg:0.30716226055162416 
3928.txt pos pos:0.9990555605279735 neg:9.444394720264739E-4 
1728.txt neg neg:0.997901093952572 pos:0.002098906047428111 
2352.txt neg neg:0.9944493799999344 pos:0.00555062000006549 
1265.txt pos pos:0.9624707055192203 neg:0.03752929448077976 
1660.txt pos pos:0.9921718641164531 neg:0.007828135883547032 
211.txt pos neg:0.8864535345792721 pos:0.1135464654207279 
495.txt pos pos:0.5756912705579276 neg:0.4243087294420724 
3374.txt pos pos:0.8606125714328136 neg:0.13938742856718633 
2757.txt neg neg:0.9872502360531398 pos:0.012749763946860362 
2242.txt pos pos:0.9996974344120315 neg:3.025655879684896E-4 
2958.txt neg neg:0.9991829311022247 pos:8.170688977752268E-4 
610.txt neg neg:0.7140896618815523 pos:0.28591033811844757 
49.txt neg neg:0.8073617926021568 pos:0.1926382073978432 
455.txt pos pos:0.9995733292725385 neg:4.2667072746162456E-4 
909.txt neg neg:0.8211592543752267 pos:0.17884074562477323 
3468.txt pos neg:0.6586876584385611 pos:0.3413123415614389 
1445.txt pos pos:0.9933826938407649 neg:0.006617306159235118 
4079.txt pos pos:0.7793072733719524 neg:0.22069272662804776 
1224.txt neg neg:0.7844361639803583 pos:0.21556383601964177 
1520.txt neg neg:0.9750460040887153 pos:0.0249539959112846 
2750.txt neg neg:0.8821435968386777 pos:0.11785640316132223 
2282.txt pos pos:0.9830597552754565 neg:0.016940244724543488 
209.txt pos pos:0.6311186366301119 neg:0.3688813633698882 
3742.txt neg neg:0.991149097675074 pos:0.00885090232492615 
2632.txt pos neg:0.9962727815048755 pos:0.003727218495124349 
1141.txt neg pos:0.8796056873547918 neg:0.12039431264520811 
3380.txt neg neg:0.5243600149093159 pos:0.47563998509068406 
4353.txt neg neg:0.9605667982508385 pos:0.03943320174916156 
96.txt pos neg:0.679525554687244 pos:0.32047444531275604 
2674.txt neg neg:0.9973263655477504 pos:0.002673634452249559 
3793.txt neg neg:0.8612617382614016 pos:0.1387382617385984 
3543.txt neg neg:0.9822925508794502 pos:0.01770744912054979 
4279.txt neg neg:0.999850275584352 pos:1.4972441564805613E-4 
1804.txt neg pos:0.6575765892126297 neg:0.3424234107873703 
2623.txt pos pos:0.968387802221372 neg:0.03161219777862808 
3413.txt pos pos:0.9969994730313575 neg:0.0030005269686425315 
1643.txt pos pos:0.968842341114806 neg:0.031157658885193902 
2423.txt neg neg:0.9955162256941855 pos:0.004483774305814498 
1927.txt neg neg:0.9992849697452499 pos:7.150302547500567E-4 
1752.txt pos pos:0.9933852117110311 neg:0.006614788288968873 
679.txt pos pos:0.9968035312036285 neg:0.003196468796371541 
880.txt neg neg:0.9753672724438419 pos:0.024632727556158047 
3993.txt pos pos:0.9993637321490303 neg:6.362678509697807E-4 
2401.txt pos pos:0.9982245273689019 neg:0.0017754726310981698 
827.txt pos pos:0.8089805814252654 neg:0.1910194185747346 
4027.txt neg neg:0.9998954267536786 pos:1.0457324632142557E-4 
456.txt neg pos:0.840657413804628 neg:0.15934258619537203 
4153.txt pos pos:0.992162585098277 neg:0.007837414901722965 
387.txt pos pos:0.9929427185917977 neg:0.007057281408202217 
2557.txt pos pos:0.6220117254028248 neg:0.3779882745971752 
793.txt pos neg:0.6247225814659706 pos:0.3752774185340294 
1334.txt pos pos:0.9941947505833661 neg:0.005805249416633903 
1471.txt neg neg:0.9918172041249362 pos:0.00818279587506372 
1019.txt neg neg:0.8493219413928789 pos:0.15067805860712105 
602.txt pos pos:0.5029664060978787 neg:0.4970335939021213 
1669.txt pos pos:0.9057167512835874 neg:0.09428324871641262 
1779.txt neg neg:0.9909385726122635 pos:0.009061427387736467 
275.txt pos pos:0.9986500762102486 neg:0.0013499237897513364 
1566.txt pos pos:0.5630091875983052 neg:0.43699081240169474 
3892.txt neg neg:0.9971809891321245 pos:0.002819010867875531 
2015.txt pos pos:0.9830104298378672 neg:0.016989570162132726 
Trial 0 Trainer MaxEntTrainer,gaussianPriorVariance=1.0 Training Data Confusion Matrix
Confusion Matrix, row=true, column=predicted  accuracy=1.0
  label   0   1  |total
  0 neg 900   .  |900
  1 pos   . 900  |900

Trial 0 Trainer MaxEntTrainer,gaussianPriorVariance=1.0 training data accuracy= 1.0
Trial 0 Trainer MaxEntTrainer,gaussianPriorVariance=1.0 Test Data Confusion Matrix
Confusion Matrix, row=true, column=predicted  accuracy=0.815
  label   0   1  |total
  0 neg  80  20  |100
  1 pos  17  83  |100

Trial 0 Trainer MaxEntTrainer,gaussianPriorVariance=1.0 test data accuracy= 0.815

MaxEntTrainer,gaussianPriorVariance=1.0
Summary. train accuracy mean = 1.0 stddev = 0.0 stderr = 0.0
Summary. test accuracy mean = 0.815 stddev = 0.0 stderr = 0.0
