
-------------------- Trial 0  --------------------

Trial 0 Training MaxEntTrainer,gaussianPriorVariance=1.0 with 1800 instances
Trial 0 Training MaxEntTrainer,gaussianPriorVariance=1.0 finished
Trial 0 Trainer MaxEntTrainer,gaussianPriorVariance=1.0
 Raw Testing Data
4188.txt neg neg:0.9932977682253878 pos:0.006702231774612252 
1890.txt neg neg:0.5020513330045722 pos:0.4979486669954279 
3541.txt neg neg:0.9730160064013145 pos:0.026983993598685634 
2106.txt pos pos:0.9860917385801992 neg:0.013908261419800767 
2567.txt pos pos:0.5628599222523245 neg:0.43714007774767544 
302.txt pos pos:0.983087388546833 neg:0.01691261145316713 
1475.txt pos neg:0.7697776508556227 pos:0.23022234914437736 
2396.txt pos pos:0.9140303114019646 neg:0.08596968859803548 
3481.txt neg neg:0.79629124622789 pos:0.20370875377210987 
937.txt neg neg:0.686530025520178 pos:0.313469974479822 
1923.txt pos pos:0.5993331492259634 neg:0.4006668507740365 
950.txt pos pos:0.9884842667127699 neg:0.011515733287229997 
1764.txt neg pos:0.6272479012133626 neg:0.3727520987866374 
466.txt neg neg:0.999868735809013 pos:1.3126419098695753E-4 
4035.txt pos pos:0.9998783649006353 neg:1.2163509936469727E-4 
4157.txt neg pos:0.8038030466917391 neg:0.19619695330826087 
4246.txt pos pos:0.9956539540155874 neg:0.004346045984412592 
2340.txt pos pos:0.9999566923499347 neg:4.3307650065235654E-5 
1434.txt neg neg:0.9964425364800049 pos:0.0035574635199950495 
3271.txt pos neg:0.5499786621558623 pos:0.4500213378441377 
3005.txt pos pos:0.5197738561652443 neg:0.48022614383475565 
3573.txt neg pos:0.6517264582625649 neg:0.34827354173743513 
1846.txt neg neg:0.9320260444721239 pos:0.0679739555278761 
2289.txt pos neg:0.9457571701632177 pos:0.05424282983678237 
3076.txt neg neg:0.9245092890945134 pos:0.07549071090548667 
273.txt neg neg:0.9989260557431165 pos:0.0010739442568833597 
669.txt neg pos:0.8061307123716943 neg:0.1938692876283057 
3681.txt pos pos:0.879367393725037 neg:0.12063260627496306 
3169.txt neg neg:0.9961617646921547 pos:0.0038382353078453796 
1083.txt neg neg:0.996211520358819 pos:0.0037884796411810015 
1448.txt neg neg:0.5799912761996301 pos:0.42000872380036985 
1564.txt pos pos:0.9590484833557843 neg:0.040951516644215674 
4097.txt neg neg:0.6087002938674888 pos:0.3912997061325113 
1371.txt pos pos:0.6006990819127713 neg:0.3993009180872286 
3329.txt pos neg:0.831146889325836 pos:0.16885311067416392 
3946.txt neg pos:0.5572914526686519 neg:0.4427085473313481 
2445.txt neg neg:0.9962790945735238 pos:0.003720905426476105 
1194.txt pos pos:0.9957669178442754 neg:0.004233082155724657 
156.txt neg neg:0.9523528262292276 pos:0.047647173770772294 
1441.txt neg neg:0.8792388326526923 pos:0.12076116734730775 
977.txt neg pos:0.8662535393745561 neg:0.13374646062544399 
3901.txt neg neg:0.9970856653073104 pos:0.002914334692689533 
1563.txt pos pos:0.998717849929812 neg:0.0012821500701879437 
1872.txt pos pos:0.9971887470901337 neg:0.0028112529098663344 
1848.txt neg pos:0.9799385624765337 neg:0.02006143752346628 
3811.txt pos pos:0.9617623181071936 neg:0.038237681892806394 
586.txt pos pos:0.9981994677801358 neg:0.0018005322198642424 
253.txt pos pos:0.9994430181933205 neg:5.56981806679609E-4 
813.txt neg neg:0.8362419902532243 pos:0.16375800974677576 
2766.txt pos pos:0.8831943495419278 neg:0.1168056504580722 
942.txt neg neg:0.9906134330059189 pos:0.009386566994081016 
2912.txt pos pos:0.5162116593878964 neg:0.48378834061210363 
1696.txt neg neg:0.9822828519364802 pos:0.01771714806351989 
1303.txt pos pos:0.9898942638682323 neg:0.010105736131767549 
3773.txt pos pos:0.8967648864062128 neg:0.1032351135937872 
1580.txt pos pos:0.9670726206400871 neg:0.03292737935991276 
945.txt neg neg:0.9907219457702046 pos:0.00927805422979544 
3709.txt neg neg:0.9997927811861437 pos:2.0721881385644505E-4 
1061.txt pos pos:0.9910045930704161 neg:0.008995406929583795 
2670.txt pos neg:0.7779690375209106 pos:0.2220309624790893 
4316.txt neg neg:0.999647786017683 pos:3.522139823170228E-4 
3204.txt pos pos:0.9797373140157343 neg:0.020262685984265616 
414.txt neg neg:0.999920635965345 pos:7.936403465490427E-5 
406.txt pos pos:0.9999866744366722 neg:1.3325563327749592E-5 
1268.txt neg neg:0.9594605419241746 pos:0.04053945807582531 
2566.txt neg neg:0.9685572453579105 pos:0.03144275464208951 
4273.txt pos pos:0.999735944582874 neg:2.6405541712593635E-4 
446.txt pos pos:0.6669727261751107 neg:0.3330272738248892 
3315.txt pos pos:0.9795486212326237 neg:0.020451378767376405 
1965.txt neg neg:0.9945513207297513 pos:0.005448679270248585 
3327.txt pos pos:0.989585998947511 neg:0.010414001052489005 
1330.txt neg neg:0.8796451787098947 pos:0.12035482129010534 
1765.txt pos neg:0.9446076152423954 pos:0.05539238475760455 
667.txt neg neg:0.9357767740341575 pos:0.06422322596584261 
1255.txt pos pos:0.5029198720882438 neg:0.49708012791175615 
2147.txt neg neg:0.9240801356255163 pos:0.07591986437448368 
1212.txt pos pos:0.9646151727798675 neg:0.035384827220132496 
305.txt pos neg:0.9125257036311889 pos:0.08747429636881114 
588.txt pos pos:0.9610827963744852 neg:0.038917203625514867 
2802.txt neg neg:0.5716542559384515 pos:0.4283457440615485 
1266.txt neg pos:0.5463113680683894 neg:0.4536886319316106 
104.txt pos pos:0.9999983549558961 neg:1.6450441040419678E-6 
3941.txt neg neg:0.9988529504781838 pos:0.0011470495218162187 
1447.txt pos pos:0.9848705424486428 neg:0.015129457551357216 
3799.txt pos pos:0.9238181050963588 neg:0.07618189490364119 
473.txt pos neg:0.8367037529624296 pos:0.1632962470375703 
3418.txt pos pos:0.8753307929707762 neg:0.12466920702922378 
787.txt pos pos:0.8285326980649054 neg:0.17146730193509463 
1807.txt pos neg:0.9172547398785031 pos:0.08274526012149687 
4319.txt pos pos:0.9932496423474999 neg:0.0067503576525000325 
1672.txt neg neg:0.8833102545476436 pos:0.11668974545235629 
1924.txt pos pos:0.9998996540803538 neg:1.0034591964632818E-4 
4356.txt neg neg:0.8952109582540119 pos:0.10478904174598815 
530.txt neg neg:0.9190672091826423 pos:0.08093279081735764 
3746.txt pos pos:0.9608243132599638 neg:0.03917568674003627 
3888.txt neg pos:0.6821454220987326 neg:0.31785457790126737 
4208.txt pos pos:0.9999984196083139 neg:1.5803916861044869E-6 
649.txt pos pos:0.9257655101352146 neg:0.07423448986478537 
2264.txt pos pos:0.9894254086201388 neg:0.010574591379861246 
3651.txt neg neg:0.8750756995620121 pos:0.12492430043798793 
1269.txt pos pos:0.9999513097073768 neg:4.869029262322984E-5 
3410.txt neg neg:0.9973182839728203 pos:0.0026817160271796255 
1252.txt pos neg:0.8423589950186059 pos:0.15764100498139408 
490.txt pos pos:0.8687015060731056 neg:0.13129849392689438 
1136.txt neg neg:0.8268146981388869 pos:0.17318530186111303 
3245.txt neg neg:0.9768814245102131 pos:0.023118575489786918 
310.txt neg pos:0.6439044591181954 neg:0.35609554088180456 
2521.txt neg neg:0.9273050770075154 pos:0.07269492299248446 
1873.txt neg neg:0.9945952199672871 pos:0.005404780032712954 
3540.txt pos pos:0.9461929201818058 neg:0.0538070798181943 
792.txt neg neg:0.9639948268673508 pos:0.03600517313264931 
3817.txt neg neg:0.9806515810942201 pos:0.019348418905779912 
3948.txt neg neg:0.9985405032822352 pos:0.0014594967177647784 
2058.txt neg neg:0.9997925347528718 pos:2.07465247128317E-4 
3320.txt pos pos:0.9853595699525095 neg:0.014640430047490448 
1337.txt neg neg:0.5192074160822077 pos:0.48079258391779234 
1962.txt neg neg:0.8788530930241083 pos:0.12114690697589173 
1131.txt neg neg:0.9999959962634261 pos:4.003736573961161E-6 
30.txt neg pos:0.9546313350471181 neg:0.04536866495288203 
1762.txt pos neg:0.5769093153089933 pos:0.42309068469100675 
2726.txt pos pos:0.9849368894433648 neg:0.015063110556635168 
1139.txt pos pos:0.9915334083530275 neg:0.008466591646972502 
4325.txt pos pos:0.9999484147770553 neg:5.158522294468695E-5 
4274.txt pos pos:0.9831065762400462 neg:0.016893423759953837 
559.txt pos pos:0.5763161556820509 neg:0.42368384431794914 
1055.txt neg neg:0.9966212477050052 pos:0.0033787522949948142 
711.txt pos pos:0.889522389232474 neg:0.11047761076752598 
3042.txt pos pos:0.9789233867574785 neg:0.021076613242521504 
828.txt neg neg:0.917974175448396 pos:0.08202582455160398 
1302.txt neg pos:0.9926868783201847 neg:0.007313121679815362 
2985.txt neg neg:0.9654542102234491 pos:0.034545789776550866 
2895.txt pos neg:0.9936313307688369 pos:0.006368669231163164 
2803.txt pos pos:0.987468248939826 neg:0.012531751060174083 
4163.txt pos pos:0.9695285430526865 neg:0.03047145694731356 
2913.txt neg neg:0.8976541486617345 pos:0.10234585133826558 
3239.txt neg neg:0.984310166740817 pos:0.015689833259182943 
2011.txt neg neg:0.7072962114296804 pos:0.29270378857031965 
579.txt neg neg:0.8019883919699621 pos:0.19801160803003795 
192.txt pos pos:0.9310264390517137 neg:0.06897356094828638 
833.txt pos neg:0.9774759008207291 pos:0.022524099179270975 
1786.txt pos neg:0.9697450593284057 pos:0.03025494067159433 
319.txt neg neg:0.9753556802691313 pos:0.02464431973086864 
4350.txt pos pos:0.9930237072139638 neg:0.0069762927860361245 
3422.txt neg neg:0.9520600202951407 pos:0.04793997970485929 
3094.txt pos pos:0.9447342954975513 neg:0.05526570450244862 
2263.txt pos pos:0.5088695581397692 neg:0.4911304418602308 
2101.txt pos pos:0.632851491349553 neg:0.36714850865044696 
505.txt neg neg:0.904738802544649 pos:0.09526119745535112 
4323.txt neg neg:0.9952858435577642 pos:0.004714156442235848 
1060.txt neg neg:0.9998401106368672 pos:1.5988936313272574E-4 
3326.txt neg neg:0.6929084367269189 pos:0.307091563273081 
4365.txt pos pos:0.9033824019403154 neg:0.09661759805968474 
2671.txt neg neg:0.9791736450520298 pos:0.020826354947970367 
4075.txt pos pos:0.9993749655177457 neg:6.250344822541455E-4 
299.txt neg neg:0.9991553445498472 pos:8.446554501527579E-4 
3747.txt neg neg:0.9779356813836284 pos:0.022064318616371602 
234.txt neg neg:0.9792066517369624 pos:0.020793348263037616 
3203.txt pos pos:0.9596502160915661 neg:0.040349783908433925 
2493.txt neg neg:0.9939124475812476 pos:0.006087552418752295 
1261.txt neg pos:0.7245173647158889 neg:0.2754826352841112 
1763.txt neg neg:0.7587568053452982 pos:0.24124319465470176 
4296.txt neg neg:0.9666362188197438 pos:0.03336378118025611 
1832.txt pos pos:0.996280655370138 neg:0.003719344629862068 
2920.txt pos pos:0.9597684294060681 neg:0.04023157059393196 
2761.txt pos pos:0.7891022494666592 neg:0.21089775053334073 
2288.txt neg neg:0.9972453785304262 pos:0.0027546214695737606 
2783.txt neg neg:0.8197013059459806 pos:0.18029869405401944 
4119.txt neg neg:0.9170386515042822 pos:0.08296134849571783 
103.txt pos pos:0.9996805162085518 neg:3.194837914482378E-4 
3002.txt pos pos:0.9049787551948789 neg:0.09502124480512106 
3121.txt pos neg:0.676622354280443 pos:0.32337764571955685 
2436.txt pos pos:0.9999539913513977 neg:4.600864860213684E-5 
3658.txt neg neg:0.782540303809918 pos:0.21745969619008212 
522.txt pos pos:0.9882434113600223 neg:0.011756588639977833 
2024.txt neg pos:0.858841385714313 neg:0.14115861428568707 
885.txt neg neg:0.9136358216193742 pos:0.08636417838062573 
3489.txt pos pos:0.999594893462191 neg:4.0510653780900525E-4 
77.txt neg neg:0.9799324180966918 pos:0.02006758190330822 
3242.txt neg neg:0.9933217702601382 pos:0.006678229739861757 
1633.txt pos pos:0.9999935655677126 neg:6.4344322874419256E-6 
758.txt pos pos:0.9991758929620626 neg:8.241070379374322E-4 
4098.txt pos pos:0.9996542413007228 neg:3.4575869927721387E-4 
1634.txt pos pos:0.9987430673091192 neg:0.0012569326908806661 
640.txt pos pos:0.9992882745922734 neg:7.117254077266201E-4 
1519.txt neg neg:0.756431916107152 pos:0.24356808389284804 
248.txt neg neg:0.9749627947882649 pos:0.02503720521173518 
1609.txt neg neg:0.9988490426528128 pos:0.0011509573471871447 
1556.txt pos pos:0.9998993230030928 neg:1.0067699690723074E-4 
1342.txt neg neg:0.9992250453975436 pos:7.74954602456399E-4 
959.txt pos pos:0.9974421722586825 neg:0.002557827741317407 
3031.txt neg neg:0.9997761604787708 pos:2.2383952122915192E-4 
3279.txt neg neg:0.9041875069732793 pos:0.09581249302672072 
2442.txt neg neg:0.9934074113886469 pos:0.006592588611353185 
3880.txt pos pos:0.9656524908286619 neg:0.03434750917133814 
874.txt pos neg:0.8670295250084102 pos:0.13297047499158984 
4111.txt pos pos:0.9608319202325319 neg:0.03916807976746799 
1473.txt neg neg:0.987917592110755 pos:0.012082407889244971 
214.txt pos pos:0.875505156108316 neg:0.12449484389168385 
3450.txt neg neg:0.7936750147679776 pos:0.2063249852320223 
2063.txt neg neg:0.9979810934696416 pos:0.0020189065303585245 
Trial 0 Trainer MaxEntTrainer,gaussianPriorVariance=1.0 Training Data Confusion Matrix
Confusion Matrix, row=true, column=predicted  accuracy=1.0
  label   0   1  |total
  0 neg 900   .  |900
  1 pos   . 900  |900

Trial 0 Trainer MaxEntTrainer,gaussianPriorVariance=1.0 training data accuracy= 1.0
Trial 0 Trainer MaxEntTrainer,gaussianPriorVariance=1.0 Test Data Confusion Matrix
Confusion Matrix, row=true, column=predicted  accuracy=0.85
  label   0   1  |total
  0 neg  86  14  |100
  1 pos  16  84  |100

Trial 0 Trainer MaxEntTrainer,gaussianPriorVariance=1.0 test data accuracy= 0.85

MaxEntTrainer,gaussianPriorVariance=1.0
Summary. train accuracy mean = 1.0 stddev = 0.0 stderr = 0.0
Summary. test accuracy mean = 0.85 stddev = 0.0 stderr = 0.0
