
-------------------- Trial 0  --------------------

Trial 0 Training MaxEntTrainer,gaussianPriorVariance=1.0 with 1800 instances
Trial 0 Training MaxEntTrainer,gaussianPriorVariance=1.0 finished
Trial 0 Trainer MaxEntTrainer,gaussianPriorVariance=1.0
 Raw Testing Data
2118.txt neg neg:0.7115652799180969 pos:0.2884347200819031 
4108.txt neg pos:0.538233041636162 neg:0.46176695836383796 
493.txt neg pos:0.8766672821347272 neg:0.12333271786527275 
2929.txt pos neg:0.725378384339164 pos:0.2746216156608359 
1230.txt neg neg:0.7430392505475581 pos:0.2569607494524419 
2813.txt neg neg:0.9528796340802089 pos:0.047120365919790984 
3781.txt pos pos:0.959381659792231 neg:0.04061834020776909 
1546.txt neg neg:0.8408430922733201 pos:0.1591569077266799 
1810.txt neg neg:0.9951277004775065 pos:0.004872299522493489 
3801.txt neg neg:0.6544082894476598 pos:0.3455917105523401 
4373.txt pos neg:0.5984045360072645 pos:0.40159546399273555 
4190.txt neg neg:0.8709484401497463 pos:0.12905155985025377 
1155.txt neg neg:0.9578106341011616 pos:0.04218936589883839 
3220.txt pos neg:0.5056896214784122 pos:0.4943103785215879 
348.txt neg pos:0.6558355524790911 neg:0.3441644475209089 
3084.txt neg neg:0.5310873354852867 pos:0.46891266451471325 
1368.txt neg neg:0.6582854429684081 pos:0.34171455703159187 
846.txt pos pos:0.999998067766744 neg:1.932233255933754E-6 
6.txt neg neg:0.6249596957623925 pos:0.37504030423760754 
1808.txt neg neg:0.8277196781231021 pos:0.17228032187689796 
2206.txt neg neg:0.9662921170874419 pos:0.03370788291255808 
3723.txt neg pos:0.5921857586145778 neg:0.40781424138542227 
3691.txt neg neg:0.7214600830385629 pos:0.27853991696143715 
2190.txt pos pos:0.5412373972313838 neg:0.45876260276861625 
934.txt pos pos:0.9871854518171649 neg:0.012814548182835209 
2502.txt neg neg:0.8060348027091117 pos:0.1939651972908883 
266.txt pos neg:0.8517089836296259 pos:0.14829101637037406 
342.txt pos pos:0.9298400547748188 neg:0.07015994522518133 
1039.txt pos pos:0.9998534269378916 neg:1.4657306210827774E-4 
1168.txt pos pos:0.991508403291008 neg:0.008491596708992077 
521.txt neg neg:0.9850496330660123 pos:0.014950366933987713 
1093.txt pos pos:0.9348815483977488 neg:0.0651184516022512 
4310.txt pos pos:0.9998949039041718 neg:1.0509609582827908E-4 
1617.txt pos pos:0.9930806955156263 neg:0.0069193044843737644 
3447.txt pos pos:0.9234359136537054 neg:0.07656408634629454 
3672.txt neg neg:0.9901733017027747 pos:0.009826698297225402 
2274.txt neg neg:0.917869457191354 pos:0.08213054280864594 
3497.txt neg neg:0.932645103104938 pos:0.06735489689506197 
3277.txt neg neg:0.9745501311309579 pos:0.025449868869042054 
61.txt neg pos:0.7870013989127151 neg:0.21299860108728483 
842.txt neg neg:0.9513519118980077 pos:0.04864808810199235 
2158.txt neg neg:0.7859946823003112 pos:0.2140053176996887 
93.txt pos neg:0.6538105499837948 pos:0.34618945001620516 
1361.txt neg neg:0.8063331520086592 pos:0.19366684799134076 
399.txt neg neg:0.5253392288376452 pos:0.4746607711623548 
3807.txt pos pos:0.999752069933039 neg:2.4793006696092963E-4 
2096.txt neg pos:0.5872863195550636 neg:0.41271368044493634 
1541.txt neg pos:0.9979380953304453 neg:0.0020619046695548116 
3956.txt pos pos:0.9870686783264373 neg:0.012931321673562576 
607.txt pos pos:0.9922437547353736 neg:0.0077562452646264355 
3337.txt neg neg:0.9538842567185474 pos:0.046115743281452626 
1320.txt pos pos:0.9995413266391391 neg:4.5867336086095406E-4 
4033.txt neg neg:0.9741262305520672 pos:0.02587376944793273 
3266.txt neg neg:0.8615626699669193 pos:0.13843733003308062 
3724.txt neg pos:0.8075973480597325 neg:0.19240265194026743 
402.txt neg pos:0.7970700217250544 neg:0.20292997827494558 
709.txt pos pos:0.9983403058509045 neg:0.001659694149095564 
3688.txt pos pos:0.7294786722949427 neg:0.2705213277050574 
3710.txt pos pos:0.9922496272191232 neg:0.007750372780876716 
85.txt pos pos:0.9999995427241967 neg:4.572758031893263E-7 
2437.txt neg neg:0.9805876950261491 pos:0.019412304973851 
1486.txt neg pos:0.8404159547228884 neg:0.1595840452771115 
3304.txt pos pos:0.9655509225855908 neg:0.03444907741440916 
1028.txt pos neg:0.6829329365663028 pos:0.31706706343369706 
4374.txt pos pos:0.999947473744782 neg:5.252625521815285E-5 
974.txt pos pos:0.8291018987717289 neg:0.17089810122827115 
1115.txt neg neg:0.9985660133915079 pos:0.0014339866084922186 
3549.txt pos pos:0.5814563608664587 neg:0.4185436391335413 
2544.txt pos pos:0.9974798798200611 neg:0.0025201201799388995 
437.txt neg neg:0.9187915241256358 pos:0.08120847587436408 
3382.txt neg neg:0.7203419620775718 pos:0.27965803792242827 
727.txt neg pos:0.9853483100531072 neg:0.014651689946892801 
486.txt pos pos:0.799327625753495 neg:0.20067237424650486 
1030.txt pos pos:0.9311368674042939 neg:0.06886313259570613 
2853.txt neg pos:0.9836737143016959 neg:0.016326285698304025 
3835.txt pos pos:0.9958152421616884 neg:0.004184757838311622 
1045.txt pos pos:0.9978150562195589 neg:0.0021849437804411626 
4317.txt pos pos:0.996720410549268 neg:0.0032795894507320748 
394.txt pos neg:0.9934423421125477 pos:0.006557657887452333 
577.txt neg neg:0.9291372463394002 pos:0.0708627536605998 
3371.txt pos pos:0.5662321018433565 neg:0.4337678981566435 
3185.txt pos pos:0.7267422041534264 neg:0.2732577958465736 
841.txt pos pos:0.9057005523447825 neg:0.09429944765521743 
1462.txt neg neg:0.9940092664195894 pos:0.005990733580410604 
4088.txt neg neg:0.7874180660894511 pos:0.212581933910549 
1734.txt pos pos:0.9994552809986397 neg:5.447190013602485E-4 
1129.txt neg neg:0.9888477395800953 pos:0.011152260419904733 
482.txt neg neg:0.993820650398123 pos:0.006179349601876968 
2683.txt neg neg:0.9982260574806275 pos:0.0017739425193724115 
1509.txt pos pos:0.9156117602086841 neg:0.08438823979131585 
54.txt neg pos:0.8655727670120357 neg:0.13442723298796433 
53.txt pos pos:0.9966211173124522 neg:0.003378882687547913 
1534.txt neg pos:0.5075140131014116 neg:0.4924859868985883 
3917.txt neg neg:0.9886478470363362 pos:0.011352152963663799 
1948.txt neg neg:0.9294622236358054 pos:0.07053777636419466 
3473.txt neg neg:0.9817084629132525 pos:0.018291537086747515 
2074.txt pos pos:0.7045902590481007 neg:0.29540974095189937 
2110.txt pos pos:0.7486604866530507 neg:0.2513395133469493 
109.txt neg pos:0.7123503780945721 neg:0.2876496219054279 
3303.txt pos pos:0.9826182395722944 neg:0.01738176042770562 
3806.txt neg neg:0.6013963109960112 pos:0.3986036890039888 
205.txt pos pos:0.980842756468571 neg:0.01915724353142896 
2065.txt pos pos:0.8992056088736742 neg:0.10079439112632582 
724.txt pos pos:0.9830084026118214 neg:0.016991597388178632 
4218.txt neg neg:0.9801276955684048 pos:0.019872304431595142 
791.txt pos neg:0.9041167453517786 pos:0.09588325464822142 
433.txt pos neg:0.7187370013341321 pos:0.28126299866586785 
1329.txt pos pos:0.9887351033925902 neg:0.011264896607409765 
2125.txt pos pos:0.956559340350144 neg:0.04344065964985608 
961.txt neg neg:0.9835952248052241 pos:0.016404775194775848 
2902.txt neg neg:0.6406734493379972 pos:0.3593265506620028 
112.txt pos pos:0.9994738630533906 neg:5.261369466094586E-4 
397.txt neg neg:0.996872667143935 pos:0.00312733285606499 
3989.txt pos pos:0.9959403076891785 neg:0.00405969231082139 
2035.txt neg neg:0.9979577753778862 pos:0.002042224622113759 
2869.txt pos pos:0.9957777393286564 neg:0.004222260671343684 
4081.txt neg neg:0.999147175849554 pos:8.528241504460705E-4 
4216.txt neg pos:0.8724702326963855 neg:0.1275297673036146 
2181.txt pos pos:0.9984959833679544 neg:0.0015040166320454608 
501.txt pos pos:0.9736840087323214 neg:0.02631599126767865 
217.txt neg neg:0.585261330282491 pos:0.4147386697175089 
169.txt pos pos:0.9989251558979261 neg:0.0010748441020738682 
1236.txt pos neg:0.5864983336402645 pos:0.41350166635973545 
2812.txt pos pos:0.7376699889307413 neg:0.2623300110692587 
3580.txt pos pos:0.8422391596972737 neg:0.15776084030272625 
3026.txt pos pos:0.9664534927904413 neg:0.033546507209558735 
4132.txt pos pos:0.9165983490773477 neg:0.08340165092265237 
732.txt pos pos:0.8691852726869718 neg:0.13081472731302826 
611.txt pos pos:0.5054541231486858 neg:0.4945458768513142 
1907.txt pos pos:0.9983291030926106 neg:0.0016708969073893937 
1054.txt pos neg:0.5117092015314425 pos:0.48829079846855755 
604.txt neg neg:0.6610288787397604 pos:0.3389711212602397 
2660.txt neg neg:0.7547995246168847 pos:0.24520047538311535 
3459.txt neg neg:0.9980541359168005 pos:0.001945864083199602 
973.txt pos pos:0.9993932480110954 neg:6.067519889045698E-4 
1352.txt pos pos:0.9999720125346391 neg:2.798746536091959E-5 
796.txt pos pos:0.7742511435287746 neg:0.2257488564712254 
494.txt neg neg:0.9906782904903041 pos:0.00932170950969593 
3077.txt pos pos:0.837175348581332 neg:0.16282465141866803 
3153.txt pos pos:0.9913467872497154 neg:0.00865321275028449 
574.txt pos pos:0.8122161231650847 neg:0.18778387683491535 
1746.txt pos neg:0.9338214862437232 pos:0.06617851375627673 
2885.txt neg neg:0.9788825019862195 pos:0.021117498013780423 
660.txt neg neg:0.6625218417827862 pos:0.3374781582172139 
1773.txt pos pos:0.5026195261100238 neg:0.49738047388997625 
1202.txt neg neg:0.9189361858615126 pos:0.08106381413848737 
3701.txt pos pos:0.7529421749033812 neg:0.2470578250966188 
354.txt pos pos:0.9881109354438793 neg:0.011889064556120788 
886.txt pos pos:0.8175893381660831 neg:0.18241066183391688 
2426.txt neg neg:0.9171740760066173 pos:0.08282592399338268 
2937.txt neg neg:0.8165752330825454 pos:0.1834247669174546 
4025.txt neg pos:0.9567405945449164 neg:0.043259405455083486 
1260.txt pos pos:0.9992967389605187 neg:7.032610394812551E-4 
4308.txt pos neg:0.5168226053870303 pos:0.4831773946129697 
1597.txt neg neg:0.996528388703858 pos:0.003471611296141988 
1451.txt pos pos:0.9724330442827567 neg:0.027566955717243383 
568.txt neg neg:0.9884596421917451 pos:0.011540357808254876 
3951.txt pos pos:0.5036001496212179 neg:0.496399850378782 
1184.txt neg neg:0.7825760311642562 pos:0.21742396883574377 
3846.txt neg neg:0.7799566626845758 pos:0.2200433373154243 
4257.txt pos pos:0.9994892448286223 neg:5.107551713776208E-4 
3496.txt pos neg:0.9904719552183042 pos:0.009528044781695772 
857.txt pos pos:0.9998849369440744 neg:1.1506305592555076E-4 
1819.txt neg pos:0.9295860819991185 neg:0.07041391800088137 
1909.txt pos pos:0.9293574841953651 neg:0.07064251580463488 
3519.txt neg neg:0.9941892779534197 pos:0.005810722046580326 
1370.txt neg neg:0.9932514083324648 pos:0.006748591667535109 
2372.txt pos neg:0.5630288604551187 pos:0.43697113954488137 
2091.txt neg neg:0.9990758625674511 pos:9.24137432548876E-4 
385.txt pos pos:0.5127680156764194 neg:0.48723198432358056 
3659.txt pos pos:0.944056168908028 neg:0.05594383109197197 
388.txt neg neg:0.6385004452114044 pos:0.3614995547885956 
3227.txt pos pos:0.9655665472238893 neg:0.03443345277611064 
2744.txt neg neg:0.9423077084548822 pos:0.057692291545117784 
3718.txt neg neg:0.9989850978502401 pos:0.0010149021497598408 
262.txt neg pos:0.8455300595523654 neg:0.1544699404476346 
45.txt pos pos:0.9993279912409871 neg:6.720087590126889E-4 
1623.txt neg pos:0.6814527849114912 neg:0.31854721508850886 
2678.txt neg neg:0.9827159305624737 pos:0.01728406943752631 
3407.txt pos pos:0.9999958018907288 neg:4.198109271285162E-6 
2655.txt neg neg:0.9568813599633107 pos:0.04311864003668942 
913.txt neg neg:0.8692994869488654 pos:0.13070051305113467 
3292.txt pos neg:0.8792816954804105 pos:0.12071830451958951 
1237.txt neg neg:0.994501321495389 pos:0.005498678504611046 
422.txt pos pos:0.8744079266615239 neg:0.1255920733384761 
566.txt neg neg:0.9452225469435864 pos:0.0547774530564135 
107.txt neg pos:0.5912054598038536 neg:0.40879454019614636 
1656.txt neg neg:0.9984686742037994 pos:0.0015313257962006504 
3589.txt pos pos:0.8893900115612006 neg:0.11060998843879936 
2637.txt pos pos:0.7487610350191323 neg:0.2512389649808677 
905.txt neg pos:0.9500861690563803 neg:0.04991383094361964 
1203.txt pos pos:0.5708487167532804 neg:0.4291512832467197 
2539.txt neg neg:0.9537251295352405 pos:0.046274870464759525 
1817.txt neg neg:0.7965500223767331 pos:0.2034499776232668 
747.txt pos neg:0.5361974029295334 pos:0.46380259707046656 
2604.txt neg neg:0.9657177075690345 pos:0.03428229243096546 
2141.txt pos pos:0.6868793693904767 neg:0.31312063060952333 
3996.txt pos pos:0.9213519482780244 neg:0.0786480517219757 
783.txt neg neg:0.9248197838030655 pos:0.07518021619693457 
1747.txt neg neg:0.9803681346768303 pos:0.019631865323169725 
Trial 0 Trainer MaxEntTrainer,gaussianPriorVariance=1.0 Training Data Confusion Matrix
Confusion Matrix, row=true, column=predicted  accuracy=1.0
  label   0   1  |total
  0 neg 900   .  |900
  1 pos   . 900  |900

Trial 0 Trainer MaxEntTrainer,gaussianPriorVariance=1.0 training data accuracy= 1.0
Trial 0 Trainer MaxEntTrainer,gaussianPriorVariance=1.0 Test Data Confusion Matrix
Confusion Matrix, row=true, column=predicted  accuracy=0.805
  label   0   1  |total
  0 neg  78  22  |100
  1 pos  17  83  |100

Trial 0 Trainer MaxEntTrainer,gaussianPriorVariance=1.0 test data accuracy= 0.805

MaxEntTrainer,gaussianPriorVariance=1.0
Summary. train accuracy mean = 1.0 stddev = 0.0 stderr = 0.0
Summary. test accuracy mean = 0.805 stddev = 0.0 stderr = 0.0
