
-------------------- Trial 0  --------------------

Trial 0 Training NaiveBayesTrainer with 1800 instances
Trial 0 Training NaiveBayesTrainer finished
Trial 0 Trainer NaiveBayesTrainer
 Raw Testing Data
1783.txt neg neg:0.9999997724424765 pos:2.2755752333804616E-7 
1802.txt neg pos:0.9380036029753269 neg:0.061996397024673126 
862.txt neg neg:0.9986579851268402 pos:0.0013420148731598297 
1726.txt pos pos:0.9999999999983322 neg:1.6678076934392713E-12 
1766.txt pos pos:0.999994543308745 neg:5.456691254835534E-6 
3040.txt neg neg:0.9792502120594014 pos:0.020749787940598643 
3771.txt neg neg:1.0 pos:9.451050316428808E-21 
2068.txt pos neg:0.959164990022695 pos:0.04083500997730515 
4094.txt neg pos:0.9999999999999987 neg:1.30487280136822E-15 
2800.txt pos pos:0.9999997878385359 neg:2.1216146401653314E-7 
3860.txt pos pos:1.0 neg:9.699756997575558E-44 
513.txt pos pos:0.9998946654499566 neg:1.0533455004334254E-4 
3455.txt pos neg:0.9999998575760699 pos:1.4242393006110762E-7 
4167.txt pos pos:0.9894531885276714 neg:0.010546811472328659 
966.txt pos pos:0.9999999999999547 neg:4.5272640418846667E-14 
1695.txt neg neg:0.9999947543550051 pos:5.245644995045717E-6 
1526.txt neg neg:0.9999815565216505 pos:1.84434783493929E-5 
1636.txt neg pos:0.9999999074396272 neg:9.256037277928871E-8 
2519.txt neg neg:0.9999994206777979 pos:5.793222021187025E-7 
3388.txt neg pos:0.6921527959214309 neg:0.3078472040785691 
3248.txt neg neg:0.9999905627367573 pos:9.43726324270391E-6 
908.txt neg neg:0.9972831083301111 pos:0.0027168916698887533 
4242.txt pos pos:0.9999984612152559 neg:1.538784744050063E-6 
631.txt pos pos:1.0 neg:1.1893701954597593E-18 
2556.txt pos pos:0.9964208152791241 neg:0.00357918472087588 
1059.txt pos pos:0.9999999999992855 neg:7.144540366959453E-13 
1928.txt neg pos:0.9755030380893464 neg:0.02449696191065369 
1477.txt neg neg:0.9999956960219847 pos:4.303978015366582E-6 
4243.txt neg neg:0.9999607564975208 pos:3.924350247924003E-5 
1753.txt pos pos:0.9999999927917849 neg:7.208215182324996E-9 
3938.txt pos pos:1.0 neg:1.7683854925190515E-33 
2221.txt neg neg:0.9999999999942879 pos:5.7122066082345664E-12 
1843.txt pos pos:1.0 neg:1.3863895418795226E-17 
1089.txt neg neg:0.7110344390187489 pos:0.28896556098125115 
1191.txt neg neg:0.9999985618909537 pos:1.4381090462078859E-6 
1011.txt neg neg:0.9999924786882539 pos:7.521311745963043E-6 
48.txt neg neg:0.9999999939373805 pos:6.062619582930136E-9 
534.txt neg neg:0.9999999994817332 pos:5.182666586007027E-10 
4155.txt pos pos:1.0 neg:8.78125681794711E-23 
4183.txt pos pos:1.0 neg:1.4182326543669278E-33 
2194.txt pos pos:0.9999696532780102 neg:3.0346721989816217E-5 
1879.txt neg neg:0.9999999999618727 pos:3.8127220289633E-11 
1196.txt neg neg:0.9999999659023333 pos:3.409766667119115E-8 
3467.txt pos pos:1.0 neg:1.3052753399654709E-17 
97.txt pos pos:0.9999999999998579 neg:1.4206796180523243E-13 
2052.txt neg neg:0.9999999968275572 pos:3.172442780437614E-9 
1495.txt pos pos:1.0 neg:2.1576862212368786E-18 
279.txt neg neg:0.9996050058743099 pos:3.949941256900847E-4 
2563.txt pos pos:0.9999999999975828 neg:2.4172862806706E-12 
1755.txt neg pos:1.0 neg:3.022396988496665E-18 
2558.txt pos pos:0.9999999999999987 neg:1.2470845695988843E-15 
198.txt pos pos:0.999863441383228 neg:1.3655861677204178E-4 
1333.txt neg neg:0.9690245052315353 pos:0.030975494768464815 
196.txt pos pos:0.9999991347211357 neg:8.652788644411863E-7 
3273.txt neg neg:0.9999999336466598 pos:6.635334026114604E-8 
33.txt neg pos:0.9999883861579965 neg:1.1613842003440567E-5 
2897.txt neg neg:0.9948731393977194 pos:0.005126860602280603 
4230.txt pos pos:1.0 neg:6.259254878225232E-31 
4354.txt pos pos:0.9999999884615657 neg:1.153843433462783E-8 
1605.txt pos pos:1.0 neg:8.585617193120508E-19 
901.txt neg pos:0.9748379344869473 neg:0.025162065513052657 
3164.txt neg pos:0.9999999999999354 neg:6.461000310964151E-14 
3579.txt neg neg:0.9999999999998979 pos:1.0207605934059649E-13 
445.txt pos pos:0.9999910334969159 neg:8.966503084067965E-6 
2083.txt neg pos:0.9969208104071023 neg:0.0030791895928975782 
2102.txt pos pos:0.9999999985592973 neg:1.4407027047875008E-9 
3777.txt pos pos:0.9241293126606509 neg:0.07587068733934907 
2911.txt pos pos:0.9997765835224998 neg:2.2341647750019104E-4 
2269.txt pos pos:0.9999999862952134 neg:1.3704786756861567E-8 
115.txt neg neg:0.9999999997062607 pos:2.9373929710147455E-10 
2587.txt pos pos:0.9999956123343587 neg:4.387665641247006E-6 
1583.txt pos pos:1.0 neg:1.8078576030113274E-20 
306.txt pos pos:0.8973341967982916 neg:0.10266580320170832 
1476.txt pos pos:0.9998681864377761 neg:1.318135622239355E-4 
1024.txt neg neg:0.9999668534246567 pos:3.3146575343176276E-5 
366.txt neg neg:0.9999999999958606 pos:4.139295532733848E-12 
1569.txt pos pos:0.5196406974729841 neg:0.48035930252701586 
328.txt neg neg:0.999999995843766 pos:4.15623395959656E-9 
2550.txt neg neg:0.9999999989033719 pos:1.0966280853223564E-9 
4095.txt pos pos:1.0 neg:3.285782574449122E-19 
2724.txt neg neg:0.9999999985648622 pos:1.4351378772488344E-9 
459.txt neg pos:0.8821309946434228 neg:0.11786900535657721 
1022.txt pos pos:0.9851364569327963 neg:0.014863543067203713 
2408.txt neg neg:0.9999999999997367 pos:2.6341195536120317E-13 
2832.txt pos pos:0.9999028052320379 neg:9.719476796201656E-5 
1133.txt pos pos:0.999817747841901 neg:1.822521580989703E-4 
3201.txt neg neg:0.9988591290163726 pos:0.0011408709836273356 
1915.txt pos pos:0.9999999999793048 neg:2.0695297663539898E-11 
2699.txt pos pos:0.9999996786229874 neg:3.213770124593928E-7 
798.txt neg pos:0.97571153180817 neg:0.024288468191829983 
2565.txt neg neg:0.9999982265644924 pos:1.7734355075972224E-6 
1761.txt pos pos:1.0 neg:1.5240636575415117E-25 
4277.txt pos pos:0.9813548400259299 neg:0.01864515997407007 
334.txt pos neg:0.9999999415489483 pos:5.8451051598447046E-8 
752.txt pos pos:0.9999999999959128 neg:4.087068286192314E-12 
1264.txt pos pos:0.9999999762162638 neg:2.3783736164921502E-8 
906.txt neg neg:0.9999999998836147 pos:1.1638544207334196E-10 
3736.txt neg neg:0.9999999999999989 pos:1.1652427526136065E-15 
805.txt pos neg:0.9968550929141695 pos:0.0031449070858304215 
1803.txt pos pos:0.999999832710603 neg:1.6728939704959743E-7 
4237.txt pos pos:1.0 neg:6.447784686077031E-23 
321.txt neg pos:0.998997308628639 neg:0.0010026913713610216 
2634.txt pos neg:0.9839536157449941 pos:0.016046384255005982 
1218.txt pos pos:0.9360496128919412 neg:0.06395038710805884 
259.txt pos pos:0.9999144991596195 neg:8.550084038038065E-5 
1805.txt neg neg:1.0 pos:2.548457816657849E-17 
172.txt pos neg:0.9909701817497557 pos:0.009029818250244353 
2980.txt pos pos:0.9999999999998674 neg:1.326607794184528E-13 
160.txt neg neg:0.9999999990483406 pos:9.51659431236848E-10 
3970.txt neg pos:0.993424361725669 neg:0.0065756382743309945 
2448.txt neg neg:0.999999999999948 pos:5.202966068907007E-14 
968.txt pos pos:0.9977948518506748 neg:0.0022051481493250494 
3628.txt pos pos:0.9999999124637814 neg:8.753621856923593E-8 
2606.txt pos pos:1.0 neg:3.531111267503098E-17 
1372.txt pos pos:1.0 neg:6.3451039909938675E-24 
175.txt pos pos:1.0 neg:4.034271684996552E-17 
2518.txt pos pos:0.999876952029841 neg:1.2304797015913656E-4 
3992.txt pos pos:1.0 neg:1.1582264506644841E-32 
4293.txt pos pos:1.0 neg:1.641815511468634E-20 
2848.txt neg neg:0.9982857971115127 pos:0.0017142028884873292 
1259.txt neg neg:0.9813136581839409 pos:0.01868634181605909 
802.txt pos pos:0.9977016107483646 neg:0.0022983892516352513 
410.txt neg neg:0.9999999986234411 pos:1.3765587777608397E-9 
2517.txt neg neg:0.9999990627606008 pos:9.3723939917397E-7 
2214.txt neg neg:0.999999985762914 pos:1.4237085951115311E-8 
3936.txt pos pos:1.0 neg:2.1468392704256618E-30 
3930.txt neg neg:1.0 pos:1.4001769164959386E-23 
1892.txt pos pos:0.9994984012486275 neg:5.015987513723915E-4 
2302.txt neg neg:0.9998594763579065 pos:1.405236420935415E-4 
1250.txt neg pos:0.9999999860682227 neg:1.3931777285771726E-8 
1642.txt pos neg:0.9981930546888927 pos:0.0018069453111071744 
1025.txt pos pos:0.99999999998006 neg:1.9939990494804206E-11 
3776.txt neg neg:0.9998731464640318 pos:1.2685353596815458E-4 
3744.txt neg neg:0.9999999918250976 pos:8.17490253922359E-9 
3324.txt pos pos:1.0 neg:2.138936665977271E-21 
2027.txt neg neg:0.9666840674359932 pos:0.033315932564006896 
270.txt neg pos:0.752769414833608 neg:0.24723058516639201 
4313.txt pos neg:0.91460562452736 pos:0.08539437547263995 
2910.txt neg pos:0.9960731674731748 neg:0.003926832526825234 
2339.txt neg neg:0.9999986299850627 pos:1.3700149372892646E-6 
2787.txt neg neg:0.9999997046122286 pos:2.9538777137860627E-7 
707.txt neg pos:0.9999999999996843 neg:3.15736198773228E-13 
3032.txt neg neg:0.9999999999806859 pos:1.931420811881787E-11 
2896.txt pos pos:0.9999999992620585 neg:7.379414099852449E-10 
1953.txt neg neg:0.9809549825598635 pos:0.019045017440136675 
3931.txt pos pos:0.9999999998949631 neg:1.0503697550909711E-10 
4203.txt neg neg:0.999999815710038 pos:1.8428996197808933E-7 
2806.txt neg neg:0.9999999999987779 pos:1.2220805057664035E-12 
3828.txt neg neg:0.9999999998763529 pos:1.2364716815275252E-10 
3453.txt neg neg:0.9993818345818132 pos:6.181654181869545E-4 
2171.txt neg neg:0.9999779815552625 pos:2.201844473755657E-5 
1721.txt pos pos:0.9999999993782049 neg:6.217950115515804E-10 
3186.txt pos pos:0.999995393706116 neg:4.6062938840862446E-6 
2345.txt neg neg:0.9999999733393015 pos:2.666069850538415E-8 
1132.txt neg pos:0.5462351019841124 neg:0.4537648980158875 
2640.txt neg neg:0.9870189614980343 pos:0.012981038501965641 
2841.txt neg neg:0.9998919508474888 pos:1.0804915251126945E-4 
2763.txt neg neg:0.9637918053503014 pos:0.03620819464969849 
2524.txt pos neg:0.9999999331234775 pos:6.687652261010388E-8 
3006.txt pos pos:1.0 neg:3.057737963593432E-30 
3049.txt neg neg:0.9999999996350246 pos:3.6497538715029693E-10 
1373.txt neg neg:0.9999980578163163 pos:1.942183683712694E-6 
1057.txt pos neg:0.9999129548953288 pos:8.704510467126362E-5 
2758.txt neg neg:0.999987418098762 pos:1.2581901237938882E-5 
755.txt pos pos:0.999999999999243 neg:7.569989043409706E-13 
4366.txt pos pos:0.9999991874821814 neg:8.125178185759654E-7 
3593.txt neg neg:0.9999970088308823 pos:2.9911691177506943E-6 
3867.txt pos pos:1.0 neg:1.8809178120403534E-20 
3311.txt pos neg:0.7109800300179618 pos:0.28901996998203827 
2379.txt neg neg:0.9999999628800813 pos:3.711991861328274E-8 
4361.txt pos pos:1.0 neg:2.8253172108940997E-19 
1286.txt neg neg:0.9999999999865736 pos:1.34264594019759E-11 
450.txt neg neg:0.9994971186977485 pos:5.028813022516098E-4 
1444.txt pos pos:1.0 neg:8.403666897720529E-48 
353.txt neg neg:0.970321437629966 pos:0.02967856237003391 
3466.txt neg neg:0.9999999999235929 pos:7.640720423729565E-11 
2378.txt pos pos:0.9999999993155582 neg:6.844417533472693E-10 
526.txt pos pos:0.9999999999788378 neg:2.1162169455843257E-11 
3427.txt pos pos:1.0 neg:8.570655912170425E-33 
1670.txt pos pos:0.9999701759747078 neg:2.982402529209169E-5 
382.txt neg neg:1.0 pos:3.163293031138587E-30 
2020.txt neg neg:0.9996631274045598 pos:3.368725954403804E-4 
4160.txt pos pos:0.9999999997236797 neg:2.763202033299468E-10 
3150.txt pos pos:0.9918579592106415 neg:0.008142040789358537 
4004.txt pos pos:0.8906636874781121 neg:0.10933631252188789 
1470.txt neg pos:0.9947747559634681 neg:0.005225244036531866 
1436.txt pos pos:0.9999999999999976 neg:2.537316882182385E-15 
2762.txt pos pos:0.9723960268928272 neg:0.027603973107172834 
881.txt neg pos:0.9999992827614346 neg:7.172385654664654E-7 
219.txt pos pos:0.999999998394991 neg:1.6050089628290985E-9 
865.txt neg neg:0.963701733349149 pos:0.036298266650850994 
3358.txt pos pos:0.9999971576362459 neg:2.8423637541893535E-6 
1769.txt neg neg:0.9999999999765996 pos:2.3400428731316182E-11 
1064.txt neg pos:1.0 neg:6.405797149264203E-20 
210.txt pos pos:0.9999798011656689 neg:2.0198834331260034E-5 
4270.txt pos neg:0.9103590344766469 pos:0.08964096552335304 
155.txt neg neg:0.9999999999999907 pos:9.329455156466429E-15 
2342.txt neg neg:0.9585504270992803 pos:0.041449572900719815 
825.txt neg neg:0.9999995828612164 pos:4.171387836983035E-7 
1567.txt pos pos:0.9999999916174372 neg:8.382562708528617E-9 
Trial 0 Trainer NaiveBayesTrainer Training Data Confusion Matrix
Confusion Matrix, row=true, column=predicted  accuracy=0.9922222222222222
  label   0   1  |total
  0 neg 897   3  |900
  1 pos  11 889  |900

Trial 0 Trainer NaiveBayesTrainer training data accuracy= 0.9922222222222222
Trial 0 Trainer NaiveBayesTrainer Test Data Confusion Matrix
Confusion Matrix, row=true, column=predicted  accuracy=0.83
  label   0   1  |total
  0 neg  78  22  |100
  1 pos  12  88  |100

Trial 0 Trainer NaiveBayesTrainer test data accuracy= 0.83

NaiveBayesTrainer
Summary. train accuracy mean = 0.9922222222222222 stddev = 0.0 stderr = 0.0
Summary. test accuracy mean = 0.83 stddev = 0.0 stderr = 0.0
