
-------------------- Trial 0  --------------------

Trial 0 Training NaiveBayesTrainer with 1800 instances
Trial 0 Training NaiveBayesTrainer finished
Trial 0 Trainer NaiveBayesTrainer
 Raw Testing Data
3965.txt pos neg:0.9998216611077878 pos:1.783388922120998E-4 
719.txt neg neg:0.9999999182866326 pos:8.171336730309836E-8 
2931.txt neg neg:1.0 pos:4.392552374817148E-19 
3674.txt neg neg:0.9999999999999902 pos:9.734696088262714E-15 
3269.txt neg neg:0.9999999999958968 pos:4.1032296395552226E-12 
2357.txt pos pos:1.0 neg:9.165453897562675E-46 
416.txt pos pos:0.8781244577269973 neg:0.12187554227300267 
1822.txt pos pos:0.9999998969849497 neg:1.030150503027694E-7 
3012.txt pos pos:0.9877457292874926 neg:0.012254270712507455 
1275.txt neg pos:0.9999999996052737 neg:3.947261597720954E-10 
2162.txt neg neg:0.9999999869240137 pos:1.3075986444285288E-8 
932.txt pos pos:1.0 neg:2.2486170074876828E-23 
438.txt neg pos:0.6449860341141087 neg:0.35501396588589135 
4023.txt neg pos:0.9999999998718565 neg:1.281433851134651E-10 
2978.txt neg neg:0.999999909077002 pos:9.092299801511267E-8 
55.txt neg neg:0.861805373603879 pos:0.138194626396121 
587.txt neg pos:0.7489544805512842 neg:0.2510455194487157 
2793.txt neg neg:0.9999999824224693 pos:1.757753074949259E-8 
799.txt pos pos:0.9999999989099868 neg:1.0900132919972758E-9 
2153.txt neg neg:0.9999994461539313 pos:5.53846068732412E-7 
3756.txt pos pos:0.999999999939069 neg:6.093113159413738E-11 
1205.txt pos pos:0.962893331474617 neg:0.03710666852538295 
1947.txt neg neg:0.9999999997315279 pos:2.684720705631823E-10 
4263.txt pos neg:0.9911499079257415 pos:0.008850092074258574 
2311.txt neg neg:0.9999999987392558 pos:1.2607441511382932E-9 
1730.txt neg pos:0.971861791506928 neg:0.02813820849307192 
2006.txt neg neg:0.9999999966043231 pos:3.3956767691236686E-9 
2505.txt pos pos:0.9999999574534211 neg:4.2546578895972646E-8 
121.txt pos pos:1.0 neg:6.5988635972807064E-24 
2795.txt pos pos:1.0 neg:2.273282573814199E-18 
3899.txt pos pos:1.0 neg:5.709302893938074E-34 
2738.txt pos pos:0.9974994450467078 neg:0.0025005549532921695 
3833.txt pos pos:0.9999999999999998 neg:2.4487466548096595E-16 
1862.txt pos neg:0.9998692390428972 pos:1.3076095710294025E-4 
3104.txt pos pos:0.9874896248530479 neg:0.012510375146952104 
204.txt pos pos:0.9999999999684153 neg:3.1584826024761344E-11 
360.txt pos pos:0.9999999999999987 neg:1.3209370840166479E-15 
1456.txt neg pos:0.9884216301930371 neg:0.011578369806962788 
3141.txt neg neg:0.9999999055009212 pos:9.449907873527828E-8 
1596.txt neg neg:0.9999999326971004 pos:6.730289964324628E-8 
4347.txt pos pos:1.0 neg:6.485490837096766E-22 
4050.txt pos pos:1.0 neg:3.204611578572174E-35 
423.txt pos pos:0.5567135693583781 neg:0.44328643064162176 
1044.txt pos pos:0.9885641403107801 neg:0.011435859689219965 
768.txt neg neg:0.9999999963508841 pos:3.6491159869013802E-9 
3190.txt neg pos:0.9822760468882529 neg:0.01772395311174721 
3958.txt neg pos:0.9999999999990854 neg:9.145233080056443E-13 
1327.txt neg pos:0.9110907422995761 neg:0.08890925770042392 
2453.txt pos pos:0.9999998389288645 neg:1.6107113559718897E-7 
4256.txt pos pos:1.0 neg:5.755666258898682E-32 
3394.txt pos pos:0.9999969485521577 neg:3.051447842248665E-6 
1293.txt pos pos:1.0 neg:1.2226636860939078E-27 
1598.txt neg pos:0.519329939121174 neg:0.4806700608788259 
3518.txt neg neg:0.9999980600355134 pos:1.9399644865590064E-6 
560.txt neg neg:0.9999999538295142 pos:4.617048575323353E-8 
2427.txt neg pos:0.8620598719169128 neg:0.1379401280830871 
818.txt pos pos:1.0 neg:5.395322201927898E-18 
349.txt neg neg:0.9999999981637802 pos:1.8362197722937893E-9 
1818.txt neg neg:0.9999999999672906 pos:3.270940200801747E-11 
1900.txt neg neg:0.9999999956975119 pos:4.302488100398142E-9 
287.txt neg neg:0.9845913939076003 pos:0.015408606092399696 
1506.txt pos pos:1.0 neg:2.945194813646349E-32 
1277.txt pos pos:0.9999209780501833 neg:7.902194981663206E-5 
1740.txt pos pos:0.9999999999997786 neg:2.2140380716839706E-13 
3646.txt neg neg:0.9999994006545652 pos:5.993454348924145E-7 
174.txt neg neg:0.5736662473042241 pos:0.42633375269577584 
2826.txt pos pos:1.0 neg:4.6071887088437616E-18 
754.txt neg pos:0.9985855633627888 neg:0.0014144366372111329 
2745.txt neg neg:0.9999999921455359 pos:7.854464092166642E-9 
569.txt neg neg:0.7931890137773576 pos:0.20681098622264238 
3697.txt neg neg:0.9999999703832096 pos:2.961679027621375E-8 
1973.txt pos pos:0.9999999978163683 neg:2.183631632407756E-9 
384.txt pos neg:0.9869777788413091 pos:0.01302222115869088 
2652.txt pos pos:0.9999879426433737 neg:1.2057356626295684E-5 
1416.txt neg pos:0.7595353945657978 neg:0.24046460543420217 
1127.txt pos pos:0.9999999992128035 neg:7.871965725427901E-10 
3751.txt pos pos:1.0 neg:2.3113625731912804E-20 
1855.txt neg neg:0.99999999999996 pos:3.9972851404110593E-14 
3013.txt neg neg:0.9999999971331637 pos:2.86683627262191E-9 
238.txt pos neg:0.9997369364680582 pos:2.6306353194173297E-4 
2041.txt neg neg:0.9999972302326907 pos:2.7697673094047645E-6 
1326.txt pos pos:0.9864315574622194 neg:0.013568442537780626 
2119.txt neg neg:0.9998479488545159 pos:1.5205114548416337E-4 
1574.txt pos pos:0.8623362415239023 neg:0.13766375847609766 
1095.txt pos pos:1.0 neg:3.7160612782196635E-19 
464.txt pos pos:0.9999976422129387 neg:2.3577870612542285E-6 
2097.txt neg neg:0.9999999991343735 pos:8.656264282449886E-10 
3910.txt pos pos:0.9999651878739295 neg:3.481212607047003E-5 
4109.txt neg neg:0.9997526076931815 pos:2.473923068185265E-4 
4175.txt neg neg:0.6596157768498495 pos:0.34038422315015043 
3103.txt pos neg:0.9999999863257951 pos:1.3674204817772005E-8 
1036.txt pos pos:1.0 neg:3.963874188742556E-27 
2295.txt neg neg:0.9999806789881036 pos:1.932101189630196E-5 
1243.txt neg pos:0.9999996306340172 neg:3.6936598286147964E-7 
4173.txt pos pos:1.0 neg:2.377552456635378E-37 
556.txt neg neg:0.9999999999999851 pos:1.4943869048666424E-14 
2776.txt pos neg:0.9999987577499139 pos:1.2422500860443927E-6 
907.txt pos pos:0.9999999999999996 neg:4.360962558258277E-16 
1481.txt pos pos:1.0 neg:2.3644424687541842E-20 
1791.txt pos pos:0.9999999881970175 neg:1.1802982391899598E-8 
1278.txt neg neg:0.9999999611051955 pos:3.8894804421492835E-8 
1998.txt neg neg:0.999999999971553 pos:2.8447123286081432E-11 
1884.txt neg neg:0.999999999977877 pos:2.2123047024374426E-11 
3986.txt pos pos:0.9999994234749121 neg:5.765250879144454E-7 
1974.txt pos pos:0.9999999998590621 neg:1.4093794183609253E-10 
2316.txt neg neg:0.9999999999991782 pos:8.218213815427535E-13 
3758.txt pos pos:0.5830342359723379 neg:0.41696576402766206 
520.txt neg neg:0.9997381945071383 pos:2.6180549286176935E-4 
2855.txt neg neg:0.9999996032495997 pos:3.9675040035529276E-7 
3922.txt pos pos:0.9999999963844641 neg:3.6155357710892543E-9 
1797.txt neg pos:0.9991042154316879 neg:8.957845683120866E-4 
2883.txt neg neg:0.9999998514982148 pos:1.485017852456956E-7 
190.txt neg pos:0.9954694452930799 neg:0.004530554706920109 
1369.txt neg neg:0.9999999998555509 pos:1.444490267149687E-10 
1003.txt pos pos:0.9995385036559594 neg:4.6149634404050283E-4 
3673.txt neg pos:0.9999816817177252 neg:1.831828227478275E-5 
3719.txt neg pos:0.9999976127640776 neg:2.3872359224209405E-6 
3408.txt pos neg:0.9995403232060692 pos:4.596767939308791E-4 
3331.txt neg neg:0.9999517547421813 pos:4.824525781864977E-5 
141.txt neg neg:0.9999999999709475 pos:2.905248403279821E-11 
1859.txt pos pos:0.9999998518617885 neg:1.481382114247633E-7 
3137.txt neg neg:0.9999999999999967 pos:3.2754898152037256E-15 
3192.txt pos pos:1.0 neg:1.401876307643533E-20 
3586.txt pos pos:0.9999999968786011 neg:3.121398939483817E-9 
1659.txt neg neg:0.9999992662910465 pos:7.33708953441086E-7 
3516.txt neg neg:0.9519735446738581 pos:0.04802645532614199 
3378.txt neg neg:0.9999999999999998 pos:2.931167053859834E-16 
4307.txt pos pos:0.9999959596685787 neg:4.04033142140805E-6 
84.txt pos pos:0.99999765850839 neg:2.3414916099893712E-6 
619.txt pos pos:0.557027390784145 neg:0.44297260921585496 
969.txt neg neg:0.9999998902875133 pos:1.0971248652640902E-7 
2777.txt neg neg:0.9999999999463631 pos:5.3636884472711134E-11 
1450.txt pos neg:0.9912179347955131 pos:0.00878206520448689 
2570.txt pos neg:0.9660646698560862 pos:0.03393533014391386 
3713.txt neg neg:0.9999999775854637 pos:2.241453643629615E-8 
949.txt pos pos:0.9999999675802874 neg:3.241971251944241E-8 
889.txt pos pos:0.9976743231914855 neg:0.002325676808514467 
2653.txt neg neg:0.9999988694400418 pos:1.130559958138475E-6 
2180.txt pos pos:0.9783331979890598 neg:0.021666802010940192 
280.txt neg neg:0.9993555928538072 pos:6.444071461929074E-4 
2866.txt pos neg:0.7212073921710505 pos:0.27879260782894955 
2579.txt pos pos:0.730384017325665 neg:0.26961598267433495 
864.txt pos pos:0.999999999999946 neg:5.395212894209638E-14 
1858.txt neg neg:0.6560533879601389 pos:0.34394661203986104 
3228.txt pos pos:0.8525159404225094 neg:0.14748405957749056 
1933.txt pos pos:0.9999999966891866 neg:3.3108133008466817E-9 
2072.txt pos pos:0.9999999999052898 neg:9.471021151002E-11 
1823.txt neg pos:0.9999999999581839 neg:4.181606001526549E-11 
1949.txt neg neg:0.9999999999999989 pos:1.1430024233619992E-15 
1591.txt neg pos:0.8881541907733373 neg:0.11184580922666267 
1590.txt pos pos:0.9999994884093132 neg:5.115906868742493E-7 
1078.txt pos pos:1.0 neg:3.1917408930001955E-21 
2593.txt pos pos:0.9998518211383057 neg:1.4817886169422913E-4 
1501.txt pos pos:0.9999955222769094 neg:4.477723090544423E-6 
1709.txt pos pos:0.9999999999888001 neg:1.1199844233946017E-11 
1999.txt pos pos:0.9997342159244108 neg:2.6578407558914245E-4 
1680.txt pos neg:0.9852908646801484 pos:0.01470913531985154 
790.txt pos pos:0.9999999999998754 neg:1.244791225775174E-13 
2612.txt pos pos:0.9999999999971467 neg:2.853219110782177E-12 
332.txt neg neg:0.9999994519763197 pos:5.480236804183235E-7 
1886.txt pos pos:0.9999999998777731 neg:1.2222699787307339E-10 
3069.txt pos pos:0.5752868059798967 neg:0.4247131940201034 
2904.txt neg neg:0.9999999999998141 pos:1.8591196071178237E-13 
4375.txt pos pos:1.0 neg:1.1785926797664114E-24 
637.txt neg neg:0.9999999999991642 pos:8.358785247515832E-13 
404.txt neg neg:0.945478924751039 pos:0.05452107524896101 
1572.txt neg neg:0.9999100522105656 pos:8.994778943444079E-5 
7.txt neg neg:0.999999992704584 pos:7.295416040040574E-9 
329.txt pos neg:0.9999187445470344 pos:8.125545296555185E-5 
1775.txt pos pos:0.9966212780325204 neg:0.0033787219674796167 
2454.txt pos pos:0.9999999999039888 neg:9.601128601402608E-11 
3085.txt neg neg:0.9999928196274599 pos:7.180372540064557E-6 
3714.txt neg neg:0.9835039405561609 pos:0.016496059443839226 
3919.txt pos pos:0.999556048170489 neg:4.439518295110111E-4 
3176.txt pos pos:0.9999999999999996 neg:4.532788948966886E-16 
3759.txt neg neg:0.9999999435073498 pos:5.649265026989644E-8 
1532.txt neg neg:0.9999848785063791 pos:1.512149362087176E-5 
1070.txt neg pos:0.9999901310361474 neg:9.86896385259662E-6 
512.txt neg neg:0.9999965430389699 pos:3.4569610300423817E-6 
244.txt pos pos:0.9999999999999938 neg:6.2641729991967255E-15 
3170.txt neg pos:0.7733030729519336 neg:0.2266969270480665 
1005.txt neg neg:1.0 pos:9.497736697936896E-19 
3563.txt neg neg:0.9999999464809575 pos:5.351904259071414E-8 
4379.txt neg neg:0.859768928120823 pos:0.1402310718791771 
3221.txt pos pos:0.9976595526110684 neg:0.0023404473889316615 
3649.txt pos pos:0.999999993550378 neg:6.449621923365815E-9 
20.txt neg neg:0.9724573892252435 pos:0.027542610774756518 
2701.txt neg neg:0.9999999999999998 pos:2.672081714880522E-16 
4010.txt pos pos:1.0 neg:8.783914388487124E-23 
900.txt pos pos:0.9999828432266382 neg:1.7156773361723666E-5 
4340.txt pos pos:0.9999999999660238 neg:3.3976110687623894E-11 
532.txt pos pos:0.9999999999992606 neg:7.393984014260568E-13 
2123.txt pos pos:1.0 neg:1.2964980142971605E-23 
3449.txt neg pos:0.9999999999999982 neg:1.712661977952882E-15 
3757.txt neg neg:0.9900465311155886 pos:0.00995346888441131 
1934.txt pos pos:0.9410900849336019 neg:0.058909915066398186 
3014.txt neg neg:0.9993285945670899 pos:6.714054329101025E-4 
1619.txt neg neg:0.999999605831512 pos:3.941684880133447E-7 
4281.txt neg neg:0.999604571391952 pos:3.9542860804795186E-4 
443.txt neg neg:0.9999800724896836 pos:1.9927510316382187E-5 
Trial 0 Trainer NaiveBayesTrainer Training Data Confusion Matrix
Confusion Matrix, row=true, column=predicted  accuracy=0.99
  label   0   1  |total
  0 neg 896   4  |900
  1 pos  14 886  |900

Trial 0 Trainer NaiveBayesTrainer training data accuracy= 0.99
Trial 0 Trainer NaiveBayesTrainer Test Data Confusion Matrix
Confusion Matrix, row=true, column=predicted  accuracy=0.82
  label   0   1  |total
  0 neg  77  23  |100
  1 pos  13  87  |100

Trial 0 Trainer NaiveBayesTrainer test data accuracy= 0.82

NaiveBayesTrainer
Summary. train accuracy mean = 0.99 stddev = 0.0 stderr = 0.0
Summary. test accuracy mean = 0.82 stddev = 0.0 stderr = 0.0
