
-------------------- Trial 0  --------------------

Trial 0 Training NaiveBayesTrainer with 1800 instances
Trial 0 Training NaiveBayesTrainer finished
Trial 0 Trainer NaiveBayesTrainer
 Raw Testing Data
4188.txt neg neg:0.999999394788249 pos:6.052117510652564E-7 
1890.txt neg neg:0.9999918359558907 pos:8.164044109239017E-6 
3541.txt neg neg:0.999999916131526 pos:8.386847408175905E-8 
2106.txt pos pos:0.9999999999068927 neg:9.310722677399025E-11 
2567.txt pos pos:0.9999999999999776 neg:2.2507299529357172E-14 
302.txt pos pos:0.999999999999998 neg:2.0411203644238454E-15 
1475.txt pos pos:0.9930871461730749 neg:0.00691285382692506 
2396.txt pos pos:0.9999999999608273 neg:3.9172742202054476E-11 
3481.txt neg neg:0.9999899931991173 pos:1.0006800882682096E-5 
937.txt neg neg:0.9996919147844928 pos:3.080852155070542E-4 
1923.txt pos pos:0.9999999863819697 neg:1.3618030391206137E-8 
950.txt pos pos:0.9999999999999971 neg:2.92075155007013E-15 
1764.txt neg pos:0.9902621545793882 neg:0.009737845420611787 
466.txt neg neg:1.0 pos:1.5437073998294942E-17 
4035.txt pos pos:1.0 neg:2.944385850102338E-48 
4157.txt neg neg:0.9999999999997915 pos:2.0842917884629602E-13 
4246.txt pos pos:1.0 neg:3.915882008569111E-21 
2340.txt pos pos:1.0 neg:5.590461597654973E-35 
1434.txt neg pos:0.8234897942517992 neg:0.17651020574820075 
3271.txt pos pos:0.9975464859727972 neg:0.002453514027202749 
3005.txt pos neg:0.9901331670103197 pos:0.009866832989680248 
3573.txt neg pos:0.9999999963038273 neg:3.6961726067198268E-9 
1846.txt neg neg:0.9955677378617209 pos:0.004432262138279071 
2289.txt pos neg:0.9994709365592196 pos:5.290634407804093E-4 
3076.txt neg neg:0.9645756829734193 pos:0.035424317026580644 
273.txt neg neg:0.9999990990463382 pos:9.009536616768706E-7 
669.txt neg pos:0.9999999999953888 neg:4.6111806805646295E-12 
3681.txt pos pos:0.99915992260975 neg:8.400773902499251E-4 
3169.txt neg neg:1.0 pos:5.2842789021969365E-17 
1083.txt neg neg:0.9675474130999508 pos:0.032452586900049214 
1448.txt neg neg:0.99998044577058 pos:1.9554229420042418E-5 
1564.txt pos pos:0.9999999999691327 neg:3.086740773925265E-11 
4097.txt neg neg:0.9997264062746432 pos:2.735937253569523E-4 
1371.txt pos pos:0.9999999942287698 neg:5.771230193862176E-9 
3329.txt pos pos:0.9999629780644326 neg:3.70219355673649E-5 
3946.txt neg neg:0.9937929002689285 pos:0.006207099731071517 
2445.txt neg neg:0.9999999917074144 pos:8.292585768996432E-9 
1194.txt pos pos:0.999999981901503 neg:1.8098497078009833E-8 
156.txt neg neg:0.9999798161418536 pos:2.018385814627434E-5 
1441.txt neg neg:0.9999936938489022 pos:6.306151097802194E-6 
977.txt neg neg:0.6399672376799977 pos:0.3600327623200023 
3901.txt neg neg:0.9999999419603267 pos:5.803967325537654E-8 
1563.txt pos pos:0.9999851060299974 neg:1.4893970002682626E-5 
1872.txt pos pos:1.0 neg:8.346178050725883E-18 
1848.txt neg pos:0.9554947182579528 neg:0.04450528174204725 
3811.txt pos pos:0.999999995875849 neg:4.1241509798073785E-9 
586.txt pos pos:0.9999999994675219 neg:5.324779969669988E-10 
253.txt pos pos:0.7297520724519396 neg:0.27024792754806043 
813.txt neg neg:0.9970807450125031 pos:0.0029192549874970182 
2766.txt pos pos:0.9999999988095021 neg:1.1904978560486423E-9 
942.txt neg neg:0.9999951814456436 pos:4.8185543563921686E-6 
2912.txt pos pos:0.9999975354390163 neg:2.464560983763185E-6 
1696.txt neg neg:0.9999995813323669 pos:4.186676330637384E-7 
1303.txt pos pos:1.0 neg:2.590654214304456E-20 
3773.txt pos pos:0.9999995792921896 neg:4.207078102690082E-7 
1580.txt pos pos:1.0 neg:8.819966423662741E-21 
945.txt neg neg:0.999838728253577 pos:1.6127174642289563E-4 
3709.txt neg neg:0.9999999999999929 pos:7.105929928507904E-15 
1061.txt pos pos:1.0 neg:2.073607734340279E-25 
2670.txt pos pos:0.9998772697812909 neg:1.2273021870914998E-4 
4316.txt neg neg:0.9999999967662971 pos:3.2337029266351187E-9 
3204.txt pos pos:0.9999999998007598 neg:1.9924007810494247E-10 
414.txt neg neg:1.0 pos:4.790856523954657E-23 
406.txt pos pos:0.9999999999997249 neg:2.7503116833387767E-13 
1268.txt neg neg:0.9999999999831064 pos:1.6893540631703986E-11 
2566.txt neg neg:0.9999651387415768 pos:3.4861258423333124E-5 
4273.txt pos pos:0.9999999956812644 neg:4.318735539166687E-9 
446.txt pos pos:0.999929945932812 neg:7.005406718791608E-5 
3315.txt pos pos:0.9999998973820025 neg:1.0261799750524037E-7 
1965.txt neg neg:0.9999991714817748 pos:8.285182253534971E-7 
3327.txt pos pos:0.9999999999999942 neg:5.683403174185636E-15 
1330.txt neg pos:0.9999831393580797 neg:1.6860641920319266E-5 
1765.txt pos pos:0.9999999999999096 neg:9.039826882298772E-14 
667.txt neg pos:0.5827836516395897 neg:0.4172163483604103 
1255.txt pos pos:0.9999994281275806 neg:5.718724194920321E-7 
2147.txt neg neg:0.9999982897191303 pos:1.7102808697120747E-6 
1212.txt pos pos:0.9999998669263692 neg:1.3307363074626877E-7 
305.txt pos neg:0.9999999976576415 pos:2.3423584482807904E-9 
588.txt pos pos:0.9999975732777043 neg:2.4267222956591463E-6 
2802.txt neg pos:0.9999920212989948 neg:7.978701005215273E-6 
1266.txt neg pos:0.9999889525009178 neg:1.1047499082144252E-5 
104.txt pos pos:1.0 neg:3.2364204047449564E-51 
3941.txt neg neg:0.9999999999243911 pos:7.560885336705238E-11 
1447.txt pos pos:1.0 neg:2.048991774137149E-23 
3799.txt pos pos:0.999999673011254 neg:3.2698874603941837E-7 
473.txt pos pos:0.9999984835619408 neg:1.5164380593211535E-6 
3418.txt pos neg:0.9999120587851864 pos:8.794121481352544E-5 
787.txt pos pos:0.9995142858283872 neg:4.857141716128637E-4 
1807.txt pos neg:0.999814268346613 pos:1.857316533869019E-4 
4319.txt pos pos:0.9999999999996407 neg:3.59285196464847E-13 
1672.txt neg neg:0.99993240841217 pos:6.759158782987699E-5 
1924.txt pos pos:1.0 neg:1.1622717206339513E-27 
4356.txt neg neg:0.9986670959752266 pos:0.0013329040247734663 
530.txt neg neg:0.9978269665669018 pos:0.002173033433098075 
3746.txt pos pos:0.999984737094318 neg:1.526290568193913E-5 
3888.txt neg neg:0.9489365641131758 pos:0.051063435886824174 
4208.txt pos pos:0.999999999940546 neg:5.945405448112196E-11 
649.txt pos pos:0.9999999988251622 neg:1.174837697039006E-9 
2264.txt pos neg:0.9999292508866567 pos:7.074911334321701E-5 
3651.txt neg neg:0.8748299332291082 pos:0.12517006677089176 
1269.txt pos pos:1.0 neg:8.642941369891522E-20 
3410.txt neg neg:0.875314914586759 pos:0.12468508541324098 
1252.txt pos pos:0.9860047781329101 neg:0.013995221867089966 
490.txt pos pos:0.9999990767023033 neg:9.232976967019755E-7 
1136.txt neg neg:0.9827758204522175 pos:0.017224179547782537 
3245.txt neg neg:0.923599522963351 pos:0.07640047703664898 
310.txt neg pos:0.9999999613489848 neg:3.8651015181885874E-8 
2521.txt neg neg:0.9999999999614466 pos:3.855331308687199E-11 
1873.txt neg neg:0.9999999999999996 pos:3.59485222259262E-16 
3540.txt pos pos:0.9999999966163293 neg:3.38367070301907E-9 
792.txt neg neg:0.9999999998555404 pos:1.4445960956162938E-10 
3817.txt neg neg:0.9999998060688661 pos:1.9393113402230391E-7 
3948.txt neg neg:0.9999999997309208 pos:2.690792586520865E-10 
2058.txt neg neg:0.9999999686583695 pos:3.134163044126913E-8 
3320.txt pos pos:0.9999999855856283 neg:1.441437163447689E-8 
1337.txt neg neg:0.9997068886965277 pos:2.9311130347234565E-4 
1962.txt neg neg:0.9999676347573531 pos:3.236524264693771E-5 
1131.txt neg neg:1.0 pos:6.253944801828562E-17 
30.txt neg pos:0.9999999999999603 neg:3.9838741136351114E-14 
1762.txt pos neg:0.9999909491977903 pos:9.050802209648095E-6 
2726.txt pos pos:1.0 neg:8.904818745305858E-20 
1139.txt pos pos:0.9999970377845728 neg:2.962215427126009E-6 
4325.txt pos pos:1.0 neg:1.9857455394228893E-27 
4274.txt pos pos:1.0 neg:2.6773978188121016E-19 
559.txt pos pos:0.9998860177220312 neg:1.1398227796874646E-4 
1055.txt neg neg:0.9999999999996543 pos:3.4570616208567E-13 
711.txt pos neg:0.9140895092601977 pos:0.08591049073980224 
3042.txt pos pos:0.9987379971146192 neg:0.001262002885380723 
828.txt neg pos:0.607876868548741 neg:0.392123131451259 
1302.txt neg pos:0.9999786469637844 neg:2.1353036215762736E-5 
2985.txt neg pos:0.6894528540231882 neg:0.3105471459768118 
2895.txt pos neg:0.9999999999999925 pos:7.624902944828738E-15 
2803.txt pos pos:0.9999958709758198 neg:4.1290241803215056E-6 
4163.txt pos pos:0.9999999999999947 neg:5.4064842023930635E-15 
2913.txt neg pos:0.5187808385702171 neg:0.48121916142978294 
3239.txt neg neg:0.9999996914859132 pos:3.085140867028992E-7 
2011.txt neg neg:0.9999999964999935 pos:3.5000064594640702E-9 
579.txt neg neg:0.9999975462815225 pos:2.453718477426829E-6 
192.txt pos pos:1.0 neg:1.4229246153764266E-17 
833.txt pos neg:0.9969664470671245 pos:0.0030335529328754476 
1786.txt pos pos:0.9999789722710838 neg:2.1027728916066195E-5 
319.txt neg neg:0.9999998291667908 pos:1.7083320915135295E-7 
4350.txt pos pos:0.9999999919738941 neg:8.02610597132029E-9 
3422.txt neg neg:0.9999986271753495 pos:1.372824650527969E-6 
3094.txt pos pos:0.999999999998862 neg:1.1379488777460532E-12 
2263.txt pos pos:1.0 neg:9.03290860595799E-17 
2101.txt pos pos:0.9792736504062046 neg:0.02072634959379541 
505.txt neg neg:0.9999999997436466 pos:2.563534066736347E-10 
4323.txt neg neg:0.9999999999999998 pos:2.4838023698256805E-16 
1060.txt neg neg:1.0 pos:2.5706172871783382E-21 
3326.txt neg neg:0.9955594271362033 pos:0.004440572863796819 
4365.txt pos pos:0.9999999996425111 neg:3.574888347611017E-10 
2671.txt neg neg:0.7185177025029986 pos:0.28148229749700143 
4075.txt pos pos:1.0 neg:2.2997926193306576E-24 
299.txt neg neg:0.9999999999999978 pos:2.2108630814248043E-15 
3747.txt neg neg:0.999999999999208 pos:7.919858056145892E-13 
234.txt neg neg:0.9999997930567974 pos:2.069432026425543E-7 
3203.txt pos pos:0.9999999999967406 neg:3.259468129033531E-12 
2493.txt neg pos:0.9952664553680007 neg:0.004733544631999284 
1261.txt neg pos:0.9895436773104757 neg:0.010456322689524348 
1763.txt neg neg:0.9999999854835047 pos:1.4516495301811118E-8 
4296.txt neg neg:0.9999981802334323 pos:1.8197665675981504E-6 
1832.txt pos pos:0.9999999655740525 neg:3.442594751965611E-8 
2920.txt pos pos:0.9999999915591061 neg:8.440893852702736E-9 
2761.txt pos pos:0.8881238969244871 neg:0.11187610307551282 
2288.txt neg neg:0.9999905819771993 pos:9.418022800649869E-6 
2783.txt neg neg:0.9157841834795982 pos:0.08421581652040186 
4119.txt neg neg:0.9999999826241576 pos:1.7375842409451788E-8 
103.txt pos pos:1.0 neg:3.8077006968381345E-17 
3002.txt pos pos:0.9996583658076903 neg:3.4163419230967795E-4 
3121.txt pos neg:0.9488193156843894 pos:0.05118068431561059 
2436.txt pos neg:0.9999976666960813 pos:2.3333039186277617E-6 
3658.txt neg neg:0.9999813427577596 pos:1.865724224038506E-5 
522.txt pos pos:0.999999999999678 neg:3.219707412742699E-13 
2024.txt neg pos:0.9999999999999996 neg:3.550245555412506E-16 
885.txt neg pos:0.9990757715260242 neg:9.242284739758301E-4 
3489.txt pos pos:1.0 neg:4.4736978769661477E-20 
77.txt neg pos:0.7801673418590671 neg:0.2198326581409329 
3242.txt neg neg:0.999161199898569 pos:8.388001014309752E-4 
1633.txt pos pos:1.0 neg:2.017897694207762E-17 
758.txt pos pos:0.9999999999999127 neg:8.715901616494748E-14 
4098.txt pos pos:1.0 neg:4.2713533529891465E-18 
1634.txt pos pos:0.9999999991781576 neg:8.218423034418838E-10 
640.txt pos pos:0.9999999999990716 neg:9.283625055514017E-13 
1519.txt neg neg:0.9998996350906072 pos:1.0036490939268057E-4 
248.txt neg neg:0.9999999999793818 pos:2.0618186023599458E-11 
1609.txt neg neg:0.9999999999273321 pos:7.266794456220378E-11 
1556.txt pos pos:1.0 neg:6.281527468046037E-21 
1342.txt neg neg:0.9999166897288708 pos:8.331027112913389E-5 
959.txt pos pos:0.9999999999999989 neg:1.0859518342774566E-15 
3031.txt neg neg:0.9999999999999627 pos:3.7289093495001576E-14 
3279.txt neg neg:0.6919779922884826 pos:0.30802200771151755 
2442.txt neg neg:0.999998282221092 pos:1.717778908047825E-6 
3880.txt pos pos:0.9999995603160275 neg:4.3968397251022807E-7 
874.txt pos pos:0.9409070646627502 neg:0.05909293533724974 
4111.txt pos pos:0.9999999999975608 neg:2.43926014045778E-12 
1473.txt neg neg:1.0 pos:3.7689271032603167E-22 
214.txt pos pos:0.9999999999993003 neg:6.995679313737929E-13 
3450.txt neg neg:0.999998805056698 pos:1.194943302038915E-6 
2063.txt neg neg:0.9999987172885281 pos:1.2827114719240045E-6 
Trial 0 Trainer NaiveBayesTrainer Training Data Confusion Matrix
Confusion Matrix, row=true, column=predicted  accuracy=0.9933333333333333
  label   0   1  |total
  0 neg 898   2  |900
  1 pos  10 890  |900

Trial 0 Trainer NaiveBayesTrainer training data accuracy= 0.9933333333333333
Trial 0 Trainer NaiveBayesTrainer Test Data Confusion Matrix
Confusion Matrix, row=true, column=predicted  accuracy=0.84
  label   0   1  |total
  0 neg  80  20  |100
  1 pos  12  88  |100

Trial 0 Trainer NaiveBayesTrainer test data accuracy= 0.84

NaiveBayesTrainer
Summary. train accuracy mean = 0.9933333333333333 stddev = 0.0 stderr = 0.0
Summary. test accuracy mean = 0.84 stddev = 0.0 stderr = 0.0
