
-------------------- Trial 0  --------------------

Trial 0 Training MaxEntTrainer,gaussianPriorVariance=1.0 with 1800 instances
Trial 0 Training MaxEntTrainer,gaussianPriorVariance=1.0 finished
Trial 0 Trainer MaxEntTrainer,gaussianPriorVariance=1.0
 Raw Testing Data
cv345_9954.txt pos pos:0.999999973463255 neg:2.653674494628676E-8 
cv347_13194.txt pos pos:0.9998644236315565 neg:1.3557636844339381E-4 
cv515_17069.txt pos pos:0.992570821354626 neg:0.00742917864537404 
cv762_15604.txt neg neg:0.9999980577008676 pos:1.942299132485764E-6 
cv682_17947.txt neg pos:0.5268998492906988 neg:0.4731001507093013 
cv818_10698.txt neg pos:0.9026303014954511 neg:0.09736969850454899 
cv853_29233.txt pos neg:0.611639060031218 pos:0.3883609399687819 
cv424_9268.txt neg neg:0.9900447809131289 pos:0.009955219086871124 
cv741_11890.txt pos pos:0.9982717269193562 neg:0.0017282730806437352 
cv867_18362.txt neg neg:0.999999844946501 pos:1.5505349910459252E-7 
cv170_3006.txt pos pos:0.9655037363975332 neg:0.034496263602466756 
cv981_16679.txt neg pos:0.7332851631096272 neg:0.2667148368903727 
cv296_13146.txt neg neg:0.9940944811205371 pos:0.005905518879462826 
cv958_12162.txt pos pos:0.8622209652226651 neg:0.13777903477733494 
cv097_26081.txt neg neg:0.7542453839079176 pos:0.24575461609208232 
cv729_10154.txt pos pos:0.9999716921102716 neg:2.8307889728380213E-5 
cv084_15183.txt neg neg:0.9999996154287456 pos:3.8457125442065547E-7 
cv214_12294.txt pos neg:0.9999969163805417 pos:3.0836194584211745E-6 
cv063_28997.txt pos neg:0.5721930256909368 pos:0.42780697430906317 
cv020_8825.txt pos pos:0.9999767601346902 neg:2.323986530988833E-5 
cv215_22240.txt pos pos:0.9995835512561547 neg:4.164487438452477E-4 
cv073_21785.txt pos pos:0.8816268198939452 neg:0.11837318010605492 
cv689_12587.txt pos pos:0.697284019777094 neg:0.3027159802229059 
cv908_17779.txt neg neg:0.6018624727300548 pos:0.3981375272699453 
cv339_21119.txt pos pos:0.5253806076128017 neg:0.4746193923871983 
cv682_16139.txt pos pos:0.9823330254133446 neg:0.01766697458665556 
cv099_11189.txt neg neg:0.9439619610150667 pos:0.05603803898493328 
cv075_6500.txt pos pos:0.9986689456527852 neg:0.001331054347214887 
cv344_5312.txt pos neg:0.9568454031547784 pos:0.04315459684522148 
cv129_16741.txt pos pos:0.9967694082298433 neg:0.0032305917701566113 
cv816_15257.txt neg pos:0.7416422707541304 neg:0.2583577292458697 
cv237_19221.txt pos pos:0.9999826890551103 neg:1.731094488971102E-5 
cv399_28593.txt neg neg:0.9290749409995553 pos:0.07092505900044471 
cv519_14661.txt pos pos:0.9999999989988662 neg:1.0011338946335428E-9 
cv033_24444.txt pos pos:0.9944134471970819 neg:0.005586552802918045 
cv743_15449.txt pos pos:0.6799833321037009 neg:0.32001666789629907 
cv819_9567.txt neg neg:0.9972121387496387 pos:0.002787861250361383 
cv566_8967.txt neg neg:0.999997807075231 pos:2.1929247688902467E-6 
cv562_10847.txt neg neg:0.9885716093640571 pos:0.011428390635943012 
cv522_5418.txt neg neg:0.9955711349845581 pos:0.00442886501544185 
cv646_15065.txt pos pos:0.8350746534112764 neg:0.1649253465887237 
cv846_29497.txt pos pos:0.9999882307959392 neg:1.1769204060683887E-5 
cv101_10537.txt neg neg:0.6699918660008417 pos:0.33000813399915824 
cv558_29376.txt neg pos:0.6504752787331531 neg:0.3495247212668468 
cv566_8581.txt pos pos:0.9998740760802755 neg:1.2592391972446042E-4 
cv861_12809.txt neg neg:0.9980833512078043 pos:0.0019166487921957202 
cv902_12256.txt pos pos:0.9999860304266444 neg:1.3969573355641325E-5 
cv271_15364.txt neg pos:0.9203572438704082 neg:0.07964275612959182 
cv531_26486.txt pos neg:0.7718702954735339 pos:0.22812970452646603 
cv122_7392.txt pos pos:0.9999999066296047 neg:9.337039532670186E-8 
cv700_23163.txt neg pos:0.6001434680991071 neg:0.39985653190089293 
cv851_20469.txt pos pos:0.5899287064237155 neg:0.41007129357628447 
cv269_23018.txt neg neg:0.9999999999626372 pos:3.736284375638178E-11 
cv013_10494.txt neg pos:0.685765031169173 neg:0.3142349688308269 
cv766_7540.txt pos pos:0.9999977330175984 neg:2.2669824015417225E-6 
cv185_28654.txt pos pos:0.9934541546526303 neg:0.006545845347369626 
cv166_11052.txt pos pos:0.9997544886590751 neg:2.455113409248479E-4 
cv545_12848.txt neg neg:0.727702735605354 pos:0.2722972643946461 
cv968_25413.txt neg neg:0.9948054350836144 pos:0.005194564916385626 
cv178_12972.txt pos pos:0.9980612448907549 neg:0.00193875510924513 
cv891_6035.txt neg pos:0.649957580071733 neg:0.350042419928267 
cv161_11425.txt pos pos:0.6085005011124248 neg:0.3914994988875751 
cv385_29621.txt neg neg:0.9494355607798733 pos:0.05056443922012655 
cv736_23670.txt pos pos:0.7070809112016324 neg:0.2929190887983677 
cv910_21930.txt neg neg:0.9999898871467505 pos:1.0112853249398068E-5 
cv705_11059.txt pos pos:0.9999761480325619 neg:2.385196743813026E-5 
cv229_13611.txt pos neg:0.5636676358226823 pos:0.43633236417731763 
cv375_9932.txt neg neg:0.9928421876731299 pos:0.00715781232687001 
cv992_11962.txt pos pos:0.9999992674909973 neg:7.325090025951288E-7 
cv061_9321.txt neg pos:0.9992079700752149 neg:7.920299247849795E-4 
cv459_21834.txt neg neg:0.9999999524100323 pos:4.7589967651696466E-8 
cv199_9721.txt neg pos:0.7971667095340192 neg:0.20283329046598073 
cv553_26965.txt neg neg:0.9994099288072038 pos:5.900711927962086E-4 
cv483_16378.txt pos pos:0.9260934910984672 neg:0.07390650890153289 
cv378_21982.txt neg neg:0.9977216335662551 pos:0.0022783664337448876 
cv768_11751.txt pos pos:0.9879732489377435 neg:0.01202675106225656 
cv223_28923.txt neg neg:0.9991932024837997 pos:8.067975162002845E-4 
cv532_6522.txt pos pos:0.999996895036639 neg:3.104963360972335E-6 
cv325_18330.txt neg neg:0.9978871718780253 pos:0.002112828121974649 
cv975_11920.txt neg pos:0.8240497809818238 neg:0.17595021901817615 
cv788_25272.txt pos neg:0.7675583239892553 pos:0.23244167601074472 
cv961_5578.txt neg pos:0.5740263331337084 neg:0.4259736668662915 
cv689_13701.txt neg neg:0.9960041309261451 pos:0.0039958690738547764 
cv618_9469.txt neg neg:0.9999860961384419 pos:1.3903861558010744E-5 
cv964_6021.txt pos pos:0.9800944429019575 neg:0.019905557098042616 
cv193_5416.txt pos neg:0.60703065887874 pos:0.39296934112126 
cv159_29505.txt pos neg:0.9979769792094036 pos:0.002023020790596306 
cv644_18551.txt neg neg:0.9999756278529576 pos:2.4372147042392073E-5 
cv150_12916.txt pos pos:0.9647605337201655 neg:0.03523946627983452 
cv312_29308.txt neg neg:0.9952236057973939 pos:0.004776394202606123 
cv186_2269.txt pos pos:0.9999397534121798 neg:6.024658782029674E-5 
cv779_18989.txt neg neg:0.8864997117792595 pos:0.11350028822074051 
cv924_29397.txt neg pos:0.8587839848555809 neg:0.14121601514441912 
cv526_12868.txt neg neg:0.9999930826643736 pos:6.9173356262813124E-6 
cv005_29357.txt neg neg:0.9927982123427604 pos:0.007201787657239556 
cv808_12635.txt pos pos:0.783690356489315 neg:0.21630964351068502 
cv130_18521.txt neg neg:0.5080267511395783 pos:0.4919732488604217 
cv111_12253.txt neg pos:0.5155012640360982 neg:0.4844987359639018 
cv089_12222.txt neg neg:0.9114659757888091 pos:0.08853402421119105 
cv722_7110.txt pos neg:0.9414821389927186 pos:0.05851786100728136 
cv430_18662.txt neg neg:0.8646863563717521 pos:0.13531364362824785 
cv678_14887.txt neg neg:0.9886029176656501 pos:0.011397082334349747 
cv052_29318.txt neg neg:0.9995383295710912 pos:4.616704289088804E-4 
cv903_17822.txt pos pos:0.9999926423511056 neg:7.357648894252136E-6 
cv388_12009.txt pos neg:0.7368294608506708 pos:0.2631705391493292 
cv878_15694.txt pos pos:0.9999999637275916 neg:3.6272408478781026E-8 
cv040_8829.txt neg pos:0.917077708745638 neg:0.08292229125436208 
cv227_24215.txt pos pos:0.9986346569472122 neg:0.0013653430527877683 
cv466_20092.txt neg neg:0.9217261940392315 pos:0.07827380596076858 
cv008_29435.txt pos pos:0.9436514999830271 neg:0.056348500016972905 
cv144_5010.txt neg neg:0.9762457264901206 pos:0.023754273509879315 
cv956_11609.txt pos pos:0.9814941385634685 neg:0.01850586143653148 
cv102_8306.txt neg pos:0.8720048165440896 neg:0.12799518345591043 
cv264_12801.txt pos pos:0.9860014662283492 neg:0.013998533771650752 
cv038_9781.txt neg neg:0.9995538988255515 pos:4.4610117444857583E-4 
cv092_27987.txt neg neg:0.9970746307898719 pos:0.002925369210128161 
cv806_8842.txt pos pos:0.9975556505839331 neg:0.002444349416066825 
cv302_26481.txt neg neg:0.9999952695396833 pos:4.730460316612238E-6 
cv830_6014.txt pos pos:0.9991614520396414 neg:8.385479603586851E-4 
cv422_9381.txt pos pos:0.8442473249636226 neg:0.15575267503637735 
cv628_19325.txt pos pos:0.9445836452041327 neg:0.055416354795867324 
cv699_7773.txt neg neg:0.9999997448350422 pos:2.551649578211065E-7 
cv565_29572.txt pos pos:0.9612694910398004 neg:0.03873050896019954 
cv049_20471.txt pos neg:0.6251966391457159 pos:0.3748033608542842 
cv075_6250.txt neg neg:0.8505622128185306 pos:0.14943778718146944 
cv511_10360.txt neg neg:0.9994857153736207 pos:5.142846263793045E-4 
cv152_9052.txt neg pos:0.7235434370364687 neg:0.27645656296353127 
cv059_28885.txt pos neg:0.9219406848921163 pos:0.07805931510788353 
cv277_20467.txt neg neg:0.9488468429070187 pos:0.051153157092981405 
cv492_18271.txt pos pos:0.9999917377329677 neg:8.262267032281934E-6 
cv205_9457.txt pos pos:0.961661079033316 neg:0.03833892096668403 
cv170_29808.txt neg pos:0.9324111844942229 neg:0.06758881550577701 
cv764_12701.txt neg pos:0.7326261903342086 neg:0.2673738096657913 
cv652_15653.txt neg pos:0.8567174201042234 neg:0.14328257989577659 
cv796_15782.txt pos pos:0.9999999891958221 neg:1.0804177845214318E-8 
cv488_21453.txt neg neg:0.8102126741777865 pos:0.18978732582221344 
cv940_18935.txt neg neg:0.9658762956957596 pos:0.03412370430424048 
cv663_13019.txt pos pos:0.9999666434920795 neg:3.335650792053146E-5 
cv236_12427.txt neg neg:0.9931680500117912 pos:0.006831949988208935 
cv811_21386.txt pos neg:0.9996012981131204 pos:3.9870188687962703E-4 
cv378_20629.txt pos pos:0.9677084154848481 neg:0.032291584515151996 
cv911_21695.txt neg neg:0.9999999990715764 pos:9.284236382225544E-10 
cv078_16506.txt neg neg:0.9997304882981217 pos:2.6951170187835465E-4 
cv088_25274.txt neg neg:0.9967894826688984 pos:0.0032105173311015585 
cv775_16237.txt pos neg:0.9653565887068547 pos:0.03464341129314535 
cv886_18177.txt pos pos:0.9592400697452084 neg:0.04075993025479168 
cv648_17277.txt neg neg:0.9606227931251979 pos:0.0393772068748022 
cv173_4295.txt neg neg:0.9999995686703338 pos:4.3132966617998195E-7 
cv076_26009.txt neg pos:0.9193093893290776 neg:0.08069061067092244 
cv536_27221.txt neg neg:0.8994170785850898 pos:0.10058292141491026 
cv385_29741.txt pos neg:0.977875214913495 pos:0.022124785086505012 
cv648_15792.txt pos neg:0.999885913619715 pos:1.1408638028499957E-4 
cv331_8273.txt pos pos:0.9443931838398232 neg:0.05560681616017677 
cv231_11028.txt neg neg:0.9999953857177116 pos:4.61428228852265E-6 
cv467_26610.txt neg neg:0.7057553571470381 pos:0.2942446428529619 
cv073_23039.txt neg neg:0.9968320405064972 pos:0.003167959493502756 
cv698_15253.txt pos pos:0.9999620652920684 neg:3.793470793153963E-5 
cv411_15007.txt pos pos:0.9999990669020691 neg:9.330979309809828E-7 
cv376_19435.txt pos neg:0.9912634711700745 pos:0.00873652882992552 
cv851_21895.txt neg pos:0.9930751433906739 neg:0.0069248566093260125 
cv421_9709.txt pos pos:0.9999846715166361 neg:1.5328483364037245E-5 
cv574_22156.txt pos pos:0.6633020845380844 neg:0.3366979154619156 
cv679_28221.txt neg neg:0.998716503595055 pos:0.0012834964049449806 
cv760_8597.txt pos neg:0.8946018081557849 pos:0.10539819184421505 
cv293_29856.txt pos neg:0.84164423642399 pos:0.15835576357600992 
cv512_15965.txt pos neg:0.8678683104135686 pos:0.1321316895864314 
cv333_8916.txt pos pos:0.9999672177421255 neg:3.278225787451769E-5 
cv721_28993.txt neg neg:0.999966794619244 pos:3.320538075594172E-5 
cv316_5972.txt neg pos:0.997228375712058 neg:0.0027716242879419505 
cv503_10558.txt pos pos:0.9999086186725729 neg:9.138132742710866E-5 
cv140_7963.txt neg neg:0.9994596288290591 pos:5.403711709409318E-4 
cv067_19774.txt pos pos:0.9561069766713878 neg:0.04389302332861215 
cv481_7436.txt pos pos:0.9958231140201803 neg:0.004176885979819629 
cv970_18450.txt pos pos:0.8328429080313886 neg:0.1671570919686115 
cv181_16083.txt neg neg:0.9992607574926187 pos:7.392425073814143E-4 
cv872_12591.txt pos pos:0.7443726154502234 neg:0.25562738454977657 
cv339_22452.txt neg neg:0.9981323752656117 pos:0.0018676247343883349 
cv443_22367.txt neg neg:0.8251774054402224 pos:0.17482259455977758 
cv835_20531.txt neg pos:0.9994584375123241 neg:5.415624876760063E-4 
cv579_12542.txt neg neg:0.9999119786688841 pos:8.802133111578022E-5 
cv774_15488.txt neg pos:0.9920843267915883 neg:0.007915673208411762 
cv549_22771.txt neg neg:0.9892872952351818 pos:0.010712704764818143 
cv873_18636.txt pos pos:0.9961953802558668 neg:0.0038046197441331435 
cv324_7082.txt pos pos:0.9884405418369556 neg:0.01155945816304428 
cv598_18184.txt neg neg:0.9302007764811572 pos:0.06979922351884284 
cv164_23451.txt neg neg:0.9954457483094699 pos:0.004554251690530043 
cv945_13012.txt neg neg:0.9999889204392791 pos:1.1079560720833114E-5 
cv954_19932.txt neg neg:0.9925104967956144 pos:0.007489503204385633 
cv708_28539.txt neg pos:0.9337783086332914 neg:0.06622169136670869 
cv468_16844.txt neg neg:0.9999192028009873 pos:8.07971990127907E-5 
cv643_29282.txt neg pos:0.7873291668124074 neg:0.2126708331875926 
cv888_24435.txt pos pos:0.9999974642853252 neg:2.5357146748494027E-6 
cv420_28795.txt pos neg:0.9952419767987722 pos:0.004758023201227705 
cv423_11155.txt pos pos:0.9999892389688653 neg:1.076103113467667E-5 
cv334_10001.txt pos neg:0.6709680984656684 pos:0.3290319015343316 
cv137_15422.txt pos neg:0.5176111367443248 pos:0.4823888632556753 
cv360_8398.txt pos neg:0.8894174012493999 pos:0.11058259875060013 
cv554_13151.txt pos neg:0.9661328557938306 pos:0.03386714420616931 
cv969_13250.txt pos pos:0.9578504001429784 neg:0.04214959985702167 
cv223_29066.txt pos neg:0.9987764615206806 pos:0.0012235384793194374 
Trial 0 Trainer MaxEntTrainer,gaussianPriorVariance=1.0 Training Data Confusion Matrix
Confusion Matrix, row=true, column=predicted  accuracy=1.0
  label   0   1  |total
  0 neg 900   .  |900
  1 pos   . 900  |900

Trial 0 Trainer MaxEntTrainer,gaussianPriorVariance=1.0 training data accuracy= 1.0
Trial 0 Trainer MaxEntTrainer,gaussianPriorVariance=1.0 Test Data Confusion Matrix
Confusion Matrix, row=true, column=predicted  accuracy=0.725
  label   0   1  |total
  0 neg  72  28  |100
  1 pos  27  73  |100

Trial 0 Trainer MaxEntTrainer,gaussianPriorVariance=1.0 test data accuracy= 0.725

MaxEntTrainer,gaussianPriorVariance=1.0
Summary. train accuracy mean = 1.0 stddev = 0.0 stderr = 0.0
Summary. test accuracy mean = 0.725 stddev = 0.0 stderr = 0.0
