
-------------------- Trial 0  --------------------

Trial 0 Training MaxEntTrainer,gaussianPriorVariance=1.0 with 1800 instances
Trial 0 Training MaxEntTrainer,gaussianPriorVariance=1.0 finished
Trial 0 Trainer MaxEntTrainer,gaussianPriorVariance=1.0
 Raw Testing Data
cv623_16988.txt neg neg:0.9999998822059385 pos:1.1779406157591506E-7 
cv051_10306.txt pos pos:0.9995658637695103 neg:4.3413623048976205E-4 
cv382_7897.txt pos pos:0.9999636543661538 neg:3.634563384630916E-5 
cv082_11080.txt pos neg:0.9867844181527492 pos:0.01321558184725075 
cv791_16302.txt pos pos:0.9785053990523324 neg:0.02149460094766766 
cv484_25054.txt pos pos:0.859797775524624 neg:0.14020222447537595 
cv353_18159.txt pos pos:0.7955108200148583 neg:0.20448917998514174 
cv438_8500.txt neg neg:0.9513923410035602 pos:0.04860765899643975 
cv124_3903.txt neg neg:0.9266191118857058 pos:0.07338088811429427 
cv012_29411.txt neg neg:0.9921779977729706 pos:0.007822002227029489 
cv634_11101.txt pos pos:0.9999998468979147 neg:1.5310208527135E-7 
cv637_1250.txt pos pos:0.5517958304407833 neg:0.4482041695592167 
cv754_7709.txt neg neg:0.9779357934618721 pos:0.022064206538127885 
cv845_14290.txt pos pos:0.9984996149558891 neg:0.0015003850441109917 
cv062_23115.txt pos pos:0.9996587920814343 neg:3.412079185657394E-4 
cv556_14808.txt pos pos:0.9976168970668278 neg:0.00238310293317228 
cv659_19944.txt pos neg:0.5527419327428748 pos:0.4472580672571252 
cv244_22935.txt neg neg:0.9999818845364672 pos:1.811546353277929E-5 
cv877_29274.txt pos neg:0.8316094711106932 pos:0.16839052888930675 
cv833_11053.txt pos pos:0.9297427096847545 neg:0.07025729031524545 
cv852_27523.txt pos neg:0.8953797725417698 pos:0.10462022745823023 
cv960_29007.txt pos pos:0.8233762040972145 neg:0.1766237959027855 
cv579_11605.txt pos neg:0.8358091074380283 pos:0.16419089256197159 
cv562_10359.txt pos neg:0.9995666772217763 pos:4.333227782237926E-4 
cv982_21103.txt pos pos:0.6967856782527277 neg:0.30321432174727214 
cv667_18467.txt pos neg:0.8990059993638178 pos:0.10099400063618218 
cv980_11851.txt neg pos:0.9841920093399193 neg:0.015807990660080776 
cv782_21078.txt neg neg:0.9984829971640378 pos:0.0015170028359622154 
cv548_18944.txt neg neg:0.9875678654686875 pos:0.01243213453131253 
cv116_28734.txt neg neg:0.637474433160477 pos:0.3625255668395229 
cv737_28733.txt neg neg:0.8217549355852547 pos:0.17824506441474527 
cv322_20318.txt pos neg:0.542898846804272 pos:0.45710115319572797 
cv472_29140.txt neg neg:0.9918961719712984 pos:0.008103828028701559 
cv203_17986.txt pos pos:0.6602617634511181 neg:0.339738236548882 
cv741_12765.txt neg pos:0.8477480707415159 neg:0.152251929258484 
cv173_4471.txt pos pos:0.828346274024878 neg:0.17165372597512207 
cv612_5396.txt neg pos:0.8998290356386482 neg:0.10017096436135173 
cv808_13773.txt neg pos:0.8948672953069762 neg:0.10513270469302394 
cv115_25396.txt pos pos:0.9999998321528072 neg:1.678471928183619E-7 
cv384_18536.txt neg neg:0.6112489354400928 pos:0.3887510645599072 
cv754_7216.txt pos pos:0.7968199063398822 neg:0.20318009366011783 
cv580_14064.txt pos pos:0.8013999163263335 neg:0.19860008367366663 
cv985_5964.txt neg neg:0.91097423432199 pos:0.0890257656780101 
cv386_10080.txt pos pos:0.9995066796636891 neg:4.933203363108212E-4 
cv028_26746.txt pos pos:0.9996532496798946 neg:3.467503201053527E-4 
cv549_21443.txt pos pos:0.9994844284825275 neg:5.155715174724731E-4 
cv832_24713.txt neg neg:0.9923983435767444 pos:0.007601656423255665 
cv771_28466.txt neg neg:0.9972121370991962 pos:0.002787862900803881 
cv114_19501.txt neg neg:0.9730901962159914 pos:0.02690980378400856 
cv232_14991.txt pos pos:0.9396490696190242 neg:0.060350930380975866 
cv245_8569.txt pos pos:0.8552822578402283 neg:0.14471774215977162 
cv713_29155.txt pos pos:0.6007231187779613 neg:0.39927688122203886 
cv379_21963.txt pos pos:0.7674864507164919 neg:0.23251354928350806 
cv190_27052.txt pos pos:0.9507793572016747 neg:0.049220642798325415 
cv937_9816.txt neg neg:0.9784496104280106 pos:0.021550389571989303 
cv297_10047.txt pos pos:0.9869362936435957 neg:0.01306370635640432 
cv699_7223.txt pos neg:0.9975193145828989 pos:0.002480685417101139 
cv591_24887.txt neg neg:0.999992865823117 pos:7.134176883039942E-6 
cv151_17231.txt neg neg:0.9963247119115711 pos:0.003675288088428911 
cv189_22934.txt pos pos:0.9974220256433792 neg:0.0025779743566207687 
cv575_22598.txt neg pos:0.8050836631853561 neg:0.19491633681464393 
cv899_16014.txt pos pos:0.9934949176351344 neg:0.006505082364865647 
cv248_15672.txt neg neg:0.9955905978919992 pos:0.004409402108000767 
cv304_28706.txt pos neg:0.9254342555335913 pos:0.07456574446640864 
cv079_11933.txt pos neg:0.8033534547658674 pos:0.19664654523413264 
cv983_22928.txt pos neg:0.5287204101405838 pos:0.47127958985941615 
cv519_16239.txt neg pos:0.5515370807860263 neg:0.44846291921397374 
cv948_25870.txt neg neg:0.9780146218159974 pos:0.021985378184002657 
cv074_6875.txt pos pos:0.9999993854457252 neg:6.145542747277879E-7 
cv821_29364.txt pos neg:0.8249631693798762 pos:0.17503683062012368 
cv012_29576.txt pos pos:0.9724311971449611 neg:0.02756880285503905 
cv117_24295.txt pos pos:0.9142525418035624 neg:0.08574745819643764 
cv852_27512.txt neg pos:0.915424943779643 neg:0.08457505622035696 
cv209_28973.txt neg neg:0.9805285521176992 pos:0.0194714478823009 
cv138_12721.txt pos neg:0.5453443514564053 pos:0.45465564854359475 
cv291_26635.txt pos pos:0.9857798589552094 neg:0.01422014104479065 
cv489_19046.txt neg neg:0.9904517235141994 pos:0.00954827648580073 
cv827_19479.txt neg neg:0.6014877988007492 pos:0.39851220119925085 
cv799_19812.txt neg neg:0.9999995914803351 pos:4.0851966480735714E-7 
cv996_12447.txt neg pos:0.5531864475297642 neg:0.4468135524702357 
cv168_7050.txt pos pos:0.999999273483702 neg:7.265162979552142E-7 
cv919_18155.txt neg neg:0.976070860404444 pos:0.023929139595555877 
cv195_16146.txt neg neg:0.9246197481788316 pos:0.07538025182116832 
cv064_24576.txt pos pos:0.999911533633663 neg:8.846636633705333E-5 
cv826_12761.txt neg neg:0.9971265324398892 pos:0.002873467560110703 
cv712_24217.txt neg neg:0.9584612207890914 pos:0.04153877921090879 
cv480_19817.txt pos pos:0.8944531885576257 neg:0.10554681144237439 
cv041_21113.txt pos pos:0.9596723794603078 neg:0.040327620539692105 
cv705_11973.txt neg pos:0.7866964037799695 neg:0.21330359622003048 
cv350_20670.txt pos neg:0.6847379469874871 pos:0.3152620530125128 
cv654_19345.txt neg neg:0.9365834731819692 pos:0.06341652681803087 
cv905_28965.txt neg pos:0.9910413318318689 neg:0.008958668168131073 
cv320_9693.txt neg neg:0.9935935002402155 pos:0.006406499759784502 
cv805_19601.txt pos pos:0.5309401131519872 neg:0.46905988684801275 
cv626_7907.txt neg neg:0.537090228759441 pos:0.4629097712405589 
cv727_4978.txt pos pos:0.9656828288780998 neg:0.034317171121900227 
cv891_6385.txt pos neg:0.5156048334990563 pos:0.48439516650094366 
cv281_24711.txt neg pos:0.513609253774346 neg:0.48639074622565404 
cv220_28906.txt neg pos:0.863725162630473 neg:0.13627483736952695 
cv822_20049.txt pos pos:0.999965867036486 neg:3.4132963513937924E-5 
cv034_29446.txt neg neg:0.9873105216758638 pos:0.01268947832413619 
cv716_10514.txt pos neg:0.9918396126079613 pos:0.008160387392038651 
cv202_10654.txt pos pos:0.999999568716056 neg:4.312839440150629E-7 
cv960_28877.txt neg neg:0.9414760046779149 pos:0.05852399532208512 
cv681_9744.txt neg neg:0.9863566526535756 pos:0.013643347346424342 
cv767_14062.txt pos pos:0.9572882157942041 neg:0.042711784205795904 
cv904_25663.txt neg neg:0.9943884436938382 pos:0.005611556306161851 
cv617_9561.txt neg pos:0.8961503025693636 neg:0.10384969743063649 
cv349_15032.txt neg neg:0.9999003450464434 pos:9.965495355668346E-5 
cv889_22670.txt neg pos:0.9418096905052978 neg:0.05819030949470222 
cv967_5626.txt neg neg:0.7111067711695434 pos:0.28889322883045665 
cv600_23878.txt pos pos:0.9996541968410679 neg:3.4580315893191293E-4 
cv368_10466.txt pos pos:0.9999973537639271 neg:2.6462360729067443E-6 
cv774_13845.txt pos pos:0.8557817125633636 neg:0.14421828743663648 
cv153_11607.txt neg neg:0.9529104236964255 pos:0.04708957630357448 
cv370_5338.txt neg pos:0.6887996344106648 neg:0.31120036558933517 
cv200_29006.txt neg pos:0.9986555083203635 neg:0.0013444916796364341 
cv956_12547.txt neg neg:0.9999426292252961 pos:5.7370774703874925E-5 
cv829_20289.txt pos pos:0.9943260426273841 neg:0.0056739573726158465 
cv909_9960.txt pos neg:0.5723560282194485 pos:0.4276439717805515 
cv432_15873.txt neg neg:0.9999912401765972 pos:8.759823402797795E-6 
cv908_16009.txt pos pos:0.9991294404300985 neg:8.705595699015113E-4 
cv589_12064.txt pos pos:0.9949275272765686 neg:0.0050724727234313545 
cv536_27134.txt pos pos:0.8918875975772458 neg:0.10811240242275423 
cv973_10171.txt neg neg:0.999999993479481 pos:6.520518871729692E-9 
cv446_12209.txt neg neg:0.9924715723066386 pos:0.007528427693361488 
cv157_29302.txt neg neg:0.9814824391651064 pos:0.018517560834893525 
cv465_22431.txt pos neg:0.6623923186568516 pos:0.3376076813431485 
cv909_9973.txt neg neg:0.9514233617175317 pos:0.04857663828246824 
cv222_17395.txt pos pos:0.9192841142222111 neg:0.08071588577778888 
cv470_17444.txt neg neg:0.9999776355324896 pos:2.2364467510283238E-5 
cv115_26443.txt neg neg:0.9988968792858496 pos:0.0011031207141504462 
cv504_29120.txt neg neg:0.9697016989113512 pos:0.030298301088648765 
cv757_10668.txt neg neg:0.8551614383504527 pos:0.1448385616495474 
cv882_10042.txt neg neg:0.8232583975099848 pos:0.17674160249001522 
cv065_15248.txt pos pos:0.99999999762054 neg:2.379459995843029E-9 
cv520_12295.txt pos pos:0.9647280826073806 neg:0.03527191739261938 
cv145_12239.txt neg pos:0.9845449634582777 neg:0.015455036541722342 
cv404_20315.txt pos pos:0.9627298993800641 neg:0.03727010061993582 
cv586_8048.txt neg neg:0.9999999999933491 pos:6.65079702261726E-12 
cv786_22497.txt pos neg:0.9237508183160095 pos:0.07624918168399047 
cv918_2693.txt pos pos:0.9800388719020393 neg:0.01996112809796068 
cv072_6169.txt pos neg:0.7480805988010802 pos:0.2519194011989198 
cv206_15893.txt neg neg:0.9921648447398342 pos:0.007835155260165734 
cv146_18458.txt pos pos:0.9999993784560737 neg:6.215439264476234E-7 
cv862_14324.txt pos pos:0.9999875431039017 neg:1.2456896098313745E-5 
cv027_25219.txt pos pos:0.9999999724537995 neg:2.754620061965526E-8 
cv409_29786.txt pos pos:0.5222197575837749 neg:0.4777802424162252 
cv591_23640.txt pos pos:0.9999181768729691 neg:8.182312703083631E-5 
cv576_15688.txt neg neg:0.9999116466776604 pos:8.835332233953859E-5 
cv555_23922.txt pos neg:0.8974403283665923 pos:0.10255967163340773 
cv738_10116.txt pos pos:0.9999833650843221 neg:1.663491567792805E-5 
cv308_5079.txt neg neg:0.9999990052497602 pos:9.947502398716115E-7 
cv869_24782.txt neg neg:0.9998071998014335 pos:1.9280019856647324E-4 
cv936_15954.txt pos pos:0.9208049595872304 neg:0.07919504041276959 
cv154_9562.txt neg neg:0.7127105558425935 pos:0.2872894441574066 
cv208_9475.txt neg neg:0.999877112865043 pos:1.2288713495687298E-4 
cv761_12620.txt pos neg:0.6966315090714962 pos:0.3033684909285038 
cv143_19666.txt pos pos:0.9984204482721754 neg:0.0015795517278246992 
cv638_29394.txt neg neg:0.988434419362664 pos:0.011565580637336044 
cv314_16095.txt neg neg:0.9153574145133655 pos:0.08464258548663454 
cv226_26692.txt neg neg:0.9999970380589088 pos:2.9619410911691195E-6 
cv511_10132.txt pos pos:0.9365305476863636 neg:0.06346945231363636 
cv124_4122.txt pos neg:0.9946501041237292 pos:0.005349895876270859 
cv176_14196.txt neg neg:0.5585384203110572 pos:0.44146157968894284 
cv077_22138.txt pos pos:0.9997370585723101 neg:2.629414276898581E-4 
cv381_21673.txt neg pos:0.935920942478449 neg:0.06407905752155102 
cv198_18180.txt pos pos:0.9856563518203902 neg:0.0143436481796098 
cv047_18725.txt neg pos:0.9998343627353599 neg:1.6563726464000959E-4 
cv106_18379.txt neg neg:0.9809128697050821 pos:0.01908713029491785 
cv483_18103.txt neg neg:0.9977829846063546 pos:0.002217015393645241 
cv715_18179.txt pos pos:0.9475489010045701 neg:0.05245109899542982 
cv280_8267.txt pos neg:0.5541333019656959 pos:0.44586669803430407 
cv408_5367.txt neg neg:0.9812739526337191 pos:0.018726047366280862 
cv815_22456.txt pos neg:0.9827349117822618 pos:0.017265088217738207 
cv462_20788.txt neg pos:0.7446138332193315 neg:0.2553861667806686 
cv766_7983.txt neg neg:0.998679012438706 pos:0.0013209875612939963 
cv896_17819.txt neg neg:0.7914222551258197 pos:0.2085777448741804 
cv178_14380.txt neg neg:0.9935632988634028 pos:0.006436701136597259 
cv502_10406.txt pos neg:0.9986010747349309 pos:0.0013989252650692102 
cv609_23877.txt pos pos:0.9854867615894055 neg:0.014513238410594409 
cv397_29023.txt pos pos:0.7091676920816177 neg:0.2908323079183824 
cv643_29349.txt pos neg:0.7146598212691845 pos:0.2853401787308156 
cv232_16768.txt neg pos:0.8890665522764134 neg:0.11093344772358664 
cv631_4782.txt neg pos:0.7186251458641834 neg:0.28137485413581653 
cv634_11989.txt neg neg:0.9993117033324129 pos:6.882966675870174E-4 
cv085_1381.txt pos pos:0.999999702618754 neg:2.9738124591447085E-7 
cv814_18975.txt pos neg:0.8503383384128239 pos:0.14966166158717598 
cv453_10911.txt neg neg:0.9999997660985732 pos:2.3390142677161462E-7 
cv235_10704.txt neg neg:0.9997727336890136 pos:2.2726631098650532E-4 
cv810_13660.txt neg neg:0.9890652919112115 pos:0.010934708088788573 
cv553_26915.txt pos pos:0.9999221839186382 neg:7.781608136169383E-5 
cv865_28796.txt neg neg:0.5843807638613312 pos:0.4156192361386688 
cv834_23192.txt neg neg:0.7295045105911913 pos:0.2704954894088087 
cv309_23737.txt neg pos:0.559218100940474 neg:0.44078189905952603 
cv062_24556.txt neg neg:0.9918446666910851 pos:0.008155333308914907 
cv718_12227.txt neg neg:0.9996467085322754 pos:3.5329146772463126E-4 
cv331_8656.txt neg pos:0.878266608937811 neg:0.1217333910621889 
cv755_23616.txt pos pos:0.8222023061568416 neg:0.17779769384315838 
cv622_8583.txt neg pos:0.9285998961498568 neg:0.07140010385014313 
Trial 0 Trainer MaxEntTrainer,gaussianPriorVariance=1.0 Training Data Confusion Matrix
Confusion Matrix, row=true, column=predicted  accuracy=1.0
  label   0   1  |total
  0 neg 900   .  |900
  1 pos   . 900  |900

Trial 0 Trainer MaxEntTrainer,gaussianPriorVariance=1.0 training data accuracy= 1.0
Trial 0 Trainer MaxEntTrainer,gaussianPriorVariance=1.0 Test Data Confusion Matrix
Confusion Matrix, row=true, column=predicted  accuracy=0.73
  label   0   1  |total
  0 neg  75  25  |100
  1 pos  29  71  |100

Trial 0 Trainer MaxEntTrainer,gaussianPriorVariance=1.0 test data accuracy= 0.73

MaxEntTrainer,gaussianPriorVariance=1.0
Summary. train accuracy mean = 1.0 stddev = 0.0 stderr = 0.0
Summary. test accuracy mean = 0.73 stddev = 0.0 stderr = 0.0
