
-------------------- Trial 0  --------------------

Trial 0 Training MaxEntTrainer,gaussianPriorVariance=1.0 with 1800 instances
Trial 0 Training MaxEntTrainer,gaussianPriorVariance=1.0 finished
Trial 0 Trainer MaxEntTrainer,gaussianPriorVariance=1.0
 Raw Testing Data
cv601_24759.txt neg neg:0.9363023191957189 pos:0.06369768080428112 
cv662_13320.txt pos neg:0.5628101048007969 pos:0.4371898951992032 
cv361_28738.txt neg neg:0.9999336818854828 pos:6.631811451720412E-5 
cv681_9692.txt pos neg:0.9116412058414892 pos:0.08835879415851076 
cv906_12332.txt neg neg:0.9185463880692922 pos:0.08145361193070778 
cv453_10379.txt pos pos:0.9998818567505504 neg:1.181432494494475E-4 
cv285_16494.txt pos pos:0.8746590999508368 neg:0.12534090004916323 
cv583_29692.txt pos pos:0.9745989122339215 neg:0.02540108776607848 
cv211_9955.txt neg pos:0.5200269604967837 neg:0.4799730395032164 
cv564_11110.txt pos pos:0.999184257496854 neg:8.15742503145917E-4 
cv365_12442.txt neg neg:0.9999993520360826 pos:6.47963917354125E-7 
cv935_24977.txt neg neg:0.9977535047819138 pos:0.0022464952180860915 
cv071_12095.txt pos pos:0.9999995212649702 neg:4.787350299076524E-7 
cv690_5619.txt pos pos:0.700488323231 neg:0.299511676769 
cv988_18740.txt pos pos:0.9995087974798158 neg:4.912025201842845E-4 
cv156_11119.txt neg pos:0.9516882099984834 neg:0.04831179000151673 
cv413_7398.txt pos pos:0.786629739230101 neg:0.213370260769899 
cv338_9183.txt neg neg:0.9999701335337046 pos:2.9866466295411556E-5 
cv337_29061.txt neg neg:0.9959844877329498 pos:0.004015512267050248 
cv657_24513.txt pos pos:0.9856862165953104 neg:0.014313783404689587 
cv620_24265.txt pos pos:0.9997224487626037 neg:2.7755123739617635E-4 
cv317_25111.txt neg neg:0.994729725839462 pos:0.005270274160538142 
cv220_29059.txt pos pos:0.975197691460078 neg:0.024802308539921956 
cv939_10583.txt pos pos:0.9893326020576754 neg:0.01066739794232464 
cv627_12603.txt neg neg:0.69355083737867 pos:0.30644916262133 
cv289_6463.txt pos neg:0.581715265337211 pos:0.41828473466278904 
cv495_14518.txt pos neg:0.9638001702973568 pos:0.03619982970264317 
cv376_20883.txt neg pos:0.9997729131447091 neg:2.2708685529106276E-4 
cv933_24953.txt neg neg:0.9994896051588962 pos:5.103948411038036E-4 
cv666_20301.txt neg neg:0.7622090387679767 pos:0.23779096123202328 
cv172_11131.txt pos pos:0.9957159821613367 neg:0.004284017838663197 
cv842_5866.txt pos neg:0.7260512799859771 pos:0.273948720014023 
cv099_10534.txt pos pos:0.899607019919644 neg:0.10039298008035598 
cv354_8573.txt neg neg:0.9886265375522589 pos:0.011373462447741012 
cv859_14107.txt pos neg:0.9656284078768281 pos:0.03437159212317177 
cv762_13927.txt pos pos:0.999934040159284 neg:6.595984071604269E-5 
cv599_20988.txt pos neg:0.9510124823415976 pos:0.0489875176584023 
cv843_17054.txt neg neg:0.9953741401270403 pos:0.004625859872959722 
cv508_16006.txt pos pos:0.9999999661147225 neg:3.388527743721181E-8 
cv423_12089.txt neg neg:0.9958946448781034 pos:0.004105355121896586 
cv286_25050.txt pos pos:0.9861708289097576 neg:0.013829171090242409 
cv425_8250.txt pos pos:0.9929587068650321 neg:0.007041293134968004 
cv270_6079.txt pos pos:0.9923224791485137 neg:0.007677520851486455 
cv477_23530.txt neg neg:0.8773677821359611 pos:0.12263221786403893 
cv875_5622.txt neg pos:0.82083821181524 neg:0.17916178818476006 
cv713_29002.txt neg neg:0.99951559830235 pos:4.844016976500128E-4 
cv917_29484.txt neg neg:0.9804586968313019 pos:0.019541303168698038 
cv247_13142.txt pos pos:0.8826339411097218 neg:0.11736605889027812 
cv002_17424.txt neg neg:0.9999699845924523 pos:3.001540754757455E-5 
cv725_10266.txt neg neg:0.9965748684545866 pos:0.003425131545413462 
cv548_17731.txt pos pos:0.9861837209059813 neg:0.013816279094018771 
cv165_2389.txt neg neg:0.9990157513401439 pos:9.842486598561604E-4 
cv662_14791.txt neg neg:0.739431059956087 pos:0.26056894004391296 
cv798_24779.txt neg neg:0.6789027329757309 pos:0.3210972670242692 
cv913_29252.txt pos pos:0.9714037238037392 neg:0.02859627619626073 
cv328_10908.txt neg pos:0.9976157585498282 neg:0.0023842414501719054 
cv949_20112.txt pos neg:0.9612169401943138 pos:0.03878305980568619 
cv405_20399.txt pos pos:0.9978306489664115 neg:0.00216935103358854 
cv057_7453.txt pos neg:0.8660445741758791 pos:0.1339554258241208 
cv249_11640.txt pos pos:0.9759876159779047 neg:0.024012384022095153 
cv929_1841.txt neg neg:0.83430987895702 pos:0.16569012104298 
cv121_17302.txt pos neg:0.8578591488263928 pos:0.14214085117360725 
cv472_29280.txt pos pos:0.5772130886069562 neg:0.4227869113930438 
cv658_10532.txt pos pos:0.998687354361595 neg:0.0013126456384050876 
cv150_14279.txt neg neg:0.9998499263992517 pos:1.500736007483772E-4 
cv183_18612.txt pos pos:0.9293032362311612 neg:0.07069676376883878 
cv072_5928.txt neg neg:0.9970858916537025 pos:0.0029141083462973557 
cv524_24885.txt neg neg:0.8565253682376904 pos:0.14347463176230943 
cv895_22200.txt neg neg:0.9837895484538542 pos:0.01621045154614571 
cv407_23928.txt neg neg:0.9549351578103232 pos:0.04506484218967666 
cv371_8197.txt neg neg:0.9999236583198533 pos:7.634168014668488E-5 
cv897_10837.txt pos pos:0.9409119676143892 neg:0.05908803238561069 
cv267_14952.txt pos pos:0.7725629715888901 neg:0.22743702841110988 
cv335_16299.txt neg neg:0.9919567019960962 pos:0.008043298003903831 
cv047_1754.txt pos pos:0.9970371529670168 neg:0.0029628470329831143 
cv069_11613.txt neg pos:0.8488778912139996 neg:0.15112210878600035 
cv677_17715.txt pos pos:0.9930055077180282 neg:0.006994492281971866 
cv029_19943.txt neg neg:0.9983236537847762 pos:0.0016763462152238244 
cv723_9002.txt neg pos:0.9924054646656069 neg:0.0075945353343932305 
cv245_8938.txt neg neg:0.9999119879032223 pos:8.801209677761012E-5 
cv941_10246.txt pos pos:0.9954602622541473 neg:0.004539737745852648 
cv719_5713.txt pos pos:0.9999844722967832 neg:1.5527703216791983E-5 
cv083_25491.txt neg neg:0.930398004971267 pos:0.06960199502873311 
cv608_24647.txt neg pos:0.9626484291147703 neg:0.03735157088522959 
cv007_4992.txt neg neg:0.9917598917508254 pos:0.008240108249174535 
cv499_11407.txt neg neg:0.9999892044218394 pos:1.0795578160740131E-5 
cv167_18094.txt neg neg:0.8344384553692749 pos:0.16556154463072514 
cv257_11856.txt neg pos:0.7754984237634129 neg:0.22450157623658712 
cv999_14636.txt neg pos:0.7579875916797929 neg:0.24201240832020715 
cv196_28898.txt neg neg:0.9575923410440673 pos:0.04240765895593281 
cv402_14425.txt pos pos:0.9999274187811129 neg:7.258121888717549E-5 
cv424_8831.txt pos pos:0.9923160609075925 neg:0.007683939092407406 
cv854_18955.txt neg neg:0.6545207551809504 pos:0.3454792448190496 
cv325_16629.txt pos pos:0.9999995399435684 neg:4.6005643160595644E-7 
cv448_14695.txt pos pos:0.953676835110652 neg:0.046323164889347915 
cv640_5380.txt neg neg:0.9031203694519713 pos:0.09687963054802869 
cv974_24303.txt neg neg:0.8667227828461291 pos:0.133277217153871 
cv300_22284.txt pos pos:0.9999994720418673 neg:5.27958132679442E-7 
cv455_29000.txt pos pos:0.9889125850343684 neg:0.01108741496563159 
cv939_11247.txt neg neg:0.7049108808807804 pos:0.29508911911921964 
cv270_5873.txt neg neg:0.9999845039455404 pos:1.5496054459710882E-5 
cv671_5164.txt neg neg:0.6241030249038038 pos:0.37589697509619635 
cv632_9704.txt neg pos:0.8286673576017093 neg:0.17133264239829077 
cv514_12173.txt neg pos:0.9762079614972635 neg:0.023792038502736403 
cv108_17064.txt neg neg:0.9940548746593832 pos:0.005945125340616873 
cv660_21893.txt pos pos:0.9999862414898901 neg:1.3758510109834503E-5 
cv191_29719.txt pos pos:0.7904434634748596 neg:0.2095565365251405 
cv481_7930.txt neg neg:0.999996687548802 pos:3.3124511980571843E-6 
cv101_10175.txt pos neg:0.5820525656969155 pos:0.4179474343030845 
cv504_29243.txt pos pos:0.9050230802603674 neg:0.0949769197396325 
cv213_20300.txt neg neg:0.9996302247855863 pos:3.697752144136945E-4 
cv959_14611.txt pos pos:0.7475136248291996 neg:0.2524863751708004 
cv284_20530.txt neg neg:0.5613943465333032 pos:0.43860565346669683 
cv181_14401.txt pos pos:0.9999984645130007 neg:1.5354869992825858E-6 
cv066_10821.txt pos pos:0.9023241193394785 neg:0.09767588066052149 
cv585_23576.txt neg neg:0.9902979604844195 pos:0.009702039515580527 
cv631_4967.txt pos neg:0.5422244576996955 pos:0.45777554230030454 
cv053_21822.txt pos pos:0.9993070823156052 neg:6.929176843948716E-4 
cv801_26335.txt neg neg:0.9585830996611436 pos:0.041416900338856366 
cv517_20616.txt neg neg:0.9967572373873658 pos:0.003242762612634268 
cv999_13106.txt pos pos:0.973432380553519 neg:0.026567619446480905 
cv557_12237.txt neg neg:0.9295887378905275 pos:0.07041126210947235 
cv024_7033.txt neg pos:0.7580167295365547 neg:0.24198327046344523 
cv788_26409.txt neg neg:0.9845839901583263 pos:0.015416009841673592 
cv384_17140.txt pos pos:0.997675710898082 neg:0.002324289101918033 
cv055_8338.txt pos pos:0.9980433532495365 neg:0.0019566467504635783 
cv210_9312.txt pos pos:0.5942785456067567 neg:0.4057214543932432 
cv334_0074.txt neg neg:0.9434596534078533 pos:0.056540346592146726 
cv449_9126.txt neg pos:0.9997527651672478 neg:2.4723483275220664E-4 
cv340_13287.txt pos pos:0.6028379902858402 neg:0.3971620097141598 
cv393_29327.txt pos pos:0.9654701858291699 neg:0.03452981417083011 
cv024_6778.txt pos pos:0.8056739545909254 neg:0.19432604540907453 
cv310_13091.txt pos pos:0.9999673263302313 neg:3.2673669768702675E-5 
cv647_15275.txt neg neg:0.9997274695139056 pos:2.7253048609451283E-4 
cv929_16908.txt pos pos:0.6822044351454952 neg:0.31779556485450466 
cv647_13691.txt pos pos:0.9993608697444181 neg:6.391302555818782E-4 
cv544_5301.txt neg neg:0.9998439108620639 pos:1.5608913793594139E-4 
cv744_10091.txt neg pos:0.6283218948503673 neg:0.3716781051496326 
cv780_7984.txt pos pos:0.9999685802562702 neg:3.14197437298033E-5 
cv216_20165.txt neg neg:0.6286259546820654 pos:0.37137404531793466 
cv982_22209.txt neg neg:0.9993740811477574 pos:6.259188522426811E-4 
cv221_27081.txt neg pos:0.7802415809991479 neg:0.2197584190008521 
cv021_17313.txt neg neg:0.9997528787088389 pos:2.47121291161047E-4 
cv607_8235.txt neg neg:0.9916252722483454 pos:0.008374727751654659 
cv692_17026.txt neg neg:0.5310509780700048 pos:0.46894902192999527 
cv980_10953.txt pos pos:0.9999934384983193 neg:6.5615016806725195E-6 
cv175_6964.txt pos pos:0.9740055385636426 neg:0.025994461436357537 
cv587_20532.txt neg neg:0.9999413927672051 pos:5.86072327948476E-5 
cv676_22202.txt neg neg:0.9999999370462733 pos:6.295372682040638E-8 
cv380_7574.txt pos neg:0.9342569170541538 pos:0.0657430829458461 
cv623_15356.txt pos pos:0.9999984870892106 neg:1.5129107894021802E-6 
cv405_21868.txt neg neg:0.9099742485434358 pos:0.09002575145656422 
cv431_7538.txt neg pos:0.9021293923405008 neg:0.09787060765949931 
cv428_11347.txt pos pos:0.9958636133078674 neg:0.004136386692132451 
cv253_10077.txt pos pos:0.902030741060289 neg:0.09796925893971103 
cv095_28730.txt neg neg:0.701610299691197 pos:0.2983897003088029 
cv691_5043.txt pos pos:0.9863477793831175 neg:0.013652220616882602 
cv830_5778.txt neg neg:0.6778605885036219 pos:0.3221394114963782 
cv030_22893.txt neg neg:0.8542808572973793 pos:0.14571914270262074 
cv919_16380.txt pos pos:0.7969383523290207 neg:0.20306164767097937 
cv558_29507.txt pos pos:0.9999867787496037 neg:1.322125039623211E-5 
cv931_17563.txt pos pos:0.6610275339009497 neg:0.33897246609905024 
cv154_9328.txt pos neg:0.6182683070683409 pos:0.38173169293165915 
cv185_28372.txt neg neg:0.994442637844359 pos:0.0055573621556410215 
cv018_21672.txt neg pos:0.885886158215112 neg:0.11411384178488802 
cv046_10188.txt pos pos:0.9863755396091353 neg:0.01362446039086482 
cv606_15985.txt pos pos:0.9999847747314816 neg:1.522526851841928E-5 
cv153_10779.txt pos pos:0.9905024503850905 neg:0.009497549614909579 
cv921_13988.txt neg neg:0.9994777542232596 pos:5.222457767403288E-4 
cv114_18398.txt pos neg:0.6720533564776221 pos:0.32794664352237796 
cv876_9633.txt neg neg:0.9999565471951127 pos:4.345280488742047E-5 
cv698_16930.txt neg pos:0.8626295271106831 neg:0.13737047288931697 
cv450_8319.txt neg neg:0.9728804798484787 pos:0.02711952015152123 
cv984_12767.txt pos pos:0.9981563771932944 neg:0.0018436228067057118 
cv019_14482.txt pos pos:0.9808941744427669 neg:0.019105825557233103 
cv949_21565.txt neg neg:0.9997600819797192 pos:2.3991802028083023E-4 
cv009_29592.txt pos pos:0.9135948180584124 neg:0.08640518194158761 
cv716_11153.txt neg neg:0.8042565903526174 pos:0.19574340964738263 
cv857_15958.txt pos pos:0.9060849781796533 neg:0.0939150218203468 
cv898_14187.txt pos pos:0.5844567346852629 neg:0.4155432653147371 
cv259_10934.txt pos neg:0.9080419284349769 pos:0.09195807156502302 
cv897_11703.txt neg neg:0.999120413965427 pos:8.795860345731371E-4 
cv708_28729.txt pos pos:0.9879059920120487 neg:0.012094007987951379 
cv773_18817.txt pos pos:0.7306886429070738 neg:0.2693113570929262 
cv315_11629.txt pos neg:0.5950026926995167 pos:0.4049973073004834 
cv204_8451.txt pos pos:0.997555969711163 neg:0.002444030288837022 
cv202_11382.txt neg neg:0.999910112179856 pos:8.988782014395541E-5 
cv048_18380.txt neg neg:0.9999171473853828 pos:8.28526146172696E-5 
cv120_4111.txt pos pos:0.999452259207015 neg:5.477407929851406E-4 
cv963_7208.txt neg neg:0.9914514599719931 pos:0.008548540028006929 
cv592_22315.txt pos pos:0.7917130622850065 neg:0.20828693771499343 
cv219_19874.txt neg neg:0.9526480517185111 pos:0.0473519482814888 
cv983_24219.txt neg neg:0.9661850787111819 pos:0.0338149212888181 
cv162_10977.txt neg pos:0.6171883069946841 neg:0.38281169300531603 
cv730_10279.txt pos pos:0.9991476316122011 neg:8.523683877989062E-4 
cv617_9322.txt pos pos:0.9121228404812679 neg:0.08787715951873207 
cv469_21998.txt neg neg:0.9997042590810608 pos:2.957409189391739E-4 
cv527_10123.txt pos pos:0.9932899353857039 neg:0.006710064614296184 
cv694_4526.txt neg pos:0.9943786324236304 neg:0.0056213675763695506 
cv586_7543.txt pos pos:0.9970301649949831 neg:0.0029698350050168416 
Trial 0 Trainer MaxEntTrainer,gaussianPriorVariance=1.0 Training Data Confusion Matrix
Confusion Matrix, row=true, column=predicted  accuracy=1.0
  label   0   1  |total
  0 neg 900   .  |900
  1 pos   . 900  |900

Trial 0 Trainer MaxEntTrainer,gaussianPriorVariance=1.0 training data accuracy= 1.0
Trial 0 Trainer MaxEntTrainer,gaussianPriorVariance=1.0 Test Data Confusion Matrix
Confusion Matrix, row=true, column=predicted  accuracy=0.81
  label   0   1  |total
  0 neg  79  21  |100
  1 pos  17  83  |100

Trial 0 Trainer MaxEntTrainer,gaussianPriorVariance=1.0 test data accuracy= 0.81

MaxEntTrainer,gaussianPriorVariance=1.0
Summary. train accuracy mean = 1.0 stddev = 0.0 stderr = 0.0
Summary. test accuracy mean = 0.81 stddev = 0.0 stderr = 0.0
