
-------------------- Trial 0  --------------------

Trial 0 Training MaxEntTrainer,gaussianPriorVariance=1.0 with 1800 instances
Trial 0 Training MaxEntTrainer,gaussianPriorVariance=1.0 finished
Trial 0 Trainer MaxEntTrainer,gaussianPriorVariance=1.0
 Raw Testing Data
cv520_13297.txt neg neg:0.9984568890215617 pos:0.0015431109784382524 
cv978_20929.txt pos neg:0.8014480825668908 pos:0.19855191743310913 
cv090_0042.txt pos pos:0.998901713596281 neg:0.0010982864037191492 
cv337_29181.txt pos pos:0.809368821392096 neg:0.19063117860790393 
cv162_10424.txt pos pos:0.915866754063639 neg:0.08413324593636101 
cv560_17175.txt pos pos:0.9999999999892544 neg:1.0745722883244883E-11 
cv435_23110.txt pos pos:0.7296359390081885 neg:0.27036406099181143 
cv685_5710.txt neg neg:0.9532027188109591 pos:0.04679728118904087 
cv618_8974.txt pos pos:0.9999999555020036 neg:4.449799646807991E-8 
cv272_20313.txt neg neg:0.65417270173445 pos:0.34582729826555003 
cv336_10363.txt neg neg:0.9997900322105866 pos:2.0996778941348305E-4 
cv262_13812.txt neg pos:0.5081049996498808 neg:0.49189500035011924 
cv294_12695.txt neg neg:0.8055984930555109 pos:0.19440150694448907 
cv326_13295.txt pos neg:0.9133782917995356 pos:0.08662170820046441 
cv702_11500.txt pos pos:0.9401405065858786 neg:0.05985949341412138 
cv381_20172.txt pos neg:0.9859052971684468 pos:0.014094702831553209 
cv506_17521.txt neg neg:0.7994574760285956 pos:0.20054252397140435 
cv569_26381.txt pos pos:0.9960004814696617 neg:0.003999518530338252 
cv366_10221.txt pos pos:0.9949112960258449 neg:0.005088703974155011 
cv023_13847.txt neg neg:0.9999948713343082 pos:5.1286656916795846E-6 
cv122_7891.txt neg neg:0.5669116410859649 pos:0.43308835891403513 
cv987_6965.txt pos pos:0.8286115548070057 neg:0.17138844519299445 
cv419_13394.txt pos pos:0.8905963823130547 neg:0.1094036176869453 
cv003_12683.txt neg neg:0.9978267636124368 pos:0.0021732363875632222 
cv926_17059.txt pos neg:0.7209925237491882 pos:0.2790074762508118 
cv403_6721.txt neg neg:0.9968578529039821 pos:0.0031421470960178734 
cv404_21805.txt neg neg:0.9998487727887282 pos:1.5122721127195025E-4 
cv870_18090.txt neg neg:0.9665432176417181 pos:0.0334567823582818 
cv355_16413.txt pos pos:0.9870362776481039 neg:0.012963722351896035 
cv199_9629.txt pos pos:0.9952374848068438 neg:0.004762515193156203 
cv443_21118.txt pos pos:0.9861059616804247 neg:0.013894038319575138 
cv280_8651.txt neg neg:0.9881869797853193 pos:0.011813020214680631 
cv022_12864.txt pos neg:0.8896486192471956 pos:0.1103513807528044 
cv284_19119.txt pos pos:0.9975380350777433 neg:0.0024619649222566956 
cv751_15719.txt pos pos:0.9909072981795379 neg:0.009092701820462158 
cv803_8207.txt pos pos:0.9997780093910289 neg:2.2199060897122128E-4 
cv731_4136.txt pos pos:0.9862277847455346 neg:0.01377221525446536 
cv459_20319.txt pos pos:0.9150718116680587 neg:0.08492818833194117 
cv257_10975.txt pos pos:0.9558831239853015 neg:0.04411687601469842 
cv907_3193.txt neg neg:0.9458714310530112 pos:0.054128568946988836 
cv787_13743.txt pos pos:0.526280579635396 neg:0.473719420364604 
cv341_25667.txt neg neg:0.9999991024730606 pos:8.975269395152326E-7 
cv158_10390.txt pos pos:0.9999999921813124 neg:7.818687634531623E-9 
cv037_18510.txt pos pos:0.9999999870463514 neg:1.2953648732811514E-8 
cv629_16604.txt neg neg:0.9650092455772799 pos:0.03499075442272024 
cv630_10152.txt neg neg:0.9999950978852336 pos:4.90211476641917E-6 
cv606_17672.txt neg pos:0.6868331376312597 neg:0.3131668623687402 
cv888_25678.txt neg neg:0.5502920185946418 pos:0.4497079814053582 
cv128_29444.txt neg neg:0.9755838674740226 pos:0.024416132525977515 
cv109_21172.txt pos pos:0.8932395732570692 neg:0.10676042674293083 
cv004_11636.txt pos neg:0.884840356988265 pos:0.11515964301173501 
cv828_21392.txt neg neg:0.9710294370504569 pos:0.028970562949543203 
cv839_22807.txt neg neg:0.99532332149444 pos:0.004676678505559962 
cv910_20488.txt pos pos:0.9999866559652816 neg:1.3344034718515976E-5 
cv329_29370.txt pos neg:0.8886901099860025 pos:0.11130989001399746 
cv849_15729.txt pos pos:0.9899872202496854 neg:0.010012779750314628 
cv288_18791.txt pos pos:0.7341276412646373 neg:0.2658723587353627 
cv764_11739.txt pos pos:0.8947695911762719 neg:0.1052304088237282 
cv392_11458.txt pos pos:0.9954387665991266 neg:0.004561233400873378 
cv901_11017.txt pos neg:0.7467965780743779 pos:0.25320342192562195 
cv563_17257.txt pos pos:0.7173597412675645 neg:0.28264025873243553 
cv179_9533.txt neg neg:0.991349465102409 pos:0.008650534897591078 
cv639_10797.txt neg neg:0.5398333913677906 pos:0.4601666086322094 
cv866_29447.txt neg neg:0.890225697519576 pos:0.10977430248042387 
cv925_9459.txt neg neg:0.9959873558585502 pos:0.0040126441414497635 
cv218_24352.txt pos pos:0.8898281665766044 neg:0.11017183342339569 
cv589_12853.txt neg neg:0.9996000914765624 pos:3.99908523437643E-4 
cv570_29082.txt pos pos:0.9999968037110427 neg:3.1962889572938453E-6 
cv826_11834.txt pos pos:0.997749824839441 neg:0.0022501751605589356 
cv529_10420.txt pos neg:0.679248804510424 pos:0.320751195489576 
cv597_26744.txt neg neg:0.9709884393638135 pos:0.02901156063618658 
cv225_29224.txt pos pos:0.9972773499766853 neg:0.0027226500233146584 
cv653_2107.txt neg neg:0.9999987057883045 pos:1.294211695421982E-6 
cv675_21588.txt pos pos:0.9989004814744168 neg:0.0010995185255832254 
cv726_4719.txt pos neg:0.9971855626811926 pos:0.0028144373188073958 
cv876_9390.txt pos neg:0.8428305073405686 pos:0.15716949265943136 
cv243_22164.txt neg neg:0.9966462316249978 pos:0.0033537683750021656 
cv074_7188.txt neg neg:0.9964944192737496 pos:0.0035055807262503414 
cv684_11798.txt pos pos:0.8513480496050739 neg:0.14865195039492604 
cv829_21725.txt neg neg:0.9963144391642417 pos:0.003685560835758375 
cv139_12873.txt pos pos:0.598447473455897 neg:0.401552526544103 
cv989_17297.txt neg neg:0.9732524150040783 pos:0.026747584995921624 
cv971_11790.txt neg neg:0.9983320255669271 pos:0.001667974433072788 
cv306_10859.txt neg neg:0.9680266762898507 pos:0.031973323710149236 
cv445_25882.txt pos pos:0.999561330753392 neg:4.386692466079373E-4 
cv688_7368.txt pos pos:0.9870010122840006 neg:0.012998987715999487 
cv656_24201.txt pos pos:0.994141580568172 neg:0.005858419431827855 
cv977_4776.txt neg neg:0.9996271764654043 pos:3.728235345957593E-4 
cv212_10054.txt neg neg:0.9999999319701591 pos:6.802984087195912E-8 
cv041_22364.txt neg neg:0.9979421373317086 pos:0.002057862668291403 
cv953_6836.txt pos pos:0.9999915348436726 neg:8.46515632743551E-6 
cv479_5649.txt pos pos:0.5683937820014845 neg:0.43160621799851545 
cv159_29374.txt neg neg:0.9791243877535644 pos:0.020875612246435797 
cv311_16002.txt pos pos:0.99905239313442 neg:9.476068655800553E-4 
cv113_24354.txt neg neg:0.9829433224586985 pos:0.017056677541301607 
cv239_29828.txt neg neg:0.6776163239132116 pos:0.3223836760867885 
cv377_7946.txt pos pos:0.9987322494736333 neg:0.0012677505263666777 
cv055_8926.txt neg neg:0.998896321716435 pos:0.0011036782835648967 
cv598_16452.txt pos pos:0.907729681785413 neg:0.09227031821458688 
cv776_21934.txt neg neg:0.9052035566159248 pos:0.09479644338407513 
cv206_14293.txt pos pos:0.9999999605780576 neg:3.942194238150643E-8 
cv767_15673.txt neg pos:0.9101998447012165 neg:0.08980015529878344 
cv490_18986.txt neg neg:0.9941713781523882 pos:0.005828621847611764 
cv455_28866.txt neg neg:0.6241642651256096 pos:0.3758357348743904 
cv593_11931.txt neg neg:0.9974724359330893 pos:0.0025275640669107633 
cv412_24095.txt pos pos:0.6213560677129091 neg:0.3786439322870909 
cv144_5007.txt pos pos:0.9996527098169662 neg:3.4729018303392096E-4 
cv578_15094.txt pos neg:0.9482807797071572 pos:0.05171922029284296 
cv086_19488.txt neg neg:0.9405546724350419 pos:0.05944532756495821 
cv152_8736.txt pos pos:0.920033378152418 neg:0.079966621847582 
cv810_12458.txt pos neg:0.5489151910209832 pos:0.45108480897901676 
cv409_29625.txt neg neg:0.8443517517479558 pos:0.15564824825204418 
cv556_16563.txt neg neg:0.9729309425789836 pos:0.02706905742101642 
cv934_20426.txt neg neg:0.9984111558270035 pos:0.0015888441729965392 
cv914_28742.txt pos pos:0.5010136374423493 neg:0.49898636255765066 
cv778_18629.txt neg pos:0.9957732105686232 neg:0.004226789431376692 
cv238_12931.txt pos pos:0.9649913277958808 neg:0.03500867220411915 
cv605_12730.txt neg pos:0.9997620200698868 neg:2.379799301132153E-4 
cv641_12349.txt pos pos:0.9287566361860624 neg:0.07124336381393746 
cv067_21192.txt neg neg:0.9906045436954323 pos:0.00939545630456774 
cv798_23531.txt pos neg:0.8988189518735267 pos:0.10118104812647326 
cv797_7245.txt neg pos:0.7571770021149994 neg:0.2428229978850007 
cv543_5045.txt pos pos:0.9439080122643295 neg:0.056091987735670555 
cv787_15277.txt neg neg:0.9999736816621473 pos:2.6318337852826937E-5 
cv693_19147.txt neg neg:0.9209534266443244 pos:0.07904657335567554 
cv274_25253.txt pos pos:0.9999999967246338 neg:3.275366210203093E-9 
cv440_16891.txt neg neg:0.8804316219933837 pos:0.11956837800661638 
cv184_26935.txt neg neg:0.9995529692779008 pos:4.470307220991271E-4 
cv351_15458.txt pos pos:0.9403718406712 neg:0.05962815932879982 
cv748_12786.txt pos pos:0.9981216955767799 neg:0.00187830442322017 
cv276_15684.txt pos pos:0.9992296420322077 neg:7.703579677923509E-4 
cv510_24758.txt neg neg:0.9853763388856375 pos:0.014623661114362432 
cv524_23627.txt pos neg:0.882554563017919 pos:0.11744543698208104 
cv395_11761.txt neg neg:0.9996846516034523 pos:3.1534839654772225E-4 
cv781_5262.txt pos pos:0.993775337479396 neg:0.006224662520603967 
cv893_26731.txt neg neg:0.9999548908692472 pos:4.510913075275511E-5 
cv182_7281.txt pos neg:0.938703004132549 pos:0.06129699586745087 
cv752_25330.txt neg pos:0.9632831183652504 neg:0.03671688163474951 
cv914_2856.txt neg neg:0.9983494653232184 pos:0.0016505346767815509 
cv637_13682.txt neg neg:0.9985738135947568 pos:0.001426186405243225 
cv005_29443.txt pos pos:0.9920226745668853 neg:0.007977325433114704 
cv937_9811.txt pos pos:0.834577863428533 neg:0.16542213657146695 
cv753_11812.txt neg pos:0.7612858473966707 neg:0.23871415260332943 
cv147_22625.txt neg neg:0.6649127776349477 pos:0.3350872223650523 
cv697_12106.txt neg neg:0.6000331575039609 pos:0.3999668424960391 
cv817_4041.txt pos pos:0.9999108614213915 neg:8.913857860845924E-5 
cv118_28980.txt pos neg:0.9941214521361041 pos:0.005878547863895899 
cv094_27889.txt pos pos:0.9689610278132521 neg:0.031038972186747792 
cv042_11927.txt neg neg:0.6164976952685927 pos:0.38350230473140734 
cv644_17154.txt pos pos:0.9992798698190005 neg:7.20130180999461E-4 
cv528_11669.txt neg neg:0.958658850184427 pos:0.041341149815572985 
cv508_17742.txt neg neg:0.6316476794567893 pos:0.36835232054321054 
cv271_13837.txt pos pos:0.9925905601404564 neg:0.007409439859543573 
cv546_11767.txt pos pos:0.6051901691027293 neg:0.3948098308972706 
cv282_6653.txt pos neg:0.5731869132390393 pos:0.4268130867609607 
cv009_29417.txt neg neg:0.9976670240097324 pos:0.002332975990267624 
cv590_20712.txt neg neg:0.9999156604777552 pos:8.433952224478478E-5 
cv372_6654.txt neg neg:0.9874942560028078 pos:0.012505743997192216 
cv512_17618.txt neg neg:0.9833867831009956 pos:0.01661321689900448 
cv610_2287.txt pos pos:0.9106221050443182 neg:0.08937789495568184 
cv626_7410.txt pos pos:0.754203522626452 neg:0.24579647737354807 
cv695_22268.txt neg neg:0.9999994244574422 pos:5.755425577893408E-7 
cv032_23718.txt neg pos:0.8848232582553365 neg:0.11517674174466361 
cv784_14394.txt pos neg:0.8702521826985944 pos:0.12974781730140567 
cv057_7962.txt neg neg:0.9671740660571155 pos:0.03282593394288446 
cv201_6997.txt pos pos:0.8989670406988071 neg:0.10103295930119292 
cv505_12090.txt pos pos:0.9999884205705196 neg:1.1579429480332302E-5 
cv432_14224.txt pos neg:0.993422781841181 pos:0.00657721815881899 
cv125_9636.txt neg pos:0.7362922653757377 neg:0.26370773462426245 
cv192_16079.txt neg neg:0.9982069646536821 pos:0.001793035346317877 
cv068_14810.txt neg neg:0.5934404813725497 pos:0.4065595186274503 
cv485_26879.txt neg neg:0.9994662717396265 pos:5.337282603734325E-4 
cv941_10718.txt neg pos:0.9996401230624977 neg:3.5987693750218306E-4 
cv204_8930.txt neg neg:0.9989250734033329 pos:0.0010749265966671039 
cv815_23466.txt neg neg:0.9976684531380281 pos:0.0023315468619717894 
cv717_17472.txt neg neg:0.999999521473191 pos:4.785268090823297E-7 
cv080_14899.txt neg pos:0.9643197981357616 neg:0.035680201864238266 
cv110_27788.txt pos neg:0.9999042191351295 pos:9.578086487047857E-5 
cv462_19350.txt pos pos:0.782515205105418 neg:0.21748479489458197 
cv640_5378.txt pos pos:0.9835171943071133 neg:0.01648280569288665 
cv398_17047.txt neg neg:0.99998319559679 pos:1.6804403209981378E-5 
cv616_29187.txt neg pos:0.7629118446561631 neg:0.23708815534383687 
cv412_25254.txt neg neg:0.999999999983948 pos:1.6052043506369988E-11 
cv045_25077.txt neg neg:0.8792413123502653 pos:0.12075868764973466 
cv193_5393.txt neg neg:0.9006706881996914 pos:0.09932931180030864 
cv292_7804.txt neg neg:0.9999750653496596 pos:2.4934650340496156E-5 
cv857_17527.txt neg neg:0.5126634392174175 pos:0.4873365607825824 
cv752_24155.txt pos pos:0.9879561810212926 neg:0.012043818978707366 
cv824_8838.txt pos pos:0.9998003734844858 neg:1.996265155141142E-4 
cv079_12766.txt neg neg:0.9999999993982389 pos:6.01761176181655E-10 
cv328_10373.txt pos neg:0.6453374939694955 pos:0.3546625060305045 
cv266_26644.txt neg neg:0.9821081634256673 pos:0.017891836574332742 
cv364_12901.txt pos neg:0.6129246758879959 pos:0.38707532411200407 
cv039_6170.txt pos neg:0.9663558828875751 pos:0.033644117112424925 
cv027_26270.txt neg neg:0.999945980411663 pos:5.401958833700705E-5 
cv369_12886.txt pos pos:0.9996763510601474 neg:3.236489398527021E-4 
cv651_11120.txt neg neg:0.962476611672664 pos:0.037523388327335976 
cv249_12674.txt neg neg:0.9994255179920193 pos:5.744820079807394E-4 
cv261_10954.txt pos pos:0.9998611253851379 neg:1.388746148621853E-4 
cv507_9220.txt pos neg:0.9992569818713551 pos:7.430181286449051E-4 
Trial 0 Trainer MaxEntTrainer,gaussianPriorVariance=1.0 Training Data Confusion Matrix
Confusion Matrix, row=true, column=predicted  accuracy=1.0
  label   0   1  |total
  0 neg 900   .  |900
  1 pos   . 900  |900

Trial 0 Trainer MaxEntTrainer,gaussianPriorVariance=1.0 training data accuracy= 1.0
Trial 0 Trainer MaxEntTrainer,gaussianPriorVariance=1.0 Test Data Confusion Matrix
Confusion Matrix, row=true, column=predicted  accuracy=0.81
  label   0   1  |total
  0 neg  87  13  |100
  1 pos  25  75  |100

Trial 0 Trainer MaxEntTrainer,gaussianPriorVariance=1.0 test data accuracy= 0.81

MaxEntTrainer,gaussianPriorVariance=1.0
Summary. train accuracy mean = 1.0 stddev = 0.0 stderr = 0.0
Summary. test accuracy mean = 0.81 stddev = 0.0 stderr = 0.0
