
-------------------- Trial 0  --------------------

Trial 0 Training MaxEntTrainer,gaussianPriorVariance=1.0 with 1800 instances
Trial 0 Training MaxEntTrainer,gaussianPriorVariance=1.0 finished
Trial 0 Trainer MaxEntTrainer,gaussianPriorVariance=1.0
 Raw Testing Data
cv195_14528.txt pos pos:0.746358962312025 neg:0.25364103768797486 
cv750_10180.txt pos pos:0.9999986949164871 neg:1.3050835129149984E-6 
cv687_22207.txt neg neg:0.9939989663669591 pos:0.006001033633040944 
cv588_13008.txt pos neg:0.8713339060544303 pos:0.12866609394556972 
cv010_29063.txt neg pos:0.9440129915949871 neg:0.0559870084050128 
cv038_9749.txt pos pos:0.842742620632341 neg:0.15725737936765902 
cv858_18819.txt pos pos:0.9974296902509724 neg:0.002570309749027681 
cv702_12371.txt neg neg:0.8166259340795669 pos:0.18337406592043307 
cv744_10038.txt pos pos:0.994266010597015 neg:0.0057339894029848175 
cv757_10189.txt pos pos:0.702230583224451 neg:0.2977694167755491 
cv081_18241.txt neg neg:0.8630937799242874 pos:0.13690622007571263 
cv552_10016.txt pos pos:0.9567117110012102 neg:0.0432882889987898 
cv321_12843.txt pos neg:0.7081873966446454 pos:0.29181260335535475 
cv667_19672.txt neg neg:0.997633809930247 pos:0.002366190069752979 
cv954_18628.txt pos pos:0.8687339155621467 neg:0.13126608443785318 
cv332_17997.txt neg neg:0.9999341258422764 pos:6.587415772350505E-5 
cv311_17708.txt neg pos:0.9895023292118578 neg:0.01049767078814228 
cv315_12638.txt neg neg:0.957378125676949 pos:0.04262187432305102 
cv747_16556.txt pos pos:0.7597034379786056 neg:0.24029656202139432 
cv017_22464.txt pos pos:0.9999959403063884 neg:4.059693611611214E-6 
cv923_11051.txt pos pos:0.9992410502536723 neg:7.589497463277253E-4 
cv406_21020.txt pos pos:0.9992417176929239 neg:7.582823070759796E-4 
cv241_24602.txt neg neg:0.6068753392119833 pos:0.3931246607880168 
cv389_9611.txt neg neg:0.999524953090988 pos:4.7504690901202745E-4 
cv932_13401.txt pos neg:0.9999998821493442 pos:1.1785065581502887E-7 
cv183_19826.txt neg neg:0.9300788869716412 pos:0.06992111302835885 
cv427_10825.txt pos pos:0.9151002795853219 neg:0.08489972041467811 
cv396_19127.txt neg pos:0.9959579156744373 neg:0.00404208432556269 
cv948_24606.txt pos pos:0.9599481725317571 neg:0.04005182746824288 
cv419_14799.txt neg neg:0.9991698309470585 pos:8.30169052941532E-4 
cv030_21593.txt pos pos:0.9963892372780699 neg:0.0036107627219300743 
cv278_13041.txt pos neg:0.9995004064489 pos:4.995935511000367E-4 
cv163_10052.txt pos pos:0.9882858423379367 neg:0.011714157662063312 
cv874_11236.txt pos pos:0.9010567249349363 neg:0.09894327506506376 
cv583_29465.txt neg neg:0.8961494997913493 pos:0.10385050020865075 
cv581_20790.txt neg neg:0.6912686799874774 pos:0.30873132001252257 
cv016_4348.txt neg neg:0.9999371544784375 pos:6.284552156261356E-5 
cv973_10066.txt pos pos:0.9999922192667552 neg:7.780733244677888E-6 
cv065_16909.txt neg neg:0.9999478012182978 pos:5.219878170209337E-5 
cv671_5054.txt pos pos:0.9463479737453045 neg:0.053652026254695534 
cv530_16212.txt pos pos:0.9267297440091246 neg:0.07327025599087532 
cv149_15670.txt pos pos:0.8264252329975262 neg:0.17357476700247376 
cv068_13400.txt pos neg:0.9785444710713959 pos:0.02145552892860418 
cv719_5581.txt neg neg:0.9986403374289259 pos:0.0013596625710741708 
cv943_23547.txt neg neg:0.9894503516699847 pos:0.010549648330015338 
cv791_17995.txt neg neg:0.9569309739907673 pos:0.04306902600923257 
cv930_14949.txt neg neg:0.9995757578272465 pos:4.2424217275346314E-4 
cv167_16376.txt pos pos:0.998090997910454 neg:0.0019090020895460625 
cv635_0984.txt neg neg:0.9646986082327705 pos:0.03530139176722949 
cv253_10190.txt neg neg:0.9999956572513535 pos:4.342748646425792E-6 
cv234_22123.txt neg neg:0.9999756420861637 pos:2.4357913836220326E-5 
cv254_5870.txt neg neg:0.9990871427480167 pos:9.128572519834317E-4 
cv440_15243.txt pos pos:0.9967508439458569 neg:0.0032491560541430247 
cv738_10287.txt neg neg:0.999999303206316 pos:6.967936838926733E-7 
cv295_15570.txt pos neg:0.9896038072032477 pos:0.010396192796752248 
cv465_23401.txt neg neg:0.9948494657398755 pos:0.005150534260124508 
cv580_15681.txt neg pos:0.7368830232275395 neg:0.2631169767724605 
cv123_11182.txt pos pos:0.9997227444130112 neg:2.7725558698879466E-4 
cv477_22479.txt pos pos:0.9990478416833295 neg:9.521583166705332E-4 
cv256_14740.txt pos pos:0.9999980948370707 neg:1.9051629294146367E-6 
cv445_26683.txt neg pos:0.7410039198116247 neg:0.25899608018837533 
cv303_27366.txt neg neg:0.8932684030129311 pos:0.10673159698706887 
cv714_19704.txt neg pos:0.7364060067018116 neg:0.2635939932981885 
cv903_18981.txt neg pos:0.6238805694466439 neg:0.376119430553356 
cv942_17082.txt pos neg:0.75974218862088 pos:0.24025781137911983 
cv273_28961.txt neg pos:0.5316941232651521 neg:0.4683058767348479 
cv608_23231.txt pos pos:0.9061310952816812 neg:0.09386890471831871 
cv900_10331.txt pos pos:0.9987727312136914 neg:0.0012272687863086067 
cv487_11058.txt neg neg:0.7102609779532766 pos:0.28973902204672336 
cv577_28220.txt neg neg:0.9616702736003307 pos:0.03832972639966922 
cv938_10706.txt neg neg:0.9892098888860984 pos:0.010790111113901612 
cv730_10729.txt neg neg:0.996177276528145 pos:0.003822723471854989 
cv714_18502.txt pos neg:0.9990541055570891 pos:9.458944429108427E-4 
cv733_9891.txt neg neg:0.9968842879998483 pos:0.0031157120001515945 
cv732_12245.txt pos pos:0.9982679813238762 neg:0.001732018676123846 
cv844_13890.txt neg neg:0.9600440259472421 pos:0.03995597405275783 
cv733_9839.txt pos pos:0.9997691846614942 neg:2.308153385057468E-4 
cv446_11353.txt pos neg:0.9582448116805785 pos:0.041755188319421405 
cv793_15235.txt neg neg:0.9943669285952813 pos:0.005633071404718674 
cv602_8300.txt pos pos:0.9090616405706073 neg:0.09093835942939262 
cv836_14311.txt neg neg:0.9997426939187384 pos:2.573060812616847E-4 
cv628_20758.txt neg neg:0.999441293586949 pos:5.58706413051091E-4 
cv998_15691.txt neg neg:0.9613332963784951 pos:0.03866670362150495 
cv683_13047.txt neg neg:0.9989009121258939 pos:0.001099087874105982 
cv792_3257.txt neg neg:0.8695239565140606 pos:0.13047604348593947 
cv251_22636.txt pos pos:0.9837915208143249 neg:0.01620847918567506 
cv434_5793.txt pos neg:0.9708100097554255 pos:0.029189990244574457 
cv268_20288.txt neg neg:0.9999976703738311 pos:2.3296261688209936E-6 
cv679_28559.txt pos pos:0.9896900619948672 neg:0.010309938005132713 
cv282_6833.txt neg pos:0.6866872249856384 neg:0.3133127750143616 
cv081_16582.txt pos pos:0.9967535574715548 neg:0.0032464425284451253 
cv870_16348.txt pos pos:0.9879689394530891 neg:0.012031060546910959 
cv420_28631.txt neg neg:0.9999997680784527 pos:2.3192154718013455E-7 
cv759_15091.txt neg neg:0.9986867426874472 pos:0.0013132573125527664 
cv632_9610.txt pos pos:0.9999404217353323 neg:5.9578264667741524E-5 
cv993_29565.txt neg neg:0.9998248827727535 pos:1.7511722724647142E-4 
cv613_23104.txt neg neg:0.999960895087935 pos:3.9104912065025844E-5 
cv265_10814.txt pos pos:0.9983713951816072 neg:0.0016286048183927584 
cv373_21872.txt neg neg:0.9989971649629822 pos:0.0010028350370178648 
cv126_28971.txt pos neg:0.6932687644614711 pos:0.3067312355385289 
cv691_5090.txt neg neg:0.9999333383693788 pos:6.666163062123549E-5 
cv543_5107.txt neg neg:0.9906982477295052 pos:0.009301752270494882 
cv017_23487.txt neg pos:0.5712864664734183 neg:0.4287135335265817 
cv772_12119.txt pos pos:0.9385275106756814 neg:0.061472489324318653 
cv792_3832.txt pos neg:0.9768724018285968 pos:0.023127598171403262 
cv113_23102.txt pos pos:0.9999908059206631 neg:9.19407933676452E-6 
cv346_19198.txt neg neg:0.9999950149605414 pos:4.9850394586749145E-6 
cv720_5383.txt neg pos:0.9824164941701408 neg:0.017583505829859153 
cv500_10251.txt pos pos:0.9984537959020753 neg:0.0015462040979247781 
cv855_22134.txt neg neg:0.9040506934515335 pos:0.09594930654846646 
cv482_11233.txt neg neg:0.878712839927938 pos:0.1212871600720619 
cv928_9168.txt pos pos:0.9996707516214332 neg:3.2924837856692014E-4 
cv260_13959.txt pos neg:0.9980138205979174 pos:0.001986179402082573 
cv489_17906.txt pos neg:0.9927345961459821 pos:0.007265403854017866 
cv137_17020.txt neg pos:0.9884957756856617 neg:0.01150422431433834 
cv274_26379.txt neg neg:0.997573695006307 pos:0.0024263049936930573 
cv342_20917.txt neg neg:0.9999326467456789 pos:6.735325432099215E-5 
cv680_10533.txt neg neg:0.9999972268267938 pos:2.773173206148999E-6 
cv957_8737.txt pos pos:0.9935861834574918 neg:0.006413816542508288 
cv769_8565.txt neg pos:0.8079448931192083 neg:0.19205510688079172 
cv994_12270.txt pos pos:0.9585931831933645 neg:0.0414068168066354 
cv382_8393.txt neg neg:0.9983348556733748 pos:0.0016651443266252582 
cv026_29229.txt neg neg:0.999920373260566 pos:7.962673943394623E-5 
cv217_28842.txt pos neg:0.7233796708647632 pos:0.27662032913523676 
cv529_10972.txt neg pos:0.9496684374428347 neg:0.05033156255716535 
cv415_22517.txt pos pos:0.7408163910644965 neg:0.25918360893550346 
cv825_5063.txt pos neg:0.7899407539152814 pos:0.2100592460847187 
cv392_12238.txt neg neg:0.8649024311472009 pos:0.1350975688527991 
cv895_21022.txt pos pos:0.9850945960124787 neg:0.014905403987521363 
cv056_13133.txt pos neg:0.9439756326491553 pos:0.05602436735084475 
cv268_18834.txt pos pos:0.500403957111067 neg:0.499596042888933 
cv710_22577.txt pos pos:0.6547324541676388 neg:0.34526754583236124 
cv032_22550.txt pos pos:0.9999968094230327 neg:3.1905769673354343E-6 
cv561_9484.txt neg neg:0.9779177606877477 pos:0.02208223931225235 
cv485_26649.txt pos pos:0.9972307391595907 neg:0.002769260840409358 
cv541_28683.txt neg neg:0.9923968509746481 pos:0.007603149025351859 
cv874_12182.txt neg neg:0.9997925952464897 pos:2.0740475351028022E-4 
cv442_13846.txt pos neg:0.9786228502921898 pos:0.021377149707810187 
cv614_10626.txt pos pos:0.9994688183517165 neg:5.311816482835087E-4 
cv348_19207.txt neg neg:0.9969888052581796 pos:0.00301119474182051 
cv119_9867.txt pos neg:0.9858960655996117 pos:0.014103934400388152 
cv037_19798.txt neg neg:0.9994638228348232 pos:5.361771651768971E-4 
cv883_27751.txt pos neg:0.581131225721015 pos:0.41886877427898495 
cv537_12370.txt pos neg:0.9339453047035498 pos:0.0660546952964501 
cv673_24714.txt pos pos:0.9952420162248458 neg:0.00475798377515415 
cv594_11945.txt neg neg:0.9709048114407227 pos:0.02909518855927714 
cv717_15953.txt pos pos:0.9199469594799642 neg:0.08005304052003584 
cv879_14903.txt pos pos:0.999031112093035 neg:9.688879069651039E-4 
cv739_11209.txt pos pos:0.8455238088266346 neg:0.1544761911733653 
cv729_10475.txt neg pos:0.8963823894915947 neg:0.10361761050840536 
cv894_2068.txt pos pos:0.9999799150447921 neg:2.008495520798106E-5 
cv387_12391.txt neg neg:0.727840625675844 pos:0.27215937432415616 
cv494_17389.txt pos pos:0.998852319206291 neg:0.00114768079370887 
cv340_14776.txt neg pos:0.6714317771757344 neg:0.3285682228242655 
cv305_9946.txt pos pos:0.6893804732929278 neg:0.31061952670707227 
cv474_10682.txt neg pos:0.5046349174075647 neg:0.4953650825924353 
cv043_16808.txt neg neg:0.9999745430713817 pos:2.5456928618425626E-5 
cv530_17949.txt neg neg:0.9997932590515713 pos:2.067409484285753E-4 
cv500_10722.txt neg neg:0.9996051796609422 pos:3.948203390578746E-4 
cv516_12117.txt neg pos:0.7648036035488436 neg:0.2351963964511565 
cv379_23167.txt neg neg:0.9998498524639016 pos:1.501475360984523E-4 
cv501_11657.txt pos pos:0.9999992786931571 neg:7.213068428748953E-7 
cv664_4264.txt neg neg:0.9679065146405214 pos:0.032093485359478535 
cv726_4365.txt neg neg:0.9997879561247309 pos:2.120438752691307E-4 
cv963_6895.txt pos neg:0.9999572347984981 pos:4.276520150185822E-5 
cv825_5168.txt neg neg:0.9991870922401173 pos:8.129077598827336E-4 
cv085_15286.txt neg neg:0.9911201161104178 pos:0.008879883889582139 
cv276_17126.txt neg neg:0.6808617132450789 pos:0.3191382867549211 
cv263_20693.txt neg neg:0.9606466451990542 pos:0.0393533548009458 
cv838_24728.txt pos neg:0.5529639484142606 pos:0.4470360515857395 
cv525_16122.txt pos pos:0.7896396916133532 neg:0.21036030838664663 
cv098_17021.txt neg neg:0.6771848103034588 pos:0.32281518969654116 
cv001_18431.txt pos pos:0.997299938606008 neg:0.0027000613939919564 
cv627_11620.txt pos pos:0.8229061123568312 neg:0.17709388764316883 
cv016_4659.txt pos pos:0.999472737133366 neg:5.272628666340002E-4 
cv921_12747.txt pos pos:0.9676838279370485 neg:0.032316172062951405 
cv976_10267.txt pos pos:0.9914400440720681 neg:0.008559955927931932 
cv134_22246.txt pos pos:0.9999992758221554 neg:7.241778446751054E-7 
cv295_17060.txt neg neg:0.9996167969372773 pos:3.8320306272261056E-4 
cv812_19051.txt neg neg:0.9820447748864647 pos:0.017955225113535343 
cv452_5179.txt neg neg:0.8625593755397083 pos:0.13744062446029165 
cv756_22540.txt pos pos:0.5824226006433242 neg:0.4175773993566758 
cv399_2877.txt pos pos:0.9933916825601992 neg:0.0066083174398008085 
cv441_13711.txt pos pos:0.9232463516770624 neg:0.07675364832293763 
cv317_24049.txt pos pos:0.9999935907627008 neg:6.409237299118318E-6 
cv715_19246.txt neg neg:0.9999933895483764 pos:6.610451623664281E-6 
cv540_3421.txt pos pos:0.7626112250313642 neg:0.2373887749686358 
cv437_22849.txt pos pos:0.9999890776308198 neg:1.092236918014369E-5 
cv217_28707.txt neg neg:0.999987813709988 pos:1.218629001185987E-5 
cv827_18331.txt pos pos:0.9063015758973925 neg:0.0936984241026076 
cv915_8841.txt pos pos:0.9667692882155963 neg:0.03323071178440368 
cv166_11959.txt neg neg:0.9956344681920419 pos:0.004365531807958027 
cv143_21158.txt neg neg:0.9997478254151227 pos:2.5217458487716485E-4 
cv732_13092.txt neg pos:0.9957582581652324 neg:0.00424174183476761 
cv076_24945.txt pos neg:0.9984314076729426 pos:0.0015685923270574273 
cv100_12406.txt neg neg:0.9997067878182695 pos:2.9321218173053486E-4 
cv775_17966.txt neg neg:0.9999998597762741 pos:1.4022372583106053E-7 
cv847_1941.txt pos pos:0.931718654952837 neg:0.068281345047163 
cv843_15544.txt pos pos:0.999825073886936 neg:1.7492611306399266E-4 
cv991_18645.txt pos pos:0.7059731400030678 neg:0.2940268599969322 
Trial 0 Trainer MaxEntTrainer,gaussianPriorVariance=1.0 Training Data Confusion Matrix
Confusion Matrix, row=true, column=predicted  accuracy=1.0
  label   0   1  |total
  0 neg 900   .  |900
  1 pos   . 900  |900

Trial 0 Trainer MaxEntTrainer,gaussianPriorVariance=1.0 training data accuracy= 1.0
Trial 0 Trainer MaxEntTrainer,gaussianPriorVariance=1.0 Test Data Confusion Matrix
Confusion Matrix, row=true, column=predicted  accuracy=0.785
  label   0   1  |total
  0 neg  81  19  |100
  1 pos  24  76  |100

Trial 0 Trainer MaxEntTrainer,gaussianPriorVariance=1.0 test data accuracy= 0.785

MaxEntTrainer,gaussianPriorVariance=1.0
Summary. train accuracy mean = 1.0 stddev = 0.0 stderr = 0.0
Summary. test accuracy mean = 0.785 stddev = 0.0 stderr = 0.0
