
-------------------- Trial 0  --------------------

Trial 0 Training MaxEntTrainer,gaussianPriorVariance=1.0 with 1800 instances
Trial 0 Training MaxEntTrainer,gaussianPriorVariance=1.0 finished
Trial 0 Trainer MaxEntTrainer,gaussianPriorVariance=1.0
 Raw Testing Data
cv998_14111.txt pos pos:0.9634148895932575 neg:0.03658511040674239 
cv383_14662.txt neg neg:0.6346835604306249 pos:0.36531643956937515 
cv051_10751.txt neg neg:0.9934622622820829 pos:0.006537737717917128 
cv652_13972.txt pos pos:0.9993042019836614 neg:6.957980163386978E-4 
cv394_5311.txt neg neg:0.9098900117493421 pos:0.09010998825065797 
cv338_8821.txt pos pos:0.8204588345555643 neg:0.17954116544443566 
cv758_9740.txt neg neg:0.9919281023450994 pos:0.00807189765490063 
cv100_11528.txt pos pos:0.9999483024769368 neg:5.169752306327439E-5 
cv457_19546.txt neg neg:0.9812479536976272 pos:0.018752046302372795 
cv600_25043.txt neg neg:0.8658269331331279 pos:0.13417306686687216 
cv836_12968.txt pos pos:0.9944628924323073 neg:0.0055371075676926805 
cv222_18720.txt neg neg:0.9861286818668779 pos:0.01387131813312223 
cv240_15948.txt neg neg:0.6292945354250576 pos:0.37070546457494236 
cv192_14395.txt pos pos:0.9999796896628751 neg:2.0310337124815504E-5 
cv215_23246.txt neg neg:0.8166790076745815 pos:0.1833209923254186 
cv813_6649.txt neg neg:0.9802750277733597 pos:0.019724972226640207 
cv856_28882.txt neg neg:0.9206568493899316 pos:0.07934315061006843 
cv677_18938.txt neg pos:0.7814424981809139 neg:0.2185575018190862 
cv127_14711.txt pos neg:0.9819096504089722 pos:0.018090349591027816 
cv447_27334.txt neg neg:0.9997537676793631 pos:2.4623232063689104E-4 
cv841_3367.txt neg neg:0.8810465753811662 pos:0.11895342461883376 
cv660_23140.txt neg neg:0.9994972240109188 pos:5.027759890813285E-4 
cv765_20429.txt neg neg:0.999905499439171 pos:9.450056082914199E-5 
cv694_4876.txt pos neg:0.5252663757977829 pos:0.4747336242022171 
cv187_12829.txt pos pos:0.9985311284009197 neg:0.0014688715990803345 
cv084_13566.txt pos neg:0.8160832146401603 pos:0.18391678535983974 
cv655_11154.txt pos neg:0.9813930922614778 pos:0.01860690773852217 
cv976_10724.txt neg neg:0.7718213643828796 pos:0.22817863561712037 
cv740_12445.txt pos pos:0.8657024698498467 neg:0.1342975301501533 
cv878_17204.txt neg neg:0.9452277038524053 pos:0.05477229614759469 
cv885_12318.txt pos pos:0.9206276135849107 neg:0.07937238641508933 
cv316_6370.txt pos pos:0.5944845539496858 neg:0.4055154460503141 
cv711_11665.txt pos pos:0.9962020580201023 neg:0.0037979419798976045 
cv864_3416.txt pos pos:0.9549250333705129 neg:0.04507496662948699 
cv896_16071.txt pos pos:0.9977788792354029 neg:0.0022211207645970975 
cv753_10875.txt pos pos:0.9919923671153462 neg:0.00800763288465375 
cv614_11320.txt neg neg:0.9999483691594904 pos:5.1630840509600605E-5 
cv363_29273.txt neg pos:0.9906643791076408 neg:0.009335620892359103 
cv734_22821.txt neg pos:0.8055246595489537 neg:0.1944753404510463 
cv237_20635.txt neg pos:0.9993172852173011 neg:6.827147826988638E-4 
cv059_28723.txt neg neg:0.9837862107177758 pos:0.016213789282224146 
cv863_7424.txt pos pos:0.9970995814308303 neg:0.002900418569169745 
cv357_13156.txt pos pos:0.6304592130581147 neg:0.36954078694188536 
cv175_7375.txt neg neg:0.999532824599676 pos:4.6717540032388966E-4 
cv283_11963.txt neg neg:0.8949644088196534 pos:0.10503559118034654 
cv254_6027.txt pos pos:0.7754467825025514 neg:0.22455321749744872 
cv761_13769.txt neg neg:0.9158371129921469 pos:0.08416288700785318 
cv615_14182.txt pos pos:0.7574813946016896 neg:0.24251860539831036 
cv095_28892.txt pos neg:0.7820887706744554 pos:0.21791122932554452 
cv513_6923.txt pos pos:0.9016504368528652 neg:0.09834956314713482 
cv490_17872.txt pos pos:0.999917313545822 neg:8.268645417794178E-5 
cv358_11557.txt neg neg:0.9525826763993107 pos:0.047417323600689364 
cv010_29198.txt pos neg:0.8253424257051531 pos:0.17465757429484674 
cv221_2695.txt pos neg:0.597793180014696 pos:0.402206819985304 
cv665_29538.txt pos pos:0.6793900984000283 neg:0.3206099015999717 
cv521_15828.txt pos pos:0.9904301810605775 neg:0.009569818939422674 
cv801_25228.txt pos pos:0.9991742970483314 neg:8.257029516687299E-4 
cv400_20631.txt neg pos:0.9562174880078023 neg:0.04378251199219772 
cv610_24153.txt neg pos:0.9186088853548114 neg:0.08139111464518853 
cv158_10914.txt neg neg:0.9965161883735328 pos:0.0034838116264671428 
cv621_15984.txt neg neg:0.99996098054588 pos:3.901945411990942E-5 
cv200_2915.txt pos neg:0.861906533301592 pos:0.13809346669840808 
cv990_11591.txt pos pos:0.9995682480611573 neg:4.317519388426376E-4 
cv663_14484.txt neg neg:0.8717370350799839 pos:0.12826296492001615 
cv770_10451.txt pos pos:0.9999973198636287 neg:2.680136371181405E-6 
cv063_28852.txt neg neg:0.9997579437089572 pos:2.4205629104287683E-4 
cv842_5702.txt neg neg:0.9999991981571393 pos:8.018428605618681E-7 
cv505_12926.txt neg neg:0.9999562476647316 pos:4.375233526840856E-5 
cv108_15571.txt pos pos:0.9836212782037393 neg:0.01637872179626068 
cv186_2396.txt neg neg:0.9979757176350486 pos:0.002024282364951332 
cv312_29377.txt pos pos:0.6197513521164908 neg:0.3802486478835092 
cv962_9813.txt neg neg:0.9994575171675243 pos:5.424828324756473E-4 
cv110_27832.txt neg pos:0.5699760548858515 neg:0.4300239451141486 
cv244_21649.txt pos neg:0.6486882473579085 pos:0.3513117526420915 
cv542_20359.txt neg pos:0.9055226565905516 neg:0.09447734340944834 
cv429_7439.txt pos pos:0.9988313201483578 neg:0.0011686798516422094 
cv873_19937.txt neg neg:0.9969007292136707 pos:0.003099270786329312 
cv881_13254.txt pos neg:0.895553388329537 pos:0.10444661167046289 
cv538_28667.txt pos pos:0.9858607555567809 neg:0.014139244443219082 
cv927_11471.txt neg neg:0.7430260384792426 pos:0.2569739615207573 
cv868_12799.txt neg pos:0.6940474357234285 neg:0.3059525642765716 
cv668_18848.txt neg neg:0.9933667252857215 pos:0.006633274714278503 
cv658_11186.txt neg neg:0.9999673490986517 pos:3.265090134832632E-5 
cv269_21732.txt pos neg:0.5861259119057923 pos:0.41387408809420767 
cv551_10565.txt pos pos:0.998554894835591 neg:0.0014451051644091043 
cv770_11061.txt neg neg:0.9999977821947118 pos:2.2178052881827947E-6 
cv966_28832.txt pos neg:0.9683843696691927 pos:0.03161563033080741 
cv676_21090.txt pos pos:0.9999617669194204 neg:3.823308057961012E-5 
cv669_22995.txt pos pos:0.999931428959171 neg:6.857104082899065E-5 
cv670_2666.txt neg neg:0.9695380397885076 pos:0.0304619602114923 
cv972_26837.txt neg pos:0.9999901049625508 neg:9.895037449220697E-6 
cv760_8977.txt neg neg:0.9998051130090382 pos:1.9488699096176994E-4 
cv979_2029.txt neg neg:0.8555904538951143 pos:0.14440954610488563 
cv604_23339.txt neg neg:0.9786444468090886 pos:0.0213555531909114 
cv467_25773.txt pos pos:0.5639348544400514 neg:0.4360651455599485 
cv593_10987.txt pos pos:0.7581136790997514 neg:0.24188632090024864 
cv680_10160.txt pos pos:0.7458230543529536 neg:0.25417694564704635 
cv743_17023.txt neg pos:0.5941617974820085 neg:0.4058382025179916 
cv330_29809.txt pos neg:0.9758218507726653 pos:0.02417814922733469 
cv496_10530.txt pos pos:0.9836250612896376 neg:0.016374938710362583 
cv890_3977.txt pos pos:0.9960061118298705 neg:0.003993888170129464 
cv194_12079.txt pos neg:0.9959094007517016 pos:0.004090599248298403 
cv151_15771.txt pos pos:0.7180024674264124 neg:0.2819975325735876 
cv567_29420.txt neg neg:0.9941669580912373 pos:0.005833041908762727 
cv902_13217.txt neg neg:0.9999692290812943 pos:3.07709187057763E-5 
cv650_14340.txt pos pos:0.9999027728098507 neg:9.722719014921081E-5 
cv655_12055.txt neg neg:0.969699459720999 pos:0.030300540279000965 
cv554_14678.txt neg neg:0.6156358540507706 pos:0.38436414594922946 
cv321_14191.txt neg pos:0.5427722309843043 neg:0.45722776901569584 
cv323_29633.txt neg neg:0.9999979245719357 pos:2.0754280642302462E-6 
cv136_12384.txt neg neg:0.9875770030869839 pos:0.012422996913016047 
cv112_12178.txt neg pos:0.9631899860249565 neg:0.036810013975043604 
cv371_7630.txt pos pos:0.9902692189179284 neg:0.009730781082071538 
cv946_20084.txt neg neg:0.9999993855153112 pos:6.144846887259641E-7 
cv653_19583.txt pos pos:0.9999823530338481 neg:1.7646966151795127E-5 
cv970_19532.txt neg neg:0.998627767984499 pos:0.0013722320155008108 
cv369_14245.txt neg neg:0.9846159097976996 pos:0.015384090202300273 
cv389_9369.txt pos neg:0.956574397750604 pos:0.043425602249396 
cv265_11625.txt neg neg:0.999412929967948 pos:5.870700320520277E-4 
cv069_10801.txt pos pos:0.9944218420426856 neg:0.005578157957314567 
cv083_24234.txt pos neg:0.9979520059013464 pos:0.002047994098653623 
cv139_14236.txt neg neg:0.9999907922808913 pos:9.207719108706086E-6 
cv093_13951.txt pos pos:0.986878721368298 neg:0.013121278631701986 
cv546_12723.txt neg neg:0.9142250449644211 pos:0.08577495503557897 
cv234_20643.txt pos neg:0.8519783812758915 pos:0.14802161872410835 
cv361_28944.txt pos pos:0.6095231608504178 neg:0.39047683914958226 
cv439_15970.txt pos pos:0.9988965806751076 neg:0.0011034193248925495 
cv388_12810.txt neg pos:0.9988859745235406 neg:0.0011140254764593382 
cv789_12991.txt neg pos:0.9892897516364217 neg:0.010710248363578404 
cv219_18626.txt pos neg:0.604839443388066 pos:0.395160556611934 
cv864_3087.txt neg neg:0.9961100598992627 pos:0.00388994010073733 
cv353_19197.txt neg pos:0.9416394886478258 neg:0.05836051135217425 
cv252_23779.txt pos pos:0.9885732128496267 neg:0.011426787150373279 
cv227_25406.txt neg neg:0.9986526650400602 pos:0.0013473349599398114 
cv947_10601.txt pos pos:0.6583163051490055 neg:0.3416836948509944 
cv513_7236.txt neg neg:0.9999679684935606 pos:3.203150643945801E-5 
cv025_3108.txt pos pos:0.9794443253173514 neg:0.020555674682648725 
cv128_29627.txt pos pos:0.9913740974480794 neg:0.008625902551920544 
cv517_19219.txt pos pos:0.9980324950692548 neg:0.001967504930745114 
cv690_5425.txt neg pos:0.8769054089959877 neg:0.12309459100401232 
cv950_12350.txt pos pos:0.995641275776649 neg:0.004358724223351081 
cv211_9953.txt pos pos:0.999999867318656 neg:1.3268134404840314E-7 
cv642_29867.txt pos pos:0.949267652204726 neg:0.05073234779527412 
cv636_16954.txt neg neg:0.9999540884966382 pos:4.591150336174153E-5 
cv332_16307.txt pos pos:0.9999985427156353 neg:1.457284364709254E-6 
cv907_3541.txt pos pos:0.9924671832957926 neg:0.00753281670420728 
cv246_28807.txt pos pos:0.9958716809892827 neg:0.004128319010717323 
cv164_22447.txt pos pos:0.8991535683181259 neg:0.10084643168187406 
cv924_29540.txt pos pos:0.9899474620119116 neg:0.010052537988088214 
cv749_17765.txt pos pos:0.9991314765955595 neg:8.685234044405255E-4 
cv289_6239.txt neg neg:0.8281304730230438 pos:0.17186952697695618 
cv796_17243.txt neg neg:0.908874073521958 pos:0.09112592647804199 
cv413_7893.txt neg neg:0.999945969977405 pos:5.403002259505103E-5 
cv781_5358.txt neg neg:0.9999280343613443 pos:7.19656386558328E-5 
cv142_22516.txt pos pos:0.9995845608627408 neg:4.154391372591259E-4 
cv544_5108.txt pos pos:0.7040806788983743 neg:0.2959193211016258 
cv003_11664.txt pos pos:0.9999942097268293 neg:5.790273170677781E-6 
cv568_17065.txt neg neg:0.9630177721792242 pos:0.03698222782077584 
cv319_14727.txt pos pos:0.9989167049297203 neg:0.0010832950702797052 
cv040_8276.txt pos pos:0.7286819115162007 neg:0.27131808848379935 
cv189_24248.txt neg neg:0.9736035624846018 pos:0.026396437515398306 
cv111_11473.txt pos neg:0.6572152111576264 pos:0.3427847888423737 
cv601_23453.txt pos pos:0.999576015721227 neg:4.2398427877296627E-4 
cv616_29319.txt pos pos:0.8308446942583959 neg:0.16915530574160417 
cv942_18509.txt neg neg:0.9947030509146997 pos:0.005296949085300288 
cv203_19052.txt neg neg:0.5299805528631151 pos:0.4700194471368849 
cv145_11472.txt pos neg:0.6942627412489698 pos:0.30573725875103025 
cv837_27325.txt pos pos:0.999829743362775 neg:1.702566372249775E-4 
cv794_15868.txt pos neg:0.9788597397915827 pos:0.021140260208417274 
cv992_12806.txt neg neg:0.874435644586674 pos:0.12556435541332603 
cv835_19159.txt pos neg:0.9952079349533381 pos:0.004792065046661899 
cv535_19728.txt pos pos:0.9967922115831371 neg:0.003207788416862939 
cv035_3343.txt neg pos:0.6562077975994919 neg:0.34379220240050806 
cv746_10147.txt pos pos:0.8080472870242171 neg:0.1919527129757828 
cv471_18405.txt neg neg:0.9661535881631258 pos:0.033846411836874216 
cv488_19856.txt pos pos:0.9989717495711021 neg:0.0010282504288979025 
cv426_10421.txt pos pos:0.6220597968761155 neg:0.37794020312388465 
cv952_26375.txt neg neg:0.8945870109473071 pos:0.10541298905269292 
cv142_23657.txt neg pos:0.9954420355327581 neg:0.004557964467241852 
cv319_16459.txt neg neg:0.999381559182027 pos:6.184408179730817E-4 
cv194_12855.txt neg neg:0.8521758326915214 pos:0.14782416730847867 
cv951_10926.txt pos pos:0.9999365176463483 neg:6.34823536518023E-5 
cv160_10848.txt neg neg:0.9723074060570197 pos:0.027692593942980275 
cv661_2450.txt pos pos:0.9825552691561573 neg:0.01744473084384263 
cv785_23748.txt neg neg:0.7645247685784052 pos:0.23547523142159474 
cv291_26844.txt neg neg:0.9641434048141955 pos:0.035856595185804536 
cv444_9975.txt neg pos:0.6477989467621661 neg:0.3522010532378339 
cv433_10144.txt pos pos:0.9999999999999973 neg:2.7527543263165513E-15 
cv146_19587.txt neg neg:0.9892325066528441 pos:0.010767493347155955 
cv748_14044.txt neg neg:0.9266831628669527 pos:0.0733168371330473 
cv809_5012.txt neg pos:0.6040050291696805 neg:0.39599497083031954 
cv498_9288.txt neg neg:0.994403083086703 pos:0.005596916913297075 
cv518_13331.txt pos pos:0.9791521303026809 neg:0.02084786969731896 
cv674_11593.txt neg pos:0.8164423232504019 neg:0.18355767674959816 
cv214_13285.txt neg pos:0.8856479448630472 neg:0.11435205513695279 
cv107_25639.txt neg pos:0.5853815255875611 neg:0.4146184744124388 
cv904_24353.txt pos neg:0.9999221259625171 pos:7.787403748284263E-5 
cv116_28942.txt pos neg:0.610555307020352 pos:0.38944469297964807 
cv955_25001.txt pos neg:0.9389981050864651 pos:0.061001894913534825 
cv673_25874.txt neg neg:0.9993714211402924 pos:6.285788597074914E-4 
Trial 0 Trainer MaxEntTrainer,gaussianPriorVariance=1.0 Training Data Confusion Matrix
Confusion Matrix, row=true, column=predicted  accuracy=1.0
  label   0   1  |total
  0 neg 900   .  |900
  1 pos   . 900  |900

Trial 0 Trainer MaxEntTrainer,gaussianPriorVariance=1.0 training data accuracy= 1.0
Trial 0 Trainer MaxEntTrainer,gaussianPriorVariance=1.0 Test Data Confusion Matrix
Confusion Matrix, row=true, column=predicted  accuracy=0.755
  label   0   1  |total
  0 neg  76  24  |100
  1 pos  25  75  |100

Trial 0 Trainer MaxEntTrainer,gaussianPriorVariance=1.0 test data accuracy= 0.755

MaxEntTrainer,gaussianPriorVariance=1.0
Summary. train accuracy mean = 1.0 stddev = 0.0 stderr = 0.0
Summary. test accuracy mean = 0.755 stddev = 0.0 stderr = 0.0
