
-------------------- Trial 0  --------------------

Trial 0 Training NaiveBayesTrainer with 1800 instances
Trial 0 Training NaiveBayesTrainer finished
Trial 0 Trainer NaiveBayesTrainer
 Raw Testing Data
cv195_14528.txt pos pos:0.9999665828554025 neg:3.3417144597483044E-5 
cv750_10180.txt pos pos:0.9999999999974909 neg:2.5092034198310346E-12 
cv687_22207.txt neg neg:1.0 pos:4.589525511823459E-20 
cv588_13008.txt pos pos:0.7599234217404564 neg:0.24007657825954368 
cv010_29063.txt neg pos:0.9999999103467712 neg:8.96532287576452E-8 
cv038_9749.txt pos pos:0.7251901247227778 neg:0.2748098752772222 
cv858_18819.txt pos pos:0.9999982861590135 neg:1.7138409864884672E-6 
cv702_12371.txt neg neg:0.8401224748804695 pos:0.15987752511953057 
cv744_10038.txt pos pos:0.9999885816341065 neg:1.1418365893489785E-5 
cv757_10189.txt pos pos:0.9999499271308259 neg:5.007286917413059E-5 
cv081_18241.txt neg pos:0.8652193874449295 neg:0.1347806125550705 
cv552_10016.txt pos pos:1.0 neg:1.1879301489864607E-30 
cv321_12843.txt pos pos:0.9999993391720733 neg:6.608279267099676E-7 
cv667_19672.txt neg neg:0.9152200937013764 pos:0.08477990629862352 
cv954_18628.txt pos pos:0.9994982128663203 neg:5.01787133679777E-4 
cv332_17997.txt neg neg:1.0 pos:2.659801068295112E-22 
cv311_17708.txt neg pos:0.7365456750644607 neg:0.2634543249355393 
cv315_12638.txt neg neg:0.9999959171279232 pos:4.0828720768462844E-6 
cv747_16556.txt pos pos:0.9999997085407178 neg:2.9145928213705086E-7 
cv017_22464.txt pos pos:1.0 neg:5.61900558657169E-17 
cv923_11051.txt pos pos:0.9999999999421272 neg:5.787270692665206E-11 
cv406_21020.txt pos pos:0.9931143614105687 neg:0.006885638589431274 
cv241_24602.txt neg neg:0.9999617123381072 pos:3.828766189284047E-5 
cv389_9611.txt neg neg:0.9999999579221654 pos:4.2077834557499544E-8 
cv932_13401.txt pos neg:1.0 pos:5.455973608539757E-20 
cv183_19826.txt neg neg:0.9999999999994538 pos:5.46140376455259E-13 
cv427_10825.txt pos neg:0.997510443281287 pos:0.0024895567187130465 
cv396_19127.txt neg pos:0.9998705121447117 neg:1.294878552882527E-4 
cv948_24606.txt pos pos:0.9999999152578526 neg:8.474214734846791E-8 
cv419_14799.txt neg neg:0.9999999999997329 pos:2.6703093602525835E-13 
cv030_21593.txt pos pos:0.9999999998546869 neg:1.453131973179723E-10 
cv278_13041.txt pos neg:0.9502170054822722 pos:0.049782994517727865 
cv163_10052.txt pos pos:1.0 neg:6.374913280835754E-26 
cv874_11236.txt pos pos:0.9999998047529631 neg:1.9524703690365162E-7 
cv583_29465.txt neg neg:0.992094311640854 pos:0.007905688359145908 
cv581_20790.txt neg neg:0.9999999999990921 pos:9.079615224862777E-13 
cv016_4348.txt neg neg:1.0 pos:9.055429615421252E-18 
cv973_10066.txt pos pos:0.999998407754804 neg:1.5922451959192414E-6 
cv065_16909.txt neg neg:0.9999999999999993 pos:5.994450752261219E-16 
cv671_5054.txt pos pos:0.9999910926842785 neg:8.907315721456228E-6 
cv530_16212.txt pos pos:0.9999996099681996 neg:3.9003180036078455E-7 
cv149_15670.txt pos pos:0.9999205248031836 neg:7.947519681633067E-5 
cv068_13400.txt pos neg:0.999999988508604 pos:1.1491395960084238E-8 
cv719_5581.txt neg neg:0.9999999999999998 pos:1.2702569753160026E-16 
cv943_23547.txt neg neg:0.9999999999989209 pos:1.079194737812187E-12 
cv791_17995.txt neg neg:0.9999999912414602 pos:8.758539786091098E-9 
cv930_14949.txt neg neg:0.9999999995334945 pos:4.665054962836088E-10 
cv167_16376.txt pos pos:1.0 neg:3.128131203083221E-28 
cv635_0984.txt neg neg:0.9999999988261896 pos:1.1738104484451383E-9 
cv253_10190.txt neg neg:0.9999999999460394 pos:5.396052709039488E-11 
cv234_22123.txt neg neg:0.9999999999991231 pos:8.767705885791981E-13 
cv254_5870.txt neg neg:0.9999999332079983 pos:6.67920016518683E-8 
cv440_15243.txt pos pos:0.9999999826038369 neg:1.7396163122233903E-8 
cv738_10287.txt neg neg:1.0 pos:6.600434313718421E-23 
cv295_15570.txt pos pos:0.9009703838725379 neg:0.09902961612746194 
cv465_23401.txt neg neg:0.7918243282901842 pos:0.20817567170981582 
cv580_15681.txt neg pos:0.99999997659518 neg:2.3404820075479267E-8 
cv123_11182.txt pos pos:0.9999999999999054 neg:9.464301791335308E-14 
cv477_22479.txt pos pos:0.9999999999990501 neg:9.500116248585312E-13 
cv256_14740.txt pos pos:1.0 neg:2.416547049995777E-22 
cv445_26683.txt neg neg:0.9919010564238232 pos:0.008098943576176805 
cv303_27366.txt neg pos:0.9806550793031293 neg:0.019344920696870726 
cv714_19704.txt neg neg:0.9999850522136831 pos:1.4947786317020516E-5 
cv903_18981.txt neg pos:0.5421374838514047 neg:0.45786251614859524 
cv942_17082.txt pos neg:0.9991963973556761 pos:8.036026443238613E-4 
cv273_28961.txt neg pos:0.8271268068245023 neg:0.1728731931754976 
cv608_23231.txt pos pos:0.9997718099783854 neg:2.281900216146416E-4 
cv900_10331.txt pos pos:0.9999998984586663 neg:1.015413337766848E-7 
cv487_11058.txt neg pos:0.9999999998342641 neg:1.6573584394068042E-10 
cv577_28220.txt neg neg:0.9999916614478487 pos:8.338552151371458E-6 
cv938_10706.txt neg neg:0.9999998798623291 pos:1.201376709697348E-7 
cv730_10729.txt neg neg:1.0 pos:2.339456549361039E-18 
cv714_18502.txt pos pos:1.0 neg:5.820445830328801E-24 
cv733_9891.txt neg neg:0.999999999027928 pos:9.720718739616041E-10 
cv732_12245.txt pos pos:1.0 neg:1.0516128132208846E-16 
cv844_13890.txt neg neg:0.9999999948068896 pos:5.193110338250322E-9 
cv733_9839.txt pos pos:1.0 neg:3.167425892563595E-19 
cv446_11353.txt pos neg:0.9999999837652356 pos:1.6234764354356647E-8 
cv793_15235.txt neg neg:0.9999999989305552 pos:1.0694448323777183E-9 
cv602_8300.txt pos neg:0.9914653151906534 pos:0.008534684809346533 
cv836_14311.txt neg neg:0.9999999999922893 pos:7.710778902539434E-12 
cv628_20758.txt neg neg:0.9999995878103345 pos:4.1218966544068863E-7 
cv998_15691.txt neg neg:0.9999999986774677 pos:1.3225322668782778E-9 
cv683_13047.txt neg neg:0.9937068577870753 pos:0.006293142212924557 
cv792_3257.txt neg neg:0.8192234507488412 pos:0.1807765492511589 
cv251_22636.txt pos pos:0.9999997007006861 neg:2.992993138833358E-7 
cv434_5793.txt pos neg:0.9999763051863777 pos:2.369481362225929E-5 
cv268_20288.txt neg neg:1.0 pos:2.8411859429279366E-20 
cv679_28559.txt pos neg:0.6905846621359124 pos:0.30941533786408754 
cv282_6833.txt neg neg:0.999826576098427 pos:1.7342390157296081E-4 
cv081_16582.txt pos pos:0.999999999999952 neg:4.7935721818085156E-14 
cv870_16348.txt pos pos:0.9999999999982776 neg:1.7222970377442688E-12 
cv420_28631.txt neg neg:0.9999999999999951 pos:4.899858138521538E-15 
cv759_15091.txt neg neg:0.9999930100919951 pos:6.989908004852022E-6 
cv632_9610.txt pos pos:0.999999532196573 neg:4.6780342705034434E-7 
cv993_29565.txt neg neg:0.9988033749672035 pos:0.00119662503279648 
cv613_23104.txt neg neg:0.999999999991485 pos:8.515037761430272E-12 
cv265_10814.txt pos pos:0.9999999999976337 neg:2.3663020407851233E-12 
cv373_21872.txt neg neg:1.0 pos:2.456129443926145E-18 
cv126_28971.txt pos neg:0.7223712451879386 pos:0.27762875481206134 
cv691_5090.txt neg neg:1.0 pos:5.2270026979613937E-17 
cv543_5107.txt neg neg:0.9999999621389376 pos:3.786106230404426E-8 
cv017_23487.txt neg neg:0.9999999999969669 pos:3.033122091442706E-12 
cv772_12119.txt pos pos:0.9999999997958218 neg:2.0417823175526954E-10 
cv792_3832.txt pos neg:0.9820360946295259 pos:0.017963905370474133 
cv113_23102.txt pos pos:0.9999999138956651 neg:8.610433499775547E-8 
cv346_19198.txt neg neg:0.9999999999994722 pos:5.27698656881253E-13 
cv720_5383.txt neg pos:0.993120806883225 neg:0.0068791931167749435 
cv500_10251.txt pos pos:0.9631652178008604 neg:0.03683478219913964 
cv855_22134.txt neg neg:0.9999999902737827 pos:9.726217227277793E-9 
cv482_11233.txt neg neg:0.9973992092654866 pos:0.0026007907345131994 
cv928_9168.txt pos pos:0.9998347488828457 neg:1.6525111715414773E-4 
cv260_13959.txt pos neg:0.9999781394798619 pos:2.1860520138208848E-5 
cv489_17906.txt pos neg:0.9999945001362083 pos:5.4998637916597846E-6 
cv137_17020.txt neg neg:0.9991930044598812 pos:8.069955401188103E-4 
cv274_26379.txt neg neg:1.0 pos:5.501842285082905E-25 
cv342_20917.txt neg neg:0.9999239957960473 pos:7.600420395285734E-5 
cv680_10533.txt neg neg:0.9999999999999991 pos:8.715517677252239E-16 
cv957_8737.txt pos pos:0.99999927295047 neg:7.270495300545555E-7 
cv769_8565.txt neg neg:0.5403346104257084 pos:0.4596653895742916 
cv994_12270.txt pos pos:0.9847861000086422 neg:0.01521389999135773 
cv382_8393.txt neg neg:0.998169660255152 pos:0.001830339744848077 
cv026_29229.txt neg neg:0.9999636431075303 pos:3.6356892469821436E-5 
cv217_28842.txt pos neg:0.926783437744184 pos:0.0732165622558159 
cv529_10972.txt neg pos:0.7748965923788202 neg:0.22510340762117978 
cv415_22517.txt pos pos:0.9999997989446161 neg:2.010553838418759E-7 
cv825_5063.txt pos pos:0.9039676753947079 neg:0.09603232460529207 
cv392_12238.txt neg neg:0.9652002803308732 pos:0.03479971966912671 
cv895_21022.txt pos pos:0.9931942979235469 neg:0.006805702076453139 
cv056_13133.txt pos pos:0.9463930774413709 neg:0.05360692255862899 
cv268_18834.txt pos pos:0.9722108227764954 neg:0.02778917722350459 
cv710_22577.txt pos pos:0.9999999925143964 neg:7.485603565590212E-9 
cv032_22550.txt pos pos:1.0 neg:1.0133079841400592E-20 
cv561_9484.txt neg neg:0.9999999699926505 pos:3.000734943998779E-8 
cv485_26649.txt pos pos:0.9999999990213178 neg:9.786821753815592E-10 
cv541_28683.txt neg neg:0.9999936069958818 pos:6.393004118223959E-6 
cv874_12182.txt neg neg:0.9999999999889435 pos:1.105643190961328E-11 
cv442_13846.txt pos pos:0.99999987484243 neg:1.251575699644179E-7 
cv614_10626.txt pos pos:0.8813378977688211 neg:0.11866210223117878 
cv348_19207.txt neg neg:0.9999999998778843 pos:1.2211560983196312E-10 
cv119_9867.txt pos neg:0.9999999999999993 pos:6.488687786979161E-16 
cv037_19798.txt neg neg:0.9999999999997695 pos:2.3049184855386515E-13 
cv883_27751.txt pos pos:0.9999998739680672 neg:1.2603193282887062E-7 
cv537_12370.txt pos pos:0.6738409891217144 neg:0.32615901087828564 
cv673_24714.txt pos pos:0.9999976661581488 neg:2.333841851268349E-6 
cv594_11945.txt neg pos:0.9915932693053446 neg:0.008406730694655385 
cv717_15953.txt pos pos:0.9999999894476815 neg:1.0552318355502854E-8 
cv879_14903.txt pos pos:0.9999999704868192 neg:2.951318085062429E-8 
cv739_11209.txt pos pos:1.0 neg:1.1000604180053548E-23 
cv729_10475.txt neg neg:0.999999986979875 pos:1.3020124975074423E-8 
cv894_2068.txt pos pos:0.9999998299226046 neg:1.700773953453821E-7 
cv387_12391.txt neg neg:0.9863305795092884 pos:0.01366942049071172 
cv494_17389.txt pos pos:1.0 neg:3.3384070750057106E-18 
cv340_14776.txt neg neg:0.8784215834777184 pos:0.12157841652228171 
cv305_9946.txt pos pos:0.5604866748580064 neg:0.43951332514199365 
cv474_10682.txt neg neg:0.9821332092702432 pos:0.01786679072975682 
cv043_16808.txt neg neg:0.9999999999998108 pos:1.8925137110874549E-13 
cv530_17949.txt neg neg:0.9691497915092699 pos:0.030850208490730103 
cv500_10722.txt neg neg:0.9999999999975395 pos:2.4605607181399656E-12 
cv516_12117.txt neg pos:0.9134786082932568 neg:0.0865213917067432 
cv379_23167.txt neg pos:0.999999999999472 neg:5.279678176171529E-13 
cv501_11657.txt pos pos:0.9999184132304781 neg:8.158676952198314E-5 
cv664_4264.txt neg neg:0.9999999999830389 pos:1.6961094475566672E-11 
cv726_4365.txt neg neg:0.9999999285834407 pos:7.141655940469789E-8 
cv963_6895.txt pos neg:0.9999916738397264 pos:8.326160273613357E-6 
cv825_5168.txt neg neg:0.999999576910821 pos:4.23089179089926E-7 
cv085_15286.txt neg neg:0.9999999999998275 pos:1.7246045208973983E-13 
cv276_17126.txt neg neg:0.9995801631792162 pos:4.198368207838734E-4 
cv263_20693.txt neg neg:0.9999999082437483 pos:9.175625182060021E-8 
cv838_24728.txt pos pos:0.9999999999971232 neg:2.876764393443876E-12 
cv525_16122.txt pos pos:0.997149970388733 neg:0.002850029611267052 
cv098_17021.txt neg neg:0.9999999948176799 pos:5.182320084401976E-9 
cv001_18431.txt pos pos:0.9999999944783542 neg:5.521645670707856E-9 
cv627_11620.txt pos neg:0.9999959653164967 pos:4.034683503240684E-6 
cv016_4659.txt pos neg:0.6369946461704137 pos:0.36300535382958626 
cv921_12747.txt pos pos:0.9999999213659347 neg:7.863406535403944E-8 
cv976_10267.txt pos pos:0.9956317757433863 neg:0.004368224256613491 
cv134_22246.txt pos pos:0.9999999999995131 neg:4.869885450631852E-13 
cv295_17060.txt neg neg:0.9999999395746263 pos:6.042537377639358E-8 
cv812_19051.txt neg neg:0.9999997628250653 pos:2.3717493463243954E-7 
cv452_5179.txt neg neg:0.9921529986664153 pos:0.007847001333584796 
cv756_22540.txt pos pos:0.9999997871384132 neg:2.128615867170909E-7 
cv399_2877.txt pos pos:0.999999997790816 neg:2.209183972678354E-9 
cv441_13711.txt pos pos:0.999983062978863 neg:1.693702113705916E-5 
cv317_24049.txt pos neg:0.978670898012667 pos:0.021329101987333027 
cv715_19246.txt neg neg:0.9999999999999922 pos:7.787691494764472E-15 
cv540_3421.txt pos pos:0.9999998333365898 neg:1.666634101464339E-7 
cv437_22849.txt pos pos:1.0 neg:1.3205497507999568E-19 
cv217_28707.txt neg neg:0.999999999999506 pos:4.941158365702765E-13 
cv827_18331.txt pos pos:0.9998435132919044 neg:1.564867080956857E-4 
cv915_8841.txt pos neg:0.9980283427972463 pos:0.001971657202753741 
cv166_11959.txt neg neg:0.9999967514433408 pos:3.24855665914965E-6 
cv143_21158.txt neg neg:0.9999999998798856 pos:1.2011443818359962E-10 
cv732_13092.txt neg pos:0.9999999999999893 neg:1.0757206377104306E-14 
cv076_24945.txt pos pos:0.9849889505401098 neg:0.015011049459890126 
cv100_12406.txt neg neg:0.9999999999999905 pos:9.461875133485034E-15 
cv775_17966.txt neg neg:0.9999999999995561 pos:4.4390897732228467E-13 
cv847_1941.txt pos neg:0.9767247167365595 pos:0.023275283263440492 
cv843_15544.txt pos pos:0.9999999719700688 neg:2.8029931051728026E-8 
cv991_18645.txt pos neg:0.9996226466108628 pos:3.77353389137284E-4 
Trial 0 Trainer NaiveBayesTrainer Training Data Confusion Matrix
Confusion Matrix, row=true, column=predicted  accuracy=0.945
  label   0   1  |total
  0 neg 856  44  |900
  1 pos  55 845  |900

Trial 0 Trainer NaiveBayesTrainer training data accuracy= 0.945
Trial 0 Trainer NaiveBayesTrainer Test Data Confusion Matrix
Confusion Matrix, row=true, column=predicted  accuracy=0.815
  label   0   1  |total
  0 neg  85  15  |100
  1 pos  22  78  |100

Trial 0 Trainer NaiveBayesTrainer test data accuracy= 0.815

NaiveBayesTrainer
Summary. train accuracy mean = 0.945 stddev = 0.0 stderr = 0.0
Summary. test accuracy mean = 0.815 stddev = 0.0 stderr = 0.0
