
-------------------- Trial 0  --------------------

Trial 0 Training NaiveBayesTrainer with 1800 instances
Trial 0 Training NaiveBayesTrainer finished
Trial 0 Trainer NaiveBayesTrainer
 Raw Testing Data
cv082_11979.txt neg neg:0.9993260571337802 pos:6.739428662196916E-4 
cv898_1576.txt neg neg:0.9999852835078673 pos:1.4716492132733646E-5 
cv242_11354.txt neg neg:0.9999999922443324 pos:7.755667594539281E-9 
cv693_18063.txt pos neg:0.9999542900869405 pos:4.570991305960138E-5 
cv659_21483.txt neg neg:0.9999999999997191 pos:2.808181864603847E-13 
cv636_15279.txt pos neg:0.9999999998706404 pos:1.29359572801187E-10 
cv256_16529.txt neg neg:0.9999999981345908 pos:1.865409177009129E-9 
cv347_14722.txt neg neg:0.9999982528607843 pos:1.7471392157656892E-6 
cv491_12992.txt neg neg:0.999999999972649 pos:2.7350911249959267E-11 
cv596_28311.txt pos pos:1.0 neg:8.10727586929518E-25 
cv410_25624.txt neg pos:0.9403362346750939 neg:0.05966376532490623 
cv233_15964.txt pos pos:0.9999994723285006 neg:5.276714994024602E-7 
cv831_16325.txt neg neg:0.9999412448068831 pos:5.87551931169341E-5 
cv298_24487.txt neg pos:0.8868587438140559 neg:0.11314125618594405 
cv510_23360.txt pos pos:0.981292992105171 neg:0.01870700789482916 
cv588_14467.txt neg neg:0.9999999356624777 pos:6.433752232081071E-8 
cv516_11172.txt pos neg:0.7625942346603006 pos:0.23740576533969937 
cv053_23117.txt neg neg:1.0 pos:4.814826651573215E-31 
cv923_11951.txt neg neg:1.0 pos:1.0624309214837311E-17 
cv470_15952.txt pos neg:0.9999999999130822 pos:8.691782945817029E-11 
cv327_20292.txt pos pos:1.0 neg:7.855357708966138E-19 
cv537_13516.txt neg neg:0.9999999541497705 pos:4.585022944141242E-8 
cv343_10368.txt pos pos:0.9946452036031791 neg:0.005354796396820898 
cv292_7282.txt pos pos:0.9999949616969992 neg:5.038303000756022E-6 
cv025_29825.txt neg pos:0.9726742405699393 neg:0.027325759430060804 
cv129_18373.txt neg neg:0.9999999236143294 pos:7.638567070084814E-8 
cv263_19259.txt pos neg:0.9999999983845518 pos:1.6154481153338375E-9 
cv599_22197.txt neg neg:0.9999999999956952 pos:4.304806712232315E-12 
cv015_29356.txt neg neg:0.9999999999973581 pos:2.6418571601952916E-12 
cv996_11592.txt pos pos:0.9999999664449211 neg:3.3555079031341166E-8 
cv235_10217.txt pos pos:0.9999860270856368 neg:1.3972914363265675E-5 
cv666_18963.txt pos pos:0.9999999999999811 neg:1.8813608811265168E-14 
cv365_11576.txt pos neg:0.9999957676455445 pos:4.232354455418876E-6 
cv172_12037.txt neg neg:0.9999976985524266 pos:2.3014475734136695E-6 
cv310_14568.txt neg neg:0.9999999999995943 pos:4.055953072461423E-13 
cv697_11162.txt pos pos:0.9999994256659949 neg:5.743340051838411E-7 
cv534_14083.txt pos pos:0.9998723634791484 neg:1.2763652085166479E-4 
cv622_8147.txt pos pos:0.9561359165605469 neg:0.043864083439453076 
cv362_15341.txt pos pos:0.9999999999978468 neg:2.1531064353370825E-12 
cv816_13655.txt pos neg:0.99999999765363 pos:2.3463700116491747E-9 
cv233_17614.txt neg pos:0.9949962708212836 neg:0.00500372917871627 
cv563_18610.txt neg pos:0.9706115296947123 neg:0.02938847030528779 
cv629_14909.txt pos pos:0.9998403805872305 neg:1.5961941276943965E-4 
cv020_9234.txt neg neg:0.9999999242740363 pos:7.572596365870629E-8 
cv724_15265.txt neg neg:0.9999999845642393 pos:1.5435760698503288E-8 
cv286_26156.txt neg neg:0.9999999936982102 pos:6.301789657831254E-9 
cv357_14710.txt neg neg:0.9938460020568154 pos:0.006153997943184652 
cv595_26420.txt neg neg:0.9999999999999671 pos:3.28844888513785E-14 
cv594_11039.txt pos pos:0.9996614824576379 neg:3.3851754236220163E-4 
cv572_18657.txt pos pos:0.999999999229298 neg:7.70701994326163E-10 
cv828_19831.txt pos neg:0.999999999999523 pos:4.769745446766759E-13 
cv736_24947.txt neg neg:1.0 pos:2.3688834786523014E-22 
cv447_27332.txt pos pos:0.9746240077936488 neg:0.02537599220635129 
cv397_28890.txt neg neg:1.0 pos:2.2131811463695607E-22 
cv877_29132.txt neg neg:0.9992884833236051 pos:7.11516676394925E-4 
cv688_7884.txt neg neg:0.9999999917178338 pos:8.282166225166956E-9 
cv155_7308.txt pos pos:0.9999999999999891 neg:1.0931265407285348E-14 
cv306_10364.txt pos pos:1.0 neg:6.489235313869917E-31 
cv597_26360.txt pos neg:0.9889093137021856 pos:0.011090686297814347 
cv456_20370.txt neg neg:0.9996411657677319 pos:3.5883423226825616E-4 
cv821_29283.txt neg pos:0.9812809428153173 neg:0.01871905718468267 
cv745_12773.txt pos pos:0.9999999615501655 neg:3.8449834484906315E-8 
cv882_10026.txt pos neg:0.9999963877771232 pos:3.6122228767784088E-6 
cv476_16856.txt pos pos:0.9999999999772575 neg:2.2742527685596458E-11 
cv290_11981.txt neg neg:0.999995824046967 pos:4.175953033090668E-6 
cv564_12011.txt neg pos:0.8028039625254523 neg:0.1971960374745478 
cv043_15013.txt pos pos:0.9999999999999885 neg:1.1590450100047269E-14 
cv285_18186.txt neg neg:0.996644791211347 pos:0.0033552087886530788 
cv971_10874.txt pos pos:0.9756528767377322 neg:0.024347123262267928 
cv182_7791.txt neg neg:0.9999988182241716 pos:1.18177582828516E-6 
cv450_7890.txt pos pos:0.9999999445663326 neg:5.543366748915486E-8 
cv860_13853.txt pos pos:0.9999999999278955 neg:7.210454333163127E-11 
cv779_17881.txt pos pos:0.9999953952033015 neg:4.604796698451579E-6 
cv097_24970.txt pos pos:0.9999547740360094 neg:4.522596399055056E-5 
cv665_29386.txt neg neg:0.9999997633123071 pos:2.3668769291908313E-7 
cv468_15228.txt pos pos:0.9999999999853559 neg:1.4644024546143845E-11 
cv920_29423.txt neg neg:1.0 pos:3.134197269302257E-19 
cv096_12262.txt neg pos:0.5796010857345107 neg:0.4203989142654892 
cv550_23226.txt neg neg:0.9999999416966122 pos:5.83033877230002E-8 
cv391_10802.txt pos pos:0.9999473220501478 neg:5.267794985227425E-5 
cv503_11196.txt neg neg:0.9999897361721315 pos:1.0263827868463786E-5 
cv103_11021.txt pos neg:0.9999957558075349 pos:4.244192465176712E-6 
cv590_19290.txt pos neg:0.9579168828851555 pos:0.04208311711484434 
cv457_18453.txt pos pos:1.0 neg:9.715753814065423E-23 
cv724_13681.txt pos pos:0.9999999997799545 neg:2.2004562630280872E-10 
cv344_5376.txt neg neg:0.9829643204521135 pos:0.017035679547886574 
cv416_11136.txt pos pos:0.9996337470433043 neg:3.662529566956235E-4 
cv856_29013.txt pos neg:0.9998369713353974 pos:1.6302866460253537E-4 
cv438_8043.txt pos pos:0.9997841444742194 neg:2.1585552578058754E-4 
cv607_7717.txt pos pos:0.9456514429300261 neg:0.05434855706997395 
cv184_2673.txt pos neg:0.998166842536286 pos:0.0018331574637139025 
cv862_15924.txt neg neg:0.9999997258875813 pos:2.7411241870463135E-7 
cv134_23300.txt neg neg:0.9999999999908598 pos:9.14033016601672E-12 
cv742_7751.txt pos pos:0.9999760783333245 neg:2.392166667555427E-5 
cv066_11668.txt neg neg:0.9997133551142201 pos:2.866448857798606E-4 
cv133_16336.txt pos pos:0.9993438194320401 neg:6.56180567959891E-4 
cv635_10022.txt pos pos:0.9999999999999987 neg:1.4296861549305314E-15 
cv330_29675.txt neg pos:0.9983917953555324 neg:0.0016082046444676232 
cv751_17208.txt neg pos:0.9996531051137147 neg:3.4689488628532144E-4 
cv894_22140.txt neg neg:1.0 pos:1.758856568744518E-21 
cv391_11615.txt neg neg:0.9997189565645218 pos:2.8104343547826426E-4 
cv104_19176.txt neg pos:0.9999829634861069 neg:1.703651389313952E-5 
cv044_18429.txt neg neg:0.9059917536257689 pos:0.09400824637423105 
cv313_19337.txt neg neg:0.9999982500514196 pos:1.7499485804591994E-6 
cv018_20137.txt pos neg:0.7081323449382787 pos:0.2918676550617214 
cv359_6751.txt neg pos:0.9999848621872028 neg:1.5137812797044378E-5 
cv261_11855.txt neg neg:0.9996329951822661 pos:3.6700481773399183E-4 
cv198_19313.txt neg pos:0.9787129723558722 neg:0.02128702764412794 
cv709_10529.txt pos neg:0.9999971352785316 pos:2.864721468346008E-6 
cv545_12014.txt pos pos:1.0 neg:1.1025504872692375E-21 
cv089_11418.txt pos pos:0.9641203584809018 neg:0.03587964151909826 
cv540_3092.txt neg neg:0.9999999999417886 pos:5.821141010386253E-11 
cv094_27868.txt neg pos:0.9962021121891762 neg:0.0037978878108237348 
cv837_27232.txt neg pos:0.6117161956988092 neg:0.38828380430119086 
cv342_19456.txt pos pos:0.9999955874932495 neg:4.412506750584451E-6 
cv300_23302.txt neg neg:1.0 pos:8.720130038233199E-17 
cv493_14135.txt neg neg:0.9999981187521579 pos:1.8812478419355266E-6 
cv127_16451.txt neg neg:0.999999999950901 pos:4.909901606349396E-11 
cv301_13010.txt neg pos:0.9999999999781919 neg:2.1808152756853002E-11 
cv674_10732.txt pos pos:0.9999999999999638 neg:3.622982338394767E-14 
cv250_26462.txt neg pos:0.9562137071182096 neg:0.04378629288179031 
cv356_25163.txt pos pos:0.9999996950142662 neg:3.0498573387539575E-7 
cv019_16117.txt neg neg:0.9999999941172333 pos:5.882766602145703E-9 
cv625_13518.txt neg neg:0.9999996024020752 pos:3.9759792487899256E-7 
cv845_15886.txt neg pos:0.9962042391914313 neg:0.003795760808568735 
cv464_15650.txt pos pos:0.9998405842949748 neg:1.5941570502516625E-4 
cv044_16969.txt pos neg:0.8995261702689572 pos:0.1004738297310429 
cv514_11187.txt pos neg:0.9999997407356475 pos:2.5926435250261486E-7 
cv951_11816.txt neg pos:0.9997344900756381 neg:2.655099243617602E-4 
cv444_9974.txt pos neg:0.5878964507858191 pos:0.4121035492141809 
cv915_9342.txt neg neg:0.9999999999888405 pos:1.1159604173219698E-11 
cv048_16828.txt pos pos:0.9999999997747822 neg:2.2521784011261647E-10 
cv573_29525.txt pos pos:1.0 neg:2.417579906422965E-17 
cv077_23172.txt neg neg:0.9999999998419922 pos:1.5800788195146134E-10 
cv928_9478.txt neg neg:0.9999999999999998 pos:1.306769782919469E-16 
cv033_25680.txt neg neg:0.9955050221193708 pos:0.004494977880629324 
cv723_8648.txt pos neg:0.9999831038448835 pos:1.6896155116393358E-5 
cv283_11055.txt pos pos:0.9999947913216252 neg:5.208678374810269E-6 
cv335_14665.txt pos pos:0.9999999986890267 neg:1.3109733277303264E-9 
cv299_16214.txt pos pos:0.9998553085560556 neg:1.446914439443752E-4 
cv931_18783.txt neg neg:0.6213491065302212 pos:0.3786508934697788 
cv434_5641.txt neg neg:0.9999969249530014 pos:3.075046998608802E-6 
cv401_13758.txt neg neg:0.9999999999999449 pos:5.5136908532049926E-14 
cv869_23611.txt pos pos:0.9999999999999964 neg:3.5796139266539004E-15 
cv997_5152.txt neg neg:0.9987402537837478 pos:0.0012597462162522726 
cv149_17084.txt neg neg:1.0 pos:1.8337720464268945E-19 
cv800_13494.txt neg neg:0.9942069192488768 pos:0.005793080751123088 
cv448_16409.txt neg pos:0.9779830809678867 neg:0.022016919032113298 
cv621_14368.txt pos pos:0.999872221844121 neg:1.2777815587910362E-4 
cv958_13020.txt neg neg:0.9999935025161204 pos:6.497483879671886E-6 
cv990_12443.txt neg neg:0.999999871584602 pos:1.2841539796942533E-7 
cv026_29325.txt pos pos:0.9975372706352006 neg:0.0024627293647994618 
cv180_17823.txt neg neg:0.9999999996103448 pos:3.8965515251672956E-10 
cv527_10338.txt neg pos:0.9999999998654991 neg:1.3450078756972085E-10 
cv242_10638.txt pos neg:0.9996687448442574 pos:3.312551557427356E-4 
cv454_2053.txt pos pos:0.9999959855961424 neg:4.014403857704156E-6 
cv209_29118.txt pos neg:0.9999801122244966 pos:1.988777550334563E-5 
cv994_13229.txt neg neg:0.9999999978192617 pos:2.1807382679329265E-9 
cv804_11763.txt neg pos:0.999982579310615 neg:1.7420689384951766E-5 
cv824_9335.txt neg pos:0.9982646195817828 neg:0.00173538041821716 
cv871_24888.txt pos neg:0.9999954635575571 pos:4.536442443002653E-6 
cv141_17179.txt neg neg:1.0 pos:7.031991732647539E-20 
cv118_28837.txt neg neg:0.9999999991400244 pos:8.599757501475451E-10 
cv780_8467.txt neg neg:0.9999973001366798 pos:2.6998633202457256E-6 
cv933_23776.txt pos pos:1.0 neg:1.0442011412607222E-20 
cv050_11175.txt pos neg:0.9990150624299858 pos:9.849375700142296E-4 
cv120_3793.txt neg pos:0.9994708737047211 neg:5.291262952787994E-4 
cv061_8837.txt pos pos:1.0 neg:1.0271171920916378E-27 
cv248_13987.txt pos pos:0.9999999097822055 neg:9.021779434415911E-8 
cv258_5792.txt pos neg:0.9999145335861901 pos:8.546641380985697E-5 
cv819_9364.txt pos pos:1.0 neg:1.2266992856340773E-18 
cv225_29083.txt neg neg:1.0 pos:2.5421487705320096E-27 
cv287_15900.txt pos neg:0.9999875040973909 pos:1.2495902609049405E-5 
cv250_25616.txt pos pos:0.9999999999942046 neg:5.795364138566961E-12 
cv191_29539.txt neg neg:0.9999999999424023 pos:5.7597698600089875E-11 
cv993_29737.txt pos neg:0.8261713452919877 pos:0.17382865470801223 
cv400_19220.txt pos neg:0.9975199672169083 pos:0.0024800327830916623 
cv303_27520.txt pos pos:0.9999999846509877 neg:1.5349012305803158E-8 
cv795_10122.txt pos pos:0.9999999999999993 neg:6.472888867640584E-16 
cv848_10036.txt pos pos:0.9999958356041782 neg:4.164395821782277E-6 
cv533_9821.txt pos neg:0.5665303392478568 pos:0.43346966075214316 
cv578_16825.txt neg neg:0.8673503192597136 pos:0.13264968074028638 
cv410_24266.txt pos pos:0.7420114013612722 neg:0.2579885986387279 
cv060_11754.txt neg pos:0.9989644457916065 neg:0.001035554208393595 
cv604_2230.txt pos pos:0.9998268121850739 neg:1.7318781492620287E-4 
cv086_18371.txt pos pos:0.9999999999999951 neg:4.915808351739422E-15 
cv987_7394.txt neg neg:0.9999999999952967 pos:4.7034165594293874E-12 
cv255_15267.txt neg neg:0.9999983182501698 pos:1.6817498301921772E-6 
cv557_11449.txt pos pos:0.9999999999999987 neg:1.323770068496039E-15 
cv294_11684.txt pos pos:1.0 neg:2.0041493217846528E-30 
cv147_21193.txt pos pos:0.9999999999999989 neg:1.0654584320781545E-15 
cv711_12687.txt neg neg:1.0 pos:1.915797260224499E-18 
cv429_7937.txt neg neg:0.9999944722151385 pos:5.527784861593102E-6 
cv407_22637.txt pos pos:0.9999999990430011 neg:9.569988677450157E-10 
cv196_29027.txt pos neg:0.998464040947647 pos:0.0015359590523530131 
cv491_12145.txt pos pos:0.9998091014529961 neg:1.9089854700386872E-4 
cv411_16799.txt neg pos:0.9440026273518061 neg:0.05599737264819397 
cv633_29730.txt neg neg:0.9993479692329753 pos:6.520307670246935E-4 
cv943_22488.txt pos pos:0.9999450147268487 neg:5.498527315128121E-5 
cv813_6534.txt pos pos:0.9999948462664615 neg:5.1537335384666455E-6 
Trial 0 Trainer NaiveBayesTrainer Training Data Confusion Matrix
Confusion Matrix, row=true, column=predicted  accuracy=0.9416666666666667
  label   0   1  |total
  0 neg 855  45  |900
  1 pos  60 840  |900

Trial 0 Trainer NaiveBayesTrainer training data accuracy= 0.9416666666666667
Trial 0 Trainer NaiveBayesTrainer Test Data Confusion Matrix
Confusion Matrix, row=true, column=predicted  accuracy=0.72
  label   0   1  |total
  0 neg  74  26  |100
  1 pos  30  70  |100

Trial 0 Trainer NaiveBayesTrainer test data accuracy= 0.72

NaiveBayesTrainer
Summary. train accuracy mean = 0.9416666666666667 stddev = 0.0 stderr = 0.0
Summary. test accuracy mean = 0.72 stddev = 0.0 stderr = 0.0
