
-------------------- Trial 0  --------------------

Trial 0 Training NaiveBayesTrainer with 1800 instances
Trial 0 Training NaiveBayesTrainer finished
Trial 0 Trainer NaiveBayesTrainer
 Raw Testing Data
cv623_16988.txt neg neg:1.0 pos:3.882181969929831E-26 
cv051_10306.txt pos pos:1.0 neg:2.2013493912723814E-17 
cv382_7897.txt pos pos:0.9999999906610196 neg:9.338980332379822E-9 
cv082_11080.txt pos neg:0.9999987465082193 pos:1.2534917807831251E-6 
cv791_16302.txt pos pos:0.9999999999568239 neg:4.3176212317219775E-11 
cv484_25054.txt pos neg:0.9996725295057249 pos:3.2747049427491994E-4 
cv353_18159.txt pos neg:0.9545163654045944 pos:0.0454836345954057 
cv438_8500.txt neg neg:0.9991713909046667 pos:8.286090953332466E-4 
cv124_3903.txt neg neg:0.9999999830129757 pos:1.6987024344994147E-8 
cv012_29411.txt neg neg:1.0 pos:2.4956964689991923E-18 
cv634_11101.txt pos pos:1.0 neg:1.6737878769539513E-17 
cv637_1250.txt pos neg:0.9914437700145217 pos:0.008556229985478284 
cv754_7709.txt neg neg:0.9999995568841878 pos:4.431158122536371E-7 
cv845_14290.txt pos pos:0.9993746025543415 neg:6.253974456585595E-4 
cv062_23115.txt pos pos:0.9999999999999993 neg:7.1617475019066E-16 
cv556_14808.txt pos pos:0.9999999999999396 neg:6.045787042009296E-14 
cv659_19944.txt pos pos:0.9999999999255877 neg:7.441216787905317E-11 
cv244_22935.txt neg neg:0.9999999999999891 pos:1.0878110334636714E-14 
cv877_29274.txt pos neg:0.976919381906895 pos:0.02308061809310503 
cv833_11053.txt pos pos:0.9999999984653993 neg:1.5346006629366654E-9 
cv852_27523.txt pos pos:0.9998139287424888 neg:1.8607125751121E-4 
cv960_29007.txt pos neg:0.9920655230603618 pos:0.007934476939638299 
cv579_11605.txt pos pos:0.9999995048570594 neg:4.951429405396095E-7 
cv562_10359.txt pos neg:0.9999999757668322 pos:2.4233167663628152E-8 
cv982_21103.txt pos pos:0.9999996394948337 neg:3.605051662146703E-7 
cv667_18467.txt pos pos:1.0 neg:1.5228139920402415E-35 
cv980_11851.txt neg neg:0.9999999999993645 pos:6.354474329585286E-13 
cv782_21078.txt neg neg:0.9999999999998384 pos:1.616202409858294E-13 
cv548_18944.txt neg neg:0.9999999997078906 pos:2.9210939060949745E-10 
cv116_28734.txt neg pos:0.9976499239396845 neg:0.0023500760603153738 
cv737_28733.txt neg neg:0.9999999996793925 pos:3.206074751136391E-10 
cv322_20318.txt pos pos:0.7274530539119136 neg:0.2725469460880864 
cv472_29140.txt neg pos:0.9825349296117677 neg:0.01746507038823233 
cv203_17986.txt pos pos:0.9999997713444567 neg:2.2865554327769106E-7 
cv741_12765.txt neg neg:0.9427387904821799 pos:0.05726120951782012 
cv173_4471.txt pos pos:0.9999815567340575 neg:1.844326594241369E-5 
cv612_5396.txt neg pos:0.9985381507117493 neg:0.0014618492882507422 
cv808_13773.txt neg neg:0.9985307091325427 pos:0.001469290867457231 
cv115_25396.txt pos pos:1.0 neg:9.612926680666844E-33 
cv384_18536.txt neg neg:0.7295490204060892 pos:0.27045097959391096 
cv754_7216.txt pos pos:0.999520356182311 neg:4.79643817688879E-4 
cv580_14064.txt pos neg:0.9149288489915625 pos:0.08507115100843757 
cv985_5964.txt neg neg:0.9999999999912299 pos:8.770179491354291E-12 
cv386_10080.txt pos pos:1.0 neg:1.3587145603653748E-17 
cv028_26746.txt pos neg:0.5236532497272317 pos:0.4763467502727682 
cv549_21443.txt pos pos:0.9999999999547406 neg:4.525937570063978E-11 
cv832_24713.txt neg neg:0.9999999465485101 pos:5.345149001588701E-8 
cv771_28466.txt neg neg:1.0 pos:1.0031168949690677E-23 
cv114_19501.txt neg neg:0.9999999023529309 pos:9.764706912001153E-8 
cv232_14991.txt pos pos:0.9997501883434503 neg:2.498116565497076E-4 
cv245_8569.txt pos pos:0.9999999982427428 neg:1.75725711591645E-9 
cv713_29155.txt pos pos:0.8441133400989923 neg:0.15588665990100767 
cv379_21963.txt pos pos:0.7006483364393977 neg:0.29935166356060233 
cv190_27052.txt pos pos:0.9999998531617993 neg:1.4683820077014016E-7 
cv937_9816.txt neg neg:0.9987511361145287 pos:0.0012488638854713412 
cv297_10047.txt pos pos:0.990859109663668 neg:0.009140890336332088 
cv699_7223.txt pos neg:0.9999730157372159 pos:2.6984262784145753E-5 
cv591_24887.txt neg neg:0.9999989645129217 pos:1.0354870783952052E-6 
cv151_17231.txt neg neg:0.9991166436721753 pos:8.833563278246072E-4 
cv189_22934.txt pos neg:0.9662498323854999 pos:0.03375016761450013 
cv575_22598.txt neg pos:0.9999999981035921 neg:1.8964080224345252E-9 
cv899_16014.txt pos pos:0.9999999961389656 neg:3.861034421095518E-9 
cv248_15672.txt neg neg:0.9955589268201775 pos:0.0044410731798224055 
cv304_28706.txt pos neg:0.6857753202714199 pos:0.31422467972858015 
cv079_11933.txt pos neg:0.9999804115511286 pos:1.9588448871483294E-5 
cv983_22928.txt pos pos:0.9998691511712309 neg:1.3084882876902506E-4 
cv519_16239.txt neg pos:0.9999999999820355 neg:1.796457343860299E-11 
cv948_25870.txt neg neg:0.9999999986157668 pos:1.3842330668476204E-9 
cv074_6875.txt pos pos:0.9999992272337564 neg:7.727662436481729E-7 
cv821_29364.txt pos pos:0.994197581393405 neg:0.0058024186065949385 
cv012_29576.txt pos pos:0.9999999999999991 neg:8.396366338668298E-16 
cv117_24295.txt pos neg:0.5879725019870838 pos:0.4120274980129162 
cv852_27512.txt neg pos:0.9999560631689091 neg:4.393683109089072E-5 
cv209_28973.txt neg neg:0.9999501458422227 pos:4.985415777727486E-5 
cv138_12721.txt pos neg:0.5607515006776178 pos:0.4392484993223822 
cv291_26635.txt pos pos:0.9999938066358971 neg:6.19336410283818E-6 
cv489_19046.txt neg neg:0.999999999999581 pos:4.1905389764647567E-13 
cv827_19479.txt neg neg:0.9999999999251734 pos:7.482649520522886E-11 
cv799_19812.txt neg neg:1.0 pos:7.53954367493574E-34 
cv996_12447.txt neg pos:0.9994110181942126 neg:5.889818057874719E-4 
cv168_7050.txt pos pos:1.0 neg:9.410620016754383E-24 
cv919_18155.txt neg neg:0.9916984491816321 pos:0.00830155081836779 
cv195_16146.txt neg neg:0.9999999180590446 pos:8.194095537544268E-8 
cv064_24576.txt pos pos:0.9999999999999998 neg:2.5465159099255097E-16 
cv826_12761.txt neg neg:0.9999998517008766 pos:1.4829912334237934E-7 
cv712_24217.txt neg neg:0.9993750087544949 pos:6.249912455051686E-4 
cv480_19817.txt pos pos:0.5483665091545472 neg:0.4516334908454528 
cv041_21113.txt pos pos:0.9999999999999989 neg:1.089776724542694E-15 
cv705_11973.txt neg neg:0.999994949545744 pos:5.050454255978881E-6 
cv350_20670.txt pos pos:0.9999636912555652 neg:3.630874443475798E-5 
cv654_19345.txt neg neg:0.9999997773508195 pos:2.226491805653854E-7 
cv905_28965.txt neg pos:0.9999932980161096 neg:6.701983890439181E-6 
cv320_9693.txt neg neg:0.9999999999999631 pos:3.696286247040162E-14 
cv805_19601.txt pos pos:0.9999391346443233 neg:6.0865355676793154E-5 
cv626_7907.txt neg neg:0.9609724617311091 pos:0.03902753826889098 
cv727_4978.txt pos pos:0.9999981896489112 neg:1.8103510888975372E-6 
cv891_6385.txt pos neg:0.9998771462523868 pos:1.2285374761323865E-4 
cv281_24711.txt neg neg:0.9999999999999987 pos:1.337049777844835E-15 
cv220_28906.txt neg pos:0.9964002502027558 neg:0.003599749797244148 
cv822_20049.txt pos pos:1.0 neg:1.940375563368869E-21 
cv034_29446.txt neg pos:0.9890711330061621 neg:0.010928866993837931 
cv716_10514.txt pos neg:0.999531547314238 pos:4.68452685761983E-4 
cv202_10654.txt pos pos:1.0 neg:5.488552989147163E-24 
cv960_28877.txt neg pos:0.999997123747132 neg:2.8762528680276374E-6 
cv681_9744.txt neg neg:0.997158148481764 pos:0.00284185151823612 
cv767_14062.txt pos pos:0.9999996100450954 neg:3.8995490452957397E-7 
cv904_25663.txt neg neg:0.9999999870283003 pos:1.297169987366723E-8 
cv617_9561.txt neg pos:0.9170709636627611 neg:0.08292903633723879 
cv349_15032.txt neg neg:0.9999996719434073 pos:3.2805659261957296E-7 
cv889_22670.txt neg pos:0.989901439571684 neg:0.010098560428315948 
cv967_5626.txt neg neg:0.9820361914058271 pos:0.017963808594173 
cv600_23878.txt pos pos:0.9999999999999996 neg:4.700376281197687E-16 
cv368_10466.txt pos pos:1.0 neg:4.182558486987101E-31 
cv774_13845.txt pos pos:0.9998858022772806 neg:1.1419772271937189E-4 
cv153_11607.txt neg neg:0.9999838649668173 pos:1.613503318257489E-5 
cv370_5338.txt neg neg:0.9811638358544821 pos:0.018836164145517843 
cv200_29006.txt neg pos:0.999997422121358 neg:2.577878642079801E-6 
cv956_12547.txt neg neg:0.9999999977480845 pos:2.2519154642759454E-9 
cv829_20289.txt pos pos:0.9996863238494447 neg:3.136761505553745E-4 
cv909_9960.txt pos neg:0.9999999748657875 pos:2.5134212570780623E-8 
cv432_15873.txt neg neg:0.998019124325811 pos:0.001980875674189028 
cv908_16009.txt pos pos:0.9999999952770788 neg:4.7229211558054795E-9 
cv589_12064.txt pos pos:1.0 neg:6.1855378149521896E-18 
cv536_27134.txt pos pos:0.9999863094532511 neg:1.3690546748900751E-5 
cv973_10171.txt neg neg:0.9999999999626028 pos:3.739713922092438E-11 
cv446_12209.txt neg neg:0.9999999573228424 pos:4.2677157538352296E-8 
cv157_29302.txt neg neg:0.9991923979550026 pos:8.07602044997411E-4 
cv465_22431.txt pos pos:0.9985444358396127 neg:0.0014555641603872737 
cv909_9973.txt neg neg:0.9970508484142054 pos:0.002949151585794526 
cv222_17395.txt pos pos:0.999999943441431 neg:5.655856896111046E-8 
cv470_17444.txt neg neg:0.9999999999964237 pos:3.57618482444353E-12 
cv115_26443.txt neg neg:0.9999994084726553 pos:5.915273447189912E-7 
cv504_29120.txt neg pos:0.9078602650192169 neg:0.0921397349807831 
cv757_10668.txt neg neg:0.9999999999314302 pos:6.856982263572319E-11 
cv882_10042.txt neg neg:0.9999857224973154 pos:1.4277502684682014E-5 
cv065_15248.txt pos pos:1.0 neg:5.968394950929414E-28 
cv520_12295.txt pos pos:0.9933328574995322 neg:0.006667142500467927 
cv145_12239.txt neg neg:0.9791659366752699 pos:0.02083406332473021 
cv404_20315.txt pos pos:0.9967285328480279 neg:0.003271467151972012 
cv586_8048.txt neg neg:1.0 pos:7.432372198282364E-27 
cv786_22497.txt pos neg:0.9999956206733999 pos:4.379326600066296E-6 
cv918_2693.txt pos pos:0.999999905014031 neg:9.4985968846097E-8 
cv072_6169.txt pos neg:0.8939759076446149 pos:0.10602409235538525 
cv206_15893.txt neg neg:0.9929906881532468 pos:0.007009311846753232 
cv146_18458.txt pos pos:1.0 neg:3.065674375917162E-24 
cv862_14324.txt pos pos:1.0 neg:1.3351855709734605E-21 
cv027_25219.txt pos pos:1.0 neg:1.6997535494518118E-31 
cv409_29786.txt pos pos:0.9990600050123736 neg:9.399949876263621E-4 
cv591_23640.txt pos pos:0.9999999999999996 neg:5.415842641245085E-16 
cv576_15688.txt neg neg:1.0 pos:1.7216159549276243E-17 
cv555_23922.txt pos neg:0.9999999983496275 pos:1.6503724927486592E-9 
cv738_10116.txt pos pos:1.0 neg:4.051244653897177E-42 
cv308_5079.txt neg neg:0.9999999999999727 pos:2.7208781298801238E-14 
cv869_24782.txt neg neg:0.9999999836643152 pos:1.6335684685730693E-8 
cv936_15954.txt pos pos:0.9999998340884346 neg:1.659115653586295E-7 
cv154_9562.txt neg neg:0.8971746094921343 pos:0.10282539050786575 
cv208_9475.txt neg neg:0.9999991438647571 pos:8.561352429063501E-7 
cv761_12620.txt pos pos:0.9999131218707797 neg:8.68781292202832E-5 
cv143_19666.txt pos pos:0.9999999999999998 neg:1.7010113934005056E-16 
cv638_29394.txt neg neg:0.9974791693878478 pos:0.002520830612152258 
cv314_16095.txt neg pos:0.999999999999515 neg:4.8501662633093E-13 
cv226_26692.txt neg neg:1.0 pos:5.455848339652815E-24 
cv511_10132.txt pos pos:0.9999598178963479 neg:4.0182103652046184E-5 
cv124_4122.txt pos pos:0.999999806013535 neg:1.939864649209091E-7 
cv176_14196.txt neg neg:0.9998660499409936 pos:1.3395005900643196E-4 
cv077_22138.txt pos pos:0.9187161536520331 neg:0.081283846347967 
cv381_21673.txt neg pos:0.999999999932635 neg:6.736506877613702E-11 
cv198_18180.txt pos neg:0.5469417508051209 pos:0.45305824919487914 
cv047_18725.txt neg pos:0.9999327517109424 neg:6.724828905764933E-5 
cv106_18379.txt neg neg:0.9958089379133302 pos:0.004191062086669814 
cv483_18103.txt neg neg:0.9999990669352163 pos:9.330647836309593E-7 
cv715_18179.txt pos pos:0.9999970697786578 neg:2.9302213421750885E-6 
cv280_8267.txt pos neg:0.9190510360877038 pos:0.08094896391229627 
cv408_5367.txt neg neg:0.9999999981897927 pos:1.8102074153039873E-9 
cv815_22456.txt pos pos:0.9838165930030488 neg:0.016183406996951328 
cv462_20788.txt neg neg:0.9998428565146775 pos:1.571434853224082E-4 
cv766_7983.txt neg neg:0.9999999999996703 pos:3.2976003131626186E-13 
cv896_17819.txt neg neg:0.9931927852463146 pos:0.006807214753685331 
cv178_14380.txt neg neg:0.9742604726017842 pos:0.02573952739821589 
cv502_10406.txt pos pos:0.9972183287976312 neg:0.0027816712023688555 
cv609_23877.txt pos pos:0.9999999999441855 neg:5.581440392793369E-11 
cv397_29023.txt pos pos:0.9999999999997691 neg:2.309528303637885E-13 
cv643_29349.txt pos pos:0.9999912920000905 neg:8.707999909410611E-6 
cv232_16768.txt neg pos:0.9999999999843985 neg:1.5601560632905415E-11 
cv631_4782.txt neg pos:0.7446220892748378 neg:0.25537791072516225 
cv634_11989.txt neg neg:0.9696977474586521 pos:0.030302252541347944 
cv085_1381.txt pos pos:0.999999999999988 neg:1.1957919176629184E-14 
cv814_18975.txt pos neg:0.9458771081815894 pos:0.05412289181841066 
cv453_10911.txt neg neg:0.9999999999996427 pos:3.571933945678341E-13 
cv235_10704.txt neg neg:0.9999999999999629 pos:3.714561795479286E-14 
cv810_13660.txt neg neg:0.9999967447952758 pos:3.255204724337182E-6 
cv553_26915.txt pos pos:0.9999999999980116 neg:1.9883908403017725E-12 
cv865_28796.txt neg neg:0.9994438233605178 pos:5.561766394822133E-4 
cv834_23192.txt neg neg:0.9999999815715189 pos:1.8428481124624536E-8 
cv309_23737.txt neg pos:0.9999638928836704 neg:3.6107116329614004E-5 
cv062_24556.txt neg neg:0.9999924515053646 pos:7.548494635294741E-6 
cv718_12227.txt neg neg:0.9999999999943454 pos:5.654480499421149E-12 
cv331_8656.txt neg neg:0.999050036611976 pos:9.499633880240729E-4 
cv755_23616.txt pos pos:0.9999999999944438 neg:5.5562746838951986E-12 
cv622_8583.txt neg pos:0.9999955515252725 neg:4.44847472746931E-6 
Trial 0 Trainer NaiveBayesTrainer Training Data Confusion Matrix
Confusion Matrix, row=true, column=predicted  accuracy=0.9361111111111111
  label   0   1  |total
  0 neg 848  52  |900
  1 pos  63 837  |900

Trial 0 Trainer NaiveBayesTrainer training data accuracy= 0.9361111111111111
Trial 0 Trainer NaiveBayesTrainer Test Data Confusion Matrix
Confusion Matrix, row=true, column=predicted  accuracy=0.77
  label   0   1  |total
  0 neg  78  22  |100
  1 pos  24  76  |100

Trial 0 Trainer NaiveBayesTrainer test data accuracy= 0.77

NaiveBayesTrainer
Summary. train accuracy mean = 0.9361111111111111 stddev = 0.0 stderr = 0.0
Summary. test accuracy mean = 0.77 stddev = 0.0 stderr = 0.0
