
-------------------- Trial 0  --------------------

Trial 0 Training NaiveBayesTrainer with 1800 instances
Trial 0 Training NaiveBayesTrainer finished
Trial 0 Trainer NaiveBayesTrainer
 Raw Testing Data
cv918_27080.txt neg pos:0.9997088012466798 neg:2.9119875332016406E-4 
cv373_20404.txt pos pos:0.9999999987963053 neg:1.203694781872813E-9 
cv461_21124.txt neg pos:0.999957579810728 neg:4.2420189272023155E-5 
cv106_16807.txt pos pos:0.9999999228967404 neg:7.71032595184961E-8 
cv981_14989.txt pos pos:0.9999982592934675 neg:1.7407065325093496E-6 
cv609_25038.txt neg neg:0.9999998553454017 pos:1.4465459830027587E-7 
cv035_3954.txt pos pos:0.9999972418285773 neg:2.7581714227139065E-6 
cv495_16121.txt neg pos:0.7123027767521357 neg:0.2876972232478643 
cv868_11948.txt pos pos:1.0 neg:2.775649673538951E-17 
cv768_12709.txt neg neg:0.9999999930173562 pos:6.982643666948872E-9 
cv539_21865.txt neg neg:0.9999999995040634 pos:4.959367127784572E-10 
cv582_6678.txt neg neg:0.6047069428057164 pos:0.3952930571942836 
cv967_5788.txt pos pos:0.9997631179347035 neg:2.3688206529636573E-4 
cv706_25883.txt neg neg:0.9999999999987426 pos:1.2574880037025812E-12 
cv264_14108.txt neg neg:0.9210893661889002 pos:0.07891063381109967 
cv251_23901.txt neg neg:1.0 pos:2.215884080450497E-27 
cv395_10849.txt pos pos:0.9999999999866231 neg:1.3376963875804665E-11 
cv872_13710.txt neg neg:0.99997800604316 pos:2.1993956840135395E-5 
cv977_4938.txt pos pos:0.999022044950159 neg:9.779550498410288E-4 
cv944_15042.txt neg neg:0.9999999996672873 pos:3.3271272752882164E-10 
cv212_10027.txt pos pos:0.9999999809728434 neg:1.902715657225325E-8 
cv307_25270.txt pos neg:0.9999999520055592 pos:4.799444088790158E-8 
cv359_6647.txt pos neg:0.9891894543278343 pos:0.010810545672165717 
cv786_23608.txt neg neg:0.9999999796946719 pos:2.0305328099353455E-8 
cv974_22941.txt pos pos:0.9999999914259471 neg:8.57405285927119E-9 
cv054_4230.txt pos neg:0.9889678585174418 pos:0.011032141482558077 
cv984_14006.txt neg pos:0.9976618983449963 neg:0.0023381016550036446 
cv169_23778.txt pos pos:0.9999999999999991 neg:8.59435584335656E-16 
cv763_14729.txt pos pos:0.9486727848565926 neg:0.051327215143407406 
cv002_15918.txt pos neg:0.9897695942842776 pos:0.010230405715722354 
cv892_17576.txt pos pos:0.9999999963925799 neg:3.607420050610354E-9 
cv871_25971.txt neg neg:0.9999999999999996 pos:4.413291473658929E-16 
cv006_17022.txt neg neg:0.9999999999962557 pos:3.744279791117263E-12 
cv542_18980.txt pos pos:0.9999839923940902 neg:1.600760590993599E-5 
cv532_6495.txt neg neg:0.9991545311977224 pos:8.454688022777301E-4 
cv953_7078.txt neg neg:0.9999999980946064 pos:1.9053936478901866E-9 
cv351_17029.txt neg neg:0.8488806794149556 pos:0.15111932058504435 
cv840_18033.txt neg pos:0.9999961459086246 neg:3.85409137552154E-6 
cv758_9671.txt pos pos:0.9913593049660233 neg:0.00864069503397679 
cv777_10247.txt neg neg:0.9999999999951541 pos:4.845885335102085E-12 
cv228_5644.txt neg neg:0.9999987393923728 pos:1.260607627136092E-6 
cv187_14112.txt neg neg:0.9986177818210634 pos:0.0013822181789365008 
cv007_4968.txt pos pos:0.9999996112408395 neg:3.887591605313889E-7 
cv807_21740.txt pos pos:0.9999997556211462 neg:2.4437885382882813E-7 
cv000_29590.txt pos neg:0.9984656829492163 pos:0.0015343170507837345 
cv087_2145.txt neg neg:0.9999999915506464 pos:8.449353537936364E-9 
cv613_21796.txt pos pos:0.9999988590762449 neg:1.1409237551697175E-6 
cv092_28017.txt pos pos:0.9999994918586654 neg:5.081413344981943E-7 
cv098_15435.txt pos neg:0.9605970000472728 pos:0.03940299995272726 
cv157_29372.txt pos pos:0.9999840660866056 neg:1.5933913394342943E-5 
cv107_24319.txt pos neg:0.9999327248618948 pos:6.727513810524798E-5 
cv565_29403.txt neg neg:0.9999999999998737 pos:1.264226367524597E-13 
cv809_5009.txt pos pos:0.999999999995743 neg:4.25693185254079E-12 
cv418_14774.txt pos pos:0.9997620768184665 neg:2.3792318153357674E-4 
cv832_23275.txt pos pos:0.9999992123345001 neg:7.876654999388518E-7 
cv577_28549.txt pos pos:1.0 neg:1.4287178069147458E-21 
cv458_9000.txt neg neg:0.9999999996783522 pos:3.216477980806218E-10 
cv846_29359.txt neg neg:0.9868283292900869 pos:0.01317167070991303 
cv695_21108.txt pos pos:1.0 neg:1.142656387825583E-19 
cv155_7845.txt neg neg:0.9999537701733097 pos:4.622982669041351E-5 
cv725_10103.txt pos neg:0.9993698874496496 pos:6.301125503504353E-4 
cv855_20661.txt pos pos:0.9999709018599204 neg:2.909814007946833E-5 
cv739_12179.txt neg pos:0.9807297381425414 neg:0.01927026185745851 
cv058_8469.txt neg pos:0.7549047330565638 neg:0.24509526694343609 
cv880_29629.txt neg neg:0.9990721680056973 pos:9.278319943027733E-4 
cv165_22619.txt pos pos:0.9999999999946323 neg:5.3677092599356516E-12 
cv366_10709.txt neg neg:0.9999999997943465 pos:2.0565338618327726E-10 
cv056_14663.txt neg neg:0.9999999999933902 pos:6.609727626075226E-12 
cv884_13632.txt pos neg:0.6641770129500352 pos:0.3358229870499648 
cv841_3967.txt pos neg:0.8215729240884094 pos:0.17842707591159063 
cv414_10518.txt pos pos:1.0 neg:3.1094088867722636E-19 
cv858_20266.txt neg neg:1.0 pos:3.110318832593722E-19 
cv262_12649.txt pos neg:0.7947554817988659 pos:0.2052445182011341 
cv587_19162.txt pos pos:0.9791878368932493 neg:0.02081216310675064 
cv965_26688.txt neg neg:0.999999972521972 pos:2.7478027924928895E-8 
cv848_10061.txt neg neg:0.9999999999996851 pos:3.1489016247609504E-13 
cv777_10094.txt pos pos:0.9999999612900011 neg:3.870999891001402E-8 
cv735_20218.txt neg pos:0.9994553357792825 neg:5.446642207174594E-4 
cv889_21430.txt pos neg:0.9999972493899635 pos:2.7506100365788157E-6 
cv763_16486.txt neg neg:0.9999979663177535 pos:2.033682246568918E-6 
cv288_20212.txt neg neg:0.9999901653029433 pos:9.834697056710603E-6 
cv197_29271.txt neg pos:0.9203703920916486 neg:0.07962960790835147 
cv486_9799.txt pos pos:0.9999982994199551 neg:1.7005800448590194E-6 
cv368_11090.txt neg neg:1.0 pos:3.026067219066159E-20 
cv944_13521.txt pos pos:0.9999999944162543 neg:5.583745742419871E-9 
cv131_10713.txt pos pos:1.0 neg:8.071822997858619E-17 
cv995_23113.txt neg neg:1.0 pos:2.099552075247379E-24 
cv036_18385.txt neg neg:0.9902752306111382 pos:0.009724769388861737 
cv176_12857.txt pos pos:0.987233849107806 neg:0.012766150892194105 
cv387_11507.txt pos pos:0.9851527775136912 neg:0.014847222486308678 
cv125_9391.txt pos pos:0.9999627851154087 neg:3.721488459138122E-5 
cv678_13419.txt pos pos:0.9999999999999998 neg:2.5881376009874726E-16 
cv945_12160.txt pos pos:0.9999999998520974 neg:1.479024691663346E-10 
cv885_13390.txt neg neg:0.9999996613713874 pos:3.386286125211733E-7 
cv109_22599.txt neg pos:0.9999999995051971 neg:4.948028839409132E-10 
cv550_22211.txt pos neg:0.999987252991565 pos:1.2747008434878493E-5 
cv464_17076.txt neg pos:0.6741429894391759 neg:0.325857010560824 
cv633_29837.txt pos pos:0.9999999999961668 neg:3.833171243286269E-12 
cv052_29378.txt pos pos:0.9986026367064484 neg:0.0013973632935515865 
cv611_21120.txt pos pos:0.9603510165543804 neg:0.0396489834456196 
cv123_12165.txt neg neg:0.9999999323533039 pos:6.764669602288075E-8 
cv859_15689.txt neg pos:0.9999999999992464 neg:7.536707982455319E-13 
cv229_15200.txt neg neg:0.999999838362703 pos:1.6163729703993734E-7 
cv526_12083.txt pos pos:0.9999936772517881 neg:6.322748211775106E-6 
cv474_10209.txt pos neg:0.674632901901817 pos:0.325367098098183 
cv324_7502.txt neg pos:0.9999544212275674 neg:4.557877243255761E-5 
cv718_11434.txt pos pos:0.9999999999999984 neg:1.4913537295120375E-15 
cv416_12048.txt neg neg:0.999999961972175 pos:3.802782508381921E-8 
cv160_10362.txt pos pos:0.9999999999956688 neg:4.331306110041539E-12 
cv823_15569.txt pos pos:0.9999999994784101 neg:5.215899433505699E-10 
cv571_29292.txt neg pos:0.9439782843084487 neg:0.05602171569155122 
cv906_11491.txt pos neg:0.9999996669042123 pos:3.330957876911022E-7 
cv046_10613.txt neg neg:0.9999999999993439 pos:6.561785642951293E-13 
cv561_9201.txt pos pos:0.9999999876222613 neg:1.2377738621928364E-8 
cv892_18788.txt neg neg:0.9999962138552152 pos:3.786144784848998E-6 
cv833_11961.txt neg neg:0.5335313729036012 pos:0.46646862709639886 
cv605_11800.txt pos pos:0.9999999255381204 neg:7.446187965978651E-8 
cv358_10691.txt pos pos:0.9999999999915958 neg:8.404122098660015E-12 
cv727_5006.txt neg pos:0.9999576575787151 neg:4.234242128480146E-5 
cv476_18402.txt neg neg:0.8308760264802997 pos:0.16912397351970038 
cv850_18185.txt neg neg:0.9722916352448427 pos:0.02770836475515719 
cv555_25047.txt neg neg:0.9999999998244145 pos:1.75585648709883E-10 
cv011_13044.txt neg pos:0.97773327993405 neg:0.02226672006595002 
cv926_18471.txt neg pos:1.0 neg:1.972701648045315E-43 
cv559_0050.txt pos pos:0.99662797965566 neg:0.0033720203443401192 
cv755_24881.txt neg neg:0.9999999999999991 pos:8.312515540009327E-16 
cv210_9557.txt neg pos:0.9998750137477295 neg:1.2498625227064277E-4 
cv050_12128.txt neg neg:0.999999999925254 pos:7.474601379421018E-11 
cv273_29112.txt pos pos:1.0 neg:2.847718186684329E-23 
cv900_10800.txt neg neg:0.999999964866643 pos:3.513335690756167E-8 
cv140_7479.txt pos pos:0.9999999968375235 neg:3.1624764863970113E-9 
cv740_13643.txt neg pos:0.6979519304725217 neg:0.30204806952747837 
cv742_8279.txt neg pos:0.9999999999984863 neg:1.5137883922900489E-12 
cv246_28668.txt neg neg:0.9999999998635105 pos:1.364895801629126E-10 
cv602_8830.txt neg neg:0.9999999963780777 pos:3.6219222529676793E-9 
cv469_20630.txt pos pos:1.0 neg:1.4384421055385943E-26 
cv487_10446.txt pos pos:0.9999954217046209 neg:4.57829537920983E-6 
cv281_23253.txt pos pos:0.9999597454407404 neg:4.025455925948822E-5 
cv318_11146.txt neg neg:0.9999999999983895 pos:1.6104340386713541E-12 
cv054_4101.txt neg pos:0.9506466256898183 neg:0.04935337431018164 
cv451_11502.txt neg neg:0.9996064900762689 pos:3.9350992373111406E-4 
cv064_25842.txt neg neg:0.9999705682233001 pos:2.9431776699897743E-5 
cv461_19600.txt pos pos:0.9999962492589825 neg:3.750741017537321E-6 
cv807_23024.txt neg neg:1.0 pos:1.1816103781813423E-42 
cv940_17705.txt pos pos:0.9999784482162065 neg:2.155178379358505E-5 
cv784_16077.txt neg neg:0.9999999210699906 pos:7.893000942875581E-8 
cv696_29740.txt pos pos:0.9999999999999558 neg:4.421287359765098E-14 
cv473_7367.txt pos pos:0.9999697764154424 neg:3.0223584557766973E-5 
cv478_14309.txt pos pos:1.0 neg:1.1224385096017327E-24 
cv624_10744.txt pos pos:0.9999999999999998 neg:2.0100778246175858E-16 
cv938_10220.txt pos neg:0.9337147853757624 pos:0.06628521462423768 
cv551_11214.txt neg neg:0.9943936745482451 pos:0.0056063254517549855 
cv603_18885.txt neg pos:0.9998684991014973 neg:1.3150089850275524E-4 
cv414_11161.txt neg neg:0.9804114451413977 pos:0.019588554858602288 
cv683_12167.txt pos pos:0.9999999999831584 neg:1.6841560076709094E-11 
cv302_25649.txt pos pos:0.9997767725257038 neg:2.2322747429603482E-4 
cv585_22496.txt pos pos:0.999999999872957 neg:1.2704311115678154E-10 
cv645_15668.txt pos pos:0.9999944200429686 neg:5.579957031342496E-6 
cv772_12971.txt neg neg:0.9999999893850514 pos:1.0614948695446605E-8 
cv130_17083.txt pos pos:0.9999999693841912 neg:3.061580870629285E-8 
cv258_5627.txt neg neg:0.9998245896126889 pos:1.754103873109359E-4 
cv547_16324.txt pos pos:0.9999978462204246 neg:2.1537795752716004E-6 
cv574_23191.txt neg neg:0.9992403094495316 pos:7.596905504683669E-4 
cv684_12727.txt neg neg:0.9999999985442609 pos:1.4557390402127712E-9 
cv619_12462.txt pos neg:0.9935740318123777 pos:0.006425968187622208 
cv847_20855.txt neg neg:0.9999136107693299 pos:8.63892306700623E-5 
cv436_19179.txt pos pos:0.9999999999999971 neg:2.9475522999218313E-15 
cv570_28960.txt neg pos:0.8997510416104308 neg:0.10024895838956911 
cv820_22892.txt pos pos:0.9999999998506435 neg:1.4935646179640325E-10 
cv296_12251.txt pos neg:0.9997345767418596 pos:2.6542325814034307E-4 
cv703_16143.txt pos neg:0.9338813841016502 pos:0.06611861589834982 
cv865_2895.txt pos pos:0.9999999999997975 neg:2.0247846157632224E-13 
cv430_17351.txt pos pos:0.9932114164719521 neg:0.006788583528047856 
cv015_29439.txt pos neg:0.6489711846756212 pos:0.35102881532437885 
cv287_17410.txt neg neg:0.9963421476847432 pos:0.003657852315256729 
cv436_20564.txt neg neg:0.7803989250698273 pos:0.21960107493017275 
cv573_29384.txt neg pos:0.9798285680855134 neg:0.020171431914486608 
cv703_17948.txt neg pos:0.9991395153370073 neg:8.604846629926498E-4 
cv327_21743.txt neg neg:0.9999999995832882 pos:4.167116779221654E-10 
cv905_29114.txt pos pos:0.999999999983118 neg:1.6881996778173385E-11 
cv592_23391.txt neg neg:0.9999999999998737 pos:1.2633900175275674E-13 
cv386_10229.txt neg neg:0.9988625205528577 pos:0.0011374794471422762 
cv356_26170.txt neg neg:0.9999999998799785 pos:1.2002147385997213E-10 
cv168_7435.txt neg neg:0.9999974661814099 pos:2.5338185900471815E-6 
cv329_29293.txt neg neg:0.9999992269457 pos:7.730543000734907E-7 
cv278_14533.txt neg pos:0.999999999933233 neg:6.676714675631491E-11 
cv771_28665.txt pos pos:0.9999999999999998 neg:1.293807435728186E-16 
cv230_7913.txt neg neg:0.9999998866668689 pos:1.133331310786799E-7 
cv171_13537.txt pos pos:0.9999999808003283 neg:1.919967169457432E-8 
cv649_13947.txt neg neg:0.9999999999512188 pos:4.878126521190912E-11 
cv307_26382.txt neg neg:0.9999999999809859 pos:1.9014204666853805E-11 
cv463_10343.txt pos pos:0.9999999962855888 neg:3.7144112351927856E-9 
cv441_15276.txt neg neg:0.999993009358152 pos:6.990641848076995E-6 
cv401_12605.txt pos pos:0.9999999971680207 neg:2.8319792773288767E-9 
cv403_6621.txt pos neg:0.5728850750929775 pos:0.42711492490702246 
cv493_12839.txt pos neg:0.9999970492787065 pos:2.950721293572775E-6 
cv484_26169.txt neg neg:0.9999994964920962 pos:5.035079038546438E-7 
cv104_18134.txt pos neg:0.9999512110319262 pos:4.878896807394808E-5 
cv692_15451.txt pos pos:1.0 neg:1.530978050721615E-19 
cv475_21692.txt pos pos:0.9999999999781355 neg:2.186459498018746E-11 
Trial 0 Trainer NaiveBayesTrainer Training Data Confusion Matrix
Confusion Matrix, row=true, column=predicted  accuracy=0.9344444444444444
  label   0   1  |total
  0 pos 836  64  |900
  1 neg  54 846  |900

Trial 0 Trainer NaiveBayesTrainer training data accuracy= 0.9344444444444444
Trial 0 Trainer NaiveBayesTrainer Test Data Confusion Matrix
Confusion Matrix, row=true, column=predicted  accuracy=0.755
  label   0   1  |total
  0 pos  77  23  |100
  1 neg  26  74  |100

Trial 0 Trainer NaiveBayesTrainer test data accuracy= 0.755

NaiveBayesTrainer
Summary. train accuracy mean = 0.9344444444444444 stddev = 0.0 stderr = 0.0
Summary. test accuracy mean = 0.755 stddev = 0.0 stderr = 0.0
