
-------------------- Trial 0  --------------------

Trial 0 Training NaiveBayesTrainer with 1800 instances
Trial 0 Training NaiveBayesTrainer finished
Trial 0 Trainer NaiveBayesTrainer
 Raw Testing Data
cv998_14111.txt pos pos:0.9999999999930218 neg:6.978112942238244E-12 
cv383_14662.txt neg neg:0.96856350585004 pos:0.031436494149960026 
cv051_10751.txt neg neg:0.9999999891019492 pos:1.089805076539798E-8 
cv652_13972.txt pos pos:0.9997182004480861 neg:2.8179955191389295E-4 
cv394_5311.txt neg neg:0.9999999954827721 pos:4.517227824356905E-9 
cv338_8821.txt pos pos:0.9999972255260775 neg:2.774473922538998E-6 
cv758_9740.txt neg neg:0.9880173801249829 pos:0.011982619875017052 
cv100_11528.txt pos pos:0.9999999992309561 neg:7.690439067886888E-10 
cv457_19546.txt neg pos:0.7710215358143307 neg:0.22897846418566925 
cv600_25043.txt neg pos:0.9986833449682591 neg:0.0013166550317409212 
cv836_12968.txt pos pos:1.0 neg:6.745369868366734E-31 
cv222_18720.txt neg neg:0.9999999999686571 pos:3.1342946835608736E-11 
cv240_15948.txt neg neg:0.9987350393907882 pos:0.0012649606092118536 
cv192_14395.txt pos pos:1.0 neg:5.87471415835544E-17 
cv215_23246.txt neg neg:0.9997355503112051 pos:2.6444968879489665E-4 
cv813_6649.txt neg neg:1.0 pos:1.1090530532281849E-17 
cv856_28882.txt neg neg:0.9621611311773758 pos:0.0378388688226243 
cv677_18938.txt neg neg:0.9999967828142727 pos:3.217185727313939E-6 
cv127_14711.txt pos neg:0.9999999999910703 pos:8.929804813606367E-12 
cv447_27334.txt neg neg:0.9999999999986757 pos:1.3241874730906113E-12 
cv841_3367.txt neg neg:0.9694488245137558 pos:0.03055117548624422 
cv660_23140.txt neg neg:0.9999999999922315 pos:7.768403132677594E-12 
cv765_20429.txt neg neg:1.0 pos:3.8775868217893724E-17 
cv694_4876.txt pos pos:0.9999958927669237 neg:4.107233076195162E-6 
cv187_12829.txt pos pos:0.9999999967010758 neg:3.2989241872927572E-9 
cv084_13566.txt pos pos:0.9999999940916304 neg:5.908369628127351E-9 
cv655_11154.txt pos neg:0.997199650848432 pos:0.0028003491515680933 
cv976_10724.txt neg neg:0.9999933794593723 pos:6.62054062769834E-6 
cv740_12445.txt pos neg:0.9999999918000221 pos:8.199977873263303E-9 
cv878_17204.txt neg neg:0.9999904194576044 pos:9.58054239557397E-6 
cv885_12318.txt pos pos:0.8904623299049066 neg:0.10953767009509352 
cv316_6370.txt pos neg:0.8964994348336326 pos:0.10350056516636734 
cv711_11665.txt pos pos:1.0 neg:1.859068014552442E-23 
cv864_3416.txt pos pos:0.9999820902563753 neg:1.7909743624775517E-5 
cv896_16071.txt pos pos:1.0 neg:5.143061572168291E-19 
cv753_10875.txt pos pos:0.9999885851030323 neg:1.141489696770819E-5 
cv614_11320.txt neg neg:1.0 pos:7.066560479825537E-22 
cv363_29273.txt neg pos:0.9980902532019448 neg:0.0019097467980552542 
cv734_22821.txt neg pos:0.9999957775562862 neg:4.222443713661155E-6 
cv237_20635.txt neg pos:0.9999933488455806 neg:6.651154419546137E-6 
cv059_28723.txt neg pos:0.6221709901401723 neg:0.3778290098598278 
cv863_7424.txt pos pos:0.999999996391346 neg:3.608654136885306E-9 
cv357_13156.txt pos pos:0.9999999479564676 neg:5.2043532224529815E-8 
cv175_7375.txt neg neg:0.9999999740518262 pos:2.5948173734936317E-8 
cv283_11963.txt neg neg:0.9913212155194955 pos:0.008678784480504364 
cv254_6027.txt pos pos:0.85899848845625 neg:0.14100151154374996 
cv761_13769.txt neg pos:0.9999999999999736 neg:2.6409512822108427E-14 
cv615_14182.txt pos pos:0.999163365454971 neg:8.36634545029033E-4 
cv095_28892.txt pos pos:0.999397306557964 neg:6.026934420359906E-4 
cv513_6923.txt pos pos:0.9998884993730177 neg:1.1150062698241515E-4 
cv490_17872.txt pos pos:1.0 neg:1.0318202268107061E-16 
cv358_11557.txt neg pos:0.9999999999999996 neg:3.578799735862785E-16 
cv010_29198.txt pos neg:0.9965449667706373 pos:0.0034550332293627538 
cv221_2695.txt pos neg:0.7687671678654061 pos:0.23123283213459386 
cv665_29538.txt pos neg:0.9659704804255346 pos:0.03402951957446548 
cv521_15828.txt pos pos:0.999999985900563 neg:1.4099437032028403E-8 
cv801_25228.txt pos pos:0.99999984573593 neg:1.5426406985349506E-7 
cv400_20631.txt neg neg:0.998963551260635 pos:0.0010364487393649544 
cv610_24153.txt neg neg:0.999999999999927 pos:7.294577123598239E-14 
cv158_10914.txt neg neg:0.9999999984193719 pos:1.5806280066064334E-9 
cv621_15984.txt neg neg:0.9999999999997817 pos:2.182912522568572E-13 
cv200_2915.txt pos pos:0.9998750061095071 neg:1.249938904929299E-4 
cv990_11591.txt pos pos:1.0 neg:1.9479925739781268E-22 
cv663_14484.txt neg pos:0.9903621758129425 neg:0.009637824187057437 
cv770_10451.txt pos pos:1.0 neg:1.3101971784645615E-17 
cv063_28852.txt neg neg:0.9999999999999971 pos:2.8619952877166287E-15 
cv842_5702.txt neg neg:1.0 pos:2.9682936595180985E-19 
cv505_12926.txt neg neg:1.0 pos:3.948065750005995E-20 
cv108_15571.txt pos pos:0.9987171135726829 neg:0.0012828864273170325 
cv186_2396.txt neg neg:0.992758219107283 pos:0.0072417808927169635 
cv312_29377.txt pos pos:0.999999999999996 neg:4.054170678596079E-15 
cv962_9813.txt neg neg:0.9999999999996998 pos:3.002402673113008E-13 
cv110_27832.txt neg neg:0.7949127153010737 pos:0.20508728469892634 
cv244_21649.txt pos pos:0.9858551817757231 neg:0.014144818224276816 
cv542_20359.txt neg neg:0.7735098460671583 pos:0.22649015393284178 
cv429_7439.txt pos pos:0.992318188545247 neg:0.007681811454753034 
cv873_19937.txt neg neg:0.9999999999616942 pos:3.830577432225706E-11 
cv881_13254.txt pos pos:0.8972944085251561 neg:0.10270559147484398 
cv538_28667.txt pos neg:0.9975893223388801 pos:0.002410677661119941 
cv927_11471.txt neg pos:0.8758978074074343 neg:0.12410219259256569 
cv868_12799.txt neg pos:0.9842390491342844 neg:0.015760950865715634 
cv668_18848.txt neg neg:0.9999567930266388 pos:4.320697336121608E-5 
cv658_11186.txt neg neg:0.9994821025306683 pos:5.178974693316903E-4 
cv269_21732.txt pos pos:0.9999999998485158 neg:1.514840555074897E-10 
cv551_10565.txt pos pos:0.99995689156595 neg:4.310843405004789E-5 
cv770_11061.txt neg neg:0.9999999999989966 pos:1.0035042132672429E-12 
cv966_28832.txt pos pos:0.9999915098011241 neg:8.490198875863782E-6 
cv676_21090.txt pos pos:1.0 neg:9.243924848941883E-18 
cv669_22995.txt pos pos:0.999999999999936 neg:6.386099334245507E-14 
cv670_2666.txt neg neg:0.9999999794144574 pos:2.0585542729665934E-8 
cv972_26837.txt neg pos:0.9999831555888959 neg:1.6844411104070955E-5 
cv760_8977.txt neg neg:0.9999980552961669 pos:1.9447038329993563E-6 
cv979_2029.txt neg neg:0.9999999984203736 pos:1.579626458688837E-9 
cv604_23339.txt neg neg:0.9999999999877489 pos:1.2251052363346698E-11 
cv467_25773.txt pos pos:0.8696454005382859 neg:0.13035459946171418 
cv593_10987.txt pos pos:0.8734321998044485 neg:0.12656780019555147 
cv680_10160.txt pos neg:0.9896408991928911 pos:0.010359100807108872 
cv743_17023.txt neg neg:0.9999999991698003 pos:8.301997059313743E-10 
cv330_29809.txt pos neg:0.9915247644755485 pos:0.008475235524451492 
cv496_10530.txt pos neg:0.9755766770261846 pos:0.0244233229738154 
cv890_3977.txt pos pos:0.9999999999147269 neg:8.527303343015457E-11 
cv194_12079.txt pos neg:0.9997132741541088 pos:2.867258458910838E-4 
cv151_15771.txt pos pos:0.9999999999990572 neg:9.426972676493694E-13 
cv567_29420.txt neg neg:0.9988709098991303 pos:0.0011290901008697261 
cv902_13217.txt neg neg:0.9999999926591518 pos:7.340848119658825E-9 
cv650_14340.txt pos pos:0.9998593332723534 neg:1.4066672764658942E-4 
cv655_12055.txt neg neg:0.9999980334739916 pos:1.966526008433662E-6 
cv554_14678.txt neg pos:0.998950596611146 neg:0.0010494033888538941 
cv321_14191.txt neg pos:0.9990169147962764 neg:9.830852037236112E-4 
cv323_29633.txt neg neg:1.0 pos:1.3528666454177098E-20 
cv136_12384.txt neg pos:0.9999629086966751 neg:3.709130332485306E-5 
cv112_12178.txt neg neg:0.999978219977563 pos:2.1780022437123307E-5 
cv371_7630.txt pos pos:0.9999999377939192 neg:6.220608078033464E-8 
cv946_20084.txt neg neg:0.9999999905554656 pos:9.444534340794859E-9 
cv653_19583.txt pos pos:0.9999999890803332 neg:1.091966682603505E-8 
cv970_19532.txt neg neg:0.9999999999935423 pos:6.4576803858695214E-12 
cv369_14245.txt neg neg:0.9999999999998468 pos:1.5312381769985773E-13 
cv389_9369.txt pos pos:0.997915828213304 neg:0.0020841717866960643 
cv265_11625.txt neg neg:0.9999999999980589 pos:1.9412220644265223E-12 
cv069_10801.txt pos pos:0.9999999846545502 neg:1.5345449723768944E-8 
cv083_24234.txt pos pos:0.9993434358140283 neg:6.565641859718459E-4 
cv139_14236.txt neg neg:0.9999999999992575 pos:7.425123616117092E-13 
cv093_13951.txt pos pos:0.9999976741150324 neg:2.3258849676639674E-6 
cv546_12723.txt neg neg:0.9999999999607159 pos:3.928415738109383E-11 
cv234_20643.txt pos pos:0.9999987104747761 neg:1.2895252238536631E-6 
cv361_28944.txt pos pos:0.7196713431757413 neg:0.28032865682425867 
cv439_15970.txt pos pos:0.999999999369567 neg:6.304330531848188E-10 
cv388_12810.txt neg neg:0.926396740042786 pos:0.0736032599572139 
cv789_12991.txt neg neg:0.7361520481965275 pos:0.2638479518034724 
cv219_18626.txt pos pos:0.9795412837572581 neg:0.020458716242741842 
cv864_3087.txt neg neg:0.9999999949703029 pos:5.029697126697647E-9 
cv353_19197.txt neg pos:0.9985334087715023 neg:0.0014665912284975565 
cv252_23779.txt pos pos:0.9999999971744216 neg:2.8255784769098376E-9 
cv227_25406.txt neg neg:0.999999559456678 pos:4.4054332211919626E-7 
cv947_10601.txt pos neg:0.9999996998671249 pos:3.00132875021181E-7 
cv513_7236.txt neg neg:0.9999999996745375 pos:3.2546253328286735E-10 
cv025_3108.txt pos pos:0.8919073278453714 neg:0.10809267215462864 
cv128_29627.txt pos pos:0.9359969347542643 neg:0.0640030652457358 
cv517_19219.txt pos pos:0.9980302995022188 neg:0.0019697004977811067 
cv690_5425.txt neg neg:0.9999998889286631 pos:1.1107133679023966E-7 
cv950_12350.txt pos pos:0.831775549722178 neg:0.1682244502778219 
cv211_9953.txt pos pos:1.0 neg:2.5205556117524644E-26 
cv642_29867.txt pos pos:0.9984817014813562 neg:0.0015182985186438314 
cv636_16954.txt neg neg:0.9999999999868074 pos:1.3192589405464574E-11 
cv332_16307.txt pos pos:1.0 neg:5.642916849435435E-17 
cv907_3541.txt pos pos:0.8881163354266446 neg:0.11188366457335526 
cv246_28807.txt pos pos:1.0 neg:1.7385128389197935E-17 
cv164_22447.txt pos pos:0.9999993930470312 neg:6.069529686694582E-7 
cv924_29540.txt pos pos:0.9999974951045445 neg:2.504895455493466E-6 
cv749_17765.txt pos pos:0.9999947254786662 neg:5.274521333941885E-6 
cv289_6239.txt neg neg:0.9739352183017658 pos:0.026064781698234285 
cv796_17243.txt neg pos:0.9998250271352027 neg:1.7497286479728244E-4 
cv413_7893.txt neg neg:0.9999999999999991 pos:9.392438525487863E-16 
cv781_5358.txt neg neg:0.9999999999993152 pos:6.847691438533034E-13 
cv142_22516.txt pos pos:0.9999999923365158 neg:7.663484283959677E-9 
cv544_5108.txt pos neg:0.9999330649059159 pos:6.69350940840562E-5 
cv003_11664.txt pos pos:1.0 neg:1.935977860346222E-18 
cv568_17065.txt neg neg:0.9998356531215676 pos:1.643468784323795E-4 
cv319_14727.txt pos pos:0.9999886014967663 neg:1.1398503233663679E-5 
cv040_8276.txt pos neg:0.8834876555486441 pos:0.11651234445135589 
cv189_24248.txt neg neg:0.9999993263695043 pos:6.736304956295556E-7 
cv111_11473.txt pos pos:0.9799834146288954 neg:0.020016585371104692 
cv601_23453.txt pos pos:0.9999999590257717 neg:4.097422839534188E-8 
cv616_29319.txt pos pos:0.999993737657119 neg:6.262342881016075E-6 
cv942_18509.txt neg neg:0.9991976080696602 pos:8.023919303398516E-4 
cv203_19052.txt neg neg:0.9996646157874631 pos:3.3538421253686353E-4 
cv145_11472.txt pos neg:0.9966901473038824 pos:0.0033098526961174556 
cv837_27325.txt pos pos:1.0 neg:1.671691467074821E-23 
cv794_15868.txt pos pos:0.9964596100929183 neg:0.0035403899070817085 
cv992_12806.txt neg neg:0.9999015767541518 pos:9.842324584819063E-5 
cv835_19159.txt pos neg:0.965276616075635 pos:0.034723383924364956 
cv535_19728.txt pos neg:0.9935953073793924 pos:0.006404692620607714 
cv035_3343.txt neg pos:0.999977292323906 neg:2.270767609409716E-5 
cv746_10147.txt pos pos:0.9999999999999998 neg:1.7566088659306912E-16 
cv471_18405.txt neg neg:0.9999980429101286 pos:1.9570898714249904E-6 
cv488_19856.txt pos pos:0.9999999999999818 neg:1.8215345442448787E-14 
cv426_10421.txt pos pos:0.9999587033095261 neg:4.129669047390089E-5 
cv952_26375.txt neg neg:0.9999990279256582 pos:9.72074341757562E-7 
cv142_23657.txt neg pos:0.9935733956810318 neg:0.006426604318968179 
cv319_16459.txt neg neg:0.9999999993473123 pos:6.526876247536035E-10 
cv194_12855.txt neg pos:0.9868963566431582 neg:0.013103643356841728 
cv951_10926.txt pos pos:0.9999992061089783 neg:7.938910217511019E-7 
cv160_10848.txt neg pos:0.9979625084821302 neg:0.0020374915178697087 
cv661_2450.txt pos pos:0.999999999999408 neg:5.919326410808032E-13 
cv785_23748.txt neg pos:0.7988033066718642 neg:0.20119669332813583 
cv291_26844.txt neg neg:0.9966541216646575 pos:0.0033458783353425676 
cv444_9975.txt neg neg:0.6873666566414556 pos:0.31263334335854437 
cv433_10144.txt pos pos:1.0 neg:6.665568923216472E-42 
cv146_19587.txt neg neg:0.9999999999994951 pos:5.049729474566639E-13 
cv748_14044.txt neg neg:0.988642074968411 pos:0.011357925031588974 
cv809_5012.txt neg neg:0.9960060119067184 pos:0.003993988093281545 
cv498_9288.txt neg neg:0.9999999999963387 pos:3.6613247773203045E-12 
cv518_13331.txt pos neg:0.9999945303745192 pos:5.4696254808299926E-6 
cv674_11593.txt neg pos:0.732264349543758 neg:0.26773565045624204 
cv214_13285.txt neg neg:0.9999878673061267 pos:1.2132693873359598E-5 
cv107_25639.txt neg neg:0.9513310274173231 pos:0.048668972582676925 
cv904_24353.txt pos neg:0.9999998272600595 pos:1.7273994054949231E-7 
cv116_28942.txt pos pos:0.9965629135360531 neg:0.0034370864639468404 
cv955_25001.txt pos pos:0.9956608482690616 neg:0.004339151730938398 
cv673_25874.txt neg neg:0.9999999999999571 pos:4.2790638816678664E-14 
Trial 0 Trainer NaiveBayesTrainer Training Data Confusion Matrix
Confusion Matrix, row=true, column=predicted  accuracy=0.9355555555555556
  label   0   1  |total
  0 neg 847  53  |900
  1 pos  63 837  |900

Trial 0 Trainer NaiveBayesTrainer training data accuracy= 0.9355555555555556
Trial 0 Trainer NaiveBayesTrainer Test Data Confusion Matrix
Confusion Matrix, row=true, column=predicted  accuracy=0.785
  label   0   1  |total
  0 neg  77  23  |100
  1 pos  20  80  |100

Trial 0 Trainer NaiveBayesTrainer test data accuracy= 0.785

NaiveBayesTrainer
Summary. train accuracy mean = 0.9355555555555556 stddev = 0.0 stderr = 0.0
Summary. test accuracy mean = 0.785 stddev = 0.0 stderr = 0.0
