
-------------------- Trial 0  --------------------

Trial 0 Training MaxEntTrainer,gaussianPriorVariance=1.0 with 1800 instances
Trial 0 Training MaxEntTrainer,gaussianPriorVariance=1.0 finished
Trial 0 Trainer MaxEntTrainer,gaussianPriorVariance=1.0
 Raw Testing Data
1274.txt pos pos:0.9884682984081262 neg:0.011531701591873755 
398.txt pos pos:0.9999981301189019 neg:1.8698810981063777E-6 
40.txt pos pos:0.9899697945058455 neg:0.010030205494154478 
3180.txt pos neg:0.974994897688975 pos:0.025005102311024985 
3829.txt neg neg:0.9865633556498863 pos:0.013436644350113807 
2765.txt neg neg:0.9999999584068429 pos:4.1593157153768966E-8 
3704.txt pos neg:0.966823693528191 pos:0.033176306471809136 
1051.txt pos pos:0.9971150713819538 neg:0.002884928618046253 
1920.txt neg neg:0.9972044670529034 pos:0.0027955329470965894 
824.txt neg neg:0.999065289249258 pos:9.347107507420726E-4 
3405.txt pos pos:0.9208586616733497 neg:0.07914133832665037 
1211.txt neg neg:0.6518074966008106 pos:0.34819250339918945 
3904.txt neg neg:0.9999995089423073 pos:4.910576928346207E-7 
3512.txt neg pos:0.8533191830517778 neg:0.1466808169482222 
4202.txt neg neg:0.9999286674602098 pos:7.133253979012078E-5 
2533.txt pos pos:0.9999651341164051 neg:3.486588359500036E-5 
355.txt neg neg:0.9336087244134276 pos:0.06639127558657239 
2267.txt neg pos:0.9906138546929883 neg:0.009386145307011656 
114.txt neg pos:0.8515678174029955 neg:0.14843218259700444 
2067.txt pos neg:0.9918178658742015 pos:0.008182134125798391 
3813.txt pos neg:0.7977166790059511 pos:0.20228332099404897 
4312.txt pos neg:0.8485892679355654 pos:0.15141073206443445 
2873.txt pos pos:0.7097181510579283 neg:0.29028184894207154 
1493.txt pos pos:0.9982373521098975 neg:0.001762647890102554 
797.txt neg neg:0.6835439060374104 pos:0.3164560939625896 
2143.txt pos neg:0.9864711365160622 pos:0.013528863483937704 
1478.txt neg neg:0.6772365877778834 pos:0.32276341222211646 
347.txt pos neg:0.9852999869748372 pos:0.014700013025162712 
1058.txt pos pos:0.9896568430766827 neg:0.010343156923317193 
215.txt neg neg:0.9998475196518742 pos:1.5248034812585242E-4 
2166.txt neg pos:0.7436162376934851 neg:0.256383762306515 
2847.txt neg neg:0.9865212042851751 pos:0.01347879571482498 
2406.txt pos neg:0.5247726483466312 pos:0.4752273516533689 
427.txt pos neg:0.5262699831865149 pos:0.47373001681348514 
1219.txt pos neg:0.8457252586475065 pos:0.15427474135249344 
967.txt pos pos:0.9999298283671695 neg:7.01716328306053E-5 
1529.txt neg neg:0.9782493687264681 pos:0.02175063127353197 
264.txt pos pos:0.8446143752232266 neg:0.15538562477677356 
2094.txt neg pos:0.6783345127832914 neg:0.32166548721670857 
2045.txt neg neg:0.999999079117831 pos:9.208821690002627E-7 
2808.txt pos pos:0.9809667728156432 neg:0.019033227184356797 
3359.txt pos pos:0.6540019596642388 neg:0.34599804033576115 
608.txt neg neg:0.9896566844541232 pos:0.010343315545876626 
1912.txt neg neg:0.687463276743737 pos:0.312536723256263 
3571.txt neg pos:0.5146490845559075 neg:0.4853509154440925 
1561.txt pos pos:0.9994479018003813 neg:5.520981996186116E-4 
2586.txt pos pos:0.6216156065029984 neg:0.37838439349700154 
742.txt pos pos:0.9999670681507762 neg:3.2931849223964276E-5 
1878.txt neg neg:0.9999908596463968 pos:9.14035360319476E-6 
1216.txt neg pos:0.7103189276528348 neg:0.28968107234716517 
271.txt neg neg:0.744554396596324 pos:0.2554456034036759 
1713.txt neg neg:0.6476093159633067 pos:0.3523906840366934 
1677.txt neg neg:0.6059798877646468 pos:0.39402011223535305 
4182.txt pos pos:0.6847556437563147 neg:0.3152443562436854 
781.txt neg neg:0.5017190222075972 pos:0.4982809777924029 
1307.txt neg neg:0.9902237961325974 pos:0.009776203867402609 
741.txt neg neg:0.9952967223451497 pos:0.004703277654850383 
3007.txt pos pos:0.9950607104023267 neg:0.004939289597673376 
1876.txt neg neg:0.931208532342104 pos:0.06879146765789593 
2581.txt pos pos:0.6246539774501675 neg:0.3753460225498325 
3420.txt neg neg:0.9273319341195435 pos:0.07266806588045657 
1421.txt pos pos:0.9999999992532771 neg:7.467229285723208E-10 
203.txt neg neg:0.6820057173945164 pos:0.3179942826054836 
1251.txt neg pos:0.6188658080379751 neg:0.38113419196202497 
272.txt pos pos:0.7327131614379426 neg:0.26728683856205737 
2304.txt neg neg:0.9978543540013125 pos:0.0021456459986873935 
1065.txt neg neg:0.9998219345517408 pos:1.78065448259201E-4 
1514.txt pos neg:0.5443305144731868 pos:0.4556694855268132 
1584.txt neg pos:0.9998054761198267 neg:1.9452388017331045E-4 
3982.txt pos pos:0.7853462777499779 neg:0.21465372225002213 
1552.txt neg neg:0.8495659407908074 pos:0.15043405920919262 
706.txt neg neg:0.9999081395369354 pos:9.186046306457131E-5 
4185.txt pos neg:0.5066252130148989 pos:0.493374786985101 
2212.txt neg pos:0.8020273721130567 neg:0.19797262788694325 
4154.txt pos pos:0.999910184679894 neg:8.981532010589364E-5 
101.txt pos pos:0.9893400523291899 neg:0.01065994767081011 
1983.txt neg pos:0.9945034627781671 neg:0.005496537221832809 
947.txt neg neg:0.9999874182620535 pos:1.2581737946504644E-5 
3373.txt pos neg:0.9225704959231418 pos:0.07742950407685818 
1731.txt pos pos:0.9999999952995253 neg:4.700474715112806E-9 
3554.txt pos pos:0.9995518289688905 neg:4.481710311095439E-4 
1172.txt pos pos:0.9019426367093459 neg:0.09805736329065394 
677.txt pos pos:0.999978242734721 neg:2.175726527906453E-5 
1568.txt pos pos:0.9999999998681692 neg:1.3183084047512543E-10 
2946.txt pos pos:0.9526331033623057 neg:0.04736689663769426 
2331.txt neg pos:0.8928826082217889 neg:0.10711739177821104 
844.txt pos neg:0.9577486419794853 pos:0.04225135802051478 
3018.txt pos pos:0.6566082011002782 neg:0.34339179889972193 
2305.txt pos pos:0.91642078447715 neg:0.08357921552284991 
659.txt neg neg:0.8587164905354084 pos:0.1412835094645916 
3188.txt neg neg:0.9999244687713389 pos:7.553122866113212E-5 
2409.txt neg pos:0.6643005958141366 neg:0.33569940418586347 
2909.txt neg neg:0.9720673699512391 pos:0.027932630048761026 
91.txt neg neg:0.7260054281565994 pos:0.27399457184340065 
51.txt pos pos:0.8981130934526441 neg:0.10188690654735591 
3953.txt pos pos:0.9905561042300973 neg:0.009443895769902538 
3730.txt neg neg:0.9563670878997543 pos:0.043632912100245676 
2950.txt pos neg:0.9319284085901905 pos:0.06807159140980946 
1554.txt pos neg:0.5985787992358865 pos:0.4014212007641134 
276.txt neg pos:0.7746831857990529 neg:0.22531681420094712 
674.txt neg neg:0.866541548139788 pos:0.1334584518602121 
2377.txt pos pos:0.9999845298639212 neg:1.5470136078818555E-5 
2491.txt neg neg:0.9991169944820872 pos:8.830055179127233E-4 
1148.txt neg pos:0.791147221668269 neg:0.208852778331731 
898.txt neg pos:0.6820830748155712 neg:0.3179169251844289 
396.txt pos pos:0.9521420017500691 neg:0.04785799824993093 
3263.txt neg neg:0.9993009367119053 pos:6.990632880946851E-4 
3684.txt pos pos:0.9256489980802222 neg:0.07435100191977784 
2129.txt pos pos:0.9457381692121141 neg:0.05426183078788605 
2916.txt neg neg:0.9813983602256074 pos:0.018601639774392525 
1630.txt neg pos:0.8958867246126628 neg:0.1041132753873371 
1208.txt pos pos:0.6390051836815336 neg:0.36099481631846636 
2179.txt neg pos:0.6621393147593662 neg:0.3378606852406338 
476.txt pos pos:0.5518540299955125 neg:0.4481459700044874 
323.txt pos neg:0.9187551054980985 pos:0.08124489450190141 
4352.txt pos neg:0.9905238059879783 pos:0.009476194012021802 
263.txt pos pos:0.999841254756741 neg:1.5874524325900244E-4 
98.txt neg pos:0.8728825811804054 neg:0.12711741881959454 
3569.txt neg neg:0.5966272237080718 pos:0.40337277629192836 
2028.txt neg neg:0.9994531080770146 pos:5.468919229853797E-4 
444.txt pos pos:0.7194602465891224 neg:0.28053975341087745 
1403.txt neg neg:0.9962167130924704 pos:0.003783286907529578 
2898.txt neg neg:0.811422788422588 pos:0.18857721157741214 
2734.txt neg neg:0.9999482008054186 pos:5.179919458137973E-5 
2658.txt pos pos:0.9999964773611857 neg:3.522638814321666E-6 
492.txt pos neg:0.769828353404072 pos:0.23017164659592795 
3200.txt neg neg:0.9182285359760417 pos:0.08177146402395823 
1109.txt pos neg:0.7658918552473267 pos:0.23410814475267328 
1088.txt neg pos:0.8840502129841301 neg:0.11594978701586998 
625.txt neg neg:0.9999749692538409 pos:2.50307461591899E-5 
3745.txt neg pos:0.9266629180023406 neg:0.07333708199765952 
4227.txt pos pos:0.5718556915966465 neg:0.4281443084033536 
1671.txt pos pos:0.9989265614201216 neg:0.0010734385798783694 
1720.txt pos pos:0.9988163840587724 neg:0.0011836159412276818 
972.txt neg pos:0.515043849802829 neg:0.48495615019717103 
3576.txt neg pos:0.8770992856538367 neg:0.12290071434616333 
1442.txt pos pos:0.9999330953828051 neg:6.690461719500435E-5 
1010.txt neg neg:0.9999792079641441 pos:2.079203585594456E-5 
2472.txt neg neg:0.8201516458864729 pos:0.17984835411352704 
3928.txt pos pos:0.9287109288788337 neg:0.07128907112116634 
1728.txt neg neg:0.59557223158317 pos:0.40442776841683015 
2352.txt neg pos:0.9199115902174733 neg:0.08008840978252685 
1265.txt pos pos:0.7445719568612781 neg:0.255428043138722 
1660.txt pos pos:0.9986023225011205 neg:0.0013976774988795604 
211.txt pos pos:0.9612466317919433 neg:0.03875336820805667 
495.txt pos pos:0.7007491322386191 neg:0.29925086776138093 
3374.txt pos neg:0.8753195538982441 pos:0.12468044610175595 
2757.txt neg neg:0.896450991611327 pos:0.10354900838867297 
2242.txt pos pos:0.9982016995892311 neg:0.0017983004107689619 
2958.txt neg neg:0.99876530400504 pos:0.0012346959949599164 
610.txt neg neg:0.9894446814585981 pos:0.01055531854140191 
49.txt neg neg:0.6945671772403692 pos:0.3054328227596309 
455.txt pos pos:0.9999239885502154 neg:7.601144978454934E-5 
909.txt neg pos:0.998506036761905 neg:0.0014939632380949947 
3468.txt pos neg:0.9834320459623331 pos:0.016567954037666883 
1445.txt pos pos:0.998859170454187 neg:0.0011408295458128937 
4079.txt pos neg:0.8982824692776308 pos:0.10171753072236929 
1224.txt neg pos:0.6126921526645376 neg:0.38730784733546236 
1520.txt neg neg:0.9487649347927256 pos:0.051235065207274375 
2750.txt neg neg:0.5063402275138666 pos:0.49365977248613335 
2282.txt pos pos:0.991700438711894 neg:0.008299561288105967 
209.txt pos pos:0.9882883239837019 neg:0.011711676016297969 
3742.txt neg neg:0.9898788542322858 pos:0.010121145767714132 
2632.txt pos neg:0.9992592821197669 pos:7.407178802331384E-4 
1141.txt neg pos:0.9919272922769584 neg:0.008072707723041452 
3380.txt neg neg:0.507441603349351 pos:0.492558396650649 
4353.txt neg neg:0.9550952263491977 pos:0.044904773650802254 
96.txt pos neg:0.9602227445398885 pos:0.03977725546011139 
2674.txt neg neg:0.9999940302718299 pos:5.9697281701276725E-6 
3793.txt neg neg:0.9994480795316152 pos:5.51920468384824E-4 
3543.txt neg neg:0.9960373364872538 pos:0.003962663512746178 
4279.txt neg neg:0.8390216621029541 pos:0.16097833789704585 
1804.txt neg pos:0.9692656085546948 neg:0.030734391445305206 
2623.txt pos neg:0.9664754904023019 pos:0.033524509597698045 
3413.txt pos pos:0.8725385021021962 neg:0.1274614978978039 
1643.txt pos neg:0.966030795932546 pos:0.03396920406745398 
2423.txt neg neg:0.9999989794332111 pos:1.0205667889826845E-6 
1927.txt neg neg:0.9804051764267122 pos:0.019594823573287717 
1752.txt pos pos:0.9324917904234155 neg:0.06750820957658452 
679.txt pos pos:0.999993057956279 neg:6.942043721058477E-6 
880.txt neg neg:0.7580179293840589 pos:0.24198207061594107 
3993.txt pos pos:0.9913751814634597 neg:0.00862481853654035 
2401.txt pos pos:0.6965865936242696 neg:0.30341340637573044 
827.txt pos pos:0.998959907155787 neg:0.0010400928442130231 
4027.txt neg neg:0.9999825369526938 pos:1.7463047306231766E-5 
456.txt neg neg:0.9960153624066975 pos:0.003984637593302519 
4153.txt pos pos:0.9944741693323221 neg:0.005525830667677786 
387.txt pos pos:0.7757669683613334 neg:0.2242330316386665 
2557.txt pos pos:0.907232242146133 neg:0.09276775785386702 
793.txt pos pos:0.9956657905813251 neg:0.004334209418674941 
1334.txt pos pos:0.9103163072940172 neg:0.08968369270598266 
1471.txt neg neg:0.999979276823189 pos:2.0723176811059942E-5 
1019.txt neg neg:0.9935739815278505 pos:0.0064260184721495976 
602.txt pos pos:0.6345493609639037 neg:0.3654506390360964 
1669.txt pos pos:0.987999260825087 neg:0.012000739174913008 
1779.txt neg neg:0.9506412183968848 pos:0.04935878160311533 
275.txt pos pos:0.9948888995514771 neg:0.005111100448522842 
1566.txt pos pos:0.777587901927317 neg:0.2224120980726831 
3892.txt neg neg:0.9969789599872402 pos:0.0030210400127598357 
2015.txt pos pos:0.9971022320010524 neg:0.002897767998947575 
Trial 0 Trainer MaxEntTrainer,gaussianPriorVariance=1.0 Training Data Confusion Matrix
Confusion Matrix, row=true, column=predicted  accuracy=1.0
  label   0   1  |total
  0 neg 900   .  |900
  1 pos   . 900  |900

Trial 0 Trainer MaxEntTrainer,gaussianPriorVariance=1.0 training data accuracy= 1.0
Trial 0 Trainer MaxEntTrainer,gaussianPriorVariance=1.0 Test Data Confusion Matrix
Confusion Matrix, row=true, column=predicted  accuracy=0.725
  label   0   1  |total
  0 neg  72  28  |100
  1 pos  27  73  |100

Trial 0 Trainer MaxEntTrainer,gaussianPriorVariance=1.0 test data accuracy= 0.725

MaxEntTrainer,gaussianPriorVariance=1.0
Summary. train accuracy mean = 1.0 stddev = 0.0 stderr = 0.0
Summary. test accuracy mean = 0.725 stddev = 0.0 stderr = 0.0
