
-------------------- Trial 0  --------------------

Trial 0 Training MaxEntTrainer,gaussianPriorVariance=1.0 with 1800 instances
Trial 0 Training MaxEntTrainer,gaussianPriorVariance=1.0 finished
Trial 0 Trainer MaxEntTrainer,gaussianPriorVariance=1.0
 Raw Testing Data
2764.txt neg neg:0.7803966460683633 pos:0.2196033539316366 
1502.txt neg neg:0.7188181517081688 pos:0.28118184829183135 
1903.txt pos pos:0.9614645157291544 neg:0.038535484270845646 
2617.txt pos pos:0.68252872843131 neg:0.31747127156869004 
4238.txt neg neg:0.9954059920851429 pos:0.004594007914857188 
994.txt pos pos:0.9999702793230306 neg:2.9720676969249196E-5 
294.txt neg neg:0.7636579665106328 pos:0.23634203348936716 
453.txt pos pos:0.9929895692796246 neg:0.007010430720375395 
4229.txt neg neg:0.9312811285278865 pos:0.06871887147211349 
795.txt pos pos:0.9247594687664389 neg:0.07524053123356104 
877.txt pos neg:0.9914667441277027 pos:0.008533255872297309 
370.txt neg neg:0.9990048847828013 pos:9.951152171986412E-4 
2534.txt neg neg:0.7448739022941282 pos:0.2551260977058717 
3677.txt pos pos:0.9999469877497955 neg:5.30122502045229E-5 
651.txt neg neg:0.9999984716720686 pos:1.5283279314817212E-6 
3553.txt neg neg:0.9999819110036813 pos:1.808899631863393E-5 
2887.txt pos pos:0.9370682937586029 neg:0.062931706241397 
73.txt neg neg:0.9916597958661502 pos:0.008340204133849852 
986.txt neg neg:0.9999999835824798 pos:1.6417520076602458E-8 
3754.txt pos neg:0.9730122917106765 pos:0.02698770828932359 
4214.txt pos pos:0.9691141449517057 neg:0.030885855048294362 
1621.txt pos pos:0.9864144990637058 neg:0.013585500936294228 
533.txt neg neg:0.9974779747225619 pos:0.002522025277437935 
4339.txt pos pos:0.9919066786498677 neg:0.00809332135013223 
3528.txt neg neg:0.9748675771404038 pos:0.025132422859596024 
74.txt pos neg:0.997932969919122 pos:0.0020670300808781237 
3306.txt neg neg:0.9973907619901737 pos:0.002609238009826367 
405.txt pos neg:0.8005870574949249 pos:0.19941294250507505 
3402.txt neg neg:0.5957090240007458 pos:0.40429097599925423 
1210.txt neg neg:0.9982242289675992 pos:0.001775771032400776 
3347.txt pos pos:0.9244468338962136 neg:0.07555316610378637 
4002.txt neg neg:0.9897130403156923 pos:0.010286959684307699 
2823.txt pos pos:0.6159049522702936 neg:0.38409504772970643 
454.txt pos pos:0.98281831887564 neg:0.017181681124359936 
4176.txt pos neg:0.9999980697948438 pos:1.9302051560776033E-6 
1839.txt neg neg:0.999915093561755 pos:8.490643824502479E-5 
2680.txt neg pos:0.9995475136874505 neg:4.524863125494572E-4 
4337.txt pos pos:0.9999595386831386 neg:4.0461316861434326E-5 
1291.txt pos neg:0.9990184306487406 pos:9.81569351259288E-4 
3721.txt pos pos:0.8035487623458542 neg:0.19645123765414593 
2619.txt pos pos:0.9988610160449878 neg:0.0011389839550121586 
246.txt pos neg:0.9033861142765925 pos:0.09661388572340744 
4103.txt pos pos:0.9979021122829959 neg:0.0020978877170041935 
1727.txt neg pos:0.5650340028241811 neg:0.4349659971758188 
4036.txt pos pos:0.9915412740105578 neg:0.008458725989442181 
2748.txt pos pos:0.9833507794948915 neg:0.016649220505108663 
2862.txt neg neg:0.9998172503840692 pos:1.827496159307794E-4 
3761.txt pos pos:0.5744978949076068 neg:0.42550210509239317 
3895.txt pos pos:0.9999482890788779 neg:5.1710921122031234E-5 
2507.txt pos pos:0.9932520417098796 neg:0.00674795829012039 
314.txt neg neg:0.9944301348667587 pos:0.005569865133241241 
3877.txt neg pos:0.686205872332541 neg:0.3137941276674589 
158.txt pos pos:0.999883336754784 neg:1.1666324521599942E-4 
3778.txt neg pos:0.9974515655905368 neg:0.002548434409463156 
4220.txt neg neg:0.9999981662124408 pos:1.8337875591418166E-6 
1828.txt neg neg:0.9978762478887822 pos:0.0021237521112179173 
4283.txt neg neg:0.9983273103603777 pos:0.0016726896396224281 
254.txt neg pos:0.5679563271342597 neg:0.4320436728657402 
1536.txt pos pos:0.991444913732936 neg:0.008555086267064017 
2383.txt pos pos:0.7505031179465936 neg:0.24949688205340628 
359.txt pos pos:0.993298472222473 neg:0.006701527777527015 
379.txt neg pos:0.8886209972643864 neg:0.11137900273561371 
2711.txt neg neg:0.6099860813443254 pos:0.39001391865567464 
1984.txt pos pos:0.9999932968634601 neg:6.703136540072514E-6 
1714.txt pos pos:0.9987257789742199 neg:0.001274221025780172 
1091.txt neg neg:0.9067405062200349 pos:0.09325949377996517 
778.txt pos pos:0.7955861630557721 neg:0.20441383694422782 
4268.txt pos pos:0.9992668926800513 neg:7.331073199487427E-4 
2986.txt neg neg:0.9992536544506495 pos:7.463455493505129E-4 
1056.txt neg neg:0.9999889456184956 pos:1.1054381504370334E-5 
2900.txt pos pos:0.6145314540676775 neg:0.3854685459323225 
4303.txt neg neg:0.999468702437215 pos:5.312975627851023E-4 
3147.txt neg pos:0.6438245547664447 neg:0.3561754452335553 
2686.txt pos pos:0.9950277595965373 neg:0.004972240403462625 
1531.txt pos pos:0.9982257770177931 neg:0.0017742229822069677 
3937.txt neg pos:0.6821232152950953 neg:0.31787678470490466 
2858.txt pos pos:0.9868400509784707 neg:0.013159949021529171 
545.txt pos pos:0.7091326363654259 neg:0.2908673636345741 
3119.txt pos pos:0.9999998928012157 neg:1.0719878437317011E-7 
3064.txt neg neg:0.7976787514622333 pos:0.20232124853776673 
2320.txt pos pos:0.9999999993835484 neg:6.164514712074102E-10 
3912.txt pos pos:0.9709842460162472 neg:0.029015753983752706 
3645.txt pos neg:0.5043206564468464 pos:0.4956793435531536 
2635.txt neg pos:0.9999957784191226 neg:4.221580877441724E-6 
2599.txt neg neg:0.9997395073959259 pos:2.604926040741458E-4 
1240.txt pos pos:0.9114053401969392 neg:0.08859465980306078 
2410.txt neg neg:0.9318876931284419 pos:0.06811230687155824 
2113.txt pos pos:0.6090611558737353 neg:0.39093884412626456 
3272.txt pos pos:0.9919559892239079 neg:0.008044010776092065 
1893.txt neg pos:0.9006057478023676 neg:0.09939425219763236 
297.txt pos neg:0.915382597727106 pos:0.08461740227289402 
465.txt neg neg:0.9988247992609833 pos:0.0011752007390167052 
1595.txt pos pos:0.9895160413353153 neg:0.01048395866468469 
2368.txt neg neg:0.9998803118502714 pos:1.1968814972871774E-4 
629.txt pos neg:0.9074096743208458 pos:0.09259032567915416 
2990.txt neg neg:0.9385495907768507 pos:0.06145040922314925 
1099.txt pos neg:0.8934618604505705 pos:0.10653813954942945 
2799.txt pos pos:0.990974992374529 neg:0.009025007625470868 
3639.txt pos pos:0.6726475031188591 neg:0.3273524968811408 
2313.txt neg pos:0.8580359830172031 neg:0.14196401698279687 
3025.txt pos pos:0.7907240905187117 neg:0.20927590948128819 
127.txt neg neg:0.8261662859767659 pos:0.17383371402323416 
2082.txt pos pos:0.9849355569788751 neg:0.015064443021124927 
1346.txt neg neg:0.9832402506884372 pos:0.016759749311562818 
2417.txt neg neg:0.9969739980047893 pos:0.0030260019952107636 
2093.txt pos pos:0.9996778548261162 neg:3.2214517388388296E-4 
1008.txt pos pos:0.9713352636154976 neg:0.028664736384502437 
3715.txt neg neg:0.9366112911297958 pos:0.06338870887020423 
683.txt pos pos:0.9345685527560337 neg:0.06543144724396625 
138.txt neg pos:0.706353831429866 neg:0.2936461685701341 
1049.txt neg pos:0.5972047118298638 neg:0.4027952881701362 
772.txt neg neg:0.9827400508254015 pos:0.01725994917459837 
1678.txt neg neg:0.9909443005034152 pos:0.009055699496584857 
3387.txt pos pos:0.9991666792273537 neg:8.33320772646331E-4 
4178.txt pos pos:0.9996953653611742 neg:3.046346388257891E-4 
4213.txt pos pos:0.9983669529663534 neg:0.001633047033646762 
1902.txt neg neg:0.5624609681934759 pos:0.4375390318065241 
4282.txt pos pos:0.9997511242681402 neg:2.488757318598806E-4 
2432.txt pos pos:0.6017248462510861 neg:0.39827515374891387 
764.txt neg neg:0.9143033127095361 pos:0.08569668729046385 
2559.txt neg neg:0.9165237976932823 pos:0.08347620230671764 
1087.txt neg neg:0.9999999998535538 pos:1.4644621199392465E-10 
3016.txt neg neg:0.9985703666112762 pos:0.0014296333887237169 
257.txt pos pos:0.9999883736754418 neg:1.162632455825292E-5 
2138.txt neg pos:0.8203471319793686 neg:0.17965286802063132 
1309.txt pos pos:0.9210006972797318 neg:0.07899930272026823 
776.txt pos pos:0.9983463981894225 neg:0.001653601810577535 
195.txt neg pos:0.8796003906989671 neg:0.12039960930103277 
1882.txt neg pos:0.909248831996349 neg:0.09075116800365089 
3945.txt neg pos:0.9177386276119036 neg:0.08226137238809632 
3090.txt pos neg:0.9036568103796299 pos:0.0963431896203701 
684.txt pos pos:0.7031685622675856 neg:0.2968314377324144 
1096.txt neg neg:0.7125589393949899 pos:0.28744106060501007 
3156.txt neg pos:0.7406681736916789 neg:0.2593318263083211 
2788.txt pos pos:0.9997926594209396 neg:2.073405790603846E-4 
3041.txt pos pos:0.9510654560389529 neg:0.04893454396104715 
3560.txt pos pos:0.9976422482449518 neg:0.002357751755048032 
2997.txt neg pos:0.9503833469757297 neg:0.04961665302427025 
1777.txt pos pos:0.9998171497857269 neg:1.8285021427309043E-4 
1744.txt neg neg:0.9699542596851015 pos:0.03004574031489863 
3879.txt neg neg:0.9696747474160539 pos:0.030325252583946135 
821.txt pos neg:0.9999834024877162 pos:1.6597512283690193E-5 
1604.txt neg neg:0.9911816308512786 pos:0.008818369148721283 
201.txt pos pos:0.9998714542702628 neg:1.285457297372018E-4 
1247.txt pos neg:0.6737032185279543 pos:0.32629678147204566 
1592.txt pos pos:0.992866587747333 neg:0.007133412252666885 
2516.txt pos pos:0.9240048241110275 neg:0.07599517588897248 
3942.txt neg neg:0.9980814508503688 pos:0.0019185491496312515 
1682.txt pos pos:0.9940501532112849 neg:0.0059498467887152415 
4378.txt neg pos:0.9122957358431749 neg:0.08770426415682521 
1206.txt neg neg:0.7130334533838643 pos:0.2869665466161358 
3009.txt neg neg:0.9969568374682746 pos:0.0030431625317254626 
3631.txt neg neg:0.5580263901085294 pos:0.4419736098914706 
1375.txt pos neg:0.9999948965711167 pos:5.10342888337853E-6 
2144.txt neg neg:0.9999994396348193 pos:5.60365180711827E-7 
3246.txt neg neg:0.8641117759833206 pos:0.13588822401667938 
2314.txt neg neg:0.9931599715517929 pos:0.0068400284482071005 
1273.txt neg pos:0.5950590518008734 neg:0.40494094819912657 
1544.txt pos pos:0.707649232948655 neg:0.29235076705134494 
3985.txt neg neg:0.9615258653220079 pos:0.03847413467799217 
1311.txt pos neg:0.9999767446180701 pos:2.3255381929902608E-5 
1968.txt neg neg:0.9998000393960205 pos:1.9996060397944044E-4 
1513.txt neg pos:0.9373881957523074 neg:0.06261180424769269 
868.txt pos pos:0.9131795601585652 neg:0.08682043984143478 
116.txt pos neg:0.9013427058956462 pos:0.09865729410435384 
814.txt pos pos:0.5146721044624714 neg:0.48532789553752864 
4005.txt neg neg:0.999999803837614 pos:1.961623859491422E-7 
1931.txt pos pos:0.9991636862099355 neg:8.363137900645422E-4 
1705.txt pos neg:0.6138840049386077 pos:0.38611599506139227 
1871.txt pos pos:0.9997952114560501 neg:2.0478854395000049E-4 
3165.txt pos pos:0.9999999993673467 neg:6.326531769765724E-10 
143.txt neg neg:0.5155180894325694 pos:0.4844819105674306 
1040.txt neg pos:0.7319572853215086 neg:0.2680427146784914 
2053.txt pos neg:0.9691702910602064 pos:0.030829708939793744 
775.txt neg neg:0.9997249408343937 pos:2.750591656062692E-4 
1943.txt pos pos:0.9805809112828013 neg:0.019419088717198614 
866.txt pos pos:0.9548570479709056 neg:0.045142952029094435 
2716.txt neg neg:0.7690641530291404 pos:0.23093584697085956 
2957.txt neg neg:0.9061159623492898 pos:0.09388403765071023 
1845.txt neg neg:0.988570791465794 pos:0.011429208534206058 
3335.txt pos pos:0.8661990119724474 neg:0.13380098802755266 
652.txt pos neg:0.7504058083283875 pos:0.24959419167161237 
2959.txt neg pos:0.9841458550742951 neg:0.015854144925705048 
3767.txt neg neg:0.8909415251816106 pos:0.10905847481838933 
3692.txt neg neg:0.9677143394339448 pos:0.03228566056605513 
3737.txt pos pos:0.7651200639430281 neg:0.2348799360569718 
808.txt neg neg:0.9970179081877035 pos:0.002982091812296493 
474.txt neg neg:0.9999859169844288 pos:1.4083015571151863E-5 
2361.txt neg neg:0.920093249166519 pos:0.07990675083348098 
1453.txt neg neg:0.6610530166374469 pos:0.3389469833625532 
982.txt pos pos:0.9994628704948468 neg:5.371295051531742E-4 
1885.txt neg neg:0.9999310162197119 pos:6.898378028796038E-5 
1318.txt pos pos:0.9936702548331001 neg:0.006329745166899788 
183.txt neg neg:0.9963821314594996 pos:0.003617868540500454 
1626.txt pos neg:0.9977303800579431 pos:0.0022696199420567595 
17.txt pos pos:0.9977262860173781 neg:0.00227371398262204 
656.txt neg neg:0.6182583022837888 pos:0.38174169771621125 
230.txt neg neg:0.9182368890359179 pos:0.08176311096408197 
3196.txt neg neg:0.9816985792851233 pos:0.018301420714876768 
3477.txt neg neg:0.998884426575227 pos:0.001115573424773011 
Trial 0 Trainer MaxEntTrainer,gaussianPriorVariance=1.0 Training Data Confusion Matrix
Confusion Matrix, row=true, column=predicted  accuracy=1.0
  label   0   1  |total
  0 neg 900   .  |900
  1 pos   . 900  |900

Trial 0 Trainer MaxEntTrainer,gaussianPriorVariance=1.0 training data accuracy= 1.0
Trial 0 Trainer MaxEntTrainer,gaussianPriorVariance=1.0 Test Data Confusion Matrix
Confusion Matrix, row=true, column=predicted  accuracy=0.775
  label   0   1  |total
  0 neg  76  24  |100
  1 pos  21  79  |100

Trial 0 Trainer MaxEntTrainer,gaussianPriorVariance=1.0 test data accuracy= 0.775

MaxEntTrainer,gaussianPriorVariance=1.0
Summary. train accuracy mean = 1.0 stddev = 0.0 stderr = 0.0
Summary. test accuracy mean = 0.775 stddev = 0.0 stderr = 0.0
