
-------------------- Trial 0  --------------------

Trial 0 Training MaxEntTrainer,gaussianPriorVariance=1.0 with 1800 instances
Trial 0 Training MaxEntTrainer,gaussianPriorVariance=1.0 finished
Trial 0 Trainer MaxEntTrainer,gaussianPriorVariance=1.0
 Raw Testing Data
2755.txt pos neg:0.9570932086690802 pos:0.042906791330919854 
524.txt pos pos:0.7947126384205903 neg:0.2052873615794098 
3295.txt neg neg:0.996646165625446 pos:0.003353834374554092 
883.txt neg neg:0.9992272844177355 pos:7.727155822645958E-4 
920.txt neg neg:0.9963710816153915 pos:0.003628918384608512 
2333.txt pos pos:0.9957729521541436 neg:0.004227047845856404 
1338.txt neg pos:0.7658109840179377 neg:0.23418901598206227 
2056.txt pos pos:0.9994860435195848 neg:5.139564804151444E-4 
4149.txt neg neg:0.9853707161894486 pos:0.014629283810551388 
580.txt pos pos:0.613416156848995 neg:0.3865838431510049 
1916.txt neg neg:0.9616007230331938 pos:0.03839927696680617 
3850.txt pos pos:0.7273225323965057 neg:0.27267746760349426 
2198.txt pos pos:0.718086611485594 neg:0.28191338851440606 
137.txt pos pos:0.9904246200787811 neg:0.00957537992121906 
1562.txt pos pos:0.8333381188662209 neg:0.16666188113377903 
2149.txt pos pos:0.7864156409755937 neg:0.21358435902440626 
1417.txt pos pos:0.9574144772648708 neg:0.04258552273512917 
555.txt neg neg:0.9872260247458479 pos:0.01277397525415215 
3664.txt pos pos:0.9272205117101998 neg:0.07277948828980021 
1899.txt pos pos:0.8935440049036175 neg:0.10645599509638243 
3061.txt neg neg:0.9994977769053389 pos:5.022230946609914E-4 
3283.txt neg neg:0.863474593704785 pos:0.1365254062952151 
2197.txt neg neg:0.9973280415588481 pos:0.0026719584411518406 
3425.txt pos pos:0.8235249676247577 neg:0.1764750323752423 
3857.txt pos neg:0.9890307751064848 pos:0.010969224893515055 
1781.txt neg neg:0.9975488498345259 pos:0.002451150165474143 
3816.txt neg neg:0.9859586000577466 pos:0.014041399942253422 
3796.txt pos pos:0.9193781988051011 neg:0.08062180119489888 
4000.txt neg neg:0.9999998778202668 pos:1.2217973310236953E-7 
331.txt pos pos:0.9744153735725876 neg:0.025584626427412424 
583.txt neg pos:0.5999161783529708 neg:0.40008382164702916 
1700.txt pos pos:0.9882044852231522 neg:0.011795514776847763 
1449.txt neg neg:0.9744947562585969 pos:0.025505243741403068 
1435.txt neg neg:0.9999939609307171 pos:6.039069282936196E-6 
1138.txt pos pos:0.9647153738128794 neg:0.03528462618712061 
1640.txt pos pos:0.9553424195039493 neg:0.04465758049605076 
2403.txt neg neg:0.9801471216795609 pos:0.01985287832043913 
1608.txt neg pos:0.8941703675484626 neg:0.10582963245153736 
1601.txt neg neg:0.9962474628778168 pos:0.0037525371221830525 
3634.txt neg neg:0.8072946162325442 pos:0.19270538376745575 
1377.txt pos pos:0.8572302091837144 neg:0.1427697908162856 
4034.txt pos pos:0.9962186204785823 neg:0.0037813795214175806 
2804.txt neg pos:0.6235687740507604 neg:0.3764312259492396 
3154.txt neg neg:0.9491312788714603 pos:0.0508687211285397 
2469.txt neg neg:0.8852997038599999 pos:0.11470029614000009 
1254.txt pos pos:0.998303202202721 neg:0.0016967977972790604 
2309.txt neg neg:0.9999996635701177 pos:3.3642988227036127E-7 
3591.txt neg pos:0.9908344237033359 neg:0.009165576296664028 
292.txt pos pos:0.9830363887935915 neg:0.01696361120640845 
3145.txt neg neg:0.995012645878539 pos:0.0049873541214609214 
2867.txt neg neg:0.8055614323613829 pos:0.19443856763861705 
3038.txt pos pos:0.7802457315732746 neg:0.2197542684267254 
4290.txt neg pos:0.6809056223688457 neg:0.31909437763115434 
1917.txt pos pos:0.9980965440884453 neg:0.00190345591155467 
3935.txt neg pos:0.9996074114537559 neg:3.9258854624413855E-4 
3749.txt pos neg:0.9507672637680596 pos:0.0492327362319404 
1500.txt neg neg:0.9896252535464288 pos:0.010374746453571077 
916.txt pos pos:0.9607698290543106 neg:0.03923017094568945 
2051.txt pos pos:0.999999141033834 neg:8.589661659643167E-7 
2100.txt pos neg:0.9970964587373738 pos:0.0029035412626261334 
3044.txt pos pos:0.8983249193225912 neg:0.10167508067740894 
3740.txt pos pos:0.9998468106959878 neg:1.531893040122578E-4 
4181.txt pos pos:0.9988502298606374 neg:0.001149770139362695 
1788.txt neg neg:0.9783461051165434 pos:0.02165389488345655 
3657.txt neg neg:0.970130224036409 pos:0.029869775963590868 
1964.txt neg neg:0.9938825629325512 pos:0.0061174370674488615 
4324.txt pos pos:0.9988562671634351 neg:0.0011437328365648176 
996.txt pos pos:0.9914064731575754 neg:0.00859352684242459 
2585.txt pos pos:0.7252757780678405 neg:0.2747242219321594 
1801.txt pos pos:0.9955219787166417 neg:0.004478021283358204 
1963.txt neg neg:0.5229831759300146 pos:0.47701682406998536 
3809.txt neg neg:0.9085830373375993 pos:0.0914169626624008 
544.txt neg neg:0.9958121986567169 pos:0.004187801343283084 
307.txt neg neg:0.9987301588841624 pos:0.0012698411158375523 
2307.txt neg neg:0.930564529421324 pos:0.06943547057867605 
3252.txt neg neg:0.720707687284221 pos:0.27929231271577903 
2415.txt neg neg:0.994807050540719 pos:0.0051929494592809254 
1981.txt pos neg:0.8589613580858249 pos:0.14103864191417506 
1647.txt pos pos:0.9705262817780551 neg:0.029473718221944778 
1606.txt neg neg:0.9864663720455522 pos:0.013533627954447685 
4306.txt neg neg:0.8420797248409218 pos:0.15792027515907822 
2828.txt pos neg:0.7109058067234355 pos:0.28909419327656455 
3314.txt pos pos:0.9999538312533417 neg:4.6168746658250144E-5 
3859.txt pos pos:0.9997597407099522 neg:2.402592900476859E-4 
1922.txt pos pos:0.9999999920148598 neg:7.985140318387568E-9 
4259.txt neg neg:0.9844697812574309 pos:0.015530218742569248 
3376.txt neg neg:0.8184374899568436 pos:0.1815625100431564 
376.txt pos neg:0.9968644820007843 pos:0.0031355179992156785 
3243.txt neg neg:0.9833279744399903 pos:0.016672025560009622 
717.txt pos pos:0.9998593730180708 neg:1.406269819290615E-4 
467.txt neg neg:0.9982408858081971 pos:0.001759114191802762 
363.txt neg neg:0.9930503150325063 pos:0.006949684967493579 
71.txt pos pos:0.9978335607856181 neg:0.002166439214381828 
2172.txt pos pos:0.9976340865583273 neg:0.0023659134416725708 
705.txt neg neg:0.9649072493817956 pos:0.03509275061820439 
2017.txt neg neg:0.7401506471618129 pos:0.2598493528381871 
2148.txt neg neg:0.996302860337336 pos:0.003697139662664101 
2638.txt pos pos:0.9993191414578246 neg:6.808585421752375E-4 
3043.txt pos pos:0.6439210467083688 neg:0.35607895329163125 
3824.txt neg neg:0.9996644277413456 pos:3.355722586544949E-4 
2150.txt neg neg:0.9400850919670378 pos:0.059914908032962205 
1957.txt pos neg:0.9849342802359018 pos:0.015065719764098295 
3663.txt pos pos:0.9999152158066276 neg:8.478419337253407E-5 
549.txt pos neg:0.9985673077364425 pos:0.0014326922635574885 
4247.txt pos pos:0.9954979706421255 neg:0.004502029357874588 
1865.txt pos pos:0.9846780415502904 neg:0.015321958449709641 
3004.txt pos pos:0.9996188583926212 neg:3.81141607378858E-4 
2966.txt pos pos:0.9388001163734291 neg:0.061199883626570896 
1847.txt neg neg:0.9064038935485265 pos:0.09359610645147351 
1718.txt pos pos:0.9369461011410642 neg:0.0630538988589357 
2961.txt pos neg:0.7349382901490472 pos:0.2650617098509527 
2010.txt neg pos:0.8653562789408961 neg:0.13464372105910397 
3818.txt neg neg:0.813967633047741 pos:0.18603236695225908 
2513.txt pos pos:0.8470599599308295 neg:0.15294004006917047 
1898.txt neg neg:0.9918998362012117 pos:0.008100163798788303 
2944.txt neg neg:0.8500168668897736 pos:0.14998313311022637 
1496.txt neg neg:0.9995594899472358 pos:4.405100527643018E-4 
229.txt pos neg:0.9354311121728134 pos:0.0645688878271867 
1925.txt pos pos:0.9912628097237497 neg:0.00873719027625031 
1336.txt neg neg:0.7636989387229961 pos:0.23630106127700393 
3574.txt pos neg:0.8461643266694514 pos:0.15383567333054857 
3036.txt pos pos:0.8915530138378399 neg:0.10844698616216007 
3962.txt pos pos:0.9999280063244398 neg:7.199367556016278E-5 
1042.txt neg neg:0.9998117250096061 pos:1.8827499039397201E-4 
812.txt neg pos:0.5738701791439231 neg:0.42612982085607676 
1856.txt neg neg:0.9375685562254531 pos:0.06243144377454697 
4110.txt pos pos:0.9970806814081585 neg:0.0029193185918415256 
2175.txt pos pos:0.9470216630711759 neg:0.052978336928824185 
2970.txt pos pos:0.9638796381429525 neg:0.036120361857047555 
1170.txt neg neg:0.9840051785794253 pos:0.01599482142057467 
4288.txt neg pos:0.5309592443905372 neg:0.4690407556094629 
1550.txt pos pos:0.9985705937834648 neg:0.0014294062165352314 
944.txt neg neg:0.9925627370347753 pos:0.007437262965224785 
3244.txt neg neg:0.9919532609199251 pos:0.008046739080074859 
800.txt pos neg:0.9890340133541125 pos:0.010965986645887544 
2553.txt pos pos:0.9645971572700941 neg:0.03540284272990589 
761.txt neg pos:0.6492255043682973 neg:0.35077449563170277 
4022.txt pos neg:0.9572701123179232 pos:0.042729887682076736 
240.txt neg neg:0.9999206736073478 pos:7.932639265215712E-5 
924.txt pos pos:0.876741426914376 neg:0.12325857308562395 
4117.txt pos pos:0.9998006221199239 neg:1.9937788007614977E-4 
4090.txt pos pos:0.9962016063164182 neg:0.003798393683581797 
316.txt neg neg:0.6290437495332918 pos:0.3709562504667082 
1507.txt neg neg:0.8801831288137901 pos:0.11981687118620989 
3680.txt pos pos:0.9999932382890947 neg:6.761710905346878E-6 
4211.txt pos pos:0.6519157060929863 neg:0.3480842939070137 
69.txt neg neg:0.9316468974960673 pos:0.06835310250393273 
989.txt pos pos:0.9999767388548549 neg:2.3261145144997946E-5 
1849.txt neg neg:0.9957749727699776 pos:0.004225027230022324 
3906.txt pos pos:0.9973977971528062 neg:0.0026022028471938624 
598.txt pos pos:0.9996597801860613 neg:3.4021981393874285E-4 
4222.txt neg neg:0.9835946382964247 pos:0.016405361703575205 
3055.txt pos neg:0.9777343734225246 pos:0.02226562657747543 
803.txt neg pos:0.6975569547152003 neg:0.3024430452847998 
2938.txt neg neg:0.9942323936503394 pos:0.005767606349660563 
835.txt pos pos:0.9852261625467901 neg:0.014773837453209987 
1053.txt neg neg:0.9849677716583437 pos:0.015032228341656243 
4301.txt neg neg:0.8013255639330291 pos:0.19867443606697077 
1021.txt neg neg:0.9413508230247142 pos:0.058649176975285974 
1649.txt pos neg:0.8707710068301794 pos:0.1292289931698207 
3980.txt neg pos:0.9854810889200326 neg:0.014518911079967448 
673.txt pos pos:0.9998962943356563 neg:1.0370566434355582E-4 
2729.txt pos pos:0.9859465117534623 neg:0.014053488246537774 
3236.txt neg pos:0.8531617796509494 neg:0.14683822034905064 
3999.txt pos pos:0.990760405396701 neg:0.009239594603299024 
1522.txt pos pos:0.7363255803739924 neg:0.26367441962600763 
4380.txt pos pos:0.9999999301979527 neg:6.980204724497465E-8 
2983.txt neg pos:0.9913116649460035 neg:0.008688335053996373 
770.txt neg neg:0.9980303444738897 pos:0.0019696555261103964 
3547.txt neg neg:0.9801767953650453 pos:0.019823204634954728 
4272.txt pos pos:0.9881497836135752 neg:0.01185021638642475 
3079.txt neg neg:0.8237159977980286 pos:0.17628400220197146 
2603.txt pos pos:0.822741617467551 neg:0.177258382532449 
2080.txt pos pos:0.9548581547219912 neg:0.04514184527800881 
2008.txt neg neg:0.9500500558790569 pos:0.049949944120943064 
1565.txt pos pos:0.9404175889490994 neg:0.05958241105090061 
1076.txt pos pos:0.9977125611499915 neg:0.0022874388500085845 
2471.txt neg pos:0.9974201917820901 neg:0.0025798082179099664 
737.txt neg neg:0.9986404206237164 pos:0.001359579376283546 
3987.txt neg neg:0.9293515990156681 pos:0.07064840098433177 
2381.txt pos pos:0.722104764728114 neg:0.27789523527188603 
3523.txt neg neg:0.9748247682953017 pos:0.02517523170469834 
247.txt neg pos:0.9798155730605439 neg:0.020184426939456025 
3940.txt neg neg:0.9999918489234483 pos:8.151076551724515E-6 
786.txt pos pos:0.7750395825147443 neg:0.22496041748525575 
2768.txt neg neg:0.9769397953059794 pos:0.023060204694020557 
1102.txt neg neg:0.6729071376604719 pos:0.32709286233952795 
2642.txt neg neg:0.6624963908381296 pos:0.3375036091618705 
1221.txt pos neg:0.9821277124685278 pos:0.01787228753147218 
2536.txt neg pos:0.9709300264427227 neg:0.02906997355727735 
1026.txt neg pos:0.6724243275215258 neg:0.32757567247847424 
849.txt pos pos:0.9783346332717197 neg:0.02166536672828034 
3486.txt pos pos:0.9044883988542143 neg:0.09551160114578573 
807.txt pos pos:0.9922033699313574 neg:0.007796630068642704 
4135.txt neg neg:0.9972120773277446 pos:0.0027879226722552193 
300.txt neg neg:0.9651998165953117 pos:0.03480018340468826 
2529.txt neg neg:0.9959923537322317 pos:0.004007646267768196 
860.txt neg neg:0.9956496364016569 pos:0.004350363598343012 
1698.txt pos pos:0.9791776653024241 neg:0.020822334697575738 
1379.txt pos pos:0.9875020689134892 neg:0.012497931086510726 
Trial 0 Trainer MaxEntTrainer,gaussianPriorVariance=1.0 Training Data Confusion Matrix
Confusion Matrix, row=true, column=predicted  accuracy=1.0
  label   0   1  |total
  0 neg 900   .  |900
  1 pos   . 900  |900

Trial 0 Trainer MaxEntTrainer,gaussianPriorVariance=1.0 training data accuracy= 1.0
Trial 0 Trainer MaxEntTrainer,gaussianPriorVariance=1.0 Test Data Confusion Matrix
Confusion Matrix, row=true, column=predicted  accuracy=0.82
  label   0   1  |total
  0 neg  81  19  |100
  1 pos  17  83  |100

Trial 0 Trainer MaxEntTrainer,gaussianPriorVariance=1.0 test data accuracy= 0.82

MaxEntTrainer,gaussianPriorVariance=1.0
Summary. train accuracy mean = 1.0 stddev = 0.0 stderr = 0.0
Summary. test accuracy mean = 0.82 stddev = 0.0 stderr = 0.0
