
-------------------- Trial 0  --------------------

Trial 0 Training NaiveBayesTrainer with 1800 instances
Trial 0 Training NaiveBayesTrainer finished
Trial 0 Trainer NaiveBayesTrainer
 Raw Testing Data
759.txt neg pos:0.8833299277838194 neg:0.11667007221618067 
1325.txt pos pos:1.0 neg:5.245156770011315E-47 
4254.txt neg pos:0.997979115688449 neg:0.0020208843115511184 
1538.txt neg neg:0.9999999979062348 pos:2.0937651721479367E-9 
3258.txt neg pos:0.7773918956572573 neg:0.2226081043427427 
2906.txt pos pos:0.998555199649315 neg:0.001444800350684853 
4069.txt neg neg:0.9519776510362026 pos:0.048022348963797444 
1793.txt neg neg:0.9994169232636335 pos:5.83076736366609E-4 
2974.txt pos pos:0.999999999720599 neg:2.7940087155744987E-10 
3439.txt pos pos:0.9999999989634905 neg:1.0365095249384632E-9 
1483.txt neg neg:0.9999986765911569 pos:1.3234088430448145E-6 
2418.txt neg neg:0.957871275343475 pos:0.0421287246565249 
3195.txt pos pos:0.9999999999999987 neg:1.4070206305108521E-15 
964.txt neg neg:0.9947821359873098 pos:0.005217864012690172 
3802.txt pos pos:0.9970574820731067 neg:0.002942517926893114 
2327.txt neg neg:0.5576075895948973 pos:0.44239241040510263 
3529.txt neg pos:0.516236728081461 neg:0.48376327191853896 
4343.txt pos pos:0.9999877157480676 neg:1.2284251932424349E-5 
1290.txt pos pos:0.9999962508601923 neg:3.7491398076746405E-6 
3107.txt pos pos:0.9999999941020496 neg:5.897950273481694E-9 
2590.txt pos pos:0.9981377919064209 neg:0.0018622080935792153 
2450.txt pos pos:0.999999999717242 neg:2.8275805396947175E-10 
1007.txt pos pos:0.9999999999695384 neg:3.046171845487661E-11 
3632.txt pos pos:0.5007472359810883 neg:0.4992527640189118 
3057.txt neg pos:0.9999998853044911 neg:1.1469550885996061E-7 
595.txt pos pos:0.9999999999998974 neg:1.0267608807719075E-13 
4344.txt pos pos:0.9999999958557029 neg:4.144297095989827E-9 
2824.txt neg neg:0.9935976517372812 pos:0.006402348262718755 
938.txt pos pos:0.9999999989624966 neg:1.0375033616038057E-9 
1683.txt pos pos:0.9999999999999998 neg:2.6648760336387364E-16 
2365.txt pos pos:1.0 neg:1.560219738188431E-17 
311.txt pos neg:0.9999999967507254 pos:3.249274555846234E-9 
2126.txt neg neg:0.9996303483756224 pos:3.696516243777169E-4 
3873.txt pos pos:1.0 neg:1.914780232571277E-29 
536.txt pos neg:0.805453557412025 pos:0.194546442587975 
3693.txt neg neg:0.9999999999998566 pos:1.434697111847192E-13 
364.txt pos pos:0.9999916220495902 neg:8.377950409636585E-6 
2850.txt pos pos:0.9996081067440621 neg:3.918932559378691E-4 
2039.txt neg pos:0.9980975866029611 neg:0.0019024133970388948 
2005.txt neg neg:0.999999999999936 pos:6.40451747654658E-14 
4105.txt pos pos:0.9999999999999987 neg:1.2996055988332817E-15 
3282.txt pos pos:0.9999908508084668 neg:9.14919153313489E-6 
409.txt neg neg:0.999664735666488 pos:3.3526433351202696E-4 
3017.txt neg neg:0.999999632691399 pos:3.6730860099948737E-7 
157.txt pos neg:0.6898839457771756 pos:0.31011605422282446 
2651.txt pos neg:0.9608452189065556 pos:0.039154781093444446 
3878.txt neg pos:0.99825198605873 neg:0.0017480139412699282 
3398.txt neg neg:0.9999999998756739 pos:1.2432615712933036E-10 
3132.txt pos pos:0.9999953404809953 neg:4.659519004778838E-6 
1826.txt pos pos:0.9922471026004527 neg:0.007752897399547465 
4193.txt pos pos:0.9999996341892602 neg:3.658107396789016E-7 
1035.txt pos pos:0.9999999999928841 neg:7.115853462161964E-12 
980.txt neg neg:1.0 pos:1.2520935237649647E-19 
2741.txt neg neg:0.9357925069704975 pos:0.06420749302950242 
1322.txt pos pos:0.9999885943512891 neg:1.1405648710850084E-5 
1187.txt pos pos:0.9999977081272677 neg:2.2918727321709717E-6 
200.txt pos pos:0.9997998105949013 neg:2.0018940509879278E-4 
2811.txt neg neg:0.9999467428996777 pos:5.325710032228034E-5 
1150.txt neg neg:0.9999999990095485 pos:9.904514475890614E-10 
2664.txt pos pos:0.9999887468698433 neg:1.1253130156632346E-5 
4177.txt pos pos:0.9999999999999916 neg:8.425063572805282E-15 
2596.txt neg neg:0.9999981345021587 pos:1.865497841372205E-6 
1420.txt neg neg:0.9999154966002369 pos:8.450339976308083E-5 
3566.txt pos pos:1.0 neg:4.7829535276334326E-18 
4179.txt pos pos:0.9999999988788839 neg:1.1211161893249533E-9 
3831.txt neg neg:0.9940276368332382 pos:0.005972363166761824 
4261.txt neg pos:0.6637626272953808 neg:0.33623737270461906 
4345.txt neg neg:0.999999999541201 pos:4.58799067415749E-10 
634.txt neg neg:0.9999920629077678 pos:7.937092232316559E-6 
1812.txt neg pos:0.8144606030681952 neg:0.18553939693180474 
3676.txt pos pos:0.9999999999997715 neg:2.2849766338825405E-13 
2312.txt neg neg:0.9999999999999996 pos:3.6508232222286994E-16 
1363.txt neg neg:0.9999926152044553 pos:7.384795544741908E-6 
2112.txt pos pos:1.0 neg:2.7082849852660916E-17 
2620.txt pos pos:0.9999999871337178 neg:1.2866282115054523E-8 
2382.txt pos pos:0.9993432704307817 neg:6.567295692183301E-4 
2411.txt neg neg:0.9999982634690352 pos:1.7365309649328174E-6 
1979.txt pos pos:0.9999984887862172 neg:1.5112137828420522E-6 
1883.txt neg pos:0.9087807782560343 neg:0.09121922174396563 
1428.txt pos pos:0.9998639929613531 neg:1.3600703864684357E-4 
2574.txt pos pos:0.9950420875354747 neg:0.004957912464525315 
11.txt neg neg:0.9887849457950342 pos:0.01121505420496579 
2740.txt pos pos:0.925643106424266 neg:0.07435689357573405 
1545.txt pos pos:0.999997862833887 neg:2.1371661128618424E-6 
2998.txt neg neg:0.9999929259116507 pos:7.074088349253604E-6 
3915.txt neg neg:0.9998505366143802 pos:1.494633856199563E-4 
2424.txt neg neg:0.9999999996225744 pos:3.7742572882542763E-10 
936.txt pos pos:0.9999367634691936 neg:6.323653080647178E-5 
1771.txt pos neg:0.9999999267370319 pos:7.326296804728969E-8 
1074.txt neg neg:0.9999999999999554 pos:4.463299452465254E-14 
2044.txt pos pos:0.9999639789643565 neg:3.6021035643412646E-5 
931.txt pos pos:1.0 neg:2.1908364276984856E-35 
227.txt neg neg:0.9999998531010432 pos:1.4689895666799072E-7 
2772.txt pos pos:0.9910076805761072 neg:0.00899231942389282 
1235.txt neg neg:0.9999999999994702 pos:5.298878132508698E-13 
2203.txt neg neg:0.9999994242597514 pos:5.757402485586813E-7 
3678.txt pos pos:0.9999999999967586 neg:3.2414536296885382E-12 
3837.txt pos pos:0.9999969796129152 neg:3.020387084730092E-6 
3175.txt pos pos:0.9999998746021093 neg:1.25397890806752E-7 
395.txt neg neg:0.9806989931237025 pos:0.019301006876297544 
161.txt pos pos:0.9999999996006341 neg:3.993659517954788E-10 
3223.txt neg pos:0.9708698361367827 neg:0.029130163863217286 
1032.txt pos neg:0.6931519017992243 pos:0.3068480982007757 
531.txt pos pos:0.9999999999415736 neg:5.84263850603167E-11 
4284.txt pos pos:1.0 neg:1.4636770843640102E-18 
2972.txt neg pos:0.999999912495373 neg:8.75046269889554E-8 
87.txt neg neg:0.9999999971743829 pos:2.8256171132454507E-9 
3225.txt pos neg:0.9918944417698977 pos:0.008105558230102396 
400.txt neg neg:0.9946664176047681 pos:0.005333582395231909 
2156.txt pos neg:0.999959479335024 pos:4.052066497593166E-5 
2535.txt neg neg:0.9370641252860576 pos:0.0629358747139423 
1739.txt neg neg:0.9999975437136388 pos:2.4562863613024336E-6 
3307.txt neg pos:0.9655430840476482 neg:0.03445691595235182 
1246.txt pos neg:0.9983342593809619 pos:0.0016657406190381287 
1542.txt pos pos:0.9993810327630925 neg:6.189672369074434E-4 
1469.txt neg neg:1.0 pos:7.436396221562495E-26 
1684.txt pos pos:0.9999999999564331 neg:4.3566883648334543E-11 
516.txt neg neg:0.9999523564051142 pos:4.764359488586053E-5 
3280.txt neg neg:0.9922699507108144 pos:0.007730049289185494 
2187.txt pos pos:0.999999999947548 neg:5.245207996754171E-11 
2665.txt neg neg:0.9999999988195725 pos:1.1804274240951153E-9 
2204.txt neg neg:0.9999992269498256 pos:7.730501745665637E-7 
3716.txt pos neg:0.9165620785256575 pos:0.08343792147434256 
4026.txt pos pos:0.9999999999973985 neg:2.6015306991491996E-12 
1248.txt pos pos:0.8558713095359075 neg:0.14412869046409252 
3436.txt neg neg:1.0 pos:3.0623096474106015E-22 
4289.txt pos pos:0.9999999999159865 neg:8.401343524191346E-11 
1110.txt neg neg:0.9999870051101272 pos:1.2994889872826313E-5 
722.txt neg pos:0.9999974193627043 neg:2.580637295610822E-6 
2160.txt pos pos:0.9999999999986355 neg:1.3643619481397578E-12 
105.txt neg neg:0.9999560238610936 pos:4.397613890651028E-5 
1234.txt pos neg:0.9609000229893948 pos:0.03909997701060533 
699.txt neg neg:0.9999999997999716 pos:2.0002841974310352E-10 
3514.txt pos pos:0.9999999776884168 neg:2.2311583181604245E-8 
3391.txt neg neg:0.7114159364206363 pos:0.28858406357936384 
3804.txt neg neg:0.9999999999726144 pos:2.7385562922407902E-11 
1936.txt neg neg:0.9999455174483619 pos:5.448255163810876E-5 
3630.txt neg neg:0.999999972370062 pos:2.7629937969000983E-8 
1737.txt neg neg:0.9998459331940965 pos:1.5406680590335936E-4 
193.txt neg neg:0.9995938660122144 pos:4.061339877856222E-4 
1072.txt pos pos:0.9999999999998734 neg:1.266430496416848E-13 
3638.txt pos pos:0.9902788052116949 neg:0.009721194788305146 
2889.txt neg pos:0.9992707275051329 neg:7.292724948670526E-4 
3969.txt neg neg:0.9999999999927256 pos:7.274375941334064E-12 
867.txt pos neg:0.9141099363585503 pos:0.08589006364144973 
523.txt neg neg:0.9999999999996629 pos:3.371704336304645E-13 
1328.txt pos pos:0.9526528648672132 neg:0.047347135132786704 
2128.txt neg pos:0.9394245336055802 neg:0.06057546639441983 
179.txt neg neg:0.9999991157868469 pos:8.842131530853668E-7 
1866.txt pos pos:0.9994043488561354 neg:5.956511438647115E-4 
3088.txt neg pos:0.9999999999999949 neg:5.171473359371131E-15 
682.txt pos pos:0.9999999999886537 neg:1.1346318572805301E-11 
1122.txt neg neg:0.9429425432311463 pos:0.057057456768853584 
318.txt pos neg:0.9291599137541595 pos:0.07084008624584047 
3728.txt neg pos:0.9187966422224139 neg:0.08120335777758617 
1654.txt neg neg:0.9999999999999574 pos:4.254868122653484E-14 
3729.txt pos pos:0.999956291433654 neg:4.370856634586943E-5 
896.txt neg neg:0.999999999999996 pos:4.1016311735078445E-15 
3555.txt neg neg:0.9999952401595985 pos:4.7598404015702675E-6 
4171.txt neg neg:0.9999793659252589 pos:2.0634074741080945E-5 
2002.txt neg neg:0.6181828315104361 pos:0.381817168489564 
1356.txt neg pos:0.9932135977922054 neg:0.0067864022077945745 
1703.txt pos pos:0.9999998921213337 neg:1.078786663914772E-7 
2774.txt neg neg:0.9999907979636407 pos:9.202036359327568E-6 
4170.txt pos neg:0.6885367692809179 pos:0.31146323071908216 
3332.txt neg neg:0.9999999935562189 pos:6.443780917745435E-9 
1627.txt pos pos:0.9999999512142671 neg:4.878573292553798E-8 
3259.txt pos pos:0.7023488785067158 neg:0.29765112149328415 
3134.txt neg neg:0.9999999972418034 pos:2.758196506535632E-9 
2462.txt pos neg:0.9962183332246286 pos:0.003781666775371353 
4215.txt pos pos:0.9999999999999989 neg:1.0850291947672154E-15 
2934.txt pos pos:0.9999999999644114 neg:3.5588744853291986E-11 
1937.txt pos neg:0.9990508542379095 pos:9.491457620905524E-4 
3720.txt pos pos:0.9999999922251662 neg:7.774833899407573E-9 
1482.txt pos pos:1.0 neg:7.9574697891065E-26 
2168.txt neg neg:0.9999999999996314 pos:3.686844214455408E-13 
1978.txt neg pos:0.99899008350633 neg:0.0010099164936700426 
3148.txt neg neg:0.9999999973723814 pos:2.6276185100717875E-9 
130.txt neg neg:0.6118832111261124 pos:0.3881167888738875 
4212.txt pos pos:0.9999999999980271 neg:1.9729667944762248E-12 
1317.txt pos pos:0.9644434954935213 neg:0.035556504506478834 
150.txt pos pos:0.9999999999945537 neg:5.446219321151784E-12 
1461.txt pos pos:0.948876334163529 neg:0.05112366583647103 
186.txt pos pos:0.9999944009925535 neg:5.5990074463416586E-6 
2825.txt pos pos:0.9375397353518511 neg:0.062460264648148994 
2463.txt neg pos:0.9999265594792803 neg:7.344052071967669E-5 
2575.txt neg pos:0.9999777795675626 neg:2.222043243734322E-5 
2369.txt neg neg:0.9999999999999998 pos:1.7323261008245463E-16 
3262.txt pos neg:0.9844177487423678 pos:0.015582251257632115 
1653.txt neg neg:0.6568298589210911 pos:0.3431701410789088 
2611.txt pos pos:0.9999979216639913 neg:2.07833600878019E-6 
1270.txt pos pos:0.9933318832006659 neg:0.006668116799334208 
2540.txt neg neg:0.9999999999999931 pos:6.983085977796869E-15 
1742.txt neg pos:0.9999999927701197 neg:7.2298802206269405E-9 
956.txt neg neg:0.9991018708856398 pos:8.981291143601686E-4 
3401.txt pos pos:1.0 neg:4.844553930408743E-17 
145.txt neg neg:0.9996260151542716 pos:3.7398484572846556E-4 
558.txt neg neg:0.9986613134284751 pos:0.00133868657152488 
3753.txt neg neg:0.988904422427568 pos:0.011095577572431906 
840.txt neg neg:0.9999922394760027 pos:7.760523997162621E-6 
Trial 0 Trainer NaiveBayesTrainer Training Data Confusion Matrix
Confusion Matrix, row=true, column=predicted  accuracy=0.9583333333333334
  label   0   1  |total
  0 neg 869  31  |900
  1 pos  44 856  |900

Trial 0 Trainer NaiveBayesTrainer training data accuracy= 0.9583333333333334
Trial 0 Trainer NaiveBayesTrainer Test Data Confusion Matrix
Confusion Matrix, row=true, column=predicted  accuracy=0.8
  label   0   1  |total
  0 neg  77  23  |100
  1 pos  17  83  |100

Trial 0 Trainer NaiveBayesTrainer test data accuracy= 0.8

NaiveBayesTrainer
Summary. train accuracy mean = 0.9583333333333334 stddev = 0.0 stderr = 0.0
Summary. test accuracy mean = 0.8 stddev = 0.0 stderr = 0.0
