
-------------------- Trial 0  --------------------

Trial 0 Training NaiveBayesTrainer with 1800 instances
Trial 0 Training NaiveBayesTrainer finished
Trial 0 Trainer NaiveBayesTrainer
 Raw Testing Data
3965.txt pos neg:0.9995961167754172 pos:4.038832245827334E-4 
719.txt neg neg:0.9999999990797981 pos:9.202018966407493E-10 
2931.txt neg neg:0.9999999999999896 pos:1.0432384369341592E-14 
3674.txt neg neg:0.9991731038187337 pos:8.268961812663013E-4 
3269.txt neg neg:0.9999999710882113 pos:2.891178881148733E-8 
2357.txt pos pos:1.0 neg:4.940647329457815E-25 
416.txt pos pos:0.9965308691493381 neg:0.0034691308506618187 
1822.txt pos pos:0.9999999119865062 neg:8.801349379794163E-8 
3012.txt pos pos:0.9953338637613756 neg:0.00466613623862429 
1275.txt neg pos:0.999999867690949 neg:1.3230905099908586E-7 
2162.txt neg neg:0.999999758944286 pos:2.4105571401285656E-7 
932.txt pos pos:1.0 neg:4.0896171940737497E-20 
438.txt neg pos:0.9999389160329716 neg:6.108396702846936E-5 
4023.txt neg pos:0.9982321896655048 neg:0.0017678103344952263 
2978.txt neg neg:0.997850535490447 pos:0.0021494645095528698 
55.txt neg pos:0.9999999870769671 neg:1.2923032899871461E-8 
587.txt neg pos:0.9965896728719569 neg:0.003410327128043096 
2793.txt neg neg:0.9999991949527258 pos:8.050472741333549E-7 
799.txt pos pos:0.99999999980327 neg:1.9673002820181764E-10 
2153.txt neg neg:0.9999999999948621 pos:5.137815835330695E-12 
3756.txt pos pos:0.9999999994173225 neg:5.82677421197485E-10 
1205.txt pos pos:0.7787630327002767 neg:0.22123696729972325 
1947.txt neg neg:0.9999999994819979 pos:5.180021575603418E-10 
4263.txt pos neg:0.6478261972691964 pos:0.3521738027308036 
2311.txt neg neg:0.9996327928614045 pos:3.6720713859542435E-4 
1730.txt neg pos:0.9786265947120089 neg:0.021373405287991247 
2006.txt neg neg:0.9999999999995699 pos:4.2999038803774155E-13 
2505.txt pos pos:1.0 neg:2.1616836104839774E-18 
121.txt pos pos:0.9999997543592064 neg:2.456407936197611E-7 
2795.txt pos pos:0.9999999999999944 neg:5.463022223452491E-15 
3899.txt pos pos:1.0 neg:1.9941029525986327E-31 
2738.txt pos pos:0.9263888104618571 neg:0.07361118953814291 
3833.txt pos pos:1.0 neg:2.3110625862502947E-26 
1862.txt pos neg:0.9999417223643982 pos:5.8277635601860624E-5 
3104.txt pos pos:0.9998265761374318 neg:1.734238625683223E-4 
204.txt pos pos:1.0 neg:6.265372186977615E-17 
360.txt pos pos:0.9999999999999971 neg:2.8479283900501057E-15 
1456.txt neg pos:0.89367200118584 neg:0.10632799881415995 
3141.txt neg neg:0.999762852785736 pos:2.371472142640121E-4 
1596.txt neg neg:0.9999999398422773 pos:6.015772269786393E-8 
4347.txt pos pos:1.0 neg:2.8252985744184285E-26 
4050.txt pos pos:1.0 neg:2.2133180019840623E-20 
423.txt pos neg:0.9944827592764428 pos:0.005517240723557248 
1044.txt pos neg:0.9989719579218159 pos:0.0010280420781841205 
768.txt neg neg:0.9999995346356428 pos:4.65364357165318E-7 
3190.txt neg pos:0.9675274763456675 neg:0.032472523654332494 
3958.txt neg pos:1.0 neg:3.81519196184246E-18 
1327.txt neg neg:0.8955079747149443 pos:0.10449202528505581 
2453.txt pos neg:0.8054977334434551 pos:0.19450226655654493 
4256.txt pos pos:1.0 neg:3.940802403295201E-25 
3394.txt pos pos:0.8915312784100287 neg:0.10846872158997141 
1293.txt pos pos:1.0 neg:1.0098592712894444E-33 
1598.txt neg neg:0.7548984715465615 pos:0.24510152845343836 
3518.txt neg neg:0.6009555977911492 pos:0.3990444022088508 
560.txt neg neg:0.7260266372533928 pos:0.2739733627466071 
2427.txt neg pos:0.9879434564397638 neg:0.01205654356023633 
818.txt pos pos:0.999999999996023 neg:3.977016885000678E-12 
349.txt neg neg:0.9999992746691398 pos:7.253308602374829E-7 
1818.txt neg neg:0.9994847651548135 pos:5.152348451865317E-4 
1900.txt neg neg:0.9999999999987033 pos:1.296630960391736E-12 
287.txt neg pos:0.9338805714605252 neg:0.06611942853947476 
1506.txt pos pos:1.0 neg:3.7442499586633593E-20 
1277.txt pos pos:0.9981936846782031 neg:0.0018063153217969172 
1740.txt pos pos:0.9999999999999678 neg:3.223253806839013E-14 
3646.txt neg neg:0.9999999501864507 pos:4.9813549184936175E-8 
174.txt neg pos:0.9187327089822528 neg:0.08126729101774717 
2826.txt pos pos:1.0 neg:2.1643314803175137E-23 
754.txt neg pos:0.999999969549948 neg:3.045005190927824E-8 
2745.txt neg neg:0.9999928192198432 pos:7.180780156810917E-6 
569.txt neg pos:0.9998792958153054 neg:1.2070418469447704E-4 
3697.txt neg neg:0.9999999999820985 pos:1.7901361044780173E-11 
1973.txt pos pos:0.9999843402866626 neg:1.5659713337355382E-5 
384.txt pos pos:0.9999978114207152 neg:2.1885792846985484E-6 
2652.txt pos pos:0.9999999835964486 neg:1.6403551387413747E-8 
1416.txt neg neg:0.9999966739391677 pos:3.3260608322063038E-6 
1127.txt pos pos:0.9999999999498246 neg:5.017540078480193E-11 
3751.txt pos pos:1.0 neg:4.886088938316772E-19 
1855.txt neg neg:0.999999999999954 pos:4.607213658174613E-14 
3013.txt neg neg:0.9999271886808374 pos:7.281131916260797E-5 
238.txt pos pos:0.5872589918914533 neg:0.4127410081085468 
2041.txt neg neg:0.9945690126415592 pos:0.005430987358440878 
1326.txt pos pos:0.999999974574624 neg:2.5425376014788777E-8 
2119.txt neg neg:0.9999994221521844 pos:5.778478156456173E-7 
1574.txt pos pos:0.9952492158578936 neg:0.004750784142106505 
1095.txt pos pos:1.0 neg:1.8818374887642406E-27 
464.txt pos pos:0.9991535986430385 neg:8.464013569615803E-4 
2097.txt neg neg:0.9715053260988427 pos:0.02849467390115731 
3910.txt pos pos:0.9999999999999998 neg:1.5013761329926297E-16 
4109.txt neg neg:0.9999995804420938 pos:4.195579063167798E-7 
4175.txt neg pos:0.9725512325214678 neg:0.027448767478532254 
3103.txt pos neg:0.9999999999178306 pos:8.216940566599653E-11 
1036.txt pos pos:1.0 neg:4.294288101927845E-21 
2295.txt neg neg:0.9999959740802986 pos:4.025919701338363E-6 
1243.txt neg pos:0.9993325739027618 neg:6.674260972382379E-4 
4173.txt pos pos:1.0 neg:2.9398990431358264E-34 
556.txt neg neg:0.9999412866668673 pos:5.8713333132607036E-5 
2776.txt pos pos:0.9990419968180236 neg:9.580031819762947E-4 
907.txt pos pos:1.0 neg:8.696312025340948E-27 
1481.txt pos pos:0.9971345280681867 neg:0.002865471931813272 
1791.txt pos pos:0.9999999997228821 neg:2.77117793220248E-10 
1278.txt neg neg:0.9528211622286238 pos:0.04717883777137619 
1998.txt neg neg:0.9999999989047086 pos:1.095291398822618E-9 
1884.txt neg neg:0.9921889171238072 pos:0.007811082876192918 
3986.txt pos pos:0.9999675532263274 neg:3.2446773672714815E-5 
1974.txt pos pos:0.9999997263845861 neg:2.73615413881818E-7 
2316.txt neg neg:0.999999999751958 pos:2.4804193579863517E-10 
3758.txt pos neg:0.9999983647644491 pos:1.6352355507898904E-6 
520.txt neg neg:0.9998435980495077 pos:1.5640195049230533E-4 
2855.txt neg neg:0.9999999798413981 pos:2.015860188916421E-8 
3922.txt pos pos:0.9999999952369953 neg:4.76300468466343E-9 
1797.txt neg pos:0.9999999464869882 neg:5.35130119074571E-8 
2883.txt neg neg:0.9999944972496781 pos:5.502750321770454E-6 
190.txt neg neg:0.9989631522828537 pos:0.001036847717146154 
1369.txt neg neg:0.9999999696311943 pos:3.036880569993799E-8 
1003.txt pos pos:0.9998363880758753 neg:1.6361192412473567E-4 
3673.txt neg pos:0.9888072050595257 neg:0.011192794940474211 
3719.txt neg pos:0.9998774399857727 neg:1.2256001422730411E-4 
3408.txt pos neg:0.9999992635763143 pos:7.364236856700562E-7 
3331.txt neg pos:0.5261621919915567 neg:0.4738378080084433 
141.txt neg neg:0.9999999999999014 pos:9.86729300218293E-14 
1859.txt pos pos:0.9999995878202461 neg:4.121797538312302E-7 
3137.txt neg neg:0.9999999985872676 pos:1.4127323043572225E-9 
3192.txt pos pos:0.9999999999999547 neg:4.5260672015153336E-14 
3586.txt pos pos:0.9999932005425983 neg:6.799457401572108E-6 
1659.txt neg neg:0.9999878915306356 pos:1.2108469364490156E-5 
3516.txt neg neg:0.9985174677048212 pos:0.0014825322951789296 
3378.txt neg neg:0.9999999206179108 pos:7.938208933628122E-8 
4307.txt pos pos:0.999702963391511 neg:2.970366084889316E-4 
84.txt pos pos:0.9971362732243474 neg:0.0028637267756525986 
619.txt pos neg:0.8536086821573626 pos:0.14639131784263731 
969.txt neg neg:0.9999998392400163 pos:1.6075998364830336E-7 
2777.txt neg neg:0.9998881639542234 pos:1.1183604577669034E-4 
1450.txt pos pos:0.9946374001522977 neg:0.0053625998477021975 
2570.txt pos neg:0.991414817553562 pos:0.00858518244643805 
3713.txt neg neg:0.9999994450223337 pos:5.549776661729967E-7 
949.txt pos pos:0.9999999999996998 neg:3.0010477752661433E-13 
889.txt pos pos:0.9999998768012942 neg:1.231987058517284E-7 
2653.txt neg neg:0.9998002361618005 pos:1.9976383819960021E-4 
2180.txt pos pos:0.6965341925226896 neg:0.30346580747731056 
280.txt neg neg:0.9940660750758705 pos:0.005933924924129407 
2866.txt pos neg:0.9999999953564438 pos:4.6435562421782886E-9 
2579.txt pos neg:0.9998294750486274 pos:1.705249513725601E-4 
864.txt pos pos:1.0 neg:1.2842052129228956E-18 
1858.txt neg neg:0.9836808133471165 pos:0.016319186652883455 
3228.txt pos pos:0.999998426312388 neg:1.5736876119950853E-6 
1933.txt pos neg:0.7244101659679579 pos:0.27558983403204207 
2072.txt pos pos:0.9998665911893356 neg:1.3340881066433938E-4 
1823.txt neg neg:0.9897519166956295 pos:0.010248083304370601 
1949.txt neg neg:0.9999999999751397 pos:2.486042023253068E-11 
1591.txt neg neg:0.5182436806993355 pos:0.48175631930066454 
1590.txt pos pos:0.999999999960133 neg:3.986701815722232E-11 
1078.txt pos pos:1.0 neg:2.4451483996542645E-23 
2593.txt pos pos:0.9999222846757536 neg:7.771532424648021E-5 
1501.txt pos pos:0.9998891323378746 neg:1.1086766212547255E-4 
1709.txt pos pos:1.0 neg:1.0829209257706638E-17 
1999.txt pos pos:0.9999987879156894 neg:1.2120843106738152E-6 
1680.txt pos neg:0.9850263826255725 pos:0.01497361737442747 
790.txt pos pos:0.9999999997405435 neg:2.5945650597093695E-10 
2612.txt pos pos:0.9999999999989504 neg:1.0496256072819124E-12 
332.txt neg neg:0.9994261616534516 pos:5.738383465485092E-4 
1886.txt pos pos:0.9999999944670266 neg:5.532973403148261E-9 
3069.txt pos pos:0.9996607064135966 neg:3.392935864034208E-4 
2904.txt neg neg:0.9999999999565219 pos:4.3478102606234736E-11 
4375.txt pos pos:1.0 neg:8.251926967223692E-22 
637.txt neg neg:0.9999999959948571 pos:4.005142953230927E-9 
404.txt neg neg:0.881153869178995 pos:0.11884613082100495 
1572.txt neg neg:0.9694607167990734 pos:0.03053928320092652 
7.txt neg neg:0.9993637790477933 pos:6.362209522066684E-4 
329.txt pos neg:0.9996437030410752 pos:3.5629695892484104E-4 
1775.txt pos pos:0.99999990715877 neg:9.28412299781704E-8 
2454.txt pos pos:0.9999999999526419 neg:4.7358195575192E-11 
3085.txt neg neg:0.9939432417575249 pos:0.006056758242475005 
3714.txt neg neg:0.9962984966600198 pos:0.0037015033399802437 
3919.txt pos neg:0.5606258253580276 pos:0.43937417464197226 
3176.txt pos pos:0.9999996011618993 neg:3.988381006428633E-7 
3759.txt neg pos:0.9982942810647208 neg:0.0017057189352791002 
1532.txt neg neg:0.9255430368543511 pos:0.07445696314564874 
1070.txt neg neg:0.9961713442335455 pos:0.0038286557664544683 
512.txt neg neg:0.9999999999999731 pos:2.6827423141976063E-14 
244.txt pos pos:0.9999999455329937 neg:5.44670063034663E-8 
3170.txt neg pos:0.9999170545909629 neg:8.294540903718048E-5 
1005.txt neg neg:0.9999999999378744 pos:6.21257433250308E-11 
3563.txt neg neg:0.8204755612930676 pos:0.17952443870693235 
4379.txt neg neg:0.8658867872022634 pos:0.1341132127977366 
3221.txt pos pos:0.999998564544232 neg:1.4354557679584616E-6 
3649.txt pos pos:0.9999999999999225 neg:7.745809679074484E-14 
20.txt neg neg:0.5847199724209848 pos:0.4152800275790152 
2701.txt neg neg:0.9999999999999862 pos:1.3728031071124011E-14 
4010.txt pos pos:1.0 neg:5.506138816341965E-22 
900.txt pos pos:0.9999999815321617 neg:1.8467838268804518E-8 
4340.txt pos pos:0.9999999999888607 neg:1.1139224075950468E-11 
532.txt pos pos:0.9996844485919327 neg:3.155514080672621E-4 
2123.txt pos pos:0.9999999641618549 neg:3.5838145274056726E-8 
3449.txt neg pos:0.9999999999999762 neg:2.3792852422634394E-14 
3757.txt neg neg:0.9999017175249117 pos:9.828247508816285E-5 
1934.txt pos pos:0.9995656712489955 neg:4.3432875100446217E-4 
3014.txt neg neg:0.9953529334195096 pos:0.004647066580490438 
1619.txt neg neg:0.9947448091568482 pos:0.005255190843151925 
4281.txt neg neg:0.9976421541265685 pos:0.002357845873431384 
443.txt neg neg:0.9999825429981966 pos:1.745700180348601E-5 
Trial 0 Trainer NaiveBayesTrainer Training Data Confusion Matrix
Confusion Matrix, row=true, column=predicted  accuracy=0.965
  label   0   1  |total
  0 neg 875  25  |900
  1 pos  38 862  |900

Trial 0 Trainer NaiveBayesTrainer training data accuracy= 0.965
Trial 0 Trainer NaiveBayesTrainer Test Data Confusion Matrix
Confusion Matrix, row=true, column=predicted  accuracy=0.8
  label   0   1  |total
  0 neg  77  23  |100
  1 pos  17  83  |100

Trial 0 Trainer NaiveBayesTrainer test data accuracy= 0.8

NaiveBayesTrainer
Summary. train accuracy mean = 0.965 stddev = 0.0 stderr = 0.0
Summary. test accuracy mean = 0.8 stddev = 0.0 stderr = 0.0
