
-------------------- Trial 0  --------------------

Trial 0 Training NaiveBayesTrainer with 1800 instances
Trial 0 Training NaiveBayesTrainer finished
Trial 0 Trainer NaiveBayesTrainer
 Raw Testing Data
2764.txt neg pos:0.5176167979255225 neg:0.4823832020744776 
1502.txt neg pos:0.9999836258924235 neg:1.637410757640945E-5 
1903.txt pos pos:0.9999967816574817 neg:3.218342518182502E-6 
2617.txt pos pos:0.9999999886141756 neg:1.1385824327162987E-8 
4238.txt neg neg:0.9999995399795942 pos:4.6002040576185457E-7 
994.txt pos pos:1.0 neg:1.4866854594312393E-18 
294.txt neg neg:0.9999922608394963 pos:7.739160503635837E-6 
453.txt pos pos:0.9999898840225653 neg:1.0115977434675E-5 
4229.txt neg neg:0.9907777847255621 pos:0.009222215274437888 
795.txt pos pos:0.9999999999705871 neg:2.941282207680261E-11 
877.txt pos neg:0.9999873882168223 pos:1.261178317775877E-5 
370.txt neg neg:0.9999999999912548 pos:8.745164126216224E-12 
2534.txt neg neg:0.9998250511927491 pos:1.7494880725083735E-4 
3677.txt pos pos:0.9999999999996143 neg:3.8571981400337945E-13 
651.txt neg neg:1.0 pos:1.8075065814120036E-31 
3553.txt neg neg:0.999999883537964 pos:1.1646203591725866E-7 
2887.txt pos pos:0.994863945132182 neg:0.0051360548678180944 
73.txt neg neg:0.9999999999932638 pos:6.736140909715579E-12 
986.txt neg neg:1.0 pos:1.3974507321451372E-20 
3754.txt pos neg:0.9979680035150609 pos:0.0020319964849392445 
4214.txt pos neg:0.9984384628098715 pos:0.0015615371901285932 
1621.txt pos pos:0.999999994803388 neg:5.196611913742472E-9 
533.txt neg neg:0.9999999999999969 pos:3.0427765939506895E-15 
4339.txt pos pos:0.9999999999999896 neg:1.0543374753756431E-14 
3528.txt neg pos:0.9999999108481603 neg:8.915183972472596E-8 
74.txt pos neg:0.9999998310971167 pos:1.6890288334646815E-7 
3306.txt neg neg:0.9999999996358475 pos:3.64152592397411E-10 
405.txt pos pos:0.9992810000438587 neg:7.189999561413774E-4 
3402.txt neg neg:0.568851233136604 pos:0.4311487668633959 
1210.txt neg neg:0.9999999703454865 pos:2.965451341286815E-8 
3347.txt pos pos:0.9988342169373546 neg:0.0011657830626454046 
4002.txt neg neg:0.9999984143901275 pos:1.585609872453278E-6 
2823.txt pos pos:0.999999999999996 neg:4.041452920769685E-15 
454.txt pos pos:0.9990854057922436 neg:9.14594207756558E-4 
4176.txt pos neg:0.999997732003331 pos:2.2679966690545483E-6 
1839.txt neg neg:0.9999990430645771 pos:9.569354229111748E-7 
2680.txt neg pos:0.9999999999999121 neg:8.802926083791672E-14 
4337.txt pos pos:0.9999999999989664 neg:1.033515562092816E-12 
1291.txt pos neg:0.9999999846332226 pos:1.536677730991603E-8 
3721.txt pos pos:0.9939893513819718 neg:0.0060106486180283615 
2619.txt pos pos:0.9999705224400764 neg:2.947755992346571E-5 
246.txt pos neg:0.5980957184255213 pos:0.40190428157447855 
4103.txt pos pos:1.0 neg:6.157711394628891E-24 
1727.txt neg pos:0.9997946151177294 neg:2.0538488227055295E-4 
4036.txt pos pos:0.999999987396247 neg:1.2603753088564568E-8 
2748.txt pos pos:0.9999985963125212 neg:1.403687478699176E-6 
2862.txt neg neg:0.9999999999999885 pos:1.1624914107381921E-14 
3761.txt pos neg:0.878381022685554 pos:0.12161897731444614 
3895.txt pos pos:1.0 neg:2.4158077679148536E-21 
2507.txt pos pos:0.9999999999882738 neg:1.1726123283488435E-11 
314.txt neg neg:0.9999647897841146 pos:3.521021588525376E-5 
3877.txt neg pos:1.0 neg:1.6999240295707903E-18 
158.txt pos pos:1.0 neg:2.4647901667988672E-18 
3778.txt neg pos:0.9901145971730253 neg:0.009885402826974789 
4220.txt neg neg:0.9999999986265655 pos:1.37343438341128E-9 
1828.txt neg neg:0.9999994840729607 pos:5.159270393319854E-7 
4283.txt neg neg:0.9999999983370478 pos:1.662952110608855E-9 
254.txt neg neg:0.9999999999903209 pos:9.67923717923886E-12 
1536.txt pos neg:0.9917200031732122 pos:0.008279996826787733 
2383.txt pos pos:0.9739458492511235 neg:0.026054150748876456 
359.txt pos neg:0.9889806270320716 pos:0.011019372967928352 
379.txt neg neg:0.9998234682332601 pos:1.7653176673984407E-4 
2711.txt neg neg:0.9821691361345494 pos:0.017830863865450658 
1984.txt pos pos:1.0 neg:9.100878191905869E-17 
1714.txt pos pos:1.0 neg:1.402331916210469E-19 
1091.txt neg neg:0.9992258766570111 pos:7.741233429889424E-4 
778.txt pos pos:0.9999497678598717 neg:5.023214012838301E-5 
4268.txt pos pos:0.9999999999938862 neg:6.1137963596808885E-12 
2986.txt neg neg:0.9999999970515256 pos:2.9484743400341267E-9 
1056.txt neg neg:0.9999999999999971 pos:2.7898418903106412E-15 
2900.txt pos neg:0.9997244577253784 pos:2.755422746215503E-4 
4303.txt neg neg:0.9999999999966906 pos:3.3094601079370157E-12 
3147.txt neg pos:0.9991441207885677 neg:8.558792114322938E-4 
2686.txt pos pos:1.0 neg:8.213639005617991E-19 
1531.txt pos pos:0.9999999999999822 neg:1.7848981581391618E-14 
3937.txt neg neg:0.999999755032469 pos:2.4496753101636133E-7 
2858.txt pos neg:0.9858652983558788 pos:0.014134701644121266 
545.txt pos pos:0.9867108383348806 neg:0.013289161665119382 
3119.txt pos pos:1.0 neg:2.8071742198714E-21 
3064.txt neg neg:0.5770771101054819 pos:0.4229228898945181 
2320.txt pos pos:1.0 neg:5.817462980715967E-26 
3912.txt pos pos:0.9999999727805539 neg:2.7219446237596375E-8 
3645.txt pos neg:0.864098459994425 pos:0.13590154000557492 
2635.txt neg pos:0.9999999999882927 neg:1.1707290845181866E-11 
2599.txt neg neg:0.999999999964899 pos:3.510094270593766E-11 
1240.txt pos pos:0.9610582790198532 neg:0.038941720980146886 
2410.txt neg neg:0.9999999997520612 pos:2.4793885410537846E-10 
2113.txt pos pos:0.9900418852164478 neg:0.009958114783552335 
3272.txt pos pos:0.999991499071696 neg:8.500928304084843E-6 
1893.txt neg pos:0.9820514357932939 neg:0.017948564206705982 
297.txt pos neg:0.9999898238495845 pos:1.0176150415400398E-5 
465.txt neg neg:0.999999999993634 pos:6.3659722941081E-12 
1595.txt pos pos:0.9912110150030978 neg:0.00878898499690218 
2368.txt neg neg:0.9999999985856289 pos:1.4143711466153654E-9 
629.txt pos pos:0.9999987411709518 neg:1.2588290480972958E-6 
2990.txt neg pos:0.5175826103155736 neg:0.4824173896844264 
1099.txt pos neg:0.9486992065456412 pos:0.05130079345435882 
2799.txt pos pos:0.9583599733918761 neg:0.04164002660812392 
3639.txt pos pos:0.9782482896546956 neg:0.02175171034530431 
2313.txt neg pos:0.9993016201609984 neg:6.983798390014437E-4 
3025.txt pos neg:0.9860266381758074 pos:0.01397336182419262 
127.txt neg neg:0.9999996680843444 pos:3.3191565570107465E-7 
2082.txt pos pos:0.5383234191452707 neg:0.46167658085472935 
1346.txt neg neg:0.6392239192700448 pos:0.3607760807299551 
2417.txt neg neg:0.999999999809783 pos:1.90217059577929E-10 
2093.txt pos pos:0.9999999868296412 neg:1.3170358750196527E-8 
1008.txt pos pos:0.9999999999833835 neg:1.6616542283518963E-11 
3715.txt neg neg:0.9980693714518533 pos:0.0019306285481467916 
683.txt pos pos:1.0 neg:2.910219145201866E-19 
138.txt neg pos:0.9926686844098194 neg:0.00733131559018053 
1049.txt neg neg:0.9999999814186203 pos:1.858137971529165E-8 
772.txt neg pos:0.8418808893026487 neg:0.15811911069735132 
1678.txt neg pos:0.9996578571666109 neg:3.421428333890074E-4 
3387.txt pos pos:0.999999998127195 neg:1.8728049213086675E-9 
4178.txt pos pos:0.999747899517194 neg:2.5210048280592735E-4 
4213.txt pos neg:0.9678967280049484 pos:0.032103271995051516 
1902.txt neg neg:0.8369750489124288 pos:0.16302495108757117 
4282.txt pos pos:0.9999999926818548 neg:7.318145252370475E-9 
2432.txt pos pos:0.9982637953925158 neg:0.0017362046074842214 
764.txt neg neg:0.9169837699374174 pos:0.08301623006258264 
2559.txt neg neg:0.9999791867430122 pos:2.0813256987713074E-5 
1087.txt neg neg:1.0 pos:6.877121080163997E-17 
3016.txt neg neg:0.9999999666142332 pos:3.338576691354458E-8 
257.txt pos pos:0.9999999999719262 neg:2.8073702278548364E-11 
2138.txt neg pos:0.9949395107532623 neg:0.0050604892467378685 
1309.txt pos pos:0.9999999999997873 neg:2.126411125607926E-13 
776.txt pos pos:0.9999999926267686 neg:7.3732312114971464E-9 
195.txt neg neg:0.9985314280680999 pos:0.0014685719319001028 
1882.txt neg pos:0.9840990062359576 neg:0.015900993764042314 
3945.txt neg neg:0.6151421434819749 pos:0.384857856518025 
3090.txt pos pos:0.5110540758195737 neg:0.48894592418042626 
684.txt pos neg:0.9918236715801094 pos:0.008176328419890695 
1096.txt neg pos:0.97997317324602 neg:0.020026826753980063 
3156.txt neg neg:0.9999999999999567 pos:4.332040691768056E-14 
2788.txt pos pos:1.0 neg:2.348154489647169E-17 
3041.txt pos pos:0.9999999999123177 neg:8.768221518301484E-11 
3560.txt pos pos:0.9999999989924391 neg:1.0075608727826475E-9 
2997.txt neg neg:0.99999999921076 pos:7.892400124612155E-10 
1777.txt pos pos:0.9256971799295883 neg:0.07430282007041172 
1744.txt neg neg:0.9999569379008154 pos:4.306209918472884E-5 
3879.txt neg neg:0.9999916629327845 pos:8.337067215585443E-6 
821.txt pos neg:0.9999687314428534 pos:3.126855714661288E-5 
1604.txt neg neg:0.9998760167731077 pos:1.2398322689221775E-4 
201.txt pos pos:0.9999999999900042 neg:9.9958542486552E-12 
1247.txt pos neg:0.897071592195765 pos:0.10292840780423505 
1592.txt pos pos:0.9999999999529283 neg:4.7071587995332075E-11 
2516.txt pos pos:0.9881284129267053 neg:0.011871587073294622 
3942.txt neg pos:0.9999999999999993 neg:7.227578490173153E-16 
1682.txt pos pos:0.9999999998882949 neg:1.1170505733045134E-10 
4378.txt neg pos:0.9996496023801847 neg:3.503976198153727E-4 
1206.txt neg pos:0.9999999003118805 neg:9.96881196056093E-8 
3009.txt neg neg:0.9995741240653782 pos:4.258759346218137E-4 
3631.txt neg neg:0.999999996742776 pos:3.257224090018757E-9 
1375.txt pos neg:0.9999931562520208 pos:6.843747979213677E-6 
2144.txt neg neg:0.999999999999974 pos:2.6016949632392742E-14 
3246.txt neg neg:0.9999996087593673 pos:3.912406326648824E-7 
2314.txt neg neg:0.9999999999999998 pos:2.824761578614977E-16 
1273.txt neg pos:0.9931123502641745 neg:0.006887649735825328 
1544.txt pos pos:0.9998543447601679 neg:1.4565523983220028E-4 
3985.txt neg neg:0.999999999934513 pos:6.548689906592411E-11 
1311.txt pos pos:1.0 neg:1.3007674760560722E-36 
1968.txt neg neg:1.0 pos:9.850920837702754E-18 
1513.txt neg neg:0.9999992977999649 pos:7.0220003516495E-7 
868.txt pos neg:0.7829654590520261 pos:0.21703454094797386 
116.txt pos neg:0.9837380617013954 pos:0.016261938298604655 
814.txt pos pos:0.9999999836385391 neg:1.636146070677452E-8 
4005.txt neg neg:0.999999999997206 pos:2.794009009126949E-12 
1931.txt pos pos:0.9999989327721986 neg:1.067227801404706E-6 
1705.txt pos pos:0.9999675337326605 neg:3.246626733960656E-5 
1871.txt pos pos:0.9999975626496104 neg:2.4373503895285173E-6 
3165.txt pos pos:1.0 neg:4.302318136079846E-20 
143.txt neg neg:0.9994089430303975 pos:5.910569696025473E-4 
1040.txt neg neg:0.9990729146318961 pos:9.270853681039663E-4 
2053.txt pos pos:0.9999919149729546 neg:8.085027045406465E-6 
775.txt neg neg:0.9999999999999556 pos:4.4452497704629564E-14 
1943.txt pos pos:0.9999999751341653 neg:2.4865834684045907E-8 
866.txt pos pos:0.9999849708443829 neg:1.5029155617088098E-5 
2716.txt neg pos:0.999992040177883 neg:7.95982211693648E-6 
2957.txt neg neg:0.9999068103008152 pos:9.31896991848809E-5 
1845.txt neg pos:0.9996864287038217 neg:3.1357129617835984E-4 
3335.txt pos pos:0.9999999999993336 neg:6.663478453806145E-13 
652.txt pos pos:0.9999999999125762 neg:8.742373583981762E-11 
2959.txt neg neg:0.5161043552213069 pos:0.48389564477869307 
3767.txt neg neg:0.9999999999999554 pos:4.473424783638012E-14 
3692.txt neg neg:0.7546102002963714 pos:0.24538979970362865 
3737.txt pos pos:0.9999999999407467 neg:5.925320681612636E-11 
808.txt neg neg:0.896782174836828 pos:0.10321782516317198 
474.txt neg neg:0.9999999999999996 pos:4.582688616790882E-16 
2361.txt neg pos:0.9732549315148474 neg:0.02674506848515272 
1453.txt neg neg:0.999937741338503 pos:6.225866149694809E-5 
982.txt pos pos:0.9999999984580972 neg:1.5419027739325353E-9 
1885.txt neg neg:0.9999999997860267 pos:2.139732232456168E-10 
1318.txt pos pos:0.9999999962675903 neg:3.732409670138538E-9 
183.txt neg pos:0.9999964371968277 neg:3.5628031722368174E-6 
1626.txt pos neg:0.9995703790266727 pos:4.296209733272705E-4 
17.txt pos pos:0.9962639621043657 neg:0.003736037895634259 
656.txt neg pos:0.9999922460000472 neg:7.753999952778874E-6 
230.txt neg neg:0.9479089565943727 pos:0.05209104340562747 
3196.txt neg neg:0.9999993600100922 pos:6.399899078581685E-7 
3477.txt neg neg:0.999963625963115 pos:3.6374036885055104E-5 
Trial 0 Trainer NaiveBayesTrainer Training Data Confusion Matrix
Confusion Matrix, row=true, column=predicted  accuracy=0.9627777777777777
  label   0   1  |total
  0 neg 871  29  |900
  1 pos  38 862  |900

Trial 0 Trainer NaiveBayesTrainer training data accuracy= 0.9627777777777777
Trial 0 Trainer NaiveBayesTrainer Test Data Confusion Matrix
Confusion Matrix, row=true, column=predicted  accuracy=0.745
  label   0   1  |total
  0 neg  73  27  |100
  1 pos  24  76  |100

Trial 0 Trainer NaiveBayesTrainer test data accuracy= 0.745

NaiveBayesTrainer
Summary. train accuracy mean = 0.9627777777777777 stddev = 0.0 stderr = 0.0
Summary. test accuracy mean = 0.745 stddev = 0.0 stderr = 0.0
