
-------------------- Trial 0  --------------------

Trial 0 Training NaiveBayesTrainer with 1800 instances
Trial 0 Training NaiveBayesTrainer finished
Trial 0 Trainer NaiveBayesTrainer
 Raw Testing Data
1274.txt pos pos:0.9999999999999989 neg:1.1319981132396841E-15 
398.txt pos pos:0.9999999999999998 neg:1.594245077677386E-16 
40.txt pos pos:0.962889638022605 neg:0.03711036197739493 
3180.txt pos neg:0.9764887218791406 pos:0.02351127812085948 
3829.txt neg neg:0.992271874468855 pos:0.0077281255311450366 
2765.txt neg neg:0.9999999999999993 pos:5.684900823355545E-16 
3704.txt pos pos:0.9326001235433432 neg:0.06739987645665667 
1051.txt pos pos:0.9998626951422948 neg:1.3730485770514685E-4 
1920.txt neg neg:0.9999607152580597 pos:3.9284741940327E-5 
824.txt neg neg:0.9912470826674207 pos:0.008752917332579255 
3405.txt pos neg:0.9888867407706924 pos:0.011113259229307743 
1211.txt neg neg:0.9996503990016138 pos:3.4960099838631463E-4 
3904.txt neg neg:0.9999999994806392 pos:5.19360776574563E-10 
3512.txt neg pos:0.9999323838490266 neg:6.761615097337817E-5 
4202.txt neg neg:0.9999999772556668 pos:2.2744333331338267E-8 
2533.txt pos pos:0.9999999999973044 neg:2.695649173961202E-12 
355.txt neg neg:0.9598842616087926 pos:0.04011573839120735 
2267.txt neg pos:0.9977837815325601 neg:0.002216218467439889 
114.txt neg neg:0.9999997619879142 pos:2.3801208583960544E-7 
2067.txt pos pos:0.9951070045005372 neg:0.004892995499462741 
3813.txt pos pos:0.9999991745439344 neg:8.254560656719156E-7 
4312.txt pos pos:0.9999999999990692 neg:9.30798695610804E-13 
2873.txt pos pos:0.9999999965938653 neg:3.4061346951335314E-9 
1493.txt pos pos:1.0 neg:1.3653731373087955E-17 
797.txt neg pos:0.9949811389352681 neg:0.005018861064731971 
2143.txt pos neg:0.9999989991628329 pos:1.0008371670563915E-6 
1478.txt neg neg:0.9997589536964626 pos:2.410463035374146E-4 
347.txt pos neg:0.9999999978006684 pos:2.1993315736499856E-9 
1058.txt pos pos:1.0 neg:1.168600227090889E-19 
215.txt neg neg:0.9999999999999809 pos:1.9112972473566247E-14 
2166.txt neg pos:0.988573355316787 neg:0.011426644683212922 
2847.txt neg neg:0.9999999844856247 pos:1.551437522624563E-8 
2406.txt pos neg:0.9668983835933107 pos:0.033101616406689405 
427.txt pos neg:0.9999724133215685 pos:2.758667843149146E-5 
1219.txt pos pos:0.9999904243427583 neg:9.575657241694591E-6 
967.txt pos pos:0.9999999999999849 neg:1.4998124024315453E-14 
1529.txt neg neg:0.9999820525182543 pos:1.7947481745697837E-5 
264.txt pos pos:0.7646661114561103 neg:0.2353338885438896 
2094.txt neg neg:0.9981410805270354 pos:0.0018589194729645843 
2045.txt neg neg:0.9999999999999862 pos:1.383729916436306E-14 
2808.txt pos pos:0.999993198611417 neg:6.801388583030686E-6 
3359.txt pos pos:0.9999943472760494 neg:5.652723950490746E-6 
608.txt neg neg:0.9998231116945859 pos:1.7688830541417184E-4 
1912.txt neg neg:0.939798803167621 pos:0.06020119683237902 
3571.txt neg pos:0.8190988185119362 neg:0.18090118148806378 
1561.txt pos pos:0.6008211497767878 neg:0.39917885022321214 
2586.txt pos pos:0.9999999997273057 neg:2.7269437783840137E-10 
742.txt pos pos:1.0 neg:7.275789647039014E-18 
1878.txt neg neg:0.9999994111968858 pos:5.8880311427737E-7 
1216.txt neg pos:0.9999998159938822 neg:1.8400611775128287E-7 
271.txt neg neg:0.9999768141681218 pos:2.3185831878330946E-5 
1713.txt neg neg:0.9999954207877884 pos:4.579212211625641E-6 
1677.txt neg pos:0.9944329011686434 neg:0.005567098831356714 
4182.txt pos pos:0.9999998455990261 neg:1.5440097385552164E-7 
781.txt neg pos:0.9999999999999429 neg:5.6980533291716E-14 
1307.txt neg neg:0.9999911590185164 pos:8.840981483586228E-6 
741.txt neg neg:0.9999999319867312 pos:6.801326873932521E-8 
3007.txt pos pos:0.9999999999999967 neg:3.3888163556244232E-15 
1876.txt neg neg:0.9999999999722768 pos:2.7723161976441407E-11 
2581.txt pos pos:0.9981810390046558 neg:0.0018189609953442839 
3420.txt neg neg:0.9996360316738035 pos:3.6396832619650416E-4 
1421.txt pos pos:1.0 neg:8.713611717043308E-20 
203.txt neg neg:0.9993136964760788 pos:6.863035239212997E-4 
1251.txt neg pos:0.9994038238428498 neg:5.961761571501394E-4 
272.txt pos pos:0.9969973713380268 neg:0.0030026286619731835 
2304.txt neg neg:0.9999999999998923 pos:1.0760211443603199E-13 
1065.txt neg neg:0.9999428384454775 pos:5.716155452242506E-5 
1514.txt pos pos:0.9999999999962368 neg:3.7632848125124425E-12 
1584.txt neg pos:0.99999999994023 neg:5.976995403144319E-11 
3982.txt pos pos:0.9999999999493963 neg:5.060376703840657E-11 
1552.txt neg pos:0.5917712504093973 neg:0.40822874959060274 
706.txt neg neg:0.999999996746838 pos:3.2531618699824446E-9 
4185.txt pos neg:0.8523668750965178 pos:0.14763312490348215 
2212.txt neg neg:0.8079058570493168 pos:0.19209414295068322 
4154.txt pos pos:1.0 neg:1.2185590368492116E-17 
101.txt pos neg:0.9999978745510862 pos:2.125448913630848E-6 
1983.txt neg pos:0.9999999999100926 neg:8.990735401685527E-11 
947.txt neg neg:0.9999999999976716 pos:2.3282740670335952E-12 
3373.txt pos pos:0.9999999997494682 neg:2.5053183716127293E-10 
1731.txt pos pos:1.0 neg:3.947197136066852E-28 
3554.txt pos pos:0.9998527256501689 neg:1.4727434983105353E-4 
1172.txt pos pos:0.995776032884084 neg:0.004223967115915952 
677.txt pos pos:1.0 neg:5.3070768061531146E-21 
1568.txt pos pos:1.0 neg:1.925515774110268E-38 
2946.txt pos pos:0.9999999981665801 neg:1.8334198874699512E-9 
2331.txt neg pos:0.9306035540793415 neg:0.06939644592065841 
844.txt pos neg:0.9471302437957175 pos:0.052869756204282393 
3018.txt pos pos:0.9933331728995023 neg:0.006666827100497695 
2305.txt pos pos:0.9996340633880513 neg:3.6593661194876144E-4 
659.txt neg neg:0.9999991333255598 pos:8.666744401690404E-7 
3188.txt neg neg:0.9999941399690141 pos:5.860030986046816E-6 
2409.txt neg neg:0.9991700933041742 pos:8.299066958258833E-4 
2909.txt neg neg:0.9999730752575234 pos:2.6924742476680552E-5 
91.txt neg neg:0.9999999758168182 pos:2.418318169540455E-8 
51.txt pos pos:1.0 neg:3.5491301086916236E-22 
3953.txt pos pos:0.9999962985520339 neg:3.701447966235E-6 
3730.txt neg neg:0.985072312342611 pos:0.014927687657388916 
2950.txt pos neg:0.9999993735135918 pos:6.264864081084339E-7 
1554.txt pos pos:0.5237243221709602 neg:0.47627567782903973 
276.txt neg neg:0.9992684291435725 pos:7.315708564274262E-4 
674.txt neg neg:0.9999996979426204 pos:3.020573795775694E-7 
2377.txt pos pos:0.9999999999824036 neg:1.759636360056438E-11 
2491.txt neg pos:0.9455127062335572 neg:0.054487293766442735 
1148.txt neg pos:0.6416714784013197 neg:0.3583285215986804 
898.txt neg neg:0.9998829418053601 pos:1.1705819463977237E-4 
396.txt pos pos:0.999868158796461 neg:1.3184120353894555E-4 
3263.txt neg neg:0.9999987734919109 pos:1.2265080892154395E-6 
3684.txt pos pos:0.9999999971487303 neg:2.8512696731761384E-9 
2129.txt pos pos:0.9999999999999958 neg:4.329500692334224E-15 
2916.txt neg neg:0.9996642284648839 pos:3.3577153511601417E-4 
1630.txt neg pos:0.9696680134304257 neg:0.030331986569574303 
1208.txt pos pos:0.9999998874903868 neg:1.1250961327262661E-7 
2179.txt neg pos:0.9999999959149686 neg:4.0850313963940334E-9 
476.txt pos neg:0.9919573178503274 pos:0.008042682149672627 
323.txt pos neg:0.9999999881652476 pos:1.1834752370962219E-8 
4352.txt pos neg:0.9999999999999978 pos:2.1728122255331188E-15 
263.txt pos pos:0.9999999831475127 neg:1.685248732029548E-8 
98.txt neg neg:0.9981714681259962 pos:0.001828531874003801 
3569.txt neg pos:0.9390569597046862 neg:0.06094304029531375 
2028.txt neg neg:0.9999759646000999 pos:2.4035399900107535E-5 
444.txt pos neg:0.999873832252446 pos:1.2616774755405517E-4 
1403.txt neg neg:0.9999987956968883 pos:1.2043031117554859E-6 
2898.txt neg neg:0.780209404303413 pos:0.21979059569658688 
2734.txt neg neg:0.9999999999999993 pos:5.635722697813943E-16 
2658.txt pos pos:1.0 neg:2.252262582952412E-18 
492.txt pos neg:0.9999971514408547 pos:2.8485591453256893E-6 
3200.txt neg neg:0.9999912288962163 pos:8.771103783711722E-6 
1109.txt pos pos:0.9999955687962676 neg:4.431203732386257E-6 
1088.txt neg neg:0.8816552959930422 pos:0.11834470400695794 
625.txt neg pos:0.9999999713342046 neg:2.86657952561779E-8 
3745.txt neg neg:0.999999413088381 pos:5.869116190757046E-7 
4227.txt pos pos:0.9999999999999982 neg:1.6918771098046308E-15 
1671.txt pos pos:1.0 neg:1.824029375066763E-31 
1720.txt pos pos:0.9999999999894829 neg:1.0517202671874278E-11 
972.txt neg neg:0.9994217087695086 pos:5.782912304912609E-4 
3576.txt neg neg:0.9999982158941758 pos:1.7841058242068157E-6 
1442.txt pos pos:0.9999999996231712 neg:3.768288618439784E-10 
1010.txt neg neg:0.9999999836491398 pos:1.635086020081938E-8 
2472.txt neg pos:0.7301795783408515 neg:0.2698204216591485 
3928.txt pos pos:0.9999985830434233 neg:1.4169565767556698E-6 
1728.txt neg pos:0.9983630613267213 neg:0.0016369386732787157 
2352.txt neg neg:0.9992904063349759 pos:7.09593665024238E-4 
1265.txt pos pos:1.0 neg:2.8585119635677777E-17 
1660.txt pos pos:0.9994159198521928 neg:5.840801478070585E-4 
211.txt pos pos:0.9880153190934191 neg:0.011984680906580954 
495.txt pos neg:0.990923699962112 pos:0.009076300037888082 
3374.txt pos neg:0.9999994821496977 pos:5.178503022979002E-7 
2757.txt neg neg:0.999997202368467 pos:2.7976315329303007E-6 
2242.txt pos pos:0.9999999998022968 neg:1.977032508173843E-10 
2958.txt neg neg:0.999999999999984 pos:1.5915293734169124E-14 
610.txt neg neg:0.5228817585086325 pos:0.4771182414913675 
49.txt neg pos:0.9947445835491574 neg:0.005255416450842618 
455.txt pos pos:0.9999999999890414 neg:1.0958507550346007E-11 
909.txt neg pos:0.9999999904281963 neg:9.571803635036886E-9 
3468.txt pos pos:0.9818390575987248 neg:0.018160942401275092 
1445.txt pos pos:0.9999999838300822 neg:1.6169917758746778E-8 
4079.txt pos pos:0.9999999997863722 neg:2.1362784625329602E-10 
1224.txt neg neg:0.9364907887760485 pos:0.06350921122395146 
1520.txt neg neg:0.9998762832981279 pos:1.237167018719663E-4 
2750.txt neg pos:0.9983259865871813 neg:0.0016740134128188143 
2282.txt pos pos:0.9970396347447908 neg:0.002960365255209262 
209.txt pos neg:0.9999999999998752 pos:1.247196029886439E-13 
3742.txt neg neg:0.9999999999996836 pos:3.1631309702833E-13 
2632.txt pos neg:0.9999999818768409 pos:1.8123159119083367E-8 
1141.txt neg pos:0.9999972176681284 neg:2.782331871509053E-6 
3380.txt neg neg:0.9999996709850095 pos:3.2901499039773645E-7 
4353.txt neg neg:0.998738220721735 pos:0.0012617792782649156 
96.txt pos pos:0.9360492998050769 neg:0.06395070019492305 
2674.txt neg neg:0.9999998816951285 pos:1.1830487139558503E-7 
3793.txt neg neg:0.9999999999999993 pos:5.819833755938086E-16 
3543.txt neg neg:0.9996395133712731 pos:3.6048662872684476E-4 
4279.txt neg neg:0.9999999229269065 pos:7.707309346061962E-8 
1804.txt neg neg:0.5424734458235777 pos:0.45752655417642224 
2623.txt pos neg:0.5109870196277636 pos:0.4890129803722364 
3413.txt pos pos:0.9999999999999283 neg:7.171166636372628E-14 
1643.txt pos pos:0.999954094504122 neg:4.5905495878034966E-5 
2423.txt neg neg:0.9999999999999998 pos:1.4652568175930216E-16 
1927.txt neg neg:0.9995797842458335 pos:4.202157541663647E-4 
1752.txt pos pos:0.985142336839222 neg:0.014857663160778021 
679.txt pos pos:0.9999999999999993 neg:7.570278875934168E-16 
880.txt neg pos:0.9999999670604651 neg:3.293953482214511E-8 
3993.txt pos pos:1.0 neg:1.488048083923295E-18 
2401.txt pos pos:0.9999998462510488 neg:1.537489511992224E-7 
827.txt pos pos:0.999999978344237 neg:2.1655762916339842E-8 
4027.txt neg neg:0.9999999999972939 pos:2.706155243601178E-12 
456.txt neg neg:0.8079996148865349 pos:0.19200038511346512 
4153.txt pos pos:0.9999999928210854 neg:7.178914525247449E-9 
387.txt pos pos:0.999999982183947 neg:1.7816053068864317E-8 
2557.txt pos pos:0.9999999983741845 neg:1.6258154606088903E-9 
793.txt pos pos:1.0 neg:7.547082920369095E-25 
1334.txt pos pos:0.9999999991209658 neg:8.790341286893248E-10 
1471.txt neg neg:0.9999999992849995 pos:7.150004071531604E-10 
1019.txt neg neg:0.9999999999138665 pos:8.613352426325321E-11 
602.txt pos pos:0.9707803707472565 neg:0.02921962925274335 
1669.txt pos pos:0.9933952377226282 neg:0.006604762277371818 
1779.txt neg neg:0.8907376435854775 pos:0.10926235641452253 
275.txt pos pos:0.9393263580080072 neg:0.060673641991992794 
1566.txt pos pos:0.9974945934410724 neg:0.0025054065589275795 
3892.txt neg neg:0.9999996309292917 pos:3.690707082561216E-7 
2015.txt pos pos:0.9999999924241624 neg:7.57583774230938E-9 
Trial 0 Trainer NaiveBayesTrainer Training Data Confusion Matrix
Confusion Matrix, row=true, column=predicted  accuracy=0.9611111111111111
  label   0   1  |total
  0 neg 869  31  |900
  1 pos  39 861  |900

Trial 0 Trainer NaiveBayesTrainer training data accuracy= 0.9611111111111111
Trial 0 Trainer NaiveBayesTrainer Test Data Confusion Matrix
Confusion Matrix, row=true, column=predicted  accuracy=0.77
  label   0   1  |total
  0 neg  74  26  |100
  1 pos  20  80  |100

Trial 0 Trainer NaiveBayesTrainer test data accuracy= 0.77

NaiveBayesTrainer
Summary. train accuracy mean = 0.9611111111111111 stddev = 0.0 stderr = 0.0
Summary. test accuracy mean = 0.77 stddev = 0.0 stderr = 0.0
