
-------------------- Trial 0  --------------------

Trial 0 Training NaiveBayesTrainer with 1800 instances
Trial 0 Training NaiveBayesTrainer finished
Trial 0 Trainer NaiveBayesTrainer
 Raw Testing Data
3741.txt neg neg:0.9955899942082107 pos:0.004410005791789361 
3733.txt neg neg:0.9998603321671364 pos:1.3966783286362827E-4 
1600.txt pos pos:0.9999999994456541 neg:5.543458839220041E-10 
3432.txt pos neg:0.7817525396808235 pos:0.21824746031917655 
2033.txt pos pos:0.9999999999990077 neg:9.924097099528783E-13 
3898.txt pos pos:0.999999997665332 neg:2.334668021443206E-9 
4107.txt pos neg:0.9901580488221973 pos:0.009841951177802752 
1418.txt pos pos:1.0 neg:3.479017038595454E-19 
2939.txt neg pos:0.9803760906304958 neg:0.019623909369504228 
117.txt neg pos:0.9724780280896285 neg:0.02752197191037162 
3144.txt neg neg:0.9999999906505387 pos:9.349461229152662E-9 
3907.txt neg neg:0.9999999875553581 pos:1.2444641729708382E-8 
2954.txt pos pos:0.6194447742204369 neg:0.38055522577956313 
2290.txt neg neg:1.0 pos:2.1902522931794776E-24 
1857.txt neg neg:0.9999934544207036 pos:6.545579296200782E-6 
1850.txt neg neg:0.9999616311659396 pos:3.836883406038535E-5 
1244.txt pos pos:0.9945957987775045 neg:0.005404201222495492 
1171.txt pos pos:1.0 neg:1.1505872452110463E-24 
1121.txt pos pos:0.9999988100057428 neg:1.1899942573063532E-6 
2452.txt pos pos:0.9999951702047843 neg:4.829795215689623E-6 
1980.txt neg pos:0.9998871184157356 neg:1.1288158426436511E-4 
623.txt pos pos:0.9999856655818642 neg:1.4334418135771593E-5 
129.txt pos pos:0.9999999943151427 neg:5.684857126508034E-9 
3113.txt neg neg:0.9999999070727716 pos:9.292722840313824E-8 
2753.txt neg neg:0.9972161538598932 pos:0.00278384614010684 
4146.txt neg neg:0.9998325784863842 pos:1.6742151361580734E-4 
921.txt neg neg:0.9999999656124935 pos:3.438750664973283E-8 
1345.txt pos pos:0.9999999994565525 neg:5.434474163409765E-10 
2794.txt pos pos:0.9314037027570338 neg:0.06859629724296626 
2250.txt pos pos:0.9999999999964333 neg:3.5667741685144873E-12 
2374.txt pos pos:1.0 neg:1.8368874473644608E-20 
976.txt neg neg:0.9999999999883507 pos:1.1649287991144598E-11 
1690.txt neg pos:0.9999999834050264 neg:1.659497347793634E-8 
3534.txt pos pos:0.9999999999981442 neg:1.8558789197882473E-12 
4134.txt neg neg:1.0 pos:6.019621960122477E-19 
3105.txt pos neg:0.9655384020625568 pos:0.034461597937443134 
3161.txt neg neg:0.9915790277555608 pos:0.008420972244439152 
541.txt pos neg:0.9956719378991719 pos:0.004328062100828182 
281.txt neg pos:0.9999998890274914 neg:1.1097250870079349E-7 
2503.txt pos pos:0.9999987378912523 neg:1.2621087478060986E-6 
440.txt pos neg:0.7501147019896196 pos:0.24988529801038045 
1137.txt neg neg:0.9999696225706389 pos:3.037742936107778E-5 
3662.txt neg neg:0.9614394378790239 pos:0.038560562120975986 
3435.txt pos pos:0.9999999999999851 neg:1.479534305990305E-14 
553.txt neg neg:0.9999999978656668 pos:2.134333188870215E-9 
884.txt neg neg:0.9999999664724766 pos:3.352752346962947E-8 
3451.txt neg neg:0.9999986290827612 pos:1.3709172388151971E-6 
3689.txt pos pos:0.9660734366176195 neg:0.03392656338238055 
4199.txt neg neg:0.9999999984596488 pos:1.5403512230844329E-9 
692.txt neg pos:0.938662018075578 neg:0.06133798192442191 
3918.txt pos pos:0.999999999086226 neg:9.137738997908906E-10 
3874.txt neg pos:0.999999890139074 neg:1.098609259453489E-7 
624.txt pos neg:0.9990487234106286 pos:9.512765893715625E-4 
2976.txt pos pos:0.9999030663310305 neg:9.693366896945321E-5 
1433.txt pos pos:0.9999999964175583 neg:3.5824415609723705E-9 
1360.txt pos pos:0.9999999999999485 neg:5.1512831323295824E-14 
3138.txt neg neg:0.9999999986465069 pos:1.353493201015414E-9 
2431.txt neg neg:0.9842077431271544 pos:0.015792256872845457 
3082.txt pos pos:0.9759016016793223 neg:0.024098398320677686 
1292.txt pos pos:1.0 neg:1.7623931247722355E-22 
13.txt pos neg:0.9999999993725168 pos:6.274831378623255E-10 
2884.txt pos pos:1.0 neg:4.874258334349615E-21 
4322.txt neg pos:0.9711348067257457 neg:0.02886519327425437 
3039.txt neg neg:0.9999999998671429 pos:1.3285709237263062E-10 
1708.txt pos neg:0.8051018344866745 pos:0.19489816551332553 
2356.txt pos pos:0.9999915435631224 neg:8.45643687752657E-6 
2299.txt neg neg:0.9999999999989604 pos:1.0396041906601102E-12 
301.txt neg neg:0.9999999998292795 pos:1.7072052694834074E-10 
170.txt pos pos:1.0 neg:1.5525525865682534E-18 
3588.txt neg neg:0.9995493872214654 pos:4.5061277853458524E-4 
819.txt pos pos:0.9999999963160624 neg:3.6839374832470925E-9 
4300.txt neg neg:0.9999999993322115 pos:6.677883850145175E-10 
3975.txt neg neg:0.9998767926997619 pos:1.232073002380311E-4 
1989.txt neg neg:0.9999212444833256 pos:7.875551667448012E-5 
3548.txt pos neg:0.9926243618421505 pos:0.007375638157849441 
1038.txt neg neg:0.9999999999999998 pos:1.4601592842659232E-16 
2915.txt neg neg:0.9999998817326794 pos:1.1826732071546033E-7 
462.txt pos pos:1.0 neg:2.5184198607233438E-18 
110.txt neg neg:0.9843459354895704 pos:0.01565406451042952 
2286.txt pos neg:0.9756901653775025 pos:0.024309834622497396 
2455.txt pos pos:0.9999999999760893 neg:2.391063955213215E-11 
2495.txt neg neg:0.9999999999954883 pos:4.511672469356155E-12 
3696.txt neg neg:0.9999995559532389 pos:4.440467610308766E-7 
810.txt pos pos:0.9999999955547725 neg:4.445227521007492E-9 
2537.txt neg neg:0.9999958125193888 pos:4.187480611090429E-6 
1646.txt neg neg:0.9996238463625841 pos:3.761536374160156E-4 
1657.txt pos neg:0.9958212595362054 pos:0.004178740463794619 
66.txt pos pos:0.9979699424311848 neg:0.002030057568815314 
308.txt neg neg:0.9999838702422627 pos:1.6129757737314603E-5 
2827.txt pos pos:0.9999999983483068 neg:1.6516932977430566E-9 
3166.txt neg neg:0.9999999998961258 pos:1.0387413183485523E-10 
590.txt pos neg:0.9999802703832958 pos:1.9729616704161547E-5 
1231.txt pos neg:0.9995062414464596 pos:4.937585535404582E-4 
3964.txt pos pos:1.0 neg:3.332088714251826E-29 
2771.txt neg neg:0.9999999999973019 pos:2.6979912244361215E-12 
4091.txt neg neg:0.9999629814338563 pos:3.7018566143765634E-5 
3184.txt pos pos:0.9999999999929252 neg:7.074827502508887E-12 
2380.txt pos neg:0.9831331585846487 pos:0.016866841415351344 
3797.txt neg neg:0.9999999996160109 pos:3.8398914574615755E-10 
3424.txt neg neg:0.8670997140407074 pos:0.1329002859592927 
3498.txt pos pos:0.9953670186978986 neg:0.004632981302101443 
1996.txt pos pos:0.9999999653279071 neg:3.467209295920926E-8 
1353.txt neg neg:0.999999999975117 pos:2.4882932296293283E-11 
2443.txt neg pos:0.9999978629690104 neg:2.137030989638685E-6 
260.txt pos pos:0.6424675481154711 neg:0.35753245188452887 
432.txt pos pos:0.999999999899656 neg:1.0034391641083263E-10 
606.txt pos pos:0.9999999804113205 neg:1.958867936597252E-8 
250.txt neg neg:0.9999999961819237 pos:3.81807624738364E-9 
43.txt pos pos:1.0 neg:1.3739323232730323E-34 
3131.txt neg neg:0.999999525525705 pos:4.7447429496683676E-7 
3179.txt pos pos:0.9806830387596288 neg:0.019316961240371102 
3093.txt neg neg:0.9999997913507173 pos:2.0864928272591218E-7 
149.txt neg neg:0.9999999999997629 pos:2.371252612216897E-13 
4219.txt pos pos:0.9999998076619431 neg:1.923380569639247E-7 
237.txt pos pos:0.9999992766932446 neg:7.233067554285699E-7 
3338.txt pos neg:0.9999999981440968 pos:1.8559031933671035E-9 
3840.txt pos pos:0.9999998684905724 neg:1.315094275629287E-7 
2969.txt neg neg:0.9974101533577983 pos:0.0025898466422018523 
1499.txt pos pos:0.9999779184400696 neg:2.2081559930467268E-5 
177.txt pos pos:0.9999999964617468 neg:3.538253234538041E-9 
380.txt neg neg:1.0 pos:1.7880140187623746E-19 
4.txt pos neg:0.9999897226984992 pos:1.0277301500784325E-5 
2515.txt neg neg:1.0 pos:1.987122405042993E-19 
4080.txt pos neg:0.9947135639936941 pos:0.005286436006305894 
2861.txt neg neg:0.9999999999999785 pos:2.1439184740621673E-14 
3491.txt pos pos:0.9968967982277459 neg:0.003103201772254166 
1587.txt neg neg:0.9999995870597396 pos:4.129402603821415E-7 
1863.txt pos pos:0.9998287966439762 neg:1.7120335602392901E-4 
2778.txt neg neg:0.9999997062856377 pos:2.9371436231915714E-7 
2560.txt neg neg:0.9999999049450773 pos:9.505492277200159E-8 
2088.txt neg neg:0.9411496901899276 pos:0.05885030981007242 
2414.txt neg pos:0.7000445222464462 neg:0.2999554777535537 
643.txt neg neg:0.9995214828697194 pos:4.7851713028050603E-4 
449.txt pos pos:0.8044411150632693 neg:0.1955588849367307 
1589.txt neg neg:0.9999445601876212 pos:5.543981237876113E-5 
4217.txt pos pos:0.9999999999999998 neg:1.1930259367124371E-16 
2829.txt pos pos:0.8106173827627694 neg:0.18938261723723057 
1130.txt neg neg:0.9999999999620994 pos:3.790056195577583E-11 
2982.txt pos neg:0.9999938976103165 pos:6.102389683544639E-6 
941.txt pos pos:0.9999999937486643 neg:6.251335541541261E-9 
1284.txt neg neg:0.9999999234375717 pos:7.656242824915997E-8 
832.txt pos neg:0.9999995156498614 pos:4.843501386300517E-7 
990.txt pos pos:0.9999999999999998 neg:1.417197783045744E-16 
44.txt pos pos:0.9999999595926007 neg:4.040739937439888E-8 
2852.txt pos pos:0.9555529717261589 neg:0.04444702827384113 
2174.txt neg neg:0.999997639595102 pos:2.3604048979832483E-6 
1378.txt neg neg:0.9098687666843649 pos:0.0901312333156351 
904.txt neg neg:0.9999999999970888 pos:2.9112357744952304E-12 
1991.txt pos pos:0.998487096530492 neg:0.0015129034695080647 
2075.txt neg neg:0.9999987248209765 pos:1.2751790234842902E-6 
2814.txt neg pos:0.9210531067264839 neg:0.07894689327351599 
4197.txt neg neg:0.9717988120333882 pos:0.0282011879666117 
3384.txt neg neg:0.9998725934760743 pos:1.274065239258266E-4 
978.txt neg neg:0.9999999994088031 pos:5.911967972783092E-10 
2025.txt neg neg:0.9999993180939191 pos:6.819060808473703E-7 
3990.txt pos pos:1.0 neg:2.924665352639764E-23 
68.txt pos pos:0.9999442614542695 neg:5.5738545730554063E-5 
503.txt neg neg:0.9999999999999196 pos:8.034121530052015E-14 
3635.txt neg pos:0.6937525455083793 neg:0.3062474544916206 
757.txt pos pos:0.999999999999136 neg:8.639842578848924E-13 
3647.txt neg neg:0.9999992405186405 pos:7.594813594909634E-7 
3102.txt pos neg:0.5331403835404734 pos:0.4668596164595266 
1367.txt pos neg:0.6853688033883092 pos:0.3146311966116908 
2444.txt neg pos:0.9991518341189735 neg:8.481658810264452E-4 
4265.txt pos neg:0.9475341868606997 pos:0.05246581313930044 
2967.txt neg pos:0.6415830417217121 neg:0.3584169582782878 
2140.txt pos neg:0.9999999999985181 pos:1.4819317894535526E-12 
613.txt neg pos:0.9999999999999931 neg:6.989353271574162E-15 
288.txt neg neg:0.996191779175177 pos:0.0038082208248230247 
2953.txt pos pos:0.9950248303042637 neg:0.004975169695736345 
1774.txt pos pos:0.702957556824215 neg:0.29704244317578493 
2022.txt neg neg:0.9997613689354842 pos:2.3863106451592E-4 
3832.txt pos pos:0.9999992154602866 neg:7.845397134749511E-7 
3972.txt neg neg:0.9999999999355234 pos:6.44765820628345E-11 
2737.txt pos pos:0.9285978931064803 neg:0.0714021068935196 
576.txt neg neg:0.9991371663767129 pos:8.628336232871241E-4 
2297.txt neg neg:0.9999712140216382 pos:2.878597836170558E-5 
4348.txt pos pos:1.0 neg:2.4077514898049087E-25 
1800.txt neg neg:0.9992338624828037 pos:7.66137517196311E-4 
483.txt neg neg:0.99999999846516 pos:1.5348399894491347E-9 
1547.txt pos pos:0.8348562558507218 neg:0.16514374414927827 
997.txt pos pos:0.9999996882375287 neg:3.117624711903348E-7 
1958.txt neg pos:0.999999950328416 neg:4.9671583883309806E-8 
4051.txt pos pos:0.9999999413750694 neg:5.8624930531852545E-8 
644.txt neg neg:0.999999998154236 pos:1.84576397537817E-9 
1875.txt neg neg:0.6718003892201226 pos:0.3281996107798773 
1549.txt pos pos:0.9999999931743688 neg:6.825631216772871E-9 
4210.txt pos pos:0.9999999999888118 neg:1.1188258580541013E-11 
2009.txt neg neg:0.9999813705726025 pos:1.8629427397592223E-5 
4341.txt pos pos:0.9999999999999987 neg:1.3275522869711974E-15 
3293.txt pos pos:0.8761604241531571 neg:0.123839575846843 
2046.txt pos pos:1.0 neg:1.0958357131640625E-18 
1043.txt neg neg:1.0 pos:6.253739683845474E-25 
730.txt neg neg:0.9999691293364285 pos:3.087066357154883E-5 
3665.txt neg neg:0.9999999804240621 pos:1.9575937709649007E-8 
1558.txt neg neg:0.9969221261204633 pos:0.0030778738795368566 
4357.txt neg neg:0.9994042078931027 pos:5.957921068972764E-4 
1295.txt pos neg:0.9824846858053071 pos:0.017515314194692887 
3997.txt pos pos:0.9999999999999856 neg:1.4358937758193506E-14 
1789.txt pos pos:0.9999999999994946 neg:5.053321376048334E-13 
Trial 0 Trainer NaiveBayesTrainer Training Data Confusion Matrix
Confusion Matrix, row=true, column=predicted  accuracy=0.9605555555555556
  label   0   1  |total
  0 neg 868  32  |900
  1 pos  39 861  |900

Trial 0 Trainer NaiveBayesTrainer training data accuracy= 0.9605555555555556
Trial 0 Trainer NaiveBayesTrainer Test Data Confusion Matrix
Confusion Matrix, row=true, column=predicted  accuracy=0.8
  label   0   1  |total
  0 neg  84  16  |100
  1 pos  24  76  |100

Trial 0 Trainer NaiveBayesTrainer test data accuracy= 0.8

NaiveBayesTrainer
Summary. train accuracy mean = 0.9605555555555556 stddev = 0.0 stderr = 0.0
Summary. test accuracy mean = 0.8 stddev = 0.0 stderr = 0.0
