
-------------------- Trial 0  --------------------

Trial 0 Training MaxEntTrainer,gaussianPriorVariance=1.0 with 1638 instances
Trial 0 Training MaxEntTrainer,gaussianPriorVariance=1.0 finished
Trial 0 Trainer MaxEntTrainer,gaussianPriorVariance=1.0
 Raw Testing Data
4004.txt pos pos:0.987419075598532 neg:0.012580924401467871 
445.txt pos pos:0.9985620561830395 neg:0.0014379438169604486 
3777.txt pos pos:0.9856052779006748 neg:0.01439472209932527 
4242.txt pos pos:0.994716904867173 neg:0.00528309513282695 
2068.txt pos neg:0.7214369409024877 pos:0.2785630590975124 
2762.txt pos pos:0.9799945244436508 neg:0.02000547555634917 
1766.txt pos pos:0.958474610580984 neg:0.04152538941901591 
4354.txt pos pos:0.9317276563814705 neg:0.06827234361852948 
802.txt pos pos:0.9949757247247286 neg:0.005024275275271398 
2432.txt pos neg:0.9108836813521706 pos:0.08911631864782942 
2383.txt pos pos:0.9295437253032909 neg:0.07045627469670912 
1943.txt pos pos:0.9975263698496112 neg:0.0024736301503888243 
1931.txt pos pos:0.9998889013091418 neg:1.1109869085835884E-4 
868.txt pos pos:0.6453495820426396 neg:0.35465041795736046 
3754.txt pos neg:0.9930457898089661 pos:0.006954210191033859 
116.txt pos pos:0.9881537068563637 neg:0.011846293143636376 
1099.txt pos pos:0.931312058379051 neg:0.0686879416209491 
1745.txt pos pos:0.9984139231324821 neg:0.001586076867517858 
3010.txt pos pos:0.7259772728038706 neg:0.27402272719612936 
3375.txt pos pos:0.9970321385976105 neg:0.002967861402389401 
3309.txt pos pos:0.9986754054088075 neg:0.0013245945911925536 
882.txt pos pos:0.9612390773774689 neg:0.038760922622530995 
2077.txt pos pos:0.9406030674940197 neg:0.0593969325059804 
3505.txt pos pos:0.9994253411099085 neg:5.746588900913534E-4 
952.txt pos pos:0.9999835268084358 neg:1.6473191564075783E-5 
3047.txt pos pos:0.7565820371894736 neg:0.24341796281052647 
3502.txt pos pos:0.9995215173666862 neg:4.7848263331387033E-4 
403.txt pos pos:0.9909719474342744 neg:0.009028052565725654 
3098.txt pos pos:0.989281287274703 neg:0.01071871272529696 
1643.txt pos pos:0.9911662369583663 neg:0.008833763041633821 
1109.txt pos neg:0.8877341628633848 pos:0.11226583713661507 
2282.txt pos pos:0.8817045888906117 neg:0.11829541110938838 
387.txt pos pos:0.9920388058785032 neg:0.007961194121496764 
3405.txt pos pos:0.9895583445640364 neg:0.010441655435963629 
3928.txt pos pos:0.9994592911543965 neg:5.407088456035623E-4 
3132.txt pos pos:0.9951066421825993 neg:0.004893357817400683 
2906.txt pos pos:0.9996534403622379 neg:3.465596377621735E-4 
3566.txt pos pos:0.9999263600027204 neg:7.363999727945725E-5 
2825.txt pos pos:0.8496438495194212 neg:0.15035615048057874 
2740.txt pos neg:0.5442264515745403 pos:0.4557735484254597 
1866.txt pos pos:0.9842775708548946 neg:0.015722429145105386 
3514.txt pos pos:0.9979003557514055 neg:0.0020996442485944162 
161.txt pos pos:0.9698340072128082 neg:0.030165992787191766 
1270.txt pos neg:0.8667603192272365 pos:0.13323968077276352 
423.txt pos pos:0.9997099511949326 neg:2.900488050674114E-4 
3069.txt pos neg:0.524103820985659 pos:0.47589617901434106 
1205.txt pos pos:0.605439265816004 neg:0.3945607341839959 
3922.txt pos pos:0.9995790206345162 neg:4.209793654837522E-4 
1450.txt pos pos:0.9356821532827051 neg:0.06431784671729486 
2738.txt pos neg:0.771899720700245 pos:0.228100279299755 
238.txt pos pos:0.6470424416191802 neg:0.35295755838081977 
2828.txt pos pos:0.9884243582707222 neg:0.01157564172927783 
3044.txt pos pos:0.9819592290442752 neg:0.018040770955724688 
2966.txt pos pos:0.9425544727727188 neg:0.05744552722728134 
3574.txt pos pos:0.7103504052978535 neg:0.28964959470214646 
924.txt pos pos:0.9600040638925761 neg:0.03999593610742383 
2149.txt pos pos:0.8721775774683375 neg:0.1278224225316626 
440.txt pos pos:0.9163504181955595 neg:0.08364958180444057 
3548.txt pos neg:0.7931429497229431 pos:0.206857050277057 
2954.txt pos pos:0.7931543599511088 neg:0.20684564004889114 
623.txt pos pos:0.9973734205669393 neg:0.002626579433060625 
2829.txt pos pos:0.9696393245267467 neg:0.03036067547325335 
1991.txt pos pos:0.9969148254220426 neg:0.0030851745779574657 
1863.txt pos pos:0.9713477724922334 neg:0.028652227507766633 
2976.txt pos pos:0.8102533121425632 neg:0.18974668785743673 
624.txt pos pos:0.9988120255431052 neg:0.0011879744568947892 
1774.txt pos pos:0.941296677205527 neg:0.05870332279447292 
3491.txt pos neg:0.5987505785608074 pos:0.4012494214391927 
3179.txt pos pos:0.9994502457647504 neg:5.497542352496281E-4 
2794.txt pos neg:0.6016846997717982 pos:0.3983153002282018 
486.txt pos pos:0.9217161274113097 neg:0.07828387258869035 
1203.txt pos pos:0.9711531242031858 neg:0.02884687579681434 
574.txt pos pos:0.8832435888585136 neg:0.11675641114148651 
422.txt pos pos:0.9174341377871376 neg:0.08256586221286248 
501.txt pos pos:0.9984611042121475 neg:0.0015388957878526034 
394.txt pos neg:0.9884748712083348 pos:0.011525128791665246 
2190.txt pos neg:0.7750012371348994 pos:0.22499876286510057 
2141.txt pos pos:0.9959742848777373 neg:0.004025715122262708 
3701.txt pos pos:0.8400368016986758 neg:0.15996319830132422 
1563.txt pos pos:0.9975266418184207 neg:0.0024733581815794096 
2761.txt pos pos:0.6683733716163117 neg:0.33162662838368834 
446.txt pos pos:0.9292214424654078 neg:0.07077855753459218 
2101.txt pos pos:0.7591212983331751 neg:0.2408787016668249 
4350.txt pos pos:0.9867618976989879 neg:0.013238102301012158 
3880.txt pos pos:0.9808267398004042 neg:0.019173260199595827 
2517.txt neg neg:0.515800853811225 pos:0.484199146188775 
2339.txt neg neg:0.9192585707847776 pos:0.08074142921522248 
2758.txt neg neg:0.9901930344251468 pos:0.00980696557485311 
279.txt neg neg:0.9697275782009582 pos:0.030272421799041802 
2345.txt neg neg:0.9966247636490903 pos:0.0033752363509096397 
1196.txt neg neg:0.9993654631343796 pos:6.345368656203904E-4 
2342.txt neg neg:0.8855213739559342 pos:0.1144786260440658 
2171.txt neg neg:0.9209728139470243 pos:0.07902718605297562 
4203.txt neg neg:0.9992392882516082 pos:7.607117483916961E-4 
328.txt neg neg:0.9978941477871549 pos:0.0021058522128450025 
2027.txt neg pos:0.525121839324869 neg:0.474878160675131 
270.txt neg neg:0.6076020422266464 pos:0.39239795777335357 
353.txt neg neg:0.6161522819293953 pos:0.38384771807060464 
3593.txt neg neg:0.6610044547750308 pos:0.3389955452249692 
366.txt neg neg:0.9321574690413997 pos:0.0678425309586003 
2764.txt neg neg:0.9909936126694779 pos:0.009006387330522161 
3156.txt neg neg:0.8904391926980275 pos:0.10956080730197247 
465.txt neg neg:0.9993634112058984 pos:6.365887941016457E-4 
1893.txt neg neg:0.8966453949876155 pos:0.10335460501238454 
314.txt neg neg:0.9917489026731037 pos:0.008251097326896209 
3196.txt neg neg:0.8732795737905276 pos:0.12672042620947238 
3402.txt neg neg:0.998404337750726 pos:0.0015956622492739653 
2534.txt neg neg:0.899259057338615 pos:0.10074094266138506 
3715.txt neg neg:0.8858896682540048 pos:0.1141103317459951 
3692.txt neg neg:0.9975632135404945 pos:0.00243678645950537 
3879.txt neg neg:0.8269081139839192 pos:0.17309188601608086 
1594.txt neg neg:0.8093447576808185 pos:0.19065524231918157 
3333.txt neg neg:0.9981976203073386 pos:0.001802379692661396 
3913.txt neg neg:0.9891557991305583 pos:0.010844200869441621 
600.txt neg pos:0.523886725323569 neg:0.4761132746764311 
261.txt neg neg:0.8276423341649942 pos:0.17235766583500567 
3080.txt neg neg:0.7880532786022006 pos:0.2119467213977995 
1861.txt neg neg:0.9166092504286121 pos:0.08339074957138785 
816.txt neg neg:0.8827911257946319 pos:0.11720887420536798 
3543.txt neg neg:0.9866790138921073 pos:0.013320986107892743 
3200.txt neg neg:0.9991770446945397 pos:8.229553054601519E-4 
1552.txt neg neg:0.7020612582211176 pos:0.2979387417788823 
2750.txt neg neg:0.699708244646773 pos:0.3002917553532271 
1520.txt neg neg:0.9985756055731704 pos:0.0014243944268295923 
3730.txt neg neg:0.6624930192737634 pos:0.3375069807262365 
824.txt neg neg:0.9979212466537974 pos:0.0020787533462025033 
3892.txt neg neg:0.9994594711792283 pos:5.405288207717226E-4 
4261.txt neg neg:0.6687124498184754 pos:0.3312875501815245 
2824.txt neg neg:0.7847943088602787 pos:0.21520569113972132 
2327.txt neg pos:0.5679190700250646 neg:0.4320809299749354 
3831.txt neg neg:0.7771302776458459 pos:0.2228697223541541 
3258.txt neg neg:0.9319204586275868 pos:0.06807954137241327 
1793.txt neg pos:0.810264568381509 neg:0.1897354316184911 
193.txt neg neg:0.9504427238983956 pos:0.049557276101604375 
3280.txt neg pos:0.5103268853050846 neg:0.4896731146949153 
4069.txt neg neg:0.9506515164982093 pos:0.049348483501790795 
2535.txt neg neg:0.5696263318054873 pos:0.4303736681945128 
2153.txt neg neg:0.9991631970316802 pos:8.3680296831972E-4 
3190.txt neg pos:0.7304248402609577 neg:0.2695751597390424 
7.txt neg neg:0.9680000906349889 pos:0.03199990936501103 
2855.txt neg neg:0.8319888410015143 pos:0.16801115899848568 
443.txt neg neg:0.806473755954381 pos:0.193526244045619 
2041.txt neg neg:0.9986614974435163 pos:0.0013385025564837997 
438.txt neg pos:0.9041715485768 neg:0.09582845142319985 
2745.txt neg neg:0.9888796990485402 pos:0.01112030095145984 
3518.txt neg neg:0.8265748514046006 pos:0.1734251485953994 
3563.txt neg pos:0.5679867053039669 neg:0.43201329469603317 
2793.txt neg neg:0.9961582270978391 pos:0.0038417729021608996 
404.txt neg neg:0.8925953573912795 pos:0.10740464260872057 
520.txt neg neg:0.9929796539123028 pos:0.007020346087697231 
3523.txt neg neg:0.9995159368136349 pos:4.8406318636503985E-4 
4259.txt neg pos:0.7775710389196904 neg:0.22242896108030963 
4288.txt neg neg:0.9884129391423443 pos:0.011587060857655785 
2944.txt neg neg:0.8582171163336219 pos:0.14178288366637823 
2536.txt neg pos:0.9692330272296229 neg:0.030766972770377102 
3154.txt neg neg:0.9948147225193185 pos:0.005185277480681658 
2197.txt neg neg:0.9922536665143747 pos:0.007746333485625203 
316.txt neg pos:0.7499612289075844 neg:0.2500387710924156 
3295.txt neg neg:0.9465954707718983 pos:0.053404529228101724 
1606.txt neg neg:0.9981784249271319 pos:0.0018215750728679558 
1898.txt neg neg:0.9993624514258846 pos:6.375485741153038E-4 
3236.txt neg pos:0.9789327000001168 neg:0.021067299999883188 
2148.txt neg neg:0.9813889531273884 pos:0.018611046872611534 
2307.txt neg neg:0.9745230123373407 pos:0.0254769876626594 
1916.txt neg neg:0.9819758955272486 pos:0.0180241044727513 
1378.txt neg neg:0.9451090496761793 pos:0.05489095032382071 
3093.txt neg neg:0.9941184254846488 pos:0.005881574515351193 
1558.txt neg neg:0.9763343580237321 pos:0.02366564197626773 
4300.txt neg neg:0.9977991378268174 pos:0.0022008621731826683 
2537.txt neg neg:0.9869406370546713 pos:0.013059362945328662 
3635.txt neg pos:0.9958222602769323 neg:0.004177739723067684 
1202.txt neg neg:0.9951797042154913 pos:0.00482029578450885 
2158.txt neg pos:0.8420488845326515 neg:0.15795111546734855 
2744.txt neg neg:0.9730238903745563 pos:0.02697610962544376 
1534.txt neg pos:0.9331429794743625 neg:0.06685702052563736 
348.txt neg pos:0.8908122640303197 neg:0.10918773596968032 
577.txt neg neg:0.7244959939006627 pos:0.27550400609933723 
1370.txt neg neg:0.993065863601577 pos:0.006934136398422909 
1764.txt neg neg:0.793998357315995 pos:0.206001642684005 
3481.txt neg neg:0.6018591741574729 pos:0.39814082584252714 
579.txt neg neg:0.9577063019678597 pos:0.04229369803214044 
2445.txt neg neg:0.9883189602324479 pos:0.011681039767552122 
1519.txt neg pos:0.5965537404949164 neg:0.40344625950508356 
3651.txt neg neg:0.6767535727034986 pos:0.3232464272965015 
3541.txt neg neg:0.9272525572355123 pos:0.07274744276448787 
813.txt neg neg:0.9859019088471007 pos:0.014098091152899292 
937.txt neg pos:0.5137605775162202 neg:0.48623942248377977 
4188.txt neg neg:0.9975389712885708 pos:0.0024610287114291353 
3946.txt neg pos:0.9285488976800979 neg:0.07145110231990222 
1965.txt neg neg:0.9985536560548139 pos:0.0014463439451860294 
1083.txt neg neg:0.9940548178898129 pos:0.005945182110187031 
Trial 0 Trainer MaxEntTrainer,gaussianPriorVariance=1.0 Training Data Confusion Matrix
Confusion Matrix, row=true, column=predicted  accuracy=1.0
  label   0   1  |total
  0 pos 801   .  |801
  1 neg   . 837  |837

Trial 0 Trainer MaxEntTrainer,gaussianPriorVariance=1.0 training data accuracy= 1.0
Trial 0 Trainer MaxEntTrainer,gaussianPriorVariance=1.0 Test Data Confusion Matrix
Confusion Matrix, row=true, column=predicted  accuracy=0.8324607329842932
  label   0   1  |total
  0 pos  72  13  |85
  1 neg  19  87  |106

Trial 0 Trainer MaxEntTrainer,gaussianPriorVariance=1.0 test data accuracy= 0.8324607329842932

MaxEntTrainer,gaussianPriorVariance=1.0
Summary. train accuracy mean = 1.0 stddev = 0.0 stderr = 0.0
Summary. test accuracy mean = 0.8324607329842932 stddev = 0.0 stderr = 0.0
