
-------------------- Trial 0  --------------------

Trial 0 Training MaxEntTrainer,gaussianPriorVariance=1.0 with 1800 instances
Trial 0 Training MaxEntTrainer,gaussianPriorVariance=1.0 finished
Trial 0 Trainer MaxEntTrainer,gaussianPriorVariance=1.0
 Raw Testing Data
758.txt pos pos:0.9999851961742712 neg:1.4803825728771234E-5 
104.txt pos pos:0.9999999999954992 neg:4.500756048598611E-12 
1269.txt pos pos:0.9999999942967663 neg:5.703233565151142E-9 
3005.txt pos neg:0.9092600357194296 pos:0.09073996428057049 
3773.txt pos pos:0.9889095492869738 neg:0.011090450713026284 
2920.txt pos pos:0.9972848635650418 neg:0.0027151364349581523 
4319.txt pos pos:0.9998872959219666 neg:1.127040780334279E-4 
1447.txt pos pos:0.9988681704418213 neg:0.0011318295581786656 
1563.txt pos pos:0.9984481374228635 neg:0.0015518625771365235 
3540.txt pos pos:0.9891458731099387 neg:0.010854126890061301 
2761.txt pos pos:0.7721236742270199 neg:0.22787632577298 
3121.txt pos neg:0.8599313628110328 pos:0.14006863718896717 
3418.txt pos pos:0.9583625869040192 neg:0.041637413095980874 
787.txt pos pos:0.9967880475574942 neg:0.0032119524425057487 
833.txt pos neg:0.999775750874028 pos:2.2424912597190545E-4 
490.txt pos pos:0.998314263783591 neg:0.0016857362164090326 
4365.txt pos pos:0.999820724306139 neg:1.792756938611109E-4 
2289.txt pos neg:0.9775143124356588 pos:0.022485687564341356 
2803.txt pos pos:0.9999960166047144 neg:3.9833952856618025E-6 
1564.txt pos pos:0.999742989077863 neg:2.5701092213691046E-4 
1212.txt pos pos:0.9832087771955327 neg:0.016791222804467366 
3681.txt pos pos:0.9641901544089303 neg:0.035809845591069686 
2766.txt pos pos:0.9987383156039703 neg:0.001261684396029761 
446.txt pos pos:0.9182615632527446 neg:0.08173843674725542 
4075.txt pos pos:0.9999979036977555 neg:2.0963022444381086E-6 
214.txt pos pos:0.9475215886514682 neg:0.05247841134853175 
4246.txt pos pos:0.9995451464556991 neg:4.5485354430084E-4 
103.txt pos pos:0.9998281008633294 neg:1.7189913667070144E-4 
3811.txt pos pos:0.9793954901584744 neg:0.020604509841525558 
3002.txt pos neg:0.5636837627980945 pos:0.43631623720190543 
1786.txt pos neg:0.9980651958405886 pos:0.001934804159411341 
3315.txt pos pos:0.9952200300898786 neg:0.004779969910121464 
1832.txt pos pos:0.9999911471482937 neg:8.852851706291386E-6 
959.txt pos pos:0.9268687349778951 neg:0.07313126502210493 
1580.txt pos pos:0.9998262783719701 neg:1.737216280298279E-4 
3204.txt pos pos:0.9993189084771633 neg:6.81091522836721E-4 
1923.txt pos pos:0.9584366194403207 neg:0.04156338055967936 
305.txt pos neg:0.9985103692061591 pos:0.0014896307938408269 
473.txt pos neg:0.6312767023648097 pos:0.3687232976351903 
4273.txt pos pos:0.9999971843354826 neg:2.8156645175259663E-6 
640.txt pos pos:0.9999949312537963 neg:5.068746203730462E-6 
586.txt pos pos:0.9984212917854912 neg:0.0015787082145087218 
3320.txt pos pos:0.9962493553065447 neg:0.003750644693455388 
2912.txt pos neg:0.5376413531910562 pos:0.4623586468089438 
1807.txt pos neg:0.9296291103203063 pos:0.07037088967969363 
1475.txt pos neg:0.9604606835648388 pos:0.039539316435161086 
2101.txt pos pos:0.5993969338965338 neg:0.40060306610346624 
1762.txt pos pos:0.9334197821370681 neg:0.06658021786293178 
1303.txt pos pos:0.9999252185440807 neg:7.478145591938418E-5 
4163.txt pos pos:0.9852081637686274 neg:0.014791836231372644 
4274.txt pos pos:0.9999281365150338 neg:7.186348496621083E-5 
2567.txt pos pos:0.9871782240840743 neg:0.0128217759159258 
3327.txt pos pos:0.5740721510212228 neg:0.4259278489787772 
3746.txt pos pos:0.9928982735801637 neg:0.0071017264198364105 
2106.txt pos pos:0.9971026554750341 neg:0.002897344524965839 
1765.txt pos neg:0.8683159677560754 pos:0.13168403224392464 
2670.txt pos neg:0.7106158853956773 pos:0.28938411460432256 
3203.txt pos pos:0.9977646252133235 neg:0.00223537478667655 
1924.txt pos pos:0.9999999999947473 neg:5.252688215582033E-12 
1556.txt pos pos:0.9999877150586923 neg:1.228494130758306E-5 
4208.txt pos pos:0.9999999993530844 neg:6.46915598855237E-10 
4350.txt pos pos:0.9993401441178774 neg:6.598558821226338E-4 
302.txt pos pos:0.9999735683197227 neg:2.643168027728422E-5 
1194.txt pos pos:0.9956208200992063 neg:0.004379179900793706 
1633.txt pos pos:0.9999999894297803 neg:1.0570219640631166E-8 
2726.txt pos pos:0.9993219334537956 neg:6.780665462042995E-4 
1252.txt pos neg:0.9997584937541711 pos:2.415062458287797E-4 
3271.txt pos neg:0.9993821269869002 pos:6.178730130998474E-4 
2396.txt pos pos:0.9844040910367936 neg:0.015595908963206463 
649.txt pos pos:0.9651017026698862 neg:0.03489829733011385 
3329.txt pos pos:0.7484237254056285 neg:0.2515762745943715 
711.txt pos pos:0.8686911324867229 neg:0.1313088675132771 
3799.txt pos pos:0.9354964675809657 neg:0.06450353241903435 
874.txt pos pos:0.5713774736775674 neg:0.42862252632243264 
406.txt pos pos:0.9999965478445959 neg:3.452155404152064E-6 
4035.txt pos pos:0.999999962225678 neg:3.777432195334507E-8 
522.txt pos pos:0.9994338953023186 neg:5.661046976813343E-4 
950.txt pos pos:0.9999630892402643 neg:3.691075973573159E-5 
4111.txt pos pos:0.957073488994498 neg:0.04292651100550203 
192.txt pos pos:0.9980137293801725 neg:0.0019862706198276172 
1139.txt pos pos:0.9999990421520217 neg:9.578479782470502E-7 
3880.txt pos pos:0.9818051819479705 neg:0.01819481805202943 
1872.txt pos pos:0.9990783160752243 neg:9.216839247755173E-4 
4098.txt pos pos:0.9999986429985832 neg:1.357001416791114E-6 
1061.txt pos pos:0.9416537187543451 neg:0.058346281245654844 
3042.txt pos pos:0.9866574703364888 neg:0.013342529663511201 
2263.txt pos pos:0.980031815475766 neg:0.019968184524234097 
253.txt pos pos:0.9999992499576996 neg:7.500423003947032E-7 
3094.txt pos pos:0.9998464150138503 neg:1.5358498614974675E-4 
1371.txt pos neg:0.846610625230951 pos:0.1533893747690491 
2264.txt pos pos:0.9999371874001298 neg:6.281259987031313E-5 
1634.txt pos pos:0.999852699802995 neg:1.473001970050599E-4 
559.txt pos pos:0.9904822320907921 neg:0.00951776790920788 
1255.txt pos neg:0.9735480168415798 pos:0.02645198315842024 
2340.txt pos pos:0.9999999998864424 neg:1.135577107910707E-10 
2895.txt pos neg:0.9151262004537387 pos:0.08487379954626134 
2436.txt pos pos:0.9999996722427034 neg:3.2775729667773235E-7 
588.txt pos pos:0.9999631131078984 neg:3.688689210166184E-5 
4325.txt pos pos:0.9999707864642254 neg:2.9213535774490108E-5 
3489.txt pos pos:0.999946598126554 neg:5.340187344611558E-5 
3422.txt neg neg:0.9918638699863656 pos:0.008136130013634332 
1873.txt neg neg:0.9999999965967858 pos:3.403214131072433E-9 
792.txt neg neg:0.9695528116440452 pos:0.030447188355954932 
1060.txt neg neg:0.9999957280012011 pos:4.271998799049756E-6 
30.txt neg pos:0.9754286055870215 neg:0.02457139441297861 
4323.txt neg neg:0.9999999908713818 pos:9.128618117263479E-9 
667.txt neg neg:0.9925768333308576 pos:0.0074231666691424334 
4097.txt neg pos:0.7756702415331165 neg:0.2243297584668835 
828.txt neg neg:0.9998550540581747 pos:1.449459418254584E-4 
2442.txt neg neg:0.9994715982813206 pos:5.28401718679333E-4 
1136.txt neg neg:0.5504726004331322 pos:0.4495273995668678 
2493.txt neg neg:0.9931640006948587 pos:0.0068359993051412766 
2671.txt neg neg:0.9459550527728129 pos:0.05404494722718701 
3031.txt neg neg:0.9999881753291507 pos:1.1824670849351254E-5 
885.txt neg neg:0.8535857273275349 pos:0.14641427267246512 
1764.txt neg neg:0.9391223426166069 pos:0.06087765738339318 
3450.txt neg neg:0.6789005195220775 pos:0.32109948047792247 
1473.txt neg neg:0.9991891316232302 pos:8.108683767698408E-4 
2566.txt neg neg:0.7675362758268803 pos:0.23246372417311975 
3481.txt neg pos:0.6157991435598624 neg:0.3842008564401375 
3326.txt neg neg:0.9156239572179833 pos:0.0843760427820168 
3747.txt neg neg:0.9997069343941448 pos:2.9306560585507885E-4 
3169.txt neg neg:0.9999762588926948 pos:2.3741107305187822E-5 
669.txt neg pos:0.9960442761747886 neg:0.003955723825211427 
1763.txt neg neg:0.9942047249653403 pos:0.005795275034659691 
1302.txt neg pos:0.9931713031697258 neg:0.006828696830274357 
2913.txt neg neg:0.9670933520949121 pos:0.0329066479050879 
3279.txt neg neg:0.7946620587953069 pos:0.20533794120469306 
2058.txt neg neg:0.9999993341320805 pos:6.658679195555022E-7 
579.txt neg neg:0.9177974441222744 pos:0.08220255587772554 
3888.txt neg pos:0.9979809106009242 neg:0.0020190893990757208 
4356.txt neg pos:0.7526179928610335 neg:0.24738200713896666 
2445.txt neg neg:0.9966025253553384 pos:0.003397474644661608 
977.txt neg pos:0.9969513965831769 neg:0.0030486034168231754 
505.txt neg neg:0.9082181391948001 pos:0.09178186080519991 
1696.txt neg neg:0.9999802349775374 pos:1.976502246254466E-5 
1131.txt neg neg:0.9999999998430054 pos:1.5699471674520337E-10 
2783.txt neg pos:0.8687098317325503 neg:0.13129016826744955 
2024.txt neg pos:0.9632681248177469 neg:0.036731875182253015 
4119.txt neg neg:0.9998098094248512 pos:1.9019057514872332E-4 
273.txt neg neg:0.9999997193526201 pos:2.806473798084191E-7 
3901.txt neg neg:0.9999379033746382 pos:6.209662536184801E-5 
3573.txt neg pos:0.573583905730872 neg:0.4264160942691279 
414.txt neg neg:0.9999999693419812 pos:3.0658018808801885E-8 
1441.txt neg neg:0.993314921159829 pos:0.006685078840171003 
1337.txt neg pos:0.7592310124491612 neg:0.24076898755083886 
4296.txt neg neg:0.9777503271933439 pos:0.022249672806656236 
3948.txt neg neg:0.9998719925453811 pos:1.2800745461887523E-4 
1519.txt neg neg:0.9180521916338985 pos:0.08194780836610145 
3709.txt neg neg:0.9997523467874176 pos:2.4765321258229153E-4 
1672.txt neg neg:0.9827533683812951 pos:0.01724663161870484 
942.txt neg neg:0.9993447251241167 pos:6.552748758833117E-4 
530.txt neg neg:0.972270709799535 pos:0.027729290200465027 
2011.txt neg neg:0.7641712523897574 pos:0.2358287476102426 
3651.txt neg neg:0.9724655270665782 pos:0.027534472933421823 
2802.txt neg neg:0.9878102787836781 pos:0.012189721216321886 
2288.txt neg neg:0.9999552079105273 pos:4.479208947272985E-5 
77.txt neg neg:0.9976967094495199 pos:0.0023032905504801826 
1848.txt neg pos:0.9918732899674096 neg:0.00812671003259039 
319.txt neg neg:0.9996840949597012 pos:3.159050402986258E-4 
3541.txt neg neg:0.9756681371611876 pos:0.024331862838812335 
945.txt neg neg:0.9998635917465493 pos:1.3640825345079152E-4 
156.txt neg neg:0.877324015951227 pos:0.1226759840487731 
3817.txt neg neg:0.9999372602428643 pos:6.27397571356886E-5 
1330.txt neg neg:0.8738498679353368 pos:0.1261501320646632 
1268.txt neg neg:0.8958229140368485 pos:0.10417708596315142 
1609.txt neg neg:0.9999987563989945 pos:1.2436010054685202E-6 
4157.txt neg neg:0.9541862400527884 pos:0.04581375994721152 
813.txt neg neg:0.9946573904461855 pos:0.005342609553814572 
1055.txt neg neg:0.9997813041088677 pos:2.1869589113237173E-4 
1434.txt neg neg:0.9999716752857244 pos:2.8324714275709216E-5 
1846.txt neg neg:0.9988831759142248 pos:0.0011168240857753022 
2521.txt neg neg:0.9899174588950266 pos:0.010082541104973364 
1342.txt neg neg:0.9970830854099441 pos:0.0029169145900559638 
3076.txt neg neg:0.9995882488747888 pos:4.117511252112792E-4 
3658.txt neg neg:0.8148798530890682 pos:0.18512014691093184 
3239.txt neg neg:0.9999967905520856 pos:3.2094479144209217E-6 
1448.txt neg neg:0.9671990750345938 pos:0.03280092496540631 
4316.txt neg neg:0.9999669679251133 pos:3.3032074886716204E-5 
3941.txt neg neg:0.9999897042998078 pos:1.0295700192285571E-5 
1266.txt neg neg:0.9964110121978601 pos:0.003588987802139999 
937.txt neg neg:0.5372349364830465 pos:0.46276506351695346 
4188.txt neg neg:0.999394524501793 pos:6.054754982071505E-4 
1962.txt neg neg:0.9956007247235809 pos:0.004399275276419093 
3245.txt neg neg:0.9975881970577635 pos:0.0024118029422366175 
3946.txt neg pos:0.60732372121946 neg:0.39267627878054 
1261.txt neg neg:0.9612661500601303 pos:0.03873384993986964 
234.txt neg neg:0.9995512527511825 pos:4.487472488174298E-4 
2063.txt neg neg:0.999930873928562 pos:6.912607143813191E-5 
1965.txt neg neg:0.998197088132763 pos:0.001802911867237108 
3242.txt neg neg:0.9999835353271819 pos:1.6464672818129373E-5 
466.txt neg neg:0.9999755776262271 pos:2.4422373772811558E-5 
2147.txt neg neg:0.9967508794398385 pos:0.003249120560161429 
3410.txt neg neg:0.9999759543755404 pos:2.404562445958316E-5 
2985.txt neg neg:0.5421905796539416 pos:0.4578094203460585 
1890.txt neg neg:0.9574349968134365 pos:0.0425650031865636 
310.txt neg neg:0.5402574799228153 pos:0.4597425200771847 
1083.txt neg neg:0.9946782381258452 pos:0.005321761874154819 
248.txt neg neg:0.9999939012566827 pos:6.0987433171760025E-6 
299.txt neg neg:0.9998125918943469 pos:1.874081056531461E-4 
Trial 0 Trainer MaxEntTrainer,gaussianPriorVariance=1.0 Training Data Confusion Matrix
Confusion Matrix, row=true, column=predicted  accuracy=1.0
  label   0   1  |total
  0 pos 900   .  |900
  1 neg   . 900  |900

Trial 0 Trainer MaxEntTrainer,gaussianPriorVariance=1.0 training data accuracy= 1.0
Trial 0 Trainer MaxEntTrainer,gaussianPriorVariance=1.0 Test Data Confusion Matrix
Confusion Matrix, row=true, column=predicted  accuracy=0.84
  label   0   1  |total
  0 pos  82  18  |100
  1 neg  14  86  |100

Trial 0 Trainer MaxEntTrainer,gaussianPriorVariance=1.0 test data accuracy= 0.84

MaxEntTrainer,gaussianPriorVariance=1.0
Summary. train accuracy mean = 1.0 stddev = 0.0 stderr = 0.0
Summary. test accuracy mean = 0.84 stddev = 0.0 stderr = 0.0
