
-------------------- Trial 0  --------------------

Trial 0 Training MaxEntTrainer,gaussianPriorVariance=1.0 with 1800 instances
Trial 0 Training MaxEntTrainer,gaussianPriorVariance=1.0 finished
Trial 0 Trainer MaxEntTrainer,gaussianPriorVariance=1.0
 Raw Testing Data
1700.txt pos neg:0.857307472831694 pos:0.14269252716830594 
3055.txt pos neg:0.8477921593376041 pos:0.15220784066239582 
2970.txt pos pos:0.7502160985370262 neg:0.24978390146297383 
1417.txt pos pos:0.995638998089925 neg:0.004361001910075075 
1865.txt pos pos:0.8387757530143386 neg:0.16122424698566143 
1076.txt pos pos:0.5687436339444444 neg:0.4312563660555557 
4211.txt pos neg:0.7249297124302306 pos:0.2750702875697693 
2828.txt pos pos:0.6547524735805398 neg:0.3452475264194602 
996.txt pos pos:0.6956886963583263 neg:0.30431130364167375 
292.txt pos neg:0.8062345448483976 pos:0.19376545515160234 
4022.txt pos neg:0.7708312603660386 pos:0.2291687396339615 
2381.txt pos pos:0.5413114422815278 neg:0.45868855771847217 
598.txt pos pos:0.7023478071477216 neg:0.2976521928522784 
549.txt pos neg:0.7478608947241611 pos:0.2521391052758389 
3962.txt pos pos:0.7798773198369137 neg:0.22012268016308625 
1649.txt pos pos:0.5452491098578582 neg:0.45475089014214176 
4117.txt pos pos:0.9936668093735989 neg:0.00633319062640128 
524.txt pos neg:0.9082122477381668 pos:0.09178775226183337 
1698.txt pos pos:0.544321160032335 neg:0.45567883996766495 
2513.txt pos pos:0.8736296103765997 neg:0.12637038962340036 
2961.txt pos neg:0.9006189177260648 pos:0.09938108227393522 
2172.txt pos pos:0.5098457731970438 neg:0.4901542268029562 
3044.txt pos neg:0.653498154303272 pos:0.34650184569672804 
3425.txt pos neg:0.5423575336184634 pos:0.45764246638153666 
3857.txt pos neg:0.9739272087073683 pos:0.0260727912926318 
71.txt pos pos:0.8819591919235615 neg:0.1180408080764385 
1981.txt pos pos:0.7124921187928576 neg:0.2875078812071425 
1254.txt pos pos:0.8043388314948795 neg:0.1956611685051205 
1522.txt pos pos:0.6946879201629493 neg:0.30531207983705066 
2056.txt pos pos:0.5259278845487108 neg:0.4740721154512892 
717.txt pos pos:0.9551315145565927 neg:0.04486848544340736 
4324.txt pos pos:0.9926513329148304 neg:0.00734866708516955 
376.txt pos pos:0.5402540529104589 neg:0.45974594708954103 
3038.txt pos pos:0.6632151606193883 neg:0.3367848393806117 
2080.txt pos neg:0.8580734882446324 pos:0.14192651175536752 
1957.txt pos neg:0.6296056370935934 pos:0.37039436290640665 
229.txt pos neg:0.5939828038366108 pos:0.4060171961633892 
2051.txt pos pos:0.9950935324300498 neg:0.004906467569950224 
3749.txt pos neg:0.9103802089994554 pos:0.08961979100054462 
4034.txt pos neg:0.5060280206134875 pos:0.49397197938651255 
4110.txt pos pos:0.9203882625734572 neg:0.07961173742654272 
1138.txt pos neg:0.7382672486785098 pos:0.26173275132149026 
2966.txt pos pos:0.5356957351194073 neg:0.46430426488059273 
2175.txt pos pos:0.9470289878278596 neg:0.05297101217214037 
3043.txt pos pos:0.5278764866107181 neg:0.4721235133892819 
2603.txt pos neg:0.9735516417386303 pos:0.026448358261369577 
3850.txt pos pos:0.6185554457770931 neg:0.3814445542229068 
1377.txt pos pos:0.5266007833983862 neg:0.47339921660161377 
2729.txt pos pos:0.8350288450390191 neg:0.16497115496098091 
580.txt pos neg:0.6841734549172774 pos:0.31582654508272257 
1801.txt pos neg:0.5352437511634193 pos:0.46475624883658073 
3796.txt pos pos:0.6185327131849981 neg:0.3814672868150018 
2755.txt pos neg:0.7399653771944238 pos:0.2600346228055761 
1640.txt pos pos:0.8341325751544115 neg:0.16586742484558845 
3574.txt pos neg:0.6836715889442977 pos:0.31632841105570236 
3906.txt pos neg:0.7870407497131033 pos:0.21295925028689652 
1221.txt pos neg:0.9140195126459337 pos:0.08598048735406626 
1925.txt pos pos:0.9048034413561731 neg:0.09519655864382699 
3663.txt pos pos:0.9609564531242193 neg:0.039043546875780655 
1718.txt pos pos:0.8246397489353969 neg:0.1753602510646031 
807.txt pos neg:0.5772739909972183 pos:0.4227260090027816 
4380.txt pos pos:0.9906907469601814 neg:0.009309253039818539 
1379.txt pos pos:0.598364956525981 neg:0.401635043474019 
1647.txt pos pos:0.6366576192368275 neg:0.3633423807631725 
2333.txt pos pos:0.9143211449360973 neg:0.08567885506390267 
1550.txt pos neg:0.5010060202290155 pos:0.4989939797709845 
1922.txt pos pos:0.7954282321292381 neg:0.20457176787076192 
989.txt pos pos:0.6712428368091751 neg:0.3287571631908249 
3664.txt pos pos:0.5479719646894318 neg:0.4520280353105682 
4090.txt pos pos:0.5249003688446536 neg:0.47509963115534626 
800.txt pos neg:0.5433161967249356 pos:0.45668380327506447 
3859.txt pos pos:0.998576965066013 neg:0.0014230349339870603 
924.txt pos neg:0.649488096500613 pos:0.3505119034993869 
137.txt pos pos:0.817638034946628 neg:0.18236196505337204 
4272.txt pos pos:0.9068949590407787 neg:0.09310504095922138 
3486.txt pos neg:0.7300333556240043 pos:0.26996664437599566 
2100.txt pos pos:0.9634730587120856 neg:0.03652694128791432 
3740.txt pos neg:0.88350130785622 pos:0.11649869214377993 
3036.txt pos pos:0.8400473183344193 neg:0.1599526816655807 
1565.txt pos pos:0.938111199397243 neg:0.061888800602757116 
1917.txt pos pos:0.6585433614057046 neg:0.3414566385942954 
3680.txt pos neg:0.6308002235788345 pos:0.36919977642116547 
2198.txt pos neg:0.5454174986949056 pos:0.45458250130509437 
835.txt pos neg:0.7861049347320649 pos:0.21389506526793506 
2149.txt pos neg:0.5833479090835499 pos:0.4166520909164501 
331.txt pos pos:0.5233869207897459 neg:0.4766130792102541 
4181.txt pos pos:0.8063793275867828 neg:0.19362067241321723 
3999.txt pos neg:0.7109723721570923 pos:0.2890276278429077 
4247.txt pos pos:0.9479426449908874 neg:0.05205735500911248 
2585.txt pos neg:0.6480260182844242 pos:0.3519739817155759 
849.txt pos pos:0.7176655716992953 neg:0.2823344283007047 
3314.txt pos neg:0.6329792250984463 pos:0.36702077490155366 
673.txt pos pos:0.9719550851292121 neg:0.028044914870787818 
916.txt pos neg:0.6510902489769222 pos:0.34890975102307786 
3004.txt pos pos:0.7863382375680669 neg:0.21366176243193308 
2553.txt pos neg:0.7006216707238858 pos:0.29937832927611413 
1562.txt pos neg:0.5138332130545095 pos:0.48616678694549054 
1899.txt pos neg:0.5099577964472597 pos:0.4900422035527403 
786.txt pos pos:0.827678695679751 neg:0.17232130432024897 
2638.txt pos pos:0.709901553094291 neg:0.29009844690570896 
2008.txt neg neg:0.7530154160835482 pos:0.24698458391645184 
2469.txt neg neg:0.6142111606774298 pos:0.3857888393225703 
4222.txt neg neg:0.8576285922021083 pos:0.14237140779789176 
4135.txt neg neg:0.8215073972803892 pos:0.17849260271961073 
307.txt neg pos:0.5547945661036008 neg:0.44520543389639927 
803.txt neg neg:0.916529845659196 pos:0.08347015434080397 
2150.txt neg pos:0.5139863338636594 neg:0.48601366613634056 
1856.txt neg neg:0.9309547804180792 pos:0.0690452195819208 
69.txt neg neg:0.6745435820777931 pos:0.3254564179222069 
555.txt neg neg:0.6882965844586645 pos:0.31170341554133546 
3634.txt neg neg:0.6292450099514834 pos:0.3707549900485166 
1500.txt neg pos:0.5270783449492819 neg:0.4729216550507181 
3980.txt neg neg:0.8377784661275612 pos:0.16222153387243887 
2867.txt neg pos:0.7404732560701686 neg:0.2595267439298314 
2415.txt neg pos:0.7781660072653556 neg:0.22183399273464446 
3523.txt neg pos:0.7083948902997438 neg:0.29160510970025627 
4149.txt neg neg:0.8821367192268584 pos:0.11786328077314165 
3809.txt neg neg:0.9917339638523774 pos:0.008266036147622577 
4306.txt neg pos:0.6694851816800377 neg:0.33051481831996227 
920.txt neg neg:0.5347722320658708 pos:0.4652277679341293 
1507.txt neg neg:0.6855162622780532 pos:0.3144837377219468 
4259.txt neg neg:0.7082109771699475 pos:0.29178902283005254 
3987.txt neg neg:0.5865822686836608 pos:0.41341773131633924 
3252.txt neg neg:0.6444676891695414 pos:0.35553231083045844 
3283.txt neg neg:0.6963760921464305 pos:0.3036239078535694 
4288.txt neg neg:0.8244227210837626 pos:0.1755772789162374 
3145.txt neg pos:0.6611289472870994 neg:0.3388710527129007 
583.txt neg neg:0.5527450082703101 pos:0.4472549917296898 
2938.txt neg neg:0.830905486559615 pos:0.16909451344038498 
4301.txt neg neg:0.7865284366331134 pos:0.21347156336688652 
761.txt neg pos:0.568070016933232 neg:0.4319299830667679 
3061.txt neg pos:0.8368606541581017 neg:0.16313934584189838 
300.txt neg neg:0.7479342549206983 pos:0.25206574507930174 
1042.txt neg neg:0.9913040451535687 pos:0.008695954846431325 
2944.txt neg neg:0.6730170816255854 pos:0.32698291837441457 
2536.txt neg neg:0.685655080821653 pos:0.31434491917834695 
3376.txt neg neg:0.7036035299050211 pos:0.2963964700949788 
1788.txt neg neg:0.72346620969983 pos:0.2765337903001701 
1338.txt neg pos:0.8940757796121787 neg:0.1059242203878213 
1601.txt neg neg:0.5827432426619815 pos:0.4172567573380186 
3154.txt neg neg:0.8762188163463613 pos:0.12378118365363859 
2403.txt neg neg:0.8462911978980225 pos:0.15370880210197732 
3243.txt neg neg:0.7872606336214588 pos:0.21273936637854118 
1964.txt neg neg:0.5876165802520436 pos:0.4123834197479565 
1053.txt neg pos:0.6049148403657708 neg:0.39508515963422924 
467.txt neg neg:0.5958952286258559 pos:0.40410477137414413 
770.txt neg neg:0.6911753988399254 pos:0.30882460116007465 
2197.txt neg neg:0.522881354394642 pos:0.47711864560535805 
2309.txt neg neg:0.6961951457275655 pos:0.30380485427243453 
2768.txt neg neg:0.7136454687656811 pos:0.2863545312343188 
812.txt neg neg:0.6245445230017418 pos:0.37545547699825815 
1435.txt neg neg:0.5365016246853083 pos:0.4634983753146917 
1847.txt neg pos:0.7077367363237445 neg:0.2922632636762555 
2983.txt neg neg:0.6782661915295888 pos:0.3217338084704112 
316.txt neg pos:0.5575685707430353 neg:0.44243142925696466 
1449.txt neg neg:0.7487734429571785 pos:0.25122655704282143 
3818.txt neg neg:0.5228122375268098 pos:0.4771877624731902 
4000.txt neg neg:0.9620102787433491 pos:0.03798972125665083 
3940.txt neg neg:0.5935559210767817 pos:0.4064440789232184 
3295.txt neg neg:0.8928397802959235 pos:0.10716021970407652 
1606.txt neg neg:0.7213496781919145 pos:0.2786503218080855 
544.txt neg neg:0.5090896497859441 pos:0.490910350214056 
1170.txt neg neg:0.7864282864637765 pos:0.21357171353622345 
3244.txt neg neg:0.9858342556064388 pos:0.014165744393561214 
1963.txt neg pos:0.8268765123869423 neg:0.17312348761305763 
1849.txt neg neg:0.6636055523053841 pos:0.33639444769461585 
1898.txt neg neg:0.8723240019457225 pos:0.1276759980542775 
3079.txt neg pos:0.699739922826635 neg:0.300260077173365 
240.txt neg pos:0.6058704849735974 neg:0.3941295150264026 
3657.txt neg pos:0.6329018118026436 neg:0.3670981881973564 
2017.txt neg pos:0.6809591828167113 neg:0.31904081718328875 
1102.txt neg neg:0.5504063722063028 pos:0.4495936277936971 
944.txt neg neg:0.7528623421317856 pos:0.24713765786821448 
2804.txt neg neg:0.7436390416576338 pos:0.2563609583423661 
3236.txt neg neg:0.5335638860709461 pos:0.466436113929054 
3591.txt neg neg:0.5024366822448394 pos:0.49756331775516066 
1781.txt neg neg:0.917098977991571 pos:0.0829010220084289 
1026.txt neg neg:0.7478297965405939 pos:0.2521702034594061 
860.txt neg neg:0.5039722373649634 pos:0.49602776263503656 
1496.txt neg neg:0.7760288488755955 pos:0.22397115112440455 
705.txt neg neg:0.8970218772518821 pos:0.10297812274811792 
3816.txt neg neg:0.7517620995885138 pos:0.2482379004114862 
4290.txt neg neg:0.6406977713551528 pos:0.3593022286448471 
1608.txt neg pos:0.6199098604166805 neg:0.38009013958331944 
1021.txt neg neg:0.6043259951821673 pos:0.3956740048178326 
1336.txt neg neg:0.7931893325274058 pos:0.20681066747259433 
363.txt neg pos:0.5135764798538102 neg:0.4864235201461899 
2642.txt neg neg:0.7580371507497059 pos:0.2419628492502941 
2148.txt neg pos:0.5837380553447933 neg:0.4162619446552067 
2529.txt neg neg:0.7974518057731781 pos:0.20254819422682188 
2307.txt neg neg:0.6501380187784355 pos:0.3498619812215644 
3935.txt neg neg:0.9277946623082127 pos:0.07220533769178727 
3547.txt neg pos:0.5098623399356252 neg:0.49013766006437476 
247.txt neg pos:0.996909645709933 neg:0.003090354290067033 
2010.txt neg neg:0.7066122003375105 pos:0.29338779966248957 
2471.txt neg neg:0.654084580639227 pos:0.34591541936077297 
1916.txt neg neg:0.6844337486096732 pos:0.31556625139032674 
883.txt neg neg:0.779149226349273 pos:0.2208507736507271 
737.txt neg pos:0.5991111438272451 neg:0.4008888561727549 
3824.txt neg neg:0.6090017468329744 pos:0.39099825316702563 
Trial 0 Trainer MaxEntTrainer,gaussianPriorVariance=1.0 Training Data Confusion Matrix
Confusion Matrix, row=true, column=predicted  accuracy=0.8577777777777778
  label   0   1  |total
  0 pos 737 163  |900
  1 neg  93 807  |900

Trial 0 Trainer MaxEntTrainer,gaussianPriorVariance=1.0 training data accuracy= 0.8577777777777778
Trial 0 Trainer MaxEntTrainer,gaussianPriorVariance=1.0 Test Data Confusion Matrix
Confusion Matrix, row=true, column=predicted  accuracy=0.67
  label   0   1  |total
  0 pos  59  41  |100
  1 neg  25  75  |100

Trial 0 Trainer MaxEntTrainer,gaussianPriorVariance=1.0 test data accuracy= 0.67

MaxEntTrainer,gaussianPriorVariance=1.0
Summary. train accuracy mean = 0.8577777777777778 stddev = 0.0 stderr = 0.0
Summary. test accuracy mean = 0.67 stddev = 0.0 stderr = 0.0
