
-------------------- Trial 0  --------------------

Trial 0 Training MaxEntTrainer,gaussianPriorVariance=1.0 with 1800 instances
Trial 0 Training MaxEntTrainer,gaussianPriorVariance=1.0 finished
Trial 0 Trainer MaxEntTrainer,gaussianPriorVariance=1.0
 Raw Testing Data
2072.txt pos pos:0.5973930199136637 neg:0.4026069800863364 
84.txt pos neg:0.7216920242007409 pos:0.2783079757992592 
3986.txt pos neg:0.589588013479891 pos:0.4104119865201091 
1974.txt pos pos:0.690021185501509 neg:0.30997881449849096 
1506.txt pos pos:0.7531191817392124 neg:0.24688081826078767 
4307.txt pos pos:0.7814303652873076 neg:0.21856963471269236 
384.txt pos pos:0.5163534799591345 neg:0.4836465200408655 
423.txt pos neg:0.572179282772005 pos:0.4278207172279949 
4010.txt pos pos:0.9333435824039991 neg:0.06665641759600106 
1277.txt pos neg:0.5830678491092011 pos:0.41693215089079894 
3192.txt pos pos:0.9135364659079278 neg:0.08646353409207223 
2866.txt pos pos:0.7376628787424779 neg:0.2623371212575222 
1501.txt pos pos:0.8824489314890548 neg:0.11755106851094527 
1973.txt pos pos:0.9377574379104658 neg:0.06224256208953419 
329.txt pos pos:0.5898419463846329 neg:0.4101580536153671 
1044.txt pos neg:0.7797871452401967 pos:0.2202128547598034 
1886.txt pos pos:0.9328361422127206 neg:0.06716385778727942 
799.txt pos neg:0.6010056872742459 pos:0.39899431272575414 
1095.txt pos pos:0.9496731128234134 neg:0.05032688717658651 
2180.txt pos pos:0.5532001821367489 neg:0.446799817863251 
3649.txt pos pos:0.6402298068370064 neg:0.3597701931629937 
3228.txt pos pos:0.5267839906981848 neg:0.47321600930181507 
2123.txt pos pos:0.781638338355403 neg:0.21836166164459703 
1791.txt pos pos:0.7612344228324661 neg:0.23876557716753388 
1036.txt pos pos:0.7800137458935282 neg:0.21998625410647185 
2593.txt pos pos:0.6819868169230221 neg:0.31801318307697785 
1740.txt pos pos:0.6600187265708499 neg:0.3399812734291502 
907.txt pos pos:0.9958936339620345 neg:0.004106366037965605 
4375.txt pos neg:0.8012934820954256 pos:0.1987065179045744 
1859.txt pos neg:0.6000230732299807 pos:0.3999769267700193 
3408.txt pos pos:0.5791663925355524 neg:0.42083360746444765 
3069.txt pos neg:0.7443107065711045 pos:0.2556892934288955 
1205.txt pos neg:0.7649104829956255 pos:0.23508951700437458 
3922.txt pos neg:0.5273811974736373 pos:0.47261880252636274 
790.txt pos pos:0.7510952453715749 neg:0.2489047546284251 
2776.txt pos neg:0.8037621519274266 pos:0.1962378480725734 
3586.txt pos neg:0.5641507362738009 pos:0.4358492637261992 
3221.txt pos pos:0.5388988204649268 neg:0.46110117953507324 
619.txt pos pos:0.811008432414163 neg:0.18899156758583713 
1574.txt pos pos:0.7384611360164194 neg:0.26153886398358056 
889.txt pos neg:0.7073299213723123 pos:0.2926700786276877 
1450.txt pos neg:0.6780434468439095 pos:0.3219565531560905 
1822.txt pos pos:0.8927063262207434 neg:0.10729367377925651 
1481.txt pos pos:0.8018991915508711 neg:0.19810080844912897 
1326.txt pos neg:0.5635255113187572 pos:0.43647448868124283 
3012.txt pos pos:0.7796206853697136 neg:0.22037931463028645 
2652.txt pos pos:0.7396033810321822 neg:0.26039661896781785 
900.txt pos pos:0.9865557346522384 neg:0.013444265347761572 
204.txt pos pos:0.5879783604309557 neg:0.4120216395690442 
4256.txt pos pos:0.9669487795727784 neg:0.03305122042722157 
4050.txt pos pos:0.9968857801611625 neg:0.003114219838837556 
4347.txt pos pos:0.9998377835830998 neg:1.6221641690022587E-4 
3899.txt pos pos:0.9894770132543668 neg:0.01052298674563334 
1078.txt pos pos:0.675597992625165 neg:0.32440200737483504 
2454.txt pos pos:0.9107332862170346 neg:0.08926671378296541 
2826.txt pos pos:0.9268563036279598 neg:0.07314369637204024 
1933.txt pos neg:0.6294771146340974 pos:0.3705228853659025 
3103.txt pos pos:0.867010569328758 neg:0.13298943067124191 
949.txt pos neg:0.8242002548038706 pos:0.17579974519612945 
1590.txt pos pos:0.5746300082673261 neg:0.4253699917326739 
3910.txt pos pos:0.8393862705070999 neg:0.16061372949290015 
2570.txt pos neg:0.5646019255649666 pos:0.4353980744350335 
3751.txt pos pos:0.5747696094897209 neg:0.42523039051027905 
4263.txt pos pos:0.5215462695186492 neg:0.47845373048135076 
1775.txt pos neg:0.8905927777705333 pos:0.10940722222946679 
3833.txt pos neg:0.6227957543214994 pos:0.3772042456785007 
3756.txt pos neg:0.7166293536816051 pos:0.2833706463183949 
1003.txt pos neg:0.7137196507459617 pos:0.28628034925403834 
932.txt pos pos:0.9102479668054086 neg:0.08975203319459132 
2738.txt pos neg:0.7497921730421402 pos:0.2502078269578598 
4173.txt pos pos:0.9914771582607366 neg:0.008522841739263421 
121.txt pos pos:0.9907988409748402 neg:0.009201159025159892 
1999.txt pos pos:0.8862519484565319 neg:0.1137480515434681 
464.txt pos neg:0.6688278513498704 pos:0.3311721486501296 
1709.txt pos neg:0.6305042541503435 pos:0.36949574584965644 
4340.txt pos pos:0.6103707699479439 neg:0.3896292300520561 
2453.txt pos neg:0.7020467478583887 pos:0.29795325214161134 
1934.txt pos pos:0.5781637869480214 neg:0.4218362130519786 
2795.txt pos pos:0.7538290467383103 neg:0.24617095326168967 
1680.txt pos pos:0.6156478490740399 neg:0.38435215092596015 
1127.txt pos pos:0.5381587085916475 neg:0.46184129140835245 
3104.txt pos pos:0.8497193042982641 neg:0.15028069570173577 
416.txt pos pos:0.7830169854225396 neg:0.21698301457746033 
864.txt pos pos:0.5117927921269374 neg:0.4882072078730626 
2579.txt pos neg:0.5683815137072045 pos:0.4316184862927956 
360.txt pos pos:0.8707006439018694 neg:0.12929935609813048 
3758.txt pos neg:0.6778038123861285 pos:0.3221961876138715 
1293.txt pos pos:0.7892972767385968 neg:0.21070272326140324 
238.txt pos pos:0.6437516609216286 neg:0.35624833907837133 
3176.txt pos pos:0.7397857356582647 neg:0.2602142643417354 
2357.txt pos pos:0.9923517151930741 neg:0.007648284806926044 
3965.txt pos neg:0.7205583339448527 pos:0.2794416660551473 
2612.txt pos neg:0.5739095181875868 pos:0.4260904818124132 
818.txt pos pos:0.9537295565583256 neg:0.04627044344167432 
3394.txt pos pos:0.7305543987370668 neg:0.2694456012629331 
2505.txt pos pos:0.980306102350667 neg:0.01969389764933314 
1862.txt pos neg:0.6594256751147816 pos:0.34057432488521844 
244.txt pos pos:0.9333443826828117 neg:0.0666556173171883 
532.txt pos pos:0.8973531595956368 neg:0.10264684040436324 
3919.txt pos neg:0.8400711876706678 pos:0.15992881232933212 
3714.txt neg neg:0.5856775052753971 pos:0.414322494724603 
1730.txt neg pos:0.7011257229392355 neg:0.2988742770607646 
1884.txt neg pos:0.9405650228690609 neg:0.059434977130939246 
2295.txt neg neg:0.7921222446361708 pos:0.20787775536382924 
4379.txt neg neg:0.5304849700017062 pos:0.4695150299982938 
1855.txt neg neg:0.63559583684603 pos:0.36440416315396995 
3713.txt neg neg:0.9323643426602521 pos:0.06763565733974795 
2153.txt neg pos:0.5591087362808188 neg:0.4408912637191812 
3190.txt neg pos:0.6043948900091944 neg:0.3956051099908056 
556.txt neg pos:0.644447226598477 neg:0.35555277340152297 
587.txt neg neg:0.5892208790439272 pos:0.41077912095607283 
2701.txt neg neg:0.8174041721641961 pos:0.18259582783580383 
3141.txt neg neg:0.6599795452034242 pos:0.3400204547965758 
1275.txt neg neg:0.6367039050585264 pos:0.3632960949414736 
719.txt neg neg:0.9470804354926882 pos:0.05291956450731179 
2097.txt neg neg:0.668446098044207 pos:0.33155390195579304 
3170.txt neg pos:0.5407987221171362 neg:0.4592012778828637 
7.txt neg neg:0.8938307506330618 pos:0.10616924936693818 
1532.txt neg neg:0.6981990042937265 pos:0.30180099570627356 
2427.txt neg pos:0.6238149241358044 neg:0.3761850758641956 
2855.txt neg neg:0.7343477061527909 pos:0.2656522938472091 
1818.txt neg pos:0.8552213479012243 neg:0.1447786520987757 
349.txt neg neg:0.8879597665355665 pos:0.11204023346443351 
4023.txt neg neg:0.7832956759395584 pos:0.2167043240604415 
3449.txt neg neg:0.7951056945051788 pos:0.20489430549482116 
1659.txt neg neg:0.6588740805415793 pos:0.34112591945842075 
969.txt neg neg:0.6893747839753579 pos:0.3106252160246421 
1416.txt neg neg:0.6322349619471263 pos:0.3677650380528737 
443.txt neg neg:0.7776830565322853 pos:0.2223169434677146 
3085.txt neg neg:0.5778345150730892 pos:0.42216548492691075 
2162.txt neg pos:0.5079802620825142 neg:0.49201973791748577 
754.txt neg pos:0.626472370196534 neg:0.37352762980346593 
1598.txt neg pos:0.5428074525574617 neg:0.4571925474425383 
1070.txt neg neg:0.5480863896078643 pos:0.4519136103921357 
332.txt neg neg:0.8794645814338988 pos:0.1205354185661013 
2883.txt neg neg:0.7144109777342755 pos:0.28558902226572447 
3516.txt neg neg:0.6107015205791078 pos:0.38929847942089224 
1243.txt neg neg:0.6079292847207843 pos:0.39207071527921566 
1947.txt neg neg:0.661796694529024 pos:0.33820330547097593 
560.txt neg neg:0.7745348578379864 pos:0.22546514216201372 
2041.txt neg neg:0.9303666070596178 pos:0.06963339294038207 
20.txt neg neg:0.6248141227142103 pos:0.3751858772857896 
2119.txt neg neg:0.5332825549771927 pos:0.4667174450228073 
3759.txt neg neg:0.5327428537780345 pos:0.46725714622196546 
438.txt neg neg:0.5052841096461891 pos:0.49471589035381097 
2745.txt neg neg:0.8746682574718072 pos:0.12533174252819287 
1596.txt neg pos:0.8066665262817313 neg:0.1933334737182687 
512.txt neg neg:0.8575035781537006 pos:0.14249642184629938 
3673.txt neg neg:0.5694212425774497 pos:0.4305787574225502 
2978.txt neg neg:0.6462763528463 pos:0.35372364715369997 
1369.txt neg pos:0.7118851470505154 neg:0.28811485294948463 
1998.txt neg neg:0.5147876731865718 pos:0.4852123268134282 
3518.txt neg neg:0.6485470995221558 pos:0.3514529004778441 
1949.txt neg pos:0.5845217655404084 neg:0.4154782344595916 
2904.txt neg pos:0.5337660971030891 neg:0.46623390289691086 
3757.txt neg neg:0.8516817281638286 pos:0.1483182718361715 
4175.txt neg neg:0.6100337986520757 pos:0.38996620134792426 
3269.txt neg neg:0.8381988922992588 pos:0.16180110770074124 
569.txt neg neg:0.6639213875699082 pos:0.33607861243009185 
3331.txt neg pos:0.8029745602233971 neg:0.19702543977660297 
1005.txt neg neg:0.8935282414448689 pos:0.10647175855513119 
4109.txt neg neg:0.7811773095024734 pos:0.2188226904975266 
3563.txt neg neg:0.6216204385540266 pos:0.37837956144597346 
1591.txt neg neg:0.7383433488511563 pos:0.26165665114884373 
174.txt neg neg:0.6036387935213663 pos:0.3963612064786337 
2793.txt neg pos:0.8274488758606783 neg:0.1725511241393218 
3674.txt neg pos:0.8303918098678046 neg:0.16960819013219544 
55.txt neg pos:0.5232704139957196 neg:0.47672958600428034 
3958.txt neg neg:0.6314917696649702 pos:0.3685082303350299 
1327.txt neg neg:0.7209574571938409 pos:0.27904254280615903 
3013.txt neg neg:0.7556392356504624 pos:0.24436076434953768 
2653.txt neg neg:0.7122953429584832 pos:0.28770465704151676 
404.txt neg neg:0.6340131406163663 pos:0.3659868593836338 
1797.txt neg pos:0.8718042096025115 neg:0.12819579039748852 
1823.txt neg neg:0.5652391961694737 pos:0.4347608038305263 
287.txt neg pos:0.6176978115378985 neg:0.38230218846210146 
520.txt neg neg:0.8494408850091629 pos:0.15055911499083702 
141.txt neg neg:0.640141794716922 pos:0.35985820528307794 
2316.txt neg neg:0.8239404430364733 pos:0.1760595569635268 
637.txt neg pos:0.6435371354114142 neg:0.35646286458858584 
190.txt neg neg:0.7116224276839862 pos:0.28837757231601374 
3137.txt neg neg:0.8448020003942978 pos:0.15519799960570227 
2777.txt neg neg:0.6119316366141964 pos:0.38806836338580364 
3719.txt neg neg:0.5141245165260259 pos:0.4858754834739742 
3378.txt neg pos:0.9375587989953593 neg:0.06244120100464062 
280.txt neg neg:0.9171228006383787 pos:0.08287719936162126 
3646.txt neg neg:0.6862597308462483 pos:0.3137402691537517 
2006.txt neg neg:0.6461895412901454 pos:0.3538104587098545 
1572.txt neg neg:0.6481175164219106 pos:0.35188248357808943 
1900.txt neg neg:0.8177915382907724 pos:0.18220846170922753 
2311.txt neg neg:0.5975340456556953 pos:0.4024659543443046 
3697.txt neg neg:0.8182342437771496 pos:0.1817657562228504 
768.txt neg neg:0.9509230303321511 pos:0.04907696966784901 
1858.txt neg neg:0.6181207872252895 pos:0.38187921277471043 
4281.txt neg neg:0.5442758036792359 pos:0.455724196320764 
1278.txt neg neg:0.5355917412617892 pos:0.46440825873821073 
1619.txt neg pos:0.7408926910618003 neg:0.25910730893819967 
3014.txt neg neg:0.7873691231953266 pos:0.21263087680467344 
1456.txt neg neg:0.6277036014793502 pos:0.3722963985206498 
2931.txt neg neg:0.9726962090411084 pos:0.027303790958891433 
Trial 0 Trainer MaxEntTrainer,gaussianPriorVariance=1.0 Training Data Confusion Matrix
Confusion Matrix, row=true, column=predicted  accuracy=0.8488888888888889
  label   0   1  |total
  0 pos 737 163  |900
  1 neg 109 791  |900

Trial 0 Trainer MaxEntTrainer,gaussianPriorVariance=1.0 training data accuracy= 0.8488888888888889
Trial 0 Trainer MaxEntTrainer,gaussianPriorVariance=1.0 Test Data Confusion Matrix
Confusion Matrix, row=true, column=predicted  accuracy=0.715
  label   0   1  |total
  0 pos  67  33  |100
  1 neg  24  76  |100

Trial 0 Trainer MaxEntTrainer,gaussianPriorVariance=1.0 test data accuracy= 0.715

MaxEntTrainer,gaussianPriorVariance=1.0
Summary. train accuracy mean = 0.8488888888888889 stddev = 0.0 stderr = 0.0
Summary. test accuracy mean = 0.715 stddev = 0.0 stderr = 0.0
