
-------------------- Trial 0  --------------------

Trial 0 Training NaiveBayesTrainer with 1800 instances
Trial 0 Training NaiveBayesTrainer finished
Trial 0 Trainer NaiveBayesTrainer
 Raw Testing Data
832.txt pos neg:1.0 pos:1.6355984294252958E-29 
440.txt pos pos:0.5546831326997747 neg:0.44531686730022524 
757.txt pos pos:1.0 neg:1.3602697415124227E-30 
1171.txt pos pos:1.0 neg:1.3250591989287246E-31 
3990.txt pos pos:0.9999999999999998 neg:1.3254576954034466E-16 
43.txt pos pos:1.0 neg:1.6392293085100977E-168 
1499.txt pos neg:1.0 pos:4.003885647141651E-20 
432.txt pos pos:1.0 neg:4.178798167836413E-39 
260.txt pos pos:0.9999722127841648 neg:2.778721583525859E-5 
177.txt pos pos:0.9999999986717298 neg:1.3282702617320717E-9 
3689.txt pos pos:0.5908053646669713 neg:0.4091946353330287 
2982.txt pos neg:1.0 pos:8.497688553200953E-24 
2140.txt pos neg:1.0 pos:1.1730160007118285E-20 
2286.txt pos pos:0.9999997744457934 neg:2.2555420657060485E-7 
2953.txt pos pos:1.0 neg:8.354911648753228E-21 
606.txt pos pos:1.0 neg:2.505218741892772E-31 
3548.txt pos neg:0.9107310890194603 pos:0.08926891098053957 
170.txt pos pos:1.0 neg:4.973718484567453E-24 
2250.txt pos pos:1.0 neg:1.1801821721869828E-52 
1345.txt pos pos:1.0 neg:6.775824928517676E-25 
449.txt pos neg:0.9999999999338545 pos:6.614544118463956E-11 
1433.txt pos pos:1.0 neg:2.127354252478438E-45 
2954.txt pos pos:0.999999990932504 neg:9.067496079183198E-9 
3184.txt pos pos:1.0 neg:2.7842556820303548E-27 
3997.txt pos pos:1.0 neg:6.401027382668503E-43 
3534.txt pos pos:1.0 neg:4.828656403361116E-44 
3293.txt pos pos:0.9999999999041607 neg:9.583933274488937E-11 
2374.txt pos pos:1.0 neg:4.967709884871068E-37 
44.txt pos pos:1.0 neg:1.0486743201265032E-35 
1600.txt pos pos:0.9999999999999944 neg:5.5087142138994084E-15 
1789.txt pos pos:1.0 neg:5.472128599696624E-41 
3435.txt pos pos:1.0 neg:8.160927618413327E-26 
1360.txt pos pos:1.0 neg:1.886066431815577E-40 
4348.txt pos pos:1.0 neg:6.964391423140083E-135 
2503.txt pos pos:1.0 neg:1.578495862574769E-26 
623.txt pos pos:1.0 neg:4.4516174035406487E-23 
2829.txt pos neg:0.9922401541825275 pos:0.007759845817472547 
4.txt pos neg:1.0 pos:4.72695885226862E-50 
4210.txt pos pos:1.0 neg:4.1054646796051845E-36 
997.txt pos pos:1.0 neg:1.0727947994826938E-24 
4107.txt pos neg:0.9999999999916334 pos:8.366662029192609E-12 
3498.txt pos neg:0.9785112611235767 pos:0.02148873887642337 
1295.txt pos neg:0.9999999999939895 pos:6.01046553358826E-12 
2380.txt pos neg:0.9999999999902323 pos:9.767779996016245E-12 
2046.txt pos pos:1.0 neg:4.799696227627915E-85 
129.txt pos pos:1.0 neg:1.8018064858093818E-24 
2884.txt pos pos:1.0 neg:1.9360474764643195E-63 
1991.txt pos pos:1.0 neg:3.234187159209079E-28 
1244.txt pos neg:0.9387975125773601 pos:0.06120248742263985 
3338.txt pos neg:1.0 pos:1.049846695594486E-19 
1292.txt pos pos:1.0 neg:2.952188921355976E-40 
2852.txt pos pos:0.9982830493073485 neg:0.0017169506926515015 
2737.txt pos neg:0.9606452328302478 pos:0.03935476716975231 
2356.txt pos pos:0.9999999999999434 neg:5.660000110684699E-14 
66.txt pos neg:0.8421783111750254 pos:0.15782168882497455 
3964.txt pos pos:1.0 neg:7.787331766135097E-71 
1996.txt pos neg:0.9999999792047423 pos:2.079525780083769E-8 
819.txt pos pos:0.9999999999999973 neg:2.6179331288720383E-15 
3432.txt pos neg:1.0 pos:2.014348416768625E-24 
3840.txt pos pos:1.0 neg:1.770028148460503E-27 
1367.txt pos neg:0.9999946590088327 pos:5.340991167294309E-6 
1863.txt pos pos:0.999971753875576 neg:2.824612442398607E-5 
2976.txt pos pos:0.9998221296548288 neg:1.7787034517123323E-4 
3082.txt pos pos:1.0 neg:6.859640229624002E-26 
624.txt pos pos:0.9999999999999996 neg:4.016986972203545E-16 
1549.txt pos pos:1.0 neg:3.5194046855121675E-49 
4217.txt pos pos:1.0 neg:6.1446239352090887E-33 
990.txt pos pos:1.0 neg:1.1644865554611705E-67 
941.txt pos pos:0.9999999999983125 neg:1.687476124177202E-12 
3918.txt pos pos:1.0 neg:6.08612625953034E-37 
1774.txt pos pos:0.9899998997470734 neg:0.010000100252926627 
3832.txt pos neg:0.7691496196480209 pos:0.23085038035197913 
3491.txt pos neg:0.8148336991278639 pos:0.18516630087213617 
4265.txt pos pos:0.9999999932483852 neg:6.751614690033426E-9 
237.txt pos pos:1.0 neg:3.239844137362201E-20 
590.txt pos neg:0.9999999999987819 pos:1.2180874778370914E-12 
541.txt pos pos:1.0 neg:4.961879764560713E-30 
3179.txt pos neg:0.9967620701372166 pos:0.003237929862783373 
68.txt pos pos:1.0 neg:1.465926600211932E-43 
1708.txt pos pos:0.9999996700982485 neg:3.299017514705903E-7 
4341.txt pos pos:1.0 neg:4.0187037117673806E-41 
1547.txt pos pos:0.9999999999999463 neg:5.369974662014892E-14 
4219.txt pos pos:1.0 neg:4.1029333286443365E-43 
2452.txt pos pos:1.0 neg:2.305598145272114E-44 
2033.txt pos pos:1.0 neg:2.746962725050734E-53 
2794.txt pos pos:0.9999981518216426 neg:1.8481783574205824E-6 
3105.txt pos neg:0.9999999998405056 pos:1.5949444071788324E-10 
1231.txt pos pos:0.9997966360253122 neg:2.0336397468784736E-4 
4051.txt pos pos:0.9999999999993545 neg:6.455470135731976E-13 
810.txt pos pos:1.0 neg:2.883275035683044E-59 
462.txt pos pos:1.0 neg:4.128140585354012E-81 
3898.txt pos neg:0.9995487207653881 pos:4.51279234611877E-4 
1418.txt pos pos:1.0 neg:1.3350914024207298E-66 
4080.txt pos neg:0.9999999999998022 pos:1.9781283476278823E-13 
2455.txt pos pos:1.0 neg:1.5376118511771506E-35 
2827.txt pos pos:1.0 neg:7.091512496732925E-44 
1121.txt pos pos:1.0 neg:1.6646513027804633E-25 
3102.txt pos neg:0.8679476327839585 pos:0.13205236721604147 
1657.txt pos pos:1.0 neg:5.0334945544563917E-20 
13.txt pos neg:1.0 pos:2.8529140202979623E-28 
2560.txt neg neg:1.0 pos:6.773414984584986E-19 
3741.txt neg neg:0.999999999997871 pos:2.128858022569547E-12 
2088.txt neg neg:1.0 pos:1.8645518550994479E-37 
4357.txt neg pos:0.819899913274356 neg:0.180100086725644 
4091.txt neg neg:0.9999999999998583 pos:1.416201839491418E-13 
2444.txt neg neg:1.0 pos:1.798404789204618E-18 
2025.txt neg neg:1.0 pos:6.983389495988141E-26 
3665.txt neg neg:1.0 pos:1.2089419049086663E-44 
976.txt neg neg:1.0 pos:9.797255077581046E-66 
1130.txt neg neg:1.0 pos:9.367245907313933E-48 
1646.txt neg neg:1.0 pos:2.9408940940806516E-23 
3113.txt neg neg:1.0 pos:2.234833733512547E-37 
2753.txt neg neg:1.0 pos:1.15308539824777E-20 
613.txt neg pos:0.9999999999999971 neg:2.884831741277773E-15 
2495.txt neg neg:1.0 pos:4.792566891117677E-42 
1378.txt neg neg:1.0 pos:3.1740022259896823E-17 
2969.txt neg neg:0.9999999999999993 pos:7.260505201005612E-16 
2443.txt neg pos:0.9999993614404191 neg:6.385595808318231E-7 
3662.txt neg neg:1.0 pos:1.0061230167958601E-19 
2022.txt neg neg:0.999999999999639 pos:3.61067034401917E-13 
1690.txt neg pos:0.9999999998914058 neg:1.0859417702219439E-10 
1137.txt neg neg:0.9999999999999496 pos:5.032004712510368E-14 
503.txt neg neg:1.0 pos:1.655322071963714E-40 
1587.txt neg neg:0.9289254777834602 pos:0.07107452221653968 
3907.txt neg neg:1.0 pos:1.1059071283194485E-29 
884.txt neg neg:0.999999999998981 pos:1.0189156766340056E-12 
3797.txt neg neg:1.0 pos:6.160532660657442E-36 
730.txt neg neg:0.9999999484232629 pos:5.15767372181655E-8 
3451.txt neg neg:0.9999999997587798 pos:2.412200738008132E-10 
2915.txt neg neg:1.0 pos:2.0416975477410723E-53 
1800.txt neg neg:0.9999999999999973 pos:2.6920255417707747E-15 
380.txt neg neg:1.0 pos:1.920052602079054E-52 
1958.txt neg pos:0.9912644768602029 neg:0.008735523139796959 
1989.txt neg neg:1.0 pos:9.545762497191813E-26 
3384.txt neg neg:1.0 pos:4.048982997522062E-24 
2967.txt neg neg:0.9999999996834024 pos:3.165977119368667E-10 
2515.txt neg neg:1.0 pos:2.8087125849979796E-64 
2174.txt neg neg:1.0 pos:1.443255881065043E-52 
3093.txt neg neg:0.999999998823099 pos:1.1769009974561943E-9 
1558.txt neg neg:1.0 pos:5.425394044341927E-19 
1589.txt neg neg:0.9999999999808233 pos:1.9176561056696033E-11 
4322.txt neg neg:0.9999999999999938 pos:6.3072607806964645E-15 
2431.txt neg neg:0.999953803366824 pos:4.6196633175836235E-5 
110.txt neg neg:1.0 pos:1.1410226772050687E-17 
3166.txt neg neg:1.0 pos:1.842368748608163E-22 
3975.txt neg neg:1.0 pos:1.0015336268376139E-24 
3039.txt neg neg:1.0 pos:4.2117128132955507E-20 
117.txt neg neg:0.9999999946603897 pos:5.3396102678120085E-9 
1284.txt neg neg:1.0 pos:1.6971323012042342E-18 
904.txt neg neg:1.0 pos:9.320342868715862E-27 
576.txt neg neg:1.0 pos:3.5351517351952596E-17 
3161.txt neg neg:0.9999294074065498 pos:7.059259345020253E-5 
1980.txt neg pos:0.999999999999972 neg:2.7895289108142274E-14 
3972.txt neg neg:1.0 pos:3.011828565502773E-33 
483.txt neg neg:0.999995445030099 pos:4.554969901033446E-6 
3424.txt neg neg:0.787933957184422 pos:0.2120660428155779 
1875.txt neg neg:1.0 pos:6.041161020186312E-17 
3733.txt neg neg:1.0 pos:2.3173924638778928E-26 
978.txt neg neg:1.0 pos:1.650971708781898E-57 
553.txt neg neg:1.0 pos:3.797326011983337E-51 
921.txt neg neg:1.0 pos:1.899740028608224E-25 
2861.txt neg neg:1.0 pos:6.977938144199157E-38 
644.txt neg neg:0.9999999999999996 pos:3.729900596185146E-16 
3144.txt neg neg:1.0 pos:1.977361645288156E-18 
4300.txt neg neg:1.0 pos:3.438101640346536E-26 
2939.txt neg neg:0.9999999999999991 pos:9.9302175228E-16 
288.txt neg neg:1.0 pos:3.553152499359374E-33 
3588.txt neg neg:0.9999509419973077 pos:4.905800269243212E-5 
2778.txt neg neg:0.9999999999863656 pos:1.3634427788490897E-11 
3138.txt neg neg:1.0 pos:3.4875746778848423E-19 
301.txt neg neg:0.9999999999999998 pos:2.272849840804123E-16 
1043.txt neg neg:1.0 pos:1.6905353970976229E-47 
2290.txt neg neg:1.0 pos:1.6647955336063412E-53 
2537.txt neg neg:1.0 pos:1.4219970046197484E-22 
1850.txt neg neg:0.9999941054645871 pos:5.894535412863744E-6 
2009.txt neg neg:1.0 pos:1.911441209023263E-33 
149.txt neg neg:1.0 pos:4.128780103342386E-35 
4134.txt neg neg:1.0 pos:1.7947919958721817E-31 
1353.txt neg neg:1.0 pos:1.207093102770359E-27 
3874.txt neg pos:0.9999725108028491 neg:2.748919715093135E-5 
2297.txt neg neg:1.0 pos:4.532459083153438E-18 
1857.txt neg neg:0.999999999523564 pos:4.764359943064477E-10 
2075.txt neg neg:1.0 pos:1.6370100405945873E-36 
3635.txt neg neg:0.999999999999998 pos:2.0759157386967402E-15 
4199.txt neg neg:1.0 pos:6.4069171464198074E-21 
2414.txt neg neg:0.9999999999999811 pos:1.8940618655322713E-14 
692.txt neg neg:0.9957067409964857 pos:0.004293259003514206 
643.txt neg neg:1.0 pos:2.083509519328576E-29 
1038.txt neg neg:1.0 pos:1.4214155365913953E-23 
3647.txt neg neg:1.0 pos:7.088161380035901E-38 
281.txt neg pos:0.9949139327329785 neg:0.005086067267021601 
2814.txt neg neg:0.9999985046202835 pos:1.4953797165469383E-6 
250.txt neg neg:1.0 pos:2.2297375116452779E-32 
2771.txt neg neg:1.0 pos:7.505290871402824E-43 
3696.txt neg neg:1.0 pos:5.419846283340969E-38 
3131.txt neg neg:0.9999999998404598 pos:1.5954008187689524E-10 
308.txt neg neg:0.9999999998257239 pos:1.742762505693033E-10 
2299.txt neg neg:1.0 pos:3.1963494770816453E-28 
4197.txt neg neg:0.9702767842769697 pos:0.029723215723030168 
4146.txt neg neg:1.0 pos:6.922680126645612E-18 
Trial 0 Trainer NaiveBayesTrainer Training Data Confusion Matrix
Confusion Matrix, row=true, column=predicted  accuracy=0.9916666666666667
  label   0   1  |total
  0 pos 887  13  |900
  1 neg   2 898  |900

Trial 0 Trainer NaiveBayesTrainer training data accuracy= 0.9916666666666667
Trial 0 Trainer NaiveBayesTrainer Test Data Confusion Matrix
Confusion Matrix, row=true, column=predicted  accuracy=0.82
  label   0   1  |total
  0 pos  72  28  |100
  1 neg   8  92  |100

Trial 0 Trainer NaiveBayesTrainer test data accuracy= 0.82

NaiveBayesTrainer
Summary. train accuracy mean = 0.9916666666666667 stddev = 0.0 stderr = 0.0
Summary. test accuracy mean = 0.82 stddev = 0.0 stderr = 0.0
