
-------------------- Trial 0  --------------------

Trial 0 Training NaiveBayesTrainer with 1800 instances
Trial 0 Training NaiveBayesTrainer finished
Trial 0 Trainer NaiveBayesTrainer
 Raw Testing Data
3992.txt pos pos:1.0 neg:6.1260187000338325E-90 
3150.txt pos pos:0.9937389064276675 neg:0.006261093572332545 
1605.txt pos pos:1.0 neg:2.7868900002275944E-46 
1264.txt pos pos:1.0 neg:4.359795654097864E-21 
2699.txt pos pos:0.9999995733912194 neg:4.266087806213807E-7 
4230.txt pos pos:1.0 neg:5.909551057584953E-94 
966.txt pos pos:1.0 neg:2.925485118030857E-34 
1218.txt pos neg:0.9135691918102622 pos:0.08643080818973789 
175.txt pos pos:1.0 neg:2.4931868646923175E-42 
2634.txt pos pos:0.9569223929963616 neg:0.04307760700363831 
1721.txt pos pos:1.0 neg:2.0782710786081117E-34 
3867.txt pos pos:1.0 neg:5.148946772204028E-70 
2980.txt pos pos:1.0 neg:9.272221945914894E-33 
1436.txt pos pos:1.0 neg:2.6351429102490866E-42 
1057.txt pos neg:0.9998225240954821 pos:1.7747590451795833E-4 
1569.txt pos neg:0.7757548138884495 pos:0.22424518611155062 
4237.txt pos pos:1.0 neg:1.6193783522667256E-81 
513.txt pos pos:0.9999999998480047 neg:1.519953840447562E-10 
172.txt pos neg:0.9999999999788298 pos:2.1170130225424033E-11 
3938.txt pos pos:1.0 neg:1.0510333912030065E-91 
2194.txt pos pos:0.9999999999432618 neg:5.6738193629248764E-11 
1726.txt pos pos:1.0 neg:5.474054936390243E-33 
3860.txt pos pos:1.0 neg:7.790689439094829E-149 
1892.txt pos pos:0.9999999999985585 neg:1.4414585787928634E-12 
1843.txt pos pos:1.0 neg:1.737635322261208E-59 
2524.txt pos neg:1.0 pos:8.48667789956352E-26 
97.txt pos pos:1.0 neg:1.984621317830142E-38 
219.txt pos pos:1.0 neg:1.4131363074402574E-22 
3186.txt pos pos:0.9999999991045958 neg:8.954042381423238E-10 
4004.txt pos neg:0.7554993021773175 pos:0.24450069782268244 
2558.txt pos pos:1.0 neg:6.917373774389491E-48 
4313.txt pos neg:0.9884847006342827 pos:0.011515299365717185 
1915.txt pos pos:1.0 neg:2.996282232138863E-31 
1567.txt pos pos:1.0 neg:4.53663348595863E-20 
2800.txt pos pos:1.0 neg:1.676972039549033E-23 
1670.txt pos pos:0.9999999999999949 neg:5.140022780326832E-15 
3936.txt pos pos:1.0 neg:3.5571279814742086E-84 
445.txt pos pos:1.0 neg:3.596477778739022E-24 
752.txt pos pos:1.0 neg:1.8014467094831613E-27 
4361.txt pos pos:1.0 neg:1.8118307957757617E-47 
4183.txt pos pos:1.0 neg:1.880291900615823E-98 
2378.txt pos pos:1.0 neg:2.7590911634799914E-27 
2587.txt pos pos:0.9999999999999991 neg:8.511671369892818E-16 
2556.txt pos pos:0.9999999999999836 neg:1.6398112473959005E-14 
1022.txt pos neg:0.9999992918843665 pos:7.081156334382335E-7 
3777.txt pos pos:0.9999999999966294 neg:3.370668858636651E-12 
4242.txt pos pos:1.0 neg:2.9787912806116524E-20 
210.txt pos pos:0.9999992264675467 neg:7.735324532023911E-7 
2068.txt pos neg:0.998764420532227 pos:0.00123557946777301 
3628.txt pos pos:1.0 neg:6.486640671170243E-23 
4155.txt pos pos:1.0 neg:2.0817500656489507E-62 
4293.txt pos pos:1.0 neg:6.618180447905692E-57 
3006.txt pos pos:1.0 neg:4.373494827843684E-78 
1753.txt pos pos:1.0 neg:7.423375169608428E-22 
3467.txt pos pos:1.0 neg:1.5352292193563682E-60 
1495.txt pos pos:1.0 neg:5.21386562327437E-48 
1444.txt pos pos:1.0 neg:9.117005640709396E-145 
3311.txt pos neg:0.9999952075114733 pos:4.792488526737296E-6 
1025.txt pos pos:0.9999594317097374 neg:4.056829026244526E-5 
968.txt pos pos:0.9999973316185973 neg:2.668381402851813E-6 
2762.txt pos pos:0.9978627413226651 neg:0.002137258677334939 
3931.txt pos pos:1.0 neg:6.399919255431211E-29 
755.txt pos pos:1.0 neg:3.986258468682982E-34 
4366.txt pos pos:0.9999999997086939 neg:2.913060051021978E-10 
334.txt pos neg:1.0 pos:3.3340617023516644E-34 
1059.txt pos pos:1.0 neg:1.7731551459995943E-37 
4160.txt pos pos:1.0 neg:1.3087706548207504E-27 
4277.txt pos pos:0.999999999732325 neg:2.6767495584754525E-10 
1803.txt pos pos:1.0 neg:1.0176907158783337E-17 
3324.txt pos pos:1.0 neg:1.3114355066703078E-71 
1766.txt pos pos:0.9999999999995182 neg:4.819286210722139E-13 
1642.txt pos neg:0.9999999999999987 pos:1.4083222628499604E-15 
259.txt pos pos:0.9999999992417972 neg:7.582027865418825E-10 
2832.txt pos pos:1.0 neg:1.048704113696731E-16 
4095.txt pos pos:1.0 neg:2.343308339981035E-71 
3358.txt pos pos:1.0 neg:1.4557198455317311E-21 
2518.txt pos pos:0.9999999999999476 neg:5.25041660477329E-14 
805.txt pos neg:0.9999999640131305 pos:3.598686957382592E-8 
1583.txt pos pos:1.0 neg:2.1339530209527993E-55 
1133.txt pos pos:0.9999999999999998 neg:1.3439967406879164E-16 
198.txt pos pos:1.0 neg:1.369709844034549E-19 
306.txt pos pos:0.9927237404148087 neg:0.007276259585191261 
4354.txt pos pos:1.0 neg:2.394797362019826E-27 
2269.txt pos pos:1.0 neg:3.4656474639973744E-20 
802.txt pos pos:0.9983109289315514 neg:0.00168907106844858 
4167.txt pos pos:0.9999998291639268 neg:1.7083607327582536E-7 
4270.txt pos neg:0.9999999961712744 pos:3.828725622611717E-9 
2102.txt pos pos:1.0 neg:3.4741759488425244E-31 
1476.txt pos pos:0.9999996029054334 neg:3.9709456643627836E-7 
2911.txt pos pos:0.9999999999994014 neg:5.987381035336422E-13 
2563.txt pos pos:1.0 neg:7.697352362467126E-24 
3455.txt pos neg:1.0 pos:3.321654147662053E-21 
1761.txt pos pos:1.0 neg:8.201761128413367E-83 
526.txt pos pos:1.0 neg:1.1129331056706516E-30 
196.txt pos pos:1.0 neg:1.0185381154901708E-23 
631.txt pos pos:1.0 neg:1.0149350100888947E-45 
3427.txt pos pos:1.0 neg:1.1522217466101772E-77 
1372.txt pos pos:1.0 neg:1.0435952453006011E-68 
2606.txt pos pos:1.0 neg:4.835330146168526E-34 
2896.txt pos pos:1.0 neg:2.4547598291616786E-32 
321.txt neg pos:0.9999997792695404 neg:2.2073045957595322E-7 
3040.txt neg neg:0.9999999993035007 pos:6.964993277038253E-10 
3736.txt neg neg:1.0 pos:2.254263987708332E-42 
825.txt neg neg:1.0 pos:2.791329220706137E-23 
2517.txt neg neg:0.9999999999993494 pos:6.505015652552761E-13 
1928.txt neg pos:0.9999999999623521 neg:3.7647922337873395E-11 
3579.txt neg neg:1.0 pos:3.26339980160741E-41 
2339.txt neg neg:1.0 pos:1.9277276126174628E-23 
2758.txt neg neg:0.9999999999999958 pos:4.113332314714793E-15 
279.txt neg neg:0.9999999559668798 pos:4.4033120130009955E-8 
1769.txt neg neg:1.0 pos:3.203377811020731E-28 
33.txt neg pos:0.9999999999991385 neg:8.614788562534627E-13 
2052.txt neg neg:1.0 pos:2.161710141382519E-29 
901.txt neg neg:0.9999998976952589 pos:1.0230474102064045E-7 
2841.txt neg neg:0.9999999999201934 pos:7.980655196499857E-11 
3273.txt neg neg:1.0 pos:1.1748518341146046E-23 
1526.txt neg neg:1.0 pos:1.9794783244886663E-18 
1250.txt neg pos:1.0 neg:5.423464459185497E-24 
2345.txt neg neg:1.0 pos:3.1974309942430092E-21 
1196.txt neg neg:1.0 pos:3.600341976004013E-23 
2724.txt neg neg:1.0 pos:7.434276321011076E-24 
2083.txt neg pos:0.9993082180137912 neg:6.917819862089001E-4 
3164.txt neg pos:1.0 neg:5.6142942992915465E-40 
3828.txt neg neg:1.0 pos:3.6171534908940618E-34 
906.txt neg neg:1.0 pos:6.750936653369936E-29 
1953.txt neg neg:0.9999762437094049 pos:2.3756290595181047E-5 
1286.txt neg neg:1.0 pos:7.857501306239285E-37 
115.txt neg neg:1.0 pos:1.1987794513200963E-29 
2897.txt neg neg:0.9999867831667469 pos:1.3216833253073958E-5 
2342.txt neg neg:0.9902350942476648 pos:0.009764905752335261 
3970.txt neg neg:0.9999999555359578 pos:4.4464042255933355E-8 
1191.txt neg neg:1.0 pos:1.9290256806438223E-18 
1636.txt neg pos:1.0 neg:2.859902281764317E-20 
1373.txt neg neg:1.0 pos:4.8334755272014945E-29 
2171.txt neg neg:0.9999999999999678 pos:3.213416912012205E-14 
450.txt neg neg:0.9999287989127317 pos:7.120108726831803E-5 
1064.txt neg pos:1.0 neg:7.666641850647276E-63 
48.txt neg neg:1.0 pos:1.1501420985062243E-27 
4203.txt neg neg:0.9999999999999998 pos:2.8120869275886966E-16 
2448.txt neg neg:1.0 pos:4.634294490559825E-44 
2214.txt neg neg:1.0 pos:9.068778364595799E-33 
881.txt neg pos:0.9999999999999927 neg:7.336663760849963E-15 
2910.txt neg pos:0.9999825070166551 neg:1.7492983344777135E-5 
1477.txt neg neg:0.9999999999998737 pos:1.2637148913537272E-13 
1805.txt neg neg:1.0 pos:6.938838356079655E-73 
908.txt neg neg:0.9999999964555446 pos:3.544455492266582E-9 
2848.txt neg neg:0.9999999999333022 pos:6.669783286039029E-11 
1259.txt neg neg:0.999999999998922 pos:1.0780589863834738E-12 
3049.txt neg neg:1.0 pos:6.128777061600095E-32 
328.txt neg neg:1.0 pos:1.8613857267068812E-20 
798.txt neg pos:0.999999999999936 neg:6.400476542047864E-14 
1879.txt neg neg:1.0 pos:6.3240045537777635E-25 
2027.txt neg neg:0.9944196743702746 pos:0.0055803256297253445 
1695.txt neg neg:1.0 pos:3.2507640491986892E-18 
1132.txt neg neg:0.9999078206004129 pos:9.217939958711565E-5 
270.txt neg pos:0.9999984564742527 neg:1.5435257472511112E-6 
3388.txt neg neg:0.9933966256087374 pos:0.006603374391262521 
459.txt neg neg:0.9877011191381275 pos:0.012298880861872447 
4094.txt neg pos:1.0 neg:8.959202771999484E-39 
2519.txt neg neg:1.0 pos:1.4856250595562493E-17 
2020.txt neg neg:0.9999999840632987 pos:1.593670131892108E-8 
2787.txt neg neg:1.0 pos:1.7770086255250964E-18 
3201.txt neg neg:0.8894586510937834 pos:0.1105413489062165 
160.txt neg neg:1.0 pos:4.459957698681998E-27 
3453.txt neg neg:0.9999999743066779 pos:2.569332216480668E-8 
353.txt neg neg:0.9340002445932818 pos:0.06599975540671833 
3032.txt neg neg:1.0 pos:1.9397451966142634E-46 
3744.txt neg neg:1.0 pos:1.185804700876959E-22 
382.txt neg neg:1.0 pos:3.702051996851128E-91 
1011.txt neg neg:1.0 pos:3.477430486735824E-21 
2565.txt neg neg:1.0 pos:1.1867742175025268E-21 
1802.txt neg neg:0.9565021430015136 pos:0.04349785699848651 
1470.txt neg neg:0.99999999999998 pos:2.0075733262601505E-14 
1089.txt neg neg:0.9999979668001117 pos:2.033199888273334E-6 
2763.txt neg neg:0.9999980890081338 pos:1.910991866155453E-6 
2302.txt neg neg:0.9999999999901894 pos:9.810587420384956E-12 
3930.txt neg neg:1.0 pos:8.32720322264062E-70 
3593.txt neg neg:0.9999999999774596 pos:2.2540496788637572E-11 
2806.txt neg neg:1.0 pos:3.0920527831424323E-44 
155.txt neg neg:1.0 pos:9.353187046424974E-51 
534.txt neg neg:1.0 pos:1.4108595112838007E-48 
2550.txt neg neg:1.0 pos:8.88607851211681E-32 
3771.txt neg neg:1.0 pos:7.313731204231851E-74 
410.txt neg neg:1.0 pos:3.9016610989549744E-30 
862.txt neg neg:0.9999999845295169 pos:1.5470483008191746E-8 
1024.txt neg neg:0.9999999999999909 pos:9.033152196527094E-15 
1783.txt neg neg:1.0 pos:1.802543413047294E-23 
366.txt neg neg:1.0 pos:5.9402443274914165E-27 
707.txt neg pos:1.0 neg:2.283566183696484E-42 
1333.txt neg neg:0.9912257246182825 pos:0.008774275381717595 
3466.txt neg neg:1.0 pos:2.4700140623536585E-30 
4243.txt neg neg:1.0 pos:4.4998713721628286E-17 
3248.txt neg neg:0.9999999999997289 pos:2.7100775424749756E-13 
2408.txt neg neg:1.0 pos:7.604917814154982E-33 
3776.txt neg neg:0.9999999999930265 pos:6.97351230551566E-12 
865.txt neg neg:0.9999628463730739 pos:3.715362692625256E-5 
1755.txt neg pos:1.0 neg:1.3318330053546126E-35 
2640.txt neg neg:0.7116612837957471 pos:0.2883387162042529 
2221.txt neg neg:1.0 pos:9.75094988735176E-35 
2379.txt neg neg:1.0 pos:1.995108017084412E-21 
Trial 0 Trainer NaiveBayesTrainer Training Data Confusion Matrix
Confusion Matrix, row=true, column=predicted  accuracy=0.9938888888888889
  label   0   1  |total
  0 pos 891   9  |900
  1 neg   2 898  |900

Trial 0 Trainer NaiveBayesTrainer training data accuracy= 0.9938888888888889
Trial 0 Trainer NaiveBayesTrainer Test Data Confusion Matrix
Confusion Matrix, row=true, column=predicted  accuracy=0.85
  label   0   1  |total
  0 pos  85  15  |100
  1 neg  15  85  |100

Trial 0 Trainer NaiveBayesTrainer test data accuracy= 0.85

NaiveBayesTrainer
Summary. train accuracy mean = 0.9938888888888889 stddev = 0.0 stderr = 0.0
Summary. test accuracy mean = 0.85 stddev = 0.0 stderr = 0.0
