
-------------------- Trial 0  --------------------

Trial 0 Training NaiveBayesTrainer with 1800 instances
Trial 0 Training NaiveBayesTrainer finished
Trial 0 Trainer NaiveBayesTrainer
 Raw Testing Data
2072.txt pos pos:1.0 neg:2.8523983393136956E-28 
84.txt pos pos:1.0 neg:2.413702491826697E-18 
3986.txt pos pos:0.9998633960708029 neg:1.3660392919710834E-4 
1974.txt pos pos:1.0 neg:3.3461649688181094E-35 
1506.txt pos pos:1.0 neg:4.323883903904352E-96 
4307.txt pos pos:1.0 neg:1.2652088794124071E-21 
384.txt pos neg:0.9997955682873272 pos:2.0443171267271244E-4 
423.txt pos pos:0.9204906876434356 neg:0.07950931235656451 
4010.txt pos pos:1.0 neg:2.075275388534954E-50 
1277.txt pos pos:0.9999999914829439 neg:8.517056048160373E-9 
3192.txt pos pos:1.0 neg:2.065947026608936E-52 
2866.txt pos neg:0.9999510479267031 pos:4.895207329704419E-5 
1501.txt pos pos:0.9999999998944 neg:1.055999537750713E-10 
1973.txt pos pos:1.0 neg:2.179823192180251E-34 
329.txt pos neg:0.9999999999999991 pos:7.859419907202028E-16 
1044.txt pos neg:0.8691475425931688 pos:0.1308524574068312 
1886.txt pos pos:1.0 neg:2.6356960284174447E-25 
799.txt pos pos:1.0 neg:4.554460416569751E-21 
1095.txt pos pos:1.0 neg:5.9814095318832106E-55 
2180.txt pos neg:0.6806097568008005 pos:0.31939024319919956 
3649.txt pos pos:1.0 neg:4.168004364668275E-21 
3228.txt pos pos:0.9999629149071876 neg:3.7085092812541704E-5 
2123.txt pos pos:1.0 neg:1.9993366564048348E-69 
1791.txt pos pos:1.0 neg:4.242037604335145E-17 
1036.txt pos pos:1.0 neg:3.1210861330349347E-61 
2593.txt pos pos:0.999999999999998 neg:1.9993931493559804E-15 
1740.txt pos pos:1.0 neg:1.8154644372392707E-42 
907.txt pos pos:1.0 neg:2.5478531058230523E-47 
4375.txt pos pos:1.0 neg:4.227568480904445E-71 
1859.txt pos pos:0.9999343419286065 neg:6.565807139342329E-5 
3408.txt pos neg:1.0 pos:2.0891205943109142E-20 
3069.txt pos pos:0.8183640441138983 neg:0.1816359558861018 
1205.txt pos pos:0.9960541432035298 neg:0.003945856796470124 
3922.txt pos pos:1.0 neg:8.374574514371033E-23 
790.txt pos pos:1.0 neg:7.141633051268229E-40 
2776.txt pos neg:1.0 pos:5.400742665693437E-18 
3586.txt pos pos:1.0 neg:2.902737845856519E-24 
3221.txt pos pos:0.9998336472453718 neg:1.6635275462824085E-4 
619.txt pos pos:0.5869240866615306 neg:0.4130759133384693 
1574.txt pos neg:0.5281653819713741 pos:0.4718346180286259 
889.txt pos pos:0.9987040477499377 neg:0.0012959522500621795 
1450.txt pos neg:0.999997010791808 pos:2.9892081919768398E-6 
1822.txt pos pos:0.9999999999863807 neg:1.361930760653779E-11 
1481.txt pos pos:1.0 neg:2.0775237166923979E-44 
1326.txt pos neg:0.9999999860943243 pos:1.3905675764385275E-8 
3012.txt pos pos:0.9998486819968075 neg:1.5131800319240088E-4 
2652.txt pos pos:0.9999999999897748 neg:1.0225179152125974E-11 
900.txt pos pos:0.9999999999999996 neg:4.705492010769555E-16 
204.txt pos pos:1.0 neg:7.540901997634398E-23 
4256.txt pos pos:1.0 neg:1.2114858565247947E-93 
4050.txt pos pos:1.0 neg:3.875632438969977E-108 
4347.txt pos pos:1.0 neg:1.1251504229223936E-104 
3899.txt pos pos:1.0 neg:6.6000260615423E-97 
1078.txt pos pos:1.0 neg:1.1714181663521363E-52 
2454.txt pos pos:1.0 neg:9.817649452044211E-33 
2826.txt pos pos:1.0 neg:3.493627304578609E-52 
1933.txt pos pos:1.0 neg:2.242070698439107E-17 
3103.txt pos neg:1.0 pos:3.73054318576163E-20 
949.txt pos pos:1.0 neg:3.069463156041096E-18 
1590.txt pos pos:1.0 neg:2.4328371671906E-24 
3910.txt pos pos:1.0 neg:5.413772901035299E-23 
2570.txt pos neg:0.9999999999737657 pos:2.623427519144252E-11 
3751.txt pos pos:1.0 neg:7.602891399994396E-54 
4263.txt pos neg:0.9935708411713409 pos:0.006429158828659214 
1775.txt pos pos:0.7363402892740669 neg:0.26365971072593314 
3833.txt pos pos:1.0 neg:2.0273480127556594E-41 
3756.txt pos pos:1.0 neg:2.414450861849795E-25 
1003.txt pos pos:0.9999999999999973 neg:2.592578884480716E-15 
932.txt pos pos:1.0 neg:2.2041836899743303E-47 
2738.txt pos pos:0.9999999948269236 neg:5.1730763566796875E-9 
4173.txt pos pos:1.0 neg:7.362852955258393E-96 
121.txt pos pos:1.0 neg:9.435203573523507E-69 
1999.txt pos pos:0.9999999923306334 neg:7.669366528324719E-9 
464.txt pos pos:0.9999999999999805 neg:1.9441374411750953E-14 
1709.txt pos pos:1.0 neg:1.7368377459519108E-25 
4340.txt pos pos:1.0 neg:5.131458846193297E-37 
2453.txt pos pos:1.0 neg:8.864709830702692E-19 
1934.txt pos pos:0.9999879158295526 neg:1.208417044751919E-5 
2795.txt pos pos:1.0 neg:2.8830359122408957E-38 
1680.txt pos neg:0.999999991578964 pos:8.421035987139358E-9 
1127.txt pos pos:1.0 neg:1.3691460540153698E-26 
3104.txt pos pos:0.9998847666281555 neg:1.1523337184445175E-4 
416.txt pos pos:0.9999999985404238 neg:1.459576135875346E-9 
864.txt pos pos:1.0 neg:5.2259067064539193E-39 
2579.txt pos neg:0.9999999967086997 pos:3.291300337294959E-9 
360.txt pos pos:1.0 neg:6.706231032163953E-53 
3758.txt pos neg:0.5197719858455542 pos:0.48022801415444577 
1293.txt pos pos:1.0 neg:5.243400673758397E-77 
238.txt pos neg:0.9999999903010895 pos:9.698910555542028E-9 
3176.txt pos pos:1.0 neg:1.739065690163321E-54 
2357.txt pos pos:1.0 neg:1.3328488704028225E-125 
3965.txt pos neg:0.9999999999999778 pos:2.216354713855899E-14 
2612.txt pos pos:1.0 neg:5.496315379026397E-35 
818.txt pos pos:1.0 neg:6.8760403114728555E-47 
3394.txt pos pos:0.9999999999374103 neg:6.258960739289253E-11 
2505.txt pos pos:1.0 neg:9.282284990926357E-21 
1862.txt pos neg:0.999999999999923 pos:7.71472782477304E-14 
244.txt pos pos:1.0 neg:1.5573122428953276E-35 
532.txt pos pos:1.0 neg:1.8818963986438786E-30 
3919.txt pos pos:0.9999972423389561 neg:2.757661043799519E-6 
3714.txt neg neg:0.9870265355023152 pos:0.012973464497684793 
1730.txt neg pos:0.9999993665910112 neg:6.334089887727576E-7 
1884.txt neg neg:1.0 pos:8.65306187659067E-31 
2295.txt neg neg:0.9999999999995788 pos:4.211758835674237E-13 
4379.txt neg pos:0.8502672865631794 neg:0.14973271343682065 
1855.txt neg neg:1.0 pos:6.209913049159562E-47 
3713.txt neg neg:1.0 pos:7.516542191129874E-24 
2153.txt neg neg:1.0 pos:5.218313712538758E-18 
3190.txt neg pos:0.9999959932628482 neg:4.006737151884919E-6 
556.txt neg neg:1.0 pos:4.944007435392309E-40 
587.txt neg pos:0.9958235101708439 neg:0.004176489829156017 
2701.txt neg neg:1.0 pos:6.0396439008835744E-46 
3141.txt neg neg:1.0 pos:2.3614115190281263E-22 
1275.txt neg pos:1.0 neg:1.1583423820670858E-17 
719.txt neg neg:1.0 pos:7.114919581829951E-32 
2097.txt neg neg:1.0 pos:3.9084631607200935E-24 
3170.txt neg pos:0.9992621638597954 neg:7.378361402046311E-4 
7.txt neg neg:1.0 pos:1.3302829150598689E-18 
1532.txt neg neg:1.0 pos:2.044115064303578E-23 
2427.txt neg neg:0.9999939113011441 pos:6.0886988558400665E-6 
2855.txt neg neg:0.9999999999999998 pos:1.212409353055405E-16 
1818.txt neg neg:1.0 pos:5.391262010970604E-37 
349.txt neg neg:1.0 pos:3.6356807544505615E-27 
4023.txt neg pos:0.9999999999999649 neg:3.514477468768174E-14 
3449.txt neg pos:1.0 neg:3.96136385438747E-35 
1659.txt neg neg:1.0 pos:1.421911408331506E-27 
969.txt neg neg:1.0 pos:1.8728979130294494E-19 
1416.txt neg pos:0.9999650073789225 neg:3.49926210775434E-5 
443.txt neg neg:0.999999999997851 pos:2.149023808280922E-12 
3085.txt neg neg:0.999999999999482 pos:5.179734510754019E-13 
2162.txt neg neg:1.0 pos:2.000985602916449E-27 
754.txt neg pos:0.9999987484588213 neg:1.2515411786543172E-6 
1598.txt neg neg:0.9999993666993784 pos:6.333006215853638E-7 
1070.txt neg pos:1.0 neg:1.986844224783262E-23 
332.txt neg neg:1.0 pos:4.820874597685526E-29 
2883.txt neg neg:1.0 pos:3.098563568530015E-30 
3516.txt neg neg:0.9999986377885015 pos:1.362211498473422E-6 
1243.txt neg pos:0.9999999999999816 neg:1.8460453031661357E-14 
1947.txt neg neg:1.0 pos:3.3188607984912425E-36 
560.txt neg neg:1.0 pos:3.121772990187258E-32 
2041.txt neg neg:1.0 pos:1.0381323150254805E-17 
20.txt neg neg:0.9850875337083957 pos:0.01491246629160423 
2119.txt neg neg:0.9999999999954321 pos:4.567931823447053E-12 
3759.txt neg neg:1.0 pos:2.9561951344495864E-18 
438.txt neg pos:0.9899123431506678 neg:0.010087656849332166 
2745.txt neg neg:1.0 pos:3.9257549052258455E-25 
1596.txt neg neg:1.0 pos:2.121740951512543E-19 
512.txt neg neg:0.9999999999999989 pos:1.1021347944317765E-15 
3673.txt neg pos:0.999999999998405 neg:1.5948433209067814E-12 
2978.txt neg neg:1.0 pos:7.125607523529968E-30 
1369.txt neg neg:1.0 pos:3.2905614835679017E-29 
1998.txt neg neg:1.0 pos:1.4057104948815635E-45 
3518.txt neg neg:0.9999999999999962 pos:3.839606686726178E-15 
1949.txt neg neg:1.0 pos:1.0719177652578455E-56 
2904.txt neg neg:1.0 pos:2.0909652088676088E-38 
3757.txt neg neg:0.9999995946448657 pos:4.053551343309146E-7 
4175.txt neg neg:0.9999999980371874 pos:1.9628126726976497E-9 
3269.txt neg neg:1.0 pos:3.1347637709752944E-56 
569.txt neg neg:0.9999999992451138 pos:7.54886145601956E-10 
3331.txt neg neg:0.999996667639051 pos:3.3323609489155053E-6 
1005.txt neg neg:1.0 pos:9.212230183713873E-52 
4109.txt neg neg:0.9999999999999993 pos:7.084938002849569E-16 
3563.txt neg neg:0.999999999999988 pos:1.1908209924019425E-14 
1591.txt neg neg:0.9999575009315513 pos:4.24990684487406E-5 
174.txt neg neg:0.9901388403201667 pos:0.00986115967983329 
2793.txt neg neg:0.9999999999999891 pos:1.0881854212044425E-14 
3674.txt neg neg:1.0 pos:5.240073305512935E-45 
55.txt neg pos:0.9731900410362594 neg:0.026809958963740495 
3958.txt neg pos:1.0 neg:3.670661349851747E-37 
1327.txt neg neg:0.9999863550982518 pos:1.3644901748189806E-5 
3013.txt neg neg:1.0 pos:1.7004333855429423E-25 
2653.txt neg neg:1.0 pos:3.458911626084376E-19 
404.txt neg neg:0.6237628344520315 pos:0.3762371655479685 
1797.txt neg pos:0.9999244007460037 neg:7.55992539961087E-5 
1823.txt neg pos:1.0 neg:6.220152173203018E-29 
287.txt neg neg:1.0 pos:3.731689161562427E-21 
520.txt neg neg:0.9999999931328492 pos:6.867150849651071E-9 
141.txt neg neg:1.0 pos:2.644722922838155E-29 
2316.txt neg neg:1.0 pos:9.735710028068475E-34 
637.txt neg neg:1.0 pos:8.333945222173504E-33 
190.txt neg pos:0.9999635219878112 neg:3.647801218879221E-5 
3137.txt neg neg:1.0 pos:3.199150036448194E-43 
2777.txt neg neg:1.0 pos:1.0804146270234053E-29 
3719.txt neg pos:1.0 neg:1.449841272840849E-17 
3378.txt neg neg:1.0 pos:2.0995596363624793E-51 
280.txt neg neg:0.9999999859669808 pos:1.403301918017951E-8 
3646.txt neg neg:1.0 pos:1.7556440632339292E-22 
2006.txt neg neg:1.0 pos:4.283207190916253E-24 
1572.txt neg neg:0.999999999924595 pos:7.540496187078785E-11 
1900.txt neg neg:1.0 pos:8.679535608035319E-30 
2311.txt neg neg:1.0 pos:7.337981166799793E-30 
3697.txt neg neg:1.0 pos:1.9795351197780218E-26 
768.txt neg neg:1.0 pos:6.830322081965441E-33 
1858.txt neg pos:0.9449690976072623 neg:0.05503090239273778 
4281.txt neg neg:0.9999987889360794 pos:1.211063920626172E-6 
1278.txt neg neg:1.0 pos:1.8288859818253237E-23 
1619.txt neg neg:0.9999999999809024 pos:1.9097641041942987E-11 
3014.txt neg neg:0.9999999886107013 pos:1.1389298705157434E-8 
1456.txt neg neg:0.999993621362109 pos:6.3786378909944745E-6 
2931.txt neg neg:1.0 pos:1.6430664320195077E-58 
Trial 0 Trainer NaiveBayesTrainer Training Data Confusion Matrix
Confusion Matrix, row=true, column=predicted  accuracy=0.9927777777777778
  label   0   1  |total
  0 pos 890  10  |900
  1 neg   3 897  |900

Trial 0 Trainer NaiveBayesTrainer training data accuracy= 0.9927777777777778
Trial 0 Trainer NaiveBayesTrainer Test Data Confusion Matrix
Confusion Matrix, row=true, column=predicted  accuracy=0.8
  label   0   1  |total
  0 pos  81  19  |100
  1 neg  21  79  |100

Trial 0 Trainer NaiveBayesTrainer test data accuracy= 0.8

NaiveBayesTrainer
Summary. train accuracy mean = 0.9927777777777778 stddev = 0.0 stderr = 0.0
Summary. test accuracy mean = 0.8 stddev = 0.0 stderr = 0.0
