
-------------------- Trial 0  --------------------

Trial 0 Training NaiveBayesTrainer with 1800 instances
Trial 0 Training NaiveBayesTrainer finished
Trial 0 Trainer NaiveBayesTrainer
 Raw Testing Data
1700.txt pos pos:0.9767564806126019 neg:0.023243519387397996 
3055.txt pos neg:0.9994450042487143 pos:5.549957512857278E-4 
2970.txt pos pos:1.0 neg:3.762464914650243E-92 
1417.txt pos pos:1.0 neg:1.101236565346721E-21 
1865.txt pos pos:1.0 neg:1.2655915306884652E-18 
1076.txt pos pos:1.0 neg:1.626283611824716E-43 
4211.txt pos pos:0.9999999999999998 neg:1.7077442961781997E-16 
2828.txt pos pos:0.9999999999618687 neg:3.813132353280811E-11 
996.txt pos pos:1.0 neg:3.9309334203630815E-24 
292.txt pos pos:0.9404745722543586 neg:0.059525427745641374 
4022.txt pos pos:1.0 neg:1.1825554046232072E-22 
2381.txt pos pos:1.0 neg:2.8181414452249616E-32 
598.txt pos pos:1.0 neg:3.223031720536663E-44 
549.txt pos neg:0.9999999999997959 pos:2.0398916636849908E-13 
3962.txt pos pos:1.0 neg:1.1254635933563477E-71 
1649.txt pos pos:0.999999999923078 neg:7.692204217585437E-11 
4117.txt pos pos:1.0 neg:5.215648436843125E-70 
524.txt pos pos:0.9999999976787131 neg:2.321286854535837E-9 
1698.txt pos pos:1.0 neg:3.390803651481018E-24 
2513.txt pos pos:1.0 neg:1.6790319744181587E-17 
2961.txt pos neg:1.0 pos:4.108186999528807E-18 
2172.txt pos pos:1.0 neg:9.767369691255766E-45 
3044.txt pos neg:0.9999789265908293 pos:2.107340917066638E-5 
3425.txt pos pos:1.0 neg:3.746793603433375E-23 
3857.txt pos neg:1.0 pos:7.859190052923464E-25 
71.txt pos pos:1.0 neg:1.7023238860331544E-19 
1981.txt pos pos:1.0 neg:2.724718286775426E-56 
1254.txt pos pos:0.9999999999999998 neg:1.7203388363267116E-16 
1522.txt pos pos:1.0 neg:5.54988922606984E-25 
2056.txt pos pos:1.0 neg:9.795431009013208E-37 
717.txt pos pos:1.0 neg:1.0926224960220047E-32 
4324.txt pos pos:1.0 neg:2.3168959994361813E-111 
376.txt pos neg:1.0 pos:1.309505730951081E-40 
3038.txt pos neg:0.8552811015320856 pos:0.14471889846791447 
2080.txt pos pos:1.0 neg:2.8803160258475067E-27 
1957.txt pos pos:1.0 neg:3.5018776209517503E-22 
229.txt pos neg:0.8709691489440183 pos:0.12903085105598158 
2051.txt pos pos:1.0 neg:2.7619625410025606E-95 
3749.txt pos pos:0.9989770184695755 neg:0.0010229815304243833 
4034.txt pos pos:1.0 neg:1.4393018039221285E-33 
4110.txt pos pos:1.0 neg:1.0158218224444067E-30 
1138.txt pos pos:0.9999999999996534 neg:3.4662796415380207E-13 
2966.txt pos neg:0.8961473529302072 pos:0.10385264706979278 
2175.txt pos pos:1.0 neg:1.2755197593359049E-24 
3043.txt pos pos:0.9999999999993061 neg:6.939979408609313E-13 
2603.txt pos neg:0.9999998684915612 pos:1.3150843879127736E-7 
3850.txt pos pos:1.0 neg:1.6563609998611412E-39 
1377.txt pos pos:1.0 neg:3.0483259052668364E-50 
2729.txt pos pos:1.0 neg:1.245167047955468E-23 
580.txt pos neg:1.0 pos:3.1612311694155187E-29 
1801.txt pos neg:0.9999999999999996 pos:4.883344795418431E-16 
3796.txt pos neg:0.9999999999999993 pos:7.33975652734316E-16 
2755.txt pos neg:1.0 pos:5.646429580337486E-21 
1640.txt pos pos:1.0 neg:4.300779881567637E-65 
3574.txt pos neg:0.850604139398695 pos:0.149395860601305 
3906.txt pos pos:1.0 neg:1.5459553938249807E-23 
1221.txt pos pos:1.0 neg:6.386031171843139E-18 
1925.txt pos pos:1.0 neg:9.55891004304051E-26 
3663.txt pos pos:1.0 neg:1.27685328425945E-37 
1718.txt pos pos:1.0 neg:2.732744974098498E-39 
807.txt pos pos:1.0 neg:4.903361578011191E-24 
4380.txt pos pos:1.0 neg:1.4833751181377428E-102 
1379.txt pos pos:0.9999998321457044 neg:1.678542956750123E-7 
1647.txt pos neg:0.9988707194375709 pos:0.0011292805624291125 
2333.txt pos pos:1.0 neg:2.238398051546772E-61 
1550.txt pos pos:0.9999802533287749 neg:1.9746671225174045E-5 
1922.txt pos pos:1.0 neg:1.7085829613056248E-41 
989.txt pos pos:1.0 neg:3.2362682810408098E-49 
3664.txt pos pos:1.0 neg:1.5786272508366305E-25 
4090.txt pos pos:0.9981771483008671 neg:0.0018228516991327993 
800.txt pos neg:1.0 pos:3.540553974394113E-27 
3859.txt pos pos:1.0 neg:8.831774553769507E-99 
924.txt pos pos:0.9972329467156384 neg:0.002767053284361494 
137.txt pos pos:0.9999999999973668 neg:2.633219613889803E-12 
4272.txt pos pos:1.0 neg:1.456472905399902E-70 
3486.txt pos pos:1.0 neg:4.624593220339162E-30 
2100.txt pos pos:1.0 neg:1.0320699578386673E-64 
3740.txt pos pos:1.0 neg:5.356528736140526E-28 
3036.txt pos pos:1.0 neg:2.3406225194950923E-39 
1565.txt pos pos:1.0 neg:2.901210188846208E-21 
1917.txt pos pos:1.0 neg:8.832927236602928E-40 
3680.txt pos pos:1.0 neg:1.1645956562306397E-95 
2198.txt pos pos:1.0 neg:1.4348876863555256E-33 
835.txt pos pos:1.0 neg:6.78953333053428E-75 
2149.txt pos pos:0.9999999996273663 neg:3.726338099090969E-10 
331.txt pos pos:0.9943297951755915 neg:0.005670204824408482 
4181.txt pos pos:1.0 neg:1.1761565337512072E-76 
3999.txt pos pos:1.0 neg:3.892090953556241E-44 
4247.txt pos pos:1.0 neg:5.812361327317717E-26 
2585.txt pos pos:1.0 neg:7.019646849475613E-39 
849.txt pos pos:0.9999999680005943 neg:3.199940571368091E-8 
3314.txt pos pos:1.0 neg:1.6151340919500291E-28 
673.txt pos pos:1.0 neg:4.780623981542886E-63 
916.txt pos pos:1.0 neg:8.874803448421137E-22 
3004.txt pos pos:0.9999999999999991 neg:8.441548055684238E-16 
2553.txt pos neg:0.9999999947047438 pos:5.295256276994843E-9 
1562.txt pos pos:1.0 neg:2.2415785280774027E-28 
1899.txt pos pos:1.0 neg:1.2663789734533006E-27 
786.txt pos neg:0.9519174829059847 pos:0.0480825170940153 
2638.txt pos pos:1.0 neg:1.2830588471678583E-57 
2008.txt neg neg:0.9999999999999936 pos:6.487575874212408E-15 
2469.txt neg neg:0.9999999999990115 pos:9.884846237621312E-13 
4222.txt neg neg:1.0 pos:1.2862749583633176E-22 
4135.txt neg neg:1.0 pos:4.071270438437158E-31 
307.txt neg neg:1.0 pos:5.72909412772913E-18 
803.txt neg pos:1.0 neg:4.8314624048498183E-17 
2150.txt neg neg:0.6617163327581141 pos:0.3382836672418858 
1856.txt neg neg:1.0 pos:3.8296278921104815E-40 
69.txt neg neg:0.9999987587541243 pos:1.2412458756107793E-6 
555.txt neg neg:1.0 pos:7.56651332311311E-32 
3634.txt neg neg:0.9999999999992042 pos:7.9585804957799E-13 
1500.txt neg neg:1.0 pos:9.430628751040529E-28 
3980.txt neg pos:0.9999999999967868 neg:3.213108972776764E-12 
2867.txt neg neg:1.0 pos:3.971484087724055E-34 
2415.txt neg pos:0.9999999999999953 neg:4.6320062870477125E-15 
3523.txt neg neg:1.0 pos:8.780732656344131E-22 
4149.txt neg neg:0.9999999999999993 pos:6.747855500161653E-16 
3809.txt neg neg:1.0 pos:3.520476469067184E-25 
4306.txt neg neg:0.9999999999999527 pos:4.738233546844888E-14 
920.txt neg neg:1.0 pos:1.2865896118222475E-27 
1507.txt neg neg:0.9999554235311027 pos:4.45764688972082E-5 
4259.txt neg neg:0.9998266676102125 pos:1.733323897874476E-4 
3987.txt neg pos:0.999998730771902 neg:1.2692280978503883E-6 
3252.txt neg neg:0.9999998906352416 pos:1.0936475844168509E-7 
3283.txt neg neg:1.0 pos:6.887677650801355E-18 
4288.txt neg neg:0.9999999998668889 pos:1.3311110936132416E-10 
3145.txt neg neg:0.6088274741924027 pos:0.3911725258075972 
583.txt neg neg:0.9999554824290972 pos:4.451757090274696E-5 
2938.txt neg neg:0.9999999999995959 pos:4.040577000325596E-13 
4301.txt neg neg:0.9999999999806395 pos:1.9360465865923247E-11 
761.txt neg neg:1.0 pos:5.948127220099659E-18 
3061.txt neg neg:1.0 pos:9.378454279265702E-51 
300.txt neg neg:0.9999999999999991 pos:9.867397711645007E-16 
1042.txt neg neg:1.0 pos:2.517157118688942E-73 
2944.txt neg neg:1.0 pos:1.3387145550160239E-24 
2536.txt neg neg:1.0 pos:5.454360326684968E-17 
3376.txt neg neg:1.0 pos:2.765067994931435E-19 
1788.txt neg neg:1.0 pos:1.816493073816546E-35 
1338.txt neg neg:1.0 pos:1.4979149847465227E-61 
1601.txt neg pos:1.0 neg:9.140900925254261E-26 
3154.txt neg pos:0.9999823891999338 neg:1.761080006622163E-5 
2403.txt neg neg:1.0 pos:4.8376431131824966E-30 
3243.txt neg neg:1.0 pos:8.768471454236689E-19 
1964.txt neg pos:0.9996796377047965 neg:3.203622952035074E-4 
1053.txt neg neg:1.0 pos:6.23792438858593E-24 
467.txt neg pos:0.9990905359785355 neg:9.094640214645923E-4 
770.txt neg neg:0.9999999999999978 pos:2.3011583072878126E-15 
2197.txt neg neg:0.9999999999999987 pos:1.2897648340020791E-15 
2309.txt neg neg:1.0 pos:1.2617210517796873E-25 
2768.txt neg neg:1.0 pos:2.7179245471722504E-34 
812.txt neg pos:1.0 neg:5.1377438134382066E-30 
1435.txt neg neg:1.0 pos:2.288355080426303E-27 
1847.txt neg neg:0.9999964035115236 pos:3.5964884763904685E-6 
2983.txt neg neg:0.9999999999999132 pos:8.690937743593144E-14 
316.txt neg pos:1.0 neg:8.29060504314639E-18 
1449.txt neg pos:0.9999999997708326 neg:2.2916735961125277E-10 
3818.txt neg neg:0.9999999999999738 pos:2.6286842648401966E-14 
4000.txt neg neg:1.0 pos:3.998063381494063E-86 
3940.txt neg neg:1.0 pos:2.7327964794643884E-28 
3295.txt neg neg:0.9994892763815326 pos:5.107236184674197E-4 
1606.txt neg neg:1.0 pos:3.1088502380436454E-33 
544.txt neg neg:0.9999975145906184 pos:2.48540938164514E-6 
1170.txt neg neg:0.9999949239483 pos:5.076051699971815E-6 
3244.txt neg neg:1.0 pos:7.07866976613924E-29 
1963.txt neg pos:0.9999999999932334 neg:6.766565614527405E-12 
1849.txt neg neg:1.0 pos:2.2445187009244544E-21 
1898.txt neg neg:1.0 pos:3.134718496227555E-21 
3079.txt neg neg:1.0 pos:2.8475733530806595E-39 
240.txt neg neg:1.0 pos:3.513312634496653E-29 
3657.txt neg neg:1.0 pos:1.4248316047996086E-52 
2017.txt neg neg:1.0 pos:3.3425606156673904E-33 
1102.txt neg neg:0.9999999991419934 pos:8.580066284637959E-10 
944.txt neg neg:0.9999999940707891 pos:5.929210756960937E-9 
2804.txt neg neg:0.9999999937929758 pos:6.207024232584471E-9 
3236.txt neg pos:0.9999940977228449 neg:5.902277155263894E-6 
3591.txt neg neg:0.999828395288037 pos:1.7160471196308303E-4 
1781.txt neg neg:1.0 pos:1.4514402810488758E-35 
1026.txt neg neg:1.0 pos:1.0615340034816325E-33 
860.txt neg neg:1.0 pos:4.542741333033406E-23 
1496.txt neg neg:1.0 pos:1.512160667782074E-22 
705.txt neg neg:1.0 pos:1.1095793474560388E-20 
3816.txt neg neg:0.9999960434920042 pos:3.956507995699631E-6 
4290.txt neg neg:1.0 pos:5.282666096803119E-31 
1608.txt neg pos:0.9999999530614507 neg:4.693854936050926E-8 
1021.txt neg pos:0.9999999999999998 neg:1.3687913320946334E-16 
1336.txt neg neg:1.0 pos:1.8446270957360804E-24 
363.txt neg neg:0.999999999999984 pos:1.6074858972678425E-14 
2642.txt neg neg:0.9999999999998457 pos:1.544046569717428E-13 
2148.txt neg pos:0.781797195426043 neg:0.218202804573957 
2529.txt neg neg:1.0 pos:4.90347965958922E-47 
2307.txt neg neg:1.0 pos:6.441490688700317E-20 
3935.txt neg pos:0.9999999999730704 neg:2.692958712196379E-11 
3547.txt neg neg:1.0 pos:1.4816464486486684E-26 
247.txt neg pos:1.0 neg:1.4091422202871852E-52 
2010.txt neg neg:1.0 pos:2.184903089582682E-39 
2471.txt neg pos:0.9997989031121223 neg:2.0109688787766776E-4 
1916.txt neg neg:1.0 pos:7.862143764836973E-24 
883.txt neg neg:0.99999999999861 pos:1.3900382425286862E-12 
737.txt neg pos:0.9999999999998375 neg:1.6257072599821073E-13 
3824.txt neg neg:1.0 pos:3.737075948305411E-29 
Trial 0 Trainer NaiveBayesTrainer Training Data Confusion Matrix
Confusion Matrix, row=true, column=predicted  accuracy=0.9944444444444445
  label   0   1  |total
  0 pos 891   9  |900
  1 neg   1 899  |900

Trial 0 Trainer NaiveBayesTrainer training data accuracy= 0.9944444444444445
Trial 0 Trainer NaiveBayesTrainer Test Data Confusion Matrix
Confusion Matrix, row=true, column=predicted  accuracy=0.805
  label   0   1  |total
  0 pos  81  19  |100
  1 neg  20  80  |100

Trial 0 Trainer NaiveBayesTrainer test data accuracy= 0.805

NaiveBayesTrainer
Summary. train accuracy mean = 0.9944444444444445 stddev = 0.0 stderr = 0.0
Summary. test accuracy mean = 0.805 stddev = 0.0 stderr = 0.0
