
-------------------- Trial 0  --------------------

Trial 0 Training NaiveBayesTrainer with 1800 instances
Trial 0 Training NaiveBayesTrainer finished
Trial 0 Trainer NaiveBayesTrainer
 Raw Testing Data
1643.txt pos pos:0.9999999999999192 neg:8.089389927840338E-14 
1554.txt pos neg:0.8558209094405341 pos:0.1441790905594659 
4352.txt pos neg:1.0 pos:2.538747796387821E-37 
3359.txt pos pos:1.0 neg:6.881798473454646E-22 
476.txt pos neg:0.9999999999996176 pos:3.82418316853818E-13 
4185.txt pos pos:0.9999997106363181 neg:2.8936368183635864E-7 
211.txt pos pos:0.9966814929091501 neg:0.003318507090849933 
4154.txt pos pos:1.0 neg:7.895965989011983E-23 
1752.txt pos pos:0.9999999999999958 neg:4.135751028949424E-15 
3007.txt pos pos:1.0 neg:7.106294585104667E-25 
398.txt pos pos:1.0 neg:1.0963534977440992E-20 
2581.txt pos pos:0.9919912839817341 neg:0.008008716018265867 
1445.txt pos pos:1.0 neg:2.126972241532326E-22 
1561.txt pos pos:1.0 neg:9.774217435505829E-17 
2015.txt pos pos:0.9999999998418476 neg:1.581522701464239E-10 
3684.txt pos pos:1.0 neg:2.623355752353179E-34 
1058.txt pos pos:1.0 neg:1.825562102254358E-37 
492.txt pos neg:1.0 pos:4.549834978330852E-37 
1566.txt pos pos:1.0 neg:2.6857274469352725E-30 
1671.txt pos pos:1.0 neg:4.894563493274036E-75 
2305.txt pos pos:1.0 neg:6.3704744508257E-28 
444.txt pos neg:0.9937899021606413 pos:0.006210097839358596 
495.txt pos neg:1.0 pos:6.4105612650211654E-27 
677.txt pos pos:1.0 neg:2.9840801940615804E-59 
4182.txt pos pos:1.0 neg:6.233576673084665E-33 
4153.txt pos pos:1.0 neg:3.445241983314403E-45 
101.txt pos neg:1.0 pos:6.455643497174596E-18 
1334.txt pos pos:1.0 neg:4.7432535023101446E-42 
1493.txt pos pos:1.0 neg:2.49034400363808E-60 
3813.txt pos pos:0.9999999999999998 neg:2.6914182475513293E-16 
2586.txt pos pos:1.0 neg:4.67999343069671E-31 
2557.txt pos pos:1.0 neg:1.2349374567777699E-18 
1442.txt pos pos:0.9999999999999931 neg:6.7899394240024595E-15 
1568.txt pos pos:1.0 neg:1.6316585820390672E-66 
1109.txt pos pos:0.9999999999994893 neg:5.10593604989959E-13 
264.txt pos neg:0.9999957300178738 pos:4.26998212614781E-6 
4079.txt pos pos:1.0 neg:8.671403144117401E-66 
2632.txt pos neg:0.9999999999998666 pos:1.3345047980331503E-13 
3413.txt pos pos:1.0 neg:1.2590850697652328E-50 
2282.txt pos pos:0.9999998536864018 neg:1.4631359831173996E-7 
3704.txt pos pos:0.999999999998529 neg:1.4710674456796224E-12 
1051.txt pos pos:0.9999999999058797 neg:9.412029083660192E-11 
679.txt pos pos:1.0 neg:2.2353883336820766E-28 
96.txt pos pos:1.0 neg:1.1866053733684154E-22 
2401.txt pos pos:0.9999999999885414 neg:1.1458545685006906E-11 
2873.txt pos pos:1.0 neg:1.3270207713768975E-31 
1514.txt pos pos:1.0 neg:8.932034875077254E-41 
2377.txt pos pos:0.9999999997793381 neg:2.2066185684724375E-10 
844.txt pos pos:0.9999997742280434 neg:2.2577195659309844E-7 
4312.txt pos pos:1.0 neg:6.924380136258988E-53 
2406.txt pos neg:0.9999999999999998 pos:2.397292293537317E-16 
3993.txt pos pos:1.0 neg:1.3863847511121435E-32 
3180.txt pos neg:1.0 pos:1.4791697711598262E-21 
2067.txt pos pos:0.9999999999999998 neg:2.159871684916784E-16 
1172.txt pos neg:0.9997378249790128 pos:2.62175020987122E-4 
1265.txt pos pos:1.0 neg:1.5112738572959508E-28 
40.txt pos pos:0.6685521039227277 neg:0.33144789607727226 
396.txt pos pos:0.9588682641470835 neg:0.04113173585291641 
3468.txt pos neg:0.9999999999936355 pos:6.3643872842946405E-12 
347.txt pos neg:0.9999999999999991 pos:7.999551245452654E-16 
602.txt pos neg:0.9983965714838965 pos:0.0016034285161035282 
2808.txt pos pos:0.9999999999902884 neg:9.711508861425354E-12 
263.txt pos pos:0.9999999999999996 neg:4.221805345820943E-16 
967.txt pos pos:1.0 neg:6.88383029021684E-51 
1219.txt pos pos:0.9999999999990623 neg:9.376428726718629E-13 
1720.txt pos pos:1.0 neg:2.0086843610985177E-28 
2950.txt pos neg:1.0 pos:3.312986722421379E-22 
2143.txt pos pos:0.5311205021433127 neg:0.4688794978566873 
2658.txt pos pos:1.0 neg:8.766840736978929E-28 
387.txt pos pos:1.0 neg:4.9832639235324223E-26 
3018.txt pos pos:0.9999999821336315 neg:1.786636847948684E-8 
3953.txt pos pos:0.9999999999999998 neg:2.7809257529475534E-16 
51.txt pos pos:1.0 neg:1.812564345615765E-98 
1274.txt pos pos:1.0 neg:1.0011057567738716E-82 
3982.txt pos pos:1.0 neg:5.0439149208031355E-56 
2533.txt pos pos:1.0 neg:1.1717091621488944E-32 
3373.txt pos pos:1.0 neg:1.1212900584864183E-40 
1731.txt pos pos:1.0 neg:6.466422199022725E-48 
3405.txt pos neg:0.999998450484002 pos:1.5495159978284762E-6 
1669.txt pos pos:1.0 neg:3.9513793236538804E-25 
1208.txt pos neg:0.9999999865943767 pos:1.3405623419027626E-8 
272.txt pos pos:1.0 neg:1.2280787052949334E-35 
1421.txt pos pos:1.0 neg:8.166198217114934E-62 
3374.txt pos neg:0.9999999999998914 pos:1.0862889691826408E-13 
2946.txt pos pos:0.999999999842901 neg:1.5709910573426184E-10 
2623.txt pos pos:0.9999999671668913 neg:3.283310879883189E-8 
2242.txt pos pos:1.0 neg:2.2249154324131575E-64 
3928.txt pos pos:0.9999999999999969 neg:3.0846046317920845E-15 
4227.txt pos pos:1.0 neg:3.4566707194723486E-58 
275.txt pos neg:1.0 pos:1.7302185494319713E-18 
2129.txt pos pos:1.0 neg:1.356463783913086E-54 
427.txt pos neg:1.0 pos:2.0214206179355835E-18 
209.txt pos neg:1.0 pos:4.781513989874122E-25 
742.txt pos pos:1.0 neg:1.6682568469953956E-42 
323.txt pos neg:1.0 pos:1.3181740693567478E-22 
455.txt pos neg:0.9996965019251454 pos:3.034980748546854E-4 
827.txt pos pos:1.0 neg:3.250766063868692E-45 
793.txt pos pos:1.0 neg:2.4346680398877033E-77 
1660.txt pos pos:0.9999995861893776 neg:4.138106223140319E-7 
3554.txt pos neg:0.9999999999999996 pos:3.465782574149233E-16 
659.txt neg neg:1.0 pos:8.174674596542129E-36 
3188.txt neg neg:1.0 pos:2.4983729086365773E-29 
2958.txt neg neg:1.0 pos:1.0422000295764936E-47 
1728.txt neg neg:0.9999999996039941 pos:3.960060034199205E-10 
2765.txt neg neg:1.0 pos:6.07956763607912E-23 
2304.txt neg neg:1.0 pos:4.423336682247937E-112 
1211.txt neg neg:1.0 pos:1.490103757948295E-22 
625.txt neg pos:0.9998189123871906 neg:1.8108761280940136E-4 
2472.txt neg neg:1.0 pos:3.532663353656136E-20 
1088.txt neg pos:0.6941184741797098 neg:0.30588152582029005 
1677.txt neg neg:0.9999355862377887 pos:6.441376221132126E-5 
3543.txt neg neg:1.0 pos:9.309733325823072E-19 
1216.txt neg pos:0.9447130876511679 neg:0.05528691234883205 
1912.txt neg neg:0.9999999995409516 pos:4.590484088658619E-10 
947.txt neg neg:1.0 pos:7.007637129087283E-35 
706.txt neg neg:1.0 pos:7.746535045454621E-22 
2409.txt neg neg:1.0 pos:9.394876625912942E-22 
91.txt neg pos:0.9999999623132697 neg:3.768673025562775E-8 
2179.txt neg pos:0.9999999676917265 neg:3.230827335433494E-8 
4353.txt neg pos:0.9999999999986944 neg:1.3057284477754135E-12 
972.txt neg neg:1.0 pos:3.3612512519173853E-40 
1927.txt neg neg:1.0 pos:1.7859154964067842E-23 
3200.txt neg neg:0.9999999999994416 pos:5.583402289500307E-13 
2491.txt neg pos:1.0 neg:7.019036461981335E-22 
3904.txt neg neg:1.0 pos:1.7778641932560582E-22 
3576.txt neg neg:0.9999999999771476 pos:2.2852409995690682E-11 
1584.txt neg pos:1.0 neg:1.4530847328653384E-50 
2757.txt neg neg:1.0 pos:7.279664985976382E-25 
276.txt neg neg:1.0 pos:2.393031261185727E-22 
2212.txt neg pos:0.9998354856970852 neg:1.6451430291473216E-4 
1307.txt neg neg:0.9999999999998253 pos:1.747424099631503E-13 
1010.txt neg neg:0.9999999999999956 pos:4.495335312548519E-15 
3745.txt neg neg:1.0 pos:7.722538711636876E-29 
1471.txt neg neg:1.0 pos:5.073310672210772E-24 
2916.txt neg neg:0.9999999999954197 pos:4.580446414291612E-12 
1148.txt neg neg:0.9984930567050173 pos:0.0015069432949828003 
1529.txt neg neg:1.0 pos:5.868598393457E-19 
2674.txt neg neg:0.9999999999997768 pos:2.232409778429717E-13 
3793.txt neg neg:1.0 pos:1.0563121179456148E-52 
880.txt neg neg:0.9978267839482443 pos:0.002173216051755722 
355.txt neg neg:0.9999999999999996 pos:3.9312294421618167E-16 
3742.txt neg neg:1.0 pos:2.248911109134107E-32 
1804.txt neg neg:0.9996500550237606 pos:3.499449762394162E-4 
909.txt neg pos:1.0 neg:1.2870284599416385E-33 
2898.txt neg neg:0.9974225354798409 pos:0.0025774645201591204 
1878.txt neg neg:0.9999999996705826 pos:3.294172856586102E-10 
1920.txt neg pos:0.9445434658347068 neg:0.05545653416529315 
1552.txt neg neg:0.9999999999700984 pos:2.9901726020508304E-11 
3571.txt neg neg:0.9998169661520251 pos:1.8303384797496838E-4 
2331.txt neg neg:0.9453089208967898 pos:0.05469107910321028 
1224.txt neg neg:1.0 pos:2.4545769197038048E-24 
610.txt neg pos:0.999999990049356 neg:9.950643910568792E-9 
2750.txt neg pos:0.9998842259528201 neg:1.1577404717990104E-4 
271.txt neg neg:0.9999999999999878 pos:1.2312706571347605E-14 
3829.txt neg neg:0.9999999999999984 pos:1.531235001905417E-15 
1019.txt neg neg:1.0 pos:8.155830405811014E-30 
1478.txt neg neg:1.0 pos:9.083511441720846E-19 
1141.txt neg pos:0.5163838213606844 neg:0.4836161786393157 
1520.txt neg neg:1.0 pos:3.092995037317235E-23 
114.txt neg neg:1.0 pos:3.816706382824103E-27 
2847.txt neg neg:0.9845652760065283 pos:0.015434723993471707 
1983.txt neg pos:1.0 neg:2.008808338393724E-29 
203.txt neg neg:1.0 pos:7.127998387949133E-32 
2267.txt neg pos:0.9999998325521241 neg:1.6744787598383878E-7 
3380.txt neg neg:1.0 pos:5.582748174097048E-66 
98.txt neg neg:1.0 pos:2.144977983113831E-19 
1713.txt neg neg:0.999999938851377 pos:6.114862309904619E-8 
1065.txt neg neg:1.0 pos:4.563804609766893E-19 
3730.txt neg neg:0.999999999902915 pos:9.708496135870514E-11 
1876.txt neg neg:1.0 pos:1.5144594272285695E-23 
797.txt neg neg:1.0 pos:9.847115799450849E-28 
49.txt neg neg:0.9999762184307524 pos:2.3781569247579577E-5 
2028.txt neg neg:0.999999999997448 pos:2.552006071487841E-12 
4202.txt neg neg:1.0 pos:9.124358564291253E-63 
3420.txt neg neg:0.9999999999989126 pos:1.0872680087521344E-12 
741.txt neg neg:1.0 pos:1.9080075617690362E-22 
456.txt neg neg:0.9997364756511624 pos:2.635243488375556E-4 
824.txt neg neg:0.9999999999999432 pos:5.695207303621715E-14 
1403.txt neg neg:1.0 pos:1.253983604492248E-32 
4279.txt neg neg:1.0 pos:8.751238395021735E-56 
1251.txt neg neg:0.9999996579451731 pos:3.4205482687227755E-7 
1630.txt neg neg:0.9999998799794245 pos:1.200205754269085E-7 
3569.txt neg pos:0.9450534090916219 neg:0.05494659090837794 
608.txt neg neg:1.0 pos:4.0008886653887496E-25 
2166.txt neg neg:0.999999999880977 pos:1.1902305689700975E-10 
3892.txt neg neg:1.0 pos:2.0958022918479146E-17 
781.txt neg pos:1.0 neg:3.432700898308576E-48 
674.txt neg neg:1.0 pos:3.148184550068239E-28 
215.txt neg neg:1.0 pos:1.9339579470063302E-28 
2734.txt neg neg:1.0 pos:6.848603872938148E-46 
2423.txt neg neg:1.0 pos:6.048509381675137E-35 
3263.txt neg neg:1.0 pos:1.54459903891587E-44 
2909.txt neg neg:1.0 pos:3.6043962188956517E-29 
898.txt neg neg:1.0 pos:3.321100984230356E-18 
1779.txt neg neg:1.0 pos:1.2910959013107292E-19 
4027.txt neg neg:1.0 pos:1.0504694026478286E-54 
2352.txt neg neg:0.999999999999462 pos:5.380230904475884E-13 
3512.txt neg neg:0.9999999999867788 pos:1.3221170196904919E-11 
2094.txt neg neg:1.0 pos:1.1993795879987598E-43 
2045.txt neg neg:1.0 pos:6.560655858988354E-20 
Trial 0 Trainer NaiveBayesTrainer Training Data Confusion Matrix
Confusion Matrix, row=true, column=predicted  accuracy=0.9911111111111112
  label   0   1  |total
  0 pos 886  14  |900
  1 neg   2 898  |900

Trial 0 Trainer NaiveBayesTrainer training data accuracy= 0.9911111111111112
Trial 0 Trainer NaiveBayesTrainer Test Data Confusion Matrix
Confusion Matrix, row=true, column=predicted  accuracy=0.785
  label   0   1  |total
  0 pos  75  25  |100
  1 neg  18  82  |100

Trial 0 Trainer NaiveBayesTrainer test data accuracy= 0.785

NaiveBayesTrainer
Summary. train accuracy mean = 0.9911111111111112 stddev = 0.0 stderr = 0.0
Summary. test accuracy mean = 0.785 stddev = 0.0 stderr = 0.0
