
-------------------- Trial 0  --------------------

Trial 0 Training NaiveBayesTrainer with 1800 instances
Trial 0 Training NaiveBayesTrainer finished
Trial 0 Trainer NaiveBayesTrainer
 Raw Testing Data
2462.txt pos neg:1.0 pos:5.500613460972304E-29 
2934.txt pos pos:1.0 neg:1.7325336593908677E-27 
1032.txt pos pos:1.0 neg:3.907806993623658E-26 
2651.txt pos neg:0.9999999998437961 pos:1.5620397632584232E-10 
3802.txt pos neg:0.9858505128425659 pos:0.014149487157434144 
1482.txt pos pos:1.0 neg:7.055835133840796E-44 
1325.txt pos pos:1.0 neg:4.2094089749192613E-181 
4284.txt pos pos:1.0 neg:3.081609097386579E-47 
1979.txt pos pos:0.9997663931788191 neg:2.3360682118084565E-4 
4193.txt pos pos:1.0 neg:6.682328264672501E-33 
1826.txt pos pos:0.9999999996398699 neg:3.601302028472412E-10 
1035.txt pos pos:1.0 neg:3.7954662979969574E-47 
2590.txt pos neg:0.9999991281975606 pos:8.718024394770187E-7 
1322.txt pos pos:0.9999981331539599 neg:1.8668460400661706E-6 
3259.txt pos neg:0.9647547060036579 pos:0.03524529399634215 
200.txt pos pos:1.0 neg:4.343483823419689E-22 
3638.txt pos pos:0.9984739829489286 neg:0.0015260170510712193 
1428.txt pos neg:0.9999876964039037 pos:1.2303596096358993E-5 
3132.txt pos pos:0.9999999999996958 neg:3.0410010929566573E-13 
2772.txt pos neg:0.9976228856700047 pos:0.0023771143299953245 
3225.txt pos neg:0.9999137202146625 pos:8.627978533763091E-5 
1317.txt pos pos:0.9999999995722157 neg:4.277843363062099E-10 
1461.txt pos pos:0.9999999997675355 neg:2.3246454294408904E-10 
2906.txt pos pos:0.9999999002228701 neg:9.977712996668178E-8 
2574.txt pos pos:0.9999999977723308 neg:2.227669072221775E-9 
4170.txt pos pos:0.9999999998724276 neg:1.2757232186010943E-10 
931.txt pos pos:1.0 neg:2.2389600892341594E-92 
311.txt pos neg:1.0 pos:1.5857209555902E-17 
3729.txt pos neg:0.9999999999999996 pos:3.6355099688592304E-16 
4343.txt pos pos:0.9999999990951915 neg:9.048084539153461E-10 
1683.txt pos pos:1.0 neg:2.6275890720656215E-26 
1937.txt pos pos:0.9999999999760165 neg:2.3983540558450336E-11 
1545.txt pos pos:0.9999999999999885 neg:1.1600745127884681E-14 
2450.txt pos pos:1.0 neg:4.0615813486783744E-52 
3566.txt pos pos:1.0 neg:5.120712494417836E-37 
3107.txt pos pos:1.0 neg:2.891417765279906E-23 
3439.txt pos pos:1.0 neg:1.2738082786014155E-41 
4344.txt pos pos:1.0 neg:2.669238879384973E-53 
1684.txt pos pos:0.9999999999999973 neg:2.5750792185632395E-15 
3676.txt pos pos:1.0 neg:1.0568679106587346E-46 
1542.txt pos pos:1.0 neg:7.493611865169922E-37 
2825.txt pos pos:0.9999855845642769 neg:1.4415435723106233E-5 
1234.txt pos neg:1.0 pos:5.7679393500032505E-21 
2740.txt pos neg:0.9999999999999134 pos:8.656787449693463E-14 
3837.txt pos pos:1.0 neg:5.9269674597720964E-27 
2664.txt pos pos:0.9999999999978229 neg:2.1770499662958574E-12 
1771.txt pos neg:0.9999999990854136 pos:9.145864585103139E-10 
1007.txt pos pos:0.9999999999999536 neg:4.632751369394311E-14 
2112.txt pos pos:1.0 neg:1.172406297437521E-26 
595.txt pos pos:1.0 neg:1.8061808617606707E-37 
1248.txt pos neg:0.99999994299172 pos:5.7008280018414456E-8 
682.txt pos pos:0.9999996350441158 neg:3.6495588412071136E-7 
4177.txt pos pos:1.0 neg:1.8174393554512638E-29 
936.txt pos neg:0.9998868741394419 pos:1.131258605582745E-4 
1703.txt pos pos:1.0 neg:1.2313775366187948E-26 
2160.txt pos pos:1.0 neg:1.9839870809579096E-17 
318.txt pos pos:1.0 neg:6.0298447776301546E-18 
3720.txt pos pos:1.0 neg:3.1320501373052046E-28 
1866.txt pos pos:1.0 neg:4.6842906683669276E-17 
3678.txt pos pos:1.0 neg:6.018747637448268E-17 
186.txt pos pos:1.0 neg:9.794501771343508E-20 
4212.txt pos pos:1.0 neg:1.7196091342827205E-31 
157.txt pos pos:0.9999960359499805 neg:3.9640500195080046E-6 
4105.txt pos pos:1.0 neg:2.882477620703306E-35 
536.txt pos pos:0.9999999553379912 neg:4.466200884074493E-8 
364.txt pos pos:0.9999999999991966 neg:8.033734107874249E-13 
2044.txt pos pos:1.0 neg:6.616899255987915E-21 
2382.txt pos pos:0.9999989644999787 neg:1.0355000211844144E-6 
1246.txt pos neg:0.9918688539686182 pos:0.008131146031381816 
938.txt pos pos:1.0 neg:3.746735699264003E-17 
4179.txt pos pos:1.0 neg:4.6601510972569606E-37 
1627.txt pos pos:1.0 neg:1.607421582699293E-30 
4026.txt pos pos:1.0 neg:3.086336696267668E-59 
867.txt pos pos:0.9999999999999936 neg:6.537512167868238E-15 
1290.txt pos pos:0.8509541137326239 neg:0.14904588626737605 
2850.txt pos pos:0.9999994305684284 neg:5.694315716807381E-7 
3262.txt pos neg:0.999464253453314 pos:5.357465466859416E-4 
3514.txt pos pos:0.9999999999999984 neg:1.6312384012015939E-15 
3175.txt pos pos:0.9964154655804442 neg:0.003584534419555833 
1187.txt pos pos:1.0 neg:3.120322908631476E-20 
2611.txt pos pos:1.0 neg:4.683816259675242E-35 
1072.txt pos pos:0.9999999999999913 neg:8.767376895643232E-15 
2974.txt pos pos:1.0 neg:2.5475545777658924E-17 
4215.txt pos pos:1.0 neg:7.695552111862307E-29 
150.txt pos pos:1.0 neg:4.6711896850982895E-26 
531.txt pos neg:0.999999157615364 pos:8.423846361421353E-7 
3716.txt pos pos:0.9999977706696882 neg:2.229330311729983E-6 
2156.txt pos pos:0.9988925549419383 neg:0.0011074450580617274 
3873.txt pos pos:1.0 neg:1.978384487283572E-85 
3401.txt pos pos:1.0 neg:2.207324845025486E-66 
2620.txt pos pos:1.0 neg:8.369398055577448E-18 
2187.txt pos pos:1.0 neg:4.0752930133217244E-55 
161.txt pos pos:1.0 neg:3.470750923624596E-32 
1328.txt pos neg:0.9999221648273957 pos:7.783517260431383E-5 
4289.txt pos pos:1.0 neg:7.326610221233222E-17 
1270.txt pos neg:0.9999991783054598 pos:8.216945403332841E-7 
3282.txt pos pos:0.9999625809478844 neg:3.741905211563826E-5 
2365.txt pos pos:1.0 neg:1.7621226788015552E-57 
3632.txt pos neg:0.9999972568548543 pos:2.74314514567046E-6 
3195.txt pos pos:1.0 neg:6.785954684312333E-38 
1150.txt neg neg:1.0 pos:5.543874304397212E-42 
2424.txt neg neg:1.0 pos:1.2662202198502224E-29 
105.txt neg neg:0.9999999999998479 pos:1.5207697692637573E-13 
1469.txt neg neg:1.0 pos:8.521928567763879E-85 
2039.txt neg pos:0.9962353357492046 neg:0.0037646642507954296 
179.txt neg neg:1.0 pos:1.3319248049941133E-19 
1074.txt neg neg:1.0 pos:6.074771572440778E-41 
2972.txt neg neg:0.9999999431878218 pos:5.681217822277764E-8 
1363.txt neg neg:1.0 pos:4.2497106307423574E-17 
3436.txt neg neg:1.0 pos:3.3009967283636894E-79 
3391.txt neg neg:0.9999999999999714 pos:2.861536584376193E-14 
3057.txt neg pos:0.9999999289698455 neg:7.103015449955156E-8 
2889.txt neg neg:0.9999999999999971 pos:2.912106236398866E-15 
4261.txt neg neg:0.8408084954903258 pos:0.15919150450967426 
3753.txt neg neg:1.0 pos:1.0587056151754243E-23 
395.txt neg neg:0.9999958549928656 pos:4.145007134352252E-6 
840.txt neg neg:0.9999999999999998 pos:1.7845385009750426E-16 
3332.txt neg neg:1.0 pos:1.2648006898901816E-24 
2204.txt neg neg:1.0 pos:2.4671051925429857E-22 
2665.txt neg neg:1.0 pos:1.0573170766468948E-44 
1235.txt neg neg:1.0 pos:2.027644089140502E-53 
1654.txt neg neg:1.0 pos:8.564076500119125E-55 
2741.txt neg neg:0.9999930493336725 pos:6.950666327572169E-6 
1122.txt neg neg:0.9999999999994664 pos:5.335376566646541E-13 
964.txt neg pos:0.9999383188025973 neg:6.168119740264566E-5 
516.txt neg neg:1.0 pos:4.329801317692861E-19 
2824.txt neg neg:0.999971755671836 pos:2.8244328163876254E-5 
3088.txt neg pos:1.0 neg:1.3322100377751375E-26 
4345.txt neg neg:1.0 pos:1.0016609882243634E-32 
87.txt neg neg:0.9999999999999998 pos:1.7753961757826927E-16 
759.txt neg neg:1.0 pos:8.52624468597474E-18 
2327.txt neg pos:0.9999997083142018 neg:2.9168579813827807E-7 
3915.txt neg neg:1.0 pos:1.965386727457872E-25 
1653.txt neg neg:0.9999999749182769 pos:2.508172311886274E-8 
1936.txt neg neg:1.0 pos:1.9852822900094752E-26 
2168.txt neg neg:1.0 pos:4.0829177135224095E-18 
3728.txt neg neg:0.9994785945782082 pos:5.214054217918115E-4 
3398.txt neg neg:1.0 pos:1.6442320159120153E-35 
3969.txt neg neg:1.0 pos:5.568405421745668E-26 
4171.txt neg neg:1.0 pos:1.005016246364569E-37 
1538.txt neg neg:1.0 pos:6.872148283573965E-27 
2575.txt neg neg:0.9999999999986202 pos:1.379676678783557E-12 
1812.txt neg pos:0.7300377883118747 neg:0.26996221168812534 
722.txt neg neg:1.0 pos:1.0916531136498407E-19 
2203.txt neg neg:1.0 pos:4.746788909134432E-33 
3831.txt neg neg:0.9999999999999873 pos:1.2706056186731631E-14 
896.txt neg neg:1.0 pos:2.6146736920641553E-61 
145.txt neg neg:0.6275781945217846 pos:0.3724218054782154 
2005.txt neg neg:1.0 pos:1.9360781294171234E-54 
956.txt neg neg:0.9999999999999996 pos:4.820152375163361E-16 
1110.txt neg neg:1.0 pos:1.14264065709905E-17 
2312.txt neg neg:1.0 pos:1.3760075050138976E-21 
3878.txt neg neg:0.9999999999999845 pos:1.564929176708766E-14 
3258.txt neg neg:0.9999999849377055 pos:1.5062294534226357E-8 
2418.txt neg neg:1.0 pos:8.772073966255528E-48 
558.txt neg neg:1.0 pos:5.397134157996634E-19 
1742.txt neg pos:0.9999950553937117 neg:4.944606288204023E-6 
3017.txt neg neg:1.0 pos:1.2477933877399591E-26 
3804.txt neg neg:1.0 pos:9.879669103099617E-44 
2540.txt neg neg:1.0 pos:5.791216055194588E-26 
400.txt neg neg:0.9999999999999822 pos:1.7764950800769957E-14 
1793.txt neg neg:0.9999999999064886 pos:9.351150185993204E-11 
699.txt neg neg:1.0 pos:2.5060421438882013E-26 
4254.txt neg pos:0.9999999998649935 neg:1.3500634773333165E-10 
1978.txt neg neg:0.9812806118024552 pos:0.018719388197544883 
3148.txt neg neg:1.0 pos:5.306594365285689E-25 
3529.txt neg pos:1.0 neg:1.3261285701252568E-19 
2369.txt neg neg:1.0 pos:3.796519072985341E-44 
1483.txt neg neg:1.0 pos:2.042441136072496E-36 
2596.txt neg neg:1.0 pos:3.145296304493079E-28 
3307.txt neg neg:0.9999999999931972 pos:6.80284887341669E-12 
2126.txt neg neg:0.9990923937239947 pos:9.076062760052794E-4 
2811.txt neg neg:1.0 pos:1.469794199683734E-37 
2463.txt neg neg:1.0 pos:2.9638524985374993E-27 
3223.txt neg neg:0.999999999999992 pos:7.88486789813219E-15 
2002.txt neg neg:1.0 pos:8.371344771606999E-17 
523.txt neg neg:1.0 pos:4.656803234556175E-36 
980.txt neg neg:1.0 pos:2.1884118257682243E-68 
2774.txt neg neg:1.0 pos:5.327265620262897E-18 
3693.txt neg neg:1.0 pos:5.1333591413074197E-48 
3134.txt neg neg:0.9999999999985576 pos:1.4424301033985342E-12 
634.txt neg neg:0.9999999999994997 pos:5.003641074432591E-13 
193.txt neg neg:0.9999999999999771 pos:2.2915371405093955E-14 
3555.txt neg neg:0.9999999999836058 pos:1.6394274402835488E-11 
1739.txt neg neg:0.999993882188454 pos:6.117811546111862E-6 
2998.txt neg neg:1.0 pos:1.4184361580559887E-36 
2411.txt neg neg:0.9999999999999998 pos:1.8133363996734882E-16 
130.txt neg neg:0.9992000222873081 pos:7.999777126918132E-4 
3630.txt neg neg:1.0 pos:2.3916453465820103E-32 
227.txt neg neg:1.0 pos:1.2219607979045902E-77 
3280.txt neg neg:0.9999999993293465 pos:6.706535571242285E-10 
11.txt neg neg:0.9999999999971543 pos:2.8456366935845428E-12 
409.txt neg neg:1.0 pos:7.648464652552122E-18 
2128.txt neg pos:0.9999998468780257 neg:1.531219742330764E-7 
4069.txt neg pos:0.988553364671661 neg:0.011446635328338933 
1737.txt neg pos:0.9999999304430043 neg:6.955699574442401E-8 
1883.txt neg neg:0.9997611106779025 pos:2.3888932209754508E-4 
1356.txt neg pos:0.9999975299778711 neg:2.4700221290089982E-6 
2535.txt neg neg:0.9999999999832023 pos:1.6797698671607115E-11 
1420.txt neg neg:1.0 pos:1.453729375908465E-26 
Trial 0 Trainer NaiveBayesTrainer Training Data Confusion Matrix
Confusion Matrix, row=true, column=predicted  accuracy=0.9916666666666667
  label   0   1  |total
  0 pos 887  13  |900
  1 neg   2 898  |900

Trial 0 Trainer NaiveBayesTrainer training data accuracy= 0.9916666666666667
Trial 0 Trainer NaiveBayesTrainer Test Data Confusion Matrix
Confusion Matrix, row=true, column=predicted  accuracy=0.83
  label   0   1  |total
  0 pos  79  21  |100
  1 neg  13  87  |100

Trial 0 Trainer NaiveBayesTrainer test data accuracy= 0.83

NaiveBayesTrainer
Summary. train accuracy mean = 0.9916666666666667 stddev = 0.0 stderr = 0.0
Summary. test accuracy mean = 0.83 stddev = 0.0 stderr = 0.0
