
-------------------- Trial 0  --------------------

Trial 0 Training NaiveBayesTrainer with 1800 instances
Trial 0 Training NaiveBayesTrainer finished
Trial 0 Trainer NaiveBayesTrainer
 Raw Testing Data
826.txt pos pos:0.9995174147776216 neg:4.825852223783944E-4 
1358.txt pos pos:1.0 neg:6.107281763473377E-22 
1794.txt pos neg:0.999571092090669 pos:4.289079093309699E-4 
1745.txt pos pos:0.9999997760242234 neg:2.2397577654281267E-7 
2650.txt pos neg:0.9998867100983015 pos:1.1328990169834174E-4 
428.txt pos pos:1.0 neg:3.9246390882831155E-43 
3010.txt pos neg:0.9999999999991778 pos:8.222413855768876E-13 
3803.txt pos neg:0.9999999999999691 pos:3.0808776616673133E-14 
3375.txt pos pos:0.9999999999809959 neg:1.9004056172662606E-11 
2154.txt pos neg:0.9999999999999867 pos:1.3280225314801617E-14 
1041.txt pos pos:1.0 neg:2.8253241196060814E-70 
1090.txt pos pos:1.0 neg:1.4990879451609449E-18 
3871.txt pos pos:1.0 neg:4.494538017177154E-27 
4226.txt pos pos:1.0 neg:4.1123748054556495E-39 
615.txt pos pos:1.0 neg:2.5956373481406628E-68 
1119.txt pos pos:1.0 neg:1.1476415868476665E-25 
3309.txt pos pos:0.9999999999622722 neg:3.772776009273299E-11 
2598.txt pos pos:1.0 neg:3.7158720302817394E-102 
1504.txt pos pos:0.9999999998937643 neg:1.06235717204562E-10 
208.txt pos pos:1.0 neg:3.0687653260637355E-19 
2070.txt pos pos:0.9988747729890298 neg:0.0011252270109700895 
1165.txt pos neg:0.9999999260328284 pos:7.396717163494511E-8 
4305.txt pos pos:0.9999999999999989 neg:1.13280823421778E-15 
882.txt pos neg:0.999998930562741 pos:1.0694372589860013E-6 
853.txt pos neg:0.9999999999999998 pos:1.1435114619473028E-16 
421.txt pos pos:0.9999998176912172 neg:1.8230878285084232E-7 
3019.txt pos pos:1.0 neg:1.8029832133758505E-49 
1971.txt pos pos:1.0 neg:3.237183173466977E-33 
2077.txt pos pos:0.9999831863998918 neg:1.681360010809694E-5 
1046.txt pos pos:1.0 neg:3.0396963008565694E-39 
1097.txt pos pos:1.0 neg:1.4369654312667682E-88 
3065.txt pos pos:1.0 neg:3.2691642068187744E-22 
1351.txt pos pos:1.0 neg:1.5913345301605238E-22 
2244.txt pos pos:0.9999999999999833 neg:1.670994855133409E-14 
1668.txt pos pos:1.0 neg:5.746926570082564E-30 
612.txt pos pos:0.997517099126621 neg:0.0024829008733790016 
3505.txt pos pos:0.9999999999999989 neg:1.005463931877746E-15 
75.txt pos pos:1.0 neg:9.677419971824287E-45 
2890.txt pos neg:1.0 pos:5.2638598811732985E-46 
1147.txt pos neg:1.0 pos:8.885052915934197E-19 
2433.txt pos pos:0.9999999999595548 neg:4.044525986693237E-11 
713.txt pos pos:1.0 neg:4.701536644968214E-40 
4037.txt pos neg:0.8448054424743725 pos:0.1551945575256274 
952.txt pos pos:1.0 neg:8.418889546732912E-19 
4113.txt pos pos:1.0 neg:3.2756764621384283E-51 
983.txt pos pos:1.0 neg:3.504543675636432E-41 
4204.txt pos pos:0.999999999997697 neg:2.303130638052943E-12 
2176.txt pos pos:1.0 neg:1.3993860742700908E-45 
3357.txt pos pos:0.9999999936048547 neg:6.395145360746744E-9 
3882.txt pos pos:1.0 neg:3.690050994027519E-79 
1374.txt pos pos:0.9999999999999907 neg:9.369965073822973E-15 
3386.txt pos pos:1.0 neg:1.0549132553529098E-22 
146.txt pos neg:0.9998692386509999 pos:1.3076134900020495E-4 
955.txt pos pos:0.9999999999999936 neg:6.417593266537419E-15 
4114.txt pos pos:1.0 neg:1.3772375956602784E-26 
984.txt pos pos:0.9999873598172864 neg:1.2640182713683873E-5 
3208.txt pos pos:1.0 neg:3.847176899181671E-104 
630.txt pos pos:1.0 neg:1.0192743709217447E-34 
309.txt pos pos:1.0 neg:2.3472021994076643E-29 
1405.txt pos pos:1.0 neg:2.1562672996806337E-32 
3854.txt pos neg:0.9999999927269454 pos:7.273054563005135E-9 
3426.txt pos pos:1.0 neg:2.316225861376582E-36 
3381.txt pos pos:1.0 neg:1.809561998596225E-28 
3047.txt pos pos:0.9999999990656281 neg:9.343720188552896E-10 
1982.txt pos pos:1.0 neg:5.72016335716864E-38 
1257.txt pos pos:0.9999997646545374 neg:2.353454626623472E-7 
3502.txt pos pos:0.9999999999999536 neg:4.6396745301784844E-14 
4168.txt pos neg:0.9376104434906347 pos:0.06238955650936524 
929.txt pos pos:0.9088917852859572 neg:0.09110821471404287 
2055.txt pos pos:1.0 neg:1.4607141208912056E-33 
4327.txt pos pos:1.0 neg:5.569253197471721E-77 
403.txt pos pos:1.0 neg:2.940912039615615E-19 
1225.txt pos pos:1.0 neg:5.154869733096523E-30 
2497.txt pos neg:1.0 pos:2.188938630889091E-20 
1644.txt pos pos:1.0 neg:1.0989449006491724E-16 
2751.txt pos neg:0.8147828263932257 pos:0.18521717360677425 
529.txt pos pos:0.9999955537446075 neg:4.446255392583885E-6 
2780.txt pos pos:1.0 neg:1.1003012070030087E-36 
4093.txt pos pos:0.9999999999998768 neg:1.231491004393073E-13 
3098.txt pos pos:1.0 neg:1.7682535054942397E-41 
3428.txt pos pos:0.9999999999999958 neg:4.121318785834171E-15 
2899.txt pos neg:0.9999982402373978 pos:1.7597626020908383E-6 
693.txt pos pos:1.0 neg:1.352711446388433E-36 
4166.txt pos pos:1.0 neg:2.5208094493493165E-19 
584.txt pos pos:1.0 neg:2.2476977108950643E-24 
223.txt pos pos:1.0 neg:2.0101261833516412E-32 
4271.txt pos pos:1.0 neg:1.1623865981189869E-83 
642.txt pos pos:1.0 neg:1.7621259618880473E-53 
1016.txt pos pos:1.0 neg:6.168149013826099E-36 
3826.txt pos pos:1.0 neg:3.6861115988267057E-19 
3792.txt pos pos:1.0 neg:1.8263468968806553E-48 
133.txt pos neg:0.9999923006095941 pos:7.699390405800485E-6 
4276.txt pos pos:1.0 neg:3.6093702239783684E-31 
645.txt pos neg:0.5105417597645086 pos:0.4894582402354914 
2104.txt pos pos:1.0 neg:8.000677976567969E-24 
3482.txt pos pos:1.0 neg:1.450878103759772E-26 
1767.txt pos neg:1.0 pos:8.929865862711965E-17 
3795.txt pos pos:1.0 neg:5.055463077465651E-38 
878.txt pos pos:1.0 neg:1.057356614507859E-63 
3905.txt pos neg:1.0 pos:2.356039571904222E-24 
716.txt neg neg:1.0 pos:6.624952078221021E-32 
1454.txt neg neg:1.0 pos:5.178827637853985E-30 
3301.txt neg neg:0.9999999999981422 pos:1.8579210601530524E-12 
2933.txt neg neg:1.0 pos:1.9608202979457588E-22 
2541.txt neg neg:1.0 pos:6.438278009709643E-47 
3914.txt neg neg:0.9999868287652478 pos:1.3171234752185023E-5 
1233.txt neg neg:0.9999999999999993 pos:7.485964089187245E-16 
1594.txt neg neg:1.0 pos:1.2368671139637334E-21 
2747.txt neg neg:1.0 pos:3.631206309798083E-23 
2796.txt neg pos:0.9999999846501275 neg:1.5349872541967305E-8 
448.txt neg neg:1.0 pos:1.2863752799179966E-61 
50.txt neg neg:1.0 pos:1.2591198566331107E-24 
3348.txt neg neg:1.0 pos:5.605000237836833E-46 
3399.txt neg pos:0.9999999379438477 neg:6.205615235711832E-8 
4267.txt neg neg:1.0 pos:8.789417067547728E-52 
3334.txt neg neg:1.0 pos:2.1388030589562706E-34 
1776.txt neg neg:1.0 pos:3.33540326714454E-56 
1629.txt neg neg:1.0 pos:3.0475766880472906E-25 
919.txt neg pos:1.0 neg:1.7801922943373017E-25 
4260.txt neg pos:1.0 neg:2.98574666974101E-26 
1814.txt neg neg:1.0 pos:1.4468613830354538E-42 
1466.txt neg neg:1.0 pos:7.663264047892675E-20 
2573.txt neg pos:1.0 neg:5.411317661458268E-42 
2901.txt neg neg:1.0 pos:1.9962525965309812E-20 
3333.txt neg neg:1.0 pos:4.0936039209595595E-23 
2205.txt neg neg:1.0 pos:4.418114743401702E-42 
3913.txt neg neg:1.0 pos:4.658943904179414E-20 
2321.txt neg neg:1.0 pos:2.2271948947756475E-29 
600.txt neg neg:0.9999999999999998 pos:1.954169962603688E-16 
261.txt neg neg:0.9999998554037481 pos:1.4459625181330657E-7 
3217.txt neg neg:0.967621327989071 pos:0.03237867201092898 
1868.txt neg neg:1.0 pos:3.7903181261682065E-28 
3058.txt neg pos:0.6904420829459165 neg:0.3095579170540836 
672.txt neg neg:1.0 pos:4.0405518965114797E-22 
1993.txt neg neg:1.0 pos:3.1672132095577456E-28 
3172.txt neg neg:1.0 pos:9.243137124589327E-34 
2732.txt neg neg:1.0 pos:2.069287233204062E-46 
213.txt neg neg:1.0 pos:9.385576295065372E-21 
5.txt neg neg:1.0 pos:8.103645738725044E-59 
917.txt neg neg:1.0 pos:6.847718609177489E-31 
2425.txt neg neg:0.609130539306218 pos:0.3908694606937821 
2459.txt neg neg:0.9999999998833375 pos:1.166625340712587E-10 
3087.txt neg neg:1.0 pos:2.1991808736663034E-37 
1414.txt neg neg:0.999256128098371 pos:7.438719016288533E-4 
3341.txt neg neg:1.0 pos:7.218931580046586E-17 
3894.txt neg neg:1.0 pos:1.2755605302575779E-23 
2501.txt neg neg:0.9478729012741417 pos:0.05212709872585842 
3390.txt neg neg:0.9937968299060624 pos:0.0062031700939375175 
756.txt neg pos:0.9557087323314057 neg:0.044291267668594286 
2616.txt neg pos:0.9999992799422077 neg:7.200577923546172E-7 
337.txt neg neg:1.0 pos:1.0898713785192831E-42 
4102.txt neg neg:1.0 pos:7.019798264077781E-90 
1939.txt neg neg:1.0 pos:9.113567076881566E-34 
3080.txt neg neg:0.9999999999998459 pos:1.5419571552270566E-13 
3727.txt neg neg:1.0 pos:5.677158756675418E-33 
780.txt neg neg:0.9999999847802699 pos:1.5219730080263965E-8 
1861.txt neg neg:0.999999999999982 pos:1.793927990070678E-14 
3893.txt neg pos:0.9999999999999623 neg:3.781523238226397E-14 
1365.txt neg neg:0.9999999999905471 pos:9.452956215663855E-12 
1704.txt neg neg:1.0 pos:2.1968858698811255E-18 
2881.txt neg neg:0.999999999935673 pos:6.432694515375719E-11 
2354.txt neg pos:0.9943058222152319 neg:0.005694177784768123 
1241.txt neg neg:0.9999999515077583 pos:4.849224155034371E-8 
2.txt neg neg:1.0 pos:1.8084781952183504E-31 
562.txt neg neg:0.9999999999927207 pos:7.2793261459654E-12 
910.txt neg pos:0.999999999887232 neg:1.1276802539750045E-10 
2043.txt neg pos:0.9999999784336382 neg:2.1566361801005334E-8 
2908.txt neg neg:0.9999999999699625 pos:3.003760623814641E-11 
2523.txt neg neg:1.0 pos:3.5631076376994575E-21 
2951.txt neg neg:1.0 pos:1.3964105714495566E-31 
3074.txt neg neg:1.0 pos:1.4253891327178307E-40 
3415.txt neg neg:1.0 pos:1.452393200418514E-32 
998.txt neg neg:1.0 pos:1.4104645959492716E-32 
1679.txt neg neg:1.0 pos:3.0019022922596937E-21 
4314.txt neg neg:1.0 pos:9.291297215425393E-50 
2648.txt neg neg:0.9999999999979909 pos:2.009072890847326E-12 
2710.txt neg neg:1.0 pos:4.605245674416659E-34 
126.txt neg neg:1.0 pos:7.903183827373697E-33 
2139.txt neg neg:0.9999999999999967 pos:3.3887637190840055E-15 
3157.txt neg neg:1.0 pos:2.7683476080659335E-26 
1602.txt neg neg:1.0 pos:4.5504939167600274E-38 
236.txt neg neg:1.0 pos:5.2325801610827014E-27 
591.txt neg neg:1.0 pos:9.458029145328643E-53 
3944.txt neg neg:1.0 pos:6.577247034928729E-30 
657.txt neg neg:0.9999999999973088 pos:2.6912234562888073E-12 
3995.txt neg neg:0.9999993793840972 pos:6.206159027857333E-7 
2872.txt neg pos:1.0 neg:4.438240431319549E-28 
2061.txt neg neg:1.0 pos:2.3098329593264392E-29 
1431.txt neg neg:1.0 pos:8.695535436326059E-30 
2283.txt neg neg:1.0 pos:4.1133567410622635E-23 
816.txt neg neg:0.9964424066932734 pos:0.0035575933067265074 
312.txt neg pos:0.8799769053431246 neg:0.12002309465687538 
2987.txt neg neg:1.0 pos:1.0644750786385306E-17 
1108.txt neg neg:1.0 pos:2.1275740800973287E-50 
1785.txt neg neg:1.0 pos:9.74235759070654E-25 
2690.txt neg neg:1.0 pos:5.60752198070152E-37 
2641.txt neg neg:1.0 pos:1.6178474116642268E-41 
1754.txt neg neg:1.0 pos:3.5350615560485496E-26 
1335.txt neg neg:1.0 pos:3.6578662603116456E-21 
3159.txt neg neg:0.9993468725467469 pos:6.531274532530897E-4 
Trial 0 Trainer NaiveBayesTrainer Training Data Confusion Matrix
Confusion Matrix, row=true, column=predicted  accuracy=0.9944444444444445
  label   0   1  |total
  0 pos 892   8  |900
  1 neg   2 898  |900

Trial 0 Trainer NaiveBayesTrainer training data accuracy= 0.9944444444444445
Trial 0 Trainer NaiveBayesTrainer Test Data Confusion Matrix
Confusion Matrix, row=true, column=predicted  accuracy=0.825
  label   0   1  |total
  0 pos  79  21  |100
  1 neg  14  86  |100

Trial 0 Trainer NaiveBayesTrainer test data accuracy= 0.825

NaiveBayesTrainer
Summary. train accuracy mean = 0.9944444444444445 stddev = 0.0 stderr = 0.0
Summary. test accuracy mean = 0.825 stddev = 0.0 stderr = 0.0
