
-------------------- Trial 0  --------------------

Trial 0 Training MaxEntTrainer,gaussianPriorVariance=1.0 with 1800 instances
Trial 0 Training MaxEntTrainer,gaussianPriorVariance=1.0 finished
Trial 0 Trainer MaxEntTrainer,gaussianPriorVariance=1.0
 Raw Testing Data
cv623_16988.txt neg neg:0.9984528952308861 pos:0.001547104769113921 
cv051_10306.txt pos pos:0.9997843514087539 neg:2.1564859124624316E-4 
cv382_7897.txt pos pos:0.9997238052354593 neg:2.7619476454065263E-4 
cv082_11080.txt pos neg:0.9526009212915933 pos:0.04739907870840679 
cv791_16302.txt pos pos:0.9699859863504369 neg:0.030014013649563097 
cv484_25054.txt pos pos:0.9194330695649372 neg:0.08056693043506274 
cv353_18159.txt pos pos:0.902094178654975 neg:0.09790582134502493 
cv438_8500.txt neg neg:0.9899539186920886 pos:0.010046081307911523 
cv124_3903.txt neg pos:0.7380295387261747 neg:0.26197046127382523 
cv012_29411.txt neg neg:0.9996485715260905 pos:3.51428473909479E-4 
cv634_11101.txt pos pos:0.9898492869039518 neg:0.01015071309604815 
cv637_1250.txt pos pos:0.8899167440549279 neg:0.11008325594507201 
cv754_7709.txt neg neg:0.9507047570777476 pos:0.04929524292225246 
cv845_14290.txt pos pos:0.9986027349620147 neg:0.0013972650379851616 
cv062_23115.txt pos pos:0.998441150543099 neg:0.0015588494569008867 
cv556_14808.txt pos pos:0.9999992039265473 neg:7.960734527477739E-7 
cv659_19944.txt pos pos:0.9711678986976181 neg:0.028832101302381855 
cv244_22935.txt neg neg:0.9999378103782208 pos:6.218962177914737E-5 
cv877_29274.txt pos pos:0.8099476484769664 neg:0.19005235152303357 
cv833_11053.txt pos pos:0.9959725327936161 neg:0.00402746720638399 
cv852_27523.txt pos pos:0.9033188277058868 neg:0.09668117229411319 
cv960_29007.txt pos neg:0.932722447568273 pos:0.06727755243172694 
cv579_11605.txt pos pos:0.5047341433092162 neg:0.4952658566907839 
cv562_10359.txt pos neg:0.6604814475038296 pos:0.3395185524961703 
cv982_21103.txt pos pos:0.9856436560459666 neg:0.01435634395403337 
cv667_18467.txt pos pos:0.9973861822244725 neg:0.00261381777552755 
cv980_11851.txt neg neg:0.9997689454265309 pos:2.310545734690833E-4 
cv782_21078.txt neg neg:0.9755210285196688 pos:0.024478971480331225 
cv548_18944.txt neg neg:0.9237986740865646 pos:0.07620132591343538 
cv116_28734.txt neg neg:0.9443311806996477 pos:0.055668819300352265 
cv737_28733.txt neg neg:0.9991456507753789 pos:8.543492246212459E-4 
cv322_20318.txt pos pos:0.6022269789173695 neg:0.39777302108263046 
cv472_29140.txt neg pos:0.9801900803703706 neg:0.019809919629629406 
cv203_17986.txt pos pos:0.9803508444517616 neg:0.01964915554823853 
cv741_12765.txt neg neg:0.7631792019948184 pos:0.23682079800518155 
cv173_4471.txt pos neg:0.6828028554574384 pos:0.31719714454256165 
cv612_5396.txt neg neg:0.5782283681485002 pos:0.42177163185149974 
cv808_13773.txt neg pos:0.708927830090988 neg:0.29107216990901186 
cv115_25396.txt pos pos:0.9990290492474033 neg:9.709507525968014E-4 
cv384_18536.txt neg neg:0.970598244554813 pos:0.02940175544518683 
cv754_7216.txt pos pos:0.9412189448255658 neg:0.058781055174434244 
cv580_14064.txt pos pos:0.5100726089953499 neg:0.4899273910046501 
cv985_5964.txt neg neg:0.9962167928994363 pos:0.0037832071005636904 
cv386_10080.txt pos pos:0.9963605345459386 neg:0.0036394654540613104 
cv028_26746.txt pos neg:0.9216936880845432 pos:0.07830631191545666 
cv549_21443.txt pos pos:0.990960131586815 neg:0.009039868413185104 
cv832_24713.txt neg neg:0.9987936029983094 pos:0.0012063970016905224 
cv771_28466.txt neg neg:0.9957103786594006 pos:0.00428962134059942 
cv114_19501.txt neg neg:0.9935000232502843 pos:0.0064999767497155945 
cv232_14991.txt pos pos:0.9125073306596906 neg:0.08749266934030939 
cv245_8569.txt pos pos:0.9981702583870004 neg:0.001829741612999681 
cv713_29155.txt pos pos:0.6422561965639476 neg:0.35774380343605244 
cv379_21963.txt pos pos:0.9986021470069404 neg:0.0013978529930597065 
cv190_27052.txt pos pos:0.9999232948674728 neg:7.670513252724203E-5 
cv937_9816.txt neg neg:0.9994181635373351 pos:5.8183646266492E-4 
cv297_10047.txt pos pos:0.9268036496100712 neg:0.07319635038992887 
cv699_7223.txt pos neg:0.5000211127964685 pos:0.49997888720353145 
cv591_24887.txt neg neg:0.9952516956968821 pos:0.004748304303117917 
cv151_17231.txt neg neg:0.5350702826955734 pos:0.4649297173044266 
cv189_22934.txt pos neg:0.7105012780492648 pos:0.28949872195073517 
cv575_22598.txt neg neg:0.8455221976913488 pos:0.15447780230865105 
cv899_16014.txt pos pos:0.9831196809842632 neg:0.016880319015736948 
cv248_15672.txt neg neg:0.9946798794597439 pos:0.005320120540256195 
cv304_28706.txt pos pos:0.9665122773340629 neg:0.03348772266593709 
cv079_11933.txt pos pos:0.9067156935633262 neg:0.09328430643667378 
cv983_22928.txt pos pos:0.9984110807711386 neg:0.001588919228861428 
cv519_16239.txt neg pos:0.8682113715154398 neg:0.13178862848456008 
cv948_25870.txt neg neg:0.9998852696542361 pos:1.1473034576402988E-4 
cv074_6875.txt pos pos:0.9997382670380642 neg:2.6173296193587994E-4 
cv821_29364.txt pos pos:0.9921381764290206 neg:0.007861823570979441 
cv012_29576.txt pos pos:0.9991547878963128 neg:8.452121036871189E-4 
cv117_24295.txt pos pos:0.8328732195658562 neg:0.16712678043414375 
cv852_27512.txt neg neg:0.9478862301293721 pos:0.052113769870627824 
cv209_28973.txt neg neg:0.9949766243423005 pos:0.005023375657699621 
cv138_12721.txt pos neg:0.7611604441008422 pos:0.23883955589915795 
cv291_26635.txt pos pos:0.9756615949271733 neg:0.024338405072826592 
cv489_19046.txt neg neg:0.9996095203469899 pos:3.9047965301000837E-4 
cv827_19479.txt neg neg:0.9988344129903984 pos:0.0011655870096014458 
cv799_19812.txt neg neg:0.9673126475027873 pos:0.032687352497212725 
cv996_12447.txt neg neg:0.9804944260520612 pos:0.01950557394793871 
cv168_7050.txt pos pos:0.9994355837285278 neg:5.644162714721412E-4 
cv919_18155.txt neg neg:0.9812053918120619 pos:0.018794608187937992 
cv195_16146.txt neg neg:0.8608773185876878 pos:0.13912268141231227 
cv064_24576.txt pos pos:0.9750847975085305 neg:0.024915202491469463 
cv826_12761.txt neg pos:0.988390281715877 neg:0.011609718284123074 
cv712_24217.txt neg neg:0.9844845598776296 pos:0.015515440122370387 
cv480_19817.txt pos pos:0.9916251917149949 neg:0.008374808285005121 
cv041_21113.txt pos pos:0.9617192506790372 neg:0.03828074932096276 
cv705_11973.txt neg neg:0.9530541790023745 pos:0.04694582099762542 
cv350_20670.txt pos pos:0.9646308737307729 neg:0.03536912626922708 
cv654_19345.txt neg neg:0.9496735372852421 pos:0.050326462714757894 
cv905_28965.txt neg pos:0.9677248510804287 neg:0.03227514891957136 
cv320_9693.txt neg pos:0.9057162059465667 neg:0.09428379405343337 
cv805_19601.txt pos pos:0.9913033126483873 neg:0.008696687351612671 
cv626_7907.txt neg neg:0.983535088370969 pos:0.016464911629031114 
cv727_4978.txt pos pos:0.8558673477639255 neg:0.14413265223607455 
cv891_6385.txt pos neg:0.9472601004983817 pos:0.052739899501618226 
cv281_24711.txt neg neg:0.98588542908623 pos:0.014114570913770082 
cv220_28906.txt neg pos:0.7256506408733245 neg:0.27434935912667546 
cv822_20049.txt pos pos:0.998813101308043 neg:0.0011868986919571236 
cv034_29446.txt neg neg:0.9447884839528291 pos:0.05521151604717079 
cv716_10514.txt pos neg:0.9801545132789005 pos:0.019845486721099575 
cv202_10654.txt pos pos:0.9932584740516992 neg:0.006741525948300795 
cv960_28877.txt neg neg:0.9924629101700685 pos:0.007537089829931478 
cv681_9744.txt neg neg:0.9971891112265721 pos:0.0028108887734279095 
cv767_14062.txt pos pos:0.9962077558819026 neg:0.003792244118097398 
cv904_25663.txt neg neg:0.6062817955542347 pos:0.39371820444576533 
cv617_9561.txt neg neg:0.791028215858922 pos:0.20897178414107806 
cv349_15032.txt neg neg:0.9988078516477239 pos:0.0011921483522760728 
cv889_22670.txt neg pos:0.5113906516445821 neg:0.4886093483554179 
cv967_5626.txt neg neg:0.6243110121133534 pos:0.37568898788664656 
cv600_23878.txt pos pos:0.9973959906189295 neg:0.0026040093810704512 
cv368_10466.txt pos pos:0.9951746301177112 neg:0.004825369882288745 
cv774_13845.txt pos pos:0.977149314385944 neg:0.02285068561405594 
cv153_11607.txt neg neg:0.9689049755814734 pos:0.031095024418526733 
cv370_5338.txt neg neg:0.8394915872014591 pos:0.1605084127985409 
cv200_29006.txt neg pos:0.9921077342938915 neg:0.007892265706108518 
cv956_12547.txt neg neg:0.9974306460568928 pos:0.002569353943107344 
cv829_20289.txt pos pos:0.9916781564205668 neg:0.008321843579433228 
cv909_9960.txt pos pos:0.5692319158691029 neg:0.4307680841308971 
cv432_15873.txt neg neg:0.9937696320277322 pos:0.0062303679722679195 
cv908_16009.txt pos pos:0.89800611132325 neg:0.10199388867675 
cv589_12064.txt pos pos:0.9923576950429063 neg:0.0076423049570938225 
cv536_27134.txt pos pos:0.8402581223595561 neg:0.15974187764044395 
cv973_10171.txt neg neg:0.99965762504357 pos:3.423749564300971E-4 
cv446_12209.txt neg neg:0.9907833942897377 pos:0.00921660571026238 
cv157_29302.txt neg neg:0.9239081775051134 pos:0.07609182249488665 
cv465_22431.txt pos pos:0.6558185623886406 neg:0.3441814376113595 
cv909_9973.txt neg neg:0.8670241030412488 pos:0.13297589695875126 
cv222_17395.txt pos pos:0.9666573977047627 neg:0.033342602295237354 
cv470_17444.txt neg neg:0.9996792020730504 pos:3.207979269497163E-4 
cv115_26443.txt neg neg:0.9470808205955362 pos:0.05291917940446379 
cv504_29120.txt neg neg:0.9069492106363434 pos:0.09305078936365675 
cv757_10668.txt neg neg:0.714800222410637 pos:0.28519977758936293 
cv882_10042.txt neg neg:0.9989709776498974 pos:0.0010290223501025404 
cv065_15248.txt pos pos:0.9994614223987717 neg:5.385776012282657E-4 
cv520_12295.txt pos pos:0.9170686906081287 neg:0.08293130939187138 
cv145_12239.txt neg pos:0.7722463703413565 neg:0.22775362965864349 
cv404_20315.txt pos pos:0.6224537440392134 neg:0.37754625596078656 
cv586_8048.txt neg neg:0.9999993049735855 pos:6.950264145328674E-7 
cv786_22497.txt pos pos:0.9910685543541351 neg:0.008931445645864835 
cv918_2693.txt pos pos:0.6028553697857126 neg:0.3971446302142874 
cv072_6169.txt pos neg:0.690326297580288 pos:0.3096737024197121 
cv206_15893.txt neg neg:0.9612951982167653 pos:0.03870480178323465 
cv146_18458.txt pos pos:0.9999026857269019 neg:9.73142730982491E-5 
cv862_14324.txt pos pos:0.9999994415378343 neg:5.584621656577597E-7 
cv027_25219.txt pos pos:0.999978950063827 neg:2.1049936173078093E-5 
cv409_29786.txt pos pos:0.9767927571285526 neg:0.023207242871447344 
cv591_23640.txt pos pos:0.9999041659713092 neg:9.583402869083754E-5 
cv576_15688.txt neg neg:0.731388853000546 pos:0.2686111469994541 
cv555_23922.txt pos neg:0.9729048939681442 pos:0.027095106031855908 
cv738_10116.txt pos pos:0.9999969677324918 neg:3.0322675081969543E-6 
cv308_5079.txt neg neg:0.9990536427545817 pos:9.463572454183196E-4 
cv869_24782.txt neg neg:0.9939526059035066 pos:0.0060473940964934 
cv936_15954.txt pos pos:0.9984538125419821 neg:0.001546187458017836 
cv154_9562.txt neg neg:0.9936081773012835 pos:0.006391822698716607 
cv208_9475.txt neg neg:0.9875672152134896 pos:0.01243278478651037 
cv761_12620.txt pos neg:0.8319254829553944 pos:0.1680745170446057 
cv143_19666.txt pos pos:0.9999273961932558 neg:7.260380674430512E-5 
cv638_29394.txt neg neg:0.8309822112543299 pos:0.1690177887456702 
cv314_16095.txt neg neg:0.9293642171062088 pos:0.07063578289379117 
cv226_26692.txt neg neg:0.9999753824446995 pos:2.4617555300545518E-5 
cv511_10132.txt pos pos:0.9979613969126836 neg:0.002038603087316311 
cv124_4122.txt pos neg:0.9106151417987033 pos:0.08938485820129669 
cv176_14196.txt neg pos:0.8587042910386865 neg:0.14129570896131358 
cv077_22138.txt pos pos:0.9726085617752439 neg:0.027391438224756093 
cv381_21673.txt neg pos:0.8297518238642775 neg:0.17024817613572246 
cv198_18180.txt pos pos:0.9594486709521242 neg:0.0405513290478757 
cv047_18725.txt neg neg:0.6474060827096173 pos:0.3525939172903827 
cv106_18379.txt neg neg:0.5597533512082948 pos:0.4402466487917052 
cv483_18103.txt neg neg:0.9877533606398528 pos:0.012246639360147233 
cv715_18179.txt pos pos:0.6120673863920567 neg:0.38793261360794334 
cv280_8267.txt pos pos:0.604632719284508 neg:0.395367280715492 
cv408_5367.txt neg neg:0.9945917747118541 pos:0.005408225288145746 
cv815_22456.txt pos pos:0.9935860275962731 neg:0.006413972403726893 
cv462_20788.txt neg pos:0.5400127390023294 neg:0.4599872609976707 
cv766_7983.txt neg neg:0.9999578014645667 pos:4.219853543334915E-5 
cv896_17819.txt neg neg:0.9926600937578869 pos:0.007339906242113127 
cv178_14380.txt neg neg:0.8211906969781531 pos:0.17880930302184694 
cv502_10406.txt pos neg:0.646194406633522 pos:0.353805593366478 
cv609_23877.txt pos pos:0.9634398437996073 neg:0.036560156200392754 
cv397_29023.txt pos neg:0.8096055743149659 pos:0.19039442568503406 
cv643_29349.txt pos neg:0.6792041211663036 pos:0.3207958788336963 
cv232_16768.txt neg pos:0.6223573636105812 neg:0.3776426363894187 
cv631_4782.txt neg pos:0.8903754697391473 neg:0.10962453026085285 
cv634_11989.txt neg neg:0.9685689091860216 pos:0.031431090813978456 
cv085_1381.txt pos pos:0.9996179979519517 neg:3.8200204804823417E-4 
cv814_18975.txt pos pos:0.5287317027669584 neg:0.47126829723304164 
cv453_10911.txt neg neg:0.9998804327478426 pos:1.1956725215742926E-4 
cv235_10704.txt neg neg:0.9988249564592528 pos:0.001175043540747157 
cv810_13660.txt neg neg:0.7945600178149297 pos:0.2054399821850703 
cv553_26915.txt pos pos:0.994821111535663 neg:0.005178888464337066 
cv865_28796.txt neg neg:0.7919130009723213 pos:0.2080869990276788 
cv834_23192.txt neg neg:0.9994282040947429 pos:5.717959052570946E-4 
cv309_23737.txt neg pos:0.978420778854122 neg:0.02157922114587796 
cv062_24556.txt neg neg:0.9788293765099765 pos:0.02117062349002359 
cv718_12227.txt neg neg:0.9996809073541804 pos:3.190926458197069E-4 
cv331_8656.txt neg pos:0.655167052964242 neg:0.344832947035758 
cv755_23616.txt pos pos:0.9729407577240458 neg:0.02705924227595413 
cv622_8583.txt neg neg:0.9681837869797921 pos:0.031816213020207804 
Trial 0 Trainer MaxEntTrainer,gaussianPriorVariance=1.0 Training Data Confusion Matrix
Confusion Matrix, row=true, column=predicted  accuracy=1.0
  label   0   1  |total
  0 neg 900   .  |900
  1 pos   . 900  |900

Trial 0 Trainer MaxEntTrainer,gaussianPriorVariance=1.0 training data accuracy= 1.0
Trial 0 Trainer MaxEntTrainer,gaussianPriorVariance=1.0 Test Data Confusion Matrix
Confusion Matrix, row=true, column=predicted  accuracy=0.825
  label   0   1  |total
  0 neg  82  18  |100
  1 pos  17  83  |100

Trial 0 Trainer MaxEntTrainer,gaussianPriorVariance=1.0 test data accuracy= 0.825

MaxEntTrainer,gaussianPriorVariance=1.0
Summary. train accuracy mean = 1.0 stddev = 0.0 stderr = 0.0
Summary. test accuracy mean = 0.825 stddev = 0.0 stderr = 0.0
