
-------------------- Trial 0  --------------------

Trial 0 Training MaxEntTrainer,gaussianPriorVariance=1.0 with 1800 instances
Trial 0 Training MaxEntTrainer,gaussianPriorVariance=1.0 finished
Trial 0 Trainer MaxEntTrainer,gaussianPriorVariance=1.0
 Raw Testing Data
cv601_24759.txt neg neg:0.9842546856292455 pos:0.015745314370754653 
cv662_13320.txt pos pos:0.774065257501746 neg:0.2259347424982541 
cv361_28738.txt neg neg:0.9974515661036839 pos:0.0025484338963160423 
cv681_9692.txt pos pos:0.87573314259646 neg:0.12426685740353992 
cv906_12332.txt neg neg:0.9946068403273424 pos:0.005393159672657568 
cv453_10379.txt pos pos:0.9999395773257246 neg:6.04226742754E-5 
cv285_16494.txt pos pos:0.9850513940867323 neg:0.014948605913267824 
cv583_29692.txt pos pos:0.997401850768352 neg:0.002598149231648008 
cv211_9955.txt neg neg:0.9910508331429156 pos:0.008949166857084358 
cv564_11110.txt pos pos:0.999318993357026 neg:6.810066429739715E-4 
cv365_12442.txt neg neg:0.9998451642081705 pos:1.548357918294929E-4 
cv935_24977.txt neg neg:0.9959378317231155 pos:0.0040621682768845115 
cv071_12095.txt pos pos:0.9956518607230794 neg:0.00434813927692063 
cv690_5619.txt pos pos:0.721671903987241 neg:0.27832809601275893 
cv988_18740.txt pos pos:0.9987061889906744 neg:0.0012938110093255958 
cv156_11119.txt neg neg:0.5801204336999076 pos:0.4198795663000923 
cv413_7398.txt pos pos:0.9892710939636903 neg:0.01072890603630964 
cv338_9183.txt neg neg:0.9805453315918599 pos:0.019454668408140065 
cv337_29061.txt neg neg:0.9988364621721844 pos:0.0011635378278156288 
cv657_24513.txt pos pos:0.9916189260244217 neg:0.008381073975578319 
cv620_24265.txt pos pos:0.9005627513547736 neg:0.09943724864522643 
cv317_25111.txt neg neg:0.6595967897998849 pos:0.34040321020011505 
cv220_29059.txt pos pos:0.9999199374685929 neg:8.006253140719825E-5 
cv939_10583.txt pos pos:0.9941088471370727 neg:0.00589115286292727 
cv627_12603.txt neg neg:0.7532879338243395 pos:0.2467120661756605 
cv289_6463.txt pos pos:0.8092030414384096 neg:0.19079695856159037 
cv495_14518.txt pos neg:0.9629984759066876 pos:0.03700152409331225 
cv376_20883.txt neg neg:0.8592462257223001 pos:0.1407537742776999 
cv933_24953.txt neg neg:0.9870717210725987 pos:0.012928278927401417 
cv666_20301.txt neg pos:0.5238635824442529 neg:0.4761364175557471 
cv172_11131.txt pos pos:0.9804606750038165 neg:0.019539324996183535 
cv842_5866.txt pos neg:0.9612655429303039 pos:0.038734457069696256 
cv099_10534.txt pos pos:0.8505037045709253 neg:0.14949629542907472 
cv354_8573.txt neg neg:0.815994039549324 pos:0.18400596045067596 
cv859_14107.txt pos pos:0.9665523127130856 neg:0.033447687286914336 
cv762_13927.txt pos pos:0.9830039726677314 neg:0.0169960273322685 
cv599_20988.txt pos neg:0.9208263981109784 pos:0.07917360188902159 
cv843_17054.txt neg neg:0.9961519611575111 pos:0.0038480388424888693 
cv508_16006.txt pos pos:0.9979084910175506 neg:0.0020915089824493326 
cv423_12089.txt neg neg:0.8433432189192593 pos:0.15665678108074066 
cv286_25050.txt pos pos:0.9916448693910151 neg:0.008355130608984912 
cv425_8250.txt pos pos:0.7577957362238774 neg:0.24220426377612259 
cv270_6079.txt pos pos:0.7479492595360056 neg:0.2520507404639944 
cv477_23530.txt neg neg:0.5204106216546391 pos:0.4795893783453609 
cv875_5622.txt neg neg:0.6395715887912896 pos:0.36042841120871033 
cv713_29002.txt neg pos:0.8289999576259625 neg:0.17100004237403743 
cv917_29484.txt neg neg:0.9995027044290654 pos:4.972955709345566E-4 
cv247_13142.txt pos pos:0.9923968888919563 neg:0.0076031111080437 
cv002_17424.txt neg neg:0.9977874026999815 pos:0.002212597300018543 
cv725_10266.txt neg neg:0.8873998756590817 pos:0.11260012434091818 
cv548_17731.txt pos pos:0.9988831812197676 neg:0.001116818780232319 
cv165_2389.txt neg neg:0.9073780666942113 pos:0.0926219333057886 
cv662_14791.txt neg neg:0.9991396950502468 pos:8.603049497531872E-4 
cv798_24779.txt neg neg:0.6369964686446222 pos:0.3630035313553778 
cv913_29252.txt pos pos:0.999470880373335 neg:5.291196266649761E-4 
cv328_10908.txt neg neg:0.7890966725091396 pos:0.2109033274908604 
cv949_20112.txt pos pos:0.7037307139259248 neg:0.29626928607407527 
cv405_20399.txt pos pos:0.9722813325546703 neg:0.027718667445329692 
cv057_7453.txt pos neg:0.5387130703323673 pos:0.46128692966763274 
cv249_11640.txt pos pos:0.5621450668116231 neg:0.4378549331883769 
cv929_1841.txt neg neg:0.8705757256822003 pos:0.12942427431779963 
cv121_17302.txt pos pos:0.96021557638887 neg:0.03978442361112998 
cv472_29280.txt pos pos:0.9824853594641653 neg:0.017514640535834614 
cv658_10532.txt pos pos:0.997336483993532 neg:0.002663516006468111 
cv150_14279.txt neg neg:0.999946101081463 pos:5.389891853709432E-5 
cv183_18612.txt pos neg:0.8281959664086895 pos:0.17180403359131038 
cv072_5928.txt neg neg:0.9865077922524808 pos:0.013492207747519271 
cv524_24885.txt neg pos:0.697612516487162 neg:0.30238748351283795 
cv895_22200.txt neg neg:0.9693657301804995 pos:0.03063426981950046 
cv407_23928.txt neg neg:0.9751685523908663 pos:0.02483144760913371 
cv371_8197.txt neg neg:0.9998107811306769 pos:1.892188693230563E-4 
cv897_10837.txt pos pos:0.9915336687681877 neg:0.008466331231812167 
cv267_14952.txt pos pos:0.9713912820712562 neg:0.028608717928743612 
cv335_16299.txt neg neg:0.9841562639568303 pos:0.015843736043169618 
cv047_1754.txt pos pos:0.9985869168369474 neg:0.0014130831630525848 
cv069_11613.txt neg neg:0.9114856058992394 pos:0.08851439410076045 
cv677_17715.txt pos pos:0.9998995232299444 neg:1.0047677005570764E-4 
cv029_19943.txt neg neg:0.961988981559095 pos:0.03801101844090492 
cv723_9002.txt neg neg:0.9832826102378243 pos:0.016717389762175638 
cv245_8938.txt neg neg:0.9061579130491423 pos:0.0938420869508576 
cv941_10246.txt pos pos:0.9998424358725144 neg:1.5756412748547268E-4 
cv719_5713.txt pos pos:0.9997082810999417 neg:2.917189000582457E-4 
cv083_25491.txt neg pos:0.8969560945713891 neg:0.10304390542861085 
cv608_24647.txt neg neg:0.9384104956774313 pos:0.061589504322568704 
cv007_4992.txt neg neg:0.9997251563184555 pos:2.7484368154455727E-4 
cv499_11407.txt neg neg:0.9865564930164255 pos:0.013443506983574577 
cv167_18094.txt neg neg:0.8604885117422009 pos:0.1395114882577992 
cv257_11856.txt neg pos:0.5484933403025486 neg:0.4515066596974514 
cv999_14636.txt neg neg:0.6203046534469008 pos:0.3796953465530991 
cv196_28898.txt neg neg:0.9934893235130642 pos:0.006510676486935821 
cv402_14425.txt pos pos:0.9916764680489999 neg:0.008323531951000024 
cv424_8831.txt pos pos:0.9927484366619298 neg:0.007251563338070191 
cv854_18955.txt neg neg:0.987453410330916 pos:0.012546589669083947 
cv325_16629.txt pos pos:0.998975095185956 neg:0.0010249048140440614 
cv448_14695.txt pos pos:0.9854615964725008 neg:0.014538403527499294 
cv640_5380.txt neg pos:0.9249222708222483 neg:0.07507772917775161 
cv974_24303.txt neg neg:0.9397601235960844 pos:0.060239876403915614 
cv300_22284.txt pos pos:0.9998832242181254 neg:1.1677578187457532E-4 
cv455_29000.txt pos pos:0.9998460676108105 neg:1.5393238918945187E-4 
cv939_11247.txt neg neg:0.9122834740692827 pos:0.08771652593071724 
cv270_5873.txt neg neg:0.9892092030655879 pos:0.010790796934412088 
cv671_5164.txt neg pos:0.6770917732158767 neg:0.32290822678412334 
cv632_9704.txt neg neg:0.7460291372977161 pos:0.25397086270228386 
cv514_12173.txt neg neg:0.9808667501966253 pos:0.019133249803374747 
cv108_17064.txt neg neg:0.9917681638266161 pos:0.00823183617338384 
cv660_21893.txt pos pos:0.6892140256542827 neg:0.3107859743457173 
cv191_29719.txt pos pos:0.9901712961217184 neg:0.009828703878281558 
cv481_7930.txt neg neg:0.9666891138104949 pos:0.033310886189505055 
cv101_10175.txt pos neg:0.7918411285319146 pos:0.2081588714680854 
cv504_29243.txt pos pos:0.5103259872703729 neg:0.4896740127296271 
cv213_20300.txt neg neg:0.9730365870543797 pos:0.026963412945620418 
cv959_14611.txt pos pos:0.8674795468999481 neg:0.13252045310005187 
cv284_20530.txt neg neg:0.955979470774866 pos:0.04402052922513395 
cv181_14401.txt pos pos:0.9999740297202342 neg:2.5970279765742904E-5 
cv066_10821.txt pos pos:0.943494750518601 neg:0.056505249481398956 
cv585_23576.txt neg pos:0.5947564700552311 neg:0.4052435299447688 
cv631_4967.txt pos pos:0.7709755035949446 neg:0.22902449640505534 
cv053_21822.txt pos pos:0.8741662645000834 neg:0.12583373549991667 
cv801_26335.txt neg neg:0.9788325357877361 pos:0.02116746421226382 
cv517_20616.txt neg neg:0.99998514076752 pos:1.485923248001148E-5 
cv999_13106.txt pos pos:0.9698983854713168 neg:0.0301016145286831 
cv557_12237.txt neg neg:0.9945352057095226 pos:0.005464794290477398 
cv024_7033.txt neg neg:0.5742322519288344 pos:0.4257677480711656 
cv788_26409.txt neg neg:0.8192953122449279 pos:0.18070468775507206 
cv384_17140.txt pos pos:0.8071327256778409 neg:0.19286727432215914 
cv055_8338.txt pos pos:0.9712079579413377 neg:0.02879204205866236 
cv210_9312.txt pos neg:0.8356586120708144 pos:0.16434138792918565 
cv334_0074.txt neg neg:0.9983863740422453 pos:0.0016136259577547555 
cv449_9126.txt neg pos:0.9924025321661111 neg:0.007597467833888906 
cv340_13287.txt pos pos:0.8104899343835229 neg:0.18951006561647699 
cv393_29327.txt pos pos:0.9942161113136047 neg:0.005783888686395399 
cv024_6778.txt pos neg:0.981692267475613 pos:0.01830773252438712 
cv310_13091.txt pos pos:0.9977732901381541 neg:0.0022267098618460497 
cv647_15275.txt neg neg:0.9973750505816732 pos:0.0026249494183268767 
cv929_16908.txt pos pos:0.9997244474371528 neg:2.755525628471651E-4 
cv647_13691.txt pos pos:0.9865187677043279 neg:0.013481232295671955 
cv544_5301.txt neg neg:0.9987814350802937 pos:0.0012185649197063286 
cv744_10091.txt neg neg:0.9386642352750099 pos:0.06133576472499014 
cv780_7984.txt pos pos:0.9998769716262309 neg:1.230283737690595E-4 
cv216_20165.txt neg neg:0.9917122049502173 pos:0.008287795049782828 
cv982_22209.txt neg neg:0.9983041150365141 pos:0.0016958849634859 
cv221_27081.txt neg pos:0.7170196407502198 neg:0.28298035924978016 
cv021_17313.txt neg neg:0.995159494927126 pos:0.004840505072874084 
cv607_8235.txt neg neg:0.9702711487985747 pos:0.029728851201425283 
cv692_17026.txt neg neg:0.9352750003721628 pos:0.06472499962783729 
cv980_10953.txt pos pos:0.9692487499658584 neg:0.030751250034141732 
cv175_6964.txt pos pos:0.8844404167122608 neg:0.11555958328773909 
cv587_20532.txt neg neg:0.8273745252867775 pos:0.17262547471322262 
cv676_22202.txt neg neg:0.9994343250132423 pos:5.656749867576624E-4 
cv380_7574.txt pos neg:0.9413248814561361 pos:0.05867511854386401 
cv623_15356.txt pos pos:0.9989951324006157 neg:0.0010048675993844366 
cv405_21868.txt neg neg:0.9717588119287512 pos:0.028241188071248795 
cv431_7538.txt neg neg:0.5649444296847094 pos:0.43505557031529063 
cv428_11347.txt pos pos:0.9927278494016489 neg:0.007272150598350981 
cv253_10077.txt pos pos:0.8228393544294851 neg:0.17716064557051495 
cv095_28730.txt neg neg:0.5354062343245386 pos:0.4645937656754614 
cv691_5043.txt pos pos:0.9987926031890157 neg:0.0012073968109842259 
cv830_5778.txt neg neg:0.6447609642868404 pos:0.3552390357131595 
cv030_22893.txt neg neg:0.9979756164418565 pos:0.0020243835581435386 
cv919_16380.txt pos pos:0.9884835994268837 neg:0.011516400573116427 
cv558_29507.txt pos pos:0.9981201050233647 neg:0.001879894976635221 
cv931_17563.txt pos pos:0.9908148262454081 neg:0.009185173754591906 
cv154_9328.txt pos neg:0.6604878861941397 pos:0.33951211380586027 
cv185_28372.txt neg neg:0.9904468517662613 pos:0.009553148233738632 
cv018_21672.txt neg pos:0.8451649078948066 neg:0.15483509210519333 
cv046_10188.txt pos pos:0.9708512741838525 neg:0.029148725816147598 
cv606_15985.txt pos pos:0.9890423655893905 neg:0.010957634410609497 
cv153_10779.txt pos pos:0.7493063787790523 neg:0.25069362122094774 
cv921_13988.txt neg neg:0.9997362851041107 pos:2.6371489588919173E-4 
cv114_18398.txt pos pos:0.9619255150489611 neg:0.038074484951039024 
cv876_9633.txt neg neg:0.8873350008999341 pos:0.11266499910006593 
cv698_16930.txt neg neg:0.9201383153171331 pos:0.07986168468286689 
cv450_8319.txt neg neg:0.9712664706845381 pos:0.028733529315462032 
cv984_12767.txt pos pos:0.9406451595567635 neg:0.05935484044323644 
cv019_14482.txt pos pos:0.9779038606003091 neg:0.02209613939969091 
cv949_21565.txt neg neg:0.9996560709821449 pos:3.4392901785506197E-4 
cv009_29592.txt pos pos:0.9858830092555968 neg:0.014116990744403196 
cv716_11153.txt neg pos:0.5105491601417457 neg:0.4894508398582543 
cv857_15958.txt pos pos:0.6953768230171034 neg:0.3046231769828966 
cv898_14187.txt pos pos:0.9996796223984713 neg:3.203776015285532E-4 
cv259_10934.txt pos pos:0.5090541710185068 neg:0.49094582898149325 
cv897_11703.txt neg neg:0.9988591766982015 pos:0.0011408233017986289 
cv708_28729.txt pos pos:0.9963300993488142 neg:0.003669900651185831 
cv773_18817.txt pos pos:0.8964177370812679 neg:0.10358226291873203 
cv315_11629.txt pos pos:0.9803732105797509 neg:0.01962678942024918 
cv204_8451.txt pos pos:0.9132492639178647 neg:0.08675073608213536 
cv202_11382.txt neg neg:0.999742567803046 pos:2.5743219695400436E-4 
cv048_18380.txt neg neg:0.9994221021461509 pos:5.778978538492451E-4 
cv120_4111.txt pos pos:0.9961772787963055 neg:0.0038227212036945455 
cv963_7208.txt neg neg:0.9819419244755653 pos:0.018058075524434773 
cv592_22315.txt pos pos:0.7751252571445955 neg:0.22487474285540446 
cv219_19874.txt neg neg:0.8975358311959558 pos:0.10246416880404415 
cv983_24219.txt neg neg:0.6802342998502132 pos:0.31976570014978667 
cv162_10977.txt neg pos:0.8796163696739874 neg:0.12038363032601256 
cv730_10279.txt pos pos:0.9986802990743042 neg:0.0013197009256957814 
cv617_9322.txt pos pos:0.9336152251626251 neg:0.06638477483737479 
cv469_21998.txt neg neg:0.9984505423624697 pos:0.0015494576375303575 
cv527_10123.txt pos pos:0.9605312200019265 neg:0.0394687799980735 
cv694_4526.txt neg neg:0.7321909561748643 pos:0.26780904382513576 
cv586_7543.txt pos pos:0.9968708462899458 neg:0.0031291537100543226 
Trial 0 Trainer MaxEntTrainer,gaussianPriorVariance=1.0 Training Data Confusion Matrix
Confusion Matrix, row=true, column=predicted  accuracy=1.0
  label   0   1  |total
  0 neg 900   .  |900
  1 pos   . 900  |900

Trial 0 Trainer MaxEntTrainer,gaussianPriorVariance=1.0 training data accuracy= 1.0
Trial 0 Trainer MaxEntTrainer,gaussianPriorVariance=1.0 Test Data Confusion Matrix
Confusion Matrix, row=true, column=predicted  accuracy=0.885
  label   0   1  |total
  0 neg  87  13  |100
  1 pos  10  90  |100

Trial 0 Trainer MaxEntTrainer,gaussianPriorVariance=1.0 test data accuracy= 0.885

MaxEntTrainer,gaussianPriorVariance=1.0
Summary. train accuracy mean = 1.0 stddev = 0.0 stderr = 0.0
Summary. test accuracy mean = 0.885 stddev = 0.0 stderr = 0.0
