
-------------------- Trial 0  --------------------

Trial 0 Training MaxEntTrainer,gaussianPriorVariance=1.0 with 1800 instances
Trial 0 Training MaxEntTrainer,gaussianPriorVariance=1.0 finished
Trial 0 Trainer MaxEntTrainer,gaussianPriorVariance=1.0
 Raw Testing Data
cv918_27080.txt neg neg:0.996462730901224 pos:0.00353726909877614 
cv373_20404.txt pos pos:0.983279056692573 neg:0.016720943307426985 
cv461_21124.txt neg neg:0.5043826315731964 pos:0.4956173684268036 
cv106_16807.txt pos pos:0.995871992400127 neg:0.004128007599873055 
cv981_14989.txt pos pos:0.9831319597943852 neg:0.01686804020561477 
cv609_25038.txt neg pos:0.7306126114840658 neg:0.2693873885159343 
cv035_3954.txt pos pos:0.9950007110389909 neg:0.004999288961009129 
cv495_16121.txt neg neg:0.8671629528665498 pos:0.13283704713345013 
cv868_11948.txt pos pos:0.9997098666790044 neg:2.9013332099561944E-4 
cv768_12709.txt neg neg:0.9999049567628661 pos:9.504323713388117E-5 
cv539_21865.txt neg neg:0.8691796216439746 pos:0.1308203783560254 
cv582_6678.txt neg neg:0.987704961609632 pos:0.012295038390368062 
cv967_5788.txt pos pos:0.9959032458760922 neg:0.00409675412390779 
cv706_25883.txt neg neg:0.999937331436109 pos:6.266856389107301E-5 
cv264_14108.txt neg neg:0.9983320126186291 pos:0.0016679873813707873 
cv251_23901.txt neg neg:0.9990536278130121 pos:9.463721869879432E-4 
cv395_10849.txt pos pos:0.9973706355008896 neg:0.0026293644991104924 
cv872_13710.txt neg neg:0.9947856159538937 pos:0.005214384046106323 
cv977_4938.txt pos pos:0.9222809242389273 neg:0.07771907576107263 
cv944_15042.txt neg neg:0.9928420856489268 pos:0.007157914351073113 
cv212_10027.txt pos pos:0.972044957769185 neg:0.027955042230814946 
cv307_25270.txt pos neg:0.5365343597224136 pos:0.46346564027758647 
cv359_6647.txt pos neg:0.6810612515497206 pos:0.3189387484502794 
cv786_23608.txt neg neg:0.9892175138049379 pos:0.010782486195062113 
cv974_22941.txt pos pos:0.9091827361169693 neg:0.09081726388303062 
cv054_4230.txt pos neg:0.9621594164573145 pos:0.03784058354268552 
cv984_14006.txt neg neg:0.9461509964931267 pos:0.053849003506873216 
cv169_23778.txt pos pos:0.9999934306323287 neg:6.569367671381148E-6 
cv763_14729.txt pos pos:0.8437988006359886 neg:0.15620119936401147 
cv002_15918.txt pos pos:0.8749535352282232 neg:0.12504646477177686 
cv892_17576.txt pos pos:0.9983699730298857 neg:0.0016300269701143507 
cv871_25971.txt neg neg:0.9996858665393229 pos:3.141334606771755E-4 
cv006_17022.txt neg neg:0.9629974492489595 pos:0.03700255075104041 
cv542_18980.txt pos pos:0.800670199911979 neg:0.19932980008802098 
cv532_6495.txt neg neg:0.8939745260969804 pos:0.10602547390301964 
cv953_7078.txt neg neg:0.9999006257717571 pos:9.937422824295573E-5 
cv351_17029.txt neg neg:0.9998343058401348 pos:1.6569415986520796E-4 
cv840_18033.txt neg neg:0.9644147540452196 pos:0.03558524595478048 
cv758_9671.txt pos pos:0.8392226457825759 neg:0.16077735421742417 
cv777_10247.txt neg neg:0.9994469938484934 pos:5.53006151506587E-4 
cv228_5644.txt neg neg:0.5792464835202018 pos:0.42075351647979814 
cv187_14112.txt neg neg:0.9998439913330295 pos:1.5600866697054042E-4 
cv007_4968.txt pos pos:0.9664284033705676 neg:0.03357159662943232 
cv807_21740.txt pos pos:0.7460153889686274 neg:0.2539846110313726 
cv000_29590.txt pos neg:0.9501402478057499 pos:0.049859752194250095 
cv087_2145.txt neg neg:0.9998788424178617 pos:1.2115758213826232E-4 
cv613_21796.txt pos pos:0.9797037040672534 neg:0.020296295932746695 
cv092_28017.txt pos pos:0.9559665080261693 neg:0.044033491973830725 
cv098_15435.txt pos neg:0.7663081585718687 pos:0.23369184142813124 
cv157_29372.txt pos pos:0.5556244755920692 neg:0.4443755244079309 
cv107_24319.txt pos neg:0.9446515000243976 pos:0.05534849997560235 
cv565_29403.txt neg neg:0.9994468647290677 pos:5.531352709322255E-4 
cv809_5009.txt pos pos:0.9999755536637718 neg:2.444633622819825E-5 
cv418_14774.txt pos pos:0.9977691507395212 neg:0.0022308492604789423 
cv832_23275.txt pos pos:0.6765460601514413 neg:0.32345393984855875 
cv577_28549.txt pos pos:0.9999847151397193 neg:1.5284860280815505E-5 
cv458_9000.txt neg neg:0.8930687478636127 pos:0.10693125213638736 
cv846_29359.txt neg neg:0.9448559333959151 pos:0.05514406660408489 
cv695_21108.txt pos pos:0.9972080819596307 neg:0.002791918040369307 
cv155_7845.txt neg neg:0.9762031495406706 pos:0.023796850459329482 
cv725_10103.txt pos pos:0.8913154856199766 neg:0.10868451438002345 
cv855_20661.txt pos neg:0.8982681026169892 pos:0.10173189738301075 
cv739_12179.txt neg pos:0.699756047633172 neg:0.300243952366828 
cv058_8469.txt neg neg:0.6385388279895541 pos:0.36146117201044603 
cv880_29629.txt neg pos:0.8262521018961672 neg:0.17374789810383273 
cv165_22619.txt pos pos:0.9707848734379391 neg:0.029215126562061048 
cv366_10709.txt neg neg:0.9998893682920601 pos:1.106317079398063E-4 
cv056_14663.txt neg neg:0.9998003262363166 pos:1.9967376368339147E-4 
cv884_13632.txt pos pos:0.9911867257507484 neg:0.008813274249251612 
cv841_3967.txt pos neg:0.6782244494624914 pos:0.3217755505375087 
cv414_10518.txt pos pos:0.9831226921004671 neg:0.016877307899532918 
cv858_20266.txt neg neg:0.9998361609805835 pos:1.6383901941652317E-4 
cv262_12649.txt pos neg:0.7991923458451867 pos:0.20080765415481328 
cv587_19162.txt pos neg:0.518169605491565 pos:0.48183039450843496 
cv965_26688.txt neg neg:0.9992809446273019 pos:7.190553726980107E-4 
cv848_10061.txt neg neg:0.9979745947955648 pos:0.002025405204435196 
cv777_10094.txt pos pos:0.9998912984860401 neg:1.087015139598562E-4 
cv735_20218.txt neg neg:0.8566876471369563 pos:0.14331235286304367 
cv889_21430.txt pos pos:0.9844963053815622 neg:0.015503694618437758 
cv763_16486.txt neg neg:0.9954804361417211 pos:0.0045195638582789955 
cv288_20212.txt neg neg:0.9986074227036119 pos:0.001392577296388081 
cv197_29271.txt neg neg:0.5816925397893123 pos:0.4183074602106877 
cv486_9799.txt pos neg:0.5302238642000172 pos:0.4697761357999828 
cv368_11090.txt neg neg:0.9991799773719509 pos:8.200226280491737E-4 
cv944_13521.txt pos pos:0.9867507799561858 neg:0.013249220043814193 
cv131_10713.txt pos pos:0.9997798167191437 neg:2.2018328085635807E-4 
cv995_23113.txt neg neg:0.999969172155071 pos:3.0827844929132785E-5 
cv036_18385.txt neg neg:0.9983013474696504 pos:0.0016986525303497267 
cv176_12857.txt pos pos:0.9662360727776546 neg:0.033763927222345384 
cv387_11507.txt pos pos:0.9348341514582351 neg:0.0651658485417649 
cv125_9391.txt pos pos:0.5678808388743471 neg:0.43211916112565285 
cv678_13419.txt pos pos:0.9992807397276501 neg:7.192602723499704E-4 
cv945_12160.txt pos pos:0.9985054416239278 neg:0.0014945583760722094 
cv885_13390.txt neg neg:0.9974417153880665 pos:0.0025582846119334827 
cv109_22599.txt neg neg:0.9785091796269478 pos:0.02149082037305228 
cv550_22211.txt pos neg:0.7451062942954098 pos:0.25489370570459013 
cv464_17076.txt neg neg:0.7846888686723761 pos:0.21531113132762383 
cv633_29837.txt pos pos:0.9985855412278105 neg:0.001414458772189574 
cv052_29378.txt pos pos:0.9025367504521943 neg:0.09746324954780584 
cv611_21120.txt pos pos:0.9802359327106913 neg:0.019764067289308757 
cv123_12165.txt neg neg:0.9998410685568583 pos:1.5893144314165557E-4 
cv859_15689.txt neg neg:0.984368804705016 pos:0.01563119529498408 
cv229_15200.txt neg neg:0.9626330664896936 pos:0.037366933510306476 
cv526_12083.txt pos pos:0.9081691297599732 neg:0.09183087024002685 
cv474_10209.txt pos pos:0.6059200668100222 neg:0.3940799331899778 
cv324_7502.txt neg neg:0.5435973174765318 pos:0.4564026825234681 
cv718_11434.txt pos pos:0.9524530688281321 neg:0.04754693117186785 
cv416_12048.txt neg neg:0.9999203714983599 pos:7.962850164007692E-5 
cv160_10362.txt pos pos:0.9999144187405771 neg:8.558125942278103E-5 
cv823_15569.txt pos pos:0.9250306040523348 neg:0.07496939594766525 
cv571_29292.txt neg pos:0.9990958835494382 neg:9.041164505617589E-4 
cv906_11491.txt pos pos:0.9884681182017994 neg:0.011531881798200612 
cv046_10613.txt neg neg:0.9995412972718186 pos:4.58702728181394E-4 
cv561_9201.txt pos pos:0.9997611776703142 neg:2.3882232968570647E-4 
cv892_18788.txt neg neg:0.8625363125565475 pos:0.13746368744345236 
cv833_11961.txt neg neg:0.9955218640349156 pos:0.004478135965084393 
cv605_11800.txt pos pos:0.998202681305991 neg:0.001797318694008999 
cv358_10691.txt pos pos:0.9981816200003819 neg:0.001818379999618112 
cv727_5006.txt neg neg:0.7171640965266416 pos:0.2828359034733583 
cv476_18402.txt neg neg:0.9774163657807862 pos:0.02258363421921389 
cv850_18185.txt neg neg:0.9861616616677307 pos:0.01383833833226935 
cv555_25047.txt neg neg:0.9891314362330708 pos:0.010868563766929384 
cv011_13044.txt neg pos:0.666369313357219 neg:0.333630686642781 
cv926_18471.txt neg pos:0.9844365386188044 neg:0.01556346138119551 
cv559_0050.txt pos pos:0.9969686119107503 neg:0.0030313880892498357 
cv755_24881.txt neg neg:0.9931766993435549 pos:0.0068233006564451 
cv210_9557.txt neg neg:0.9367580279316254 pos:0.06324197206837458 
cv050_12128.txt neg neg:0.9889672553734149 pos:0.011032744626585114 
cv273_29112.txt pos pos:0.9960999273804569 neg:0.0039000726195430346 
cv900_10800.txt neg neg:0.8344595470455632 pos:0.16554045295443687 
cv140_7479.txt pos pos:0.947232082045799 neg:0.05276791795420091 
cv740_13643.txt neg neg:0.5714440026853993 pos:0.4285559973146006 
cv742_8279.txt neg neg:0.9511596875439182 pos:0.04884031245608181 
cv246_28668.txt neg neg:0.9932946715290715 pos:0.006705328470928658 
cv602_8830.txt neg neg:0.9229524900874497 pos:0.07704750991255017 
cv469_20630.txt pos pos:0.9999299834405682 neg:7.001655943187935E-5 
cv487_10446.txt pos pos:0.9897179559937548 neg:0.010282044006245281 
cv281_23253.txt pos pos:0.9990570001013149 neg:9.429998986850898E-4 
cv318_11146.txt neg neg:0.9999994261159593 pos:5.738840407878568E-7 
cv054_4101.txt neg neg:0.6486919842525679 pos:0.351308015747432 
cv451_11502.txt neg neg:0.9997451498440724 pos:2.5485015592758046E-4 
cv064_25842.txt neg neg:0.7789371664773702 pos:0.22106283352262981 
cv461_19600.txt pos pos:0.999665662568654 neg:3.343374313460951E-4 
cv807_23024.txt neg neg:0.9999998005793176 pos:1.9942068245171945E-7 
cv940_17705.txt pos neg:0.6442003694639588 pos:0.35579963053604136 
cv784_16077.txt neg neg:0.9377215500241768 pos:0.06227844997582315 
cv696_29740.txt pos pos:0.7724673385923406 neg:0.22753266140765938 
cv473_7367.txt pos pos:0.9265307494893097 neg:0.07346925051069031 
cv478_14309.txt pos pos:0.9992188255741672 neg:7.81174425832689E-4 
cv624_10744.txt pos pos:0.999508892100256 neg:4.91107899744066E-4 
cv938_10220.txt pos pos:0.9613166937901477 neg:0.038683306209852344 
cv551_11214.txt neg neg:0.7517771765105272 pos:0.24822282348947283 
cv603_18885.txt neg neg:0.9807427203490248 pos:0.01925727965097514 
cv414_11161.txt neg pos:0.9892336852163135 neg:0.010766314783686467 
cv683_12167.txt pos pos:0.9985871975700585 neg:0.0014128024299414259 
cv302_25649.txt pos neg:0.6899513554212684 pos:0.31004864457873155 
cv585_22496.txt pos pos:0.9971159936089719 neg:0.002884006391028079 
cv645_15668.txt pos pos:0.6515138722458514 neg:0.3484861277541485 
cv772_12971.txt neg neg:0.9999621351311998 pos:3.7864868800230484E-5 
cv130_17083.txt pos pos:0.9982080603957704 neg:0.0017919396042296123 
cv258_5627.txt neg neg:0.9958677246114023 pos:0.00413227538859765 
cv547_16324.txt pos pos:0.943647804963699 neg:0.05635219503630097 
cv574_23191.txt neg neg:0.9897991064050485 pos:0.010200893594951332 
cv684_12727.txt neg neg:0.9974057044687736 pos:0.0025942955312263614 
cv619_12462.txt pos pos:0.9990136396885269 neg:9.863603114731664E-4 
cv847_20855.txt neg neg:0.9523910897082385 pos:0.04760891029176157 
cv436_19179.txt pos pos:0.9742722315942384 neg:0.025727768405761537 
cv570_28960.txt neg neg:0.8937987120084104 pos:0.10620128799158952 
cv820_22892.txt pos pos:0.9715134474094427 neg:0.028486552590557303 
cv296_12251.txt pos pos:0.7011385315198622 neg:0.2988614684801377 
cv703_16143.txt pos pos:0.996565089332417 neg:0.003434910667582906 
cv865_2895.txt pos pos:0.9604633290091834 neg:0.039536670990816564 
cv430_17351.txt pos pos:0.7567503523316114 neg:0.2432496476683887 
cv015_29439.txt pos pos:0.9989064235575641 neg:0.0010935764424359737 
cv287_17410.txt neg neg:0.9566364639956847 pos:0.0433635360043153 
cv436_20564.txt neg neg:0.9961080450759756 pos:0.0038919549240243535 
cv573_29384.txt neg neg:0.9966920555667851 pos:0.0033079444332150183 
cv703_17948.txt neg neg:0.9307243400535219 pos:0.06927565994647814 
cv327_21743.txt neg neg:0.9999042927463132 pos:9.57072536868555E-5 
cv905_29114.txt pos pos:0.9997154764178994 neg:2.8452358210072397E-4 
cv592_23391.txt neg neg:0.7894547221742335 pos:0.21054527782576654 
cv386_10229.txt neg neg:0.9864017377123929 pos:0.013598262287607176 
cv356_26170.txt neg neg:0.9649603057629023 pos:0.035039694237097734 
cv168_7435.txt neg neg:0.8773153235772725 pos:0.12268467642272757 
cv329_29293.txt neg neg:0.9720329724773165 pos:0.027967027522683558 
cv278_14533.txt neg pos:0.9252391857357251 neg:0.07476081426427494 
cv771_28665.txt pos pos:0.9993277811321962 neg:6.722188678037734E-4 
cv230_7913.txt neg neg:0.7711022517875592 pos:0.2288977482124409 
cv171_13537.txt pos neg:0.8721886378012312 pos:0.12781136219876874 
cv649_13947.txt neg neg:0.9969466096016387 pos:0.00305339039836141 
cv307_26382.txt neg neg:0.6440190260646714 pos:0.35598097393532846 
cv463_10343.txt pos pos:0.9950025599286525 neg:0.004997440071347503 
cv441_15276.txt neg neg:0.9092799750883237 pos:0.09072002491167627 
cv401_12605.txt pos pos:0.9991047017648969 neg:8.952982351031314E-4 
cv403_6621.txt pos pos:0.9357308423269403 neg:0.06426915767305964 
cv493_12839.txt pos neg:0.9460444294062059 pos:0.05395557059379413 
cv484_26169.txt neg neg:0.9360690083397291 pos:0.06393099166027097 
cv104_18134.txt pos pos:0.8891964430131725 neg:0.11080355698682745 
cv692_15451.txt pos pos:0.9999999918430017 neg:8.156998405407363E-9 
cv475_21692.txt pos pos:0.9971854039388979 neg:0.0028145960611022348 
Trial 0 Trainer MaxEntTrainer,gaussianPriorVariance=1.0 Training Data Confusion Matrix
Confusion Matrix, row=true, column=predicted  accuracy=1.0
  label   0   1  |total
  0 pos 900   .  |900
  1 neg   . 900  |900

Trial 0 Trainer MaxEntTrainer,gaussianPriorVariance=1.0 training data accuracy= 1.0
Trial 0 Trainer MaxEntTrainer,gaussianPriorVariance=1.0 Test Data Confusion Matrix
Confusion Matrix, row=true, column=predicted  accuracy=0.88
  label   0   1  |total
  0 pos  84  16  |100
  1 neg   8  92  |100

Trial 0 Trainer MaxEntTrainer,gaussianPriorVariance=1.0 test data accuracy= 0.88

MaxEntTrainer,gaussianPriorVariance=1.0
Summary. train accuracy mean = 1.0 stddev = 0.0 stderr = 0.0
Summary. test accuracy mean = 0.88 stddev = 0.0 stderr = 0.0
