
-------------------- Trial 0  --------------------

Trial 0 Training MaxEntTrainer,gaussianPriorVariance=1.0 with 1800 instances
Trial 0 Training MaxEntTrainer,gaussianPriorVariance=1.0 finished
Trial 0 Trainer MaxEntTrainer,gaussianPriorVariance=1.0
 Raw Testing Data
cv520_13297.txt neg neg:0.940248448432337 pos:0.05975155156766296 
cv978_20929.txt pos pos:0.8323640727887144 neg:0.1676359272112857 
cv090_0042.txt pos pos:0.8228843585359963 neg:0.17711564146400366 
cv337_29181.txt pos pos:0.9082009734338483 neg:0.09179902656615181 
cv162_10424.txt pos pos:0.9917841128718045 neg:0.008215887128195548 
cv560_17175.txt pos pos:0.9765742011203266 neg:0.023425798879673537 
cv435_23110.txt pos neg:0.6376084434340539 pos:0.3623915565659462 
cv685_5710.txt neg neg:0.6880085014509505 pos:0.3119914985490494 
cv618_8974.txt pos pos:0.9941118317603936 neg:0.005888168239606397 
cv272_20313.txt neg neg:0.9930524844788811 pos:0.0069475155211189965 
cv336_10363.txt neg neg:0.9983440562390624 pos:0.0016559437609375324 
cv262_13812.txt neg pos:0.5527097183088877 neg:0.4472902816911123 
cv294_12695.txt neg neg:0.9255026515682583 pos:0.07449734843174168 
cv326_13295.txt pos neg:0.6081718911585534 pos:0.3918281088414466 
cv702_11500.txt pos pos:0.9833153880598867 neg:0.016684611940113347 
cv381_20172.txt pos pos:0.9812586693802633 neg:0.018741330619736672 
cv506_17521.txt neg neg:0.7407668388487647 pos:0.2592331611512353 
cv569_26381.txt pos pos:0.9327299048534344 neg:0.06727009514656557 
cv366_10221.txt pos pos:0.9985744793104728 neg:0.0014255206895270576 
cv023_13847.txt neg neg:0.9899103252754976 pos:0.010089674724502314 
cv122_7891.txt neg neg:0.7531637274910338 pos:0.2468362725089663 
cv987_6965.txt pos neg:0.5204298804869881 pos:0.4795701195130118 
cv419_13394.txt pos neg:0.5560694513112665 pos:0.4439305486887335 
cv003_12683.txt neg neg:0.9445793643866484 pos:0.055420635613351664 
cv926_17059.txt pos pos:0.9668806177668159 neg:0.033119382233184114 
cv403_6721.txt neg neg:0.9989147559971788 pos:0.0010852440028211756 
cv404_21805.txt neg neg:0.9997581560148706 pos:2.418439851294115E-4 
cv870_18090.txt neg neg:0.9949305522691103 pos:0.0050694477308898065 
cv355_16413.txt pos pos:0.9990772528726981 neg:9.227471273018893E-4 
cv199_9629.txt pos pos:0.9962828429839906 neg:0.003717157016009333 
cv443_21118.txt pos pos:0.9020061904174697 neg:0.09799380958253026 
cv280_8651.txt neg neg:0.9861507700071006 pos:0.013849229992899411 
cv022_12864.txt pos pos:0.8610126217453133 neg:0.13898737825468663 
cv284_19119.txt pos pos:0.9827095348113739 neg:0.017290465188626113 
cv751_15719.txt pos pos:0.9956945176440815 neg:0.004305482355918459 
cv803_8207.txt pos pos:0.9999998196981382 neg:1.8030186172157667E-7 
cv731_4136.txt pos pos:0.9774315462846722 neg:0.022568453715327664 
cv459_20319.txt pos pos:0.9924329780038083 neg:0.007567021996191829 
cv257_10975.txt pos neg:0.802638471108241 pos:0.19736152889175898 
cv907_3193.txt neg neg:0.9973326464027662 pos:0.0026673535972338235 
cv787_13743.txt pos neg:0.5623617602091413 pos:0.43763823979085875 
cv341_25667.txt neg neg:0.9958067028761252 pos:0.00419329712387492 
cv158_10390.txt pos pos:0.9999216213292668 neg:7.837867073313826E-5 
cv037_18510.txt pos pos:0.9907525429186822 neg:0.009247457081317795 
cv629_16604.txt neg neg:0.9714803692026284 pos:0.028519630797371767 
cv630_10152.txt neg neg:0.9990254920216451 pos:9.745079783549244E-4 
cv606_17672.txt neg neg:0.9707816414754336 pos:0.029218358524566466 
cv888_25678.txt neg neg:0.5210104825686739 pos:0.47898951743132623 
cv128_29444.txt neg neg:0.9809013022814808 pos:0.019098697718519134 
cv109_21172.txt pos pos:0.9164268719599302 neg:0.08357312804006979 
cv004_11636.txt pos neg:0.9843077527022058 pos:0.015692247297794233 
cv828_21392.txt neg neg:0.9964338531265617 pos:0.0035661468734382463 
cv839_22807.txt neg neg:0.9667992060712196 pos:0.03320079392878053 
cv910_20488.txt pos pos:0.9997114951737893 neg:2.885048262106989E-4 
cv329_29370.txt pos neg:0.9173486380319851 pos:0.08265136196801494 
cv849_15729.txt pos pos:0.9025904435290824 neg:0.09740955647091773 
cv288_18791.txt pos pos:0.723526101237921 neg:0.2764738987620789 
cv764_11739.txt pos pos:0.9715283231856877 neg:0.02847167681431232 
cv392_11458.txt pos pos:0.9879188501510345 neg:0.012081149848965465 
cv901_11017.txt pos pos:0.9516495632435844 neg:0.048350436756415545 
cv563_17257.txt pos neg:0.6361445108790519 pos:0.36385548912094823 
cv179_9533.txt neg neg:0.7041650002546308 pos:0.2958349997453693 
cv639_10797.txt neg neg:0.9988517697198247 pos:0.0011482302801752498 
cv866_29447.txt neg neg:0.7165266828924185 pos:0.28347331710758145 
cv925_9459.txt neg neg:0.8799992925815591 pos:0.12000070741844086 
cv218_24352.txt pos neg:0.6546979275833195 pos:0.3453020724166806 
cv589_12853.txt neg neg:0.9996710564031744 pos:3.289435968254825E-4 
cv570_29082.txt pos pos:0.9975590340015877 neg:0.0024409659984123266 
cv826_11834.txt pos pos:0.9970407777312825 neg:0.002959222268717422 
cv529_10420.txt pos pos:0.9970925021580266 neg:0.0029074978419733884 
cv597_26744.txt neg neg:0.996174434211333 pos:0.0038255657886669923 
cv225_29224.txt pos pos:0.9524176758381591 neg:0.04758232416184102 
cv653_2107.txt neg neg:0.9993324582436945 pos:6.675417563053888E-4 
cv675_21588.txt pos pos:0.9928796126858515 neg:0.007120387314148491 
cv726_4719.txt pos neg:0.8979019262612192 pos:0.10209807373878081 
cv876_9390.txt pos neg:0.96507211130591 pos:0.0349278886940901 
cv243_22164.txt neg pos:0.8762046157862765 neg:0.12379538421372359 
cv074_7188.txt neg neg:0.9998234639051882 pos:1.7653609481189098E-4 
cv684_11798.txt pos pos:0.9790559708343146 neg:0.020944029165685298 
cv829_21725.txt neg neg:0.9853809566353238 pos:0.014619043364676227 
cv139_12873.txt pos pos:0.881449767524932 neg:0.11855023247506802 
cv989_17297.txt neg neg:0.997948121011746 pos:0.0020518789882539353 
cv971_11790.txt neg neg:0.7310889991774183 pos:0.2689110008225816 
cv306_10859.txt neg neg:0.9502051479140952 pos:0.049794852085904784 
cv445_25882.txt pos pos:0.994469904145959 neg:0.005530095854040989 
cv688_7368.txt pos pos:0.9412912940174274 neg:0.05870870598257263 
cv656_24201.txt pos pos:0.976530653505677 neg:0.02346934649432297 
cv977_4776.txt neg neg:0.9905116608174193 pos:0.009488339182580798 
cv212_10054.txt neg neg:0.9999544354617397 pos:4.556453826037992E-5 
cv041_22364.txt neg neg:0.9422112857642768 pos:0.05778871423572331 
cv953_6836.txt pos pos:0.9995634569953287 neg:4.36543004671292E-4 
cv479_5649.txt pos pos:0.7799597703489296 neg:0.22004022965107053 
cv159_29374.txt neg neg:0.528291672363451 pos:0.471708327636549 
cv311_16002.txt pos pos:0.9735774908766767 neg:0.02642250912332324 
cv113_24354.txt neg neg:0.9455167675046227 pos:0.05448323249537738 
cv239_29828.txt neg pos:0.5904610286452661 neg:0.409538971354734 
cv377_7946.txt pos pos:0.9957318055564457 neg:0.004268194443554237 
cv055_8926.txt neg neg:0.9832154452814127 pos:0.01678455471858738 
cv598_16452.txt pos pos:0.8980034284853488 neg:0.1019965715146513 
cv776_21934.txt neg neg:0.9965252161612187 pos:0.0034747838387813672 
cv206_14293.txt pos pos:0.9981798546674777 neg:0.0018201453325224117 
cv767_15673.txt neg pos:0.9645220598487788 neg:0.035477940151221174 
cv490_18986.txt neg neg:0.9846124595949795 pos:0.015387540405020437 
cv455_28866.txt neg pos:0.6449610918489121 neg:0.35503890815108785 
cv593_11931.txt neg neg:0.9999410483503772 pos:5.895164962275114E-5 
cv412_24095.txt pos pos:0.8819562158757341 neg:0.11804378412426587 
cv144_5007.txt pos pos:0.9990698834107895 neg:9.301165892105719E-4 
cv578_15094.txt pos pos:0.5549833878395347 neg:0.4450166121604653 
cv086_19488.txt neg neg:0.9924816613439768 pos:0.007518338656023244 
cv152_8736.txt pos pos:0.9991107079819145 neg:8.892920180856089E-4 
cv810_12458.txt pos pos:0.9956875299638654 neg:0.004312470036134539 
cv409_29625.txt neg neg:0.8425526439900536 pos:0.15744735600994633 
cv556_16563.txt neg neg:0.9867512039513753 pos:0.01324879604862458 
cv934_20426.txt neg neg:0.9999692047882678 pos:3.079521173224877E-5 
cv914_28742.txt pos pos:0.7976998347634893 neg:0.20230016523651073 
cv778_18629.txt neg neg:0.9866784673814865 pos:0.013321532618513394 
cv238_12931.txt pos pos:0.9566926247506338 neg:0.043307375249366294 
cv605_12730.txt neg pos:0.7359683855520579 neg:0.26403161444794204 
cv641_12349.txt pos pos:0.7342633505940783 neg:0.2657366494059216 
cv067_21192.txt neg neg:0.8856636714619472 pos:0.11433632853805283 
cv798_23531.txt pos pos:0.9105962914811887 neg:0.08940370851881142 
cv797_7245.txt neg neg:0.6126770686626123 pos:0.3873229313373876 
cv543_5045.txt pos pos:0.9954156281817663 neg:0.004584371818233599 
cv787_15277.txt neg neg:0.9990081810209114 pos:9.918189790886543E-4 
cv693_19147.txt neg neg:0.9769379728835232 pos:0.023062027116476768 
cv274_25253.txt pos pos:0.9997983928515842 neg:2.0160714841570323E-4 
cv440_16891.txt neg neg:0.5635464608613866 pos:0.4364535391386135 
cv184_26935.txt neg neg:0.9994034005488633 pos:5.96599451136545E-4 
cv351_15458.txt pos pos:0.9927825787279596 neg:0.007217421272040261 
cv748_12786.txt pos pos:0.9979393500705708 neg:0.002060649929429225 
cv276_15684.txt pos pos:0.9987859757342831 neg:0.0012140242657170377 
cv510_24758.txt neg neg:0.94261367615379 pos:0.05738632384621003 
cv524_23627.txt pos pos:0.9992255432795091 neg:7.74456720490805E-4 
cv395_11761.txt neg neg:0.9975173408537685 pos:0.002482659146231429 
cv781_5262.txt pos pos:0.957614708658989 neg:0.042385291341010975 
cv893_26731.txt neg neg:0.9999785373267824 pos:2.1462673217607958E-5 
cv182_7281.txt pos pos:0.8971788586715674 neg:0.10282114132843262 
cv752_25330.txt neg neg:0.6614807739905476 pos:0.33851922600945245 
cv914_2856.txt neg neg:0.9993675578816777 pos:6.324421183223397E-4 
cv637_13682.txt neg neg:0.9935434775792363 pos:0.006456522420763658 
cv005_29443.txt pos pos:0.9999569340527916 neg:4.306594720844825E-5 
cv937_9811.txt pos neg:0.952305562849212 pos:0.04769443715078798 
cv753_11812.txt neg neg:0.9995960214282733 pos:4.0397857172661737E-4 
cv147_22625.txt neg neg:0.9795262736744428 pos:0.020473726325557152 
cv697_12106.txt neg pos:0.9691761146533314 neg:0.030823885346668554 
cv817_4041.txt pos pos:0.9902677293406804 neg:0.009732270659319473 
cv118_28980.txt pos neg:0.9812314155809148 pos:0.018768584419085303 
cv094_27889.txt pos pos:0.9995022697638136 neg:4.977302361864844E-4 
cv042_11927.txt neg neg:0.7882636421113746 pos:0.2117363578886254 
cv644_17154.txt pos pos:0.9995079022170594 neg:4.920977829406255E-4 
cv528_11669.txt neg neg:0.8919914771673652 pos:0.108008522832635 
cv508_17742.txt neg neg:0.9950588614603604 pos:0.004941138539639556 
cv271_13837.txt pos pos:0.9962613798562204 neg:0.00373862014377954 
cv546_11767.txt pos pos:0.9973803040410966 neg:0.0026196959589033647 
cv282_6653.txt pos neg:0.922558371793432 pos:0.07744162820656803 
cv009_29417.txt neg neg:0.9984847148862056 pos:0.0015152851137943102 
cv590_20712.txt neg neg:0.7641183456755656 pos:0.23588165432443442 
cv372_6654.txt neg neg:0.9577535876341169 pos:0.04224641236588317 
cv512_17618.txt neg neg:0.9996269843461049 pos:3.730156538951537E-4 
cv610_2287.txt pos pos:0.9940869756044944 neg:0.005913024395505682 
cv626_7410.txt pos pos:0.9280191957619904 neg:0.07198080423800944 
cv695_22268.txt neg neg:0.9999948748741975 pos:5.125125802497052E-6 
cv032_23718.txt neg pos:0.6563139049842794 neg:0.34368609501572067 
cv784_14394.txt pos pos:0.9315591158670767 neg:0.06844088413292335 
cv057_7962.txt neg neg:0.9291585565233209 pos:0.07084144347667909 
cv201_6997.txt pos pos:0.7896483151666812 neg:0.21035168483331876 
cv505_12090.txt pos pos:0.9997439744117432 neg:2.560255882568398E-4 
cv432_14224.txt pos pos:0.9037443153489109 neg:0.09625568465108919 
cv125_9636.txt neg neg:0.9938260999464217 pos:0.006173900053578222 
cv192_16079.txt neg neg:0.9565789573419022 pos:0.04342104265809763 
cv068_14810.txt neg neg:0.9709615093623885 pos:0.02903849063761159 
cv485_26879.txt neg neg:0.9286278439293429 pos:0.07137215607065711 
cv941_10718.txt neg pos:0.9901982726681066 neg:0.009801727331893391 
cv204_8930.txt neg neg:0.9988968340383338 pos:0.0011031659616662314 
cv815_23466.txt neg neg:0.5217690594304368 pos:0.4782309405695631 
cv717_17472.txt neg neg:0.9867546269259136 pos:0.013245373074086329 
cv080_14899.txt neg neg:0.9999643741758023 pos:3.562582419773783E-5 
cv110_27788.txt pos pos:0.9848359994984781 neg:0.015164000501521752 
cv462_19350.txt pos pos:0.9741288461400218 neg:0.025871153859978194 
cv640_5378.txt pos pos:0.9618603614249011 neg:0.03813963857509892 
cv398_17047.txt neg neg:0.9986512245106287 pos:0.0013487754893714186 
cv616_29187.txt neg neg:0.5495216403486903 pos:0.4504783596513096 
cv412_25254.txt neg neg:0.9953724264203203 pos:0.004627573579679786 
cv045_25077.txt neg neg:0.9789660844632797 pos:0.02103391553672026 
cv193_5393.txt neg neg:0.9139080693708891 pos:0.08609193062911086 
cv292_7804.txt neg neg:0.9999065278405985 pos:9.347215940144047E-5 
cv857_17527.txt neg neg:0.906319876755854 pos:0.0936801232441459 
cv752_24155.txt pos pos:0.9860126027103981 neg:0.013987397289601916 
cv824_8838.txt pos pos:0.9973184013769125 neg:0.0026815986230874526 
cv079_12766.txt neg neg:0.99900433542116 pos:9.956645788400393E-4 
cv328_10373.txt pos neg:0.6909401171310522 pos:0.3090598828689478 
cv266_26644.txt neg neg:0.9658844039365422 pos:0.0341155960634578 
cv364_12901.txt pos pos:0.8945733319527429 neg:0.10542666804725716 
cv039_6170.txt pos pos:0.9761980051974721 neg:0.023801994802527763 
cv027_26270.txt neg neg:0.9476117356506114 pos:0.05238826434938861 
cv369_12886.txt pos pos:0.9978884836858201 neg:0.0021115163141799155 
cv651_11120.txt neg neg:0.9480030995585029 pos:0.05199690044149706 
cv249_12674.txt neg neg:0.9998846759121517 pos:1.1532408784820496E-4 
cv261_10954.txt pos pos:0.8131469605020544 neg:0.1868530394979456 
cv507_9220.txt pos neg:0.9747664488901191 pos:0.02523355110988082 
Trial 0 Trainer MaxEntTrainer,gaussianPriorVariance=1.0 Training Data Confusion Matrix
Confusion Matrix, row=true, column=predicted  accuracy=1.0
  label   0   1  |total
  0 neg 900   .  |900
  1 pos   . 900  |900

Trial 0 Trainer MaxEntTrainer,gaussianPriorVariance=1.0 training data accuracy= 1.0
Trial 0 Trainer MaxEntTrainer,gaussianPriorVariance=1.0 Test Data Confusion Matrix
Confusion Matrix, row=true, column=predicted  accuracy=0.87
  label   0   1  |total
  0 neg  91   9  |100
  1 pos  17  83  |100

Trial 0 Trainer MaxEntTrainer,gaussianPriorVariance=1.0 test data accuracy= 0.87

MaxEntTrainer,gaussianPriorVariance=1.0
Summary. train accuracy mean = 1.0 stddev = 0.0 stderr = 0.0
Summary. test accuracy mean = 0.87 stddev = 0.0 stderr = 0.0
