
-------------------- Trial 0  --------------------

Trial 0 Training NaiveBayesTrainer with 1800 instances
Trial 0 Training NaiveBayesTrainer finished
Trial 0 Trainer NaiveBayesTrainer
 Raw Testing Data
cv998_14111.txt pos pos:0.9999999999768487 neg:2.3151205391748234E-11 
cv383_14662.txt neg neg:0.9999999999997948 pos:2.052587202420203E-13 
cv051_10751.txt neg neg:0.9999999851873513 pos:1.4812648740913067E-8 
cv652_13972.txt pos pos:0.9998605621859734 neg:1.3943781402659194E-4 
cv394_5311.txt neg neg:1.0 pos:1.6150584993800377E-21 
cv338_8821.txt pos pos:0.999999291063476 neg:7.089365239412442E-7 
cv758_9740.txt neg neg:1.0 pos:2.3689014842648818E-18 
cv100_11528.txt pos pos:0.999852801366463 neg:1.4719863353688078E-4 
cv457_19546.txt neg neg:0.5450238037020727 pos:0.45497619629792724 
cv600_25043.txt neg pos:0.9065965658566979 neg:0.09340343414330203 
cv836_12968.txt pos pos:1.0 neg:3.7506810489629283E-37 
cv222_18720.txt neg neg:0.9999999999981328 pos:1.867199785641836E-12 
cv240_15948.txt neg pos:0.8145496625748586 neg:0.1854503374251413 
cv192_14395.txt pos pos:0.9999999999999931 neg:6.902558255486948E-15 
cv215_23246.txt neg neg:0.9999863843904232 pos:1.3615609576815703E-5 
cv813_6649.txt neg neg:0.9999999999999212 pos:7.876018632156617E-14 
cv856_28882.txt neg neg:0.9998772515483776 pos:1.2274845162227766E-4 
cv677_18938.txt neg neg:0.9999999961558397 pos:3.844160256257512E-9 
cv127_14711.txt pos neg:0.9999999999989906 pos:1.0093254050786039E-12 
cv447_27334.txt neg neg:0.999999999998848 pos:1.1520587136802412E-12 
cv841_3367.txt neg pos:0.793695649345466 neg:0.20630435065453398 
cv660_23140.txt neg neg:0.9999999999999969 pos:3.059189748382595E-15 
cv765_20429.txt neg neg:0.9999999999993807 pos:6.193574662371056E-13 
cv694_4876.txt pos pos:0.9999999999999989 neg:1.2092884415355797E-15 
cv187_12829.txt pos pos:0.9999999999999998 neg:1.5006216982364903E-16 
cv084_13566.txt pos pos:0.995063679893705 neg:0.004936320106295001 
cv655_11154.txt pos neg:0.9999964439148797 pos:3.556085120344444E-6 
cv976_10724.txt neg neg:0.9999989608348657 pos:1.0391651343204043E-6 
cv740_12445.txt pos neg:0.9999995613569145 pos:4.3864308551244465E-7 
cv878_17204.txt neg neg:0.9999999986001922 pos:1.3998077512082409E-9 
cv885_12318.txt pos pos:0.9999994120635973 neg:5.879364026825201E-7 
cv316_6370.txt pos pos:0.9999949690353461 neg:5.030964653914788E-6 
cv711_11665.txt pos pos:1.0 neg:7.438704354121757E-26 
cv864_3416.txt pos pos:0.9999999993781343 neg:6.218657364023669E-10 
cv896_16071.txt pos pos:1.0 neg:9.248913006137028E-22 
cv753_10875.txt pos pos:1.0 neg:3.8686937633880367E-19 
cv614_11320.txt neg neg:1.0 pos:2.658081401196982E-23 
cv363_29273.txt neg pos:0.7156553782995649 neg:0.28434462170043506 
cv734_22821.txt neg pos:0.9927321463530134 neg:0.007267853646986545 
cv237_20635.txt neg pos:0.9999998639697102 neg:1.3603028978290318E-7 
cv059_28723.txt neg pos:0.9999678820942455 neg:3.2117905754599616E-5 
cv863_7424.txt pos pos:0.9999999999999998 neg:1.299633474124183E-16 
cv357_13156.txt pos pos:0.9999999923493975 neg:7.65060251282513E-9 
cv175_7375.txt neg neg:0.9999999999999833 pos:1.658693013701752E-14 
cv283_11963.txt neg neg:0.9999999871206572 pos:1.2879342744083114E-8 
cv254_6027.txt pos pos:0.9998779609658097 neg:1.2203903419030255E-4 
cv761_13769.txt neg pos:0.99999999999995 neg:4.9982233978179035E-14 
cv615_14182.txt pos pos:0.9999999837207034 neg:1.6279296482274327E-8 
cv095_28892.txt pos pos:0.7485806494561884 neg:0.2514193505438117 
cv513_6923.txt pos pos:0.9932837160767598 neg:0.006716283923240209 
cv490_17872.txt pos pos:1.0 neg:2.01509798914722E-30 
cv358_11557.txt neg neg:0.9999999989321842 pos:1.0678159032112567E-9 
cv010_29198.txt pos pos:0.999804663094318 neg:1.9533690568185381E-4 
cv221_2695.txt pos neg:0.999823829699572 pos:1.761703004279625E-4 
cv665_29538.txt pos pos:0.9425685951056808 neg:0.057431404894319096 
cv521_15828.txt pos pos:0.9999999999775278 neg:2.247226763102938E-11 
cv801_25228.txt pos pos:0.999969886884229 neg:3.0113115771017614E-5 
cv400_20631.txt neg pos:0.9982392254539226 neg:0.0017607745460772178 
cv610_24153.txt neg neg:0.9999999724102236 pos:2.758977635608553E-8 
cv158_10914.txt neg neg:0.9999999999908304 pos:9.169506190045721E-12 
cv621_15984.txt neg neg:0.9999999999999998 pos:1.8188419703492017E-16 
cv200_2915.txt pos pos:0.9999999999999996 neg:3.732305237815036E-16 
cv990_11591.txt pos pos:0.9999999999994786 neg:5.21363727353871E-13 
cv663_14484.txt neg neg:0.9999999999193043 pos:8.069569365037247E-11 
cv770_10451.txt pos pos:1.0 neg:2.012038913019982E-25 
cv063_28852.txt neg neg:1.0 pos:1.0345804954410972E-24 
cv842_5702.txt neg neg:1.0 pos:2.89824372127172E-17 
cv505_12926.txt neg neg:1.0 pos:4.346508374420998E-17 
cv108_15571.txt pos pos:0.9994490382163204 neg:5.509617836795728E-4 
cv186_2396.txt neg neg:0.9999999998523854 pos:1.476146703865758E-10 
cv312_29377.txt pos pos:0.9999999999999989 neg:1.0770150538153934E-15 
cv962_9813.txt neg neg:0.9999999998148488 pos:1.8515130693607562E-10 
cv110_27832.txt neg pos:0.7682876788732672 neg:0.23171232112673285 
cv244_21649.txt pos neg:0.9531923217333402 pos:0.046807678266659755 
cv542_20359.txt neg pos:0.995891832770427 neg:0.0041081672295729755 
cv429_7439.txt pos pos:0.999827483022205 neg:1.7251697779494725E-4 
cv873_19937.txt neg neg:0.9999998388980678 pos:1.6110193229062365E-7 
cv881_13254.txt pos neg:0.6286768091050084 pos:0.37132319089499166 
cv538_28667.txt pos neg:0.9311556512918616 pos:0.06884434870813841 
cv927_11471.txt neg neg:0.9874587615566544 pos:0.012541238443345731 
cv868_12799.txt neg pos:0.9803772199220723 neg:0.019622780077927747 
cv668_18848.txt neg neg:1.0 pos:2.0338431715923225E-19 
cv658_11186.txt neg neg:0.9999941918268768 pos:5.808173123196786E-6 
cv269_21732.txt pos pos:1.0 neg:9.376036256709384E-24 
cv551_10565.txt pos pos:0.7967540023564069 neg:0.20324599764359305 
cv770_11061.txt neg neg:0.9999999985896642 pos:1.41033578658608E-9 
cv966_28832.txt pos pos:1.0 neg:2.3024351891370372E-18 
cv676_21090.txt pos pos:0.9999999999999976 neg:2.5012928741241612E-15 
cv669_22995.txt pos pos:0.9680977256431307 neg:0.031902274356869376 
cv670_2666.txt neg neg:0.9999999999862179 pos:1.3782065366621976E-11 
cv972_26837.txt neg pos:0.9999999280048694 neg:7.199513067816809E-8 
cv760_8977.txt neg neg:0.5586244776646283 pos:0.44137552233537164 
cv979_2029.txt neg neg:0.9999999933512527 pos:6.64874726361709E-9 
cv604_23339.txt neg neg:0.9609392486924399 pos:0.039060751307560024 
cv467_25773.txt pos pos:0.8816048696685332 neg:0.11839513033146688 
cv593_10987.txt pos pos:0.9999999686224931 neg:3.137750686731276E-8 
cv680_10160.txt pos pos:0.999832743861673 neg:1.6725613832699416E-4 
cv743_17023.txt neg neg:0.9999998688217008 pos:1.3117829916910212E-7 
cv330_29809.txt pos neg:0.9596052140528835 pos:0.040394785947116436 
cv496_10530.txt pos pos:0.9999998050194974 neg:1.9498050262755685E-7 
cv890_3977.txt pos pos:0.8197431817857346 neg:0.18025681821426537 
cv194_12079.txt pos neg:0.9962766552691587 pos:0.003723344730841441 
cv151_15771.txt pos pos:0.9999999999999998 neg:2.8109828320106945E-16 
cv567_29420.txt neg neg:0.9998516997950175 pos:1.4830020498242567E-4 
cv902_13217.txt neg neg:0.9999999987923605 pos:1.2076395189756486E-9 
cv650_14340.txt pos pos:0.9964731943334011 neg:0.0035268056665988473 
cv655_12055.txt neg neg:0.9999999997619062 pos:2.3809382423414933E-10 
cv554_14678.txt neg neg:0.9999993884678762 pos:6.11532123877379E-7 
cv321_14191.txt neg neg:0.9999961000969634 pos:3.8999030366642866E-6 
cv323_29633.txt neg neg:0.9999999999999978 pos:2.322974444409416E-15 
cv136_12384.txt neg neg:0.9995290199461241 pos:4.7098005387582646E-4 
cv112_12178.txt neg neg:0.9999999883493732 pos:1.1650626713561298E-8 
cv371_7630.txt pos pos:0.9999999999998792 neg:1.207786347138367E-13 
cv946_20084.txt neg neg:0.9999999999967442 pos:3.2558000076774784E-12 
cv653_19583.txt pos pos:0.99999999999999 neg:1.0051685021824148E-14 
cv970_19532.txt neg neg:0.9999999999991354 pos:8.646414223769227E-13 
cv369_14245.txt neg neg:1.0 pos:9.540574166559472E-17 
cv389_9369.txt pos pos:0.9973191545743235 neg:0.002680845425676459 
cv265_11625.txt neg neg:0.9999999999692113 pos:3.078878794085956E-11 
cv069_10801.txt pos pos:1.0 neg:2.4323497374876185E-26 
cv083_24234.txt pos pos:0.999999999993753 neg:6.2471072404322596E-12 
cv139_14236.txt neg neg:0.9999999999950082 pos:4.991679849923685E-12 
cv093_13951.txt pos pos:0.5283368569479768 neg:0.47166314305202317 
cv546_12723.txt neg neg:0.9999999899274435 pos:1.0072556367953314E-8 
cv234_20643.txt pos pos:0.9999980518751563 neg:1.9481248436329564E-6 
cv361_28944.txt pos pos:0.9999999999898259 neg:1.0173997429235667E-11 
cv439_15970.txt pos pos:0.9997257642729435 neg:2.742357270565427E-4 
cv388_12810.txt neg neg:0.9999991167016717 pos:8.832983282439426E-7 
cv789_12991.txt neg neg:0.9999999999951825 pos:4.8175337302821845E-12 
cv219_18626.txt pos neg:0.9716178455988549 pos:0.02838215440114517 
cv864_3087.txt neg neg:0.9984322212851023 pos:0.0015677787148976436 
cv353_19197.txt neg pos:0.6063467712873465 neg:0.39365322871265346 
cv252_23779.txt pos pos:1.0 neg:1.5433369205931284E-17 
cv227_25406.txt neg neg:0.9999999999999996 pos:3.4522143787949515E-16 
cv947_10601.txt pos neg:0.9999999999224956 pos:7.750441748782506E-11 
cv513_7236.txt neg neg:0.9999999999999998 pos:2.512819498443386E-16 
cv025_3108.txt pos neg:0.9999999999991842 pos:8.157824105213728E-13 
cv128_29627.txt pos pos:0.9976696461635857 neg:0.0023303538364144545 
cv517_19219.txt pos pos:0.9666363745742462 neg:0.03336362542575374 
cv690_5425.txt neg neg:0.9999796311960357 pos:2.036880396437034E-5 
cv950_12350.txt pos pos:0.9984832771953487 neg:0.0015167228046513185 
cv211_9953.txt pos pos:1.0 neg:5.8838680574517764E-27 
cv642_29867.txt pos pos:0.9999999394934039 neg:6.050659613964506E-8 
cv636_16954.txt neg neg:0.9999999999999996 pos:4.046546672942455E-16 
cv332_16307.txt pos pos:0.9999999999985159 neg:1.4841348272310883E-12 
cv907_3541.txt pos pos:0.9999999992208757 neg:7.791242517211772E-10 
cv246_28807.txt pos pos:0.9999999999998375 neg:1.6262428952186317E-13 
cv164_22447.txt pos pos:0.9999999999999925 neg:7.475947907517217E-15 
cv924_29540.txt pos pos:0.9999999922447659 neg:7.755234061780172E-9 
cv749_17765.txt pos pos:0.9999940068928904 neg:5.9931071095471415E-6 
cv289_6239.txt neg neg:0.9999952104754977 pos:4.789524502237357E-6 
cv796_17243.txt neg neg:0.9586364286070904 pos:0.04136357139290966 
cv413_7893.txt neg neg:1.0 pos:2.308915186374021E-19 
cv781_5358.txt neg neg:1.0 pos:5.58503531476719E-18 
cv142_22516.txt pos pos:0.9999999999989813 neg:1.018836195978436E-12 
cv544_5108.txt pos neg:0.7516289008968392 pos:0.24837109910316085 
cv003_11664.txt pos pos:0.9999999999999085 neg:9.138382770366565E-14 
cv568_17065.txt neg neg:0.9999999999982094 pos:1.7905202073800162E-12 
cv319_14727.txt pos pos:0.9925884839459723 neg:0.007411516054027821 
cv040_8276.txt pos neg:0.9998967830078538 pos:1.0321699214631775E-4 
cv189_24248.txt neg neg:0.9995875506973365 pos:4.124493026634926E-4 
cv111_11473.txt pos neg:0.6275824699135946 pos:0.37241753008640555 
cv601_23453.txt pos pos:1.0 neg:1.2926897622062131E-27 
cv616_29319.txt pos pos:1.0 neg:5.584569704127775E-17 
cv942_18509.txt neg neg:0.9111012088233704 pos:0.08889879117662952 
cv203_19052.txt neg neg:0.9980485072359171 pos:0.0019514927640828356 
cv145_11472.txt pos neg:0.7245422331813274 pos:0.27545776681867273 
cv837_27325.txt pos pos:1.0 neg:4.8663132098030116E-30 
cv794_15868.txt pos neg:0.5651758966573729 pos:0.43482410334262706 
cv992_12806.txt neg neg:0.999999998160982 pos:1.8390181085411681E-9 
cv835_19159.txt pos neg:0.7759755900832135 pos:0.2240244099167866 
cv535_19728.txt pos pos:0.8007688937342208 neg:0.1992311062657793 
cv035_3343.txt neg pos:0.9690059005433235 neg:0.030994099456676444 
cv746_10147.txt pos pos:0.999999999992744 neg:7.255940928852459E-12 
cv471_18405.txt neg neg:1.0 pos:1.2189473643478244E-23 
cv488_19856.txt pos pos:0.9999999999999836 neg:1.6406534237149286E-14 
cv426_10421.txt pos pos:0.9999999999999987 neg:1.366044232266043E-15 
cv952_26375.txt neg neg:0.9999186162030183 pos:8.138379698170607E-5 
cv142_23657.txt neg pos:0.9376531426698514 neg:0.06234685733014866 
cv319_16459.txt neg neg:0.9929469946125731 pos:0.007053005387426857 
cv194_12855.txt neg pos:0.9992228158487874 neg:7.771841512126944E-4 
cv951_10926.txt pos neg:0.8113477693164626 pos:0.18865223068353745 
cv160_10848.txt neg pos:0.9999889103867426 neg:1.1089613257238575E-5 
cv661_2450.txt pos pos:1.0 neg:5.75920051856286E-20 
cv785_23748.txt neg pos:0.9988541631844966 neg:0.0011458368155034412 
cv291_26844.txt neg neg:0.9999997573771371 pos:2.426228629811085E-7 
cv444_9975.txt neg neg:0.9999999801430852 pos:1.985691481188055E-8 
cv433_10144.txt pos pos:1.0 neg:6.849853733173318E-23 
cv146_19587.txt neg neg:0.9999999999999882 pos:1.1812644896117635E-14 
cv748_14044.txt neg neg:0.9999999999496256 pos:5.0374376090989256E-11 
cv809_5012.txt neg neg:0.9999999990552033 pos:9.447967346139769E-10 
cv498_9288.txt neg neg:0.9999982027996092 pos:1.7972003909211876E-6 
cv518_13331.txt pos neg:0.9916390033117544 pos:0.008360996688245617 
cv674_11593.txt neg neg:0.9999637923157002 pos:3.620768429980077E-5 
cv214_13285.txt neg neg:0.9999999976668543 pos:2.333145664958703E-9 
cv107_25639.txt neg neg:0.9999999999087732 pos:9.12268195801628E-11 
cv904_24353.txt pos pos:0.9996515942408232 neg:3.4840575917688714E-4 
cv116_28942.txt pos neg:0.9999991721650096 pos:8.278349904972949E-7 
cv955_25001.txt pos pos:0.9999999999666527 neg:3.334738043351236E-11 
cv673_25874.txt neg neg:0.9999999999767639 pos:2.3236146731140843E-11 
Trial 0 Trainer NaiveBayesTrainer Training Data Confusion Matrix
Confusion Matrix, row=true, column=predicted  accuracy=0.9822222222222222
  label   0   1  |total
  0 neg 891   9  |900
  1 pos  23 877  |900

Trial 0 Trainer NaiveBayesTrainer training data accuracy= 0.9822222222222222
Trial 0 Trainer NaiveBayesTrainer Test Data Confusion Matrix
Confusion Matrix, row=true, column=predicted  accuracy=0.8
  label   0   1  |total
  0 neg  81  19  |100
  1 pos  21  79  |100

Trial 0 Trainer NaiveBayesTrainer test data accuracy= 0.8

NaiveBayesTrainer
Summary. train accuracy mean = 0.9822222222222222 stddev = 0.0 stderr = 0.0
Summary. test accuracy mean = 0.8 stddev = 0.0 stderr = 0.0
