
-------------------- Trial 0  --------------------

Trial 0 Training NaiveBayesTrainer with 1800 instances
Trial 0 Training NaiveBayesTrainer finished
Trial 0 Trainer NaiveBayesTrainer
 Raw Testing Data
cv133_18065.txt neg neg:0.9999999974440914 pos:2.5559085150329146E-9 
cv478_15921.txt neg neg:0.9999999999757574 pos:2.4242580654594704E-11 
cv782_19526.txt pos pos:1.0 neg:3.2331062658140367E-19 
cv112_11193.txt pos pos:0.999981401619888 neg:1.8598380111906246E-5 
cv408_5297.txt pos neg:0.9999740660186285 pos:2.5933981371551904E-5 
cv011_12166.txt pos pos:0.9999999999945772 neg:5.422771825755755E-12 
cv367_24065.txt neg neg:1.0 pos:3.905466211854667E-27 
cv348_18176.txt pos neg:0.9994793933429901 pos:5.206066570099281E-4 
cv070_12289.txt pos pos:0.999999999999998 neg:1.9942495797106806E-15 
cv433_10443.txt neg neg:0.9999999815184447 pos:1.8481555326590953E-8 
cv031_18452.txt pos pos:1.0 neg:5.9596775982468334E-24 
cv649_12735.txt pos neg:0.9736956602086813 pos:0.026304339791318652 
cv343_10906.txt neg pos:0.7718321965290308 neg:0.22816780347096927 
cv390_12187.txt neg neg:0.9999992759700296 pos:7.24029970344363E-7 
cv794_17353.txt neg neg:0.9999999998300491 pos:1.6995100497511018E-10 
cv922_10073.txt pos pos:0.999999358901728 neg:6.410982719221622E-7 
cv437_24070.txt neg neg:1.0 pos:1.529671723350151E-18 
cv785_22600.txt pos pos:0.9999999999969453 neg:3.054609042665384E-12 
cv515_18484.txt neg neg:0.9999411192683215 pos:5.888073167838897E-5 
cv492_19370.txt neg neg:0.9998888352738925 pos:1.1116472610755784E-4 
cv279_18329.txt pos pos:0.9999999999997347 neg:2.654001019054423E-13 
cv435_24355.txt neg neg:0.8860546940116126 pos:0.11394530598838733 
cv534_15683.txt neg neg:0.9999999994362394 pos:5.637606178836802E-10 
cv867_16661.txt pos neg:0.9994771108411753 pos:5.228891588248376E-4 
cv838_25886.txt neg pos:0.9984529043598052 neg:0.0015470956401947892 
cv479_5450.txt neg neg:0.9999999999989901 pos:1.0099217079289058E-12 
cv078_14730.txt pos pos:0.9999999492064632 neg:5.0793536887384124E-8 
cv701_15880.txt neg neg:0.9999999195262823 pos:8.047371755506056E-8 
cv377_8440.txt neg neg:0.999215513237011 pos:7.84486762988921E-4 
cv860_15520.txt neg neg:0.9161521438067204 pos:0.08384785619327963 
cv776_20529.txt pos pos:0.9999999999908744 neg:9.125629366019941E-12 
cv240_14336.txt pos pos:1.0 neg:7.569495324669915E-19 
cv783_13227.txt pos neg:0.9999999995677216 pos:4.322784277805992E-10 
cv991_19973.txt neg neg:0.9875503301253181 pos:0.012449669874681917 
cv823_17055.txt neg neg:0.9999999999950013 pos:4.998772233493773E-12 
cv352_5414.txt neg neg:0.999903322483499 pos:9.667751650097786E-5 
cv350_22139.txt neg neg:0.9999999887389229 pos:1.1261077107366512E-8 
cv817_3675.txt neg neg:0.9999999998216795 pos:1.783204025803931E-10 
cv917_29715.txt pos neg:0.9989391791719477 pos:0.0010608208280522718 
cv834_22195.txt pos pos:0.9999999812872672 neg:1.8712732712399222E-8 
cv177_10904.txt neg pos:0.5094981459324642 neg:0.4905018540675358 
cv045_23923.txt pos pos:0.9999999254336127 neg:7.456638731032371E-8 
cv131_11568.txt neg neg:0.9999999964492268 pos:3.5507732202489603E-9 
cv572_20053.txt neg neg:0.9999999999991307 pos:8.692956249926279E-13 
cv241_23130.txt pos pos:0.999999999999891 neg:1.0901939706952053E-13 
cv141_15686.txt pos pos:0.9416420013579458 neg:0.05835799864205411 
cv523_18285.txt neg neg:0.9999999999003679 pos:9.963204212476297E-11 
cv375_9929.txt pos pos:1.0 neg:5.547010215311077E-17 
cv346_18168.txt pos neg:0.9997577023052362 pos:2.4229769476379542E-4 
cv428_12202.txt neg neg:1.0 pos:7.560789471767454E-19 
cv552_0150.txt neg neg:0.9999999997707523 pos:2.292477957914969E-10 
cv802_28381.txt neg neg:0.9999999977796992 pos:2.220300810456787E-9 
cv507_9509.txt neg neg:1.0 pos:1.0545949406061127E-20 
cv201_7421.txt neg neg:0.9997777815162986 pos:2.2221848370146226E-4 
cv259_11827.txt neg neg:0.9999997872341821 pos:2.1276581781682554E-7 
cv349_13507.txt pos pos:0.9999999999999953 neg:4.667447352556579E-15 
cv458_8604.txt pos pos:1.0 neg:3.853232853815802E-20 
cv651_10492.txt pos pos:0.6708483893656598 neg:0.32915161063434023 
cv880_29800.txt pos pos:0.9999999999999014 neg:9.863495430320806E-14 
cv932_14854.txt neg neg:0.999999999999982 pos:1.799835561270871E-14 
cv314_14422.txt pos pos:0.9969058500754252 neg:0.003094149924574863 
cv277_19091.txt pos neg:0.9999008580584161 pos:9.914194158397712E-5 
cv105_19135.txt neg neg:0.9999999999523164 pos:4.768373913717588E-11 
cv272_18974.txt pos pos:0.9999999999999944 neg:5.557277751737712E-15 
cv795_10291.txt neg neg:0.9999974093941681 pos:2.590605831850917E-6 
cv096_11474.txt pos pos:0.999999999999128 neg:8.720132859362175E-13 
cv866_29691.txt pos pos:1.0 neg:2.537183882989843E-28 
cv136_11505.txt pos pos:0.9999999960400303 neg:3.959969560833877E-9 
cv664_4389.txt pos neg:0.7599234466294132 pos:0.2400765533705867 
cv179_9228.txt pos pos:0.9999999958432364 neg:4.156763673110521E-9 
cv528_10822.txt pos pos:0.9999999999935738 neg:6.426202114991621E-12 
cv995_21821.txt pos pos:0.9999999254414695 neg:7.455853054568835E-8 
cv475_22978.txt neg pos:0.9996965819816441 neg:3.0341801835592107E-4 
cv070_13249.txt neg neg:1.0 pos:1.789119580781095E-40 
cv657_25835.txt neg neg:0.9999999994961368 pos:5.038632479262159E-10 
cv969_14760.txt neg neg:0.9974026113729951 pos:0.0025973886270050134 
cv935_23841.txt pos pos:1.0 neg:1.2371643185225664E-20 
cv920_29622.txt pos pos:0.6191644808446902 neg:0.3808355191553098 
cv126_28821.txt neg neg:1.0 pos:5.29293964823418E-27 
cv668_17604.txt pos pos:0.999999999998965 neg:1.0349398399486886E-12 
cv521_1730.txt neg neg:0.9999398832994053 pos:6.0116700594605264E-5 
cv790_14600.txt pos neg:0.9999795402525518 pos:2.0459747448192853E-5 
cv822_21545.txt neg neg:1.0 pos:1.132825362438638E-17 
cv247_14668.txt neg neg:0.9978859612711464 pos:0.002114038728853573 
cv972_26417.txt pos pos:0.9896847136143782 neg:0.01031528638562191 
cv675_22871.txt neg neg:0.9103028884239523 pos:0.08969711157604754 
cv509_17354.txt neg neg:0.9999998685593878 pos:1.3144061222063224E-7 
cv952_25240.txt pos neg:0.9999994844320512 pos:5.155679487189105E-7 
cv205_9676.txt neg neg:0.9996237958180085 pos:3.7620418199150205E-4 
cv734_21568.txt pos pos:1.0 neg:5.672303942184071E-19 
cv968_24218.txt pos pos:0.9998822287056347 neg:1.177712943652398E-4 
cv502_10970.txt neg neg:0.9999999883524692 pos:1.1647530739385479E-8 
cv406_22199.txt neg neg:0.9999999999998386 pos:1.6141864456349806E-13 
cv275_28725.txt neg pos:0.9535676525806636 neg:0.04643234741933644 
cv806_9405.txt neg neg:0.9946630599326941 pos:0.005336940067305903 
cv290_11084.txt pos pos:1.0 neg:4.6841170549024056E-27 
cv439_17633.txt neg neg:0.9999590242759256 pos:4.097572407438312E-5 
cv372_6552.txt pos neg:0.9776281013717449 pos:0.022371898628255133 
cv014_15600.txt neg neg:0.9999999999943372 pos:5.662849969071396E-12 
cv531_26838.txt neg pos:0.9997904108065406 neg:2.0958919345929444E-4 
cv367_22792.txt pos pos:0.9999999937832005 neg:6.2167995641708556E-9 
cv818_10211.txt pos pos:1.0 neg:2.1369269624753232E-17 
cv642_29788.txt neg neg:0.9999999933285124 pos:6.671487430303098E-9 
cv925_8969.txt pos pos:0.9999999999999996 neg:5.250303733599072E-16 
cv936_17473.txt neg neg:0.9999999999806879 pos:1.9312097239245214E-11 
cv228_5806.txt pos pos:0.9999874621768902 neg:1.253782310994829E-5 
cv912_5562.txt neg neg:0.9999999996961759 pos:3.0382409092055034E-10 
cv308_5016.txt pos pos:0.9999999979446059 neg:2.055394059450602E-9 
cv749_18960.txt neg neg:0.999999999999996 pos:3.9450070608844025E-15 
cv087_1989.txt pos pos:1.0 neg:3.3290143458318314E-23 
cv442_15499.txt neg neg:0.9999998493683331 pos:1.506316669001498E-7 
cv812_17924.txt pos pos:0.9999993324125109 neg:6.675874890558368E-7 
cv255_13683.txt pos pos:0.9999999374020104 neg:6.259798964326205E-8 
cv421_9752.txt neg neg:0.983718765000786 pos:0.016281234999214123 
cv783_14724.txt neg neg:0.9999995767294088 pos:4.2327059130288234E-7 
cv102_7846.txt pos pos:0.9999996110675254 neg:3.8893247472454383E-7 
cv174_9735.txt neg neg:0.9999999969986673 pos:3.0013328301657447E-9 
cv326_14777.txt neg neg:0.9999495666139652 pos:5.043338603476419E-5 
cv704_15969.txt pos pos:0.9999918146727995 neg:8.185327200559326E-6 
cv398_15537.txt pos pos:1.0 neg:4.646916128412458E-20 
cv584_29722.txt pos pos:0.9988917308243037 neg:0.0011082691756963301 
cv645_17078.txt neg neg:0.9999999999932039 pos:6.7961470990393596E-12 
cv352_5524.txt pos pos:0.9978228733086921 neg:0.0021771266913080014 
cv701_14252.txt pos pos:0.9999999999999689 neg:3.105305551979946E-14 
cv986_13527.txt pos pos:0.7503608119590467 neg:0.2496391880409533 
cv756_23676.txt neg neg:0.9999999999129658 pos:8.703417518703819E-11 
cv576_14094.txt pos pos:0.9999999640181034 neg:3.598189659230815E-8 
cv988_20168.txt neg neg:0.9999999999999987 pos:1.412004186961457E-15 
cv297_10104.txt neg neg:0.9999999573283866 pos:4.267161331314958E-8 
cv747_18189.txt neg pos:0.9999835725236675 neg:1.6427476332482976E-5 
cv596_4367.txt neg neg:0.9999989566797126 pos:1.0433202874020387E-6 
cv243_20728.txt pos pos:0.9844356732665607 neg:0.015564326733439477 
cv473_7869.txt neg neg:0.9999999999991949 pos:8.050360666179747E-13 
cv364_14254.txt neg neg:1.0 pos:5.534033763047684E-19 
cv670_25826.txt pos pos:0.9999521364654325 neg:4.786353456759249E-5 
cv117_25625.txt neg neg:0.999999807695127 pos:1.9230487298619169E-7 
cv417_13115.txt pos pos:1.0 neg:6.17219271750749E-23 
cv318_10493.txt pos pos:0.5466846132429143 neg:0.4533153867570857 
cv802_28664.txt pos pos:0.9999999999976839 neg:2.316103156186702E-12 
cv425_8603.txt neg neg:0.9999918446564413 pos:8.155343558674754E-6 
cv986_15092.txt neg neg:0.9999365292298197 pos:6.347077018042429E-5 
cv460_11723.txt neg neg:0.99999080663723 pos:9.193362770102838E-6 
cv934_19027.txt pos pos:0.9999999999999891 neg:1.0967275573735008E-14 
cv535_21183.txt neg neg:0.9998136192081684 pos:1.8638079183166983E-4 
cv394_5137.txt pos pos:0.9999919980703341 neg:8.001929665867609E-6 
cv700_21947.txt pos neg:0.9999751600114554 pos:2.483998854451094E-5 
cv323_29805.txt pos pos:0.996410324294076 neg:0.003589675705923867 
cv293_29731.txt neg neg:0.9999999999999993 pos:7.760063361184994E-16 
cv022_14227.txt neg neg:0.9999999999999749 pos:2.516639007775833E-14 
cv879_16585.txt neg neg:0.9999999748988371 pos:2.5101162875452504E-8 
cv207_29284.txt pos pos:1.0 neg:4.838734366923806E-21 
cv966_28671.txt neg neg:0.9999953461271003 pos:4.65387289970485E-6 
cv004_12641.txt neg neg:0.9999996863020171 pos:3.1369798279823225E-7 
cv091_7400.txt pos pos:0.999999206595134 neg:7.93404865938352E-7 
cv731_3968.txt neg neg:0.7663632704420457 pos:0.23363672955795425 
cv567_29611.txt pos pos:0.9999999956196608 neg:4.3803392645414166E-9 
cv704_17622.txt neg neg:0.9994237847144124 pos:5.76215285587591E-4 
cv207_29141.txt neg neg:0.9999207551893345 pos:7.924481066537955E-5 
cv804_10862.txt pos pos:0.9999999743074279 neg:2.5692571979622187E-8 
cv581_19381.txt pos pos:0.9999994470154905 neg:5.529845094953912E-7 
cv685_5947.txt pos pos:0.8188391012466888 neg:0.18116089875331112 
cv913_29127.txt neg neg:0.7546582934874007 pos:0.24534170651259934 
cv672_27988.txt neg neg:0.9999999903470781 pos:9.652921918923514E-9 
cv417_14653.txt neg pos:0.9999593892368192 neg:4.061076318089249E-5 
cv861_1198.txt pos neg:0.5551099440845841 pos:0.44489005591541586 
cv177_10367.txt pos pos:0.9999999989578305 neg:1.0421694210997174E-9 
cv132_5618.txt pos pos:0.9624987551308881 neg:0.03750124486911183 
cv427_11693.txt neg pos:0.9999999999999989 neg:1.1918846380644944E-15 
cv582_6559.txt pos pos:1.0 neg:1.5748351119222319E-31 
cv814_20316.txt neg neg:0.9999993247671993 pos:6.752328008007038E-7 
cv533_9843.txt neg neg:0.9994079972262716 pos:5.920027737282633E-4 
cv863_7912.txt neg neg:0.9999999999999991 pos:9.81140151574481E-16 
cv799_18543.txt pos neg:0.8428617310198799 pos:0.15713826898012007 
cv518_14798.txt neg neg:0.9999999283349366 pos:7.166506330501842E-8 
cv231_10425.txt pos pos:1.0 neg:6.776234594735045E-28 
cv298_23111.txt pos pos:0.9999999999999838 neg:1.6146227614836814E-14 
cv800_12368.txt pos pos:1.0 neg:8.671952902608699E-17 
cv656_25395.txt neg neg:1.0 pos:7.602170191672348E-22 
cv156_10481.txt pos pos:0.9999999754001988 neg:2.4599801177663832E-8 
cv735_18801.txt pos neg:0.9967469931931991 pos:0.0032530068068008728 
cv522_5583.txt pos pos:0.9999999821530489 neg:1.784695119670171E-8 
cv482_10580.txt pos pos:0.9999999917829686 neg:8.217031333006409E-9 
cv497_26980.txt pos pos:0.5282794102429313 neg:0.4717205897570686 
cv036_16831.txt pos pos:0.9999999923953061 neg:7.604693921763192E-9 
cv950_13478.txt neg neg:0.9999999999999738 pos:2.6271392097227832E-14 
cv922_10185.txt neg neg:0.9999891705792511 pos:1.0829420748875842E-5 
cv615_15734.txt neg neg:0.9999999999754428 pos:2.4557217034214914E-11 
cv803_8584.txt neg neg:0.9795179399688768 pos:0.020482060031123246 
cv322_21820.txt neg neg:0.9999999999852152 pos:1.47848840568066E-11 
cv422_9632.txt neg neg:0.999999996275655 pos:3.724345059991092E-9 
cv839_21467.txt pos pos:0.9931942388754802 neg:0.0068057611245198905 
cv216_18738.txt pos pos:0.9999999998875446 neg:1.1245535396958785E-10 
cv370_5221.txt pos pos:0.8321203516113358 neg:0.16787964838866426 
cv309_22571.txt pos pos:1.0 neg:2.0525185142046012E-29 
cv449_8785.txt pos pos:0.6492627844919905 neg:0.35073721550800957 
cv916_15467.txt pos pos:1.0 neg:1.1165221701164181E-30 
cv135_12506.txt neg neg:0.9999984690630414 pos:1.53093695860879E-6 
cv006_15448.txt pos pos:0.9999999999999769 neg:2.301655509672349E-14 
cv239_3385.txt pos pos:0.9999999997356204 neg:2.6437960265435946E-10 
cv138_13903.txt neg neg:1.0 pos:1.3927638427256727E-21 
Trial 0 Trainer NaiveBayesTrainer Training Data Confusion Matrix
Confusion Matrix, row=true, column=predicted  accuracy=0.9811111111111112
  label   0   1  |total
  0 neg 893   7  |900
  1 pos  27 873  |900

Trial 0 Trainer NaiveBayesTrainer training data accuracy= 0.9811111111111112
Trial 0 Trainer NaiveBayesTrainer Test Data Confusion Matrix
Confusion Matrix, row=true, column=predicted  accuracy=0.875
  label   0   1  |total
  0 neg  91   9  |100
  1 pos  16  84  |100

Trial 0 Trainer NaiveBayesTrainer test data accuracy= 0.875

NaiveBayesTrainer
Summary. train accuracy mean = 0.9811111111111112 stddev = 0.0 stderr = 0.0
Summary. test accuracy mean = 0.875 stddev = 0.0 stderr = 0.0
