
-------------------- Trial 0  --------------------

Trial 0 Training NaiveBayesTrainer with 1800 instances
Trial 0 Training NaiveBayesTrainer finished
Trial 0 Trainer NaiveBayesTrainer
 Raw Testing Data
cv601_24759.txt neg neg:0.9999999999999758 pos:2.4144098128123316E-14 
cv662_13320.txt pos neg:0.8626472671155183 pos:0.13735273288448174 
cv361_28738.txt neg neg:0.9999999999994629 pos:5.371988704433332E-13 
cv681_9692.txt pos pos:0.999481359199492 neg:5.186408005081073E-4 
cv906_12332.txt neg neg:0.9999999999998956 pos:1.0429282403085277E-13 
cv453_10379.txt pos pos:1.0 neg:5.071182993880251E-28 
cv285_16494.txt pos pos:0.9999996409764452 neg:3.5902355481966724E-7 
cv583_29692.txt pos pos:0.9999141548743674 neg:8.58451256325444E-5 
cv211_9955.txt neg neg:0.999999999901346 pos:9.865404440844633E-11 
cv564_11110.txt pos neg:0.9677640873450795 pos:0.03223591265492043 
cv365_12442.txt neg neg:1.0 pos:1.030345597376562E-22 
cv935_24977.txt neg neg:0.9999999996093731 pos:3.9062677716359396E-10 
cv071_12095.txt pos pos:0.999733486414415 neg:2.665135855850775E-4 
cv690_5619.txt pos neg:0.5877390540893014 pos:0.4122609459106986 
cv988_18740.txt pos pos:1.0 neg:1.3119966854185543E-25 
cv156_11119.txt neg neg:0.9535393688057239 pos:0.04646063119427614 
cv413_7398.txt pos pos:0.9999999999105789 neg:8.94211714142379E-11 
cv338_9183.txt neg pos:0.9932920279393707 neg:0.006707972060629279 
cv337_29061.txt neg neg:0.9999999985510883 pos:1.448911659796352E-9 
cv657_24513.txt pos pos:0.9999999999993037 neg:6.962645582052628E-13 
cv620_24265.txt pos pos:0.9978050503125377 neg:0.0021949496874622523 
cv317_25111.txt neg pos:0.9392012056377478 neg:0.06079879436225217 
cv220_29059.txt pos pos:1.0 neg:1.4895788305454625E-17 
cv939_10583.txt pos pos:0.9955419537233603 neg:0.0044580462766397625 
cv627_12603.txt neg neg:0.9995118604603009 pos:4.881395396991388E-4 
cv289_6463.txt pos pos:0.946999415184672 neg:0.05300058481532796 
cv495_14518.txt pos neg:0.9999999977660663 pos:2.2339337132386956E-9 
cv376_20883.txt neg neg:0.9962126706833565 pos:0.003787329316643469 
cv933_24953.txt neg neg:0.9999999999990941 pos:9.058828716565412E-13 
cv666_20301.txt neg neg:0.996955937623167 pos:0.0030440623768330194 
cv172_11131.txt pos pos:0.9938901682287273 neg:0.006109831771272676 
cv842_5866.txt pos neg:0.9999999985111732 pos:1.4888268592547464E-9 
cv099_10534.txt pos pos:0.9999990208483094 neg:9.791516907541297E-7 
cv354_8573.txt neg neg:0.9999755085123746 pos:2.4491487625331677E-5 
cv859_14107.txt pos pos:0.9999999999998552 neg:1.4468112090142832E-13 
cv762_13927.txt pos pos:1.0 neg:1.0371920484980972E-25 
cv599_20988.txt pos pos:0.9683884453841095 neg:0.031611554615890526 
cv843_17054.txt neg neg:0.9999999998998792 pos:1.0012072207252417E-10 
cv508_16006.txt pos pos:1.0 neg:2.6599989233663282E-20 
cv423_12089.txt neg neg:1.0 pos:9.010328244995751E-18 
cv286_25050.txt pos pos:1.0 neg:1.8945096067692698E-25 
cv425_8250.txt pos pos:0.9996336542901926 neg:3.663457098073399E-4 
cv270_6079.txt pos pos:0.9985966734099638 neg:0.0014033265900361422 
cv477_23530.txt neg pos:0.8349789998290205 neg:0.16502100017097962 
cv875_5622.txt neg neg:0.998914451956533 pos:0.001085548043467044 
cv713_29002.txt neg pos:0.7964869435132165 neg:0.20351305648678356 
cv917_29484.txt neg neg:0.9999999999999984 pos:1.6422902943471155E-15 
cv247_13142.txt pos pos:0.9999997913506904 neg:2.0864930964873455E-7 
cv002_17424.txt neg neg:0.9999999999981737 pos:1.8263016309193692E-12 
cv725_10266.txt neg neg:0.9999997684833516 pos:2.3151664851905363E-7 
cv548_17731.txt pos neg:0.6127084750056795 pos:0.3872915249943204 
cv165_2389.txt neg neg:0.9999851707625537 pos:1.4829237446217675E-5 
cv662_14791.txt neg neg:0.9998512157804172 pos:1.4878421958281046E-4 
cv798_24779.txt neg pos:0.9581551327604073 neg:0.0418448672395927 
cv913_29252.txt pos pos:0.9999257189998927 neg:7.428100010741209E-5 
cv328_10908.txt neg neg:0.8284309814966926 pos:0.17156901850330744 
cv949_20112.txt pos pos:0.9999992338734504 neg:7.661265497440724E-7 
cv405_20399.txt pos neg:0.9999517879495823 pos:4.821205041781826E-5 
cv057_7453.txt pos neg:0.9764823926262903 pos:0.02351760737370961 
cv249_11640.txt pos pos:0.9974118253963342 neg:0.002588174603665666 
cv929_1841.txt neg neg:0.9999998422041505 pos:1.5779584942058323E-7 
cv121_17302.txt pos pos:0.9999999999901419 neg:9.858167304643041E-12 
cv472_29280.txt pos neg:0.9882301467787719 pos:0.011769853221228156 
cv658_10532.txt pos pos:0.9999999999562117 neg:4.3788294184072245E-11 
cv150_14279.txt neg neg:1.0 pos:2.259446930165662E-17 
cv183_18612.txt pos pos:0.994118190185564 neg:0.005881809814435902 
cv072_5928.txt neg neg:0.9995243415429818 pos:4.7565845701833247E-4 
cv524_24885.txt neg pos:0.999999998775496 neg:1.2245040518018328E-9 
cv895_22200.txt neg neg:0.9999999989413331 pos:1.0586668247413026E-9 
cv407_23928.txt neg neg:0.9999999999999987 pos:1.4056927370459603E-15 
cv371_8197.txt neg neg:0.999999570488979 pos:4.2951102098601584E-7 
cv897_10837.txt pos pos:0.9999999999997775 neg:2.2251877521257352E-13 
cv267_14952.txt pos pos:0.9999999959232582 neg:4.076741886323178E-9 
cv335_16299.txt neg neg:1.0 pos:6.935428672159716E-17 
cv047_1754.txt pos pos:0.9999980445324581 neg:1.955467541773722E-6 
cv069_11613.txt neg neg:0.9992992212363291 pos:7.007787636709892E-4 
cv677_17715.txt pos pos:1.0 neg:7.079843741314408E-17 
cv029_19943.txt neg neg:0.9933207845347439 pos:0.006679215465256109 
cv723_9002.txt neg neg:0.9999999938663326 pos:6.1336673887029516E-9 
cv245_8938.txt neg neg:0.9999999999971252 pos:2.874803929462059E-12 
cv941_10246.txt pos pos:1.0 neg:3.200067493761744E-17 
cv719_5713.txt pos pos:0.9999999999931095 neg:6.8904796053517945E-12 
cv083_25491.txt neg neg:0.9999983999339539 pos:1.600066046153811E-6 
cv608_24647.txt neg neg:0.9999999999435891 pos:5.6410955636993105E-11 
cv007_4992.txt neg neg:0.9999999999999984 pos:1.6219182819287401E-15 
cv499_11407.txt neg neg:0.9999818416013261 pos:1.8158398673929747E-5 
cv167_18094.txt neg neg:0.6479150948103672 pos:0.35208490518963276 
cv257_11856.txt neg neg:0.999999999411145 pos:5.888550352807109E-10 
cv999_14636.txt neg neg:0.9999999482025139 pos:5.179748602929047E-8 
cv196_28898.txt neg neg:0.9999999999994484 pos:5.514800025967307E-13 
cv402_14425.txt pos pos:0.9999974456978568 neg:2.554302143136843E-6 
cv424_8831.txt pos pos:0.9985842548148166 neg:0.0014157451851832823 
cv854_18955.txt neg neg:0.9999850088582228 pos:1.4991141777218366E-5 
cv325_16629.txt pos pos:1.0 neg:7.166382418881175E-21 
cv448_14695.txt pos pos:0.999999999999833 neg:1.6707157975880224E-13 
cv640_5380.txt neg neg:0.9999685288405986 pos:3.14711594014665E-5 
cv974_24303.txt neg neg:0.9810676250887711 pos:0.01893237491122888 
cv300_22284.txt pos pos:0.9999999999985074 neg:1.4924894801216593E-12 
cv455_29000.txt pos pos:1.0 neg:8.828543197139901E-17 
cv939_11247.txt neg neg:0.9999499053257181 pos:5.009467428192868E-5 
cv270_5873.txt neg neg:0.9999998562858792 pos:1.4371412085959063E-7 
cv671_5164.txt neg pos:0.9080680079449692 neg:0.09193199205503078 
cv632_9704.txt neg neg:0.9999988732072127 pos:1.1267927873597488E-6 
cv514_12173.txt neg neg:1.0 pos:6.989962257926366E-17 
cv108_17064.txt neg neg:0.9999999034421811 pos:9.655781874773088E-8 
cv660_21893.txt pos pos:0.999999999999998 neg:1.9924528172493708E-15 
cv191_29719.txt pos pos:0.9913966800964149 neg:0.008603319903585167 
cv481_7930.txt neg neg:0.999999999977544 pos:2.2455967034706703E-11 
cv101_10175.txt pos pos:1.0 neg:5.204389020347975E-17 
cv504_29243.txt pos neg:0.9998064453724725 pos:1.9355462752743195E-4 
cv213_20300.txt neg neg:0.9999999993268676 pos:6.731325109310216E-10 
cv959_14611.txt pos neg:0.7621030325993711 pos:0.237896967400629 
cv284_20530.txt neg neg:0.956628555606374 pos:0.04337144439362583 
cv181_14401.txt pos pos:0.9999999969452944 neg:3.0547055461374073E-9 
cv066_10821.txt pos pos:0.9999999999722105 neg:2.7789534288361163E-11 
cv585_23576.txt neg neg:0.9977707359125035 pos:0.0022292640874964796 
cv631_4967.txt pos pos:0.9999999999999045 neg:9.551223961950576E-14 
cv053_21822.txt pos pos:1.0 neg:9.469144519123996E-24 
cv801_26335.txt neg neg:0.9989853392599332 pos:0.0010146607400668363 
cv517_20616.txt neg neg:1.0 pos:6.056555475453119E-17 
cv999_13106.txt pos pos:0.9999999999999647 neg:3.527168948833971E-14 
cv557_12237.txt neg neg:0.9999999987702877 pos:1.2297123139966247E-9 
cv024_7033.txt neg pos:0.9999999999425713 neg:5.742875810012178E-11 
cv788_26409.txt neg neg:0.9999987756239709 pos:1.2243760290599876E-6 
cv384_17140.txt pos pos:0.9944977017362794 neg:0.005502298263720666 
cv055_8338.txt pos neg:0.9774000184677677 pos:0.02259998153223235 
cv210_9312.txt pos neg:0.9957789613868416 pos:0.004221038613158419 
cv334_0074.txt neg neg:0.9999999999789524 pos:2.1047715234288204E-11 
cv449_9126.txt neg pos:0.8862361633313416 neg:0.11376383666865847 
cv340_13287.txt pos neg:0.9996568825666303 pos:3.4311743336967125E-4 
cv393_29327.txt pos pos:0.9999959425071083 neg:4.057492891562804E-6 
cv024_6778.txt pos pos:0.9938886646381832 neg:0.006111335361816774 
cv310_13091.txt pos pos:0.9707991547019759 neg:0.029200845298024015 
cv647_15275.txt neg neg:1.0 pos:5.6083749907405E-19 
cv929_16908.txt pos pos:0.9999999999990197 neg:9.80279302669981E-13 
cv647_13691.txt pos pos:0.9999999997260649 neg:2.7393500741845837E-10 
cv544_5301.txt neg neg:0.9999998110638393 pos:1.8893616069698947E-7 
cv744_10091.txt neg neg:0.9999999999999969 pos:3.0235823268311095E-15 
cv780_7984.txt pos pos:1.0 neg:1.6346428826624648E-23 
cv216_20165.txt neg neg:0.999999889441775 pos:1.1055822509401021E-7 
cv982_22209.txt neg neg:0.9999999999999787 pos:2.1423274698623197E-14 
cv221_27081.txt neg pos:0.9999999992381887 neg:7.618113330280188E-10 
cv021_17313.txt neg neg:0.943686176131785 pos:0.05631382386821492 
cv607_8235.txt neg neg:0.9999999993538655 pos:6.461344041486549E-10 
cv692_17026.txt neg neg:0.9999999999837199 pos:1.6280189358574928E-11 
cv980_10953.txt pos pos:0.9977701555352745 neg:0.0022298444647256073 
cv175_6964.txt pos pos:0.9844646227892263 neg:0.015535377210773632 
cv587_20532.txt neg neg:0.9999999999883824 pos:1.1617605685548381E-11 
cv676_22202.txt neg neg:1.0 pos:5.83748794322036E-20 
cv380_7574.txt pos neg:0.9999998124918562 pos:1.8750814388873019E-7 
cv623_15356.txt pos pos:0.9999988878493168 neg:1.1121506831774797E-6 
cv405_21868.txt neg neg:0.9999999999999998 pos:1.4519092982277678E-16 
cv431_7538.txt neg neg:0.9998428335549147 pos:1.5716644508536682E-4 
cv428_11347.txt pos pos:0.999999999923473 neg:7.652710930087113E-11 
cv253_10077.txt pos pos:0.9999999965354365 neg:3.4645634910478417E-9 
cv095_28730.txt neg neg:0.9999164218567447 pos:8.357814325529983E-5 
cv691_5043.txt pos pos:0.9999999999999967 neg:3.2398220540309367E-15 
cv830_5778.txt neg neg:0.999999996200795 pos:3.799205025496589E-9 
cv030_22893.txt neg neg:0.999996211432349 pos:3.788567650966046E-6 
cv919_16380.txt pos pos:0.9999999999999756 neg:2.4489430273104725E-14 
cv558_29507.txt pos pos:0.9999999999999998 neg:2.7275608183342263E-16 
cv931_17563.txt pos pos:0.9999999989457551 neg:1.0542450112996152E-9 
cv154_9328.txt pos pos:0.9999999999993578 neg:6.421470284743146E-13 
cv185_28372.txt neg neg:0.9999999700372189 pos:2.996278123310566E-8 
cv018_21672.txt neg neg:0.9996100547838574 pos:3.8994521614250287E-4 
cv046_10188.txt pos pos:0.9999867682116862 neg:1.3231788313676829E-5 
cv606_15985.txt pos neg:0.9991431902918598 pos:8.568097081401316E-4 
cv153_10779.txt pos pos:0.9957439783514469 neg:0.004256021648553182 
cv921_13988.txt neg neg:0.9999999999999989 pos:1.0978693045367077E-15 
cv114_18398.txt pos pos:0.9988033660601116 neg:0.001196633939888487 
cv876_9633.txt neg neg:0.6054039136341033 pos:0.39459608636589666 
cv698_16930.txt neg neg:0.9999999999999674 pos:3.255036655207661E-14 
cv450_8319.txt neg neg:0.9999999497384925 pos:5.026150756898582E-8 
cv984_12767.txt pos pos:0.9999993809161163 neg:6.190838837593195E-7 
cv019_14482.txt pos neg:0.9990402768822437 pos:9.59723117756292E-4 
cv949_21565.txt neg neg:0.9999999999999998 pos:1.3190015308415986E-16 
cv009_29592.txt pos pos:0.9999999739792191 neg:2.6020780928090696E-8 
cv716_11153.txt neg neg:0.9999547512824073 pos:4.5248717592785626E-5 
cv857_15958.txt pos pos:0.9999934194962685 neg:6.580503731588604E-6 
cv898_14187.txt pos pos:0.9999999999999989 neg:1.146033075767678E-15 
cv259_10934.txt pos pos:0.999876369506909 neg:1.2363049309116375E-4 
cv897_11703.txt neg neg:0.99999999999999 pos:9.938299414218337E-15 
cv708_28729.txt pos pos:1.0 neg:6.276215446713717E-26 
cv773_18817.txt pos neg:0.9999490916091572 pos:5.0908390842756476E-5 
cv315_11629.txt pos pos:1.0 neg:1.5697950819292898E-17 
cv204_8451.txt pos pos:0.9999999999999991 neg:8.02612228115334E-16 
cv202_11382.txt neg neg:1.0 pos:1.1472242384531605E-24 
cv048_18380.txt neg neg:0.9963816439681522 pos:0.0036183560318477697 
cv120_4111.txt pos pos:0.99999999996061 neg:3.939004251620821E-11 
cv963_7208.txt neg pos:0.9997300383290533 neg:2.699616709468443E-4 
cv592_22315.txt pos pos:0.9999692918552302 neg:3.070814476987913E-5 
cv219_19874.txt neg neg:0.9999999999605971 pos:3.940298556071471E-11 
cv983_24219.txt neg neg:0.9971375965943642 pos:0.0028624034056358018 
cv162_10977.txt neg neg:0.9150183429539375 pos:0.08498165704606245 
cv730_10279.txt pos pos:1.0 neg:1.1674617882644093E-25 
cv617_9322.txt pos pos:0.99999999986724 neg:1.3276001777061308E-10 
cv469_21998.txt neg neg:1.0 pos:1.7852792828243407E-22 
cv527_10123.txt pos pos:0.9998794223489015 neg:1.205776510984204E-4 
cv694_4526.txt neg neg:0.8734655672601938 pos:0.1265344327398062 
cv586_7543.txt pos pos:1.0 neg:5.014231383880414E-18 
Trial 0 Trainer NaiveBayesTrainer Training Data Confusion Matrix
Confusion Matrix, row=true, column=predicted  accuracy=0.9811111111111112
  label   0   1  |total
  0 neg 892   8  |900
  1 pos  26 874  |900

Trial 0 Trainer NaiveBayesTrainer training data accuracy= 0.9811111111111112
Trial 0 Trainer NaiveBayesTrainer Test Data Confusion Matrix
Confusion Matrix, row=true, column=predicted  accuracy=0.855
  label   0   1  |total
  0 neg  89  11  |100
  1 pos  18  82  |100

Trial 0 Trainer NaiveBayesTrainer test data accuracy= 0.855

NaiveBayesTrainer
Summary. train accuracy mean = 0.9811111111111112 stddev = 0.0 stderr = 0.0
Summary. test accuracy mean = 0.855 stddev = 0.0 stderr = 0.0
