
-------------------- Trial 0  --------------------

Trial 0 Training NaiveBayesTrainer with 1800 instances
Trial 0 Training NaiveBayesTrainer finished
Trial 0 Trainer NaiveBayesTrainer
 Raw Testing Data
cv082_11979.txt neg neg:0.9999991208600731 pos:8.791399268263414E-7 
cv898_1576.txt neg neg:0.9999999999994986 pos:5.013010487193325E-13 
cv242_11354.txt neg neg:0.9999999802774984 pos:1.9722501767052103E-8 
cv693_18063.txt pos neg:0.9325562850029114 pos:0.06744371499708847 
cv659_21483.txt neg neg:0.999999969607303 pos:3.039269702937202E-8 
cv636_15279.txt pos neg:0.9999999997894233 pos:2.1057671375776017E-10 
cv256_16529.txt neg neg:1.0 pos:7.239078508457773E-18 
cv347_14722.txt neg neg:0.9999940042737391 pos:5.995726260948355E-6 
cv491_12992.txt neg neg:0.9999999999999252 pos:7.49228882569966E-14 
cv596_28311.txt pos pos:0.9999999999997922 neg:2.0791236993666657E-13 
cv410_25624.txt neg neg:0.999999999747528 pos:2.524720343428038E-10 
cv233_15964.txt pos pos:0.9999999951825842 neg:4.8174156964578476E-9 
cv831_16325.txt neg neg:0.9999626218614532 pos:3.737813854673276E-5 
cv298_24487.txt neg neg:0.9999996632256813 pos:3.367743186997881E-7 
cv510_23360.txt pos neg:0.9918995270427768 pos:0.008100472957223217 
cv588_14467.txt neg neg:0.9999751728779237 pos:2.4827122076293455E-5 
cv516_11172.txt pos neg:0.9993363571130967 pos:6.63642886903443E-4 
cv053_23117.txt neg neg:1.0 pos:2.0450714067068702E-20 
cv923_11951.txt neg neg:1.0 pos:3.142581800902821E-22 
cv470_15952.txt pos pos:0.9985879521455391 neg:0.0014120478544610135 
cv327_20292.txt pos pos:0.999999999998926 neg:1.0740768216191533E-12 
cv537_13516.txt neg neg:1.0 pos:4.114662717472243E-21 
cv343_10368.txt pos pos:0.9999999999965388 neg:3.4612612954281567E-12 
cv292_7282.txt pos pos:0.9941031325110404 neg:0.005896867488959469 
cv025_29825.txt neg pos:0.9999999992776658 neg:7.223342362674587E-10 
cv129_18373.txt neg neg:0.9999999999488698 pos:5.113025722358219E-11 
cv263_19259.txt pos neg:0.9990104588387115 pos:9.89541161288417E-4 
cv599_22197.txt neg neg:0.9999999999966689 pos:3.331145688212501E-12 
cv015_29356.txt neg neg:0.9999999999999998 pos:1.5066161472469545E-16 
cv996_11592.txt pos pos:0.9999843094574671 neg:1.5690542532934367E-5 
cv235_10217.txt pos pos:0.9999998133366594 neg:1.8666334056855032E-7 
cv666_18963.txt pos pos:0.9999999999999998 neg:1.437911625430537E-16 
cv365_11576.txt pos pos:0.793896659508379 neg:0.20610334049162107 
cv172_12037.txt neg neg:0.9999999766558184 pos:2.3344181558241496E-8 
cv310_14568.txt neg neg:1.0 pos:6.962574531123142E-21 
cv697_11162.txt pos neg:0.6042564509054512 pos:0.39574354909454884 
cv534_14083.txt pos neg:0.6619881071268953 pos:0.33801189287310474 
cv622_8147.txt pos neg:0.9592142223052077 pos:0.04078577769479238 
cv362_15341.txt pos pos:1.0 neg:1.320473069685072E-19 
cv816_13655.txt pos neg:0.99999966033051 pos:3.396694900206553E-7 
cv233_17614.txt neg neg:0.9999999529718318 pos:4.702816819993423E-8 
cv563_18610.txt neg pos:0.9971527981442654 neg:0.002847201855734556 
cv629_14909.txt pos pos:0.9999999986275887 neg:1.3724112929911002E-9 
cv020_9234.txt neg neg:1.0 pos:7.209376364793839E-17 
cv724_15265.txt neg neg:0.9919417326229389 pos:0.008058267377061081 
cv286_26156.txt neg neg:0.9999999520584685 pos:4.794153159255155E-8 
cv357_14710.txt neg neg:0.9999999999859301 pos:1.406994677438842E-11 
cv595_26420.txt neg neg:1.0 pos:4.6865363173221065E-17 
cv594_11039.txt pos pos:0.9960247933078944 neg:0.003975206692105613 
cv572_18657.txt pos pos:0.9999992754193142 neg:7.245806857745668E-7 
cv828_19831.txt pos neg:0.5222545440066998 pos:0.4777454559933002 
cv736_24947.txt neg neg:1.0 pos:5.197415798696339E-26 
cv447_27332.txt pos pos:0.9360762420001789 neg:0.06392375799982103 
cv397_28890.txt neg neg:1.0 pos:2.153827400506066E-19 
cv877_29132.txt neg neg:0.999999994580486 pos:5.419513972825705E-9 
cv688_7884.txt neg neg:0.999999999957693 pos:4.230707317160042E-11 
cv155_7308.txt pos pos:1.0 neg:3.8292779667637907E-17 
cv306_10364.txt pos pos:1.0 neg:1.1289867896371988E-33 
cv597_26360.txt pos pos:0.9999719327198924 neg:2.8067280107548617E-5 
cv456_20370.txt neg neg:0.9999999236918966 pos:7.630810338069757E-8 
cv821_29283.txt neg pos:0.9736695857713146 neg:0.02633041422868538 
cv745_12773.txt pos pos:1.0 neg:1.4585654746557144E-17 
cv882_10026.txt pos neg:0.9999999999986384 pos:1.3615131301709577E-12 
cv476_16856.txt pos pos:0.9999999999937912 neg:6.208726509554071E-12 
cv290_11981.txt neg neg:0.9999996339963569 pos:3.660036430609239E-7 
cv564_12011.txt neg neg:0.6687065857753922 pos:0.3312934142246078 
cv043_15013.txt pos pos:1.0 neg:5.597604141926978E-18 
cv285_18186.txt neg neg:0.9978443526094581 pos:0.002155647390541871 
cv971_10874.txt pos pos:0.9999999800850092 neg:1.991499074582558E-8 
cv182_7791.txt neg neg:0.9950331346501661 pos:0.004966865349834019 
cv450_7890.txt pos pos:0.9999999860968649 neg:1.3903135080811032E-8 
cv860_13853.txt pos pos:0.9999999407802185 neg:5.921978149291006E-8 
cv779_17881.txt pos pos:0.9985173586869371 neg:0.001482641313063012 
cv097_24970.txt pos pos:0.999999989330271 neg:1.066972888019592E-8 
cv665_29386.txt neg neg:0.9999999995064672 pos:4.935328243691585E-10 
cv468_15228.txt pos pos:0.9999999999993296 neg:6.702548966685277E-13 
cv920_29423.txt neg neg:0.9999999999999547 pos:4.536426204094096E-14 
cv096_12262.txt neg neg:0.9999740000733449 pos:2.5999926655024428E-5 
cv550_23226.txt neg neg:0.9999986467373908 pos:1.3532626091077873E-6 
cv391_10802.txt pos pos:0.9256631047214953 neg:0.07433689527850465 
cv503_11196.txt neg neg:0.9999832070162928 pos:1.6792983707105134E-5 
cv103_11021.txt pos neg:0.9999673088964868 pos:3.269110351333026E-5 
cv590_19290.txt pos pos:0.9933518631185982 neg:0.006648136881401664 
cv457_18453.txt pos pos:1.0 neg:9.322795214938427E-19 
cv724_13681.txt pos pos:0.9999999953356022 neg:4.664397641272271E-9 
cv344_5376.txt neg neg:0.9999996842801993 pos:3.1571980081264324E-7 
cv416_11136.txt pos pos:0.9999935402122772 neg:6.4597877229092065E-6 
cv856_29013.txt pos neg:0.8753854242010493 pos:0.12461457579895084 
cv438_8043.txt pos pos:0.9999999531170873 neg:4.6882912687575715E-8 
cv607_7717.txt pos neg:0.9995446753398144 pos:4.5532466018559755E-4 
cv184_2673.txt pos neg:0.9989440092648068 pos:0.0010559907351932794 
cv862_15924.txt neg pos:0.9999988803106057 neg:1.1196893941774004E-6 
cv134_23300.txt neg neg:0.999999999958866 pos:4.113404147598434E-11 
cv742_7751.txt pos neg:0.9921704902101796 pos:0.007829509789820431 
cv066_11668.txt neg neg:0.9999989466742675 pos:1.053325732486536E-6 
cv133_16336.txt pos pos:0.999999892514448 neg:1.0748555208306225E-7 
cv635_10022.txt pos pos:1.0 neg:5.2907248732417793E-23 
cv330_29675.txt neg neg:0.8474821063526488 pos:0.15251789364735122 
cv751_17208.txt neg neg:0.999999948786644 pos:5.121335595770315E-8 
cv894_22140.txt neg neg:0.9999999999999885 pos:1.160904400136439E-14 
cv391_11615.txt neg neg:0.6060293248784754 pos:0.39397067512152456 
cv104_19176.txt neg pos:0.9999038616065525 neg:9.613839344748747E-5 
cv044_18429.txt neg neg:0.9999999999994571 pos:5.429997722372686E-13 
cv313_19337.txt neg neg:0.9999999999999938 pos:6.202902178436601E-15 
cv018_20137.txt pos pos:0.9989328297284991 neg:0.0010671702715008607 
cv359_6751.txt neg neg:0.7991639415074898 pos:0.2008360584925102 
cv261_11855.txt neg pos:0.9867707080154123 neg:0.013229291984587586 
cv198_19313.txt neg pos:0.9999890163180352 neg:1.0983681964782117E-5 
cv709_10529.txt pos neg:0.9985279390981655 pos:0.0014720609018344637 
cv545_12014.txt pos pos:1.0 neg:1.3394704653011374E-28 
cv089_11418.txt pos neg:0.9992366318809507 pos:7.633681190494458E-4 
cv540_3092.txt neg pos:0.5536299341043572 neg:0.44637006589564276 
cv094_27868.txt neg pos:0.9999999976796481 neg:2.320351934429145E-9 
cv837_27232.txt neg pos:0.6368106176138085 neg:0.3631893823861915 
cv342_19456.txt pos neg:0.9999465177298777 pos:5.348227012216126E-5 
cv300_23302.txt neg neg:1.0 pos:4.392669164786226E-22 
cv493_14135.txt neg neg:0.9999999998283711 pos:1.716290055346896E-10 
cv127_16451.txt neg neg:0.9999996234788634 pos:3.7652113659382243E-7 
cv301_13010.txt neg pos:0.9969634719431503 neg:0.0030365280568497048 
cv674_10732.txt pos pos:0.9999999999999998 neg:2.7625596485130437E-16 
cv250_26462.txt neg neg:0.9999909111268923 pos:9.088873107671836E-6 
cv356_25163.txt pos pos:0.9999999999960054 neg:3.9945710762667134E-12 
cv019_16117.txt neg neg:0.9999999983709773 pos:1.6290226671882656E-9 
cv625_13518.txt neg neg:0.9999999995118272 pos:4.881727457686564E-10 
cv845_15886.txt neg pos:0.9988608956521126 neg:0.0011391043478873881 
cv464_15650.txt pos pos:0.9992608467049929 neg:7.391532950071884E-4 
cv044_16969.txt pos pos:0.6811457161902501 neg:0.3188542838097499 
cv514_11187.txt pos neg:0.9999584927051565 pos:4.150729484350929E-5 
cv951_11816.txt neg neg:0.9999999999980298 pos:1.970200852269252E-12 
cv444_9974.txt pos neg:0.9994895889932064 pos:5.104110067936245E-4 
cv915_9342.txt neg neg:0.9999997111676272 pos:2.888323727528031E-7 
cv048_16828.txt pos pos:0.9999999999920772 neg:7.9228742255175E-12 
cv573_29525.txt pos pos:1.0 neg:1.4381353173621997E-22 
cv077_23172.txt neg neg:0.9999999999997962 pos:2.038724873430375E-13 
cv928_9478.txt neg neg:1.0 pos:1.2995438125468753E-21 
cv033_25680.txt neg neg:0.9999999999784746 pos:2.1525491930602436E-11 
cv723_8648.txt pos neg:0.8464845724889979 pos:0.15351542751100222 
cv283_11055.txt pos pos:0.9999999999993772 neg:6.229234348896885E-13 
cv335_14665.txt pos pos:1.0 neg:1.9093991447896705E-17 
cv299_16214.txt pos pos:0.9496133154315372 neg:0.05038668456846294 
cv931_18783.txt neg pos:0.8936847207155563 neg:0.10631527928444383 
cv434_5641.txt neg pos:0.9999999999997684 neg:2.316884058142609E-13 
cv401_13758.txt neg neg:0.9999999999411098 pos:5.889014583838885E-11 
cv869_23611.txt pos pos:0.9999999999999998 neg:2.3790816397961714E-16 
cv997_5152.txt neg neg:0.9999678672968466 pos:3.2132703153323E-5 
cv149_17084.txt neg neg:0.9999999999186309 pos:8.136902709097035E-11 
cv800_13494.txt neg neg:0.9999999246167351 pos:7.538326476398996E-8 
cv448_16409.txt neg neg:0.9961292355124857 pos:0.0038707644875142877 
cv621_14368.txt pos pos:0.9999999874385933 neg:1.256140675537455E-8 
cv958_13020.txt neg neg:0.9984948026461014 pos:0.0015051973538987241 
cv990_12443.txt neg neg:0.999998907673692 pos:1.0923263078916038E-6 
cv026_29325.txt pos pos:0.999999942401933 neg:5.75980669924711E-8 
cv180_17823.txt neg neg:0.9999999995922713 pos:4.07728799158563E-10 
cv527_10338.txt neg pos:0.9999999904610789 neg:9.538921065009441E-9 
cv242_10638.txt pos neg:0.9999986123349109 pos:1.3876650890791014E-6 
cv454_2053.txt pos pos:0.9999990448088165 neg:9.551911834152906E-7 
cv209_29118.txt pos neg:0.9999857164238464 pos:1.4283576153677299E-5 
cv994_13229.txt neg neg:1.0 pos:1.9401373934987787E-17 
cv804_11763.txt neg neg:0.9838646864565159 pos:0.016135313543484076 
cv824_9335.txt neg neg:0.9999985385107436 pos:1.4614892564932668E-6 
cv871_24888.txt pos neg:0.999999935596564 pos:6.440343593456112E-8 
cv141_17179.txt neg neg:1.0 pos:2.073223862633738E-20 
cv118_28837.txt neg neg:0.9999999999948845 pos:5.115532598029795E-12 
cv780_8467.txt neg neg:0.9999966963703933 pos:3.3036296068083524E-6 
cv933_23776.txt pos pos:1.0 neg:1.4700737467437374E-20 
cv050_11175.txt pos neg:0.9999999999203855 pos:7.961459629014678E-11 
cv120_3793.txt neg pos:0.9999999999635276 neg:3.647246759358678E-11 
cv061_8837.txt pos pos:1.0 neg:6.067210457923143E-20 
cv248_13987.txt pos pos:1.0 neg:2.548536307796003E-30 
cv258_5792.txt pos pos:0.9999999999999998 neg:1.7988131905035873E-16 
cv819_9364.txt pos neg:0.9996648883580884 pos:3.3511164191164723E-4 
cv225_29083.txt neg neg:1.0 pos:1.0338235434083381E-19 
cv287_15900.txt pos neg:0.998650791391195 pos:0.0013492086088050276 
cv250_25616.txt pos pos:1.0 neg:2.021797837958664E-18 
cv191_29539.txt neg neg:0.9999999999999989 pos:1.0176958679016715E-15 
cv993_29737.txt pos pos:0.9999993185274177 neg:6.814725822354086E-7 
cv400_19220.txt pos neg:0.988173711757039 pos:0.011826288242960937 
cv303_27520.txt pos pos:0.9999999999245817 neg:7.541839979365999E-11 
cv795_10122.txt pos pos:1.0 neg:2.617688409021953E-27 
cv848_10036.txt pos pos:0.9999960468502462 neg:3.95314975391256E-6 
cv533_9821.txt pos neg:0.9999997204182585 pos:2.7958174147238825E-7 
cv578_16825.txt neg neg:0.9999978095832407 pos:2.190416759279942E-6 
cv410_24266.txt pos pos:0.9991970480009685 neg:8.029519990314396E-4 
cv060_11754.txt neg pos:0.9999996957951256 neg:3.042048744404363E-7 
cv604_2230.txt pos pos:0.9999999999988887 neg:1.1112964536322503E-12 
cv086_18371.txt pos pos:1.0 neg:1.371067499442235E-28 
cv987_7394.txt neg neg:1.0 pos:6.769827034749629E-24 
cv255_15267.txt neg neg:1.0 pos:7.389373932902276E-19 
cv557_11449.txt pos pos:0.999999999999998 neg:2.0254433916298594E-15 
cv294_11684.txt pos pos:1.0 neg:1.0732431125534892E-22 
cv147_21193.txt pos pos:1.0 neg:1.2331729583904709E-17 
cv711_12687.txt neg neg:1.0 pos:5.446208403815524E-20 
cv429_7937.txt neg neg:0.9999999999999989 pos:1.043058037261765E-15 
cv407_22637.txt pos pos:0.9999999999992957 neg:7.042265983182063E-13 
cv196_29027.txt pos neg:0.9993255438121397 pos:6.744561878604024E-4 
cv491_12145.txt pos pos:0.9998132926809838 neg:1.8670731901610383E-4 
cv411_16799.txt neg neg:0.9999999766542859 pos:2.3345714154597493E-8 
cv633_29730.txt neg neg:0.9999999999995577 pos:4.4228742359777135E-13 
cv943_22488.txt pos pos:0.9999999992977131 neg:7.022869061966974E-10 
cv813_6534.txt pos pos:0.9960683453620183 neg:0.0039316546379818676 
Trial 0 Trainer NaiveBayesTrainer Training Data Confusion Matrix
Confusion Matrix, row=true, column=predicted  accuracy=0.9833333333333333
  label   0   1  |total
  0 neg 894   6  |900
  1 pos  24 876  |900

Trial 0 Trainer NaiveBayesTrainer training data accuracy= 0.9833333333333333
Trial 0 Trainer NaiveBayesTrainer Test Data Confusion Matrix
Confusion Matrix, row=true, column=predicted  accuracy=0.76
  label   0   1  |total
  0 neg  83  17  |100
  1 pos  31  69  |100

Trial 0 Trainer NaiveBayesTrainer test data accuracy= 0.76

NaiveBayesTrainer
Summary. train accuracy mean = 0.9833333333333333 stddev = 0.0 stderr = 0.0
Summary. test accuracy mean = 0.76 stddev = 0.0 stderr = 0.0
