
-------------------- Trial 0  --------------------

Trial 0 Training NaiveBayesTrainer with 1800 instances
Trial 0 Training NaiveBayesTrainer finished
Trial 0 Trainer NaiveBayesTrainer
 Raw Testing Data
cv623_16988.txt neg neg:0.9999999999999492 pos:5.08201413708026E-14 
cv051_10306.txt pos pos:0.9999999999973965 neg:2.603552624454226E-12 
cv382_7897.txt pos pos:0.9999999999999967 neg:3.37574569695415E-15 
cv082_11080.txt pos neg:0.9999999998988633 pos:1.0113674048920205E-10 
cv791_16302.txt pos pos:0.9999999999999942 neg:5.739030879469821E-15 
cv484_25054.txt pos pos:0.9999996149940963 neg:3.850059037831137E-7 
cv353_18159.txt pos pos:0.9993855888511572 neg:6.14411148842764E-4 
cv438_8500.txt neg neg:0.999999289116213 pos:7.108837869388543E-7 
cv124_3903.txt neg neg:0.9999097718284645 pos:9.022817153550594E-5 
cv012_29411.txt neg neg:1.0 pos:2.5559250677500253E-23 
cv634_11101.txt pos pos:0.9999999996871842 neg:3.128158745948026E-10 
cv637_1250.txt pos neg:0.9998046374414602 pos:1.9536255853988576E-4 
cv754_7709.txt neg neg:0.9999999998094515 pos:1.9054850973647004E-10 
cv845_14290.txt pos pos:0.9999592976443517 neg:4.070235564833404E-5 
cv062_23115.txt pos pos:0.9999999748911983 neg:2.510880172128889E-8 
cv556_14808.txt pos pos:1.0 neg:1.7155376311973642E-30 
cv659_19944.txt pos pos:0.9999999980770551 neg:1.9229448103793873E-9 
cv244_22935.txt neg neg:0.999999999700748 pos:2.9925196453859565E-10 
cv877_29274.txt pos pos:0.9999974136183517 neg:2.586381648289098E-6 
cv833_11053.txt pos pos:0.9999719921170483 neg:2.800788295161618E-5 
cv852_27523.txt pos pos:0.9999964026879641 neg:3.5973120359682256E-6 
cv960_29007.txt pos neg:0.9698282394527561 pos:0.030171760547243937 
cv579_11605.txt pos pos:0.9999999999989522 neg:1.0479135869384312E-12 
cv562_10359.txt pos neg:0.5800008110938125 pos:0.41999918890618754 
cv982_21103.txt pos pos:0.9999999995184796 neg:4.81520397497548E-10 
cv667_18467.txt pos pos:1.0 neg:9.746535438775147E-33 
cv980_11851.txt neg neg:1.0 pos:2.772986755563699E-20 
cv782_21078.txt neg neg:0.999957085106946 pos:4.291489305402894E-5 
cv548_18944.txt neg neg:0.9999661119773172 pos:3.388802268281394E-5 
cv116_28734.txt neg neg:0.9996191900099726 pos:3.808099900273264E-4 
cv737_28733.txt neg neg:0.9999999999999998 pos:1.602570066029906E-16 
cv322_20318.txt pos neg:0.9913827772176786 pos:0.008617222782321295 
cv472_29140.txt neg pos:0.9999999999999998 neg:2.859670741249557E-16 
cv203_17986.txt pos pos:1.0 neg:3.73226116245182E-19 
cv741_12765.txt neg neg:0.9999997460115101 pos:2.5398848994584494E-7 
cv173_4471.txt pos pos:0.9561915957380023 neg:0.04380840426199761 
cv612_5396.txt neg neg:0.9998069172053909 pos:1.9308279460905116E-4 
cv808_13773.txt neg pos:0.9998974674245075 neg:1.0253257549254805E-4 
cv115_25396.txt pos pos:1.0 neg:3.8999920890609644E-33 
cv384_18536.txt neg neg:0.9999833223689448 pos:1.6677631055270207E-5 
cv754_7216.txt pos pos:0.8945110393263481 neg:0.10548896067365192 
cv580_14064.txt pos pos:0.5316291402690434 neg:0.4683708597309566 
cv985_5964.txt neg neg:0.9999996332606153 pos:3.667393847542858E-7 
cv386_10080.txt pos pos:1.0 neg:3.047508039536036E-25 
cv028_26746.txt pos neg:0.999475932184801 pos:5.240678151989063E-4 
cv549_21443.txt pos pos:0.999999999999285 neg:7.149867398312317E-13 
cv832_24713.txt neg neg:0.9999999995445197 pos:4.5548027261182E-10 
cv771_28466.txt neg neg:1.0 pos:2.2762952029165216E-25 
cv114_19501.txt neg neg:0.9999997504039945 pos:2.4959600555753474E-7 
cv232_14991.txt pos pos:0.9971910306168689 neg:0.002808969383131214 
cv245_8569.txt pos pos:0.9999999999390672 neg:6.093277223984787E-11 
cv713_29155.txt pos pos:0.9999999999999993 neg:6.216034611963639E-16 
cv379_21963.txt pos pos:0.9999999999999998 neg:1.426389346262907E-16 
cv190_27052.txt pos pos:0.9999999999949014 neg:5.098593444114028E-12 
cv937_9816.txt neg neg:0.9999994936727431 pos:5.06327256784668E-7 
cv297_10047.txt pos pos:0.9998455987097881 neg:1.544012902118729E-4 
cv699_7223.txt pos neg:0.7872188651966476 pos:0.2127811348033523 
cv591_24887.txt neg neg:0.9999999524168293 pos:4.7583170759312876E-8 
cv151_17231.txt neg pos:0.9997315371386365 neg:2.684628613634453E-4 
cv189_22934.txt pos pos:0.8676829165700393 neg:0.13231708342996082 
cv575_22598.txt neg pos:0.9999999999976981 neg:2.3018317021081052E-12 
cv899_16014.txt pos pos:0.9999999999996785 neg:3.214796961734605E-13 
cv248_15672.txt neg neg:0.99999080811953 pos:9.191880469905103E-6 
cv304_28706.txt pos neg:0.803513233491849 pos:0.19648676650815103 
cv079_11933.txt pos pos:0.9999984344084943 neg:1.5655915055163298E-6 
cv983_22928.txt pos pos:0.9999999999982234 neg:1.7766876478241101E-12 
cv519_16239.txt neg pos:0.99998833068933 neg:1.1669310670061833E-5 
cv948_25870.txt neg neg:1.0 pos:3.063411990357416E-23 
cv074_6875.txt pos pos:0.9999170917650742 neg:8.290823492585844E-5 
cv821_29364.txt pos pos:0.9999963806334106 neg:3.619366589376265E-6 
cv012_29576.txt pos pos:0.9999999999999709 neg:2.9168496461490044E-14 
cv117_24295.txt pos pos:0.9999979240530706 neg:2.075946929450654E-6 
cv852_27512.txt neg neg:0.9999964686605943 pos:3.5313394055217444E-6 
cv209_28973.txt neg neg:0.9999999863548905 pos:1.3645109510432138E-8 
cv138_12721.txt pos neg:0.9999465747382391 pos:5.342526176080051E-5 
cv291_26635.txt pos pos:0.9952240007466203 neg:0.004775999253379603 
cv489_19046.txt neg neg:0.9999996320457817 pos:3.6795421830377403E-7 
cv827_19479.txt neg neg:0.9999999577778769 pos:4.222212303747542E-8 
cv799_19812.txt neg neg:0.9999999999380778 pos:6.192222051087709E-11 
cv996_12447.txt neg neg:0.999998900664482 pos:1.0993355180185063E-6 
cv168_7050.txt pos pos:1.0 neg:1.5060657138299984E-17 
cv919_18155.txt neg neg:0.9999999955470191 pos:4.452980878423536E-9 
cv195_16146.txt neg neg:0.9999998193478858 pos:1.8065211426606892E-7 
cv064_24576.txt pos pos:0.9989135204130811 neg:0.0010864795869188694 
cv826_12761.txt neg pos:0.9999989645118796 neg:1.0354881203718167E-6 
cv712_24217.txt neg neg:0.9999837512025667 pos:1.6248797433406066E-5 
cv480_19817.txt pos pos:0.9754898418010106 neg:0.024510158198989454 
cv041_21113.txt pos pos:1.0 neg:2.2484074697545573E-28 
cv705_11973.txt neg neg:0.9999999963902155 pos:3.609784477866355E-9 
cv350_20670.txt pos pos:0.9999929114380164 neg:7.088561983631821E-6 
cv654_19345.txt neg neg:0.9999999996518407 pos:3.4815931306126537E-10 
cv905_28965.txt neg pos:0.8212445818105418 neg:0.17875541818945825 
cv320_9693.txt neg neg:0.9999863148639438 pos:1.368513605605063E-5 
cv805_19601.txt pos pos:0.999999999999994 neg:6.090985247518711E-15 
cv626_7907.txt neg neg:0.9999999044011019 pos:9.559889813674841E-8 
cv727_4978.txt pos pos:0.9822777316844444 neg:0.01772226831555561 
cv891_6385.txt pos neg:0.9999997697702777 pos:2.302297222128881E-7 
cv281_24711.txt neg neg:1.0 pos:3.212392149830031E-25 
cv220_28906.txt neg pos:0.9933275680554308 neg:0.006672431944569256 
cv822_20049.txt pos pos:0.999999835986406 neg:1.6401359406179223E-7 
cv034_29446.txt neg pos:0.9992936351235354 neg:7.06364876464696E-4 
cv716_10514.txt pos pos:0.9205344993453818 neg:0.07946550065461823 
cv202_10654.txt pos pos:1.0 neg:3.331489537376881E-20 
cv960_28877.txt neg neg:0.9999998106779485 pos:1.8932205156207175E-7 
cv681_9744.txt neg neg:0.9999999999941829 pos:5.8172090206316465E-12 
cv767_14062.txt pos neg:0.8693700817189822 pos:0.13062991828101775 
cv904_25663.txt neg neg:0.997932367196932 pos:0.0020676328030680164 
cv617_9561.txt neg neg:0.9384388956728807 pos:0.06156110432711927 
cv349_15032.txt neg neg:0.9943445254212019 pos:0.0056554745787981975 
cv889_22670.txt neg pos:0.9998805640154468 neg:1.1943598455330986E-4 
cv967_5626.txt neg neg:0.9999985931152193 pos:1.4068847805855809E-6 
cv600_23878.txt pos pos:1.0 neg:2.725269994343532E-23 
cv368_10466.txt pos pos:0.999999999999214 neg:7.860934527103137E-13 
cv774_13845.txt pos pos:0.9999999498722095 neg:5.012779060005017E-8 
cv153_11607.txt neg neg:0.9999999769070581 pos:2.3092941873175274E-8 
cv370_5338.txt neg neg:0.9999690924545089 pos:3.0907545491168485E-5 
cv200_29006.txt neg pos:0.9999999999990776 neg:9.223402478615065E-13 
cv956_12547.txt neg neg:1.0 pos:2.1070002081915998E-19 
cv829_20289.txt pos pos:0.9645450402593424 neg:0.03545495974065766 
cv909_9960.txt pos neg:0.9999774463744786 pos:2.2553625521368944E-5 
cv432_15873.txt neg neg:0.9999999866355112 pos:1.336448882015394E-8 
cv908_16009.txt pos pos:0.9999385640129317 neg:6.143598706825391E-5 
cv589_12064.txt pos pos:0.9999999999999165 neg:8.359785654357339E-14 
cv536_27134.txt pos neg:0.9917695007508968 pos:0.008230499249103244 
cv973_10171.txt neg neg:1.0 pos:2.0699634262615166E-17 
cv446_12209.txt neg neg:0.9999999978324496 pos:2.1675502463683294E-9 
cv157_29302.txt neg pos:0.9187444706266653 neg:0.08125552937333479 
cv465_22431.txt pos pos:0.9999999946009632 neg:5.399036842367131E-9 
cv909_9973.txt neg neg:0.5520613101858599 pos:0.4479386898141401 
cv222_17395.txt pos pos:0.99999999999996 neg:3.9919006229292006E-14 
cv470_17444.txt neg neg:0.9999999990058028 pos:9.941971957684853E-10 
cv115_26443.txt neg neg:0.9999998711419722 pos:1.2885802795760944E-7 
cv504_29120.txt neg neg:0.9465170793820271 pos:0.05348292061797278 
cv757_10668.txt neg neg:0.9999999999260594 pos:7.394061793042823E-11 
cv882_10042.txt neg neg:0.999999999999027 pos:9.73058379022017E-13 
cv065_15248.txt pos pos:1.0 neg:1.820375784274406E-25 
cv520_12295.txt pos neg:0.6884682037363188 pos:0.31153179626368127 
cv145_12239.txt neg pos:0.7614310850205079 neg:0.2385689149794921 
cv404_20315.txt pos pos:0.8955322399701667 neg:0.10446776002983336 
cv586_8048.txt neg neg:1.0 pos:2.859385559649554E-31 
cv786_22497.txt pos pos:0.9999989586247131 neg:1.041375286892391E-6 
cv918_2693.txt pos neg:0.9996935971048645 pos:3.064028951354235E-4 
cv072_6169.txt pos neg:0.9477541821462077 pos:0.05224581785379247 
cv206_15893.txt neg pos:0.9899793891968185 neg:0.010020610803181436 
cv146_18458.txt pos pos:1.0 neg:3.328106382983919E-33 
cv862_14324.txt pos pos:1.0 neg:2.9042102435631505E-32 
cv027_25219.txt pos pos:1.0 neg:6.421393490967526E-33 
cv409_29786.txt pos pos:1.0 neg:7.019167471307063E-18 
cv591_23640.txt pos pos:0.9999999999827818 neg:1.7218127696050938E-11 
cv576_15688.txt neg neg:0.9999999999983864 pos:1.6135517466892101E-12 
cv555_23922.txt pos neg:0.9999999999993618 pos:6.381760004985865E-13 
cv738_10116.txt pos pos:1.0 neg:1.5186128672236047E-42 
cv308_5079.txt neg neg:0.9999999999999774 pos:2.2744405822642638E-14 
cv869_24782.txt neg neg:0.9999999469179842 pos:5.3082015844379133E-8 
cv936_15954.txt pos pos:0.999999999999972 neg:2.7928996273449742E-14 
cv154_9562.txt neg neg:0.9999999999913545 pos:8.645445171869739E-12 
cv208_9475.txt neg neg:0.9999999999881517 pos:1.1848389395939234E-11 
cv761_12620.txt pos pos:0.6604852007945318 neg:0.3395147992054682 
cv143_19666.txt pos pos:0.9999999999999909 neg:9.200544648914273E-15 
cv638_29394.txt neg neg:0.9999762360935931 pos:2.376390640697804E-5 
cv314_16095.txt neg pos:0.9988877531130432 neg:0.0011122468869567345 
cv226_26692.txt neg neg:0.9999999999999998 pos:1.976453239693393E-16 
cv511_10132.txt pos pos:0.9085263471299133 neg:0.0914736528700867 
cv124_4122.txt pos pos:0.9999999693332677 neg:3.0666732118050935E-8 
cv176_14196.txt neg neg:0.9999998480848715 pos:1.5191512850721692E-7 
cv077_22138.txt pos pos:0.8989743457131393 neg:0.10102565428686078 
cv381_21673.txt neg pos:0.9999999999999925 neg:7.458838571670066E-15 
cv198_18180.txt pos neg:0.9813556062963953 pos:0.018644393703604732 
cv047_18725.txt neg neg:0.99999922845075 pos:7.715492500649891E-7 
cv106_18379.txt neg pos:0.9999205527986721 neg:7.944720132798392E-5 
cv483_18103.txt neg neg:0.9999997079192289 pos:2.920807709860789E-7 
cv715_18179.txt pos pos:0.9868504688380431 neg:0.013149531161956895 
cv280_8267.txt pos pos:0.8545031269598482 neg:0.14549687304015188 
cv408_5367.txt neg neg:0.9999997878746373 pos:2.1212536274431423E-7 
cv815_22456.txt pos neg:0.9785626073244083 pos:0.02143739267559175 
cv462_20788.txt neg neg:0.9999992613684747 pos:7.386315253178015E-7 
cv766_7983.txt neg neg:1.0 pos:3.369960033356143E-24 
cv896_17819.txt neg neg:0.9999999999763398 pos:2.3660186499952127E-11 
cv178_14380.txt neg neg:0.9995979498246259 pos:4.0205017537403446E-4 
cv502_10406.txt pos pos:0.9999999999996814 neg:3.1858450853899244E-13 
cv609_23877.txt pos pos:0.9999999999466369 neg:5.336299062204132E-11 
cv397_29023.txt pos neg:0.9635643131098394 pos:0.03643568689016058 
cv643_29349.txt pos pos:0.9957407126026996 neg:0.0042592873973004534 
cv232_16768.txt neg pos:0.999999991979201 neg:8.020799108670438E-9 
cv631_4782.txt neg pos:0.8244449839091164 neg:0.1755550160908837 
cv634_11989.txt neg pos:0.9999999232278179 neg:7.677218198203528E-8 
cv085_1381.txt pos pos:0.9999998585515923 neg:1.41448407668189E-7 
cv814_18975.txt pos pos:0.9999947367482379 neg:5.263251761972821E-6 
cv453_10911.txt neg neg:0.9999999999993494 pos:6.506700938626005E-13 
cv235_10704.txt neg neg:1.0 pos:1.9310796132905288E-21 
cv810_13660.txt neg neg:0.9999999580627046 pos:4.193729536829803E-8 
cv553_26915.txt pos pos:0.999999999996015 neg:3.985105591120059E-12 
cv865_28796.txt neg neg:0.9999997086423392 pos:2.913576607296485E-7 
cv834_23192.txt neg neg:0.99999999998941 pos:1.0589977528767173E-11 
cv309_23737.txt neg pos:0.9998290658674445 neg:1.7093413255550555E-4 
cv062_24556.txt neg neg:0.9999999980349596 pos:1.9650402721255058E-9 
cv718_12227.txt neg neg:1.0 pos:9.766438619946475E-17 
cv331_8656.txt neg neg:0.9773253033587224 pos:0.02267469664127754 
cv755_23616.txt pos pos:1.0 neg:5.686892771621716E-23 
cv622_8583.txt neg neg:0.9230705609821522 pos:0.07692943901784786 
Trial 0 Trainer NaiveBayesTrainer Training Data Confusion Matrix
Confusion Matrix, row=true, column=predicted  accuracy=0.9844444444444445
  label   0   1  |total
  0 neg 897   3  |900
  1 pos  25 875  |900

Trial 0 Trainer NaiveBayesTrainer training data accuracy= 0.9844444444444445
Trial 0 Trainer NaiveBayesTrainer Test Data Confusion Matrix
Confusion Matrix, row=true, column=predicted  accuracy=0.795
  label   0   1  |total
  0 neg  79  21  |100
  1 pos  20  80  |100

Trial 0 Trainer NaiveBayesTrainer test data accuracy= 0.795

NaiveBayesTrainer
Summary. train accuracy mean = 0.9844444444444445 stddev = 0.0 stderr = 0.0
Summary. test accuracy mean = 0.795 stddev = 0.0 stderr = 0.0
