
-------------------- Trial 0  --------------------

Trial 0 Training MaxEntTrainer,gaussianPriorVariance=1.0 with 1800 instances
Trial 0 Training MaxEntTrainer,gaussianPriorVariance=1.0 finished
Trial 0 Trainer MaxEntTrainer,gaussianPriorVariance=1.0
 Raw Testing Data
cv980_11851.txt neg neg:0.9929370362053657 pos:0.007062963794634351 
cv638_29394.txt neg pos:0.5212615859055233 neg:0.47873841409447676 
cv967_5626.txt neg neg:0.9324751586923316 pos:0.06752484130766853 
cv956_12547.txt neg neg:0.9999903857800563 pos:9.614219943735401E-6 
cv754_7709.txt neg neg:0.9957998328548433 pos:0.004200167145156697 
cv209_28973.txt neg neg:0.9996134281835151 pos:3.865718164850154E-4 
cv453_10911.txt neg neg:0.9999998690896756 pos:1.3091032426933145E-7 
cv349_15032.txt neg neg:0.9996652707570046 pos:3.347292429953574E-4 
cv244_22935.txt neg neg:0.9999999998930542 pos:1.0694589371853338E-10 
cv281_24711.txt neg neg:0.9999934752810166 pos:6.524718983492372E-6 
cv771_28466.txt neg neg:0.9999847606164157 pos:1.5239383584190537E-5 
cv948_25870.txt neg neg:0.9999998632837213 pos:1.3671627875187554E-7 
cv309_23737.txt neg pos:0.997338717353376 neg:0.002661282646623957 
cv062_24556.txt neg neg:0.9999965087433891 pos:3.4912566109051346E-6 
cv483_18103.txt neg neg:0.9858424421171202 pos:0.014157557882879703 
cv889_22670.txt neg neg:0.9758922478810329 pos:0.02410775211896714 
cv905_28965.txt neg pos:0.9963133323191515 neg:0.003686667680848537 
cv808_13773.txt neg pos:0.9156757713437019 neg:0.08432422865629807 
cv157_29302.txt neg neg:0.9803346435568533 pos:0.01966535644314663 
cv470_17444.txt neg neg:0.9999976988525097 pos:2.3011474904652002E-6 
cv612_5396.txt neg pos:0.9175125004754903 neg:0.0824874995245096 
cv799_19812.txt neg neg:0.9999999920010688 pos:7.99893128327974E-9 
cv622_8583.txt neg neg:0.9757992525386778 pos:0.02420074746132212 
cv381_21673.txt neg neg:0.6100058166589496 pos:0.38999418334105035 
cv985_5964.txt neg neg:0.9999952530362743 pos:4.746963725635397E-6 
cv575_22598.txt neg pos:0.982039919703018 neg:0.017960080296981953 
cv810_13660.txt neg pos:0.6041144936316862 neg:0.3958855063683138 
cv331_8656.txt neg pos:0.5290600922929386 neg:0.47093990770706146 
cv438_8500.txt neg neg:0.9988076898251053 pos:0.0011923101748947179 
cv235_10704.txt neg neg:0.9999806122317081 pos:1.938776829202735E-5 
cv145_12239.txt neg neg:0.9078271639020188 pos:0.09217283609798121 
cv472_29140.txt neg pos:0.9989445168890886 neg:0.0010554831109113446 
cv320_9693.txt neg neg:0.9785539866946251 pos:0.021446013305374843 
cv757_10668.txt neg neg:0.9667869539254371 pos:0.03321304607456291 
cv106_18379.txt neg pos:0.9696280155593534 neg:0.030371984440646562 
cv034_29446.txt neg neg:0.5165826686306116 pos:0.48341733136938836 
cv586_8048.txt neg neg:1.0 pos:1.9769037655376892E-19 
cv220_28906.txt neg neg:0.9420099589513958 pos:0.05799004104860408 
cv226_26692.txt neg neg:0.9999999234749702 pos:7.652502985519609E-8 
cv576_15688.txt neg neg:0.8027456032575823 pos:0.19725439674241782 
cv654_19345.txt neg neg:0.6223017353328641 pos:0.3776982646671359 
cv153_11607.txt neg neg:0.9719988127889496 pos:0.028001187211050438 
cv827_19479.txt neg neg:0.9996412254923446 pos:3.5877450765532914E-4 
cv937_9816.txt neg neg:0.9994335772108888 pos:5.664227891113204E-4 
cv869_24782.txt neg neg:0.9996051122670025 pos:3.9488773299736286E-4 
cv960_28877.txt neg neg:0.997174091072503 pos:0.00282590892749711 
cv519_16239.txt neg pos:0.9838570691999343 neg:0.016142930800065763 
cv370_5338.txt neg neg:0.7963394981203539 pos:0.20366050187964613 
cv154_9562.txt neg neg:0.5916256275272217 pos:0.4083743724727783 
cv195_16146.txt neg pos:0.9175702096943956 neg:0.08242979030560439 
cv852_27512.txt neg neg:0.990482327247698 pos:0.009517672752302028 
cv178_14380.txt neg neg:0.6065773741860777 pos:0.39342262581392234 
cv124_3903.txt neg neg:0.9946250665115742 pos:0.005374933488425774 
cv718_12227.txt neg neg:0.9992583412237871 pos:7.416587762128916E-4 
cv504_29120.txt neg neg:0.9102003949883962 pos:0.08979960501160378 
cv681_9744.txt neg neg:0.9999701440721346 pos:2.985592786540133E-5 
cv012_29411.txt neg neg:0.9999594008953495 pos:4.059910465040739E-5 
cv882_10042.txt neg neg:0.9999992792851292 pos:7.207148709029898E-7 
cv115_26443.txt neg neg:0.9998976174678792 pos:1.0238253212076578E-4 
cv462_20788.txt neg pos:0.7754454119720893 neg:0.2245545880279106 
cv909_9973.txt neg neg:0.9274272572196218 pos:0.0725727427803782 
cv314_16095.txt neg neg:0.9999359696203809 pos:6.403037961900783E-5 
cv206_15893.txt neg neg:0.9188655391761877 pos:0.08113446082381226 
cv408_5367.txt neg neg:0.9953097365793198 pos:0.004690263420680299 
cv617_9561.txt neg neg:0.9920052249241746 pos:0.00799477507582539 
cv705_11973.txt neg neg:0.9999040243246012 pos:9.597567539879112E-5 
cv114_19501.txt neg neg:0.9990649694514973 pos:9.350305485027362E-4 
cv047_18725.txt neg neg:0.5265573708174326 pos:0.4734426291825675 
cv834_23192.txt neg neg:0.9999986882777494 pos:1.3117222505068163E-6 
cv489_19046.txt neg neg:0.9999961080274554 pos:3.891972544566336E-6 
cv737_28733.txt neg neg:0.9996527367067144 pos:3.472632932855572E-4 
cv384_18536.txt neg neg:0.6902800634605688 pos:0.30971993653943125 
cv176_14196.txt neg pos:0.9896765734448758 neg:0.010323426555124221 
cv248_15672.txt neg neg:0.9837915661913896 pos:0.016208433808610416 
cv919_18155.txt neg neg:0.9986162644539054 pos:0.0013837355460946934 
cv151_17231.txt neg neg:0.7228112780610613 pos:0.27718872193893884 
cv996_12447.txt neg neg:0.9959769540215077 pos:0.0040230459784924635 
cv432_15873.txt neg neg:0.9989606738708884 pos:0.0010393261291116531 
cv634_11989.txt neg neg:0.9999787349018054 pos:2.1265098194508623E-5 
cv200_29006.txt neg neg:0.6580130867632789 pos:0.3419869132367212 
cv208_9475.txt neg neg:0.9997834026455376 pos:2.1659735446233802E-4 
cv896_17819.txt neg neg:0.9996361514036215 pos:3.6384859637859587E-4 
cv626_7907.txt neg neg:0.9982508107489626 pos:0.0017491892510373213 
cv446_12209.txt neg neg:0.9954645169021795 pos:0.004535483097820406 
cv116_28734.txt neg neg:0.9560321624953733 pos:0.04396783750462669 
cv631_4782.txt neg pos:0.8128269113052815 neg:0.18717308869471855 
cv973_10171.txt neg neg:0.999999999933634 pos:6.636598147802672E-11 
cv782_21078.txt neg neg:0.9964286183959158 pos:0.0035713816040842047 
cv865_28796.txt neg pos:0.9580763462312089 neg:0.04192365376879112 
cv766_7983.txt neg neg:0.9999999998109399 pos:1.8906012478048615E-10 
cv623_16988.txt neg neg:0.9999999999999996 pos:4.985969109430217E-16 
cv591_24887.txt neg neg:0.9989482087823949 pos:0.0010517912176051046 
cv832_24713.txt neg neg:0.9998971997196768 pos:1.0280028032322296E-4 
cv741_12765.txt neg neg:0.9668189705404738 pos:0.033181029459526154 
cv826_12761.txt neg neg:0.9297435358264496 pos:0.07025646417355047 
cv904_25663.txt neg neg:0.5020989932731487 pos:0.4979010067268513 
cv308_5079.txt neg neg:0.9999982220032511 pos:1.7779967489532227E-6 
cv712_24217.txt neg neg:0.9845276296486901 pos:0.01547237035130998 
cv548_18944.txt neg neg:0.9877961846234282 pos:0.012203815376571796 
cv232_16768.txt neg pos:0.8216125650408689 neg:0.1783874349591311 
cv146_18458.txt pos pos:0.9964973238169029 neg:0.0035026761830970646 
cv815_22456.txt pos pos:0.9997235059709455 neg:2.7649402905453055E-4 
cv960_29007.txt pos pos:0.9757875699738359 neg:0.024212430026164234 
cv791_16302.txt pos pos:0.9998277078502148 neg:1.722921497852616E-4 
cv480_19817.txt pos pos:0.9668736892963149 neg:0.03312631070368511 
cv936_15954.txt pos pos:0.9998336206874342 neg:1.6637931256573222E-4 
cv822_20049.txt pos pos:0.9999811649339845 neg:1.8835066015619795E-5 
cv189_22934.txt pos pos:0.9739048579053807 neg:0.026095142094619325 
cv041_21113.txt pos pos:0.9999271108262905 neg:7.288917370939499E-5 
cv051_10306.txt pos pos:0.9999999941266418 neg:5.873358268432367E-9 
cv079_11933.txt pos pos:0.5447567063660274 neg:0.45524329363397265 
cv580_14064.txt pos neg:0.9460014545283 pos:0.05399854547170002 
cv502_10406.txt pos neg:0.9463197923051586 pos:0.05368020769484141 
cv909_9960.txt pos pos:0.7916335306702544 neg:0.2083664693297456 
cv600_23878.txt pos pos:0.9999950029254512 neg:4.997074548885199E-6 
cv198_18180.txt pos pos:0.9759760495943395 neg:0.02402395040566057 
cv074_6875.txt pos pos:0.9999999999999842 neg:1.5704149753603918E-14 
cv553_26915.txt pos pos:0.9999999994615338 neg:5.384661569834436E-10 
cv833_11053.txt pos pos:0.9998170247150923 neg:1.8297528490765952E-4 
cv322_20318.txt pos pos:0.6854403848750464 neg:0.3145596151249535 
cv520_12295.txt pos pos:0.8604581353755164 neg:0.1395418646244837 
cv386_10080.txt pos pos:0.9999629927692799 neg:3.7007230720138944E-5 
cv713_29155.txt pos pos:0.8410402859343326 neg:0.1589597140656675 
cv877_29274.txt pos pos:0.9119294307091206 neg:0.08807056929087942 
cv511_10132.txt pos pos:0.9999998160220837 neg:1.8397791642109668E-7 
cv297_10047.txt pos pos:0.9994705191223192 neg:5.294808776806769E-4 
cv579_11605.txt pos pos:0.783465399722909 neg:0.216534600277091 
cv637_1250.txt pos pos:0.9954596693578613 neg:0.004540330642138637 
cv222_17395.txt pos pos:0.9976562332367415 neg:0.0023437667632585533 
cv397_29023.txt pos pos:0.7197725990829218 neg:0.28022740091707815 
cv549_21443.txt pos pos:0.9994192954340345 neg:5.807045659654149E-4 
cv012_29576.txt pos pos:0.9999815408498542 neg:1.8459150145823357E-5 
cv077_22138.txt pos pos:0.9999929174159853 neg:7.082584014697658E-6 
cv115_25396.txt pos pos:0.9999739991778374 neg:2.6000822162693484E-5 
cv659_19944.txt pos pos:0.9903980169257519 neg:0.009601983074248107 
cv755_23616.txt pos pos:0.9829414030596259 neg:0.017058596940374208 
cv555_23922.txt pos neg:0.990350808496679 pos:0.009649191503320957 
cv143_19666.txt pos pos:0.9512829841831966 neg:0.04871701581680343 
cv738_10116.txt pos pos:0.999999999731036 neg:2.689640006653167E-10 
cv203_17986.txt pos pos:0.9998467490498182 neg:1.532509501816948E-4 
cv908_16009.txt pos pos:0.9999998247886904 neg:1.7521130953997903E-7 
cv716_10514.txt pos pos:0.7045963717717022 neg:0.2954036282282978 
cv353_18159.txt pos pos:0.9967919926923832 neg:0.0032080073076168115 
cv727_4978.txt pos pos:0.9522036922424856 neg:0.04779630775751436 
cv304_28706.txt pos pos:0.7748930187687193 neg:0.22510698123128073 
cv072_6169.txt pos neg:0.7935898643560546 pos:0.20641013564394534 
cv350_20670.txt pos pos:0.9997776060510827 neg:2.2239394891737402E-4 
cv591_23640.txt pos pos:0.9999969595876412 neg:3.04041235882424E-6 
cv280_8267.txt pos pos:0.5182424919451641 neg:0.48175750805483586 
cv082_11080.txt pos neg:0.9975396302136034 pos:0.0024603697863965347 
cv754_7216.txt pos pos:0.9893908638588617 neg:0.010609136141138233 
cv761_12620.txt pos neg:0.9948448213194702 pos:0.005155178680529694 
cv609_23877.txt pos pos:0.9677099891812483 neg:0.03229001081875161 
cv190_27052.txt pos pos:0.9999937735742231 neg:6.226425776975417E-6 
cv562_10359.txt pos pos:0.9794834298521162 neg:0.02051657014788367 
cv814_18975.txt pos pos:0.9056096562966032 neg:0.09439034370339687 
cv245_8569.txt pos pos:0.999689000390965 neg:3.1099960903517007E-4 
cv117_24295.txt pos pos:0.9997253036939695 neg:2.7469630603063004E-4 
cv465_22431.txt pos neg:0.7733068067752917 pos:0.2266931932247083 
cv899_16014.txt pos pos:0.9997152292376743 neg:2.847707623256851E-4 
cv667_18467.txt pos pos:0.6933828374832327 neg:0.3066171625167674 
cv852_27523.txt pos neg:0.9826821876285715 pos:0.017317812371428598 
cv821_29364.txt pos pos:0.9982634801227417 neg:0.0017365198772583607 
cv805_19601.txt pos pos:0.9940740271753236 neg:0.005925972824676473 
cv064_24576.txt pos pos:0.999919712663352 neg:8.028733664810226E-5 
cv173_4471.txt pos pos:0.7091170358336355 neg:0.29088296416636455 
cv845_14290.txt pos pos:0.9994024814442405 neg:5.975185557595379E-4 
cv634_11101.txt pos pos:0.9998570020786081 neg:1.4299792139192173E-4 
cv085_1381.txt pos pos:0.9999999998670799 neg:1.329201143772737E-10 
cv556_14808.txt pos pos:0.9999999999992635 neg:7.366048432357691E-13 
cv536_27134.txt pos pos:0.7290290996920783 neg:0.27097090030792165 
cv027_25219.txt pos pos:0.9999999999993028 neg:6.9715489614162E-13 
cv379_21963.txt pos pos:0.9999783971704294 neg:2.1602829570656876E-5 
cv028_26746.txt pos neg:0.9881103248735031 pos:0.011889675126496864 
cv404_20315.txt pos pos:0.7855391689843777 neg:0.21446083101562222 
cv124_4122.txt pos neg:0.9002605384819161 pos:0.09973946151808401 
cv062_23115.txt pos pos:0.9987956508024118 neg:0.0012043491975881051 
cv983_22928.txt pos pos:0.9999991506012437 neg:8.493987563214323E-7 
cv774_13845.txt pos pos:0.9978312235590424 neg:0.002168776440957642 
cv409_29786.txt pos pos:0.9988559539302271 neg:0.0011440460697729605 
cv982_21103.txt pos pos:0.9999638860683906 neg:3.611393160931786E-5 
cv589_12064.txt pos pos:0.9990430988013029 neg:9.569011986971578E-4 
cv232_14991.txt pos pos:0.9733292168318879 neg:0.02667078316811221 
cv382_7897.txt pos pos:0.9999995994738414 neg:4.0052615857099734E-7 
cv368_10466.txt pos pos:0.9999278593822475 neg:7.214061775256622E-5 
cv202_10654.txt pos pos:0.999999985410505 neg:1.458949490147055E-8 
cv168_7050.txt pos pos:0.9999991374109722 neg:8.625890278412636E-7 
cv862_14324.txt pos pos:0.9999999572571361 neg:4.2742863939665265E-8 
cv484_25054.txt pos neg:0.5244702957093712 pos:0.4755297042906288 
cv891_6385.txt pos pos:0.7268585813041598 neg:0.2731414186958403 
cv065_15248.txt pos pos:0.9999999981095264 neg:1.8904735496923937E-9 
cv138_12721.txt pos neg:0.9715473364846182 pos:0.028452663515381893 
cv829_20289.txt pos pos:0.99928946940178 neg:7.105305982199838E-4 
cv291_26635.txt pos pos:0.9991329486194886 neg:8.670513805114675E-4 
cv699_7223.txt pos neg:0.9991909326098768 pos:8.090673901232258E-4 
cv918_2693.txt pos neg:0.764922649803153 pos:0.2350773501968469 
cv715_18179.txt pos pos:0.8008902691114036 neg:0.1991097308885963 
cv643_29349.txt pos pos:0.5671170573626452 neg:0.4328829426373549 
cv786_22497.txt pos pos:0.660769192905215 neg:0.3392308070947851 
cv767_14062.txt pos pos:0.9994378625965298 neg:5.621374034703713E-4 
Trial 0 Trainer MaxEntTrainer,gaussianPriorVariance=1.0 Training Data Confusion Matrix
Confusion Matrix, row=true, column=predicted  accuracy=1.0
  label   0   1  |total
  0 neg 900   .  |900
  1 pos   . 900  |900

Trial 0 Trainer MaxEntTrainer,gaussianPriorVariance=1.0 training data accuracy= 1.0
Trial 0 Trainer MaxEntTrainer,gaussianPriorVariance=1.0 Test Data Confusion Matrix
Confusion Matrix, row=true, column=predicted  accuracy=0.845
  label   0   1  |total
  0 neg  83  17  |100
  1 pos  14  86  |100

Trial 0 Trainer MaxEntTrainer,gaussianPriorVariance=1.0 test data accuracy= 0.845

MaxEntTrainer,gaussianPriorVariance=1.0
Summary. train accuracy mean = 1.0 stddev = 0.0 stderr = 0.0
Summary. test accuracy mean = 0.845 stddev = 0.0 stderr = 0.0
