
-------------------- Trial 0  --------------------

Trial 0 Training MaxEntTrainer,gaussianPriorVariance=1.0 with 1800 instances
Trial 0 Training MaxEntTrainer,gaussianPriorVariance=1.0 finished
Trial 0 Trainer MaxEntTrainer,gaussianPriorVariance=1.0
 Raw Testing Data
cv295_17060.txt neg neg:0.9999999972755225 pos:2.724477520646995E-9 
cv010_29063.txt neg pos:0.9995061096019041 neg:4.938903980958162E-4 
cv581_20790.txt neg neg:0.979466350136199 pos:0.020533649863800994 
cv683_13047.txt neg neg:0.8780449756509516 pos:0.12195502434904827 
cv137_17020.txt neg neg:0.9996125092440364 pos:3.8749075596355065E-4 
cv687_22207.txt neg neg:0.9999308001000159 pos:6.919989998409124E-5 
cv719_5581.txt neg pos:0.9895106139536197 neg:0.01048938604638035 
cv396_19127.txt neg pos:0.9591499669338853 neg:0.04085003306611464 
cv733_9891.txt neg neg:0.9999674819975403 pos:3.251800245967104E-5 
cv664_4264.txt neg neg:0.9999732051830725 pos:2.679481692752325E-5 
cv166_11959.txt neg neg:0.9999999683669808 pos:3.163301914190815E-8 
cv282_6833.txt neg pos:0.9362050418960575 neg:0.06379495810394258 
cv065_16909.txt neg neg:0.9999999999952383 pos:4.76184774036957E-12 
cv516_12117.txt neg neg:0.9989285677448287 pos:0.0010714322551713283 
cv577_28220.txt neg neg:0.9069018694179944 pos:0.09309813058200546 
cv098_17021.txt neg pos:0.9104294137760103 neg:0.08957058622398986 
cv812_19051.txt neg neg:0.9999999627400081 pos:3.725999202126166E-8 
cv085_15286.txt neg neg:0.9999812336627554 pos:1.8766337244666386E-5 
cv043_16808.txt neg neg:0.9999997937771504 pos:2.0622284957102638E-7 
cv715_19246.txt neg neg:0.999993431442337 pos:6.5685576630861995E-6 
cv594_11945.txt neg neg:0.9999983522541317 pos:1.647745868365913E-6 
cv100_12406.txt neg neg:0.999973267112159 pos:2.6732887841147207E-5 
cv930_14949.txt neg neg:0.9999999593864922 pos:4.061350788846031E-8 
cv348_19207.txt neg neg:0.9999997413760904 pos:2.5862390958621526E-7 
cv691_5090.txt neg neg:0.9999999998974223 pos:1.0257773061626177E-10 
cv315_12638.txt neg neg:0.9997847830508491 pos:2.1521694915096852E-4 
cv729_10475.txt neg neg:0.997726845353949 pos:0.002273154646051001 
cv529_10972.txt neg pos:0.7575480709837299 neg:0.24245192901627002 
cv452_5179.txt neg neg:0.8912814936282331 pos:0.10871850637176698 
cv445_26683.txt neg neg:0.9580884856878539 pos:0.04191151431214602 
cv487_11058.txt neg pos:0.9998992039896643 neg:1.0079601033565285E-4 
cv340_14776.txt neg neg:0.9991921416110549 pos:8.078583889451785E-4 
cv903_18981.txt neg neg:0.7183341019061373 pos:0.28166589809386267 
cv680_10533.txt neg neg:0.9999999998079043 pos:1.9209574168294764E-10 
cv998_15691.txt neg neg:0.9971851667317339 pos:0.002814833268266206 
cv268_20288.txt neg neg:0.9999999799465857 pos:2.0053414255358444E-8 
cv825_5168.txt neg neg:0.9994071952105583 pos:5.928047894415437E-4 
cv037_19798.txt neg neg:0.9999986612950986 pos:1.3387049012970107E-6 
cv346_19198.txt neg neg:0.9999970271566063 pos:2.9728433937086247E-6 
cv775_17966.txt neg neg:0.9984114208895174 pos:0.001588579110482573 
cv530_17949.txt neg neg:0.9967903778123418 pos:0.003209622187658062 
cv541_28683.txt neg neg:0.9999839653529309 pos:1.6034647069097644E-5 
cv274_26379.txt neg neg:0.9999906941287104 pos:9.305871289582004E-6 
cv081_18241.txt neg pos:0.9619329153397913 neg:0.03806708466020862 
cv263_20693.txt neg neg:0.9999997787281402 pos:2.2127185973545548E-7 
cv720_5383.txt neg pos:0.9239651628079263 neg:0.07603483719207371 
cv217_28707.txt neg neg:0.9999999999163283 pos:8.367168782411213E-11 
cv379_23167.txt neg neg:0.9477293444076711 pos:0.052270655592329004 
cv482_11233.txt neg neg:0.9999999947066465 pos:5.293353565063264E-9 
cv254_5870.txt neg neg:0.999999988149101 pos:1.1850898909622042E-8 
cv836_14311.txt neg neg:0.9999145982814315 pos:8.540171856852131E-5 
cv373_21872.txt neg pos:0.7769004339771942 neg:0.2230995660228057 
cv241_24602.txt neg neg:0.9999973403808388 pos:2.6596191612285713E-6 
cv253_10190.txt neg neg:0.9999997163181401 pos:2.8368185994390226E-7 
cv234_22123.txt neg neg:0.99999999647413 pos:3.5258700355442975E-9 
cv382_8393.txt neg neg:0.9999671819228519 pos:3.28180771480186E-5 
cv714_19704.txt neg neg:0.9999999904970839 pos:9.502916166073965E-9 
cv016_4348.txt neg neg:0.9999999999998082 pos:1.917379023145769E-13 
cv874_12182.txt neg neg:0.9999999559877609 pos:4.401223909543572E-8 
cv183_19826.txt neg neg:0.9772310394421476 pos:0.022768960557852456 
cv276_17126.txt neg neg:0.9920093634234957 pos:0.007990636576504359 
cv738_10287.txt neg neg:0.9999992029517364 pos:7.970482635699664E-7 
cv938_10706.txt neg neg:0.7569468251732497 pos:0.2430531748267502 
cv583_29465.txt neg neg:0.9712177400906435 pos:0.028782259909356445 
cv726_4365.txt neg neg:0.9999999886020426 pos:1.1397957447164356E-8 
cv793_15235.txt neg neg:0.953323451491431 pos:0.04667654850856886 
cv844_13890.txt neg neg:0.9999999820477562 pos:1.7952243702470015E-8 
cv792_3257.txt neg neg:0.994432128893421 pos:0.005567871106579028 
cv143_21158.txt neg neg:0.9999024688900278 pos:9.753110997234654E-5 
cv392_12238.txt neg neg:0.9586454293175626 pos:0.04135457068243741 
cv465_23401.txt neg neg:0.9999611802619864 pos:3.8819738013532525E-5 
cv017_23487.txt neg neg:0.9999989201688989 pos:1.0798311010728686E-6 
cv561_9484.txt neg neg:0.9999999874406814 pos:1.2559318586506468E-8 
cv543_5107.txt neg neg:0.9999460803660153 pos:5.3919633984611415E-5 
cv730_10729.txt neg neg:0.8163248672334357 pos:0.1836751327665643 
cv387_12391.txt neg neg:0.966139614580426 pos:0.033860385419574174 
cv026_29229.txt neg neg:0.9981088855987414 pos:0.0018911144012584773 
cv420_28631.txt neg neg:0.9999999537087095 pos:4.62912904356825E-8 
cv759_15091.txt neg neg:0.9999999995818776 pos:4.1812252391026914E-10 
cv419_14799.txt neg neg:0.9999999916665231 pos:8.333476966651106E-9 
cv332_17997.txt neg neg:0.9999896765638231 pos:1.0323436176796461E-5 
cv303_27366.txt neg neg:0.9626368253311849 pos:0.0373631746688151 
cv500_10722.txt neg neg:0.9998650573408256 pos:1.3494265917423685E-4 
cv311_17708.txt neg pos:0.5698858627819562 neg:0.4301141372180438 
cv855_22134.txt neg neg:0.9999995070601012 pos:4.929398987277319E-7 
cv389_9611.txt neg neg:0.9952938874112721 pos:0.00470611258872791 
cv474_10682.txt neg neg:0.9999999931368471 pos:6.863152788256288E-9 
cv791_17995.txt neg neg:0.9999099989923629 pos:9.00010076370983E-5 
cv635_0984.txt neg neg:0.9999999999667668 pos:3.3233274698151495E-11 
cv580_15681.txt neg neg:0.5265835125716533 pos:0.4734164874283468 
cv732_13092.txt neg neg:0.9937781287245001 pos:0.006221871275499897 
cv943_23547.txt neg neg:0.9998131923557507 pos:1.8680764424938124E-4 
cv628_20758.txt neg pos:0.9257035254731888 neg:0.07429647452681129 
cv273_28961.txt neg neg:0.9552367564413192 pos:0.044763243558680756 
cv342_20917.txt neg neg:0.5508865530908735 pos:0.4491134469091264 
cv702_12371.txt neg neg:0.9996374011378762 pos:3.6259886212362184E-4 
cv993_29565.txt neg neg:0.9977291580669783 pos:0.002270841933021753 
cv769_8565.txt neg pos:0.9926521610231887 neg:0.007347838976811323 
cv613_23104.txt neg neg:0.9999999863545863 pos:1.3645413811381685E-8 
cv667_19672.txt neg neg:0.999973883584388 pos:2.6116415612074123E-5 
cv957_8737.txt pos pos:0.9999999921593273 neg:7.840672657740051E-9 
cv038_9749.txt pos pos:0.9863291347520277 neg:0.013670865247972334 
cv739_11209.txt pos pos:0.9999999999437155 neg:5.628463346863044E-11 
cv895_21022.txt pos pos:0.9999999982009893 neg:1.7990107980221942E-9 
cv305_9946.txt pos pos:0.9999746492925404 neg:2.5350707459642714E-5 
cv588_13008.txt pos pos:0.9879066881027175 neg:0.012093311897282336 
cv485_26649.txt pos pos:0.9999985889064827 neg:1.4110935173463154E-6 
cv260_13959.txt pos neg:0.5155209465181545 pos:0.4844790534818455 
cv406_21020.txt pos pos:0.9999972594625784 neg:2.7405374215173258E-6 
cv256_14740.txt pos pos:1.0 neg:1.5109479056345043E-20 
cv894_2068.txt pos pos:0.9999924442164405 neg:7.555783559485872E-6 
cv434_5793.txt pos pos:0.9999781374213708 neg:2.1862578629225526E-5 
cv750_10180.txt pos pos:0.9999999999988958 neg:1.1042663863907724E-12 
cv163_10052.txt pos pos:0.999999996674301 neg:3.325699143152055E-9 
cv056_13133.txt pos neg:0.8320215418453576 pos:0.16797845815464238 
cv030_21593.txt pos pos:0.8521997158185505 neg:0.14780028418144955 
cv195_14528.txt pos pos:0.9967806264050043 neg:0.003219373594995607 
cv415_22517.txt pos pos:0.9999990364576323 neg:9.635423676944317E-7 
cv915_8841.txt pos neg:0.9591475608869162 pos:0.04085243911308376 
cv948_24606.txt pos pos:0.9965019680449276 neg:0.003498031955072368 
cv602_8300.txt pos pos:0.9999889284546829 neg:1.1071545317186792E-5 
cv874_11236.txt pos pos:0.9993236662036725 neg:6.763337963275032E-4 
cv717_15953.txt pos pos:0.9999982638151269 neg:1.7361848730533026E-6 
cv494_17389.txt pos pos:0.9999988806422302 neg:1.1193577698444171E-6 
cv838_24728.txt pos pos:0.9887877779037999 neg:0.011212222096200137 
cv847_1941.txt pos pos:0.99978701504585 neg:2.1298495414998704E-4 
cv827_18331.txt pos pos:0.9562816445535144 neg:0.043718355446485724 
cv825_5063.txt pos pos:0.6609307613544668 neg:0.3390692386455331 
cv710_22577.txt pos pos:0.9999115505658503 neg:8.844943414968027E-5 
cv317_24049.txt pos pos:0.9999999993684272 neg:6.315728450648686E-10 
cv437_22849.txt pos pos:0.9999990994042752 neg:9.005957247616956E-7 
cv923_11051.txt pos pos:0.9999719946309591 neg:2.8005369040928655E-5 
cv016_4659.txt pos pos:0.9997078996042965 neg:2.921003957035942E-4 
cv295_15570.txt pos neg:0.5190166199521924 pos:0.4809833800478076 
cv870_16348.txt pos pos:0.9999941768111784 neg:5.823188821581721E-6 
cv119_9867.txt pos pos:0.9987589477138517 neg:0.001241052286148368 
cv627_11620.txt pos pos:0.9999240669377737 neg:7.593306222638077E-5 
cv963_6895.txt pos neg:0.999993809174711 pos:6.190825289061576E-6 
cv732_12245.txt pos pos:0.989907976272892 neg:0.010092023727108004 
cv525_16122.txt pos pos:0.9999773465714319 neg:2.2653428568247586E-5 
cv608_23231.txt pos neg:0.9373317286350841 pos:0.06266827136491593 
cv427_10825.txt pos pos:0.8725048636749396 neg:0.12749513632506032 
cv756_22540.txt pos pos:0.9051430894020043 neg:0.09485691059799585 
cv994_12270.txt pos neg:0.9997022667851997 pos:2.977332148002865E-4 
cv928_9168.txt pos pos:0.9955581821212971 neg:0.004441817878702816 
cv879_14903.txt pos pos:0.9999989061369731 neg:1.0938630269378613E-6 
cv167_16376.txt pos pos:0.9999999912527872 neg:8.747212899443298E-9 
cv134_22246.txt pos pos:0.9999999999994982 neg:5.01717545519874E-13 
cv126_28971.txt pos neg:0.9902250765549366 pos:0.009774923445063366 
cv632_9610.txt pos pos:0.9999993657639891 neg:6.342360109276488E-7 
cv991_18645.txt pos neg:0.5438951330721291 pos:0.4561048669278709 
cv530_16212.txt pos pos:0.9975162260363889 neg:0.0024837739636111933 
cv552_10016.txt pos pos:0.9999990001009728 neg:9.99899027156775E-7 
cv673_24714.txt pos neg:0.9998348960613432 pos:1.651039386567578E-4 
cv265_10814.txt pos pos:0.999999964548652 neg:3.545134794085092E-8 
cv446_11353.txt pos neg:0.9520964652050011 pos:0.04790353479499887 
cv973_10066.txt pos pos:0.9999999977858203 neg:2.2141796487883465E-9 
cv883_27751.txt pos pos:0.9912845937690206 neg:0.008715406230979324 
cv942_17082.txt pos neg:0.9037478742573082 pos:0.09625212574269183 
cv399_2877.txt pos pos:0.999722392613476 neg:2.776073865240983E-4 
cv733_9839.txt pos pos:0.9999995731757269 neg:4.268242732453219E-7 
cv921_12747.txt pos pos:0.9896241307245566 neg:0.010375869275443273 
cv954_18628.txt pos pos:0.8279472147372272 neg:0.17205278526277284 
cv149_15670.txt pos neg:0.9996184830090312 pos:3.8151699096875853E-4 
cv081_16582.txt pos pos:0.999999844923586 neg:1.550764140034375E-7 
cv113_23102.txt pos pos:0.9999998923080196 neg:1.0769198029295559E-7 
cv477_22479.txt pos pos:0.9999996193940713 neg:3.806059286085317E-7 
cv744_10038.txt pos neg:0.9692555167264363 pos:0.03074448327356379 
cv501_11657.txt pos pos:1.0 neg:4.137171387612841E-17 
cv747_16556.txt pos pos:0.9997778763357823 neg:2.2212366421775983E-4 
cv268_18834.txt pos pos:0.6152005448720695 neg:0.3847994551279304 
cv489_17906.txt pos neg:0.9919079180805314 pos:0.00809208191946862 
cv540_3421.txt pos pos:0.998045255957336 neg:0.0019547440426641305 
cv442_13846.txt pos neg:0.8838004386556243 pos:0.1161995613443758 
cv757_10189.txt pos pos:0.9151182102489225 neg:0.08488178975107759 
cv843_15544.txt pos pos:0.9999979638765968 neg:2.036123403098563E-6 
cv441_13711.txt pos pos:0.9848227281950919 neg:0.01517727180490809 
cv900_10331.txt pos pos:0.9999999999997531 neg:2.4681467138826697E-13 
cv500_10251.txt pos neg:0.9842486869931045 pos:0.015751313006895445 
cv714_18502.txt pos pos:0.9924946679582908 neg:0.0075053320417092 
cv001_18431.txt pos pos:0.5971080092176666 neg:0.4028919907823335 
cv537_12370.txt pos neg:0.9672698792097779 pos:0.03273012079022211 
cv858_18819.txt pos pos:0.9993921427616312 neg:6.078572383687075E-4 
cv278_13041.txt pos pos:0.9022766549304712 neg:0.097723345069529 
cv032_22550.txt pos pos:0.9999999999991027 neg:8.971723788792627E-13 
cv217_28842.txt pos pos:0.976592487692368 neg:0.023407512307631963 
cv017_22464.txt pos pos:0.999999999875802 neg:1.241979524106622E-10 
cv321_12843.txt pos neg:0.8202899221614521 pos:0.17971007783854792 
cv068_13400.txt pos pos:0.507737179163923 neg:0.492262820836077 
cv123_11182.txt pos pos:0.9999802455823443 neg:1.9754417655762796E-5 
cv251_22636.txt pos pos:0.6382750283938267 neg:0.36172497160617334 
cv932_13401.txt pos neg:0.9999999899396582 pos:1.0060341823029799E-8 
cv614_10626.txt pos pos:0.9859965487583647 neg:0.01400345124163531 
cv792_3832.txt pos pos:0.6400384606871273 neg:0.3599615393128726 
cv671_5054.txt pos pos:0.999999556498564 neg:4.4350143611929404E-7 
cv440_15243.txt pos pos:0.9999994233169626 neg:5.766830373800678E-7 
cv772_12119.txt pos pos:0.9999999964652055 neg:3.5347944116389454E-9 
cv976_10267.txt pos pos:0.9999369541242747 neg:6.304587572521496E-5 
cv679_28559.txt pos pos:0.9999999805024612 neg:1.9497538688050698E-8 
cv076_24945.txt pos pos:0.9999949028488718 neg:5.09715112829111E-6 
Trial 0 Trainer MaxEntTrainer,gaussianPriorVariance=1.0 Training Data Confusion Matrix
Confusion Matrix, row=true, column=predicted  accuracy=1.0
  label   0   1  |total
  0 neg 900   .  |900
  1 pos   . 900  |900

Trial 0 Trainer MaxEntTrainer,gaussianPriorVariance=1.0 training data accuracy= 1.0
Trial 0 Trainer MaxEntTrainer,gaussianPriorVariance=1.0 Test Data Confusion Matrix
Confusion Matrix, row=true, column=predicted  accuracy=0.835
  label   0   1  |total
  0 neg  87  13  |100
  1 pos  20  80  |100

Trial 0 Trainer MaxEntTrainer,gaussianPriorVariance=1.0 test data accuracy= 0.835

MaxEntTrainer,gaussianPriorVariance=1.0
Summary. train accuracy mean = 1.0 stddev = 0.0 stderr = 0.0
Summary. test accuracy mean = 0.835 stddev = 0.0 stderr = 0.0
