
-------------------- Trial 0  --------------------

Trial 0 Training MaxEntTrainer,gaussianPriorVariance=1.0 with 1800 instances
Trial 0 Training MaxEntTrainer,gaussianPriorVariance=1.0 finished
Trial 0 Trainer MaxEntTrainer,gaussianPriorVariance=1.0
 Raw Testing Data
cv873_19937.txt neg neg:0.9939786091986836 pos:0.006021390801316455 
cv789_12991.txt neg neg:0.9990170530791017 pos:9.829469208981795E-4 
cv369_14245.txt neg neg:0.9998082245384967 pos:1.9177546150314545E-4 
cv400_20631.txt neg pos:0.9828068062154521 neg:0.017193193784547985 
cv785_23748.txt neg pos:0.9704507990933113 neg:0.02954920090668856 
cv363_29273.txt neg pos:0.9809902060408947 neg:0.019009793959105264 
cv321_14191.txt neg neg:0.8678445368579651 pos:0.1321554631420348 
cv394_5311.txt neg neg:0.9999999999496685 pos:5.0331575638744384E-11 
cv614_11320.txt neg neg:0.9999989532631265 pos:1.046736873635028E-6 
cv567_29420.txt neg neg:0.9978102152790977 pos:0.0021897847209022096 
cv158_10914.txt neg neg:0.9829861532841467 pos:0.01701384671585326 
cv878_17204.txt neg neg:0.9990710121817421 pos:9.28987818258007E-4 
cv237_20635.txt neg pos:0.999403003875055 neg:5.969961249450777E-4 
cv413_7893.txt neg neg:0.999999105273088 pos:8.947269120672168E-7 
cv139_14236.txt neg neg:0.999762335140636 pos:2.3766485936406963E-4 
cv214_13285.txt neg pos:0.7569445148093525 neg:0.2430554851906474 
cv240_15948.txt neg pos:0.9719531542026093 neg:0.02804684579739077 
cv856_28882.txt neg neg:0.9990322351821533 pos:9.677648178466877E-4 
cv813_6649.txt neg neg:0.9999815742348077 pos:1.8425765192237183E-5 
cv447_27334.txt neg neg:0.9999824282401808 pos:1.7571759819104656E-5 
cv291_26844.txt neg neg:0.9994105181816579 pos:5.894818183420452E-4 
cv979_2029.txt neg neg:0.9999534021662563 pos:4.659783374370073E-5 
cv471_18405.txt neg neg:0.9999001313755539 pos:9.986862444616299E-5 
cv781_5358.txt neg neg:0.9999369481987417 pos:6.305180125838679E-5 
cv604_23339.txt neg neg:0.7941783884321401 pos:0.20582161156785994 
cv546_12723.txt neg neg:0.999963330017786 pos:3.66699822140014E-5 
cv660_23140.txt neg neg:0.9999878526499485 pos:1.2147350051463131E-5 
cv388_12810.txt neg pos:0.8543193385036053 neg:0.1456806614963947 
cv222_18720.txt neg neg:0.9999033086529958 pos:9.669134700428263E-5 
cv796_17243.txt neg pos:0.9429121302753777 neg:0.0570878697246222 
cv035_3343.txt neg neg:0.8929174855232431 pos:0.10708251447675689 
cv655_12055.txt neg neg:0.9995580584206433 pos:4.419415793568717E-4 
cv942_18509.txt neg neg:0.943463115227877 pos:0.05653688477212316 
cv358_11557.txt neg neg:0.999683586728479 pos:3.1641327152102185E-4 
cv621_15984.txt neg neg:0.9998322627775814 pos:1.677372224186346E-4 
cv319_16459.txt neg neg:0.9999748174861436 pos:2.5182513856296144E-5 
cv289_6239.txt neg neg:0.6052375326954124 pos:0.3947624673045877 
cv568_17065.txt neg neg:0.999937734099733 pos:6.226590026693258E-5 
cv112_12178.txt neg neg:0.9999782117718444 pos:2.178822815567263E-5 
cv194_12855.txt neg neg:0.9584543831863399 pos:0.04154561681366012 
cv610_24153.txt neg pos:0.9991190676733881 neg:8.8093232661182E-4 
cv842_5702.txt neg neg:0.9999870246165251 pos:1.2975383474972324E-5 
cv748_14044.txt neg neg:0.9991589694112196 pos:8.41030588780487E-4 
cv690_5425.txt neg pos:0.9283459538441476 neg:0.0716540461558525 
cv160_10848.txt neg neg:0.9791443570243652 pos:0.02085564297563482 
cv283_11963.txt neg neg:0.9997256747223136 pos:2.7432527768635385E-4 
cv658_11186.txt neg neg:0.9837861529560621 pos:0.01621384704393789 
cv136_12384.txt neg neg:0.9997915732268885 pos:2.0842677311151515E-4 
cv189_24248.txt neg pos:0.8418226134945904 neg:0.15817738650540966 
cv770_11061.txt neg neg:0.9999999915304411 pos:8.46955894703563E-9 
cv059_28723.txt neg neg:0.9397672966428318 pos:0.06023270335716816 
cv323_29633.txt neg neg:0.9999999999199252 pos:8.00747813822765E-11 
cv992_12806.txt neg neg:0.9999972945235652 pos:2.7054764346313335E-6 
cv444_9975.txt neg pos:0.872684400170164 neg:0.1273155998298359 
cv673_25874.txt neg neg:0.9999876304151718 pos:1.2369584828196817E-5 
cv203_19052.txt neg neg:0.8651922737162457 pos:0.13480772628375434 
cv952_26375.txt neg pos:0.7287075753737859 neg:0.27129242462621395 
cv498_9288.txt neg neg:0.9832012531212968 pos:0.01679874687870329 
cv670_2666.txt neg neg:0.9500982915695418 pos:0.049901708430458186 
cv765_20429.txt neg neg:0.9984354886518577 pos:0.0015645113481422804 
cv505_12926.txt neg neg:0.9999999778044899 pos:2.2195510132784486E-8 
cv677_18938.txt neg neg:0.9999527685788203 pos:4.72314211798366E-5 
cv841_3367.txt neg neg:0.9883474470773016 pos:0.011652552922698433 
cv383_14662.txt neg neg:0.9975468751170252 pos:0.002453124882974863 
cv353_19197.txt neg pos:0.5242699659834432 neg:0.4757300340165567 
cv063_28852.txt neg neg:0.9999999966906015 pos:3.3093985505805134E-9 
cv146_19587.txt neg neg:0.8125128644810526 pos:0.18748713551894744 
cv970_19532.txt neg neg:0.9982108019033814 pos:0.0017891980966186602 
cv107_25639.txt neg neg:0.9657105935260502 pos:0.03428940647394981 
cv972_26837.txt neg pos:0.9999947755419694 neg:5.224458030579702E-6 
cv761_13769.txt neg pos:0.9830780847592623 neg:0.016921915240737762 
cv175_7375.txt neg neg:0.9999998370687216 pos:1.629312784426532E-7 
cv868_12799.txt neg pos:0.9125808575457969 neg:0.08741914245420318 
cv743_17023.txt neg neg:0.9863076403303274 pos:0.013692359669672784 
cv542_20359.txt neg pos:0.999057546460456 neg:9.424535395441242E-4 
cv946_20084.txt neg neg:0.9999998483915845 pos:1.5160841555564976E-7 
cv962_9813.txt neg neg:0.9989464054568826 pos:0.0010535945431173158 
cv864_3087.txt neg neg:0.9995756007558108 pos:4.243992441893044E-4 
cv600_25043.txt neg pos:0.961066593875886 neg:0.038933406124113876 
cv636_16954.txt neg neg:0.9999999905736395 pos:9.42636040426238E-9 
cv760_8977.txt neg neg:0.9994711432144824 pos:5.288567855176297E-4 
cv809_5012.txt neg neg:0.984890748658808 pos:0.015109251341192042 
cv668_18848.txt neg neg:0.9999986834567434 pos:1.3165432566268415E-6 
cv215_23246.txt neg neg:0.973646571680932 pos:0.026353428319068006 
cv554_14678.txt neg neg:0.9727324226190932 pos:0.027267577380906644 
cv110_27832.txt neg neg:0.8653629601423866 pos:0.1346370398576134 
cv976_10724.txt neg pos:0.8111880932332677 neg:0.1888119067667324 
cv674_11593.txt neg neg:0.9583533299517049 pos:0.04164667004829513 
cv663_14484.txt neg neg:0.9586207280778989 pos:0.041379271922101 
cv265_11625.txt neg neg:0.9999998972075065 pos:1.0279249346761076E-7 
cv142_23657.txt neg pos:0.860539803628533 neg:0.1394601963714671 
cv227_25406.txt neg neg:0.9998664775448179 pos:1.3352245518205021E-4 
cv186_2396.txt neg neg:0.9999992791626178 pos:7.208373821614122E-7 
cv902_13217.txt neg neg:0.9999629824501391 pos:3.7017549860739055E-5 
cv758_9740.txt neg neg:0.9999981696676675 pos:1.8303323323634756E-6 
cv927_11471.txt neg neg:0.6820649708292277 pos:0.3179350291707723 
cv734_22821.txt neg neg:0.8060673568905521 pos:0.19393264310944797 
cv513_7236.txt neg neg:0.9999999995326401 pos:4.673599878596494E-10 
cv051_10751.txt neg neg:0.9994335669241858 pos:5.664330758141672E-4 
cv457_19546.txt neg neg:0.9941857584353325 pos:0.005814241564667376 
cv998_14111.txt pos pos:0.9994460057995023 neg:5.539942004976945E-4 
cv187_12829.txt pos pos:0.9999996524871633 neg:3.4751283672846536E-7 
cv269_21732.txt pos pos:0.9999840943716009 neg:1.5905628399246742E-5 
cv951_10926.txt pos pos:0.9655889851888791 neg:0.03441101481112082 
cv127_14711.txt pos neg:0.9703969321120823 pos:0.029603067887917757 
cv439_15970.txt pos pos:0.9998611740722961 neg:1.3882592770388685E-4 
cv330_29809.txt pos neg:0.6253309411938495 pos:0.37466905880615053 
cv661_2450.txt pos pos:0.9999996750309005 neg:3.2496909958438136E-7 
cv694_4876.txt pos pos:0.9899292673832806 neg:0.010070732616719482 
cv863_7424.txt pos pos:0.9978356012244906 neg:0.002164398775509555 
cv836_12968.txt pos pos:0.5507767865102797 neg:0.4492232134897203 
cv517_19219.txt pos pos:0.999754985480592 neg:2.450145194078926E-4 
cv312_29377.txt pos pos:0.9996290797316171 neg:3.709202683829411E-4 
cv740_12445.txt pos pos:0.9691364669795021 neg:0.030863533020498005 
cv194_12079.txt pos neg:0.6335396195597081 pos:0.366460380440292 
cv907_3541.txt pos pos:0.6021284796333588 neg:0.39787152036664114 
cv950_12350.txt pos pos:0.9963578500434223 neg:0.0036421499565777835 
cv467_25773.txt pos pos:0.9020127811147362 neg:0.09798721888526393 
cv680_10160.txt pos pos:0.999875692235113 neg:1.2430776488691145E-4 
cv746_10147.txt pos pos:0.9999668783105808 neg:3.31216894192184E-5 
cv211_9953.txt pos pos:0.9999999956507679 neg:4.3492320415524355E-9 
cv770_10451.txt pos pos:0.9999946578294008 neg:5.342170599254108E-6 
cv835_19159.txt pos pos:0.9667496253754476 neg:0.03325037462455248 
cv544_5108.txt pos pos:0.9838337074154306 neg:0.01616629258456932 
cv164_22447.txt pos pos:0.9975857931977128 neg:0.002414206802287314 
cv316_6370.txt pos pos:0.9873085639722693 neg:0.012691436027730672 
cv513_6923.txt pos pos:0.9652574115273855 neg:0.03474258847261443 
cv496_10530.txt pos pos:0.9997914842020306 neg:2.0851579796941775E-4 
cv653_19583.txt pos pos:0.9999999791230809 neg:2.0876919034562732E-8 
cv128_29627.txt pos pos:0.9994598491686283 neg:5.401508313717882E-4 
cv429_7439.txt pos pos:0.9999530711822523 neg:4.6928817747726354E-5 
cv601_23453.txt pos pos:0.9999999357344863 neg:6.426551355967465E-8 
cv010_29198.txt pos pos:0.9992050635202355 neg:7.949364797645924E-4 
cv881_13254.txt pos neg:0.7762588502377302 pos:0.22374114976226983 
cv837_27325.txt pos pos:0.9999999994719915 neg:5.280085567856905E-10 
cv246_28807.txt pos pos:0.9206185058327077 neg:0.07938149416729227 
cv426_10421.txt pos pos:0.9943874392680659 neg:0.005612560731934025 
cv145_11472.txt pos neg:0.533332631238567 pos:0.466667368761433 
cv111_11473.txt pos pos:0.7283861205342576 neg:0.27161387946574245 
cv433_10144.txt pos pos:1.0 neg:1.8447980752027784E-17 
cv100_11528.txt pos pos:0.9999843153096529 neg:1.5684690346951402E-5 
cv003_11664.txt pos pos:0.9999999957997072 neg:4.200292768102395E-9 
cv389_9369.txt pos pos:0.7806451978910163 neg:0.21935480210898375 
cv669_22995.txt pos pos:0.9999816531095709 neg:1.834689042911477E-5 
cv234_20643.txt pos pos:0.9003023829568652 neg:0.09969761704313475 
cv319_14727.txt pos pos:0.9755348545759859 neg:0.0244651454240141 
cv535_19728.txt pos neg:0.5139762818719532 pos:0.4860237181280468 
cv116_28942.txt pos pos:0.9787362202996019 neg:0.021263779700398108 
cv093_13951.txt pos pos:0.9988980628567005 neg:0.0011019371432994896 
cv244_21649.txt pos neg:0.7234150116302206 pos:0.27658498836977935 
cv095_28892.txt pos pos:0.7680069999408717 neg:0.23199300005912826 
cv966_28832.txt pos pos:0.999909526623216 neg:9.04733767839694E-5 
cv665_29538.txt pos pos:0.8157263671626314 neg:0.18427363283736864 
cv650_14340.txt pos pos:0.9999997685736541 neg:2.314263458239975E-7 
cv711_11665.txt pos pos:0.9993643605469003 neg:6.356394530996762E-4 
cv151_15771.txt pos pos:0.9997767250479878 neg:2.2327495201212593E-4 
cv551_10565.txt pos pos:0.998410307626619 neg:0.001589692373380967 
cv490_17872.txt pos pos:0.9997050592131019 neg:2.949407868981737E-4 
cv025_3108.txt pos neg:0.9952663335385753 pos:0.00473366646142475 
cv361_28944.txt pos pos:0.8763568430926153 neg:0.12364315690738466 
cv357_13156.txt pos pos:0.9999693373442192 neg:3.0662655780803486E-5 
cv749_17765.txt pos pos:0.9794961355227272 neg:0.020503864477272933 
cv254_6027.txt pos neg:0.9620769982407879 pos:0.03792300175921225 
cv642_29867.txt pos pos:0.9999775280380351 neg:2.2471961964844426E-5 
cv221_2695.txt pos neg:0.8994046588042446 pos:0.1005953411957555 
cv200_2915.txt pos pos:0.6468942077012995 neg:0.3531057922987004 
cv947_10601.txt pos pos:0.878776620432407 neg:0.12122337956759302 
cv655_11154.txt pos neg:0.7732270585121351 pos:0.22677294148786475 
cv890_3977.txt pos pos:0.6988822707371176 neg:0.3011177292628824 
cv142_22516.txt pos pos:0.9971520264946018 neg:0.0028479735053981723 
cv924_29540.txt pos pos:0.9997353420837481 neg:2.646579162518467E-4 
cv676_21090.txt pos pos:0.9999999607519059 neg:3.92480941209942E-8 
cv069_10801.txt pos pos:0.9999974194623128 neg:2.580537687343829E-6 
cv371_7630.txt pos pos:0.9980854481905977 neg:0.0019145518094022785 
cv252_23779.txt pos pos:0.9999862469978603 neg:1.3753002139645512E-5 
cv338_8821.txt pos neg:0.6412147590949706 pos:0.35878524090502945 
cv896_16071.txt pos pos:0.8845788216264029 neg:0.11542117837359715 
cv615_14182.txt pos pos:0.9627429989373408 neg:0.03725700106265928 
cv794_15868.txt pos pos:0.9636567809456422 neg:0.0363432190543578 
cv083_24234.txt pos neg:0.7954344047234889 pos:0.20456559527651097 
cv040_8276.txt pos neg:0.9993371085559042 pos:6.628914440956657E-4 
cv652_13972.txt pos pos:0.999898026914222 neg:1.0197308577794853E-4 
cv192_14395.txt pos pos:0.9985088849269874 neg:0.0014911150730126071 
cv084_13566.txt pos pos:0.9999702775545063 neg:2.972244549366336E-5 
cv616_29319.txt pos pos:0.998025450367821 neg:0.0019745496321790447 
cv885_12318.txt pos pos:0.9735486963959448 neg:0.026451303604055194 
cv801_25228.txt pos neg:0.741109523837801 pos:0.258890476162199 
cv108_15571.txt pos pos:0.9889550565318517 neg:0.011044943468148235 
cv753_10875.txt pos pos:0.9999559937294842 neg:4.4006270515751826E-5 
cv332_16307.txt pos pos:0.9999960868507122 neg:3.913149287849788E-6 
cv990_11591.txt pos pos:0.99754788965872 neg:0.0024521103412800498 
cv593_10987.txt pos pos:0.9976993067403673 neg:0.002300693259632652 
cv488_19856.txt pos pos:0.998561903276446 neg:0.001438096723554033 
cv219_18626.txt pos neg:0.5377245475949192 pos:0.4622754524050808 
cv955_25001.txt pos neg:0.7526084832858226 pos:0.24739151671417725 
cv864_3416.txt pos pos:0.9672746610542599 neg:0.03272533894574012 
cv904_24353.txt pos pos:0.5605124432291865 neg:0.4394875567708134 
cv538_28667.txt pos pos:0.9999998959265184 neg:1.0407348157194552E-7 
cv521_15828.txt pos pos:0.9999999683386372 neg:3.1661362822389554E-8 
cv518_13331.txt pos neg:0.7166506414737632 pos:0.2833493585262367 
Trial 0 Trainer MaxEntTrainer,gaussianPriorVariance=1.0 Training Data Confusion Matrix
Confusion Matrix, row=true, column=predicted  accuracy=1.0
  label   0   1  |total
  0 neg 900   .  |900
  1 pos   . 900  |900

Trial 0 Trainer MaxEntTrainer,gaussianPriorVariance=1.0 training data accuracy= 1.0
Trial 0 Trainer MaxEntTrainer,gaussianPriorVariance=1.0 Test Data Confusion Matrix
Confusion Matrix, row=true, column=predicted  accuracy=0.805
  label   0   1  |total
  0 neg  79  21  |100
  1 pos  18  82  |100

Trial 0 Trainer MaxEntTrainer,gaussianPriorVariance=1.0 test data accuracy= 0.805

MaxEntTrainer,gaussianPriorVariance=1.0
Summary. train accuracy mean = 1.0 stddev = 0.0 stderr = 0.0
Summary. test accuracy mean = 0.805 stddev = 0.0 stderr = 0.0
