
-------------------- Trial 0  --------------------

Trial 0 Training MaxEntTrainer,gaussianPriorVariance=1.0 with 1800 instances
Trial 0 Training MaxEntTrainer,gaussianPriorVariance=1.0 finished
Trial 0 Trainer MaxEntTrainer,gaussianPriorVariance=1.0
 Raw Testing Data
cv829_21725.txt neg neg:0.998393970347777 pos:0.001606029652222993 
cv128_29444.txt neg neg:0.9845711031071628 pos:0.015428896892837114 
cv341_25667.txt neg neg:0.9999994536733636 pos:5.463266363556968E-7 
cv192_16079.txt neg neg:0.9998494533080438 pos:1.505466919562485E-4 
cv510_24758.txt neg neg:0.9984239577715976 pos:0.0015760422284022489 
cv695_22268.txt neg neg:0.9999998023275798 pos:1.9767242017149734E-7 
cv767_15673.txt neg pos:0.989141789468424 neg:0.010858210531575926 
cv490_18986.txt neg neg:0.9994968322248092 pos:5.031677751906238E-4 
cv697_12106.txt neg pos:0.982012586197582 neg:0.017987413802418067 
cv398_17047.txt neg neg:0.9999845811372498 pos:1.541886275021841E-5 
cv409_29625.txt neg pos:0.6639099056492253 neg:0.3360900943507747 
cv147_22625.txt neg pos:0.7891278767130346 neg:0.21087212328696547 
cv839_22807.txt neg neg:0.9999820886419801 pos:1.791135801993813E-5 
cv787_15277.txt neg neg:0.9999519495379082 pos:4.8050462091793434E-5 
cv593_11931.txt neg neg:0.9999976930460922 pos:2.3069539077712827E-6 
cv590_20712.txt neg neg:0.9291912376184477 pos:0.07080876238155225 
cv870_18090.txt neg neg:0.9987840075218459 pos:0.0012159924781541492 
cv057_7962.txt neg neg:0.983593268598576 pos:0.016406731401423975 
cv753_11812.txt neg neg:0.9999938714408407 pos:6.128559159311948E-6 
cv292_7804.txt neg neg:0.9999999699845004 pos:3.00154996055751E-8 
cv637_13682.txt neg neg:0.9998311225277516 pos:1.6887747224832804E-4 
cv027_26270.txt neg neg:0.9999999642560211 pos:3.574397887679878E-8 
cv589_12853.txt neg neg:0.9999999974900751 pos:2.5099249837504756E-9 
cv212_10054.txt neg neg:0.999999998444234 pos:1.5557658900058068E-9 
cv693_19147.txt neg neg:0.7148655506438294 pos:0.2851344493561707 
cv528_11669.txt neg neg:0.9954845404493644 pos:0.004515459550635517 
cv009_29417.txt neg neg:0.9999984617202307 pos:1.5382797693334059E-6 
cv778_18629.txt neg neg:0.9934520600397813 pos:0.006547939960218756 
cv717_17472.txt neg neg:0.999995280853216 pos:4.719146784082447E-6 
cv828_21392.txt neg neg:0.991734891753847 pos:0.008265108246153103 
cv280_8651.txt neg neg:0.9999959657720104 pos:4.034227989532077E-6 
cv067_21192.txt neg neg:0.9999375139446526 pos:6.248605534749725E-5 
cv272_20313.txt neg neg:0.9999997062094407 pos:2.9379055931214827E-7 
cv925_9459.txt neg neg:0.9873312424787128 pos:0.012668757521287183 
cv412_25254.txt neg neg:0.9999999999447045 pos:5.5295521672734203E-11 
cv616_29187.txt neg pos:0.8934969952981574 neg:0.10650300470184253 
cv041_22364.txt neg neg:0.7354610573319094 pos:0.2645389426680907 
cv934_20426.txt neg neg:0.9999999997561722 pos:2.438278111666521E-10 
cv122_7891.txt neg neg:0.9999483478308284 pos:5.16521691716725E-5 
cv249_12674.txt neg neg:0.9999578667335632 pos:4.213326643672003E-5 
cv888_25678.txt neg neg:0.5555250609265089 pos:0.44447493907349117 
cv262_13812.txt neg pos:0.8224512072907425 neg:0.1775487927092575 
cv294_12695.txt neg neg:0.9825976779274593 pos:0.017402322072540766 
cv403_6721.txt neg neg:0.9999964720767507 pos:3.5279232493109196E-6 
cv306_10859.txt neg neg:0.9960213879219141 pos:0.003978612078086009 
cv159_29374.txt neg neg:0.9338683468158582 pos:0.06613165318414194 
cv023_13847.txt neg neg:0.650504353066987 pos:0.34949564693301305 
cv685_5710.txt neg neg:0.99763383220938 pos:0.002366167790619966 
cv512_17618.txt neg neg:0.9999885676583169 pos:1.143234168303289E-5 
cv639_10797.txt neg neg:0.9704764101654244 pos:0.029523589834575658 
cv243_22164.txt neg neg:0.9186091829629839 pos:0.08139081703701623 
cv653_2107.txt neg neg:0.9999990325079505 pos:9.674920493883954E-7 
cv485_26879.txt neg neg:0.9999984802684411 pos:1.519731558887763E-6 
cv068_14810.txt neg pos:0.7504958221065312 neg:0.2495041778934688 
cv404_21805.txt neg neg:0.9999993947601836 pos:6.052398162428479E-7 
cv113_24354.txt neg neg:0.9999971676190463 pos:2.832380953679658E-6 
cv597_26744.txt neg neg:0.9999999078200036 pos:9.217999654072737E-8 
cv266_26644.txt neg pos:0.6154530455686519 neg:0.3845469544313482 
cv455_28866.txt neg pos:0.7670880004738422 neg:0.23291199952615782 
cv440_16891.txt neg neg:0.7809534421293554 pos:0.21904655787064461 
cv506_17521.txt neg neg:0.7773465704986554 pos:0.22265342950134462 
cv032_23718.txt neg pos:0.9500345362296151 neg:0.049965463770384785 
cv055_8926.txt neg neg:0.9997610538982439 pos:2.3894610175613572E-4 
cv971_11790.txt neg neg:0.9993844331719743 pos:6.155668280256495E-4 
cv179_9533.txt neg neg:0.7782084713220424 pos:0.22179152867795757 
cv893_26731.txt neg neg:0.9999999972421192 pos:2.7578808078902065E-9 
cv042_11927.txt neg neg:0.880626541204576 pos:0.11937345879542417 
cv989_17297.txt neg neg:0.9999332301937702 pos:6.676980622963034E-5 
cv003_12683.txt neg neg:0.9960170798732002 pos:0.003982920126799842 
cv857_17527.txt neg neg:0.885271388363348 pos:0.11472861163665198 
cv606_17672.txt neg neg:0.9998780712395342 pos:1.2192876046582973E-4 
cv797_7245.txt neg neg:0.8930976205252732 pos:0.10690237947472665 
cv866_29447.txt neg neg:0.8946111459599039 pos:0.10538885404009624 
cv125_9636.txt neg neg:0.9967058690129708 pos:0.0032941309870293217 
cv086_19488.txt neg neg:0.9999998993204461 pos:1.0067955377861766E-7 
cv605_12730.txt neg pos:0.9989832713985003 neg:0.0010167286014996077 
cv941_10718.txt neg pos:0.9999599478061401 neg:4.0052193860061015E-5 
cv193_5393.txt neg pos:0.6421595284589027 neg:0.3578404715410974 
cv184_26935.txt neg neg:0.9999941192114099 pos:5.8807885902196085E-6 
cv045_25077.txt neg neg:0.9231138205531955 pos:0.07688617944680452 
cv914_2856.txt neg neg:0.9970378986739362 pos:0.002962101326063758 
cv630_10152.txt neg neg:0.9999724792985615 pos:2.7520701438465584E-5 
cv239_29828.txt neg neg:0.5660410535576235 pos:0.4339589464423765 
cv336_10363.txt neg neg:0.9999994628704619 pos:5.371295380131972E-7 
cv372_6654.txt neg neg:0.9952983704341134 pos:0.004701629565886688 
cv204_8930.txt neg neg:0.999928472047542 pos:7.152795245805039E-5 
cv395_11761.txt neg neg:0.9986538447902547 pos:0.001346155209745349 
cv815_23466.txt neg neg:0.9989584862233051 pos:0.0010415137766949696 
cv520_13297.txt neg neg:0.9074457482285337 pos:0.09255425177146612 
cv651_11120.txt neg neg:0.9990184296504723 pos:9.815703495277312E-4 
cv508_17742.txt neg neg:0.9966235987243847 pos:0.003376401275615357 
cv079_12766.txt neg neg:0.9999999887151835 pos:1.12848165120523E-8 
cv752_25330.txt neg neg:0.7952309390908827 pos:0.2047690609091173 
cv629_16604.txt neg neg:0.9790599270609001 pos:0.020940072939099906 
cv556_16563.txt neg neg:0.995644942568014 pos:0.004355057431985962 
cv907_3193.txt neg neg:0.9959041249058401 pos:0.0040958750941597795 
cv977_4776.txt neg neg:0.9999903501092549 pos:9.649890745114751E-6 
cv776_21934.txt neg neg:0.9993321269118665 pos:6.678730881336072E-4 
cv080_14899.txt neg neg:0.9997498896254681 pos:2.5011037453197927E-4 
cv074_7188.txt neg neg:0.9999938050747714 pos:6.194925228453348E-6 
cv598_16452.txt pos pos:0.989416354581312 neg:0.010583645418688042 
cv412_24095.txt pos pos:0.9963733971143662 neg:0.0036266028856338085 
cv351_15458.txt pos pos:0.9999787837975409 neg:2.121620245904996E-5 
cv641_12349.txt pos pos:0.9833112075295016 neg:0.016688792470498436 
cv798_23531.txt pos pos:0.5595508957775881 neg:0.44044910422241185 
cv524_23627.txt pos pos:0.9999290476930939 neg:7.095230690610714E-5 
cv626_7410.txt pos pos:0.9987299954468694 neg:0.0012700045531307172 
cv688_7368.txt pos pos:0.9988994947567732 neg:0.0011005052432267568 
cv152_8736.txt pos pos:0.9999062216241963 neg:9.377837580374627E-5 
cv784_14394.txt pos pos:0.7692888703566306 neg:0.23071112964336946 
cv162_10424.txt pos neg:0.9999855564253964 pos:1.4443574603597808E-5 
cv284_19119.txt pos pos:0.9998496162429198 neg:1.503837570801999E-4 
cv206_14293.txt pos pos:0.9999999183351855 neg:8.166481436969764E-8 
cv288_18791.txt pos pos:0.9534215282617418 neg:0.046578471738258166 
cv731_4136.txt pos pos:0.9962193553408782 neg:0.0037806446591218245 
cv090_0042.txt pos pos:0.8686502441145294 neg:0.13134975588547046 
cv377_7946.txt pos pos:0.9999999565505414 neg:4.344945849177423E-8 
cv238_12931.txt pos pos:0.9999378540220842 neg:6.21459779158007E-5 
cv110_27788.txt pos pos:0.9765936740506502 neg:0.023406325949349695 
cv005_29443.txt pos pos:0.9999999925639402 neg:7.436059810825704E-9 
cv443_21118.txt pos pos:0.998940754437741 neg:0.0010592455622591094 
cv276_15684.txt pos pos:0.9999986208669533 neg:1.3791330466910373E-6 
cv369_12886.txt pos pos:0.9999990352254551 neg:9.647745449592267E-7 
cv640_5378.txt pos pos:0.9989913116885359 neg:0.0010086883114639846 
cv311_16002.txt pos pos:0.999824623952404 neg:1.7537604759609426E-4 
cv218_24352.txt pos pos:0.966965286393184 neg:0.033034713606816056 
cv392_11458.txt pos pos:0.9996093592301253 neg:3.906407698747457E-4 
cv543_5045.txt pos pos:0.9999983224361204 neg:1.6775638794606025E-6 
cv225_29224.txt pos pos:0.9998964550894611 neg:1.035449105389355E-4 
cv118_28980.txt pos neg:0.9991030210904969 pos:8.969789095030133E-4 
cv876_9390.txt pos neg:0.8290738344395197 pos:0.17092616556048035 
cv764_11739.txt pos pos:0.9972810506474539 neg:0.0027189493525460622 
cv987_6965.txt pos pos:0.872713028371608 neg:0.12728697162839198 
cv914_28742.txt pos neg:0.5178932936647294 pos:0.4821067063352707 
cv569_26381.txt pos pos:0.9999902621798823 neg:9.73782011775374E-6 
cv329_29370.txt pos neg:0.7862354908346795 pos:0.21376450916532067 
cv109_21172.txt pos pos:0.8471951556783405 neg:0.15280484432165956 
cv257_10975.txt pos pos:0.5425426488641678 neg:0.45745735113583214 
cv787_13743.txt pos pos:0.9770706017388155 neg:0.022929398261184467 
cv282_6653.txt pos pos:0.8386096695304809 neg:0.16139033046951914 
cv479_5649.txt pos pos:0.8481646765264439 neg:0.1518353234735561 
cv751_15719.txt pos pos:0.9999822155607336 neg:1.7784439266407277E-5 
cv199_9629.txt pos pos:0.9999977149729107 neg:2.2850270893580756E-6 
cv810_12458.txt pos pos:0.999048310409371 neg:9.516895906289645E-4 
cv326_13295.txt pos pos:0.7435592609764188 neg:0.25644073902358117 
cv381_20172.txt pos pos:0.8120719253640237 neg:0.18792807463597638 
cv570_29082.txt pos pos:0.9999991584931871 neg:8.41506812954109E-7 
cv445_25882.txt pos pos:0.9999477943522421 neg:5.22056477578249E-5 
cv803_8207.txt pos pos:0.9999999999861726 neg:1.3827437116928845E-11 
cv355_16413.txt pos pos:0.9999998980363591 neg:1.0196364084838482E-7 
cv366_10221.txt pos pos:0.9999269170446999 neg:7.308295530000474E-5 
cv752_24155.txt pos pos:0.9999459140833546 neg:5.4085916645216194E-5 
cv726_4719.txt pos neg:0.970024719635339 pos:0.02997528036466108 
cv748_12786.txt pos pos:0.9997800874093148 neg:2.1991259068508375E-4 
cv702_11500.txt pos pos:0.8747209443460437 neg:0.12527905565395622 
cv781_5262.txt pos pos:0.9999987297725831 neg:1.2702274168466044E-6 
cv507_9220.txt pos neg:0.9999351468464426 pos:6.485315355742057E-5 
cv849_15729.txt pos pos:0.9921778125072964 neg:0.007822187492703664 
cv978_20929.txt pos neg:0.9250496062287328 pos:0.07495039377126723 
cv158_10390.txt pos pos:0.9999999998793714 neg:1.2062871903973392E-10 
cv826_11834.txt pos pos:0.9999619304929909 neg:3.80695070092315E-5 
cv675_21588.txt pos pos:0.999647065471875 neg:3.5293452812500874E-4 
cv328_10373.txt pos pos:0.7667847906056113 neg:0.23321520939438878 
cv618_8974.txt pos pos:0.9999984867187804 neg:1.5132812194924304E-6 
cv546_11767.txt pos pos:0.9999748388669115 neg:2.516113308842807E-5 
cv462_19350.txt pos pos:0.9835985885340762 neg:0.01640141146592378 
cv560_17175.txt pos pos:0.9999999496252544 neg:5.037474569059898E-8 
cv926_17059.txt pos pos:0.9894133242985252 neg:0.010586675701474832 
cv039_6170.txt pos pos:0.9325049762370298 neg:0.0674950237629702 
cv435_23110.txt pos neg:0.9005452389481491 pos:0.09945476105185093 
cv529_10420.txt pos pos:0.9986007842332217 neg:0.0013992157667781484 
cv419_13394.txt pos neg:0.8916270711953292 pos:0.10837292880467088 
cv094_27889.txt pos pos:0.9999865869223582 neg:1.3413077641887298E-5 
cv817_4041.txt pos pos:0.9999683255118119 neg:3.1674488188167126E-5 
cv004_11636.txt pos neg:0.950864335747461 pos:0.04913566425253909 
cv432_14224.txt pos pos:0.9928156943554702 neg:0.007184305644529751 
cv201_6997.txt pos pos:0.9041111620976382 neg:0.09588883790236181 
cv684_11798.txt pos pos:0.9880423294191361 neg:0.011957670580863878 
cv656_24201.txt pos pos:0.9933654034098272 neg:0.006634596590172879 
cv037_18510.txt pos pos:0.9999230921097702 neg:7.690789022987418E-5 
cv824_8838.txt pos pos:0.9998934492512449 neg:1.0655074875517649E-4 
cv901_11017.txt pos pos:0.875445205658268 neg:0.1245547943417321 
cv910_20488.txt pos pos:0.9999999734292422 neg:2.6570757748047157E-8 
cv563_17257.txt pos neg:0.5170805547996552 pos:0.48291944520034474 
cv578_15094.txt pos pos:0.8961152760307518 neg:0.10388472396924806 
cv261_10954.txt pos pos:0.9999994284711344 neg:5.715288655428419E-7 
cv271_13837.txt pos pos:0.9999988166935052 neg:1.1833064947641919E-6 
cv139_12873.txt pos pos:0.8674675704194508 neg:0.13253242958054928 
cv953_6836.txt pos pos:0.9999999934351442 neg:6.5648557363738686E-9 
cv505_12090.txt pos pos:0.9999995462478518 neg:4.53752148333236E-7 
cv022_12864.txt pos neg:0.9582445541191411 pos:0.041755445880858756 
cv937_9811.txt pos neg:0.9541961439879645 pos:0.04580385601203552 
cv459_20319.txt pos pos:0.9876792437126833 neg:0.012320756287316735 
cv610_2287.txt pos pos:0.9566979479769023 neg:0.0433020520230977 
cv644_17154.txt pos pos:0.999998440337335 neg:1.559662665007286E-6 
cv144_5007.txt pos pos:0.9999958450509215 neg:4.154949078411066E-6 
cv337_29181.txt pos neg:0.5887919153725993 pos:0.4112080846274007 
cv274_25253.txt pos pos:0.9999998658552409 neg:1.3414475903638431E-7 
cv364_12901.txt pos pos:0.9961550344679951 neg:0.0038449655320048587 
cv182_7281.txt pos pos:0.909773851259659 neg:0.09022614874034098 
Trial 0 Trainer MaxEntTrainer,gaussianPriorVariance=1.0 Training Data Confusion Matrix
Confusion Matrix, row=true, column=predicted  accuracy=1.0
  label   0   1  |total
  0 neg 900   .  |900
  1 pos   . 900  |900

Trial 0 Trainer MaxEntTrainer,gaussianPriorVariance=1.0 training data accuracy= 1.0
Trial 0 Trainer MaxEntTrainer,gaussianPriorVariance=1.0 Test Data Confusion Matrix
Confusion Matrix, row=true, column=predicted  accuracy=0.86
  label   0   1  |total
  0 neg  87  13  |100
  1 pos  15  85  |100

Trial 0 Trainer MaxEntTrainer,gaussianPriorVariance=1.0 test data accuracy= 0.86

MaxEntTrainer,gaussianPriorVariance=1.0
Summary. train accuracy mean = 1.0 stddev = 0.0 stderr = 0.0
Summary. test accuracy mean = 0.86 stddev = 0.0 stderr = 0.0
