
-------------------- Trial 0  --------------------

Trial 0 Training MaxEntTrainer,gaussianPriorVariance=1.0 with 1800 instances
Trial 0 Training MaxEntTrainer,gaussianPriorVariance=1.0 finished
Trial 0 Trainer MaxEntTrainer,gaussianPriorVariance=1.0
 Raw Testing Data
cv559_0057.txt neg neg:0.9432054959144277 pos:0.056794504085572364 
cv260_15652.txt neg neg:0.9650221380115426 pos:0.034977861988457475 
cv362_16985.txt neg neg:0.991333191418008 pos:0.008666808581992017 
cv426_10976.txt neg neg:0.9999798465108092 pos:2.0153489190869143E-5 
cv071_12969.txt neg pos:0.9594635291825624 neg:0.040536470817437574 
cv049_21917.txt neg neg:0.9989733981058806 pos:0.0010266018941194365 
cv746_10471.txt neg pos:0.9957431938773925 neg:0.004256806122607561 
cv790_16202.txt neg neg:0.9999797690068041 pos:2.0230993195839476E-5 
cv402_16097.txt neg pos:0.9792452153123815 neg:0.020754784687618485 
cv501_12675.txt neg neg:0.9971883907117038 pos:0.0028116092882960967 
cv171_15164.txt neg neg:0.7719166810486684 pos:0.2280833189513315 
cv650_15974.txt neg pos:0.5064845769057702 neg:0.49351542309422974 
cv881_14767.txt neg neg:0.915248316813428 pos:0.08475168318657203 
cv188_20687.txt neg neg:0.9834804589085562 pos:0.016519541091443702 
cv374_26455.txt neg pos:0.9417073645678858 neg:0.05829263543211405 
cv853_29119.txt neg neg:0.6969425589868649 pos:0.3030574410131351 
cv090_0049.txt neg pos:0.9860214112701614 neg:0.013978588729838702 
cv267_16618.txt neg neg:0.8252579222918427 pos:0.17474207770815742 
cv163_10110.txt neg neg:0.993213509806194 pos:0.006786490193806037 
cv008_29326.txt neg neg:0.9354233746046571 pos:0.06457662539534292 
cv415_23674.txt neg pos:0.9787325529565551 neg:0.021267447043444777 
cv686_15553.txt neg pos:0.9946105826678567 neg:0.005389417332143313 
cv299_17950.txt neg neg:0.92407953475779 pos:0.07592046524221004 
cv190_27176.txt neg pos:0.7320833659751472 neg:0.2679166340248527 
cv745_14009.txt neg neg:0.9999950649291728 pos:4.9350708271382575E-6 
cv000_29416.txt neg neg:0.9052240012503969 pos:0.09477599874960298 
cv899_17812.txt neg neg:0.6510261717955746 pos:0.34897382820442524 
cv238_14285.txt neg neg:0.999937015638006 pos:6.298436199397843E-5 
cv849_17215.txt neg neg:0.9999993521312202 pos:6.478687798124779E-7 
cv624_11601.txt neg neg:0.9999953559614381 pos:4.644038561899276E-6 
cv039_5963.txt neg neg:0.9910258997955709 pos:0.008974100204429014 
cv345_9966.txt neg neg:0.9684661093026912 pos:0.03153389069730869 
cv820_24157.txt neg neg:0.9999886164212984 pos:1.1383578701463E-5 
cv463_10846.txt neg neg:0.9846809206627192 pos:0.015319079337280826 
cv496_11185.txt neg neg:0.9999541010480539 pos:4.589895194617868E-5 
cv091_7899.txt neg neg:0.5354374690332877 pos:0.46456253096671235 
cv279_19452.txt neg neg:0.9990553477671971 pos:9.446522328030847E-4 
cv955_26154.txt neg neg:0.6497903273469664 pos:0.3502096726530336 
cv418_16562.txt neg neg:0.9991766421314704 pos:8.233578685295312E-4 
cv710_23745.txt neg neg:0.9970878099637893 pos:0.0029121900362106498 
cv001_19502.txt neg neg:0.9828229236746836 pos:0.017177076325316353 
cv959_16218.txt neg neg:0.9985725396234401 pos:0.0014274603765599527 
cv978_22192.txt neg pos:0.8052088940118989 neg:0.19479110598810118 
cv525_17930.txt neg neg:0.9999694855374387 pos:3.051446256126239E-5 
cv380_8164.txt neg neg:0.9994464844434506 pos:5.535155565494234E-4 
cv252_24974.txt neg neg:0.9999866269054389 pos:1.3373094561090988E-5 
cv620_2556.txt neg neg:0.617685160390902 pos:0.3823148396090979 
cv494_18689.txt neg neg:0.8821774650927754 pos:0.11782253490722466 
cv669_24318.txt neg neg:0.9999934479518564 pos:6.552048143591678E-6 
cv773_20264.txt neg neg:0.9994398053197866 pos:5.60194680213481E-4 
cv305_9937.txt neg pos:0.8592406566628671 neg:0.1407593433371329 
cv121_18621.txt neg neg:0.9987972895820314 pos:0.0012027104179686934 
cv619_13677.txt neg neg:0.9999999966241637 pos:3.3758363156844283E-9 
cv360_8927.txt neg neg:0.9991757775343727 pos:8.242224656272694E-4 
cv028_26964.txt neg neg:0.7672184434256087 pos:0.23278155657439137 
cv964_5794.txt neg neg:0.9999421270066579 pos:5.787299334221729E-5 
cv169_24973.txt neg neg:0.8927827484945399 pos:0.10721725150546026 
cv661_25780.txt neg neg:0.999921676442698 pos:7.832355730198382E-5 
cv148_18084.txt neg neg:0.9999840872424528 pos:1.5912757547162633E-5 
cv916_17034.txt neg neg:0.9999548415165195 pos:4.515848348058831E-5 
cv646_16817.txt neg pos:0.9809183820226677 neg:0.019081617977332384 
cv393_29234.txt neg neg:0.9995016280111922 pos:4.983719888077314E-4 
cv560_18608.txt neg neg:0.9968310355246586 pos:0.0031689644753414388 
cv957_9059.txt neg neg:0.9999718383056377 pos:2.8161694362349784E-5 
cv696_29619.txt neg neg:0.9963098678288937 pos:0.0036901321711062633 
cv497_27086.txt neg neg:0.9837222832001068 pos:0.016277716799893302 
cv454_21961.txt neg neg:0.995551578269207 pos:0.004448421730792848 
cv224_18875.txt neg neg:0.9999906028713456 pos:9.397128654477283E-6 
cv218_25651.txt neg neg:0.9980766068585146 pos:0.0019233931414854577 
cv031_19540.txt neg neg:0.9982725552204447 pos:0.0017274447795551859 
cv132_5423.txt neg neg:0.9999332052818153 pos:6.679471818487225E-5 
cv707_11421.txt neg neg:0.7962653508065589 pos:0.20373464919344114 
cv947_11316.txt neg neg:0.9947528420211292 pos:0.005247157978870828 
cv538_28485.txt neg neg:0.9624940675136805 pos:0.03750593248631956 
cv486_9788.txt neg neg:0.9999999895600103 pos:1.0439989690761795E-8 
cv728_17931.txt neg neg:0.9935443423680682 pos:0.0064556576319318515 
cv883_27621.txt neg neg:0.9999975207897543 pos:2.479210245584151E-6 
cv886_19210.txt neg neg:0.9999057343359578 pos:9.426566404231864E-5 
cv750_10606.txt neg neg:0.9975817453858264 pos:0.0024182546141734663 
cv355_18174.txt neg neg:0.9791194791134266 pos:0.020880520886573405 
cv884_15230.txt neg neg:0.9714264240657902 pos:0.028573575934209953 
cv887_5306.txt neg neg:0.6872163053032617 pos:0.3127836946967383 
cv103_11943.txt neg pos:0.9980533554432278 neg:0.0019466445567721787 
cv641_13412.txt neg neg:0.9995962443172639 pos:4.037556827360793E-4 
cv890_3515.txt neg neg:0.9969287025715596 pos:0.0030712974284403944 
cv709_11173.txt neg neg:0.9801222240508677 pos:0.01987777594913241 
cv547_18043.txt neg neg:0.8852740769326514 pos:0.11472592306734866 
cv480_21195.txt neg pos:0.999950202526137 neg:4.979747386312098E-5 
cv333_9443.txt neg pos:0.9950407702025013 neg:0.004959229797498789 
cv119_9909.txt neg neg:0.9952696145114207 pos:0.004730385488579347 
cv811_22646.txt neg neg:0.8918878043774023 pos:0.10811219562259763 
cv611_2253.txt neg neg:0.9778128037753161 pos:0.022187196224683788 
cv569_26750.txt neg neg:0.9896901297669612 pos:0.010309870233038664 
cv304_28489.txt neg neg:0.9860165963712886 pos:0.013983403628711403 
cv722_7571.txt neg pos:0.9975622882658342 neg:0.0024377117341658574 
cv805_21128.txt neg pos:0.8982401136982007 neg:0.10175988630179937 
cv161_12224.txt neg neg:0.9998450745944243 pos:1.549254055757336E-4 
cv901_11934.txt neg neg:0.776091025299812 pos:0.223908974700188 
cv584_29549.txt neg neg:0.9982913155633474 pos:0.0017086844366526895 
cv093_15606.txt neg neg:0.9793599135865605 pos:0.02064008641343944 
cv236_11565.txt pos pos:0.8139407400272434 neg:0.18605925997275663 
cv313_18198.txt pos pos:0.9999997963466587 neg:2.036533412729779E-7 
cv911_20260.txt pos neg:0.9454636905779937 pos:0.054536309422006345 
cv148_16345.txt pos pos:0.9999999966140238 neg:3.3859761972332988E-9 
cv912_5674.txt pos pos:0.9924914311716367 neg:0.007508568828363369 
cv396_17989.txt pos pos:0.9704688239358514 neg:0.02953117606414862 
cv840_16321.txt pos pos:0.7736965654607099 neg:0.2263034345392902 
cv930_13475.txt pos pos:0.9998866139234449 neg:1.1338607655510843E-4 
cv341_24430.txt pos pos:0.9667985399059017 neg:0.03320146009409835 
cv452_5088.txt pos pos:0.9493060087106221 neg:0.0506939912893778 
cv965_26071.txt pos pos:0.9699264231436472 neg:0.030073576856352847 
cv509_15888.txt pos pos:0.9999999968075148 neg:3.1924851315849517E-9 
cv451_10690.txt pos pos:0.9960499569292769 neg:0.00395004307072307 
cv672_28083.txt pos pos:0.9986082398649743 neg:0.0013917601350256516 
cv460_10842.txt pos neg:0.801362366643949 pos:0.198637633356051 
cv363_29332.txt pos pos:0.9946133906612332 neg:0.005386609338766836 
cv135_11603.txt pos pos:0.9047410518474813 neg:0.09525894815251866 
cv720_5389.txt pos pos:0.9442587373017631 neg:0.05574126269823686 
cv887_5126.txt pos pos:0.9997550922068716 neg:2.4490779312822834E-4 
cv080_13465.txt pos pos:0.9540134650418157 neg:0.045986534958184326 
cv471_16858.txt pos pos:0.9203455797175646 neg:0.0796544202824354 
cv354_8132.txt pos neg:0.6182494837128848 pos:0.3817505162871152 
cv523_16615.txt pos pos:0.99943405402378 neg:5.65945976219948E-4 
cv021_15838.txt pos pos:0.9910393427583659 neg:0.008960657241634156 
cv625_12440.txt pos pos:0.8643527350292244 neg:0.13564726497077553 
cv789_12136.txt pos neg:0.9829921003410408 pos:0.01700789965895917 
cv706_24716.txt pos pos:0.9999999993752229 neg:6.247771973554742E-10 
cv213_18934.txt pos pos:0.9923265235357983 neg:0.007673476464201763 
cv506_15956.txt pos pos:0.9999832379233882 neg:1.6762076611917453E-5 
cv638_2953.txt pos pos:0.9999999999620257 neg:3.7974330935831036E-11 
cv230_7428.txt pos pos:0.9485308456922293 neg:0.051469154307770604 
cv639_10308.txt pos pos:0.5073195022570217 neg:0.4926804977429783 
cv226_2618.txt pos neg:0.672940854959004 pos:0.327059145040996 
cv946_18658.txt pos pos:0.9999999997735449 neg:2.2645500578048034E-10 
cv374_25436.txt pos pos:0.9937014814715013 neg:0.00629851852849863 
cv013_10159.txt pos pos:0.8364223491543485 neg:0.16357765084565146 
cv831_14689.txt pos pos:0.7789480708529891 neg:0.2210519291470109 
cv266_25779.txt pos neg:0.9445148613664768 pos:0.05548513863352315 
cv687_21100.txt pos pos:0.9999999658632073 neg:3.413679263455061E-8 
cv979_18921.txt pos pos:0.9999993673029033 neg:6.326970966472677E-7 
cv180_16113.txt pos pos:0.9170602885802928 neg:0.0829397114197072 
cv686_13900.txt pos pos:0.7844306026341077 neg:0.21556939736589226 
cv498_8832.txt pos neg:0.9995858895511431 pos:4.1411044885685086E-4 
cv174_9659.txt pos pos:0.9766017117906092 neg:0.02339828820939071 
cv961_5682.txt pos pos:0.8918493147553831 neg:0.10815068524461685 
cv275_28887.txt pos pos:0.999993197841947 neg:6.802158053048778E-6 
cv728_16133.txt pos pos:0.9604107271559261 neg:0.03958927284407381 
cv431_7085.txt pos neg:0.6663830805554836 pos:0.3336169194445164 
cv060_10844.txt pos pos:0.9999956576310496 neg:4.342368950361114E-6 
cv320_9530.txt pos pos:0.9999771795689253 neg:2.2820431074681917E-5 
cv630_10057.txt pos pos:0.9501266964187858 neg:0.0498733035812141 
cv197_29328.txt pos pos:0.9768317846592052 neg:0.023168215340794787 
cv105_17990.txt pos pos:0.8551581684051663 neg:0.14484183159483371 
cv793_13650.txt pos pos:0.9531214266496514 neg:0.046878573350348576 
cv029_18643.txt pos pos:0.9998618796872416 neg:1.3812031275850487E-4 
cv778_17330.txt pos pos:0.998508311049581 neg:0.0014916889504188683 
cv737_28907.txt pos pos:0.9999789664663109 neg:2.1033533689064496E-5 
cv499_10658.txt pos pos:0.9575817060483379 neg:0.0424182939516621 
cv612_5461.txt pos pos:0.9999998855238423 neg:1.1447615760179011E-7 
cv721_29121.txt pos pos:0.9359061068830552 neg:0.06409389311694486 
cv088_24113.txt pos pos:0.9998228252223025 neg:1.7717477769765082E-4 
cv014_13924.txt pos pos:0.99645541523541 neg:0.003544584764590041 
cv456_18985.txt pos pos:0.9970404652197215 neg:0.00295953478027858 
cv058_8025.txt pos pos:0.9635513658731907 neg:0.03644863412680934 
cv875_5754.txt pos pos:0.9994083271081725 neg:5.916728918275596E-4 
cv850_16466.txt pos pos:0.999845748617134 neg:1.5425138286606044E-4 
cv188_19226.txt pos neg:0.8312470248584016 pos:0.16875297514159843 
cv466_18722.txt pos pos:0.9783263310425763 neg:0.021673668957423804 
cv042_10982.txt pos pos:0.9999997187383433 neg:2.812616567357325E-7 
cv654_18246.txt pos pos:0.9999770618737379 neg:2.2938126262019882E-5 
cv208_9020.txt pos pos:0.9721567457811688 neg:0.02784325421883119 
cv568_15638.txt pos pos:0.9645571755479523 neg:0.03544282445204776 
cv769_8123.txt pos pos:0.9999999967162618 neg:3.283738065486984E-9 
cv854_17740.txt pos pos:0.9999677265137573 neg:3.2273486242685467E-5 
cv575_21150.txt pos pos:0.9927859983626947 neg:0.007214001637305272 
cv224_17661.txt pos pos:0.9999999965289204 neg:3.4710796173817566E-9 
cv985_6359.txt pos pos:0.9961726703170669 neg:0.0038273296829331982 
cv383_13116.txt pos pos:0.9989832459008652 neg:0.0010167540991348435 
cv336_10143.txt pos pos:0.699452643485814 neg:0.300547356514186 
cv707_10678.txt pos pos:0.9999733718894611 neg:2.662811053877775E-5 
cv759_13522.txt pos pos:0.9704851088645222 neg:0.02951489113547788 
cv539_20347.txt pos pos:0.968507809920969 neg:0.031492190079031056 
cv975_10981.txt pos pos:0.9999994277116637 neg:5.722883362697662E-7 
cv034_29647.txt pos pos:0.8894462408927297 neg:0.11055375910727025 
cv844_12690.txt pos pos:0.9771977575825891 neg:0.022802242417410894 
cv893_26269.txt pos neg:0.9984580459501888 pos:0.0015419540498112583 
cv595_25335.txt pos pos:0.8292273002202215 neg:0.17077269977977846 
cv712_22920.txt pos neg:0.7949746827480474 pos:0.2050253172519527 
cv390_11345.txt pos pos:0.994424404372462 neg:0.0055755956275378125 
cv765_19037.txt pos pos:0.7809886542187632 neg:0.21901134578123682 
cv023_12672.txt pos pos:0.9999999572776905 neg:4.2722309425842935E-8 
cv797_6957.txt pos pos:0.9572883212398388 neg:0.042711678760161235 
cv997_5046.txt pos pos:0.9999998096371328 neg:1.9036286712186135E-7 
cv301_12146.txt pos pos:0.9986420876699085 neg:0.0013579123300915038 
cv603_17694.txt pos neg:0.9989833857180515 pos:0.001016614281948553 
cv989_15824.txt pos pos:0.8447563625379193 neg:0.1552436374620808 
cv571_29366.txt pos pos:0.991254168700726 neg:0.008745831299273902 
cv927_10681.txt pos pos:0.9999174831232136 neg:8.251687678651661E-5 
cv962_9803.txt pos pos:0.6893931823311367 neg:0.3106068176688634 
cv541_28835.txt pos neg:0.9983587402277548 pos:0.001641259772245206 
Trial 0 Trainer MaxEntTrainer,gaussianPriorVariance=1.0 Training Data Confusion Matrix
Confusion Matrix, row=true, column=predicted  accuracy=1.0
  label   0   1  |total
  0 neg 900   .  |900
  1 pos   . 900  |900

Trial 0 Trainer MaxEntTrainer,gaussianPriorVariance=1.0 training data accuracy= 1.0
Trial 0 Trainer MaxEntTrainer,gaussianPriorVariance=1.0 Test Data Confusion Matrix
Confusion Matrix, row=true, column=predicted  accuracy=0.85
  label   0   1  |total
  0 neg  83  17  |100
  1 pos  13  87  |100

Trial 0 Trainer MaxEntTrainer,gaussianPriorVariance=1.0 test data accuracy= 0.85

MaxEntTrainer,gaussianPriorVariance=1.0
Summary. train accuracy mean = 1.0 stddev = 0.0 stderr = 0.0
Summary. test accuracy mean = 0.85 stddev = 0.0 stderr = 0.0
