
-------------------- Trial 0  --------------------

Trial 0 Training NaiveBayesTrainer with 1800 instances
Trial 0 Training NaiveBayesTrainer finished
Trial 0 Trainer NaiveBayesTrainer
 Raw Testing Data
cv295_17060.txt neg neg:1.0 pos:6.673911317070802E-33 
cv010_29063.txt neg pos:1.0 neg:2.7406565048206796E-26 
cv581_20790.txt neg neg:1.0 pos:1.9668489636490954E-51 
cv683_13047.txt neg neg:0.9999999999815798 pos:1.8420096780234817E-11 
cv137_17020.txt neg neg:1.0 pos:1.2266274744803063E-37 
cv687_22207.txt neg neg:1.0 pos:1.53053602533127E-31 
cv719_5581.txt neg neg:1.0 pos:6.183806225919115E-30 
cv396_19127.txt neg neg:0.9999999999999998 pos:1.778692032676156E-16 
cv733_9891.txt neg neg:1.0 pos:2.237375985182645E-19 
cv664_4264.txt neg neg:1.0 pos:7.524554469345536E-33 
cv166_11959.txt neg neg:1.0 pos:1.3858304715767684E-58 
cv282_6833.txt neg neg:0.9999999710252274 pos:2.8974772594702113E-8 
cv065_16909.txt neg neg:1.0 pos:2.2132460413946917E-49 
cv516_12117.txt neg pos:0.9473032262843181 neg:0.052696773715681974 
cv577_28220.txt neg neg:1.0 pos:7.237545164239889E-38 
cv098_17021.txt neg neg:0.9928833202977495 pos:0.007116679702250487 
cv812_19051.txt neg neg:1.0 pos:2.400921652309859E-37 
cv085_15286.txt neg neg:1.0 pos:1.0407230602202061E-39 
cv043_16808.txt neg neg:1.0 pos:2.070487488215594E-35 
cv715_19246.txt neg neg:1.0 pos:8.225353402403449E-19 
cv594_11945.txt neg neg:1.0 pos:3.853592268684934E-21 
cv100_12406.txt neg neg:1.0 pos:4.943255672655157E-53 
cv930_14949.txt neg neg:1.0 pos:2.0420865027774022E-30 
cv348_19207.txt neg neg:1.0 pos:2.577891859780016E-38 
cv691_5090.txt neg neg:1.0 pos:3.061595585734478E-66 
cv315_12638.txt neg neg:1.0 pos:8.831635722704893E-44 
cv729_10475.txt neg neg:1.0 pos:1.3534519868187732E-57 
cv529_10972.txt neg pos:1.0 neg:2.238129933147394E-51 
cv452_5179.txt neg neg:0.9999999999998797 pos:1.2030129186198003E-13 
cv445_26683.txt neg neg:0.999999999999502 pos:4.98074294114556E-13 
cv487_11058.txt neg pos:0.9999999999999998 neg:1.4588936275096222E-16 
cv340_14776.txt neg pos:0.5467084665126624 neg:0.45329153348733764 
cv903_18981.txt neg neg:0.5318232127629213 pos:0.4681767872370786 
cv680_10533.txt neg neg:1.0 pos:9.624347238325671E-43 
cv998_15691.txt neg neg:0.9999999999999991 pos:8.339262748057094E-16 
cv268_20288.txt neg neg:1.0 pos:2.732071775601913E-37 
cv825_5168.txt neg neg:1.0 pos:3.601197084050953E-29 
cv037_19798.txt neg neg:1.0 pos:3.548166241687274E-49 
cv346_19198.txt neg neg:1.0 pos:6.348637160602763E-41 
cv775_17966.txt neg neg:1.0 pos:2.0148063133971975E-31 
cv530_17949.txt neg neg:0.9345738481708815 pos:0.06542615182911855 
cv541_28683.txt neg neg:1.0 pos:1.091677566754243E-25 
cv274_26379.txt neg neg:1.0 pos:4.357190533812994E-71 
cv081_18241.txt neg neg:0.9999648689266355 pos:3.513107336444722E-5 
cv263_20693.txt neg neg:1.0 pos:6.881360088261296E-61 
cv720_5383.txt neg neg:0.9999999999991853 pos:8.147331556398397E-13 
cv217_28707.txt neg neg:1.0 pos:2.3384650743882065E-52 
cv379_23167.txt neg pos:0.5895857309945148 neg:0.4104142690054851 
cv482_11233.txt neg neg:1.0 pos:4.2456355583320944E-41 
cv254_5870.txt neg neg:1.0 pos:2.56212276475248E-21 
cv836_14311.txt neg neg:1.0 pos:3.721136930369383E-21 
cv373_21872.txt neg neg:1.0 pos:2.1063369123889104E-43 
cv241_24602.txt neg neg:1.0 pos:1.0745444357397291E-29 
cv253_10190.txt neg neg:1.0 pos:1.1350659239287095E-33 
cv234_22123.txt neg neg:0.9999999999999911 pos:8.940280520860116E-15 
cv382_8393.txt neg neg:1.0 pos:1.020613695590913E-18 
cv714_19704.txt neg neg:1.0 pos:4.98389160746991E-71 
cv016_4348.txt neg neg:1.0 pos:7.906985091540038E-77 
cv874_12182.txt neg neg:1.0 pos:1.1218895102652281E-61 
cv183_19826.txt neg neg:1.0 pos:8.991360705677171E-35 
cv276_17126.txt neg neg:1.0 pos:1.7104543321728282E-47 
cv738_10287.txt neg neg:1.0 pos:3.847758457565512E-49 
cv938_10706.txt neg neg:1.0 pos:1.87785215923949E-34 
cv583_29465.txt neg neg:0.9999906640546783 pos:9.335945321730806E-6 
cv726_4365.txt neg neg:1.0 pos:1.2433522696014818E-26 
cv793_15235.txt neg neg:1.0 pos:4.479570736705659E-31 
cv844_13890.txt neg neg:1.0 pos:8.625007711087516E-46 
cv792_3257.txt neg pos:0.9999812928235525 neg:1.870717644746085E-5 
cv143_21158.txt neg neg:0.9999999999999998 pos:1.2449096805616816E-16 
cv392_12238.txt neg pos:1.0 neg:3.726765878837795E-18 
cv465_23401.txt neg neg:1.0 pos:4.8302159355747536E-20 
cv017_23487.txt neg neg:1.0 pos:1.8763862776587355E-56 
cv561_9484.txt neg neg:1.0 pos:1.9259640967931344E-33 
cv543_5107.txt neg neg:1.0 pos:2.3547641539626955E-19 
cv730_10729.txt neg neg:1.0 pos:5.870292269235985E-41 
cv387_12391.txt neg neg:0.9999999997538278 pos:2.4617214066824883E-10 
cv026_29229.txt neg neg:1.0 pos:2.7272058554575058E-33 
cv420_28631.txt neg neg:1.0 pos:4.487587065948861E-51 
cv759_15091.txt neg neg:0.9999999998033235 pos:1.9667644467636447E-10 
cv419_14799.txt neg neg:1.0 pos:8.375064983989844E-55 
cv332_17997.txt neg neg:1.0 pos:4.626534183349698E-42 
cv303_27366.txt neg pos:0.9999999999994682 neg:5.317958702311059E-13 
cv500_10722.txt neg neg:1.0 pos:1.4625299507930725E-41 
cv311_17708.txt neg neg:0.99999999985811 pos:1.4189002308223895E-10 
cv855_22134.txt neg neg:1.0 pos:5.063360738080956E-42 
cv389_9611.txt neg neg:0.9999999999999785 pos:2.1565216816381943E-14 
cv474_10682.txt neg neg:1.0 pos:2.834008412778765E-29 
cv791_17995.txt neg neg:1.0 pos:1.2607507770064464E-33 
cv635_0984.txt neg neg:1.0 pos:8.463558047916058E-63 
cv580_15681.txt neg pos:0.9999999999999996 neg:5.138371573716017E-16 
cv732_13092.txt neg pos:0.9999999999999953 neg:4.621202783658333E-15 
cv943_23547.txt neg neg:1.0 pos:1.2015432747020135E-39 
cv628_20758.txt neg neg:1.0 pos:1.063296882122517E-37 
cv273_28961.txt neg pos:1.0 neg:1.71843973597526E-31 
cv342_20917.txt neg neg:1.0 pos:2.4022201974254176E-23 
cv702_12371.txt neg neg:1.0 pos:9.233925714948193E-20 
cv993_29565.txt neg neg:0.9999999999999996 pos:4.0352201406274413E-16 
cv769_8565.txt neg neg:0.9999999999993188 pos:6.811544265074173E-13 
cv613_23104.txt neg neg:1.0 pos:5.51150165087895E-47 
cv667_19672.txt neg pos:1.0 neg:2.805534757581051E-32 
cv957_8737.txt pos pos:0.9991284956306309 neg:8.71504369369033E-4 
cv038_9749.txt pos pos:0.9999876084365016 neg:1.2391563498298445E-5 
cv739_11209.txt pos pos:1.0 neg:5.588039860726371E-79 
cv895_21022.txt pos pos:1.0 neg:4.1315781842374436E-26 
cv305_9946.txt pos neg:0.9999101718948543 pos:8.982810514560053E-5 
cv588_13008.txt pos pos:0.9999995492427243 neg:4.507572757628387E-7 
cv485_26649.txt pos pos:1.0 neg:3.1909895224797957E-28 
cv260_13959.txt pos neg:0.6147032229660775 pos:0.38529677703392257 
cv406_21020.txt pos pos:0.9938857018067115 neg:0.006114298193288382 
cv256_14740.txt pos pos:1.0 neg:2.1553724622178753E-67 
cv894_2068.txt pos neg:0.9999999999751583 pos:2.484159247581412E-11 
cv434_5793.txt pos neg:0.9978832066250501 pos:0.0021167933749498863 
cv750_10180.txt pos pos:1.0 neg:1.4638997953205099E-36 
cv163_10052.txt pos pos:1.0 neg:4.848811169796924E-118 
cv056_13133.txt pos pos:1.0 neg:7.435490195237307E-49 
cv030_21593.txt pos pos:1.0 neg:2.3809459909148935E-52 
cv195_14528.txt pos neg:0.9999930465290836 pos:6.953470916454472E-6 
cv415_22517.txt pos pos:1.0 neg:2.04674892815703E-94 
cv915_8841.txt pos neg:1.0 pos:2.2137206107713116E-26 
cv948_24606.txt pos pos:1.0 neg:2.461373621882651E-35 
cv602_8300.txt pos pos:0.9998225176423726 neg:1.774823576273137E-4 
cv874_11236.txt pos pos:1.0 neg:4.9646527471152023E-23 
cv717_15953.txt pos pos:1.0 neg:1.3767448851919606E-53 
cv494_17389.txt pos pos:1.0 neg:2.9565516636886255E-67 
cv838_24728.txt pos pos:1.0 neg:3.9992559524410034E-28 
cv847_1941.txt pos pos:0.9999978640898035 neg:2.135910196428631E-6 
cv827_18331.txt pos neg:0.9999817914134635 pos:1.8208586536516526E-5 
cv825_5063.txt pos pos:0.9988221985966803 neg:0.001177801403319621 
cv710_22577.txt pos pos:1.0 neg:1.8039943996962616E-34 
cv317_24049.txt pos neg:0.9999999999999962 pos:3.760078757260657E-15 
cv437_22849.txt pos pos:1.0 neg:1.9864606762076978E-36 
cv923_11051.txt pos pos:1.0 neg:7.1462051632016784E-40 
cv016_4659.txt pos neg:0.9997980616070068 pos:2.019383929930641E-4 
cv295_15570.txt pos pos:0.9999999278592809 neg:7.214071915788028E-8 
cv870_16348.txt pos pos:1.0 neg:1.3035327384421267E-29 
cv119_9867.txt pos neg:0.9999999999971365 pos:2.8635462184940973E-12 
cv627_11620.txt pos neg:1.0 pos:2.4849048270227215E-20 
cv963_6895.txt pos pos:0.9999358190531715 neg:6.418094682841102E-5 
cv732_12245.txt pos pos:1.0 neg:1.936043871309097E-71 
cv525_16122.txt pos pos:1.0 neg:3.209253612343248E-32 
cv608_23231.txt pos pos:1.0 neg:2.780213271234825E-26 
cv427_10825.txt pos neg:0.9988899404227894 pos:0.0011100595772105535 
cv756_22540.txt pos pos:1.0 neg:4.581478513169138E-39 
cv994_12270.txt pos neg:1.0 pos:3.024734163150899E-23 
cv928_9168.txt pos pos:0.7210091812821083 neg:0.27899081871789155 
cv879_14903.txt pos pos:1.0 neg:1.1477257949143489E-17 
cv167_16376.txt pos pos:1.0 neg:6.195915739424709E-99 
cv134_22246.txt pos pos:1.0 neg:2.6310012054234528E-36 
cv126_28971.txt pos neg:1.0 pos:6.152759430720146E-26 
cv632_9610.txt pos pos:0.9961435472029125 neg:0.003856452797087421 
cv991_18645.txt pos neg:0.9999992908678789 pos:7.091321211886266E-7 
cv530_16212.txt pos pos:1.0 neg:3.263178482710071E-30 
cv552_10016.txt pos pos:1.0 neg:6.2562962482186215E-121 
cv673_24714.txt pos pos:1.0 neg:1.848767027953981E-18 
cv265_10814.txt pos pos:0.9999999999996627 neg:3.372659050750158E-13 
cv446_11353.txt pos neg:1.0 pos:1.6015086147935247E-25 
cv973_10066.txt pos pos:1.0 neg:2.719291103428795E-18 
cv883_27751.txt pos pos:0.999999999999178 neg:8.219641924324207E-13 
cv942_17082.txt pos neg:0.9999937147047636 pos:6.28529523636124E-6 
cv399_2877.txt pos pos:1.0 neg:4.160124889524559E-26 
cv733_9839.txt pos pos:1.0 neg:2.7700285573861086E-51 
cv921_12747.txt pos pos:1.0 neg:2.7423198237559076E-20 
cv954_18628.txt pos pos:0.9958298231782253 neg:0.004170176821774736 
cv149_15670.txt pos neg:1.0 pos:2.208669954805959E-30 
cv081_16582.txt pos pos:1.0 neg:1.7314040524412287E-75 
cv113_23102.txt pos pos:1.0 neg:3.2849000504757632E-65 
cv477_22479.txt pos pos:1.0 neg:7.77906603184223E-52 
cv744_10038.txt pos neg:0.9999999999799516 pos:2.004830897682011E-11 
cv501_11657.txt pos pos:1.0 neg:7.849106948407962E-22 
cv747_16556.txt pos pos:1.0 neg:8.160606652536064E-42 
cv268_18834.txt pos pos:0.9999999901218596 neg:9.87814051210036E-9 
cv489_17906.txt pos neg:1.0 pos:5.708748291538473E-27 
cv540_3421.txt pos pos:1.0 neg:2.369714782413589E-46 
cv442_13846.txt pos pos:1.0 neg:3.702935691399556E-32 
cv757_10189.txt pos pos:1.0 neg:1.2025980132633182E-31 
cv843_15544.txt pos pos:1.0 neg:1.1594269478460504E-20 
cv441_13711.txt pos pos:0.9999999999999867 neg:1.3248133235073977E-14 
cv900_10331.txt pos pos:1.0 neg:6.59275728315108E-38 
cv500_10251.txt pos pos:0.9999989163312051 neg:1.0836687949953037E-6 
cv714_18502.txt pos pos:1.0 neg:9.568881156428511E-61 
cv001_18431.txt pos pos:1.0 neg:1.0974003662051414E-22 
cv537_12370.txt pos pos:0.999987268821279 neg:1.273117872106082E-5 
cv858_18819.txt pos neg:0.9999999970438529 pos:2.9561471175403304E-9 
cv278_13041.txt pos pos:1.0 neg:1.9712565447630606E-79 
cv032_22550.txt pos pos:1.0 neg:9.916089106471165E-53 
cv217_28842.txt pos pos:1.0 neg:9.485187620260611E-21 
cv017_22464.txt pos pos:1.0 neg:9.30790458677324E-69 
cv321_12843.txt pos pos:1.0 neg:2.6095078560282135E-63 
cv068_13400.txt pos pos:1.0 neg:1.1248503343330363E-19 
cv123_11182.txt pos pos:1.0 neg:1.8793726399826446E-47 
cv251_22636.txt pos pos:1.0 neg:3.6126995322949995E-23 
cv932_13401.txt pos neg:1.0 pos:2.6433179016248838E-46 
cv614_10626.txt pos pos:0.9999994074653178 neg:5.925346822524456E-7 
cv792_3832.txt pos neg:1.0 pos:1.8053211900273659E-28 
cv671_5054.txt pos pos:1.0 neg:1.569418886415588E-32 
cv440_15243.txt pos pos:1.0 neg:4.981024381897588E-50 
cv772_12119.txt pos pos:1.0 neg:4.608478835842642E-65 
cv976_10267.txt pos pos:1.0 neg:3.249005953328855E-19 
cv679_28559.txt pos pos:0.9996681827007354 neg:3.318172992645882E-4 
cv076_24945.txt pos pos:1.0 neg:3.0182907527763744E-29 
Trial 0 Trainer NaiveBayesTrainer Training Data Confusion Matrix
Confusion Matrix, row=true, column=predicted  accuracy=0.9844444444444445
  label   0   1  |total
  0 neg 893   7  |900
  1 pos  21 879  |900

Trial 0 Trainer NaiveBayesTrainer training data accuracy= 0.9844444444444445
Trial 0 Trainer NaiveBayesTrainer Test Data Confusion Matrix
Confusion Matrix, row=true, column=predicted  accuracy=0.82
  label   0   1  |total
  0 neg  87  13  |100
  1 pos  23  77  |100

Trial 0 Trainer NaiveBayesTrainer test data accuracy= 0.82

NaiveBayesTrainer
Summary. train accuracy mean = 0.9844444444444445 stddev = 0.0 stderr = 0.0
Summary. test accuracy mean = 0.82 stddev = 0.0 stderr = 0.0
