
-------------------- Trial 0  --------------------

Trial 0 Training NaiveBayesTrainer with 1800 instances
Trial 0 Training NaiveBayesTrainer finished
Trial 0 Trainer NaiveBayesTrainer
 Raw Testing Data
cv559_0057.txt neg neg:0.9999998590233271 pos:1.409766728249011E-7 
cv260_15652.txt neg neg:1.0 pos:1.8154631745499528E-23 
cv362_16985.txt neg neg:1.0 pos:2.7236660225441667E-33 
cv426_10976.txt neg neg:1.0 pos:1.2976165443912495E-56 
cv071_12969.txt neg neg:1.0 pos:2.4520434269851924E-25 
cv049_21917.txt neg neg:1.0 pos:2.1477772890991074E-24 
cv746_10471.txt neg pos:1.0 neg:2.8328377878235665E-63 
cv790_16202.txt neg neg:1.0 pos:3.330614299139705E-18 
cv402_16097.txt neg neg:0.9999999999999991 pos:8.509409051270051E-16 
cv501_12675.txt neg neg:1.0 pos:5.159582302289724E-46 
cv171_15164.txt neg pos:0.9999999999998441 neg:1.5594865070555357E-13 
cv650_15974.txt neg neg:1.0 pos:2.876014445525384E-18 
cv881_14767.txt neg neg:0.9999999999905271 pos:9.472833793995053E-12 
cv188_20687.txt neg neg:1.0 pos:7.334321121193027E-36 
cv374_26455.txt neg neg:0.9999491879740127 pos:5.081202598727876E-5 
cv853_29119.txt neg neg:1.0 pos:6.39851194267294E-40 
cv090_0049.txt neg pos:1.0 neg:7.793233206246603E-25 
cv267_16618.txt neg pos:0.9999999999999798 neg:2.0314889468053636E-14 
cv163_10110.txt neg neg:1.0 pos:4.3450528766020434E-52 
cv008_29326.txt neg pos:1.0 neg:4.017558060375827E-30 
cv415_23674.txt neg neg:1.0 pos:1.2463019618068845E-59 
cv686_15553.txt neg pos:1.0 neg:8.134778788224715E-17 
cv299_17950.txt neg neg:1.0 pos:1.4168918647034225E-29 
cv190_27176.txt neg neg:1.0 pos:1.178025542154197E-41 
cv745_14009.txt neg neg:1.0 pos:5.266678702642729E-59 
cv000_29416.txt neg neg:1.0 pos:3.4039427109227146E-27 
cv899_17812.txt neg neg:0.9999864745646676 pos:1.3525435332428663E-5 
cv238_14285.txt neg neg:0.9999997722728576 pos:2.277271423021874E-7 
cv849_17215.txt neg neg:1.0 pos:1.3272580425742143E-58 
cv624_11601.txt neg neg:1.0 pos:4.732261052649073E-38 
cv039_5963.txt neg neg:0.9999956065351506 pos:4.393464849470375E-6 
cv345_9966.txt neg neg:1.0 pos:4.061680610794791E-57 
cv820_24157.txt neg neg:1.0 pos:2.9118669727609345E-55 
cv463_10846.txt neg neg:1.0 pos:5.1894963540868415E-34 
cv496_11185.txt neg neg:1.0 pos:8.633469236373566E-38 
cv091_7899.txt neg pos:1.0 neg:1.0238476978535182E-19 
cv279_19452.txt neg neg:0.9999999846553236 pos:1.534467640859131E-8 
cv955_26154.txt neg neg:1.0 pos:2.5102677560539695E-20 
cv418_16562.txt neg neg:1.0 pos:1.3573546892842567E-46 
cv710_23745.txt neg neg:1.0 pos:1.6705371510592233E-22 
cv001_19502.txt neg neg:0.9999999999999649 pos:3.507478025026568E-14 
cv959_16218.txt neg neg:1.0 pos:1.5135653487072216E-53 
cv978_22192.txt neg pos:1.0 neg:3.970696745754417E-33 
cv525_17930.txt neg neg:1.0 pos:1.5864980721426155E-33 
cv380_8164.txt neg neg:1.0 pos:2.1605299589532245E-59 
cv252_24974.txt neg neg:1.0 pos:2.9331027901712874E-55 
cv620_2556.txt neg neg:1.0 pos:1.0688027617938477E-34 
cv494_18689.txt neg neg:1.0 pos:9.459749159108889E-45 
cv669_24318.txt neg neg:1.0 pos:1.5476849550454127E-92 
cv773_20264.txt neg neg:1.0 pos:1.4237387633541397E-57 
cv305_9937.txt neg pos:0.9999999999999998 neg:2.670274736696933E-16 
cv121_18621.txt neg neg:0.9999999999999984 pos:1.5137347310882953E-15 
cv619_13677.txt neg neg:1.0 pos:5.7170252829811364E-74 
cv360_8927.txt neg neg:1.0 pos:1.0540201560222126E-31 
cv028_26964.txt neg neg:1.0 pos:5.120067302222024E-27 
cv964_5794.txt neg neg:0.9999999999996549 pos:3.4515004881186267E-13 
cv169_24973.txt neg neg:1.0 pos:3.422005957484277E-27 
cv661_25780.txt neg neg:1.0 pos:8.899993589235844E-44 
cv148_18084.txt neg neg:1.0 pos:1.56772467255281E-56 
cv916_17034.txt neg neg:1.0 pos:6.260138754253559E-47 
cv646_16817.txt neg pos:1.0 neg:5.979449737924666E-34 
cv393_29234.txt neg neg:0.9999999998599896 pos:1.4001034501624283E-10 
cv560_18608.txt neg neg:1.0 pos:1.0565021872934496E-44 
cv957_9059.txt neg neg:1.0 pos:4.263055586666176E-18 
cv696_29619.txt neg pos:0.9999999996325635 neg:3.6743643995305356E-10 
cv497_27086.txt neg pos:1.0 neg:2.1619792015758196E-28 
cv454_21961.txt neg pos:1.0 neg:5.007281834083909E-23 
cv224_18875.txt neg neg:1.0 pos:2.5277318129212285E-42 
cv218_25651.txt neg neg:1.0 pos:1.8089010637288758E-32 
cv031_19540.txt neg neg:1.0 pos:3.468051253237338E-66 
cv132_5423.txt neg neg:1.0 pos:3.0680566644993547E-25 
cv707_11421.txt neg neg:1.0 pos:9.55275891355995E-28 
cv947_11316.txt neg neg:0.9999314292396456 pos:6.857076035436564E-5 
cv538_28485.txt neg neg:1.0 pos:5.705410589350434E-17 
cv486_9788.txt neg neg:1.0 pos:2.3170065450886366E-48 
cv728_17931.txt neg neg:0.9999999997724862 pos:2.2751388792363339E-10 
cv883_27621.txt neg neg:1.0 pos:1.0610236757539708E-88 
cv886_19210.txt neg neg:1.0 pos:2.7594133313922427E-37 
cv750_10606.txt neg neg:0.9999986589700129 pos:1.341029986965575E-6 
cv355_18174.txt neg neg:1.0 pos:2.8310894203939453E-28 
cv884_15230.txt neg neg:1.0 pos:5.110426408368852E-19 
cv887_5306.txt neg neg:0.9999999713785487 pos:2.8621451220980398E-8 
cv103_11943.txt neg neg:1.0 pos:1.6648619954772096E-52 
cv641_13412.txt neg neg:1.0 pos:3.883924922745317E-107 
cv890_3515.txt neg neg:0.9999999999999998 pos:2.6988448950213774E-16 
cv709_11173.txt neg neg:1.0 pos:2.5037803408336344E-45 
cv547_18043.txt neg neg:0.9999999987438528 pos:1.2561472267117525E-9 
cv480_21195.txt neg pos:1.0 neg:1.8581595037642776E-21 
cv333_9443.txt neg pos:1.0 neg:2.6986747877526053E-33 
cv119_9909.txt neg neg:1.0 pos:2.976648625671165E-26 
cv811_22646.txt neg neg:1.0 pos:3.3657285003690924E-48 
cv611_2253.txt neg neg:0.9999999783282527 pos:2.1671747255256273E-8 
cv569_26750.txt neg pos:0.9999999998643332 neg:1.356667309021357E-10 
cv304_28489.txt neg neg:1.0 pos:1.8560597963307905E-59 
cv722_7571.txt neg neg:0.999999999999996 pos:3.920622806082674E-15 
cv805_21128.txt neg neg:0.9967602358672378 pos:0.0032397641327621468 
cv161_12224.txt neg neg:1.0 pos:5.026104532763172E-27 
cv901_11934.txt neg pos:0.9846723664162876 neg:0.01532763358371228 
cv584_29549.txt neg neg:1.0 pos:7.412592131133908E-33 
cv093_15606.txt neg neg:0.9999999998385571 pos:1.614427675153613E-10 
cv236_11565.txt pos neg:0.9999999999999296 pos:7.036544429163441E-14 
cv313_18198.txt pos pos:1.0 neg:1.9106671949647964E-67 
cv911_20260.txt pos neg:1.0 pos:6.107804873165977E-24 
cv148_16345.txt pos pos:1.0 neg:1.5680387387124094E-25 
cv912_5674.txt pos pos:0.9999999999768296 neg:2.3170373190607582E-11 
cv396_17989.txt pos neg:0.9999999997738003 pos:2.2619966676030237E-10 
cv840_16321.txt pos pos:1.0 neg:1.1223922345853157E-18 
cv930_13475.txt pos pos:1.0 neg:1.6174149804390512E-49 
cv341_24430.txt pos pos:1.0 neg:7.630462211806072E-94 
cv452_5088.txt pos pos:0.999999980361456 neg:1.9638543855236205E-8 
cv965_26071.txt pos neg:0.6436727104509234 pos:0.35632728954907655 
cv509_15888.txt pos pos:0.9999999911522405 neg:8.847759512328413E-9 
cv451_10690.txt pos pos:0.999999651215183 neg:3.4878481709696736E-7 
cv672_28083.txt pos pos:1.0 neg:1.7193895996860179E-40 
cv460_10842.txt pos neg:1.0 pos:3.769814978590604E-46 
cv363_29332.txt pos pos:0.9999999989718493 neg:1.0281505877976458E-9 
cv135_11603.txt pos pos:0.9999543765209634 neg:4.562347903645077E-5 
cv720_5389.txt pos neg:0.9999999999999989 pos:1.1090203491561986E-15 
cv887_5126.txt pos pos:1.0 neg:2.216585696085659E-43 
cv080_13465.txt pos neg:0.9570907818433991 pos:0.042909218156600926 
cv471_16858.txt pos pos:1.0 neg:9.257553767036252E-26 
cv354_8132.txt pos neg:1.0 pos:5.004112362519061E-31 
cv523_16615.txt pos pos:1.0 neg:8.13836434636678E-80 
cv021_15838.txt pos pos:0.999996685197513 neg:3.3148024871738893E-6 
cv625_12440.txt pos pos:1.0 neg:4.6756140889937465E-19 
cv789_12136.txt pos neg:1.0 pos:4.0481794052040915E-42 
cv706_24716.txt pos pos:1.0 neg:1.5192167772932631E-68 
cv213_18934.txt pos pos:0.9977669445199582 neg:0.002233055480041905 
cv506_15956.txt pos pos:1.0 neg:1.535851513075519E-69 
cv638_2953.txt pos pos:1.0 neg:6.321978167020341E-90 
cv230_7428.txt pos neg:1.0 pos:2.386226893754164E-19 
cv639_10308.txt pos pos:1.0 neg:4.895102658311475E-19 
cv226_2618.txt pos neg:0.9998070642092378 pos:1.9293579076215528E-4 
cv946_18658.txt pos pos:1.0 neg:2.0586967225597646E-197 
cv374_25436.txt pos neg:0.9999999963822477 pos:3.6177524109724563E-9 
cv013_10159.txt pos pos:1.0 neg:1.1658219920664618E-36 
cv831_14689.txt pos neg:0.9999999999999984 pos:1.5292503916825652E-15 
cv266_25779.txt pos pos:0.9999999998533868 neg:1.4661306932170727E-10 
cv687_21100.txt pos pos:1.0 neg:2.663793997338734E-40 
cv979_18921.txt pos pos:0.9999999999999996 neg:4.588497292748321E-16 
cv180_16113.txt pos pos:0.9999999763016739 neg:2.369832598847884E-8 
cv686_13900.txt pos neg:0.8279643335592116 pos:0.17203566644078847 
cv498_8832.txt pos pos:0.999959134898375 neg:4.0865101624954365E-5 
cv174_9659.txt pos pos:1.0 neg:3.0447748191428754E-19 
cv961_5682.txt pos pos:1.0 neg:2.9391260894969586E-35 
cv275_28887.txt pos pos:1.0 neg:1.1257651616314591E-41 
cv728_16133.txt pos pos:1.0 neg:2.6170973648516015E-40 
cv431_7085.txt pos pos:1.0 neg:1.0862303793799156E-16 
cv060_10844.txt pos pos:1.0 neg:1.4182522986288569E-24 
cv320_9530.txt pos pos:1.0 neg:2.5510489054471413E-113 
cv630_10057.txt pos pos:1.0 neg:1.8042638462753247E-24 
cv197_29328.txt pos pos:1.0 neg:4.3874854195490736E-24 
cv105_17990.txt pos pos:1.0 neg:2.6630923725983785E-77 
cv793_13650.txt pos pos:1.0 neg:8.261514978123919E-17 
cv029_18643.txt pos pos:1.0 neg:7.736331366062193E-46 
cv778_17330.txt pos pos:1.0 neg:1.592604791208093E-65 
cv737_28907.txt pos pos:1.0 neg:6.775054785106543E-59 
cv499_10658.txt pos pos:1.0 neg:8.576282490541319E-44 
cv612_5461.txt pos pos:1.0 neg:1.2091114448649404E-62 
cv721_29121.txt pos pos:1.0 neg:3.121207032120653E-26 
cv088_24113.txt pos pos:1.0 neg:1.412083185966951E-32 
cv014_13924.txt pos pos:1.0 neg:7.237459921422406E-24 
cv456_18985.txt pos pos:1.0 neg:1.2443864966757227E-48 
cv058_8025.txt pos pos:0.9990157638022206 neg:9.842361977794778E-4 
cv875_5754.txt pos pos:0.9999998880956403 neg:1.119043597884333E-7 
cv850_16466.txt pos pos:0.9999004082855099 neg:9.959171449016578E-5 
cv188_19226.txt pos neg:0.9999999999999993 pos:7.506757424870162E-16 
cv466_18722.txt pos pos:1.0 neg:9.135049234479332E-39 
cv042_10982.txt pos pos:1.0 neg:8.830672055697503E-69 
cv654_18246.txt pos pos:1.0 neg:7.063275378929131E-28 
cv208_9020.txt pos neg:1.0 pos:1.1084988515494004E-39 
cv568_15638.txt pos pos:1.0 neg:1.9431648797423318E-20 
cv769_8123.txt pos pos:1.0 neg:1.2417030189129286E-23 
cv854_17740.txt pos neg:0.9999999999990341 pos:9.658545249884291E-13 
cv575_21150.txt pos neg:0.9998225639897903 pos:1.7743601020956572E-4 
cv224_17661.txt pos pos:1.0 neg:3.530476762236915E-67 
cv985_6359.txt pos pos:1.0 neg:1.0816432758421382E-42 
cv383_13116.txt pos neg:1.0 pos:1.9829378280295302E-19 
cv336_10143.txt pos pos:0.7768079733406136 neg:0.2231920266593865 
cv707_10678.txt pos pos:0.7140423491163286 neg:0.2859576508836714 
cv759_13522.txt pos pos:1.0 neg:5.111065644098866E-19 
cv539_20347.txt pos neg:0.9989943507498038 pos:0.0010056492501962224 
cv975_10981.txt pos pos:1.0 neg:7.686894366490384E-83 
cv034_29647.txt pos pos:0.9994959209425447 neg:5.040790574552411E-4 
cv844_12690.txt pos pos:1.0 neg:2.80791295074777E-48 
cv893_26269.txt pos neg:1.0 pos:3.661982464863424E-42 
cv595_25335.txt pos neg:0.7660585188135888 pos:0.23394148118641123 
cv712_22920.txt pos neg:0.9999999999999996 pos:4.49456835597332E-16 
cv390_11345.txt pos pos:1.0 neg:1.1402190895129138E-19 
cv765_19037.txt pos pos:1.0 neg:2.2748979550823416E-55 
cv023_12672.txt pos pos:1.0 neg:2.3072261728396598E-45 
cv797_6957.txt pos neg:0.9999999999866189 pos:1.3381011041408114E-11 
cv997_5046.txt pos pos:1.0 neg:1.4820855684008828E-69 
cv301_12146.txt pos pos:1.0 neg:5.463164804774941E-26 
cv603_17694.txt pos neg:1.0 pos:1.473331622069303E-72 
cv989_15824.txt pos neg:0.9995920118259582 pos:4.079881740417671E-4 
cv571_29366.txt pos pos:1.0 neg:9.589615877884416E-69 
cv927_10681.txt pos pos:1.0 neg:1.221848867834776E-66 
cv962_9803.txt pos pos:1.0 neg:2.4314432183866083E-30 
cv541_28835.txt pos neg:0.9999962388886952 pos:3.7611113048553764E-6 
Trial 0 Trainer NaiveBayesTrainer Training Data Confusion Matrix
Confusion Matrix, row=true, column=predicted  accuracy=0.9816666666666667
  label   0   1  |total
  0 neg 893   7  |900
  1 pos  26 874  |900

Trial 0 Trainer NaiveBayesTrainer training data accuracy= 0.9816666666666667
Trial 0 Trainer NaiveBayesTrainer Test Data Confusion Matrix
Confusion Matrix, row=true, column=predicted  accuracy=0.78
  label   0   1  |total
  0 neg  83  17  |100
  1 pos  27  73  |100

Trial 0 Trainer NaiveBayesTrainer test data accuracy= 0.78

NaiveBayesTrainer
Summary. train accuracy mean = 0.9816666666666667 stddev = 0.0 stderr = 0.0
Summary. test accuracy mean = 0.78 stddev = 0.0 stderr = 0.0
