
-------------------- Trial 0  --------------------

Trial 0 Training NaiveBayesTrainer with 1800 instances
Trial 0 Training NaiveBayesTrainer finished
Trial 0 Trainer NaiveBayesTrainer
 Raw Testing Data
cv829_21725.txt neg neg:1.0 pos:2.9069883049165836E-48 
cv128_29444.txt neg neg:1.0 pos:2.957769288278096E-27 
cv341_25667.txt neg neg:1.0 pos:5.904987336355714E-68 
cv192_16079.txt neg neg:1.0 pos:5.595722473127217E-30 
cv510_24758.txt neg neg:1.0 pos:1.1566960920605701E-37 
cv695_22268.txt neg neg:1.0 pos:1.95523708491296E-24 
cv767_15673.txt neg pos:1.0 neg:1.654818371846922E-27 
cv490_18986.txt neg neg:1.0 pos:8.020570334618569E-27 
cv697_12106.txt neg pos:1.0 neg:1.2946451280599009E-50 
cv398_17047.txt neg neg:1.0 pos:8.366609242734283E-23 
cv409_29625.txt neg neg:0.9999992058562287 pos:7.941437713624764E-7 
cv147_22625.txt neg neg:0.9999998362070379 pos:1.6379296206406034E-7 
cv839_22807.txt neg neg:1.0 pos:1.6355257478951064E-55 
cv787_15277.txt neg neg:1.0 pos:4.6977126447875895E-36 
cv593_11931.txt neg neg:1.0 pos:3.7356456210315354E-59 
cv590_20712.txt neg neg:1.0 pos:1.9299663597996536E-26 
cv870_18090.txt neg neg:1.0 pos:2.4235322601331413E-20 
cv057_7962.txt neg neg:0.9995509232258776 pos:4.490767741224627E-4 
cv753_11812.txt neg neg:1.0 pos:2.018951750820562E-48 
cv292_7804.txt neg neg:1.0 pos:2.3657016553996245E-69 
cv637_13682.txt neg neg:1.0 pos:3.860577114209788E-31 
cv027_26270.txt neg neg:1.0 pos:1.3914164636453047E-50 
cv589_12853.txt neg neg:1.0 pos:3.076356195976196E-18 
cv212_10054.txt neg neg:1.0 pos:2.581864415798533E-76 
cv693_19147.txt neg neg:0.917002126856612 pos:0.082997873143388 
cv528_11669.txt neg pos:0.9303766836797721 neg:0.06962331632022799 
cv009_29417.txt neg neg:1.0 pos:8.998686354388448E-57 
cv778_18629.txt neg neg:0.9999999999999996 pos:4.951094245226414E-16 
cv717_17472.txt neg neg:1.0 pos:2.9940754396719905E-39 
cv828_21392.txt neg neg:1.0 pos:7.677734223558699E-26 
cv280_8651.txt neg neg:1.0 pos:2.3041266147704617E-17 
cv067_21192.txt neg neg:1.0 pos:5.875253585018607E-17 
cv272_20313.txt neg neg:1.0 pos:1.6767543448504557E-33 
cv925_9459.txt neg neg:1.0 pos:1.7401197058124133E-53 
cv412_25254.txt neg neg:1.0 pos:2.665413222936306E-93 
cv616_29187.txt neg pos:0.9999999999996023 neg:3.977433610711787E-13 
cv041_22364.txt neg pos:0.9999999969380831 neg:3.061916858432307E-9 
cv934_20426.txt neg neg:1.0 pos:5.811211767439686E-53 
cv122_7891.txt neg neg:1.0 pos:1.4907106968262939E-46 
cv249_12674.txt neg neg:1.0 pos:3.8334149600349745E-35 
cv888_25678.txt neg neg:0.9999999879182625 pos:1.20817374140935E-8 
cv262_13812.txt neg pos:0.9999999999999929 neg:7.065885479616827E-15 
cv294_12695.txt neg neg:1.0 pos:1.2123024520901734E-25 
cv403_6721.txt neg neg:1.0 pos:5.143504468916369E-44 
cv306_10859.txt neg neg:1.0 pos:4.1560914718669626E-17 
cv159_29374.txt neg neg:0.9999999999860634 pos:1.3936682017671339E-11 
cv023_13847.txt neg neg:1.0 pos:9.122200859011222E-17 
cv685_5710.txt neg neg:1.0 pos:8.177371934805957E-27 
cv512_17618.txt neg neg:1.0 pos:5.538390638768794E-35 
cv639_10797.txt neg pos:1.0 neg:7.141278944135683E-56 
cv243_22164.txt neg pos:1.0 neg:1.3399691298291465E-36 
cv653_2107.txt neg neg:1.0 pos:3.838878227790187E-45 
cv485_26879.txt neg neg:1.0 pos:1.505816140397929E-20 
cv068_14810.txt neg neg:0.9999999998878013 pos:1.121986159828589E-10 
cv404_21805.txt neg neg:1.0 pos:3.2650944451042675E-22 
cv113_24354.txt neg neg:1.0 pos:1.1529736544858198E-45 
cv597_26744.txt neg neg:1.0 pos:1.4095505718020684E-72 
cv266_26644.txt neg neg:1.0 pos:1.2989479886467205E-19 
cv455_28866.txt neg neg:0.9039051248695156 pos:0.09609487513048448 
cv440_16891.txt neg neg:1.0 pos:8.918630825275328E-25 
cv506_17521.txt neg neg:0.9973583088474942 pos:0.0026416911525057136 
cv032_23718.txt neg pos:1.0 neg:1.4726666718544524E-27 
cv055_8926.txt neg neg:0.9999999999951033 pos:4.896734866972457E-12 
cv971_11790.txt neg neg:1.0 pos:1.190867235789377E-27 
cv179_9533.txt neg neg:1.0 pos:2.902761736703481E-23 
cv893_26731.txt neg neg:1.0 pos:1.0541332636205557E-56 
cv042_11927.txt neg pos:1.0 neg:7.654260942367164E-26 
cv989_17297.txt neg neg:1.0 pos:6.746002246104622E-24 
cv003_12683.txt neg neg:0.9999999996474318 pos:3.5256821734755333E-10 
cv857_17527.txt neg neg:0.999999999999954 pos:4.595497614793448E-14 
cv606_17672.txt neg pos:0.9999999999356839 neg:6.431602550090905E-11 
cv797_7245.txt neg neg:0.9999999999999634 pos:3.6561574934701746E-14 
cv866_29447.txt neg neg:1.0 pos:6.276653955451326E-20 
cv125_9636.txt neg neg:1.0 pos:1.6391001421910626E-29 
cv086_19488.txt neg pos:1.0 neg:5.7168441048751645E-24 
cv605_12730.txt neg pos:0.9999897713370917 neg:1.0228662908300445E-5 
cv941_10718.txt neg pos:0.9999999810725945 neg:1.892740559218207E-8 
cv193_5393.txt neg pos:0.5064207423328774 neg:0.49357925766712263 
cv184_26935.txt neg neg:1.0 pos:9.9178029109469E-35 
cv045_25077.txt neg neg:1.0 pos:1.0712510894418756E-50 
cv914_2856.txt neg neg:1.0 pos:1.8823264775948564E-47 
cv630_10152.txt neg neg:1.0 pos:9.034103927724057E-68 
cv239_29828.txt neg neg:0.999999588568878 pos:4.1143112202787286E-7 
cv336_10363.txt neg neg:1.0 pos:8.924534291981567E-17 
cv372_6654.txt neg neg:1.0 pos:2.8461286440824085E-20 
cv204_8930.txt neg neg:1.0 pos:2.033313129777845E-38 
cv395_11761.txt neg neg:1.0 pos:5.338013497929908E-20 
cv815_23466.txt neg neg:1.0 pos:4.3761287233949763E-39 
cv520_13297.txt neg neg:1.0 pos:4.927015881057028E-27 
cv651_11120.txt neg neg:1.0 pos:1.681904526524859E-23 
cv508_17742.txt neg neg:0.999999999999923 pos:7.705104986576229E-14 
cv079_12766.txt neg neg:1.0 pos:1.629213389853149E-96 
cv752_25330.txt neg neg:0.9999817230572075 pos:1.8276942792618242E-5 
cv629_16604.txt neg neg:1.0 pos:3.3254071761169186E-29 
cv556_16563.txt neg neg:1.0 pos:7.311612149898514E-24 
cv907_3193.txt neg neg:0.9999999999999876 pos:1.2460802672122058E-14 
cv977_4776.txt neg neg:1.0 pos:7.128908652173377E-27 
cv776_21934.txt neg neg:0.9999999999999651 pos:3.4832837550834353E-14 
cv080_14899.txt neg neg:1.0 pos:3.1923814326379974E-22 
cv074_7188.txt neg neg:1.0 pos:6.2045088165213444E-52 
cv598_16452.txt pos pos:0.9999999999942075 neg:5.792416390546624E-12 
cv412_24095.txt pos pos:0.9999999999851068 neg:1.489312152507496E-11 
cv351_15458.txt pos pos:1.0 neg:2.999913313149368E-51 
cv641_12349.txt pos pos:1.0 neg:5.879402260940261E-18 
cv798_23531.txt pos pos:0.999999999999732 neg:2.6807419066481557E-13 
cv524_23627.txt pos pos:1.0 neg:2.4445978260631187E-18 
cv626_7410.txt pos pos:1.0 neg:7.289339298909061E-37 
cv688_7368.txt pos pos:1.0 neg:3.7879234054807876E-27 
cv152_8736.txt pos pos:0.999996947720266 neg:3.0522797339686983E-6 
cv784_14394.txt pos pos:0.9999999954279302 neg:4.572069721692407E-9 
cv162_10424.txt pos pos:1.0 neg:4.0199268897199434E-26 
cv284_19119.txt pos pos:1.0 neg:2.9694677220361396E-33 
cv206_14293.txt pos pos:1.0 neg:2.203666510356908E-149 
cv288_18791.txt pos pos:1.0 neg:8.633337000410935E-19 
cv731_4136.txt pos pos:1.0 neg:6.894681981201857E-40 
cv090_0042.txt pos pos:0.9981669780698209 neg:0.0018330219301791982 
cv377_7946.txt pos pos:0.9999999999999534 neg:4.673950523822558E-14 
cv238_12931.txt pos pos:0.9999997315232162 neg:2.6847678373510343E-7 
cv110_27788.txt pos neg:1.0 pos:5.5091107065092884E-61 
cv005_29443.txt pos pos:1.0 neg:7.986447060954204E-133 
cv443_21118.txt pos neg:1.0 pos:6.912969891794883E-30 
cv276_15684.txt pos pos:0.9999999574825749 neg:4.2517425126668426E-8 
cv369_12886.txt pos pos:1.0 neg:9.664439173470969E-79 
cv640_5378.txt pos pos:0.999999999750355 neg:2.4964502536372024E-10 
cv311_16002.txt pos pos:1.0 neg:1.4296322664103178E-25 
cv218_24352.txt pos pos:0.999876947795431 neg:1.230522045689836E-4 
cv392_11458.txt pos neg:0.9999556878999181 pos:4.431210008205069E-5 
cv543_5045.txt pos pos:1.0 neg:6.391132023447352E-18 
cv225_29224.txt pos pos:1.0 neg:3.8809390097059775E-28 
cv118_28980.txt pos neg:1.0 pos:7.1447003954553714E-37 
cv876_9390.txt pos neg:0.9996855182472095 pos:3.1448175279054233E-4 
cv764_11739.txt pos pos:0.9987670910769167 neg:0.0012329089230832097 
cv987_6965.txt pos neg:0.9993771962715041 pos:6.228037284958719E-4 
cv914_28742.txt pos pos:0.77753700734273 neg:0.22246299265727001 
cv569_26381.txt pos pos:1.0 neg:4.382953181846682E-33 
cv329_29370.txt pos pos:0.9999989551290183 neg:1.0448709818311363E-6 
cv109_21172.txt pos pos:1.0 neg:2.809288216914058E-20 
cv257_10975.txt pos neg:0.623423429711744 pos:0.37657657028825603 
cv787_13743.txt pos neg:0.9999999042440338 pos:9.575596610827828E-8 
cv282_6653.txt pos neg:1.0 pos:1.5697263639576274E-21 
cv479_5649.txt pos neg:0.9994120181925623 pos:5.879818074377612E-4 
cv751_15719.txt pos pos:1.0 neg:9.00042466422596E-74 
cv199_9629.txt pos pos:1.0 neg:1.0524310987053422E-26 
cv810_12458.txt pos pos:1.0 neg:2.4542411722285865E-56 
cv326_13295.txt pos pos:0.9999999961591164 neg:3.840883650768112E-9 
cv381_20172.txt pos pos:1.0 neg:6.028737095357764E-38 
cv570_29082.txt pos neg:0.9615734562516358 pos:0.038426543748364114 
cv445_25882.txt pos pos:1.0 neg:3.1288850833209474E-66 
cv803_8207.txt pos pos:1.0 neg:3.46813955026959E-103 
cv355_16413.txt pos pos:1.0 neg:2.484248274391379E-91 
cv366_10221.txt pos pos:0.9999999999367373 neg:6.326280127013716E-11 
cv752_24155.txt pos pos:1.0 neg:1.9026602515337155E-48 
cv726_4719.txt pos pos:0.9999999999999885 neg:1.1463408412601487E-14 
cv748_12786.txt pos pos:0.9999999979012528 neg:2.098747111889796E-9 
cv702_11500.txt pos neg:1.0 pos:6.414902368377761E-31 
cv781_5262.txt pos pos:1.0 neg:6.778930632926854E-30 
cv507_9220.txt pos neg:1.0 pos:1.1117728524311171E-18 
cv849_15729.txt pos pos:1.0 neg:3.4819872155294555E-21 
cv978_20929.txt pos neg:0.9999999999999982 pos:1.803674618217567E-15 
cv158_10390.txt pos pos:1.0 neg:1.5897587691988802E-44 
cv826_11834.txt pos pos:1.0 neg:7.678047213363029E-51 
cv675_21588.txt pos pos:1.0 neg:1.31207921182844E-56 
cv328_10373.txt pos pos:1.0 neg:1.2167650617240324E-80 
cv618_8974.txt pos pos:1.0 neg:2.3290985774277837E-26 
cv546_11767.txt pos pos:0.9999999999999367 neg:6.32420344061499E-14 
cv462_19350.txt pos pos:0.9999992011701495 neg:7.988298504329125E-7 
cv560_17175.txt pos pos:1.0 neg:1.1602304566485834E-39 
cv926_17059.txt pos pos:1.0 neg:1.3478657619319032E-22 
cv039_6170.txt pos pos:0.9999999999999447 neg:5.5336777700372743E-14 
cv435_23110.txt pos pos:1.0 neg:2.530385482653982E-19 
cv529_10420.txt pos pos:1.0 neg:4.029266199930216E-51 
cv419_13394.txt pos neg:1.0 pos:6.262943079988137E-24 
cv094_27889.txt pos pos:1.0 neg:6.366036679725218E-53 
cv817_4041.txt pos neg:0.9999999999974807 pos:2.51927691620303E-12 
cv004_11636.txt pos neg:0.9999999999999996 pos:5.308794169672043E-16 
cv432_14224.txt pos neg:0.999999999953928 pos:4.607196368606462E-11 
cv201_6997.txt pos pos:0.9999999999999998 neg:2.023824164939802E-16 
cv684_11798.txt pos pos:1.0 neg:3.987070491966821E-29 
cv656_24201.txt pos pos:0.9999999999995437 neg:4.56244493989281E-13 
cv037_18510.txt pos pos:1.0 neg:7.595280605200437E-75 
cv824_8838.txt pos pos:1.0 neg:1.0750675728444375E-61 
cv901_11017.txt pos neg:0.9379725600273676 pos:0.06202743997263228 
cv910_20488.txt pos pos:1.0 neg:3.9687682491297836E-50 
cv563_17257.txt pos pos:1.0 neg:1.745739436529169E-27 
cv578_15094.txt pos neg:1.0 pos:1.0193308178371945E-30 
cv261_10954.txt pos pos:1.0 neg:1.1004491845356657E-58 
cv271_13837.txt pos pos:1.0 neg:3.1978630405342914E-26 
cv139_12873.txt pos pos:0.9999999999079072 neg:9.20926833627645E-11 
cv953_6836.txt pos pos:1.0 neg:2.7067301627532606E-41 
cv505_12090.txt pos pos:1.0 neg:1.5771950153202346E-78 
cv022_12864.txt pos neg:0.9999999999999991 pos:9.176824072572313E-16 
cv937_9811.txt pos neg:0.999458958961937 pos:5.410410380628406E-4 
cv459_20319.txt pos pos:0.998735784797804 neg:0.0012642152021958503 
cv610_2287.txt pos neg:0.9988085473097914 pos:0.0011914526902085884 
cv644_17154.txt pos pos:1.0 neg:3.5020677323740747E-47 
cv144_5007.txt pos pos:1.0 neg:6.744696373777129E-24 
cv337_29181.txt pos pos:1.0 neg:8.105624199132691E-80 
cv274_25253.txt pos pos:1.0 neg:2.038958032772617E-114 
cv364_12901.txt pos pos:1.0 neg:4.4062184163434906E-21 
cv182_7281.txt pos pos:0.9999635473957749 neg:3.645260422519084E-5 
Trial 0 Trainer NaiveBayesTrainer Training Data Confusion Matrix
Confusion Matrix, row=true, column=predicted  accuracy=0.9805555555555555
  label   0   1  |total
  0 neg 891   9  |900
  1 pos  26 874  |900

Trial 0 Trainer NaiveBayesTrainer training data accuracy= 0.9805555555555555
Trial 0 Trainer NaiveBayesTrainer Test Data Confusion Matrix
Confusion Matrix, row=true, column=predicted  accuracy=0.81
  label   0   1  |total
  0 neg  85  15  |100
  1 pos  23  77  |100

Trial 0 Trainer NaiveBayesTrainer test data accuracy= 0.81

NaiveBayesTrainer
Summary. train accuracy mean = 0.9805555555555555 stddev = 0.0 stderr = 0.0
Summary. test accuracy mean = 0.81 stddev = 0.0 stderr = 0.0
