
-------------------- Trial 0  --------------------

Trial 0 Training NaiveBayesTrainer with 1800 instances
Trial 0 Training NaiveBayesTrainer finished
Trial 0 Trainer NaiveBayesTrainer
 Raw Testing Data
cv329_29293.txt neg neg:1.0 pos:6.256885914289034E-19 
cv926_18471.txt neg pos:1.0 neg:1.3265702063839876E-80 
cv307_26382.txt neg neg:1.0 pos:1.0620259976133058E-22 
cv565_29403.txt neg neg:1.0 pos:8.846804164861801E-82 
cv109_22599.txt neg pos:0.9494577976991004 neg:0.05054220230089947 
cv476_18402.txt neg neg:1.0 pos:4.346851500343506E-36 
cv366_10709.txt neg neg:1.0 pos:3.533504228611398E-45 
cv727_5006.txt neg neg:0.9999894478934485 pos:1.0552106551559928E-5 
cv602_8830.txt neg pos:0.9999026987762399 neg:9.730122376016754E-5 
cv351_17029.txt neg neg:1.0 pos:9.652396378226305E-40 
cv777_10247.txt neg neg:1.0 pos:1.6492975462826852E-28 
cv570_28960.txt neg pos:0.9748062762244732 neg:0.025193723775526613 
cv056_14663.txt neg neg:1.0 pos:9.554857026586604E-27 
cv900_10800.txt neg neg:1.0 pos:7.883950605356734E-40 
cv230_7913.txt neg neg:1.0 pos:1.2003880785647113E-31 
cv965_26688.txt neg neg:1.0 pos:3.7162133299528653E-17 
cv495_16121.txt neg neg:1.0 pos:3.981445982549285E-23 
cv054_4101.txt neg pos:0.9536953218118102 neg:0.04630467818818983 
cv036_18385.txt neg neg:0.9999999999914462 pos:8.553848045772169E-12 
cv739_12179.txt neg neg:0.9999767278360802 pos:2.32721639199309E-5 
cv574_23191.txt neg neg:1.0 pos:2.1392562235814655E-64 
cv006_17022.txt neg neg:1.0 pos:1.149532866446854E-25 
cv555_25047.txt neg neg:0.9999999999999993 pos:5.606927748837625E-16 
cv609_25038.txt neg neg:0.9999999999998757 pos:1.2438026532932698E-13 
cv251_23901.txt neg neg:1.0 pos:9.126147349339359E-108 
cv441_15276.txt neg neg:0.9999999999967195 pos:3.280551239067004E-12 
cv763_16486.txt neg neg:1.0 pos:6.530863453793156E-21 
cv197_29271.txt neg neg:0.9999974532337496 pos:2.5467662504724204E-6 
cv944_15042.txt neg neg:1.0 pos:1.133993036671032E-26 
cv058_8469.txt neg neg:0.9999999906151092 pos:9.384890886934706E-9 
cv740_13643.txt neg pos:0.9658659372871575 neg:0.03413406271284246 
cv880_29629.txt neg pos:0.9999999999999798 neg:2.022943894257124E-14 
cv436_20564.txt neg neg:1.0 pos:1.802816385827566E-31 
cv984_14006.txt neg neg:1.0 pos:4.8135001306071735E-20 
cv735_20218.txt neg neg:1.0 pos:5.463087427221053E-18 
cv461_21124.txt neg pos:0.9999982726563844 neg:1.7273436154817948E-6 
cv229_15200.txt neg neg:1.0 pos:1.1500668563842392E-22 
cv278_14533.txt neg pos:0.9999999999995699 neg:4.300740371899561E-13 
cv995_23113.txt neg neg:1.0 pos:5.174330902756961E-64 
cv846_29359.txt neg neg:1.0 pos:1.577123221362273E-23 
cv858_20266.txt neg neg:1.0 pos:2.971469683476007E-44 
cv872_13710.txt neg neg:1.0 pos:1.315127260840509E-33 
cv539_21865.txt neg neg:1.0 pos:2.4898963248942396E-56 
cv484_26169.txt neg neg:1.0 pos:1.325509448008543E-54 
cv324_7502.txt neg pos:1.0 neg:6.342252963660901E-31 
cv386_10229.txt neg neg:1.0 pos:7.789131893731899E-23 
cv087_2145.txt neg neg:1.0 pos:9.484486357984072E-49 
cv287_17410.txt neg neg:1.0 pos:8.231347230341831E-23 
cv848_10061.txt neg neg:1.0 pos:1.494703892184481E-45 
cv368_11090.txt neg neg:1.0 pos:4.601369207541567E-52 
cv464_17076.txt neg neg:1.0 pos:4.2172080095474676E-29 
cv768_12709.txt neg neg:1.0 pos:4.9573696771018595E-52 
cv246_28668.txt neg neg:1.0 pos:2.798268035161699E-41 
cv850_18185.txt neg pos:0.7890749507665612 neg:0.21092504923343888 
cv840_18033.txt neg pos:0.5468531889276671 neg:0.4531468110723329 
cv046_10613.txt neg neg:1.0 pos:3.5659772457511834E-50 
cv742_8279.txt neg neg:0.9902421284815045 pos:0.009757871518495503 
cv264_14108.txt neg neg:1.0 pos:9.97303727981095E-24 
cv592_23391.txt neg neg:1.0 pos:3.1689221442568823E-22 
cv582_6678.txt neg neg:0.9999999999999583 pos:4.1740695560536465E-14 
cv684_12727.txt neg neg:1.0 pos:1.5569408809834087E-30 
cv414_11161.txt neg neg:1.0 pos:8.651669791877994E-24 
cv703_17948.txt neg neg:0.9999992426565918 pos:7.573434080980738E-7 
cv168_7435.txt neg neg:0.9999884475872455 pos:1.1552412754480453E-5 
cv807_23024.txt neg neg:1.0 pos:3.5960940575439885E-152 
cv050_12128.txt neg neg:1.0 pos:1.2676948652227415E-46 
cv064_25842.txt neg neg:1.0 pos:1.324853167772795E-42 
cv571_29292.txt neg pos:1.0 neg:3.496582620432802E-42 
cv871_25971.txt neg neg:1.0 pos:1.4904601834411582E-61 
cv356_26170.txt neg pos:0.9027875516950967 neg:0.09721244830490315 
cv451_11502.txt neg neg:1.0 pos:8.335257793919875E-66 
cv327_21743.txt neg neg:1.0 pos:1.1343069713040923E-45 
cv458_9000.txt neg neg:1.0 pos:1.3253308460263306E-26 
cv416_12048.txt neg neg:1.0 pos:2.8910089963903243E-69 
cv532_6495.txt neg neg:0.9999999936271609 pos:6.37283919617205E-9 
cv011_13044.txt neg neg:0.9988980894932895 pos:0.0011019105067103941 
cv155_7845.txt neg neg:1.0 pos:1.00335205456089E-34 
cv847_20855.txt neg neg:0.9999999999999913 pos:8.72521054716866E-15 
cv772_12971.txt neg neg:1.0 pos:1.4206500627941605E-97 
cv187_14112.txt neg neg:1.0 pos:3.601930012229171E-27 
cv918_27080.txt neg neg:1.0 pos:9.786989829020496E-30 
cv258_5627.txt neg neg:1.0 pos:2.0539450824391146E-32 
cv288_20212.txt neg neg:1.0 pos:1.022299193764254E-30 
cv833_11961.txt neg neg:1.0 pos:2.6331236230546712E-52 
cv603_18885.txt neg neg:0.9987111344682849 pos:0.0012888655317151562 
cv892_18788.txt neg neg:1.0 pos:5.163287047986996E-32 
cv786_23608.txt neg neg:1.0 pos:2.3924399140846134E-23 
cv885_13390.txt neg neg:1.0 pos:2.731657005461034E-29 
cv859_15689.txt neg pos:0.9999999999999964 neg:3.659787476464923E-15 
cv649_13947.txt neg neg:1.0 pos:4.7951559341293563E-20 
cv318_11146.txt neg neg:1.0 pos:4.785373596849053E-65 
cv573_29384.txt neg neg:0.999999999263689 pos:7.363109519438455E-10 
cv210_9557.txt neg neg:0.9963106155915287 pos:0.003689384408471307 
cv706_25883.txt neg neg:1.0 pos:1.6259832297287974E-53 
cv953_7078.txt neg neg:1.0 pos:1.254024806356594E-43 
cv228_5644.txt neg neg:0.9999999977556024 pos:2.2443974777791054E-9 
cv755_24881.txt neg neg:1.0 pos:3.540943188026492E-82 
cv551_11214.txt neg neg:0.9999999999994467 pos:5.533207292865673E-13 
cv123_12165.txt neg neg:1.0 pos:1.2192276844434334E-45 
cv784_16077.txt neg neg:1.0 pos:8.562849213107956E-45 
cv981_14989.txt pos pos:1.0 neg:9.788409401536247E-52 
cv758_9671.txt pos pos:0.9999999999997977 neg:2.0238220708321377E-13 
cv463_10343.txt pos pos:1.0 neg:7.765589720910606E-32 
cv106_16807.txt pos pos:1.0 neg:2.627428669809857E-38 
cv944_13521.txt pos pos:1.0 neg:1.1031880462530763E-18 
cv296_12251.txt pos neg:0.9999999999991109 pos:8.89017532258738E-13 
cv695_21108.txt pos pos:1.0 neg:5.26080088164081E-60 
cv587_19162.txt pos pos:1.0 neg:2.424604138906034E-22 
cv165_22619.txt pos pos:1.0 neg:9.271681174985147E-26 
cv865_2895.txt pos pos:1.0 neg:1.893415472642437E-40 
cv307_25270.txt pos neg:0.9999991784583072 pos:8.215416928093748E-7 
cv777_10094.txt pos pos:1.0 neg:4.9660229537687E-56 
cv418_14774.txt pos pos:0.9999999999971165 neg:2.8835501089484235E-12 
cv387_11507.txt pos pos:1.0 neg:2.331600504085059E-22 
cv889_21430.txt pos neg:1.0 pos:5.764568913907295E-17 
cv052_29378.txt pos pos:0.9999999999998395 neg:1.6044754881623963E-13 
cv725_10103.txt pos pos:0.999989829439414 neg:1.0170560586140505E-5 
cv130_17083.txt pos pos:1.0 neg:3.1380675421209505E-35 
cv550_22211.txt pos neg:1.0 pos:7.99589125835103E-35 
cv577_28549.txt pos pos:1.0 neg:1.0655481194146169E-187 
cv613_21796.txt pos pos:1.0 neg:2.0478021381401637E-27 
cv414_10518.txt pos pos:1.0 neg:1.941279158426814E-90 
cv703_16143.txt pos pos:0.9999999999995421 neg:4.579229006416586E-13 
cv104_18134.txt pos pos:0.9999999997389979 neg:2.61002190740861E-10 
cv475_21692.txt pos pos:1.0 neg:1.596740888766939E-24 
cv547_16324.txt pos pos:1.0 neg:4.3171835237933475E-26 
cv809_5009.txt pos pos:1.0 neg:1.673492221198719E-48 
cv430_17351.txt pos pos:0.9999999999931752 neg:6.824845867480511E-12 
cv474_10209.txt pos pos:1.0 neg:1.9345021030231957E-32 
cv000_29590.txt pos neg:0.9999999999999998 pos:2.8762473884167536E-16 
cv469_20630.txt pos pos:1.0 neg:9.854354171440402E-86 
cv977_4938.txt pos pos:0.9999999999999998 neg:2.0263739709935776E-16 
cv015_29439.txt pos pos:1.0 neg:2.2226835771757977E-19 
cv771_28665.txt pos pos:1.0 neg:3.4996450122903446E-84 
cv763_14729.txt pos pos:0.9999999999806897 neg:1.9310223644188045E-11 
cv611_21120.txt pos neg:0.9999999964910447 pos:3.508955314447625E-9 
cv585_22496.txt pos pos:1.0 neg:9.688744264916245E-57 
cv906_11491.txt pos pos:1.0 neg:1.97279293210005E-19 
cv868_11948.txt pos pos:1.0 neg:1.312164903189598E-24 
cv696_29740.txt pos pos:1.0 neg:4.354133641958293E-38 
cv974_22941.txt pos pos:1.0 neg:1.9916305254814113E-28 
cv605_11800.txt pos pos:1.0 neg:5.098890607299549E-46 
cv160_10362.txt pos pos:1.0 neg:1.7613603845792804E-47 
cv692_15451.txt pos pos:1.0 neg:1.4341685911648991E-98 
cv176_12857.txt pos pos:0.9999998675464157 neg:1.3245358440835459E-7 
cv401_12605.txt pos pos:1.0 neg:9.525848725945495E-27 
cv559_0050.txt pos pos:1.0 neg:2.797899043804842E-35 
cv403_6621.txt pos neg:0.9940942957407458 pos:0.005905704259254159 
cv035_3954.txt pos pos:0.9999999999999998 neg:1.9470467282978393E-16 
cv473_7367.txt pos pos:0.9999998176993551 neg:1.823006447941204E-7 
cv624_10744.txt pos pos:1.0 neg:9.564034017414175E-85 
cv683_12167.txt pos pos:1.0 neg:6.569298790760292E-73 
cv461_19600.txt pos pos:1.0 neg:6.426203609901182E-47 
cv633_29837.txt pos pos:1.0 neg:3.504350104488627E-89 
cv054_4230.txt pos neg:0.9999998108969219 pos:1.8910307796689905E-7 
cv832_23275.txt pos pos:1.0 neg:7.591274954105523E-24 
cv478_14309.txt pos pos:1.0 neg:1.2221498838586578E-46 
cv940_17705.txt pos pos:0.9999963516929349 neg:3.64830706525255E-6 
cv107_24319.txt pos neg:0.9999999999999998 pos:1.1554646861531237E-16 
cv302_25649.txt pos pos:1.0 neg:2.2768459195767034E-45 
cv884_13632.txt pos neg:1.0 pos:1.5760541859783833E-22 
cv619_12462.txt pos pos:1.0 neg:8.718321613103756E-27 
cv273_29112.txt pos pos:1.0 neg:2.3478553329168768E-49 
cv359_6647.txt pos pos:0.9999999316879224 neg:6.831207747117621E-8 
cv945_12160.txt pos pos:1.0 neg:2.987887741011381E-29 
cv841_3967.txt pos neg:0.9999976485202929 pos:2.3514797070138715E-6 
cv125_9391.txt pos neg:0.5964809200280827 pos:0.40351907997191727 
cv212_10027.txt pos pos:0.9999999999999993 neg:7.113747607741954E-16 
cv262_12649.txt pos pos:1.0 neg:1.4587089535280563E-43 
cv487_10446.txt pos pos:1.0 neg:2.2559021634110007E-29 
cv820_22892.txt pos pos:1.0 neg:1.8654915358368782E-28 
cv092_28017.txt pos pos:0.9999999999934925 neg:6.507370220902995E-12 
cv007_4968.txt pos pos:1.0 neg:3.874162806961968E-25 
cv807_21740.txt pos pos:1.0 neg:4.5656825390608907E-20 
cv395_10849.txt pos pos:0.9999999999999964 neg:3.529328842993277E-15 
cv171_13537.txt pos pos:0.999434348477405 neg:5.656515225949655E-4 
cv823_15569.txt pos pos:1.0 neg:4.625348250600905E-37 
cv493_12839.txt pos neg:0.999998684367428 pos:1.3156325718887847E-6 
cv718_11434.txt pos pos:1.0 neg:1.5579672579361025E-22 
cv561_9201.txt pos pos:1.0 neg:3.0510361290061993E-47 
cv892_17576.txt pos pos:1.0 neg:2.962023979884829E-23 
cv002_15918.txt pos neg:0.5651576836428824 pos:0.4348423163571175 
cv938_10220.txt pos pos:0.9999999996239695 neg:3.760305360305702E-10 
cv157_29372.txt pos pos:1.0 neg:4.560965276552853E-18 
cv678_13419.txt pos pos:1.0 neg:6.76572994552828E-135 
cv855_20661.txt pos pos:1.0 neg:3.912924602860968E-39 
cv373_20404.txt pos pos:0.999999999999998 neg:2.003653916606635E-15 
cv542_18980.txt pos pos:0.9999999997521198 neg:2.478801469436656E-10 
cv967_5788.txt pos pos:1.0 neg:1.5139900764756995E-26 
cv526_12083.txt pos pos:1.0 neg:6.210092690222347E-28 
cv098_15435.txt pos neg:0.9999999999937512 pos:6.248828669302736E-12 
cv169_23778.txt pos pos:1.0 neg:2.3351094641081333E-58 
cv131_10713.txt pos pos:1.0 neg:6.492761025255828E-44 
cv140_7479.txt pos pos:1.0 neg:7.660584974228806E-37 
cv358_10691.txt pos pos:1.0 neg:3.439165544404193E-36 
cv645_15668.txt pos pos:1.0 neg:2.214971195278137E-47 
cv436_19179.txt pos pos:1.0 neg:3.634048881523514E-89 
cv905_29114.txt pos pos:1.0 neg:1.4474340180137688E-74 
cv486_9799.txt pos pos:1.0 neg:6.091174162160616E-18 
cv281_23253.txt pos pos:1.0 neg:3.9430241292269314E-31 
Trial 0 Trainer NaiveBayesTrainer Training Data Confusion Matrix
Confusion Matrix, row=true, column=predicted  accuracy=0.9827777777777778
  label   0   1  |total
  0 neg 895   5  |900
  1 pos  26 874  |900

Trial 0 Trainer NaiveBayesTrainer training data accuracy= 0.9827777777777778
Trial 0 Trainer NaiveBayesTrainer Test Data Confusion Matrix
Confusion Matrix, row=true, column=predicted  accuracy=0.85
  label   0   1  |total
  0 neg  85  15  |100
  1 pos  15  85  |100

Trial 0 Trainer NaiveBayesTrainer test data accuracy= 0.85

NaiveBayesTrainer
Summary. train accuracy mean = 0.9827777777777778 stddev = 0.0 stderr = 0.0
Summary. test accuracy mean = 0.85 stddev = 0.0 stderr = 0.0
