
-------------------- Trial 0  --------------------

Trial 0 Training NaiveBayesTrainer with 1800 instances
Trial 0 Training NaiveBayesTrainer finished
Trial 0 Trainer NaiveBayesTrainer
 Raw Testing Data
cv980_11851.txt neg neg:1.0 pos:1.8029204041789437E-74 
cv638_29394.txt neg neg:0.9999999919189965 pos:8.081003604743423E-9 
cv967_5626.txt neg pos:0.9998213224685316 neg:1.7867753146826883E-4 
cv956_12547.txt neg neg:1.0 pos:1.277174659342063E-77 
cv754_7709.txt neg neg:1.0 pos:1.184253221332837E-28 
cv209_28973.txt neg neg:1.0 pos:7.958959783161479E-27 
cv453_10911.txt neg neg:1.0 pos:1.4186391451008154E-32 
cv349_15032.txt neg neg:0.9999999999996969 pos:3.032014977278271E-13 
cv244_22935.txt neg neg:1.0 pos:3.505526668086678E-41 
cv281_24711.txt neg neg:1.0 pos:1.668253136172271E-100 
cv771_28466.txt neg neg:1.0 pos:1.2985717803744865E-86 
cv948_25870.txt neg neg:1.0 pos:2.2422916122389492E-69 
cv309_23737.txt neg pos:1.0 neg:1.876251465178973E-21 
cv062_24556.txt neg neg:1.0 pos:1.4560600205297915E-42 
cv483_18103.txt neg neg:1.0 pos:1.0877856577594031E-19 
cv889_22670.txt neg pos:1.0 neg:1.3691497103001308E-26 
cv905_28965.txt neg pos:0.9569334832090963 neg:0.043066516790903744 
cv808_13773.txt neg pos:0.9999662020496117 neg:3.379795038822225E-5 
cv157_29302.txt neg pos:0.9999999967443107 neg:3.2556893653196246E-9 
cv470_17444.txt neg neg:1.0 pos:2.1431573345809384E-28 
cv612_5396.txt neg neg:0.9999999998794566 pos:1.2054336384758192E-10 
cv799_19812.txt neg neg:1.0 pos:7.005240950623765E-57 
cv622_8583.txt neg neg:0.9979641581537395 pos:0.0020358418462605517 
cv381_21673.txt neg pos:1.0 neg:5.869060606008233E-38 
cv985_5964.txt neg neg:1.0 pos:7.115630490534145E-27 
cv575_22598.txt neg pos:1.0 neg:1.081886621734343E-51 
cv810_13660.txt neg neg:1.0 pos:7.871717199672772E-31 
cv331_8656.txt neg neg:0.9999999913544214 pos:8.645578657607743E-9 
cv438_8500.txt neg neg:0.9999999992811706 pos:7.1882946948736E-10 
cv235_10704.txt neg neg:1.0 pos:8.629943734507295E-55 
cv145_12239.txt neg neg:0.9999995919295273 pos:4.080704728590126E-7 
cv472_29140.txt neg pos:1.0 neg:2.1809379593928755E-58 
cv320_9693.txt neg neg:1.0 pos:1.0505727790660988E-21 
cv757_10668.txt neg neg:1.0 pos:2.3397366314633184E-30 
cv106_18379.txt neg pos:0.9999999999999987 neg:1.374239049660997E-15 
cv034_29446.txt neg pos:0.9999999999999756 neg:2.4394004148603348E-14 
cv586_8048.txt neg neg:1.0 pos:6.58687204139051E-123 
cv220_28906.txt neg neg:0.6951347254584471 pos:0.3048652745415529 
cv226_26692.txt neg neg:1.0 pos:8.903597282045447E-44 
cv576_15688.txt neg neg:1.0 pos:2.5016602963010364E-41 
cv654_19345.txt neg neg:1.0 pos:1.9449486193946782E-31 
cv153_11607.txt neg neg:1.0 pos:1.7696485820483168E-23 
cv827_19479.txt neg neg:1.0 pos:1.652226281498207E-26 
cv937_9816.txt neg neg:0.9999999999999989 pos:1.209742924515105E-15 
cv869_24782.txt neg neg:1.0 pos:6.527951637408988E-27 
cv960_28877.txt neg neg:0.9999999971193227 pos:2.8806772911095066E-9 
cv519_16239.txt neg pos:1.0 neg:1.3197351846179038E-24 
cv370_5338.txt neg neg:0.9999999999999902 pos:9.811135386317347E-15 
cv154_9562.txt neg neg:1.0 pos:2.6701041761399772E-39 
cv195_16146.txt neg neg:0.9999999999998255 pos:1.744209894332826E-13 
cv852_27512.txt neg neg:0.9999999878211577 pos:1.2178842203141632E-8 
cv178_14380.txt neg pos:0.9996597757209003 neg:3.4022427909969407E-4 
cv124_3903.txt neg neg:1.0 pos:2.3550099850755696E-26 
cv718_12227.txt neg neg:1.0 pos:4.349789471619921E-41 
cv504_29120.txt neg pos:0.9998687712097306 neg:1.3122879026940148E-4 
cv681_9744.txt neg neg:1.0 pos:3.282875920626108E-22 
cv012_29411.txt neg neg:1.0 pos:2.1380571236922684E-81 
cv882_10042.txt neg neg:1.0 pos:1.921572546047625E-40 
cv115_26443.txt neg neg:1.0 pos:6.742036786142933E-30 
cv462_20788.txt neg neg:0.9999999999999922 pos:7.689032931305297E-15 
cv909_9973.txt neg pos:0.9999997979868094 neg:2.020131907172747E-7 
cv314_16095.txt neg pos:1.0 neg:4.915577095726786E-18 
cv206_15893.txt neg pos:1.0 neg:6.344551988445128E-22 
cv408_5367.txt neg neg:1.0 pos:1.965452202395236E-20 
cv617_9561.txt neg neg:0.9999999958114278 pos:4.188572118411039E-9 
cv705_11973.txt neg neg:1.0 pos:1.1420309804711287E-34 
cv114_19501.txt neg neg:1.0 pos:7.514015791431451E-21 
cv047_18725.txt neg neg:1.0 pos:8.832800580699076E-40 
cv834_23192.txt neg neg:1.0 pos:1.1159237356300077E-41 
cv489_19046.txt neg neg:1.0 pos:1.1862099214682514E-41 
cv737_28733.txt neg neg:1.0 pos:2.085587308190307E-48 
cv384_18536.txt neg neg:0.9999999999991711 pos:8.289431154768615E-13 
cv176_14196.txt neg neg:1.0 pos:2.671664775489645E-18 
cv248_15672.txt neg neg:0.9999999999908837 pos:9.1162632935524E-12 
cv919_18155.txt neg neg:1.0 pos:1.4607829073553834E-26 
cv151_17231.txt neg pos:0.9891108002834273 neg:0.01088919971657267 
cv996_12447.txt neg neg:1.0 pos:1.2937635424801088E-25 
cv432_15873.txt neg neg:0.9999999999999836 pos:1.6362034796401853E-14 
cv634_11989.txt neg pos:1.0 neg:1.444975783954863E-27 
cv200_29006.txt neg pos:1.0 neg:1.418805945610486E-19 
cv208_9475.txt neg neg:1.0 pos:5.708355067348928E-28 
cv896_17819.txt neg neg:1.0 pos:1.2845165609296297E-40 
cv626_7907.txt neg neg:1.0 pos:4.2344044999418435E-34 
cv446_12209.txt neg neg:1.0 pos:2.1344259565938155E-29 
cv116_28734.txt neg neg:0.7207117375071331 pos:0.27928826249286687 
cv631_4782.txt neg pos:0.9999953413541414 neg:4.658645858570459E-6 
cv973_10171.txt neg neg:1.0 pos:2.4425748052870554E-62 
cv782_21078.txt neg neg:1.0 pos:3.603001324526346E-30 
cv865_28796.txt neg neg:1.0 pos:3.4558102767199093E-25 
cv766_7983.txt neg neg:1.0 pos:9.49186943492021E-92 
cv623_16988.txt neg neg:1.0 pos:1.6404769341841084E-96 
cv591_24887.txt neg neg:1.0 pos:5.821541112577135E-21 
cv832_24713.txt neg neg:1.0 pos:1.6341468881758906E-35 
cv741_12765.txt neg neg:1.0 pos:7.489657839989237E-22 
cv826_12761.txt neg neg:0.999999999858163 pos:1.41836981315668E-10 
cv904_25663.txt neg neg:0.9999970660064853 pos:2.9339935148001537E-6 
cv308_5079.txt neg neg:1.0 pos:4.541267150059966E-42 
cv712_24217.txt neg neg:0.9999999999999973 pos:2.722656044319781E-15 
cv548_18944.txt neg neg:1.0 pos:6.992795393531689E-38 
cv232_16768.txt neg pos:1.0 neg:2.82828151621511E-29 
cv146_18458.txt pos pos:1.0 neg:1.703885170092986E-107 
cv815_22456.txt pos neg:0.9999999999960085 pos:3.991465570912567E-12 
cv960_29007.txt pos neg:0.9999666541428994 pos:3.33458571006015E-5 
cv791_16302.txt pos pos:1.0 neg:2.2242180165845052E-67 
cv480_19817.txt pos neg:0.9997912854966438 pos:2.0871450335637991E-4 
cv936_15954.txt pos pos:1.0 neg:7.86503154767905E-65 
cv822_20049.txt pos pos:1.0 neg:4.432628815420248E-52 
cv189_22934.txt pos pos:0.9999999953521637 neg:4.6478363597510446E-9 
cv041_21113.txt pos pos:1.0 neg:6.35337528619364E-89 
cv051_10306.txt pos pos:1.0 neg:1.4238711873078665E-54 
cv079_11933.txt pos pos:1.0 neg:2.6136354300043945E-25 
cv580_14064.txt pos pos:0.9999999915054322 neg:8.494567793474063E-9 
cv502_10406.txt pos pos:1.0 neg:5.118704122623917E-38 
cv909_9960.txt pos neg:1.0 pos:4.7334256467084934E-24 
cv600_23878.txt pos pos:1.0 neg:6.225855934066147E-67 
cv198_18180.txt pos neg:0.7686979840434847 pos:0.23130201595651528 
cv074_6875.txt pos pos:1.0 neg:6.569600318296987E-43 
cv553_26915.txt pos pos:1.0 neg:1.460240832552016E-34 
cv833_11053.txt pos pos:0.9999994988856769 neg:5.011143231845238E-7 
cv322_20318.txt pos neg:0.9999987977138309 pos:1.2022861690823526E-6 
cv520_12295.txt pos pos:0.931154069968154 neg:0.06884593003184603 
cv386_10080.txt pos pos:1.0 neg:1.4709463352304431E-92 
cv713_29155.txt pos pos:1.0 neg:8.258833167103923E-46 
cv877_29274.txt pos pos:1.0 neg:1.6437201726926488E-22 
cv511_10132.txt pos pos:0.9969840692378052 neg:0.0030159307621947583 
cv297_10047.txt pos pos:0.9999999999999996 neg:3.336711807165558E-16 
cv579_11605.txt pos pos:1.0 neg:3.8890505651806E-43 
cv637_1250.txt pos neg:0.9999990777724826 pos:9.222275173116413E-7 
cv222_17395.txt pos pos:1.0 neg:1.7667219974893154E-55 
cv397_29023.txt pos pos:0.9999995784036678 neg:4.2159633211227644E-7 
cv549_21443.txt pos pos:1.0 neg:9.792136081197486E-43 
cv012_29576.txt pos pos:1.0 neg:4.1208206782772316E-48 
cv077_22138.txt pos pos:0.9849994036613389 neg:0.015000596338661276 
cv115_25396.txt pos pos:1.0 neg:2.0962751805127738E-111 
cv659_19944.txt pos pos:1.0 neg:4.195748206163644E-29 
cv755_23616.txt pos pos:1.0 neg:4.8194667449327955E-57 
cv555_23922.txt pos neg:1.0 pos:2.0052291844796651E-53 
cv143_19666.txt pos pos:1.0 neg:1.3742852070887054E-30 
cv738_10116.txt pos pos:1.0 neg:1.752151772254807E-143 
cv203_17986.txt pos pos:1.0 neg:3.765242883845921E-57 
cv908_16009.txt pos pos:0.9999999999990832 neg:9.168777389600074E-13 
cv716_10514.txt pos pos:0.9974619011330815 neg:0.0025380988669184094 
cv353_18159.txt pos pos:0.9999999999980158 neg:1.9842058728277192E-12 
cv727_4978.txt pos pos:1.0 neg:6.829571634663577E-18 
cv304_28706.txt pos neg:0.9683588543053678 pos:0.03164114569463214 
cv072_6169.txt pos neg:0.999597709111709 pos:4.0229088829094744E-4 
cv350_20670.txt pos pos:1.0 neg:8.856083990653092E-17 
cv591_23640.txt pos pos:1.0 neg:1.1820948300056372E-34 
cv280_8267.txt pos pos:0.9971717200478248 neg:0.0028282799521750462 
cv082_11080.txt pos neg:1.0 pos:4.502194178317756E-30 
cv754_7216.txt pos pos:0.9999995703180339 neg:4.296819660231394E-7 
cv761_12620.txt pos neg:1.0 pos:1.0777141199635893E-17 
cv609_23877.txt pos pos:1.0 neg:2.862545502583828E-30 
cv190_27052.txt pos pos:1.0 neg:9.79459271996386E-42 
cv562_10359.txt pos pos:0.9970457027494943 neg:0.0029542972505058 
cv814_18975.txt pos pos:0.999999999999996 neg:4.056615438779389E-15 
cv245_8569.txt pos pos:1.0 neg:1.709148208691077E-36 
cv117_24295.txt pos pos:1.0 neg:9.356706090495043E-25 
cv465_22431.txt pos pos:1.0 neg:3.0323342621492126E-21 
cv899_16014.txt pos pos:1.0 neg:3.5872209922627235E-39 
cv667_18467.txt pos pos:1.0 neg:5.310394720466815E-103 
cv852_27523.txt pos pos:0.9999999999996083 neg:3.9168706739759746E-13 
cv821_29364.txt pos pos:1.0 neg:1.0962956247050032E-22 
cv805_19601.txt pos pos:1.0 neg:1.367668024782075E-49 
cv064_24576.txt pos pos:1.0 neg:5.503277649357038E-52 
cv173_4471.txt pos pos:0.9999999684569064 neg:3.154309365601935E-8 
cv845_14290.txt pos pos:0.9999999999929834 neg:7.016551854594462E-12 
cv634_11101.txt pos pos:1.0 neg:9.014539948158366E-47 
cv085_1381.txt pos pos:1.0 neg:5.691986858544169E-31 
cv556_14808.txt pos pos:1.0 neg:8.116541589992516E-85 
cv536_27134.txt pos neg:0.9999445470009567 pos:5.54529990433928E-5 
cv027_25219.txt pos pos:1.0 neg:6.881674568254306E-122 
cv379_21963.txt pos pos:1.0 neg:1.7843114228655505E-35 
cv028_26746.txt pos neg:1.0 pos:2.926047443305002E-23 
cv404_20315.txt pos pos:0.9980396019957913 neg:0.0019603980042086824 
cv124_4122.txt pos pos:1.0 neg:2.8346629654195367E-21 
cv062_23115.txt pos pos:1.0 neg:1.2139971576851081E-23 
cv983_22928.txt pos pos:1.0 neg:3.664099654717283E-28 
cv774_13845.txt pos pos:1.0 neg:1.747542201309064E-20 
cv409_29786.txt pos pos:1.0 neg:3.733326916092974E-47 
cv982_21103.txt pos pos:1.0 neg:1.8275963082358528E-29 
cv589_12064.txt pos pos:1.0 neg:1.3504577505702106E-53 
cv232_14991.txt pos pos:0.9999999999999936 neg:6.372599900141183E-15 
cv382_7897.txt pos pos:1.0 neg:5.1905839843402125E-53 
cv368_10466.txt pos pos:1.0 neg:1.8813158603383718E-53 
cv202_10654.txt pos pos:1.0 neg:3.7885587266481487E-62 
cv168_7050.txt pos pos:1.0 neg:5.118539867990017E-96 
cv862_14324.txt pos pos:1.0 neg:2.3848291875877335E-94 
cv484_25054.txt pos pos:0.9999999999999998 neg:2.7750654832335013E-16 
cv891_6385.txt pos neg:1.0 pos:2.314482023461437E-18 
cv065_15248.txt pos pos:1.0 neg:1.2579443656415863E-98 
cv138_12721.txt pos neg:1.0 pos:2.1204997609800782E-21 
cv829_20289.txt pos pos:0.9999999999999964 neg:3.4846511028802165E-15 
cv291_26635.txt pos pos:0.9999999999994824 neg:5.176438282695724E-13 
cv699_7223.txt pos neg:0.9999999944555631 pos:5.544436771220037E-9 
cv918_2693.txt pos neg:1.0 pos:6.5871953827746915E-18 
cv715_18179.txt pos pos:0.9999999938807234 neg:6.119276567750991E-9 
cv643_29349.txt pos pos:0.9999999999999993 neg:5.894353733955774E-16 
cv786_22497.txt pos pos:0.9999994218306761 neg:5.781693238786128E-7 
cv767_14062.txt pos pos:0.9997882675917259 neg:2.1173240827419604E-4 
Trial 0 Trainer NaiveBayesTrainer Training Data Confusion Matrix
Confusion Matrix, row=true, column=predicted  accuracy=0.9838888888888889
  label   0   1  |total
  0 neg 895   5  |900
  1 pos  24 876  |900

Trial 0 Trainer NaiveBayesTrainer training data accuracy= 0.9838888888888889
Trial 0 Trainer NaiveBayesTrainer Test Data Confusion Matrix
Confusion Matrix, row=true, column=predicted  accuracy=0.8
  label   0   1  |total
  0 neg  78  22  |100
  1 pos  18  82  |100

Trial 0 Trainer NaiveBayesTrainer test data accuracy= 0.8

NaiveBayesTrainer
Summary. train accuracy mean = 0.9838888888888889 stddev = 0.0 stderr = 0.0
Summary. test accuracy mean = 0.8 stddev = 0.0 stderr = 0.0
