
-------------------- Trial 0  --------------------

Trial 0 Training NaiveBayesTrainer with 1800 instances
Trial 0 Training NaiveBayesTrainer finished
Trial 0 Trainer NaiveBayesTrainer
 Raw Testing Data
cv443_22367.txt neg neg:0.9999999999999662 pos:3.3680851600775134E-14 
cv678_14887.txt neg neg:0.9999999999999998 pos:3.242856014807812E-16 
cv598_18184.txt neg neg:0.9259011062017194 pos:0.07409889379828064 
cv566_8967.txt neg neg:1.0 pos:6.338494876599703E-69 
cv553_26965.txt neg neg:1.0 pos:7.011935669365486E-31 
cv700_23163.txt neg pos:1.0 neg:8.550632276581602E-17 
cv173_4295.txt neg neg:1.0 pos:2.821095104879613E-32 
cv078_16506.txt neg neg:1.0 pos:9.708235544353524E-32 
cv945_13012.txt neg neg:1.0 pos:4.545698580921701E-40 
cv648_17277.txt neg neg:0.9989357097841506 pos:0.001064290215849452 
cv679_28221.txt neg neg:1.0 pos:4.147233117215461E-35 
cv424_9268.txt neg neg:1.0 pos:9.049704023280066E-51 
cv891_6035.txt neg pos:1.0 neg:1.2944466567601255E-19 
cv089_12222.txt neg neg:0.9999813645720984 pos:1.8635427901555853E-5 
cv466_20092.txt neg pos:1.0 neg:5.210784806613766E-35 
cv084_15183.txt neg neg:1.0 pos:2.604132423228206E-40 
cv910_21930.txt neg neg:1.0 pos:8.008672307367433E-52 
cv061_9321.txt neg neg:1.0 pos:2.6082379562738157E-56 
cv467_26610.txt neg pos:0.9999999999999998 neg:1.9415688385200233E-16 
cv339_22452.txt neg neg:1.0 pos:3.564047371241082E-18 
cv579_12542.txt neg neg:1.0 pos:4.411666371874252E-82 
cv511_10360.txt neg neg:1.0 pos:2.595010543257328E-66 
cv652_15653.txt neg neg:1.0 pos:5.395618354608755E-18 
cv199_9721.txt neg neg:0.9999882451300608 pos:1.1754869939171846E-5 
cv468_16844.txt neg neg:1.0 pos:2.6557159671759348E-52 
cv522_5418.txt neg neg:1.0 pos:1.4751857871946214E-17 
cv385_29621.txt neg neg:1.0 pos:4.1044706905790497E-29 
cv296_13146.txt neg neg:1.0 pos:1.0318313670451822E-30 
cv558_29376.txt neg pos:0.9999999987945556 neg:1.2054443215096161E-9 
cv097_26081.txt neg pos:0.9607191298675963 neg:0.0392808701324036 
cv708_28539.txt neg pos:0.999999999953934 neg:4.606607586041654E-11 
cv975_11920.txt neg neg:0.9999999999999987 pos:1.2869594416997511E-15 
cv101_10537.txt neg neg:1.0 pos:8.329470356879366E-52 
cv536_27221.txt neg neg:0.9999999999231024 pos:7.68975462119756E-11 
cv861_12809.txt neg neg:1.0 pos:8.463201133488716E-30 
cv968_25413.txt neg neg:1.0 pos:1.4703774311461135E-22 
cv721_28993.txt neg neg:1.0 pos:2.85911520243392E-23 
cv302_26481.txt neg neg:1.0 pos:8.153154271365647E-70 
cv144_5010.txt neg neg:1.0 pos:5.416045493526827E-28 
cv459_21834.txt neg neg:1.0 pos:3.8829366305567676E-53 
cv088_25274.txt neg neg:1.0 pos:1.995732153263058E-21 
cv954_19932.txt neg pos:0.7899700463313774 neg:0.21002995366862265 
cv816_15257.txt neg neg:1.0 pos:3.691339506938821E-33 
cv375_9932.txt neg neg:1.0 pos:9.73813600079443E-22 
cv152_9052.txt neg neg:1.0 pos:1.3272890545430207E-46 
cv851_21895.txt neg pos:0.9999999999804188 neg:1.9581176217741892E-11 
cv774_15488.txt neg neg:1.0 pos:1.6290447505414802E-22 
cv867_18362.txt neg pos:1.0 neg:1.5781038528419968E-22 
cv005_29357.txt neg neg:1.0 pos:1.7845515391868116E-25 
cv236_12427.txt neg neg:1.0 pos:7.010638217694899E-32 
cv130_18521.txt neg neg:1.0 pos:8.049655962844124E-22 
cv399_28593.txt neg neg:1.0 pos:1.6201682927356378E-42 
cv526_12868.txt neg neg:1.0 pos:8.180837875667139E-110 
cv052_29318.txt neg neg:1.0 pos:5.0073215703484834E-23 
cv762_15604.txt neg neg:0.9999999994077327 pos:5.922673318103546E-10 
cv618_9469.txt neg neg:1.0 pos:3.965345128297048E-30 
cv699_7773.txt neg neg:1.0 pos:5.476550030634619E-41 
cv312_29308.txt neg neg:1.0 pos:1.1214046234264237E-40 
cv140_7963.txt neg neg:1.0 pos:5.777508227662185E-93 
cv549_22771.txt neg neg:0.9999999999999993 pos:6.839291651171072E-16 
cv092_27987.txt neg neg:1.0 pos:2.502144673063504E-23 
cv038_9781.txt neg neg:1.0 pos:1.9436294595091956E-39 
cv911_21695.txt neg neg:1.0 pos:1.8652423768875225E-95 
cv073_23039.txt neg neg:1.0 pos:1.3132270788431882E-45 
cv961_5578.txt neg neg:0.9999999999999813 pos:1.8619921923227465E-14 
cv981_16679.txt neg neg:1.0 pos:1.039312347255686E-30 
cv277_20467.txt neg neg:0.9999999999999998 pos:1.8863241908291461E-16 
cv818_10698.txt neg neg:0.9999999999999978 pos:2.197095503104765E-15 
cv013_10494.txt neg neg:1.0 pos:7.545771451711817E-66 
cv164_23451.txt neg neg:1.0 pos:2.2923492559121986E-28 
cv644_18551.txt neg neg:1.0 pos:1.2186541258129942E-27 
cv316_5972.txt neg neg:0.9999999993045678 pos:6.954321842767554E-10 
cv682_17947.txt neg pos:0.9951784029331577 neg:0.004821597066842272 
cv924_29397.txt neg neg:1.0 pos:1.852615247809208E-22 
cv102_8306.txt neg pos:0.5081217384161387 neg:0.49187826158386133 
cv170_29808.txt neg neg:1.0 pos:4.293996149914218E-20 
cv562_10847.txt neg neg:1.0 pos:1.6038753267327767E-42 
cv545_12848.txt neg pos:0.999999999571431 neg:4.2856905019661634E-10 
cv908_17779.txt neg neg:0.9999999643184748 pos:3.568152513695492E-8 
cv075_6250.txt neg pos:1.0 neg:1.7241362680221056E-21 
cv271_15364.txt neg neg:1.0 pos:8.719695434847878E-35 
cv269_23018.txt neg neg:1.0 pos:1.2382718192424817E-76 
cv835_20531.txt neg pos:0.9999947310343348 neg:5.268965665251613E-6 
cv099_11189.txt neg neg:0.9999999535573251 pos:4.6442674984514166E-8 
cv111_12253.txt neg neg:1.0 pos:2.4660560899312146E-62 
cv940_18935.txt neg neg:0.999999999999998 pos:1.928608995846644E-15 
cv689_13701.txt neg neg:1.0 pos:7.092848866607082E-36 
cv223_28923.txt neg pos:0.9999999846099001 neg:1.5390099933658576E-8 
cv378_21982.txt neg neg:1.0 pos:4.1751338233579E-37 
cv040_8829.txt neg neg:0.9239128276585149 pos:0.07608717234148506 
cv779_18989.txt neg neg:0.9744430274052122 pos:0.02555697259478784 
cv325_18330.txt neg neg:1.0 pos:2.3824610591578324E-41 
cv488_21453.txt neg neg:1.0 pos:8.02766567436143E-27 
cv430_18662.txt neg neg:1.0 pos:2.7309684844950587E-21 
cv181_16083.txt neg neg:1.0 pos:1.5756467342351742E-17 
cv231_11028.txt neg neg:1.0 pos:6.281322249188532E-81 
cv764_12701.txt neg neg:0.9999999996726177 pos:3.2738231199850834E-10 
cv643_29282.txt neg neg:1.0 pos:2.062950122176224E-52 
cv819_9567.txt neg neg:1.0 pos:5.213715036390564E-37 
cv076_26009.txt neg pos:0.9987298918038489 neg:0.0012701081961510657 
cv574_22156.txt pos neg:1.0 pos:7.589584058435644E-26 
cv531_26486.txt pos pos:1.0 neg:1.1521991724444047E-21 
cv736_23670.txt pos pos:1.0 neg:4.569097348698839E-52 
cv059_28885.txt pos pos:1.0 neg:5.920178163873853E-90 
cv872_12591.txt pos pos:1.0 neg:9.253227353557763E-61 
cv729_10154.txt pos pos:1.0 neg:4.990500045736108E-83 
cv223_29066.txt pos neg:0.9930562912412527 pos:0.006943708758747176 
cv830_6014.txt pos pos:1.0 neg:2.92129705632076E-36 
cv049_20471.txt pos neg:1.0 pos:2.4479632920076207E-17 
cv067_19774.txt pos pos:1.0 neg:2.2116308872765073E-19 
cv333_8916.txt pos pos:1.0 neg:7.0569800731934396E-43 
cv129_16741.txt pos pos:1.0 neg:7.065539746671619E-79 
cv159_29505.txt pos pos:1.0 neg:2.9043015465530953E-31 
cv150_12916.txt pos pos:1.0 neg:1.3204858886142669E-27 
cv481_7436.txt pos pos:1.0 neg:3.21070177173996E-45 
cv324_7082.txt pos pos:0.999999999999774 neg:2.2598140617872435E-13 
cv063_28997.txt pos pos:1.0 neg:3.772278360320631E-24 
cv503_10558.txt pos pos:1.0 neg:5.849269448768396E-50 
cv483_16378.txt pos pos:1.0 neg:6.050241945018282E-30 
cv964_6021.txt pos neg:1.0 pos:5.799866936706723E-44 
cv808_12635.txt pos pos:1.0 neg:1.2151228796706344E-47 
cv811_21386.txt pos pos:1.0 neg:1.8644588501208565E-19 
cv378_20629.txt pos pos:1.0 neg:9.947691272822627E-44 
cv376_19435.txt pos pos:0.999999999999742 neg:2.57971785831309E-13 
cv566_8581.txt pos pos:1.0 neg:4.719092507273444E-72 
cv360_8398.txt pos pos:1.0 neg:8.445745917522012E-26 
cv185_28654.txt pos neg:1.0 pos:2.8788765184708964E-52 
cv020_8825.txt pos pos:0.999999999997581 neg:2.419055002862948E-12 
cv166_11052.txt pos pos:1.0 neg:1.2194909513345949E-76 
cv806_8842.txt pos pos:0.9999999998664792 neg:1.335206430819565E-10 
cv788_25272.txt pos pos:0.999981493974733 neg:1.8506025266842816E-5 
cv628_19325.txt pos pos:1.0 neg:9.443324318905347E-22 
cv344_5312.txt pos pos:0.9999693754743176 neg:3.062452568243448E-5 
cv722_7110.txt pos neg:0.9999999999999882 pos:1.1668416392457438E-14 
cv515_17069.txt pos pos:1.0 neg:2.779118804613097E-76 
cv137_15422.txt pos pos:0.9997064135799794 neg:2.9358642002061207E-4 
cv170_3006.txt pos neg:1.0 pos:8.718500844382806E-17 
cv422_9381.txt pos pos:1.0 neg:7.758669307496971E-44 
cv421_9709.txt pos pos:0.9999999999999876 neg:1.2406263076522507E-14 
cv033_24444.txt pos pos:1.0 neg:2.0670963630202982E-35 
cv698_15253.txt pos pos:1.0 neg:2.0360421954731396E-54 
cv293_29856.txt pos pos:0.9999999943633033 neg:5.636696683001447E-9 
cv958_12162.txt pos pos:1.0 neg:1.9906921604619572E-104 
cv492_18271.txt pos pos:1.0 neg:1.9580759213422598E-25 
cv411_15007.txt pos pos:1.0 neg:4.733159454785841E-120 
cv902_12256.txt pos pos:1.0 neg:3.7626363873989423E-70 
cv073_21785.txt pos neg:0.9986646116475539 pos:0.0013353883524460683 
cv689_12587.txt pos pos:1.0 neg:3.1437753731116623E-43 
cv873_18636.txt pos pos:0.9999999999999973 neg:2.5915618182208717E-15 
cv161_11425.txt pos pos:1.0 neg:2.5830366940806775E-26 
cv886_18177.txt pos neg:0.9999999999633589 pos:3.664112133579917E-11 
cv888_24435.txt pos pos:1.0 neg:1.2197436734386631E-82 
cv554_13151.txt pos pos:1.0 neg:6.973366965342633E-55 
cv766_7540.txt pos pos:1.0 neg:9.794054090003423E-28 
cv075_6500.txt pos neg:0.9999998762006874 pos:1.237993125787226E-7 
cv646_15065.txt pos neg:0.999998744565858 pos:1.2554341418799558E-6 
cv227_24215.txt pos pos:1.0 neg:1.6622501995690052E-23 
cv663_13019.txt pos pos:1.0 neg:4.797772733969789E-136 
cv339_21119.txt pos pos:0.9999025005564139 neg:9.74994435861673E-5 
cv229_13611.txt pos pos:1.0 neg:2.896301162294543E-20 
cv878_15694.txt pos neg:0.9999999991554067 pos:8.445933804793361E-10 
cv956_11609.txt pos pos:1.0 neg:2.21027996067031E-38 
cv743_15449.txt pos pos:1.0 neg:7.6722863900764025E-28 
cv970_18450.txt pos pos:1.0 neg:2.848981737947433E-66 
cv334_10001.txt pos neg:1.0 pos:1.1856506855037337E-50 
cv347_13194.txt pos pos:1.0 neg:1.0899883157335263E-21 
cv122_7392.txt pos pos:1.0 neg:1.2683692865969291E-87 
cv214_12294.txt pos neg:0.9999942012906057 pos:5.798709394240195E-6 
cv648_15792.txt pos neg:1.0 pos:5.185279086533476E-21 
cv846_29497.txt pos neg:0.7039575846840233 pos:0.29604241531597675 
cv532_6522.txt pos pos:1.0 neg:5.27457332700628E-26 
cv768_11751.txt pos pos:0.9999992180553386 neg:7.819446613613395E-7 
cv760_8597.txt pos pos:1.0 neg:8.98978839189849E-29 
cv512_15965.txt pos pos:1.0 neg:4.675341405344235E-87 
cv969_13250.txt pos pos:1.0 neg:1.4560259686054617E-22 
cv237_19221.txt pos neg:0.9990206508209147 pos:9.793491790852432E-4 
cv903_17822.txt pos pos:1.0 neg:8.037104045783806E-31 
cv205_9457.txt pos pos:1.0 neg:7.81669878112649E-68 
cv178_12972.txt pos pos:1.0 neg:7.444940577283929E-34 
cv705_11059.txt pos pos:0.9999999891063346 neg:1.0893665446837078E-8 
cv193_5416.txt pos pos:0.999999999552379 neg:4.4762104466244895E-10 
cv851_20469.txt pos pos:1.0 neg:2.2616406850348832E-29 
cv519_14661.txt pos pos:1.0 neg:3.072261482675589E-45 
cv388_12009.txt pos pos:1.0 neg:8.4927945917233E-56 
cv741_11890.txt pos pos:1.0 neg:2.364403613348206E-37 
cv385_29741.txt pos pos:0.9999999999653177 neg:3.468233946978799E-11 
cv345_9954.txt pos pos:1.0 neg:2.909634847236755E-64 
cv853_29233.txt pos neg:1.0 pos:2.453544278609461E-25 
cv796_15782.txt pos pos:1.0 neg:1.4430312540986487E-51 
cv992_11962.txt pos neg:1.0 pos:7.361170784715792E-29 
cv264_12801.txt pos pos:1.0 neg:1.3288728432240666E-30 
cv420_28795.txt pos pos:0.9998056822017407 neg:1.9431779825925582E-4 
cv186_2269.txt pos pos:0.9916567634191921 neg:0.008343236580808013 
cv565_29572.txt pos pos:1.0 neg:7.168043338263289E-27 
cv423_11155.txt pos pos:1.0 neg:6.430248166403785E-37 
cv215_22240.txt pos pos:1.0 neg:1.7780349122493055E-22 
cv682_16139.txt pos pos:1.0 neg:1.1153592702051906E-68 
cv331_8273.txt pos pos:1.0 neg:1.6433488615259636E-65 
cv775_16237.txt pos neg:0.9999991709466204 pos:8.290533795687314E-7 
cv008_29435.txt pos pos:1.0 neg:8.122772676377816E-42 
Trial 0 Trainer NaiveBayesTrainer Training Data Confusion Matrix
Confusion Matrix, row=true, column=predicted  accuracy=0.9844444444444445
  label   0   1  |total
  0 neg 892   8  |900
  1 pos  20 880  |900

Trial 0 Trainer NaiveBayesTrainer training data accuracy= 0.9844444444444445
Trial 0 Trainer NaiveBayesTrainer Test Data Confusion Matrix
Confusion Matrix, row=true, column=predicted  accuracy=0.815
  label   0   1  |total
  0 neg  83  17  |100
  1 pos  20  80  |100

Trial 0 Trainer NaiveBayesTrainer test data accuracy= 0.815

NaiveBayesTrainer
Summary. train accuracy mean = 0.9844444444444445 stddev = 0.0 stderr = 0.0
Summary. test accuracy mean = 0.815 stddev = 0.0 stderr = 0.0
