
-------------------- Trial 0  --------------------

Trial 0 Training NaiveBayesTrainer with 1800 instances
Trial 0 Training NaiveBayesTrainer finished
Trial 0 Trainer NaiveBayesTrainer
 Raw Testing Data
cv242_11354.txt neg neg:1.0 pos:7.906260947843363E-24 
cv804_11763.txt neg neg:0.9999990813470768 pos:9.186529231143211E-7 
cv313_19337.txt neg neg:1.0 pos:6.344811915901671E-33 
cv019_16117.txt neg neg:1.0 pos:5.159377380282662E-41 
cv821_29283.txt neg pos:0.9999663235230872 neg:3.367647691276332E-5 
cv347_14722.txt neg neg:0.9999999999903111 pos:9.688876356681316E-12 
cv780_8467.txt neg neg:1.0 pos:7.074685319082242E-26 
cv711_12687.txt neg neg:1.0 pos:8.992764237333203E-66 
cv537_13516.txt neg neg:1.0 pos:1.3358644115961254E-61 
cv831_16325.txt neg neg:0.9999999999991056 pos:8.944642730955422E-13 
cv550_23226.txt neg neg:1.0 pos:3.2095118470569146E-30 
cv300_23302.txt neg neg:1.0 pos:8.09952918089548E-61 
cv800_13494.txt neg neg:0.9999999999999909 pos:9.183421685043358E-15 
cv563_18610.txt neg pos:0.9999999998928784 neg:1.0712169369587548E-10 
cv877_29132.txt neg neg:1.0 pos:2.8038171913506785E-28 
cv862_15924.txt neg pos:0.9999999871544639 neg:1.2845536103276139E-8 
cv595_26420.txt neg neg:1.0 pos:3.6819784503607637E-63 
cv599_22197.txt neg neg:1.0 pos:3.467675201820398E-33 
cv688_7884.txt neg neg:1.0 pos:9.481840352109032E-28 
cv129_18373.txt neg neg:1.0 pos:7.5535851043796E-27 
cv994_13229.txt neg neg:1.0 pos:1.8609606089091616E-47 
cv066_11668.txt neg pos:0.8737578972893414 neg:0.12624210271065858 
cv434_5641.txt neg pos:1.0 neg:1.097719957434316E-39 
cv923_11951.txt neg neg:1.0 pos:7.180040462515935E-65 
cv845_15886.txt neg pos:0.9999999992491053 neg:7.508947058306911E-10 
cv310_14568.txt neg neg:1.0 pos:5.937950120626128E-58 
cv928_9478.txt neg neg:1.0 pos:2.98344579534063E-108 
cv172_12037.txt neg neg:1.0 pos:1.0801301780400903E-39 
cv503_11196.txt neg neg:1.0 pos:1.2732307553644407E-18 
cv255_15267.txt neg neg:1.0 pos:2.8012055597055695E-47 
cv491_12992.txt neg neg:1.0 pos:2.122453448699626E-44 
cv060_11754.txt neg pos:1.0 neg:2.0936353473098465E-37 
cv344_5376.txt neg neg:1.0 pos:1.411159173776485E-22 
cv837_27232.txt neg pos:0.9999999701121873 neg:2.988781273563965E-8 
cv997_5152.txt neg neg:0.9999999999998375 pos:1.6243760345430618E-13 
cv120_3793.txt neg pos:1.0 neg:5.013326381564656E-35 
cv330_29675.txt neg neg:0.9999999999999485 pos:5.1605172485981104E-14 
cv625_13518.txt neg neg:1.0 pos:4.145639600496509E-37 
cv990_12443.txt neg neg:1.0 pos:3.6447688983939126E-17 
cv357_14710.txt neg neg:1.0 pos:1.9433209178790817E-30 
cv182_7791.txt neg neg:1.0 pos:3.0507124924623015E-18 
cv724_15265.txt neg neg:0.9999999999993472 pos:6.527559958424342E-13 
cv429_7937.txt neg neg:1.0 pos:1.91525436299829E-54 
cv077_23172.txt neg neg:1.0 pos:2.0227931462388014E-32 
cv285_18186.txt neg neg:0.9925766910471462 pos:0.007423308952853894 
cv104_19176.txt neg pos:0.9999999999999776 neg:2.2490899649196818E-14 
cv958_13020.txt neg neg:0.9999945336101822 pos:5.466389817711158E-6 
cv987_7394.txt neg neg:1.0 pos:1.9642523848949712E-88 
cv250_26462.txt neg neg:1.0 pos:1.1849170234163077E-22 
cv411_16799.txt neg neg:0.9999999999998737 pos:1.2627066162332684E-13 
cv298_24487.txt neg neg:1.0 pos:1.0637169620278175E-17 
cv824_9335.txt neg neg:0.9999999999999984 pos:1.4723933008391715E-15 
cv053_23117.txt neg neg:1.0 pos:1.1067455120168249E-67 
cv659_21483.txt neg neg:1.0 pos:6.913544987003166E-28 
cv751_17208.txt neg neg:1.0 pos:2.0553521931552873E-27 
cv665_29386.txt neg neg:1.0 pos:8.470763979400481E-29 
cv180_17823.txt neg neg:1.0 pos:4.792084449910332E-25 
cv920_29423.txt neg neg:1.0 pos:6.562172545440245E-47 
cv149_17084.txt neg neg:1.0 pos:3.762226509104873E-32 
cv898_1576.txt neg neg:1.0 pos:1.7676555505092532E-40 
cv025_29825.txt neg pos:1.0 neg:4.1134745631946156E-24 
cv290_11981.txt neg neg:1.0 pos:3.99397144869022E-28 
cv134_23300.txt neg neg:1.0 pos:3.404121596815559E-35 
cv931_18783.txt neg pos:0.9999999999997913 neg:2.0869777973729165E-13 
cv527_10338.txt neg pos:1.0 neg:2.8636466898105554E-24 
cv261_11855.txt neg neg:0.9999999999999767 pos:2.3257764309027802E-14 
cv233_17614.txt neg neg:0.99999999999333 pos:6.669926421852767E-12 
cv082_11979.txt neg neg:1.0 pos:1.7617211228135167E-17 
cv410_25624.txt neg neg:1.0 pos:4.577938499958571E-24 
cv191_29539.txt neg neg:1.0 pos:5.49705934140113E-66 
cv225_29083.txt neg neg:1.0 pos:1.5157715841330472E-61 
cv894_22140.txt neg neg:1.0 pos:2.421857923166052E-28 
cv094_27868.txt neg pos:1.0 neg:1.7487057107489747E-21 
cv401_13758.txt neg neg:1.0 pos:6.187386728423069E-33 
cv951_11816.txt neg neg:1.0 pos:4.10775176217126E-46 
cv044_18429.txt neg neg:1.0 pos:5.779612840755932E-27 
cv118_28837.txt neg neg:1.0 pos:5.0191427273389445E-53 
cv588_14467.txt neg neg:0.9999999999999953 pos:4.7705747883827054E-15 
cv141_17179.txt neg neg:1.0 pos:6.383316221266821E-56 
cv256_16529.txt neg neg:1.0 pos:1.41707926473286E-37 
cv286_26156.txt neg neg:1.0 pos:7.563426218278522E-30 
cv564_12011.txt neg neg:1.0 pos:1.1025707748539143E-30 
cv096_12262.txt neg neg:0.9999999984964172 pos:1.503582829402178E-9 
cv540_3092.txt neg pos:0.9999668392796234 neg:3.3160720376472586E-5 
cv020_9234.txt neg neg:1.0 pos:3.363851180712986E-60 
cv493_14135.txt neg neg:1.0 pos:1.7492088041426838E-28 
cv015_29356.txt neg neg:1.0 pos:1.0900996446950394E-58 
cv397_28890.txt neg neg:1.0 pos:6.923597082736737E-60 
cv736_24947.txt neg neg:1.0 pos:1.819951480381679E-111 
cv198_19313.txt neg pos:1.0 neg:1.6065185878143806E-18 
cv915_9342.txt neg neg:1.0 pos:4.945553769191592E-24 
cv456_20370.txt neg neg:1.0 pos:1.6408083047029415E-21 
cv448_16409.txt neg neg:0.999999924991298 pos:7.500870206891228E-8 
cv391_11615.txt neg neg:0.9999999993235169 pos:6.764830940065313E-10 
cv033_25680.txt neg neg:1.0 pos:1.1130983648937213E-33 
cv301_13010.txt neg pos:0.9999999977823755 neg:2.21762454478529E-9 
cv127_16451.txt neg neg:0.9999999999999998 pos:1.1221025058600464E-16 
cv359_6751.txt neg neg:0.9997380661376418 pos:2.619338623581678E-4 
cv578_16825.txt neg neg:0.9999999115065256 pos:8.849347447123873E-8 
cv633_29730.txt neg neg:1.0 pos:2.1261806952468264E-21 
cv709_10529.txt pos neg:1.0 pos:8.736947978785304E-17 
cv510_23360.txt pos neg:1.0 pos:6.451360020971523E-24 
cv235_10217.txt pos pos:1.0 neg:3.4103741017774994E-23 
cv362_15341.txt pos pos:1.0 neg:2.1856466846662366E-54 
cv103_11021.txt pos neg:1.0 pos:2.7008400120931337E-21 
cv697_11162.txt pos pos:0.9999999972874885 neg:2.712511485605494E-9 
cv795_10122.txt pos pos:1.0 neg:3.185123910204251E-77 
cv871_24888.txt pos neg:1.0 pos:3.450640554586829E-50 
cv636_15279.txt pos neg:1.0 pos:2.7523502178486966E-44 
cv294_11684.txt pos pos:1.0 neg:2.306983906760449E-79 
cv745_12773.txt pos pos:1.0 neg:2.910489093801708E-47 
cv557_11449.txt pos pos:1.0 neg:2.3066755322981894E-53 
cv248_13987.txt pos pos:1.0 neg:1.4050542244094418E-72 
cv454_2053.txt pos pos:1.0 neg:1.4012075061234167E-33 
cv468_15228.txt pos pos:1.0 neg:6.47112935127833E-43 
cv464_15650.txt pos neg:0.9952812338415234 pos:0.004718766158476577 
cv816_13655.txt pos neg:1.0 pos:2.0903695388848948E-23 
cv856_29013.txt pos neg:0.9999999978932879 pos:2.1067121932690117E-9 
cv596_28311.txt pos pos:1.0 neg:7.279659514357929E-78 
cv848_10036.txt pos pos:1.0 neg:1.4025294908134868E-20 
cv050_11175.txt pos neg:1.0 pos:1.4373197985666692E-28 
cv819_9364.txt pos neg:1.0 pos:3.403748584156226E-17 
cv635_10022.txt pos pos:1.0 neg:4.232843498011715E-108 
cv943_22488.txt pos pos:1.0 neg:3.006549093714784E-25 
cv018_20137.txt pos pos:0.9999981781626079 neg:1.821837392094143E-6 
cv416_11136.txt pos pos:0.9999999999999778 neg:2.2128979543690632E-14 
cv572_18657.txt pos pos:1.0 neg:1.936706189829273E-25 
cv026_29325.txt pos pos:1.0 neg:1.930237073437132E-17 
cv724_13681.txt pos pos:1.0 neg:2.8266820536614486E-38 
cv147_21193.txt pos pos:1.0 neg:4.035909986483245E-49 
cv534_14083.txt pos neg:0.999656855600875 pos:3.4314439912485435E-4 
cv061_8837.txt pos pos:1.0 neg:1.6667953505911052E-79 
cv444_9974.txt pos neg:0.999997767293949 pos:2.232706051028855E-6 
cv594_11039.txt pos neg:0.9998964647683231 pos:1.0353523167693339E-4 
cv407_22637.txt pos pos:1.0 neg:3.347569932202193E-30 
cv813_6534.txt pos pos:0.99999999657384 neg:3.426160079922357E-9 
cv196_29027.txt pos neg:0.9999994010411984 pos:5.989588016203833E-7 
cv258_5792.txt pos pos:1.0 neg:1.7501863127898E-43 
cv400_19220.txt pos neg:0.9999999998006885 pos:1.9931136366025955E-10 
cv742_7751.txt pos neg:0.9999965340292257 pos:3.4659707741320774E-6 
cv621_14368.txt pos pos:1.0 neg:9.002670613613691E-45 
cv971_10874.txt pos pos:1.0 neg:3.335983472756936E-22 
cv860_13853.txt pos pos:1.0 neg:4.081799389213795E-21 
cv545_12014.txt pos pos:1.0 neg:2.877610404846286E-88 
cv209_29118.txt pos neg:0.9999999999996765 pos:3.2346093022621783E-13 
cv356_25163.txt pos pos:1.0 neg:3.332899279791261E-36 
cv450_7890.txt pos pos:1.0 neg:1.6989117235678084E-29 
cv622_8147.txt pos pos:0.9990174910814291 neg:9.825089185708587E-4 
cv590_19290.txt pos pos:0.6658188240925653 neg:0.3341811759074347 
cv306_10364.txt pos pos:1.0 neg:3.588545667637722E-106 
cv723_8648.txt pos neg:0.999997180082488 pos:2.8199175121454913E-6 
cv514_11187.txt pos neg:1.0 pos:1.1918907364564113E-31 
cv457_18453.txt pos pos:1.0 neg:2.356977928187607E-56 
cv263_19259.txt pos neg:0.9999999999999996 pos:4.539783436519906E-16 
cv597_26360.txt pos pos:1.0 neg:2.5944984856410054E-29 
cv779_17881.txt pos pos:1.0 neg:1.3920913037394486E-26 
cv184_2673.txt pos neg:0.9999995374923251 pos:4.625076749825026E-7 
cv233_15964.txt pos pos:1.0 neg:2.526823782201563E-31 
cv342_19456.txt pos neg:0.999999999818258 pos:1.8174188884150142E-10 
cv335_14665.txt pos pos:1.0 neg:3.14247343945708E-79 
cv242_10638.txt pos neg:0.9999999999999996 pos:4.475448969249295E-16 
cv993_29737.txt pos pos:1.0 neg:1.4130817112169504E-18 
cv391_10802.txt pos neg:0.9999999999998761 pos:1.2401023399226781E-13 
cv882_10026.txt pos neg:1.0 pos:1.8595184285352794E-33 
cv410_24266.txt pos pos:0.9999999970219211 neg:2.9780789530434235E-9 
cv476_16856.txt pos pos:1.0 neg:3.4671619607909976E-40 
cv604_2230.txt pos pos:1.0 neg:1.4778421252893373E-30 
cv299_16214.txt pos pos:0.999999992743221 neg:7.256778989240817E-9 
cv133_16336.txt pos pos:1.0 neg:1.738143112695332E-25 
cv933_23776.txt pos pos:1.0 neg:2.4178487306916802E-80 
cv629_14909.txt pos pos:1.0 neg:8.74045040456213E-25 
cv447_27332.txt pos neg:0.9999978230399534 pos:2.176960046563076E-6 
cv693_18063.txt pos neg:0.9999026814902098 pos:9.731850979028203E-5 
cv674_10732.txt pos pos:1.0 neg:1.1159232109849695E-55 
cv996_11592.txt pos pos:1.0 neg:9.342406434142591E-17 
cv573_29525.txt pos pos:1.0 neg:1.6776212518692306E-90 
cv365_11576.txt pos neg:0.9999999999993481 pos:6.518757865393625E-13 
cv155_7308.txt pos pos:1.0 neg:2.1502528845608542E-47 
cv327_20292.txt pos pos:0.9999999999999987 neg:1.2498436278456386E-15 
cv089_11418.txt pos neg:0.9999999999999996 pos:4.3625621631762313E-16 
cv303_27520.txt pos pos:1.0 neg:2.682891223157358E-30 
cv097_24970.txt pos pos:1.0 neg:2.3517621099642725E-24 
cv666_18963.txt pos pos:1.0 neg:1.3659353346402764E-65 
cv607_7717.txt pos neg:0.9999953056273669 pos:4.694372633123618E-6 
cv283_11055.txt pos pos:1.0 neg:8.070160907711762E-38 
cv292_7282.txt pos neg:0.9981908927274327 pos:0.0018091072725673865 
cv343_10368.txt pos pos:1.0 neg:1.490401596507938E-30 
cv533_9821.txt pos neg:1.0 pos:6.188121449610024E-27 
cv250_25616.txt pos pos:1.0 neg:9.678494351332294E-49 
cv438_8043.txt pos pos:1.0 neg:1.1067732112328203E-24 
cv287_15900.txt pos neg:0.9999999999246487 pos:7.535133636763642E-11 
cv470_15952.txt pos pos:0.8120362067982435 neg:0.18796379320175655 
cv869_23611.txt pos pos:1.0 neg:6.202061895509695E-44 
cv043_15013.txt pos pos:1.0 neg:1.1281120694392618E-51 
cv086_18371.txt pos pos:1.0 neg:7.4893146039261815E-96 
cv828_19831.txt pos neg:0.9999999990661608 pos:9.338393161756725E-10 
cv516_11172.txt pos neg:0.9999995750300966 pos:4.2496990341382456E-7 
cv491_12145.txt pos pos:0.9999393539397966 neg:6.0646060203454264E-5 
cv044_16969.txt pos neg:0.9999999996035536 pos:3.964464068571462E-10 
cv048_16828.txt pos pos:1.0 neg:3.894390320741627E-44 
Trial 0 Trainer NaiveBayesTrainer Training Data Confusion Matrix
Confusion Matrix, row=true, column=predicted  accuracy=0.9827777777777778
  label   0   1  |total
  0 neg 894   6  |900
  1 pos  25 875  |900

Trial 0 Trainer NaiveBayesTrainer training data accuracy= 0.9827777777777778
Trial 0 Trainer NaiveBayesTrainer Test Data Confusion Matrix
Confusion Matrix, row=true, column=predicted  accuracy=0.735
  label   0   1  |total
  0 neg  83  17  |100
  1 pos  36  64  |100

Trial 0 Trainer NaiveBayesTrainer test data accuracy= 0.735

NaiveBayesTrainer
Summary. train accuracy mean = 0.9827777777777778 stddev = 0.0 stderr = 0.0
Summary. test accuracy mean = 0.735 stddev = 0.0 stderr = 0.0
