
-------------------- Trial 0  --------------------

Trial 0 Training NaiveBayesTrainer with 1800 instances
Trial 0 Training NaiveBayesTrainer finished
Trial 0 Trainer NaiveBayesTrainer
 Raw Testing Data
cv756_23676.txt neg neg:1.0 pos:4.676860688898765E-33 
cv533_9843.txt neg neg:0.9999806477785096 pos:1.9352221490422805E-5 
cv749_18960.txt neg neg:1.0 pos:3.4064751953151666E-64 
cv534_15683.txt neg neg:1.0 pos:5.243727045644542E-28 
cv326_14777.txt neg neg:0.9999999999793736 pos:2.0626353077389986E-11 
cv552_0150.txt neg neg:1.0 pos:1.041425417615344E-44 
cv657_25835.txt neg neg:1.0 pos:2.338647337130208E-27 
cv731_3968.txt neg neg:0.959441901193519 pos:0.04055809880648092 
cv535_21183.txt neg neg:1.0 pos:9.835022479215501E-22 
cv656_25395.txt neg neg:1.0 pos:4.806747008574081E-90 
cv322_21820.txt neg neg:1.0 pos:3.0351281745544282E-30 
cv817_3675.txt neg neg:1.0 pos:1.4604984007961298E-28 
cv427_11693.txt neg pos:1.0 neg:1.5286835678505168E-45 
cv460_11723.txt neg neg:0.9999999841036755 pos:1.5896324469246518E-8 
cv367_24065.txt neg neg:1.0 pos:1.059135183777777E-87 
cv293_29731.txt neg neg:1.0 pos:2.9053614578294865E-65 
cv672_27988.txt neg neg:1.0 pos:1.0879955230623502E-37 
cv437_24070.txt neg neg:1.0 pos:1.6090446787148982E-60 
cv814_20316.txt neg neg:1.0 pos:1.7749544045549272E-23 
cv205_9676.txt neg neg:0.9999986870102853 pos:1.3129897146584423E-6 
cv417_14653.txt neg pos:1.0 neg:2.2769010529485217E-22 
cv515_18484.txt neg neg:0.9999999999847458 pos:1.525427634717416E-11 
cv521_1730.txt neg neg:0.9999999999994353 pos:5.646648767889898E-13 
cv572_20053.txt neg neg:1.0 pos:3.997417299944382E-35 
cv932_14854.txt neg neg:1.0 pos:7.106019234626277E-37 
cv986_15092.txt neg neg:0.9999999999999991 pos:9.945890793443911E-16 
cv518_14798.txt neg neg:1.0 pos:1.1423658697349363E-23 
cv523_18285.txt neg neg:1.0 pos:7.563707321693198E-30 
cv645_17078.txt neg neg:1.0 pos:1.8231735317835051E-63 
cv014_15600.txt neg neg:1.0 pos:2.246407211551663E-37 
cv747_18189.txt neg pos:1.0 neg:3.212068092887381E-24 
cv794_17353.txt neg neg:1.0 pos:5.043458191704928E-26 
cv364_14254.txt neg neg:1.0 pos:6.326499010843236E-79 
cv177_10904.txt neg neg:0.6809604464075496 pos:0.31903955359245034 
cv991_19973.txt neg pos:0.8113392767315343 neg:0.18866072326846572 
cv207_29141.txt neg neg:1.0 pos:3.292763261352425E-17 
cv701_15880.txt neg neg:1.0 pos:2.0619037773627992E-27 
cv922_10185.txt neg neg:0.9999999999995275 pos:4.724929821312281E-13 
cv912_5562.txt neg neg:1.0 pos:8.333233707231229E-44 
cv022_14227.txt neg neg:1.0 pos:6.352475564399085E-43 
cv275_28725.txt neg neg:0.9996268262551887 pos:3.7317374481128494E-4 
cv133_18065.txt neg neg:1.0 pos:1.1849918994645816E-25 
cv435_24355.txt neg pos:0.998860016802647 neg:0.0011399831973529651 
cv802_28381.txt neg neg:1.0 pos:1.7770780296648625E-20 
cv070_13249.txt neg neg:1.0 pos:2.9407985330106908E-114 
cv950_13478.txt neg neg:1.0 pos:7.945263255318728E-55 
cv433_10443.txt neg neg:1.0 pos:9.895551643614649E-17 
cv969_14760.txt neg neg:0.9999677033896099 pos:3.229661039008533E-5 
cv531_26838.txt neg pos:0.9999999999999982 neg:1.7023745080545231E-15 
cv439_17633.txt neg neg:1.0 pos:4.386243388551484E-24 
cv863_7912.txt neg neg:1.0 pos:2.7279481919028345E-34 
cv822_21545.txt neg neg:1.0 pos:5.737360650112524E-68 
cv126_28821.txt neg neg:1.0 pos:3.01200631119797E-74 
cv390_12187.txt neg neg:0.9999999999919014 pos:8.098543494755117E-12 
cv442_15499.txt neg neg:0.9999999999945317 pos:5.4683657511637785E-12 
cv507_9509.txt neg neg:1.0 pos:4.5160115842263666E-61 
cv473_7869.txt neg neg:1.0 pos:3.25198345250728E-43 
cv509_17354.txt neg neg:0.999999999999962 pos:3.7947926719068E-14 
cv138_13903.txt neg neg:1.0 pos:7.418120627375826E-79 
cv105_19135.txt neg neg:1.0 pos:5.9912862883570913E-36 
cv823_17055.txt neg neg:1.0 pos:1.3941961592395312E-40 
cv422_9632.txt neg neg:1.0 pos:6.500003813385836E-35 
cv259_11827.txt neg neg:1.0 pos:3.6767875495023643E-34 
cv421_9752.txt neg neg:0.9999999999999998 pos:1.1379460142348709E-16 
cv803_8584.txt neg neg:0.9940506047390083 pos:0.005949395260991731 
cv428_12202.txt neg neg:1.0 pos:1.0001878562783235E-88 
cv406_22199.txt neg neg:1.0 pos:1.5456118649395566E-47 
cv352_5414.txt neg neg:0.9999999999999991 pos:9.350117335445395E-16 
cv806_9405.txt neg neg:1.0 pos:1.4371454988104732E-18 
cv795_10291.txt neg neg:1.0 pos:3.8913067340654516E-33 
cv350_22139.txt neg neg:1.0 pos:7.282548715811416E-27 
cv377_8440.txt neg neg:0.9999999852996522 pos:1.4700347798995809E-8 
cv502_10970.txt neg neg:1.0 pos:1.0840347303218653E-33 
cv936_17473.txt neg neg:1.0 pos:1.199872682899131E-55 
cv475_22978.txt neg pos:1.0 neg:9.856908558949597E-23 
cv913_29127.txt neg neg:0.9999999599340788 pos:4.006592124717126E-8 
cv838_25886.txt neg pos:1.0 neg:4.04189046568723E-19 
cv675_22871.txt neg neg:0.9994786310719563 pos:5.213689280436745E-4 
cv425_8603.txt neg neg:1.0 pos:6.573564319901356E-26 
cv492_19370.txt neg neg:0.9999999999942406 pos:5.759348676289269E-12 
cv988_20168.txt neg neg:1.0 pos:1.3029390190459112E-43 
cv201_7421.txt neg neg:0.9999999798672425 pos:2.013275744028251E-8 
cv297_10104.txt neg neg:1.0 pos:2.2622035722447064E-28 
cv478_15921.txt neg neg:1.0 pos:8.835334758038615E-62 
cv615_15734.txt neg neg:1.0 pos:9.520591399388849E-31 
cv596_4367.txt neg neg:1.0 pos:5.729893285267549E-22 
cv247_14668.txt neg neg:0.999990704162249 pos:9.295837750929608E-6 
cv131_11568.txt neg neg:1.0 pos:6.977825362432377E-24 
cv135_12506.txt neg neg:1.0 pos:8.27823598428437E-20 
cv642_29788.txt neg neg:1.0 pos:8.17940315998784E-18 
cv479_5450.txt neg neg:1.0 pos:2.3693158778883874E-55 
cv783_14724.txt neg neg:1.0 pos:1.376507842667665E-19 
cv879_16585.txt neg neg:0.9999999999999998 pos:1.36966298015596E-16 
cv117_25625.txt neg neg:1.0 pos:2.3168735534501386E-25 
cv174_9735.txt neg neg:1.0 pos:3.4554767606975385E-22 
cv004_12641.txt neg neg:1.0 pos:1.0333562444028278E-27 
cv966_28671.txt neg neg:0.9999999999999609 pos:3.898900853135331E-14 
cv860_15520.txt neg neg:0.9999906469248129 pos:9.353075187097886E-6 
cv704_17622.txt neg neg:0.9999999999992224 pos:7.776537563866743E-13 
cv343_10906.txt neg pos:0.9206695706077208 neg:0.07933042939227908 
cv372_6552.txt pos neg:0.9999082797901208 pos:9.172020987931283E-5 
cv241_23130.txt pos pos:1.0 neg:5.337180281652722E-40 
cv700_21947.txt pos neg:1.0 pos:2.764579875746638E-24 
cv272_18974.txt pos pos:1.0 neg:9.11728175248348E-37 
cv096_11474.txt pos pos:1.0 neg:7.972479665831859E-49 
cv177_10367.txt pos pos:1.0 neg:5.124452998548884E-29 
cv986_13527.txt pos neg:1.0 pos:2.5726128203881877E-17 
cv800_12368.txt pos pos:1.0 neg:1.6743685974941729E-62 
cv102_7846.txt pos pos:1.0 neg:8.324601203696359E-32 
cv352_5524.txt pos pos:0.9999999682591528 neg:3.174084718814132E-8 
cv701_14252.txt pos pos:1.0 neg:7.187358465473706E-34 
cv346_18168.txt pos neg:0.9999999842018241 pos:1.5798175845765958E-8 
cv141_15686.txt pos pos:0.9981253647956364 neg:0.0018746352043635505 
cv006_15448.txt pos pos:1.0 neg:2.500196195640767E-64 
cv685_5947.txt pos neg:0.9646099634046791 pos:0.03539003659532079 
cv664_4389.txt pos pos:0.8080368104244459 neg:0.19196318957555417 
cv581_19381.txt pos pos:1.0 neg:1.356762060580661E-21 
cv522_5583.txt pos pos:1.0 neg:3.836156184044363E-22 
cv735_18801.txt pos neg:0.9999941467451625 pos:5.853254837452718E-6 
cv839_21467.txt pos pos:0.999999999999982 neg:1.8017937340495308E-14 
cv132_5618.txt pos pos:0.9995794549866431 neg:4.205450133567801E-4 
cv867_16661.txt pos neg:0.9999998106857558 pos:1.8931424416561414E-7 
cv375_9929.txt pos pos:1.0 neg:3.1304406118558655E-42 
cv045_23923.txt pos pos:1.0 neg:4.607581662273185E-31 
cv179_9228.txt pos pos:1.0 neg:3.472586845404496E-33 
cv804_10862.txt pos pos:0.9999999999989493 neg:1.0508005241318388E-12 
cv812_17924.txt pos pos:1.0 neg:1.1147340572087002E-18 
cv011_12166.txt pos pos:1.0 neg:7.987777076419343E-29 
cv861_1198.txt pos neg:0.9999377962675605 pos:6.220373243954051E-5 
cv576_14094.txt pos pos:0.9999999999999956 neg:4.48444327910032E-15 
cv916_15467.txt pos pos:1.0 neg:8.97748794399937E-95 
cv776_20529.txt pos pos:1.0 neg:6.362250282310422E-39 
cv995_21821.txt pos pos:1.0 neg:3.6172420334349463E-26 
cv240_14336.txt pos pos:1.0 neg:6.190194747688156E-61 
cv920_29622.txt pos pos:1.0 neg:3.5497756190676126E-17 
cv670_25826.txt pos pos:0.9999999999999991 neg:9.65500967454224E-16 
cv290_11084.txt pos pos:1.0 neg:3.589760805164532E-92 
cv156_10481.txt pos pos:1.0 neg:6.68131028723794E-33 
cv087_1989.txt pos pos:1.0 neg:8.1964291679019895E-81 
cv584_29722.txt pos pos:0.9168107503957622 neg:0.08318924960423776 
cv279_18329.txt pos pos:1.0 neg:1.420055431161296E-51 
cv704_15969.txt pos pos:0.9999999839077156 neg:1.6092284454928387E-8 
cv228_5806.txt pos pos:1.0 neg:3.977885377100799E-27 
cv935_23841.txt pos pos:1.0 neg:2.1735801916206368E-68 
cv651_10492.txt pos pos:0.9999672774535637 neg:3.2722546436320735E-5 
cv497_26980.txt pos neg:0.9999999994345705 pos:5.654294868028221E-10 
cv917_29715.txt pos neg:0.9999999999971574 pos:2.842673343119844E-12 
cv922_10073.txt pos neg:0.9999862726295723 pos:1.3727370427758951E-5 
cv231_10425.txt pos pos:1.0 neg:1.0141702186316496E-99 
cv799_18543.txt pos neg:0.9999999013252816 pos:9.867471840666266E-8 
cv243_20728.txt pos pos:0.9998995230704032 neg:1.0047692959685124E-4 
cv880_29800.txt pos pos:1.0 neg:1.8937894937128736E-32 
cv239_3385.txt pos pos:1.0 neg:4.5842630219619143E-51 
cv972_26417.txt pos pos:0.9956990230581286 neg:0.004300976941871336 
cv207_29284.txt pos pos:1.0 neg:2.102426477506174E-86 
cv790_14600.txt pos neg:1.0 pos:1.5544095383970666E-30 
cv070_12289.txt pos pos:1.0 neg:7.587855288556699E-51 
cv318_10493.txt pos pos:0.999520764427248 neg:4.792355727520486E-4 
cv398_15537.txt pos pos:1.0 neg:7.245509240524678E-70 
cv785_22600.txt pos pos:1.0 neg:7.06238148175299E-49 
cv458_8604.txt pos pos:1.0 neg:4.5653300430026136E-57 
cv308_5016.txt pos pos:1.0 neg:1.153552252928565E-26 
cv323_29805.txt pos pos:0.9999996887576682 neg:3.112423317867564E-7 
cv031_18452.txt pos pos:1.0 neg:1.462595331774975E-100 
cv528_10822.txt pos pos:1.0 neg:6.183032088376588E-34 
cv349_13507.txt pos pos:1.0 neg:2.478384214043245E-48 
cv277_19091.txt pos neg:0.7809528402731555 pos:0.2190471597268445 
cv408_5297.txt pos neg:0.9999988916777991 pos:1.108322200797513E-6 
cv668_17604.txt pos pos:1.0 neg:4.313888422951254E-43 
cv567_29611.txt pos pos:1.0 neg:7.298536917692221E-26 
cv216_18738.txt pos pos:1.0 neg:2.6388821097243384E-33 
cv112_11193.txt pos pos:0.9999999999999849 neg:1.5207493902923035E-14 
cv394_5137.txt pos pos:1.0 neg:1.881181731037952E-20 
cv734_21568.txt pos pos:1.0 neg:3.281646948899354E-61 
cv834_22195.txt pos pos:1.0 neg:2.0217157134138608E-29 
cv952_25240.txt pos neg:1.0 pos:3.0111285930187125E-45 
cv782_19526.txt pos pos:1.0 neg:8.674554408331345E-71 
cv783_13227.txt pos neg:1.0 pos:4.232374709551262E-43 
cv582_6559.txt pos pos:1.0 neg:4.669758488208198E-157 
cv449_8785.txt pos pos:0.9998615640801994 neg:1.384359198005088E-4 
cv968_24218.txt pos pos:1.0 neg:6.344731026578688E-29 
cv482_10580.txt pos pos:1.0 neg:1.3773827067855814E-17 
cv309_22571.txt pos pos:1.0 neg:3.840902885036742E-93 
cv925_8969.txt pos pos:1.0 neg:2.6110040802628407E-62 
cv091_7400.txt pos pos:0.999999999999998 neg:1.889453908023054E-15 
cv934_19027.txt pos pos:1.0 neg:4.321396206911485E-67 
cv348_18176.txt pos neg:0.9999999368714174 pos:6.312858267094409E-8 
cv802_28664.txt pos pos:1.0 neg:5.624230096854963E-58 
cv649_12735.txt pos neg:0.9999999999999971 pos:2.8152436814363423E-15 
cv818_10211.txt pos pos:1.0 neg:7.36263387961646E-77 
cv078_14730.txt pos pos:1.0 neg:2.0155492686782005E-40 
cv298_23111.txt pos pos:1.0 neg:1.2846552353213082E-55 
cv866_29691.txt pos pos:1.0 neg:8.102255736301896E-83 
cv314_14422.txt pos pos:1.0 neg:3.217688769417213E-22 
cv255_13683.txt pos pos:1.0 neg:8.400909431260816E-21 
cv367_22792.txt pos pos:1.0 neg:1.1016997810943823E-26 
cv036_16831.txt pos pos:1.0 neg:4.924434781997643E-19 
cv370_5221.txt pos neg:0.9999984523996327 pos:1.5476003673541163E-6 
cv417_13115.txt pos pos:1.0 neg:6.528131393578702E-92 
cv136_11505.txt pos pos:1.0 neg:3.8040797568607834E-25 
Trial 0 Trainer NaiveBayesTrainer Training Data Confusion Matrix
Confusion Matrix, row=true, column=predicted  accuracy=0.9788888888888889
  label   0   1  |total
  0 neg 889  11  |900
  1 pos  27 873  |900

Trial 0 Trainer NaiveBayesTrainer training data accuracy= 0.9788888888888889
Trial 0 Trainer NaiveBayesTrainer Test Data Confusion Matrix
Confusion Matrix, row=true, column=predicted  accuracy=0.855
  label   0   1  |total
  0 neg  91   9  |100
  1 pos  20  80  |100

Trial 0 Trainer NaiveBayesTrainer test data accuracy= 0.855

NaiveBayesTrainer
Summary. train accuracy mean = 0.9788888888888889 stddev = 0.0 stderr = 0.0
Summary. test accuracy mean = 0.855 stddev = 0.0 stderr = 0.0
