
-------------------- Trial 0  --------------------

Trial 0 Training MaxEntTrainer,gaussianPriorVariance=1.0 with 1800 instances
Trial 0 Training MaxEntTrainer,gaussianPriorVariance=1.0 finished
Trial 0 Trainer MaxEntTrainer,gaussianPriorVariance=1.0
 Raw Testing Data
1236.txt pos pos:0.9353282145097132 neg:0.06467178549028686 
3781.txt pos pos:0.978136030617075 neg:0.02186396938292501 
3026.txt pos neg:0.9998542403303976 pos:1.4575966960251251E-4 
1773.txt pos pos:0.9970748530895508 neg:0.002925146910449261 
3835.txt pos pos:0.9999999815097514 neg:1.8490248532287818E-8 
3447.txt pos pos:0.9992484169453413 neg:7.515830546587328E-4 
3496.txt pos neg:0.9999983725357836 pos:1.627464216305837E-6 
709.txt pos pos:0.9999999999974654 neg:2.5346660037931638E-12 
2110.txt pos pos:0.9917554325949397 neg:0.008244567405060382 
934.txt pos pos:0.9972391156872611 neg:0.002760884312739023 
486.txt pos pos:0.9725865076368674 neg:0.027413492363132477 
4373.txt pos neg:0.9992296684709681 pos:7.703315290319248E-4 
791.txt pos neg:0.9992492988243734 pos:7.507011756265646E-4 
1203.txt pos pos:0.999529003059891 neg:4.7099694010902665E-4 
1907.txt pos pos:0.999999999998632 neg:1.3680812036031485E-12 
3220.txt pos neg:0.9034283367584681 pos:0.09657166324153185 
2812.txt pos pos:0.9546364519151022 neg:0.04536354808489797 
1030.txt pos pos:0.9999876487231945 neg:1.2351276805687642E-5 
2125.txt pos neg:0.6020828390748914 pos:0.3979171609251086 
1451.txt pos pos:0.9999999493455579 neg:5.0654442132658264E-8 
3304.txt pos pos:0.9902065763850905 neg:0.009793423614909605 
2544.txt pos pos:0.9999999187979515 neg:8.120204843339688E-8 
1746.txt pos neg:0.9999999999901863 pos:9.813770866166877E-12 
112.txt pos pos:0.9999999999037619 neg:9.62382202523525E-11 
205.txt pos pos:0.999470207312643 neg:5.297926873570391E-4 
1168.txt pos pos:0.9999999131841395 neg:8.681586048935892E-8 
3989.txt pos pos:0.9999999811416281 neg:1.8858371821779118E-8 
4257.txt pos pos:0.9999999925452362 neg:7.454763768159625E-9 
1509.txt pos pos:0.9968024958469874 neg:0.003197504153012689 
4308.txt pos neg:0.9452635728992134 pos:0.054736427100786605 
3303.txt pos pos:0.9999999993350774 neg:6.649225673838152E-10 
3807.txt pos pos:0.9999674763895086 neg:3.2523610491440393E-5 
1320.txt pos pos:0.9999999999867135 neg:1.3286473846428053E-11 
574.txt pos neg:0.6819515502372068 pos:0.3180484497627933 
2869.txt pos pos:0.9999999482650912 neg:5.1734908838119286E-8 
747.txt pos pos:0.9999993189534226 neg:6.810465773286783E-7 
4374.txt pos pos:1.0 neg:1.0584786299077916E-24 
796.txt pos pos:0.6189735867044444 neg:0.38102641329555564 
169.txt pos pos:0.9999999655210715 neg:3.4478928571515315E-8 
3580.txt pos pos:0.9400948871120394 neg:0.059905112887960583 
3227.txt pos pos:0.9185027497119203 neg:0.08149725028807975 
354.txt pos pos:0.9999999882411487 neg:1.1758851408600683E-8 
1039.txt pos pos:1.0 neg:1.1125693271850766E-17 
422.txt pos pos:0.9897800590708685 neg:0.01021994092913154 
385.txt pos pos:0.9999917313425974 neg:8.268657402494818E-6 
53.txt pos pos:0.9999996249613227 neg:3.7503867729531176E-7 
3951.txt pos neg:0.8275515655073499 pos:0.1724484344926501 
1617.txt pos pos:0.9999999747692074 neg:2.5230792615918812E-8 
2074.txt pos pos:0.8191784804537866 neg:0.1808215195462134 
1045.txt pos pos:0.9999999429807737 neg:5.7019226377041366E-8 
3710.txt pos pos:0.9999999953327907 neg:4.6672092757246605E-9 
3371.txt pos neg:0.7035038240899164 pos:0.2964961759100836 
3407.txt pos pos:0.9999999999999991 neg:9.622804662636925E-16 
1352.txt pos pos:1.0 neg:1.7210963244006266E-18 
2181.txt pos pos:0.9998585153452213 neg:1.4148465477876166E-4 
974.txt pos pos:0.9982583173398983 neg:0.001741682660101584 
611.txt pos neg:0.5507654446555738 pos:0.4492345553444263 
1093.txt pos pos:0.5897609298082491 neg:0.4102390701917509 
1734.txt pos pos:0.9999992529321658 neg:7.47067834067408E-7 
4132.txt pos neg:0.9952825713892384 pos:0.004717428610761596 
501.txt pos pos:0.999999896218361 neg:1.0378163888273566E-7 
973.txt pos pos:0.9999999999999583 neg:4.1740215907312245E-14 
3589.txt pos pos:0.9999696578017 neg:3.0342198300157465E-5 
1909.txt pos pos:0.9973497626278345 neg:0.0026502373721654397 
886.txt pos pos:0.8225683845988427 neg:0.17743161540115718 
732.txt pos pos:0.9998490074248488 neg:1.5099257515103015E-4 
1329.txt pos pos:0.9999760930254208 neg:2.3906974579256473E-5 
857.txt pos pos:0.9999999999921814 neg:7.818671813753242E-12 
3956.txt pos pos:0.9999999990370647 neg:9.629353767528559E-10 
85.txt pos pos:1.0 neg:1.2444568843999737E-24 
266.txt pos neg:0.8818594031511261 pos:0.11814059684887396 
607.txt pos pos:0.9998756209804746 neg:1.2437901952545E-4 
3549.txt pos pos:0.9951865447693261 neg:0.004813455230673926 
3185.txt pos neg:0.9685138048593083 pos:0.03148619514069165 
3996.txt pos pos:0.9998465126185242 neg:1.5348738147576965E-4 
1260.txt pos pos:0.999998308854039 neg:1.6911459610395143E-6 
3292.txt pos neg:0.7988974716288431 pos:0.2011025283711569 
45.txt pos pos:0.9999999989292219 neg:1.0707781348888902E-9 
846.txt pos pos:1.0 neg:6.207316155276401E-22 
342.txt pos pos:0.9988388410970108 neg:0.00116115890298929 
4310.txt pos pos:0.9999999999950802 neg:4.9199386922298226E-12 
2929.txt pos pos:0.9622792126027616 neg:0.03772078739723851 
2065.txt pos neg:0.5425425589877269 pos:0.45745744101227315 
93.txt pos neg:0.9359675743458409 pos:0.06403242565415905 
2372.txt pos pos:0.9913874722292237 neg:0.008612527770776148 
3153.txt pos pos:0.9999999351676709 neg:6.48323291162993E-8 
394.txt pos neg:0.9999977568482761 pos:2.2431517238415318E-6 
841.txt pos pos:0.9999996517451273 neg:3.482548727613824E-7 
433.txt pos pos:0.9998100553202085 neg:1.8994467979146625E-4 
1028.txt pos pos:0.6853318761697603 neg:0.3146681238302398 
4317.txt pos pos:0.9999998498786072 neg:1.5012139277453364E-7 
724.txt pos pos:0.9999999987840829 neg:1.2159171425208167E-9 
3659.txt pos pos:0.8882782420970697 neg:0.11172175790293028 
3688.txt pos neg:0.6913479597530359 pos:0.3086520402469642 
3077.txt pos pos:0.9897965690849416 neg:0.010203430915058391 
2190.txt pos neg:0.5476337265496208 pos:0.45236627345037916 
2637.txt pos pos:0.9386027792370133 neg:0.06139722076298658 
2141.txt pos neg:0.6058974653943112 pos:0.3941025346056888 
3701.txt pos pos:0.8047256260000253 neg:0.19527437399997472 
1054.txt pos pos:0.9457497209413477 neg:0.05425027905865233 
1486.txt neg neg:0.9778970260505843 pos:0.022102973949415607 
3806.txt neg neg:0.9986685713852301 pos:0.0013314286147698205 
2655.txt neg neg:0.5077109306722405 pos:0.49228906932775957 
402.txt neg pos:0.9999906348185461 neg:9.365181453873292E-6 
4190.txt neg neg:0.999999399035889 pos:6.009641109622997E-7 
3801.txt neg pos:0.8241394025993263 neg:0.17586059740067359 
3473.txt neg neg:0.9999906127754596 pos:9.387224540355151E-6 
1747.txt neg neg:0.9999999921965069 pos:7.803493196487314E-9 
2683.txt neg neg:0.9999998705265168 pos:1.2947348324024283E-7 
2937.txt neg neg:0.9957650568227381 pos:0.004234943177262006 
521.txt neg neg:0.997597611031101 pos:0.0024023889688989126 
1115.txt neg neg:0.9999999358922324 pos:6.410776754757167E-8 
2813.txt neg neg:0.9945435634941027 pos:0.005456436505897334 
1202.txt neg neg:0.9999745446306385 pos:2.5455369361498577E-5 
3691.txt neg neg:0.9864403635423207 pos:0.013559636457679387 
2158.txt neg pos:0.9620373503253611 neg:0.03796264967463894 
3718.txt neg neg:1.0 pos:3.338606930795908E-18 
61.txt neg pos:0.9931203294485633 neg:0.006879670551436671 
2539.txt neg neg:0.9957018994653389 pos:0.004298100534660918 
109.txt neg neg:0.9882294408709467 pos:0.0117705591290533 
568.txt neg neg:0.9999995708421573 pos:4.2915784280083E-7 
3497.txt neg neg:0.9999999979972312 pos:2.002768832022431E-9 
2902.txt neg neg:0.9999999999714382 pos:2.856178997370883E-11 
1817.txt neg pos:0.8588211539101753 neg:0.14117884608982473 
842.txt neg pos:0.999103355793834 neg:8.966442061659655E-4 
397.txt neg neg:1.0 pos:7.20441264665352E-23 
727.txt neg pos:0.9999991186654442 neg:8.813345557147581E-7 
2206.txt neg neg:0.9996465832610336 pos:3.534167389663196E-4 
4108.txt neg neg:0.999925247083808 pos:7.475291619190478E-5 
1656.txt neg neg:0.999999999972077 pos:2.7922896320983876E-11 
262.txt neg pos:0.9805487330202682 neg:0.01945126697973172 
1237.txt neg neg:0.9919687186817996 pos:0.008031281318200372 
1541.txt neg pos:0.999954696018476 neg:4.530398152398788E-5 
2035.txt neg neg:1.0 pos:3.9629658407363164E-21 
54.txt neg pos:0.9831946490505797 neg:0.016805350949420348 
4081.txt neg neg:1.0 pos:1.6365070822264157E-19 
2744.txt neg neg:0.9860823945362759 pos:0.013917605463724085 
1230.txt neg neg:0.5834268139792076 pos:0.4165731860207924 
1597.txt neg neg:0.9999906524065334 pos:9.347593466656467E-6 
604.txt neg pos:0.9988444992451065 neg:0.001155500754893516 
3917.txt neg neg:0.9999988632838859 pos:1.1367161141851782E-6 
4218.txt neg neg:0.9995834953335377 pos:4.165046664621823E-4 
1546.txt neg neg:0.9980100929394671 pos:0.0019899070605329597 
3672.txt neg neg:0.9949537070010327 pos:0.005046292998967197 
961.txt neg neg:0.9998967359184913 pos:1.0326408150867235E-4 
1368.txt neg neg:0.5764415146446892 pos:0.4235584853553108 
3519.txt neg neg:0.9957915042636771 pos:0.004208495736322849 
1948.txt neg neg:0.999795588853159 pos:2.0441114684100059E-4 
3337.txt neg neg:0.9999989466666332 pos:1.0533333667980086E-6 
1810.txt neg neg:0.9999797449939387 pos:2.0255006061333535E-5 
1462.txt neg neg:0.9999999938385429 pos:6.1614570664286456E-9 
437.txt neg neg:0.9981114916037854 pos:0.0018885083962144492 
2660.txt neg neg:0.9988440921752023 pos:0.001155907824797704 
4216.txt neg neg:0.7851339950350457 pos:0.21486600496495445 
1129.txt neg neg:0.9999999999999971 pos:2.9227101978092434E-15 
783.txt neg neg:0.9999992969252174 pos:7.030747825288266E-7 
3724.txt neg pos:0.9935960805922139 neg:0.006403919407786087 
4088.txt neg neg:0.9995739290658479 pos:4.2607093415226484E-4 
494.txt neg neg:0.9999999986567121 pos:1.3432879838944756E-9 
1184.txt neg neg:0.9852301664121251 pos:0.014769833587874903 
1623.txt neg neg:0.998510019234882 pos:0.001489980765117993 
217.txt neg pos:0.9977390608023777 neg:0.002260939197622245 
2091.txt neg neg:1.0 pos:2.795346797795667E-29 
2853.txt neg neg:0.6769133176652409 pos:0.3230866823347591 
1534.txt neg pos:0.9704322766325885 neg:0.02956772336741157 
913.txt neg pos:0.7506370606779187 neg:0.2493629393220813 
1155.txt neg neg:0.9999755224312206 pos:2.447756877940293E-5 
2118.txt neg neg:0.9296600532845789 pos:0.07033994671542104 
4025.txt neg pos:0.8744723251576424 neg:0.12552767484235758 
6.txt neg pos:0.9719033069661897 neg:0.028096693033810464 
2096.txt neg neg:0.9999078798874435 pos:9.212011255647487E-5 
2885.txt neg neg:0.9994872419403902 pos:5.127580596099397E-4 
2426.txt neg neg:0.9921625170767142 pos:0.007837482923285888 
3266.txt neg neg:0.9998552290408425 pos:1.447709591576242E-4 
107.txt neg neg:0.9999999998258711 pos:1.7412894699666369E-10 
566.txt neg neg:0.9999991331354042 pos:8.66864595839565E-7 
1819.txt neg neg:0.8331738497060247 pos:0.16682615029397532 
399.txt neg neg:0.9783119020551653 pos:0.02168809794483463 
348.txt neg neg:0.5040918203317836 pos:0.4959081796682165 
2502.txt neg neg:0.9224602401718137 pos:0.07753975982818638 
3723.txt neg pos:0.7419629287802761 neg:0.25803707121972386 
3084.txt neg pos:0.9998054909085727 neg:1.9450909142724988E-4 
493.txt neg pos:0.6195626447600153 neg:0.38043735523998456 
1361.txt neg neg:0.9999998736708795 pos:1.2632912048981086E-7 
3846.txt neg neg:0.9994707784705946 pos:5.292215294054163E-4 
2274.txt neg neg:0.986692299551149 pos:0.013307700448851031 
4033.txt neg neg:0.9988649946344503 pos:0.0011350053655495844 
2678.txt neg neg:0.9728517583339656 pos:0.0271482416660343 
3459.txt neg neg:0.9999999999741367 pos:2.586336932377062E-11 
1808.txt neg neg:0.9999508094708356 pos:4.919052916454104E-5 
388.txt neg pos:0.9999975751000565 neg:2.424899943594635E-6 
2437.txt neg neg:0.9999615323762058 pos:3.846762379423503E-5 
3277.txt neg neg:0.9999999878309077 pos:1.216909235976538E-8 
905.txt neg neg:0.9999991382069551 pos:8.617930450700827E-7 
577.txt neg neg:0.9000155472477427 pos:0.09998445275225726 
660.txt neg neg:0.9901347881215422 pos:0.00986521187845786 
2604.txt neg neg:0.9999999968836704 pos:3.116329520291317E-9 
482.txt neg neg:0.9999810749763958 pos:1.8925023604311742E-5 
3382.txt neg neg:0.9603309388554345 pos:0.03966906114456545 
1370.txt neg neg:0.9999962904548438 pos:3.709545156087318E-6 
Trial 0 Trainer MaxEntTrainer,gaussianPriorVariance=1.0 Training Data Confusion Matrix
Confusion Matrix, row=true, column=predicted  accuracy=1.0
  label   0   1  |total
  0 pos 900   .  |900
  1 neg   . 900  |900

Trial 0 Trainer MaxEntTrainer,gaussianPriorVariance=1.0 training data accuracy= 1.0
Trial 0 Trainer MaxEntTrainer,gaussianPriorVariance=1.0 Test Data Confusion Matrix
Confusion Matrix, row=true, column=predicted  accuracy=0.785
  label   0   1  |total
  0 pos  78  22  |100
  1 neg  21  79  |100

Trial 0 Trainer MaxEntTrainer,gaussianPriorVariance=1.0 test data accuracy= 0.785

MaxEntTrainer,gaussianPriorVariance=1.0
Summary. train accuracy mean = 1.0 stddev = 0.0 stderr = 0.0
Summary. test accuracy mean = 0.785 stddev = 0.0 stderr = 0.0
