
-------------------- Trial 0  --------------------

Trial 0 Training MaxEntTrainer,gaussianPriorVariance=1.0 with 1800 instances
Trial 0 Training MaxEntTrainer,gaussianPriorVariance=1.0 finished
Trial 0 Trainer MaxEntTrainer,gaussianPriorVariance=1.0
 Raw Testing Data
826.txt pos pos:0.9775464262419172 neg:0.022453573758082723 
1358.txt pos pos:0.9999926235088396 neg:7.376491160502669E-6 
1794.txt pos neg:0.932101570449874 pos:0.06789842955012611 
1745.txt pos pos:0.9992723928138989 neg:7.276071861011037E-4 
2650.txt pos neg:0.9810391506895793 pos:0.01896084931042086 
428.txt pos pos:0.9999999996278917 neg:3.721084126433851E-10 
3010.txt pos pos:0.9543105642242953 neg:0.04568943577570477 
3803.txt pos pos:0.9294361161560386 neg:0.07056388384396138 
3375.txt pos pos:0.9999778801881299 neg:2.2119811870114085E-5 
2154.txt pos neg:0.5666616545892444 pos:0.4333383454107555 
1041.txt pos pos:0.9999999998660551 neg:1.3394484564304825E-10 
1090.txt pos pos:0.9999203966030791 neg:7.960339692107095E-5 
3871.txt pos pos:0.9999036017201163 neg:9.639827988377313E-5 
4226.txt pos pos:0.9996716432967443 neg:3.2835670325565805E-4 
615.txt pos pos:0.9999999928486982 neg:7.151301722180965E-9 
1119.txt pos pos:0.9908920942099478 neg:0.00910790579005221 
3309.txt pos pos:0.999847544321779 neg:1.5245567822112148E-4 
2598.txt pos pos:0.9999999986693489 neg:1.330651190453239E-9 
1504.txt pos pos:0.7906493706521681 neg:0.20935062934783194 
208.txt pos pos:0.9997028217083055 neg:2.9717829169458417E-4 
2070.txt pos pos:0.9998145133375693 neg:1.854866624305812E-4 
1165.txt pos pos:0.9476655832606956 neg:0.05233441673930436 
4305.txt pos pos:0.9935975502488567 neg:0.006402449751143302 
882.txt pos pos:0.9635218241723496 neg:0.03647817582765049 
853.txt pos neg:0.9986246643847716 pos:0.0013753356152283755 
421.txt pos pos:0.9999972776752105 neg:2.722324789547314E-6 
3019.txt pos pos:0.9999999082892999 neg:9.171070024145956E-8 
1971.txt pos pos:0.9999980939928028 neg:1.9060071972333203E-6 
2077.txt pos pos:0.8328564292027936 neg:0.16714357079720646 
1046.txt pos pos:0.9999999999974774 neg:2.522715073095832E-12 
1097.txt pos pos:0.9964034636534688 neg:0.0035965363465311384 
3065.txt pos pos:0.9992061832618555 neg:7.938167381445134E-4 
1351.txt pos pos:0.9995997209659198 neg:4.002790340802765E-4 
2244.txt pos pos:0.8973868837649295 neg:0.10261311623507054 
1668.txt pos pos:0.9999633592782836 neg:3.6640721716313816E-5 
612.txt pos neg:0.9989605641779753 pos:0.0010394358220247096 
3505.txt pos pos:0.9997245926595865 neg:2.754073404135897E-4 
75.txt pos pos:0.9999865689197227 neg:1.3431080277365297E-5 
2890.txt pos neg:0.9999746189363082 pos:2.5381063691715798E-5 
1147.txt pos neg:0.9997211352296494 pos:2.788647703506288E-4 
2433.txt pos pos:0.9638182002465389 neg:0.036181799753461086 
713.txt pos pos:0.9999991532187874 neg:8.467812125822977E-7 
4037.txt pos pos:0.9998116347505914 neg:1.883652494086663E-4 
952.txt pos pos:0.9999998389219356 neg:1.6107806438917387E-7 
4113.txt pos pos:0.9997813083680652 neg:2.1869163193477415E-4 
983.txt pos pos:0.99957326393865 neg:4.2673606134993873E-4 
4204.txt pos neg:0.53415859624925 pos:0.46584140375075 
2176.txt pos pos:0.9999995398893696 neg:4.6011063031969815E-7 
3357.txt pos pos:0.9735709707102945 neg:0.026429029289705516 
3882.txt pos pos:0.9999990409277278 neg:9.5907227208056E-7 
1374.txt pos neg:0.9995579114575007 pos:4.420885424993134E-4 
3386.txt pos pos:0.9997788769342085 neg:2.2112306579155836E-4 
146.txt pos pos:0.9978301302066965 neg:0.0021698697933035345 
955.txt pos pos:0.9805654587791268 neg:0.01943454122087315 
4114.txt pos pos:0.9997291182840292 neg:2.708817159708708E-4 
984.txt pos neg:0.6348878594341335 pos:0.36511214056586644 
3208.txt pos pos:0.9999999999998173 neg:1.8275530331477682E-13 
630.txt pos pos:0.9947153260163233 neg:0.005284673983676822 
309.txt pos neg:0.9660838214938566 pos:0.03391617850614335 
1405.txt pos pos:0.9997955417687 neg:2.0445823130005425E-4 
3854.txt pos pos:0.9071843876312132 neg:0.09281561236878687 
3426.txt pos pos:0.9999040638627474 neg:9.59361372526107E-5 
3381.txt pos pos:0.9999475610368905 neg:5.2438963109422104E-5 
3047.txt pos pos:0.8787935106592998 neg:0.12120648934070018 
1982.txt pos pos:0.9999897888239643 neg:1.0211176035760683E-5 
1257.txt pos neg:0.5258125216638546 pos:0.4741874783361454 
3502.txt pos pos:0.9996946255053812 neg:3.0537449461875624E-4 
4168.txt pos pos:0.9994282276050964 neg:5.717723949035793E-4 
929.txt pos pos:0.999744025197268 neg:2.5597480273209495E-4 
2055.txt pos pos:0.9999978643367367 neg:2.135663263235031E-6 
4327.txt pos pos:0.99999999999994 neg:5.995109093750702E-14 
403.txt pos pos:0.9997316853498133 neg:2.6831465018673965E-4 
1225.txt pos pos:0.9995905623630541 neg:4.094376369459616E-4 
2497.txt pos neg:0.9920401263677326 pos:0.0079598736322673 
1644.txt pos pos:0.9999998479048389 neg:1.5209516108110331E-7 
2751.txt pos pos:0.7351220431174479 neg:0.26487795688255206 
529.txt pos neg:0.9643040644528894 pos:0.03569593554711065 
2780.txt pos pos:0.999512142635324 neg:4.878573646761912E-4 
4093.txt pos pos:0.9376438889357236 neg:0.06235611106427643 
3098.txt pos pos:0.998024658481219 neg:0.0019753415187810834 
3428.txt pos pos:0.9922669412480919 neg:0.007733058751908123 
2899.txt pos pos:0.9771407395467735 neg:0.022859260453226414 
693.txt pos pos:0.9999079717120428 neg:9.202828795715262E-5 
4166.txt pos pos:0.9633156503754813 neg:0.03668434962451871 
584.txt pos pos:0.9559706652854612 neg:0.04402933471453884 
223.txt pos pos:0.9999534847655936 neg:4.6515234406293866E-5 
4271.txt pos pos:0.9999967946934873 neg:3.2053065126118474E-6 
642.txt pos pos:0.9999951629477849 neg:4.837052215104707E-6 
1016.txt pos pos:0.999997223702592 neg:2.7762974078810655E-6 
3826.txt pos pos:0.9999179493719821 neg:8.205062801795665E-5 
3792.txt pos pos:0.999997385475515 neg:2.6145244850753126E-6 
133.txt pos neg:0.655160438463938 pos:0.34483956153606204 
4276.txt pos pos:0.9999999983729524 neg:1.6270475454199065E-9 
645.txt pos pos:0.5851409217110182 neg:0.4148590782889819 
2104.txt pos pos:0.9997937764390202 neg:2.062235609796624E-4 
3482.txt pos neg:0.79105200404235 pos:0.20894799595764998 
1767.txt pos pos:0.9592194606268836 neg:0.040780539373116424 
3795.txt pos pos:0.9935927098707398 neg:0.0064072901292600995 
878.txt pos pos:0.9395444032504553 neg:0.060455596749544774 
3905.txt pos pos:0.7935208180401658 neg:0.20647918195983408 
716.txt neg neg:0.9791295682494375 pos:0.020870431750562565 
1454.txt neg neg:0.8964823886022562 pos:0.10351761139774399 
3301.txt neg neg:0.999999893181969 pos:1.068180310443425E-7 
2933.txt neg neg:0.7369136803030171 pos:0.26308631969698293 
2541.txt neg neg:0.9999960866333518 pos:3.913366648139569E-6 
3914.txt neg neg:0.9973815106453563 pos:0.002618489354643784 
1233.txt neg neg:0.6081972070388132 pos:0.3918027929611868 
1594.txt neg neg:0.9616655437356959 pos:0.03833445626430413 
2747.txt neg neg:0.9891691205742403 pos:0.010830879425759683 
2796.txt neg neg:0.9027660192316475 pos:0.09723398076835259 
448.txt neg neg:0.9967172889634547 pos:0.003282711036545387 
50.txt neg neg:0.9994341260311891 pos:5.65873968810955E-4 
3348.txt neg neg:0.9999999961838473 pos:3.816152718561751E-9 
3399.txt neg neg:0.9880915745833244 pos:0.011908425416675677 
4267.txt neg neg:0.9961556645681278 pos:0.0038443354318721135 
3334.txt neg neg:0.9999991408652305 pos:8.591347695886069E-7 
1776.txt neg neg:0.9999999995542896 pos:4.45710433241752E-10 
1629.txt neg neg:0.9999891777473559 pos:1.082225264415792E-5 
919.txt neg pos:0.999835084566661 neg:1.6491543333891528E-4 
4260.txt neg pos:0.8811918260753716 neg:0.11880817392462839 
1814.txt neg neg:0.9999787178410142 pos:2.1282158985823334E-5 
1466.txt neg neg:0.9999664456760073 pos:3.3554323992779895E-5 
2573.txt neg pos:0.8760829231537204 neg:0.1239170768462796 
2901.txt neg neg:0.9997400645908636 pos:2.599354091363475E-4 
3333.txt neg neg:0.9997516058280856 pos:2.4839417191445016E-4 
2205.txt neg neg:0.999899118110397 pos:1.0088188960303264E-4 
3913.txt neg neg:0.9993782971964204 pos:6.217028035795834E-4 
2321.txt neg neg:0.9780917777014374 pos:0.02190822229856251 
600.txt neg pos:0.8071550654631685 neg:0.1928449345368315 
261.txt neg pos:0.552941524123241 neg:0.44705847587675895 
3217.txt neg pos:0.9999065169533656 neg:9.348304663435442E-5 
1868.txt neg pos:0.9914168520047323 neg:0.008583147995267758 
3058.txt neg neg:0.9995117853123486 pos:4.8821468765145477E-4 
672.txt neg neg:0.9778794580750132 pos:0.022120541924986647 
1993.txt neg neg:0.999999986353993 pos:1.364600695548065E-8 
3172.txt neg neg:0.9983755274768886 pos:0.00162447252311145 
2732.txt neg neg:0.9888764505346035 pos:0.011123549465396457 
213.txt neg neg:0.73956288251088 pos:0.26043711748912 
5.txt neg pos:0.9961020668976528 neg:0.003897933102347235 
917.txt neg neg:0.9999931645537042 pos:6.835446295681611E-6 
2425.txt neg neg:0.9997518682468547 pos:2.4813175314533073E-4 
2459.txt neg pos:0.9999888975772708 neg:1.1102422729132884E-5 
3087.txt neg neg:0.9759185509574606 pos:0.02408144904253938 
1414.txt neg neg:0.9956359083964142 pos:0.0043640916035857106 
3341.txt neg neg:0.9485603459575637 pos:0.05143965404243642 
3894.txt neg neg:0.9999800281197059 pos:1.997188029401444E-5 
2501.txt neg neg:0.9966524646981705 pos:0.003347535301829468 
3390.txt neg neg:0.9766098134837118 pos:0.0233901865162883 
756.txt neg pos:0.6802069470658458 neg:0.31979305293415417 
2616.txt neg pos:0.9997584007112884 neg:2.4159928871156895E-4 
337.txt neg neg:0.5135009221359522 pos:0.48649907786404784 
4102.txt neg neg:0.9999999999997602 pos:2.3976056221662647E-13 
1939.txt neg neg:0.9993330634094407 pos:6.669365905592629E-4 
3080.txt neg neg:0.9227950393997797 pos:0.07720496060022043 
3727.txt neg pos:0.749426143155091 neg:0.250573856844909 
780.txt neg pos:0.8287250801916616 neg:0.17127491980833837 
1861.txt neg neg:0.8419127201924581 pos:0.15808727980754184 
3893.txt neg pos:0.9244850791046875 neg:0.07551492089531246 
1365.txt neg neg:0.9999601800010124 pos:3.981999898770435E-5 
1704.txt neg neg:0.9999998989544747 pos:1.0104552531902388E-7 
2881.txt neg pos:0.9001083453151109 neg:0.09989165468488899 
2354.txt neg pos:0.9878841889513784 neg:0.012115811048621536 
1241.txt neg neg:0.9727788111694153 pos:0.02722118883058472 
2.txt neg neg:0.9870062083746025 pos:0.012993791625397374 
562.txt neg neg:0.8777048401184055 pos:0.12229515988159458 
910.txt neg pos:0.9928296135439681 neg:0.007170386456031909 
2043.txt neg pos:0.9982202604086029 neg:0.0017797395913970724 
2908.txt neg neg:0.999475262958434 pos:5.247370415659394E-4 
2523.txt neg neg:0.9998627974073995 pos:1.372025926005289E-4 
2951.txt neg neg:0.9999806983808553 pos:1.9301619144545238E-5 
3074.txt neg neg:0.9982937496178431 pos:0.0017062503821568603 
3415.txt neg neg:0.9997844420483178 pos:2.1555795168226526E-4 
998.txt neg neg:0.99781018227513 pos:0.002189817724870135 
1679.txt neg neg:0.9999662653319444 pos:3.3734668055522705E-5 
4314.txt neg neg:0.9998252303496371 pos:1.7476965036283232E-4 
2648.txt neg neg:0.9993009648568953 pos:6.990351431046603E-4 
2710.txt neg neg:0.9999900521333556 pos:9.947866644486545E-6 
126.txt neg neg:0.9999816937068419 pos:1.830629315802278E-5 
2139.txt neg pos:0.858244408766654 neg:0.14175559123334597 
3157.txt neg neg:0.9676691811385619 pos:0.032330818861438036 
1602.txt neg neg:0.9995224533892152 pos:4.7754661078479093E-4 
236.txt neg neg:0.9961007379823952 pos:0.003899262017604911 
591.txt neg neg:0.9964004432601737 pos:0.003599556739826202 
3944.txt neg neg:0.9614419040710493 pos:0.038558095928950736 
657.txt neg neg:0.9999366061144546 pos:6.33938855455409E-5 
3995.txt neg neg:0.999999979124178 pos:2.0875821884462864E-8 
2872.txt neg pos:0.9984596442779129 neg:0.0015403557220870375 
2061.txt neg neg:0.9968981598430199 pos:0.0031018401569800342 
1431.txt neg neg:0.9999825952478506 pos:1.7404752149372124E-5 
2283.txt neg neg:0.9998653744282485 pos:1.3462557175143762E-4 
816.txt neg neg:0.6824821580975343 pos:0.3175178419024656 
312.txt neg neg:0.9971414714195296 pos:0.002858528580470427 
2987.txt neg neg:0.9999916572269781 pos:8.342773021874001E-6 
1108.txt neg neg:0.9999998421952923 pos:1.578047077440851E-7 
1785.txt neg neg:0.9999946443951708 pos:5.35560482909069E-6 
2690.txt neg neg:0.9999998834743491 pos:1.1652565092756472E-7 
2641.txt neg neg:0.9999657004523546 pos:3.429954764556654E-5 
1754.txt neg neg:0.6683012105522842 pos:0.3316987894477158 
1335.txt neg neg:0.9988368643414248 pos:0.001163135658575276 
3159.txt neg pos:0.9996774351260032 neg:3.2256487399696406E-4 
Trial 0 Trainer MaxEntTrainer,gaussianPriorVariance=1.0 Training Data Confusion Matrix
Confusion Matrix, row=true, column=predicted  accuracy=1.0
  label   0   1  |total
  0 pos 900   .  |900
  1 neg   . 900  |900

Trial 0 Trainer MaxEntTrainer,gaussianPriorVariance=1.0 training data accuracy= 1.0
Trial 0 Trainer MaxEntTrainer,gaussianPriorVariance=1.0 Test Data Confusion Matrix
Confusion Matrix, row=true, column=predicted  accuracy=0.815
  label   0   1  |total
  0 pos  84  16  |100
  1 neg  21  79  |100

Trial 0 Trainer MaxEntTrainer,gaussianPriorVariance=1.0 test data accuracy= 0.815

MaxEntTrainer,gaussianPriorVariance=1.0
Summary. train accuracy mean = 1.0 stddev = 0.0 stderr = 0.0
Summary. test accuracy mean = 0.815 stddev = 0.0 stderr = 0.0
