
-------------------- Trial 0  --------------------

Trial 0 Training NaiveBayesTrainer with 1800 instances
Trial 0 Training NaiveBayesTrainer finished
Trial 0 Trainer NaiveBayesTrainer
 Raw Testing Data
758.txt pos pos:1.0 neg:4.417326299403754E-50 
104.txt pos pos:1.0 neg:0.0 
1269.txt pos pos:1.0 neg:2.2279324638254782E-107 
3005.txt pos neg:0.9999999999999614 pos:3.8697079941169686E-14 
3773.txt pos pos:1.0 neg:2.900502195133632E-29 
2920.txt pos pos:1.0 neg:5.948942641286566E-31 
4319.txt pos pos:1.0 neg:7.646896388602066E-73 
1447.txt pos pos:1.0 neg:8.66606367257272E-115 
1563.txt pos pos:1.0 neg:4.669733335252169E-17 
3540.txt pos pos:1.0 neg:9.718757661058519E-31 
2761.txt pos pos:0.9983168035596733 neg:0.0016831964403266782 
3121.txt pos neg:1.0 pos:2.5344536264093447E-20 
3418.txt pos neg:1.0 pos:5.129603739148539E-43 
787.txt pos pos:1.0 neg:4.0676325691648456E-23 
833.txt pos neg:0.9999999999081399 pos:9.186015255619985E-11 
490.txt pos pos:0.9999999925176123 neg:7.482387836773494E-9 
4365.txt pos pos:1.0 neg:1.2040834293388255E-38 
2289.txt pos neg:1.0 pos:2.698158700064163E-18 
2803.txt pos neg:0.8715714850247721 pos:0.1284285149752279 
1564.txt pos pos:1.0 neg:2.1460098677275018E-51 
1212.txt pos pos:1.0 neg:1.3622591891880484E-26 
3681.txt pos pos:0.9999999999986096 neg:1.3905469267349722E-12 
2766.txt pos pos:1.0 neg:3.44017216543219E-51 
446.txt pos pos:1.0 neg:6.094167427241759E-17 
4075.txt pos pos:1.0 neg:9.287220656595878E-119 
214.txt pos pos:1.0 neg:3.320131787642953E-50 
4246.txt pos pos:1.0 neg:2.8999541668293933E-89 
103.txt pos pos:1.0 neg:2.154546847949827E-81 
3811.txt pos pos:1.0 neg:1.5315984598700967E-48 
3002.txt pos pos:0.999677086324172 neg:3.229136758280895E-4 
1786.txt pos pos:1.0 neg:6.177047344277514E-22 
3315.txt pos pos:1.0 neg:8.026847241865168E-38 
1832.txt pos pos:1.0 neg:1.3725800298881962E-43 
959.txt pos pos:1.0 neg:2.666640751634626E-64 
1580.txt pos pos:1.0 neg:8.748723782977493E-129 
3204.txt pos pos:1.0 neg:9.983699138998931E-43 
1923.txt pos pos:1.0 neg:4.201184773172674E-35 
305.txt pos neg:1.0 pos:2.553225039209666E-36 
473.txt pos pos:1.0 neg:5.013269864240138E-41 
4273.txt pos pos:1.0 neg:6.515556408884141E-43 
640.txt pos pos:1.0 neg:3.9149764386740003E-44 
586.txt pos pos:1.0 neg:3.6881737874585974E-41 
3320.txt pos pos:1.0 neg:1.3615434401458347E-44 
2912.txt pos pos:1.0 neg:2.9769771441654245E-26 
1807.txt pos neg:1.0 pos:3.855647012150139E-23 
1475.txt pos pos:0.779327890808979 neg:0.22067210919102093 
2101.txt pos pos:1.0 neg:3.559699293996453E-25 
1762.txt pos neg:1.0 pos:1.0272633934358578E-28 
1303.txt pos pos:1.0 neg:1.676367994334504E-92 
4163.txt pos pos:1.0 neg:6.049718662572478E-87 
4274.txt pos pos:1.0 neg:4.9588751538194845E-140 
2567.txt pos pos:1.0 neg:3.543917944146089E-69 
3327.txt pos pos:1.0 neg:6.254840982260998E-60 
3746.txt pos pos:0.9999999999994424 neg:5.575696330636725E-13 
2106.txt pos pos:1.0 neg:1.747733698187711E-34 
1765.txt pos pos:1.0 neg:3.4705687110816936E-69 
2670.txt pos pos:1.0 neg:1.1793274082717557E-18 
3203.txt pos pos:1.0 neg:2.5577958450756594E-66 
1924.txt pos pos:1.0 neg:2.4143107915525353E-138 
1556.txt pos pos:1.0 neg:7.704012674044137E-70 
4208.txt pos pos:1.0 neg:4.907250996816496E-34 
4350.txt pos pos:1.0 neg:1.340103351281368E-42 
302.txt pos pos:1.0 neg:1.546179333158888E-51 
1194.txt pos pos:1.0 neg:1.4390022994843048E-33 
1633.txt pos pos:1.0 neg:1.5071303122443203E-52 
2726.txt pos pos:1.0 neg:3.289151490745419E-78 
1252.txt pos pos:0.8790411876672887 neg:0.12095881233271139 
3271.txt pos neg:0.9993006984297242 pos:6.993015702758417E-4 
2396.txt pos pos:1.0 neg:2.6843572133338042E-45 
649.txt pos pos:1.0 neg:5.120036110359519E-32 
3329.txt pos pos:1.0 neg:7.631556432765952E-22 
711.txt pos neg:1.0 pos:2.5010187566285192E-17 
3799.txt pos pos:1.0 neg:1.2057707433740085E-32 
874.txt pos pos:1.0 neg:1.3448722598526664E-18 
406.txt pos pos:1.0 neg:3.6980942008285557E-50 
4035.txt pos pos:1.0 neg:2.1306672453593088E-240 
522.txt pos pos:1.0 neg:9.248455689585609E-57 
950.txt pos pos:1.0 neg:1.0974903522469299E-51 
4111.txt pos pos:1.0 neg:3.02487203969394E-63 
192.txt pos pos:1.0 neg:3.913340000860703E-103 
1139.txt pos pos:1.0 neg:3.5496072576786E-31 
3880.txt pos pos:1.0 neg:3.056204979811533E-27 
1872.txt pos pos:1.0 neg:2.5954858537063973E-86 
4098.txt pos pos:1.0 neg:3.7812247672279555E-70 
1061.txt pos pos:1.0 neg:7.714111651474675E-102 
3042.txt pos pos:0.9999996391257974 neg:3.6087420273091307E-7 
2263.txt pos pos:1.0 neg:1.3071681985325865E-78 
253.txt pos neg:0.9999991075104796 pos:8.924895203828788E-7 
3094.txt pos pos:1.0 neg:8.053735352189568E-78 
1371.txt pos pos:1.0 neg:4.962564710337424E-37 
2264.txt pos neg:1.0 pos:4.094451621947731E-52 
1634.txt pos pos:1.0 neg:3.512145326396045E-29 
559.txt pos pos:1.0 neg:7.302165831787841E-20 
1255.txt pos pos:1.0 neg:7.096349442496832E-24 
2340.txt pos pos:1.0 neg:2.8975106996837033E-170 
2895.txt pos neg:1.0 pos:1.819148331575728E-88 
2436.txt pos neg:1.0 pos:2.65614333610563E-153 
588.txt pos pos:1.0 neg:8.849066690624009E-18 
4325.txt pos pos:1.0 neg:4.845088640431366E-115 
3489.txt pos pos:1.0 neg:9.278903473627708E-71 
3422.txt neg neg:1.0 pos:1.2187562527487078E-27 
1873.txt neg neg:1.0 pos:2.4342170734579865E-105 
792.txt neg neg:1.0 pos:2.4847714815201955E-39 
1060.txt neg neg:1.0 pos:1.1481646748358628E-98 
30.txt neg pos:1.0 neg:1.3047264803242315E-59 
4323.txt neg neg:1.0 pos:2.3639916999681615E-135 
667.txt neg pos:0.954702643469003 neg:0.04529735653099704 
4097.txt neg neg:1.0 pos:1.391726508883214E-21 
828.txt neg neg:1.0 pos:5.475405370057459E-34 
2442.txt neg neg:1.0 pos:2.625565660288764E-50 
1136.txt neg neg:0.9999999999963127 pos:3.6873087499048125E-12 
2493.txt neg pos:0.9999998268437147 neg:1.7315628540657086E-7 
2671.txt neg pos:0.975578216128685 neg:0.024421783871315064 
3031.txt neg neg:1.0 pos:2.129563668140416E-58 
885.txt neg pos:0.9994965189405629 neg:5.03481059437139E-4 
1764.txt neg pos:0.999999999997514 neg:2.485905201216337E-12 
3450.txt neg neg:1.0 pos:5.332906724026819E-29 
1473.txt neg neg:1.0 pos:2.4571385700816605E-119 
2566.txt neg neg:1.0 pos:3.9103519397493683E-23 
3481.txt neg neg:1.0 pos:4.9004234474493787E-20 
3326.txt neg neg:1.0 pos:8.088783832113691E-39 
3747.txt neg neg:1.0 pos:4.1811144947557827E-57 
3169.txt neg neg:1.0 pos:2.628164551589511E-78 
669.txt neg pos:1.0 neg:8.547741594531797E-48 
1763.txt neg neg:1.0 pos:6.529075897582934E-38 
1302.txt neg neg:0.9999999994563924 pos:5.43607541624574E-10 
2913.txt neg neg:1.0 pos:5.0615482846863336E-21 
3279.txt neg neg:0.998615135975568 pos:0.0013848640244319575 
2058.txt neg neg:1.0 pos:1.876640395074376E-37 
579.txt neg neg:1.0 pos:2.5185286587090913E-23 
3888.txt neg neg:0.9999999999975893 pos:2.4106358214426544E-12 
4356.txt neg neg:0.9999999999999998 pos:2.3028172211860967E-16 
2445.txt neg neg:1.0 pos:1.199726497733706E-30 
977.txt neg neg:1.0 pos:4.508144464587061E-25 
505.txt neg neg:1.0 pos:1.3794658563416148E-57 
1696.txt neg neg:1.0 pos:1.5744711762041807E-30 
1131.txt neg neg:1.0 pos:7.13191231575146E-94 
2783.txt neg pos:0.9656444994073115 neg:0.034355500592688645 
2024.txt neg pos:1.0 neg:7.233992484002746E-79 
4119.txt neg neg:1.0 pos:1.6986638697601703E-46 
273.txt neg neg:1.0 pos:1.3896417073333712E-47 
3901.txt neg neg:1.0 pos:2.3791671488771047E-47 
3573.txt neg pos:1.0 neg:2.809433490676118E-38 
414.txt neg neg:1.0 pos:5.125092703727195E-97 
1441.txt neg neg:1.0 pos:1.012936411854542E-26 
1337.txt neg neg:1.0 pos:4.70026946570171E-21 
4296.txt neg neg:1.0 pos:2.0088747126643214E-26 
3948.txt neg neg:1.0 pos:3.182758170938349E-43 
1519.txt neg neg:1.0 pos:4.787540382847968E-19 
3709.txt neg neg:1.0 pos:1.915073143651374E-60 
1672.txt neg neg:1.0 pos:8.43718645929437E-27 
942.txt neg neg:1.0 pos:5.058621113877129E-31 
530.txt neg neg:0.9999999999987335 pos:1.2665327698154125E-12 
2011.txt neg neg:1.0 pos:2.7394371958204248E-114 
3651.txt neg neg:0.9898811912800721 pos:0.010118808719927814 
2802.txt neg pos:1.0 neg:1.1186681036732624E-22 
2288.txt neg neg:1.0 pos:3.8323064959828477E-22 
77.txt neg neg:1.0 pos:1.076417922552875E-49 
1848.txt neg neg:0.9999691953949263 pos:3.080460507361313E-5 
319.txt neg neg:1.0 pos:5.98716184951166E-45 
3541.txt neg neg:1.0 pos:5.064750284677883E-37 
945.txt neg neg:0.9998300076712858 pos:1.6999232871421855E-4 
156.txt neg neg:0.9999999999999976 pos:2.354332671622385E-15 
3817.txt neg neg:1.0 pos:1.558727864749526E-36 
1330.txt neg neg:0.9561247605142839 pos:0.043875239485716026 
1268.txt neg neg:1.0 pos:1.5398119597144843E-70 
1609.txt neg neg:1.0 pos:3.6889789625559736E-59 
4157.txt neg neg:1.0 pos:1.3479651953874154E-75 
813.txt neg neg:1.0 pos:1.4312580889905362E-20 
1055.txt neg neg:1.0 pos:5.206483333015461E-52 
1434.txt neg neg:0.9999647366798657 pos:3.526332013429664E-5 
1846.txt neg neg:0.9999999999999962 pos:3.671512995636734E-15 
2521.txt neg neg:1.0 pos:1.7242580621145196E-71 
1342.txt neg neg:0.9999998286840597 pos:1.7131594027338999E-7 
3076.txt neg pos:0.9997886458877486 neg:2.113541122513476E-4 
3658.txt neg neg:1.0 pos:2.2562517653227353E-29 
3239.txt neg neg:1.0 pos:5.93470021729158E-32 
1448.txt neg neg:1.0 pos:8.42525798652557E-24 
4316.txt neg neg:1.0 pos:2.236082347611465E-40 
3941.txt neg neg:1.0 pos:1.178935133635203E-59 
1266.txt neg neg:0.9996487476406439 pos:3.5125235935617733E-4 
937.txt neg neg:0.9999999999999998 pos:1.113805841523833E-16 
4188.txt neg neg:1.0 pos:1.936837026494987E-29 
1962.txt neg neg:1.0 pos:3.578150139826085E-24 
3245.txt neg neg:0.9999999999143043 pos:8.569576219764718E-11 
3946.txt neg neg:1.0 pos:5.729930559816787E-23 
1261.txt neg pos:1.0 neg:9.428643299562773E-34 
234.txt neg neg:1.0 pos:1.5410998699341502E-42 
2063.txt neg neg:1.0 pos:7.4986477686378525E-25 
1965.txt neg neg:1.0 pos:8.86376009242033E-28 
3242.txt neg neg:1.0 pos:8.664191142529342E-34 
466.txt neg neg:1.0 pos:3.32636256876628E-98 
2147.txt neg neg:1.0 pos:3.2607937486303074E-33 
3410.txt neg neg:0.9999999875505957 pos:1.2449404220270285E-8 
2985.txt neg pos:0.9999999999971378 neg:2.8620827921497E-12 
1890.txt neg neg:1.0 pos:1.306687797846839E-32 
310.txt neg pos:1.0 neg:4.2248974277752484E-23 
1083.txt neg pos:0.9999999996783957 neg:3.2160428368350604E-10 
248.txt neg neg:1.0 pos:1.2114278541495992E-63 
299.txt neg neg:1.0 pos:1.3301153044270536E-76 
Trial 0 Trainer NaiveBayesTrainer Training Data Confusion Matrix
Confusion Matrix, row=true, column=predicted  accuracy=0.9938888888888889
  label   0   1  |total
  0 pos 891   9  |900
  1 neg   2 898  |900

Trial 0 Trainer NaiveBayesTrainer training data accuracy= 0.9938888888888889
Trial 0 Trainer NaiveBayesTrainer Test Data Confusion Matrix
Confusion Matrix, row=true, column=predicted  accuracy=0.845
  label   0   1  |total
  0 pos  85  15  |100
  1 neg  16  84  |100

Trial 0 Trainer NaiveBayesTrainer test data accuracy= 0.845

NaiveBayesTrainer
Summary. train accuracy mean = 0.9938888888888889 stddev = 0.0 stderr = 0.0
Summary. test accuracy mean = 0.845 stddev = 0.0 stderr = 0.0
