
-------------------- Trial 0  --------------------

Trial 0 Training NaiveBayesTrainer with 1800 instances
Trial 0 Training NaiveBayesTrainer finished
Trial 0 Trainer NaiveBayesTrainer
 Raw Testing Data
2072.txt pos pos:1.0 neg:2.5261108227264244E-49 
84.txt pos pos:1.0 neg:7.567107146157653E-29 
3986.txt pos pos:0.9997598393965094 neg:2.401606034907045E-4 
1974.txt pos pos:1.0 neg:7.75321933829394E-58 
1506.txt pos pos:1.0 neg:1.8123633714064694E-161 
4307.txt pos pos:1.0 neg:4.47368617252518E-33 
384.txt pos neg:0.9996382887673703 pos:3.6171123262978194E-4 
423.txt pos neg:0.7293431750498081 pos:0.270656824950192 
4010.txt pos pos:1.0 neg:7.082238536639312E-86 
1277.txt pos pos:0.9999999999994651 neg:5.348490495386866E-13 
3192.txt pos pos:1.0 neg:4.137214035181919E-87 
2866.txt pos neg:0.9999974121881287 pos:2.5878118713456093E-6 
1501.txt pos pos:0.9999999999999989 neg:1.138746683512667E-15 
1973.txt pos pos:1.0 neg:1.6218205454039437E-56 
329.txt pos neg:1.0 pos:5.628200486548522E-29 
1044.txt pos neg:0.9999978872588967 pos:2.112741103182217E-6 
1886.txt pos pos:1.0 neg:2.7711894910379133E-42 
799.txt pos pos:1.0 neg:8.17016096251096E-34 
1095.txt pos pos:1.0 neg:4.9597797269528826E-98 
2180.txt pos neg:0.9994414721095587 pos:5.58527890441196E-4 
3649.txt pos pos:1.0 neg:7.203040757165283E-34 
3228.txt pos pos:0.9999999313763894 neg:6.862361054641673E-8 
2123.txt pos pos:1.0 neg:1.1379077640122142E-117 
1791.txt pos pos:1.0 neg:3.439444857508739E-21 
1036.txt pos pos:1.0 neg:5.6275316889688064E-101 
2593.txt pos pos:1.0 neg:6.670308935984924E-23 
1740.txt pos pos:1.0 neg:7.051536179058643E-74 
907.txt pos pos:1.0 neg:2.8420415674062906E-85 
4375.txt pos pos:1.0 neg:1.2386739157867895E-112 
1859.txt pos pos:0.9999999999956286 neg:4.371412830556281E-12 
3408.txt pos neg:1.0 pos:2.74681392192585E-36 
3069.txt pos neg:0.5279314333141445 pos:0.4720685666858554 
1205.txt pos pos:0.9997013055587776 neg:2.986944412223758E-4 
3922.txt pos pos:1.0 neg:6.411046465841604E-37 
790.txt pos pos:1.0 neg:4.787726257134716E-72 
2776.txt pos neg:1.0 pos:5.717485425587473E-29 
3586.txt pos pos:1.0 neg:3.1981778963793328E-40 
3221.txt pos pos:0.999800596430826 neg:1.994035691740753E-4 
619.txt pos neg:0.6378344826607493 pos:0.3621655173392506 
1574.txt pos neg:0.995065605733769 pos:0.004934394266231098 
889.txt pos pos:0.9999999999995288 neg:4.710775847909761E-13 
1450.txt pos neg:0.9999999998297111 pos:1.7028879243320515E-10 
1822.txt pos pos:0.9999999999987064 neg:1.2937038904910787E-12 
1481.txt pos pos:1.0 neg:7.237463243993165E-67 
1326.txt pos neg:1.0 pos:2.884788862065949E-23 
3012.txt pos pos:0.9966374531764486 neg:0.003362546823551436 
2652.txt pos pos:1.0 neg:1.1478244183741452E-19 
900.txt pos pos:1.0 neg:9.41237604581455E-33 
204.txt pos pos:1.0 neg:9.383280469258122E-35 
4256.txt pos pos:1.0 neg:3.99192467690576E-154 
4050.txt pos pos:1.0 neg:4.3590665100575526E-185 
4347.txt pos pos:1.0 neg:2.133661216323282E-219 
3899.txt pos pos:1.0 neg:5.29750557374801E-178 
1078.txt pos pos:1.0 neg:1.3581125211952747E-79 
2454.txt pos pos:1.0 neg:9.775563742459065E-59 
2826.txt pos pos:1.0 neg:4.4035112348650324E-94 
1933.txt pos pos:1.0 neg:1.1977865402427205E-25 
3103.txt pos neg:1.0 pos:1.065374357813551E-32 
949.txt pos pos:1.0 neg:1.5074503255000677E-26 
1590.txt pos pos:1.0 neg:3.9588495482672685E-41 
3910.txt pos pos:1.0 neg:1.714032585338042E-36 
2570.txt pos neg:1.0 pos:1.872685719854862E-19 
3751.txt pos pos:1.0 neg:1.1609353477202318E-90 
4263.txt pos neg:0.9997067521916283 pos:2.9324780837170807E-4 
1775.txt pos pos:0.9998339888560174 neg:1.6601114398263517E-4 
3833.txt pos pos:1.0 neg:3.112671855411644E-71 
3756.txt pos pos:1.0 neg:1.183282335609293E-38 
1003.txt pos pos:1.0 neg:3.312617492667088E-24 
932.txt pos pos:1.0 neg:2.6313454151621254E-73 
2738.txt pos pos:0.9999999999999998 neg:1.9277368186916125E-16 
4173.txt pos pos:1.0 neg:9.611481370352458E-160 
121.txt pos pos:1.0 neg:7.680247783170548E-119 
1999.txt pos pos:0.999999999998811 neg:1.1891211697204476E-12 
464.txt pos pos:1.0 neg:3.349257266493256E-28 
1709.txt pos pos:1.0 neg:6.7377206578001155E-46 
4340.txt pos pos:1.0 neg:1.737159735085948E-61 
2453.txt pos pos:1.0 neg:2.6193319443089138E-30 
1934.txt pos pos:0.9999999877661471 neg:1.2233852967019909E-8 
2795.txt pos pos:1.0 neg:2.5235665696141725E-71 
1680.txt pos neg:1.0 pos:6.705332845122864E-17 
1127.txt pos pos:1.0 neg:2.974265518875742E-44 
3104.txt pos pos:0.9999949241537495 neg:5.075846250650977E-6 
416.txt pos pos:0.9999999999999976 neg:2.5069964498081295E-15 
864.txt pos pos:1.0 neg:2.325700955954293E-62 
2579.txt pos neg:0.9999999999999998 pos:1.6438814173144547E-16 
360.txt pos pos:1.0 neg:1.466764313028267E-91 
3758.txt pos pos:0.9829032741475536 neg:0.01709672585244644 
1293.txt pos pos:1.0 neg:1.155613309303844E-126 
238.txt pos neg:0.9999999999983373 pos:1.6627358797034102E-12 
3176.txt pos pos:1.0 neg:3.130090212829241E-91 
2357.txt pos pos:1.0 neg:1.4324467902046771E-201 
3965.txt pos neg:1.0 pos:3.2405662687495978E-24 
2612.txt pos pos:1.0 neg:3.6966091228415396E-60 
818.txt pos pos:1.0 neg:1.6041260718007888E-76 
3394.txt pos pos:0.9999999999999998 neg:2.927532850833069E-16 
2505.txt pos pos:1.0 neg:6.98195984358948E-36 
1862.txt pos neg:1.0 pos:5.245096601518131E-27 
244.txt pos pos:1.0 neg:2.4841327408359748E-58 
532.txt pos pos:1.0 neg:1.218317632367625E-60 
3919.txt pos pos:0.9999999999773144 neg:2.2685589588267207E-11 
3714.txt neg neg:0.9970648861808232 pos:0.0029351138191768115 
1730.txt neg pos:0.9999999998862019 neg:1.1379803618927794E-10 
1884.txt neg neg:1.0 pos:3.794331977892726E-51 
2295.txt neg neg:1.0 pos:3.925175135619881E-22 
4379.txt neg pos:0.9992326841344854 neg:7.673158655144953E-4 
1855.txt neg neg:1.0 pos:2.1466023317535477E-80 
3713.txt neg neg:1.0 pos:2.982979948793481E-41 
2153.txt neg neg:1.0 pos:1.1188151512337927E-28 
3190.txt neg pos:0.999999999742814 neg:2.5718595538345047E-10 
556.txt neg neg:1.0 pos:1.3037445337097057E-63 
587.txt neg pos:0.9999965408194629 neg:3.4591805370361394E-6 
2701.txt neg neg:1.0 pos:1.8786591172734493E-79 
3141.txt neg neg:1.0 pos:1.1532100515585663E-34 
1275.txt neg pos:1.0 neg:2.776417285649266E-26 
719.txt neg neg:1.0 pos:3.573261458269659E-53 
2097.txt neg neg:1.0 pos:1.1296331309833168E-37 
3170.txt neg pos:0.9997671810975096 neg:2.3281890249032065E-4 
7.txt neg neg:1.0 pos:1.1362011919839986E-29 
1532.txt neg neg:1.0 pos:5.240220325753687E-37 
2427.txt neg neg:0.9999999939758428 pos:6.024157234333013E-9 
2855.txt neg neg:1.0 pos:7.434589868413693E-28 
1818.txt neg neg:1.0 pos:3.089206286366705E-66 
349.txt neg neg:1.0 pos:5.866215126146415E-48 
4023.txt neg pos:1.0 neg:1.155031968581621E-21 
3449.txt neg pos:1.0 neg:2.184804876863465E-54 
1659.txt neg neg:1.0 pos:3.878540938957045E-51 
969.txt neg neg:1.0 pos:2.0126528203057145E-34 
1416.txt neg pos:0.9999999991610649 neg:8.389351857305103E-10 
443.txt neg neg:1.0 pos:4.0947856607503655E-20 
3085.txt neg neg:1.0 pos:7.504955206581815E-22 
2162.txt neg neg:1.0 pos:2.3838480395043672E-45 
754.txt neg pos:0.9999999990169472 neg:9.83052750484191E-10 
1598.txt neg neg:0.9999999999529059 pos:4.709404935015335E-11 
1070.txt neg pos:1.0 neg:4.586104141194775E-42 
332.txt neg neg:1.0 pos:7.299612582177056E-49 
2883.txt neg neg:1.0 pos:1.9625588328677945E-50 
3516.txt neg neg:0.9999999998728764 pos:1.271236208031184E-10 
1243.txt neg pos:1.0 neg:1.2694567868845218E-20 
1947.txt neg neg:1.0 pos:4.6254353631152594E-61 
560.txt neg neg:1.0 pos:1.5778625982769227E-59 
2041.txt neg neg:1.0 pos:2.790672738245645E-31 
20.txt neg neg:0.9999779150686499 pos:2.208493135002397E-5 
2119.txt neg neg:1.0 pos:1.3605158219846306E-18 
3759.txt neg neg:1.0 pos:2.702737975089438E-29 
438.txt neg pos:0.9999341036122815 neg:6.58963877184415E-5 
2745.txt neg neg:1.0 pos:2.246314452830896E-42 
1596.txt neg neg:1.0 pos:1.500569262447707E-22 
512.txt neg neg:1.0 pos:1.134564392665803E-24 
3673.txt neg pos:1.0 neg:3.212160566825344E-19 
2978.txt neg neg:1.0 pos:5.041756396956254E-47 
1369.txt neg neg:1.0 pos:3.217697407053626E-47 
1998.txt neg neg:1.0 pos:6.952135617148695E-79 
3518.txt neg neg:1.0 pos:3.085455836448761E-24 
1949.txt neg neg:1.0 pos:7.049199102531966E-90 
2904.txt neg neg:1.0 pos:3.0742495675911175E-62 
3757.txt neg neg:0.9999999938116968 pos:6.188303227398457E-9 
4175.txt neg neg:0.9999999999966642 pos:3.3357959817660495E-12 
3269.txt neg neg:1.0 pos:1.5136206146110845E-98 
569.txt neg neg:1.0 pos:2.2311885182697807E-20 
3331.txt neg neg:0.9120216983702975 pos:0.08797830162970259 
1005.txt neg neg:1.0 pos:1.443962247219926E-85 
4109.txt neg neg:1.0 pos:2.4475820716268575E-26 
3563.txt neg neg:1.0 pos:1.288328988108364E-20 
1591.txt neg neg:0.9999999999999971 pos:2.8869320932132716E-15 
174.txt neg neg:0.9998203111831762 pos:1.796888168237444E-4 
2793.txt neg neg:1.0 pos:2.1653520052200085E-23 
3674.txt neg neg:1.0 pos:2.935658041319241E-80 
55.txt neg pos:0.999999732925916 neg:2.670740838234715E-7 
3958.txt neg pos:1.0 neg:9.762319707126044E-57 
1327.txt neg neg:0.9999999999764493 pos:2.3550648298588075E-11 
3013.txt neg neg:1.0 pos:7.068766512421761E-41 
2653.txt neg neg:1.0 pos:4.135238058727167E-30 
404.txt neg pos:0.9329473448383679 neg:0.06705265516163206 
1797.txt neg pos:0.8758610707961895 neg:0.12413892920381048 
1823.txt neg pos:1.0 neg:1.0186512266593934E-45 
287.txt neg neg:1.0 pos:6.255838135204903E-38 
520.txt neg neg:0.9999999999999476 pos:5.232361701986081E-14 
141.txt neg neg:1.0 pos:4.618114051758693E-45 
2316.txt neg neg:1.0 pos:2.7533689800462615E-57 
637.txt neg neg:1.0 pos:1.9469965250645006E-52 
190.txt neg pos:0.9999998310380637 neg:1.6896193635119877E-7 
3137.txt neg neg:1.0 pos:1.2387477423073778E-69 
2777.txt neg neg:1.0 pos:3.556549994008927E-46 
3719.txt neg pos:1.0 neg:3.620294194235599E-29 
3378.txt neg neg:1.0 pos:1.711561773043344E-81 
280.txt neg neg:0.9999999999999936 pos:6.377499000500863E-15 
3646.txt neg neg:1.0 pos:7.563056226468462E-39 
2006.txt neg neg:1.0 pos:1.3592510887022113E-38 
1572.txt neg neg:0.9999999999999771 pos:2.276511140520155E-14 
1900.txt neg neg:1.0 pos:5.295234955258229E-49 
2311.txt neg neg:1.0 pos:7.84561736863101E-48 
3697.txt neg neg:1.0 pos:4.278427856246011E-46 
768.txt neg neg:1.0 pos:5.528330311912479E-56 
1858.txt neg pos:0.9980733414492919 neg:0.0019266585507080032 
4281.txt neg neg:0.9999819329173576 pos:1.8067082642286398E-5 
1278.txt neg neg:1.0 pos:2.638722665421803E-40 
1619.txt neg neg:0.9999999999999993 pos:7.585249943607169E-16 
3014.txt neg neg:0.9999999999977442 pos:2.2556635081173803E-12 
1456.txt neg neg:0.9999999999173734 pos:8.262647722769399E-11 
2931.txt neg neg:1.0 pos:2.0073588146834466E-104 
Trial 0 Trainer NaiveBayesTrainer Training Data Confusion Matrix
Confusion Matrix, row=true, column=predicted  accuracy=0.9916666666666667
  label   0   1  |total
  0 pos 887  13  |900
  1 neg   2 898  |900

Trial 0 Trainer NaiveBayesTrainer training data accuracy= 0.9916666666666667
Trial 0 Trainer NaiveBayesTrainer Test Data Confusion Matrix
Confusion Matrix, row=true, column=predicted  accuracy=0.785
  label   0   1  |total
  0 pos  79  21  |100
  1 neg  22  78  |100

Trial 0 Trainer NaiveBayesTrainer test data accuracy= 0.785

NaiveBayesTrainer
Summary. train accuracy mean = 0.9916666666666667 stddev = 0.0 stderr = 0.0
Summary. test accuracy mean = 0.785 stddev = 0.0 stderr = 0.0
