
-------------------- Trial 0  --------------------

Trial 0 Training NaiveBayesTrainer with 1800 instances
Trial 0 Training NaiveBayesTrainer finished
Trial 0 Trainer NaiveBayesTrainer
 Raw Testing Data
74.txt pos neg:1.0 pos:1.907087362725464E-19 
1984.txt pos pos:1.0 neg:5.44395450099129E-69 
2082.txt pos pos:0.9999844370284166 neg:1.556297158342146E-5 
3165.txt pos pos:1.0 neg:3.742932582552493E-96 
2053.txt pos pos:1.0 neg:9.351569724986718E-26 
2432.txt pos neg:0.996240174000162 pos:0.003759825999838069 
3272.txt pos neg:0.9999999999940907 pos:5.9092776835470185E-12 
1309.txt pos pos:1.0 neg:4.141634127828276E-47 
4036.txt pos pos:1.0 neg:1.5747722934634376E-75 
405.txt pos pos:1.0 neg:9.402340573167808E-30 
877.txt pos neg:1.0 pos:1.2010678985625083E-19 
3119.txt pos pos:1.0 neg:1.1141759521191447E-82 
257.txt pos pos:1.0 neg:3.157024034193142E-53 
2788.txt pos pos:1.0 neg:2.862029362525085E-61 
982.txt pos pos:1.0 neg:7.355243204090515E-71 
3090.txt pos pos:0.999999999921926 neg:7.807408768114387E-11 
3737.txt pos pos:1.0 neg:1.3144528222914662E-33 
1871.txt pos pos:1.0 neg:5.571368735282503E-48 
2516.txt pos pos:1.0 neg:1.2288540991619651E-26 
3387.txt pos pos:1.0 neg:7.705783056734258E-25 
1375.txt pos pos:0.999999999999801 neg:1.990564719626075E-13 
3041.txt pos pos:1.0 neg:7.209840217564451E-98 
1714.txt pos pos:1.0 neg:1.5823274381334952E-100 
1318.txt pos pos:1.0 neg:1.1635289497475263E-53 
866.txt pos neg:0.9999999995592657 pos:4.407342535320949E-10 
1291.txt pos neg:1.0 pos:5.211984020948279E-84 
4268.txt pos pos:1.0 neg:1.2917828418172661E-58 
1536.txt pos neg:0.9880212636198124 pos:0.011978736380187647 
1240.txt pos pos:0.9999999999999942 neg:5.8406639251789695E-15 
1621.txt pos pos:1.0 neg:2.582030508502889E-57 
2093.txt pos neg:1.0 pos:6.90026021845836E-32 
1705.txt pos pos:1.0 neg:3.0755074351027594E-53 
2507.txt pos pos:1.0 neg:3.978472550853438E-33 
3347.txt pos pos:1.0 neg:3.8204637972824283E-44 
246.txt pos neg:0.999999999999944 pos:5.602807893697385E-14 
2799.txt pos pos:1.0 neg:9.600951314463483E-32 
4214.txt pos neg:1.0 pos:9.684379981739363E-18 
2748.txt pos pos:1.0 neg:3.171812390805922E-71 
297.txt pos neg:1.0 pos:5.771179542507375E-25 
4103.txt pos pos:1.0 neg:2.3480866883362613E-135 
2617.txt pos pos:1.0 neg:6.747009598919894E-48 
3721.txt pos pos:1.0 neg:5.1016650179828974E-27 
3895.txt pos pos:1.0 neg:2.8031442858732486E-99 
778.txt pos pos:1.0 neg:1.7631994695819136E-25 
994.txt pos pos:1.0 neg:1.904088720453709E-65 
4213.txt pos neg:1.0 pos:1.6166365899210944E-30 
1008.txt pos pos:1.0 neg:3.646523913494995E-70 
4337.txt pos pos:1.0 neg:6.376703280504238E-60 
2383.txt pos neg:0.9999937655430304 pos:6.2344569695585135E-6 
1531.txt pos pos:1.0 neg:5.1382420895814515E-51 
1943.txt pos pos:1.0 neg:6.049182690792228E-31 
1247.txt pos pos:0.9999999999999998 neg:2.839419518431731E-16 
2887.txt pos neg:0.762489481305341 pos:0.23751051869465895 
4178.txt pos neg:0.9811304311223552 pos:0.018869568877644672 
1626.txt pos pos:1.0 neg:5.944795951398428E-30 
2619.txt pos neg:1.0 pos:4.590031503857214E-21 
776.txt pos pos:1.0 neg:3.261122087242275E-103 
3677.txt pos pos:1.0 neg:5.323756836387104E-90 
1931.txt pos pos:1.0 neg:7.299230976801555E-39 
1592.txt pos pos:1.0 neg:1.993210021405008E-97 
3912.txt pos pos:1.0 neg:5.813281606961048E-32 
3560.txt pos pos:1.0 neg:7.14380299654355E-29 
2320.txt pos pos:1.0 neg:4.8926846604049744E-121 
158.txt pos pos:1.0 neg:7.2948352364810485E-81 
1311.txt pos pos:1.0 neg:1.0744339109898229E-234 
3025.txt pos neg:0.9999999999990952 pos:9.048509472401504E-13 
2113.txt pos neg:1.0 pos:4.4150655839594665E-65 
2900.txt pos neg:1.0 pos:9.109285538763567E-26 
4339.txt pos pos:1.0 neg:4.138924863136673E-92 
2858.txt pos pos:0.9285425560849964 neg:0.07145744391500367 
652.txt pos pos:1.0 neg:6.426691416039932E-82 
683.txt pos pos:1.0 neg:1.1424766774442483E-115 
545.txt pos pos:1.0 neg:2.5985550126143355E-21 
4176.txt pos neg:0.9999999999999998 pos:1.435132149090244E-16 
1777.txt pos pos:1.0 neg:8.873365815288861E-64 
868.txt pos neg:0.9999999998970122 pos:1.0298787670428511E-10 
3754.txt pos neg:1.0 pos:1.6254461535079882E-29 
3335.txt pos pos:1.0 neg:7.287580606509403E-34 
684.txt pos pos:0.9999990461374867 neg:9.538625133728499E-7 
814.txt pos pos:1.0 neg:9.65604912288884E-43 
1682.txt pos pos:1.0 neg:4.289888504173147E-71 
2823.txt pos pos:1.0 neg:1.3333031371620634E-73 
629.txt pos pos:1.0 neg:2.698929648842399E-32 
1544.txt pos pos:0.999999999989925 neg:1.0075102577982041E-11 
1595.txt pos neg:0.9858857201772797 pos:0.014114279822720257 
17.txt pos pos:1.0 neg:1.116888733034104E-17 
359.txt pos neg:1.0 pos:4.208485162730941E-31 
2686.txt pos pos:1.0 neg:3.91983894179643E-105 
3761.txt pos neg:1.0 pos:4.413360170166946E-36 
116.txt pos neg:0.5662403803504814 pos:0.4337596196495185 
4282.txt pos pos:1.0 neg:3.076806444482315E-46 
201.txt pos pos:1.0 neg:8.583960881373136E-58 
3639.txt pos neg:0.9999998104874265 pos:1.89512573522131E-7 
821.txt pos pos:1.0 neg:3.695027626405942E-28 
453.txt pos neg:0.9999997059526035 pos:2.9404739657017493E-7 
1099.txt pos pos:0.9999999974718816 neg:2.528118267403809E-9 
795.txt pos pos:1.0 neg:2.3366681709335696E-27 
1903.txt pos pos:1.0 neg:1.3175617931722598E-22 
3645.txt pos pos:0.9999987242419308 neg:1.275758069268167E-6 
454.txt pos pos:1.0 neg:3.884242349304644E-41 
1968.txt neg neg:1.0 pos:5.8687406810300173E-120 
2959.txt neg neg:1.0 pos:7.89038700478287E-18 
73.txt neg neg:1.0 pos:4.242510696944143E-65 
2764.txt neg neg:1.0 pos:1.0630938842074838E-35 
1210.txt neg neg:1.0 pos:9.081273183637668E-108 
183.txt neg neg:0.9960906026611928 pos:0.0039093973388072915 
3937.txt neg neg:1.0 pos:3.312489180692198E-58 
4238.txt neg neg:1.0 pos:7.875006449169243E-23 
294.txt neg neg:1.0 pos:2.4189504166164867E-39 
533.txt neg neg:1.0 pos:6.967744222248931E-149 
2559.txt neg neg:0.9999999999999998 pos:2.180834059234782E-16 
2138.txt neg neg:1.0 pos:4.376486395515625E-39 
3778.txt neg neg:0.6675165238299812 pos:0.3324834761700187 
4005.txt neg neg:1.0 pos:1.7634944894031012E-33 
3156.txt neg neg:1.0 pos:7.760818435831314E-47 
2716.txt neg pos:1.0 neg:5.285232395902122E-23 
656.txt neg neg:0.9999999999989755 pos:1.0245696190938597E-12 
3945.txt neg neg:1.0 pos:1.0149342414027673E-44 
2957.txt neg neg:1.0 pos:2.47115371401745E-92 
2144.txt neg neg:1.0 pos:2.1532415636072875E-100 
465.txt neg neg:1.0 pos:7.985680658493109E-38 
1727.txt neg pos:1.0 neg:2.1683882135490133E-42 
772.txt neg pos:0.9998944626170954 neg:1.055373829046398E-4 
1893.txt neg pos:0.9877693128100788 neg:0.012230687189921286 
1346.txt neg pos:1.0 neg:3.537330927921618E-32 
2986.txt neg neg:1.0 pos:4.7761105113514614E-54 
1845.txt neg pos:0.9999999999999989 neg:1.0019414016874855E-15 
1056.txt neg neg:1.0 pos:7.597869490270153E-69 
314.txt neg neg:1.0 pos:5.519783264583243E-36 
1087.txt neg neg:1.0 pos:4.796378788011526E-18 
2635.txt neg pos:1.0 neg:2.2446434421789717E-73 
775.txt neg neg:1.0 pos:1.0557910216727957E-58 
1678.txt neg neg:0.9999999999999969 pos:3.1075365779909762E-15 
1839.txt neg neg:1.0 pos:1.4021912206598307E-56 
3009.txt neg neg:1.0 pos:4.2086235003665526E-57 
4002.txt neg neg:1.0 pos:2.833758675862566E-39 
230.txt neg neg:0.9999999988570296 pos:1.1429704195738533E-9 
1604.txt neg neg:1.0 pos:1.6915433636191435E-94 
2711.txt neg neg:1.0 pos:6.494673932245712E-49 
651.txt neg neg:1.0 pos:1.7233280931872016E-150 
3942.txt neg pos:1.0 neg:3.3800705609348455E-23 
3246.txt neg neg:1.0 pos:6.206185408432391E-31 
127.txt neg neg:1.0 pos:1.1378684738280422E-78 
1513.txt neg neg:1.0 pos:2.6587600812908236E-48 
4220.txt neg neg:1.0 pos:1.2921274211727624E-55 
3064.txt neg neg:0.9999088794802291 pos:9.112051977078102E-5 
1096.txt neg neg:1.0 pos:8.344518341150825E-19 
3877.txt neg pos:1.0 neg:1.178407660918429E-22 
2990.txt neg neg:1.0 pos:4.067826883180634E-53 
1885.txt neg neg:1.0 pos:1.1922671625492972E-24 
764.txt neg neg:1.0 pos:5.6496069564493454E-43 
4378.txt neg pos:0.9985033361592236 neg:0.0014966638407764045 
1502.txt neg neg:1.0 pos:2.592312376711102E-18 
2417.txt neg neg:1.0 pos:1.0132582422915862E-60 
2361.txt neg neg:0.9911838071795178 pos:0.00881619282048207 
379.txt neg neg:1.0 pos:4.897391517222044E-78 
1828.txt neg neg:1.0 pos:4.726412954116634E-36 
3985.txt neg neg:1.0 pos:5.556863353956537E-55 
2862.txt neg neg:1.0 pos:2.6526991800685474E-41 
2410.txt neg neg:1.0 pos:5.087706011120866E-59 
3631.txt neg neg:1.0 pos:9.854013471599676E-50 
3196.txt neg neg:1.0 pos:1.9795355973765934E-37 
3147.txt neg neg:0.9999999999999982 pos:1.6821904367793611E-15 
1273.txt neg pos:1.0 neg:9.109804581356303E-18 
2599.txt neg neg:0.9999999999999996 pos:4.168543284984977E-16 
4303.txt neg neg:1.0 pos:2.9684477055054134E-30 
1091.txt neg neg:1.0 pos:4.290675215193603E-23 
2997.txt neg neg:1.0 pos:4.0319678806373177E-78 
3402.txt neg neg:1.0 pos:6.1858052073654814E-30 
1882.txt neg neg:1.0 pos:3.058750930830685E-22 
2534.txt neg neg:1.0 pos:3.192931824786166E-23 
474.txt neg neg:1.0 pos:2.0564486798955343E-61 
1040.txt neg neg:0.9988101529827438 pos:0.0011898470172562851 
3715.txt neg neg:0.9999962847643217 pos:3.7152356783744267E-6 
3528.txt neg neg:1.0 pos:7.654075285269737E-58 
2368.txt neg neg:1.0 pos:2.655256852122396E-18 
370.txt neg neg:1.0 pos:1.7910424245849575E-32 
1744.txt neg neg:1.0 pos:4.8163016478537857E-60 
1453.txt neg neg:1.0 pos:5.155297766542215E-47 
3306.txt neg neg:1.0 pos:9.79724258920313E-60 
3767.txt neg neg:1.0 pos:2.7168231719308374E-49 
2680.txt neg pos:0.9999999979502334 neg:2.0497666192002047E-9 
143.txt neg neg:1.0 pos:7.393976620384651E-21 
4229.txt neg neg:1.0 pos:1.400922342989516E-23 
3692.txt neg neg:1.0 pos:1.716992454067346E-27 
254.txt neg neg:1.0 pos:4.416388638709479E-65 
2314.txt neg neg:1.0 pos:5.0288851705678556E-33 
808.txt neg neg:1.0 pos:9.43728963717776E-38 
1902.txt neg pos:1.0 neg:2.944639613734503E-20 
986.txt neg neg:1.0 pos:2.8352804094996157E-111 
2313.txt neg neg:1.0 pos:1.4395154166803853E-47 
3553.txt neg neg:1.0 pos:1.9583063094785776E-54 
195.txt neg neg:1.0 pos:2.610413545378847E-37 
1206.txt neg neg:0.9999999999999973 pos:2.686562045781547E-15 
3879.txt neg pos:0.5596618341595079 neg:0.44033816584049207 
1049.txt neg neg:1.0 pos:9.378785544677773E-68 
138.txt neg pos:0.9999999431517842 neg:5.684821582683893E-8 
4283.txt neg neg:1.0 pos:3.8915131591857187E-63 
3016.txt neg neg:1.0 pos:6.732057255636315E-31 
3477.txt neg neg:1.0 pos:5.6362309288377726E-46 
Trial 0 Trainer NaiveBayesTrainer Training Data Confusion Matrix
Confusion Matrix, row=true, column=predicted  accuracy=0.9922222222222222
  label   0   1  |total
  0 pos 888  12  |900
  1 neg   2 898  |900

Trial 0 Trainer NaiveBayesTrainer training data accuracy= 0.9922222222222222
Trial 0 Trainer NaiveBayesTrainer Test Data Confusion Matrix
Confusion Matrix, row=true, column=predicted  accuracy=0.785
  label   0   1  |total
  0 pos  72  28  |100
  1 neg  15  85  |100

Trial 0 Trainer NaiveBayesTrainer test data accuracy= 0.785

NaiveBayesTrainer
Summary. train accuracy mean = 0.9922222222222222 stddev = 0.0 stderr = 0.0
Summary. test accuracy mean = 0.785 stddev = 0.0 stderr = 0.0
