
-------------------- Trial 0  --------------------

Trial 0 Training NaiveBayesTrainer with 1800 instances
Trial 0 Training NaiveBayesTrainer finished
Trial 0 Trainer NaiveBayesTrainer
 Raw Testing Data
3992.txt pos pos:1.0 neg:1.2002029636651325E-143 
3150.txt pos pos:0.8111735451270262 neg:0.1888264548729738 
1605.txt pos pos:1.0 neg:2.235838596751601E-71 
1264.txt pos pos:1.0 neg:3.414864639035373E-36 
2699.txt pos pos:0.9999993433027108 neg:6.566972890890627E-7 
4230.txt pos pos:1.0 neg:4.329910482624411E-168 
966.txt pos pos:1.0 neg:4.521752566359301E-59 
1218.txt pos neg:0.9997372902991133 pos:2.627097008867783E-4 
175.txt pos pos:1.0 neg:1.5967701899254515E-72 
2634.txt pos pos:0.9999779243393361 neg:2.2075660663951773E-5 
1721.txt pos pos:1.0 neg:3.222761754903185E-61 
3867.txt pos pos:1.0 neg:3.7897829054390734E-121 
2980.txt pos pos:1.0 neg:6.659925991723631E-50 
1436.txt pos pos:1.0 neg:2.969512457844135E-70 
1057.txt pos neg:0.9784176736492287 pos:0.021582326350771182 
1569.txt pos pos:0.9701828208779967 neg:0.029817179122003365 
4237.txt pos pos:1.0 neg:1.97848334782064E-155 
513.txt pos pos:0.9999999999999996 neg:3.954559163640795E-16 
172.txt pos neg:1.0 pos:7.876400607706588E-20 
3938.txt pos pos:1.0 neg:2.082815116344996E-149 
2194.txt pos pos:0.9999999999999982 neg:1.8014330938419924E-15 
1726.txt pos pos:1.0 neg:5.759078865243801E-53 
3860.txt pos pos:1.0 neg:2.4161043471072957E-264 
1892.txt pos pos:1.0 neg:2.8775400175941514E-19 
1843.txt pos pos:1.0 neg:4.300674697733855E-103 
2524.txt pos neg:1.0 pos:1.7160024662488153E-41 
97.txt pos pos:1.0 neg:2.9395910898361368E-61 
219.txt pos pos:1.0 neg:1.004723978051053E-37 
3186.txt pos pos:0.9999999997874729 neg:2.125271090591042E-10 
4004.txt pos neg:0.9489457570484392 pos:0.05105424295156079 
2558.txt pos pos:1.0 neg:3.08381271268767E-85 
4313.txt pos neg:0.988898538065398 pos:0.011101461934601979 
1915.txt pos pos:1.0 neg:1.0826508621650914E-46 
1567.txt pos pos:1.0 neg:3.4121516797128187E-32 
2800.txt pos pos:1.0 neg:1.2347203941523763E-44 
1670.txt pos pos:1.0 neg:5.00499132854143E-29 
3936.txt pos pos:1.0 neg:4.264541439425223E-145 
445.txt pos pos:1.0 neg:3.834826502906577E-41 
752.txt pos pos:1.0 neg:6.270127051267584E-48 
4361.txt pos pos:1.0 neg:8.312619949545443E-75 
4183.txt pos pos:1.0 neg:4.3290828955790403E-172 
2378.txt pos pos:1.0 neg:5.095815401237589E-46 
2587.txt pos pos:1.0 neg:8.676399955737075E-26 
2556.txt pos pos:1.0 neg:5.813676340480827E-25 
1022.txt pos neg:0.9999999999997999 pos:1.9996574813890633E-13 
3777.txt pos pos:1.0 neg:3.594030243114274E-20 
4242.txt pos pos:1.0 neg:1.3504751502516528E-31 
210.txt pos pos:0.9999999996137356 neg:3.8626438675479533E-10 
2068.txt pos neg:0.9996890056496769 pos:3.1099435032301673E-4 
3628.txt pos pos:1.0 neg:7.092392786955598E-38 
4155.txt pos pos:1.0 neg:1.233979398537787E-106 
4293.txt pos pos:1.0 neg:2.848517916904378E-94 
3006.txt pos pos:1.0 neg:6.480869217842091E-132 
1753.txt pos pos:1.0 neg:3.789310258216261E-38 
3467.txt pos pos:1.0 neg:4.262177779139626E-98 
1495.txt pos pos:1.0 neg:1.981696157135064E-83 
1444.txt pos pos:1.0 neg:1.5934407939514513E-244 
3311.txt pos neg:0.9999999999863878 pos:1.3612316378671138E-11 
1025.txt pos pos:0.999866557858407 neg:1.334421415931209E-4 
968.txt pos pos:0.9999999999105535 neg:8.944643366619262E-11 
2762.txt pos pos:0.9954757951038244 neg:0.004524204896175423 
3931.txt pos pos:1.0 neg:7.736160055899392E-49 
755.txt pos pos:1.0 neg:9.244714616878111E-61 
4366.txt pos pos:0.9999999999177849 neg:8.221521765695626E-11 
334.txt pos neg:1.0 pos:2.9482165596215696E-56 
1059.txt pos pos:1.0 neg:3.0650642067456265E-64 
4160.txt pos pos:1.0 neg:1.4199747701131788E-43 
4277.txt pos pos:1.0 neg:8.37447753573331E-18 
1803.txt pos pos:1.0 neg:8.067721384843117E-32 
3324.txt pos pos:1.0 neg:1.4102810152163489E-127 
1766.txt pos pos:1.0 neg:1.3954467265290847E-19 
1642.txt pos neg:1.0 pos:8.029622063752089E-26 
259.txt pos pos:0.9999999999999918 neg:8.129866074486534E-15 
2832.txt pos pos:1.0 neg:7.723459301225356E-39 
4095.txt pos pos:1.0 neg:3.471324523131354E-126 
3358.txt pos pos:1.0 neg:1.6880225084864998E-42 
2518.txt pos pos:1.0 neg:2.0249693713827271E-19 
805.txt pos neg:0.9999999999999993 pos:7.35677818051244E-16 
1583.txt pos pos:1.0 neg:1.977901923724963E-90 
1133.txt pos pos:1.0 neg:6.424091104723692E-31 
198.txt pos pos:1.0 neg:1.468739638757503E-34 
306.txt pos pos:0.9999854810078016 neg:1.4518992198288577E-5 
4354.txt pos pos:1.0 neg:9.918194018213517E-46 
2269.txt pos pos:1.0 neg:9.209300549682771E-32 
802.txt pos pos:0.9999787055563304 neg:2.1294443669591977E-5 
4167.txt pos pos:0.9999999999974818 neg:2.5181377075104416E-12 
4270.txt pos neg:0.9999999999999132 pos:8.686522680344232E-14 
2102.txt pos pos:1.0 neg:9.09821125493899E-55 
1476.txt pos pos:0.9999999956284393 neg:4.371560726676792E-9 
2911.txt pos pos:1.0 neg:8.20426984011533E-20 
2563.txt pos pos:1.0 neg:3.992919789419255E-39 
3455.txt pos neg:1.0 pos:1.9729332367096526E-32 
1761.txt pos pos:1.0 neg:2.584061618986072E-154 
526.txt pos pos:1.0 neg:2.4888024550579136E-51 
196.txt pos pos:1.0 neg:3.71138984667451E-48 
631.txt pos pos:1.0 neg:3.4998832421634244E-72 
3427.txt pos pos:1.0 neg:3.2274521064085684E-129 
1372.txt pos pos:1.0 neg:2.9818239386426366E-115 
2606.txt pos pos:1.0 neg:1.3343294347464098E-56 
2896.txt pos pos:1.0 neg:1.5855799990869133E-62 
321.txt neg pos:0.9999999999992482 neg:7.517644442068579E-13 
3040.txt neg neg:1.0 pos:3.7462417639059986E-17 
3736.txt neg neg:1.0 pos:5.378561999489847E-69 
825.txt neg neg:1.0 pos:5.940550676004309E-41 
2517.txt neg neg:1.0 pos:3.932668898745293E-21 
1928.txt neg pos:1.0 neg:2.0136732024907495E-20 
3579.txt neg neg:1.0 pos:4.762890390203256E-74 
2339.txt neg neg:1.0 pos:1.034196197046874E-40 
2758.txt neg neg:1.0 pos:1.957115777526011E-24 
279.txt neg neg:0.9999999999964313 pos:3.5686634986339143E-12 
1769.txt neg neg:1.0 pos:3.276880601640358E-45 
33.txt neg pos:1.0 neg:1.4496475494347582E-18 
2052.txt neg neg:1.0 pos:4.5647727190968243E-51 
901.txt neg neg:1.0 pos:5.979916392849862E-18 
2841.txt neg neg:1.0 pos:7.697876495633909E-18 
3273.txt neg neg:1.0 pos:4.5421047865589965E-38 
1526.txt neg neg:1.0 pos:1.3622791680500918E-34 
1250.txt neg pos:1.0 neg:4.5289219203294014E-39 
2345.txt neg neg:1.0 pos:4.359928895605669E-36 
1196.txt neg neg:1.0 pos:1.332859351849524E-37 
2724.txt neg neg:1.0 pos:4.825451075262157E-40 
2083.txt neg neg:0.5503256936933005 pos:0.4496743063066995 
3164.txt neg pos:1.0 neg:6.110006835993948E-66 
3828.txt neg neg:1.0 pos:7.253584758450573E-57 
906.txt neg neg:1.0 pos:6.624199921535642E-47 
1953.txt neg neg:0.9999999376777339 pos:6.232226615412848E-8 
1286.txt neg neg:1.0 pos:1.8815555797703884E-59 
115.txt neg neg:1.0 pos:1.859828291240705E-48 
2897.txt neg neg:0.9999999511717538 pos:4.8828246204085374E-8 
2342.txt neg neg:0.9989513717051084 pos:0.0010486282948915914 
3970.txt neg neg:1.0 pos:1.3039641581917772E-17 
1191.txt neg neg:1.0 pos:3.7574580547512993E-31 
1636.txt neg pos:1.0 neg:3.0489879396069506E-33 
1373.txt neg neg:1.0 pos:7.048403020107309E-50 
2171.txt neg neg:1.0 pos:4.825340105249622E-23 
450.txt neg pos:0.769101658443565 neg:0.23089834155643496 
1064.txt neg pos:1.0 neg:8.923388834653561E-109 
48.txt neg neg:1.0 pos:3.8531269146337926E-45 
4203.txt neg neg:1.0 pos:4.598155754090817E-24 
2448.txt neg neg:1.0 pos:2.4587537968478545E-75 
2214.txt neg neg:1.0 pos:5.983560992047397E-51 
881.txt neg pos:1.0 neg:2.5403457257474618E-24 
2910.txt neg pos:0.9999905075972897 neg:9.49240271041443E-6 
1477.txt neg neg:1.0 pos:3.244935786880917E-22 
1805.txt neg neg:1.0 pos:2.0322216957422944E-132 
908.txt neg neg:0.9999999999999989 pos:1.0221126109526833E-15 
2848.txt neg neg:1.0 pos:4.314172735438707E-20 
1259.txt neg neg:1.0 pos:6.817121895823661E-25 
3049.txt neg neg:1.0 pos:7.895942912714779E-54 
328.txt neg neg:1.0 pos:4.528560865966644E-31 
798.txt neg pos:1.0 neg:1.4034180616738996E-25 
1879.txt neg neg:1.0 pos:8.019568873764598E-41 
2027.txt neg neg:0.9997107017912797 pos:2.892982087201833E-4 
1695.txt neg neg:1.0 pos:4.1780419636033906E-32 
1132.txt neg neg:0.9999944235752962 pos:5.576424703687243E-6 
270.txt neg pos:0.9999999999999469 neg:5.31605819259397E-14 
3388.txt neg neg:0.9999980891845811 pos:1.9108154188203207E-6 
459.txt neg neg:0.9999752723265695 pos:2.4727673430598923E-5 
4094.txt neg pos:1.0 neg:2.060795790930523E-67 
2519.txt neg neg:1.0 pos:1.1417721791873004E-28 
2020.txt neg neg:0.999999999996988 pos:3.0119624152384588E-12 
2787.txt neg neg:1.0 pos:3.941623756519244E-26 
3201.txt neg neg:0.994289378238925 pos:0.005710621761074873 
160.txt neg neg:1.0 pos:2.4066578244214193E-45 
3453.txt neg neg:0.9999999999968852 pos:3.11486878038928E-12 
353.txt neg neg:0.9413209225143798 pos:0.058679077485620186 
3032.txt neg neg:1.0 pos:2.2340646567003495E-78 
3744.txt neg neg:1.0 pos:5.4634532038314174E-36 
382.txt neg neg:1.0 pos:6.436792043888561E-156 
1011.txt neg neg:1.0 pos:3.2443332861796613E-37 
2565.txt neg neg:1.0 pos:1.5616293250343984E-37 
1802.txt neg neg:0.9516808333318162 pos:0.04831916666818385 
1470.txt neg neg:1.0 pos:1.1173396177832692E-26 
1089.txt neg neg:0.9999999999791331 pos:2.0866898148502802E-11 
2763.txt neg neg:0.9999999990136716 pos:9.86328300816784E-10 
2302.txt neg neg:1.0 pos:9.813629695942884E-19 
3930.txt neg neg:1.0 pos:1.1870993414141754E-116 
3593.txt neg neg:1.0 pos:4.251239736996469E-17 
2806.txt neg neg:1.0 pos:1.9866110628314275E-75 
155.txt neg neg:1.0 pos:7.569039706431801E-82 
534.txt neg neg:1.0 pos:3.82222841426637E-85 
2550.txt neg neg:1.0 pos:1.2752721052361427E-54 
3771.txt neg neg:1.0 pos:1.935991966621895E-124 
410.txt neg neg:1.0 pos:4.62997235457306E-54 
862.txt neg neg:0.9999999999999505 pos:4.9493979092671134E-14 
1024.txt neg neg:1.0 pos:8.72513936301478E-21 
1783.txt neg neg:1.0 pos:2.4533223206312118E-39 
366.txt neg neg:1.0 pos:8.035007213764707E-44 
707.txt neg pos:1.0 neg:1.5924166251992216E-76 
1333.txt neg neg:0.9837537159125282 pos:0.016246284087471675 
3466.txt neg neg:1.0 pos:1.2605648176411218E-50 
4243.txt neg neg:1.0 pos:9.608222522932722E-30 
3248.txt neg neg:1.0 pos:1.5727877388730534E-20 
2408.txt neg neg:1.0 pos:1.562124174639596E-51 
3776.txt neg neg:1.0 pos:2.8423310933860073E-19 
865.txt neg neg:0.9999999999625708 pos:3.742921587963697E-11 
1755.txt neg pos:1.0 neg:1.681812856070262E-57 
2640.txt neg pos:0.890467960407493 neg:0.10953203959250687 
2221.txt neg neg:1.0 pos:1.0632375783416234E-56 
2379.txt neg neg:1.0 pos:7.467152301869298E-35 
Trial 0 Trainer NaiveBayesTrainer Training Data Confusion Matrix
Confusion Matrix, row=true, column=predicted  accuracy=0.9938888888888889
  label   0   1  |total
  0 pos 891   9  |900
  1 neg   2 898  |900

Trial 0 Trainer NaiveBayesTrainer training data accuracy= 0.9938888888888889
Trial 0 Trainer NaiveBayesTrainer Test Data Confusion Matrix
Confusion Matrix, row=true, column=predicted  accuracy=0.85
  label   0   1  |total
  0 pos  86  14  |100
  1 neg  16  84  |100

Trial 0 Trainer NaiveBayesTrainer test data accuracy= 0.85

NaiveBayesTrainer
Summary. train accuracy mean = 0.9938888888888889 stddev = 0.0 stderr = 0.0
Summary. test accuracy mean = 0.85 stddev = 0.0 stderr = 0.0
