
-------------------- Trial 0  --------------------

Trial 0 Training MaxEntTrainer,gaussianPriorVariance=1.0 with 1800 instances
Trial 0 Training MaxEntTrainer,gaussianPriorVariance=1.0 finished
Trial 0 Trainer MaxEntTrainer,gaussianPriorVariance=1.0
 Raw Testing Data
cv345_9954.txt pos pos:0.9999966512883935 neg:3.348711606416022E-6 
cv347_13194.txt pos pos:0.9994616089889719 neg:5.383910110281641E-4 
cv515_17069.txt pos pos:0.9999347676629785 neg:6.523233702144451E-5 
cv762_15604.txt neg neg:0.999709866249142 pos:2.9013375085789445E-4 
cv682_17947.txt neg neg:0.7885524356586672 pos:0.21144756434133286 
cv818_10698.txt neg neg:0.9927174490100237 pos:0.007282550989976267 
cv853_29233.txt pos pos:0.977248952526709 neg:0.022751047473290986 
cv424_9268.txt neg neg:0.9573977767219924 pos:0.04260222327800763 
cv741_11890.txt pos pos:0.9703813421236553 neg:0.02961865787634462 
cv867_18362.txt neg neg:0.9669603982727784 pos:0.0330396017272217 
cv170_3006.txt pos pos:0.6427761412393637 neg:0.3572238587606362 
cv981_16679.txt neg neg:0.7799390371361173 pos:0.22006096286388271 
cv296_13146.txt neg neg:0.9957706792970464 pos:0.004229320702953526 
cv958_12162.txt pos pos:0.9992543621574022 neg:7.456378425978943E-4 
cv097_26081.txt neg neg:0.9864030382094573 pos:0.013596961790542601 
cv729_10154.txt pos pos:0.9998540114731385 neg:1.4598852686156178E-4 
cv084_15183.txt neg neg:0.9999563981636034 pos:4.3601836396758356E-5 
cv214_12294.txt pos neg:0.998000743661056 pos:0.001999256338944158 
cv063_28997.txt pos neg:0.6619718998718058 pos:0.33802810012819406 
cv020_8825.txt pos pos:0.9949494764829656 neg:0.00505052351703446 
cv215_22240.txt pos pos:0.9900724452623617 neg:0.00992755473763824 
cv073_21785.txt pos pos:0.8053839619758482 neg:0.1946160380241518 
cv689_12587.txt pos pos:0.9784913018683026 neg:0.0215086981316975 
cv908_17779.txt neg neg:0.5300884499908263 pos:0.46991155000917373 
cv339_21119.txt pos neg:0.5130543816455578 pos:0.4869456183544423 
cv682_16139.txt pos pos:0.9750205387333096 neg:0.02497946126669023 
cv099_11189.txt neg neg:0.8610167830463212 pos:0.1389832169536789 
cv075_6500.txt pos pos:0.8627745847090337 neg:0.1372254152909663 
cv344_5312.txt pos neg:0.9846045709768174 pos:0.015395429023182592 
cv129_16741.txt pos pos:0.9661745941937465 neg:0.033825405806253435 
cv816_15257.txt neg neg:0.9691203908468502 pos:0.030879609153149825 
cv237_19221.txt pos pos:0.6237786009060076 neg:0.37622139909399244 
cv399_28593.txt neg neg:0.9979802422858435 pos:0.002019757714156553 
cv519_14661.txt pos pos:0.9999899593515024 neg:1.0040648497623506E-5 
cv033_24444.txt pos pos:0.9988371728949534 neg:0.0011628271050466577 
cv743_15449.txt pos pos:0.9955054241811571 neg:0.004494575818842963 
cv819_9567.txt neg neg:0.9878928042206534 pos:0.01210719577934662 
cv566_8967.txt neg neg:0.9995292861879259 pos:4.7071381207419315E-4 
cv562_10847.txt neg neg:0.5927325713971202 pos:0.4072674286028798 
cv522_5418.txt neg neg:0.9294138402232331 pos:0.07058615977676698 
cv646_15065.txt pos pos:0.9371993596535744 neg:0.06280064034642564 
cv846_29497.txt pos pos:0.9843188978512658 neg:0.01568110214873411 
cv101_10537.txt neg neg:0.9895165583983601 pos:0.0104834416016398 
cv558_29376.txt neg neg:0.9346150118211464 pos:0.06538498817885365 
cv566_8581.txt pos pos:0.998041624961753 neg:0.001958375038246944 
cv861_12809.txt neg neg:0.7162894857273038 pos:0.28371051427269617 
cv902_12256.txt pos pos:0.9999124340105178 neg:8.756598948227652E-5 
cv271_15364.txt neg neg:0.9935942678929436 pos:0.006405732107056257 
cv531_26486.txt pos pos:0.9805135121573563 neg:0.019486487842643712 
cv122_7392.txt pos pos:0.9997228815586647 neg:2.7711844133534097E-4 
cv700_23163.txt neg pos:0.8314071580645582 neg:0.16859284193544177 
cv851_20469.txt pos pos:0.986187930382508 neg:0.013812069617491955 
cv269_23018.txt neg neg:0.9886767865705044 pos:0.011323213429495516 
cv013_10494.txt neg neg:0.9338747832745863 pos:0.06612521672541372 
cv766_7540.txt pos pos:0.8787984216187642 neg:0.12120157838123577 
cv185_28654.txt pos neg:0.6266581733715032 pos:0.3733418266284968 
cv166_11052.txt pos pos:0.9999123558947742 neg:8.764410522566796E-5 
cv545_12848.txt neg neg:0.9619968416595833 pos:0.03800315834041661 
cv968_25413.txt neg neg:0.9992897202956283 pos:7.102797043716534E-4 
cv178_12972.txt pos pos:0.8604936972482198 neg:0.13950630275178025 
cv891_6035.txt neg pos:0.5319893313341258 neg:0.46801066866587426 
cv161_11425.txt pos pos:0.8333049287497803 neg:0.16669507125021968 
cv385_29621.txt neg neg:0.9866498574624142 pos:0.013350142537585753 
cv736_23670.txt pos pos:0.7903331257083943 neg:0.20966687429160563 
cv910_21930.txt neg neg:0.9984469175299928 pos:0.001553082470007313 
cv705_11059.txt pos pos:0.9748568816294724 neg:0.025143118370527646 
cv229_13611.txt pos pos:0.9863484766357088 neg:0.013651523364291143 
cv375_9932.txt neg neg:0.9976935547879747 pos:0.0023064452120252414 
cv992_11962.txt pos pos:0.9725968412055468 neg:0.027403158794453264 
cv061_9321.txt neg pos:0.7599096433443043 neg:0.2400903566556956 
cv459_21834.txt neg neg:0.9114692189755148 pos:0.08853078102448524 
cv199_9721.txt neg neg:0.87287920975937 pos:0.12712079024062997 
cv553_26965.txt neg neg:0.9920220551389429 pos:0.00797794486105702 
cv483_16378.txt pos pos:0.9793541038711987 neg:0.02064589612880129 
cv378_21982.txt neg neg:0.9903957590906658 pos:0.009604240909334207 
cv768_11751.txt pos pos:0.9766430451935166 neg:0.023356954806483428 
cv223_28923.txt neg neg:0.9221833171156418 pos:0.07781668288435815 
cv532_6522.txt pos pos:0.9998989322680316 neg:1.0106773196842306E-4 
cv325_18330.txt neg neg:0.956799052665821 pos:0.043200947334178987 
cv975_11920.txt neg neg:0.6086836417600697 pos:0.3913163582399302 
cv788_25272.txt pos pos:0.9547180153720068 neg:0.0452819846279932 
cv961_5578.txt neg neg:0.6626153221759854 pos:0.33738467782401466 
cv689_13701.txt neg neg:0.998614892106659 pos:0.001385107893341085 
cv618_9469.txt neg neg:0.9988656342947628 pos:0.0011343657052371749 
cv964_6021.txt pos pos:0.5126247001543631 neg:0.4873752998456369 
cv193_5416.txt pos pos:0.6506423891229455 neg:0.3493576108770545 
cv159_29505.txt pos pos:0.7068119297143924 neg:0.29318807028560756 
cv644_18551.txt neg neg:0.993135873948357 pos:0.0068641260516428375 
cv150_12916.txt pos pos:0.9561276703074437 neg:0.04387232969255623 
cv312_29308.txt neg neg:0.9998966937780417 pos:1.0330622195834721E-4 
cv186_2269.txt pos pos:0.9994679459316985 neg:5.320540683014558E-4 
cv779_18989.txt neg neg:0.9013610637186428 pos:0.09863893628135725 
cv924_29397.txt neg neg:0.8098903970904491 pos:0.19010960290955092 
cv526_12868.txt neg neg:0.9809305940777153 pos:0.01906940592228469 
cv005_29357.txt neg neg:0.9654936057076086 pos:0.03450639429239149 
cv808_12635.txt pos pos:0.967706927099319 neg:0.032293072900680835 
cv130_18521.txt neg neg:0.9820731036630443 pos:0.017926896336955607 
cv111_12253.txt neg neg:0.9997037075136374 pos:2.962924863625932E-4 
cv089_12222.txt neg neg:0.9772832979863844 pos:0.02271670201361572 
cv722_7110.txt pos neg:0.9316878943991597 pos:0.06831210560084026 
cv430_18662.txt neg neg:0.7044453463367716 pos:0.2955546536632283 
cv678_14887.txt neg neg:0.9218390421144067 pos:0.0781609578855933 
cv052_29318.txt neg neg:0.9927103793384577 pos:0.0072896206615423766 
cv903_17822.txt pos pos:0.9748584267431006 neg:0.025141573256899242 
cv388_12009.txt pos pos:0.9652257157761962 neg:0.03477428422380368 
cv878_15694.txt pos pos:0.7399291892063588 neg:0.2600708107936412 
cv040_8829.txt neg neg:0.959561501585765 pos:0.04043849841423493 
cv227_24215.txt pos pos:0.9514810006496452 neg:0.04851899935035471 
cv466_20092.txt neg pos:0.9521300768493459 neg:0.04786992315065397 
cv008_29435.txt pos pos:0.6619187769095468 neg:0.33808122309045324 
cv144_5010.txt neg neg:0.9959708658084919 pos:0.004029134191508131 
cv956_11609.txt pos neg:0.6948531071116821 pos:0.3051468928883178 
cv102_8306.txt neg pos:0.5947652503824208 neg:0.40523474961757916 
cv264_12801.txt pos pos:0.9999366777830636 neg:6.332221693640348E-5 
cv038_9781.txt neg neg:0.9991076572393928 pos:8.923427606071699E-4 
cv092_27987.txt neg neg:0.7375260158921029 pos:0.26247398410789713 
cv806_8842.txt pos pos:0.9430506183229243 neg:0.05694938167707575 
cv302_26481.txt neg neg:0.9966234216197645 pos:0.003376578380235609 
cv830_6014.txt pos pos:0.9983002244156222 neg:0.0016997755843778295 
cv422_9381.txt pos pos:0.9968986965570538 neg:0.0031013034429462514 
cv628_19325.txt pos pos:0.8700512370018595 neg:0.12994876299814048 
cv699_7773.txt neg neg:0.9940718100193214 pos:0.005928189980678541 
cv565_29572.txt pos pos:0.9878562873800645 neg:0.012143712619935562 
cv049_20471.txt pos pos:0.8715195850180306 neg:0.12848041498196944 
cv075_6250.txt neg pos:0.5420743639119295 neg:0.4579256360880704 
cv511_10360.txt neg neg:0.9693638320353319 pos:0.030636167964668153 
cv152_9052.txt neg neg:0.9961459006514781 pos:0.0038540993485218556 
cv059_28885.txt pos pos:0.9996775966909938 neg:3.2240330900633226E-4 
cv277_20467.txt neg neg:0.8665645326190857 pos:0.13343546738091427 
cv492_18271.txt pos pos:0.9516921144509825 neg:0.048307885549017576 
cv205_9457.txt pos pos:0.9971172103927888 neg:0.002882789607211315 
cv170_29808.txt neg neg:0.9526157611479171 pos:0.04738423885208292 
cv764_12701.txt neg neg:0.8909228613170909 pos:0.10907713868290905 
cv652_15653.txt neg neg:0.9692287860107455 pos:0.030771213989254666 
cv796_15782.txt pos pos:0.9906643426470474 neg:0.009335657352952588 
cv488_21453.txt neg neg:0.9285022600433346 pos:0.0714977399566654 
cv940_18935.txt neg neg:0.945126714576724 pos:0.05487328542327607 
cv663_13019.txt pos pos:0.9999023505838369 neg:9.764941616311973E-5 
cv236_12427.txt neg neg:0.9998393276249579 pos:1.606723750422687E-4 
cv811_21386.txt pos neg:0.7114032615437134 pos:0.28859673845628664 
cv378_20629.txt pos pos:0.9989521228017025 neg:0.0010478771982975023 
cv911_21695.txt neg neg:0.999667349545556 pos:3.326504544440838E-4 
cv078_16506.txt neg neg:0.9562120165294025 pos:0.04378798347059759 
cv088_25274.txt neg neg:0.6381578506166403 pos:0.36184214938335973 
cv775_16237.txt pos neg:0.7653798314567752 pos:0.23462016854322482 
cv886_18177.txt pos neg:0.9820953535492597 pos:0.01790464645074026 
cv648_17277.txt neg neg:0.8366642416371477 pos:0.1633357583628522 
cv173_4295.txt neg neg:0.9933700538041175 pos:0.006629946195882445 
cv076_26009.txt neg pos:0.7167035871318951 neg:0.28329641286810486 
cv536_27221.txt neg neg:0.9174582926960664 pos:0.08254170730393363 
cv385_29741.txt pos pos:0.6707310517334 neg:0.32926894826660014 
cv648_15792.txt pos neg:0.8932215190112008 pos:0.10677848098879904 
cv331_8273.txt pos pos:0.9725300799127474 neg:0.02746992008725262 
cv231_11028.txt neg neg:0.9978991003605409 pos:0.002100899639459233 
cv467_26610.txt neg pos:0.9267671941018265 neg:0.07323280589817355 
cv073_23039.txt neg neg:0.9992759987683248 pos:7.240012316752884E-4 
cv698_15253.txt pos pos:0.9999043909276939 neg:9.560907230608844E-5 
cv411_15007.txt pos pos:0.9999994212696565 neg:5.78730343546264E-7 
cv376_19435.txt pos pos:0.8641563911079339 neg:0.135843608892066 
cv851_21895.txt neg pos:0.989071882906921 neg:0.010928117093079056 
cv421_9709.txt pos pos:0.7565273259954618 neg:0.24347267400453812 
cv574_22156.txt pos pos:0.9881040073384436 neg:0.011895992661556403 
cv679_28221.txt neg neg:0.8226218072461419 pos:0.1773781927538581 
cv760_8597.txt pos neg:0.6370757464563801 pos:0.36292425354361985 
cv293_29856.txt pos pos:0.6696903149020771 neg:0.3303096850979229 
cv512_15965.txt pos pos:0.9999456932509825 neg:5.4306749017516316E-5 
cv333_8916.txt pos pos:0.9937009705081157 neg:0.006299029491884375 
cv721_28993.txt neg neg:0.9997368539519194 pos:2.631460480806214E-4 
cv316_5972.txt neg neg:0.5411998315556729 pos:0.45880016844432714 
cv503_10558.txt pos pos:0.9989482241527091 neg:0.0010517758472909627 
cv140_7963.txt neg neg:0.7956125444647169 pos:0.20438745553528312 
cv067_19774.txt pos pos:0.9802083682801158 neg:0.019791631719884233 
cv481_7436.txt pos pos:0.9977090691160748 neg:0.002290930883925203 
cv970_18450.txt pos neg:0.9731735192761352 pos:0.02682648072386488 
cv181_16083.txt neg neg:0.9900861292645609 pos:0.009913870735439125 
cv872_12591.txt pos pos:0.9755230413859294 neg:0.02447695861407059 
cv339_22452.txt neg neg:0.9919242697727272 pos:0.008075730227272952 
cv443_22367.txt neg neg:0.8913455897701282 pos:0.10865441022987181 
cv835_20531.txt neg pos:0.9555531400641092 neg:0.04444685993589079 
cv579_12542.txt neg neg:0.9999744712860662 pos:2.552871393390529E-5 
cv774_15488.txt neg pos:0.607001079791368 neg:0.3929989202086321 
cv549_22771.txt neg neg:0.902682507846345 pos:0.09731749215365496 
cv873_18636.txt pos pos:0.9456634906636369 neg:0.05433650933636309 
cv324_7082.txt pos pos:0.9888567664874905 neg:0.011143233512509473 
cv598_18184.txt neg neg:0.541970587335426 pos:0.4580294126645739 
cv164_23451.txt neg neg:0.8644571204417631 pos:0.13554287955823688 
cv945_13012.txt neg neg:0.9981168766519862 pos:0.0018831233480139245 
cv954_19932.txt neg neg:0.99318916027988 pos:0.0068108397201199055 
cv708_28539.txt neg neg:0.9322417236739272 pos:0.06775827632607274 
cv468_16844.txt neg neg:0.9999194367868633 pos:8.056321313669928E-5 
cv643_29282.txt neg neg:0.9993755832741604 pos:6.244167258394356E-4 
cv888_24435.txt pos pos:0.9995017478988453 neg:4.982521011548567E-4 
cv420_28795.txt pos pos:0.6772184624548473 neg:0.32278153754515276 
cv423_11155.txt pos pos:0.9990147567301949 neg:9.852432698051355E-4 
cv334_10001.txt pos pos:0.6814248970959045 neg:0.3185751029040956 
cv137_15422.txt pos pos:0.7259535095655557 neg:0.27404649043444423 
cv360_8398.txt pos pos:0.9071830549405576 neg:0.09281694505944227 
cv554_13151.txt pos pos:0.8634111787386439 neg:0.13658882126135607 
cv969_13250.txt pos pos:0.9653177621220157 neg:0.034682237877984225 
cv223_29066.txt pos pos:0.5284445542972582 neg:0.47155544570274177 
Trial 0 Trainer MaxEntTrainer,gaussianPriorVariance=1.0 Training Data Confusion Matrix
Confusion Matrix, row=true, column=predicted  accuracy=1.0
  label   0   1  |total
  0 neg 900   .  |900
  1 pos   . 900  |900

Trial 0 Trainer MaxEntTrainer,gaussianPriorVariance=1.0 training data accuracy= 1.0
Trial 0 Trainer MaxEntTrainer,gaussianPriorVariance=1.0 Test Data Confusion Matrix
Confusion Matrix, row=true, column=predicted  accuracy=0.88
  label   0   1  |total
  0 neg  89  11  |100
  1 pos  13  87  |100

Trial 0 Trainer MaxEntTrainer,gaussianPriorVariance=1.0 test data accuracy= 0.88

MaxEntTrainer,gaussianPriorVariance=1.0
Summary. train accuracy mean = 1.0 stddev = 0.0 stderr = 0.0
Summary. test accuracy mean = 0.88 stddev = 0.0 stderr = 0.0
