
-------------------- Trial 0  --------------------

Trial 0 Training MaxEntTrainer,gaussianPriorVariance=1.0 with 1800 instances
Trial 0 Training MaxEntTrainer,gaussianPriorVariance=1.0 finished
Trial 0 Trainer MaxEntTrainer,gaussianPriorVariance=1.0
 Raw Testing Data
cv082_11979.txt neg neg:0.9991922719125959 pos:8.077280874041785E-4 
cv898_1576.txt neg neg:0.9991813572153517 pos:8.186427846482191E-4 
cv242_11354.txt neg neg:0.8183994011173431 pos:0.1816005988826568 
cv693_18063.txt pos neg:0.9752560139797671 pos:0.024743986020232926 
cv659_21483.txt neg neg:0.9780836568446497 pos:0.021916343155350317 
cv636_15279.txt pos pos:0.7772081290186889 neg:0.22279187098131126 
cv256_16529.txt neg neg:0.9998657592927718 pos:1.3424070722813203E-4 
cv347_14722.txt neg neg:0.9938847922443506 pos:0.006115207755649548 
cv491_12992.txt neg neg:0.9999131941153688 pos:8.68058846312324E-5 
cv596_28311.txt pos pos:0.9967995295174487 neg:0.0032004704825513023 
cv410_25624.txt neg neg:0.9821233728361086 pos:0.017876627163891323 
cv233_15964.txt pos pos:0.9999077333647908 neg:9.226663520918563E-5 
cv831_16325.txt neg neg:0.9090841998042394 pos:0.09091580019576069 
cv298_24487.txt neg neg:0.7991283709435362 pos:0.20087162905646389 
cv510_23360.txt pos pos:0.9764594584784875 neg:0.023540541521512554 
cv588_14467.txt neg neg:0.9994539606400141 pos:5.460393599858765E-4 
cv516_11172.txt pos pos:0.8612970176814955 neg:0.1387029823185044 
cv053_23117.txt neg neg:0.9999836725467419 pos:1.632745325803065E-5 
cv923_11951.txt neg neg:0.9994578731379193 pos:5.42126862080668E-4 
cv470_15952.txt pos pos:0.6097523473235812 neg:0.39024765267641887 
cv327_20292.txt pos pos:0.9861142821567159 neg:0.013885717843283968 
cv537_13516.txt neg neg:0.9558519557695876 pos:0.04414804423041242 
cv343_10368.txt pos pos:0.8448717997925328 neg:0.15512820020746726 
cv292_7282.txt pos pos:0.9780075473107922 neg:0.0219924526892079 
cv025_29825.txt neg pos:0.8540786934012219 neg:0.14592130659877822 
cv129_18373.txt neg neg:0.9886181466005299 pos:0.01138185339947015 
cv263_19259.txt pos pos:0.9941651454738346 neg:0.005834854526165409 
cv599_22197.txt neg neg:0.9983856999397351 pos:0.0016143000602648263 
cv015_29356.txt neg neg:0.9588125764672301 pos:0.04118742353276993 
cv996_11592.txt pos pos:0.9972182783413217 neg:0.002781721658678297 
cv235_10217.txt pos pos:0.5212243917092316 neg:0.4787756082907684 
cv666_18963.txt pos pos:0.9936341384369239 neg:0.006365861563075993 
cv365_11576.txt pos pos:0.9458751184375043 neg:0.054124881562495855 
cv172_12037.txt neg neg:0.926114260090259 pos:0.07388573990974097 
cv310_14568.txt neg neg:0.9996530569926686 pos:3.4694300733135926E-4 
cv697_11162.txt pos pos:0.8863307730631061 neg:0.11366922693689394 
cv534_14083.txt pos pos:0.9357406787590565 neg:0.06425932124094359 
cv622_8147.txt pos pos:0.9945537724582175 neg:0.005446227541782433 
cv362_15341.txt pos pos:0.9957540112333751 neg:0.004245988766624898 
cv816_13655.txt pos neg:0.9527605211765586 pos:0.047239478823441275 
cv233_17614.txt neg neg:0.572768102226033 pos:0.4272318977739669 
cv563_18610.txt neg pos:0.576859059432047 neg:0.4231409405679531 
cv629_14909.txt pos pos:0.9897487799658158 neg:0.010251220034184253 
cv020_9234.txt neg neg:0.8030469148935659 pos:0.19695308510643406 
cv724_15265.txt neg neg:0.990478527036311 pos:0.009521472963688857 
cv286_26156.txt neg neg:0.9960905569172598 pos:0.003909443082740254 
cv357_14710.txt neg neg:0.9554906437585858 pos:0.044509356241414125 
cv595_26420.txt neg neg:0.9970032781112541 pos:0.0029967218887459513 
cv594_11039.txt pos pos:0.953520770875552 neg:0.04647922912444798 
cv572_18657.txt pos pos:0.9568878467334492 neg:0.04311215326655082 
cv828_19831.txt pos neg:0.7451988973104899 pos:0.2548011026895102 
cv736_24947.txt neg neg:0.99998478281903 pos:1.521718096985184E-5 
cv447_27332.txt pos pos:0.9998298613084711 neg:1.701386915290787E-4 
cv397_28890.txt neg neg:0.9998718638386311 pos:1.2813616136900455E-4 
cv877_29132.txt neg neg:0.8811583280076125 pos:0.11884167199238753 
cv688_7884.txt neg neg:0.9409393657422127 pos:0.05906063425778728 
cv155_7308.txt pos pos:0.9995237568042858 neg:4.762431957141989E-4 
cv306_10364.txt pos pos:0.9999634567525562 neg:3.6543247443764235E-5 
cv597_26360.txt pos pos:0.9971212034199038 neg:0.002878796580096005 
cv456_20370.txt neg neg:0.9903851632280627 pos:0.009614836771937318 
cv821_29283.txt neg neg:0.8245768966695948 pos:0.1754231033304052 
cv745_12773.txt pos pos:0.7917309397955897 neg:0.2082690602044103 
cv882_10026.txt pos neg:0.630812587411554 pos:0.369187412588446 
cv476_16856.txt pos pos:0.9999307204941105 neg:6.927950588968543E-5 
cv290_11981.txt neg neg:0.9608160881900555 pos:0.0391839118099446 
cv564_12011.txt neg pos:0.6870251662239076 neg:0.3129748337760924 
cv043_15013.txt pos pos:0.9987871072227105 neg:0.001212892777289558 
cv285_18186.txt neg neg:0.9992841596831272 pos:7.158403168729023E-4 
cv971_10874.txt pos pos:0.9680497494501885 neg:0.03195025054981148 
cv182_7791.txt neg pos:0.5752638176985762 neg:0.42473618230142385 
cv450_7890.txt pos pos:0.9985809891004924 neg:0.0014190108995076303 
cv860_13853.txt pos pos:0.99845754123277 neg:0.0015424587672298712 
cv779_17881.txt pos neg:0.9911930379134902 pos:0.008806962086509799 
cv097_24970.txt pos pos:0.9981721013045491 neg:0.0018278986954507934 
cv665_29386.txt neg neg:0.9985745111124716 pos:0.0014254888875283678 
cv468_15228.txt pos pos:0.9992517405791487 neg:7.482594208512887E-4 
cv920_29423.txt neg neg:0.5009137507952011 pos:0.49908624920479894 
cv096_12262.txt neg neg:0.9256547382815323 pos:0.07434526171846768 
cv550_23226.txt neg neg:0.9985890402533903 pos:0.0014109597466096303 
cv391_10802.txt pos pos:0.9988879510825623 neg:0.0011120489174376179 
cv503_11196.txt neg neg:0.8463068517530369 pos:0.15369314824696312 
cv103_11021.txt pos pos:0.855001197057935 neg:0.14499880294206502 
cv590_19290.txt pos neg:0.8168352406209342 pos:0.18316475937906598 
cv457_18453.txt pos pos:0.9961402206037073 neg:0.0038597793962926543 
cv724_13681.txt pos pos:0.9904569072610376 neg:0.009543092738962335 
cv344_5376.txt neg neg:0.9947859476225296 pos:0.005214052377470388 
cv416_11136.txt pos pos:0.9878739622184205 neg:0.012126037781579477 
cv856_29013.txt pos pos:0.8350224252873429 neg:0.1649775747126572 
cv438_8043.txt pos pos:0.9962985949286028 neg:0.0037014050713971426 
cv607_7717.txt pos pos:0.918957498008533 neg:0.08104250199146709 
cv184_2673.txt pos neg:0.6282242926821591 pos:0.3717757073178409 
cv862_15924.txt neg pos:0.9600298239586312 neg:0.039970176041368696 
cv134_23300.txt neg neg:0.9988856146258929 pos:0.0011143853741071906 
cv742_7751.txt pos pos:0.9148399476568129 neg:0.0851600523431871 
cv066_11668.txt neg neg:0.9979737991113534 pos:0.002026200888646578 
cv133_16336.txt pos neg:0.6377196491151443 pos:0.3622803508848556 
cv635_10022.txt pos pos:0.9926260815232072 neg:0.007373918476792762 
cv330_29675.txt neg pos:0.7423009367034842 neg:0.2576990632965158 
cv751_17208.txt neg neg:0.9485050501240151 pos:0.05149494987598495 
cv894_22140.txt neg neg:0.9994550404536812 pos:5.449595463188051E-4 
cv391_11615.txt neg neg:0.8843702925503868 pos:0.11562970744961325 
cv104_19176.txt neg pos:0.9943944550366183 neg:0.005605544963381756 
cv044_18429.txt neg neg:0.9978770369944135 pos:0.0021229630055863984 
cv313_19337.txt neg neg:0.9999271110371374 pos:7.288896286271652E-5 
cv018_20137.txt pos pos:0.9801081340564525 neg:0.019891865943547447 
cv359_6751.txt neg pos:0.9239756316013408 neg:0.0760243683986591 
cv261_11855.txt neg neg:0.9510895957979935 pos:0.04891040420200652 
cv198_19313.txt neg pos:0.5411639725082424 neg:0.45883602749175745 
cv709_10529.txt pos pos:0.9909214866803262 neg:0.009078513319673923 
cv545_12014.txt pos pos:0.7787512283476324 neg:0.22124877165236756 
cv089_11418.txt pos pos:0.5513560424785127 neg:0.44864395752148734 
cv540_3092.txt neg neg:0.9782313492849273 pos:0.02176865071507274 
cv094_27868.txt neg pos:0.907367441086756 neg:0.09263255891324386 
cv837_27232.txt neg neg:0.9778841565316702 pos:0.022115843468329822 
cv342_19456.txt pos pos:0.9150174972504477 neg:0.08498250274955234 
cv300_23302.txt neg neg:0.9921839061449217 pos:0.007816093855078322 
cv493_14135.txt neg neg:0.9989524883871154 pos:0.0010475116128845945 
cv127_16451.txt neg neg:0.6581867414284147 pos:0.34181325857158523 
cv301_13010.txt neg pos:0.575515849512765 neg:0.4244841504872349 
cv674_10732.txt pos pos:0.7293249845143017 neg:0.27067501548569817 
cv250_26462.txt neg neg:0.8481862680701436 pos:0.1518137319298563 
cv356_25163.txt pos pos:0.7989828036949924 neg:0.20101719630500756 
cv019_16117.txt neg neg:0.9966630489431648 pos:0.003336951056835183 
cv625_13518.txt neg pos:0.6016588824798536 neg:0.39834111752014634 
cv845_15886.txt neg pos:0.9954814327292342 neg:0.004518567270765752 
cv464_15650.txt pos pos:0.7243633054385874 neg:0.27563669456141254 
cv044_16969.txt pos pos:0.9601937980376372 neg:0.0398062019623628 
cv514_11187.txt pos neg:0.8249083717015291 pos:0.1750916282984709 
cv951_11816.txt neg neg:0.9618139366923788 pos:0.03818606330762133 
cv444_9974.txt pos pos:0.960465830148017 neg:0.039534169851983006 
cv915_9342.txt neg neg:0.9997122008802467 pos:2.8779911975324046E-4 
cv048_16828.txt pos pos:0.9967038803127969 neg:0.0032961196872030845 
cv573_29525.txt pos pos:0.9988787226744626 neg:0.0011212773255373574 
cv077_23172.txt neg neg:0.9994245263626432 pos:5.754736373567126E-4 
cv928_9478.txt neg neg:0.9991130204339601 pos:8.869795660399598E-4 
cv033_25680.txt neg neg:0.8505430113293301 pos:0.14945698867066984 
cv723_8648.txt pos pos:0.8936297342603738 neg:0.10637026573962625 
cv283_11055.txt pos pos:0.9801487148736556 neg:0.01985128512634442 
cv335_14665.txt pos neg:0.8367253578643677 pos:0.1632746421356322 
cv299_16214.txt pos pos:0.866514024827417 neg:0.13348597517258293 
cv931_18783.txt neg neg:0.9012625586914397 pos:0.09873744130856037 
cv434_5641.txt neg pos:0.6451961453880781 neg:0.3548038546119219 
cv401_13758.txt neg neg:0.9977440647891677 pos:0.002255935210832393 
cv869_23611.txt pos pos:0.9993678066257452 neg:6.321933742547292E-4 
cv997_5152.txt neg neg:0.9506038033945174 pos:0.04939619660548264 
cv149_17084.txt neg neg:0.9942113268325701 pos:0.005788673167430002 
cv800_13494.txt neg neg:0.997260940060171 pos:0.002739059939829169 
cv448_16409.txt neg pos:0.9094053839089611 neg:0.09059461609103896 
cv621_14368.txt pos pos:0.9416892360260687 neg:0.058310763973931375 
cv958_13020.txt neg neg:0.9678677952250241 pos:0.032132204774975866 
cv990_12443.txt neg neg:0.9813121373003533 pos:0.018687862699646837 
cv026_29325.txt pos pos:0.5642524108735372 neg:0.4357475891264627 
cv180_17823.txt neg neg:0.9997125336177958 pos:2.8746638220415293E-4 
cv527_10338.txt neg neg:0.7569686644965339 pos:0.24303133550346612 
cv242_10638.txt pos neg:0.7483545018891387 pos:0.2516454981108614 
cv454_2053.txt pos pos:0.7126866458585639 neg:0.28731335414143616 
cv209_29118.txt pos neg:0.5868097033574097 pos:0.4131902966425902 
cv994_13229.txt neg neg:0.999904703982523 pos:9.529601747713933E-5 
cv804_11763.txt neg neg:0.6289184183618496 pos:0.37108158163815047 
cv824_9335.txt neg neg:0.8414946369845685 pos:0.15850536301543147 
cv871_24888.txt pos neg:0.9285630094312648 pos:0.07143699056873516 
cv141_17179.txt neg neg:0.9998373478087138 pos:1.6265219128621896E-4 
cv118_28837.txt neg neg:0.9722460945575098 pos:0.027753905442490255 
cv780_8467.txt neg pos:0.8804851880741765 neg:0.11951481192582357 
cv933_23776.txt pos pos:0.9996625759012646 neg:3.3742409873528347E-4 
cv050_11175.txt pos pos:0.5386764662009623 neg:0.4613235337990377 
cv120_3793.txt neg neg:0.5500519963853142 pos:0.4499480036146858 
cv061_8837.txt pos pos:0.9672752916921887 neg:0.03272470830781123 
cv248_13987.txt pos pos:0.998943194194517 neg:0.0010568058054828949 
cv258_5792.txt pos pos:0.9994959525568767 neg:5.040474431231777E-4 
cv819_9364.txt pos pos:0.8484551007401572 neg:0.15154489925984285 
cv225_29083.txt neg neg:0.9927872968781378 pos:0.007212703121862215 
cv287_15900.txt pos pos:0.9814724083996854 neg:0.018527591600314565 
cv250_25616.txt pos pos:0.9935535496904488 neg:0.006446450309551024 
cv191_29539.txt neg neg:0.9961823110071679 pos:0.003817688992832054 
cv993_29737.txt pos pos:0.8744965527680035 neg:0.12550344723199638 
cv400_19220.txt pos pos:0.8201226626749135 neg:0.17987733732508643 
cv303_27520.txt pos pos:0.9926452000513214 neg:0.007354799948678541 
cv795_10122.txt pos pos:0.9996731813660591 neg:3.2681863394085157E-4 
cv848_10036.txt pos pos:0.9969078161212024 neg:0.0030921838787975626 
cv533_9821.txt pos pos:0.8835339541686181 neg:0.11646604583138177 
cv578_16825.txt neg neg:0.9719411261642371 pos:0.028058873835762874 
cv410_24266.txt pos pos:0.6598374170767178 neg:0.3401625829232822 
cv060_11754.txt neg pos:0.7214236487875872 neg:0.27857635121241275 
cv604_2230.txt pos pos:0.989293427199339 neg:0.01070657280066086 
cv086_18371.txt pos pos:0.996742075598887 neg:0.0032579244011129846 
cv987_7394.txt neg neg:0.9997298574257101 pos:2.701425742900087E-4 
cv255_15267.txt neg neg:0.9485856467166791 pos:0.05141435328332094 
cv557_11449.txt pos pos:0.7192241378729826 neg:0.2807758621270174 
cv294_11684.txt pos pos:0.9998349315056737 neg:1.6506849432626952E-4 
cv147_21193.txt pos pos:0.9999849877000818 neg:1.5012299918075761E-5 
cv711_12687.txt neg neg:0.9624536220765377 pos:0.03754637792346225 
cv429_7937.txt neg neg:0.9999701312696785 pos:2.986873032145562E-5 
cv407_22637.txt pos pos:0.9963431472294897 neg:0.003656852770510303 
cv196_29027.txt pos neg:0.6058622012521954 pos:0.39413779874780464 
cv491_12145.txt pos pos:0.9489557875836634 neg:0.051044212416336575 
cv411_16799.txt neg neg:0.9921124468627083 pos:0.007887553137291718 
cv633_29730.txt neg neg:0.9992659523934212 pos:7.340476065788784E-4 
cv943_22488.txt pos pos:0.965427901846874 neg:0.03457209815312595 
cv813_6534.txt pos pos:0.9998232165373265 neg:1.767834626735216E-4 
Trial 0 Trainer MaxEntTrainer,gaussianPriorVariance=1.0 Training Data Confusion Matrix
Confusion Matrix, row=true, column=predicted  accuracy=1.0
  label   0   1  |total
  0 neg 900   .  |900
  1 pos   . 900  |900

Trial 0 Trainer MaxEntTrainer,gaussianPriorVariance=1.0 training data accuracy= 1.0
Trial 0 Trainer MaxEntTrainer,gaussianPriorVariance=1.0 Test Data Confusion Matrix
Confusion Matrix, row=true, column=predicted  accuracy=0.845
  label   0   1  |total
  0 neg  83  17  |100
  1 pos  14  86  |100

Trial 0 Trainer MaxEntTrainer,gaussianPriorVariance=1.0 test data accuracy= 0.845

MaxEntTrainer,gaussianPriorVariance=1.0
Summary. train accuracy mean = 1.0 stddev = 0.0 stderr = 0.0
Summary. test accuracy mean = 0.845 stddev = 0.0 stderr = 0.0
