
-------------------- Trial 0  --------------------

Trial 0 Training MaxEntTrainer,gaussianPriorVariance=1.0 with 1800 instances
Trial 0 Training MaxEntTrainer,gaussianPriorVariance=1.0 finished
Trial 0 Trainer MaxEntTrainer,gaussianPriorVariance=1.0
 Raw Testing Data
cv520_13297.txt neg neg:0.9074379520601644 pos:0.09256204793983557 
cv978_20929.txt pos pos:0.8656913854479407 neg:0.13430861455205934 
cv090_0042.txt pos pos:0.9166431255180567 neg:0.08335687448194319 
cv337_29181.txt pos pos:0.9587701234310582 neg:0.04122987656894195 
cv162_10424.txt pos pos:0.9912214576688229 neg:0.008778542331177242 
cv560_17175.txt pos pos:0.9838935676942525 neg:0.016106432305747397 
cv435_23110.txt pos pos:0.5059044878094474 neg:0.4940955121905527 
cv685_5710.txt neg neg:0.7002368398472637 pos:0.29976316015273635 
cv618_8974.txt pos pos:0.9988954970586508 neg:0.0011045029413490756 
cv272_20313.txt neg neg:0.9930593449560302 pos:0.0069406550439697215 
cv336_10363.txt neg neg:0.9991904935585836 pos:8.095064414163745E-4 
cv262_13812.txt neg pos:0.5843826425366913 neg:0.4156173574633088 
cv294_12695.txt neg neg:0.9441248243761129 pos:0.05587517562388715 
cv326_13295.txt pos pos:0.5177476069944972 neg:0.48225239300550277 
cv702_11500.txt pos pos:0.9659730973455373 neg:0.03402690265446265 
cv381_20172.txt pos pos:0.9837270313661745 neg:0.01627296863382566 
cv506_17521.txt neg neg:0.7003649800256889 pos:0.299635019974311 
cv569_26381.txt pos pos:0.944897739541602 neg:0.05510226045839791 
cv366_10221.txt pos pos:0.9990766486686258 neg:9.233513313742604E-4 
cv023_13847.txt neg neg:0.9953329444849951 pos:0.004667055515004847 
cv122_7891.txt neg neg:0.7206799070308213 pos:0.2793200929691787 
cv987_6965.txt pos pos:0.60590395821825 neg:0.39409604178174995 
cv419_13394.txt pos neg:0.662853695899897 pos:0.3371463041001031 
cv003_12683.txt neg neg:0.871609603086243 pos:0.12839039691375695 
cv926_17059.txt pos pos:0.9696786209283162 neg:0.03032137907168389 
cv403_6721.txt neg neg:0.9993268678005218 pos:6.731321994781623E-4 
cv404_21805.txt neg neg:0.9998737387061928 pos:1.262612938073061E-4 
cv870_18090.txt neg neg:0.9951040772446454 pos:0.004895922755354511 
cv355_16413.txt pos pos:0.9989617713706124 neg:0.0010382286293875952 
cv199_9629.txt pos pos:0.9944386106711806 neg:0.005561389328819449 
cv443_21118.txt pos pos:0.8872022952624872 neg:0.11279770473751284 
cv280_8651.txt neg neg:0.9841335471993855 pos:0.015866452800614387 
cv022_12864.txt pos pos:0.8204972813225375 neg:0.17950271867746256 
cv284_19119.txt pos pos:0.9888822949097136 neg:0.011117705090286527 
cv751_15719.txt pos pos:0.9943405584311861 neg:0.005659441568813832 
cv803_8207.txt pos pos:0.9999999734185496 neg:2.6581450332429892E-8 
cv731_4136.txt pos pos:0.9851090395716382 neg:0.014890960428361879 
cv459_20319.txt pos pos:0.9774628107340003 neg:0.022537189265999638 
cv257_10975.txt pos neg:0.6967525464371299 pos:0.30324745356287014 
cv907_3193.txt neg neg:0.9983223845164281 pos:0.0016776154835718667 
cv787_13743.txt pos pos:0.5431148626682444 neg:0.45688513733175556 
cv341_25667.txt neg neg:0.9948869523587298 pos:0.005113047641270179 
cv158_10390.txt pos pos:0.9999427484993614 neg:5.725150063878094E-5 
cv037_18510.txt pos pos:0.9923791299003708 neg:0.007620870099629144 
cv629_16604.txt neg neg:0.9651205643284587 pos:0.03487943567154117 
cv630_10152.txt neg neg:0.9993507548254718 pos:6.492451745282495E-4 
cv606_17672.txt neg neg:0.9777666612959774 pos:0.02223333870402266 
cv888_25678.txt neg neg:0.6113046557391358 pos:0.3886953442608642 
cv128_29444.txt neg neg:0.985138538583561 pos:0.014861461416438937 
cv109_21172.txt pos pos:0.9369624592732061 neg:0.06303754072679389 
cv004_11636.txt pos neg:0.9978861910147309 pos:0.00211380898526901 
cv828_21392.txt neg neg:0.9977314924281157 pos:0.002268507571884303 
cv839_22807.txt neg neg:0.9616479490622304 pos:0.03835205093776954 
cv910_20488.txt pos pos:0.9997023674046218 neg:2.976325953782906E-4 
cv329_29370.txt pos neg:0.915414502544714 pos:0.08458549745528599 
cv849_15729.txt pos pos:0.8612239428544273 neg:0.13877605714557276 
cv288_18791.txt pos pos:0.6321366691108066 neg:0.3678633308891935 
cv764_11739.txt pos pos:0.9812351396300819 neg:0.018764860369918087 
cv392_11458.txt pos pos:0.980620672330478 neg:0.01937932766952207 
cv901_11017.txt pos pos:0.9273663204569084 neg:0.07263367954309168 
cv563_17257.txt pos neg:0.7243674059751898 pos:0.27563259402481033 
cv179_9533.txt neg neg:0.7838777996930011 pos:0.21612220030699886 
cv639_10797.txt neg neg:0.9984894205257072 pos:0.0015105794742926494 
cv866_29447.txt neg neg:0.8256352930925794 pos:0.17436470690742067 
cv925_9459.txt neg neg:0.9186112529107244 pos:0.08138874708927561 
cv218_24352.txt pos neg:0.6299538067457182 pos:0.37004619325428184 
cv589_12853.txt neg neg:0.9998543424951483 pos:1.4565750485172444E-4 
cv570_29082.txt pos pos:0.9979069740039087 neg:0.002093025996091401 
cv826_11834.txt pos pos:0.9964969226437348 neg:0.0035030773562651015 
cv529_10420.txt pos pos:0.9982389206820996 neg:0.0017610793179004324 
cv597_26744.txt neg neg:0.9979504210262131 pos:0.0020495789737867585 
cv225_29224.txt pos pos:0.9596958960414158 neg:0.04030410395858428 
cv653_2107.txt neg neg:0.999164974541465 pos:8.350254585350372E-4 
cv675_21588.txt pos pos:0.9894684805396227 neg:0.010531519460377222 
cv726_4719.txt pos neg:0.8116690507899821 pos:0.18833094921001794 
cv876_9390.txt pos neg:0.9689999123679628 pos:0.031000087632037064 
cv243_22164.txt neg pos:0.957377799255037 neg:0.042622200744963076 
cv074_7188.txt neg neg:0.9997724747349988 pos:2.275252650012431E-4 
cv684_11798.txt pos pos:0.9821416737927446 neg:0.01785832620725533 
cv829_21725.txt neg neg:0.9882269426125813 pos:0.011773057387418736 
cv139_12873.txt pos pos:0.8971907503703692 neg:0.10280924962963069 
cv989_17297.txt neg neg:0.997946149446201 pos:0.0020538505537990143 
cv971_11790.txt neg neg:0.7823737706909809 pos:0.2176262293090191 
cv306_10859.txt neg neg:0.9072225649260494 pos:0.09277743507395057 
cv445_25882.txt pos pos:0.9908752831578967 neg:0.009124716842103281 
cv688_7368.txt pos pos:0.7720442443427888 neg:0.22795575565721113 
cv656_24201.txt pos pos:0.9785791594485084 neg:0.02142084055149171 
cv977_4776.txt neg neg:0.9930303223887975 pos:0.006969677611202564 
cv212_10054.txt neg neg:0.9999537360009366 pos:4.626399906332551E-5 
cv041_22364.txt neg neg:0.9665669263646636 pos:0.03343307363533652 
cv953_6836.txt pos pos:0.9997610598374583 neg:2.3894016254159188E-4 
cv479_5649.txt pos pos:0.7419344713609773 neg:0.25806552863902266 
cv159_29374.txt neg pos:0.6497065989376383 neg:0.3502934010623618 
cv311_16002.txt pos pos:0.9815394886854115 neg:0.018460511314588455 
cv113_24354.txt neg neg:0.9404370076059834 pos:0.05956299239401669 
cv239_29828.txt neg pos:0.7221941705042451 neg:0.27780582949575483 
cv377_7946.txt pos pos:0.9950252863043724 neg:0.004974713695627658 
cv055_8926.txt neg neg:0.99110696860481 pos:0.008893031395189979 
cv598_16452.txt pos pos:0.9056521670982681 neg:0.09434783290173188 
cv776_21934.txt neg neg:0.9951031862592231 pos:0.004896813740776948 
cv206_14293.txt pos pos:0.9980331612359474 neg:0.0019668387640526985 
cv767_15673.txt neg pos:0.9332296998781323 neg:0.06677030012186773 
cv490_18986.txt neg neg:0.9844452139213652 pos:0.015554786078634827 
cv455_28866.txt neg pos:0.6049964310810023 neg:0.39500356891899774 
cv593_11931.txt neg neg:0.999978224370981 pos:2.1775629018878445E-5 
cv412_24095.txt pos pos:0.8627438110829009 neg:0.13725618891709915 
cv144_5007.txt pos pos:0.9990526960562641 neg:9.473039437358301E-4 
cv578_15094.txt pos neg:0.5676225422112507 pos:0.43237745778874925 
cv086_19488.txt neg neg:0.9887827586367658 pos:0.01121724136323412 
cv152_8736.txt pos pos:0.9993446248425276 neg:6.553751574724792E-4 
cv810_12458.txt pos pos:0.996126901933646 neg:0.003873098066354078 
cv409_29625.txt neg neg:0.8599060495421575 pos:0.14009395045784243 
cv556_16563.txt neg neg:0.9931946312126803 pos:0.006805368787319701 
cv934_20426.txt neg neg:0.999950762078731 pos:4.923792126904611E-5 
cv914_28742.txt pos pos:0.8275475179257866 neg:0.17245248207421324 
cv778_18629.txt neg neg:0.993332416880528 pos:0.006667583119471953 
cv238_12931.txt pos pos:0.9814506673184474 neg:0.01854933268155261 
cv605_12730.txt neg pos:0.8095902290841877 neg:0.19040977091581235 
cv641_12349.txt pos pos:0.8264999973372853 neg:0.1735000026627148 
cv067_21192.txt neg neg:0.8809405211690986 pos:0.11905947883090146 
cv798_23531.txt pos pos:0.8957304457913263 neg:0.10426955420867365 
cv797_7245.txt neg neg:0.8530456947360261 pos:0.14695430526397388 
cv543_5045.txt pos pos:0.9992917257506956 neg:7.082742493044744E-4 
cv787_15277.txt neg neg:0.9975482318242115 pos:0.0024517681757885586 
cv693_19147.txt neg neg:0.9889489660931827 pos:0.011051033906817252 
cv274_25253.txt pos pos:0.9996659175133121 neg:3.3408248668789466E-4 
cv440_16891.txt neg neg:0.5753299934224626 pos:0.42467000657753745 
cv184_26935.txt neg neg:0.9996610507402044 pos:3.3894925979551654E-4 
cv351_15458.txt pos pos:0.996348240560285 neg:0.003651759439714927 
cv748_12786.txt pos pos:0.9941600263727035 neg:0.00583997362729647 
cv276_15684.txt pos pos:0.9954915489038729 neg:0.0045084510961270205 
cv510_24758.txt neg neg:0.9407049313538053 pos:0.05929506864619479 
cv524_23627.txt pos pos:0.9998381098786131 neg:1.618901213869221E-4 
cv395_11761.txt neg neg:0.9977578588296289 pos:0.0022421411703710515 
cv781_5262.txt pos pos:0.9832064438579299 neg:0.016793556142070076 
cv893_26731.txt neg neg:0.9999875334667259 pos:1.2466533274093812E-5 
cv182_7281.txt pos pos:0.9144907105959517 neg:0.08550928940404828 
cv752_25330.txt neg neg:0.5907666050517669 pos:0.40923339494823296 
cv914_2856.txt neg neg:0.9995373302616163 pos:4.6266973838380145E-4 
cv637_13682.txt neg neg:0.9899130324082179 pos:0.010086967591782074 
cv005_29443.txt pos pos:0.9999682048861612 neg:3.179511383876492E-5 
cv937_9811.txt pos neg:0.9378477577643541 pos:0.062152242235645874 
cv753_11812.txt neg neg:0.9997970633468198 pos:2.0293665318027936E-4 
cv147_22625.txt neg neg:0.9921485609103334 pos:0.007851439089666437 
cv697_12106.txt neg pos:0.9842438032709778 neg:0.015756196729022145 
cv817_4041.txt pos pos:0.9930411547094509 neg:0.006958845290549198 
cv118_28980.txt pos neg:0.9862721362782534 pos:0.01372786372174651 
cv094_27889.txt pos pos:0.9995723750200928 neg:4.2762497990712055E-4 
cv042_11927.txt neg neg:0.8008182715800828 pos:0.1991817284199172 
cv644_17154.txt pos pos:0.9996050045228938 neg:3.9499547710627515E-4 
cv528_11669.txt neg neg:0.9381375510866824 pos:0.0618624489133177 
cv508_17742.txt neg neg:0.9976600251878297 pos:0.0023399748121704124 
cv271_13837.txt pos pos:0.9974463966593612 neg:0.002553603340638859 
cv546_11767.txt pos pos:0.9974954221000043 neg:0.002504577899995606 
cv282_6653.txt pos neg:0.9490011152727067 pos:0.0509988847272933 
cv009_29417.txt neg neg:0.9980206072320367 pos:0.0019793927679633695 
cv590_20712.txt neg neg:0.829921836332797 pos:0.17007816366720307 
cv372_6654.txt neg neg:0.915882483456694 pos:0.08411751654330603 
cv512_17618.txt neg neg:0.9998477316094646 pos:1.522683905354515E-4 
cv610_2287.txt pos pos:0.9970530729473086 neg:0.002946927052691511 
cv626_7410.txt pos pos:0.96913283776914 neg:0.03086716223085987 
cv695_22268.txt neg neg:0.9999980619904318 pos:1.938009568189208E-6 
cv032_23718.txt neg pos:0.592791827602977 neg:0.407208172397023 
cv784_14394.txt pos pos:0.9654465183688759 neg:0.03455348163112409 
cv057_7962.txt neg neg:0.9533649623062823 pos:0.04663503769371769 
cv201_6997.txt pos pos:0.8842097085750139 neg:0.11579029142498616 
cv505_12090.txt pos pos:0.9999297025971934 neg:7.0297402806596E-5 
cv432_14224.txt pos pos:0.9126172351258709 neg:0.08738276487412915 
cv125_9636.txt neg neg:0.9968425408916031 pos:0.0031574591083968263 
cv192_16079.txt neg neg:0.8858723688289216 pos:0.11412763117107824 
cv068_14810.txt neg neg:0.9809893571834197 pos:0.019010642816580367 
cv485_26879.txt neg neg:0.9462790415462202 pos:0.05372095845377987 
cv941_10718.txt neg pos:0.9938769264835429 neg:0.006123073516457192 
cv204_8930.txt neg neg:0.9992393576505323 pos:7.606423494677138E-4 
cv815_23466.txt neg pos:0.6036213945152726 neg:0.39637860548472736 
cv717_17472.txt neg neg:0.9930426927079157 pos:0.006957307292084412 
cv080_14899.txt neg neg:0.9999794226396425 pos:2.0577360357528214E-5 
cv110_27788.txt pos pos:0.9859649575657041 neg:0.014035042434295791 
cv462_19350.txt pos pos:0.9753095288448368 neg:0.024690471155163162 
cv640_5378.txt pos pos:0.985236217423923 neg:0.014763782576077121 
cv398_17047.txt neg neg:0.9988393016454414 pos:0.0011606983545585721 
cv616_29187.txt neg neg:0.6139319968674821 pos:0.3860680031325178 
cv412_25254.txt neg neg:0.9967091596064271 pos:0.0032908403935727956 
cv045_25077.txt neg neg:0.9914916310329874 pos:0.008508368967012566 
cv193_5393.txt neg neg:0.9210903927563835 pos:0.07890960724361648 
cv292_7804.txt neg neg:0.9999626558444971 pos:3.734415550291597E-5 
cv857_17527.txt neg neg:0.9185094422561202 pos:0.08149055774387985 
cv752_24155.txt pos pos:0.9810587783832485 neg:0.018941221616751547 
cv824_8838.txt pos pos:0.9983544881494426 neg:0.0016455118505574074 
cv079_12766.txt neg neg:0.9986094258987591 pos:0.0013905741012408656 
cv328_10373.txt pos neg:0.520192635560409 pos:0.47980736443959104 
cv266_26644.txt neg neg:0.9618561039423457 pos:0.03814389605765441 
cv364_12901.txt pos pos:0.8911317102941558 neg:0.10886828970584424 
cv039_6170.txt pos pos:0.9811982449944446 neg:0.018801755005555403 
cv027_26270.txt neg neg:0.9566314464951085 pos:0.04336855350489162 
cv369_12886.txt pos pos:0.9962488387003863 neg:0.003751161299613759 
cv651_11120.txt neg neg:0.8378313729786444 pos:0.16216862702135554 
cv249_12674.txt neg neg:0.9998905043183383 pos:1.0949568166183322E-4 
cv261_10954.txt pos pos:0.9084945366017202 neg:0.09150546339827986 
cv507_9220.txt pos neg:0.9909406344220896 pos:0.009059365577910537 
Trial 0 Trainer MaxEntTrainer,gaussianPriorVariance=1.0 Training Data Confusion Matrix
Confusion Matrix, row=true, column=predicted  accuracy=1.0
  label   0   1  |total
  0 neg 900   .  |900
  1 pos   . 900  |900

Trial 0 Trainer MaxEntTrainer,gaussianPriorVariance=1.0 training data accuracy= 1.0
Trial 0 Trainer MaxEntTrainer,gaussianPriorVariance=1.0 Test Data Confusion Matrix
Confusion Matrix, row=true, column=predicted  accuracy=0.875
  label   0   1  |total
  0 neg  89  11  |100
  1 pos  14  86  |100

Trial 0 Trainer MaxEntTrainer,gaussianPriorVariance=1.0 test data accuracy= 0.875

MaxEntTrainer,gaussianPriorVariance=1.0
Summary. train accuracy mean = 1.0 stddev = 0.0 stderr = 0.0
Summary. test accuracy mean = 0.875 stddev = 0.0 stderr = 0.0
