
-------------------- Trial 0  --------------------

Trial 0 Training MaxEntTrainer,gaussianPriorVariance=1.0 with 1800 instances
Trial 0 Training MaxEntTrainer,gaussianPriorVariance=1.0 finished
Trial 0 Trainer MaxEntTrainer,gaussianPriorVariance=1.0
 Raw Testing Data
cv612_5461.txt pos pos:0.999881385301551 neg:1.1861469844886801E-4 
cv341_24430.txt pos pos:0.9899319928801079 neg:0.010068007119892005 
cv709_11173.txt neg neg:0.739002052490686 pos:0.2609979475093141 
cv750_10606.txt neg neg:0.8747698882054334 pos:0.12523011179456653 
cv486_9788.txt neg neg:0.9998979483532175 pos:1.0205164678249704E-4 
cv595_25335.txt pos neg:0.5355557516630043 pos:0.46444424833699577 
cv672_28083.txt pos pos:0.9989741466030849 neg:0.001025853396915179 
cv499_10658.txt pos pos:0.728820927378505 neg:0.27117907262149493 
cv383_13116.txt pos pos:0.9870381749223939 neg:0.012961825077606124 
cv415_23674.txt neg neg:0.5986305259072128 pos:0.4013694740927873 
cv471_16858.txt pos pos:0.9377442462019148 neg:0.062255753798085296 
cv571_29366.txt pos pos:0.923085697620947 neg:0.07691430237905304 
cv390_11345.txt pos pos:0.9964282424267704 neg:0.0035717575732295546 
cv060_10844.txt pos pos:0.8496324673964942 neg:0.15036753260350572 
cv884_15230.txt neg neg:0.5804698340367717 pos:0.4195301659632284 
cv213_18934.txt pos pos:0.5752259692647914 neg:0.4247740307352086 
cv769_8123.txt pos pos:0.9997928922152961 neg:2.0710778470386246E-4 
cv093_15606.txt neg neg:0.9390697839310791 pos:0.06093021606892079 
cv625_12440.txt pos pos:0.9960333501749875 neg:0.0039666498250125045 
cv568_15638.txt pos pos:0.9245499175944331 neg:0.07545008240556697 
cv523_16615.txt pos pos:0.9994020059986176 neg:5.979940013823498E-4 
cv301_12146.txt pos pos:0.8563003178808949 neg:0.14369968211910514 
cv997_5046.txt pos pos:0.9998822888214062 neg:1.1771117859394834E-4 
cv765_19037.txt pos pos:0.9930988789293763 neg:0.0069011210706236645 
cv778_17330.txt pos pos:0.9832117096620888 neg:0.01678829033791123 
cv759_13522.txt pos pos:0.6218964637257411 neg:0.3781035362742588 
cv008_29326.txt neg pos:0.568091177908843 neg:0.4319088220911569 
cv345_9966.txt neg neg:0.9995525897551086 pos:4.474102448914231E-4 
cv975_10981.txt pos pos:0.9998092143367364 neg:1.9078566326359488E-4 
cv190_27176.txt neg neg:0.6533293809308595 pos:0.3466706190691405 
cv790_16202.txt neg neg:0.9988726838964886 pos:0.001127316103511375 
cv962_9803.txt pos pos:0.8588214419592994 neg:0.14117855804070056 
cv171_15164.txt neg neg:0.8818021286351483 pos:0.11819787136485173 
cv539_20347.txt pos pos:0.8396752160225166 neg:0.16032478397748345 
cv707_10678.txt pos pos:0.9840516028162594 neg:0.015948397183740564 
cv506_15956.txt pos pos:0.9968372110390277 neg:0.003162788960972308 
cv899_17812.txt neg pos:0.8258899111642326 neg:0.1741100888357674 
cv541_28835.txt pos neg:0.9546181591038138 pos:0.04538184089618624 
cv374_25436.txt pos pos:0.6315010279043757 neg:0.3684989720956244 
cv883_27621.txt neg neg:0.9997909482613739 pos:2.0905173862597112E-4 
cv811_22646.txt neg neg:0.9229011235312762 pos:0.07709887646872396 
cv886_19210.txt neg neg:0.9986738588650386 pos:0.0013261411349614718 
cv452_5088.txt pos pos:0.8392683844196798 neg:0.16073161558032018 
cv955_26154.txt neg neg:0.9792751937884736 pos:0.020724806211526427 
cv454_21961.txt neg neg:0.9207057244445641 pos:0.07929427555543583 
cv797_6957.txt pos pos:0.9184827605135459 neg:0.08151723948645397 
cv947_11316.txt neg neg:0.991065424133077 pos:0.008934575866922933 
cv737_28907.txt pos pos:0.9997503272374366 neg:2.4967276256329527E-4 
cv646_16817.txt neg neg:0.9094902983598726 pos:0.09050970164012737 
cv494_18689.txt neg neg:0.9870294991777128 pos:0.012970500822287179 
cv188_19226.txt pos neg:0.692170789491561 pos:0.30782921050843903 
cv721_29121.txt pos pos:0.9963420863872336 neg:0.003657913612766284 
cv887_5126.txt pos pos:0.9999419165271373 neg:5.8083472862704884E-5 
cv893_26269.txt pos neg:0.5187963425340698 pos:0.4812036574659302 
cv135_11603.txt pos neg:0.8502956643956746 pos:0.14970433560432542 
cv275_28887.txt pos pos:0.9786017262458326 neg:0.021398273754167446 
cv426_10976.txt neg neg:0.9986612274150214 pos:0.0013387725849786508 
cv789_12136.txt pos neg:0.9823159046288371 pos:0.017684095371162976 
cv380_8164.txt neg neg:0.9998123253739043 pos:1.8767462609567705E-4 
cv299_17950.txt neg neg:0.8081635450310043 pos:0.19183645496899562 
cv728_16133.txt pos pos:0.9961963877506107 neg:0.0038036122493892554 
cv230_7428.txt pos pos:0.895824544243112 neg:0.10417545575688801 
cv722_7571.txt neg neg:0.8610473858232016 pos:0.13895261417679847 
cv197_29328.txt pos neg:0.5496945172459234 pos:0.45030548275407656 
cv927_10681.txt pos pos:0.9999672760212535 neg:3.272397874661102E-5 
cv049_21917.txt neg neg:0.7104561540498222 pos:0.28954384595017785 
cv374_26455.txt neg pos:0.8491810329513197 neg:0.15081896704868028 
cv979_18921.txt pos pos:0.9877220485661755 neg:0.01227795143382459 
cv029_18643.txt pos pos:0.9994733070153903 neg:5.266929846097262E-4 
cv501_12675.txt neg neg:0.9765921523820917 pos:0.023407847617908314 
cv654_18246.txt pos pos:0.9997287137584244 neg:2.7128624157546854E-4 
cv208_9020.txt pos pos:0.797383042039956 neg:0.2026169579600441 
cv224_18875.txt neg neg:0.9663480242966835 pos:0.033651975703316524 
cv091_7899.txt neg neg:0.6688854487237474 pos:0.3311145512762526 
cv687_21100.txt pos pos:0.9999338242931993 neg:6.617570680070994E-5 
cv360_8927.txt neg neg:0.9828879641321552 pos:0.01711203586784484 
cv854_17740.txt pos pos:0.8186355690236397 neg:0.18136443097636046 
cv496_11185.txt neg neg:0.999684497636735 pos:3.1550236326498385E-4 
cv224_17661.txt pos pos:0.9999591810978846 neg:4.081890211530936E-5 
cv849_17215.txt neg neg:0.7965094023685074 pos:0.20349059763149255 
cv001_19502.txt neg neg:0.7742989243810527 pos:0.2257010756189472 
cv279_19452.txt neg neg:0.9888557737929565 pos:0.011144226207043471 
cv957_9059.txt neg neg:0.9998101147713359 pos:1.8988522866403754E-4 
cv881_14767.txt neg neg:0.9092227992982106 pos:0.09077720070178946 
cv121_18621.txt neg neg:0.9667351480293822 pos:0.0332648519706178 
cv163_10110.txt neg pos:0.5922515438849405 neg:0.40774845611505955 
cv161_12224.txt neg neg:0.9984590470435957 pos:0.0015409529564043936 
cv853_29119.txt neg neg:0.8750022299718574 pos:0.1249977700281426 
cv624_11601.txt neg neg:0.9994943037594964 pos:5.056962405035811E-4 
cv169_24973.txt neg neg:0.8865483624531642 pos:0.11345163754683593 
cv451_10690.txt pos pos:0.9995099446740082 neg:4.900553259918257E-4 
cv355_18174.txt neg neg:0.7657438414988835 pos:0.2342561585011165 
cv509_15888.txt pos pos:0.999999043747319 neg:9.562526809555213E-7 
cv497_27086.txt neg neg:0.9968430379751092 pos:0.0031569620248907515 
cv639_10308.txt pos neg:0.8095165276158608 pos:0.19048347238413915 
cv119_9909.txt neg neg:0.8661590098633334 pos:0.1338409901366667 
cv058_8025.txt pos pos:0.8174937923393042 neg:0.18250620766069584 
cv396_17989.txt pos pos:0.9053920264168637 neg:0.09460797358313637 
cv252_24974.txt neg neg:0.9995778114709895 pos:4.2218852901058354E-4 
cv362_16985.txt neg neg:0.9940151455608088 pos:0.005984854439191247 
cv028_26964.txt neg neg:0.9217263912138702 pos:0.07827360878612982 
cv619_13677.txt neg neg:0.9999911160458683 pos:8.883954131551485E-6 
cv466_18722.txt pos pos:0.9951166851947127 neg:0.004883314805287291 
cv959_16218.txt neg neg:0.9889959314457373 pos:0.0110040685542628 
cv720_5389.txt pos pos:0.6881880498663678 neg:0.3118119501336322 
cv393_29234.txt neg neg:0.9510684250759399 pos:0.048931574924060035 
cv148_16345.txt pos pos:0.9988743814743998 neg:0.0011256185256002362 
cv641_13412.txt neg neg:0.9973025275218228 pos:0.0026974724781770967 
cv978_22192.txt neg neg:0.880522507194264 pos:0.11947749280573601 
cv148_18084.txt neg neg:0.9855502441523114 pos:0.014449755847688534 
cv021_15838.txt pos pos:0.962975698085999 neg:0.037024301914000995 
cv916_17034.txt neg neg:0.9991288809069816 pos:8.711190930182517E-4 
cv266_25779.txt pos neg:0.6213652685423625 pos:0.37863473145763743 
cv071_12969.txt neg pos:0.5273055911434302 neg:0.4726944088565698 
cv964_5794.txt neg neg:0.9988550591807374 pos:0.0011449408192626858 
cv887_5306.txt neg neg:0.9076231545209207 pos:0.09237684547907926 
cv569_26750.txt neg neg:0.6017109384548666 pos:0.39828906154513344 
cv418_16562.txt neg neg:0.9652667302001553 pos:0.03473326979984461 
cv463_10846.txt neg neg:0.9331219985742707 pos:0.06687800142572917 
cv218_25651.txt neg neg:0.9866290332771723 pos:0.013370966722827537 
cv630_10057.txt pos pos:0.940492720446697 neg:0.05950727955330319 
cv650_15974.txt neg neg:0.9755600836781936 pos:0.024439916321806508 
cv850_16466.txt pos pos:0.9306320801321779 neg:0.06936791986782198 
cv498_8832.txt pos neg:0.9068282693387227 pos:0.09317173066127725 
cv304_28489.txt neg neg:0.9983229379600926 pos:0.0016770620399072732 
cv793_13650.txt pos pos:0.9968521416385849 neg:0.003147858361414968 
cv661_25780.txt neg neg:0.9960958902186937 pos:0.003904109781306395 
cv103_11943.txt neg neg:0.5844088461770542 pos:0.41559115382294576 
cv686_13900.txt pos neg:0.5038634552824315 pos:0.4961365447175685 
cv034_29647.txt pos pos:0.7169041841973566 neg:0.2830958158026435 
cv707_11421.txt neg pos:0.5423140756042308 neg:0.4576859243957691 
cv946_18658.txt pos pos:0.9999978727647735 neg:2.127235226633614E-6 
cv039_5963.txt neg neg:0.9017750471272401 pos:0.09822495287275997 
cv525_17930.txt neg neg:0.998407799708127 pos:0.0015922002918731196 
cv840_16321.txt pos pos:0.750075112482918 neg:0.249924887517082 
cv890_3515.txt neg neg:0.9963277840401403 pos:0.0036722159598597368 
cv773_20264.txt neg neg:0.9329068884896417 pos:0.06709311151035836 
cv013_10159.txt pos pos:0.7795345085661233 neg:0.22046549143387684 
cv460_10842.txt pos neg:0.9813899754902015 pos:0.01861002450979855 
cv042_10982.txt pos pos:0.9872865637797705 neg:0.012713436220229576 
cv402_16097.txt neg pos:0.5098054213089585 neg:0.4901945786910416 
cv267_16618.txt neg neg:0.9231767960713432 pos:0.0768232039286568 
cv031_19540.txt neg neg:0.9921756730609105 pos:0.007824326939089438 
cv236_11565.txt pos pos:0.5193502261451378 neg:0.48064977385486224 
cv023_12672.txt pos pos:0.9998497975211249 neg:1.5020247887512371E-4 
cv611_2253.txt neg neg:0.9981012917745958 pos:0.0018987082254040537 
cv930_13475.txt pos pos:0.9927588516706027 neg:0.007241148329397268 
cv014_13924.txt pos pos:0.9394668014756044 neg:0.06053319852439575 
cv088_24113.txt pos pos:0.9934945093906676 neg:0.006505490609332385 
cv912_5674.txt pos pos:0.9868183599240931 neg:0.013181640075907037 
cv911_20260.txt pos neg:0.838657447234329 pos:0.16134255276567105 
cv480_21195.txt neg pos:0.960978672564178 neg:0.039021327435821915 
cv431_7085.txt pos neg:0.6758604887494069 pos:0.32413951125059315 
cv559_0057.txt neg neg:0.9292361230861617 pos:0.07076387691383844 
cv831_14689.txt pos pos:0.6636073336640607 neg:0.33639266633593945 
cv712_22920.txt pos neg:0.5291171920525488 pos:0.4708828079474512 
cv547_18043.txt neg neg:0.9851057900102116 pos:0.01489420998978833 
cv354_8132.txt pos neg:0.8790878181316387 pos:0.1209121818683613 
cv745_14009.txt neg neg:0.9997849607583836 pos:2.1503924161644648E-4 
cv238_14285.txt neg neg:0.9280144459365579 pos:0.07198555406344209 
cv538_28485.txt neg neg:0.9976601355828638 pos:0.0023398644171360844 
cv363_29332.txt pos pos:0.9266681520744077 neg:0.07333184792559223 
cv989_15824.txt pos pos:0.9833857714757258 neg:0.016614228524274167 
cv105_17990.txt pos pos:0.6353645716534809 neg:0.36463542834651896 
cv875_5754.txt pos pos:0.8052745829100445 neg:0.19472541708995547 
cv710_23745.txt neg neg:0.833252416492474 pos:0.16674758350752594 
cv456_18985.txt pos pos:0.9877844881661956 neg:0.012215511833804324 
cv805_21128.txt neg neg:0.937782422791598 pos:0.0622175772084021 
cv305_9937.txt neg pos:0.7617871838124705 neg:0.23821281618752949 
cv746_10471.txt neg pos:0.9922052466019969 neg:0.007794753398003066 
cv965_26071.txt pos pos:0.6762947897498328 neg:0.3237052102501671 
cv560_18608.txt neg neg:0.9908920001929297 pos:0.009107999807070295 
cv575_21150.txt pos pos:0.8681043991497678 neg:0.13189560085023225 
cv901_11934.txt neg neg:0.9507927570140172 pos:0.0492072429859827 
cv313_18198.txt pos pos:0.9991131195439477 neg:8.8688045605244E-4 
cv620_2556.txt neg pos:0.6419037292059203 neg:0.35809627079407963 
cv188_20687.txt neg neg:0.9225241325394512 pos:0.07747586746054883 
cv706_24716.txt pos pos:0.9999987554188379 neg:1.244581162133037E-6 
cv844_12690.txt pos pos:0.5056155455116882 neg:0.49438445448831175 
cv336_10143.txt pos pos:0.931439172629172 neg:0.06856082737082807 
cv090_0049.txt neg pos:0.9972483723143902 neg:0.0027516276856096745 
cv226_2618.txt pos pos:0.9671912023398043 neg:0.032808797660195704 
cv638_2953.txt pos pos:0.9945613574494859 neg:0.005438642550514022 
cv260_15652.txt neg neg:0.9981432531498329 pos:0.0018567468501672 
cv603_17694.txt pos neg:0.8791045028116442 pos:0.12089549718835574 
cv000_29416.txt neg neg:0.8153143556010278 pos:0.1846856443989721 
cv669_24318.txt neg neg:0.8662138746548919 pos:0.13378612534510811 
cv174_9659.txt pos pos:0.6269381095853975 neg:0.3730618904146026 
cv686_15553.txt neg pos:0.8149010504013914 neg:0.1850989495986086 
cv132_5423.txt neg neg:0.9976678483562719 pos:0.002332151643728079 
cv584_29549.txt neg neg:0.9958535181915736 pos:0.004146481808426353 
cv985_6359.txt pos pos:0.9965607681864231 neg:0.0034392318135768566 
cv820_24157.txt neg neg:0.9989454858698589 pos:0.001054514130141028 
cv961_5682.txt pos pos:0.99491826538403 neg:0.005081734615970037 
cv333_9443.txt neg pos:0.65158491150489 neg:0.34841508849511005 
cv696_29619.txt neg pos:0.5600407575087778 neg:0.43995924249122226 
cv180_16113.txt pos pos:0.9578138218135266 neg:0.04218617818647332 
cv728_17931.txt neg neg:0.9984203368587905 pos:0.0015796631412094305 
cv320_9530.txt pos pos:0.9727828467250935 neg:0.02721715327490651 
cv080_13465.txt pos pos:0.7270114050461254 neg:0.2729885949538746 
Trial 0 Trainer MaxEntTrainer,gaussianPriorVariance=1.0 Training Data Confusion Matrix
Confusion Matrix, row=true, column=predicted  accuracy=1.0
  label   0   1  |total
  0 neg 900   .  |900
  1 pos   . 900  |900

Trial 0 Trainer MaxEntTrainer,gaussianPriorVariance=1.0 training data accuracy= 1.0
Trial 0 Trainer MaxEntTrainer,gaussianPriorVariance=1.0 Test Data Confusion Matrix
Confusion Matrix, row=true, column=predicted  accuracy=0.84
  label   0   1  |total
  0 neg  85  15  |100
  1 pos  17  83  |100

Trial 0 Trainer MaxEntTrainer,gaussianPriorVariance=1.0 test data accuracy= 0.84

MaxEntTrainer,gaussianPriorVariance=1.0
Summary. train accuracy mean = 1.0 stddev = 0.0 stderr = 0.0
Summary. test accuracy mean = 0.84 stddev = 0.0 stderr = 0.0
