
-------------------- Trial 0  --------------------

Trial 0 Training MaxEntTrainer,gaussianPriorVariance=1.0 with 1800 instances
Trial 0 Training MaxEntTrainer,gaussianPriorVariance=1.0 finished
Trial 0 Trainer MaxEntTrainer,gaussianPriorVariance=1.0
 Raw Testing Data
cv998_14111.txt pos pos:0.9781139549493241 neg:0.0218860450506758 
cv383_14662.txt neg neg:0.9178273123170101 pos:0.08217268768299002 
cv051_10751.txt neg neg:0.9977316641871976 pos:0.002268335812802442 
cv652_13972.txt pos pos:0.9983491809653765 neg:0.0016508190346234588 
cv394_5311.txt neg neg:0.9998999774521968 pos:1.0002254780311849E-4 
cv338_8821.txt pos neg:0.625937102729952 pos:0.37406289727004793 
cv758_9740.txt neg neg:0.997343034620709 pos:0.002656965379291122 
cv100_11528.txt pos pos:0.9748968020823348 neg:0.025103197917665288 
cv457_19546.txt neg neg:0.9875420501321914 pos:0.012457949867808573 
cv600_25043.txt neg pos:0.8065587414591858 neg:0.19344125854081412 
cv836_12968.txt pos pos:0.9952446054720151 neg:0.004755394527984925 
cv222_18720.txt neg neg:0.998860179018591 pos:0.001139820981408865 
cv240_15948.txt neg pos:0.7581114699752155 neg:0.24188853002478453 
cv192_14395.txt pos pos:0.9992576472737188 neg:7.423527262812607E-4 
cv215_23246.txt neg neg:0.8011546144475673 pos:0.19884538555243275 
cv813_6649.txt neg neg:0.9504284300371766 pos:0.04957156996282338 
cv856_28882.txt neg neg:0.9904181048391405 pos:0.00958189516085954 
cv677_18938.txt neg neg:0.9886184164214592 pos:0.011381583578540787 
cv127_14711.txt pos pos:0.5507366474447156 neg:0.4492633525552843 
cv447_27334.txt neg neg:0.9999648459905712 pos:3.5154009428784186E-5 
cv841_3367.txt neg neg:0.9534142673716379 pos:0.04658573262836213 
cv660_23140.txt neg neg:0.9922496044999958 pos:0.007750395500004286 
cv765_20429.txt neg neg:0.9975849604972665 pos:0.002415039502733488 
cv694_4876.txt pos pos:0.7144322647762325 neg:0.28556773522376766 
cv187_12829.txt pos pos:0.9967081644306658 neg:0.0032918355693341015 
cv084_13566.txt pos pos:0.9865659189026326 neg:0.013434081097367517 
cv655_11154.txt pos neg:0.7638904836316595 pos:0.2361095163683405 
cv976_10724.txt neg pos:0.6681250049294967 neg:0.3318749950705034 
cv740_12445.txt pos pos:0.9962067803899489 neg:0.003793219610051103 
cv878_17204.txt neg neg:0.9948113708675609 pos:0.005188629132439202 
cv885_12318.txt pos pos:0.9868225812394571 neg:0.013177418760542894 
cv316_6370.txt pos pos:0.9315797824064895 neg:0.06842021759351047 
cv711_11665.txt pos pos:0.9991964271492348 neg:8.035728507652713E-4 
cv864_3416.txt pos pos:0.6656037859083619 neg:0.3343962140916381 
cv896_16071.txt pos pos:0.9937351515188274 neg:0.0062648484811725635 
cv753_10875.txt pos pos:0.9990973751180734 neg:9.026248819264603E-4 
cv614_11320.txt neg neg:0.9996857038120541 pos:3.1429618794584144E-4 
cv363_29273.txt neg pos:0.8312837329358115 neg:0.16871626706418852 
cv734_22821.txt neg pos:0.7159643264368767 neg:0.28403567356312326 
cv237_20635.txt neg pos:0.9879444969891702 neg:0.012055503010829811 
cv059_28723.txt neg neg:0.892915348943097 pos:0.10708465105690294 
cv863_7424.txt pos pos:0.9999120652994596 neg:8.79347005403144E-5 
cv357_13156.txt pos neg:0.5014979307227717 pos:0.4985020692772283 
cv175_7375.txt neg neg:0.9999044990890882 pos:9.55009109117241E-5 
cv283_11963.txt neg neg:0.9569532023923958 pos:0.043046797607604166 
cv254_6027.txt pos neg:0.6623445159221111 pos:0.33765548407788903 
cv761_13769.txt neg pos:0.6895526214332357 neg:0.3104473785667642 
cv615_14182.txt pos pos:0.7293683601168581 neg:0.2706316398831419 
cv095_28892.txt pos neg:0.6381178781767651 pos:0.36188212182323487 
cv513_6923.txt pos pos:0.9412704608755429 neg:0.05872953912445719 
cv490_17872.txt pos pos:0.9999097835641678 neg:9.021643583227396E-5 
cv358_11557.txt neg neg:0.8869650246463536 pos:0.1130349753536465 
cv010_29198.txt pos pos:0.8915605832423362 neg:0.10843941675766368 
cv221_2695.txt pos neg:0.9456653754081041 pos:0.05433462459189585 
cv665_29538.txt pos pos:0.9380487434455135 neg:0.061951256554486515 
cv521_15828.txt pos pos:0.9998521321800826 neg:1.478678199173966E-4 
cv801_25228.txt pos pos:0.8268490538181483 neg:0.1731509461818516 
cv400_20631.txt neg pos:0.9525945649409879 neg:0.047405435059012 
cv610_24153.txt neg neg:0.5454654374210346 pos:0.45453456257896535 
cv158_10914.txt neg neg:0.9160269319872814 pos:0.08397306801271864 
cv621_15984.txt neg neg:0.9725383127977344 pos:0.027461687202265543 
cv200_2915.txt pos neg:0.7916901043976315 pos:0.20830989560236857 
cv990_11591.txt pos pos:0.9656824195836908 neg:0.0343175804163091 
cv663_14484.txt neg neg:0.9799327789914735 pos:0.020067221008526495 
cv770_10451.txt pos pos:0.9997299010376064 neg:2.7009896239372366E-4 
cv063_28852.txt neg neg:0.9999992801155169 pos:7.198844831958402E-7 
cv842_5702.txt neg neg:0.99974234311635 pos:2.576568836499227E-4 
cv505_12926.txt neg neg:0.9999752169155693 pos:2.47830844305697E-5 
cv108_15571.txt pos pos:0.9696916499768069 neg:0.030308350023193056 
cv186_2396.txt neg neg:0.9998169937969126 pos:1.8300620308737026E-4 
cv312_29377.txt pos pos:0.9985449191602707 neg:0.0014550808397293792 
cv962_9813.txt neg neg:0.9561995422394312 pos:0.04380045776056893 
cv110_27832.txt neg neg:0.5529274065660423 pos:0.4470725934339576 
cv244_21649.txt pos neg:0.6421794220924506 pos:0.3578205779075495 
cv542_20359.txt neg pos:0.964107745958463 neg:0.03589225404153703 
cv429_7439.txt pos pos:0.9937981522997902 neg:0.006201847700209974 
cv873_19937.txt neg neg:0.7961397923905988 pos:0.20386020760940116 
cv881_13254.txt pos pos:0.8340101321883902 neg:0.16598986781160985 
cv538_28667.txt pos pos:0.999979307688537 neg:2.0692311462887468E-5 
cv927_11471.txt neg pos:0.6121780837785968 neg:0.3878219162214032 
cv868_12799.txt neg neg:0.501836045174273 pos:0.49816395482572695 
cv668_18848.txt neg neg:0.9999965843822307 pos:3.415617769157145E-6 
cv658_11186.txt neg neg:0.9939261194701873 pos:0.006073880529812827 
cv269_21732.txt pos pos:0.9986456479760863 neg:0.0013543520239135448 
cv551_10565.txt pos pos:0.9625824133521742 neg:0.03741758664782574 
cv770_11061.txt neg neg:0.9988525258126871 pos:0.0011474741873129157 
cv966_28832.txt pos pos:0.9994640754537373 neg:5.359245462627143E-4 
cv676_21090.txt pos pos:0.999069305888544 neg:9.306941114559474E-4 
cv669_22995.txt pos pos:0.9963956991125393 neg:0.0036043008874606067 
cv670_2666.txt neg neg:0.9992215334710776 pos:7.784665289224097E-4 
cv972_26837.txt neg pos:0.9896435263440597 neg:0.010356473655940335 
cv760_8977.txt neg neg:0.7331100569853164 pos:0.2668899430146837 
cv979_2029.txt neg neg:0.9995043529541017 pos:4.95647045898372E-4 
cv604_23339.txt neg pos:0.6083453376532519 neg:0.39165466234674806 
cv467_25773.txt pos pos:0.9324008930269064 neg:0.06759910697309356 
cv593_10987.txt pos pos:0.9784804313831047 neg:0.021519568616895298 
cv680_10160.txt pos pos:0.9391521747394214 neg:0.06084782526057863 
cv743_17023.txt neg neg:0.9802925664991062 pos:0.019707433500893674 
cv330_29809.txt pos pos:0.8301757262900431 neg:0.16982427370995687 
cv496_10530.txt pos pos:0.9980968943968785 neg:0.0019031056031215278 
cv890_3977.txt pos neg:0.7410271628479441 pos:0.25897283715205593 
cv194_12079.txt pos pos:0.7253233230837491 neg:0.27467667691625086 
cv151_15771.txt pos pos:0.723387593254607 neg:0.27661240674539295 
cv567_29420.txt neg neg:0.980116148711805 pos:0.019883851288194976 
cv902_13217.txt neg neg:0.9995746717559598 pos:4.2532824404007996E-4 
cv650_14340.txt pos pos:0.9980415390500802 neg:0.001958460949919729 
cv655_12055.txt neg pos:0.5694388615023612 neg:0.4305611384976387 
cv554_14678.txt neg neg:0.9623182887403573 pos:0.03768171125964261 
cv321_14191.txt neg neg:0.658077956060811 pos:0.3419220439391889 
cv323_29633.txt neg neg:0.9985114361829658 pos:0.0014885638170342626 
cv136_12384.txt neg neg:0.9983434624467615 pos:0.0016565375532384874 
cv112_12178.txt neg neg:0.5257903040461533 pos:0.4742096959538467 
cv371_7630.txt pos pos:0.9639350383015607 neg:0.03606496169843935 
cv946_20084.txt neg neg:0.9957746989250795 pos:0.004225301074920571 
cv653_19583.txt pos pos:0.9962410423862962 neg:0.0037589576137037426 
cv970_19532.txt neg neg:0.9009712974725301 pos:0.09902870252746984 
cv369_14245.txt neg neg:0.9973556585408901 pos:0.0026443414591098206 
cv389_9369.txt pos pos:0.84379375034577 neg:0.15620624965423 
cv265_11625.txt neg neg:0.9996524782866106 pos:3.475217133894506E-4 
cv069_10801.txt pos pos:0.9997118488817698 neg:2.8815111823015315E-4 
cv083_24234.txt pos pos:0.9208114311031438 neg:0.0791885688968563 
cv139_14236.txt neg neg:0.9795149680369805 pos:0.020485031963019467 
cv093_13951.txt pos pos:0.8804789886216616 neg:0.11952101137833834 
cv546_12723.txt neg neg:0.9966877589635859 pos:0.0033122410364139934 
cv234_20643.txt pos pos:0.5426397752244019 neg:0.4573602247755981 
cv361_28944.txt pos pos:0.9919686862700949 neg:0.008031313729905041 
cv439_15970.txt pos pos:0.5908963667099794 neg:0.40910363329002064 
cv388_12810.txt neg pos:0.8735758146570252 neg:0.12642418534297475 
cv789_12991.txt neg neg:0.9753235228892191 pos:0.024676477110780803 
cv219_18626.txt pos pos:0.767891069807103 neg:0.23210893019289697 
cv864_3087.txt neg neg:0.9784438068615406 pos:0.021556193138459266 
cv353_19197.txt neg neg:0.6011354195288107 pos:0.3988645804711893 
cv252_23779.txt pos pos:0.9949692272613733 neg:0.005030772738626756 
cv227_25406.txt neg neg:0.9998671098684186 pos:1.328901315813134E-4 
cv947_10601.txt pos neg:0.8136849057153368 pos:0.1863150942846632 
cv513_7236.txt neg neg:0.9999839392277499 pos:1.606077225010679E-5 
cv025_3108.txt pos neg:0.6395593528773723 pos:0.3604406471226278 
cv128_29627.txt pos pos:0.90338072485904 neg:0.09661927514096012 
cv517_19219.txt pos pos:0.9981143996400097 neg:0.0018856003599903022 
cv690_5425.txt neg pos:0.7316477259302128 neg:0.2683522740697872 
cv950_12350.txt pos pos:0.9166142044158345 neg:0.08338579558416549 
cv211_9953.txt pos pos:0.9999900035498717 neg:9.996450128472924E-6 
cv642_29867.txt pos pos:0.9752065726969911 neg:0.024793427303008805 
cv636_16954.txt neg neg:0.9996940413351728 pos:3.0595866482728936E-4 
cv332_16307.txt pos pos:0.9999903374850332 neg:9.662514966815484E-6 
cv907_3541.txt pos pos:0.9948578559115288 neg:0.005142144088471164 
cv246_28807.txt pos pos:0.9983177983019794 neg:0.0016822016980205415 
cv164_22447.txt pos pos:0.9990002434239011 neg:9.997565760988553E-4 
cv924_29540.txt pos pos:0.9742549565627182 neg:0.025745043437281682 
cv749_17765.txt pos pos:0.9903290106517426 neg:0.009670989348257367 
cv289_6239.txt neg neg:0.8910001963632976 pos:0.10899980363670242 
cv796_17243.txt neg neg:0.8723139774434766 pos:0.12768602255652342 
cv413_7893.txt neg neg:0.9998378851688192 pos:1.621148311808931E-4 
cv781_5358.txt neg neg:0.998201184232069 pos:0.0017988157679308821 
cv142_22516.txt pos pos:0.9595658473472989 neg:0.040434152652701116 
cv544_5108.txt pos neg:0.7316903296479813 pos:0.2683096703520187 
cv003_11664.txt pos pos:0.9987744465504246 neg:0.001225553449575292 
cv568_17065.txt neg neg:0.9965037945850341 pos:0.003496205414965833 
cv319_14727.txt pos pos:0.9414781825726903 neg:0.05852181742730959 
cv040_8276.txt pos neg:0.795229845538863 pos:0.20477015446113708 
cv189_24248.txt neg pos:0.7263298721983402 neg:0.2736701278016599 
cv111_11473.txt pos neg:0.5487170466887901 pos:0.4512829533112099 
cv601_23453.txt pos pos:0.999907539857054 neg:9.246014294594037E-5 
cv616_29319.txt pos pos:0.9958133776785949 neg:0.004186622321405062 
cv942_18509.txt neg neg:0.996843686795083 pos:0.0031563132049169914 
cv203_19052.txt neg neg:0.5552060553099225 pos:0.44479394469007755 
cv145_11472.txt pos neg:0.5099995387136363 pos:0.4900004612863637 
cv837_27325.txt pos pos:0.9999975889988324 neg:2.4110011674877296E-6 
cv794_15868.txt pos pos:0.9996343456774586 neg:3.6565432254138236E-4 
cv992_12806.txt neg neg:0.9998302490193414 pos:1.6975098065869334E-4 
cv835_19159.txt pos pos:0.9493751618483489 neg:0.05062483815165095 
cv535_19728.txt pos neg:0.8982717244244905 pos:0.10172827557550941 
cv035_3343.txt neg neg:0.7950895045787126 pos:0.2049104954212873 
cv746_10147.txt pos pos:0.9999740059935198 neg:2.5994006480097894E-5 
cv471_18405.txt neg neg:0.996696984990897 pos:0.003303015009103124 
cv488_19856.txt pos pos:0.9842413189493483 neg:0.015758681050651684 
cv426_10421.txt pos pos:0.9984635653158311 neg:0.0015364346841689857 
cv952_26375.txt neg neg:0.9145352062928664 pos:0.0854647937071336 
cv142_23657.txt neg pos:0.8612485083629944 neg:0.13875149163700554 
cv319_16459.txt neg neg:0.9942047455593093 pos:0.005795254440690702 
cv194_12855.txt neg neg:0.9709717793334213 pos:0.02902822066657865 
cv951_10926.txt pos pos:0.8079758083588393 neg:0.19202419164116075 
cv160_10848.txt neg neg:0.7798477225093475 pos:0.22015227749065241 
cv661_2450.txt pos pos:0.9999932144366758 neg:6.785563324291685E-6 
cv785_23748.txt neg neg:0.6196413620558353 pos:0.3803586379441647 
cv291_26844.txt neg neg:0.9884177697249449 pos:0.011582230275055136 
cv444_9975.txt neg pos:0.6545497489982658 neg:0.34545025100173427 
cv433_10144.txt pos pos:0.9999992562162984 neg:7.437837016024493E-7 
cv146_19587.txt neg neg:0.9937952832171927 pos:0.006204716782807239 
cv748_14044.txt neg neg:0.9994871156144278 pos:5.128843855721947E-4 
cv809_5012.txt neg neg:0.9982548790239133 pos:0.0017451209760866535 
cv498_9288.txt neg neg:0.9031862754790374 pos:0.09681372452096255 
cv518_13331.txt pos neg:0.6473608009878483 pos:0.3526391990121516 
cv674_11593.txt neg neg:0.6242072403338398 pos:0.3757927596661601 
cv214_13285.txt neg neg:0.862580009413175 pos:0.13741999058682497 
cv107_25639.txt neg pos:0.9367427984807146 neg:0.06325720151928535 
cv904_24353.txt pos pos:0.8492240377175582 neg:0.15077596228244194 
cv116_28942.txt pos pos:0.9197072285367576 neg:0.08029277146324239 
cv955_25001.txt pos pos:0.889986955523295 neg:0.1100130444767049 
cv673_25874.txt neg neg:0.9998178585199035 pos:1.821414800965771E-4 
Trial 0 Trainer MaxEntTrainer,gaussianPriorVariance=1.0 Training Data Confusion Matrix
Confusion Matrix, row=true, column=predicted  accuracy=1.0
  label   0   1  |total
  0 neg 900   .  |900
  1 pos   . 900  |900

Trial 0 Trainer MaxEntTrainer,gaussianPriorVariance=1.0 training data accuracy= 1.0
Trial 0 Trainer MaxEntTrainer,gaussianPriorVariance=1.0 Test Data Confusion Matrix
Confusion Matrix, row=true, column=predicted  accuracy=0.82
  label   0   1  |total
  0 neg  81  19  |100
  1 pos  17  83  |100

Trial 0 Trainer MaxEntTrainer,gaussianPriorVariance=1.0 test data accuracy= 0.82

MaxEntTrainer,gaussianPriorVariance=1.0
Summary. train accuracy mean = 1.0 stddev = 0.0 stderr = 0.0
Summary. test accuracy mean = 0.82 stddev = 0.0 stderr = 0.0
