
-------------------- Trial 0  --------------------

Trial 0 Training MaxEntTrainer,gaussianPriorVariance=1.0 with 1800 instances
Trial 0 Training MaxEntTrainer,gaussianPriorVariance=1.0 finished
Trial 0 Trainer MaxEntTrainer,gaussianPriorVariance=1.0
 Raw Testing Data
cv133_18065.txt neg neg:0.9880251896145904 pos:0.01197481038540972 
cv478_15921.txt neg pos:0.5958879156597523 neg:0.40411208434024776 
cv782_19526.txt pos pos:0.5644626891161535 neg:0.43553731088384656 
cv112_11193.txt pos neg:0.9263286823673385 pos:0.07367131763266159 
cv408_5297.txt pos neg:0.8142093109555638 pos:0.18579068904443613 
cv011_12166.txt pos pos:0.9445266064367027 neg:0.05547339356329723 
cv367_24065.txt neg neg:0.999886793224068 pos:1.1320677593196671E-4 
cv348_18176.txt pos pos:0.9239715612071443 neg:0.07602843879285574 
cv070_12289.txt pos pos:0.9996697901099129 neg:3.302098900872308E-4 
cv433_10443.txt neg neg:0.681802296379684 pos:0.31819770362031596 
cv031_18452.txt pos pos:0.9775044695100535 neg:0.02249553048994637 
cv649_12735.txt pos pos:0.9791085310024988 neg:0.020891468997501033 
cv343_10906.txt neg pos:0.9333478506680014 neg:0.06665214933199862 
cv390_12187.txt neg neg:0.991137763355796 pos:0.008862236644204022 
cv794_17353.txt neg neg:0.9983978691076956 pos:0.0016021308923043882 
cv922_10073.txt pos pos:0.9999837827726636 neg:1.621722733636025E-5 
cv437_24070.txt neg neg:0.9943952415680625 pos:0.005604758431937561 
cv785_22600.txt pos pos:0.9929568795562087 neg:0.007043120443791418 
cv515_18484.txt neg pos:0.6747524760566105 neg:0.32524752394338957 
cv492_19370.txt neg neg:0.8893117309623286 pos:0.11068826903767132 
cv279_18329.txt pos pos:0.9615530073916593 neg:0.03844699260834064 
cv435_24355.txt neg neg:0.5884337585137674 pos:0.41156624148623255 
cv534_15683.txt neg neg:0.6616254820805206 pos:0.33837451791947937 
cv867_16661.txt pos pos:0.6779342369514372 neg:0.3220657630485629 
cv838_25886.txt neg pos:0.6038578357143349 neg:0.39614216428566495 
cv479_5450.txt neg neg:0.9998691617678658 pos:1.3083823213428682E-4 
cv078_14730.txt pos pos:0.970080497307655 neg:0.029919502692345085 
cv701_15880.txt neg neg:0.5204940793194681 pos:0.4795059206805318 
cv377_8440.txt neg neg:0.8107046712718117 pos:0.18929532872818824 
cv860_15520.txt neg neg:0.9566195401632841 pos:0.04338045983671591 
cv776_20529.txt pos pos:0.9680938729943749 neg:0.031906127005625146 
cv240_14336.txt pos pos:0.998464919042682 neg:0.001535080957318086 
cv783_13227.txt pos pos:0.8473502257304185 neg:0.15264977426958148 
cv991_19973.txt neg neg:0.9397923187079656 pos:0.06020768129203428 
cv823_17055.txt neg neg:0.9928602965334892 pos:0.007139703466510688 
cv352_5414.txt neg pos:0.7377416700821984 neg:0.26225832991780174 
cv350_22139.txt neg neg:0.6117056827785701 pos:0.38829431722143 
cv817_3675.txt neg neg:0.995980887023537 pos:0.004019112976462859 
cv917_29715.txt pos pos:0.6585234881939257 neg:0.34147651180607425 
cv834_22195.txt pos pos:0.9617913514300029 neg:0.038208648569997145 
cv177_10904.txt neg neg:0.9294151334006735 pos:0.0705848665993266 
cv045_23923.txt pos pos:0.9952393347137132 neg:0.00476066528628677 
cv131_11568.txt neg neg:0.9983491445481021 pos:0.001650855451897873 
cv572_20053.txt neg neg:0.9895115173620402 pos:0.010488482637959696 
cv241_23130.txt pos pos:0.9972430079025899 neg:0.002756992097410076 
cv141_15686.txt pos pos:0.9773655499160583 neg:0.022634450083941743 
cv523_18285.txt neg neg:0.8471607899348867 pos:0.1528392100651133 
cv375_9929.txt pos pos:0.9973126689962073 neg:0.002687331003792767 
cv346_18168.txt pos pos:0.5952223636945893 neg:0.4047776363054107 
cv428_12202.txt neg neg:0.9932649824618196 pos:0.006735017538180446 
cv552_0150.txt neg neg:0.8984110686606164 pos:0.10158893133938357 
cv802_28381.txt neg neg:0.9845387014375013 pos:0.01546129856249868 
cv507_9509.txt neg neg:0.9993287739036469 pos:6.712260963531275E-4 
cv201_7421.txt neg pos:0.5559152839375308 neg:0.4440847160624693 
cv259_11827.txt neg neg:0.9794573000202644 pos:0.0205426999797356 
cv349_13507.txt pos pos:0.9909541998634915 neg:0.00904580013650853 
cv458_8604.txt pos pos:0.9577515566656767 neg:0.042248443334323274 
cv651_10492.txt pos neg:0.9870460375189368 pos:0.012953962481063239 
cv880_29800.txt pos pos:0.9979479980075897 neg:0.0020520019924102546 
cv932_14854.txt neg neg:0.9999462093651423 pos:5.379063485773181E-5 
cv314_14422.txt pos pos:0.9792332160338971 neg:0.020766783966102917 
cv277_19091.txt pos neg:0.7752083246300062 pos:0.2247916753699938 
cv105_19135.txt neg pos:0.674285755692971 neg:0.32571424430702894 
cv272_18974.txt pos pos:0.870222505105382 neg:0.129777494894618 
cv795_10291.txt neg neg:0.9582463322456578 pos:0.041753667754342194 
cv096_11474.txt pos pos:0.9928955010689067 neg:0.007104498931093477 
cv866_29691.txt pos pos:0.9994509416211269 neg:5.490583788731522E-4 
cv136_11505.txt pos pos:0.6135442029649518 neg:0.3864557970350482 
cv664_4389.txt pos pos:0.8574926782474754 neg:0.14250732175252456 
cv179_9228.txt pos pos:0.9783407807399699 neg:0.0216592192600301 
cv528_10822.txt pos pos:0.9950553262088616 neg:0.004944673791138433 
cv995_21821.txt pos pos:0.9998748113307051 neg:1.2518866929501956E-4 
cv475_22978.txt neg pos:0.9586557224422705 neg:0.04134427755772957 
cv070_13249.txt neg neg:0.9966113150892568 pos:0.0033886849107431223 
cv657_25835.txt neg neg:0.9965430360699893 pos:0.003456963930010807 
cv969_14760.txt neg neg:0.6747172555889728 pos:0.32528274441102717 
cv935_23841.txt pos pos:0.9992753035476476 neg:7.246964523525043E-4 
cv920_29622.txt pos pos:0.9959564106854432 neg:0.004043589314556838 
cv126_28821.txt neg neg:0.9998608735840295 pos:1.3912641597054961E-4 
cv668_17604.txt pos pos:0.9999755660421246 neg:2.443395787544368E-5 
cv521_1730.txt neg neg:0.8709817955590602 pos:0.12901820444093973 
cv790_14600.txt pos pos:0.920394650553027 neg:0.07960534944697288 
cv822_21545.txt neg neg:0.80777161750507 pos:0.19222838249492993 
cv247_14668.txt neg neg:0.8445281764381483 pos:0.1554718235618518 
cv972_26417.txt pos pos:0.7456483775188665 neg:0.25435162248113347 
cv675_22871.txt neg neg:0.6235578239853031 pos:0.3764421760146968 
cv509_17354.txt neg neg:0.7267806486900813 pos:0.27321935130991876 
cv952_25240.txt pos pos:0.9564102744722659 neg:0.043589725527734165 
cv205_9676.txt neg neg:0.8083040565248153 pos:0.1916959434751848 
cv734_21568.txt pos pos:0.9997955224557509 neg:2.0447754424907859E-4 
cv968_24218.txt pos pos:0.9980693209445696 neg:0.001930679055430358 
cv502_10970.txt neg neg:0.7204217002086507 pos:0.2795782997913493 
cv406_22199.txt neg neg:0.9690547423948456 pos:0.030945257605154496 
cv275_28725.txt neg pos:0.9643932733328917 neg:0.03560672666710832 
cv806_9405.txt neg neg:0.9774093573399526 pos:0.0225906426600474 
cv290_11084.txt pos pos:0.9990514533168657 neg:9.485466831341808E-4 
cv439_17633.txt neg neg:0.8072105399838938 pos:0.19278946001610614 
cv372_6552.txt pos pos:0.9818693792993543 neg:0.018130620700645635 
cv014_15600.txt neg neg:0.9985456413274478 pos:0.0014543586725521312 
cv531_26838.txt neg neg:0.9847887030392246 pos:0.015211296960775387 
cv367_22792.txt pos pos:0.9987703980515305 neg:0.0012296019484696187 
cv818_10211.txt pos pos:0.999011490858574 neg:9.885091414259192E-4 
cv642_29788.txt neg neg:0.9899789499059377 pos:0.010021050094062242 
cv925_8969.txt pos neg:0.7784294877828938 pos:0.2215705122171061 
cv936_17473.txt neg neg:0.9951882148818809 pos:0.004811785118119168 
cv228_5806.txt pos pos:0.9995214014756849 neg:4.7859852431517765E-4 
cv912_5562.txt neg neg:0.9978410478166405 pos:0.0021589521833594227 
cv308_5016.txt pos pos:0.9957528989724296 neg:0.004247101027570467 
cv749_18960.txt neg neg:0.9995298800726631 pos:4.7011992733690845E-4 
cv087_1989.txt pos pos:0.9999795159624334 neg:2.048403756646586E-5 
cv442_15499.txt neg neg:0.9899903835780043 pos:0.010009616421995628 
cv812_17924.txt pos pos:0.9919627308955292 neg:0.00803726910447071 
cv255_13683.txt pos pos:0.9555557784349124 neg:0.04444422156508756 
cv421_9752.txt neg neg:0.8108952195529716 pos:0.18910478044702833 
cv783_14724.txt neg neg:0.9982272827480769 pos:0.001772717251923064 
cv102_7846.txt pos pos:0.7185259121334343 neg:0.2814740878665657 
cv174_9735.txt neg neg:0.9805387855139557 pos:0.019461214486044296 
cv326_14777.txt neg neg:0.9846901735431831 pos:0.015309826456816942 
cv704_15969.txt pos pos:0.934053726790981 neg:0.06594627320901902 
cv398_15537.txt pos pos:0.9449331424339267 neg:0.05506685756607325 
cv584_29722.txt pos pos:0.9699015860832462 neg:0.030098413916753754 
cv645_17078.txt neg neg:0.7780816500984407 pos:0.2219183499015593 
cv352_5524.txt pos pos:0.9959778667181066 neg:0.004022133281893347 
cv701_14252.txt pos pos:0.9998917887648255 neg:1.0821123517439985E-4 
cv986_13527.txt pos pos:0.981659164003512 neg:0.01834083599648786 
cv756_23676.txt neg neg:0.9896427339042749 pos:0.010357266095725015 
cv576_14094.txt pos pos:0.9937765346003302 neg:0.006223465399669807 
cv988_20168.txt neg neg:0.9999862905465757 pos:1.3709453424200545E-5 
cv297_10104.txt neg neg:0.8561688577993357 pos:0.14383114220066426 
cv747_18189.txt neg neg:0.6099292312545119 pos:0.39007076874548813 
cv596_4367.txt neg neg:0.640319429664494 pos:0.35968057033550593 
cv243_20728.txt pos pos:0.9997743203783502 neg:2.2567962164984136E-4 
cv473_7869.txt neg pos:0.547547092384325 neg:0.4524529076156751 
cv364_14254.txt neg neg:0.8127098732717173 pos:0.18729012672828266 
cv670_25826.txt pos pos:0.8985531182353311 neg:0.101446881764669 
cv117_25625.txt neg neg:0.9826992811892157 pos:0.017300718810784373 
cv417_13115.txt pos pos:0.6946721740710947 neg:0.30532782592890534 
cv318_10493.txt pos pos:0.7179794089788916 neg:0.28202059102110844 
cv802_28664.txt pos pos:0.994423325134098 neg:0.005576674865901998 
cv425_8603.txt neg neg:0.9795258943712387 pos:0.020474105628761265 
cv986_15092.txt neg neg:0.8107178607502967 pos:0.18928213924970336 
cv460_11723.txt neg neg:0.9885380590915576 pos:0.011461940908442537 
cv934_19027.txt pos pos:0.9956200820459775 neg:0.0043799179540224475 
cv535_21183.txt neg pos:0.546316051919305 neg:0.45368394808069495 
cv394_5137.txt pos pos:0.9972669163327279 neg:0.0027330836672722143 
cv700_21947.txt pos pos:0.7831017853737502 neg:0.21689821462624984 
cv323_29805.txt pos pos:0.9159743260522553 neg:0.08402567394774477 
cv293_29731.txt neg neg:0.995546091588794 pos:0.004453908411205984 
cv022_14227.txt neg neg:0.9998636274423202 pos:1.3637255767987694E-4 
cv879_16585.txt neg neg:0.964209158661779 pos:0.03579084133822102 
cv207_29284.txt pos pos:0.9996884952816896 neg:3.115047183105857E-4 
cv966_28671.txt neg neg:0.9948998041324529 pos:0.005100195867547021 
cv004_12641.txt neg neg:0.8900133894306606 pos:0.10998661056933935 
cv091_7400.txt pos pos:0.832912745874072 neg:0.16708725412592798 
cv731_3968.txt neg neg:0.8995968130618525 pos:0.10040318693814762 
cv567_29611.txt pos pos:0.9885240804107241 neg:0.01147591958927575 
cv704_17622.txt neg neg:0.9452934757124034 pos:0.05470652428759656 
cv207_29141.txt neg neg:0.7459266293821768 pos:0.2540733706178233 
cv804_10862.txt pos pos:0.9729249135178778 neg:0.02707508648212213 
cv581_19381.txt pos pos:0.9991736903709653 neg:8.263096290347992E-4 
cv685_5947.txt pos pos:0.7532111613047618 neg:0.24678883869523804 
cv913_29127.txt neg neg:0.8469507631612643 pos:0.15304923683873567 
cv672_27988.txt neg neg:0.6610085574380327 pos:0.3389914425619673 
cv417_14653.txt neg neg:0.8892912873589934 pos:0.11070871264100664 
cv861_1198.txt pos pos:0.8196484555130409 neg:0.18035154448695906 
cv177_10367.txt pos pos:0.9924170774134761 neg:0.007582922586523943 
cv132_5618.txt pos neg:0.624309213502507 pos:0.375690786497493 
cv427_11693.txt neg pos:0.9935457903141356 neg:0.006454209685864272 
cv582_6559.txt pos pos:0.9999768573867516 neg:2.314261324829306E-5 
cv814_20316.txt neg neg:0.9490499260414053 pos:0.050950073958594876 
cv533_9843.txt neg neg:0.9994172370794295 pos:5.827629205705418E-4 
cv863_7912.txt neg neg:0.998828890505414 pos:0.0011711094945858866 
cv799_18543.txt pos pos:0.9186795551792469 neg:0.08132044482075312 
cv518_14798.txt neg neg:0.9605333738996435 pos:0.039466626100356346 
cv231_10425.txt pos pos:0.995662178338438 neg:0.004337821661561965 
cv298_23111.txt pos pos:0.9999904651861669 neg:9.534813833212608E-6 
cv800_12368.txt pos pos:0.9999478770111101 neg:5.212298888979836E-5 
cv656_25395.txt neg neg:0.9959498785066511 pos:0.004050121493348956 
cv156_10481.txt pos pos:0.8288800056527094 neg:0.1711199943472906 
cv735_18801.txt pos pos:0.9510132633447912 neg:0.048986736655208925 
cv522_5583.txt pos pos:0.9766108439719063 neg:0.02338915602809367 
cv482_10580.txt pos pos:0.839403030674682 neg:0.16059696932531795 
cv497_26980.txt pos pos:0.9922936627454106 neg:0.0077063372545894265 
cv036_16831.txt pos pos:0.9925518772091121 neg:0.00744812279088783 
cv950_13478.txt neg neg:0.9954703843810575 pos:0.004529615618942553 
cv922_10185.txt neg neg:0.798943382784588 pos:0.20105661721541201 
cv615_15734.txt neg neg:0.9202033257904317 pos:0.07979667420956826 
cv803_8584.txt neg pos:0.6789866819699045 neg:0.32101331803009553 
cv322_21820.txt neg neg:0.9992111330470415 pos:7.888669529585244E-4 
cv422_9632.txt neg neg:0.7106969322931097 pos:0.2893030677068903 
cv839_21467.txt pos pos:0.9895039870763164 neg:0.01049601292368359 
cv216_18738.txt pos pos:0.9558951743013042 neg:0.044104825698695754 
cv370_5221.txt pos neg:0.8374078962087596 pos:0.16259210379124053 
cv309_22571.txt pos pos:0.9999753090009548 neg:2.469099904523235E-5 
cv449_8785.txt pos pos:0.9994649726944965 neg:5.35027305503349E-4 
cv916_15467.txt pos pos:0.9999642092644832 neg:3.5790735516903576E-5 
cv135_12506.txt neg neg:0.84816061928414 pos:0.15183938071585998 
cv006_15448.txt pos pos:0.9989005169817986 neg:0.0010994830182014775 
cv239_3385.txt pos pos:0.989294263667198 neg:0.01070573633280204 
cv138_13903.txt neg neg:0.9991256116168298 pos:8.74388383170216E-4 
Trial 0 Trainer MaxEntTrainer,gaussianPriorVariance=1.0 Training Data Confusion Matrix
Confusion Matrix, row=true, column=predicted  accuracy=1.0
  label   0   1  |total
  0 neg 900   .  |900
  1 pos   . 900  |900

Trial 0 Trainer MaxEntTrainer,gaussianPriorVariance=1.0 training data accuracy= 1.0
Trial 0 Trainer MaxEntTrainer,gaussianPriorVariance=1.0 Test Data Confusion Matrix
Confusion Matrix, row=true, column=predicted  accuracy=0.9
  label   0   1  |total
  0 neg  87  13  |100
  1 pos   7  93  |100

Trial 0 Trainer MaxEntTrainer,gaussianPriorVariance=1.0 test data accuracy= 0.9

MaxEntTrainer,gaussianPriorVariance=1.0
Summary. train accuracy mean = 1.0 stddev = 0.0 stderr = 0.0
Summary. test accuracy mean = 0.9 stddev = 0.0 stderr = 0.0
