
-------------------- Trial 0  --------------------

Trial 0 Training MaxEntTrainer,gaussianPriorVariance=1.0 with 1800 instances
Trial 0 Training MaxEntTrainer,gaussianPriorVariance=1.0 finished
Trial 0 Trainer MaxEntTrainer,gaussianPriorVariance=1.0
 Raw Testing Data
cv921_13988.txt neg neg:0.7714013212668321 pos:0.22859867873316783 
cv029_19943.txt neg neg:0.6139678094148473 pos:0.38603219058515276 
cv897_11703.txt neg pos:0.5820706891218556 neg:0.41792931087814433 
cv257_11856.txt neg pos:0.677175103376403 neg:0.3228248966235969 
cv640_5380.txt neg pos:0.8105392079433179 neg:0.18946079205668212 
cv949_21565.txt neg neg:0.9970319993009479 pos:0.0029680006990520703 
cv524_24885.txt neg neg:0.9848044559209097 pos:0.015195544079090266 
cv514_12173.txt neg neg:0.6617500917476515 pos:0.3382499082523484 
cv021_17313.txt neg neg:0.9146376153829131 pos:0.08536238461708691 
cv895_22200.txt neg neg:0.7890654972924076 pos:0.2109345027075924 
cv150_14279.txt neg neg:0.6171228959969779 pos:0.3828771040030221 
cv933_24953.txt neg neg:0.8455130025381442 pos:0.15448699746185587 
cv335_16299.txt neg neg:0.9971867355949235 pos:0.002813264405076503 
cv544_5301.txt neg neg:0.6548931777372214 pos:0.34510682226277856 
cv999_14636.txt neg neg:0.5705085298891668 pos:0.42949147011083333 
cv245_8938.txt neg pos:0.7304803662020344 neg:0.2695196337979656 
cv185_28372.txt neg pos:0.6885834464071051 neg:0.311416553592895 
cv801_26335.txt neg pos:0.7277945344653245 neg:0.27220546553467556 
cv284_20530.txt neg neg:0.8019806854541556 pos:0.19801931454584434 
cv108_17064.txt neg neg:0.6590210541749684 pos:0.3409789458250316 
cv018_21672.txt neg pos:0.7827612837100004 neg:0.21723871628999963 
cv788_26409.txt neg neg:0.9812917271233405 pos:0.018708272876659427 
cv216_20165.txt neg neg:0.7310429731607226 pos:0.26895702683927736 
cv716_11153.txt neg neg:0.8825821686582069 pos:0.11741783134179311 
cv723_9002.txt neg pos:0.7390519564515035 neg:0.2609480435484966 
cv692_17026.txt neg neg:0.8147432600181204 pos:0.18525673998187966 
cv450_8319.txt neg pos:0.5975194869588252 neg:0.40248051304117477 
cv202_11382.txt neg neg:0.9885122369624232 pos:0.011487763037576806 
cv632_9704.txt neg neg:0.9420919698225111 pos:0.05790803017748886 
cv376_20883.txt neg pos:0.6140319862843765 neg:0.38596801371562356 
cv587_20532.txt neg neg:0.9327330162813401 pos:0.06726698371865987 
cv929_1841.txt neg pos:0.589885356817626 neg:0.41011464318237395 
cv196_28898.txt neg neg:0.5671877716830159 pos:0.432812228316984 
cv906_12332.txt neg pos:0.7019865714773222 neg:0.29801342852267776 
cv982_22209.txt neg pos:0.7905576760425913 neg:0.20944232395740875 
cv939_11247.txt neg pos:0.504587626157513 neg:0.49541237384248704 
cv219_19874.txt neg neg:0.957160488895925 pos:0.04283951110407509 
cv875_5622.txt neg pos:0.5431838920473788 neg:0.45681610795262123 
cv499_11407.txt neg neg:0.8823755162329233 pos:0.11762448376707668 
cv213_20300.txt neg neg:0.8185318158777639 pos:0.18146818412223603 
cv983_24219.txt neg neg:0.8588690955446965 pos:0.14113090445530352 
cv854_18955.txt neg neg:0.7847001710196222 pos:0.21529982898037783 
cv647_15275.txt neg neg:0.8365607968056216 pos:0.16343920319437844 
cv334_0074.txt neg neg:0.771524444493494 pos:0.22847555550650603 
cv002_17424.txt neg neg:0.524029046614799 pos:0.4759709533852009 
cv676_22202.txt neg neg:0.9852625816206464 pos:0.014737418379353636 
cv069_11613.txt neg pos:0.7932991369633656 neg:0.20670086303663435 
cv270_5873.txt neg neg:0.6407884705007477 pos:0.3592115294992523 
cv725_10266.txt neg pos:0.8467644004159149 neg:0.15323559958408497 
cv165_2389.txt neg neg:0.7609964517867743 pos:0.23900354821322575 
cv963_7208.txt neg pos:0.9540960871862446 neg:0.04590391281375531 
cv167_18094.txt neg pos:0.7287610597360975 neg:0.2712389402639024 
cv449_9126.txt neg pos:0.611678988581691 neg:0.38832101141830894 
cv048_18380.txt neg neg:0.8708548626097101 pos:0.12914513739029002 
cv361_28738.txt neg neg:0.8278229382336741 pos:0.1721770617663258 
cv608_24647.txt neg pos:0.5321856754738571 neg:0.4678143245261428 
cv354_8573.txt neg neg:0.7575930920070651 pos:0.24240690799293485 
cv607_8235.txt neg neg:0.6278660873772437 pos:0.37213391262275625 
cv007_4992.txt neg neg:0.7838803368846335 pos:0.21611966311536654 
cv974_24303.txt neg neg:0.7223716901230001 pos:0.2776283098769998 
cv405_21868.txt neg pos:0.5123581924837303 neg:0.4876418075162697 
cv698_16930.txt neg neg:0.9858455070311185 pos:0.014154492968881481 
cv585_23576.txt neg neg:0.7466369110901303 pos:0.2533630889098697 
cv431_7538.txt neg neg:0.5396141432977651 pos:0.4603858567022348 
cv798_24779.txt neg pos:0.745502568561167 neg:0.25449743143883297 
cv557_12237.txt neg neg:0.7589361070029266 pos:0.24106389299707337 
cv337_29061.txt neg neg:0.898979193439269 pos:0.10102080656073109 
cv671_5164.txt neg pos:0.5318065071509535 neg:0.46819349284904654 
cv407_23928.txt neg neg:0.9418709112680591 pos:0.058129088731940906 
cv876_9633.txt neg pos:0.8092866019026976 neg:0.19071339809730237 
cv843_17054.txt neg pos:0.6719504536777778 neg:0.3280495463222221 
cv601_24759.txt neg neg:0.8797336489334056 pos:0.12026635106659432 
cv917_29484.txt neg pos:0.5909715346448221 neg:0.40902846535517795 
cv317_25111.txt neg pos:0.6106529467495979 neg:0.38934705325040203 
cv481_7930.txt neg neg:0.884398575745926 pos:0.11560142425407406 
cv328_10908.txt neg neg:0.6111075688460222 pos:0.38889243115397776 
cv156_11119.txt neg neg:0.691740087144117 pos:0.30825991285588294 
cv072_5928.txt neg neg:0.6859383463133737 pos:0.3140616536866264 
cv713_29002.txt neg neg:0.5502201950970902 pos:0.4497798049029098 
cv338_9183.txt neg neg:0.9756818426739507 pos:0.024318157326049257 
cv662_14791.txt neg neg:0.7306844400431346 pos:0.2693155599568654 
cv221_27081.txt neg neg:0.5429772364718983 pos:0.45702276352810156 
cv627_12603.txt neg neg:0.6107186047637063 pos:0.3892813952362936 
cv744_10091.txt neg neg:0.8749852090807276 pos:0.12501479091927245 
cv095_28730.txt neg neg:0.5135155769977304 pos:0.4864844230022697 
cv666_20301.txt neg neg:0.8540755798099184 pos:0.1459244201900815 
cv469_21998.txt neg neg:0.9692907792882592 pos:0.03070922071174083 
cv423_12089.txt neg neg:0.9388675684250882 pos:0.0611324315749117 
cv694_4526.txt neg neg:0.6014647751964776 pos:0.39853522480352244 
cv517_20616.txt neg neg:0.9552187636059695 pos:0.0447812363940306 
cv162_10977.txt neg neg:0.6497688936871638 pos:0.3502311063128362 
cv211_9955.txt neg pos:0.9278800347185432 neg:0.07211996528145685 
cv935_24977.txt neg neg:0.8420794813659296 pos:0.15792051863407036 
cv477_23530.txt neg neg:0.6735579234794127 pos:0.3264420765205873 
cv830_5778.txt neg pos:0.5551642895045255 neg:0.4448357104954745 
cv371_8197.txt neg neg:0.9410728778684693 pos:0.0589271221315308 
cv083_25491.txt neg neg:0.7885659884615145 pos:0.21143401153848557 
cv365_12442.txt neg neg:0.6236955186875814 pos:0.37630448131241856 
cv024_7033.txt neg neg:0.5899749493685499 pos:0.41002505063145006 
cv030_22893.txt neg pos:0.8430060597605669 neg:0.1569939402394332 
cv988_18740.txt pos neg:0.9656442945644785 pos:0.03435570543552159 
cv286_25050.txt pos pos:0.7793422220290372 neg:0.22065777797096284 
cv719_5713.txt pos pos:0.732176694637424 neg:0.26782330536257604 
cv053_21822.txt pos neg:0.7624016341634435 pos:0.23759836583655639 
cv071_12095.txt pos pos:0.9703198421123218 neg:0.029680157887678214 
cv424_8831.txt pos pos:0.8719209779747953 neg:0.1280790220252048 
cv453_10379.txt pos pos:0.961161967935899 neg:0.038838032064101025 
cv606_15985.txt pos pos:0.9616599772170163 neg:0.03834002278298364 
cv599_20988.txt pos neg:0.9298496370827039 pos:0.07015036291729622 
cv315_11629.txt pos pos:0.9643880598499908 neg:0.035611940150009284 
cv913_29252.txt pos pos:0.9902940391604508 neg:0.009705960839549265 
cv455_29000.txt pos pos:0.6839060212512597 neg:0.31609397874874035 
cv941_10246.txt pos pos:0.6125900922105321 neg:0.38740990778946804 
cv929_16908.txt pos pos:0.9458950459423969 neg:0.05410495405760307 
cv210_9312.txt pos neg:0.6906692019638649 pos:0.3093307980361351 
cv267_14952.txt pos pos:0.8176057597307496 neg:0.18239424026925044 
cv662_13320.txt pos pos:0.8793383537802077 neg:0.12066164621979222 
cv897_10837.txt pos pos:0.9948844634729954 neg:0.005115536527004567 
cv191_29719.txt pos pos:0.5942764335239906 neg:0.4057235664760094 
cv564_11110.txt pos pos:0.5833092894155626 neg:0.41669071058443735 
cv681_9692.txt pos pos:0.8286537756764804 neg:0.17134622432351967 
cv999_13106.txt pos pos:0.9949515104574891 neg:0.005048489542510964 
cv384_17140.txt pos neg:0.5711005351202062 pos:0.42889946487979386 
cv153_10779.txt pos pos:0.9514293187084073 neg:0.048570681291592824 
cv300_22284.txt pos pos:0.9942975561988724 neg:0.005702443801127695 
cv508_16006.txt pos pos:0.9523592696794925 neg:0.04764073032050748 
cv310_13091.txt pos pos:0.8462938638666953 neg:0.15370613613330467 
cv380_7574.txt pos pos:0.8859767462116815 neg:0.11402325378831857 
cv842_5866.txt pos pos:0.6846881229030752 neg:0.3153118770969247 
cv175_6964.txt pos pos:0.9093300964472786 neg:0.0906699035527214 
cv586_7543.txt pos pos:0.7080779592237327 neg:0.29192204077626727 
cv859_14107.txt pos neg:0.9659003678192017 pos:0.0340996321807982 
cv393_29327.txt pos neg:0.5331763489846837 pos:0.4668236510153163 
cv114_18398.txt pos neg:0.777523572618737 pos:0.22247642738126308 
cv066_10821.txt pos pos:0.8133321685947169 neg:0.18666783140528306 
cv657_24513.txt pos pos:0.5649953818056128 neg:0.4350046181943872 
cv259_10934.txt pos neg:0.949092672111145 pos:0.05090732788885505 
cv121_17302.txt pos pos:0.767548333217991 neg:0.232451666782009 
cv425_8250.txt pos pos:0.908719794606147 neg:0.09128020539385291 
cv247_13142.txt pos pos:0.8887088965557957 neg:0.11129110344420444 
cv617_9322.txt pos pos:0.7778609148439852 neg:0.22213908515601485 
cv773_18817.txt pos pos:0.8248573607400558 neg:0.1751426392599442 
cv857_15958.txt pos pos:0.9780364005995306 neg:0.02196359940046933 
cv919_16380.txt pos pos:0.577594619200709 neg:0.422405380799291 
cv009_29592.txt pos pos:0.6978335438866748 neg:0.30216645611332515 
cv780_7984.txt pos pos:0.994524692269641 neg:0.005475307730358885 
cv405_20399.txt pos neg:0.750465395687708 pos:0.24953460431229196 
cv980_10953.txt pos neg:0.6372073385345228 pos:0.3627926614654772 
cv504_29243.txt pos pos:0.7394047857433793 neg:0.2605952142566207 
cv677_17715.txt pos neg:0.827093395751552 pos:0.1729066042484479 
cv220_29059.txt pos neg:0.7873648694183317 pos:0.21263513058166825 
cv181_14401.txt pos pos:0.6249591965425315 neg:0.3750408034574685 
cv647_13691.txt pos pos:0.9203495893851148 neg:0.07965041061488516 
cv762_13927.txt pos pos:0.6687515052421118 neg:0.3312484947578882 
cv270_6079.txt pos neg:0.5578339808799617 pos:0.4421660191200382 
cv472_29280.txt pos neg:0.8724354082581097 pos:0.12756459174189036 
cv623_15356.txt pos pos:0.8714533168477228 neg:0.1285466831522773 
cv285_16494.txt pos pos:0.9600867698440593 neg:0.03991323015594073 
cv340_13287.txt pos pos:0.5135289049685866 neg:0.4864710950314134 
cv183_18612.txt pos pos:0.6276910793026828 neg:0.3723089206973172 
cv413_7398.txt pos neg:0.5563407734010811 pos:0.44365922659891893 
cv548_17731.txt pos pos:0.5045026338498855 neg:0.49549736615011447 
cv099_10534.txt pos pos:0.7407921988891502 neg:0.25920780111084984 
cv495_14518.txt pos neg:0.5230745527597618 pos:0.4769254472402382 
cv289_6463.txt pos pos:0.9651415277799946 neg:0.03485847222000537 
cv055_8338.txt pos pos:0.5081907064371903 neg:0.49180929356280967 
cv402_14425.txt pos pos:0.9612970084903226 neg:0.0387029915096773 
cv249_11640.txt pos neg:0.7782758933051791 pos:0.22172410669482082 
cv730_10279.txt pos pos:0.5266707893683927 neg:0.47332921063160727 
cv691_5043.txt pos pos:0.8256968129305171 neg:0.17430318706948292 
cv057_7453.txt pos neg:0.7755412110418939 pos:0.22445878895810603 
cv428_11347.txt pos neg:0.6336446043616648 pos:0.3663553956383353 
cv172_11131.txt pos neg:0.5668492115618259 pos:0.4331507884381742 
cv047_1754.txt pos pos:0.8319595394081493 neg:0.1680404605918508 
cv592_22315.txt pos neg:0.6430664902945912 pos:0.3569335097054089 
cv631_4967.txt pos pos:0.6811415422264825 neg:0.31885845777351746 
cv120_4111.txt pos pos:0.9239653580635068 neg:0.0760346419364933 
cv253_10077.txt pos pos:0.9579435754809182 neg:0.04205642451908178 
cv660_21893.txt pos pos:0.9990840105262154 neg:9.15989473784684E-4 
cv959_14611.txt pos pos:0.8180646726666518 neg:0.18193532733334816 
cv583_29692.txt pos pos:0.5964841586120689 neg:0.4035158413879312 
cv658_10532.txt pos neg:0.6237673391260864 pos:0.37623266087391355 
cv939_10583.txt pos neg:0.5471670427006718 pos:0.4528329572993281 
cv898_14187.txt pos pos:0.8874875208984234 neg:0.11251247910157655 
cv154_9328.txt pos neg:0.5005395317531867 pos:0.4994604682468133 
cv558_29507.txt pos pos:0.567587787944978 neg:0.432412212055022 
cv949_20112.txt pos pos:0.5730900621983829 neg:0.4269099378016172 
cv527_10123.txt pos pos:0.7227640464127021 neg:0.277235953587298 
cv019_14482.txt pos neg:0.8296022080909055 pos:0.17039779190909454 
cv046_10188.txt pos pos:0.8275906799627153 neg:0.1724093200372847 
cv708_28729.txt pos pos:0.9157237966350723 neg:0.08427620336492785 
cv931_17563.txt pos pos:0.8258848260002233 neg:0.17411517399977677 
cv448_14695.txt pos pos:0.7233184424147736 neg:0.2766815575852265 
cv024_6778.txt pos pos:0.7013948975298845 neg:0.2986051024701155 
cv620_24265.txt pos pos:0.95272576082814 neg:0.04727423917186005 
cv984_12767.txt pos neg:0.7118560105745533 pos:0.28814398942544667 
cv325_16629.txt pos pos:0.765664367224671 neg:0.234335632775329 
cv690_5619.txt pos pos:0.5577313161418774 neg:0.4422686838581226 
cv204_8451.txt pos neg:0.728235259250761 pos:0.27176474074923895 
cv101_10175.txt pos pos:0.9781968813817368 neg:0.021803118618263305 
Trial 0 Trainer MaxEntTrainer,gaussianPriorVariance=1.0 Training Data Confusion Matrix
Confusion Matrix, row=true, column=predicted  accuracy=0.9427777777777778
  label   0   1  |total
  0 neg 870  30  |900
  1 pos  73 827  |900

Trial 0 Trainer MaxEntTrainer,gaussianPriorVariance=1.0 training data accuracy= 0.9427777777777778
Trial 0 Trainer MaxEntTrainer,gaussianPriorVariance=1.0 Test Data Confusion Matrix
Confusion Matrix, row=true, column=predicted  accuracy=0.705
  label   0   1  |total
  0 neg  69  31  |100
  1 pos  28  72  |100

Trial 0 Trainer MaxEntTrainer,gaussianPriorVariance=1.0 test data accuracy= 0.705

MaxEntTrainer,gaussianPriorVariance=1.0
Summary. train accuracy mean = 0.9427777777777778 stddev = 0.0 stderr = 0.0
Summary. test accuracy mean = 0.705 stddev = 0.0 stderr = 0.0
