
-------------------- Trial 0  --------------------

Trial 0 Training MaxEntTrainer,gaussianPriorVariance=1.0 with 1800 instances
Trial 0 Training MaxEntTrainer,gaussianPriorVariance=1.0 finished
Trial 0 Trainer MaxEntTrainer,gaussianPriorVariance=1.0
 Raw Testing Data
cv195_14528.txt pos pos:0.9835859582655042 neg:0.016414041734495743 
cv750_10180.txt pos pos:0.9992660950770871 neg:7.339049229130249E-4 
cv687_22207.txt neg neg:0.8432177324152782 pos:0.1567822675847218 
cv588_13008.txt pos pos:0.9734921934396193 neg:0.02650780656038061 
cv010_29063.txt neg pos:0.9862859249325839 neg:0.013714075067416091 
cv038_9749.txt pos pos:0.9973116923865389 neg:0.0026883076134610407 
cv858_18819.txt pos neg:0.60286867931072 pos:0.39713132068928003 
cv702_12371.txt neg neg:0.6783446370971629 pos:0.321655362902837 
cv744_10038.txt pos neg:0.9734122973205478 pos:0.026587702679452062 
cv757_10189.txt pos pos:0.8893422246682703 neg:0.1106577753317296 
cv081_18241.txt neg neg:0.6217220349266561 pos:0.37827796507334394 
cv552_10016.txt pos pos:0.9999862435397482 neg:1.3756460251898559E-5 
cv321_12843.txt pos pos:0.6121574310066176 neg:0.38784256899338243 
cv667_19672.txt neg neg:0.9856261489139094 pos:0.014373851086090655 
cv954_18628.txt pos neg:0.674599797728329 pos:0.325400202271671 
cv332_17997.txt neg neg:0.9977987854499661 pos:0.002201214550033786 
cv311_17708.txt neg pos:0.5110391288566256 neg:0.48896087114337433 
cv315_12638.txt neg neg:0.9519087251636985 pos:0.04809127483630147 
cv747_16556.txt pos pos:0.9929779323667949 neg:0.007022067633205133 
cv017_22464.txt pos pos:0.9999215357829624 neg:7.846421703766131E-5 
cv923_11051.txt pos pos:0.9996564168954936 neg:3.435831045063918E-4 
cv406_21020.txt pos pos:0.980747650501676 neg:0.019252349498323947 
cv241_24602.txt neg neg:0.9711753290625166 pos:0.028824670937483386 
cv389_9611.txt neg neg:0.9668828860571784 pos:0.03311711394282168 
cv932_13401.txt pos neg:0.9838387605441447 pos:0.016161239455855302 
cv183_19826.txt neg neg:0.9803698828618193 pos:0.019630117138180723 
cv427_10825.txt pos pos:0.9866884169133809 neg:0.013311583086619014 
cv396_19127.txt neg neg:0.6874625895087483 pos:0.3125374104912517 
cv948_24606.txt pos pos:0.9898332373096149 neg:0.010166762690385 
cv419_14799.txt neg neg:0.9998036980579309 pos:1.9630194206915634E-4 
cv030_21593.txt pos pos:0.9033675342268592 neg:0.09663246577314077 
cv278_13041.txt pos pos:0.6994782422157901 neg:0.30052175778420986 
cv163_10052.txt pos pos:0.9999994553977095 neg:5.446022904726883E-7 
cv874_11236.txt pos neg:0.9459758130949265 pos:0.05402418690507346 
cv583_29465.txt neg neg:0.9880141630710406 pos:0.011985836928959392 
cv581_20790.txt neg neg:0.6906623381107084 pos:0.3093376618892916 
cv016_4348.txt neg neg:0.9998442156257429 pos:1.5578437425705334E-4 
cv973_10066.txt pos pos:0.9860024193193297 neg:0.013997580680670295 
cv065_16909.txt neg neg:0.9994089519791401 pos:5.910480208598921E-4 
cv671_5054.txt pos pos:0.9903786321850219 neg:0.00962136781497818 
cv530_16212.txt pos pos:0.9968202190662867 neg:0.00317978093371334 
cv149_15670.txt pos neg:0.988305020346214 pos:0.01169497965378607 
cv068_13400.txt pos pos:0.8414099788320882 neg:0.15859002116791185 
cv719_5581.txt neg pos:0.9269806316596265 neg:0.07301936834037344 
cv943_23547.txt neg pos:0.723316971281903 neg:0.276683028718097 
cv791_17995.txt neg neg:0.9750756284011329 pos:0.02492437159886697 
cv930_14949.txt neg neg:0.9711725571475597 pos:0.02882744285244026 
cv167_16376.txt pos pos:0.9998154075711558 neg:1.8459242884430352E-4 
cv635_0984.txt neg neg:0.9996515514945802 pos:3.484485054198849E-4 
cv253_10190.txt neg neg:0.9991531155157236 pos:8.468844842763905E-4 
cv234_22123.txt neg neg:0.9998764651468958 pos:1.2353485310421996E-4 
cv254_5870.txt neg neg:0.999805951922323 pos:1.9404807767691546E-4 
cv440_15243.txt pos pos:0.9849580866826089 neg:0.015041913317391227 
cv738_10287.txt neg neg:0.9999427145162026 pos:5.728548379743281E-5 
cv295_15570.txt pos pos:0.9130164274754344 neg:0.08698357252456547 
cv465_23401.txt neg neg:0.9996345299696019 pos:3.6547003039816446E-4 
cv580_15681.txt neg neg:0.8402642883484763 pos:0.15973571165152367 
cv123_11182.txt pos pos:0.9993180024203178 neg:6.81997579682154E-4 
cv477_22479.txt pos pos:0.9991210579197141 neg:8.789420802859268E-4 
cv256_14740.txt pos pos:0.9999440264960223 neg:5.597350397759124E-5 
cv445_26683.txt neg neg:0.7424318903754122 pos:0.25756810962458776 
cv303_27366.txt neg neg:0.9158719772731053 pos:0.08412802272689461 
cv714_19704.txt neg neg:0.9997943015532468 pos:2.0569844675312682E-4 
cv903_18981.txt neg neg:0.8975382972371211 pos:0.10246170276287891 
cv942_17082.txt pos pos:0.9404230857690759 neg:0.059576914230924115 
cv273_28961.txt neg pos:0.8264024346032575 neg:0.17359756539674254 
cv608_23231.txt pos neg:0.7461882895616159 pos:0.25381171043838413 
cv900_10331.txt pos pos:0.9995661768477883 neg:4.338231522116593E-4 
cv487_11058.txt neg pos:0.9787140728669226 neg:0.021285927133077406 
cv577_28220.txt neg neg:0.9491269083554703 pos:0.05087309164452964 
cv938_10706.txt neg neg:0.5537880437806098 pos:0.44621195621939025 
cv730_10729.txt neg neg:0.5393097863895613 pos:0.4606902136104387 
cv714_18502.txt pos neg:0.5880643991652147 pos:0.4119356008347853 
cv733_9891.txt neg neg:0.8433668997753804 pos:0.15663310022461963 
cv732_12245.txt pos pos:0.9537480603721591 neg:0.046251939627840945 
cv844_13890.txt neg neg:0.9940399691379569 pos:0.0059600308620431555 
cv733_9839.txt pos pos:0.9999258509139547 neg:7.414908604520313E-5 
cv446_11353.txt pos neg:0.571149448851986 pos:0.42885055114801396 
cv793_15235.txt neg neg:0.9667639079394426 pos:0.033236092060557526 
cv602_8300.txt pos pos:0.9797557018362048 neg:0.02024429816379532 
cv836_14311.txt neg neg:0.9976989819847489 pos:0.002301018015251124 
cv628_20758.txt neg neg:0.9962649773233658 pos:0.003735022676634042 
cv998_15691.txt neg neg:0.9536353919317234 pos:0.04636460806827647 
cv683_13047.txt neg neg:0.6419198672441929 pos:0.358080132755807 
cv792_3257.txt neg neg:0.8928090009391187 pos:0.1071909990608812 
cv251_22636.txt pos pos:0.9914810803520683 neg:0.008518919647931868 
cv434_5793.txt pos pos:0.9401810460361518 neg:0.05981895396384815 
cv268_20288.txt neg neg:0.9999760061146705 pos:2.3993885329414196E-5 
cv679_28559.txt pos pos:0.9977481338642614 neg:0.0022518661357385427 
cv282_6833.txt neg neg:0.80423657119233 pos:0.19576342880767 
cv081_16582.txt pos pos:0.9993397760569738 neg:6.602239430263751E-4 
cv870_16348.txt pos pos:0.9951937990832804 neg:0.0048062009167197176 
cv420_28631.txt neg neg:0.9999305095196741 pos:6.949048032577698E-5 
cv759_15091.txt neg neg:0.993079891755296 pos:0.006920108244703986 
cv632_9610.txt pos pos:0.9969224315539538 neg:0.0030775684460463124 
cv993_29565.txt neg neg:0.942268697152517 pos:0.05773130284748307 
cv613_23104.txt neg neg:0.9982941556172991 pos:0.001705844382700911 
cv265_10814.txt pos pos:0.9975518348697605 neg:0.0024481651302395474 
cv373_21872.txt neg neg:0.9943862635200356 pos:0.00561373647996436 
cv126_28971.txt pos pos:0.6218792008265445 neg:0.37812079917345554 
cv691_5090.txt neg neg:0.9988763411998574 pos:0.001123658800142639 
cv543_5107.txt neg neg:0.9921410227327094 pos:0.007858977267290537 
cv017_23487.txt neg neg:0.999864427752722 pos:1.3557224727804744E-4 
cv772_12119.txt pos pos:0.9996736609496575 neg:3.263390503423719E-4 
cv792_3832.txt pos neg:0.8752392207171997 pos:0.12476077928280031 
cv113_23102.txt pos pos:0.9998683764247207 neg:1.3162357527940496E-4 
cv346_19198.txt neg neg:0.9980104786989186 pos:0.001989521301081354 
cv720_5383.txt neg pos:0.7928235236498438 neg:0.20717647635015635 
cv500_10251.txt pos neg:0.5517651065368162 pos:0.44823489346318385 
cv855_22134.txt neg neg:0.9998348334548138 pos:1.6516654518618663E-4 
cv482_11233.txt neg neg:0.9998521572151222 pos:1.478427848778965E-4 
cv928_9168.txt pos pos:0.8493954493925113 neg:0.1506045506074887 
cv260_13959.txt pos pos:0.6707306229538774 neg:0.32926937704612264 
cv489_17906.txt pos neg:0.9855561288369749 pos:0.014443871163025198 
cv137_17020.txt neg neg:0.9982266716280186 pos:0.0017733283719813197 
cv274_26379.txt neg neg:0.9955906777692092 pos:0.0044093222307908285 
cv342_20917.txt neg neg:0.6504486642867502 pos:0.34955133571324987 
cv680_10533.txt neg neg:0.9984811516614904 pos:0.0015188483385094715 
cv957_8737.txt pos pos:0.9952330480328804 neg:0.004766951967119705 
cv769_8565.txt neg neg:0.8139161927727537 pos:0.18608380722724618 
cv994_12270.txt pos neg:0.8413176506084848 pos:0.1586823493915151 
cv382_8393.txt neg neg:0.9984255332137977 pos:0.0015744667862022008 
cv026_29229.txt neg neg:0.9490154077267943 pos:0.050984592273205745 
cv217_28842.txt pos pos:0.9213467034664019 neg:0.07865329653359816 
cv529_10972.txt neg neg:0.7261036375069212 pos:0.27389636249307886 
cv415_22517.txt pos pos:0.9677596831821932 neg:0.0322403168178069 
cv825_5063.txt pos neg:0.6462135988196982 pos:0.3537864011803019 
cv392_12238.txt neg neg:0.6250918913777702 pos:0.3749081086222298 
cv895_21022.txt pos pos:0.9965912954784243 neg:0.0034087045215758236 
cv056_13133.txt pos neg:0.8315418245872346 pos:0.1684581754127654 
cv268_18834.txt pos pos:0.5506994234361337 neg:0.44930057656386635 
cv710_22577.txt pos pos:0.9998832260586504 neg:1.167739413496875E-4 
cv032_22550.txt pos pos:0.9998745658052579 neg:1.2543419474202598E-4 
cv561_9484.txt neg neg:0.9910112712903231 pos:0.008988728709676978 
cv485_26649.txt pos pos:0.997331662807112 neg:0.0026683371928878956 
cv541_28683.txt neg neg:0.9990334851626884 pos:9.665148373114278E-4 
cv874_12182.txt neg neg:0.9990945714911964 pos:9.054285088036008E-4 
cv442_13846.txt pos pos:0.9869342494318659 neg:0.013065750568134154 
cv614_10626.txt pos pos:0.6345626705070917 neg:0.36543732949290825 
cv348_19207.txt neg neg:0.999627835896413 pos:3.72164103587E-4 
cv119_9867.txt pos pos:0.6014273863871317 neg:0.39857261361286833 
cv037_19798.txt neg neg:0.9994129302422321 pos:5.870697577677671E-4 
cv883_27751.txt pos pos:0.6455043505273277 neg:0.35449564947267226 
cv537_12370.txt pos pos:0.8230314790674579 neg:0.17696852093254206 
cv673_24714.txt pos pos:0.9760907902647797 neg:0.02390920973522036 
cv594_11945.txt neg neg:0.9893152493363215 pos:0.010684750663678464 
cv717_15953.txt pos pos:0.9188711041169766 neg:0.08112889588302341 
cv879_14903.txt pos pos:0.995443634933228 neg:0.004556365066772108 
cv739_11209.txt pos pos:0.9999556773369128 neg:4.432266308712581E-5 
cv729_10475.txt neg neg:0.976451749542594 pos:0.023548250457406165 
cv894_2068.txt pos pos:0.8818241332289536 neg:0.11817586677104652 
cv387_12391.txt neg neg:0.9705370766873486 pos:0.02946292331265151 
cv494_17389.txt pos pos:0.999451004705615 neg:5.489952943850905E-4 
cv340_14776.txt neg pos:0.6630730927992369 neg:0.33692690720076307 
cv305_9946.txt pos pos:0.9978031627144576 neg:0.002196837285542461 
cv474_10682.txt neg neg:0.9999453119253878 pos:5.4688074612201246E-5 
cv043_16808.txt neg neg:0.9983928933135006 pos:0.0016071066864993665 
cv530_17949.txt neg neg:0.9349819198723217 pos:0.06501808012767835 
cv500_10722.txt neg neg:0.9130104663623063 pos:0.08698953363769361 
cv516_12117.txt neg pos:0.5278023526128536 neg:0.47219764738714654 
cv379_23167.txt neg neg:0.6508284052966793 pos:0.34917159470332076 
cv501_11657.txt pos pos:0.9999520254508376 neg:4.797454916241559E-5 
cv664_4264.txt neg neg:0.9971859829144347 pos:0.0028140170855652067 
cv726_4365.txt neg neg:0.9998181978018984 pos:1.818021981015668E-4 
cv963_6895.txt pos neg:0.9176345535508182 pos:0.08236544644918173 
cv825_5168.txt neg neg:0.998309268817784 pos:0.0016907311822158414 
cv085_15286.txt neg neg:0.9964152637609233 pos:0.003584736239076754 
cv276_17126.txt neg neg:0.7312888929249222 pos:0.2687111070750779 
cv263_20693.txt neg neg:0.9997157809438855 pos:2.8421905611447044E-4 
cv838_24728.txt pos pos:0.7940401256618418 neg:0.20595987433815818 
cv525_16122.txt pos neg:0.7867953605778824 pos:0.2132046394221176 
cv098_17021.txt neg neg:0.7739594778428137 pos:0.22604052215718642 
cv001_18431.txt pos pos:0.9710469147092301 neg:0.028953085290769797 
cv627_11620.txt pos pos:0.9997371980976745 neg:2.628019023255428E-4 
cv016_4659.txt pos pos:0.9636939278858955 neg:0.03630607211410448 
cv921_12747.txt pos pos:0.9410039036436789 neg:0.05899609635632098 
cv976_10267.txt pos pos:0.991906294002608 neg:0.008093705997392033 
cv134_22246.txt pos pos:0.9999858378379584 neg:1.4162162041710661E-5 
cv295_17060.txt neg neg:0.9992698111658828 pos:7.301888341172725E-4 
cv812_19051.txt neg neg:0.991443171946684 pos:0.008556828053316066 
cv452_5179.txt neg neg:0.9346376231281721 pos:0.06536237687182789 
cv756_22540.txt pos pos:0.6218727694382254 neg:0.3781272305617745 
cv399_2877.txt pos pos:0.9924288545557237 neg:0.0075711454442764 
cv441_13711.txt pos pos:0.996141760347629 neg:0.003858239652371015 
cv317_24049.txt pos pos:0.9996828182442511 neg:3.171817557490063E-4 
cv715_19246.txt neg neg:0.9872445268566681 pos:0.01275547314333186 
cv540_3421.txt pos pos:0.8179667604983152 neg:0.18203323950168476 
cv437_22849.txt pos pos:0.7954246746028517 neg:0.20457532539714823 
cv217_28707.txt neg neg:0.9999957554185842 pos:4.24458141575896E-6 
cv827_18331.txt pos neg:0.6469788532868782 pos:0.35302114671312185 
cv915_8841.txt pos neg:0.9111011583674505 pos:0.08889884163254949 
cv166_11959.txt neg neg:0.9942971760378855 pos:0.005702823962114571 
cv143_21158.txt neg neg:0.9447578161012715 pos:0.05524218389872854 
cv732_13092.txt neg neg:0.9084423252137153 pos:0.0915576747862847 
cv076_24945.txt pos pos:0.9986076928071812 neg:0.0013923071928186614 
cv100_12406.txt neg neg:0.9737468225848637 pos:0.026253177415136438 
cv775_17966.txt neg neg:0.9906049128764481 pos:0.009395087123551887 
cv847_1941.txt pos pos:0.973854201961959 neg:0.02614579803804087 
cv843_15544.txt pos pos:0.9889497317694227 neg:0.011050268230577334 
cv991_18645.txt pos pos:0.9883680677284417 neg:0.011631932271558346 
Trial 0 Trainer MaxEntTrainer,gaussianPriorVariance=1.0 Training Data Confusion Matrix
Confusion Matrix, row=true, column=predicted  accuracy=1.0
  label   0   1  |total
  0 neg 900   .  |900
  1 pos   . 900  |900

Trial 0 Trainer MaxEntTrainer,gaussianPriorVariance=1.0 training data accuracy= 1.0
Trial 0 Trainer MaxEntTrainer,gaussianPriorVariance=1.0 Test Data Confusion Matrix
Confusion Matrix, row=true, column=predicted  accuracy=0.86
  label   0   1  |total
  0 neg  91   9  |100
  1 pos  19  81  |100

Trial 0 Trainer MaxEntTrainer,gaussianPriorVariance=1.0 test data accuracy= 0.86

MaxEntTrainer,gaussianPriorVariance=1.0
Summary. train accuracy mean = 1.0 stddev = 0.0 stderr = 0.0
Summary. test accuracy mean = 0.86 stddev = 0.0 stderr = 0.0
