
-------------------- Trial 0  --------------------

Trial 0 Training MaxEntTrainer,gaussianPriorVariance=1.0 with 1800 instances
Trial 0 Training MaxEntTrainer,gaussianPriorVariance=1.0 finished
Trial 0 Trainer MaxEntTrainer,gaussianPriorVariance=1.0
 Raw Testing Data
cv623_16988.txt neg neg:0.9989227330130691 pos:0.0010772669869310119 
cv051_10306.txt pos pos:0.9998371879380962 neg:1.6281206190378386E-4 
cv382_7897.txt pos pos:0.9995145461488067 neg:4.8545385119321796E-4 
cv082_11080.txt pos neg:0.9544714418262747 pos:0.0455285581737253 
cv791_16302.txt pos pos:0.9635718499829911 neg:0.036428150017008984 
cv484_25054.txt pos pos:0.899210366694747 neg:0.10078963330525302 
cv353_18159.txt pos pos:0.9253956272696705 neg:0.07460437273032954 
cv438_8500.txt neg neg:0.9929180285147913 pos:0.007081971485208709 
cv124_3903.txt neg pos:0.9050609511389706 neg:0.09493904886102947 
cv012_29411.txt neg neg:0.9995657934935703 pos:4.3420650642979217E-4 
cv634_11101.txt pos pos:0.9883551440459573 neg:0.011644855954042892 
cv637_1250.txt pos pos:0.9435815728633934 neg:0.056418427136606615 
cv754_7709.txt neg neg:0.9436899821777648 pos:0.05631001782223515 
cv845_14290.txt pos pos:0.996849709072515 neg:0.0031502909274849855 
cv062_23115.txt pos pos:0.9990154228054636 neg:9.845771945363947E-4 
cv556_14808.txt pos pos:0.9999999033102143 neg:9.668978578118365E-8 
cv659_19944.txt pos pos:0.9845509591526087 neg:0.015449040847391349 
cv244_22935.txt neg neg:0.9999579401709032 pos:4.205982909679878E-5 
cv877_29274.txt pos pos:0.8154360156683258 neg:0.18456398433167415 
cv833_11053.txt pos pos:0.997781061843142 neg:0.002218938156858116 
cv852_27523.txt pos pos:0.9314633493255865 neg:0.0685366506744135 
cv960_29007.txt pos neg:0.9096023221454678 pos:0.09039767785453212 
cv579_11605.txt pos pos:0.5965581114900407 neg:0.4034418885099593 
cv562_10359.txt pos neg:0.684171511851258 pos:0.31582848814874204 
cv982_21103.txt pos pos:0.992026945543259 neg:0.00797305445674104 
cv667_18467.txt pos pos:0.9967982192956255 neg:0.003201780704374494 
cv980_11851.txt neg neg:0.9998281230230875 pos:1.7187697691241994E-4 
cv782_21078.txt neg neg:0.9851422031151773 pos:0.014857796884822728 
cv548_18944.txt neg neg:0.8738194617808838 pos:0.1261805382191163 
cv116_28734.txt neg neg:0.9374214349561073 pos:0.0625785650438927 
cv737_28733.txt neg neg:0.9992732142382608 pos:7.267857617392465E-4 
cv322_20318.txt pos pos:0.5006410418172051 neg:0.49935895818279485 
cv472_29140.txt neg pos:0.966326303645304 neg:0.033673696354696005 
cv203_17986.txt pos pos:0.9880725290472284 neg:0.01192747095277151 
cv741_12765.txt neg neg:0.8655873362025075 pos:0.13441266379749245 
cv173_4471.txt pos neg:0.6735942717616892 pos:0.3264057282383108 
cv612_5396.txt neg neg:0.5331695710617086 pos:0.46683042893829146 
cv808_13773.txt neg pos:0.7864399692561822 neg:0.21356003074381774 
cv115_25396.txt pos pos:0.9985219735306827 neg:0.001478026469317245 
cv384_18536.txt neg neg:0.9642587987103595 pos:0.03574120128964056 
cv754_7216.txt pos pos:0.9276375549309053 neg:0.07236244506909473 
cv580_14064.txt pos pos:0.54719767226831 neg:0.45280232773168994 
cv985_5964.txt neg neg:0.9959013786923833 pos:0.004098621307616843 
cv386_10080.txt pos pos:0.9979636636721425 neg:0.0020363363278574857 
cv028_26746.txt pos neg:0.9587278088473133 pos:0.04127219115268676 
cv549_21443.txt pos pos:0.9978399844769021 neg:0.002160015523097848 
cv832_24713.txt neg neg:0.9994726627585007 pos:5.273372414992711E-4 
cv771_28466.txt neg neg:0.9989252100882038 pos:0.0010747899117960731 
cv114_19501.txt neg neg:0.9963393962221486 pos:0.0036606037778514253 
cv232_14991.txt pos pos:0.9052425778503466 neg:0.09475742214965337 
cv245_8569.txt pos pos:0.9986380240512814 neg:0.0013619759487186072 
cv713_29155.txt pos pos:0.5185615955728649 neg:0.48143840442713526 
cv379_21963.txt pos pos:0.9984525570359245 neg:0.0015474429640755908 
cv190_27052.txt pos pos:0.9999107896295113 neg:8.921037048874286E-5 
cv937_9816.txt neg neg:0.999780845769078 pos:2.1915423092209272E-4 
cv297_10047.txt pos pos:0.9673615398049059 neg:0.03263846019509404 
cv699_7223.txt pos neg:0.6643978886713746 pos:0.33560211132862533 
cv591_24887.txt neg neg:0.9950345939690178 pos:0.004965406030982164 
cv151_17231.txt neg neg:0.7596311973856896 pos:0.24036880261431026 
cv189_22934.txt pos neg:0.6963327472694398 pos:0.3036672527305602 
cv575_22598.txt neg neg:0.8061282208389181 pos:0.19387177916108192 
cv899_16014.txt pos pos:0.988095512781356 neg:0.01190448721864398 
cv248_15672.txt neg neg:0.9966385476124314 pos:0.0033614523875686096 
cv304_28706.txt pos pos:0.8903298281568999 neg:0.1096701718431002 
cv079_11933.txt pos pos:0.9108555287081426 neg:0.08914447129185747 
cv983_22928.txt pos pos:0.9992025706959017 neg:7.974293040983951E-4 
cv519_16239.txt neg pos:0.8854556379108581 neg:0.1145443620891418 
cv948_25870.txt neg neg:0.9998920692462577 pos:1.0793075374222168E-4 
cv074_6875.txt pos pos:0.9999132144033965 neg:8.678559660354557E-5 
cv821_29364.txt pos pos:0.9862506770739153 neg:0.013749322926084702 
cv012_29576.txt pos pos:0.9988853636443541 neg:0.0011146363556458151 
cv117_24295.txt pos pos:0.7677149614687159 neg:0.23228503853128413 
cv852_27512.txt neg neg:0.9361320876495048 pos:0.06386791235049519 
cv209_28973.txt neg neg:0.9975658620473071 pos:0.002434137952692825 
cv138_12721.txt pos neg:0.6687100328079708 pos:0.3312899671920292 
cv291_26635.txt pos pos:0.991698144542037 neg:0.008301855457963176 
cv489_19046.txt neg neg:0.9998701451677421 pos:1.298548322578005E-4 
cv827_19479.txt neg neg:0.9990669832753903 pos:9.330167246097453E-4 
cv799_19812.txt neg neg:0.9772827696729225 pos:0.022717230327077547 
cv996_12447.txt neg neg:0.9925276643285019 pos:0.00747233567149813 
cv168_7050.txt pos pos:0.9994273200942307 neg:5.72679905769231E-4 
cv919_18155.txt neg neg:0.9912450928330323 pos:0.00875490716696764 
cv195_16146.txt neg neg:0.8699811933178322 pos:0.13001880668216784 
cv064_24576.txt pos pos:0.9747872849981453 neg:0.02521271500185468 
cv826_12761.txt neg pos:0.9874778071921688 neg:0.0125221928078312 
cv712_24217.txt neg neg:0.9927207560128902 pos:0.007279243987109899 
cv480_19817.txt pos pos:0.991920166319579 neg:0.008079833680420976 
cv041_21113.txt pos pos:0.9630200032523052 neg:0.036979996747694775 
cv705_11973.txt neg neg:0.9437573342584832 pos:0.056242665741516804 
cv350_20670.txt pos pos:0.9725086425415912 neg:0.027491357458408677 
cv654_19345.txt neg neg:0.961096064878354 pos:0.03890393512164608 
cv905_28965.txt neg pos:0.9691702508776466 neg:0.03082974912235327 
cv320_9693.txt neg pos:0.9804735110161688 neg:0.019526488983831306 
cv805_19601.txt pos pos:0.9924136358477493 neg:0.007586364152250752 
cv626_7907.txt neg neg:0.9900437083365895 pos:0.009956291663410534 
cv727_4978.txt pos pos:0.8349803292048031 neg:0.16501967079519694 
cv891_6385.txt pos neg:0.9372599860042743 pos:0.06274001399572583 
cv281_24711.txt neg neg:0.9826472929035572 pos:0.01735270709644289 
cv220_28906.txt neg neg:0.5571018755608844 pos:0.4428981244391156 
cv822_20049.txt pos pos:0.9994284400059769 neg:5.715599940231143E-4 
cv034_29446.txt neg neg:0.988195730068084 pos:0.01180426993191606 
cv716_10514.txt pos neg:0.9894312970058411 pos:0.010568702994158859 
cv202_10654.txt pos pos:0.9961243046107303 neg:0.0038756953892695963 
cv960_28877.txt neg neg:0.9950731512931338 pos:0.004926848706866315 
cv681_9744.txt neg neg:0.9979530202333317 pos:0.0020469797666682094 
cv767_14062.txt pos pos:0.9968961693842822 neg:0.0031038306157178766 
cv904_25663.txt neg neg:0.5640910145066796 pos:0.4359089854933203 
cv617_9561.txt neg neg:0.6523682871217846 pos:0.34763171287821537 
cv349_15032.txt neg neg:0.999438840883094 pos:5.61159116906032E-4 
cv889_22670.txt neg neg:0.5759885989038372 pos:0.4240114010961628 
cv967_5626.txt neg neg:0.6201017979314966 pos:0.3798982020685034 
cv600_23878.txt pos pos:0.9988180486451628 neg:0.0011819513548372575 
cv368_10466.txt pos pos:0.9971123300064574 neg:0.002887669993542703 
cv774_13845.txt pos pos:0.9815076295297118 neg:0.01849237047028831 
cv153_11607.txt neg neg:0.9000838072182407 pos:0.0999161927817594 
cv370_5338.txt neg neg:0.8754597094248547 pos:0.1245402905751452 
cv200_29006.txt neg pos:0.9965003498242987 neg:0.0034996501757012357 
cv956_12547.txt neg neg:0.9987198206938445 pos:0.0012801793061554692 
cv829_20289.txt pos pos:0.9955643258082388 neg:0.004435674191761109 
cv909_9960.txt pos neg:0.6175014261943373 pos:0.38249857380566266 
cv432_15873.txt neg neg:0.9940448891973855 pos:0.005955110802614366 
cv908_16009.txt pos pos:0.889901614543367 neg:0.11009838545663295 
cv589_12064.txt pos pos:0.9963115010885915 neg:0.0036884989114084935 
cv536_27134.txt pos pos:0.8125863408895266 neg:0.18741365911047342 
cv973_10171.txt neg neg:0.9997518514108232 pos:2.481485891767638E-4 
cv446_12209.txt neg neg:0.991786789605202 pos:0.008213210394798004 
cv157_29302.txt neg neg:0.8590354578262518 pos:0.14096454217374815 
cv465_22431.txt pos pos:0.5653527628716876 neg:0.4346472371283125 
cv909_9973.txt neg neg:0.8707484171854322 pos:0.1292515828145679 
cv222_17395.txt pos pos:0.9520202410938655 neg:0.04797975890613457 
cv470_17444.txt neg neg:0.9997243750326679 pos:2.756249673321163E-4 
cv115_26443.txt neg neg:0.9014033359884153 pos:0.0985966640115848 
cv504_29120.txt neg neg:0.9164879760144636 pos:0.08351202398553638 
cv757_10668.txt neg neg:0.7617667596126814 pos:0.2382332403873186 
cv882_10042.txt neg neg:0.9996509944981729 pos:3.4900550182714624E-4 
cv065_15248.txt pos pos:0.9991599781405467 neg:8.400218594531934E-4 
cv520_12295.txt pos pos:0.9423630236475584 neg:0.05763697635244165 
cv145_12239.txt neg pos:0.8565169293594171 neg:0.14348307064058285 
cv404_20315.txt pos pos:0.7375519149647626 neg:0.2624480850352374 
cv586_8048.txt neg neg:0.999999344973897 pos:6.550261031356751E-7 
cv786_22497.txt pos pos:0.9934012598429973 neg:0.006598740157002733 
cv918_2693.txt pos pos:0.5812334793881356 neg:0.41876652061186437 
cv072_6169.txt pos neg:0.7877531022231928 pos:0.2122468977768071 
cv206_15893.txt neg neg:0.9830066836696171 pos:0.016993316330382906 
cv146_18458.txt pos pos:0.9999179696380527 neg:8.203036194737215E-5 
cv862_14324.txt pos pos:0.9999997302773306 neg:2.697226694874082E-7 
cv027_25219.txt pos pos:0.9999968843101976 neg:3.115689802461939E-6 
cv409_29786.txt pos pos:0.9855870944713181 neg:0.01441290552868184 
cv591_23640.txt pos pos:0.9998725766681292 neg:1.2742333187073474E-4 
cv576_15688.txt neg neg:0.8268094943855514 pos:0.1731905056144486 
cv555_23922.txt pos neg:0.9785093858149994 pos:0.021490614185000624 
cv738_10116.txt pos pos:0.9999965149485759 neg:3.4850514242112147E-6 
cv308_5079.txt neg neg:0.9994650056135955 pos:5.349943864044308E-4 
cv869_24782.txt neg neg:0.9935391718731157 pos:0.00646082812688437 
cv936_15954.txt pos pos:0.9986775055096446 neg:0.0013224944903554062 
cv154_9562.txt neg neg:0.9908772364593128 pos:0.009122763540687287 
cv208_9475.txt neg neg:0.989431583509879 pos:0.010568416490120863 
cv761_12620.txt pos neg:0.7728047954499937 pos:0.2271952045500064 
cv143_19666.txt pos pos:0.9999027280247323 neg:9.727197526763012E-5 
cv638_29394.txt neg neg:0.9169612832333316 pos:0.08303871676666837 
cv314_16095.txt neg neg:0.9514683066957005 pos:0.048531693304299475 
cv226_26692.txt neg neg:0.9999826859377978 pos:1.7314062202238752E-5 
cv511_10132.txt pos pos:0.9969131268377899 neg:0.0030868731622101043 
cv124_4122.txt pos neg:0.9397775992306668 pos:0.06022240076933318 
cv176_14196.txt neg pos:0.8475379268340271 neg:0.15246207316597304 
cv077_22138.txt pos pos:0.979883228788403 neg:0.020116771211597117 
cv381_21673.txt neg pos:0.8572905526141178 neg:0.1427094473858822 
cv198_18180.txt pos pos:0.9528363699224843 neg:0.047163630077515624 
cv047_18725.txt neg neg:0.795965085003383 pos:0.20403491499661697 
cv106_18379.txt neg neg:0.6471009541601674 pos:0.35289904583983245 
cv483_18103.txt neg neg:0.9781547276301286 pos:0.02184527236987147 
cv715_18179.txt pos pos:0.6570100925044418 neg:0.34298990749555813 
cv280_8267.txt pos pos:0.5723560575043548 neg:0.42764394249564514 
cv408_5367.txt neg neg:0.9980788287559101 pos:0.0019211712440898093 
cv815_22456.txt pos pos:0.9927437169586855 neg:0.00725628304131441 
cv462_20788.txt neg pos:0.6392726737231901 neg:0.36072732627681 
cv766_7983.txt neg neg:0.9999789925162867 pos:2.1007483713242886E-5 
cv896_17819.txt neg neg:0.9937380666106801 pos:0.006261933389319819 
cv178_14380.txt neg neg:0.7984119288334618 pos:0.20158807116653818 
cv502_10406.txt pos neg:0.7047449291054605 pos:0.29525507089453956 
cv609_23877.txt pos pos:0.9148906073199354 neg:0.0851093926800646 
cv397_29023.txt pos neg:0.6704885282102414 pos:0.32951147178975854 
cv643_29349.txt pos neg:0.6742429231742662 pos:0.32575707682573385 
cv232_16768.txt neg pos:0.6781223203951079 neg:0.32187767960489216 
cv631_4782.txt neg pos:0.8978119513370195 neg:0.1021880486629805 
cv634_11989.txt neg neg:0.9846018823997791 pos:0.015398117600221058 
cv085_1381.txt pos pos:0.9996993792775968 neg:3.006207224031321E-4 
cv814_18975.txt pos pos:0.6078432960219518 neg:0.3921567039780483 
cv453_10911.txt neg neg:0.999908636770685 pos:9.136322931495416E-5 
cv235_10704.txt neg neg:0.9987681220296638 pos:0.0012318779703361803 
cv810_13660.txt neg neg:0.9181117798595875 pos:0.08188822014041261 
cv553_26915.txt pos pos:0.9980189841526097 neg:0.001981015847390173 
cv865_28796.txt neg neg:0.8535587926357486 pos:0.1464412073642515 
cv834_23192.txt neg neg:0.9988487999550866 pos:0.0011512000449135232 
cv309_23737.txt neg pos:0.9887132897633545 neg:0.011286710236645594 
cv062_24556.txt neg neg:0.9875884716813799 pos:0.012411528318620219 
cv718_12227.txt neg neg:0.9998863630443618 pos:1.1363695563821782E-4 
cv331_8656.txt neg pos:0.7078455965607937 neg:0.29215440343920634 
cv755_23616.txt pos pos:0.9859979206701125 neg:0.014002079329887637 
cv622_8583.txt neg neg:0.9891150384621538 pos:0.010884961537846186 
Trial 0 Trainer MaxEntTrainer,gaussianPriorVariance=1.0 Training Data Confusion Matrix
Confusion Matrix, row=true, column=predicted  accuracy=1.0
  label   0   1  |total
  0 neg 900   .  |900
  1 pos   . 900  |900

Trial 0 Trainer MaxEntTrainer,gaussianPriorVariance=1.0 training data accuracy= 1.0
Trial 0 Trainer MaxEntTrainer,gaussianPriorVariance=1.0 Test Data Confusion Matrix
Confusion Matrix, row=true, column=predicted  accuracy=0.83
  label   0   1  |total
  0 neg  84  16  |100
  1 pos  18  82  |100

Trial 0 Trainer MaxEntTrainer,gaussianPriorVariance=1.0 test data accuracy= 0.83

MaxEntTrainer,gaussianPriorVariance=1.0
Summary. train accuracy mean = 1.0 stddev = 0.0 stderr = 0.0
Summary. test accuracy mean = 0.83 stddev = 0.0 stderr = 0.0
