
-------------------- Trial 0  --------------------

Trial 0 Training NaiveBayesTrainer with 1800 instances
Trial 0 Training NaiveBayesTrainer finished
Trial 0 Trainer NaiveBayesTrainer
 Raw Testing Data
cv829_21725.txt neg neg:0.9955620663587982 pos:0.00443793364120185 
cv128_29444.txt neg neg:0.7170303513661642 pos:0.2829696486338358 
cv341_25667.txt neg neg:0.8149761987769547 pos:0.1850238012230452 
cv192_16079.txt neg neg:0.6376105799463788 pos:0.3623894200536213 
cv510_24758.txt neg neg:0.9445371635849714 pos:0.055462836415028624 
cv695_22268.txt neg pos:0.6001224199167491 neg:0.39987758008325086 
cv767_15673.txt neg neg:0.525241541788818 pos:0.474758458211182 
cv490_18986.txt neg neg:0.9564082486307256 pos:0.043591751369274456 
cv697_12106.txt neg pos:0.6791810082133022 neg:0.3208189917866978 
cv398_17047.txt neg neg:0.6866842024862699 pos:0.3133157975137302 
cv409_29625.txt neg pos:0.9423880209873332 neg:0.05761197901266678 
cv147_22625.txt neg pos:0.8296464829022254 neg:0.17035351709777466 
cv839_22807.txt neg neg:0.9422299377890389 pos:0.05777006221096113 
cv787_15277.txt neg neg:0.9921952826508396 pos:0.007804717349160484 
cv593_11931.txt neg neg:0.9573616388091484 pos:0.042638361190851605 
cv590_20712.txt neg pos:0.5591013286025898 neg:0.4408986713974102 
cv870_18090.txt neg neg:0.8265028103551071 pos:0.1734971896448929 
cv057_7962.txt neg neg:0.6756395064378306 pos:0.3243604935621694 
cv753_11812.txt neg neg:0.905954241645971 pos:0.09404575835402902 
cv292_7804.txt neg neg:0.5723517870763324 pos:0.42764821292366756 
cv637_13682.txt neg neg:0.9682942404129125 pos:0.03170575958708747 
cv027_26270.txt neg neg:0.998564307691878 pos:0.001435692308122061 
cv589_12853.txt neg neg:0.7985250725532576 pos:0.20147492744674256 
cv212_10054.txt neg neg:0.9997617608064061 pos:2.3823919359393828E-4 
cv693_19147.txt neg pos:0.9256999132106805 neg:0.0743000867893196 
cv528_11669.txt neg pos:0.8689629783861648 neg:0.1310370216138352 
cv009_29417.txt neg neg:0.9783044699648684 pos:0.021695530035131524 
cv778_18629.txt neg neg:0.5551238654910614 pos:0.4448761345089386 
cv717_17472.txt neg neg:0.9882161611565345 pos:0.011783838843465384 
cv828_21392.txt neg neg:0.676341980313699 pos:0.32365801968630104 
cv280_8651.txt neg neg:0.8603285064725328 pos:0.13967149352746722 
cv067_21192.txt neg neg:0.8337942832509131 pos:0.16620571674908688 
cv272_20313.txt neg neg:0.6363475735347834 pos:0.36365242646521656 
cv925_9459.txt neg neg:0.7399586939541003 pos:0.26004130604589965 
cv412_25254.txt neg neg:0.9999970627054893 pos:2.9372945108721466E-6 
cv616_29187.txt neg neg:0.5850678450598612 pos:0.41493215494013885 
cv041_22364.txt neg neg:0.5837981997141379 pos:0.4162018002858622 
cv934_20426.txt neg neg:0.814068250414842 pos:0.18593174958515804 
cv122_7891.txt neg neg:0.9940134264464968 pos:0.005986573553503241 
cv249_12674.txt neg pos:0.7355976142392276 neg:0.26440238576077246 
cv888_25678.txt neg neg:0.8787203056260624 pos:0.1212796943739377 
cv262_13812.txt neg neg:0.5746433840280739 pos:0.4253566159719261 
cv294_12695.txt neg neg:0.5932010007555426 pos:0.4067989992444575 
cv403_6721.txt neg neg:0.8260893854207121 pos:0.1739106145792878 
cv306_10859.txt neg neg:0.8410451140802445 pos:0.1589548859197556 
cv159_29374.txt neg neg:0.6585360403409818 pos:0.34146395965901827 
cv023_13847.txt neg pos:0.9995111898920005 neg:4.888101079996065E-4 
cv685_5710.txt neg neg:0.8971618555879004 pos:0.10283814441209961 
cv512_17618.txt neg neg:0.8815702190373439 pos:0.11842978096265606 
cv639_10797.txt neg pos:0.9096327305481838 neg:0.0903672694518162 
cv243_22164.txt neg neg:0.9913714381401779 pos:0.00862856185982205 
cv653_2107.txt neg neg:0.6360637837130431 pos:0.3639362162869569 
cv485_26879.txt neg pos:0.8024160729687327 neg:0.19758392703126726 
cv068_14810.txt neg pos:0.6467282579826925 neg:0.3532717420173074 
cv404_21805.txt neg neg:0.5938869161726176 pos:0.4061130838273825 
cv113_24354.txt neg neg:0.958353976845256 pos:0.0416460231547439 
cv597_26744.txt neg pos:0.6041227525450126 neg:0.3958772474549874 
cv266_26644.txt neg pos:0.5822624408025597 neg:0.41773755919744027 
cv455_28866.txt neg pos:0.9222230931368485 neg:0.07777690686315154 
cv440_16891.txt neg neg:0.6352400818363569 pos:0.36475991816364295 
cv506_17521.txt neg neg:0.5 pos:0.5 
cv032_23718.txt neg pos:0.9906862832200986 neg:0.00931371677990153 
cv055_8926.txt neg neg:0.8284563923075294 pos:0.17154360769247046 
cv971_11790.txt neg pos:0.5649114497988775 neg:0.43508855020112247 
cv179_9533.txt neg pos:0.6214386282755714 neg:0.3785613717244285 
cv893_26731.txt neg neg:0.9951139991207554 pos:0.004886000879244705 
cv042_11927.txt neg neg:0.6746298242360049 pos:0.325370175763995 
cv989_17297.txt neg neg:0.7896316905301639 pos:0.21036830946983615 
cv003_12683.txt neg pos:0.6534055274975974 neg:0.34659447250240266 
cv857_17527.txt neg neg:0.5806451277892508 pos:0.4193548722107492 
cv606_17672.txt neg neg:0.5418373937753281 pos:0.45816260622467175 
cv797_7245.txt neg neg:0.8089363541020853 pos:0.19106364589791455 
cv866_29447.txt neg neg:0.6718340412333601 pos:0.32816595876664 
cv125_9636.txt neg neg:0.739071691498322 pos:0.2609283085016781 
cv086_19488.txt neg neg:0.9287094911365505 pos:0.0712905088634495 
cv605_12730.txt neg pos:0.6673633108584661 neg:0.3326366891415338 
cv941_10718.txt neg neg:0.5049936644994991 pos:0.4950063355005009 
cv193_5393.txt neg neg:0.725179642636809 pos:0.27482035736319105 
cv184_26935.txt neg neg:0.9184076361750382 pos:0.0815923638249618 
cv045_25077.txt neg neg:0.8700574307166158 pos:0.12994256928338413 
cv914_2856.txt neg neg:0.655914056542859 pos:0.34408594345714105 
cv630_10152.txt neg neg:0.9953009964160902 pos:0.0046990035839097775 
cv239_29828.txt neg neg:0.5896626468381285 pos:0.41033735316187153 
cv336_10363.txt neg neg:0.8281631503786733 pos:0.1718368496213268 
cv372_6654.txt neg neg:0.7224536509802426 pos:0.27754634901975744 
cv204_8930.txt neg neg:0.8714420453862912 pos:0.12855795461370884 
cv395_11761.txt neg neg:0.7093437399985397 pos:0.2906562600014602 
cv815_23466.txt neg neg:0.7210541710727943 pos:0.2789458289272056 
cv520_13297.txt neg neg:0.9106529592362148 pos:0.08934704076378516 
cv651_11120.txt neg neg:0.892193369680396 pos:0.10780663031960402 
cv508_17742.txt neg neg:0.5906870316332727 pos:0.4093129683667273 
cv079_12766.txt neg neg:0.999403122687299 pos:5.968773127009369E-4 
cv752_25330.txt neg neg:0.6196362611768136 pos:0.38036373882318636 
cv629_16604.txt neg neg:0.6770724351992059 pos:0.32292756480079415 
cv556_16563.txt neg neg:0.6512724996254381 pos:0.34872750037456196 
cv907_3193.txt neg pos:0.9324523077614868 neg:0.06754769223851327 
cv977_4776.txt neg pos:0.7155171056405529 neg:0.28448289435944707 
cv776_21934.txt neg pos:0.7108753834110271 neg:0.289124616588973 
cv080_14899.txt neg pos:0.8975078034539126 neg:0.10249219654608749 
cv074_7188.txt neg neg:0.8181378969150896 pos:0.1818621030849103 
cv598_16452.txt pos neg:0.8034903502244202 pos:0.19650964977557978 
cv412_24095.txt pos neg:0.785617386304113 pos:0.21438261369588696 
cv351_15458.txt pos neg:0.6732482863931113 pos:0.32675171360688876 
cv641_12349.txt pos pos:0.8481319822931792 neg:0.15186801770682082 
cv798_23531.txt pos neg:0.8772989489986559 pos:0.12270105100134403 
cv524_23627.txt pos neg:0.5333580300718199 pos:0.46664196992818013 
cv626_7410.txt pos neg:0.7586715064935687 pos:0.24132849350643118 
cv688_7368.txt pos pos:0.7043907560941063 neg:0.29560924390589377 
cv152_8736.txt pos neg:0.7734267515755677 pos:0.22657324842443227 
cv784_14394.txt pos pos:0.5108385286358285 neg:0.48916147136417154 
cv162_10424.txt pos pos:0.7558903632689442 neg:0.2441096367310557 
cv284_19119.txt pos pos:0.9217726089040823 neg:0.07822739109591773 
cv206_14293.txt pos pos:0.9997756648165215 neg:2.243351834784298E-4 
cv288_18791.txt pos pos:0.9744740011856117 neg:0.025525998814388256 
cv731_4136.txt pos pos:0.8915044647764901 neg:0.10849553522350978 
cv090_0042.txt pos pos:0.5413462313048102 neg:0.45865376869518987 
cv377_7946.txt pos pos:0.998940145335521 neg:0.0010598546644789858 
cv238_12931.txt pos neg:0.8627629281087762 pos:0.13723707189122392 
cv110_27788.txt pos neg:0.9931387039093583 pos:0.006861296090641589 
cv005_29443.txt pos pos:0.934838938270538 neg:0.06516106172946205 
cv443_21118.txt pos neg:0.938123185186922 pos:0.061876814813078 
cv276_15684.txt pos neg:0.7969935995810086 pos:0.20300640041899143 
cv369_12886.txt pos pos:0.9634597409798086 neg:0.036540259020191465 
cv640_5378.txt pos pos:0.5672230003078739 neg:0.43277699969212613 
cv311_16002.txt pos neg:0.8513081492237438 pos:0.14869185077625632 
cv218_24352.txt pos neg:0.5964497766553185 pos:0.40355022334468155 
cv392_11458.txt pos neg:0.7408852889688697 pos:0.25911471103113026 
cv543_5045.txt pos neg:0.7338660378620598 pos:0.26613396213794016 
cv225_29224.txt pos pos:0.6027652820508458 neg:0.39723471794915416 
cv118_28980.txt pos pos:0.6983233733654761 neg:0.3016766266345238 
cv876_9390.txt pos neg:0.5170134688936365 pos:0.4829865311063634 
cv764_11739.txt pos neg:0.8948131129642339 pos:0.10518688703576613 
cv987_6965.txt pos neg:0.5890650782013184 pos:0.41093492179868163 
cv914_28742.txt pos neg:0.5906870316332727 pos:0.4093129683667273 
cv569_26381.txt pos pos:0.7440131526088368 neg:0.2559868473911633 
cv329_29370.txt pos neg:0.7457391230539548 pos:0.25426087694604516 
cv109_21172.txt pos neg:0.954219472957308 pos:0.04578052704269187 
cv257_10975.txt pos pos:0.8840986008908458 neg:0.1159013991091542 
cv787_13743.txt pos neg:0.515383861137693 pos:0.484616138862307 
cv282_6653.txt pos pos:0.7889964938125436 neg:0.21100350618745642 
cv479_5649.txt pos neg:0.5571485121230129 pos:0.442851487876987 
cv751_15719.txt pos pos:0.9896573915823018 neg:0.01034260841769823 
cv199_9629.txt pos pos:0.9949889039393488 neg:0.005011096060651147 
cv810_12458.txt pos pos:0.9291169970238968 neg:0.07088300297610323 
cv326_13295.txt pos neg:0.5248257478565538 pos:0.47517425214344616 
cv381_20172.txt pos pos:0.731379577554069 neg:0.2686204224459309 
cv570_29082.txt pos neg:0.5043737670785737 pos:0.4956262329214262 
cv445_25882.txt pos neg:0.6820078384114955 pos:0.31799216158850463 
cv803_8207.txt pos pos:0.9692834555002519 neg:0.03071654449974809 
cv355_16413.txt pos pos:0.9976657467103301 neg:0.0023342532896699704 
cv366_10221.txt pos neg:0.898522514473778 pos:0.10147748552622209 
cv752_24155.txt pos pos:0.9610603102890123 neg:0.03893968971098776 
cv726_4719.txt pos pos:0.8642069554481411 neg:0.13579304455185887 
cv748_12786.txt pos pos:0.7642225391067576 neg:0.23577746089324228 
cv702_11500.txt pos neg:0.8265697534494613 pos:0.17343024655053876 
cv781_5262.txt pos neg:0.7409992002212649 pos:0.259000799778735 
cv507_9220.txt pos neg:0.9806536359878314 pos:0.01934636401216862 
cv849_15729.txt pos pos:0.8309661808434058 neg:0.1690338191565942 
cv978_20929.txt pos neg:0.901265394718119 pos:0.09873460528188117 
cv158_10390.txt pos pos:0.9993884060283165 neg:6.115939716836394E-4 
cv826_11834.txt pos pos:0.6445463748855333 neg:0.3554536251144666 
cv675_21588.txt pos neg:0.5916904222813754 pos:0.40830957771862464 
cv328_10373.txt pos pos:0.9999878955821827 neg:1.2104417817367484E-5 
cv618_8974.txt pos pos:0.9875108347802151 neg:0.01248916521978486 
cv546_11767.txt pos neg:0.6286622468303213 pos:0.3713377531696787 
cv462_19350.txt pos pos:0.6464634901471161 neg:0.3535365098528839 
cv560_17175.txt pos pos:0.999687576297359 neg:3.1242370264083125E-4 
cv926_17059.txt pos pos:0.6242540072931394 neg:0.3757459927068607 
cv039_6170.txt pos neg:0.5987730948372681 pos:0.40122690516273185 
cv435_23110.txt pos neg:0.5786022423154934 pos:0.42139775768450666 
cv529_10420.txt pos pos:0.5593789275851487 neg:0.4406210724148512 
cv419_13394.txt pos neg:0.9148824124814676 pos:0.0851175875185325 
cv094_27889.txt pos neg:0.7995025406332313 pos:0.20049745936676858 
cv817_4041.txt pos neg:0.9958832976547921 pos:0.004116702345207813 
cv004_11636.txt pos neg:0.7741054840540187 pos:0.22589451594598134 
cv432_14224.txt pos neg:0.9986139389608004 pos:0.0013860610391994664 
cv201_6997.txt pos neg:0.6500841651525427 pos:0.3499158348474573 
cv684_11798.txt pos pos:0.9774385714617541 neg:0.022561428538246046 
cv656_24201.txt pos pos:0.6443349500297992 neg:0.3556650499702008 
cv037_18510.txt pos pos:0.8092578772097208 neg:0.19074212279027938 
cv824_8838.txt pos neg:0.6138909327629704 pos:0.3861090672370297 
cv901_11017.txt pos neg:0.7613781750968827 pos:0.23862182490311734 
cv910_20488.txt pos neg:0.8402078331058417 pos:0.15979216689415843 
cv563_17257.txt pos neg:0.5189597032119283 pos:0.4810402967880717 
cv578_15094.txt pos neg:0.7518453001729666 pos:0.24815469982703348 
cv261_10954.txt pos pos:0.998011369200304 neg:0.0019886307996959925 
cv271_13837.txt pos pos:0.5161862874841904 neg:0.48381371251580957 
cv139_12873.txt pos neg:0.8455801247969762 pos:0.15441987520302375 
cv953_6836.txt pos pos:0.9978803477169715 neg:0.0021196522830283717 
cv505_12090.txt pos pos:0.9997935748216655 neg:2.0642517833439488E-4 
cv022_12864.txt pos neg:0.7540492361195648 pos:0.2459507638804352 
cv937_9811.txt pos neg:0.6522780960731664 pos:0.34772190392683355 
cv459_20319.txt pos pos:0.5142801732877259 neg:0.48571982671227415 
cv610_2287.txt pos neg:0.9121461050588039 pos:0.0878538949411962 
cv644_17154.txt pos pos:0.6667981068668927 neg:0.33320189313310733 
cv144_5007.txt pos neg:0.6639516712185229 pos:0.3360483287814771 
cv337_29181.txt pos pos:0.8837840696078786 neg:0.11621593039212146 
cv274_25253.txt pos pos:0.9999482264211957 neg:5.177357880418278E-5 
cv364_12901.txt pos pos:0.8761466178662257 neg:0.12385338213377428 
cv182_7281.txt pos pos:0.8154980241165908 neg:0.18450197588340914 
Trial 0 Trainer NaiveBayesTrainer Training Data Confusion Matrix
Confusion Matrix, row=true, column=predicted  accuracy=0.8855555555555555
  label   0   1  |total
  0 neg 862  38  |900
  1 pos 168 732  |900

Trial 0 Trainer NaiveBayesTrainer training data accuracy= 0.8855555555555555
Trial 0 Trainer NaiveBayesTrainer Test Data Confusion Matrix
Confusion Matrix, row=true, column=predicted  accuracy=0.625
  label   0   1  |total
  0 neg  76  24  |100
  1 pos  51  49  |100

Trial 0 Trainer NaiveBayesTrainer test data accuracy= 0.625

NaiveBayesTrainer
Summary. train accuracy mean = 0.8855555555555555 stddev = 0.0 stderr = 0.0
Summary. test accuracy mean = 0.625 stddev = 0.0 stderr = 0.0
