
-------------------- Trial 0  --------------------

Trial 0 Training NaiveBayesTrainer with 1800 instances
Trial 0 Training NaiveBayesTrainer finished
Trial 0 Trainer NaiveBayesTrainer
 Raw Testing Data
cv998_14111.txt pos pos:0.9999999997380231 neg:2.619769153443815E-10 
cv383_14662.txt neg neg:0.9999999998118023 pos:1.8819764464386539E-10 
cv051_10751.txt neg neg:0.9999998992296794 pos:1.0077032054588362E-7 
cv652_13972.txt pos pos:0.9995442852451021 neg:4.557147548979631E-4 
cv394_5311.txt neg neg:0.9999999999999998 pos:2.0973784185775217E-16 
cv338_8821.txt pos pos:0.9999998450700707 neg:1.5492992922753423E-7 
cv758_9740.txt neg neg:0.9999999999999967 pos:3.4072310899729375E-15 
cv100_11528.txt pos pos:0.9998489704114737 neg:1.510295885263075E-4 
cv457_19546.txt neg pos:0.793919278119598 neg:0.206080721880402 
cv600_25043.txt neg neg:0.661037529815598 pos:0.338962470184402 
cv836_12968.txt pos pos:1.0 neg:4.534204754035494E-32 
cv222_18720.txt neg neg:0.9999999999916263 pos:8.37385335861732E-12 
cv240_15948.txt neg neg:0.6912369640766227 pos:0.30876303592337734 
cv192_14395.txt pos pos:0.999999999999605 neg:3.9506663548024863E-13 
cv215_23246.txt neg neg:0.9996679887966411 pos:3.320112033589502E-4 
cv813_6649.txt neg neg:0.9999999989068336 pos:1.0931663935240174E-9 
cv856_28882.txt neg neg:0.9997189451685105 pos:2.810548314895707E-4 
cv677_18938.txt neg neg:0.9999999966026456 pos:3.3973544047745115E-9 
cv127_14711.txt pos neg:0.9999999999902307 pos:9.769348921529834E-12 
cv447_27334.txt neg neg:0.99999999998411 pos:1.5889899179337713E-11 
cv841_3367.txt neg neg:0.9828387401454352 pos:0.017161259854564806 
cv660_23140.txt neg neg:0.9999999999995877 pos:4.1232890696021003E-13 
cv765_20429.txt neg neg:0.9999999999997946 pos:2.0541850989947209E-13 
cv694_4876.txt pos pos:0.9999999999999969 neg:3.145353170566915E-15 
cv187_12829.txt pos pos:1.0 neg:3.820790232903132E-17 
cv084_13566.txt pos pos:0.9986445097312907 neg:0.001355490268709334 
cv655_11154.txt pos neg:0.9994870811420017 pos:5.129188579982339E-4 
cv976_10724.txt neg neg:0.9999569283164126 pos:4.3071683587531214E-5 
cv740_12445.txt pos neg:0.9999986346160155 pos:1.3653839845889367E-6 
cv878_17204.txt neg neg:0.9999999987962893 pos:1.2037107622610432E-9 
cv885_12318.txt pos pos:0.9999982007737234 neg:1.799226276517365E-6 
cv316_6370.txt pos pos:0.9999984690270998 neg:1.5309729001532981E-6 
cv711_11665.txt pos pos:1.0 neg:2.7487134526620372E-21 
cv864_3416.txt pos pos:0.9999999995926097 neg:4.073902892137679E-10 
cv896_16071.txt pos pos:1.0 neg:8.589799816543138E-20 
cv753_10875.txt pos pos:0.9999999999999805 neg:1.9447346716882005E-14 
cv614_11320.txt neg neg:1.0 pos:1.4521627254859097E-18 
cv363_29273.txt neg pos:0.9824538584608802 neg:0.017546141539119695 
cv734_22821.txt neg pos:0.9634288858466162 neg:0.03657111415338383 
cv237_20635.txt neg pos:0.9999999826318392 neg:1.7368160773163735E-8 
cv059_28723.txt neg pos:0.9989561896303991 neg:0.0010438103696007856 
cv863_7424.txt pos pos:0.9999999999999303 neg:6.968546638444953E-14 
cv357_13156.txt pos pos:0.9999939180240736 neg:6.081975926347197E-6 
cv175_7375.txt neg neg:0.999999999999837 pos:1.6308375412614804E-13 
cv283_11963.txt neg neg:0.9999997924614614 pos:2.075385384964524E-7 
cv254_6027.txt pos pos:0.998004858019556 neg:0.0019951419804441124 
cv761_13769.txt neg pos:0.9999999999998579 neg:1.421523989999706E-13 
cv615_14182.txt pos pos:0.9999999584879207 neg:4.1512079419049675E-8 
cv095_28892.txt pos neg:0.7744992633860116 pos:0.2255007366139884 
cv513_6923.txt pos pos:0.9998794967034252 neg:1.2050329657471155E-4 
cv490_17872.txt pos pos:1.0 neg:4.245568377445503E-29 
cv358_11557.txt neg neg:0.99999999504063 pos:4.959370101641185E-9 
cv010_29198.txt pos pos:0.9042174304603904 neg:0.09578256953960962 
cv221_2695.txt pos neg:0.9987706249245378 pos:0.0012293750754622053 
cv665_29538.txt pos pos:0.99986137120477 neg:1.3862879522999282E-4 
cv521_15828.txt pos pos:0.9999999999956795 neg:4.32059826403899E-12 
cv801_25228.txt pos pos:0.999998489644146 neg:1.5103558539655219E-6 
cv400_20631.txt neg pos:0.7290615346330136 neg:0.2709384653669865 
cv610_24153.txt neg neg:0.9999999623016401 pos:3.769835985540304E-8 
cv158_10914.txt neg neg:0.999999952699858 pos:4.730014200371685E-8 
cv621_15984.txt neg neg:0.9999999999999998 pos:3.186484476702794E-16 
cv200_2915.txt pos pos:0.9999999999999793 neg:2.060498943903334E-14 
cv990_11591.txt pos pos:0.9999999934448756 neg:6.5551243951477905E-9 
cv663_14484.txt neg neg:0.9999999996886317 pos:3.1136819306467163E-10 
cv770_10451.txt pos pos:1.0 neg:1.343237793992733E-20 
cv063_28852.txt neg neg:1.0 pos:2.8852002711122402E-21 
cv842_5702.txt neg neg:0.9999999999999987 pos:1.3957467041410558E-15 
cv505_12926.txt neg neg:1.0 pos:8.937618640980831E-17 
cv108_15571.txt pos pos:0.9998906896360967 neg:1.0931036390323584E-4 
cv186_2396.txt neg neg:0.9999999997738389 pos:2.2616097989374976E-10 
cv312_29377.txt pos pos:0.9999999999999891 neg:1.0877452282788418E-14 
cv962_9813.txt neg neg:0.9999999913025975 pos:8.69740239310684E-9 
cv110_27832.txt neg neg:0.9291698018972203 pos:0.07083019810277982 
cv244_21649.txt pos pos:0.6803329810319322 neg:0.3196670189680678 
cv542_20359.txt neg pos:0.9999684010200498 neg:3.159897995024247E-5 
cv429_7439.txt pos pos:0.9974464795530975 neg:0.0025535204469026075 
cv873_19937.txt neg neg:0.9999929746086784 pos:7.025391321612812E-6 
cv881_13254.txt pos neg:0.5403723151485216 pos:0.45962768485147837 
cv538_28667.txt pos pos:0.9974139552010466 neg:0.002586044798953304 
cv927_11471.txt neg neg:0.9655290975351868 pos:0.03447090246481316 
cv868_12799.txt neg pos:0.9888638683691792 neg:0.011136131630820743 
cv668_18848.txt neg neg:1.0 pos:4.754467595762951E-19 
cv658_11186.txt neg neg:0.9999957240144016 pos:4.275985598416554E-6 
cv269_21732.txt pos pos:1.0 neg:1.3187617962362246E-20 
cv551_10565.txt pos pos:0.7624107478655929 neg:0.23758925213440713 
cv770_11061.txt neg neg:0.9999997866458359 pos:2.133541641358688E-7 
cv966_28832.txt pos pos:0.9999999999999962 neg:3.8818241345444514E-15 
cv676_21090.txt pos pos:0.9999999999999059 neg:9.413894085461276E-14 
cv669_22995.txt pos pos:0.9548965043407527 neg:0.04510349565924721 
cv670_2666.txt neg neg:0.9999999999235196 pos:7.648031891822124E-11 
cv972_26837.txt neg pos:0.9999986293964765 neg:1.3706035234890447E-6 
cv760_8977.txt neg pos:0.8030726094821561 neg:0.19692739051784391 
cv979_2029.txt neg neg:0.9999999993078754 pos:6.921245430960524E-10 
cv604_23339.txt neg neg:0.9382656183379254 pos:0.06173438166207454 
cv467_25773.txt pos pos:0.9983580809433256 neg:0.0016419190566743544 
cv593_10987.txt pos pos:0.9999227212713777 neg:7.727872862223515E-5 
cv680_10160.txt pos pos:0.99959283502042 neg:4.0716497958014823E-4 
cv743_17023.txt neg neg:0.9999997165636643 pos:2.834363358431233E-7 
cv330_29809.txt pos neg:0.9661502906315991 pos:0.033849709368400815 
cv496_10530.txt pos pos:0.9999996909947781 neg:3.090052218074857E-7 
cv890_3977.txt pos pos:0.9927294708437496 neg:0.007270529156250484 
cv194_12079.txt pos neg:0.992245849485907 pos:0.007754150514092938 
cv151_15771.txt pos pos:0.999999999999925 neg:7.507436081505302E-14 
cv567_29420.txt neg neg:0.9999925898125553 pos:7.410187444742616E-6 
cv902_13217.txt neg neg:0.99999999994644 pos:5.35600834606595E-11 
cv650_14340.txt pos pos:0.9997908370605657 neg:2.091629394344395E-4 
cv655_12055.txt neg neg:0.9999999921578689 pos:7.842131111503252E-9 
cv554_14678.txt neg neg:0.9999216177381419 pos:7.838226185812565E-5 
cv321_14191.txt neg neg:0.9999999469090387 pos:5.309096130883318E-8 
cv323_29633.txt neg neg:0.9999999999999967 pos:3.318585740524128E-15 
cv136_12384.txt neg neg:0.9999855460812973 pos:1.445391870265736E-5 
cv112_12178.txt neg neg:0.999999943298361 pos:5.6701639030978464E-8 
cv371_7630.txt pos pos:0.9999999999986162 neg:1.3837801805522959E-12 
cv946_20084.txt neg neg:0.9999999998563951 pos:1.436048129276184E-10 
cv653_19583.txt pos pos:0.9999999999999889 neg:1.0996751490199665E-14 
cv970_19532.txt neg neg:0.9999999999444871 pos:5.551294265823622E-11 
cv369_14245.txt neg neg:1.0 pos:3.3771869201888234E-17 
cv389_9369.txt pos pos:0.9998858597824235 neg:1.1414021757663575E-4 
cv265_11625.txt neg neg:0.9999999997995899 pos:2.0041011746246132E-10 
cv069_10801.txt pos pos:1.0 neg:1.8776051945713355E-24 
cv083_24234.txt pos pos:0.9999999999977947 neg:2.205261609522621E-12 
cv139_14236.txt neg neg:0.9999999998384965 pos:1.6150349021490997E-10 
cv093_13951.txt pos neg:0.9065086802670962 pos:0.09349131973290391 
cv546_12723.txt neg neg:0.999999994782826 pos:5.217173918166296E-9 
cv234_20643.txt pos pos:0.9999776080150053 neg:2.2391984994581863E-5 
cv361_28944.txt pos pos:0.9999999899647688 neg:1.0035231244415641E-8 
cv439_15970.txt pos pos:0.9988399869090365 neg:0.0011600130909634407 
cv388_12810.txt neg neg:0.9999985741148402 pos:1.425885159906862E-6 
cv789_12991.txt neg neg:0.9999999963984421 pos:3.601557894446114E-9 
cv219_18626.txt pos neg:0.994950288332261 pos:0.00504971166773908 
cv864_3087.txt neg neg:0.9999901013900028 pos:9.898609997240866E-6 
cv353_19197.txt neg neg:0.7134391255348675 pos:0.28656087446513234 
cv252_23779.txt pos pos:0.9999999999999998 neg:1.9353664861460179E-16 
cv227_25406.txt neg neg:1.0 pos:1.2122486225907704E-18 
cv947_10601.txt pos neg:0.9999999999263025 pos:7.36975950666345E-11 
cv513_7236.txt neg neg:0.9999999999947611 pos:5.23890680446101E-12 
cv025_3108.txt pos neg:0.9999999999030864 pos:9.691351054515283E-11 
cv128_29627.txt pos pos:0.9998481920398287 neg:1.5180796017134852E-4 
cv517_19219.txt pos pos:0.8818473892576031 neg:0.11815261074239697 
cv690_5425.txt neg neg:0.9999970740281816 pos:2.925971818317361E-6 
cv950_12350.txt pos pos:0.9258791381938563 neg:0.07412086180614379 
cv211_9953.txt pos pos:1.0 neg:2.47975180262211E-21 
cv642_29867.txt pos pos:0.9999991161066827 neg:8.838933172875275E-7 
cv636_16954.txt neg neg:0.9999999999999063 pos:9.374211244004561E-14 
cv332_16307.txt pos pos:0.9999999999989002 neg:1.0997248704339193E-12 
cv907_3541.txt pos pos:0.9999999883418708 neg:1.1658129307911538E-8 
cv246_28807.txt pos pos:0.9999999999999727 neg:2.7221904502106465E-14 
cv164_22447.txt pos pos:0.9999999999993796 neg:6.204942901574776E-13 
cv924_29540.txt pos pos:0.9999999825038514 neg:1.749614870827486E-8 
cv749_17765.txt pos pos:0.9999895611367844 neg:1.0438863215700433E-5 
cv289_6239.txt neg neg:0.9999721275864483 pos:2.7872413551844228E-5 
cv796_17243.txt neg neg:0.9921387948438324 pos:0.007861205156167745 
cv413_7893.txt neg neg:1.0 pos:3.8644813354844245E-17 
cv781_5358.txt neg neg:0.9999999999999971 pos:2.834812873749253E-15 
cv142_22516.txt pos pos:0.9999999984423042 neg:1.5576956889404533E-9 
cv544_5108.txt pos neg:0.9647906656480645 pos:0.03520933435193559 
cv003_11664.txt pos pos:0.9999999999998146 neg:1.8538160944485156E-13 
cv568_17065.txt neg neg:0.9999999999855116 pos:1.4488437999972989E-11 
cv319_14727.txt pos pos:0.8403317224926289 neg:0.15966827750737111 
cv040_8276.txt pos neg:0.9999991992291313 pos:8.007708687901051E-7 
cv189_24248.txt neg neg:0.9984955979936071 pos:0.0015044020063928795 
cv111_11473.txt pos neg:0.7608617560775948 pos:0.2391382439224053 
cv601_23453.txt pos pos:1.0 neg:4.123289148111959E-27 
cv616_29319.txt pos pos:0.9999999999998654 neg:1.3466989093495646E-13 
cv942_18509.txt neg neg:0.9977871683334016 pos:0.002212831666598448 
cv203_19052.txt neg neg:0.9960619550656222 pos:0.003938044934377811 
cv145_11472.txt pos neg:0.9905430672500242 pos:0.009456932749975881 
cv837_27325.txt pos pos:1.0 neg:9.817914295820716E-29 
cv794_15868.txt pos pos:0.6401288461426831 neg:0.35987115385731694 
cv992_12806.txt neg neg:0.9999999993186457 pos:6.813544099919532E-10 
cv835_19159.txt pos neg:0.718390161861506 pos:0.2816098381384941 
cv535_19728.txt pos neg:0.6025302377748251 pos:0.3974697622251748 
cv035_3343.txt neg pos:0.7078853225560537 neg:0.2921146774439462 
cv746_10147.txt pos pos:0.9999999999793756 neg:2.062444982368527E-11 
cv471_18405.txt neg neg:1.0 pos:8.227965846445344E-18 
cv488_19856.txt pos pos:0.9999999999999678 neg:3.209987656977608E-14 
cv426_10421.txt pos pos:0.9999999999999989 neg:1.1231004061722266E-15 
cv952_26375.txt neg neg:0.9978408952631059 pos:0.0021591047368941293 
cv142_23657.txt neg neg:0.5352805451383035 pos:0.4647194548616966 
cv319_16459.txt neg neg:0.9991588127527894 pos:8.41187247210649E-4 
cv194_12855.txt neg pos:0.9997059769818667 neg:2.940230181333456E-4 
cv951_10926.txt pos neg:0.7754090149530795 pos:0.2245909850469204 
cv160_10848.txt neg pos:0.997805157095981 neg:0.0021948429040189498 
cv661_2450.txt pos pos:1.0 neg:1.2127957728231525E-20 
cv785_23748.txt neg pos:0.9996152860406537 neg:3.847139593461862E-4 
cv291_26844.txt neg neg:0.9999995817651439 pos:4.182348560906842E-7 
cv444_9975.txt neg neg:0.9999002144211111 pos:9.978557888892792E-5 
cv433_10144.txt pos pos:1.0 neg:1.6211507016731495E-23 
cv146_19587.txt neg neg:0.9999999999946467 pos:5.353307995475253E-12 
cv748_14044.txt neg neg:0.999999999942041 pos:5.795887459177796E-11 
cv809_5012.txt neg neg:0.9999999910379739 pos:8.962026197144132E-9 
cv498_9288.txt neg neg:0.9999949005443383 pos:5.099455661718678E-6 
cv518_13331.txt pos neg:0.9520855836532937 pos:0.04791441634670627 
cv674_11593.txt neg neg:0.9994392243808287 pos:5.607756191713337E-4 
cv214_13285.txt neg neg:0.9999999953790586 pos:4.620941353988236E-9 
cv107_25639.txt neg neg:0.999999998088196 pos:1.911804023860269E-9 
cv904_24353.txt pos pos:0.9792960795777412 neg:0.02070392042225869 
cv116_28942.txt pos neg:0.9958896568574162 pos:0.004110343142583812 
cv955_25001.txt pos pos:0.999999998123686 neg:1.876313957215907E-9 
cv673_25874.txt neg neg:0.999999999595653 pos:4.0434706352080415E-10 
Trial 0 Trainer NaiveBayesTrainer Training Data Confusion Matrix
Confusion Matrix, row=true, column=predicted  accuracy=0.9622222222222222
  label   0   1  |total
  0 neg 883  17  |900
  1 pos  51 849  |900

Trial 0 Trainer NaiveBayesTrainer training data accuracy= 0.9622222222222222
Trial 0 Trainer NaiveBayesTrainer Test Data Confusion Matrix
Confusion Matrix, row=true, column=predicted  accuracy=0.82
  label   0   1  |total
  0 neg  85  15  |100
  1 pos  21  79  |100

Trial 0 Trainer NaiveBayesTrainer test data accuracy= 0.82

NaiveBayesTrainer
Summary. train accuracy mean = 0.9622222222222222 stddev = 0.0 stderr = 0.0
Summary. test accuracy mean = 0.82 stddev = 0.0 stderr = 0.0
