
-------------------- Trial 0  --------------------

Trial 0 Training NaiveBayesTrainer with 1800 instances
Trial 0 Training NaiveBayesTrainer finished
Trial 0 Trainer NaiveBayesTrainer
 Raw Testing Data
cv329_29293.txt neg neg:0.608388861111534 pos:0.391611138888466 
cv926_18471.txt neg pos:0.9999225770251164 neg:7.742297488354435E-5 
cv307_26382.txt neg neg:0.887594233495125 pos:0.11240576650487492 
cv565_29403.txt neg pos:0.6074987871517876 neg:0.3925012128482125 
cv109_22599.txt neg neg:0.5306871630789435 pos:0.4693128369210566 
cv476_18402.txt neg neg:0.6065406221220163 pos:0.3934593778779837 
cv366_10709.txt neg neg:0.8290787523811249 pos:0.170921247618875 
cv727_5006.txt neg neg:0.7906736814447224 pos:0.2093263185552777 
cv602_8830.txt neg neg:0.7605280035232296 pos:0.2394719964767705 
cv351_17029.txt neg neg:0.8832262819981165 pos:0.11677371800188356 
cv777_10247.txt neg pos:0.7552097849192267 neg:0.24479021508077334 
cv570_28960.txt neg neg:0.6819982407421954 pos:0.31800175925780455 
cv056_14663.txt neg pos:0.6082469584542091 neg:0.3917530415457909 
cv900_10800.txt neg neg:0.9956539703881061 pos:0.004346029611893844 
cv230_7913.txt neg neg:0.9096732132619733 pos:0.09032678673802684 
cv965_26688.txt neg neg:0.9386800363818563 pos:0.06131996361814367 
cv495_16121.txt neg neg:0.6293380554749745 pos:0.3706619445250255 
cv054_4101.txt neg neg:0.8505042115641873 pos:0.14949578843581263 
cv036_18385.txt neg neg:0.536968257073269 pos:0.46303174292673094 
cv739_12179.txt neg neg:0.6867834681380137 pos:0.31321653186198634 
cv574_23191.txt neg neg:0.8012463094415114 pos:0.19875369055848854 
cv006_17022.txt neg neg:0.9035375739107253 pos:0.09646242608927463 
cv555_25047.txt neg neg:0.5022958508687428 pos:0.4977041491312571 
cv609_25038.txt neg pos:0.8869042808550291 neg:0.11309571914497085 
cv251_23901.txt neg neg:0.9983451759082607 pos:0.001654824091739333 
cv441_15276.txt neg neg:0.9511790394278966 pos:0.048820960572103334 
cv763_16486.txt neg neg:0.5342766513029084 pos:0.4657233486970917 
cv197_29271.txt neg neg:0.5998555340671841 pos:0.4001444659328159 
cv944_15042.txt neg neg:0.9230516797340487 pos:0.07694832026595141 
cv058_8469.txt neg neg:0.6302373341339077 pos:0.3697626658660923 
cv740_13643.txt neg neg:0.6138201169502622 pos:0.38617988304973777 
cv880_29629.txt neg neg:0.60658525428927 pos:0.39341474571073004 
cv436_20564.txt neg neg:0.9037153471677492 pos:0.0962846528322509 
cv984_14006.txt neg pos:0.6207422867098493 neg:0.3792577132901508 
cv735_20218.txt neg pos:0.5506592291745325 neg:0.44934077082546753 
cv461_21124.txt neg neg:0.5248778860475887 pos:0.47512211395241133 
cv229_15200.txt neg neg:0.502643453114729 pos:0.49735654688527087 
cv278_14533.txt neg pos:0.9263828289696445 neg:0.0736171710303555 
cv995_23113.txt neg neg:0.9977193426388928 pos:0.0022806573611071222 
cv846_29359.txt neg pos:0.5626990769902606 neg:0.4373009230097394 
cv858_20266.txt neg neg:0.9989158652200091 pos:0.0010841347799909913 
cv872_13710.txt neg neg:0.8084179890098128 pos:0.19158201099018715 
cv539_21865.txt neg neg:0.9829597300331402 pos:0.017040269966859742 
cv484_26169.txt neg neg:0.8449135634217383 pos:0.15508643657826174 
cv324_7502.txt neg neg:0.6943683884041683 pos:0.3056316115958317 
cv386_10229.txt neg neg:0.8921585269225456 pos:0.10784147307745448 
cv087_2145.txt neg neg:0.5962487885269484 pos:0.4037512114730517 
cv287_17410.txt neg neg:0.8938083896004099 pos:0.10619161039959008 
cv848_10061.txt neg neg:0.8699288667639296 pos:0.13007113323607045 
cv368_11090.txt neg neg:0.9949379249158368 pos:0.005062075084163281 
cv464_17076.txt neg neg:0.6419486183104915 pos:0.35805138168950834 
cv768_12709.txt neg pos:0.8049226480730496 neg:0.19507735192695036 
cv246_28668.txt neg neg:0.8958272967097266 pos:0.10417270329027331 
cv850_18185.txt neg neg:0.7425009051459157 pos:0.25749909485408434 
cv840_18033.txt neg neg:0.7899195563066223 pos:0.21008044369337778 
cv046_10613.txt neg neg:0.9941385897973579 pos:0.00586141020264211 
cv742_8279.txt neg neg:0.6908897802216412 pos:0.3091102197783589 
cv264_14108.txt neg neg:0.904291860197568 pos:0.09570813980243195 
cv592_23391.txt neg neg:0.9973281947121507 pos:0.0026718052878492615 
cv582_6678.txt neg neg:0.6762587214057789 pos:0.3237412785942211 
cv684_12727.txt neg pos:0.6247936392385165 neg:0.37520636076148356 
cv414_11161.txt neg neg:0.8538495984178731 pos:0.14615040158212703 
cv703_17948.txt neg neg:0.8713030521508142 pos:0.12869694784918573 
cv168_7435.txt neg neg:0.6367294035768882 pos:0.3632705964231117 
cv807_23024.txt neg neg:0.999999515410554 pos:4.845894459009354E-7 
cv050_12128.txt neg neg:0.9479440531136134 pos:0.05205594688638658 
cv064_25842.txt neg pos:0.6847599240928015 neg:0.3152400759071985 
cv571_29292.txt neg neg:0.7324458011362499 pos:0.2675541988637501 
cv871_25971.txt neg neg:0.9052713173250343 pos:0.09472868267496566 
cv356_26170.txt neg neg:0.8819360035013245 pos:0.11806399649867541 
cv451_11502.txt neg neg:0.9977523812951211 pos:0.002247618704878914 
cv327_21743.txt neg neg:0.9755654365265536 pos:0.02443456347344646 
cv458_9000.txt neg pos:0.7455647327959462 neg:0.2544352672040538 
cv416_12048.txt neg pos:0.6101066890200331 neg:0.38989331097996693 
cv532_6495.txt neg neg:0.6206880895243275 pos:0.3793119104756724 
cv011_13044.txt neg neg:0.9181020773221208 pos:0.08189792267787925 
cv155_7845.txt neg neg:0.9430252561416036 pos:0.05697474385839641 
cv847_20855.txt neg neg:0.9367436240205792 pos:0.06325637597942083 
cv772_12971.txt neg neg:0.9018976262265181 pos:0.0981023737734819 
cv187_14112.txt neg pos:0.6854734298565486 neg:0.31452657014345137 
cv918_27080.txt neg neg:0.8743901453496475 pos:0.1256098546503525 
cv258_5627.txt neg pos:0.676757907184704 neg:0.32324209281529603 
cv288_20212.txt neg neg:0.907599245390081 pos:0.09240075460991905 
cv833_11961.txt neg neg:0.826606685157565 pos:0.17339331484243506 
cv603_18885.txt neg pos:0.8411797018855992 neg:0.15882029811440093 
cv892_18788.txt neg neg:0.8584810431388252 pos:0.14151895686117477 
cv786_23608.txt neg neg:0.737060257709135 pos:0.262939742290865 
cv885_13390.txt neg neg:0.8059883005143552 pos:0.1940116994856447 
cv859_15689.txt neg neg:0.8253796421233706 pos:0.1746203578766294 
cv649_13947.txt neg neg:0.7092988531122838 pos:0.2907011468877161 
cv318_11146.txt neg neg:0.9879829339739012 pos:0.012017066026098628 
cv573_29384.txt neg pos:0.561460734086603 neg:0.438539265913397 
cv210_9557.txt neg pos:0.7266729946339756 neg:0.27332700536602444 
cv706_25883.txt neg neg:0.7205976039025223 pos:0.27940239609747775 
cv953_7078.txt neg neg:0.8755668211092058 pos:0.12443317889079408 
cv228_5644.txt neg neg:0.8561347427114355 pos:0.14386525728856456 
cv755_24881.txt neg neg:0.9992917649836934 pos:7.08235016306633E-4 
cv551_11214.txt neg neg:0.9357867598255216 pos:0.06421324017447841 
cv123_12165.txt neg neg:0.8685823238560465 pos:0.13141767614395353 
cv784_16077.txt neg neg:0.8822671352655573 pos:0.11773286473444267 
cv981_14989.txt pos neg:0.8711307029954279 pos:0.1288692970045721 
cv758_9671.txt pos pos:0.8596939615740777 neg:0.1403060384259222 
cv463_10343.txt pos neg:0.5722030171440786 pos:0.42779698285592144 
cv106_16807.txt pos neg:0.6052220358421118 pos:0.39477796415788824 
cv944_13521.txt pos neg:0.9640179028304118 pos:0.03598209716958813 
cv296_12251.txt pos neg:0.6493122260859531 pos:0.3506877739140469 
cv695_21108.txt pos pos:0.9998314218138072 neg:1.6857818619275326E-4 
cv587_19162.txt pos pos:0.6616455846224356 neg:0.3383544153775644 
cv165_22619.txt pos pos:0.8530578203130424 neg:0.14694217968695758 
cv865_2895.txt pos pos:0.77203276391892 neg:0.22796723608108005 
cv307_25270.txt pos pos:0.9437214908954695 neg:0.05627850910453033 
cv777_10094.txt pos neg:0.562017923157159 pos:0.437982076842841 
cv418_14774.txt pos neg:0.7625252045063059 pos:0.237474795493694 
cv387_11507.txt pos neg:0.7750953986363899 pos:0.2249046013636101 
cv889_21430.txt pos pos:0.5480361508937828 neg:0.45196384910621723 
cv052_29378.txt pos neg:0.5982828014027481 pos:0.4017171985972518 
cv725_10103.txt pos neg:0.6972686437514486 pos:0.3027313562485514 
cv130_17083.txt pos pos:0.6492795004808213 neg:0.35072049951917883 
cv550_22211.txt pos neg:0.9845049732339399 pos:0.015495026766059943 
cv577_28549.txt pos pos:0.9867184617768497 neg:0.013281538223150336 
cv613_21796.txt pos pos:0.9760291050268685 neg:0.023970894973131603 
cv414_10518.txt pos pos:0.9939048506908751 neg:0.006095149309124849 
cv703_16143.txt pos neg:0.7674720351226718 pos:0.23252796487732827 
cv104_18134.txt pos pos:0.7262576917904816 neg:0.2737423082095184 
cv475_21692.txt pos pos:0.9997727114141379 neg:2.2728858586196945E-4 
cv547_16324.txt pos pos:0.8126984905261142 neg:0.18730150947388582 
cv809_5009.txt pos pos:0.6930910009500552 neg:0.3069089990499449 
cv430_17351.txt pos neg:0.6561198101187501 pos:0.3438801898812499 
cv474_10209.txt pos pos:0.7230190355617787 neg:0.2769809644382213 
cv000_29590.txt pos neg:0.8763141164674708 pos:0.12368588353252916 
cv469_20630.txt pos pos:0.8498657978599395 neg:0.15013420214006049 
cv977_4938.txt pos neg:0.7140975150549969 pos:0.2859024849450031 
cv015_29439.txt pos pos:0.8550758877174727 neg:0.1449241122825272 
cv771_28665.txt pos pos:0.9999685407640516 neg:3.145923594833033E-5 
cv763_14729.txt pos neg:0.6585913837029561 pos:0.3414086162970439 
cv611_21120.txt pos neg:0.5556377692697262 pos:0.4443622307302738 
cv585_22496.txt pos pos:0.986927655530528 neg:0.01307234446947209 
cv906_11491.txt pos neg:0.6815872091294999 pos:0.3184127908705 
cv868_11948.txt pos pos:0.5140616661147758 neg:0.4859383338852243 
cv696_29740.txt pos pos:0.8268203748326534 neg:0.1731796251673466 
cv974_22941.txt pos neg:0.647711944016714 pos:0.352288055983286 
cv605_11800.txt pos pos:0.8732802275048009 neg:0.12671977249519906 
cv160_10362.txt pos pos:0.5199375071085345 neg:0.4800624928914656 
cv692_15451.txt pos pos:0.9883168324362741 neg:0.011683167563725871 
cv176_12857.txt pos pos:0.6554181019123201 neg:0.3445818980876799 
cv401_12605.txt pos pos:0.9893440896858587 neg:0.010655910314141271 
cv559_0050.txt pos pos:0.8404668302858801 neg:0.1595331697141198 
cv403_6621.txt pos neg:0.7205559974973557 pos:0.2794440025026443 
cv035_3954.txt pos neg:0.634400384561934 pos:0.3655996154380659 
cv473_7367.txt pos neg:0.61749319817324 pos:0.38250680182675995 
cv624_10744.txt pos pos:0.9657452511768562 neg:0.034254748823143874 
cv683_12167.txt pos pos:0.9943638705515977 neg:0.005636129448402339 
cv461_19600.txt pos pos:0.9116970790617368 neg:0.08830292093826325 
cv633_29837.txt pos pos:0.9994769948599936 neg:5.230051400062413E-4 
cv054_4230.txt pos pos:0.7209547663251455 neg:0.27904523367485456 
cv832_23275.txt pos pos:0.7442720687631823 neg:0.25572793123681775 
cv478_14309.txt pos pos:0.9729200155177475 neg:0.027079984482252496 
cv940_17705.txt pos pos:0.8481228728990978 neg:0.15187712710090223 
cv107_24319.txt pos pos:0.7510238392002972 neg:0.2489761607997027 
cv302_25649.txt pos pos:0.8764774030364892 neg:0.12352259696351066 
cv884_13632.txt pos neg:0.6607502205631677 pos:0.3392497794368322 
cv619_12462.txt pos pos:0.5135692706588388 neg:0.4864307293411612 
cv273_29112.txt pos neg:0.5054543154920079 pos:0.4945456845079921 
cv359_6647.txt pos pos:0.8414707618233632 neg:0.15852923817663675 
cv945_12160.txt pos neg:0.7623815719800501 pos:0.23761842801994987 
cv841_3967.txt pos neg:0.6249793719465587 pos:0.3750206280534412 
cv125_9391.txt pos pos:0.7399897026104766 neg:0.2600102973895234 
cv212_10027.txt pos neg:0.970007730800534 pos:0.02999226919946602 
cv262_12649.txt pos pos:0.6913075636423889 neg:0.308692436357611 
cv487_10446.txt pos neg:0.7525591068037149 pos:0.24744089319628518 
cv820_22892.txt pos neg:0.7925856487010534 pos:0.2074143512989466 
cv092_28017.txt pos pos:0.7714433817054206 neg:0.2285566182945794 
cv007_4968.txt pos pos:0.8128085240500265 neg:0.18719147594997348 
cv807_21740.txt pos neg:0.9073425659219283 pos:0.0926574340780716 
cv395_10849.txt pos neg:0.5354629419674356 pos:0.46453705803256434 
cv171_13537.txt pos pos:0.7181973435797263 neg:0.28180265642027363 
cv823_15569.txt pos neg:0.5959989119935536 pos:0.40400108800644635 
cv493_12839.txt pos neg:0.6221314726271476 pos:0.3778685273728524 
cv718_11434.txt pos pos:0.6091571182384967 neg:0.3908428817615034 
cv561_9201.txt pos neg:0.6215547065553231 pos:0.3784452934446769 
cv892_17576.txt pos pos:0.7229951931095269 neg:0.27700480689047313 
cv002_15918.txt pos neg:0.6493386766711441 pos:0.35066132332885586 
cv938_10220.txt pos neg:0.7139044513923329 pos:0.2860955486076671 
cv157_29372.txt pos neg:0.6990749461866463 pos:0.30092505381335366 
cv678_13419.txt pos pos:0.998879770839074 neg:0.0011202291609260888 
cv855_20661.txt pos neg:0.6986538529090947 pos:0.30134614709090535 
cv373_20404.txt pos neg:0.6519432290608165 pos:0.3480567709391834 
cv542_18980.txt pos pos:0.8625203664189913 neg:0.13747963358100868 
cv967_5788.txt pos pos:0.9703784506059817 neg:0.02962154939401831 
cv526_12083.txt pos pos:0.9924633887319945 neg:0.007536611268005491 
cv098_15435.txt pos neg:0.9790965011604685 pos:0.020903498839531392 
cv169_23778.txt pos pos:0.9999968823875536 neg:3.117612446512999E-6 
cv131_10713.txt pos pos:0.6339578275510015 neg:0.3660421724489985 
cv140_7479.txt pos pos:0.5104647896793069 neg:0.4895352103206931 
cv358_10691.txt pos pos:0.9593620645349733 neg:0.04063793546502662 
cv645_15668.txt pos neg:0.6011234179158644 pos:0.39887658208413557 
cv436_19179.txt pos pos:0.9660061551118999 neg:0.033993844888100234 
cv905_29114.txt pos pos:0.9838195361799974 neg:0.016180463820002683 
cv486_9799.txt pos pos:0.9867505620687343 neg:0.01324943793126565 
cv281_23253.txt pos neg:0.625912133277382 pos:0.37408786672261796 
Trial 0 Trainer NaiveBayesTrainer Training Data Confusion Matrix
Confusion Matrix, row=true, column=predicted  accuracy=0.8755555555555555
  label   0   1  |total
  0 neg 850  50  |900
  1 pos 174 726  |900

Trial 0 Trainer NaiveBayesTrainer training data accuracy= 0.8755555555555555
Trial 0 Trainer NaiveBayesTrainer Test Data Confusion Matrix
Confusion Matrix, row=true, column=predicted  accuracy=0.695
  label   0   1  |total
  0 neg  81  19  |100
  1 pos  42  58  |100

Trial 0 Trainer NaiveBayesTrainer test data accuracy= 0.695

NaiveBayesTrainer
Summary. train accuracy mean = 0.8755555555555555 stddev = 0.0 stderr = 0.0
Summary. test accuracy mean = 0.695 stddev = 0.0 stderr = 0.0
