
-------------------- Trial 0  --------------------

Trial 0 Training NaiveBayesTrainer with 1800 instances
Trial 0 Training NaiveBayesTrainer finished
Trial 0 Trainer NaiveBayesTrainer
 Raw Testing Data
cv601_24759.txt neg neg:0.9999999999962319 pos:3.76817643591647E-12 
cv662_13320.txt pos pos:0.864504821761708 neg:0.13549517823829213 
cv361_28738.txt neg neg:0.9999840046837698 pos:1.5995316230288515E-5 
cv681_9692.txt pos pos:0.9988171232810931 neg:0.0011828767189070437 
cv906_12332.txt neg neg:0.9999999999998428 pos:1.57288447788763E-13 
cv453_10379.txt pos pos:1.0 neg:4.9974985614511295E-23 
cv285_16494.txt pos pos:0.9999975355096181 neg:2.464490381919287E-6 
cv583_29692.txt pos pos:0.9998086547138126 neg:1.9134528618728743E-4 
cv211_9955.txt neg neg:0.9999999997807989 pos:2.1920114827397204E-10 
cv564_11110.txt pos neg:0.9966184341010741 pos:0.003381565898925814 
cv365_12442.txt neg neg:1.0 pos:2.6591500489205976E-18 
cv935_24977.txt neg neg:0.999999999670045 pos:3.2995505648159604E-10 
cv071_12095.txt pos pos:0.9998951102648362 neg:1.0488973516367263E-4 
cv690_5619.txt pos neg:0.9900343436973699 pos:0.009965656302630074 
cv988_18740.txt pos pos:1.0 neg:3.4447030802096136E-21 
cv156_11119.txt neg neg:0.5700402462710974 pos:0.4299597537289026 
cv413_7398.txt pos pos:0.9999999997618372 neg:2.3816280710456106E-10 
cv338_9183.txt neg pos:0.6685900809271117 neg:0.33140991907288825 
cv337_29061.txt neg neg:0.9999999973742364 pos:2.6257634928059677E-9 
cv657_24513.txt pos pos:0.9999999999985723 neg:1.4277555008358767E-12 
cv620_24265.txt pos pos:0.9226177131712088 neg:0.07738228682879131 
cv317_25111.txt neg neg:0.7101341327118846 pos:0.2898658672881153 
cv220_29059.txt pos pos:1.0 neg:1.101514498684009E-17 
cv939_10583.txt pos pos:0.9997329256383972 neg:2.6707436160287136E-4 
cv627_12603.txt neg neg:0.9424253985492886 pos:0.05757460145071143 
cv289_6463.txt pos pos:0.999806674297319 neg:1.9332570268100084E-4 
cv495_14518.txt pos neg:0.9999999823181182 pos:1.7681881825299903E-8 
cv376_20883.txt neg neg:0.9991318590728023 pos:8.681409271977137E-4 
cv933_24953.txt neg neg:0.9999999999999405 pos:5.95006898460728E-14 
cv666_20301.txt neg neg:0.6054032216725446 pos:0.39459677832745543 
cv172_11131.txt pos pos:0.9999999241586306 neg:7.584136932308026E-8 
cv842_5866.txt pos neg:0.9999999194990601 pos:8.05009398620892E-8 
cv099_10534.txt pos pos:0.999999517537938 neg:4.824620619033686E-7 
cv354_8573.txt neg neg:0.9999406403512268 pos:5.935964877323355E-5 
cv859_14107.txt pos pos:0.9999999999080955 neg:9.190454339568912E-11 
cv762_13927.txt pos pos:1.0 neg:7.531086433118144E-23 
cv599_20988.txt pos neg:0.9990722270953958 pos:9.277729046040908E-4 
cv843_17054.txt neg neg:0.9999999975444163 pos:2.455583652223215E-9 
cv508_16006.txt pos pos:0.9999999999999998 neg:2.5220243735649697E-16 
cv423_12089.txt neg neg:0.9999999999999516 pos:4.837071107936748E-14 
cv286_25050.txt pos pos:1.0 neg:3.470507887330378E-23 
cv425_8250.txt pos pos:0.9990838953444491 neg:9.161046555509355E-4 
cv270_6079.txt pos pos:0.9671102715204128 neg:0.03288972847958727 
cv477_23530.txt neg neg:0.5906945464046521 pos:0.4093054535953478 
cv875_5622.txt neg neg:0.9959185970163864 pos:0.004081402983613626 
cv713_29002.txt neg pos:0.9685608003665986 neg:0.03143919963340124 
cv917_29484.txt neg neg:0.9999999999956695 pos:4.330434890581126E-12 
cv247_13142.txt pos pos:0.9999996855813404 neg:3.14418659442657E-7 
cv002_17424.txt neg neg:0.9999999999988132 pos:1.1867771926837284E-12 
cv725_10266.txt neg neg:0.9999999094057395 pos:9.059426061419655E-8 
cv548_17731.txt pos pos:0.982168477775244 neg:0.017831522224756133 
cv165_2389.txt neg neg:0.9997045253322533 pos:2.954746677466292E-4 
cv662_14791.txt neg neg:0.9998827906590936 pos:1.172093409064808E-4 
cv798_24779.txt neg neg:0.6632125998816174 pos:0.3367874001183826 
cv913_29252.txt pos pos:0.9999993480953668 neg:6.519046330973023E-7 
cv328_10908.txt neg neg:0.6518186200662786 pos:0.34818137993372145 
cv949_20112.txt pos pos:0.7350689434098876 neg:0.26493105659011246 
cv405_20399.txt pos neg:0.9997747424192085 pos:2.2525758079153482E-4 
cv057_7453.txt pos neg:0.9536133496274438 pos:0.04638665037255616 
cv249_11640.txt pos pos:0.9990760144884782 neg:9.239855115217603E-4 
cv929_1841.txt neg neg:0.9999998682041551 pos:1.3179584495822954E-7 
cv121_17302.txt pos pos:0.9999999997868672 neg:2.1313294266879196E-10 
cv472_29280.txt pos neg:0.9983593024487294 pos:0.001640697551270591 
cv658_10532.txt pos pos:0.9999999992563267 neg:7.43673348750465E-10 
cv150_14279.txt neg neg:0.9999999999999993 pos:6.650083981890776E-16 
cv183_18612.txt pos pos:0.9908629840955423 neg:0.009137015904457613 
cv072_5928.txt neg neg:0.9999824152368637 pos:1.7584763136228343E-5 
cv524_24885.txt neg pos:0.9999999909764782 neg:9.023521824103042E-9 
cv895_22200.txt neg neg:0.9999999878596152 pos:1.2140384730982755E-8 
cv407_23928.txt neg neg:0.9999999999993825 pos:6.176082918424531E-13 
cv371_8197.txt neg neg:0.9999997294155062 pos:2.7058449374295756E-7 
cv897_10837.txt pos pos:0.9999999999999876 neg:1.2337490448300678E-14 
cv267_14952.txt pos pos:0.9999999446887267 neg:5.531127348215461E-8 
cv335_16299.txt neg neg:0.9999999999999651 pos:3.492877588246916E-14 
cv047_1754.txt pos pos:0.9999998507415687 neg:1.4925843137648222E-7 
cv069_11613.txt neg neg:0.9999984615804383 pos:1.538419561693012E-6 
cv677_17715.txt pos pos:0.9999999999999953 neg:4.5609291971084705E-15 
cv029_19943.txt neg neg:0.9963970858845914 pos:0.0036029141154086245 
cv723_9002.txt neg neg:0.9999999744134567 pos:2.5586543334982674E-8 
cv245_8938.txt neg neg:0.9999999999940687 pos:5.931168577724173E-12 
cv941_10246.txt pos pos:0.9999999999999993 neg:5.577703365858769E-16 
cv719_5713.txt pos pos:0.9999999999998694 neg:1.3045463510168235E-13 
cv083_25491.txt neg neg:0.999998568413043 pos:1.4315869570977974E-6 
cv608_24647.txt neg neg:0.9999999999555991 pos:4.4400922625172327E-11 
cv007_4992.txt neg neg:0.9999999999999998 pos:1.9428631258605158E-16 
cv499_11407.txt neg neg:0.9999998666885519 pos:1.3331144803755146E-7 
cv167_18094.txt neg pos:0.9659977076489897 neg:0.034002292351010294 
cv257_11856.txt neg neg:0.9999999979563448 pos:2.0436553260471727E-9 
cv999_14636.txt neg neg:0.999999704589541 pos:2.9541045892180805E-7 
cv196_28898.txt neg neg:0.9999999954396679 pos:4.560332132991685E-9 
cv402_14425.txt pos pos:0.9999749225308415 neg:2.5077469158613855E-5 
cv424_8831.txt pos pos:0.9207835126767749 neg:0.07921648732322506 
cv854_18955.txt neg neg:0.9999936651504513 pos:6.334849548760595E-6 
cv325_16629.txt pos pos:1.0 neg:3.4337921444945315E-17 
cv448_14695.txt pos pos:0.999999999925425 neg:7.457499347059565E-11 
cv640_5380.txt neg neg:0.9999847384421373 pos:1.5261557862659054E-5 
cv974_24303.txt neg neg:0.5131643474629732 pos:0.4868356525370268 
cv300_22284.txt pos pos:0.999999999984825 neg:1.517489094984087E-11 
cv455_29000.txt pos pos:0.9999999999999984 neg:1.5016574508664261E-15 
cv939_11247.txt neg neg:0.999925714815481 pos:7.42851845189694E-5 
cv270_5873.txt neg neg:0.9999995657719716 pos:4.3422802838140913E-7 
cv671_5164.txt neg pos:0.707939670625382 neg:0.2920603293746181 
cv632_9704.txt neg neg:0.999999332752384 pos:6.67247616044782E-7 
cv514_12173.txt neg neg:0.9999999999999254 pos:7.45061677266043E-14 
cv108_17064.txt neg neg:0.9999998111571732 pos:1.888428268288364E-7 
cv660_21893.txt pos pos:0.9999999999999132 neg:8.68946357164689E-14 
cv191_29719.txt pos pos:0.9860572160277495 neg:0.013942783972250489 
cv481_7930.txt neg neg:0.9999999999649063 pos:3.509373211420266E-11 
cv101_10175.txt pos pos:0.9999999999999998 neg:2.172075921192696E-16 
cv504_29243.txt pos neg:0.9998783870985933 pos:1.2161290140663449E-4 
cv213_20300.txt neg neg:0.9999999535106631 pos:4.648933682122455E-8 
cv959_14611.txt pos neg:0.5093447299431486 pos:0.4906552700568514 
cv284_20530.txt neg neg:0.9976333723401086 pos:0.0023666276598913196 
cv181_14401.txt pos pos:0.9999992638954308 neg:7.361045692739023E-7 
cv066_10821.txt pos pos:0.9999999997906766 neg:2.0932335929526937E-10 
cv585_23576.txt neg neg:0.9894276007053976 pos:0.010572399294602389 
cv631_4967.txt pos pos:0.9999999999616129 neg:3.8386964871383175E-11 
cv053_21822.txt pos pos:1.0 neg:5.2990902187447576E-20 
cv801_26335.txt neg neg:0.996858356886509 pos:0.00314164311349095 
cv517_20616.txt neg neg:0.9999999999999982 pos:1.7407406766989607E-15 
cv999_13106.txt pos pos:0.9999999999999045 neg:9.556303253424399E-14 
cv557_12237.txt neg neg:0.9999999978756762 pos:2.124323771547062E-9 
cv024_7033.txt neg pos:0.9999999999924383 neg:7.561767684236931E-12 
cv788_26409.txt neg neg:0.999999633744761 pos:3.6625523896148445E-7 
cv384_17140.txt pos pos:0.9900894351280596 neg:0.009910564871940327 
cv055_8338.txt pos pos:0.6844176056797714 neg:0.31558239432022855 
cv210_9312.txt pos neg:0.9972482173035279 pos:0.0027517826964721377 
cv334_0074.txt neg neg:0.9999999993419615 pos:6.580384962055699E-10 
cv449_9126.txt neg pos:0.6610313642048714 neg:0.3389686357951286 
cv340_13287.txt pos neg:0.9944449986553644 pos:0.005555001344635566 
cv393_29327.txt pos pos:0.9991650934790219 neg:8.349065209780024E-4 
cv024_6778.txt pos pos:0.9992473498735875 neg:7.526501264125065E-4 
cv310_13091.txt pos pos:0.9314327950744415 neg:0.06856720492555853 
cv647_15275.txt neg neg:1.0 pos:3.3761445981045393E-19 
cv929_16908.txt pos pos:0.999999999999835 neg:1.649117335638884E-13 
cv647_13691.txt pos pos:0.9999999991903228 neg:8.096773187523321E-10 
cv544_5301.txt neg neg:0.9999959979574488 pos:4.0020425513017765E-6 
cv744_10091.txt neg neg:0.9999999999999991 pos:9.848690453367653E-16 
cv780_7984.txt pos pos:1.0 neg:4.1913123234807777E-22 
cv216_20165.txt neg neg:0.9999996873991377 pos:3.1260086218146435E-7 
cv982_22209.txt neg neg:0.9999999999999898 pos:1.0309474189906898E-14 
cv221_27081.txt neg pos:0.9999999561876486 neg:4.3812351453012806E-8 
cv021_17313.txt neg neg:0.9850022295088732 pos:0.01499777049112686 
cv607_8235.txt neg neg:0.9999999570545625 pos:4.294543750578015E-8 
cv692_17026.txt neg neg:0.9999999998318592 pos:1.6814078568331476E-10 
cv980_10953.txt pos pos:0.9960166288419908 neg:0.00398337115800915 
cv175_6964.txt pos pos:0.995202415783303 neg:0.00479758421669709 
cv587_20532.txt neg neg:0.9999999999827023 pos:1.7297760971258754E-11 
cv676_22202.txt neg neg:1.0 pos:9.047578952026237E-20 
cv380_7574.txt pos neg:0.9999997812336988 pos:2.1876630111542242E-7 
cv623_15356.txt pos pos:0.9999985797199639 neg:1.4202800361320761E-6 
cv405_21868.txt neg neg:0.9999999999999993 pos:6.669071865526761E-16 
cv431_7538.txt neg neg:0.999946155027907 pos:5.384497209302348E-5 
cv428_11347.txt pos pos:0.9999999999107672 neg:8.923273249516821E-11 
cv253_10077.txt pos pos:0.9999997799623022 neg:2.2003769787430737E-7 
cv095_28730.txt neg neg:0.9995083100815592 pos:4.916899184407926E-4 
cv691_5043.txt pos pos:0.9999999999995772 neg:4.226993787111967E-13 
cv830_5778.txt neg neg:0.9999987127490425 pos:1.2872509575878926E-6 
cv030_22893.txt neg neg:0.9999284685550456 pos:7.153144495436165E-5 
cv919_16380.txt pos pos:0.999999999999686 neg:3.1390910564021583E-13 
cv558_29507.txt pos pos:0.9999999999998372 neg:1.6281796650425547E-13 
cv931_17563.txt pos pos:0.9999999996925026 neg:3.0749743899100767E-10 
cv154_9328.txt pos pos:0.9999999999598608 neg:4.013912339888259E-11 
cv185_28372.txt neg neg:0.9999955913524994 pos:4.408647500620794E-6 
cv018_21672.txt neg neg:0.9999745529825034 pos:2.5447017496741176E-5 
cv046_10188.txt pos pos:0.9999433438701891 neg:5.6656129810940894E-5 
cv606_15985.txt pos neg:0.9934393539619979 pos:0.006560646038001987 
cv153_10779.txt pos pos:0.9985964546707478 neg:0.0014035453292521244 
cv921_13988.txt neg neg:1.0 pos:2.5042912763894035E-17 
cv114_18398.txt pos pos:0.9984694088409848 neg:0.0015305911590151185 
cv876_9633.txt neg pos:0.8615356823900912 neg:0.13846431760990893 
cv698_16930.txt neg neg:0.9999999999999798 pos:2.0140947013293366E-14 
cv450_8319.txt neg neg:0.99999999320201 pos:6.797989867771532E-9 
cv984_12767.txt pos pos:0.9999999062318184 neg:9.376818155374516E-8 
cv019_14482.txt pos neg:0.9761851618216528 pos:0.02381483817834715 
cv949_21565.txt neg neg:1.0 pos:1.0671623019545444E-17 
cv009_29592.txt pos pos:0.9999773097401082 neg:2.2690259891789426E-5 
cv716_11153.txt neg neg:0.9979954727137269 pos:0.002004527286273209 
cv857_15958.txt pos pos:0.9999893516909977 neg:1.0648309002322775E-5 
cv898_14187.txt pos pos:0.9999999999998812 neg:1.1870095187121435E-13 
cv259_10934.txt pos pos:0.9276996027416635 neg:0.07230039725833654 
cv897_11703.txt neg neg:0.999999999998396 pos:1.6040681484259617E-12 
cv708_28729.txt pos pos:1.0 neg:2.956319095155653E-19 
cv773_18817.txt pos neg:0.9999941103086385 pos:5.889691361629191E-6 
cv315_11629.txt pos pos:1.0 neg:6.736828040649742E-17 
cv204_8451.txt pos pos:0.9999999999748252 neg:2.517482613829015E-11 
cv202_11382.txt neg neg:1.0 pos:1.3803726791423796E-20 
cv048_18380.txt neg neg:0.9988181374191412 pos:0.0011818625808588529 
cv120_4111.txt pos pos:0.9999999996165512 neg:3.8344878554990995E-10 
cv963_7208.txt neg pos:0.999963738014002 neg:3.6261985998112974E-5 
cv592_22315.txt pos pos:0.9999026095921083 neg:9.739040789169079E-5 
cv219_19874.txt neg neg:0.9999999996638183 pos:3.3618173193340024E-10 
cv983_24219.txt neg neg:0.9906286739714221 pos:0.009371326028578039 
cv162_10977.txt neg neg:0.8753257089725918 pos:0.12467429102740823 
cv730_10279.txt pos pos:1.0 neg:1.8125667447340745E-21 
cv617_9322.txt pos pos:0.9999998108412025 neg:1.8915879748744383E-7 
cv469_21998.txt neg neg:1.0 pos:3.605812170609154E-20 
cv527_10123.txt pos pos:0.9999997666129231 neg:2.3338707697045272E-7 
cv694_4526.txt neg neg:0.9308346269046843 pos:0.06916537309531572 
cv586_7543.txt pos pos:0.9999999999995628 neg:4.3722240627964926E-13 
Trial 0 Trainer NaiveBayesTrainer Training Data Confusion Matrix
Confusion Matrix, row=true, column=predicted  accuracy=0.9583333333333334
  label   0   1  |total
  0 neg 879  21  |900
  1 pos  54 846  |900

Trial 0 Trainer NaiveBayesTrainer training data accuracy= 0.9583333333333334
Trial 0 Trainer NaiveBayesTrainer Test Data Confusion Matrix
Confusion Matrix, row=true, column=predicted  accuracy=0.87
  label   0   1  |total
  0 neg  90  10  |100
  1 pos  16  84  |100

Trial 0 Trainer NaiveBayesTrainer test data accuracy= 0.87

NaiveBayesTrainer
Summary. train accuracy mean = 0.9583333333333334 stddev = 0.0 stderr = 0.0
Summary. test accuracy mean = 0.87 stddev = 0.0 stderr = 0.0
