
-------------------- Trial 0  --------------------

Trial 0 Training MaxEntTrainer,gaussianPriorVariance=1.0 with 1800 instances
Trial 0 Training MaxEntTrainer,gaussianPriorVariance=1.0 finished
Trial 0 Trainer MaxEntTrainer,gaussianPriorVariance=1.0
 Raw Testing Data
cv756_23676.txt neg neg:0.9970655442920677 pos:0.0029344557079323537 
cv533_9843.txt neg neg:0.9428496055534293 pos:0.05715039444657067 
cv749_18960.txt neg neg:0.9999778094103313 pos:2.2190589668627514E-5 
cv534_15683.txt neg neg:0.995448013312446 pos:0.004551986687554066 
cv326_14777.txt neg neg:0.9818849099233343 pos:0.018115090076665726 
cv552_0150.txt neg pos:0.7833831015944174 neg:0.21661689840558254 
cv657_25835.txt neg neg:0.8895633394525992 pos:0.11043666054740067 
cv731_3968.txt neg neg:0.9957339621230122 pos:0.0042660378769877405 
cv535_21183.txt neg neg:0.8990840909613704 pos:0.10091590903862953 
cv656_25395.txt neg neg:0.9973462769394308 pos:0.002653723060569214 
cv322_21820.txt neg neg:0.9999633720503506 pos:3.662794964939922E-5 
cv817_3675.txt neg neg:0.9993610347658837 pos:6.389652341163741E-4 
cv427_11693.txt neg pos:0.5453603199361163 neg:0.45463968006388367 
cv460_11723.txt neg neg:0.9081322418598547 pos:0.09186775814014529 
cv367_24065.txt neg neg:0.9994311028393865 pos:5.688971606133704E-4 
cv293_29731.txt neg neg:0.9819083365029581 pos:0.018091663497041926 
cv672_27988.txt neg neg:0.5035975038536659 pos:0.4964024961463342 
cv437_24070.txt neg neg:0.9876766861001323 pos:0.012323313899867731 
cv814_20316.txt neg neg:0.6896061772472966 pos:0.3103938227527034 
cv205_9676.txt neg neg:0.5908444195080489 pos:0.4091555804919511 
cv417_14653.txt neg neg:0.9164181832948313 pos:0.08358181670516879 
cv515_18484.txt neg pos:0.8224639215910647 neg:0.17753607840893518 
cv521_1730.txt neg neg:0.9757630585511741 pos:0.024236941448825926 
cv572_20053.txt neg neg:0.9989975517184632 pos:0.0010024482815367962 
cv932_14854.txt neg neg:0.9684883869249891 pos:0.03151161307501107 
cv986_15092.txt neg neg:0.9746689019224726 pos:0.02533109807752733 
cv518_14798.txt neg neg:0.7648182106640447 pos:0.23518178933595543 
cv523_18285.txt neg pos:0.694156769936105 neg:0.3058432300638951 
cv645_17078.txt neg pos:0.905259412940677 neg:0.09474058705932298 
cv014_15600.txt neg neg:0.8763758594947958 pos:0.12362414050520411 
cv747_18189.txt neg neg:0.9969692637538113 pos:0.003030736246188754 
cv794_17353.txt neg neg:0.9347320481204049 pos:0.06526795187959514 
cv364_14254.txt neg neg:0.9999989312310765 pos:1.0687689235976799E-6 
cv177_10904.txt neg neg:0.6144394902380792 pos:0.3855605097619208 
cv991_19973.txt neg neg:0.9803463655846947 pos:0.019653634415305245 
cv207_29141.txt neg neg:0.9825702839077503 pos:0.017429716092249876 
cv701_15880.txt neg neg:0.948553928115434 pos:0.05144607188456602 
cv922_10185.txt neg pos:0.9334936020528762 neg:0.0665063979471237 
cv912_5562.txt neg neg:0.6352296904688811 pos:0.3647703095311189 
cv022_14227.txt neg neg:0.9878110463131388 pos:0.012188953686861239 
cv275_28725.txt neg neg:0.7080117969513356 pos:0.2919882030486643 
cv133_18065.txt neg neg:0.6103718844047509 pos:0.38962811559524907 
cv435_24355.txt neg neg:0.6800957855309935 pos:0.31990421446900663 
cv802_28381.txt neg neg:0.9949361277304565 pos:0.005063872269543435 
cv070_13249.txt neg neg:0.9993414117002991 pos:6.585882997008297E-4 
cv950_13478.txt neg neg:0.9761960426390429 pos:0.023803957360957088 
cv433_10443.txt neg neg:0.9931597342524825 pos:0.0068402657475175165 
cv969_14760.txt neg neg:0.9340616159269801 pos:0.06593838407301991 
cv531_26838.txt neg neg:0.9612565714648027 pos:0.03874342853519731 
cv439_17633.txt neg neg:0.6242611797712766 pos:0.37573882022872346 
cv863_7912.txt neg neg:0.9956840460597839 pos:0.004315953940216043 
cv822_21545.txt neg neg:0.9814722933319905 pos:0.01852770666800956 
cv126_28821.txt neg neg:0.9999796938609739 pos:2.030613902600645E-5 
cv390_12187.txt neg neg:0.99037676190034 pos:0.009623238099660009 
cv442_15499.txt neg neg:0.5120859124603181 pos:0.48791408753968185 
cv507_9509.txt neg pos:0.8392986543027178 neg:0.1607013456972821 
cv473_7869.txt neg neg:0.8353444383249667 pos:0.16465556167503317 
cv509_17354.txt neg pos:0.9028652513884204 neg:0.09713474861157959 
cv138_13903.txt neg neg:0.9989968142665901 pos:0.0010031857334097502 
cv105_19135.txt neg pos:0.8820006262732099 neg:0.11799937372679008 
cv823_17055.txt neg neg:0.9895841210845362 pos:0.010415878915463861 
cv422_9632.txt neg neg:0.9858040080498915 pos:0.01419599195010846 
cv259_11827.txt neg neg:0.9354580806235946 pos:0.06454191937640553 
cv421_9752.txt neg neg:0.9885768495846858 pos:0.011423150415314137 
cv803_8584.txt neg pos:0.6276053680590731 neg:0.372394631940927 
cv428_12202.txt neg neg:0.9995635744437918 pos:4.364255562081074E-4 
cv406_22199.txt neg neg:0.9998656806837669 pos:1.3431931623309498E-4 
cv352_5414.txt neg neg:0.6251262982798292 pos:0.37487370172017065 
cv806_9405.txt neg pos:0.9201959780003263 neg:0.07980402199967383 
cv795_10291.txt neg neg:0.9993310845048271 pos:6.689154951728172E-4 
cv350_22139.txt neg neg:0.5639546312081856 pos:0.43604536879181444 
cv377_8440.txt neg pos:0.663016739515183 neg:0.336983260484817 
cv502_10970.txt neg neg:0.5040958108494025 pos:0.49590418915059753 
cv936_17473.txt neg pos:0.6656744724306402 neg:0.3343255275693599 
cv475_22978.txt neg pos:0.8100638327258883 neg:0.18993616727411164 
cv913_29127.txt neg pos:0.7235144374914987 neg:0.2764855625085013 
cv838_25886.txt neg pos:0.9961258120163873 neg:0.003874187983612772 
cv675_22871.txt neg neg:0.6399411435186764 pos:0.3600588564813236 
cv425_8603.txt neg neg:0.93634735119464 pos:0.06365264880536003 
cv492_19370.txt neg neg:0.8328982077870138 pos:0.16710179221298613 
cv988_20168.txt neg neg:0.9995467730549408 pos:4.5322694505930776E-4 
cv201_7421.txt neg pos:0.7135764451793918 neg:0.2864235548206082 
cv297_10104.txt neg pos:0.9906468983886632 neg:0.009353101611336762 
cv478_15921.txt neg neg:0.7276678781727387 pos:0.27233212182726124 
cv615_15734.txt neg neg:0.8892674850027993 pos:0.1107325149972008 
cv596_4367.txt neg neg:0.9039415104125605 pos:0.0960584895874395 
cv247_14668.txt neg neg:0.9980391331071077 pos:0.0019608668928923316 
cv131_11568.txt neg neg:0.9998860743377687 pos:1.1392566223135991E-4 
cv135_12506.txt neg neg:0.9788157270066904 pos:0.021184272993309633 
cv642_29788.txt neg neg:0.9432782650258276 pos:0.05672173497417243 
cv479_5450.txt neg neg:0.9955933914263557 pos:0.004406608573644186 
cv783_14724.txt neg neg:0.9994796049939564 pos:5.203950060436498E-4 
cv879_16585.txt neg neg:0.9614480479946279 pos:0.038551952005372044 
cv117_25625.txt neg neg:0.8538540083816852 pos:0.1461459916183149 
cv174_9735.txt neg neg:0.966456875361038 pos:0.033543124638962134 
cv004_12641.txt neg neg:0.9809910313911805 pos:0.019008968608819503 
cv966_28671.txt neg pos:0.6532955404877714 neg:0.34670445951222867 
cv860_15520.txt neg neg:0.8944404316371368 pos:0.10555956836286322 
cv704_17622.txt neg neg:0.7622333122764162 pos:0.23776668772358386 
cv343_10906.txt neg neg:0.9232947452307039 pos:0.07670525476929613 
cv372_6552.txt pos neg:0.5146719854267281 pos:0.4853280145732719 
cv241_23130.txt pos pos:0.8182924727519523 neg:0.18170752724804767 
cv700_21947.txt pos neg:0.7319930786662023 pos:0.26800692133379767 
cv272_18974.txt pos neg:0.912735390161235 pos:0.08726460983876513 
cv096_11474.txt pos pos:0.9812654152992326 neg:0.018734584700767415 
cv177_10367.txt pos pos:0.9756730221544413 neg:0.024326977845558626 
cv986_13527.txt pos pos:0.9836444111093126 neg:0.01635558889068744 
cv800_12368.txt pos pos:0.9999259270635127 neg:7.407293648729937E-5 
cv102_7846.txt pos pos:0.9999683296626783 neg:3.167033732170286E-5 
cv352_5524.txt pos pos:0.9963095080392481 neg:0.0036904919607518207 
cv701_14252.txt pos pos:0.999975985578014 neg:2.4014421986055593E-5 
cv346_18168.txt pos neg:0.5803599862299066 pos:0.41964001377009336 
cv141_15686.txt pos pos:0.5949422958751934 neg:0.4050577041248065 
cv006_15448.txt pos pos:0.977553852623011 neg:0.022446147376988947 
cv685_5947.txt pos pos:0.9334432556614816 neg:0.06655674433851833 
cv664_4389.txt pos neg:0.6129328985079606 pos:0.3870671014920394 
cv581_19381.txt pos pos:0.9942586541786804 neg:0.0057413458213197025 
cv522_5583.txt pos pos:0.9971730681993183 neg:0.0028269318006817006 
cv735_18801.txt pos pos:0.9988994629515727 neg:0.001100537048427313 
cv839_21467.txt pos neg:0.6128875812324817 pos:0.38711241876751834 
cv132_5618.txt pos neg:0.622927751598051 pos:0.377072248401949 
cv867_16661.txt pos pos:0.7918281259003085 neg:0.20817187409969137 
cv375_9929.txt pos pos:0.9881846474801819 neg:0.011815352519818075 
cv045_23923.txt pos pos:0.7943628083351323 neg:0.20563719166486777 
cv179_9228.txt pos pos:0.8610975796319293 neg:0.13890242036807063 
cv804_10862.txt pos pos:0.9730770805766699 neg:0.026922919423330173 
cv812_17924.txt pos pos:0.9953945868067277 neg:0.004605413193272246 
cv011_12166.txt pos neg:0.9000383016978079 pos:0.09996169830219216 
cv861_1198.txt pos pos:0.9237446103671522 neg:0.07625538963284771 
cv576_14094.txt pos pos:0.9984730002409502 neg:0.0015269997590497283 
cv916_15467.txt pos pos:0.9982086906289918 neg:0.0017913093710082257 
cv776_20529.txt pos pos:0.9896651747939682 neg:0.01033482520603185 
cv995_21821.txt pos pos:0.9995041053344104 neg:4.958946655897143E-4 
cv240_14336.txt pos pos:0.9756724376570287 neg:0.024327562342971266 
cv920_29622.txt pos pos:0.7379321196872287 neg:0.26206788031277134 
cv670_25826.txt pos pos:0.5162840574125653 neg:0.4837159425874348 
cv290_11084.txt pos pos:0.9983784112652246 neg:0.0016215887347753955 
cv156_10481.txt pos pos:0.9763609562493165 neg:0.02363904375068344 
cv087_1989.txt pos pos:0.9966515534839254 neg:0.00334844651607457 
cv584_29722.txt pos pos:0.9414964888437641 neg:0.05850351115623588 
cv279_18329.txt pos pos:0.6854901676309363 neg:0.3145098323690638 
cv704_15969.txt pos pos:0.9994734172601206 neg:5.265827398794434E-4 
cv228_5806.txt pos pos:0.5893521597250146 neg:0.4106478402749854 
cv935_23841.txt pos pos:0.9920916077348056 neg:0.007908392265194438 
cv651_10492.txt pos neg:0.7786148290172618 pos:0.22138517098273813 
cv497_26980.txt pos pos:0.7448776652196175 neg:0.2551223347803826 
cv917_29715.txt pos pos:0.7053923792397644 neg:0.2946076207602355 
cv922_10073.txt pos pos:0.999994105853954 neg:5.894146046087891E-6 
cv231_10425.txt pos pos:0.9934015362751402 neg:0.006598463724859786 
cv799_18543.txt pos pos:0.9817178636525413 neg:0.01828213634745857 
cv243_20728.txt pos pos:0.5555750439539594 neg:0.44442495604604054 
cv880_29800.txt pos pos:0.9993957022889055 neg:6.042977110945213E-4 
cv239_3385.txt pos pos:0.8818400659816936 neg:0.1181599340183065 
cv972_26417.txt pos neg:0.9969287360813572 pos:0.003071263918642723 
cv207_29284.txt pos neg:0.7214435267874066 pos:0.2785564732125934 
cv790_14600.txt pos pos:0.5321427697953082 neg:0.46785723020469183 
cv070_12289.txt pos pos:0.9299602632832782 neg:0.07003973671672184 
cv318_10493.txt pos neg:0.7699264115933098 pos:0.23007358840669026 
cv398_15537.txt pos pos:0.999839491234966 neg:1.6050876503410019E-4 
cv785_22600.txt pos pos:0.9969986451157382 neg:0.003001354884261827 
cv458_8604.txt pos pos:0.9984436682676144 neg:0.0015563317323854353 
cv308_5016.txt pos pos:0.8034542846115453 neg:0.19654571538845475 
cv323_29805.txt pos neg:0.7525312278468875 pos:0.24746877215311255 
cv031_18452.txt pos pos:0.7405395650438613 neg:0.2594604349561387 
cv528_10822.txt pos pos:0.9567161436719676 neg:0.043283856328032534 
cv349_13507.txt pos pos:0.9441385752699568 neg:0.05586142473004308 
cv277_19091.txt pos pos:0.6177584471465141 neg:0.38224155285348593 
cv408_5297.txt pos neg:0.7901695762053267 pos:0.20983042379467326 
cv668_17604.txt pos pos:0.8541851728350243 neg:0.14581482716497576 
cv567_29611.txt pos pos:0.9912184280372482 neg:0.00878157196275182 
cv216_18738.txt pos neg:0.9003361045075349 pos:0.09966389549246514 
cv112_11193.txt pos pos:0.9984279524728533 neg:0.0015720475271465797 
cv394_5137.txt pos pos:0.967117059165635 neg:0.032882940834365146 
cv734_21568.txt pos pos:0.9902415728095559 neg:0.009758427190443973 
cv834_22195.txt pos pos:0.9556519778372219 neg:0.044348022162778104 
cv952_25240.txt pos pos:0.8421964212684451 neg:0.15780357873155487 
cv782_19526.txt pos neg:0.824456130401206 pos:0.17554386959879398 
cv783_13227.txt pos pos:0.9861227897266309 neg:0.013877210273369082 
cv582_6559.txt pos pos:0.9933181343474364 neg:0.0066818656525635045 
cv449_8785.txt pos pos:0.9923890218560123 neg:0.007610978143987736 
cv968_24218.txt pos neg:0.9671574907214782 pos:0.03284250927852195 
cv482_10580.txt pos neg:0.76597511859045 pos:0.23402488140955005 
cv309_22571.txt pos pos:0.9987832058361134 neg:0.0012167941638867041 
cv925_8969.txt pos pos:0.8103496014714243 neg:0.1896503985285757 
cv091_7400.txt pos pos:0.7906303759932763 neg:0.20936962400672354 
cv934_19027.txt pos pos:0.9756595309923858 neg:0.024340469007614284 
cv348_18176.txt pos pos:0.9854586253223686 neg:0.014541374677631344 
cv802_28664.txt pos pos:0.7897523785602584 neg:0.21024762143974163 
cv649_12735.txt pos neg:0.9953985716970428 pos:0.004601428302957183 
cv818_10211.txt pos pos:0.500817930792201 neg:0.4991820692077989 
cv078_14730.txt pos pos:0.9321184255213512 neg:0.06788157447864884 
cv298_23111.txt pos pos:0.9420891940308067 neg:0.05791080596919333 
cv866_29691.txt pos pos:0.8153378111499319 neg:0.18466218885006813 
cv314_14422.txt pos pos:0.9528751676386562 neg:0.04712483236134383 
cv255_13683.txt pos neg:0.9196703244571405 pos:0.08032967554285951 
cv367_22792.txt pos pos:0.7931848494018793 neg:0.2068151505981207 
cv036_16831.txt pos pos:0.9591647233331911 neg:0.040835276666809 
cv370_5221.txt pos pos:0.9107132925300913 neg:0.08928670746990866 
cv417_13115.txt pos pos:0.9989844251616217 neg:0.001015574838378307 
cv136_11505.txt pos pos:0.9997695031362369 neg:2.3049686376295887E-4 
Trial 0 Trainer MaxEntTrainer,gaussianPriorVariance=1.0 Training Data Confusion Matrix
Confusion Matrix, row=true, column=predicted  accuracy=0.9966666666666667
  label   0   1  |total
  0 neg 899   1  |900
  1 pos   5 895  |900

Trial 0 Trainer MaxEntTrainer,gaussianPriorVariance=1.0 training data accuracy= 0.9966666666666667
Trial 0 Trainer MaxEntTrainer,gaussianPriorVariance=1.0 Test Data Confusion Matrix
Confusion Matrix, row=true, column=predicted  accuracy=0.805
  label   0   1  |total
  0 neg  81  19  |100
  1 pos  20  80  |100

Trial 0 Trainer MaxEntTrainer,gaussianPriorVariance=1.0 test data accuracy= 0.805

MaxEntTrainer,gaussianPriorVariance=1.0
Summary. train accuracy mean = 0.9966666666666667 stddev = 0.0 stderr = 0.0
Summary. test accuracy mean = 0.805 stddev = 0.0 stderr = 0.0
