
-------------------- Trial 0  --------------------

Trial 0 Training MaxEntTrainer,gaussianPriorVariance=1.0 with 1800 instances
Trial 0 Training MaxEntTrainer,gaussianPriorVariance=1.0 finished
Trial 0 Trainer MaxEntTrainer,gaussianPriorVariance=1.0
 Raw Testing Data
cv559_0057.txt neg pos:0.7206627106368788 neg:0.2793372893631212 
cv260_15652.txt neg neg:0.9998270071295997 pos:1.7299287040042718E-4 
cv362_16985.txt neg neg:0.5374239592943468 pos:0.46257604070565317 
cv426_10976.txt neg neg:0.9999791743105682 pos:2.0825689431759083E-5 
cv071_12969.txt neg pos:0.7177478139777815 neg:0.2822521860222185 
cv049_21917.txt neg neg:0.9354319796454085 pos:0.0645680203545915 
cv746_10471.txt neg neg:0.8785182872279148 pos:0.12148171277208515 
cv790_16202.txt neg neg:0.999956686236544 pos:4.3313763456010125E-5 
cv402_16097.txt neg neg:0.998282049460811 pos:0.0017179505391891068 
cv501_12675.txt neg neg:0.9993591267026843 pos:6.408732973156152E-4 
cv171_15164.txt neg pos:0.7419932238807558 neg:0.2580067761192441 
cv650_15974.txt neg neg:0.8794403441702959 pos:0.12055965582970395 
cv881_14767.txt neg pos:0.6136871176779342 neg:0.38631288232206584 
cv188_20687.txt neg neg:0.8538225810422383 pos:0.1461774189577617 
cv374_26455.txt neg neg:0.7475866986790044 pos:0.2524133013209956 
cv853_29119.txt neg neg:0.956587181284322 pos:0.04341281871567819 
cv090_0049.txt neg pos:0.9964836906904441 neg:0.0035163093095560496 
cv267_16618.txt neg pos:0.9669796996887597 neg:0.03302030031124026 
cv163_10110.txt neg pos:0.7688793301680587 neg:0.23112066983194132 
cv008_29326.txt neg pos:0.6181240390467292 neg:0.3818759609532708 
cv415_23674.txt neg pos:0.9956177313068025 neg:0.004382268693197528 
cv686_15553.txt neg neg:0.6098121031866045 pos:0.39018789681339544 
cv299_17950.txt neg pos:0.9960175227318773 neg:0.003982477268122724 
cv190_27176.txt neg neg:0.9933873310262552 pos:0.006612668973744783 
cv745_14009.txt neg neg:0.9846850276852973 pos:0.015314972314702678 
cv000_29416.txt neg neg:0.9846674521699351 pos:0.015332547830064751 
cv899_17812.txt neg neg:0.9763890388934248 pos:0.023610961106575363 
cv238_14285.txt neg pos:0.6372206255971476 neg:0.36277937440285235 
cv849_17215.txt neg neg:0.9998865320130043 pos:1.1346798699576038E-4 
cv624_11601.txt neg neg:0.9284357186521713 pos:0.0715642813478286 
cv039_5963.txt neg neg:0.5336655202868402 pos:0.46633447971315983 
cv345_9966.txt neg neg:0.765968731494588 pos:0.23403126850541203 
cv820_24157.txt neg neg:0.9999688015176124 pos:3.1198482387743745E-5 
cv463_10846.txt neg neg:0.9807722136965189 pos:0.01922778630348114 
cv496_11185.txt neg neg:0.9990937952126205 pos:9.06204787379417E-4 
cv091_7899.txt neg pos:0.8609836487225828 neg:0.1390163512774171 
cv279_19452.txt neg neg:0.9384204430905901 pos:0.06157955690940995 
cv955_26154.txt neg neg:0.5892022568309884 pos:0.41079774316901163 
cv418_16562.txt neg neg:0.9836573769910452 pos:0.01634262300895482 
cv710_23745.txt neg neg:0.9022994606114604 pos:0.09770053938853958 
cv001_19502.txt neg neg:0.6122249833127106 pos:0.38777501668728936 
cv959_16218.txt neg neg:0.9844641924445637 pos:0.015535807555436225 
cv978_22192.txt neg pos:0.9581067781213926 neg:0.041893221878607355 
cv525_17930.txt neg neg:0.9780533510648134 pos:0.021946648935186486 
cv380_8164.txt neg neg:0.9999247256258098 pos:7.527437419017289E-5 
cv252_24974.txt neg neg:0.9972181709971373 pos:0.0027818290028627343 
cv620_2556.txt neg neg:0.7188182137750788 pos:0.28118178622492124 
cv494_18689.txt neg neg:0.8342533107580935 pos:0.16574668924190655 
cv669_24318.txt neg neg:0.6141171374468213 pos:0.38588286255317866 
cv773_20264.txt neg neg:0.9958533322865384 pos:0.004146667713461676 
cv305_9937.txt neg neg:0.9439756707252849 pos:0.05602432927471519 
cv121_18621.txt neg neg:0.976935374024328 pos:0.023064625975672097 
cv619_13677.txt neg neg:0.9999174958799524 pos:8.250412004756706E-5 
cv360_8927.txt neg neg:0.9957780778753137 pos:0.004221922124686226 
cv028_26964.txt neg neg:0.530529854686068 pos:0.46947014531393205 
cv964_5794.txt neg neg:0.8818266559717428 pos:0.11817334402825709 
cv169_24973.txt neg neg:0.921961624915949 pos:0.07803837508405095 
cv661_25780.txt neg neg:0.9982305020936413 pos:0.0017694979063587856 
cv148_18084.txt neg neg:0.9810175018660093 pos:0.018982498133990763 
cv916_17034.txt neg neg:0.9990357757558802 pos:9.642242441196889E-4 
cv646_16817.txt neg neg:0.7255230245303484 pos:0.2744769754696516 
cv393_29234.txt neg pos:0.9905069976237879 neg:0.00949300237621201 
cv560_18608.txt neg neg:0.9586563340362048 pos:0.04134366596379519 
cv957_9059.txt neg neg:0.9999983445927524 pos:1.6554072475727027E-6 
cv696_29619.txt neg pos:0.9997846661482733 neg:2.1533385172666357E-4 
cv497_27086.txt neg neg:0.8921399117094849 pos:0.10786008829051504 
cv454_21961.txt neg pos:0.6283640858902014 neg:0.37163591410979857 
cv224_18875.txt neg neg:0.9993174131415101 pos:6.825868584898143E-4 
cv218_25651.txt neg neg:0.9355134369693789 pos:0.06448656303062107 
cv031_19540.txt neg neg:0.9087383943919768 pos:0.09126160560802321 
cv132_5423.txt neg neg:0.854174656881625 pos:0.14582534311837506 
cv707_11421.txt neg neg:0.9933229484410397 pos:0.006677051558960322 
cv947_11316.txt neg neg:0.8816826210847104 pos:0.11831737891528972 
cv538_28485.txt neg neg:0.9032253753613388 pos:0.09677462463866116 
cv486_9788.txt neg neg:0.9520800264093561 pos:0.04791997359064389 
cv728_17931.txt neg pos:0.8100400307401017 neg:0.1899599692598983 
cv883_27621.txt neg neg:0.9993434653848537 pos:6.565346151463939E-4 
cv886_19210.txt neg neg:0.99998703866789 pos:1.2961332110023366E-5 
cv750_10606.txt neg pos:0.897905985606549 neg:0.102094014393451 
cv355_18174.txt neg neg:0.9011190352177734 pos:0.09888096478222656 
cv884_15230.txt neg neg:0.8587206441114632 pos:0.14127935588853682 
cv887_5306.txt neg neg:0.9909797252345801 pos:0.009020274765419846 
cv103_11943.txt neg neg:0.7249243955358868 pos:0.2750756044641132 
cv641_13412.txt neg neg:0.997800479615728 pos:0.0021995203842718647 
cv890_3515.txt neg neg:0.8496140488136603 pos:0.15038595118633963 
cv709_11173.txt neg pos:0.8614346990241969 neg:0.13856530097580314 
cv547_18043.txt neg neg:0.9674656602173113 pos:0.0325343397826888 
cv480_21195.txt neg pos:0.9369648090990992 neg:0.06303519090090087 
cv333_9443.txt neg pos:0.5696390646292856 neg:0.43036093537071435 
cv119_9909.txt neg pos:0.888389846571289 neg:0.11161015342871093 
cv811_22646.txt neg neg:0.5738670874766393 pos:0.4261329125233606 
cv611_2253.txt neg neg:0.9964568951869471 pos:0.0035431048130528876 
cv569_26750.txt neg pos:0.9287120974426879 neg:0.07128790255731206 
cv304_28489.txt neg neg:0.8593730219428188 pos:0.14062697805718116 
cv722_7571.txt neg pos:0.9431316742799701 neg:0.056868325720029936 
cv805_21128.txt neg neg:0.7467986417862078 pos:0.2532013582137922 
cv161_12224.txt neg neg:0.6881360909780945 pos:0.3118639090219055 
cv901_11934.txt neg pos:0.6218098134834054 neg:0.3781901865165947 
cv584_29549.txt neg neg:0.9665549582823454 pos:0.033445041717654604 
cv093_15606.txt neg neg:0.7092279935118883 pos:0.2907720064881118 
cv236_11565.txt pos pos:0.9943966796144025 neg:0.005603320385597593 
cv313_18198.txt pos pos:0.9999985506508781 neg:1.4493491218889003E-6 
cv911_20260.txt pos neg:0.9990547416946852 pos:9.45258305314844E-4 
cv148_16345.txt pos pos:0.8847504306634821 neg:0.11524956933651778 
cv912_5674.txt pos neg:0.8206979393314477 pos:0.17930206066855223 
cv396_17989.txt pos pos:0.9999922304477449 neg:7.769552255114731E-6 
cv840_16321.txt pos pos:0.8904980205149281 neg:0.10950197948507201 
cv930_13475.txt pos pos:0.8153777035032638 neg:0.18462229649673625 
cv341_24430.txt pos pos:0.8671026912622495 neg:0.1328973087377506 
cv452_5088.txt pos neg:0.6836035724021368 pos:0.3163964275978633 
cv965_26071.txt pos pos:0.6145337993058998 neg:0.38546620069410015 
cv509_15888.txt pos pos:0.9999891717331542 neg:1.0828266845863472E-5 
cv451_10690.txt pos pos:0.9993188357796575 neg:6.811642203425211E-4 
cv672_28083.txt pos pos:0.9966051799565707 neg:0.0033948200434292704 
cv460_10842.txt pos neg:0.9958662774893358 pos:0.004133722510664182 
cv363_29332.txt pos neg:0.911885278835443 pos:0.08811472116455697 
cv135_11603.txt pos pos:0.6695810547696451 neg:0.3304189452303548 
cv720_5389.txt pos pos:0.898022416976523 neg:0.1019775830234771 
cv887_5126.txt pos pos:0.8869199581900661 neg:0.11308004180993407 
cv080_13465.txt pos pos:0.742462032598131 neg:0.25753796740186896 
cv471_16858.txt pos pos:0.9152781804180993 neg:0.08472181958190063 
cv354_8132.txt pos neg:0.9754856092351305 pos:0.024514390764869456 
cv523_16615.txt pos pos:0.9986087772828272 neg:0.001391222717172846 
cv021_15838.txt pos neg:0.6202920451905611 pos:0.3797079548094388 
cv625_12440.txt pos pos:0.7412813762115487 neg:0.2587186237884513 
cv789_12136.txt pos pos:0.9377505836095884 neg:0.0622494163904117 
cv706_24716.txt pos pos:0.9999756737322072 neg:2.4326267792938527E-5 
cv213_18934.txt pos pos:0.5469831154898491 neg:0.4530168845101509 
cv506_15956.txt pos pos:0.9999780995313639 neg:2.190046863620137E-5 
cv638_2953.txt pos pos:0.9999755614338245 neg:2.4438566175634857E-5 
cv230_7428.txt pos pos:0.9181963894394052 neg:0.08180361056059485 
cv639_10308.txt pos pos:0.8987156478200533 neg:0.10128435217994673 
cv226_2618.txt pos pos:0.9691363017112087 neg:0.03086369828879124 
cv946_18658.txt pos pos:0.8596780133897655 neg:0.1403219866102344 
cv374_25436.txt pos neg:0.721278218867271 pos:0.2787217811327291 
cv013_10159.txt pos neg:0.7944465836452861 pos:0.205553416354714 
cv831_14689.txt pos neg:0.932495625180282 pos:0.06750437481971794 
cv266_25779.txt pos neg:0.9670213794100587 pos:0.032978620589941325 
cv687_21100.txt pos pos:0.9999781743937178 neg:2.182560628228801E-5 
cv979_18921.txt pos pos:0.9998540897141023 neg:1.4591028589778927E-4 
cv180_16113.txt pos pos:0.9936387466576514 neg:0.0063612533423486415 
cv686_13900.txt pos neg:0.7463935133707283 pos:0.25360648662927165 
cv498_8832.txt pos neg:0.9757192109663541 pos:0.024280789033645916 
cv174_9659.txt pos pos:0.6618647098532472 neg:0.33813529014675275 
cv961_5682.txt pos pos:0.9486146730201237 neg:0.051385326979876196 
cv275_28887.txt pos pos:0.8718801872168359 neg:0.12811981278316398 
cv728_16133.txt pos pos:0.9931390586434028 neg:0.006860941356597175 
cv431_7085.txt pos pos:0.9617365525015958 neg:0.0382634474984041 
cv060_10844.txt pos pos:0.8967626774726266 neg:0.10323732252737326 
cv320_9530.txt pos pos:0.9092828215974892 neg:0.09071717840251074 
cv630_10057.txt pos pos:0.9070195398082632 neg:0.09298046019173682 
cv197_29328.txt pos pos:0.8875827833005648 neg:0.11241721669943512 
cv105_17990.txt pos pos:0.6877829687445617 neg:0.3122170312554383 
cv793_13650.txt pos pos:0.7964009293084022 neg:0.20359907069159777 
cv029_18643.txt pos pos:0.9227612074742301 neg:0.07723879252576984 
cv778_17330.txt pos pos:0.9305151259884734 neg:0.06948487401152655 
cv737_28907.txt pos pos:0.9992775439242865 neg:7.224560757136088E-4 
cv499_10658.txt pos pos:0.8579102013397415 neg:0.14208979866025861 
cv612_5461.txt pos pos:0.9998690768399807 neg:1.309231600192346E-4 
cv721_29121.txt pos pos:0.9759113329604348 neg:0.024088667039565137 
cv088_24113.txt pos pos:0.61722239525457 neg:0.38277760474542993 
cv014_13924.txt pos pos:0.9950251172311683 neg:0.004974882768831694 
cv456_18985.txt pos pos:0.9982218434965988 neg:0.0017781565034012399 
cv058_8025.txt pos pos:0.6419195845074229 neg:0.358080415492577 
cv875_5754.txt pos pos:0.8417742167299547 neg:0.15822578327004524 
cv850_16466.txt pos pos:0.5771698347359527 neg:0.4228301652640472 
cv188_19226.txt pos pos:0.9018711347130612 neg:0.09812886528693868 
cv466_18722.txt pos pos:0.9759163535108151 neg:0.024083646489184825 
cv042_10982.txt pos pos:0.9938843474700114 neg:0.0061156525299886355 
cv654_18246.txt pos pos:0.9690245674932552 neg:0.03097543250674487 
cv208_9020.txt pos pos:0.7531224808673372 neg:0.24687751913266265 
cv568_15638.txt pos neg:0.6054076269143726 pos:0.3945923730856275 
cv769_8123.txt pos pos:0.999499744879504 neg:5.00255120496059E-4 
cv854_17740.txt pos pos:0.5126449506421661 neg:0.4873550493578339 
cv575_21150.txt pos neg:0.6953669004502315 pos:0.30463309954976847 
cv224_17661.txt pos pos:0.9964721731361588 neg:0.0035278268638411514 
cv985_6359.txt pos pos:0.9773266847678983 neg:0.022673315232101636 
cv383_13116.txt pos pos:0.9769762627938844 neg:0.023023737206115644 
cv336_10143.txt pos neg:0.9657813775890784 pos:0.03421862241092152 
cv707_10678.txt pos pos:0.9982144315907463 neg:0.0017855684092536223 
cv759_13522.txt pos pos:0.6618647098532472 neg:0.33813529014675275 
cv539_20347.txt pos pos:0.9298662985732052 neg:0.07013370142679473 
cv975_10981.txt pos pos:0.9964857250505905 neg:0.003514274949409498 
cv034_29647.txt pos pos:0.6802098933674957 neg:0.3197901066325043 
cv844_12690.txt pos neg:0.9949234890763451 pos:0.005076510923654751 
cv893_26269.txt pos neg:0.9990491538970246 pos:9.508461029753802E-4 
cv595_25335.txt pos neg:0.8594672017826618 pos:0.14053279821733822 
cv712_22920.txt pos pos:0.7401303639437752 neg:0.25986963605622476 
cv390_11345.txt pos pos:0.9795443044743068 neg:0.020455695525693086 
cv765_19037.txt pos pos:0.995186693412186 neg:0.004813306587814073 
cv023_12672.txt pos pos:0.9503750296436348 neg:0.04962497035636526 
cv797_6957.txt pos neg:0.9811246678131355 pos:0.018875332186864414 
cv997_5046.txt pos pos:0.9999482168101324 neg:5.1783189867692724E-5 
cv301_12146.txt pos pos:0.9722386725280409 neg:0.027761327471959096 
cv603_17694.txt pos neg:0.9995454940045043 pos:4.545059954955704E-4 
cv989_15824.txt pos pos:0.9998494476211655 neg:1.5055237883439615E-4 
cv571_29366.txt pos pos:0.8598117602600561 neg:0.14018823973994382 
cv927_10681.txt pos pos:0.9860970401718377 neg:0.01390295982816238 
cv962_9803.txt pos pos:0.8549791609233889 neg:0.14502083907661115 
cv541_28835.txt pos neg:0.8465740907429627 pos:0.15342590925703722 
Trial 0 Trainer MaxEntTrainer,gaussianPriorVariance=1.0 Training Data Confusion Matrix
Confusion Matrix, row=true, column=predicted  accuracy=0.9972222222222222
  label   0   1  |total
  0 neg 899   1  |900
  1 pos   4 896  |900

Trial 0 Trainer MaxEntTrainer,gaussianPriorVariance=1.0 training data accuracy= 0.9972222222222222
Trial 0 Trainer MaxEntTrainer,gaussianPriorVariance=1.0 Test Data Confusion Matrix
Confusion Matrix, row=true, column=predicted  accuracy=0.765
  label   0   1  |total
  0 neg  75  25  |100
  1 pos  22  78  |100

Trial 0 Trainer MaxEntTrainer,gaussianPriorVariance=1.0 test data accuracy= 0.765

MaxEntTrainer,gaussianPriorVariance=1.0
Summary. train accuracy mean = 0.9972222222222222 stddev = 0.0 stderr = 0.0
Summary. test accuracy mean = 0.765 stddev = 0.0 stderr = 0.0
