
-------------------- Trial 0  --------------------

Trial 0 Training MaxEntTrainer,gaussianPriorVariance=1.0 with 1800 instances
Trial 0 Training MaxEntTrainer,gaussianPriorVariance=1.0 finished
Trial 0 Trainer MaxEntTrainer,gaussianPriorVariance=1.0
 Raw Testing Data
cv980_11851.txt neg neg:0.9999874860579847 pos:1.2513942015378451E-5 
cv638_29394.txt neg neg:0.9614484010945671 pos:0.03855159890543299 
cv967_5626.txt neg pos:0.8788944433741553 neg:0.12110555662584471 
cv956_12547.txt neg neg:0.9765864890179938 pos:0.023413510982006235 
cv754_7709.txt neg neg:0.9787983365987641 pos:0.02120166340123586 
cv209_28973.txt neg neg:0.8694950745867613 pos:0.13050492541323866 
cv453_10911.txt neg neg:0.9843867844573433 pos:0.015613215542656638 
cv349_15032.txt neg neg:0.5734563404946931 pos:0.426543659505307 
cv244_22935.txt neg neg:0.8888703082028973 pos:0.11112969179710279 
cv281_24711.txt neg neg:0.999971741137019 pos:2.825886298090346E-5 
cv771_28466.txt neg neg:0.999435123388883 pos:5.648766111170067E-4 
cv948_25870.txt neg neg:0.9876545642273327 pos:0.012345435772667243 
cv309_23737.txt neg pos:0.5562893140284069 neg:0.4437106859715931 
cv062_24556.txt neg neg:0.7804074837617936 pos:0.21959251623820633 
cv483_18103.txt neg neg:0.7758886322460938 pos:0.22411136775390622 
cv889_22670.txt neg neg:0.7849241002517829 pos:0.21507589974821703 
cv905_28965.txt neg pos:0.9424814731757526 neg:0.05751852682424735 
cv808_13773.txt neg pos:0.9483740024700505 neg:0.051625997529949515 
cv157_29302.txt neg pos:0.6271078817416925 neg:0.37289211825830754 
cv470_17444.txt neg neg:0.8812034149466472 pos:0.11879658505335272 
cv612_5396.txt neg neg:0.935214490853681 pos:0.06478550914631909 
cv799_19812.txt neg neg:0.8489773697373925 pos:0.15102263026260768 
cv622_8583.txt neg pos:0.5032421381681942 neg:0.4967578618318058 
cv381_21673.txt neg pos:0.9902020803461195 neg:0.009797919653880507 
cv985_5964.txt neg neg:0.5215264112827008 pos:0.4784735887172991 
cv575_22598.txt neg pos:0.746469731776181 neg:0.2535302682238189 
cv810_13660.txt neg neg:0.684090131270472 pos:0.315909868729528 
cv331_8656.txt neg pos:0.974269848350503 neg:0.025730151649496925 
cv438_8500.txt neg neg:0.9976854401770207 pos:0.0023145598229792545 
cv235_10704.txt neg neg:0.9889600655110906 pos:0.01103993448890944 
cv145_12239.txt neg pos:0.9879946488852971 neg:0.012005351114702887 
cv472_29140.txt neg pos:0.9646373390574751 neg:0.035362660942524916 
cv320_9693.txt neg pos:0.6061876083165381 neg:0.3938123916834619 
cv757_10668.txt neg neg:0.9712269581873976 pos:0.028773041812602408 
cv106_18379.txt neg neg:0.9865618837236485 pos:0.013438116276351539 
cv034_29446.txt neg neg:0.6788666665619367 pos:0.3211333334380632 
cv586_8048.txt neg neg:0.9999877069262797 pos:1.229307372024766E-5 
cv220_28906.txt neg pos:0.6559779047936253 neg:0.3440220952063746 
cv226_26692.txt neg neg:0.9978348334803513 pos:0.002165166519648694 
cv576_15688.txt neg pos:0.8620125962344887 neg:0.13798740376551138 
cv654_19345.txt neg neg:0.7516091961133378 pos:0.24839080388666213 
cv153_11607.txt neg neg:0.9060635258502486 pos:0.09393647414975125 
cv827_19479.txt neg neg:0.909455237578254 pos:0.0905447624217461 
cv937_9816.txt neg neg:0.9872853133672491 pos:0.012714686632750993 
cv869_24782.txt neg neg:0.5861260008965248 pos:0.4138739991034752 
cv960_28877.txt neg neg:0.9980857001745166 pos:0.0019142998254834105 
cv519_16239.txt neg pos:0.9834194160969392 neg:0.016580583903060928 
cv370_5338.txt neg pos:0.5257131442527465 neg:0.4742868557472535 
cv154_9562.txt neg neg:0.9994450283407044 pos:5.549716592956975E-4 
cv195_16146.txt neg neg:0.9946151404004706 pos:0.005384859599529488 
cv852_27512.txt neg neg:0.9813400124310719 pos:0.01865998756892808 
cv178_14380.txt neg neg:0.8356637363976783 pos:0.16433626360232165 
cv124_3903.txt neg pos:0.716453105597022 neg:0.2835468944029779 
cv718_12227.txt neg neg:0.9999689341276929 pos:3.106587230707136E-5 
cv504_29120.txt neg neg:0.6376163160336273 pos:0.36238368396637277 
cv681_9744.txt neg neg:0.9035677854057663 pos:0.09643221459423373 
cv012_29411.txt neg neg:0.9989413982551009 pos:0.001058601744899124 
cv882_10042.txt neg neg:0.8671750771360807 pos:0.13282492286391936 
cv115_26443.txt neg pos:0.7333664817088 neg:0.26663351829119997 
cv462_20788.txt neg pos:0.9506325717410071 neg:0.04936742825899292 
cv909_9973.txt neg neg:0.9863527702115437 pos:0.0136472297884564 
cv314_16095.txt neg neg:0.9918775205473639 pos:0.008122479452636068 
cv206_15893.txt neg pos:0.7382292235128117 neg:0.26177077648718833 
cv408_5367.txt neg neg:0.9878125671150034 pos:0.012187432884996557 
cv617_9561.txt neg pos:0.9961898679147698 neg:0.0038101320852302633 
cv705_11973.txt neg neg:0.9969945563538446 pos:0.0030054436461553944 
cv114_19501.txt neg neg:0.9683647159313457 pos:0.031635284068654394 
cv047_18725.txt neg neg:0.8436431523292794 pos:0.1563568476707207 
cv834_23192.txt neg neg:0.9942614886076273 pos:0.005738511392372719 
cv489_19046.txt neg neg:0.9981521403343171 pos:0.0018478596656829223 
cv737_28733.txt neg neg:0.9447084017608092 pos:0.055291598239190776 
cv384_18536.txt neg neg:0.9999433755048013 pos:5.66244951988366E-5 
cv176_14196.txt neg neg:0.8973852141984014 pos:0.10261478580159865 
cv248_15672.txt neg neg:0.5815604663827518 pos:0.41843953361724817 
cv919_18155.txt neg neg:0.9429993289044529 pos:0.05700067109554708 
cv151_17231.txt neg pos:0.7136528895775589 neg:0.2863471104224411 
cv996_12447.txt neg neg:0.9996705240269725 pos:3.294759730274352E-4 
cv432_15873.txt neg neg:0.9995683949027643 pos:4.316050972356463E-4 
cv634_11989.txt neg pos:0.9468512831454551 neg:0.053148716854544885 
cv200_29006.txt neg pos:0.9955844260945095 neg:0.00441557390549048 
cv208_9475.txt neg neg:0.9830527494930171 pos:0.016947250506982953 
cv896_17819.txt neg neg:0.9926389045097342 pos:0.00736109549026581 
cv626_7907.txt neg pos:0.5168146478841931 neg:0.483185352115807 
cv446_12209.txt neg neg:0.9994758438057577 pos:5.241561942423629E-4 
cv116_28734.txt neg neg:0.609696066830625 pos:0.3903039331693749 
cv631_4782.txt neg neg:0.9578857964498685 pos:0.04211420355013158 
cv973_10171.txt neg neg:0.9813907469778237 pos:0.01860925302217626 
cv782_21078.txt neg pos:0.7853452879698698 neg:0.21465471203013017 
cv865_28796.txt neg neg:0.9351461329465717 pos:0.06485386705342831 
cv766_7983.txt neg neg:0.9999997128494232 pos:2.8715057679183377E-7 
cv623_16988.txt neg neg:0.9977449820798773 pos:0.0022550179201227924 
cv591_24887.txt neg neg:0.9999701873900929 pos:2.981260990720384E-5 
cv832_24713.txt neg neg:0.999217943919757 pos:7.820560802429777E-4 
cv741_12765.txt neg pos:0.8089443825299973 neg:0.19105561747000258 
cv826_12761.txt neg pos:0.9995104682945737 neg:4.895317054262859E-4 
cv904_25663.txt neg neg:0.6040355017466221 pos:0.3959644982533778 
cv308_5079.txt neg neg:0.9303273253065383 pos:0.06967267469346158 
cv712_24217.txt neg neg:0.7975165871720438 pos:0.20248341282795623 
cv548_18944.txt neg neg:0.928968625834611 pos:0.0710313741653889 
cv232_16768.txt neg neg:0.9771148644607582 pos:0.022885135539241822 
cv146_18458.txt pos pos:0.9999650570565464 neg:3.4942943453647195E-5 
cv815_22456.txt pos neg:0.6660237897514969 pos:0.33397621024850316 
cv960_29007.txt pos pos:0.8557730072951545 neg:0.14422699270484549 
cv791_16302.txt pos pos:0.9747122584310105 neg:0.02528774156898954 
cv480_19817.txt pos neg:0.7221864295879523 pos:0.27781357041204763 
cv936_15954.txt pos pos:0.9993719936891342 neg:6.280063108659051E-4 
cv822_20049.txt pos pos:0.9189710070894209 neg:0.08102899291057902 
cv189_22934.txt pos pos:0.9930931545293029 neg:0.006906845470697065 
cv041_21113.txt pos pos:0.9975421223243276 neg:0.002457877675672361 
cv051_10306.txt pos pos:0.8116801406880145 neg:0.18831985931198544 
cv079_11933.txt pos pos:0.541941126469435 neg:0.45805887353056496 
cv580_14064.txt pos neg:0.920480479950604 pos:0.07951952004939608 
cv502_10406.txt pos neg:0.9804740009143097 pos:0.01952599908569035 
cv909_9960.txt pos neg:0.7714934141624226 pos:0.22850658583757738 
cv600_23878.txt pos pos:0.9997244628703086 neg:2.755371296913209E-4 
cv198_18180.txt pos pos:0.8063456740294117 neg:0.19365432597058826 
cv074_6875.txt pos pos:0.8586941322435981 neg:0.14130586775640191 
cv553_26915.txt pos pos:0.9496322998594566 neg:0.05036770014054336 
cv833_11053.txt pos neg:0.9007562433057162 pos:0.09924375669428388 
cv322_20318.txt pos pos:0.9521379477922634 neg:0.04786205220773657 
cv520_12295.txt pos neg:0.9057981946771531 pos:0.09420180532284685 
cv386_10080.txt pos pos:0.8406547972003915 neg:0.15934520279960862 
cv713_29155.txt pos pos:0.6009900491043645 neg:0.39900995089563557 
cv877_29274.txt pos pos:0.6904711048458301 neg:0.30952889515416987 
cv511_10132.txt pos neg:0.5975495456499218 pos:0.4024504543500782 
cv297_10047.txt pos pos:0.6215662518321052 neg:0.3784337481678947 
cv579_11605.txt pos neg:0.9693872065323703 pos:0.030612793467629643 
cv637_1250.txt pos pos:0.562580161873961 neg:0.43741983812603896 
cv222_17395.txt pos pos:0.867880595875317 neg:0.13211940412468298 
cv397_29023.txt pos pos:0.7194933054514604 neg:0.28050669454853966 
cv549_21443.txt pos neg:0.753603795514686 pos:0.24639620448531402 
cv012_29576.txt pos pos:0.9251015170234232 neg:0.07489848297657663 
cv077_22138.txt pos pos:0.995982097585398 neg:0.004017902414602004 
cv115_25396.txt pos pos:0.9978352953730133 neg:0.002164704626986617 
cv659_19944.txt pos pos:0.528578202657843 neg:0.471421797342157 
cv755_23616.txt pos pos:0.9771559216474072 neg:0.022844078352592882 
cv555_23922.txt pos neg:0.9022255439567143 pos:0.0977744560432857 
cv143_19666.txt pos pos:0.9398270484737659 neg:0.060172951526234156 
cv738_10116.txt pos pos:0.9952476609797185 neg:0.004752339020281476 
cv203_17986.txt pos neg:0.8788927809644047 pos:0.12110721903559533 
cv908_16009.txt pos pos:0.9906602178520152 neg:0.009339782147984789 
cv716_10514.txt pos pos:0.7328513049740841 neg:0.26714869502591587 
cv353_18159.txt pos pos:0.7253083057979595 neg:0.2746916942020406 
cv727_4978.txt pos pos:0.7746252536413133 neg:0.22537474635868657 
cv304_28706.txt pos pos:0.8684861450584114 neg:0.13151385494158863 
cv072_6169.txt pos neg:0.9219512698137922 pos:0.07804873018620787 
cv350_20670.txt pos pos:0.7700446386390728 neg:0.22995536136092723 
cv591_23640.txt pos pos:0.9998314093426653 neg:1.685906573346686E-4 
cv280_8267.txt pos pos:0.6869422902906049 neg:0.31305770970939506 
cv082_11080.txt pos neg:0.9968994045671983 pos:0.003100595432801841 
cv754_7216.txt pos pos:0.5942599184610391 neg:0.40574008153896085 
cv761_12620.txt pos neg:0.7678510744917653 pos:0.23214892550823482 
cv609_23877.txt pos pos:0.6454846050713913 neg:0.3545153949286088 
cv190_27052.txt pos pos:0.9985953329942039 neg:0.0014046670057962219 
cv562_10359.txt pos pos:0.9430387682748042 neg:0.05696123172519577 
cv814_18975.txt pos pos:0.8853669495138332 neg:0.11463305048616669 
cv245_8569.txt pos pos:0.8639161331090297 neg:0.13608386689097027 
cv117_24295.txt pos pos:0.8742783758614182 neg:0.1257216241385818 
cv465_22431.txt pos pos:0.5394233335095758 neg:0.46057666649042417 
cv899_16014.txt pos pos:0.9915221774987332 neg:0.00847782250126687 
cv667_18467.txt pos pos:0.9931678973480211 neg:0.006832102651979003 
cv852_27523.txt pos pos:0.7304720163809983 neg:0.26952798361900154 
cv821_29364.txt pos pos:0.952053963178825 neg:0.047946036821175 
cv805_19601.txt pos pos:0.9999842737279279 neg:1.572627207211109E-5 
cv064_24576.txt pos pos:0.5801317988005608 neg:0.4198682011994392 
cv173_4471.txt pos neg:0.8357054850298101 pos:0.16429451497018993 
cv845_14290.txt pos neg:0.9891090940902058 pos:0.010890905909794246 
cv634_11101.txt pos pos:0.8569019421772933 neg:0.14309805782270674 
cv085_1381.txt pos pos:0.9999137441239326 neg:8.625587606740485E-5 
cv556_14808.txt pos pos:0.9999932831617849 neg:6.716838215042041E-6 
cv536_27134.txt pos pos:0.7483230686239388 neg:0.2516769313760611 
cv027_25219.txt pos pos:0.9999988638405367 neg:1.1361594633369896E-6 
cv379_21963.txt pos pos:0.9980943066620889 neg:0.001905693337911094 
cv028_26746.txt pos neg:0.7660710046878636 pos:0.23392899531213635 
cv404_20315.txt pos pos:0.7797150326941273 neg:0.2202849673058727 
cv124_4122.txt pos pos:0.6637305216973799 neg:0.33626947830262005 
cv062_23115.txt pos pos:0.754581419386972 neg:0.245418580613028 
cv983_22928.txt pos neg:0.5331799614384417 pos:0.4668200385615583 
cv774_13845.txt pos pos:0.9779146547051496 neg:0.022085345294850334 
cv409_29786.txt pos pos:0.9978179395645154 neg:0.002182060435484692 
cv982_21103.txt pos pos:0.9968351681648326 neg:0.0031648318351672473 
cv589_12064.txt pos pos:0.5744117425343296 neg:0.42558825746567036 
cv232_14991.txt pos pos:0.9923561450460943 neg:0.007643854953905655 
cv382_7897.txt pos pos:0.9762594409805563 neg:0.023740559019443642 
cv368_10466.txt pos pos:0.9872647414993825 neg:0.012735258500617568 
cv202_10654.txt pos pos:0.9744603868109462 neg:0.025539613189053956 
cv168_7050.txt pos pos:0.9967638490040672 neg:0.0032361509959326685 
cv862_14324.txt pos pos:0.9999971162332707 neg:2.883766729182405E-6 
cv484_25054.txt pos neg:0.5441688407041771 pos:0.4558311592958228 
cv891_6385.txt pos pos:0.756582269209215 neg:0.24341773079078508 
cv065_15248.txt pos neg:0.8026465858539963 pos:0.19735341414600363 
cv138_12721.txt pos pos:0.8854990053461086 neg:0.11450099465389145 
cv829_20289.txt pos pos:0.8857953235888562 neg:0.11420467641114385 
cv291_26635.txt pos pos:0.7933632360877538 neg:0.2066367639122461 
cv699_7223.txt pos neg:0.6055028023204051 pos:0.3944971976795949 
cv918_2693.txt pos pos:0.9490632266359943 neg:0.05093677336400565 
cv715_18179.txt pos neg:0.5244193856422956 pos:0.4755806143577043 
cv643_29349.txt pos neg:0.763237065223005 pos:0.23676293477699503 
cv786_22497.txt pos pos:0.8465891705543522 neg:0.15341082944564768 
cv767_14062.txt pos pos:0.8714035309595304 neg:0.12859646904046967 
Trial 0 Trainer MaxEntTrainer,gaussianPriorVariance=1.0 Training Data Confusion Matrix
Confusion Matrix, row=true, column=predicted  accuracy=0.9977777777777778
  label   0   1  |total
  0 neg 899   1  |900
  1 pos   3 897  |900

Trial 0 Trainer MaxEntTrainer,gaussianPriorVariance=1.0 training data accuracy= 0.9977777777777778
Trial 0 Trainer MaxEntTrainer,gaussianPriorVariance=1.0 Test Data Confusion Matrix
Confusion Matrix, row=true, column=predicted  accuracy=0.74
  label   0   1  |total
  0 neg  72  28  |100
  1 pos  24  76  |100

Trial 0 Trainer MaxEntTrainer,gaussianPriorVariance=1.0 test data accuracy= 0.74

MaxEntTrainer,gaussianPriorVariance=1.0
Summary. train accuracy mean = 0.9977777777777778 stddev = 0.0 stderr = 0.0
Summary. test accuracy mean = 0.74 stddev = 0.0 stderr = 0.0
