
-------------------- Trial 0  --------------------

Trial 0 Training MaxEntTrainer,gaussianPriorVariance=1.0 with 1800 instances
Trial 0 Training MaxEntTrainer,gaussianPriorVariance=1.0 finished
Trial 0 Trainer MaxEntTrainer,gaussianPriorVariance=1.0
 Raw Testing Data
cv873_19937.txt neg pos:0.9678816180771448 neg:0.03211838192285516 
cv789_12991.txt neg neg:0.6002882601393542 pos:0.3997117398606457 
cv369_14245.txt neg neg:0.8156915701432877 pos:0.1843084298567123 
cv400_20631.txt neg pos:0.992304438142666 neg:0.007695561857333996 
cv785_23748.txt neg neg:0.8469555044242879 pos:0.15304449557571195 
cv363_29273.txt neg pos:0.8041473832429896 neg:0.19585261675701046 
cv321_14191.txt neg neg:0.7470663448997247 pos:0.2529336551002753 
cv394_5311.txt neg neg:0.9077830043948899 pos:0.09221699560511007 
cv614_11320.txt neg neg:0.9998996975491412 pos:1.0030245085878618E-4 
cv567_29420.txt neg neg:0.9126578741328599 pos:0.08734212586714019 
cv158_10914.txt neg neg:0.6985386010405881 pos:0.30146139895941193 
cv878_17204.txt neg neg:0.9999849950538592 pos:1.5004946140838376E-5 
cv237_20635.txt neg pos:0.9062399032889124 neg:0.09376009671108769 
cv413_7893.txt neg neg:0.9943079985471577 pos:0.005692001452842273 
cv139_14236.txt neg neg:0.9999917477195049 pos:8.25228049519642E-6 
cv214_13285.txt neg neg:0.9968179253101179 pos:0.0031820746898820708 
cv240_15948.txt neg pos:0.8839447378471574 neg:0.11605526215284252 
cv856_28882.txt neg neg:0.9748682579756077 pos:0.025131742024392386 
cv813_6649.txt neg neg:0.6591662265506932 pos:0.34083377344930677 
cv447_27334.txt neg neg:0.9996326529529256 pos:3.6734704707448544E-4 
cv291_26844.txt neg pos:0.7698045790828197 neg:0.23019542091718018 
cv979_2029.txt neg neg:0.9916878039759791 pos:0.008312196024020849 
cv471_18405.txt neg neg:0.999465447865447 pos:5.345521345530371E-4 
cv781_5358.txt neg pos:0.8078143183655553 neg:0.19218568163444466 
cv604_23339.txt neg pos:0.6559196294163807 neg:0.3440803705836194 
cv546_12723.txt neg neg:0.9943052150691901 pos:0.00569478493080982 
cv660_23140.txt neg neg:0.7082577491487024 pos:0.29174225085129757 
cv388_12810.txt neg neg:0.968536334620223 pos:0.03146366537977706 
cv222_18720.txt neg neg:0.9987631147103492 pos:0.0012368852896509366 
cv796_17243.txt neg pos:0.9736084442562387 neg:0.02639155574376119 
cv035_3343.txt neg neg:0.9260283485344732 pos:0.07397165146552687 
cv655_12055.txt neg pos:0.9204929797129751 neg:0.07950702028702503 
cv942_18509.txt neg neg:0.911031602409984 pos:0.08896839759001596 
cv358_11557.txt neg neg:0.9939208551927847 pos:0.006079144807215394 
cv621_15984.txt neg neg:0.6160063418885604 pos:0.3839936581114395 
cv319_16459.txt neg neg:0.6915784632981787 pos:0.3084215367018213 
cv289_6239.txt neg neg:0.8258978304606587 pos:0.17410216953934135 
cv568_17065.txt neg neg:0.8652063304176367 pos:0.1347936695823632 
cv112_12178.txt neg pos:0.9679003947571687 neg:0.032099605242831314 
cv194_12855.txt neg pos:0.8816117003709771 neg:0.11838829962902285 
cv610_24153.txt neg pos:0.8849150472129732 neg:0.1150849527870268 
cv842_5702.txt neg neg:0.9996867402342812 pos:3.132597657189283E-4 
cv748_14044.txt neg neg:0.8948399276682688 pos:0.1051600723317312 
cv690_5425.txt neg neg:0.8630527980948205 pos:0.1369472019051795 
cv160_10848.txt neg pos:0.7834412980919024 neg:0.21655870190809764 
cv283_11963.txt neg pos:0.5509651045270576 neg:0.44903489547294234 
cv658_11186.txt neg neg:0.762297162976015 pos:0.23770283702398493 
cv136_12384.txt neg pos:0.8008310871365366 neg:0.19916891286346336 
cv189_24248.txt neg neg:0.8374440555884569 pos:0.162555944411543 
cv770_11061.txt neg neg:0.999189701717196 pos:8.102982828040565E-4 
cv059_28723.txt neg neg:0.7804106763839374 pos:0.21958932361606273 
cv323_29633.txt neg neg:0.9901339865043141 pos:0.009866013495686056 
cv992_12806.txt neg neg:0.6146268795178923 pos:0.38537312048210765 
cv444_9975.txt neg neg:0.6749532488367256 pos:0.32504675116327436 
cv673_25874.txt neg neg:0.9982104391287362 pos:0.0017895608712636911 
cv203_19052.txt neg pos:0.5044948047453104 neg:0.4955051952546896 
cv952_26375.txt neg neg:0.726988289661828 pos:0.27301171033817195 
cv498_9288.txt neg neg:0.7714844904785934 pos:0.2285155095214065 
cv670_2666.txt neg neg:0.9247262955606828 pos:0.07527370443931718 
cv765_20429.txt neg neg:0.9884393990345722 pos:0.011560600965427745 
cv505_12926.txt neg neg:0.9880139805185532 pos:0.011986019481446768 
cv677_18938.txt neg neg:0.6906695356652697 pos:0.30933046433473027 
cv841_3367.txt neg neg:0.991680967520634 pos:0.00831903247936613 
cv383_14662.txt neg pos:0.7449511731587367 neg:0.2550488268412633 
cv353_19197.txt neg neg:0.9984736963747154 pos:0.0015263036252846397 
cv063_28852.txt neg neg:0.9999929125192539 pos:7.087480745932786E-6 
cv146_19587.txt neg neg:0.9807277071528668 pos:0.01927229284713319 
cv970_19532.txt neg neg:0.9971249909121945 pos:0.002875009087805518 
cv107_25639.txt neg pos:0.9985027655412954 neg:0.001497234458704524 
cv972_26837.txt neg pos:0.9449568124410499 neg:0.055043187558950185 
cv761_13769.txt neg neg:0.6073259314875974 pos:0.39267406851240255 
cv175_7375.txt neg neg:0.9955568814764234 pos:0.0044431185235766025 
cv868_12799.txt neg pos:0.5045269598262058 neg:0.4954730401737943 
cv743_17023.txt neg pos:0.6933306052735488 neg:0.30666939472645116 
cv542_20359.txt neg pos:0.9937074730732799 neg:0.006292526926720121 
cv946_20084.txt neg pos:0.9029587749493487 neg:0.09704122505065131 
cv962_9813.txt neg neg:0.6775272906433658 pos:0.32247270935663414 
cv864_3087.txt neg neg:0.9947740256498167 pos:0.005225974350183437 
cv600_25043.txt neg pos:0.934906489360068 neg:0.06509351063993203 
cv636_16954.txt neg neg:0.998160346530324 pos:0.0018396534696759846 
cv760_8977.txt neg neg:0.8941185058174452 pos:0.10588149418255478 
cv809_5012.txt neg neg:0.9807029571806762 pos:0.019297042819323817 
cv668_18848.txt neg neg:0.998767413698272 pos:0.0012325863017278954 
cv215_23246.txt neg neg:0.8138392521563617 pos:0.1861607478436384 
cv554_14678.txt neg neg:0.9006108427662183 pos:0.09938915723378174 
cv110_27832.txt neg neg:0.8792660356889548 pos:0.12073396431104527 
cv976_10724.txt neg neg:0.9581101017130677 pos:0.04188989828693227 
cv674_11593.txt neg pos:0.9917498169898143 neg:0.008250183010185598 
cv663_14484.txt neg neg:0.9691272587188898 pos:0.030872741281110234 
cv265_11625.txt neg neg:0.9999299036822207 pos:7.009631777942288E-5 
cv142_23657.txt neg pos:0.9676394994748085 neg:0.032360500525191425 
cv227_25406.txt neg neg:0.9999985000694025 pos:1.4999305975594195E-6 
cv186_2396.txt neg neg:0.5195323019946744 pos:0.4804676980053257 
cv902_13217.txt neg neg:0.9974250444931714 pos:0.0025749555068286926 
cv758_9740.txt neg neg:0.9996995314409847 pos:3.004685590152268E-4 
cv927_11471.txt neg neg:0.8740342172346147 pos:0.1259657827653853 
cv734_22821.txt neg neg:0.8086814889321887 pos:0.19131851106781125 
cv513_7236.txt neg neg:0.9999825384820272 pos:1.746151797292553E-5 
cv051_10751.txt neg neg:0.9914184916965493 pos:0.008581508303450757 
cv457_19546.txt neg neg:0.7837822376080157 pos:0.21621776239198434 
cv998_14111.txt pos neg:0.9590307364006885 pos:0.040969263599311585 
cv187_12829.txt pos pos:0.9939523015744252 neg:0.006047698425574805 
cv269_21732.txt pos pos:0.999478929209893 neg:5.210707901069905E-4 
cv951_10926.txt pos pos:0.9276908823173491 neg:0.07230911768265083 
cv127_14711.txt pos neg:0.9251003153384426 pos:0.07489968466155747 
cv439_15970.txt pos pos:0.751855058809859 neg:0.24814494119014097 
cv330_29809.txt pos neg:0.70442002964356 pos:0.29557997035644 
cv661_2450.txt pos pos:0.9999650217446211 neg:3.497825537888878E-5 
cv694_4876.txt pos pos:0.9246451251926966 neg:0.07535487480730342 
cv863_7424.txt pos pos:0.996076842183602 neg:0.003923157816397995 
cv836_12968.txt pos pos:0.9992574432675695 neg:7.425567324304456E-4 
cv517_19219.txt pos pos:0.8411817331420643 neg:0.15881826685793574 
cv312_29377.txt pos pos:0.9996132051859132 neg:3.86794814086801E-4 
cv740_12445.txt pos pos:0.9989970316130079 neg:0.001002968386992187 
cv194_12079.txt pos pos:0.7054644152145952 neg:0.29453558478540476 
cv907_3541.txt pos neg:0.6239900465387158 pos:0.3760099534612842 
cv950_12350.txt pos neg:0.7974108134389362 pos:0.20258918656106378 
cv467_25773.txt pos pos:0.9068948370507421 neg:0.0931051629492579 
cv680_10160.txt pos pos:0.977401620606776 neg:0.022598379393223955 
cv746_10147.txt pos pos:0.9997321073104373 neg:2.6789268956279314E-4 
cv211_9953.txt pos pos:0.9994785807051008 neg:5.214192948991898E-4 
cv770_10451.txt pos pos:0.9948930999890813 neg:0.005106900010918882 
cv835_19159.txt pos pos:0.7943181370938311 neg:0.20568186290616897 
cv544_5108.txt pos pos:0.9721720525205585 neg:0.027827947479441523 
cv164_22447.txt pos pos:0.999959662958457 neg:4.033704154308012E-5 
cv316_6370.txt pos pos:0.7978780909457356 neg:0.20212190905426444 
cv513_6923.txt pos pos:0.9880499744682759 neg:0.011950025531724053 
cv496_10530.txt pos pos:0.9538362723838105 neg:0.046163727616189386 
cv653_19583.txt pos neg:0.9843929435289681 pos:0.01560705647103181 
cv128_29627.txt pos pos:0.8941308310344549 neg:0.10586916896554519 
cv429_7439.txt pos neg:0.7992306840129271 pos:0.20076931598707295 
cv601_23453.txt pos pos:0.9951933544962569 neg:0.004806645503743092 
cv010_29198.txt pos pos:0.998673192316654 neg:0.0013268076833461396 
cv881_13254.txt pos pos:0.6532067244431724 neg:0.3467932755568275 
cv837_27325.txt pos pos:0.9999964176156715 neg:3.582384328548622E-6 
cv246_28807.txt pos pos:0.9906177871254018 neg:0.009382212874598228 
cv426_10421.txt pos pos:0.995018577742561 neg:0.004981422257438982 
cv145_11472.txt pos pos:0.995708437664493 neg:0.004291562335507038 
cv111_11473.txt pos pos:0.6658157417804742 neg:0.33418425821952574 
cv433_10144.txt pos pos:0.9999734698450852 neg:2.6530154914692323E-5 
cv100_11528.txt pos pos:0.7600422388459587 neg:0.23995776115404133 
cv003_11664.txt pos pos:0.9231041592942756 neg:0.07689584070572442 
cv389_9369.txt pos pos:0.7719381907727336 neg:0.22806180922726643 
cv669_22995.txt pos pos:0.9946227736185553 neg:0.005377226381444662 
cv234_20643.txt pos neg:0.5242044059296548 pos:0.4757955940703451 
cv319_14727.txt pos pos:0.8579234016034707 neg:0.14207659839652936 
cv535_19728.txt pos neg:0.7533629112005632 pos:0.24663708879943677 
cv116_28942.txt pos pos:0.9267020722217493 neg:0.07329792777825059 
cv093_13951.txt pos pos:0.9918167897623673 neg:0.008183210237632738 
cv244_21649.txt pos neg:0.9258773323391766 pos:0.07412266766082336 
cv095_28892.txt pos neg:0.9923121152170175 pos:0.007687884782982674 
cv966_28832.txt pos pos:0.9541081446057066 neg:0.045891855394293454 
cv665_29538.txt pos pos:0.5606221457931504 neg:0.43937785420684955 
cv650_14340.txt pos pos:0.9958198061117635 neg:0.004180193888236402 
cv711_11665.txt pos pos:0.8410466844704098 neg:0.15895331552959024 
cv151_15771.txt pos pos:0.9733878457806232 neg:0.026612154219376932 
cv551_10565.txt pos pos:0.9423398978577282 neg:0.05766010214227177 
cv490_17872.txt pos pos:0.7981608554419096 neg:0.20183914455809032 
cv025_3108.txt pos neg:0.9337579692367094 pos:0.06624203076329067 
cv361_28944.txt pos pos:0.9713135990521027 neg:0.028686400947897255 
cv357_13156.txt pos pos:0.9114098123401926 neg:0.08859018765980746 
cv749_17765.txt pos pos:0.995693568753779 neg:0.0043064312462211376 
cv254_6027.txt pos pos:0.9993950218399721 neg:6.049781600278715E-4 
cv642_29867.txt pos pos:0.983210201332555 neg:0.016789798667444945 
cv221_2695.txt pos pos:0.508352336154422 neg:0.49164766384557795 
cv200_2915.txt pos pos:0.8679144676718208 neg:0.1320855323281792 
cv947_10601.txt pos neg:0.7968789097510034 pos:0.20312109024899652 
cv655_11154.txt pos neg:0.9018758170169522 pos:0.09812418298304776 
cv890_3977.txt pos neg:0.8785761681349629 pos:0.1214238318650371 
cv142_22516.txt pos neg:0.5409541017425454 pos:0.4590458982574546 
cv924_29540.txt pos pos:0.9439988698500109 neg:0.05600113014998903 
cv676_21090.txt pos pos:0.9977681191567369 neg:0.0022318808432629845 
cv069_10801.txt pos pos:0.987291731952788 neg:0.01270826804721206 
cv371_7630.txt pos pos:0.9989578601386735 neg:0.00104213986132645 
cv252_23779.txt pos pos:0.9999106106648509 neg:8.93893351491271E-5 
cv338_8821.txt pos pos:0.778127275751574 neg:0.2218727242484259 
cv896_16071.txt pos pos:0.998767852421371 neg:0.0012321475786289497 
cv615_14182.txt pos pos:0.9960905445696465 neg:0.003909455430353461 
cv794_15868.txt pos neg:0.9931966232948457 pos:0.0068033767051543445 
cv083_24234.txt pos pos:0.9034046491096998 neg:0.09659535089030025 
cv040_8276.txt pos neg:0.9034975820083665 pos:0.09650241799163359 
cv652_13972.txt pos neg:0.5129388614853777 pos:0.4870611385146223 
cv192_14395.txt pos pos:0.9703144931027247 neg:0.02968550689727534 
cv084_13566.txt pos pos:0.9200321623510354 neg:0.07996783764896462 
cv616_29319.txt pos pos:0.9970514832313676 neg:0.002948516768632335 
cv885_12318.txt pos pos:0.9190634891437576 neg:0.08093651085624246 
cv801_25228.txt pos pos:0.5740032629608273 neg:0.4259967370391727 
cv108_15571.txt pos neg:0.6538245465687246 pos:0.3461754534312755 
cv753_10875.txt pos pos:0.8851620010829874 neg:0.1148379989170126 
cv332_16307.txt pos pos:0.9753175526467589 neg:0.024682447353240988 
cv990_11591.txt pos pos:0.9066048294030383 neg:0.09339517059696174 
cv593_10987.txt pos pos:0.9980337848188967 neg:0.001966215181103386 
cv488_19856.txt pos pos:0.9116641697658815 neg:0.0883358302341185 
cv219_18626.txt pos pos:0.8856436777481386 neg:0.1143563222518615 
cv955_25001.txt pos neg:0.6402207731858385 pos:0.3597792268141616 
cv864_3416.txt pos neg:0.9910944646512766 pos:0.008905535348723402 
cv904_24353.txt pos pos:0.5543912777944806 neg:0.4456087222055193 
cv538_28667.txt pos pos:0.9998153809547506 neg:1.8461904524933815E-4 
cv521_15828.txt pos pos:0.9999903408626167 neg:9.659137383213006E-6 
cv518_13331.txt pos pos:0.9941726855369796 neg:0.005827314463020288 
Trial 0 Trainer MaxEntTrainer,gaussianPriorVariance=1.0 Training Data Confusion Matrix
Confusion Matrix, row=true, column=predicted  accuracy=0.9966666666666667
  label   0   1  |total
  0 neg 899   1  |900
  1 pos   5 895  |900

Trial 0 Trainer MaxEntTrainer,gaussianPriorVariance=1.0 training data accuracy= 0.9966666666666667
Trial 0 Trainer MaxEntTrainer,gaussianPriorVariance=1.0 Test Data Confusion Matrix
Confusion Matrix, row=true, column=predicted  accuracy=0.755
  label   0   1  |total
  0 neg  73  27  |100
  1 pos  22  78  |100

Trial 0 Trainer MaxEntTrainer,gaussianPriorVariance=1.0 test data accuracy= 0.755

MaxEntTrainer,gaussianPriorVariance=1.0
Summary. train accuracy mean = 0.9966666666666667 stddev = 0.0 stderr = 0.0
Summary. test accuracy mean = 0.755 stddev = 0.0 stderr = 0.0
