
-------------------- Trial 0  --------------------

Trial 0 Training MaxEntTrainer,gaussianPriorVariance=1.0 with 1800 instances
Trial 0 Training MaxEntTrainer,gaussianPriorVariance=1.0 finished
Trial 0 Trainer MaxEntTrainer,gaussianPriorVariance=1.0
 Raw Testing Data
cv329_29293.txt neg neg:0.9433414117420635 pos:0.05665858825793646 
cv926_18471.txt neg neg:0.9977914835356203 pos:0.002208516464379638 
cv307_26382.txt neg neg:0.858034531069042 pos:0.14196546893095793 
cv565_29403.txt neg pos:0.546298890474402 neg:0.45370110952559795 
cv109_22599.txt neg neg:0.8994035151548028 pos:0.10059648484519712 
cv476_18402.txt neg neg:0.8830015695742599 pos:0.11699843042574017 
cv366_10709.txt neg neg:0.9887249334807419 pos:0.011275066519258038 
cv727_5006.txt neg pos:0.675517388084893 neg:0.324482611915107 
cv602_8830.txt neg pos:0.7015182244353961 neg:0.2984817755646038 
cv351_17029.txt neg neg:0.9986941571975075 pos:0.001305842802492557 
cv777_10247.txt neg neg:0.9951940546372408 pos:0.004805945362759228 
cv570_28960.txt neg pos:0.6844182760407669 neg:0.31558172395923306 
cv056_14663.txt neg neg:0.9639752281425861 pos:0.036024771857413984 
cv900_10800.txt neg pos:0.9818528489099617 neg:0.018147151090038272 
cv230_7913.txt neg neg:0.9954272936160009 pos:0.004572706383999108 
cv965_26688.txt neg neg:0.6381110772692496 pos:0.3618889227307503 
cv495_16121.txt neg neg:0.9061330601807926 pos:0.09386693981920739 
cv054_4101.txt neg neg:0.9946292319781705 pos:0.005370768021829484 
cv036_18385.txt neg neg:0.6886773296709091 pos:0.31132267032909083 
cv739_12179.txt neg neg:0.8718672652458179 pos:0.12813273475418216 
cv574_23191.txt neg neg:0.9950734453149308 pos:0.004926554685069202 
cv006_17022.txt neg neg:0.8942426385241341 pos:0.10575736147586601 
cv555_25047.txt neg neg:0.7954918499108173 pos:0.2045081500891826 
cv609_25038.txt neg neg:0.7977401135431109 pos:0.20225988645688908 
cv251_23901.txt neg neg:0.9851275183201719 pos:0.014872481679828192 
cv441_15276.txt neg pos:0.9653823382537257 neg:0.03461766174627445 
cv763_16486.txt neg neg:0.9376644360075174 pos:0.0623355639924826 
cv197_29271.txt neg neg:0.9036461525917996 pos:0.09635384740820031 
cv944_15042.txt neg pos:0.6129056471406972 neg:0.38709435285930277 
cv058_8469.txt neg neg:0.8399612124792923 pos:0.16003878752070763 
cv740_13643.txt neg neg:0.8800120892682785 pos:0.11998791073172148 
cv880_29629.txt neg neg:0.9386818832024897 pos:0.06131811679751034 
cv436_20564.txt neg neg:0.8779337110567468 pos:0.12206628894325328 
cv984_14006.txt neg neg:0.9912501050693351 pos:0.008749894930665015 
cv735_20218.txt neg neg:0.5814041798915428 pos:0.41859582010845714 
cv461_21124.txt neg pos:0.701373224224606 neg:0.29862677577539404 
cv229_15200.txt neg neg:0.5195613335435288 pos:0.48043866645647115 
cv278_14533.txt neg pos:0.9516713515470454 neg:0.04832864845295449 
cv995_23113.txt neg neg:0.9989711371272538 pos:0.001028862872746277 
cv846_29359.txt neg neg:0.9926474016097373 pos:0.007352598390262638 
cv858_20266.txt neg neg:0.9995970822589237 pos:4.029177410762201E-4 
cv872_13710.txt neg neg:0.9997735844062369 pos:2.2641559376319884E-4 
cv539_21865.txt neg pos:0.8874916974083178 neg:0.11250830259168211 
cv484_26169.txt neg pos:0.8699666416454646 neg:0.1300333583545354 
cv324_7502.txt neg pos:0.895123339407624 neg:0.10487666059237603 
cv386_10229.txt neg neg:0.9879224176081062 pos:0.012077582391893849 
cv087_2145.txt neg neg:0.9563095928527231 pos:0.04369040714727678 
cv287_17410.txt neg neg:0.8065835488575125 pos:0.19341645114248746 
cv848_10061.txt neg neg:0.9815698239990162 pos:0.01843017600098391 
cv368_11090.txt neg neg:0.8242801503982091 pos:0.17571984960179077 
cv464_17076.txt neg neg:0.9194771616632557 pos:0.0805228383367443 
cv768_12709.txt neg neg:0.9709459249352858 pos:0.029054075064714222 
cv246_28668.txt neg neg:0.9014429810089998 pos:0.09855701899100017 
cv850_18185.txt neg neg:0.7261157061814397 pos:0.2738842938185603 
cv840_18033.txt neg neg:0.9924434818150143 pos:0.007556518184985684 
cv046_10613.txt neg neg:0.9953270121263644 pos:0.004672987873635685 
cv742_8279.txt neg pos:0.8638952970822047 neg:0.13610470291779528 
cv264_14108.txt neg pos:0.6965373696940529 neg:0.30346263030594706 
cv592_23391.txt neg neg:0.9866355301366684 pos:0.013364469863331568 
cv582_6678.txt neg neg:0.9991846786898526 pos:8.153213101475216E-4 
cv684_12727.txt neg neg:0.9994738210263673 pos:5.261789736328105E-4 
cv414_11161.txt neg pos:0.9996646107600495 neg:3.3538923995036325E-4 
cv703_17948.txt neg neg:0.5299256516185464 pos:0.4700743483814536 
cv168_7435.txt neg pos:0.6042670727489238 neg:0.3957329272510763 
cv807_23024.txt neg neg:0.9999990543916435 pos:9.456083565561969E-7 
cv050_12128.txt neg neg:0.9957692068687004 pos:0.0042307931312997255 
cv064_25842.txt neg neg:0.9873506998249102 pos:0.012649300175089851 
cv571_29292.txt neg pos:0.9859279282068317 neg:0.014072071793168352 
cv871_25971.txt neg neg:0.8292797937581414 pos:0.17072020624185866 
cv356_26170.txt neg neg:0.9989397096432434 pos:0.0010602903567566786 
cv451_11502.txt neg neg:0.9991979956076953 pos:8.020043923046853E-4 
cv327_21743.txt neg neg:0.9964662244623539 pos:0.003533775537646149 
cv458_9000.txt neg neg:0.9147877517882296 pos:0.08521224821177051 
cv416_12048.txt neg neg:0.9999139480776627 pos:8.605192233725982E-5 
cv532_6495.txt neg neg:0.9992704400832823 pos:7.295599167176326E-4 
cv011_13044.txt neg pos:0.8554976846276455 neg:0.14450231537235442 
cv155_7845.txt neg neg:0.9973414565858426 pos:0.002658543414157444 
cv847_20855.txt neg neg:0.964020277350427 pos:0.03597972264957317 
cv772_12971.txt neg neg:0.9984772610187627 pos:0.0015227389812373672 
cv187_14112.txt neg neg:0.9993113656645388 pos:6.886343354612676E-4 
cv918_27080.txt neg pos:0.9806331583759053 neg:0.019366841624094758 
cv258_5627.txt neg neg:0.9502249427779413 pos:0.049775057222058744 
cv288_20212.txt neg neg:0.9938587521900349 pos:0.006141247809965036 
cv833_11961.txt neg neg:0.9817229959855615 pos:0.018277004014438544 
cv603_18885.txt neg pos:0.6539407801095202 neg:0.3460592198904798 
cv892_18788.txt neg neg:0.9296595462650856 pos:0.0703404537349143 
cv786_23608.txt neg pos:0.8899062221027029 neg:0.11009377789729717 
cv885_13390.txt neg neg:0.9728200384397212 pos:0.02717996156027884 
cv859_15689.txt neg neg:0.8273149113685545 pos:0.17268508863144555 
cv649_13947.txt neg neg:0.9664481361364166 pos:0.033551863863583484 
cv318_11146.txt neg neg:0.9999965741178486 pos:3.425882151504538E-6 
cv573_29384.txt neg neg:0.9823631982852468 pos:0.017636801714753257 
cv210_9557.txt neg neg:0.998647280387392 pos:0.0013527196126078744 
cv706_25883.txt neg neg:0.9872352512971851 pos:0.012764748702814771 
cv953_7078.txt neg neg:0.9998480595110191 pos:1.5194048898090583E-4 
cv228_5644.txt neg neg:0.7504946466956156 pos:0.24950535330438436 
cv755_24881.txt neg neg:0.9664250495077358 pos:0.03357495049226419 
cv551_11214.txt neg pos:0.7431714064898881 neg:0.25682859351011184 
cv123_12165.txt neg neg:0.9979914303634967 pos:0.0020085696365033947 
cv784_16077.txt neg neg:0.9991623546514198 pos:8.376453485801256E-4 
cv981_14989.txt pos pos:0.9972202645024539 neg:0.002779735497546081 
cv758_9671.txt pos pos:0.8428011293021129 neg:0.15719887069788696 
cv463_10343.txt pos neg:0.671215017118984 pos:0.32878498288101604 
cv106_16807.txt pos pos:0.9889789615703264 neg:0.011021038429673674 
cv944_13521.txt pos pos:0.6497369986985133 neg:0.3502630013014866 
cv296_12251.txt pos neg:0.9737818636379912 pos:0.026218136362008735 
cv695_21108.txt pos pos:0.9864904744655558 neg:0.013509525534444072 
cv587_19162.txt pos neg:0.9333098809841104 pos:0.06669011901588963 
cv165_22619.txt pos pos:0.9939713279197477 neg:0.006028672080252294 
cv865_2895.txt pos pos:0.6919073669437887 neg:0.30809263305621126 
cv307_25270.txt pos pos:0.9886395529208881 neg:0.011360447079111954 
cv777_10094.txt pos pos:0.9999672531046663 neg:3.2746895333802826E-5 
cv418_14774.txt pos neg:0.5119269987830786 pos:0.4880730012169214 
cv387_11507.txt pos pos:0.9812076631333558 neg:0.018792336866644263 
cv889_21430.txt pos pos:0.982780862850721 neg:0.01721913714927911 
cv052_29378.txt pos pos:0.9956596027711735 neg:0.00434039722882655 
cv725_10103.txt pos pos:0.6563343189468349 neg:0.3436656810531651 
cv130_17083.txt pos pos:0.9770787450073866 neg:0.022921254992613563 
cv550_22211.txt pos pos:0.6482739855678559 neg:0.35172601443214413 
cv577_28549.txt pos pos:0.9999998002011354 neg:1.997988646425102E-7 
cv613_21796.txt pos pos:0.964311855333142 neg:0.035688144666857984 
cv414_10518.txt pos pos:0.9902547160122902 neg:0.009745283987709815 
cv703_16143.txt pos pos:0.9970633254381713 neg:0.0029366745618285457 
cv104_18134.txt pos pos:0.9993597743319355 neg:6.402256680644875E-4 
cv475_21692.txt pos pos:0.9997654611805492 neg:2.3453881945067562E-4 
cv547_16324.txt pos pos:0.978305577728512 neg:0.02169442227148785 
cv809_5009.txt pos pos:0.9996307885364221 neg:3.6921146357783545E-4 
cv430_17351.txt pos neg:0.6119916714092 pos:0.3880083285908 
cv474_10209.txt pos pos:0.9844924066163511 neg:0.01550759338364891 
cv000_29590.txt pos neg:0.7175279161148533 pos:0.2824720838851466 
cv469_20630.txt pos neg:0.926352600852753 pos:0.07364739914724698 
cv977_4938.txt pos pos:0.9995690764180856 neg:4.3092358191450475E-4 
cv015_29439.txt pos pos:0.8563031252480512 neg:0.14369687475194876 
cv771_28665.txt pos neg:0.6322780559734682 pos:0.36772194402653186 
cv763_14729.txt pos pos:0.9919572810369053 neg:0.008042718963094764 
cv611_21120.txt pos pos:0.9377139255854191 neg:0.06228607441458085 
cv585_22496.txt pos pos:0.9693683473583591 neg:0.03063165264164096 
cv906_11491.txt pos pos:0.8369183946440235 neg:0.16308160535597643 
cv868_11948.txt pos pos:0.9994422883850947 neg:5.577116149052665E-4 
cv696_29740.txt pos neg:0.8983264540860337 pos:0.10167354591396635 
cv974_22941.txt pos pos:0.9719028996419453 neg:0.028097100358054634 
cv605_11800.txt pos pos:0.9969139455985611 neg:0.0030860544014390057 
cv160_10362.txt pos pos:0.9996814319546169 neg:3.1856804538304983E-4 
cv692_15451.txt pos pos:0.9999818307337193 neg:1.816926628081707E-5 
cv176_12857.txt pos pos:0.8649238647233497 neg:0.1350761352766503 
cv401_12605.txt pos pos:0.9973618342823917 neg:0.0026381657176082706 
cv559_0050.txt pos pos:0.8281676556945627 neg:0.17183234430543728 
cv403_6621.txt pos neg:0.641622273902099 pos:0.35837772609790103 
cv035_3954.txt pos pos:0.9954396028406206 neg:0.004560397159379358 
cv473_7367.txt pos pos:0.7950387861817481 neg:0.20496121381825197 
cv624_10744.txt pos pos:0.9993849191620128 neg:6.150808379871974E-4 
cv683_12167.txt pos pos:0.9767331683983066 neg:0.023266831601693395 
cv461_19600.txt pos pos:0.9959406311107055 neg:0.004059368889294539 
cv633_29837.txt pos pos:0.9942835329880414 neg:0.0057164670119586 
cv054_4230.txt pos pos:0.7002144064025537 neg:0.2997855935974462 
cv832_23275.txt pos pos:0.9658672018365497 neg:0.03413279816345034 
cv478_14309.txt pos pos:0.9693865330221424 neg:0.030613466977857728 
cv940_17705.txt pos pos:0.9013122220516443 neg:0.09868777794835576 
cv107_24319.txt pos neg:0.995847547533841 pos:0.004152452466159086 
cv302_25649.txt pos pos:0.8031515354353802 neg:0.1968484645646199 
cv884_13632.txt pos pos:0.9943659760461915 neg:0.005634023953808401 
cv619_12462.txt pos pos:0.9485266036283844 neg:0.051473396371615576 
cv273_29112.txt pos pos:0.9977476309246726 neg:0.002252369075327332 
cv359_6647.txt pos neg:0.9542816783978973 pos:0.04571832160210264 
cv945_12160.txt pos pos:0.9999398973411753 neg:6.0102658824658255E-5 
cv841_3967.txt pos neg:0.9941080851288204 pos:0.005891914871179417 
cv125_9391.txt pos pos:0.9076258953160713 neg:0.09237410468392872 
cv212_10027.txt pos pos:0.9957353148609478 neg:0.004264685139052193 
cv262_12649.txt pos neg:0.9063218986390634 pos:0.09367810136093666 
cv487_10446.txt pos pos:0.7823370211314256 neg:0.21766297886857444 
cv820_22892.txt pos pos:0.808267637375441 neg:0.19173236262455887 
cv092_28017.txt pos neg:0.9966259208204654 pos:0.0033740791795345217 
cv007_4968.txt pos pos:0.5916629245514362 neg:0.40833707544856374 
cv807_21740.txt pos pos:0.9383679958071899 neg:0.06163200419281018 
cv395_10849.txt pos pos:0.9150804982984446 neg:0.08491950170155539 
cv171_13537.txt pos neg:0.98924233287906 pos:0.01075766712094011 
cv823_15569.txt pos pos:0.9528604068367719 neg:0.04713959316322808 
cv493_12839.txt pos neg:0.5512509440707644 pos:0.4487490559292356 
cv718_11434.txt pos pos:0.6258963107880903 neg:0.37410368921190973 
cv561_9201.txt pos pos:0.997733815491831 neg:0.002266184508168928 
cv892_17576.txt pos neg:0.6072275949444811 pos:0.39277240505551897 
cv002_15918.txt pos pos:0.9983190814123731 neg:0.0016809185876267409 
cv938_10220.txt pos pos:0.6838847029366654 neg:0.31611529706333463 
cv157_29372.txt pos pos:0.7527824323595624 neg:0.24721756764043756 
cv678_13419.txt pos pos:0.9999358831973539 neg:6.411680264615247E-5 
cv855_20661.txt pos neg:0.952596397070967 pos:0.04740360292903294 
cv373_20404.txt pos pos:0.9736540537192123 neg:0.026345946280787586 
cv542_18980.txt pos pos:0.6866266664986646 neg:0.31337333350133545 
cv967_5788.txt pos pos:0.7527136879784535 neg:0.24728631202154644 
cv526_12083.txt pos pos:0.9275125769919766 neg:0.0724874230080234 
cv098_15435.txt pos pos:0.8635337172503635 neg:0.13646628274963646 
cv169_23778.txt pos pos:0.9993999473887955 neg:6.000526112045466E-4 
cv131_10713.txt pos pos:0.9914214582519514 neg:0.0085785417480486 
cv140_7479.txt pos pos:0.9979717379116355 neg:0.002028262088364594 
cv358_10691.txt pos pos:0.9924841447652394 neg:0.007515855234760628 
cv645_15668.txt pos pos:0.8263946256191902 neg:0.1736053743808098 
cv436_19179.txt pos pos:0.9751734087524261 neg:0.024826591247574022 
cv905_29114.txt pos neg:0.5125978576900033 pos:0.4874021423099966 
cv486_9799.txt pos neg:0.7396336078205665 pos:0.26036639217943347 
cv281_23253.txt pos pos:0.999964388057842 neg:3.561194215791991E-5 
Trial 0 Trainer MaxEntTrainer,gaussianPriorVariance=1.0 Training Data Confusion Matrix
Confusion Matrix, row=true, column=predicted  accuracy=0.9972222222222222
  label   0   1  |total
  0 neg 899   1  |900
  1 pos   4 896  |900

Trial 0 Trainer MaxEntTrainer,gaussianPriorVariance=1.0 training data accuracy= 0.9972222222222222
Trial 0 Trainer MaxEntTrainer,gaussianPriorVariance=1.0 Test Data Confusion Matrix
Confusion Matrix, row=true, column=predicted  accuracy=0.785
  label   0   1  |total
  0 neg  78  22  |100
  1 pos  21  79  |100

Trial 0 Trainer MaxEntTrainer,gaussianPriorVariance=1.0 test data accuracy= 0.785

MaxEntTrainer,gaussianPriorVariance=1.0
Summary. train accuracy mean = 0.9972222222222222 stddev = 0.0 stderr = 0.0
Summary. test accuracy mean = 0.785 stddev = 0.0 stderr = 0.0
