
-------------------- Trial 0  --------------------

Trial 0 Training NaiveBayesTrainer with 1800 instances
Trial 0 Training NaiveBayesTrainer finished
Trial 0 Trainer NaiveBayesTrainer
 Raw Testing Data
cv980_11851.txt neg neg:0.9999904370233533 pos:9.562976646670982E-6 
cv638_29394.txt neg neg:0.8031473455980525 pos:0.1968526544019474 
cv967_5626.txt neg pos:0.5706205608861018 neg:0.42937943911389814 
cv956_12547.txt neg neg:0.9999589737473553 pos:4.102625264456579E-5 
cv754_7709.txt neg neg:0.9701950887875104 pos:0.029804911212489533 
cv209_28973.txt neg neg:0.927969202211248 pos:0.07203079778875199 
cv453_10911.txt neg neg:0.9998759985926571 pos:1.2400140734306208E-4 
cv349_15032.txt neg pos:0.999261390393432 neg:7.386096065680714E-4 
cv244_22935.txt neg neg:0.9503768171187613 pos:0.049623182881238584 
cv281_24711.txt neg neg:0.9999667090984452 pos:3.329090155472897E-5 
cv771_28466.txt neg neg:0.999963942380365 pos:3.605761963490348E-5 
cv948_25870.txt neg neg:0.9983622353932219 pos:0.0016377646067781233 
cv309_23737.txt neg pos:0.7318577474134654 neg:0.2681422525865347 
cv062_24556.txt neg neg:0.9639620254987842 pos:0.036037974501215916 
cv483_18103.txt neg pos:0.7081452989041841 neg:0.2918547010958158 
cv889_22670.txt neg neg:0.9885041348221606 pos:0.011495865177839426 
cv905_28965.txt neg pos:0.7258809886137835 neg:0.27411901138621647 
cv808_13773.txt neg pos:0.8143565170255268 neg:0.18564348297447314 
cv157_29302.txt neg pos:0.5127422112588651 neg:0.48725778874113496 
cv470_17444.txt neg neg:0.7738149145882004 pos:0.2261850854117996 
cv612_5396.txt neg neg:0.9992229844129383 pos:7.770155870616617E-4 
cv799_19812.txt neg pos:0.9623260997883881 neg:0.03767390021161182 
cv622_8583.txt neg neg:0.9758272311603666 pos:0.024172768839633315 
cv381_21673.txt neg pos:0.9999994882238182 neg:5.11776181738825E-7 
cv985_5964.txt neg neg:0.9127171465149848 pos:0.0872828534850152 
cv575_22598.txt neg pos:0.9067109065424226 neg:0.09328909345757744 
cv810_13660.txt neg neg:0.9997533621286686 pos:2.466378713313516E-4 
cv331_8656.txt neg pos:0.5616671680835844 neg:0.4383328319164155 
cv438_8500.txt neg neg:0.9991966096177086 pos:8.033903822913317E-4 
cv235_10704.txt neg neg:0.9999777674836251 pos:2.2232516374926505E-5 
cv145_12239.txt neg neg:0.8879313738482254 pos:0.1120686261517745 
cv472_29140.txt neg pos:0.9992333321559251 neg:7.666678440748556E-4 
cv320_9693.txt neg neg:0.938884960753639 pos:0.06111503924636099 
cv757_10668.txt neg neg:0.999903410522081 pos:9.658947791896427E-5 
cv106_18379.txt neg neg:0.9207033704461648 pos:0.07929662955383521 
cv034_29446.txt neg pos:0.8887796183832466 neg:0.11122038161675338 
cv586_8048.txt neg neg:0.9999999999499334 pos:5.0066541636925435E-11 
cv220_28906.txt neg neg:0.9497697527006247 pos:0.050230247299375384 
cv226_26692.txt neg neg:0.9998876090429444 pos:1.1239095705567459E-4 
cv576_15688.txt neg neg:0.5931344280239367 pos:0.4068655719760634 
cv654_19345.txt neg neg:0.5726819718994478 pos:0.42731802810055214 
cv153_11607.txt neg neg:0.8775755449147609 pos:0.12242445508523916 
cv827_19479.txt neg neg:0.7840966728539649 pos:0.2159033271460351 
cv937_9816.txt neg neg:0.9996444587825515 pos:3.5554121744841774E-4 
cv869_24782.txt neg neg:0.9465847572233166 pos:0.05341524277668335 
cv960_28877.txt neg neg:0.9996757597811494 pos:3.242402188504996E-4 
cv519_16239.txt neg pos:0.9819521344387699 neg:0.018047865561230024 
cv370_5338.txt neg neg:0.7013509612388984 pos:0.29864903876110155 
cv154_9562.txt neg neg:0.9985309966562419 pos:0.0014690033437581998 
cv195_16146.txt neg neg:0.9964313661772791 pos:0.0035686338227208006 
cv852_27512.txt neg neg:0.8797178972404945 pos:0.12028210275950542 
cv178_14380.txt neg neg:0.838505071025782 pos:0.1614949289742179 
cv124_3903.txt neg pos:0.8503043720933873 neg:0.14969562790661273 
cv718_12227.txt neg neg:0.9955890110972352 pos:0.004410988902764824 
cv504_29120.txt neg neg:0.5093702100304658 pos:0.49062978996953416 
cv681_9744.txt neg neg:0.9851421912057851 pos:0.014857808794215015 
cv012_29411.txt neg neg:0.9999726306974841 pos:2.7369302515824384E-5 
cv882_10042.txt neg neg:0.9900795756237213 pos:0.009920424376278656 
cv115_26443.txt neg pos:0.54990793581252 neg:0.45009206418748005 
cv462_20788.txt neg neg:0.9490586853084826 pos:0.050941314691517366 
cv909_9973.txt neg neg:0.9591697883867256 pos:0.04083021161327429 
cv314_16095.txt neg neg:0.7622727960568694 pos:0.23772720394313063 
cv206_15893.txt neg pos:0.7219154529369884 neg:0.2780845470630115 
cv408_5367.txt neg neg:0.9794171836273681 pos:0.02058281637263194 
cv617_9561.txt neg pos:0.9838766830422514 neg:0.01612331695774867 
cv705_11973.txt neg neg:0.9990576077805727 pos:9.423922194272686E-4 
cv114_19501.txt neg neg:0.7550291505965514 pos:0.24497084940344854 
cv047_18725.txt neg neg:0.9987164794531925 pos:0.0012835205468074103 
cv834_23192.txt neg neg:0.9979786551560141 pos:0.002021344843985844 
cv489_19046.txt neg neg:0.887554488851853 pos:0.11244551114814705 
cv737_28733.txt neg neg:0.8607386164099591 pos:0.13926138359004095 
cv384_18536.txt neg neg:0.9999848132365339 pos:1.5186763466069317E-5 
cv176_14196.txt neg neg:0.9736134047035063 pos:0.026386595296493568 
cv248_15672.txt neg neg:0.9335660589943992 pos:0.06643394100560088 
cv919_18155.txt neg neg:0.9929296128540975 pos:0.007070387145902431 
cv151_17231.txt neg pos:0.7336885224737875 neg:0.2663114775262124 
cv996_12447.txt neg neg:0.9965925132863087 pos:0.0034074867136913082 
cv432_15873.txt neg neg:0.9999846196796194 pos:1.5380320380618623E-5 
cv634_11989.txt neg pos:0.9989722258004199 neg:0.0010277741995802037 
cv200_29006.txt neg pos:0.9928895139336973 neg:0.007110486066302788 
cv208_9475.txt neg neg:0.8464105765275424 pos:0.15358942347245758 
cv896_17819.txt neg neg:0.9989836394153353 pos:0.0010163605846646125 
cv626_7907.txt neg neg:0.513420000415692 pos:0.486579999584308 
cv446_12209.txt neg neg:0.9987766889040166 pos:0.0012233110959834386 
cv116_28734.txt neg neg:0.7793233450833927 pos:0.2206766549166073 
cv631_4782.txt neg neg:0.6649410098752743 pos:0.33505899012472573 
cv973_10171.txt neg neg:0.8875197603020785 pos:0.11248023969792151 
cv782_21078.txt neg pos:0.8392520915734901 neg:0.16074790842650988 
cv865_28796.txt neg neg:0.7767181799457044 pos:0.22328182005429567 
cv766_7983.txt neg neg:0.9999999884928071 pos:1.15071929469231E-8 
cv623_16988.txt neg neg:0.9998592133802217 pos:1.4078661977839465E-4 
cv591_24887.txt neg neg:0.9999850535670202 pos:1.4946432979842168E-5 
cv832_24713.txt neg neg:0.9996582998166174 pos:3.4170018338273924E-4 
cv741_12765.txt neg neg:0.8773129611875833 pos:0.12268703881241669 
cv826_12761.txt neg pos:0.9731411886925978 neg:0.02685881130740214 
cv904_25663.txt neg neg:0.9767730274844132 pos:0.023226972515586745 
cv308_5079.txt neg neg:0.9998722526878693 pos:1.2774731213071716E-4 
cv712_24217.txt neg pos:0.6614644028969412 neg:0.3385355971030588 
cv548_18944.txt neg neg:0.9545287080272373 pos:0.04547129197276259 
cv232_16768.txt neg neg:0.996002722179004 pos:0.003997277820995897 
cv146_18458.txt pos pos:0.9999888118022557 neg:1.1188197744289722E-5 
cv815_22456.txt pos neg:0.5141425348891863 pos:0.48585746511081385 
cv960_29007.txt pos pos:0.9937042948805187 neg:0.006295705119481329 
cv791_16302.txt pos pos:0.9793549898873087 neg:0.020645010112691268 
cv480_19817.txt pos neg:0.846014306931312 pos:0.15398569306868806 
cv936_15954.txt pos pos:0.9914545610347644 neg:0.008545438965235717 
cv822_20049.txt pos pos:0.7831599956868801 neg:0.2168400043131199 
cv189_22934.txt pos pos:0.9746425118602604 neg:0.025357488139739582 
cv041_21113.txt pos pos:0.9999995536372731 neg:4.463627268283173E-7 
cv051_10306.txt pos pos:0.8811265600184396 neg:0.11887343998156039 
cv079_11933.txt pos neg:0.7865189773269975 pos:0.2134810226730026 
cv580_14064.txt pos neg:0.9746104509955748 pos:0.02538954900442533 
cv502_10406.txt pos pos:0.634711328085985 neg:0.365288671914015 
cv909_9960.txt pos neg:0.6498471572123653 pos:0.35015284278763475 
cv600_23878.txt pos pos:0.9999985385681794 neg:1.461431820419712E-6 
cv198_18180.txt pos neg:0.9176022225262421 pos:0.08239777747375782 
cv074_6875.txt pos neg:0.9251678282827805 pos:0.07483217171721944 
cv553_26915.txt pos pos:0.9220543011461089 neg:0.07794569885389115 
cv833_11053.txt pos pos:0.8696617731191753 neg:0.13033822688082478 
cv322_20318.txt pos pos:0.827483028509559 neg:0.17251697149044096 
cv520_12295.txt pos neg:0.9908940535832029 pos:0.009105946416797106 
cv386_10080.txt pos pos:0.996406935054948 neg:0.0035930649450521194 
cv713_29155.txt pos pos:0.9994164351172143 neg:5.835648827857166E-4 
cv877_29274.txt pos pos:0.989577138837264 neg:0.010422861162735992 
cv511_10132.txt pos pos:0.5313756333032766 neg:0.46862436669672336 
cv297_10047.txt pos pos:0.5329549610490536 neg:0.4670450389509464 
cv579_11605.txt pos neg:0.8797609732529804 pos:0.12023902674701964 
cv637_1250.txt pos neg:0.9535339670734758 pos:0.04646603292652426 
cv222_17395.txt pos pos:0.997286778667318 neg:0.0027132213326819354 
cv397_29023.txt pos pos:0.950103270693588 neg:0.04989672930641183 
cv549_21443.txt pos pos:0.9993799014798298 neg:6.200985201702226E-4 
cv012_29576.txt pos pos:0.9984157559866962 neg:0.0015842440133038013 
cv077_22138.txt pos pos:0.9317685104491105 neg:0.06823148955088955 
cv115_25396.txt pos pos:0.9999395914842895 neg:6.04085157105612E-5 
cv659_19944.txt pos neg:0.8219359198225678 pos:0.17806408017743217 
cv755_23616.txt pos pos:0.9999796894611773 neg:2.0310538822731432E-5 
cv555_23922.txt pos neg:0.9947745243717411 pos:0.005225475628259049 
cv143_19666.txt pos pos:0.9999793095326667 neg:2.0690467333412742E-5 
cv738_10116.txt pos pos:0.9999978337771603 neg:2.1662228396559043E-6 
cv203_17986.txt pos pos:0.990414363005923 neg:0.009585636994076907 
cv908_16009.txt pos pos:0.7473158662086206 neg:0.2526841337913794 
cv716_10514.txt pos neg:0.6527847748848687 pos:0.34721522511513114 
cv353_18159.txt pos pos:0.8734878598742368 neg:0.12651214012576323 
cv727_4978.txt pos neg:0.6331175549072966 pos:0.36688244509270346 
cv304_28706.txt pos neg:0.9882663712174103 pos:0.011733628782589527 
cv072_6169.txt pos neg:0.7337740214503997 pos:0.2662259785496003 
cv350_20670.txt pos pos:0.924303601071939 neg:0.07569639892806106 
cv591_23640.txt pos pos:0.9950152363993073 neg:0.0049847636006927105 
cv280_8267.txt pos neg:0.5283882667854232 pos:0.4716117332145768 
cv082_11080.txt pos neg:0.9933636136936167 pos:0.006636386306383344 
cv754_7216.txt pos pos:0.5471631836783271 neg:0.452836816321673 
cv761_12620.txt pos neg:0.8920597967186821 pos:0.10794020328131801 
cv609_23877.txt pos pos:0.9735340967761805 neg:0.02646590322381947 
cv190_27052.txt pos pos:0.996870113604891 neg:0.0031298863951090697 
cv562_10359.txt pos pos:0.55134639001531 neg:0.44865360998469006 
cv814_18975.txt pos pos:0.9571880355656754 neg:0.042811964434324626 
cv245_8569.txt pos pos:0.9974736049500239 neg:0.0025263950499760245 
cv117_24295.txt pos pos:0.8475443631398123 neg:0.15245563686018765 
cv465_22431.txt pos pos:0.9384102712932528 neg:0.06158972870674722 
cv899_16014.txt pos pos:0.9987301530204205 neg:0.0012698469795796544 
cv667_18467.txt pos pos:0.9955245785226456 neg:0.0044754214773543785 
cv852_27523.txt pos pos:0.8244830167574128 neg:0.17551698324258722 
cv821_29364.txt pos pos:0.9999664710565789 neg:3.3528943421134774E-5 
cv805_19601.txt pos pos:0.999978975370872 neg:2.102462912788947E-5 
cv064_24576.txt pos neg:0.6471628264302722 pos:0.3528371735697277 
cv173_4471.txt pos neg:0.6108063203901404 pos:0.38919367960985957 
cv845_14290.txt pos neg:0.9981572412687663 pos:0.0018427587312338756 
cv634_11101.txt pos pos:0.9862523802141901 neg:0.01374761978580991 
cv085_1381.txt pos pos:0.9937839486073062 neg:0.006216051392693696 
cv556_14808.txt pos pos:0.9999992806508372 neg:7.193491628396141E-7 
cv536_27134.txt pos pos:0.6350733340232374 neg:0.3649266659767626 
cv027_25219.txt pos pos:0.9999999967530084 neg:3.2469915307807197E-9 
cv379_21963.txt pos pos:0.9994983220062784 neg:5.0167799372158E-4 
cv028_26746.txt pos pos:0.664155748641334 neg:0.3358442513586659 
cv404_20315.txt pos neg:0.6141403914973319 pos:0.385859608502668 
cv124_4122.txt pos pos:0.753747805798168 neg:0.2462521942018319 
cv062_23115.txt pos pos:0.9391094007403227 neg:0.06089059925967736 
cv983_22928.txt pos pos:0.9864820057528445 neg:0.013517994247155432 
cv774_13845.txt pos pos:0.9943100028916951 neg:0.005689997108304872 
cv409_29786.txt pos pos:0.9999806518946718 neg:1.9348105328141484E-5 
cv982_21103.txt pos pos:0.9931137331544775 neg:0.0068862668455225385 
cv589_12064.txt pos pos:0.9990918761848627 neg:9.081238151373088E-4 
cv232_14991.txt pos pos:0.9943799330868689 neg:0.00562006691313103 
cv382_7897.txt pos pos:0.9680159341917892 neg:0.03198406580821081 
cv368_10466.txt pos pos:0.9410418920655691 neg:0.058958107934430785 
cv202_10654.txt pos pos:0.9891375447255982 neg:0.010862455274401656 
cv168_7050.txt pos pos:0.9982731409234132 neg:0.0017268590765867112 
cv862_14324.txt pos pos:0.9999999997337361 neg:2.662640037599402E-10 
cv484_25054.txt pos pos:0.9189200970670217 neg:0.08107990293297831 
cv891_6385.txt pos neg:0.9377626599944849 pos:0.06223734000551505 
cv065_15248.txt pos pos:0.9929301217542641 neg:0.0070698782457360165 
cv138_12721.txt pos pos:0.9710273856441979 neg:0.02897261435580205 
cv829_20289.txt pos pos:0.8832394348000869 neg:0.11676056519991301 
cv291_26635.txt pos pos:0.5535203462333724 neg:0.44647965376662746 
cv699_7223.txt pos neg:0.9643027688772813 pos:0.03569723112271875 
cv918_2693.txt pos pos:0.9760754951017697 neg:0.023924504898230288 
cv715_18179.txt pos pos:0.5595539059398158 neg:0.4404460940601842 
cv643_29349.txt pos pos:0.5810599469420025 neg:0.4189400530579976 
cv786_22497.txt pos pos:0.9368917881526588 neg:0.06310821184734121 
cv767_14062.txt pos neg:0.6203697112336104 pos:0.3796302887663896 
Trial 0 Trainer NaiveBayesTrainer Training Data Confusion Matrix
Confusion Matrix, row=true, column=predicted  accuracy=0.9005555555555556
  label   0   1  |total
  0 neg 831  69  |900
  1 pos 110 790  |900

Trial 0 Trainer NaiveBayesTrainer training data accuracy= 0.9005555555555556
Trial 0 Trainer NaiveBayesTrainer Test Data Confusion Matrix
Confusion Matrix, row=true, column=predicted  accuracy=0.75
  label   0   1  |total
  0 neg  76  24  |100
  1 pos  26  74  |100

Trial 0 Trainer NaiveBayesTrainer test data accuracy= 0.75

NaiveBayesTrainer
Summary. train accuracy mean = 0.9005555555555556 stddev = 0.0 stderr = 0.0
Summary. test accuracy mean = 0.75 stddev = 0.0 stderr = 0.0
