
-------------------- Trial 0  --------------------

Trial 0 Training NaiveBayesTrainer with 1800 instances
Trial 0 Training NaiveBayesTrainer finished
Trial 0 Trainer NaiveBayesTrainer
 Raw Testing Data
cv559_0057.txt neg pos:0.9962665411268521 neg:0.0037334588731480337 
cv260_15652.txt neg neg:0.9999125293845661 pos:8.747061543401084E-5 
cv362_16985.txt neg neg:0.9521651812621476 pos:0.04783481873785241 
cv426_10976.txt neg neg:0.9999118284553906 pos:8.817154460930369E-5 
cv071_12969.txt neg neg:0.8962642222726984 pos:0.10373577772730165 
cv049_21917.txt neg neg:0.9984074749435905 pos:0.0015925250564093848 
cv746_10471.txt neg neg:0.9421139294920583 pos:0.05788607050794182 
cv790_16202.txt neg neg:0.9999641313465525 pos:3.5868653447475216E-5 
cv402_16097.txt neg neg:0.9674854322540096 pos:0.032514567745990375 
cv501_12675.txt neg neg:0.9999465987080618 pos:5.340129193828277E-5 
cv171_15164.txt neg pos:0.7158146498237261 neg:0.2841853501762739 
cv650_15974.txt neg neg:0.5654578730662736 pos:0.4345421269337263 
cv881_14767.txt neg neg:0.5891977203091855 pos:0.4108022796908145 
cv188_20687.txt neg neg:0.9999568140710764 pos:4.318592892363702E-5 
cv374_26455.txt neg neg:0.9585582592417833 pos:0.0414417407582167 
cv853_29119.txt neg neg:0.9956629432494991 pos:0.004337056750500795 
cv090_0049.txt neg pos:0.997265952070041 neg:0.0027340479299590354 
cv267_16618.txt neg pos:0.8833386118595278 neg:0.11666138814047218 
cv163_10110.txt neg neg:0.5696650594383166 pos:0.4303349405616834 
cv008_29326.txt neg pos:0.997247244949077 neg:0.0027527550509228666 
cv415_23674.txt neg neg:0.9465957914485527 pos:0.05340420855144743 
cv686_15553.txt neg pos:0.9583066426978292 neg:0.041693357302170844 
cv299_17950.txt neg neg:0.939753922674783 pos:0.06024607732521706 
cv190_27176.txt neg neg:0.9999993463147611 pos:6.53685238922504E-7 
cv745_14009.txt neg neg:0.990820878362493 pos:0.009179121637506988 
cv000_29416.txt neg neg:0.9878394113681702 pos:0.012160588631829755 
cv899_17812.txt neg neg:0.9978181464987145 pos:0.0021818535012854347 
cv238_14285.txt neg neg:0.640819628572995 pos:0.35918037142700504 
cv849_17215.txt neg neg:0.999532816085952 pos:4.671839140480023E-4 
cv624_11601.txt neg neg:0.5121327657688296 pos:0.4878672342311704 
cv039_5963.txt neg neg:0.9145127584864351 pos:0.08548724151356503 
cv345_9966.txt neg neg:0.9069707268061281 pos:0.09302927319387184 
cv820_24157.txt neg neg:0.9999999999267581 pos:7.324191414459412E-11 
cv463_10846.txt neg neg:0.9856865597742775 pos:0.014313440225722443 
cv496_11185.txt neg neg:0.9992251022420003 pos:7.748977579997289E-4 
cv091_7899.txt neg pos:0.8815513642730054 neg:0.11844863572699454 
cv279_19452.txt neg neg:0.9776481397630074 pos:0.022351860236992666 
cv955_26154.txt neg neg:0.9845620202020818 pos:0.015437979797918104 
cv418_16562.txt neg neg:0.993815780613844 pos:0.006184219386156089 
cv710_23745.txt neg neg:0.7022083931523645 pos:0.2977916068476355 
cv001_19502.txt neg neg:0.939493254988241 pos:0.06050674501175894 
cv959_16218.txt neg neg:0.9995230829800961 pos:4.7691701990394854E-4 
cv978_22192.txt neg pos:0.6213074762024304 neg:0.37869252379756946 
cv525_17930.txt neg neg:0.9655991114619338 pos:0.03440088853806625 
cv380_8164.txt neg neg:0.9999258194736932 pos:7.418052630682779E-5 
cv252_24974.txt neg neg:0.991677659180254 pos:0.008322340819746052 
cv620_2556.txt neg neg:0.9975714124276182 pos:0.002428587572381895 
cv494_18689.txt neg neg:0.976146482538586 pos:0.023853517461413922 
cv669_24318.txt neg neg:0.9996178523784324 pos:3.821476215676345E-4 
cv773_20264.txt neg neg:0.999102952225283 pos:8.970477747170216E-4 
cv305_9937.txt neg neg:0.985436493798321 pos:0.014563506201679104 
cv121_18621.txt neg neg:0.9900752239663458 pos:0.009924776033654126 
cv619_13677.txt neg neg:0.9999997539203799 pos:2.4607962017191337E-7 
cv360_8927.txt neg neg:0.9999915700703716 pos:8.429929628275323E-6 
cv028_26964.txt neg neg:0.78767640327491 pos:0.21232359672508996 
cv964_5794.txt neg neg:0.5752525258530394 pos:0.42474747414696057 
cv169_24973.txt neg neg:0.9205675611436188 pos:0.0794324388563812 
cv661_25780.txt neg neg:0.8624395221489937 pos:0.13756047785100625 
cv148_18084.txt neg neg:0.9995862506430869 pos:4.1374935691306647E-4 
cv916_17034.txt neg neg:0.9999751830624845 pos:2.4816937515611406E-5 
cv646_16817.txt neg pos:0.995775386563804 neg:0.004224613436196001 
cv393_29234.txt neg pos:0.8417346411311983 neg:0.15826535886880166 
cv560_18608.txt neg neg:0.9977475127362097 pos:0.0022524872637903 
cv957_9059.txt neg neg:0.9999983864379994 pos:1.6135620005088916E-6 
cv696_29619.txt neg pos:0.9999335756560221 neg:6.642434397797371E-5 
cv497_27086.txt neg pos:0.9138038442699904 neg:0.08619615573000965 
cv454_21961.txt neg pos:0.9628582147902265 neg:0.03714178520977355 
cv224_18875.txt neg neg:0.9999184112762332 pos:8.158872376688713E-5 
cv218_25651.txt neg neg:0.9890042782338893 pos:0.010995721766110607 
cv031_19540.txt neg neg:0.9925236864372244 pos:0.007476313562775557 
cv132_5423.txt neg neg:0.5701442251756338 pos:0.4298557748243662 
cv707_11421.txt neg neg:0.884287819921855 pos:0.11571218007814503 
cv947_11316.txt neg neg:0.9032073740849271 pos:0.09679262591507277 
cv538_28485.txt neg neg:0.9900691509797491 pos:0.009930849020251025 
cv486_9788.txt neg neg:0.9997854660935189 pos:2.1453390648108476E-4 
cv728_17931.txt neg neg:0.9617736044519681 pos:0.03822639554803199 
cv883_27621.txt neg neg:0.9999999582452177 pos:4.1754782390387767E-8 
cv886_19210.txt neg neg:0.9998886536906183 pos:1.1134630938161028E-4 
cv750_10606.txt neg neg:0.6385192960619406 pos:0.36148070393805937 
cv355_18174.txt neg neg:0.9818305247710456 pos:0.018169475228954356 
cv884_15230.txt neg pos:0.6417271611695277 neg:0.3582728388304724 
cv887_5306.txt neg neg:0.9625906405473951 pos:0.037409359452604894 
cv103_11943.txt neg neg:0.7147914904507559 pos:0.2852085095492442 
cv641_13412.txt neg neg:0.9999836661843939 pos:1.6333815606111458E-5 
cv890_3515.txt neg neg:0.9870511830722547 pos:0.012948816927745407 
cv709_11173.txt neg neg:0.8149750514216259 pos:0.18502494857837426 
cv547_18043.txt neg neg:0.9928480537408333 pos:0.007151946259166785 
cv480_21195.txt neg pos:0.5526693453736752 neg:0.4473306546263248 
cv333_9443.txt neg pos:0.5096898721484469 neg:0.49031012785155315 
cv119_9909.txt neg neg:0.7296787705332103 pos:0.27032122946678977 
cv811_22646.txt neg neg:0.9783152514590422 pos:0.021684748540957737 
cv611_2253.txt neg neg:0.9399078752834588 pos:0.06009212471654124 
cv569_26750.txt neg neg:0.8210927010400162 pos:0.17890729895998378 
cv304_28489.txt neg pos:0.5184706289028471 neg:0.4815293710971529 
cv722_7571.txt neg pos:0.5725039700434599 neg:0.42749602995654007 
cv805_21128.txt neg neg:0.9970456579006344 pos:0.0029543420993656407 
cv161_12224.txt neg neg:0.9283376118714022 pos:0.07166238812859778 
cv901_11934.txt neg pos:0.932939393573611 neg:0.06706060642638888 
cv584_29549.txt neg neg:0.9984176654538349 pos:0.0015823345461651209 
cv093_15606.txt neg neg:0.8828452476527323 pos:0.11715475234726783 
cv236_11565.txt pos neg:0.9738773953659274 pos:0.026122604634072677 
cv313_18198.txt pos pos:0.999999983996317 neg:1.6003683054399897E-8 
cv911_20260.txt pos neg:0.9996385024509218 pos:3.614975490782067E-4 
cv148_16345.txt pos pos:0.8533111971961005 neg:0.14668880280389948 
cv912_5674.txt pos neg:0.5357886830039225 pos:0.46421131699607754 
cv396_17989.txt pos pos:0.9992770202866003 neg:7.22979713399795E-4 
cv840_16321.txt pos pos:0.9501567298115082 neg:0.0498432701884918 
cv930_13475.txt pos pos:0.9997373024111507 neg:2.6269758884926145E-4 
cv341_24430.txt pos pos:0.999845233014601 neg:1.5476698539903665E-4 
cv452_5088.txt pos pos:0.8799506849441479 neg:0.12004931505585202 
cv965_26071.txt pos neg:0.5677830196999717 pos:0.43221698030002836 
cv509_15888.txt pos pos:0.9999945046517799 neg:5.495348220202759E-6 
cv451_10690.txt pos pos:0.9997933115156133 neg:2.066884843866414E-4 
cv672_28083.txt pos pos:0.9999476446333617 neg:5.235536663828057E-5 
cv460_10842.txt pos neg:0.989032460921392 pos:0.010967539078608056 
cv363_29332.txt pos pos:0.8990953174842585 neg:0.10090468251574142 
cv135_11603.txt pos neg:0.9454711846744438 pos:0.05452881532555628 
cv720_5389.txt pos neg:0.6704895202379724 pos:0.3295104797620277 
cv887_5126.txt pos pos:0.9983459473818279 neg:0.0016540526181720088 
cv080_13465.txt pos pos:0.9655270356408842 neg:0.03447296435911578 
cv471_16858.txt pos pos:0.8605952225947942 neg:0.13940477740520588 
cv354_8132.txt pos neg:0.9919005809867026 pos:0.008099419013297297 
cv523_16615.txt pos pos:0.9999484299176389 neg:5.157008236114667E-5 
cv021_15838.txt pos neg:0.6607192042738366 pos:0.3392807957261633 
cv625_12440.txt pos pos:0.8147647064227095 neg:0.1852352935772905 
cv789_12136.txt pos pos:0.6655417392242401 neg:0.33445826077575985 
cv706_24716.txt pos pos:0.9999998487020856 neg:1.512979144109942E-7 
cv213_18934.txt pos neg:0.5678042759896602 pos:0.4321957240103398 
cv506_15956.txt pos pos:0.9999999652999404 neg:3.470005961933053E-8 
cv638_2953.txt pos pos:0.9999998322929727 neg:1.6770702723459705E-7 
cv230_7428.txt pos neg:0.906851228095749 pos:0.09314877190425093 
cv639_10308.txt pos neg:0.8538849433671477 pos:0.1461150566328522 
cv226_2618.txt pos pos:0.999864998014454 neg:1.3500198554588233E-4 
cv946_18658.txt pos pos:0.999993702847015 neg:6.297152985031892E-6 
cv374_25436.txt pos neg:0.9730203684990107 pos:0.026979631500989327 
cv013_10159.txt pos pos:0.8560742713112127 neg:0.14392572868878728 
cv831_14689.txt pos neg:0.9923034995746749 pos:0.007696500425325132 
cv266_25779.txt pos pos:0.5326843759638656 neg:0.4673156240361343 
cv687_21100.txt pos pos:0.9999887418928115 neg:1.1258107188394438E-5 
cv979_18921.txt pos pos:0.9075381625227801 neg:0.09246183747722 
cv180_16113.txt pos pos:0.949283186813516 neg:0.05071681318648404 
cv686_13900.txt pos neg:0.7356128029339948 pos:0.26438719706600516 
cv498_8832.txt pos pos:0.7659007101487055 neg:0.23409928985129438 
cv174_9659.txt pos pos:0.9326672629845195 neg:0.06733273701548054 
cv961_5682.txt pos pos:0.9999830375332287 neg:1.6962466771320097E-5 
cv275_28887.txt pos pos:0.9988455579572081 neg:0.0011544420427918854 
cv728_16133.txt pos pos:0.9801215142656583 neg:0.01987848573434167 
cv431_7085.txt pos pos:0.9933414642724667 neg:0.006658535727533385 
cv060_10844.txt pos pos:0.9633684828783039 neg:0.03663151712169607 
cv320_9530.txt pos pos:0.9995170603766035 neg:4.829396233965102E-4 
cv630_10057.txt pos pos:0.9999637605678006 neg:3.6239432199489024E-5 
cv197_29328.txt pos pos:0.861573182686253 neg:0.13842681731374706 
cv105_17990.txt pos pos:0.9836843325730261 neg:0.01631566742697398 
cv793_13650.txt pos pos:0.9835817625859162 neg:0.016418237414083794 
cv029_18643.txt pos pos:0.9983352178513385 neg:0.001664782148661581 
cv778_17330.txt pos pos:0.9996566704606963 neg:3.4332953930360407E-4 
cv737_28907.txt pos pos:0.9996436321291408 neg:3.5636787085913373E-4 
cv499_10658.txt pos pos:0.9964500209412842 neg:0.003549979058715771 
cv612_5461.txt pos pos:0.9384654127666637 neg:0.06153458723333632 
cv721_29121.txt pos pos:0.976133066401603 neg:0.02386693359839706 
cv088_24113.txt pos pos:0.9838627636223961 neg:0.01613723637760392 
cv014_13924.txt pos pos:0.9793592066528233 neg:0.020640793347176705 
cv456_18985.txt pos pos:0.9994145714142233 neg:5.854285857766851E-4 
cv058_8025.txt pos neg:0.9868969324732815 pos:0.013103067526718557 
cv875_5754.txt pos pos:0.5189888296728263 neg:0.4810111703271737 
cv850_16466.txt pos pos:0.7765942336702265 neg:0.22340576632977346 
cv188_19226.txt pos pos:0.8558069290723965 neg:0.14419307092760336 
cv466_18722.txt pos pos:0.986926338350502 neg:0.013073661649498063 
cv042_10982.txt pos pos:0.9998859357088303 neg:1.1406429116963717E-4 
cv654_18246.txt pos pos:0.6996891663427279 neg:0.30031083365727196 
cv208_9020.txt pos neg:0.9981508803893282 pos:0.0018491196106718124 
cv568_15638.txt pos pos:0.8170039135512241 neg:0.1829960864487759 
cv769_8123.txt pos pos:0.8009455852175432 neg:0.1990544147824569 
cv854_17740.txt pos pos:0.6287755399701411 neg:0.37122446002985887 
cv575_21150.txt pos neg:0.5793638991065855 pos:0.4206361008934144 
cv224_17661.txt pos pos:0.9739308471211457 neg:0.02606915287885428 
cv985_6359.txt pos pos:0.9999983844599377 neg:1.6155400622730922E-6 
cv383_13116.txt pos pos:0.9142849365703627 neg:0.0857150634296373 
cv336_10143.txt pos pos:0.5905605867720938 neg:0.4094394132279062 
cv707_10678.txt pos pos:0.9958998544991637 neg:0.004100145500836286 
cv759_13522.txt pos pos:0.9326672629845195 neg:0.06733273701548054 
cv539_20347.txt pos pos:0.6164058508713384 neg:0.3835941491286616 
cv975_10981.txt pos pos:0.9999990024733877 neg:9.975266122612342E-7 
cv034_29647.txt pos neg:0.9145307027760613 pos:0.08546929722393871 
cv844_12690.txt pos neg:0.9996446013251473 pos:3.5539867485264755E-4 
cv893_26269.txt pos neg:0.9892116539891573 pos:0.010788346010842715 
cv595_25335.txt pos neg:0.6094315138272934 pos:0.3905684861727066 
cv712_22920.txt pos neg:0.8064738005556605 pos:0.19352619944433938 
cv390_11345.txt pos pos:0.77232385277059 neg:0.22767614722941007 
cv765_19037.txt pos pos:0.973147918204513 neg:0.026852081795486985 
cv023_12672.txt pos pos:0.9842558647682765 neg:0.01574413523172348 
cv797_6957.txt pos neg:0.9911822121482048 pos:0.00881778785179524 
cv997_5046.txt pos pos:0.9999998913620183 neg:1.0863798176361989E-7 
cv301_12146.txt pos pos:0.9920452371729456 neg:0.007954762827054367 
cv603_17694.txt pos neg:0.9991921726009272 pos:8.078273990727592E-4 
cv989_15824.txt pos pos:0.9803474219316741 neg:0.019652578068326012 
cv571_29366.txt pos pos:0.9019100287390003 neg:0.09808997126099973 
cv927_10681.txt pos pos:0.9995653639489935 neg:4.3463605100645326E-4 
cv962_9803.txt pos pos:0.9822203679367951 neg:0.017779632063204917 
cv541_28835.txt pos neg:0.7566232702030936 pos:0.2433767297969064 
Trial 0 Trainer NaiveBayesTrainer Training Data Confusion Matrix
Confusion Matrix, row=true, column=predicted  accuracy=0.9022222222222223
  label   0   1  |total
  0 neg 840  60  |900
  1 pos 116 784  |900

Trial 0 Trainer NaiveBayesTrainer training data accuracy= 0.9022222222222223
Trial 0 Trainer NaiveBayesTrainer Test Data Confusion Matrix
Confusion Matrix, row=true, column=predicted  accuracy=0.775
  label   0   1  |total
  0 neg  81  19  |100
  1 pos  26  74  |100

Trial 0 Trainer NaiveBayesTrainer test data accuracy= 0.775

NaiveBayesTrainer
Summary. train accuracy mean = 0.9022222222222223 stddev = 0.0 stderr = 0.0
Summary. test accuracy mean = 0.775 stddev = 0.0 stderr = 0.0
