
-------------------- Trial 0  --------------------

Trial 0 Training NaiveBayesTrainer with 1800 instances
Trial 0 Training NaiveBayesTrainer finished
Trial 0 Trainer NaiveBayesTrainer
 Raw Testing Data
cv242_11354.txt neg pos:0.586883333822598 neg:0.41311666617740195 
cv804_11763.txt neg neg:0.8323114604648896 pos:0.16768853953511034 
cv313_19337.txt neg neg:0.9999569623444721 pos:4.30376555279667E-5 
cv019_16117.txt neg neg:0.9999970467125898 pos:2.953287410250302E-6 
cv821_29283.txt neg neg:0.8409045971752546 pos:0.15909540282474535 
cv347_14722.txt neg neg:0.9911801630964782 pos:0.008819836903521913 
cv780_8467.txt neg pos:0.5836653783166293 neg:0.41633462168337065 
cv711_12687.txt neg neg:0.9999273185625414 pos:7.268143745863089E-5 
cv537_13516.txt neg neg:0.9154685852466711 pos:0.08453141475332888 
cv831_16325.txt neg neg:0.5378837202009392 pos:0.46211627979906084 
cv550_23226.txt neg neg:0.9990835935784151 pos:9.164064215848451E-4 
cv300_23302.txt neg neg:0.9999866325291639 pos:1.3367470836031722E-5 
cv800_13494.txt neg pos:0.872357476857887 neg:0.12764252314211305 
cv563_18610.txt neg pos:0.6893843015202811 neg:0.3106156984797189 
cv877_29132.txt neg neg:0.9993732767817167 pos:6.267232182833657E-4 
cv862_15924.txt neg pos:0.9970433595742388 neg:0.002956640425761139 
cv595_26420.txt neg neg:0.9997395485634906 pos:2.604514365093822E-4 
cv599_22197.txt neg neg:0.9973237601543424 pos:0.0026762398456575873 
cv688_7884.txt neg neg:0.8929443443088007 pos:0.1070556556911994 
cv129_18373.txt neg neg:0.9995810793176523 pos:4.1892068234768306E-4 
cv994_13229.txt neg neg:0.9999999813989459 pos:1.8601054199579008E-8 
cv066_11668.txt neg neg:0.9986834743812963 pos:0.0013165256187037287 
cv434_5641.txt neg pos:0.9966439786342131 neg:0.0033560213657868403 
cv923_11951.txt neg neg:0.9998525786226399 pos:1.47421377360023E-4 
cv845_15886.txt neg neg:0.5828662001312169 pos:0.417133799868783 
cv310_14568.txt neg neg:0.9991209213069646 pos:8.790786930354344E-4 
cv928_9478.txt neg neg:0.9958242816071218 pos:0.00417571839287815 
cv172_12037.txt neg neg:0.9994451477714386 pos:5.548522285615574E-4 
cv503_11196.txt neg pos:0.9297902690131732 neg:0.07020973098682683 
cv255_15267.txt neg neg:0.998869010677857 pos:0.0011309893221430965 
cv491_12992.txt neg neg:0.9999206642605195 pos:7.93357394803928E-5 
cv060_11754.txt neg pos:0.5365584653032385 neg:0.4634415346967615 
cv344_5376.txt neg neg:0.8123547011782104 pos:0.18764529882178962 
cv837_27232.txt neg neg:0.9332185102657308 pos:0.06678148973426923 
cv997_5152.txt neg pos:0.9816510420859235 neg:0.018348957914076456 
cv120_3793.txt neg pos:0.9973242596598398 neg:0.002675740340160085 
cv330_29675.txt neg pos:0.6047186570796942 neg:0.39528134292030576 
cv625_13518.txt neg neg:0.9978814775642888 pos:0.0021185224357112343 
cv990_12443.txt neg neg:0.9651840196306932 pos:0.034815980369306825 
cv357_14710.txt neg neg:0.9939964196445209 pos:0.006003580355479209 
cv182_7791.txt neg neg:0.9979425329925596 pos:0.0020574670074403377 
cv724_15265.txt neg neg:0.5616711599736988 pos:0.43832884002630124 
cv429_7937.txt neg neg:0.9999868203900972 pos:1.3179609902747913E-5 
cv077_23172.txt neg neg:0.9992975943175758 pos:7.024056824242677E-4 
cv285_18186.txt neg neg:0.8830621532933031 pos:0.11693784670669685 
cv104_19176.txt neg pos:0.7239761446491063 neg:0.27602385535089363 
cv958_13020.txt neg pos:0.9963000265613469 neg:0.0036999734386531156 
cv987_7394.txt neg neg:0.9999689869956644 pos:3.1013004335722315E-5 
cv250_26462.txt neg neg:0.9997794911444177 pos:2.2050885558228805E-4 
cv411_16799.txt neg neg:0.9215429177399324 pos:0.0784570822600676 
cv298_24487.txt neg neg:0.998702188901607 pos:0.001297811098393062 
cv824_9335.txt neg neg:0.9641709186233798 pos:0.035829081376620234 
cv053_23117.txt neg neg:0.9999999553040402 pos:4.469595991631266E-8 
cv659_21483.txt neg pos:0.8810410190835303 neg:0.11895898091646977 
cv751_17208.txt neg neg:0.9964898684688361 pos:0.0035101315311638222 
cv665_29386.txt neg neg:0.9997297882690509 pos:2.7021173094908E-4 
cv180_17823.txt neg neg:0.9988175766610884 pos:0.0011824233389115958 
cv920_29423.txt neg pos:0.8804472743834457 neg:0.11955272561655435 
cv149_17084.txt neg neg:0.9644343063989724 pos:0.035565693601027494 
cv898_1576.txt neg neg:0.9995637859512118 pos:4.3621404878836146E-4 
cv025_29825.txt neg pos:0.6513952602751305 neg:0.3486047397248695 
cv290_11981.txt neg neg:0.769776713544088 pos:0.23022328645591192 
cv134_23300.txt neg neg:0.9902514976919718 pos:0.009748502308028118 
cv931_18783.txt neg neg:0.866112317128994 pos:0.13388768287100614 
cv527_10338.txt neg neg:0.8886572287998816 pos:0.11134277120011832 
cv261_11855.txt neg pos:0.7890451521496512 neg:0.2109548478503488 
cv233_17614.txt neg neg:0.9950316876316622 pos:0.004968312368337702 
cv082_11979.txt neg neg:0.9924358205986201 pos:0.0075641794013798025 
cv410_25624.txt neg neg:0.9933667557357434 pos:0.006633244264256669 
cv191_29539.txt neg neg:0.9988804408386247 pos:0.0011195591613752673 
cv225_29083.txt neg neg:0.9999712163996961 pos:2.8783600303980853E-5 
cv894_22140.txt neg neg:0.9999997616550369 pos:2.383449632045011E-7 
cv094_27868.txt neg pos:0.955237873544082 neg:0.04476212645591801 
cv401_13758.txt neg neg:0.9997942921195749 pos:2.057078804249931E-4 
cv951_11816.txt neg neg:0.935843362011027 pos:0.064156637988973 
cv044_18429.txt neg neg:0.9998174026551669 pos:1.8259734483307965E-4 
cv118_28837.txt neg pos:0.9309431878822532 neg:0.06905681211774684 
cv588_14467.txt neg neg:0.909210138893508 pos:0.09078986110649188 
cv141_17179.txt neg neg:0.9293226053554196 pos:0.0706773946445806 
cv256_16529.txt neg neg:0.999492501564712 pos:5.07498435287956E-4 
cv286_26156.txt neg neg:0.9831355204222577 pos:0.016864479577742425 
cv564_12011.txt neg neg:0.6342781376535996 pos:0.3657218623464003 
cv096_12262.txt neg neg:0.8965955405853819 pos:0.103404459414618 
cv540_3092.txt neg neg:0.9997186789030076 pos:2.8132109699248025E-4 
cv020_9234.txt neg neg:0.9995392976512252 pos:4.6070234877473724E-4 
cv493_14135.txt neg neg:0.9112637339850043 pos:0.08873626601499576 
cv015_29356.txt neg neg:0.9998371458077051 pos:1.6285419229494937E-4 
cv397_28890.txt neg neg:0.9893718301780003 pos:0.01062816982199959 
cv736_24947.txt neg neg:0.9999999765388065 pos:2.3461193634292072E-8 
cv198_19313.txt neg pos:0.9860482448082081 neg:0.013951755191792026 
cv915_9342.txt neg neg:0.7639646594849998 pos:0.2360353405150002 
cv456_20370.txt neg neg:0.5805734583573684 pos:0.4194265416426316 
cv448_16409.txt neg neg:0.9604175639776207 pos:0.03958243602237932 
cv391_11615.txt neg pos:0.9623740333350734 neg:0.03762596666492648 
cv033_25680.txt neg neg:0.9971993112942591 pos:0.0028006887057408724 
cv301_13010.txt neg pos:0.5188620769280265 neg:0.4811379230719735 
cv127_16451.txt neg neg:0.7583245052291253 pos:0.24167549477087458 
cv359_6751.txt neg pos:0.8752386317339484 neg:0.12476136826605155 
cv578_16825.txt neg neg:0.9991077644689771 pos:8.922355310229203E-4 
cv633_29730.txt neg neg:0.998217005282442 pos:0.0017829947175580017 
cv709_10529.txt pos pos:0.9552927353781612 neg:0.04470726462183887 
cv510_23360.txt pos pos:0.9244461834991059 neg:0.075553816500894 
cv235_10217.txt pos pos:0.99734294904994 neg:0.0026570509500599315 
cv362_15341.txt pos pos:0.9940946958372017 neg:0.005905304162798233 
cv103_11021.txt pos pos:0.6498768582803461 neg:0.35012314171965386 
cv697_11162.txt pos neg:0.7399844031044922 pos:0.2600155968955077 
cv795_10122.txt pos pos:0.9999995075651007 neg:4.92434899208442E-7 
cv871_24888.txt pos neg:0.5772951581245099 pos:0.42270484187549007 
cv636_15279.txt pos neg:0.9982015310408037 pos:0.0017984689591962345 
cv294_11684.txt pos neg:0.9593575471386712 pos:0.04064245286132897 
cv745_12773.txt pos pos:0.9998779158462747 neg:1.220841537251924E-4 
cv557_11449.txt pos pos:0.9131891369402917 neg:0.08681086305970824 
cv248_13987.txt pos pos:0.9999999678578647 neg:3.214213528578397E-8 
cv454_2053.txt pos pos:0.6116818866691333 neg:0.38831811333086674 
cv468_15228.txt pos pos:0.996343532233144 neg:0.00365646776685592 
cv464_15650.txt pos pos:0.9038096789507921 neg:0.09619032104920787 
cv816_13655.txt pos neg:0.9839352800843373 pos:0.01606471991566281 
cv856_29013.txt pos pos:0.9313663759391081 neg:0.06863362406089199 
cv596_28311.txt pos pos:0.9972913567056674 neg:0.002708643294332649 
cv848_10036.txt pos pos:0.7617020991265324 neg:0.23829790087346753 
cv050_11175.txt pos neg:0.8506752172777023 pos:0.14932478272229763 
cv819_9364.txt pos neg:0.8120250953028658 pos:0.1879749046971343 
cv635_10022.txt pos pos:0.9998665536878749 neg:1.334463121250874E-4 
cv943_22488.txt pos pos:0.8884019956400094 neg:0.11159800435999057 
cv018_20137.txt pos pos:0.9904044217022321 neg:0.00959557829776785 
cv416_11136.txt pos pos:0.9988448774521619 neg:0.001155122547838231 
cv572_18657.txt pos pos:0.8960993594008297 neg:0.10390064059917024 
cv026_29325.txt pos neg:0.5062610916147073 pos:0.49373890838529266 
cv724_13681.txt pos pos:0.9997831882816255 neg:2.1681171837449048E-4 
cv147_21193.txt pos pos:0.9982508403912025 neg:0.0017491596087975613 
cv534_14083.txt pos pos:0.5508737531218875 neg:0.44912624687811253 
cv061_8837.txt pos pos:0.9998983334412078 neg:1.016665587922931E-4 
cv444_9974.txt pos neg:0.5729583632926345 pos:0.42704163670736556 
cv594_11039.txt pos pos:0.9950547781925688 neg:0.004945221807431054 
cv407_22637.txt pos pos:0.9997460760015083 neg:2.5392399849176965E-4 
cv813_6534.txt pos pos:0.6275508279469525 neg:0.37244917205304745 
cv196_29027.txt pos neg:0.5878706111656535 pos:0.41212938883434647 
cv258_5792.txt pos pos:0.999975515329617 neg:2.4484670383035872E-5 
cv400_19220.txt pos neg:0.7525048379577651 pos:0.24749516204223485 
cv742_7751.txt pos pos:0.6433618022356253 neg:0.3566381977643747 
cv621_14368.txt pos pos:0.834775153742428 neg:0.16522484625757203 
cv971_10874.txt pos pos:0.8680111846035248 neg:0.1319888153964753 
cv860_13853.txt pos pos:0.9999446870618941 neg:5.531293810586755E-5 
cv545_12014.txt pos pos:0.9999226684150849 neg:7.733158491504094E-5 
cv209_29118.txt pos pos:0.9887551986149401 neg:0.011244801385059974 
cv356_25163.txt pos pos:0.6728046361768502 neg:0.32719536382314984 
cv450_7890.txt pos pos:0.9967434456816999 neg:0.0032565543183001445 
cv622_8147.txt pos pos:0.6603835685006293 neg:0.3396164314993706 
cv590_19290.txt pos pos:0.976588830913931 neg:0.023411169086068957 
cv306_10364.txt pos pos:0.9999409564132322 neg:5.9043586767866314E-5 
cv723_8648.txt pos pos:0.9031130924533594 neg:0.09688690754664073 
cv514_11187.txt pos pos:0.5320590610189854 neg:0.4679409389810146 
cv457_18453.txt pos pos:0.9221099329786624 neg:0.07789006702133752 
cv263_19259.txt pos pos:0.9241571351744259 neg:0.07584286482557419 
cv597_26360.txt pos pos:0.9853201425279686 neg:0.014679857472031457 
cv779_17881.txt pos pos:0.9963561897130234 neg:0.003643810286976476 
cv184_2673.txt pos neg:0.9232637896284371 pos:0.07673621037156297 
cv233_15964.txt pos pos:0.5525124420576929 neg:0.4474875579423071 
cv342_19456.txt pos neg:0.9864247549854477 pos:0.013575245014552281 
cv335_14665.txt pos pos:0.9988343767871948 neg:0.0011656232128053141 
cv242_10638.txt pos neg:0.8664659266038702 pos:0.13353407339612972 
cv993_29737.txt pos pos:0.868222646933253 neg:0.131777353066747 
cv391_10802.txt pos pos:0.9935128032480253 neg:0.006487196751974807 
cv882_10026.txt pos neg:0.7561291862430405 pos:0.24387081375695946 
cv410_24266.txt pos neg:0.9942678772898166 pos:0.005732122710183462 
cv476_16856.txt pos pos:0.9999700805484966 neg:2.9919451503398673E-5 
cv604_2230.txt pos pos:0.9994732769644131 neg:5.267230355868314E-4 
cv299_16214.txt pos pos:0.5294924499348493 neg:0.4705075500651507 
cv133_16336.txt pos pos:0.9587187431230526 neg:0.04128125687694737 
cv933_23776.txt pos pos:0.9999996974721812 neg:3.025278186940037E-7 
cv629_14909.txt pos pos:0.9998039592805936 neg:1.9604071940629235E-4 
cv447_27332.txt pos pos:0.9143743301963195 neg:0.08562566980368037 
cv693_18063.txt pos neg:0.8848855824391515 pos:0.11511441756084846 
cv674_10732.txt pos pos:0.9999176119205581 neg:8.238807944190447E-5 
cv996_11592.txt pos pos:0.9332724413514563 neg:0.06672755864854381 
cv573_29525.txt pos pos:0.9994044906981204 neg:5.955093018795E-4 
cv365_11576.txt pos neg:0.7982799976867194 pos:0.20172000231328066 
cv155_7308.txt pos pos:0.9969527873107241 neg:0.0030472126892759637 
cv327_20292.txt pos pos:0.9988780725327624 neg:0.0011219274672376537 
cv089_11418.txt pos pos:0.9681330750003304 neg:0.03186692499966966 
cv303_27520.txt pos pos:0.9941662453801592 neg:0.00583375461984073 
cv097_24970.txt pos pos:0.9787686180171026 neg:0.02123138198289743 
cv666_18963.txt pos neg:0.9870954102306393 pos:0.012904589769360769 
cv607_7717.txt pos neg:0.9766285147868649 pos:0.02337148521313515 
cv283_11055.txt pos pos:0.9979277836668564 neg:0.0020722163331435527 
cv292_7282.txt pos pos:0.9573922774834674 neg:0.04260772251653259 
cv343_10368.txt pos pos:0.9941966338660937 neg:0.005803366133906266 
cv533_9821.txt pos neg:0.9901106854581937 pos:0.009889314541806372 
cv250_25616.txt pos pos:0.999993481330524 neg:6.5186694761095194E-6 
cv438_8043.txt pos pos:0.9381273786606663 neg:0.061872621339333786 
cv287_15900.txt pos neg:0.8727984003897342 pos:0.12720159961026584 
cv470_15952.txt pos neg:0.617126169284643 pos:0.38287383071535697 
cv869_23611.txt pos pos:0.9980277169377787 neg:0.0019722830622213136 
cv043_15013.txt pos pos:0.9999937959259 neg:6.204074099971141E-6 
cv086_18371.txt pos pos:0.9998035088860916 neg:1.9649111390840606E-4 
cv828_19831.txt pos pos:0.9056526178245182 neg:0.0943473821754818 
cv516_11172.txt pos neg:0.5399067956359186 pos:0.46009320436408147 
cv491_12145.txt pos pos:0.9436758345054009 neg:0.05632416549459911 
cv044_16969.txt pos neg:0.7479338331642915 pos:0.25206616683570854 
cv048_16828.txt pos pos:0.9846184472603504 neg:0.015381552739649638 
Trial 0 Trainer NaiveBayesTrainer Training Data Confusion Matrix
Confusion Matrix, row=true, column=predicted  accuracy=0.9011111111111111
  label   0   1  |total
  0 neg 832  68  |900
  1 pos 110 790  |900

Trial 0 Trainer NaiveBayesTrainer training data accuracy= 0.9011111111111111
Trial 0 Trainer NaiveBayesTrainer Test Data Confusion Matrix
Confusion Matrix, row=true, column=predicted  accuracy=0.76
  label   0   1  |total
  0 neg  77  23  |100
  1 pos  25  75  |100

Trial 0 Trainer NaiveBayesTrainer test data accuracy= 0.76

NaiveBayesTrainer
Summary. train accuracy mean = 0.9011111111111111 stddev = 0.0 stderr = 0.0
Summary. test accuracy mean = 0.76 stddev = 0.0 stderr = 0.0
