
-------------------- Trial 0  --------------------

Trial 0 Training NaiveBayesTrainer with 1800 instances
Trial 0 Training NaiveBayesTrainer finished
Trial 0 Trainer NaiveBayesTrainer
 Raw Testing Data
cv921_13988.txt neg neg:0.9999980344413703 pos:1.9655586297752186E-6 
cv029_19943.txt neg neg:0.9196603000758019 pos:0.0803396999241982 
cv897_11703.txt neg neg:0.9909222030917063 pos:0.009077796908293703 
cv257_11856.txt neg neg:0.999793793782892 pos:2.0620621710793673E-4 
cv640_5380.txt neg neg:0.9884285241349148 pos:0.011571475865085164 
cv949_21565.txt neg neg:0.9999785715770015 pos:2.1428422998476912E-5 
cv524_24885.txt neg neg:0.9996170984419592 pos:3.8290155804072E-4 
cv514_12173.txt neg neg:0.9995701554458835 pos:4.298445541165238E-4 
cv021_17313.txt neg neg:0.9900335702325922 pos:0.009966429767407765 
cv895_22200.txt neg neg:0.7928919991799419 pos:0.20710800082005812 
cv150_14279.txt neg neg:0.830332988089664 pos:0.1696670119103358 
cv933_24953.txt neg neg:0.9993554215464835 pos:6.445784535165583E-4 
cv335_16299.txt neg neg:0.9961856924486686 pos:0.0038143075513313402 
cv544_5301.txt neg neg:0.9999666692599434 pos:3.333074005663223E-5 
cv999_14636.txt neg neg:0.9492968655450421 pos:0.0507031344549579 
cv245_8938.txt neg neg:0.9985470764502614 pos:0.0014529235497385091 
cv185_28372.txt neg neg:0.9569769387204943 pos:0.043023061279505864 
cv801_26335.txt neg neg:0.5017359880265494 pos:0.49826401197345066 
cv284_20530.txt neg neg:0.8238562923298443 pos:0.17614370767015564 
cv108_17064.txt neg neg:0.7263022203859781 pos:0.273697779614022 
cv018_21672.txt neg neg:0.8735213897084085 pos:0.12647861029159138 
cv788_26409.txt neg pos:0.5771995027445486 neg:0.4228004972554513 
cv216_20165.txt neg neg:0.992704430287112 pos:0.0072955697128881045 
cv716_11153.txt neg pos:0.5442475986281378 neg:0.45575240137186224 
cv723_9002.txt neg neg:0.9771776278912265 pos:0.022822372108773366 
cv692_17026.txt neg neg:0.9535968549953658 pos:0.046403145004634196 
cv450_8319.txt neg neg:0.9531619242295493 pos:0.04683807577045064 
cv202_11382.txt neg neg:0.9999682150367746 pos:3.1784963225489495E-5 
cv632_9704.txt neg neg:0.7711043744245721 pos:0.2288956255754279 
cv376_20883.txt neg neg:0.5599863404078173 pos:0.44001365959218275 
cv587_20532.txt neg neg:0.9996587062965155 pos:3.4129370348449234E-4 
cv929_1841.txt neg neg:0.9639141926148068 pos:0.03608580738519311 
cv196_28898.txt neg neg:0.9515401753105843 pos:0.04845982468941567 
cv906_12332.txt neg neg:0.9949412843870655 pos:0.0050587156129343865 
cv982_22209.txt neg neg:0.9986845405877359 pos:0.001315459412264188 
cv939_11247.txt neg pos:0.6491962853896429 neg:0.35080371461035714 
cv219_19874.txt neg neg:0.9014293788478691 pos:0.09857062115213086 
cv875_5622.txt neg neg:0.807858857135386 pos:0.19214114286461392 
cv499_11407.txt neg neg:0.9841124061599885 pos:0.015887593840011417 
cv213_20300.txt neg pos:0.814532041025984 neg:0.185467958974016 
cv983_24219.txt neg neg:0.99941016843884 pos:5.898315611599154E-4 
cv854_18955.txt neg neg:0.9998577280518837 pos:1.422719481164573E-4 
cv647_15275.txt neg neg:0.998037090416707 pos:0.0019629095832929488 
cv334_0074.txt neg neg:0.9999484269746196 pos:5.157302538036538E-5 
cv002_17424.txt neg neg:0.9995451411632986 pos:4.54858836701444E-4 
cv676_22202.txt neg neg:0.99999308126137 pos:6.918738629937595E-6 
cv069_11613.txt neg neg:0.9965570266048706 pos:0.0034429733951294225 
cv270_5873.txt neg neg:0.9918728189052065 pos:0.00812718109479349 
cv725_10266.txt neg neg:0.9761945073049598 pos:0.023805492695040217 
cv165_2389.txt neg neg:0.6346613983913577 pos:0.3653386016086423 
cv963_7208.txt neg pos:0.9827591566695009 neg:0.017240843330499134 
cv167_18094.txt neg pos:0.9356017961986727 neg:0.06439820380132738 
cv449_9126.txt neg pos:0.7424896151205802 neg:0.2575103848794199 
cv048_18380.txt neg neg:0.9999180789835406 pos:8.192101645941013E-5 
cv361_28738.txt neg pos:0.8099210614725174 neg:0.19007893852748256 
cv608_24647.txt neg neg:0.7758023325127777 pos:0.22419766748722225 
cv354_8573.txt neg pos:0.8479700046839863 neg:0.15202999531601372 
cv607_8235.txt neg neg:0.9571031820806429 pos:0.04289681791935697 
cv007_4992.txt neg neg:0.999992271398146 pos:7.728601854012333E-6 
cv974_24303.txt neg neg:0.9830998562660886 pos:0.016900143733911275 
cv405_21868.txt neg neg:0.9999523846553735 pos:4.7615344626577896E-5 
cv698_16930.txt neg neg:0.9993098360380116 pos:6.901639619883665E-4 
cv585_23576.txt neg pos:0.5522662052551055 neg:0.4477337947448945 
cv431_7538.txt neg neg:0.9770074430247324 pos:0.022992556975267493 
cv798_24779.txt neg neg:0.5077897239239911 pos:0.49221027607600887 
cv557_12237.txt neg neg:0.9992599553178518 pos:7.400446821481101E-4 
cv337_29061.txt neg neg:0.98246290856059 pos:0.017537091439409874 
cv671_5164.txt neg pos:0.6498880454229226 neg:0.3501119545770775 
cv407_23928.txt neg neg:0.9344460692529714 pos:0.0655539307470287 
cv876_9633.txt neg neg:0.9474703723349873 pos:0.052529627665012735 
cv843_17054.txt neg neg:0.9916177507021123 pos:0.00838224929788757 
cv601_24759.txt neg neg:0.9992242531207648 pos:7.757468792351122E-4 
cv917_29484.txt neg neg:0.9993063033887788 pos:6.936966112212571E-4 
cv317_25111.txt neg pos:0.9435556050937369 neg:0.056444394906263115 
cv481_7930.txt neg neg:0.9815136472587824 pos:0.018486352741217533 
cv328_10908.txt neg neg:0.6390717101508658 pos:0.36092828984913417 
cv156_11119.txt neg neg:0.9196279986666018 pos:0.08037200133339828 
cv072_5928.txt neg neg:0.9915799846987098 pos:0.008420015301290171 
cv713_29002.txt neg neg:0.7497781685042766 pos:0.25022183149572336 
cv338_9183.txt neg neg:0.8783884445117385 pos:0.12161155548826147 
cv662_14791.txt neg neg:0.5802937692995545 pos:0.4197062307004456 
cv221_27081.txt neg neg:0.9771212995939241 pos:0.022878700406075876 
cv627_12603.txt neg pos:0.5343244186958175 neg:0.4656755813041825 
cv744_10091.txt neg neg:0.9999787014542022 pos:2.1298545797662865E-5 
cv095_28730.txt neg neg:0.9931148285636017 pos:0.006885171436398394 
cv666_20301.txt neg pos:0.5503106142348353 neg:0.4496893857651648 
cv469_21998.txt neg neg:0.9996337337069637 pos:3.66266293036236E-4 
cv423_12089.txt neg neg:0.9416182826573787 pos:0.05838171734262146 
cv694_4526.txt neg pos:0.8928705266962409 neg:0.1071294733037591 
cv517_20616.txt neg neg:0.9999977923132146 pos:2.207686785467341E-6 
cv162_10977.txt neg neg:0.9997503986404244 pos:2.496013595755348E-4 
cv211_9955.txt neg neg:0.9454406871251576 pos:0.054559312874842364 
cv935_24977.txt neg neg:0.9999939542348696 pos:6.045765130500334E-6 
cv477_23530.txt neg neg:0.9058157717973582 pos:0.09418422820264181 
cv830_5778.txt neg neg:0.9914018372986292 pos:0.008598162701370895 
cv371_8197.txt neg neg:0.9900532547419771 pos:0.009946745258022872 
cv083_25491.txt neg neg:0.9998928214791998 pos:1.0717852080026691E-4 
cv365_12442.txt neg neg:0.9917849681591239 pos:0.008215031840876142 
cv024_7033.txt neg pos:0.998648722870817 neg:0.0013512771291829093 
cv030_22893.txt neg neg:0.9324606264098413 pos:0.06753937359015882 
cv988_18740.txt pos pos:0.9998633743246054 neg:1.3662567539458336E-4 
cv286_25050.txt pos pos:0.9992892781400015 neg:7.10721859998648E-4 
cv719_5713.txt pos pos:0.9930308947719572 neg:0.006969105228042895 
cv053_21822.txt pos pos:0.9996346882062872 neg:3.653117937127166E-4 
cv071_12095.txt pos pos:0.9979210580013878 neg:0.0020789419986123317 
cv424_8831.txt pos pos:0.8333293214006643 neg:0.16667067859933576 
cv453_10379.txt pos pos:0.999984614011845 neg:1.538598815491705E-5 
cv606_15985.txt pos pos:0.9937171084635746 neg:0.0062828915364254055 
cv599_20988.txt pos neg:0.9989289562450129 pos:0.0010710437549872318 
cv315_11629.txt pos pos:0.9762466382332898 neg:0.023753361766710238 
cv913_29252.txt pos neg:0.6920175395074324 pos:0.3079824604925677 
cv455_29000.txt pos pos:0.987689928241548 neg:0.012310071758451935 
cv941_10246.txt pos pos:0.9976291746809471 neg:0.0023708253190528957 
cv929_16908.txt pos pos:0.9996958083892251 neg:3.041916107749549E-4 
cv210_9312.txt pos pos:0.7302489134835299 neg:0.26975108651647006 
cv267_14952.txt pos pos:0.9434413711809548 neg:0.056558628819045116 
cv662_13320.txt pos pos:0.9548393092068119 neg:0.04516069079318799 
cv897_10837.txt pos pos:0.9968991707938276 neg:0.003100829206172317 
cv191_29719.txt pos pos:0.9481616832042166 neg:0.05183831679578356 
cv564_11110.txt pos pos:0.9873605711892401 neg:0.012639428810759913 
cv681_9692.txt pos pos:0.9714091704712272 neg:0.02859082952877278 
cv999_13106.txt pos pos:0.6875007393265278 neg:0.31249926067347217 
cv384_17140.txt pos neg:0.9222292749924244 pos:0.07777072500757555 
cv153_10779.txt pos neg:0.5099280789837297 pos:0.49007192101627034 
cv300_22284.txt pos pos:0.9997640802837938 neg:2.359197162060807E-4 
cv508_16006.txt pos pos:0.9979597646724564 neg:0.002040235327543729 
cv310_13091.txt pos pos:0.8860993355207357 neg:0.11390066447926442 
cv380_7574.txt pos neg:0.9942399197415818 pos:0.005760080258418357 
cv842_5866.txt pos neg:0.9973082660757407 pos:0.0026917339242593726 
cv175_6964.txt pos neg:0.8037224481103155 pos:0.19627755188968452 
cv586_7543.txt pos pos:0.9989680631305918 neg:0.001031936869408188 
cv859_14107.txt pos neg:0.794752006886575 pos:0.20524799311342493 
cv393_29327.txt pos pos:0.9978756855084839 neg:0.002124314491515992 
cv114_18398.txt pos pos:0.9760995419144344 neg:0.023900458085565717 
cv066_10821.txt pos pos:0.9788989064865115 neg:0.021101093513488548 
cv657_24513.txt pos pos:0.9990100921000798 neg:9.899078999202652E-4 
cv259_10934.txt pos pos:0.9942682593763513 neg:0.005731740623648715 
cv121_17302.txt pos pos:0.9997599599138967 neg:2.4004008610335875E-4 
cv425_8250.txt pos neg:0.785206382064006 pos:0.21479361793599402 
cv247_13142.txt pos pos:0.5600277760227583 neg:0.4399722239772416 
cv617_9322.txt pos pos:0.999993189264706 neg:6.8107352938742615E-6 
cv773_18817.txt pos pos:0.7504549509211325 neg:0.2495450490788676 
cv857_15958.txt pos pos:0.6508341314583754 neg:0.3491658685416245 
cv919_16380.txt pos pos:0.9999908706549913 neg:9.129345008705516E-6 
cv009_29592.txt pos pos:0.6220009349192057 neg:0.3779990650807944 
cv780_7984.txt pos pos:0.9999999990155031 neg:9.844969217157035E-10 
cv405_20399.txt pos pos:0.8784195965327902 neg:0.12158040346720977 
cv980_10953.txt pos pos:0.5263619166128402 neg:0.47363808338715985 
cv504_29243.txt pos neg:0.9966926206058879 pos:0.003307379394112026 
cv677_17715.txt pos pos:0.9999760463693432 neg:2.395363065667247E-5 
cv220_29059.txt pos pos:0.9805515809881191 neg:0.019448419011880907 
cv181_14401.txt pos pos:0.9999543663805651 neg:4.56336194348119E-5 
cv647_13691.txt pos pos:0.9780581359969194 neg:0.021941864003080517 
cv762_13927.txt pos pos:0.9999149280548255 neg:8.507194517449908E-5 
cv270_6079.txt pos neg:0.8975184689943421 pos:0.10248153100565786 
cv472_29280.txt pos pos:0.6662150773706716 neg:0.3337849226293284 
cv623_15356.txt pos pos:0.8923382330720357 neg:0.10766176692796428 
cv285_16494.txt pos pos:0.8036057022669931 neg:0.1963942977330068 
cv340_13287.txt pos neg:0.7069759235319631 pos:0.2930240764680369 
cv183_18612.txt pos neg:0.5464344576348347 pos:0.45356554236516533 
cv413_7398.txt pos neg:0.52230722668595 pos:0.47769277331405 
cv548_17731.txt pos pos:0.6119952846767204 neg:0.3880047153232797 
cv099_10534.txt pos pos:0.9905196920109863 neg:0.009480307989013672 
cv495_14518.txt pos neg:0.9729488277072567 pos:0.02705117229274319 
cv289_6463.txt pos pos:0.9983283907842417 neg:0.001671609215758327 
cv055_8338.txt pos pos:0.9833628687723919 neg:0.01663713122760814 
cv402_14425.txt pos pos:0.9251931022263448 neg:0.07480689777365533 
cv249_11640.txt pos pos:0.9730345723743891 neg:0.026965427625610952 
cv730_10279.txt pos pos:0.9999776565908127 neg:2.2343409187192033E-5 
cv691_5043.txt pos pos:0.9999952220878535 neg:4.777912146344283E-6 
cv057_7453.txt pos pos:0.8143902391766127 neg:0.18560976082338734 
cv428_11347.txt pos pos:0.9316982800484361 neg:0.06830171995156377 
cv172_11131.txt pos neg:0.7700017128242338 pos:0.2299982871757663 
cv047_1754.txt pos pos:0.9973466151057189 neg:0.002653384894281053 
cv592_22315.txt pos pos:0.9628373354845924 neg:0.03716266451540757 
cv631_4967.txt pos pos:0.9989196379540635 neg:0.0010803620459365444 
cv120_4111.txt pos pos:0.9467125421381125 neg:0.05328745786188742 
cv253_10077.txt pos pos:0.9983973166748624 neg:0.0016026833251376793 
cv660_21893.txt pos pos:0.8449223089091153 neg:0.15507769109088473 
cv959_14611.txt pos neg:0.7490715428818837 pos:0.2509284571181162 
cv583_29692.txt pos pos:0.5479284266171757 neg:0.45207157338282433 
cv658_10532.txt pos pos:0.9995799730327973 neg:4.2002696720271396E-4 
cv939_10583.txt pos pos:0.9743135946575576 neg:0.025686405342442455 
cv898_14187.txt pos pos:0.9998938923666972 neg:1.061076333026349E-4 
cv154_9328.txt pos pos:0.99593220042551 neg:0.004067799574490087 
cv558_29507.txt pos pos:0.9999214462307048 neg:7.855376929523571E-5 
cv949_20112.txt pos pos:0.7630214448143112 neg:0.23697855518568886 
cv527_10123.txt pos pos:0.999806156627178 neg:1.938433728219484E-4 
cv019_14482.txt pos pos:0.8355565119143501 neg:0.16444348808564999 
cv046_10188.txt pos pos:0.9714470270481415 neg:0.02855297295185849 
cv708_28729.txt pos pos:0.7920278016735128 neg:0.20797219832648717 
cv931_17563.txt pos pos:0.9987478112072639 neg:0.0012521887927361985 
cv448_14695.txt pos pos:0.996709924114168 neg:0.0032900758858320175 
cv024_6778.txt pos pos:0.9442308734431962 neg:0.05576912655680378 
cv620_24265.txt pos neg:0.5651959808223447 pos:0.4348040191776553 
cv984_12767.txt pos pos:0.9690284611354674 neg:0.030971538864532595 
cv325_16629.txt pos pos:0.9999531026671823 neg:4.689733281771211E-5 
cv690_5619.txt pos neg:0.7205491383859586 pos:0.2794508616140415 
cv204_8451.txt pos pos:0.9990419589436011 neg:9.580410563988757E-4 
cv101_10175.txt pos pos:0.9999976249798611 neg:2.3750201388586302E-6 
Trial 0 Trainer NaiveBayesTrainer Training Data Confusion Matrix
Confusion Matrix, row=true, column=predicted  accuracy=0.8988888888888888
  label   0   1  |total
  0 neg 835  65  |900
  1 pos 117 783  |900

Trial 0 Trainer NaiveBayesTrainer training data accuracy= 0.8988888888888888
Trial 0 Trainer NaiveBayesTrainer Test Data Confusion Matrix
Confusion Matrix, row=true, column=predicted  accuracy=0.825
  label   0   1  |total
  0 neg  84  16  |100
  1 pos  19  81  |100

Trial 0 Trainer NaiveBayesTrainer test data accuracy= 0.825

NaiveBayesTrainer
Summary. train accuracy mean = 0.8988888888888888 stddev = 0.0 stderr = 0.0
Summary. test accuracy mean = 0.825 stddev = 0.0 stderr = 0.0
