
-------------------- Trial 0  --------------------

Trial 0 Training MaxEntTrainer,gaussianPriorVariance=1.0 with 1800 instances
Trial 0 Training MaxEntTrainer,gaussianPriorVariance=1.0 finished
Trial 0 Trainer MaxEntTrainer,gaussianPriorVariance=1.0
 Raw Testing Data
2764.txt neg neg:0.8904920062967563 pos:0.10950799370324367 
1502.txt neg neg:0.9969831434313755 pos:0.0030168565686245876 
1903.txt pos pos:0.9220406308599614 neg:0.07795936914003868 
2617.txt pos neg:0.8158743169474338 pos:0.18412568305256616 
4238.txt neg neg:0.9941544641251595 pos:0.005845535874840476 
994.txt pos pos:0.9999505873979444 neg:4.941260205553986E-5 
294.txt neg neg:0.8944601758512445 pos:0.10553982414875548 
453.txt pos pos:0.9977303314183292 neg:0.0022696685816707414 
4229.txt neg neg:0.9867293834163281 pos:0.013270616583671924 
795.txt pos pos:0.9987608377171847 neg:0.0012391622828153656 
877.txt pos pos:0.9888103289871035 neg:0.011189671012896583 
370.txt neg neg:0.9630835939271232 pos:0.03691640607287683 
2534.txt neg neg:0.8409025870753558 pos:0.15909741292464424 
3677.txt pos pos:0.9736091244408623 neg:0.026390875559137633 
651.txt neg neg:0.990012085098311 pos:0.00998791490168903 
3553.txt neg neg:0.9971684289155377 pos:0.0028315710844623062 
2887.txt pos pos:0.8032829073159279 neg:0.19671709268407214 
73.txt neg neg:0.7918966078132983 pos:0.2081033921867017 
986.txt neg neg:0.9864390117122575 pos:0.013560988287742553 
3754.txt pos neg:0.9813428460161038 pos:0.018657153983896183 
4214.txt pos pos:0.9795933214516006 neg:0.02040667854839952 
1621.txt pos pos:0.9674929905328992 neg:0.032507009467100924 
533.txt neg neg:0.924508291922791 pos:0.07549170807720888 
4339.txt pos pos:0.9963794633465124 neg:0.0036205366534875143 
3528.txt neg pos:0.938383692392044 neg:0.06161630760795604 
74.txt pos pos:0.5164618268321828 neg:0.48353817316781716 
3306.txt neg neg:0.9283581664688435 pos:0.07164183353115652 
405.txt pos pos:0.9932514037464891 neg:0.006748596253510814 
3402.txt neg neg:0.9741046883834575 pos:0.02589531161654253 
1210.txt neg neg:0.8897922059878784 pos:0.11020779401212163 
3347.txt pos pos:0.8269901248187771 neg:0.17300987518122282 
4002.txt neg neg:0.9675137706826707 pos:0.032486229317329224 
2823.txt pos pos:0.586155981452455 neg:0.41384401854754505 
454.txt pos pos:0.9998672780170613 neg:1.3272198293855968E-4 
4176.txt pos neg:0.9899996729017737 pos:0.010000327098226175 
1839.txt neg neg:0.9997702757479783 pos:2.2972425202174275E-4 
2680.txt neg pos:0.9523332050286725 neg:0.047666794971327676 
4337.txt pos pos:0.9811511593506494 neg:0.018848840649350506 
1291.txt pos pos:0.6529939905050169 neg:0.34700600949498306 
3721.txt pos pos:0.9994216379026137 neg:5.783620973862707E-4 
2619.txt pos pos:0.9205810465635506 neg:0.07941895343644946 
246.txt pos neg:0.9450450112166506 pos:0.054954988783349264 
4103.txt pos pos:0.9999920120999676 neg:7.98790003246252E-6 
1727.txt neg neg:0.9742930889334802 pos:0.025706911066519896 
4036.txt pos pos:0.9328587801392862 neg:0.06714121986071377 
2748.txt pos pos:0.9946656026411829 neg:0.005334397358817044 
2862.txt neg neg:0.9612531368560037 pos:0.03874686314399629 
3761.txt pos pos:0.7263355109135504 neg:0.2736644890864496 
3895.txt pos pos:0.9999966326995156 neg:3.367300484314637E-6 
2507.txt pos pos:0.9849708680879119 neg:0.01502913191208799 
314.txt neg neg:0.961777072552008 pos:0.03822292744799194 
3877.txt neg neg:0.6916248805839814 pos:0.3083751194160186 
158.txt pos pos:0.997894968834929 neg:0.00210503116507106 
3778.txt neg pos:0.9531835908572583 neg:0.046816409142741676 
4220.txt neg neg:0.9964338754288264 pos:0.003566124571173557 
1828.txt neg neg:0.9547438522295033 pos:0.04525614777049661 
4283.txt neg neg:0.9574591526185419 pos:0.04254084738145809 
254.txt neg pos:0.717006516365361 neg:0.282993483634639 
1536.txt pos neg:0.9645694758485361 pos:0.03543052415146384 
2383.txt pos pos:0.8462013683341946 neg:0.15379863166580554 
359.txt pos neg:0.9892332455346796 pos:0.010766754465320386 
379.txt neg neg:0.9947770594339571 pos:0.005222940566042974 
2711.txt neg neg:0.9874425347470824 pos:0.012557465252917588 
1984.txt pos pos:0.9998033123133853 neg:1.966876866146405E-4 
1714.txt pos pos:0.990586699125688 neg:0.00941330087431191 
1091.txt neg pos:0.6673846994445871 neg:0.33261530055541294 
778.txt pos pos:0.8289301978721337 neg:0.17106980212786635 
4268.txt pos pos:0.9977389882330352 neg:0.0022610117669646813 
2986.txt neg neg:0.9996908958944177 pos:3.091041055822981E-4 
1056.txt neg neg:0.9992959114705926 pos:7.04088529407289E-4 
2900.txt pos neg:0.9924213828257188 pos:0.00757861717428116 
4303.txt neg neg:0.9904936276288457 pos:0.009506372371154172 
3147.txt neg neg:0.9420036627556502 pos:0.05799633724434981 
2686.txt pos pos:0.9969419624026791 neg:0.003058037597320949 
1531.txt pos pos:0.9957126938874605 neg:0.004287306112539527 
3937.txt neg pos:0.6729464318892538 neg:0.3270535681107462 
2858.txt pos pos:0.5860381310240736 neg:0.41396186897592635 
545.txt pos pos:0.7652828480298145 neg:0.2347171519701855 
3119.txt pos pos:0.9997804357556601 neg:2.1956424433988453E-4 
3064.txt neg neg:0.9269013962928442 pos:0.07309860370715587 
2320.txt pos pos:0.9999892895232096 neg:1.0710476790366292E-5 
3912.txt pos pos:0.9919642346998393 neg:0.008035765300160607 
3645.txt pos pos:0.5623913585847033 neg:0.4376086414152967 
2635.txt neg pos:0.9995670136174943 neg:4.3298638250576036E-4 
2599.txt neg neg:0.9899065033389062 pos:0.01009349666109383 
1240.txt pos pos:0.9976041763786541 neg:0.0023958236213460307 
2410.txt neg neg:0.9915606343537272 pos:0.008439365646272807 
2113.txt pos neg:0.8821655246443463 pos:0.11783447535565372 
3272.txt pos pos:0.9364176455259532 neg:0.06358235447404671 
1893.txt neg neg:0.722216608205956 pos:0.277783391794044 
297.txt pos pos:0.9579330454414148 neg:0.04206695455858511 
465.txt neg neg:0.9777245314647434 pos:0.02227546853525663 
1595.txt pos neg:0.8556209192484051 pos:0.14437908075159497 
2368.txt neg neg:0.9934557325548912 pos:0.0065442674451089335 
629.txt pos pos:0.9971000595495909 neg:0.002899940450409176 
2990.txt neg neg:0.9648742952387438 pos:0.03512570476125608 
1099.txt pos pos:0.965703324933218 neg:0.03429667506678213 
2799.txt pos pos:0.9517794401409941 neg:0.04822055985900579 
3639.txt pos pos:0.8725274929567427 neg:0.12747250704325727 
2313.txt neg neg:0.8551761462018497 pos:0.1448238537981503 
3025.txt pos pos:0.5477027125562554 neg:0.4522972874437446 
127.txt neg neg:0.9757692375714004 pos:0.024230762428599603 
2082.txt pos pos:0.5533704542640427 neg:0.44662954573595726 
1346.txt neg neg:0.682489958199706 pos:0.3175100418002939 
2417.txt neg neg:0.9999641446276746 pos:3.585537232548444E-5 
2093.txt pos neg:0.8982627237073734 pos:0.1017372762926266 
1008.txt pos pos:0.9996095246230012 neg:3.9047537699876195E-4 
3715.txt neg neg:0.9488327603288512 pos:0.05116723967114883 
683.txt pos pos:0.9967117679347199 neg:0.0032882320652799914 
138.txt neg neg:0.5590282326059586 pos:0.4409717673940415 
1049.txt neg neg:0.9964848012516084 pos:0.0035151987483914462 
772.txt neg neg:0.6794780267780294 pos:0.32052197322197074 
1678.txt neg neg:0.9686538568678853 pos:0.0313461431321147 
3387.txt pos neg:0.8458461502945992 pos:0.15415384970540089 
4178.txt pos neg:0.9777549039321124 pos:0.0222450960678876 
4213.txt pos pos:0.9544370442463765 neg:0.04556295575362338 
1902.txt neg neg:0.6257011211839356 pos:0.37429887881606433 
4282.txt pos pos:0.9974570132973032 neg:0.0025429867026969593 
2432.txt pos neg:0.5666414018678253 pos:0.43335859813217475 
764.txt neg neg:0.5460860859758444 pos:0.4539139140241556 
2559.txt neg neg:0.9976287088147004 pos:0.002371291185299475 
1087.txt neg neg:0.9999425782732212 pos:5.742172677881991E-5 
3016.txt neg neg:0.9992142441245322 pos:7.857558754677323E-4 
257.txt pos pos:0.9999988737619584 neg:1.1262380415193432E-6 
2138.txt neg neg:0.9085714539359503 pos:0.09142854606404968 
1309.txt pos pos:0.9751982645555816 neg:0.0248017354444184 
776.txt pos pos:0.9914786173793053 neg:0.008521382620694753 
195.txt neg neg:0.8635540486851236 pos:0.1364459513148764 
1882.txt neg pos:0.7014299597694205 neg:0.2985700402305796 
3945.txt neg neg:0.835650116142134 pos:0.16434988385786597 
3090.txt pos pos:0.8940982024542495 neg:0.10590179754575037 
684.txt pos pos:0.9628049861347336 neg:0.03719501386526632 
1096.txt neg pos:0.9577259052571699 neg:0.042274094742830136 
3156.txt neg neg:0.9748243823766223 pos:0.02517561762337784 
2788.txt pos pos:0.9744208021069354 neg:0.02557919789306467 
3041.txt pos pos:0.9988008111592911 neg:0.0011991888407090075 
3560.txt pos pos:0.9997411670131292 neg:2.588329868707922E-4 
2997.txt neg neg:0.7028928485252051 pos:0.297107151474795 
1777.txt pos pos:0.998909653121513 neg:0.0010903468784870078 
1744.txt neg neg:0.863076294510729 pos:0.13692370548927105 
3879.txt neg neg:0.8610491433497351 pos:0.13895085665026494 
821.txt pos neg:0.8113822683574372 pos:0.18861773164256287 
1604.txt neg neg:0.9944784447701857 pos:0.0055215552298143525 
201.txt pos pos:0.9839451681609197 neg:0.016054831839080342 
1247.txt pos pos:0.9650466493783705 neg:0.03495335062162959 
1592.txt pos pos:0.9994737449631097 neg:5.262550368903208E-4 
2516.txt pos pos:0.8016855131526264 neg:0.19831448684737368 
3942.txt neg neg:0.9938218434628608 pos:0.006178156537139088 
1682.txt pos pos:0.9999771092630477 neg:2.289073695221927E-5 
4378.txt neg neg:0.8701715443890714 pos:0.12982845561092873 
1206.txt neg neg:0.9660104139447295 pos:0.033989586055270485 
3009.txt neg neg:0.9962775418319489 pos:0.003722458168051176 
3631.txt neg neg:0.9508008752409768 pos:0.04919912475902319 
1375.txt pos pos:0.9718912489862752 neg:0.02810875101372481 
2144.txt neg neg:0.9999997229843299 pos:2.770156701223227E-7 
3246.txt neg neg:0.8614663060219409 pos:0.13853369397805912 
2314.txt neg neg:0.9781865402432991 pos:0.02181345975670085 
1273.txt neg neg:0.918339957170052 pos:0.0816600428299479 
1544.txt pos pos:0.9881262968641199 neg:0.011873703135880062 
3985.txt neg neg:0.9988547360797496 pos:0.0011452639202503166 
1311.txt pos pos:0.9998997918264365 neg:1.0020817356346647E-4 
1968.txt neg neg:0.9999765483637507 pos:2.345163624931799E-5 
1513.txt neg neg:0.5174495451339861 pos:0.4825504548660139 
868.txt pos neg:0.9310396642767098 pos:0.06896033572329015 
116.txt pos pos:0.9451770914728957 neg:0.054822908527104246 
814.txt pos pos:0.9076748785609321 neg:0.09232512143906796 
4005.txt neg neg:0.9996541737714367 pos:3.4582622856330596E-4 
1931.txt pos pos:0.9996633825451848 neg:3.366174548151861E-4 
1705.txt pos pos:0.5275864970210463 neg:0.4724135029789537 
1871.txt pos pos:0.9999995675743769 neg:4.324256229686583E-7 
3165.txt pos pos:0.9999999280765012 neg:7.192349877351257E-8 
143.txt neg neg:0.8480191103028242 pos:0.15198088969717588 
1040.txt neg neg:0.827150855964582 pos:0.17284914403541796 
2053.txt pos neg:0.6163795258788763 pos:0.38362047412112366 
775.txt neg neg:0.9955170336339253 pos:0.004482966366074558 
1943.txt pos pos:0.8696774588732793 neg:0.1303225411267207 
866.txt pos pos:0.9369990251788687 neg:0.06300097482113125 
2716.txt neg neg:0.6756183968507251 pos:0.32438160314927483 
2957.txt neg neg:0.9952125371844202 pos:0.004787462815579875 
1845.txt neg neg:0.9708769601445318 pos:0.02912303985546811 
3335.txt pos pos:0.7846438206762687 neg:0.21535617932373122 
652.txt pos pos:0.8535765206793993 neg:0.14642347932060062 
2959.txt neg neg:0.577376582726538 pos:0.422623417273462 
3767.txt neg neg:0.8470530140671431 pos:0.15294698593285688 
3692.txt neg neg:0.973228973936334 pos:0.026771026063666048 
3737.txt pos pos:0.9171032351591744 neg:0.08289676484082556 
808.txt neg neg:0.9981589644414629 pos:0.0018410355585370725 
474.txt neg neg:0.9997268508467927 pos:2.7314915320732376E-4 
2361.txt neg neg:0.5145948638514932 pos:0.48540513614850667 
1453.txt neg neg:0.8704775037857919 pos:0.12952249621420805 
982.txt pos pos:0.9976221844239912 neg:0.002377815576008912 
1885.txt neg pos:0.8176911321166359 neg:0.182308867883364 
1318.txt pos pos:0.9999903248670372 neg:9.6751329627821E-6 
183.txt neg neg:0.8996691786670867 pos:0.1003308213329134 
1626.txt pos pos:0.6079473713045671 neg:0.3920526286954328 
17.txt pos pos:0.8148196954408237 neg:0.18518030455917642 
656.txt neg pos:0.9432873941714913 neg:0.056712605828508726 
230.txt neg neg:0.998508247440196 pos:0.0014917525598040658 
3196.txt neg neg:0.8284743638592754 pos:0.17152563614072466 
3477.txt neg neg:0.9978339893557238 pos:0.002166010644276238 
Trial 0 Trainer MaxEntTrainer,gaussianPriorVariance=1.0 Training Data Confusion Matrix
Confusion Matrix, row=true, column=predicted  accuracy=1.0
  label   0   1  |total
  0 neg 900   .  |900
  1 pos   . 900  |900

Trial 0 Trainer MaxEntTrainer,gaussianPriorVariance=1.0 training data accuracy= 1.0
Trial 0 Trainer MaxEntTrainer,gaussianPriorVariance=1.0 Test Data Confusion Matrix
Confusion Matrix, row=true, column=predicted  accuracy=0.865
  label   0   1  |total
  0 neg  89  11  |100
  1 pos  16  84  |100

Trial 0 Trainer MaxEntTrainer,gaussianPriorVariance=1.0 test data accuracy= 0.865

MaxEntTrainer,gaussianPriorVariance=1.0
Summary. train accuracy mean = 1.0 stddev = 0.0 stderr = 0.0
Summary. test accuracy mean = 0.865 stddev = 0.0 stderr = 0.0
