
-------------------- Trial 0  --------------------

Trial 0 Training MaxEntTrainer,gaussianPriorVariance=1.0 with 1800 instances
Trial 0 Training MaxEntTrainer,gaussianPriorVariance=1.0 finished
Trial 0 Trainer MaxEntTrainer,gaussianPriorVariance=1.0
 Raw Testing Data
1225.txt pos pos:0.9590173532706573 neg:0.040982646729342584 
4113.txt pos pos:0.9994785368874627 neg:5.214631125371728E-4 
1414.txt neg neg:0.9807064390589874 pos:0.019293560941012745 
3334.txt neg neg:0.9999281886259659 pos:7.18113740340837E-5 
3087.txt neg pos:0.5915091527058781 neg:0.40849084729412183 
878.txt pos pos:0.6253428836630375 neg:0.37465711633696247 
3428.txt pos pos:0.9751109272533518 neg:0.02488907274664829 
2901.txt neg neg:0.8016494638557123 pos:0.1983505361442876 
1754.txt neg pos:0.6801002117365578 neg:0.31989978826344223 
645.txt pos pos:0.6175836930815376 neg:0.3824163069184625 
716.txt neg neg:0.5841049307232057 pos:0.41589506927679437 
2690.txt neg neg:0.9981678669117109 pos:0.0018321330882890784 
4267.txt neg neg:0.9219281034750831 pos:0.07807189652491676 
2872.txt neg pos:0.881703090150463 neg:0.11829690984953713 
3426.txt pos pos:0.9820752841873331 neg:0.017924715812666813 
4166.txt pos pos:0.6704072039487105 neg:0.3295927960512896 
2061.txt neg neg:0.9732279211635338 pos:0.026772078836466158 
2796.txt neg neg:0.8573010392564724 pos:0.14269896074352767 
615.txt pos pos:0.994488889700919 neg:0.0055111102990809055 
5.txt neg neg:0.6597497129941698 pos:0.34025028700583015 
2433.txt pos neg:0.5333606214110271 pos:0.4666393785889729 
3309.txt pos pos:0.9988034273285159 neg:0.0011965726714841202 
421.txt pos pos:0.8489947752387335 neg:0.15100522476126668 
208.txt pos pos:0.993764956444858 neg:0.006235043555142004 
3159.txt neg neg:0.6605171958075334 pos:0.33948280419246646 
4093.txt pos pos:0.7988954041965756 neg:0.20110459580342438 
3375.txt pos pos:0.9948032533637304 neg:0.00519674663626963 
3390.txt neg neg:0.9290465215025661 pos:0.07095347849743402 
1971.txt pos pos:0.9892761943770275 neg:0.010723805622972394 
3792.txt pos pos:0.9997920647751379 neg:2.0793522486200404E-4 
4314.txt neg neg:0.961411495799396 pos:0.03858850420060407 
2154.txt pos neg:0.7881738390047538 pos:0.21182616099524612 
529.txt pos neg:0.774564737195742 pos:0.22543526280425788 
1233.txt neg neg:0.8893883765737148 pos:0.11061162342628529 
929.txt pos pos:0.9818919781259311 neg:0.01810802187406898 
4204.txt pos neg:0.8093402070300606 pos:0.19065979296993943 
2747.txt neg neg:0.9985599356216038 pos:0.001440064378396257 
1861.txt neg neg:0.5621230811213349 pos:0.43787691887866514 
3893.txt neg neg:0.5488624827791393 pos:0.45113751722086076 
3019.txt pos pos:0.995356057266398 neg:0.00464394273360212 
2501.txt neg neg:0.9482149365187813 pos:0.05178506348121874 
3803.txt pos pos:0.9531112928296056 neg:0.04688870717039444 
2573.txt neg neg:0.7478123969670383 pos:0.2521876030329618 
3348.txt neg neg:0.9990232840849539 pos:9.767159150461191E-4 
3172.txt neg neg:0.9750497946279879 pos:0.024950205372012067 
2987.txt neg neg:0.9981468002332314 pos:0.0018531997667685153 
1679.txt neg neg:0.8614279260964848 pos:0.13857207390351522 
213.txt neg pos:0.8460442165010732 neg:0.15395578349892688 
3217.txt neg pos:0.891492610061556 neg:0.10850738993844394 
1119.txt pos pos:0.8989255939050709 neg:0.10107440609492901 
1165.txt pos neg:0.548198231951792 pos:0.451801768048208 
3058.txt neg neg:0.9645639184571055 pos:0.03543608154289446 
2908.txt neg neg:0.9922324088302465 pos:0.007767591169753391 
816.txt neg neg:0.7532088103469279 pos:0.24679118965307212 
642.txt pos pos:0.9998600324560356 neg:1.399675439643544E-4 
2.txt neg neg:0.9808884501945685 pos:0.019111549805431453 
1147.txt pos neg:0.8685167182901743 pos:0.13148328170982562 
2751.txt pos pos:0.9859741440058054 neg:0.014025855994194675 
1335.txt neg neg:0.9574127723345768 pos:0.04258722766542329 
2890.txt pos neg:0.8619853093002005 pos:0.13801469069979952 
1629.txt neg neg:0.9995748716390312 pos:4.251283609688338E-4 
428.txt pos pos:0.9999962970378663 neg:3.7029621338525362E-6 
3381.txt pos pos:0.9787104823386489 neg:0.02128951766135108 
2616.txt neg pos:0.9887145969251516 neg:0.011285403074848465 
3357.txt pos neg:0.5908420233281781 pos:0.40915797667182185 
3502.txt pos pos:0.976939476135221 neg:0.023060523864778974 
2780.txt pos pos:0.9689885108333053 neg:0.031011489166694595 
1993.txt neg neg:0.9980648871732599 pos:0.001935112826740104 
1745.txt pos pos:0.9929372254106469 neg:0.007062774589353184 
1431.txt neg neg:0.9932680934603384 pos:0.006731906539661658 
3727.txt neg neg:0.9541078189170723 pos:0.045892181082927766 
4271.txt pos pos:0.935094760493941 neg:0.06490523950605892 
2598.txt pos pos:0.9999382817981942 neg:6.171820180590752E-5 
2205.txt neg neg:0.9766350995907002 pos:0.02336490040929978 
3010.txt pos neg:0.7356837471323548 pos:0.26431625286764504 
4168.txt pos neg:0.6317364120427114 pos:0.36826358795728864 
2459.txt neg pos:0.5801829696235408 neg:0.4198170303764592 
1785.txt neg neg:0.9981631115248742 pos:0.0018368884751258088 
2732.txt neg neg:0.9943042381514133 pos:0.005695761848586681 
3795.txt pos pos:0.998592106673682 neg:0.0014078933263179762 
403.txt pos pos:0.938141417416832 neg:0.06185858258316809 
3047.txt pos neg:0.5192009775291552 pos:0.4807990224708448 
3914.txt neg neg:0.9991786900801064 pos:8.213099198935057E-4 
1644.txt pos pos:0.9988645910061874 neg:0.0011354089938125137 
4102.txt neg neg:0.8892738321921401 pos:0.11072616780785982 
1374.txt pos neg:0.9066614317514187 pos:0.09333856824858126 
4305.txt pos pos:0.912952178183228 neg:0.08704782181677188 
3882.txt pos pos:0.9994993737308898 neg:5.006262691102861E-4 
4327.txt pos pos:0.9999999694661938 neg:3.053380613931968E-8 
1704.txt neg neg:0.9991367720162653 pos:8.632279837346787E-4 
2881.txt neg neg:0.5367220381331753 pos:0.4632779618668247 
1097.txt pos pos:0.9995339915989263 neg:4.660084010737659E-4 
2648.txt neg neg:0.9994446589672842 pos:5.553410327158185E-4 
2321.txt neg neg:0.9274434153566029 pos:0.07255658464339704 
3905.txt pos pos:0.7731659098236848 neg:0.22683409017631526 
1405.txt pos pos:0.915876479776708 neg:0.08412352022329188 
3157.txt neg neg:0.5474505049601951 pos:0.4525494950398049 
562.txt neg neg:0.9800013463204511 pos:0.01999865367954888 
919.txt neg pos:0.9961422894766868 neg:0.0038577105233130737 
910.txt neg pos:0.7226345090911117 neg:0.2773654909088882 
591.txt neg neg:0.9103469332419473 pos:0.0896530667580528 
2043.txt neg pos:0.9478574160342238 neg:0.05214258396577623 
984.txt pos pos:0.5312811758411785 neg:0.46871882415882155 
2176.txt pos pos:0.989910363514255 neg:0.010089636485745013 
3995.txt neg neg:0.9090707536410294 pos:0.09092924635897053 
3208.txt pos pos:0.9999722117386232 neg:2.778826137696935E-5 
3913.txt neg neg:0.9650584089831952 pos:0.03494159101680491 
2933.txt neg neg:0.9094420334968851 pos:0.09055796650311491 
3854.txt pos pos:0.7882619414953796 neg:0.21173805850462044 
853.txt pos neg:0.8724944592378557 pos:0.12750554076214435 
780.txt neg pos:0.6729210459203092 neg:0.3270789540796908 
4226.txt pos pos:0.9997976462285714 neg:2.0235377142851233E-4 
3505.txt pos pos:0.9975309757460592 neg:0.002469024253940842 
1982.txt pos neg:0.5644520232453507 pos:0.43554797675464924 
713.txt pos pos:0.9996910921495681 neg:3.089078504319605E-4 
2139.txt neg neg:0.9691177102928111 pos:0.03088228970718876 
1108.txt neg neg:0.9985454997062195 pos:0.0014545002937804026 
3386.txt pos pos:0.9867479832219244 neg:0.013252016778075686 
1351.txt pos pos:0.9489747607932393 neg:0.05102523920676072 
1365.txt neg neg:0.9990665891134348 pos:9.334108865650649E-4 
2523.txt neg neg:0.9320945620383116 pos:0.0679054379616884 
1504.txt pos pos:0.8089888146281801 neg:0.19101118537181996 
952.txt pos pos:0.999678582149035 neg:3.2141785096492846E-4 
1016.txt pos pos:0.9987782009840463 neg:0.0012217990159536889 
126.txt neg neg:0.9995064645475524 pos:4.935354524476092E-4 
756.txt neg pos:0.9413040619326878 neg:0.058695938067312145 
584.txt pos pos:0.9369954881208445 neg:0.06300451187915536 
2104.txt pos pos:0.971125441973134 neg:0.028874558026866073 
3080.txt neg neg:0.906737809177149 pos:0.09326219082285114 
337.txt neg neg:0.9913787144347199 pos:0.008621285565279998 
1241.txt neg neg:0.9860841565054863 pos:0.013915843494513696 
1767.txt pos pos:0.9770897413021821 neg:0.022910258697817872 
2283.txt neg neg:0.9523894430820963 pos:0.04761055691790377 
3415.txt neg neg:0.9983395168252882 pos:0.0016604831747118497 
2077.txt pos neg:0.8254666276107147 pos:0.17453337238928537 
4276.txt pos pos:0.9996679069591058 neg:3.320930408941955E-4 
261.txt neg pos:0.6146565472976806 neg:0.3853434527023194 
3482.txt pos neg:0.9414147005544886 pos:0.0585852994455114 
2951.txt neg neg:0.9844495602253459 pos:0.01555043977465401 
826.txt pos neg:0.6584605588401841 pos:0.3415394411598159 
133.txt pos neg:0.9611573700770655 pos:0.03884262992293464 
3871.txt pos pos:0.8197265068663543 neg:0.18027349313364585 
2070.txt pos pos:0.9858780129969694 neg:0.014121987003030691 
236.txt neg neg:0.9594215807205855 pos:0.04057841927941464 
146.txt pos pos:0.9728903765123252 neg:0.027109623487674765 
1046.txt pos pos:0.9999989147030058 neg:1.0852969941605122E-6 
2541.txt neg neg:0.9936584956784815 pos:0.006341504321518367 
2710.txt neg neg:0.9995399179132097 pos:4.600820867903147E-4 
3399.txt neg neg:0.9824009142953444 pos:0.017599085704655754 
1776.txt neg neg:0.9872502825596836 pos:0.012749717440316449 
3074.txt neg neg:0.9932844995506732 pos:0.00671550044932672 
3826.txt pos pos:0.9311528150972713 neg:0.06884718490272865 
983.txt pos pos:0.9997828552904734 neg:2.1714470952656286E-4 
1939.txt neg neg:0.9977687588216045 pos:0.0022312411783955146 
309.txt pos pos:0.8403792619566912 neg:0.15962073804330884 
2425.txt neg neg:0.9922588200483692 pos:0.00774117995163092 
75.txt pos neg:0.5333050190737552 pos:0.4666949809262449 
448.txt neg neg:0.9176737579097533 pos:0.08232624209024673 
1814.txt neg neg:0.9970887509269996 pos:0.002911249073000477 
3065.txt pos pos:0.6558416713583736 neg:0.3441583286416264 
1668.txt pos pos:0.9942919013923307 neg:0.005708098607669183 
3944.txt neg neg:0.9444288077776072 pos:0.055571192222392894 
2650.txt pos pos:0.7002604686560538 neg:0.29973953134394615 
2899.txt pos neg:0.9298742325281397 pos:0.07012576747186024 
672.txt neg neg:0.9644148109466093 pos:0.0355851890533906 
1466.txt neg neg:0.9339892704479654 pos:0.06601072955203466 
1594.txt neg neg:0.9853641390750264 pos:0.014635860924973614 
3301.txt neg neg:0.9994706491171071 pos:5.29350882892955E-4 
2354.txt neg pos:0.9066683677557393 neg:0.09333163224426065 
612.txt pos neg:0.7769409416596416 pos:0.22305905834035847 
4114.txt pos neg:0.5464200303997743 pos:0.4535799696002258 
4260.txt neg pos:0.9092267584101252 neg:0.0907732415898749 
998.txt neg neg:0.98583982512794 pos:0.014160174872059932 
1454.txt neg neg:0.9523888112791432 pos:0.047611188720856755 
1868.txt neg pos:0.8999417893227023 neg:0.10005821067729777 
50.txt neg neg:0.9587602280688612 pos:0.041239771931138855 
2641.txt neg neg:0.999890733280507 pos:1.0926671949289654E-4 
882.txt pos pos:0.6324313604428106 neg:0.36756863955718944 
2497.txt pos neg:0.9795180909670047 pos:0.02048190903299542 
223.txt pos pos:0.9990761343083947 neg:9.238656916053659E-4 
1257.txt pos neg:0.6571286086209709 pos:0.3428713913790292 
917.txt neg neg:0.9995920144248976 pos:4.079855751022682E-4 
4037.txt pos pos:0.99285041317915 neg:0.007149586820850085 
312.txt neg neg:0.9015769104396433 pos:0.09842308956035675 
2055.txt pos pos:0.9981420591239953 neg:0.0018579408760045896 
1602.txt neg neg:0.5594654775609343 pos:0.4405345224390656 
1041.txt pos pos:0.9999374256920393 neg:6.257430796075362E-5 
3341.txt neg neg:0.9786334119456808 pos:0.021366588054319385 
3894.txt neg neg:0.9937791374442759 pos:0.006220862555723965 
693.txt pos pos:0.9714453089979374 neg:0.028554691002062756 
1794.txt pos neg:0.9614288933777476 pos:0.03857110662225231 
657.txt neg neg:0.9375993545873778 pos:0.06240064541262223 
1358.txt pos pos:0.8614668551345174 neg:0.13853314486548257 
630.txt pos pos:0.9301106964629459 neg:0.069889303537054 
2244.txt pos pos:0.9763873548798072 neg:0.023612645120192736 
3098.txt pos pos:0.926944015481625 neg:0.07305598451837503 
1090.txt pos pos:0.9984215609743801 neg:0.0015784390256199034 
600.txt neg pos:0.8352754733336697 neg:0.16472452666633022 
3333.txt neg neg:0.991228831014879 pos:0.00877116898512102 
955.txt pos pos:0.7051130693111332 neg:0.29488693068886673 
Trial 0 Trainer MaxEntTrainer,gaussianPriorVariance=1.0 Training Data Confusion Matrix
Confusion Matrix, row=true, column=predicted  accuracy=1.0
  label   0   1  |total
  0 neg 900   .  |900
  1 pos   . 900  |900

Trial 0 Trainer MaxEntTrainer,gaussianPriorVariance=1.0 training data accuracy= 1.0
Trial 0 Trainer MaxEntTrainer,gaussianPriorVariance=1.0 Test Data Confusion Matrix
Confusion Matrix, row=true, column=predicted  accuracy=0.79
  label   0   1  |total
  0 neg  83  17  |100
  1 pos  25  75  |100

Trial 0 Trainer MaxEntTrainer,gaussianPriorVariance=1.0 test data accuracy= 0.79

MaxEntTrainer,gaussianPriorVariance=1.0
Summary. train accuracy mean = 1.0 stddev = 0.0 stderr = 0.0
Summary. test accuracy mean = 0.79 stddev = 0.0 stderr = 0.0
