
-------------------- Trial 0  --------------------

Trial 0 Training MaxEntTrainer,gaussianPriorVariance=1.0 with 1800 instances
Trial 0 Training MaxEntTrainer,gaussianPriorVariance=1.0 finished
Trial 0 Trainer MaxEntTrainer,gaussianPriorVariance=1.0
 Raw Testing Data
1236.txt pos pos:0.6149474688183985 neg:0.3850525311816015 
3781.txt pos neg:0.5794839718317728 pos:0.4205160281682272 
3026.txt pos pos:0.9485416954272957 neg:0.05145830457270421 
1773.txt pos pos:0.8285243806641805 neg:0.17147561933581945 
3835.txt pos pos:0.7100395722368081 neg:0.2899604277631919 
3447.txt pos neg:0.5467379356154006 pos:0.4532620643845995 
3496.txt pos pos:0.582470508041019 neg:0.4175294919589811 
709.txt pos pos:0.7371077304653488 neg:0.2628922695346511 
2110.txt pos pos:0.5562374987602348 neg:0.44376250123976524 
934.txt pos neg:0.6067412095326643 pos:0.3932587904673357 
486.txt pos neg:0.5507553472187564 pos:0.44924465278124365 
4373.txt pos neg:0.5328058487204461 pos:0.4671941512795539 
791.txt pos pos:0.7446794170636688 neg:0.2553205829363311 
1203.txt pos neg:0.8136436852784426 pos:0.18635631472155756 
1907.txt pos pos:0.9718562012456853 neg:0.028143798754314702 
3220.txt pos neg:0.5468410139801797 pos:0.45315898601982035 
2812.txt pos neg:0.6029797023768846 pos:0.39702029762311547 
1030.txt pos pos:0.5725491814693889 neg:0.42745081853061107 
2125.txt pos pos:0.642954932550435 neg:0.357045067449565 
1451.txt pos pos:0.5332936974824422 neg:0.46670630251755785 
3304.txt pos pos:0.7898751728219906 neg:0.21012482717800948 
2544.txt pos pos:0.8944382132420254 neg:0.10556178675797458 
1746.txt pos pos:0.5549566403109305 neg:0.44504335968906944 
112.txt pos pos:0.9734825227189525 neg:0.026517477281047353 
205.txt pos pos:0.7457498270340546 neg:0.25425017296594554 
1168.txt pos pos:0.5747090490613151 neg:0.42529095093868485 
3989.txt pos pos:0.8801783382637729 neg:0.11982166173622716 
4257.txt pos pos:0.9787113432942326 neg:0.0212886567057674 
1509.txt pos neg:0.5347497207523553 pos:0.46525027924764467 
4308.txt pos pos:0.7334761663356902 neg:0.2665238336643098 
3303.txt pos pos:0.9666684939483978 neg:0.0333315060516021 
3807.txt pos pos:0.6079992633395764 neg:0.3920007366604236 
1320.txt pos pos:0.5440627064058302 neg:0.45593729359416985 
574.txt pos neg:0.8541558172257685 pos:0.14584418277423136 
2869.txt pos pos:0.8047161613833133 neg:0.19528383861668677 
747.txt pos neg:0.7763206921540946 pos:0.22367930784590542 
4374.txt pos pos:0.999009906523555 neg:9.900934764449647E-4 
796.txt pos neg:0.8606426429262011 pos:0.1393573570737989 
169.txt pos pos:0.5952353614523069 neg:0.40476463854769307 
3580.txt pos pos:0.6499333168265615 neg:0.3500666831734384 
3227.txt pos neg:0.7202054758691854 pos:0.2797945241308146 
354.txt pos pos:0.5004303627250023 neg:0.4995696372749977 
1039.txt pos pos:0.9976480554566656 neg:0.002351944543334473 
422.txt pos neg:0.8176409077486165 pos:0.18235909225138353 
385.txt pos neg:0.7434381245629492 pos:0.2565618754370508 
53.txt pos neg:0.5484625113929418 pos:0.45153748860705817 
3951.txt pos neg:0.5485885199574981 pos:0.45141148004250187 
1617.txt pos pos:0.8974578890208921 neg:0.10254211097910801 
2074.txt pos neg:0.7371867176657317 pos:0.2628132823342682 
1045.txt pos pos:0.7609557473444717 neg:0.23904425265552826 
3710.txt pos pos:0.5117025314675967 neg:0.48829746853240324 
3371.txt pos neg:0.6095233592856167 pos:0.39047664071438326 
3407.txt pos pos:0.6282522383022816 neg:0.37174776169771845 
1352.txt pos pos:0.9974869982590545 neg:0.002513001740945437 
2181.txt pos neg:0.7405871853792794 pos:0.2594128146207207 
974.txt pos neg:0.5665381514019573 pos:0.4334618485980427 
611.txt pos neg:0.8788078880491316 pos:0.12119211195086849 
1093.txt pos pos:0.7212805677497358 neg:0.27871943225026413 
1734.txt pos pos:0.8801759147981842 neg:0.11982408520181574 
4132.txt pos pos:0.5998016698220154 neg:0.40019833017798456 
501.txt pos neg:0.6235297129815649 pos:0.3764702870184351 
973.txt pos pos:0.9294245250648199 neg:0.0705754749351801 
3589.txt pos pos:0.7347671182767717 neg:0.26523288172322834 
1909.txt pos neg:0.7889882348422042 pos:0.21101176515779577 
886.txt pos neg:0.7413178739355539 pos:0.2586821260644461 
732.txt pos pos:0.7110616697963241 neg:0.28893833020367593 
1329.txt pos pos:0.7719028799729877 neg:0.22809712002701224 
857.txt pos pos:0.8923284047018709 neg:0.10767159529812916 
3956.txt pos neg:0.702825633012469 pos:0.29717436698753097 
85.txt pos pos:0.9302461961411518 neg:0.06975380385884818 
266.txt pos neg:0.7697032351605316 pos:0.2302967648394683 
607.txt pos pos:0.506957714897051 neg:0.49304228510294906 
3549.txt pos neg:0.5658865308011926 pos:0.43411346919880744 
3185.txt pos neg:0.6650939298330096 pos:0.33490607016699026 
3996.txt pos pos:0.7038638128117491 neg:0.29613618718825085 
1260.txt pos neg:0.5476280358021821 pos:0.45237196419781783 
3292.txt pos neg:0.631888834190278 pos:0.3681111658097221 
45.txt pos pos:0.8313827630024677 neg:0.16861723699753228 
846.txt pos neg:0.6069161096820888 pos:0.39308389031791124 
342.txt pos pos:0.9603205567681818 neg:0.03967944323181821 
4310.txt pos pos:0.978375165048443 neg:0.02162483495155704 
2929.txt pos neg:0.5305737732885457 pos:0.46942622671145434 
2065.txt pos neg:0.8278277443222282 pos:0.1721722556777718 
93.txt pos neg:0.818114328081825 pos:0.18188567191817498 
2372.txt pos pos:0.5279673343317589 neg:0.4720326656682411 
3153.txt pos neg:0.565353187298746 pos:0.434646812701254 
394.txt pos pos:0.5513400785327701 neg:0.44865992146722994 
841.txt pos pos:0.6893548578798191 neg:0.31064514212018096 
433.txt pos pos:0.9039947121606259 neg:0.09600528783937412 
1028.txt pos neg:0.9283495028560935 pos:0.07165049714390653 
4317.txt pos neg:0.722156580859465 pos:0.2778434191405351 
724.txt pos neg:0.6272109078710176 pos:0.3727890921289824 
3659.txt pos neg:0.842956079227038 pos:0.15704392077296206 
3688.txt pos neg:0.6313518699529483 pos:0.36864813004705177 
3077.txt pos pos:0.7954821222030168 neg:0.20451787779698327 
2190.txt pos neg:0.7677177639117866 pos:0.23228223608821338 
2637.txt pos neg:0.5063548291904378 pos:0.4936451708095621 
2141.txt pos pos:0.6651618162097966 neg:0.3348381837902034 
3701.txt pos pos:0.5091772751389168 neg:0.49082272486108325 
1054.txt pos pos:0.8321815320170151 neg:0.16781846798298491 
1486.txt neg neg:0.6031093986048353 pos:0.3968906013951647 
3806.txt neg neg:0.6780598322532425 pos:0.32194016774675743 
2655.txt neg neg:0.5309499961502284 pos:0.4690500038497717 
402.txt neg neg:0.5636176645534805 pos:0.4363823354465195 
4190.txt neg pos:0.5210201031317471 neg:0.47897989686825293 
3801.txt neg neg:0.740031547691318 pos:0.2599684523086821 
3473.txt neg neg:0.6564864503663346 pos:0.3435135496336654 
1747.txt neg neg:0.9029589224736683 pos:0.09704107752633179 
2683.txt neg pos:0.6105764397311333 neg:0.38942356026886676 
2937.txt neg neg:0.7343456546970126 pos:0.26565434530298737 
521.txt neg neg:0.6022307090351595 pos:0.3977692909648405 
1115.txt neg neg:0.700891188451546 pos:0.299108811548454 
2813.txt neg neg:0.5339454348890985 pos:0.46605456511090143 
1202.txt neg neg:0.8420991369065057 pos:0.15790086309349421 
3691.txt neg neg:0.8744371222594981 pos:0.125562877740502 
2158.txt neg neg:0.5608085741541815 pos:0.4391914258458185 
3718.txt neg neg:0.550635087938622 pos:0.449364912061378 
61.txt neg neg:0.9713535526771061 pos:0.0286464473228938 
2539.txt neg neg:0.8943993069160974 pos:0.10560069308390263 
109.txt neg pos:0.6105080855366936 neg:0.38949191446330644 
568.txt neg pos:0.9720143514743602 neg:0.027985648525639898 
3497.txt neg pos:0.5095685967544527 neg:0.49043140324554735 
2902.txt neg neg:0.6227434506866413 pos:0.3772565493133588 
1817.txt neg neg:0.9188656432691379 pos:0.08113435673086206 
842.txt neg pos:0.7097376318327252 neg:0.29026236816727474 
397.txt neg neg:0.990881282828786 pos:0.009118717171213979 
727.txt neg pos:0.7033596692701589 neg:0.2966403307298411 
2206.txt neg neg:0.6802635017477806 pos:0.3197364982522193 
4108.txt neg pos:0.8448795587065856 neg:0.15512044129341435 
1656.txt neg neg:0.5872055347769906 pos:0.41279446522300955 
262.txt neg neg:0.5000726120548917 pos:0.4999273879451083 
1237.txt neg neg:0.5108140849879735 pos:0.4891859150120265 
1541.txt neg neg:0.953288195380317 pos:0.04671180461968309 
2035.txt neg neg:0.9660458602641852 pos:0.03395413973581484 
54.txt neg pos:0.5924839561703255 neg:0.4075160438296745 
4081.txt neg neg:0.779346782505452 pos:0.22065321749454805 
2744.txt neg neg:0.6373163817475811 pos:0.36268361825241896 
1230.txt neg pos:0.8284469423880401 neg:0.17155305761195985 
1597.txt neg pos:0.5687905062125044 neg:0.4312094937874957 
604.txt neg pos:0.9485265428180027 neg:0.05147345718199714 
3917.txt neg neg:0.5554491777606982 pos:0.44455082223930176 
4218.txt neg pos:0.7322143524698391 neg:0.26778564753016093 
1546.txt neg neg:0.7454454198421158 pos:0.2545545801578842 
3672.txt neg pos:0.7152380107783867 neg:0.2847619892216133 
961.txt neg neg:0.5802187456226642 pos:0.4197812543773358 
1368.txt neg neg:0.7456323823785524 pos:0.25436761762144766 
3519.txt neg neg:0.5212663499340408 pos:0.4787336500659593 
1948.txt neg neg:0.5809868730678879 pos:0.4190131269321121 
3337.txt neg neg:0.9049081856254457 pos:0.09509181437455423 
1810.txt neg neg:0.7779785985926482 pos:0.2220214014073518 
1462.txt neg pos:0.5137242460161787 neg:0.4862757539838213 
437.txt neg neg:0.6959031353495724 pos:0.30409686465042757 
2660.txt neg neg:0.8061150399127328 pos:0.19388496008726724 
4216.txt neg neg:0.588722172181773 pos:0.411277827818227 
1129.txt neg pos:0.796962991577132 neg:0.203037008422868 
783.txt neg neg:0.5107333373279674 pos:0.4892666626720325 
3724.txt neg pos:0.6465423111298667 neg:0.3534576888701334 
4088.txt neg neg:0.7111388856228439 pos:0.28886111437715617 
494.txt neg neg:0.9129539602812065 pos:0.08704603971879364 
1184.txt neg neg:0.5588693285470457 pos:0.4411306714529543 
1623.txt neg neg:0.6416389160136527 pos:0.35836108398634714 
217.txt neg neg:0.6459622456277043 pos:0.35403775437229557 
2091.txt neg neg:0.9036422456962571 pos:0.09635775430374284 
2853.txt neg pos:0.591661811136223 neg:0.40833818886377704 
1534.txt neg pos:0.5553167281508302 neg:0.44468327184916984 
913.txt neg pos:0.6372531322361457 neg:0.36274686776385434 
1155.txt neg neg:0.760179226435677 pos:0.23982077356432294 
2118.txt neg pos:0.5139522416491475 neg:0.48604775835085257 
4025.txt neg pos:0.614463332797581 neg:0.3855366672024189 
6.txt neg neg:0.7808257534056317 pos:0.21917424659436838 
2096.txt neg neg:0.7368508850156603 pos:0.2631491149843396 
2885.txt neg neg:0.5809800966468336 pos:0.41901990335316636 
2426.txt neg neg:0.5230443639155765 pos:0.4769556360844235 
3266.txt neg neg:0.6350228514762286 pos:0.3649771485237714 
107.txt neg neg:0.9426442983133089 pos:0.05735570168669115 
566.txt neg pos:0.7626013516540543 neg:0.23739864834594565 
1819.txt neg neg:0.6445883413202818 pos:0.35541165867971825 
399.txt neg pos:0.6134027199588031 neg:0.38659728004119687 
348.txt neg neg:0.6396437012722799 pos:0.36035629872772007 
2502.txt neg neg:0.7401389203515953 pos:0.2598610796484046 
3723.txt neg neg:0.555756890925748 pos:0.44424310907425196 
3084.txt neg pos:0.7739052985924982 neg:0.2260947014075017 
493.txt neg neg:0.9538345864413891 pos:0.04616541355861095 
1361.txt neg neg:0.8206946383554861 pos:0.17930536164451397 
3846.txt neg pos:0.6385169899911707 neg:0.3614830100088293 
2274.txt neg neg:0.5948140089884149 pos:0.4051859910115852 
4033.txt neg neg:0.7106174343700457 pos:0.28938256562995424 
2678.txt neg pos:0.6940460834300805 neg:0.30595391656991944 
3459.txt neg neg:0.8264427768031068 pos:0.17355722319689318 
1808.txt neg pos:0.8861161682595001 neg:0.11388383174049992 
388.txt neg pos:0.9459122580458647 neg:0.054087741954135356 
2437.txt neg neg:0.5853316764624956 pos:0.4146683235375045 
3277.txt neg pos:0.5154666768761972 neg:0.48453332312380293 
905.txt neg neg:0.6786947529053502 pos:0.32130524709464975 
577.txt neg neg:0.7936068749472762 pos:0.20639312505272386 
660.txt neg neg:0.6661863052362313 pos:0.3338136947637687 
2604.txt neg neg:0.7029910840617728 pos:0.2970089159382272 
482.txt neg neg:0.773878696950032 pos:0.22612130304996805 
3382.txt neg neg:0.8307498922659482 pos:0.1692501077340518 
1370.txt neg neg:0.7071079597908928 pos:0.29289204020910725 
Trial 0 Trainer MaxEntTrainer,gaussianPriorVariance=1.0 Training Data Confusion Matrix
Confusion Matrix, row=true, column=predicted  accuracy=0.8622222222222222
  label   0   1  |total
  0 pos 749 151  |900
  1 neg  97 803  |900

Trial 0 Trainer MaxEntTrainer,gaussianPriorVariance=1.0 training data accuracy= 0.8622222222222222
Trial 0 Trainer MaxEntTrainer,gaussianPriorVariance=1.0 Test Data Confusion Matrix
Confusion Matrix, row=true, column=predicted  accuracy=0.635
  label   0   1  |total
  0 pos  57  43  |100
  1 neg  30  70  |100

Trial 0 Trainer MaxEntTrainer,gaussianPriorVariance=1.0 test data accuracy= 0.635

MaxEntTrainer,gaussianPriorVariance=1.0
Summary. train accuracy mean = 0.8622222222222222 stddev = 0.0 stderr = 0.0
Summary. test accuracy mean = 0.635 stddev = 0.0 stderr = 0.0
