
-------------------- Trial 0  --------------------

Trial 0 Training NaiveBayesTrainer with 1800 instances
Trial 0 Training NaiveBayesTrainer finished
Trial 0 Trainer NaiveBayesTrainer
 Raw Testing Data
1274.txt pos pos:1.0 neg:9.921427931430428E-29 
398.txt pos pos:0.9998481884182335 neg:1.5181158176650976E-4 
40.txt pos neg:0.9765446169081489 pos:0.02345538309185123 
3180.txt pos neg:0.9999998269253729 pos:1.730746271055997E-7 
3829.txt neg neg:0.9999893010487547 pos:1.0698951245230307E-5 
2765.txt neg neg:0.9999999798034549 pos:2.0196545105527278E-8 
3704.txt pos pos:0.990593314822885 neg:0.009406685177115025 
1051.txt pos pos:0.9999187854270513 neg:8.12145729487824E-5 
1920.txt neg pos:0.9994415037126699 neg:5.584962873299666E-4 
824.txt neg neg:0.9999972244227431 pos:2.775577256820083E-6 
3405.txt pos neg:0.7514325261268928 pos:0.24856747387310715 
1211.txt neg neg:0.9999999743455872 pos:2.5654412829117365E-8 
3904.txt neg neg:0.9977875994238687 pos:0.0022124005761311447 
3512.txt neg neg:0.9003258801971264 pos:0.0996741198028735 
4202.txt neg neg:0.9999999999996891 pos:3.1078649105819553E-13 
2533.txt pos pos:0.9999999897025805 neg:1.0297419387122789E-8 
355.txt neg neg:0.9999990400578067 pos:9.59942193212193E-7 
2267.txt neg neg:0.5922862269216684 pos:0.4077137730783316 
114.txt neg neg:0.9999999999938587 pos:6.141358650712256E-12 
2067.txt pos pos:0.9999927728728186 neg:7.227127181395038E-6 
3813.txt pos pos:0.9999945995912188 neg:5.400408781091727E-6 
4312.txt pos pos:1.0 neg:2.1438568026943094E-17 
2873.txt pos pos:0.9999999999999969 neg:3.166322887711869E-15 
1493.txt pos pos:1.0 neg:3.8627067778023584E-18 
797.txt neg neg:0.9999994140413347 pos:5.859586652145908E-7 
2143.txt pos neg:0.9838401277555634 pos:0.016159872244436595 
1478.txt neg neg:0.999997851928052 pos:2.1480719479984733E-6 
347.txt pos neg:0.9999996283496868 pos:3.716503132243562E-7 
1058.txt pos pos:0.9999999999999947 neg:5.384019150168949E-15 
215.txt neg neg:0.9999999998678799 pos:1.3212004887450261E-10 
2166.txt neg neg:0.9982958243309207 pos:0.0017041756690792155 
2847.txt neg neg:0.9999278207192106 pos:7.217928078938046E-5 
2406.txt pos neg:0.9996733722807529 pos:3.266277192469723E-4 
427.txt pos neg:0.9999998482211415 pos:1.5177885841344958E-7 
1219.txt pos neg:0.7273474124119178 pos:0.27265258758808214 
967.txt pos pos:1.0 neg:9.841495448838479E-20 
1529.txt neg neg:0.999999999608725 pos:3.9127508315769465E-10 
264.txt pos pos:0.6257685733783603 neg:0.3742314266216398 
2094.txt neg neg:0.999999999959795 pos:4.020496146639796E-11 
2045.txt neg neg:0.99998241934881 pos:1.7580651189978975E-5 
2808.txt pos pos:0.9318378254233868 neg:0.06816217457661317 
3359.txt pos pos:0.9999999643267471 neg:3.567325280009664E-8 
608.txt neg neg:0.9999999976905485 pos:2.309451437307573E-9 
1912.txt neg neg:0.9966188055551328 pos:0.003381194444867054 
3571.txt neg neg:0.9986250756525276 pos:0.001374924347472554 
1561.txt pos pos:0.8147493598394564 neg:0.18525064016054354 
2586.txt pos pos:0.9999999001330031 neg:9.986699684045153E-8 
742.txt pos pos:0.9999999999991178 neg:8.82196163750919E-13 
1878.txt neg neg:0.9365780169433431 pos:0.06342198305665699 
1216.txt neg pos:0.6456678030447638 neg:0.3543321969552361 
271.txt neg neg:0.9999990290875863 pos:9.709124137850383E-7 
1713.txt neg neg:0.9999896716762948 pos:1.0328323705096606E-5 
1677.txt neg neg:0.8972525353572053 pos:0.10274746464279483 
4182.txt pos pos:0.9999999365700709 neg:6.342992906776833E-8 
781.txt neg pos:0.9999999997998827 neg:2.0011718617883973E-10 
1307.txt neg neg:0.9941290979399645 pos:0.005870902060035489 
741.txt neg neg:0.9999999998438838 pos:1.5611620523633876E-10 
3007.txt pos pos:0.9999999998697293 neg:1.3027071234633187E-10 
1876.txt neg neg:0.9999997867618322 pos:2.1323816780503935E-7 
2581.txt pos pos:0.7070194312524497 neg:0.29298056874755024 
3420.txt neg neg:0.9999986669977213 pos:1.333002278782642E-6 
1421.txt pos pos:1.0 neg:6.287541139772887E-20 
203.txt neg neg:0.9999999999919036 pos:8.096339106284482E-12 
1251.txt neg neg:0.9994886457041824 pos:5.113542958176651E-4 
272.txt pos pos:0.9999998943012031 neg:1.0569879698401751E-7 
2304.txt neg neg:1.0 pos:2.1615386425992017E-31 
1065.txt neg neg:0.9999995419565246 pos:4.580434754321709E-7 
1514.txt pos pos:0.9999999999690556 neg:3.0944283600152547E-11 
1584.txt neg pos:0.9999999999973923 neg:2.6077241497959086E-12 
3982.txt pos pos:0.9999997569584671 neg:2.4304153278421337E-7 
1552.txt neg neg:0.9999900036213109 pos:9.99637868910153E-6 
706.txt neg neg:0.9999978831938612 pos:2.116806138886968E-6 
4185.txt pos pos:0.8902157953519155 neg:0.10978420464808442 
2212.txt neg pos:0.9998682713191571 neg:1.3172868084278556E-4 
4154.txt pos pos:0.9999999947571012 neg:5.242898721734907E-9 
101.txt pos neg:0.9999994368819725 pos:5.63118027474635E-7 
1983.txt neg pos:0.9999998579217657 neg:1.420782342351099E-7 
947.txt neg neg:0.9999999999492339 pos:5.076610646216484E-11 
3373.txt pos pos:1.0 neg:7.494010183119275E-17 
1731.txt pos pos:0.9999999999999996 neg:4.126137616123497E-16 
3554.txt pos pos:0.5291805245757859 neg:0.47081947542421404 
1172.txt pos pos:0.5025471597138738 neg:0.4974528402861262 
677.txt pos pos:0.9999999999999833 neg:1.6673390629816334E-14 
1568.txt pos pos:1.0 neg:5.563229551468736E-20 
2946.txt pos pos:0.9999992107401584 neg:7.892598415035359E-7 
2331.txt neg pos:0.7465644519615368 neg:0.2534355480384632 
844.txt pos pos:0.6547712216269707 neg:0.34522877837302945 
3018.txt pos pos:0.9994105252012391 neg:5.894747987608898E-4 
2305.txt pos pos:0.9999960776299455 neg:3.922370054547344E-6 
659.txt neg neg:0.9999999881829987 pos:1.1817001239928033E-8 
3188.txt neg neg:0.9999999859442059 pos:1.4055794192740672E-8 
2409.txt neg neg:0.9999998917435506 pos:1.082564493892876E-7 
2909.txt neg neg:0.99999999963278 pos:3.672200905189197E-10 
91.txt neg pos:0.985325703203022 neg:0.01467429679697784 
51.txt pos pos:1.0 neg:1.370209393770789E-29 
3953.txt pos pos:0.9999661458365801 neg:3.3854163419974484E-5 
3730.txt neg neg:0.9950819820021403 pos:0.004918017997859722 
2950.txt pos neg:0.999959210255834 pos:4.07897441661013E-5 
1554.txt pos pos:0.744844083552324 neg:0.25515591644767593 
276.txt neg neg:0.9999986984523694 pos:1.3015476305889356E-6 
674.txt neg neg:0.9999999939438109 pos:6.05618905406922E-9 
2377.txt pos pos:0.9999813025391188 neg:1.869746088130162E-5 
2491.txt neg pos:0.9972977300992611 neg:0.002702269900738863 
1148.txt neg neg:0.6983994857317116 pos:0.30160051426828843 
898.txt neg neg:0.9998921283384985 pos:1.0787166150152407E-4 
396.txt pos neg:0.9968800904700614 pos:0.0031199095299386435 
3263.txt neg neg:0.9999999999984468 pos:1.5531952229328098E-12 
3684.txt pos pos:0.99999999988894 neg:1.1106007885793354E-10 
2129.txt pos pos:0.9999999999972728 neg:2.7270680378985376E-12 
2916.txt neg neg:0.9999807378961153 pos:1.9262103884750235E-5 
1630.txt neg neg:0.999163620791017 pos:8.363792089829795E-4 
1208.txt pos pos:0.9991372808447122 neg:8.627191552877402E-4 
2179.txt neg pos:0.9999960324759615 neg:3.967524038587394E-6 
476.txt pos neg:0.9999686375523996 pos:3.136244760036197E-5 
323.txt pos neg:0.9999051298677187 pos:9.487013228117086E-5 
4352.txt pos neg:0.999999999652649 pos:3.473510159663709E-10 
263.txt pos pos:0.9999379469606621 neg:6.205303933789668E-5 
98.txt neg neg:0.9999986557852828 pos:1.3442147171190506E-6 
3569.txt neg neg:0.8391576705661821 pos:0.1608423294338178 
2028.txt neg neg:0.9999665555144892 pos:3.344448551067707E-5 
444.txt pos neg:0.8101604672578352 pos:0.18983953274216472 
1403.txt neg neg:0.9999999992074389 pos:7.925610926200256E-10 
2898.txt neg neg:0.9880571254357727 pos:0.011942874564227214 
2734.txt neg neg:0.9999999999999807 pos:1.9219546672818714E-14 
2658.txt pos pos:0.9999997083265608 neg:2.916734391837273E-7 
492.txt pos neg:0.9999999479922044 pos:5.200779565045266E-8 
3200.txt neg neg:0.9999899768476058 pos:1.0023152394194676E-5 
1109.txt pos pos:0.9968604033610313 neg:0.003139596638968769 
1088.txt neg neg:0.9556713208163746 pos:0.04432867918362543 
625.txt neg pos:0.9918480672796085 neg:0.008151932720391488 
3745.txt neg neg:0.999999999922728 pos:7.727199375956069E-11 
4227.txt pos pos:0.9999999999979974 neg:2.002523477992865E-12 
1671.txt pos pos:1.0 neg:1.0006339461295646E-19 
1720.txt pos pos:0.9999999984938528 neg:1.50614720482343E-9 
972.txt neg neg:0.9999999999983571 pos:1.6429045306277039E-12 
3576.txt neg neg:0.9797099202078892 pos:0.02029007979211092 
1442.txt pos pos:0.9999938328312468 neg:6.167168753193014E-6 
1010.txt neg neg:0.9999999742168066 pos:2.5783193452602065E-8 
2472.txt neg pos:0.9943817563890817 neg:0.005618243610918308 
3928.txt pos pos:0.9999866182393058 neg:1.3381760694098377E-5 
1728.txt neg neg:0.9998331698609032 pos:1.6683013909672277E-4 
2352.txt neg neg:0.999998573533079 pos:1.426466920962107E-6 
1265.txt pos pos:0.9999999950381493 neg:4.9618507154599606E-9 
1660.txt pos pos:0.9063611656218961 neg:0.09363883437810404 
211.txt pos neg:0.9519844946301835 pos:0.04801550536981642 
495.txt pos neg:0.9999999939465336 pos:6.053466318686322E-9 
3374.txt pos neg:0.9999963133771449 pos:3.6866228551225775E-6 
2757.txt neg neg:0.9999999702375681 pos:2.9762431962665498E-8 
2242.txt pos pos:1.0 neg:4.003591636610643E-20 
2958.txt neg neg:0.9999999999999973 pos:2.570763710010022E-15 
610.txt neg pos:0.8701130683768098 neg:0.12988693162319012 
49.txt neg neg:0.7673805867581487 pos:0.23261941324185123 
455.txt pos neg:0.5074204825045155 pos:0.4925795174954845 
909.txt neg neg:0.9402273893777093 pos:0.0597726106222907 
3468.txt pos neg:0.9999616075861015 pos:3.839241389845947E-5 
1445.txt pos pos:0.9999823907693702 neg:1.7609230629789172E-5 
4079.txt pos pos:0.9999999999999825 neg:1.7480027640311805E-14 
1224.txt neg neg:0.9999993827855592 pos:6.172144407254689E-7 
1520.txt neg neg:0.9999999992303359 pos:7.696641894050415E-10 
2750.txt neg pos:0.5877856987502534 neg:0.41221430124974656 
2282.txt pos pos:0.9959957906626155 neg:0.004004209337384481 
209.txt pos neg:0.9998210731658059 pos:1.7892683419398167E-4 
3742.txt neg neg:0.9999999999904594 pos:9.540536535376455E-12 
2632.txt pos neg:0.9999173040290155 pos:8.269597098455274E-5 
1141.txt neg pos:0.9935443250425215 neg:0.0064556749574783065 
3380.txt neg neg:0.99999999688918 pos:3.1108199604762844E-9 
4353.txt neg neg:0.7937176876206314 pos:0.20628231237936867 
96.txt pos pos:0.998989124237445 neg:0.0010108757625549509 
2674.txt neg neg:0.9999999167105862 pos:8.328941375456587E-8 
3793.txt neg neg:0.9999999999984825 pos:1.5173757740035528E-12 
3543.txt neg neg:0.9999996021427355 pos:3.9785726442768845E-7 
4279.txt neg neg:0.9999999999999967 pos:3.269679948708844E-15 
1804.txt neg neg:0.6345604632711246 pos:0.36543953672887536 
2623.txt pos pos:0.998333849660601 neg:0.0016661503393989635 
3413.txt pos pos:0.9999999999999947 neg:5.343918856688662E-15 
1643.txt pos pos:0.9858287027568753 neg:0.014171297243124667 
2423.txt neg neg:0.9999999999824472 pos:1.755277647375395E-11 
1927.txt neg neg:0.9999999968357907 pos:3.1642093101704217E-9 
1752.txt pos pos:0.9999930118640413 neg:6.988135958565141E-6 
679.txt pos pos:0.9999999995613735 neg:4.3862636582312433E-10 
880.txt neg neg:0.9889116844025939 pos:0.011088315597406079 
3993.txt pos pos:0.9999999999999096 neg:9.04323530659377E-14 
2401.txt pos pos:0.9999413924872712 neg:5.860751272875843E-5 
827.txt pos pos:0.9999999999985039 neg:1.4962408295765286E-12 
4027.txt neg neg:1.0 pos:1.1763876429951384E-19 
456.txt neg neg:0.9936265409659888 pos:0.00637345903401115 
4153.txt pos pos:0.9999999999999614 neg:3.8547852482952327E-14 
387.txt pos pos:0.9999998012005165 neg:1.9879948350669655E-7 
2557.txt pos pos:0.9999999996526383 neg:3.4736179106793297E-10 
793.txt pos pos:1.0 neg:7.606542146482151E-21 
1334.txt pos pos:0.9999999995876361 neg:4.1236389908019637E-10 
1471.txt neg neg:0.9999999983984311 pos:1.6015689284876418E-9 
1019.txt neg neg:0.9999985115808371 pos:1.4884191628657029E-6 
602.txt pos neg:0.9940147378327776 pos:0.00598526216722224 
1669.txt pos neg:0.5168854477678407 pos:0.4831145522321594 
1779.txt neg neg:0.9997671930583181 pos:2.3280694168198262E-4 
275.txt pos pos:0.9843531326620248 neg:0.01564686733797521 
1566.txt pos pos:0.9999932492134099 neg:6.750786590145904E-6 
3892.txt neg neg:0.999999999567988 pos:4.3201200706843443E-10 
2015.txt pos pos:0.9999387174708303 neg:6.128252916965306E-5 
Trial 0 Trainer NaiveBayesTrainer Training Data Confusion Matrix
Confusion Matrix, row=true, column=predicted  accuracy=0.9538888888888889
  label   0   1  |total
  0 neg 883  17  |900
  1 pos  66 834  |900

Trial 0 Trainer NaiveBayesTrainer training data accuracy= 0.9538888888888889
Trial 0 Trainer NaiveBayesTrainer Test Data Confusion Matrix
Confusion Matrix, row=true, column=predicted  accuracy=0.8
  label   0   1  |total
  0 neg  85  15  |100
  1 pos  25  75  |100

Trial 0 Trainer NaiveBayesTrainer test data accuracy= 0.8

NaiveBayesTrainer
Summary. train accuracy mean = 0.9538888888888889 stddev = 0.0 stderr = 0.0
Summary. test accuracy mean = 0.8 stddev = 0.0 stderr = 0.0
