
-------------------- Trial 0  --------------------

Trial 0 Training NaiveBayesTrainer with 1800 instances
Trial 0 Training NaiveBayesTrainer finished
Trial 0 Trainer NaiveBayesTrainer
 Raw Testing Data
2462.txt pos neg:0.6198077957494198 pos:0.3801922042505802 
2934.txt pos neg:0.5320617138598468 pos:0.4679382861401531 
1032.txt pos pos:0.8488084879093357 neg:0.1511915120906643 
2651.txt pos neg:0.6479451816230722 pos:0.3520548183769277 
3802.txt pos neg:0.6813924880175048 pos:0.3186075119824952 
1482.txt pos pos:0.9970691322240643 neg:0.0029308677759356987 
1325.txt pos pos:0.9999999992066786 neg:7.933214780569518E-10 
4284.txt pos pos:0.6259599713484462 neg:0.37404002865155384 
1979.txt pos neg:0.7460471305821047 pos:0.25395286941789524 
4193.txt pos neg:0.6073460544253364 pos:0.39265394557466365 
1826.txt pos neg:0.7497337490425656 pos:0.2502662509574343 
1035.txt pos pos:0.8222758243663781 neg:0.1777241756336218 
2590.txt pos neg:0.5599322460468206 pos:0.44006775395317943 
1322.txt pos neg:0.6604393589265292 pos:0.3395606410734709 
3259.txt pos neg:0.8417908777184672 pos:0.15820912228153283 
200.txt pos neg:0.7668808424406214 pos:0.2331191575593786 
3638.txt pos neg:0.7134889505420383 pos:0.2865110494579618 
1428.txt pos neg:0.9798120098524365 pos:0.02018799014756346 
3132.txt pos neg:0.6864727566806782 pos:0.3135272433193219 
2772.txt pos neg:0.6943782753087694 pos:0.30562172469123067 
3225.txt pos neg:0.5648213692418059 pos:0.435178630758194 
1317.txt pos neg:0.5392885678808829 pos:0.46071143211911714 
1461.txt pos neg:0.7687635435796769 pos:0.2312364564203231 
2906.txt pos neg:0.6470029863183856 pos:0.35299701368161446 
2574.txt pos neg:0.6855365621085393 pos:0.3144634378914607 
4170.txt pos pos:0.6009229721850254 neg:0.3990770278149746 
931.txt pos pos:0.9954355395496013 neg:0.004564460450398746 
311.txt pos neg:0.921754665586937 pos:0.07824533441306307 
3729.txt pos neg:0.8714671554188267 pos:0.12853284458117328 
4343.txt pos neg:0.9749118918854177 pos:0.025088108114582383 
1683.txt pos pos:0.5770596751111572 neg:0.4229403248888428 
1937.txt pos neg:0.9798474072744165 pos:0.02015259272558339 
1545.txt pos neg:0.5647121381682304 pos:0.4352878618317696 
2450.txt pos pos:0.9816246468306666 neg:0.018375353169333322 
3566.txt pos pos:0.5230498066704522 neg:0.47695019332954786 
3107.txt pos neg:0.7774377684792861 pos:0.22256223152071383 
3439.txt pos pos:0.5648806399196742 neg:0.43511936008032587 
4344.txt pos pos:0.7623115541268736 neg:0.23768844587312635 
1684.txt pos neg:0.7038127271935938 pos:0.2961872728064063 
3676.txt pos pos:0.9828437428797134 neg:0.017156257120286584 
1542.txt pos neg:0.6122147650584916 pos:0.3877852349415084 
2825.txt pos neg:0.7034662832456244 pos:0.2965337167543757 
1234.txt pos neg:0.6693663636658365 pos:0.3306336363341636 
2740.txt pos neg:0.7980084411214919 pos:0.20199155887850806 
3837.txt pos neg:0.7874202640479471 pos:0.21257973595205298 
2664.txt pos neg:0.758273639875395 pos:0.24172636012460513 
1771.txt pos neg:0.9407895143117226 pos:0.05921048568827741 
1007.txt pos neg:0.7816589813712835 pos:0.21834101862871655 
2112.txt pos neg:0.6123620604406543 pos:0.3876379395593456 
595.txt pos pos:0.8069102174994629 neg:0.193089782500537 
1248.txt pos pos:0.8058493259546783 neg:0.19415067404532171 
682.txt pos pos:0.5111692362457819 neg:0.4888307637542181 
4177.txt pos neg:0.8161786989595095 pos:0.18382130104049058 
936.txt pos pos:0.5314220012427436 neg:0.4685779987572563 
1703.txt pos neg:0.7843144824743492 pos:0.2156855175256508 
2160.txt pos pos:0.6498436846935154 neg:0.3501563153064845 
318.txt pos pos:0.9640371053622897 neg:0.03596289463771032 
3720.txt pos neg:0.5422778796716005 pos:0.45772212032839954 
1866.txt pos neg:0.642582234290478 pos:0.35741776570952205 
3678.txt pos neg:0.8384246577948432 pos:0.16157534220515687 
186.txt pos neg:0.6413770119476019 pos:0.3586229880523981 
4212.txt pos pos:0.8057813656515747 neg:0.19421863434842535 
157.txt pos neg:0.8726981585379873 pos:0.1273018414620128 
4105.txt pos pos:0.7163471932816157 neg:0.28365280671838433 
536.txt pos neg:0.6271801700566914 pos:0.37281982994330864 
364.txt pos neg:0.5364170352923858 pos:0.4635829647076141 
2044.txt pos pos:0.5862983799725875 neg:0.41370162002741245 
2382.txt pos neg:0.5733520651005074 pos:0.4266479348994926 
1246.txt pos neg:0.5302300082242694 pos:0.46976999177573064 
938.txt pos pos:0.620652993494933 neg:0.3793470065050671 
4179.txt pos pos:0.8934987688440971 neg:0.106501231155903 
1627.txt pos pos:0.9994151079063391 neg:5.848920936608387E-4 
4026.txt pos neg:0.9032290061963918 pos:0.09677099380360822 
867.txt pos neg:0.6722556393206669 pos:0.32774436067933305 
1290.txt pos neg:0.6211563874242836 pos:0.3788436125757163 
2850.txt pos neg:0.8025786858347062 pos:0.19742131416529382 
3262.txt pos neg:0.8894044536590622 pos:0.11059554634093771 
3514.txt pos neg:0.8600780344371025 pos:0.13992196556289757 
3175.txt pos pos:0.7702348497236968 neg:0.22976515027630323 
1187.txt pos pos:0.9533729877631489 neg:0.04662701223685112 
2611.txt pos pos:0.81638307440506 neg:0.1836169255949401 
1072.txt pos neg:0.6797035532568275 pos:0.32029644674317254 
2974.txt pos pos:0.8858423862798166 neg:0.1141576137201834 
4215.txt pos neg:0.9116661167665875 pos:0.08833388323341251 
150.txt pos pos:0.8970304964290826 neg:0.10296950357091753 
531.txt pos pos:0.9699426041079494 neg:0.03005739589205061 
3716.txt pos neg:0.5618799341051609 pos:0.4381200658948391 
2156.txt pos neg:0.6989405606168413 pos:0.3010594393831588 
3873.txt pos pos:0.9263303127416335 neg:0.07366968725836642 
3401.txt pos pos:0.9595468248368014 neg:0.0404531751631985 
2620.txt pos neg:0.9393532413284535 pos:0.06064675867154659 
2187.txt pos neg:0.8850280176762843 pos:0.11497198232371572 
161.txt pos pos:0.8209464722253225 neg:0.17905352777467748 
1328.txt pos pos:0.5374893365084934 neg:0.46251066349150655 
4289.txt pos neg:0.658259207086557 pos:0.34174079291344295 
1270.txt pos neg:0.7768920569739685 pos:0.22310794302603154 
3282.txt pos pos:0.6992770244875091 neg:0.300722975512491 
2365.txt pos neg:0.7283798965753298 pos:0.27162010342467013 
3632.txt pos pos:0.7504316548368888 neg:0.24956834516311127 
3195.txt pos pos:0.7659273444792988 neg:0.2340726555207012 
1150.txt neg neg:0.9691959301022374 pos:0.030804069897762576 
2424.txt neg neg:0.9789882615218708 pos:0.02101173847812933 
105.txt neg neg:0.8113343009048146 pos:0.1886656990951853 
1469.txt neg neg:0.9881247951060249 pos:0.011875204893974997 
2039.txt neg neg:0.8741906265960404 pos:0.12580937340395965 
179.txt neg neg:0.8952109838375684 pos:0.1047890161624317 
1074.txt neg neg:0.7510111846352496 pos:0.24898881536475034 
2972.txt neg pos:0.783071614165263 neg:0.216928385834737 
1363.txt neg neg:0.8678060745786912 pos:0.1321939254213088 
3436.txt neg neg:0.9700163069704215 pos:0.029983693029578453 
3391.txt neg neg:0.6771243944484812 pos:0.32287560555151884 
3057.txt neg neg:0.6474937982934941 pos:0.35250620170650593 
2889.txt neg neg:0.7923868581240298 pos:0.2076131418759703 
4261.txt neg neg:0.6151943316748395 pos:0.38480566832516055 
3753.txt neg neg:0.613867835090551 pos:0.38613216490944896 
395.txt neg neg:0.6116718370017855 pos:0.3883281629982145 
840.txt neg neg:0.8679710534013508 pos:0.13202894659864922 
3332.txt neg pos:0.67417853392739 neg:0.32582146607261003 
2204.txt neg neg:0.7826191974789508 pos:0.21738080252104924 
2665.txt neg pos:0.6171762692461072 neg:0.3828237307538927 
1235.txt neg neg:0.9158244580977176 pos:0.08417554190228248 
1654.txt neg neg:0.9569909393593264 pos:0.043009060640673655 
2741.txt neg neg:0.8000852395076474 pos:0.1999147604923526 
1122.txt neg neg:0.8553193392487097 pos:0.14468066075129024 
964.txt neg neg:0.6804498199411547 pos:0.3195501800588454 
516.txt neg pos:0.7150421062171584 neg:0.28495789378284164 
2824.txt neg pos:0.5395658380465326 neg:0.46043416195346754 
3088.txt neg neg:0.7560823983646374 pos:0.24391760163536264 
4345.txt neg neg:0.7106829423790545 pos:0.2893170576209455 
87.txt neg neg:0.8665939091955502 pos:0.1334060908044497 
759.txt neg neg:0.7291861526744393 pos:0.2708138473255606 
2327.txt neg neg:0.6705816249569162 pos:0.32941837504308374 
3915.txt neg neg:0.8712092922688799 pos:0.12879070773112017 
1653.txt neg neg:0.8341184159400915 pos:0.16588158405990852 
1936.txt neg neg:0.7230736144790599 pos:0.2769263855209401 
2168.txt neg neg:0.9210186109811279 pos:0.07898138901887211 
3728.txt neg neg:0.9676345453798356 pos:0.03236545462016435 
3398.txt neg neg:0.8039029669958371 pos:0.19609703300416284 
3969.txt neg neg:0.7235893789898658 pos:0.2764106210101343 
4171.txt neg neg:0.9197642787019813 pos:0.08023572129801872 
1538.txt neg neg:0.8615123573144741 pos:0.13848764268552588 
2575.txt neg neg:0.5929189688723763 pos:0.40708103112762367 
1812.txt neg neg:0.8249189236199598 pos:0.1750810763800401 
722.txt neg neg:0.7446422573301109 pos:0.2553577426698892 
2203.txt neg neg:0.7977350468243106 pos:0.2022649531756894 
3831.txt neg neg:0.6962308382557749 pos:0.303769161744225 
896.txt neg neg:0.6715657729495347 pos:0.3284342270504653 
145.txt neg neg:0.7931614348259246 pos:0.20683856517407534 
2005.txt neg neg:0.9863582997533901 pos:0.013641700246609894 
956.txt neg neg:0.9751212354186903 pos:0.02487876458130968 
1110.txt neg pos:0.8435871908495597 neg:0.15641280915044034 
2312.txt neg neg:0.5795468325543942 pos:0.42045316744560574 
3878.txt neg neg:0.838288887170899 pos:0.16171111282910106 
3258.txt neg neg:0.7704670202918465 pos:0.22953297970815342 
2418.txt neg neg:0.8336152212557117 pos:0.1663847787442882 
558.txt neg neg:0.9823546357322422 pos:0.017645364267757743 
1742.txt neg neg:0.8955195490200847 pos:0.10448045097991542 
3017.txt neg neg:0.720740595072978 pos:0.27925940492702195 
3804.txt neg neg:0.906632708438237 pos:0.09336729156176302 
2540.txt neg neg:0.7849753000351141 pos:0.21502469996488602 
400.txt neg neg:0.8356022472345611 pos:0.16439775276543883 
1793.txt neg neg:0.7111324663648666 pos:0.28886753363513334 
699.txt neg neg:0.8290898173342145 pos:0.17091018266578545 
4254.txt neg pos:0.8781027109090094 neg:0.1218972890909907 
1978.txt neg neg:0.6030772567588335 pos:0.3969227432411665 
3148.txt neg neg:0.7876905418922343 pos:0.21230945810776564 
3529.txt neg pos:0.5039785410865973 neg:0.4960214589134027 
2369.txt neg pos:0.8943437667256446 neg:0.10565623327435539 
1483.txt neg neg:0.7998770035257856 pos:0.20012299647421442 
2596.txt neg neg:0.8972571459322473 pos:0.1027428540677528 
3307.txt neg neg:0.8305120526586593 pos:0.16948794734134068 
2126.txt neg neg:0.9358823897890263 pos:0.06411761021097384 
2811.txt neg neg:0.9065599489104132 pos:0.09344005108958676 
2463.txt neg pos:0.7566928513995546 neg:0.24330714860044544 
3223.txt neg neg:0.9405788536527135 pos:0.05942114634728637 
2002.txt neg neg:0.8131447933678464 pos:0.18685520663215358 
523.txt neg neg:0.9795900249976054 pos:0.020409975002394658 
980.txt neg neg:0.7816801958784156 pos:0.21831980412158436 
2774.txt neg neg:0.7843926010519509 pos:0.21560739894804906 
3693.txt neg neg:0.9576006675920508 pos:0.04239933240794929 
3134.txt neg neg:0.8072280365166958 pos:0.1927719634833042 
634.txt neg neg:0.8654575505937788 pos:0.1345424494062212 
193.txt neg neg:0.8913925062299831 pos:0.10860749377001677 
3555.txt neg neg:0.6035864307311 pos:0.39641356926890003 
1739.txt neg neg:0.7991405165523686 pos:0.20085948344763138 
2998.txt neg neg:0.6703877389013165 pos:0.3296122610986834 
2411.txt neg neg:0.7767509216032986 pos:0.22324907839670124 
130.txt neg neg:0.6759374246142377 pos:0.3240625753857622 
3630.txt neg neg:0.9382167745533504 pos:0.06178322544664954 
227.txt neg pos:0.7281705605980283 neg:0.2718294394019718 
3280.txt neg neg:0.9217820454730131 pos:0.07821795452698692 
11.txt neg neg:0.7564311619537816 pos:0.2435688380462184 
409.txt neg neg:0.7873044350944485 pos:0.21269556490555153 
2128.txt neg neg:0.7886289547630129 pos:0.2113710452369871 
4069.txt neg neg:0.7934461477471786 pos:0.20655385225282147 
1737.txt neg neg:0.7507484360788252 pos:0.2492515639211747 
1883.txt neg neg:0.710366886812288 pos:0.289633113187712 
1356.txt neg neg:0.5402695207940921 pos:0.45973047920590787 
2535.txt neg neg:0.7858755000167159 pos:0.21412449998328414 
1420.txt neg neg:0.6849941661993951 pos:0.3150058338006049 
Trial 0 Trainer NaiveBayesTrainer Training Data Confusion Matrix
Confusion Matrix, row=true, column=predicted  accuracy=0.7805555555555556
  label   0   1  |total
  0 pos 554 346  |900
  1 neg  49 851  |900

Trial 0 Trainer NaiveBayesTrainer training data accuracy= 0.7805555555555556
Trial 0 Trainer NaiveBayesTrainer Test Data Confusion Matrix
Confusion Matrix, row=true, column=predicted  accuracy=0.635
  label   0   1  |total
  0 pos  38  62  |100
  1 neg  11  89  |100

Trial 0 Trainer NaiveBayesTrainer test data accuracy= 0.635

NaiveBayesTrainer
Summary. train accuracy mean = 0.7805555555555556 stddev = 0.0 stderr = 0.0
Summary. test accuracy mean = 0.635 stddev = 0.0 stderr = 0.0
