
-------------------- Trial 0  --------------------

Trial 0 Training NaiveBayesTrainer with 1800 instances
Trial 0 Training NaiveBayesTrainer finished
Trial 0 Trainer NaiveBayesTrainer
 Raw Testing Data
2755.txt pos neg:0.9999999189739229 pos:8.102607696863187E-8 
524.txt pos pos:0.5923957889160901 neg:0.40760421108391 
3295.txt neg neg:0.9650353002625378 pos:0.0349646997374623 
883.txt neg neg:0.9999995505829059 pos:4.494170939856871E-7 
920.txt neg neg:0.999999999983443 pos:1.6557010280604826E-11 
2333.txt pos pos:0.9999999999999971 neg:2.7834126663745443E-15 
1338.txt neg neg:1.0 pos:5.1187018800490924E-21 
2056.txt pos pos:0.9999999999665441 neg:3.3455862116279566E-11 
4149.txt neg neg:0.9999928692136113 pos:7.130786388712193E-6 
580.txt pos pos:0.8688398700168595 neg:0.13116012998314053 
1916.txt neg neg:0.9999999999924034 pos:7.596538975558773E-12 
3850.txt pos pos:0.9999997543036974 neg:2.456963027541842E-7 
2198.txt pos pos:0.999999999999996 neg:4.0921433879426725E-15 
137.txt pos pos:0.9991663110064798 neg:8.33688993520133E-4 
1562.txt pos pos:0.9999999597287438 neg:4.0271256232089297E-8 
2149.txt pos pos:0.9999805995853657 neg:1.9400414634216952E-5 
1417.txt pos pos:0.9993675584227203 neg:6.324415772796393E-4 
555.txt neg neg:0.9999999999993172 pos:6.828744320406545E-13 
3664.txt pos pos:0.9999998836023283 neg:1.1639767176772708E-7 
1899.txt pos pos:0.999998567884412 neg:1.432115587927478E-6 
3061.txt neg neg:1.0 pos:3.155474741969673E-17 
3283.txt neg neg:0.9999999013517051 pos:9.864829490743046E-8 
2197.txt neg neg:0.9999943438444289 pos:5.6561555711827E-6 
3425.txt pos pos:0.9999980144992522 neg:1.98550074769731E-6 
3857.txt pos neg:0.9999999382891758 pos:6.171082414128938E-8 
1781.txt neg neg:0.9999999999840914 pos:1.5908563983902372E-11 
3816.txt neg pos:0.9857498089607795 neg:0.014250191039220428 
3796.txt pos neg:0.999278719954691 pos:7.212800453091075E-4 
4000.txt neg neg:1.0 pos:1.791343063723138E-20 
331.txt pos pos:0.9905423132277474 neg:0.00945768677225263 
583.txt neg neg:0.9961906560015893 pos:0.0038093439984106573 
1700.txt pos neg:0.7221208179330518 pos:0.27787918206694817 
1449.txt neg pos:0.9999999980995147 neg:1.9004852567947457E-9 
1435.txt neg neg:0.9999999997426998 pos:2.5730012796255964E-10 
1138.txt pos pos:0.9954720267442639 neg:0.004527973255736197 
1640.txt pos pos:1.0 neg:9.542465969752273E-25 
2403.txt neg neg:0.9999999999987732 pos:1.2268074239339746E-12 
1608.txt neg neg:0.6838672716605187 pos:0.31613272833948125 
1601.txt neg pos:0.9999798115270591 neg:2.0188472940802434E-5 
3634.txt neg neg:0.9118423791754714 pos:0.08815762082452851 
1377.txt pos pos:0.9999999986695904 neg:1.3304095030559249E-9 
4034.txt pos pos:0.9999999999997591 neg:2.408215698444332E-13 
2804.txt neg neg:0.996798438692888 pos:0.003201561307111978 
3154.txt neg neg:0.9868286580146577 pos:0.013171341985342424 
2469.txt neg neg:0.9999999712867614 pos:2.871323841073385E-8 
1254.txt pos pos:0.9999996769216428 neg:3.230783571290228E-7 
2309.txt neg neg:0.9999999999763756 pos:2.3624523697288236E-11 
3591.txt neg neg:0.5211545793688555 pos:0.47884542063114466 
292.txt pos neg:0.9382549942403805 pos:0.0617450057596195 
3145.txt neg neg:0.6736502210024011 pos:0.32634977899759887 
2867.txt neg neg:0.9999999959438188 pos:4.056181112818902E-9 
3038.txt pos neg:0.9596632832652278 pos:0.040336716734772154 
4290.txt neg neg:0.999999999996456 pos:3.5440961287068605E-12 
1917.txt pos pos:0.9999995910783139 neg:4.08921686106204E-7 
3935.txt neg pos:0.9999998568330318 neg:1.4316696815847787E-7 
3749.txt pos neg:0.9997804133026152 pos:2.1958669738476492E-4 
1500.txt neg neg:0.9999999999105602 pos:8.943981464045851E-11 
916.txt pos pos:0.9998669410402695 neg:1.3305895973046808E-4 
2051.txt pos pos:1.0 neg:5.59443911946875E-29 
2100.txt pos pos:1.0 neg:3.615926812532866E-17 
3044.txt pos pos:0.5130798388236174 neg:0.4869201611763826 
3740.txt pos pos:0.9999999986207209 neg:1.3792791227763006E-9 
4181.txt pos pos:1.0 neg:1.5170685473949317E-25 
1788.txt neg neg:0.9999999793913656 pos:2.0608634311537393E-8 
3657.txt neg neg:0.9999999999983673 pos:1.6327767351091235E-12 
1964.txt neg neg:0.9883599223816961 pos:0.011640077618303836 
4324.txt pos pos:1.0 neg:3.5725042050634174E-31 
996.txt pos pos:0.9999999991761426 neg:8.238574169835519E-10 
2585.txt pos pos:0.9999999997343432 neg:2.6565686665649875E-10 
1801.txt pos neg:0.9999894187818839 pos:1.0581218116180659E-5 
1963.txt neg pos:0.9974816095509377 neg:0.00251839044906246 
3809.txt neg neg:0.9999999967360347 pos:3.2639653453521747E-9 
544.txt neg neg:0.9999148343859554 pos:8.516561404458333E-5 
307.txt neg neg:0.9999971041453497 pos:2.8958546501503624E-6 
2307.txt neg neg:0.9999868707723593 pos:1.3129227640726474E-5 
3252.txt neg neg:0.9900368162825022 pos:0.009963183717497841 
2415.txt neg pos:0.9924103914413736 neg:0.007589608558626414 
1981.txt pos pos:0.999999999999929 neg:7.11343614287275E-14 
1647.txt pos neg:0.7175391264678804 pos:0.28246087353211957 
1606.txt neg neg:0.9999999999363931 pos:6.360693508579114E-11 
4306.txt neg neg:0.9999902231327898 pos:9.776867210228061E-6 
2828.txt pos neg:0.8294871514599927 pos:0.17051284854000737 
3314.txt pos pos:0.9999998778575803 neg:1.2214241960158704E-7 
3859.txt pos pos:1.0 neg:2.4733633295176727E-25 
1922.txt pos pos:0.9999999999999982 neg:1.861607097913684E-15 
4259.txt neg neg:0.9878645619842163 pos:0.012135438015783633 
3376.txt neg neg:0.9999977603676866 pos:2.2396323133991163E-6 
376.txt pos neg:0.9999999999999962 pos:3.823945630674058E-15 
3243.txt neg neg:0.9999989428839056 pos:1.0571160945796426E-6 
717.txt pos pos:0.999998704498739 neg:1.2955012611033172E-6 
467.txt neg neg:0.5571690877174379 pos:0.4428309122825621 
363.txt neg neg:0.9999999998529068 pos:1.4709326693378126E-10 
71.txt pos pos:0.999999999325355 neg:6.746449605398334E-10 
2172.txt pos pos:0.9999999999999885 neg:1.1476940579043559E-14 
705.txt neg neg:0.9995925780154256 pos:4.0742198457436815E-4 
2017.txt neg neg:0.9999999999388185 pos:6.118151892716701E-11 
2148.txt neg neg:0.9862386357301687 pos:0.013761364269831242 
2638.txt pos pos:1.0 neg:2.765730321293563E-17 
3043.txt pos pos:0.9999702677901945 neg:2.973220980564511E-5 
3824.txt neg neg:0.9999997532938878 pos:2.467061122356454E-7 
2150.txt neg neg:0.7755571311661459 pos:0.22444286883385414 
1957.txt pos pos:0.9999999838226861 neg:1.617731384080979E-8 
3663.txt pos pos:0.9999999856985464 neg:1.430145359014074E-8 
549.txt pos neg:0.9984891120991086 pos:0.0015108879008913063 
4247.txt pos pos:0.9999999999994027 neg:5.972673446236052E-13 
1865.txt pos pos:0.9999381261321522 neg:6.18738678478449E-5 
3004.txt pos pos:0.9999987715105001 neg:1.228489499970833E-6 
2966.txt pos neg:0.673888970243144 pos:0.3261110297568561 
1847.txt neg neg:0.7048296254496726 pos:0.29517037455032735 
1718.txt pos pos:0.9999999999439024 neg:5.6097523839415167E-11 
2961.txt pos neg:0.9231590594951455 pos:0.07684094050485452 
2010.txt neg neg:0.9999999999956004 pos:4.3996859963057665E-12 
3818.txt neg neg:0.9999681318358156 pos:3.1868164184379885E-5 
2513.txt pos pos:0.9999993360452956 neg:6.639547043779716E-7 
1898.txt neg neg:0.9999999994336832 pos:5.663168247834162E-10 
2944.txt neg neg:0.9999999819470046 pos:1.8052995355328122E-8 
1496.txt neg neg:0.9999999998462761 pos:1.5372403255790692E-10 
229.txt pos neg:0.5414445280259114 pos:0.45855547197408864 
1925.txt pos pos:0.9999970157665431 neg:2.9842334568422815E-6 
1336.txt neg neg:0.9999999990140052 pos:9.859949485558764E-10 
3574.txt pos neg:0.7245052752617144 pos:0.2754947247382857 
3036.txt pos pos:1.0 neg:4.4281895496501146E-17 
3962.txt pos pos:0.9999999999999996 neg:5.010438797762612E-16 
1042.txt neg neg:1.0 pos:3.806210540436559E-19 
812.txt neg pos:0.9999997586473329 neg:2.413526671135664E-7 
1856.txt neg neg:0.9999999999428453 pos:5.7154688643416865E-11 
4110.txt pos pos:0.99999996137086 neg:3.8629140003179874E-8 
2175.txt pos pos:0.999983640746882 neg:1.6359253118108982E-5 
2970.txt pos pos:1.0 neg:3.627754864379771E-30 
1170.txt neg neg:0.7642259092209185 pos:0.2357740907790814 
4288.txt neg neg:0.9970325513129471 pos:0.0029674486870529936 
1550.txt pos pos:0.9999999922338864 neg:7.766113641858533E-9 
944.txt neg neg:0.9272093118147575 pos:0.0727906881852425 
3244.txt neg neg:0.9999999995879834 pos:4.120167355099808E-10 
800.txt pos neg:0.9990822820781039 pos:9.17717921896178E-4 
2553.txt pos neg:0.9999628418284627 pos:3.715817153735167E-5 
761.txt neg neg:0.9945799837024146 pos:0.005420016297585415 
4022.txt pos pos:0.9998615313490133 neg:1.3846865098666205E-4 
240.txt neg neg:0.9999999997331945 pos:2.668055687606344E-10 
924.txt pos pos:0.8120042868410503 neg:0.1879957131589497 
4117.txt pos pos:0.9999999967053996 neg:3.2946004200939222E-9 
4090.txt pos pos:0.9190369105207511 neg:0.08096308947924898 
316.txt neg pos:0.9999918246828607 neg:8.175317139307766E-6 
1507.txt neg neg:0.9995054112560544 pos:4.945887439456431E-4 
3680.txt pos pos:1.0 neg:1.1886625435757648E-22 
4211.txt pos pos:0.9999564911403804 neg:4.350885961960445E-5 
69.txt neg neg:0.9998648892354997 pos:1.3511076450031372E-4 
989.txt pos pos:0.9999999999999996 neg:3.461621691292609E-16 
1849.txt neg neg:0.9999999244228069 pos:7.557719301223779E-8 
3906.txt pos pos:0.9999999999728817 neg:2.711831913414978E-11 
598.txt pos pos:0.9999999999997187 neg:2.8144037177944653E-13 
4222.txt neg neg:0.9999997534484719 pos:2.4655152824156546E-7 
3055.txt pos neg:0.9980090380199228 pos:0.0019909619800771096 
803.txt neg pos:0.9999998676385775 neg:1.3236142254582734E-7 
2938.txt neg neg:0.9997789400233419 pos:2.210599766580803E-4 
835.txt pos pos:1.0 neg:7.442662959951496E-29 
1053.txt neg neg:0.9999999994395452 pos:5.604548462364675E-10 
4301.txt neg neg:0.9989598401037793 pos:0.0010401598962207956 
1021.txt neg pos:0.9999967730636617 neg:3.226936338268029E-6 
1649.txt pos pos:0.9999996324882411 neg:3.6751175903369816E-7 
3980.txt neg pos:0.9990573046634345 neg:9.426953365654927E-4 
673.txt pos pos:0.9999999999999969 neg:3.2053491839129308E-15 
2729.txt pos pos:0.999999999957716 neg:4.22838740746397E-11 
3236.txt neg pos:0.9985742338310163 neg:0.0014257661689836333 
3999.txt pos pos:0.9999999999999918 neg:8.303753751757533E-15 
1522.txt pos pos:0.9999999667365016 neg:3.32634983931902E-8 
4380.txt pos pos:1.0 neg:5.521614732455127E-31 
2983.txt neg neg:0.9999006549720715 pos:9.934502792845172E-5 
770.txt neg neg:0.9894719702971094 pos:0.010528029702890703 
3547.txt neg neg:0.9999999986982018 pos:1.3017982325439278E-9 
4272.txt pos pos:1.0 neg:4.979422739872242E-25 
3079.txt neg neg:0.9999999999634026 pos:3.659734658755033E-11 
2603.txt pos neg:0.9979838016670997 pos:0.002016198332900428 
2080.txt pos pos:0.9999996163045184 neg:3.8369548168618324E-7 
2008.txt neg neg:0.9999976171120506 pos:2.3828879494557625E-6 
1565.txt pos pos:0.9999989030934398 neg:1.09690656038315E-6 
1076.txt pos pos:0.9999998896770035 neg:1.1032299646463639E-7 
2471.txt neg pos:0.734066255631166 neg:0.265933744368834 
737.txt neg pos:0.9943437865136723 neg:0.00565621348632763 
3987.txt neg pos:0.6212431246691282 neg:0.3787568753308717 
2381.txt pos pos:0.9999999003610872 neg:9.963891280271008E-8 
3523.txt neg neg:0.9999999569470509 pos:4.305294917304789E-8 
247.txt neg pos:0.9999999999768725 neg:2.3127522331887324E-11 
3940.txt neg neg:0.9999999865795466 pos:1.3420453361649147E-8 
786.txt pos neg:0.6968951775002559 pos:0.3031048224997442 
2768.txt neg neg:0.9999999993333848 pos:6.666152097647562E-10 
1102.txt neg neg:0.9900640107905784 pos:0.009935989209421691 
2642.txt neg neg:0.9999999683678248 pos:3.163217513704842E-8 
1221.txt pos pos:0.999999307271713 neg:6.927282869726249E-7 
2536.txt neg neg:0.9998467138632228 pos:1.5328613677730078E-4 
1026.txt neg neg:0.9999998705487044 pos:1.294512955645664E-7 
849.txt pos pos:0.9571236918051723 neg:0.04287630819482764 
3486.txt pos pos:0.999999969636846 neg:3.036315396720673E-8 
807.txt pos pos:0.9993772433828355 neg:6.227566171644346E-4 
4135.txt neg neg:0.9999999999752569 pos:2.4743085710280218E-11 
300.txt neg pos:0.5440998933215418 neg:0.4559001066784581 
2529.txt neg neg:0.9999999999999996 pos:4.897141427580446E-16 
860.txt neg neg:0.9999999978791647 pos:2.1208352411199614E-9 
1698.txt pos pos:0.9999999995640432 neg:4.3595685479236506E-10 
1379.txt pos pos:0.9999999999703035 neg:2.969642300732364E-11 
Trial 0 Trainer NaiveBayesTrainer Training Data Confusion Matrix
Confusion Matrix, row=true, column=predicted  accuracy=0.9588888888888889
  label   0   1  |total
  0 neg 884  16  |900
  1 pos  58 842  |900

Trial 0 Trainer NaiveBayesTrainer training data accuracy= 0.9588888888888889
Trial 0 Trainer NaiveBayesTrainer Test Data Confusion Matrix
Confusion Matrix, row=true, column=predicted  accuracy=0.81
  label   0   1  |total
  0 neg  83  17  |100
  1 pos  21  79  |100

Trial 0 Trainer NaiveBayesTrainer test data accuracy= 0.81

NaiveBayesTrainer
Summary. train accuracy mean = 0.9588888888888889 stddev = 0.0 stderr = 0.0
Summary. test accuracy mean = 0.81 stddev = 0.0 stderr = 0.0
