
-------------------- Trial 0  --------------------

Trial 0 Training NaiveBayesTrainer with 1800 instances
Trial 0 Training NaiveBayesTrainer finished
Trial 0 Trainer NaiveBayesTrainer
 Raw Testing Data
1236.txt pos neg:0.7279858564619816 pos:0.27201414353801845 
3781.txt pos neg:0.8236023366740205 pos:0.17639766332597948 
3026.txt pos pos:0.8756531953739485 neg:0.12434680462605155 
1773.txt pos pos:0.7042117112332152 neg:0.2957882887667848 
3835.txt pos pos:0.6483160104951374 neg:0.35168398950486257 
3447.txt pos neg:0.7841251834454895 pos:0.21587481655451035 
3496.txt pos neg:0.727495594202932 pos:0.27250440579706803 
709.txt pos pos:0.7859669250328186 neg:0.21403307496718144 
2110.txt pos neg:0.7468197572932959 pos:0.2531802427067041 
934.txt pos neg:0.8446649334047576 pos:0.15533506659524246 
486.txt pos neg:0.7606103720551576 pos:0.23938962794484236 
4373.txt pos neg:0.7111485824353847 pos:0.28885141756461535 
791.txt pos pos:0.614461171847735 neg:0.3855388281522649 
1203.txt pos neg:0.8312696101179288 pos:0.16873038988207115 
1907.txt pos pos:0.9766531672228433 neg:0.023346832777156643 
3220.txt pos neg:0.7106968129473533 pos:0.28930318705264674 
2812.txt pos neg:0.7427254567434234 pos:0.2572745432565765 
1030.txt pos neg:0.7123142599914645 pos:0.28768574000853553 
2125.txt pos neg:0.566025380010788 pos:0.4339746199892121 
1451.txt pos pos:0.5560232692752853 neg:0.44397673072471466 
3304.txt pos neg:0.7887046201266653 pos:0.21129537987333466 
2544.txt pos pos:0.7731032119899061 neg:0.22689678801009405 
1746.txt pos neg:0.6851475049878807 pos:0.31485249501211937 
112.txt pos pos:0.9786372784487323 neg:0.021362721551267578 
205.txt pos neg:0.5139558662462621 pos:0.4860441337537379 
1168.txt pos neg:0.5711139513102147 pos:0.4288860486897853 
3989.txt pos pos:0.8978628099227063 neg:0.10213719007729381 
4257.txt pos pos:0.9999839806639975 neg:1.6019336002604402E-5 
1509.txt pos neg:0.9002964123396638 pos:0.09970358766033621 
4308.txt pos neg:0.5720505052069277 pos:0.4279494947930723 
3303.txt pos pos:0.75014276644192 neg:0.24985723355808004 
3807.txt pos neg:0.6050638849448006 pos:0.39493611505519943 
1320.txt pos neg:0.5348554228622759 pos:0.4651445771377241 
574.txt pos neg:0.7626639280408496 pos:0.2373360719591504 
2869.txt pos pos:0.6384271098848973 neg:0.3615728901151027 
747.txt pos neg:0.9563383857681037 pos:0.04366161423189639 
4374.txt pos pos:0.9997151514877562 neg:2.848485122437351E-4 
796.txt pos neg:0.9481719345717392 pos:0.05182806542826085 
169.txt pos pos:0.5667747125275372 neg:0.4332252874724628 
3580.txt pos neg:0.5480687679188754 pos:0.4519312320811247 
3227.txt pos neg:0.8468295887912587 pos:0.15317041120874125 
354.txt pos neg:0.8750681123592139 pos:0.12493188764078599 
1039.txt pos pos:0.9996190793623317 neg:3.809206376682829E-4 
422.txt pos neg:0.7927207231483081 pos:0.20727927685169192 
385.txt pos neg:0.8839594703455504 pos:0.1160405296544496 
53.txt pos pos:0.6817949803158319 neg:0.3182050196841681 
3951.txt pos neg:0.7919322659287987 pos:0.20806773407120127 
1617.txt pos pos:0.6719784584052824 neg:0.32802154159471775 
2074.txt pos neg:0.8085473837700434 pos:0.19145261622995657 
1045.txt pos pos:0.6182213062369559 neg:0.381778693763044 
3710.txt pos neg:0.8706788185873224 pos:0.12932118141267762 
3371.txt pos neg:0.8108977560427468 pos:0.18910224395725309 
3407.txt pos pos:0.5460873420874426 neg:0.45391265791255736 
1352.txt pos pos:0.9996045760626177 neg:3.9542393738249194E-4 
2181.txt pos neg:0.8270952333870177 pos:0.1729047666129823 
974.txt pos neg:0.6018545082420783 pos:0.39814549175792174 
611.txt pos neg:0.8989956193751938 pos:0.10100438062480618 
1093.txt pos pos:0.5437865256441746 neg:0.4562134743558254 
1734.txt pos pos:0.944657912011508 neg:0.055342087988492106 
4132.txt pos neg:0.9700202393201093 pos:0.029979760679890752 
501.txt pos neg:0.6619838694834883 pos:0.3380161305165117 
973.txt pos pos:0.9015115980779089 neg:0.09848840192209107 
3589.txt pos pos:0.518660861319328 neg:0.48133913868067213 
1909.txt pos neg:0.7273974332388201 pos:0.27260256676117994 
886.txt pos neg:0.7932305857520795 pos:0.2067694142479205 
732.txt pos neg:0.5182266504880041 pos:0.48177334951199596 
1329.txt pos pos:0.9567991816847696 neg:0.043200818315230434 
857.txt pos pos:0.8992757939662551 neg:0.10072420603374477 
3956.txt pos pos:0.5233563854736896 neg:0.4766436145263104 
85.txt pos pos:0.9992504483228615 neg:7.495516771383917E-4 
266.txt pos neg:0.9064604827756294 pos:0.09353951722437055 
607.txt pos neg:0.7691166081717209 pos:0.2308833918282791 
3549.txt pos neg:0.658906728480017 pos:0.3410932715199829 
3185.txt pos neg:0.8743256601101169 pos:0.12567433988988297 
3996.txt pos neg:0.7290253044267512 pos:0.2709746955732488 
1260.txt pos neg:0.6721558196673859 pos:0.3278441803326141 
3292.txt pos pos:0.5891421717815732 neg:0.41085782821842676 
45.txt pos pos:0.7513236081709975 neg:0.2486763918290025 
846.txt pos pos:0.8477472053364532 neg:0.1522527946635468 
342.txt pos pos:0.9844202659089206 neg:0.015579734091079336 
4310.txt pos pos:0.9713611969016736 neg:0.028638803098326428 
2929.txt pos neg:0.7118081557901206 pos:0.2881918442098794 
2065.txt pos neg:0.8436220697820312 pos:0.1563779302179687 
93.txt pos neg:0.7921955046437757 pos:0.20780449535622433 
2372.txt pos neg:0.7553411763910649 pos:0.24465882360893512 
3153.txt pos neg:0.7866587522887626 pos:0.21334124771123747 
394.txt pos neg:0.8105394454049831 pos:0.18946055459501676 
841.txt pos neg:0.6234603642680889 pos:0.3765396357319112 
433.txt pos pos:0.9005128334319541 neg:0.0994871665680458 
1028.txt pos pos:0.5192686784891418 neg:0.4807313215108582 
4317.txt pos neg:0.697488099106795 pos:0.302511900893205 
724.txt pos neg:0.7406876965518653 pos:0.25931230344813466 
3659.txt pos neg:0.8511768599844863 pos:0.14882314001551378 
3688.txt pos neg:0.7300721735230169 pos:0.26992782647698316 
3077.txt pos neg:0.6664179091203576 pos:0.33358209087964247 
2190.txt pos neg:0.6906772772211158 pos:0.30932272277888423 
2637.txt pos neg:0.5104480285879838 pos:0.48955197141201623 
2141.txt pos neg:0.8291617729747586 pos:0.1708382270252413 
3701.txt pos neg:0.6915714445497243 pos:0.3084285554502756 
1054.txt pos pos:0.6657386095471669 neg:0.33426139045283315 
1486.txt neg neg:0.6494201616388615 pos:0.35057983836113854 
3806.txt neg neg:0.8402683574551503 pos:0.15973164254484973 
2655.txt neg neg:0.5056122263923509 pos:0.4943877736076491 
402.txt neg neg:0.7713239311099611 pos:0.22867606889003889 
4190.txt neg neg:0.5695449524468988 pos:0.4304550475531012 
3801.txt neg neg:0.8484299341700452 pos:0.15157006582995478 
3473.txt neg neg:0.8667281278489511 pos:0.13327187215104874 
1747.txt neg neg:0.9293036502921881 pos:0.07069634970781184 
2683.txt neg pos:0.7114206387019812 neg:0.28857936129801887 
2937.txt neg neg:0.8367951008445628 pos:0.1632048991554373 
521.txt neg neg:0.7353054368492606 pos:0.2646945631507394 
1115.txt neg neg:0.847023893412499 pos:0.15297610658750097 
2813.txt neg neg:0.7867263000742644 pos:0.21327369992573567 
1202.txt neg neg:0.746501828156422 pos:0.2534981718435781 
3691.txt neg neg:0.936573744061056 pos:0.0634262559389441 
2158.txt neg neg:0.8101518576453582 pos:0.18984814235464179 
3718.txt neg pos:0.5246931606294487 neg:0.47530683937055124 
61.txt neg neg:0.9663448865643943 pos:0.0336551134356057 
2539.txt neg neg:0.8078415973241481 pos:0.19215840267585194 
109.txt neg neg:0.6613186844785883 pos:0.33868131552141173 
568.txt neg pos:0.9518986063739747 neg:0.04810139362602537 
3497.txt neg neg:0.5166985265327159 pos:0.48330147346728414 
2902.txt neg neg:0.849804020206256 pos:0.15019597979374397 
1817.txt neg neg:0.8936477963312923 pos:0.1063522036687077 
842.txt neg neg:0.7675201402146717 pos:0.2324798597853283 
397.txt neg neg:0.9055906838676562 pos:0.09440931613234367 
727.txt neg neg:0.6973252707191084 pos:0.3026747292808915 
2206.txt neg neg:0.7670780746456952 pos:0.23292192535430487 
4108.txt neg pos:0.6617490057857139 neg:0.3382509942142861 
1656.txt neg neg:0.8195517935985902 pos:0.18044820640140977 
262.txt neg neg:0.7634693916832335 pos:0.2365306083167665 
1237.txt neg neg:0.6808948457840288 pos:0.31910515421597113 
1541.txt neg neg:0.9681933764003834 pos:0.031806623599616723 
2035.txt neg neg:0.9842054663021762 pos:0.01579453369782381 
54.txt neg neg:0.7517385532067495 pos:0.24826144679325052 
4081.txt neg neg:0.8164318066923606 pos:0.18356819330763946 
2744.txt neg neg:0.8081768479436207 pos:0.19182315205637934 
1230.txt neg neg:0.5420078924992277 pos:0.4579921075007724 
1597.txt neg neg:0.8150749980268683 pos:0.18492500197313166 
604.txt neg pos:0.5633587188259283 neg:0.43664128117407175 
3917.txt neg neg:0.7229035192859573 pos:0.27709648071404275 
4218.txt neg pos:0.9825395022283374 neg:0.017460497771662517 
1546.txt neg neg:0.7812782846810743 pos:0.2187217153189257 
3672.txt neg pos:0.5710761523901386 neg:0.4289238476098614 
961.txt neg neg:0.6028569746005463 pos:0.3971430253994537 
1368.txt neg neg:0.932034116043361 pos:0.06796588395663904 
3519.txt neg neg:0.8191669780969486 pos:0.18083302190305142 
1948.txt neg neg:0.8788490755483108 pos:0.12115092445168911 
3337.txt neg neg:0.8907447556286261 pos:0.10925524437137385 
1810.txt neg neg:0.9153658570386112 pos:0.08463414296138878 
1462.txt neg neg:0.5682035113181462 pos:0.4317964886818539 
437.txt neg neg:0.8301094126961361 pos:0.16989058730386383 
2660.txt neg neg:0.9271544009290319 pos:0.07284559907096813 
4216.txt neg pos:0.6040544469611864 neg:0.3959455530388136 
1129.txt neg neg:0.6502708799057944 pos:0.3497291200942056 
783.txt neg pos:0.5042803414542422 neg:0.49571965854575795 
3724.txt neg neg:0.6321590440673678 pos:0.36784095593263216 
4088.txt neg neg:0.810593073059696 pos:0.18940692694030398 
494.txt neg neg:0.9271845748680762 pos:0.0728154251319238 
1184.txt neg neg:0.7712354054639439 pos:0.22876459453605608 
1623.txt neg neg:0.810669768570139 pos:0.18933023142986108 
217.txt neg neg:0.830562071799294 pos:0.16943792820070602 
2091.txt neg pos:0.9985904796978197 neg:0.0014095203021802195 
2853.txt neg pos:0.848273324421411 neg:0.1517266755785889 
1534.txt neg neg:0.7145767171806613 pos:0.2854232828193388 
913.txt neg neg:0.6019883995470517 pos:0.39801160045294826 
1155.txt neg neg:0.7061961005820613 pos:0.2938038994179388 
2118.txt neg neg:0.6145178349072512 pos:0.38548216509274885 
4025.txt neg neg:0.7121453856279766 pos:0.2878546143720234 
6.txt neg neg:0.7306533730420174 pos:0.2693466269579826 
2096.txt neg neg:0.9104204104626435 pos:0.08957958953735655 
2885.txt neg pos:0.5479651834927721 neg:0.4520348165072279 
2426.txt neg neg:0.8221178830990956 pos:0.17788211690090444 
3266.txt neg neg:0.7091911056715421 pos:0.29080889432845786 
107.txt neg neg:0.9563488025986677 pos:0.043651197401332366 
566.txt neg pos:0.6385758831133814 neg:0.3614241168866186 
1819.txt neg neg:0.791874140373189 pos:0.2081258596268111 
399.txt neg neg:0.6695934076001563 pos:0.33040659239984377 
348.txt neg neg:0.7396449982651491 pos:0.260355001734851 
2502.txt neg neg:0.771747296937957 pos:0.22825270306204312 
3723.txt neg neg:0.7538361011321371 pos:0.24616389886786288 
3084.txt neg pos:0.9916851832495622 neg:0.008314816750437814 
493.txt neg neg:0.9515016650823829 pos:0.0484983349176171 
1361.txt neg neg:0.7407931482612565 pos:0.2592068517387434 
3846.txt neg neg:0.7152854612466494 pos:0.2847145387533506 
2274.txt neg neg:0.6354879627630726 pos:0.36451203723692727 
4033.txt neg neg:0.7781881886833886 pos:0.2218118113166114 
2678.txt neg pos:0.5141770957841776 neg:0.4858229042158224 
3459.txt neg neg:0.9295462053403052 pos:0.07045379465969488 
1808.txt neg pos:0.6907752907203194 neg:0.3092247092796806 
388.txt neg pos:0.9107183446738434 neg:0.08928165532615673 
2437.txt neg neg:0.7322151856220296 pos:0.2677848143779704 
3277.txt neg pos:0.645278860592767 neg:0.3547211394072331 
905.txt neg neg:0.7364196058333854 pos:0.2635803941666146 
577.txt neg neg:0.7856684630816008 pos:0.21433153691839923 
660.txt neg neg:0.9077659689640314 pos:0.09223403103596857 
2604.txt neg neg:0.8057401657569547 pos:0.19425983424304527 
482.txt neg neg:0.8743346909791735 pos:0.12566530902082648 
3382.txt neg neg:0.9346178323360317 pos:0.06538216766396822 
1370.txt neg neg:0.7414590944274346 pos:0.2585409055725654 
Trial 0 Trainer NaiveBayesTrainer Training Data Confusion Matrix
Confusion Matrix, row=true, column=predicted  accuracy=0.7761111111111111
  label   0   1  |total
  0 pos 549 351  |900
  1 neg  52 848  |900

Trial 0 Trainer NaiveBayesTrainer training data accuracy= 0.7761111111111111
Trial 0 Trainer NaiveBayesTrainer Test Data Confusion Matrix
Confusion Matrix, row=true, column=predicted  accuracy=0.595
  label   0   1  |total
  0 pos  37  63  |100
  1 neg  18  82  |100

Trial 0 Trainer NaiveBayesTrainer test data accuracy= 0.595

NaiveBayesTrainer
Summary. train accuracy mean = 0.7761111111111111 stddev = 0.0 stderr = 0.0
Summary. test accuracy mean = 0.595 stddev = 0.0 stderr = 0.0
