
-------------------- Trial 0  --------------------

Trial 0 Training NaiveBayesTrainer with 1800 instances
Trial 0 Training NaiveBayesTrainer finished
Trial 0 Trainer NaiveBayesTrainer
 Raw Testing Data
832.txt pos neg:0.8761302045138644 pos:0.12386979548613568 
440.txt pos neg:0.7599330232465802 pos:0.2400669767534198 
757.txt pos neg:0.6699925364802216 pos:0.3300074635197783 
1171.txt pos pos:0.8814529223538528 neg:0.11854707764614725 
3990.txt pos pos:0.9996532682919461 neg:3.467317080540388E-4 
43.txt pos pos:0.9981808194063021 neg:0.0018191805936978633 
1499.txt pos neg:0.7346449143206714 pos:0.2653550856793287 
432.txt pos pos:0.6548478899251942 neg:0.34515211007480595 
260.txt pos neg:0.6882827181246635 pos:0.31171728187533665 
177.txt pos neg:0.6549954460822327 pos:0.3450045539177674 
3689.txt pos neg:0.6977198138581502 pos:0.30228018614184976 
2982.txt pos neg:0.5310217705254698 pos:0.4689782294745302 
2140.txt pos neg:0.9103144808267779 pos:0.08968551917322216 
2286.txt pos neg:0.6031352063860503 pos:0.39686479361394966 
2953.txt pos neg:0.5991547197115 pos:0.4008452802885 
606.txt pos pos:0.632198662532304 neg:0.3678013374676961 
3548.txt pos neg:0.709344235040107 pos:0.29065576495989287 
170.txt pos pos:0.9402438840802372 neg:0.0597561159197629 
2250.txt pos pos:0.6381184327594562 neg:0.3618815672405437 
1345.txt pos neg:0.6378621501153777 pos:0.3621378498846223 
449.txt pos neg:0.7621530869728537 pos:0.23784691302714636 
1433.txt pos pos:0.966150952115343 neg:0.033849047884656945 
2954.txt pos pos:0.6690480240676581 neg:0.33095197593234194 
3184.txt pos pos:0.6903717187161764 neg:0.30962828128382364 
3997.txt pos pos:0.5896815271480129 neg:0.410318472851987 
3534.txt pos pos:0.9305304711499601 neg:0.0694695288500398 
3293.txt pos neg:0.6982291865364119 pos:0.3017708134635881 
2374.txt pos neg:0.5293703857555524 pos:0.4706296142444476 
44.txt pos neg:0.8132565548176904 pos:0.1867434451823096 
1600.txt pos pos:0.9265503685787363 neg:0.07344963142126361 
1789.txt pos pos:0.8155257381182477 neg:0.18447426188175234 
3435.txt pos neg:0.6659241268849505 pos:0.33407587311504955 
1360.txt pos pos:0.9728249842358803 neg:0.02717501576411967 
4348.txt pos pos:0.9999999997247715 neg:2.75228617277585E-10 
2503.txt pos pos:0.5863983498056384 neg:0.4136016501943616 
623.txt pos neg:0.6588880500173259 pos:0.34111194998267413 
2829.txt pos neg:0.7513646309351611 pos:0.2486353690648389 
4.txt pos neg:0.7490649084833478 pos:0.25093509151665216 
4210.txt pos neg:0.9132434536250491 pos:0.0867565463749509 
997.txt pos pos:0.9428020715493662 neg:0.05719792845063372 
4107.txt pos neg:0.5816161786575645 pos:0.41838382134243546 
3498.txt pos pos:0.5663005731162652 neg:0.4336994268837348 
1295.txt pos neg:0.9680621932751511 pos:0.03193780672484895 
2380.txt pos pos:0.513682824164592 neg:0.48631717583540807 
2046.txt pos pos:0.8236668672184945 neg:0.1763331327815055 
129.txt pos neg:0.7865683839140468 pos:0.21343161608595326 
2884.txt pos pos:0.9848266006065554 neg:0.015173399393444727 
1991.txt pos neg:0.6573897850830409 pos:0.3426102149169591 
1244.txt pos pos:0.5611787466364357 neg:0.43882125336356426 
3338.txt pos neg:0.981409980129354 pos:0.018590019870645968 
1292.txt pos pos:0.998311724906885 neg:0.0016882750931148792 
2852.txt pos neg:0.6267599074224317 pos:0.3732400925775683 
2737.txt pos pos:0.5103942327739125 neg:0.48960576722608745 
2356.txt pos neg:0.8906211800858415 pos:0.10937881991415865 
66.txt pos neg:0.7472444865966705 pos:0.2527555134033295 
3964.txt pos pos:0.9997599267030476 neg:2.4007329695237118E-4 
1996.txt pos neg:0.8156958041806758 pos:0.1843041958193242 
819.txt pos pos:0.8991064049163906 neg:0.10089359508360934 
3432.txt pos neg:0.8733370428381508 pos:0.12666295716184914 
3840.txt pos neg:0.924719614230256 pos:0.07528038576974402 
1367.txt pos pos:0.7675946072360872 neg:0.23240539276391278 
1863.txt pos neg:0.6803510143046851 pos:0.31964898569531486 
2976.txt pos neg:0.6520135701496451 pos:0.3479864298503549 
3082.txt pos pos:0.5763950501459288 neg:0.42360494985407116 
624.txt pos neg:0.8834252873526403 pos:0.11657471264735968 
1549.txt pos neg:0.5753934551554972 pos:0.4246065448445028 
4217.txt pos neg:0.739087169131573 pos:0.26091283086842687 
990.txt pos pos:0.8064698408297519 neg:0.19353015917024807 
941.txt pos pos:0.7080138914083004 neg:0.29198610859169954 
3918.txt pos pos:0.9617509035189308 neg:0.038249096481069104 
1774.txt pos neg:0.7347059001288034 pos:0.26529409987119656 
3832.txt pos neg:0.8345797708137175 pos:0.16542022918628255 
3491.txt pos neg:0.6467515368766114 pos:0.35324846312338853 
4265.txt pos neg:0.6140376176877262 pos:0.3859623823122738 
237.txt pos neg:0.6428951871410022 pos:0.3571048128589977 
590.txt pos pos:0.8629627652910378 neg:0.13703723470896215 
541.txt pos neg:0.6698192402550106 pos:0.3301807597449895 
3179.txt pos neg:0.7317444097984734 pos:0.2682555902015266 
68.txt pos pos:0.8128287467020197 neg:0.18717125329798034 
1708.txt pos neg:0.7793240153832908 pos:0.22067598461670915 
4341.txt pos pos:0.71180392348559 neg:0.2881960765144099 
1547.txt pos pos:0.7340749206295081 neg:0.26592507937049203 
4219.txt pos neg:0.8086221610998743 pos:0.19137783890012583 
2452.txt pos pos:0.6987922605056683 neg:0.30120773949433177 
2033.txt pos pos:0.8850121632523457 neg:0.11498783674765437 
2794.txt pos neg:0.710759707565059 pos:0.2892402924349409 
3105.txt pos pos:0.6904188328450107 neg:0.30958116715498935 
1231.txt pos neg:0.9043287936230446 pos:0.09567120637695528 
4051.txt pos pos:0.6127057933464309 neg:0.3872942066535691 
810.txt pos neg:0.690105385340947 pos:0.309894614659053 
462.txt pos pos:0.9971825202898564 neg:0.002817479710143527 
3898.txt pos neg:0.8444918535966535 pos:0.15550814640334656 
1418.txt pos pos:0.9986705383765929 neg:0.001329461623407097 
4080.txt pos neg:0.9619362705374593 pos:0.03806372946254059 
2455.txt pos pos:0.9301658156415172 neg:0.06983418435848279 
2827.txt pos pos:0.6987157235802239 neg:0.3012842764197762 
1121.txt pos neg:0.6245201188498097 pos:0.37547988115019015 
3102.txt pos neg:0.8595296965487307 pos:0.14047030345126946 
1657.txt pos neg:0.7724813413887849 pos:0.22751865861121504 
13.txt pos neg:0.983520185755167 pos:0.016479814244833118 
2560.txt neg neg:0.9207305874738392 pos:0.07926941252616078 
3741.txt neg pos:0.5349698619997053 neg:0.4650301380002947 
2088.txt neg neg:0.8738895589271168 pos:0.1261104410728832 
4357.txt neg pos:0.9387842040326069 neg:0.06121579596739323 
4091.txt neg neg:0.6755845948292887 pos:0.32441540517071144 
2444.txt neg neg:0.946978098616725 pos:0.05302190138327495 
2025.txt neg neg:0.5642998384930616 pos:0.4357001615069384 
3665.txt neg neg:0.8471498953021116 pos:0.15285010469788837 
976.txt neg neg:0.8988990387886362 pos:0.10110096121136386 
1130.txt neg neg:0.8103929437989554 pos:0.18960705620104457 
1646.txt neg neg:0.9356291456775616 pos:0.06437085432243846 
3113.txt neg neg:0.8582331769840884 pos:0.14176682301591162 
2753.txt neg neg:0.7932407930274674 pos:0.20675920697253244 
613.txt neg neg:0.5333367971377968 pos:0.4666632028622032 
2495.txt neg neg:0.8473159371278924 pos:0.15268406287210765 
1378.txt neg neg:0.7822374481511657 pos:0.21776255184883422 
2969.txt neg pos:0.6423560906394632 neg:0.35764390936053686 
2443.txt neg neg:0.7522790648576958 pos:0.24772093514230423 
3662.txt neg neg:0.6856395464708658 pos:0.31436045352913417 
2022.txt neg neg:0.866536689943975 pos:0.13346331005602494 
1690.txt neg pos:0.8680557256453909 neg:0.13194427435460912 
1137.txt neg neg:0.6514405055373894 pos:0.34855949446261064 
503.txt neg pos:0.9044523445055594 neg:0.09554765549444051 
1587.txt neg neg:0.8301047485991453 pos:0.16989525140085476 
3907.txt neg neg:0.7013499778491654 pos:0.2986500221508346 
884.txt neg pos:0.7914624194612815 neg:0.2085375805387186 
3797.txt neg pos:0.8672900899129242 neg:0.13270991008707583 
730.txt neg neg:0.6324381243596535 pos:0.3675618756403465 
3451.txt neg neg:0.6993859164114125 pos:0.30061408358858754 
2915.txt neg neg:0.9280310960849628 pos:0.07196890391503726 
1800.txt neg neg:0.6917261677062032 pos:0.3082738322937968 
380.txt neg pos:0.9035457190819998 neg:0.09645428091800026 
1958.txt neg neg:0.6801474302458385 pos:0.31985256975416154 
1989.txt neg neg:0.7852964711828548 pos:0.21470352881714524 
3384.txt neg neg:0.8979711894760247 pos:0.10202881052397522 
2967.txt neg neg:0.645951133232376 pos:0.35404886676762404 
2515.txt neg pos:0.905936730616589 neg:0.0940632693834109 
2174.txt neg neg:0.9771782979868215 pos:0.022821702013178336 
3093.txt neg neg:0.7987080143312639 pos:0.2012919856687361 
1558.txt neg neg:0.7229372116964801 pos:0.2770627883035199 
1589.txt neg neg:0.741468672124684 pos:0.25853132787531585 
4322.txt neg neg:0.6901230015700172 pos:0.30987699842998295 
2431.txt neg neg:0.8786477163194543 pos:0.12135228368054582 
110.txt neg neg:0.7426149162113389 pos:0.2573850837886612 
3166.txt neg neg:0.7885590019121211 pos:0.21144099808787892 
3975.txt neg neg:0.9037666429467263 pos:0.0962333570532738 
3039.txt neg neg:0.726732731750093 pos:0.27326726824990705 
117.txt neg neg:0.7177873319491446 pos:0.28221266805085543 
1284.txt neg neg:0.7535372703698588 pos:0.24646272963014104 
904.txt neg neg:0.9389629512861972 pos:0.06103704871380283 
576.txt neg neg:0.7858244525120133 pos:0.21417554748798673 
3161.txt neg pos:0.5651063049936265 neg:0.4348936950063735 
1980.txt neg pos:0.6675966968102482 neg:0.3324033031897517 
3972.txt neg neg:0.7572482045372844 pos:0.24275179546271564 
483.txt neg neg:0.6731690810310521 pos:0.3268309189689479 
3424.txt neg neg:0.7296452660259092 pos:0.2703547339740908 
1875.txt neg neg:0.5649303763751352 pos:0.43506962362486473 
3733.txt neg pos:0.8174371513411256 neg:0.18256284865887445 
978.txt neg neg:0.9589330329893208 pos:0.04106696701067936 
553.txt neg neg:0.8062241724056813 pos:0.1937758275943187 
921.txt neg neg:0.9386670149430939 pos:0.061332985056906035 
2861.txt neg neg:0.990403337407491 pos:0.00959666259250911 
644.txt neg neg:0.8329252914950909 pos:0.16707470850490908 
3144.txt neg neg:0.8442557962231203 pos:0.1557442037768796 
4300.txt neg neg:0.853282455855517 pos:0.14671754414448301 
2939.txt neg neg:0.8755958297284772 pos:0.1244041702715228 
288.txt neg neg:0.7225399190426828 pos:0.2774600809573172 
3588.txt neg pos:0.9034384975792497 neg:0.09656150242075023 
2778.txt neg neg:0.7021142363345887 pos:0.29788576366541136 
3138.txt neg neg:0.958234532183885 pos:0.041765467816115016 
301.txt neg neg:0.7930286336277609 pos:0.20697136637223904 
1043.txt neg neg:0.8790643603091207 pos:0.12093563969087925 
2290.txt neg pos:0.5851800904195067 neg:0.4148199095804933 
2537.txt neg neg:0.7622278900567081 pos:0.2377721099432918 
1850.txt neg neg:0.8138046801008393 pos:0.18619531989916072 
2009.txt neg neg:0.8661127105390236 pos:0.13388728946097633 
149.txt neg neg:0.9694180714251838 pos:0.030581928574816168 
4134.txt neg neg:0.6834616515605492 pos:0.31653834843945083 
1353.txt neg neg:0.92922451360369 pos:0.07077548639630996 
3874.txt neg pos:0.9407800938018376 neg:0.05921990619816237 
2297.txt neg neg:0.872075205402553 pos:0.12792479459744713 
1857.txt neg neg:0.7891195289384012 pos:0.21088047106159874 
2075.txt neg neg:0.845423280147508 pos:0.15457671985249194 
3635.txt neg neg:0.7785730345059723 pos:0.2214269654940277 
4199.txt neg neg:0.8417245729475678 pos:0.1582754270524321 
2414.txt neg neg:0.7964795975914671 pos:0.20352040240853278 
692.txt neg neg:0.7676708848909397 pos:0.23232911510906026 
643.txt neg neg:0.7155258045623519 pos:0.284474195437648 
1038.txt neg neg:0.8978230233859339 pos:0.10217697661406612 
3647.txt neg pos:0.7634671517967372 neg:0.23653284820326292 
281.txt neg neg:0.8338672362911159 pos:0.16613276370888397 
2814.txt neg neg:0.8911286569914845 pos:0.10887134300851554 
250.txt neg neg:0.8784490424445988 pos:0.1215509575554013 
2771.txt neg neg:0.6885841377364935 pos:0.31141586226350637 
3696.txt neg neg:0.9488507114958159 pos:0.051149288504184064 
3131.txt neg neg:0.7371047916373517 pos:0.26289520836264835 
308.txt neg neg:0.8073110174960818 pos:0.1926889825039181 
2299.txt neg neg:0.8648954704273204 pos:0.13510452957267965 
4197.txt neg neg:0.8366191608833193 pos:0.16338083911668078 
4146.txt neg pos:0.5263732996643556 neg:0.47362670033564436 
Trial 0 Trainer NaiveBayesTrainer Training Data Confusion Matrix
Confusion Matrix, row=true, column=predicted  accuracy=0.7755555555555556
  label   0   1  |total
  0 pos 546 354  |900
  1 neg  50 850  |900

Trial 0 Trainer NaiveBayesTrainer training data accuracy= 0.7755555555555556
Trial 0 Trainer NaiveBayesTrainer Test Data Confusion Matrix
Confusion Matrix, row=true, column=predicted  accuracy=0.635
  label   0   1  |total
  0 pos  44  56  |100
  1 neg  17  83  |100

Trial 0 Trainer NaiveBayesTrainer test data accuracy= 0.635

NaiveBayesTrainer
Summary. train accuracy mean = 0.7755555555555556 stddev = 0.0 stderr = 0.0
Summary. test accuracy mean = 0.635 stddev = 0.0 stderr = 0.0
