
-------------------- Trial 0  --------------------

Trial 0 Training MaxEntTrainer,gaussianPriorVariance=1.0 with 1800 instances
Trial 0 Training MaxEntTrainer,gaussianPriorVariance=1.0 finished
Trial 0 Trainer MaxEntTrainer,gaussianPriorVariance=1.0
 Raw Testing Data
cv295_17060.txt neg neg:0.9987350482292928 pos:0.0012649517707071685 
cv010_29063.txt neg pos:0.9700625119668186 neg:0.029937488033181282 
cv581_20790.txt neg neg:0.8224337401369226 pos:0.17756625986307736 
cv683_13047.txt neg neg:0.6501507823265203 pos:0.3498492176734796 
cv137_17020.txt neg neg:0.9981719099088984 pos:0.001828090091101695 
cv687_22207.txt neg neg:0.7862991399535608 pos:0.21370086004643912 
cv719_5581.txt neg pos:0.9016827817847677 neg:0.09831721821523237 
cv396_19127.txt neg neg:0.5470425346926939 pos:0.4529574653073061 
cv733_9891.txt neg neg:0.9560376809220437 pos:0.04396231907795628 
cv664_4264.txt neg neg:0.9865506919594638 pos:0.013449308040536272 
cv166_11959.txt neg neg:0.9927016108405914 pos:0.007298389159408686 
cv282_6833.txt neg neg:0.7412898862055135 pos:0.25871011379448644 
cv065_16909.txt neg neg:0.9997698963772569 pos:2.3010362274320935E-4 
cv516_12117.txt neg pos:0.5110680085664105 neg:0.4889319914335894 
cv577_28220.txt neg neg:0.9375885389482382 pos:0.062411461051761714 
cv098_17021.txt neg neg:0.5759155106218027 pos:0.42408448937819737 
cv812_19051.txt neg neg:0.9923821228124877 pos:0.007617877187512182 
cv085_15286.txt neg neg:0.9920118601272803 pos:0.007988139872719723 
cv043_16808.txt neg neg:0.9986749303013538 pos:0.001325069698646125 
cv715_19246.txt neg neg:0.9962657016078066 pos:0.0037342983921934973 
cv594_11945.txt neg neg:0.9883548856903238 pos:0.011645114309676139 
cv100_12406.txt neg neg:0.9141850990062446 pos:0.08581490099375545 
cv930_14949.txt neg neg:0.919950591335281 pos:0.08004940866471905 
cv348_19207.txt neg neg:0.9995795188336609 pos:4.204811663389916E-4 
cv691_5090.txt neg neg:0.996581984218786 pos:0.00341801578121413 
cv315_12638.txt neg neg:0.9469057001788916 pos:0.05309429982110837 
cv729_10475.txt neg neg:0.9807978569194505 pos:0.019202143080549405 
cv529_10972.txt neg pos:0.6709753658113744 neg:0.32902463418862565 
cv452_5179.txt neg neg:0.8909496735751326 pos:0.10905032642486741 
cv445_26683.txt neg neg:0.6886129022911348 pos:0.3113870977088652 
cv487_11058.txt neg pos:0.9636941312036212 neg:0.03630586879637884 
cv340_14776.txt neg pos:0.6485324018149154 neg:0.35146759818508444 
cv903_18981.txt neg neg:0.8765012968651812 pos:0.12349870313481884 
cv680_10533.txt neg neg:0.9979012952420652 pos:0.0020987047579347955 
cv998_15691.txt neg neg:0.9513241094621064 pos:0.04867589053789365 
cv268_20288.txt neg neg:0.9999576001396153 pos:4.2399860384591946E-5 
cv825_5168.txt neg neg:0.9982273356750324 pos:0.001772664324967608 
cv037_19798.txt neg neg:0.9995727229797349 pos:4.272770202652349E-4 
cv346_19198.txt neg neg:0.9972419332465864 pos:0.0027580667534136956 
cv775_17966.txt neg neg:0.9930748426092784 pos:0.0069251573907215145 
cv530_17949.txt neg neg:0.9175517124574151 pos:0.08244828754258492 
cv541_28683.txt neg neg:0.9983707406631251 pos:0.0016292593368749193 
cv274_26379.txt neg neg:0.9965714983752855 pos:0.0034285016247145215 
cv081_18241.txt neg neg:0.7009419444750655 pos:0.29905805552493453 
cv263_20693.txt neg neg:0.9998802158318869 pos:1.1978416811303583E-4 
cv720_5383.txt neg pos:0.7589274417959894 neg:0.24107255820401063 
cv217_28707.txt neg neg:0.9999629478396962 pos:3.705216030371777E-5 
cv379_23167.txt neg neg:0.7089542800243718 pos:0.2910457199756282 
cv482_11233.txt neg neg:0.9999302517284432 pos:6.974827155686148E-5 
cv254_5870.txt neg neg:0.999683834534487 pos:3.161654655128958E-4 
cv836_14311.txt neg neg:0.9970986671504879 pos:0.0029013328495121676 
cv373_21872.txt neg neg:0.9927222415635484 pos:0.00727775843645168 
cv241_24602.txt neg neg:0.958266650232448 pos:0.04173334976755215 
cv253_10190.txt neg neg:0.9995489269978391 pos:4.5107300216080715E-4 
cv234_22123.txt neg neg:0.9997645278689891 pos:2.3547213101082312E-4 
cv382_8393.txt neg neg:0.9983242393630214 pos:0.0016757606369787355 
cv714_19704.txt neg neg:0.999721135056725 pos:2.788649432750851E-4 
cv016_4348.txt neg neg:0.9998859419068845 pos:1.1405809311557407E-4 
cv874_12182.txt neg neg:0.9981873318603802 pos:0.0018126681396197974 
cv183_19826.txt neg neg:0.9662522223877814 pos:0.03374777761221848 
cv276_17126.txt neg neg:0.7706213638590143 pos:0.22937863614098572 
cv738_10287.txt neg neg:0.9998262718220791 pos:1.737281779210564E-4 
cv938_10706.txt neg neg:0.7852056095174079 pos:0.21479439048259208 
cv583_29465.txt neg neg:0.9658581231115955 pos:0.034141876888404636 
cv726_4365.txt neg neg:0.9993637136204965 pos:6.362863795035578E-4 
cv793_15235.txt neg neg:0.9780128327008342 pos:0.02198716729916583 
cv844_13890.txt neg neg:0.9960017110118635 pos:0.0039982889881365405 
cv792_3257.txt neg neg:0.7364836295201562 pos:0.2635163704798438 
cv143_21158.txt neg neg:0.9611383848432333 pos:0.038861615156766616 
cv392_12238.txt neg neg:0.7309670908004515 pos:0.26903290919954836 
cv465_23401.txt neg neg:0.9992640602707124 pos:7.359397292875836E-4 
cv017_23487.txt neg neg:0.999746299662707 pos:2.537003372929487E-4 
cv561_9484.txt neg neg:0.9957636095238404 pos:0.004236390476159545 
cv543_5107.txt neg neg:0.9555908758010054 pos:0.0444091241989947 
cv730_10729.txt neg pos:0.5484039156579975 neg:0.45159608434200244 
cv387_12391.txt neg neg:0.9467186604035168 pos:0.05328133959648313 
cv026_29229.txt neg neg:0.9185179572741068 pos:0.08148204272589321 
cv420_28631.txt neg neg:0.9997701596882025 pos:2.2984031179746123E-4 
cv759_15091.txt neg neg:0.9776781468747752 pos:0.022321853125224875 
cv419_14799.txt neg neg:0.9998555090560709 pos:1.444909439290857E-4 
cv332_17997.txt neg neg:0.9973755696254274 pos:0.002624430374572717 
cv303_27366.txt neg neg:0.8370659573101514 pos:0.16293404268984846 
cv500_10722.txt neg neg:0.9291992124549736 pos:0.0708007875450265 
cv311_17708.txt neg neg:0.7286934077715984 pos:0.27130659222840153 
cv855_22134.txt neg neg:0.9997658264998625 pos:2.3417350013754516E-4 
cv389_9611.txt neg neg:0.9812133963783163 pos:0.01878660362168379 
cv474_10682.txt neg neg:0.9998828776485152 pos:1.1712235148469703E-4 
cv791_17995.txt neg neg:0.9814900830034152 pos:0.018509916996584785 
cv635_0984.txt neg neg:0.9993623468974229 pos:6.376531025771746E-4 
cv580_15681.txt neg neg:0.8631009291501754 pos:0.1368990708498246 
cv732_13092.txt neg neg:0.9260461115674326 pos:0.07395388843256744 
cv943_23547.txt neg neg:0.6582345944332475 pos:0.3417654055667525 
cv628_20758.txt neg neg:0.9950662508660332 pos:0.00493374913396688 
cv273_28961.txt neg pos:0.8174015457838074 neg:0.1825984542161925 
cv342_20917.txt neg neg:0.5954911801369219 pos:0.4045088198630781 
cv702_12371.txt neg pos:0.5345280757577628 neg:0.4654719242422372 
cv993_29565.txt neg neg:0.9529837531015228 pos:0.0470162468984772 
cv769_8565.txt neg neg:0.8246973368390798 pos:0.17530266316092022 
cv613_23104.txt neg neg:0.9989343696141308 pos:0.0010656303858691443 
cv667_19672.txt neg neg:0.9700164361656596 pos:0.029983563834340504 
cv957_8737.txt pos pos:0.9942569392919399 neg:0.00574306070806009 
cv038_9749.txt pos pos:0.9974109321126049 neg:0.0025890678873952437 
cv739_11209.txt pos pos:0.9999606308133022 neg:3.936918669781861E-5 
cv895_21022.txt pos pos:0.9987646551449894 neg:0.0012353448550106497 
cv305_9946.txt pos pos:0.9915994390908998 neg:0.008400560909100309 
cv588_13008.txt pos pos:0.9695668729917353 neg:0.030433127008264598 
cv485_26649.txt pos pos:0.9964137418433516 neg:0.003586258156648425 
cv260_13959.txt pos pos:0.6801624409457363 neg:0.3198375590542637 
cv406_21020.txt pos pos:0.9518207904786289 neg:0.04817920952137119 
cv256_14740.txt pos pos:0.9999824014052572 neg:1.759859474275893E-5 
cv894_2068.txt pos pos:0.8435517162655816 neg:0.1564482837344183 
cv434_5793.txt pos pos:0.9682829428489602 neg:0.031717057151039715 
cv750_10180.txt pos pos:0.9989484227012561 neg:0.001051577298744009 
cv163_10052.txt pos pos:0.9999981092724476 neg:1.8907275522919288E-6 
cv056_13133.txt pos neg:0.6906877477411476 pos:0.3093122522588524 
cv030_21593.txt pos pos:0.9521255999004135 neg:0.04787440009958643 
cv195_14528.txt pos pos:0.9824454833813179 neg:0.017554516618682056 
cv415_22517.txt pos pos:0.9356265034003369 neg:0.06437349659966297 
cv915_8841.txt pos neg:0.8362175604574306 pos:0.16378243954256944 
cv948_24606.txt pos pos:0.9819186601943086 neg:0.01808133980569141 
cv602_8300.txt pos pos:0.9771677299144581 neg:0.022832270085541922 
cv874_11236.txt pos neg:0.897977312291181 pos:0.10202268770881888 
cv717_15953.txt pos pos:0.8678351847559685 neg:0.13216481524403154 
cv494_17389.txt pos pos:0.9989448171377735 neg:0.0010551828622266074 
cv838_24728.txt pos pos:0.7270981479232475 neg:0.2729018520767526 
cv847_1941.txt pos pos:0.9637552088415263 neg:0.03624479115847364 
cv827_18331.txt pos neg:0.5740274949055548 pos:0.4259725050944451 
cv825_5063.txt pos pos:0.5516051780797777 neg:0.4483948219202224 
cv710_22577.txt pos pos:0.9998515879300499 neg:1.4841206995009452E-4 
cv317_24049.txt pos pos:0.9987068679870753 neg:0.0012931320129247444 
cv437_22849.txt pos pos:0.7488322111937306 neg:0.2511677888062695 
cv923_11051.txt pos pos:0.9992878170194129 neg:7.121829805871084E-4 
cv016_4659.txt pos pos:0.9705775663673936 neg:0.029422433632606465 
cv295_15570.txt pos pos:0.8828241737551004 neg:0.11717582624489964 
cv870_16348.txt pos pos:0.9903635499951685 neg:0.009636450004831555 
cv119_9867.txt pos pos:0.5946651105356675 neg:0.40533488946433255 
cv627_11620.txt pos pos:0.9990084773879816 neg:9.915226120184343E-4 
cv963_6895.txt pos neg:0.8455265649953868 pos:0.15447343500461316 
cv732_12245.txt pos pos:0.9400221880232922 neg:0.059977811976707866 
cv525_16122.txt pos neg:0.716977531511968 pos:0.28302246848803203 
cv608_23231.txt pos neg:0.8598247180816956 pos:0.14017528191830433 
cv427_10825.txt pos pos:0.9691260268936748 neg:0.03087397310632529 
cv756_22540.txt pos pos:0.648723452471552 neg:0.351276547528448 
cv994_12270.txt pos neg:0.8370585487150509 pos:0.16294145128494897 
cv928_9168.txt pos pos:0.9418925313812732 neg:0.05810746861872692 
cv879_14903.txt pos pos:0.9900831180063208 neg:0.009916881993679214 
cv167_16376.txt pos pos:0.9997952946653588 neg:2.0470533464131763E-4 
cv134_22246.txt pos pos:0.9999545575706602 neg:4.544242933965626E-5 
cv126_28971.txt pos pos:0.5672034791480661 neg:0.432796520851934 
cv632_9610.txt pos pos:0.9983377164794051 neg:0.0016622835205948052 
cv991_18645.txt pos pos:0.9715619926179487 neg:0.028438007382051263 
cv530_16212.txt pos pos:0.9941162069414663 neg:0.005883793058533602 
cv552_10016.txt pos pos:0.9999884565513515 neg:1.154344864854788E-5 
cv673_24714.txt pos pos:0.9645508539678489 neg:0.035449146032151095 
cv265_10814.txt pos pos:0.9954552450718056 neg:0.004544754928194444 
cv446_11353.txt pos neg:0.642424484579444 pos:0.35757551542055593 
cv973_10066.txt pos pos:0.9775469378013935 neg:0.0224530621986065 
cv883_27751.txt pos pos:0.7123084555170509 neg:0.2876915444829491 
cv942_17082.txt pos pos:0.937477405769996 neg:0.0625225942300039 
cv399_2877.txt pos pos:0.982214511946182 neg:0.01778548805381802 
cv733_9839.txt pos pos:0.9999214952884551 neg:7.850471154491055E-5 
cv921_12747.txt pos pos:0.910514032793338 neg:0.08948596720666208 
cv954_18628.txt pos neg:0.6769658803819535 pos:0.3230341196180465 
cv149_15670.txt pos neg:0.9781290074970376 pos:0.02187099250296238 
cv081_16582.txt pos pos:0.9991900844839273 neg:8.099155160726923E-4 
cv113_23102.txt pos pos:0.9999226219770949 neg:7.737802290504916E-5 
cv477_22479.txt pos pos:0.9961172820634095 neg:0.0038827179365904497 
cv744_10038.txt pos neg:0.9628686577532464 pos:0.0371313422467536 
cv501_11657.txt pos pos:0.9998365281200166 neg:1.6347187998341314E-4 
cv747_16556.txt pos pos:0.9936651432702508 neg:0.006334856729749141 
cv268_18834.txt pos pos:0.5385298673880818 neg:0.46147013261191816 
cv489_17906.txt pos neg:0.9892354028855063 pos:0.010764597114493785 
cv540_3421.txt pos pos:0.9169650995049913 neg:0.08303490049500879 
cv442_13846.txt pos pos:0.9895511392231354 neg:0.010448860776864435 
cv757_10189.txt pos pos:0.9333042574305228 neg:0.06669574256947719 
cv843_15544.txt pos pos:0.9937553161346183 neg:0.006244683865381709 
cv441_13711.txt pos pos:0.9108892246345822 neg:0.08911077536541771 
cv900_10331.txt pos pos:0.9993106460708179 neg:6.893539291821923E-4 
cv500_10251.txt pos neg:0.5583076055638787 pos:0.4416923944361213 
cv714_18502.txt pos pos:0.7123978761788309 neg:0.287602123821169 
cv001_18431.txt pos pos:0.962877650763943 neg:0.03712234923605701 
cv537_12370.txt pos pos:0.9205600687218092 neg:0.0794399312781908 
cv858_18819.txt pos neg:0.7102834438279029 pos:0.2897165561720972 
cv278_13041.txt pos pos:0.8066394515266525 neg:0.1933605484733475 
cv032_22550.txt pos pos:0.9997536090300583 neg:2.4639096994184047E-4 
cv217_28842.txt pos pos:0.923329355636082 neg:0.07667064436391799 
cv017_22464.txt pos pos:0.999926234281375 neg:7.376571862515309E-5 
cv321_12843.txt pos neg:0.6982667337824765 pos:0.30173326621752355 
cv068_13400.txt pos pos:0.8093818858823527 neg:0.19061811411764717 
cv123_11182.txt pos pos:0.9988772498560552 neg:0.0011227501439449335 
cv251_22636.txt pos pos:0.9808478866413018 neg:0.019152113358698288 
cv932_13401.txt pos neg:0.9724374770784633 pos:0.027562522921536634 
cv614_10626.txt pos pos:0.6745488829511941 neg:0.3254511170488059 
cv792_3832.txt pos neg:0.9318847998531868 pos:0.0681152001468132 
cv671_5054.txt pos pos:0.9922738510767303 neg:0.00772614892326967 
cv440_15243.txt pos pos:0.9779733051437134 neg:0.02202669485628649 
cv772_12119.txt pos pos:0.9991591839441287 neg:8.408160558712296E-4 
cv976_10267.txt pos pos:0.9944351489569776 neg:0.005564851043022512 
cv679_28559.txt pos pos:0.9918748642022315 neg:0.008125135797768473 
cv076_24945.txt pos pos:0.9986682876861277 neg:0.001331712313872305 
Trial 0 Trainer MaxEntTrainer,gaussianPriorVariance=1.0 Training Data Confusion Matrix
Confusion Matrix, row=true, column=predicted  accuracy=1.0
  label   0   1  |total
  0 neg 900   .  |900
  1 pos   . 900  |900

Trial 0 Trainer MaxEntTrainer,gaussianPriorVariance=1.0 training data accuracy= 1.0
Trial 0 Trainer MaxEntTrainer,gaussianPriorVariance=1.0 Test Data Confusion Matrix
Confusion Matrix, row=true, column=predicted  accuracy=0.86
  label   0   1  |total
  0 neg  90  10  |100
  1 pos  18  82  |100

Trial 0 Trainer MaxEntTrainer,gaussianPriorVariance=1.0 test data accuracy= 0.86

MaxEntTrainer,gaussianPriorVariance=1.0
Summary. train accuracy mean = 1.0 stddev = 0.0 stderr = 0.0
Summary. test accuracy mean = 0.86 stddev = 0.0 stderr = 0.0
