
-------------------- Trial 0  --------------------

Trial 0 Training MaxEntTrainer,gaussianPriorVariance=1.0 with 1800 instances
Trial 0 Training MaxEntTrainer,gaussianPriorVariance=1.0 finished
Trial 0 Trainer MaxEntTrainer,gaussianPriorVariance=1.0
 Raw Testing Data
cv980_11851.txt neg neg:0.9997613108011194 pos:2.386891988806309E-4 
cv638_29394.txt neg neg:0.8811031067110126 pos:0.1188968932889875 
cv967_5626.txt neg neg:0.5361849969794505 pos:0.4638150030205494 
cv956_12547.txt neg neg:0.9945615031690149 pos:0.005438496830985096 
cv754_7709.txt neg neg:0.9637630530809874 pos:0.03623694691901263 
cv209_28973.txt neg neg:0.9915256133960619 pos:0.008474386603938056 
cv453_10911.txt neg neg:0.9998702358113152 pos:1.2976418868472506E-4 
cv349_15032.txt neg neg:0.9981424234608873 pos:0.0018575765391127773 
cv244_22935.txt neg neg:0.9999904633646327 pos:9.536635367278699E-6 
cv281_24711.txt neg neg:0.9910836373636916 pos:0.008916362636308255 
cv771_28466.txt neg neg:0.9957796015906435 pos:0.00422039840935657 
cv948_25870.txt neg neg:0.9999025091256876 pos:9.749087431230863E-5 
cv309_23737.txt neg pos:0.9710785964842799 neg:0.02892140351572002 
cv062_24556.txt neg neg:0.9924355743407104 pos:0.007564425659289464 
cv483_18103.txt neg neg:0.9877477641843309 pos:0.012252235815669069 
cv889_22670.txt neg pos:0.5477233101765631 neg:0.4522766898234369 
cv905_28965.txt neg pos:0.9892141736912788 neg:0.01078582630872118 
cv808_13773.txt neg pos:0.6647897040236785 neg:0.3352102959763214 
cv157_29302.txt neg neg:0.9135529694841236 pos:0.08644703051587652 
cv470_17444.txt neg neg:0.9994724836433344 pos:5.275163566656917E-4 
cv612_5396.txt neg neg:0.5581715176152536 pos:0.44182848238474637 
cv799_19812.txt neg neg:0.9661806316339383 pos:0.0338193683660618 
cv622_8583.txt neg neg:0.9493240823197558 pos:0.05067591768024424 
cv381_21673.txt neg pos:0.8516589496877107 neg:0.1483410503122893 
cv985_5964.txt neg neg:0.9972288466909782 pos:0.002771153309021846 
cv575_22598.txt neg neg:0.7401369546420542 pos:0.2598630453579458 
cv810_13660.txt neg neg:0.7969825092197151 pos:0.203017490780285 
cv331_8656.txt neg pos:0.573635055694805 neg:0.42636494430519495 
cv438_8500.txt neg neg:0.9880737202554065 pos:0.011926279744593458 
cv235_10704.txt neg neg:0.998931932558448 pos:0.0010680674415518665 
cv145_12239.txt neg pos:0.7547832935575929 neg:0.245216706442407 
cv472_29140.txt neg pos:0.9861821758375702 neg:0.01381782416242994 
cv320_9693.txt neg pos:0.9323137664872485 neg:0.06768623351275152 
cv757_10668.txt neg neg:0.7051950640217601 pos:0.2948049359782399 
cv106_18379.txt neg pos:0.564320610856284 neg:0.435679389143716 
cv034_29446.txt neg neg:0.9318817360375046 pos:0.06811826396249537 
cv586_8048.txt neg neg:0.9999996258532294 pos:3.7414677065932746E-7 
cv220_28906.txt neg pos:0.7230548581660046 neg:0.27694514183399543 
cv226_26692.txt neg neg:0.9999714842140487 pos:2.8515785951338104E-5 
cv576_15688.txt neg neg:0.7374033046189311 pos:0.26259669538106883 
cv654_19345.txt neg neg:0.9436765019731861 pos:0.0563234980268139 
cv153_11607.txt neg neg:0.9627436719302105 pos:0.037256328069789464 
cv827_19479.txt neg neg:0.9989353617318153 pos:0.0010646382681847408 
cv937_9816.txt neg neg:0.9996437065458675 pos:3.56293454132583E-4 
cv869_24782.txt neg neg:0.9929280511287639 pos:0.007071948871236095 
cv960_28877.txt neg neg:0.9921477586007176 pos:0.00785224139928232 
cv519_16239.txt neg pos:0.8491273449138124 neg:0.15087265508618766 
cv370_5338.txt neg neg:0.8394199937621071 pos:0.16058000623789284 
cv154_9562.txt neg neg:0.9924864007641698 pos:0.007513599235830228 
cv195_16146.txt neg neg:0.8634348527245174 pos:0.13656514727548263 
cv852_27512.txt neg neg:0.9159815218737992 pos:0.08401847812620077 
cv178_14380.txt neg neg:0.8739902935288522 pos:0.12600970647114793 
cv124_3903.txt neg pos:0.7907186365543387 neg:0.20928136344566137 
cv718_12227.txt neg neg:0.9997759225805789 pos:2.2407741942103305E-4 
cv504_29120.txt neg neg:0.931544764843674 pos:0.06845523515632598 
cv681_9744.txt neg neg:0.9944208896289476 pos:0.00557911037105235 
cv012_29411.txt neg neg:0.9996660305323294 pos:3.3396946767070884E-4 
cv882_10042.txt neg neg:0.9989217982777687 pos:0.0010782017222313975 
cv115_26443.txt neg neg:0.9539767172549715 pos:0.04602328274502859 
cv462_20788.txt neg pos:0.6657448001474785 neg:0.33425519985252156 
cv909_9973.txt neg neg:0.9040708648802731 pos:0.09592913511972684 
cv314_16095.txt neg neg:0.9134524034970725 pos:0.08654759650292741 
cv206_15893.txt neg neg:0.9411309369738439 pos:0.058869063026156146 
cv408_5367.txt neg neg:0.9933270720454969 pos:0.0066729279545030065 
cv617_9561.txt neg neg:0.7485673034792409 pos:0.2514326965207591 
cv705_11973.txt neg neg:0.9449123198421858 pos:0.055087680157814296 
cv114_19501.txt neg neg:0.9932477762466835 pos:0.006752223753316487 
cv047_18725.txt neg neg:0.6629297958874151 pos:0.33707020411258487 
cv834_23192.txt neg neg:0.9997744957560843 pos:2.2550424391559526E-4 
cv489_19046.txt neg neg:0.99965226730887 pos:3.4773269113000903E-4 
cv737_28733.txt neg neg:0.9994279644900872 pos:5.720355099127341E-4 
cv384_18536.txt neg neg:0.9734998882171948 pos:0.026500111782805105 
cv176_14196.txt neg pos:0.6506523788708579 neg:0.349347621129142 
cv248_15672.txt neg neg:0.9952218681216843 pos:0.004778131878315653 
cv919_18155.txt neg neg:0.9770281565690461 pos:0.022971843430953976 
cv151_17231.txt neg neg:0.612158842446758 pos:0.387841157553242 
cv996_12447.txt neg neg:0.989768080431994 pos:0.010231919568005891 
cv432_15873.txt neg neg:0.9948015500352225 pos:0.005198449964777411 
cv634_11989.txt neg neg:0.9562587343059297 pos:0.04374126569407038 
cv200_29006.txt neg pos:0.9973810681261482 neg:0.002618931873851825 
cv208_9475.txt neg neg:0.9844448199276683 pos:0.015555180072331814 
cv896_17819.txt neg neg:0.9919203953534605 pos:0.008079604646539323 
cv626_7907.txt neg neg:0.9833190529021401 pos:0.01668094709785994 
cv446_12209.txt neg neg:0.989317298502335 pos:0.010682701497665103 
cv116_28734.txt neg neg:0.912103249278613 pos:0.087896750721387 
cv631_4782.txt neg pos:0.9233896398205479 neg:0.07661036017945215 
cv973_10171.txt neg neg:0.9995821409383778 pos:4.178590616220741E-4 
cv782_21078.txt neg neg:0.9727730559365474 pos:0.027226944063452642 
cv865_28796.txt neg neg:0.8759095047681172 pos:0.1240904952318828 
cv766_7983.txt neg neg:0.9999941444852856 pos:5.855514714410846E-6 
cv623_16988.txt neg neg:0.9975728228737162 pos:0.002427177126283956 
cv591_24887.txt neg neg:0.9952486643502796 pos:0.004751335649720471 
cv832_24713.txt neg neg:0.9989603175102275 pos:0.0010396824897724614 
cv741_12765.txt neg neg:0.8148673483121893 pos:0.18513265168781065 
cv826_12761.txt neg pos:0.9926813002892535 neg:0.007318699710746539 
cv904_25663.txt neg neg:0.5990578699127921 pos:0.4009421300872079 
cv308_5079.txt neg neg:0.998793589641434 pos:0.0012064103585659436 
cv712_24217.txt neg neg:0.9844797235399456 pos:0.015520276460054319 
cv548_18944.txt neg neg:0.9233940532567132 pos:0.07660594674328693 
cv232_16768.txt neg pos:0.6226272759912714 neg:0.3773727240087286 
cv146_18458.txt pos pos:0.9999760921286914 neg:2.3907871308580594E-5 
cv815_22456.txt pos pos:0.9933465707859914 neg:0.006653429214008519 
cv960_29007.txt pos neg:0.934760522254527 pos:0.06523947774547312 
cv791_16302.txt pos pos:0.9846181702457698 neg:0.01538182975423012 
cv480_19817.txt pos pos:0.9921985897587049 neg:0.007801410241295122 
cv936_15954.txt pos pos:0.9988634504667497 neg:0.0011365495332503583 
cv822_20049.txt pos pos:0.9994125771821849 neg:5.874228178151856E-4 
cv189_22934.txt pos neg:0.7171951967834226 pos:0.28280480321657736 
cv041_21113.txt pos pos:0.9657249504039664 neg:0.03427504959603358 
cv051_10306.txt pos pos:0.9998775241185688 neg:1.2247588143129558E-4 
cv079_11933.txt pos pos:0.9223383882849227 neg:0.07766161171507728 
cv580_14064.txt pos pos:0.622892528651555 neg:0.377107471348445 
cv502_10406.txt pos neg:0.6662166969065412 pos:0.3337833030934588 
cv909_9960.txt pos pos:0.6186908165630162 neg:0.38130918343698383 
cv600_23878.txt pos pos:0.9986762315580245 neg:0.0013237684419754587 
cv198_18180.txt pos pos:0.9709943852321149 neg:0.029005614767885053 
cv074_6875.txt pos pos:0.9999264929124706 neg:7.350708752940693E-5 
cv553_26915.txt pos pos:0.9954525248414702 neg:0.004547475158529844 
cv833_11053.txt pos pos:0.9963297745718568 neg:0.003670225428143097 
cv322_20318.txt pos pos:0.7245844232823897 neg:0.2754155767176102 
cv520_12295.txt pos pos:0.9279621237486512 neg:0.0720378762513489 
cv386_10080.txt pos pos:0.9953870479976901 neg:0.004612952002309885 
cv713_29155.txt pos pos:0.630618524899554 neg:0.36938147510044606 
cv877_29274.txt pos pos:0.7743073782236224 neg:0.22569262177637767 
cv511_10132.txt pos pos:0.9990956835215622 neg:9.043164784378187E-4 
cv297_10047.txt pos pos:0.9236368332633085 neg:0.0763631667366915 
cv579_11605.txt pos pos:0.5855812606874631 neg:0.41441873931253687 
cv637_1250.txt pos pos:0.8684235677087504 neg:0.13157643229124955 
cv222_17395.txt pos pos:0.9733456469723167 neg:0.026654353027683313 
cv397_29023.txt pos neg:0.8326246650975672 pos:0.16737533490243292 
cv549_21443.txt pos pos:0.9963850432252697 neg:0.0036149567747303215 
cv012_29576.txt pos pos:0.99923313155936 neg:7.668684406400678E-4 
cv077_22138.txt pos pos:0.9726307773583587 neg:0.027369222641641277 
cv115_25396.txt pos pos:0.9993125290913702 neg:6.874709086296066E-4 
cv659_19944.txt pos pos:0.9654468141158636 neg:0.034553185884136466 
cv755_23616.txt pos pos:0.9777852406485164 neg:0.022214759351483693 
cv555_23922.txt pos neg:0.9688219281611465 pos:0.03117807183885343 
cv143_19666.txt pos pos:0.999953075581925 neg:4.692441807508469E-5 
cv738_10116.txt pos pos:0.9999985559151446 neg:1.4440848552234489E-6 
cv203_17986.txt pos pos:0.9722247910941251 neg:0.027775208905874853 
cv908_16009.txt pos pos:0.9135860713668599 neg:0.08641392863314008 
cv716_10514.txt pos neg:0.9841245934864438 pos:0.015875406513556276 
cv353_18159.txt pos pos:0.9054649285888429 neg:0.09453507141115708 
cv727_4978.txt pos pos:0.8138669546146081 neg:0.186133045385392 
cv304_28706.txt pos pos:0.9711345834794912 neg:0.028865416520508832 
cv072_6169.txt pos neg:0.5348311132614947 pos:0.46516888673850537 
cv350_20670.txt pos pos:0.9625984118480769 neg:0.03740158815192302 
cv591_23640.txt pos pos:0.9999179756679651 neg:8.202433203486203E-5 
cv280_8267.txt pos pos:0.5733226508745612 neg:0.42667734912543875 
cv082_11080.txt pos neg:0.9612642660577017 pos:0.03873573394229822 
cv754_7216.txt pos pos:0.9588872136971827 neg:0.04111278630281728 
cv761_12620.txt pos neg:0.8353180198822492 pos:0.1646819801177509 
cv609_23877.txt pos pos:0.9729817707235132 neg:0.027018229276486838 
cv190_27052.txt pos pos:0.9999414591597723 neg:5.854084022772818E-5 
cv562_10359.txt pos neg:0.6603758442502783 pos:0.3396241557497218 
cv814_18975.txt pos neg:0.5068680185073824 pos:0.4931319814926177 
cv245_8569.txt pos pos:0.9990247378012073 neg:9.752621987927578E-4 
cv117_24295.txt pos pos:0.845110133134008 neg:0.15488986686599196 
cv465_22431.txt pos pos:0.6560356109221819 neg:0.3439643890778181 
cv899_16014.txt pos pos:0.9943725323130987 neg:0.005627467686901309 
cv667_18467.txt pos pos:0.9992322074904583 neg:7.677925095417621E-4 
cv852_27523.txt pos pos:0.9149960329349559 neg:0.08500396706504416 
cv821_29364.txt pos pos:0.993436521973433 neg:0.006563478026566909 
cv805_19601.txt pos pos:0.9933255523299794 neg:0.006674447670020577 
cv064_24576.txt pos pos:0.9797899676694994 neg:0.020210032330500574 
cv173_4471.txt pos neg:0.6998125477308498 pos:0.3001874522691503 
cv845_14290.txt pos pos:0.9968126151529383 neg:0.0031873848470617434 
cv634_11101.txt pos pos:0.9907556823773592 neg:0.009244317622640762 
cv085_1381.txt pos pos:0.9996808669660422 neg:3.191330339579049E-4 
cv556_14808.txt pos pos:0.999998857734661 neg:1.14226533884073E-6 
cv536_27134.txt pos pos:0.8712426804485316 neg:0.1287573195514683 
cv027_25219.txt pos pos:0.9999896234451252 neg:1.0376554874745201E-5 
cv379_21963.txt pos pos:0.9985633543782776 neg:0.0014366456217223247 
cv028_26746.txt pos neg:0.9492239310388562 pos:0.05077606896114375 
cv404_20315.txt pos neg:0.5423997083883972 pos:0.4576002916116028 
cv124_4122.txt pos neg:0.8531603225124307 pos:0.14683967748756938 
cv062_23115.txt pos pos:0.9986783586264824 neg:0.001321641373517613 
cv983_22928.txt pos pos:0.9989429719669606 neg:0.0010570280330395294 
cv774_13845.txt pos pos:0.9556957621637393 neg:0.044304237836260786 
cv409_29786.txt pos pos:0.9790539278136643 neg:0.020946072186335717 
cv982_21103.txt pos pos:0.9872471412717777 neg:0.012752858728222304 
cv589_12064.txt pos pos:0.991715333084795 neg:0.008284666915205002 
cv232_14991.txt pos pos:0.9215973725618117 neg:0.07840262743818836 
cv382_7897.txt pos pos:0.9996936051016148 neg:3.063948983851751E-4 
cv368_10466.txt pos pos:0.9966136012264477 neg:0.0033863987735522445 
cv202_10654.txt pos pos:0.9931024249795418 neg:0.006897575020458219 
cv168_7050.txt pos pos:0.9993980969692186 neg:6.019030307814612E-4 
cv862_14324.txt pos pos:0.9999993682627847 neg:6.317372153069844E-7 
cv484_25054.txt pos pos:0.8644875350027644 neg:0.13551246499723546 
cv891_6385.txt pos neg:0.9297177685639284 pos:0.07028223143607155 
cv065_15248.txt pos pos:0.9996822314134892 neg:3.177685865107762E-4 
cv138_12721.txt pos neg:0.7061865763332201 pos:0.2938134236667798 
cv829_20289.txt pos pos:0.9923257044408463 neg:0.007674295559153745 
cv291_26635.txt pos pos:0.982506478317807 neg:0.017493521682192904 
cv699_7223.txt pos neg:0.5262634126727198 pos:0.47373658732728013 
cv918_2693.txt pos pos:0.710593099681924 neg:0.28940690031807603 
cv715_18179.txt pos pos:0.6489574247913406 neg:0.3510425752086594 
cv643_29349.txt pos neg:0.6451014784848018 pos:0.3548985215151982 
cv786_22497.txt pos pos:0.9910811107441051 neg:0.008918889255894926 
cv767_14062.txt pos pos:0.9962113708902935 neg:0.0037886291097063824 
Trial 0 Trainer MaxEntTrainer,gaussianPriorVariance=1.0 Training Data Confusion Matrix
Confusion Matrix, row=true, column=predicted  accuracy=1.0
  label   0   1  |total
  0 neg 900   .  |900
  1 pos   . 900  |900

Trial 0 Trainer MaxEntTrainer,gaussianPriorVariance=1.0 training data accuracy= 1.0
Trial 0 Trainer MaxEntTrainer,gaussianPriorVariance=1.0 Test Data Confusion Matrix
Confusion Matrix, row=true, column=predicted  accuracy=0.81
  label   0   1  |total
  0 neg  81  19  |100
  1 pos  19  81  |100

Trial 0 Trainer MaxEntTrainer,gaussianPriorVariance=1.0 test data accuracy= 0.81

MaxEntTrainer,gaussianPriorVariance=1.0
Summary. train accuracy mean = 1.0 stddev = 0.0 stderr = 0.0
Summary. test accuracy mean = 0.81 stddev = 0.0 stderr = 0.0
