
-------------------- Trial 0  --------------------

Trial 0 Training MaxEntTrainer,gaussianPriorVariance=1.0 with 1800 instances
Trial 0 Training MaxEntTrainer,gaussianPriorVariance=1.0 finished
Trial 0 Trainer MaxEntTrainer,gaussianPriorVariance=1.0
 Raw Testing Data
cv242_11354.txt neg neg:0.8549080938245721 pos:0.14509190617542797 
cv804_11763.txt neg neg:0.7790918583006928 pos:0.2209081416993071 
cv313_19337.txt neg neg:0.9999365504173707 pos:6.344958262926533E-5 
cv019_16117.txt neg neg:0.9956035867981344 pos:0.004396413201865602 
cv821_29283.txt neg pos:0.5175158104222631 neg:0.48248418957773687 
cv347_14722.txt neg neg:0.994244263484212 pos:0.005755736515787933 
cv780_8467.txt neg pos:0.7906467358114884 neg:0.2093532641885115 
cv711_12687.txt neg neg:0.9820691609447598 pos:0.017930839055240108 
cv537_13516.txt neg neg:0.9237879674959836 pos:0.07621203250401642 
cv831_16325.txt neg neg:0.8253912068466387 pos:0.17460879315336128 
cv550_23226.txt neg neg:0.9986245973735673 pos:0.001375402626432567 
cv300_23302.txt neg neg:0.9981408952070595 pos:0.0018591047929406197 
cv800_13494.txt neg neg:0.998152393260188 pos:0.001847606739811887 
cv563_18610.txt neg pos:0.5513585844834301 neg:0.4486414155165699 
cv877_29132.txt neg neg:0.8352237324854896 pos:0.16477626751451036 
cv862_15924.txt neg pos:0.9583003877589459 neg:0.04169961224105406 
cv595_26420.txt neg neg:0.9992990752743985 pos:7.009247256015323E-4 
cv599_22197.txt neg neg:0.9982013527633466 pos:0.0017986472366533805 
cv688_7884.txt neg neg:0.9717297674989618 pos:0.028270232501038252 
cv129_18373.txt neg neg:0.984756375202558 pos:0.015243624797442097 
cv994_13229.txt neg neg:0.9999021857980636 pos:9.78142019365699E-5 
cv066_11668.txt neg neg:0.9943857838663203 pos:0.0056142161336798216 
cv434_5641.txt neg pos:0.7375954785926864 neg:0.26240452140731363 
cv923_11951.txt neg neg:0.9996552592524284 pos:3.447407475716714E-4 
cv845_15886.txt neg pos:0.9844658446506818 neg:0.015534155349318284 
cv310_14568.txt neg neg:0.9999219873941706 pos:7.801260582935988E-5 
cv928_9478.txt neg neg:0.9978749469915539 pos:0.002125053008446019 
cv172_12037.txt neg neg:0.8750278508694037 pos:0.12497214913059633 
cv503_11196.txt neg neg:0.8920008623232166 pos:0.10799913767678339 
cv255_15267.txt neg neg:0.9013025681353941 pos:0.09869743186460578 
cv491_12992.txt neg neg:0.9999310427219418 pos:6.895727805823429E-5 
cv060_11754.txt neg pos:0.8219668009556846 neg:0.17803319904431544 
cv344_5376.txt neg neg:0.9927586916021585 pos:0.007241308397841474 
cv837_27232.txt neg neg:0.9827769905377383 pos:0.01722300946226186 
cv997_5152.txt neg neg:0.9855684890921843 pos:0.01443151090781577 
cv120_3793.txt neg pos:0.8139502472017454 neg:0.1860497527982547 
cv330_29675.txt neg pos:0.8540379396859186 neg:0.14596206031408157 
cv625_13518.txt neg neg:0.9678190625365254 pos:0.032180937463474585 
cv990_12443.txt neg neg:0.9726714380229389 pos:0.02732856197706108 
cv357_14710.txt neg neg:0.9459677567662033 pos:0.054032243233796684 
cv182_7791.txt neg pos:0.6412113087279122 neg:0.35878869127208773 
cv724_15265.txt neg neg:0.9826592510187924 pos:0.01734074898120759 
cv429_7937.txt neg neg:0.9999719088242756 pos:2.8091175724365146E-5 
cv077_23172.txt neg neg:0.988882239725361 pos:0.011117760274638924 
cv285_18186.txt neg neg:0.9988056543954505 pos:0.0011943456045494572 
cv104_19176.txt neg pos:0.9946158283468295 neg:0.005384171653170629 
cv958_13020.txt neg neg:0.9675662087908147 pos:0.03243379120918533 
cv987_7394.txt neg neg:0.999825679406523 pos:1.7432059347696917E-4 
cv250_26462.txt neg neg:0.7369220746931687 pos:0.2630779253068312 
cv411_16799.txt neg neg:0.9888447765685527 pos:0.011155223431447122 
cv298_24487.txt neg neg:0.7086902895669323 pos:0.29130971043306775 
cv824_9335.txt neg neg:0.8154786189480842 pos:0.18452138105191573 
cv053_23117.txt neg neg:0.9999863149437973 pos:1.368505620269413E-5 
cv659_21483.txt neg neg:0.993501678882532 pos:0.006498321117467978 
cv751_17208.txt neg neg:0.9631866922427198 pos:0.03681330775728021 
cv665_29386.txt neg neg:0.9983954523115725 pos:0.0016045476884274914 
cv180_17823.txt neg neg:0.99929956993315 pos:7.004300668499771E-4 
cv920_29423.txt neg neg:0.6240893973376012 pos:0.37591060266239884 
cv149_17084.txt neg neg:0.9844992139499339 pos:0.015500786050066013 
cv898_1576.txt neg neg:0.9986410760553763 pos:0.0013589239446236995 
cv025_29825.txt neg pos:0.8109257470890353 neg:0.1890742529109647 
cv290_11981.txt neg neg:0.9528619138804988 pos:0.04713808611950122 
cv134_23300.txt neg neg:0.9981259058559048 pos:0.0018740941440953177 
cv931_18783.txt neg neg:0.9247177247377111 pos:0.07528227526228899 
cv527_10338.txt neg pos:0.7896516524479457 neg:0.21034834755205445 
cv261_11855.txt neg neg:0.9437921733557221 pos:0.056207826644277994 
cv233_17614.txt neg neg:0.6163964931264079 pos:0.3836035068735921 
cv082_11979.txt neg neg:0.9988328039658946 pos:0.0011671960341054124 
cv410_25624.txt neg neg:0.9659143443146205 pos:0.03408565568537949 
cv191_29539.txt neg neg:0.9964603791052427 pos:0.003539620894757309 
cv225_29083.txt neg neg:0.9966036050053193 pos:0.0033963949946806374 
cv894_22140.txt neg neg:0.9991112979045035 pos:8.887020954966194E-4 
cv094_27868.txt neg pos:0.9104456277918259 neg:0.08955437220817415 
cv401_13758.txt neg neg:0.9966370983354378 pos:0.003362901664562123 
cv951_11816.txt neg neg:0.9785083592162097 pos:0.021491640783790268 
cv044_18429.txt neg neg:0.9967712134317338 pos:0.003228786568266163 
cv118_28837.txt neg neg:0.9828806017486025 pos:0.017119398251397418 
cv588_14467.txt neg neg:0.9995642813893859 pos:4.3571861061399565E-4 
cv141_17179.txt neg neg:0.9998739524323927 pos:1.2604756760734682E-4 
cv256_16529.txt neg neg:0.9998772575700648 pos:1.2274242993508993E-4 
cv286_26156.txt neg neg:0.9977394647918845 pos:0.002260535208115419 
cv564_12011.txt neg pos:0.7374396809769127 neg:0.26256031902308735 
cv096_12262.txt neg neg:0.9578686039147307 pos:0.04213139608526933 
cv540_3092.txt neg neg:0.9899090467020006 pos:0.010090953297999295 
cv020_9234.txt neg neg:0.9859941804810378 pos:0.014005819518962202 
cv493_14135.txt neg neg:0.9994633600819934 pos:5.366399180066972E-4 
cv015_29356.txt neg neg:0.9292419972330682 pos:0.07075800276693177 
cv397_28890.txt neg neg:0.9999437171230976 pos:5.628287690249443E-5 
cv736_24947.txt neg neg:0.999959997536258 pos:4.0002463742026416E-5 
cv198_19313.txt neg pos:0.6874720494349027 neg:0.31252795056509725 
cv915_9342.txt neg neg:0.9998178611420107 pos:1.8213885798941767E-4 
cv456_20370.txt neg neg:0.9924806519643492 pos:0.007519348035650917 
cv448_16409.txt neg pos:0.8690717049335991 neg:0.13092829506640094 
cv391_11615.txt neg neg:0.635044787116201 pos:0.364955212883799 
cv033_25680.txt neg neg:0.783222682072553 pos:0.216777317927447 
cv301_13010.txt neg neg:0.5174930827760231 pos:0.48250691722397687 
cv127_16451.txt neg pos:0.5637540292510186 neg:0.43624597074898147 
cv359_6751.txt neg pos:0.9827116993453757 neg:0.017288300654624195 
cv578_16825.txt neg neg:0.9662487537635142 pos:0.033751246236485795 
cv633_29730.txt neg neg:0.9989124331886755 pos:0.0010875668113245343 
cv709_10529.txt pos pos:0.984522787974068 neg:0.015477212025932092 
cv510_23360.txt pos pos:0.9641223538948069 neg:0.035877646105192985 
cv235_10217.txt pos neg:0.5216191484321795 pos:0.47838085156782045 
cv362_15341.txt pos pos:0.9933813835512364 neg:0.006618616448763656 
cv103_11021.txt pos pos:0.8029254063125932 neg:0.19707459368740687 
cv697_11162.txt pos pos:0.9366923662672684 neg:0.06330763373273167 
cv795_10122.txt pos pos:0.9996357820121314 neg:3.642179878684533E-4 
cv871_24888.txt pos neg:0.8972391410731961 pos:0.10276085892680382 
cv636_15279.txt pos pos:0.7861593434245574 neg:0.21384065657544252 
cv294_11684.txt pos pos:0.9999509757975951 neg:4.902420240500552E-5 
cv745_12773.txt pos pos:0.8859217657458427 neg:0.11407823425415722 
cv557_11449.txt pos pos:0.8321180703876759 neg:0.167881929612324 
cv248_13987.txt pos pos:0.9988695851246898 neg:0.0011304148753101561 
cv454_2053.txt pos pos:0.8723487747881091 neg:0.12765122521189082 
cv468_15228.txt pos pos:0.9986729124133152 neg:0.0013270875866847338 
cv464_15650.txt pos pos:0.8259948078755663 neg:0.17400519212443363 
cv816_13655.txt pos neg:0.9468483505971445 pos:0.05315164940285561 
cv856_29013.txt pos pos:0.9029288492993858 neg:0.09707115070061421 
cv596_28311.txt pos pos:0.9977062710136222 neg:0.002293728986377669 
cv848_10036.txt pos pos:0.9980859184671443 neg:0.0019140815328556075 
cv050_11175.txt pos neg:0.5997804030315685 pos:0.40021959696843146 
cv819_9364.txt pos pos:0.8117148772527003 neg:0.1882851227472997 
cv635_10022.txt pos pos:0.9922399886215291 neg:0.007760011378471045 
cv943_22488.txt pos pos:0.9613837522987909 neg:0.0386162477012092 
cv018_20137.txt pos pos:0.9839389760680823 neg:0.016061023931917686 
cv416_11136.txt pos pos:0.9856219414967321 neg:0.014378058503267987 
cv572_18657.txt pos pos:0.9752533085465269 neg:0.024746691453473104 
cv026_29325.txt pos neg:0.5440142994737361 pos:0.45598570052626397 
cv724_13681.txt pos pos:0.9881016323881957 neg:0.011898367611804456 
cv147_21193.txt pos pos:0.9999827410838487 neg:1.7258916151300063E-5 
cv534_14083.txt pos pos:0.9443867153367562 neg:0.055613284663243744 
cv061_8837.txt pos pos:0.9724959343295172 neg:0.027504065670482754 
cv444_9974.txt pos pos:0.936236217158241 neg:0.06376378284175908 
cv594_11039.txt pos pos:0.9558125615524093 neg:0.04418743844759074 
cv407_22637.txt pos pos:0.9914704625857725 neg:0.008529537414227436 
cv813_6534.txt pos pos:0.999638387697315 neg:3.616123026851442E-4 
cv196_29027.txt pos pos:0.6079573232199079 neg:0.392042676780092 
cv258_5792.txt pos pos:0.9994267245874608 neg:5.732754125392269E-4 
cv400_19220.txt pos pos:0.8359815112319254 neg:0.1640184887680746 
cv742_7751.txt pos pos:0.9435924790941459 neg:0.05640752090585419 
cv621_14368.txt pos pos:0.9145974273791528 neg:0.08540257262084712 
cv971_10874.txt pos pos:0.9395901194475732 neg:0.06040988055242681 
cv860_13853.txt pos pos:0.9969615966370687 neg:0.0030384033629312548 
cv545_12014.txt pos pos:0.9633546819378782 neg:0.03664531806212187 
cv209_29118.txt pos neg:0.6086295893566661 pos:0.3913704106433339 
cv356_25163.txt pos pos:0.7488275539385808 neg:0.2511724460614191 
cv450_7890.txt pos pos:0.9992028184929272 neg:7.971815070726878E-4 
cv622_8147.txt pos pos:0.9986147888758488 neg:0.001385211124151217 
cv590_19290.txt pos neg:0.5969886282055491 pos:0.40301137179445085 
cv306_10364.txt pos pos:0.9999943225180139 neg:5.677481986090422E-6 
cv723_8648.txt pos pos:0.9321263911135621 neg:0.0678736088864378 
cv514_11187.txt pos neg:0.7957624332033145 pos:0.20423756679668545 
cv457_18453.txt pos pos:0.9957992384123026 neg:0.004200761587697431 
cv263_19259.txt pos pos:0.9939682280998153 neg:0.006031771900184801 
cv597_26360.txt pos pos:0.9930052808210402 neg:0.0069947191789597445 
cv779_17881.txt pos neg:0.994299302193876 pos:0.00570069780612402 
cv184_2673.txt pos neg:0.6206241039765443 pos:0.3793758960234556 
cv233_15964.txt pos pos:0.9999439932418962 neg:5.6006758103735446E-5 
cv342_19456.txt pos pos:0.9104542386292985 neg:0.08954576137070142 
cv335_14665.txt pos neg:0.6620291492292892 pos:0.33797085077071065 
cv242_10638.txt pos neg:0.7829208656673627 pos:0.2170791343326373 
cv993_29737.txt pos pos:0.7813571127747515 neg:0.2186428872252485 
cv391_10802.txt pos pos:0.9983172622967526 neg:0.0016827377032474446 
cv882_10026.txt pos neg:0.7087170315877325 pos:0.29128296841226753 
cv410_24266.txt pos pos:0.5264032600860034 neg:0.4735967399139966 
cv476_16856.txt pos pos:0.9999347482035987 neg:6.525179640133994E-5 
cv604_2230.txt pos pos:0.9855750650929008 neg:0.014424934907099026 
cv299_16214.txt pos pos:0.7664801363576441 neg:0.23351986364235586 
cv133_16336.txt pos pos:0.5246428158208715 neg:0.4753571841791286 
cv933_23776.txt pos pos:0.999682851125758 neg:3.171488742420329E-4 
cv629_14909.txt pos pos:0.9912190781632353 neg:0.0087809218367646 
cv447_27332.txt pos pos:0.9997016722453624 neg:2.9832775463754584E-4 
cv693_18063.txt pos neg:0.9580268813653638 pos:0.04197311863463614 
cv674_10732.txt pos pos:0.519757025681959 neg:0.4802429743180409 
cv996_11592.txt pos pos:0.9978045661071053 neg:0.0021954338928947435 
cv573_29525.txt pos pos:0.9994023134133107 neg:5.976865866893838E-4 
cv365_11576.txt pos pos:0.9159671092284966 neg:0.08403289077150344 
cv155_7308.txt pos pos:0.9995299894556704 neg:4.700105443295347E-4 
cv327_20292.txt pos pos:0.9973331367655682 neg:0.0026668632344317095 
cv089_11418.txt pos pos:0.6872752193689758 neg:0.3127247806310242 
cv303_27520.txt pos pos:0.9909168261573078 neg:0.009083173842692261 
cv097_24970.txt pos pos:0.9985163955093225 neg:0.0014836044906776085 
cv666_18963.txt pos pos:0.9956953347187757 neg:0.004304665281224235 
cv607_7717.txt pos pos:0.9437198868576504 neg:0.056280113142349535 
cv283_11055.txt pos pos:0.9902917787301596 neg:0.009708221269840419 
cv292_7282.txt pos pos:0.9874417436560671 neg:0.012558256343932957 
cv343_10368.txt pos pos:0.9166217318126677 neg:0.08337826818733238 
cv533_9821.txt pos pos:0.9043232369538814 neg:0.09567676304611866 
cv250_25616.txt pos pos:0.9918733611226311 neg:0.00812663887736888 
cv438_8043.txt pos pos:0.9893647769038991 neg:0.010635223096100953 
cv287_15900.txt pos pos:0.9658667188095207 neg:0.034133281190479293 
cv470_15952.txt pos pos:0.5615165826909237 neg:0.43848341730907614 
cv869_23611.txt pos pos:0.9989699175377806 neg:0.0010300824622193445 
cv043_15013.txt pos pos:0.9989958339941928 neg:0.001004166005807147 
cv086_18371.txt pos pos:0.9949751938901873 neg:0.005024806109812627 
cv828_19831.txt pos neg:0.8529543139793238 pos:0.14704568602067628 
cv516_11172.txt pos pos:0.6759505744265015 neg:0.3240494255734985 
cv491_12145.txt pos pos:0.8933035389194857 neg:0.10669646108051428 
cv044_16969.txt pos pos:0.9061335629056063 neg:0.09386643709439377 
cv048_16828.txt pos pos:0.9994390153295339 neg:5.60984670466141E-4 
Trial 0 Trainer MaxEntTrainer,gaussianPriorVariance=1.0 Training Data Confusion Matrix
Confusion Matrix, row=true, column=predicted  accuracy=1.0
  label   0   1  |total
  0 neg 900   .  |900
  1 pos   . 900  |900

Trial 0 Trainer MaxEntTrainer,gaussianPriorVariance=1.0 training data accuracy= 1.0
Trial 0 Trainer MaxEntTrainer,gaussianPriorVariance=1.0 Test Data Confusion Matrix
Confusion Matrix, row=true, column=predicted  accuracy=0.83
  label   0   1  |total
  0 neg  81  19  |100
  1 pos  15  85  |100

Trial 0 Trainer MaxEntTrainer,gaussianPriorVariance=1.0 test data accuracy= 0.83

MaxEntTrainer,gaussianPriorVariance=1.0
Summary. train accuracy mean = 1.0 stddev = 0.0 stderr = 0.0
Summary. test accuracy mean = 0.83 stddev = 0.0 stderr = 0.0
