
-------------------- Trial 0  --------------------

Trial 0 Training MaxEntTrainer,gaussianPriorVariance=1.0 with 1800 instances
Trial 0 Training MaxEntTrainer,gaussianPriorVariance=1.0 finished
Trial 0 Trainer MaxEntTrainer,gaussianPriorVariance=1.0
 Raw Testing Data
826.txt pos neg:0.5614942078692354 pos:0.43850579213076457 
1358.txt pos pos:0.8320607412139427 neg:0.16793925878605725 
1794.txt pos neg:0.914864988520655 pos:0.08513501147934502 
1745.txt pos pos:0.9861346852846417 neg:0.013865314715358314 
2650.txt pos pos:0.7261846851773369 neg:0.273815314822663 
428.txt pos pos:0.9999957811941202 neg:4.218805879747236E-6 
3010.txt pos neg:0.7696356959721984 pos:0.23036430402780167 
3803.txt pos pos:0.9594741938290917 neg:0.04052580617090834 
3375.txt pos pos:0.9939676804362177 neg:0.006032319563782225 
2154.txt pos neg:0.8498724070300246 pos:0.15012759296997538 
1041.txt pos pos:0.9999714019381464 neg:2.8598061853701028E-5 
1090.txt pos pos:0.9971946822422939 neg:0.0028053177577061685 
3871.txt pos pos:0.6227733614614421 neg:0.3772266385385579 
4226.txt pos pos:0.9992755088243822 neg:7.244911756178114E-4 
615.txt pos pos:0.9995722259970655 neg:4.277740029345747E-4 
1119.txt pos pos:0.8848464862242644 neg:0.11515351377573554 
3309.txt pos pos:0.9978687644539224 neg:0.002131235546077733 
2598.txt pos pos:0.999870851191513 neg:1.291488084870455E-4 
1504.txt pos pos:0.7327655754380076 neg:0.2672344245619923 
208.txt pos pos:0.9947756149172644 neg:0.00522438508273567 
2070.txt pos pos:0.9951250831088556 neg:0.004874916891144291 
1165.txt pos pos:0.5553506667929122 neg:0.44464933320708777 
4305.txt pos pos:0.7399024413905643 neg:0.26009755860943573 
882.txt pos neg:0.5859971842862779 pos:0.41400281571372216 
853.txt pos neg:0.8671245081506562 pos:0.13287549184934389 
421.txt pos pos:0.8860458865274956 neg:0.11395411347250438 
3019.txt pos pos:0.9980393965213605 neg:0.0019606034786393864 
1971.txt pos pos:0.9934894258190663 neg:0.0065105741809337305 
2077.txt pos neg:0.7097780840741174 pos:0.2902219159258827 
1046.txt pos pos:0.9999970818363096 neg:2.9181636903820877E-6 
1097.txt pos pos:0.999732782501346 neg:2.6721749865396105E-4 
3065.txt pos pos:0.6368641852220772 neg:0.36313581477792267 
1351.txt pos pos:0.8873023792120087 neg:0.11269762078799124 
2244.txt pos pos:0.9143616641963226 neg:0.08563833580367727 
1668.txt pos pos:0.9859526117655154 neg:0.014047388234484646 
612.txt pos neg:0.7345904846702965 pos:0.2654095153297036 
3505.txt pos pos:0.9961549952994735 neg:0.003845004700526583 
75.txt pos pos:0.763645227972475 neg:0.2363547720275251 
2890.txt pos neg:0.784212952052748 pos:0.21578704794725206 
1147.txt pos neg:0.8617933166555685 pos:0.1382066833444315 
2433.txt pos neg:0.5321386463673715 pos:0.46786135363262843 
713.txt pos pos:0.999007048060195 neg:9.929519398049938E-4 
4037.txt pos pos:0.9880878566217273 neg:0.011912143378272774 
952.txt pos pos:0.9997071694128443 neg:2.9283058715576644E-4 
4113.txt pos pos:0.9991014600505734 neg:8.98539949426547E-4 
983.txt pos pos:0.9996373666913506 neg:3.6263330864939305E-4 
4204.txt pos neg:0.7176588845506114 pos:0.28234111544938845 
2176.txt pos pos:0.9845067960594851 neg:0.015493203940514934 
3357.txt pos pos:0.5595816839538387 neg:0.4404183160461612 
3882.txt pos pos:0.9994130677829554 neg:5.86932217044675E-4 
1374.txt pos neg:0.9523441166758643 pos:0.04765588332413572 
3386.txt pos pos:0.984666081032501 neg:0.015333918967499024 
146.txt pos pos:0.9871514373804676 neg:0.012848562619532423 
955.txt pos pos:0.7737877290477709 neg:0.22621227095222893 
4114.txt pos neg:0.7099009075643351 pos:0.2900990924356648 
984.txt pos pos:0.5720321932935986 neg:0.42796780670640144 
3208.txt pos pos:0.9999944047006689 neg:5.5952993311327096E-6 
630.txt pos pos:0.94092655448693 neg:0.05907344551307007 
309.txt pos pos:0.8758850526442897 neg:0.12411494735571028 
1405.txt pos pos:0.9377499612422913 neg:0.06225003875770885 
3854.txt pos pos:0.6529869821505462 neg:0.3470130178494539 
3426.txt pos pos:0.9899757290963448 neg:0.010024270903655126 
3381.txt pos pos:0.9667014746745232 neg:0.03329852532547678 
3047.txt pos neg:0.6327849075962976 pos:0.3672150924037024 
1982.txt pos pos:0.8447365428525958 neg:0.1552634571474041 
1257.txt pos neg:0.5751347255440714 pos:0.42486527445592853 
3502.txt pos pos:0.9863262068949983 neg:0.013673793105001737 
4168.txt pos pos:0.5735515489664169 neg:0.42644845103358303 
929.txt pos pos:0.9470259952165453 neg:0.052974004783454806 
2055.txt pos pos:0.9967597031215801 neg:0.003240296878419911 
4327.txt pos pos:0.9999999285092873 neg:7.149071260745675E-8 
403.txt pos pos:0.9594823735712993 neg:0.0405176264287006 
1225.txt pos pos:0.9691462418414376 neg:0.03085375815856236 
2497.txt pos neg:0.976545291744093 pos:0.023454708255906984 
1644.txt pos pos:0.9987679886520158 neg:0.0012320113479841375 
2751.txt pos pos:0.9756267392947401 neg:0.024373260705259935 
529.txt pos neg:0.7047785279822804 pos:0.2952214720177196 
2780.txt pos pos:0.9839059477307458 neg:0.016094052269254148 
4093.txt pos pos:0.931918517423814 neg:0.06808148257618601 
3098.txt pos pos:0.9917630926618904 neg:0.00823690733810955 
3428.txt pos pos:0.9898842089742657 neg:0.010115791025734313 
2899.txt pos neg:0.6151543485935146 pos:0.3848456514064855 
693.txt pos pos:0.9870263102617312 neg:0.012973689738268922 
4166.txt pos pos:0.589014823398875 neg:0.4109851766011249 
584.txt pos pos:0.9432560581601614 neg:0.05674394183983857 
223.txt pos pos:0.9869514307475676 neg:0.013048569252432243 
4271.txt pos pos:0.8941522299404885 neg:0.10584777005951151 
642.txt pos pos:0.9998474373498449 neg:1.5256265015494658E-4 
1016.txt pos pos:0.9981199971503549 neg:0.0018800028496450453 
3826.txt pos pos:0.9883999131092577 neg:0.011600086890742281 
3792.txt pos pos:0.9997766334864076 neg:2.233665135923666E-4 
133.txt pos neg:0.968150066396155 pos:0.031849933603845124 
4276.txt pos pos:0.9996440298178298 neg:3.559701821701806E-4 
645.txt pos pos:0.7146457874615362 neg:0.28535421253846377 
2104.txt pos pos:0.9240872307955271 neg:0.0759127692044729 
3482.txt pos neg:0.7799534644219629 pos:0.22004653557803708 
1767.txt pos pos:0.9679107026624263 neg:0.03208929733757373 
3795.txt pos pos:0.9970146941459436 neg:0.002985305854056482 
878.txt pos pos:0.9106697651657221 neg:0.08933023483427785 
3905.txt pos pos:0.6201576358171413 neg:0.37984236418285866 
716.txt neg neg:0.9216906463356341 pos:0.07830935366436591 
1454.txt neg neg:0.9539629749513628 pos:0.04603702504863712 
3301.txt neg neg:0.9992930585875316 pos:7.069414124684375E-4 
2933.txt neg neg:0.9124295726372463 pos:0.08757042736275382 
2541.txt neg neg:0.9974174472860471 pos:0.0025825527139528392 
3914.txt neg neg:0.9962550766102967 pos:0.0037449233897033467 
1233.txt neg neg:0.9626462405131722 pos:0.03735375948682783 
1594.txt neg neg:0.9435083892630185 pos:0.056491610736981515 
2747.txt neg neg:0.9939078094134365 pos:0.006092190586563487 
2796.txt neg neg:0.8631536701892464 pos:0.13684632981075354 
448.txt neg neg:0.9641093402335033 pos:0.03589065976649688 
50.txt neg neg:0.9746414529618674 pos:0.025358547038132635 
3348.txt neg neg:0.9955570602270915 pos:0.004442939772908538 
3399.txt neg neg:0.9644733233876353 pos:0.035526676612364805 
4267.txt neg neg:0.9688962363745207 pos:0.03110376362547938 
3334.txt neg neg:0.9997185591287601 pos:2.8144087124000596E-4 
1776.txt neg neg:0.9823926649005547 pos:0.017607335099445356 
1629.txt neg neg:0.9983291161907614 pos:0.0016708838092385973 
919.txt neg pos:0.9970738489344391 neg:0.002926151065560872 
4260.txt neg pos:0.9337829898181814 neg:0.06621701018181869 
1814.txt neg neg:0.9980618250448005 pos:0.0019381749551995663 
1466.txt neg neg:0.9795613750332897 pos:0.02043862496671024 
2573.txt neg neg:0.6642149337706544 pos:0.3357850662293455 
2901.txt neg neg:0.9640407910599029 pos:0.035959208940097034 
3333.txt neg neg:0.9876043600534863 pos:0.012395639946513687 
2205.txt neg neg:0.9741903386898179 pos:0.025809661310182135 
3913.txt neg neg:0.9694045323488895 pos:0.030595467651110625 
2321.txt neg neg:0.9361830346170286 pos:0.06381696538297146 
600.txt neg neg:0.6492166881877593 pos:0.35078331181224065 
261.txt neg pos:0.5541553491203676 neg:0.4458446508796325 
3217.txt neg pos:0.8912926602283882 neg:0.10870733977161182 
1868.txt neg pos:0.5838373205955977 neg:0.4161626794044022 
3058.txt neg neg:0.9717292940676624 pos:0.02827070593233764 
672.txt neg neg:0.9847727494193909 pos:0.015227250580609267 
1993.txt neg neg:0.9992558933722766 pos:7.441066277233952E-4 
3172.txt neg neg:0.9365937872054586 pos:0.06340621279454145 
2732.txt neg neg:0.9962997068623756 pos:0.003700293137624461 
213.txt neg pos:0.751858856447343 neg:0.24814114355265712 
5.txt neg neg:0.5047997886398139 pos:0.49520021136018616 
917.txt neg neg:0.998840873075102 pos:0.0011591269248980105 
2425.txt neg neg:0.9960130348610309 pos:0.0039869651389691325 
2459.txt neg neg:0.56269392547009 pos:0.43730607452991 
3087.txt neg neg:0.8535286774386184 pos:0.14647132256138165 
1414.txt neg neg:0.9796679617041915 pos:0.02033203829580866 
3341.txt neg neg:0.958755502140487 pos:0.04124449785951286 
3894.txt neg neg:0.9865445948065297 pos:0.013455405193470403 
2501.txt neg neg:0.9052248528756138 pos:0.09477514712438616 
3390.txt neg neg:0.8408769810985547 pos:0.1591230189014453 
756.txt neg pos:0.9442821310414666 neg:0.055717868958533485 
2616.txt neg pos:0.9752955200438851 neg:0.024704479956114828 
337.txt neg neg:0.9929611149854006 pos:0.007038885014599454 
4102.txt neg neg:0.9944325766326059 pos:0.00556742336739418 
1939.txt neg neg:0.9890819984660637 pos:0.010918001533936338 
3080.txt neg neg:0.8522091187400338 pos:0.14779088125996626 
3727.txt neg neg:0.8504532819720855 pos:0.14954671802791455 
780.txt neg pos:0.6802004006051751 neg:0.319799599394825 
1861.txt neg neg:0.5370742894237507 pos:0.46292571057624937 
3893.txt neg neg:0.7609871099477197 pos:0.23901289005228019 
1365.txt neg neg:0.9979922194481136 pos:0.002007780551886426 
1704.txt neg neg:0.9926214424003027 pos:0.007378557599697436 
2881.txt neg pos:0.716372165905282 neg:0.28362783409471803 
2354.txt neg pos:0.8241954905643188 neg:0.17580450943568107 
1241.txt neg neg:0.986560384326503 pos:0.013439615673497034 
2.txt neg neg:0.9887503292056532 pos:0.01124967079434668 
562.txt neg neg:0.9925254024109565 pos:0.007474597589043579 
910.txt neg pos:0.9475900133630297 neg:0.05240998663697028 
2043.txt neg pos:0.9182185855981861 neg:0.08178141440181384 
2908.txt neg neg:0.9862993473721503 pos:0.013700652627849667 
2523.txt neg neg:0.9231059646339059 pos:0.0768940353660941 
2951.txt neg neg:0.9900361362212776 pos:0.00996386377872242 
3074.txt neg neg:0.9965224874115411 pos:0.003477512588458824 
3415.txt neg neg:0.9985575028990603 pos:0.0014424971009396412 
998.txt neg neg:0.9756334471517831 pos:0.024366552848216854 
1679.txt neg neg:0.9486323213955109 pos:0.05136767860448918 
4314.txt neg neg:0.9659130454202505 pos:0.034086954579749536 
2648.txt neg neg:0.9991976246892681 pos:8.02375310731887E-4 
2710.txt neg neg:0.9996649628927864 pos:3.3503710721362643E-4 
126.txt neg neg:0.9995179015931515 pos:4.820984068485463E-4 
2139.txt neg neg:0.8972904843948906 pos:0.10270951560510949 
3157.txt neg neg:0.6945591212580469 pos:0.305440878741953 
1602.txt neg neg:0.8880561230221171 pos:0.11194387697788297 
236.txt neg neg:0.9819453564549869 pos:0.01805464354501313 
591.txt neg neg:0.6737211569542862 pos:0.32627884304571364 
3944.txt neg neg:0.9737872325917619 pos:0.026212767408238077 
657.txt neg neg:0.9353807368379409 pos:0.06461926316205906 
3995.txt neg neg:0.9589379690783392 pos:0.04106203092166084 
2872.txt neg pos:0.8672341807699135 neg:0.13276581923008648 
2061.txt neg neg:0.9482570051146819 pos:0.05174299488531806 
1431.txt neg neg:0.9836285609304605 pos:0.016371439069539587 
2283.txt neg neg:0.955551823368238 pos:0.04444817663176207 
816.txt neg neg:0.8092198682866627 pos:0.19078013171333721 
312.txt neg neg:0.9752814002389761 pos:0.024718599761023717 
2987.txt neg neg:0.9965627337956706 pos:0.003437266204329461 
1108.txt neg neg:0.9991850334482008 pos:8.149665517992023E-4 
1785.txt neg neg:0.98165821408001 pos:0.018341785919990056 
2690.txt neg neg:0.9990326956808004 pos:9.673043191995016E-4 
2641.txt neg neg:0.9998254966151677 pos:1.7450338483235723E-4 
1754.txt neg pos:0.5445029630059679 neg:0.4554970369940321 
1335.txt neg neg:0.929247034645331 pos:0.07075296535466893 
3159.txt neg pos:0.781525401198502 neg:0.21847459880149803 
Trial 0 Trainer MaxEntTrainer,gaussianPriorVariance=1.0 Training Data Confusion Matrix
Confusion Matrix, row=true, column=predicted  accuracy=1.0
  label   0   1  |total
  0 pos 900   .  |900
  1 neg   . 900  |900

Trial 0 Trainer MaxEntTrainer,gaussianPriorVariance=1.0 training data accuracy= 1.0
Trial 0 Trainer MaxEntTrainer,gaussianPriorVariance=1.0 Test Data Confusion Matrix
Confusion Matrix, row=true, column=predicted  accuracy=0.815
  label   0   1  |total
  0 pos  79  21  |100
  1 neg  16  84  |100

Trial 0 Trainer MaxEntTrainer,gaussianPriorVariance=1.0 test data accuracy= 0.815

MaxEntTrainer,gaussianPriorVariance=1.0
Summary. train accuracy mean = 1.0 stddev = 0.0 stderr = 0.0
Summary. test accuracy mean = 0.815 stddev = 0.0 stderr = 0.0
