
-------------------- Trial 0  --------------------

Trial 0 Training NaiveBayesTrainer with 1800 instances
Trial 0 Training NaiveBayesTrainer finished
Trial 0 Trainer NaiveBayesTrainer
 Raw Testing Data
1236.txt pos pos:0.9992829599240434 neg:7.170400759567214E-4 
3781.txt pos pos:0.9518251414466913 neg:0.04817485855330863 
3026.txt pos pos:0.9622280125189595 neg:0.03777198748104047 
1773.txt pos pos:0.9999999999991063 neg:8.937304442087894E-13 
3835.txt pos pos:1.0 neg:1.5054850547897371E-19 
3447.txt pos neg:0.9999999995459399 pos:4.5406012139258415E-10 
3496.txt pos neg:0.9999587861852932 pos:4.1213814706764535E-5 
709.txt pos pos:0.99999999999999 neg:9.914401406157856E-15 
2110.txt pos neg:0.8304686678327704 pos:0.16953133216722954 
934.txt pos pos:0.9966121782121646 neg:0.0033878217878354462 
486.txt pos pos:0.9998677929398775 neg:1.3220706012241748E-4 
4373.txt pos neg:0.9999999836217541 pos:1.6378245843403346E-8 
791.txt pos pos:0.8284922144309208 neg:0.17150778556907928 
1203.txt pos neg:0.993279368727771 pos:0.006720631272229055 
1907.txt pos pos:0.9999999999262439 neg:7.375621547570578E-11 
3220.txt pos pos:0.9728297858451903 neg:0.027170214154809674 
2812.txt pos pos:0.9947287471071782 neg:0.005271252892821808 
1030.txt pos neg:0.9996826113863575 pos:3.17388613642622E-4 
2125.txt pos pos:0.999999999999875 neg:1.2491573102723073E-13 
1451.txt pos pos:0.999999931351347 neg:6.864865285116794E-8 
3304.txt pos pos:1.0 neg:1.1701048549765755E-23 
2544.txt pos pos:0.9999999999991209 neg:8.790507382214812E-13 
1746.txt pos neg:0.9803251794953483 pos:0.019674820504651788 
112.txt pos pos:1.0 neg:1.0439758847456789E-26 
205.txt pos pos:0.9999996364686903 neg:3.63531309680957E-7 
1168.txt pos pos:0.9999999995279896 neg:4.72010445773946E-10 
3989.txt pos pos:1.0 neg:1.244597938456878E-18 
4257.txt pos pos:1.0 neg:1.3169641036791209E-21 
1509.txt pos pos:0.9999999976787841 neg:2.3212159273080493E-9 
4308.txt pos pos:0.9951932284886774 neg:0.004806771511322632 
3303.txt pos pos:0.9999999999997884 neg:2.1157790290102194E-13 
3807.txt pos neg:0.630499018171207 pos:0.36950098182879293 
1320.txt pos pos:0.9999999999999998 neg:2.766768055494787E-16 
574.txt pos pos:0.9949484211203814 neg:0.005051578879618569 
2869.txt pos pos:0.9999999997830284 neg:2.169715047104193E-10 
747.txt pos neg:0.9999821836450257 pos:1.7816354974431912E-5 
4374.txt pos pos:0.9999999992067756 neg:7.932243554145518E-10 
796.txt pos pos:0.6515623609219671 neg:0.3484376390780328 
169.txt pos pos:0.9936323358673614 neg:0.0063676641326386165 
3580.txt pos pos:0.9996408285953874 neg:3.591714046124944E-4 
3227.txt pos pos:0.9999998352428394 neg:1.647571604818113E-7 
354.txt pos pos:0.9999999999439126 neg:5.608741359155737E-11 
1039.txt pos pos:0.9999999932095669 neg:6.790432952853293E-9 
422.txt pos neg:0.9999479108004047 pos:5.208919959536619E-5 
385.txt pos pos:0.9999914311975513 neg:8.568802448754996E-6 
53.txt pos pos:0.9999999992908153 neg:7.091846476714672E-10 
3951.txt pos pos:0.999999732776553 neg:2.6722344701254026E-7 
1617.txt pos pos:1.0 neg:4.019751142327617E-28 
2074.txt pos pos:0.9999928371727751 neg:7.16282722493707E-6 
1045.txt pos pos:1.0 neg:2.0914447045471252E-19 
3710.txt pos pos:0.9973684242887609 neg:0.0026315757112390626 
3371.txt pos pos:0.9999990418311872 neg:9.581688128272157E-7 
3407.txt pos pos:1.0 neg:1.0820276798103691E-20 
1352.txt pos pos:1.0 neg:2.687979397374386E-26 
2181.txt pos pos:0.9970210981821481 neg:0.002978901817851926 
974.txt pos pos:0.999999999999932 neg:6.798636644194055E-14 
611.txt pos neg:0.9999999996794688 pos:3.205312680538219E-10 
1093.txt pos pos:0.999998670469181 neg:1.329530818997104E-6 
1734.txt pos pos:1.0 neg:1.4201751400765213E-24 
4132.txt pos neg:0.9999999992602131 pos:7.397869300347081E-10 
501.txt pos pos:0.9878945527427745 neg:0.012105447257225387 
973.txt pos pos:1.0 neg:7.71330136504807E-24 
3589.txt pos pos:0.999990570006888 neg:9.429993112087225E-6 
1909.txt pos pos:0.9999560983042373 neg:4.390169576284526E-5 
886.txt pos pos:0.9999697861350506 neg:3.021386494935679E-5 
732.txt pos pos:0.9999999979226679 neg:2.077332029305358E-9 
1329.txt pos pos:1.0 neg:3.9538779209516755E-22 
857.txt pos pos:1.0 neg:7.135922220138693E-17 
3956.txt pos pos:0.9999999999999987 neg:1.2404367481444162E-15 
85.txt pos pos:1.0 neg:1.466621299127428E-39 
266.txt pos neg:0.9997043310275168 pos:2.9566897248319376E-4 
607.txt pos pos:0.9999998937795769 neg:1.0622042323004473E-7 
3549.txt pos pos:0.9999929376933507 neg:7.062306649281691E-6 
3185.txt pos pos:0.9999981059699778 neg:1.8940300222546427E-6 
3996.txt pos pos:0.9999999999999991 neg:8.73898766262606E-16 
1260.txt pos pos:0.9999999999979088 neg:2.0913191755793176E-12 
3292.txt pos pos:0.9999625837992604 neg:3.741620073966437E-5 
45.txt pos pos:1.0 neg:1.4744378157166023E-23 
846.txt pos pos:1.0 neg:4.386544861144756E-25 
342.txt pos pos:0.9999835488331345 neg:1.6451166865507603E-5 
4310.txt pos pos:1.0 neg:1.5411142898606755E-18 
2929.txt pos neg:0.5150432942967681 pos:0.4849567057032318 
2065.txt pos pos:0.8973276732730687 neg:0.10267232672693126 
93.txt pos neg:0.8440932481419362 pos:0.1559067518580637 
2372.txt pos pos:0.9832973004526029 neg:0.016702699547397056 
3153.txt pos pos:0.9999999999992875 neg:7.124903370903155E-13 
394.txt pos pos:0.9979066343900667 neg:0.0020933656099333675 
841.txt pos pos:0.9999990686598407 neg:9.313401592831744E-7 
433.txt pos pos:0.9999999999999958 neg:4.302785114153156E-15 
1028.txt pos neg:0.9944489178889867 pos:0.005551082111013319 
4317.txt pos pos:0.9999999999424345 neg:5.7565486111080915E-11 
724.txt pos pos:0.9999999942370088 neg:5.762991199847758E-9 
3659.txt pos pos:0.9855673882129735 neg:0.01443261178702641 
3688.txt pos neg:0.8772079344902963 pos:0.12279206550970367 
3077.txt pos pos:1.0 neg:6.106035401685734E-19 
2190.txt pos pos:0.9999607582518348 neg:3.92417481651764E-5 
2637.txt pos pos:0.9999999980892911 neg:1.9107089714334416E-9 
2141.txt pos pos:0.9999999653949975 neg:3.460500256655196E-8 
3701.txt pos pos:0.9999995277067698 neg:4.722932300882388E-7 
1054.txt pos pos:0.9999999999995286 neg:4.713405774194529E-13 
1486.txt neg neg:0.9999999999964309 pos:3.5691697358941323E-12 
3806.txt neg neg:0.999999999984281 pos:1.5719043593690265E-11 
2655.txt neg pos:0.6758552024937289 neg:0.3241447975062711 
402.txt neg neg:0.9999968629881503 pos:3.1370118498392283E-6 
4190.txt neg neg:0.9999898923230554 pos:1.0107676944627601E-5 
3801.txt neg neg:0.9989459073374141 pos:0.0010540926625858742 
3473.txt neg neg:0.9966138364311135 pos:0.003386163568886557 
1747.txt neg neg:0.9999999999999725 pos:2.747947968359606E-14 
2683.txt neg pos:0.9999971769732799 neg:2.8230267200927114E-6 
2937.txt neg neg:0.9999999989553725 pos:1.044627523422497E-9 
521.txt neg pos:0.6524241637887145 neg:0.34757583621128557 
1115.txt neg neg:0.9999999998912179 pos:1.0878215966809479E-10 
2813.txt neg neg:0.9998854257669753 pos:1.1457423302477732E-4 
1202.txt neg neg:0.9999999999866158 pos:1.3384268611772372E-11 
3691.txt neg neg:0.9999999958039025 pos:4.196097344800302E-9 
2158.txt neg neg:0.9999514498439092 pos:4.855015609082363E-5 
3718.txt neg neg:1.0 pos:1.4516380431046715E-26 
61.txt neg neg:0.9638831054292327 pos:0.036116894570767194 
2539.txt neg neg:0.9999982302385336 pos:1.769761466261626E-6 
109.txt neg neg:0.9992166851445562 pos:7.833148554438171E-4 
568.txt neg neg:0.9999994419780446 pos:5.580219555493112E-7 
3497.txt neg neg:0.9999999999999969 pos:3.014928255136598E-15 
2902.txt neg neg:0.6287240063399163 pos:0.3712759936600837 
1817.txt neg neg:0.9979611401065797 pos:0.0020388598934202554 
842.txt neg neg:0.9999999796676378 pos:2.033236227272767E-8 
397.txt neg neg:1.0 pos:5.065361038165247E-25 
727.txt neg neg:0.9999999990318449 pos:9.681550603282284E-10 
2206.txt neg neg:0.9999993470646267 pos:6.52935373277268E-7 
4108.txt neg pos:0.9910217657221198 neg:0.008978234277880212 
1656.txt neg neg:0.9999999999163136 pos:8.368628477604663E-11 
262.txt neg pos:0.8078887461452201 neg:0.19211125385477992 
1237.txt neg neg:0.9980551262329795 pos:0.0019448737670204764 
1541.txt neg pos:0.9999999998178022 neg:1.821978698094109E-10 
2035.txt neg neg:1.0 pos:1.725419398953984E-21 
54.txt neg pos:0.9999998765211574 neg:1.2347884255218078E-7 
4081.txt neg neg:0.9999999999997211 pos:2.789529890688767E-13 
2744.txt neg neg:0.9999965126724263 pos:3.4873275736726035E-6 
1230.txt neg pos:0.6880123892050178 neg:0.3119876107949822 
1597.txt neg neg:0.9987028811109003 pos:0.0012971188890996401 
604.txt neg neg:0.9972134865458748 pos:0.0027865134541252344 
3917.txt neg neg:0.9999999999968321 pos:3.1678669797965697E-12 
4218.txt neg neg:0.9999999958989025 pos:4.101097444492218E-9 
1546.txt neg pos:0.9999985402721171 neg:1.459727882942457E-6 
3672.txt neg neg:0.9999999999996179 pos:3.8218896857392157E-13 
961.txt neg neg:0.9999998179119117 pos:1.8208808823627313E-7 
1368.txt neg pos:0.9902088482361472 neg:0.00979115176385284 
3519.txt neg neg:0.9790158325736668 pos:0.02098416742633312 
1948.txt neg neg:0.9999996501050233 pos:3.498949766483617E-7 
3337.txt neg neg:0.9999999942878641 pos:5.712135949007822E-9 
1810.txt neg neg:0.9999999987569661 pos:1.2430338637144651E-9 
1462.txt neg neg:0.9999999999999687 pos:3.1312782850213356E-14 
437.txt neg neg:0.9995935581710329 pos:4.0644182896703895E-4 
2660.txt neg neg:0.9999783442256466 pos:2.1655774353514116E-5 
4216.txt neg pos:0.9997005017211074 neg:2.994982788926547E-4 
1129.txt neg neg:0.9999999999999674 pos:3.258347319663521E-14 
783.txt neg neg:0.9985373361449482 pos:0.0014626638550517663 
3724.txt neg neg:0.9999999999299967 pos:7.000340087207688E-11 
4088.txt neg neg:0.9999999925947087 pos:7.405291125563883E-9 
494.txt neg neg:0.999999999999996 pos:3.987210522516216E-15 
1184.txt neg neg:0.9998360741845327 pos:1.6392581546741312E-4 
1623.txt neg pos:0.9210540077859245 neg:0.0789459922140755 
217.txt neg neg:0.9879183367721361 pos:0.012081663227863793 
2091.txt neg pos:0.9999986448419086 neg:1.355158091440078E-6 
2853.txt neg neg:0.9777849756090162 pos:0.02221502439098376 
1534.txt neg pos:0.6206543962446179 neg:0.37934560375538207 
913.txt neg neg:0.9999999938676964 pos:6.132303567681717E-9 
1155.txt neg neg:0.9999900570523248 pos:9.942947675132684E-6 
2118.txt neg neg:0.9999994035175747 pos:5.964824254377706E-7 
4025.txt neg neg:0.9999990521242391 pos:9.478757610006441E-7 
6.txt neg neg:0.9999999769826039 pos:2.3017396090479653E-8 
2096.txt neg neg:0.9998712786318483 pos:1.287213681516262E-4 
2885.txt neg neg:0.9999999999957871 pos:4.212765604160536E-12 
2426.txt neg neg:0.9972935410029948 pos:0.002706458997005143 
3266.txt neg neg:0.9999999999664488 pos:3.355117281725403E-11 
107.txt neg neg:0.9999842574048755 pos:1.574259512453175E-5 
566.txt neg neg:0.9999999999809781 pos:1.902180040501237E-11 
1819.txt neg neg:0.9999999697000412 pos:3.0299958749514103E-8 
399.txt neg neg:0.9999977287742802 pos:2.271225719729909E-6 
348.txt neg neg:0.999616042783389 pos:3.8395721661102836E-4 
2502.txt neg neg:0.999921533212949 pos:7.84667870511245E-5 
3723.txt neg pos:0.9999999998486939 neg:1.5130600018620852E-10 
3084.txt neg pos:0.9999999999999996 neg:5.226899060429609E-16 
493.txt neg neg:0.9999999843422662 pos:1.565773368172952E-8 
1361.txt neg neg:0.9929740411785204 pos:0.007025958821479562 
3846.txt neg pos:0.9777689764087887 neg:0.022231023591211426 
2274.txt neg neg:0.9999999998727742 pos:1.2722585412486962E-10 
4033.txt neg neg:1.0 pos:3.0236113176127807E-18 
2678.txt neg neg:0.9999993514038209 pos:6.485961790540895E-7 
3459.txt neg neg:0.9999999998192786 pos:1.8072145583802295E-10 
1808.txt neg neg:0.9950712202596139 pos:0.004928779740385959 
388.txt neg neg:0.9886656917948137 pos:0.011334308205186385 
2437.txt neg neg:0.999999363220287 pos:6.367797129662834E-7 
3277.txt neg neg:0.9999992353437391 pos:7.646562608510645E-7 
905.txt neg neg:0.9999999999959974 pos:4.002643105667842E-12 
577.txt neg neg:0.9858295492677428 pos:0.014170450732257185 
660.txt neg neg:0.9999999998039659 pos:1.9603410994406109E-10 
2604.txt neg neg:0.9881909487489178 pos:0.011809051251082139 
482.txt neg neg:0.9999999999999942 pos:5.715698494732149E-15 
3382.txt neg neg:0.9999999304418321 pos:6.955816795269125E-8 
1370.txt neg neg:0.9999999960441359 pos:3.955863988878649E-9 
Trial 0 Trainer NaiveBayesTrainer Training Data Confusion Matrix
Confusion Matrix, row=true, column=predicted  accuracy=0.9933333333333333
  label   0   1  |total
  0 pos 890  10  |900
  1 neg   2 898  |900

Trial 0 Trainer NaiveBayesTrainer training data accuracy= 0.9933333333333333
Trial 0 Trainer NaiveBayesTrainer Test Data Confusion Matrix
Confusion Matrix, row=true, column=predicted  accuracy=0.83
  label   0   1  |total
  0 pos  83  17  |100
  1 neg  17  83  |100

Trial 0 Trainer NaiveBayesTrainer test data accuracy= 0.83

NaiveBayesTrainer
Summary. train accuracy mean = 0.9933333333333333 stddev = 0.0 stderr = 0.0
Summary. test accuracy mean = 0.83 stddev = 0.0 stderr = 0.0
