
-------------------- Trial 0  --------------------

Trial 0 Training NaiveBayesTrainer with 1800 instances
Trial 0 Training NaiveBayesTrainer finished
Trial 0 Trainer NaiveBayesTrainer
 Raw Testing Data
832.txt pos neg:0.9999999999687128 pos:3.1287085673426006E-11 
440.txt pos neg:0.6938376796648908 pos:0.30616232033510915 
757.txt pos pos:0.9999999999999232 neg:7.685839021110012E-14 
1171.txt pos pos:0.9999999999997398 neg:2.6016857446737654E-13 
3990.txt pos pos:1.0 neg:5.849062440485981E-19 
43.txt pos pos:1.0 neg:3.1644774021616556E-55 
1499.txt pos neg:0.9998312824778605 pos:1.6871752213943312E-4 
432.txt pos pos:0.9999999999999953 neg:4.683069544056083E-15 
260.txt pos pos:0.999999937350989 neg:6.264901084953444E-8 
177.txt pos pos:0.9998840283222469 neg:1.1597167775316719E-4 
3689.txt pos neg:0.8347222904172327 pos:0.1652777095827674 
2982.txt pos neg:0.9999999993092239 pos:6.907762064536616E-10 
2140.txt pos neg:0.9999993483893672 pos:6.516106327542805E-7 
2286.txt pos pos:0.9996871672893207 neg:3.128327106792142E-4 
2953.txt pos pos:0.9999999921562185 neg:7.843781661912125E-9 
606.txt pos pos:0.9999999999401057 neg:5.989421602254435E-11 
3548.txt pos neg:0.8798328194447892 pos:0.12016718055521071 
170.txt pos pos:0.9999999998044751 neg:1.9552496750936329E-10 
2250.txt pos pos:1.0 neg:2.5562336544824646E-21 
1345.txt pos pos:0.9999999995715543 neg:4.2844563009930766E-10 
449.txt pos neg:0.9999126949967311 pos:8.730500326893827E-5 
1433.txt pos pos:1.0 neg:8.218510491821632E-22 
2954.txt pos pos:0.9921172132989701 neg:0.007882786701029798 
3184.txt pos pos:0.99999999999997 neg:3.0009971705103815E-14 
3997.txt pos pos:1.0 neg:6.326689954597792E-17 
3534.txt pos pos:0.9999999999999716 neg:2.8516171230664995E-14 
3293.txt pos pos:0.9998636122075266 neg:1.363877924732852E-4 
2374.txt pos pos:0.9999999999999931 neg:6.8841777213801526E-15 
44.txt pos pos:1.0 neg:4.3818947383872015E-17 
1600.txt pos pos:0.9999953515065935 neg:4.648493406545673E-6 
1789.txt pos pos:0.9999999999999993 neg:7.326910217567826E-16 
3435.txt pos pos:0.9999999996924784 neg:3.075215763676506E-10 
1360.txt pos pos:0.9999999999905302 neg:9.469854260100661E-12 
4348.txt pos pos:1.0 neg:1.3845462512955322E-18 
2503.txt pos pos:0.9999999999959508 neg:4.049232292896867E-12 
623.txt pos pos:0.9999999846621574 neg:1.53378425950934E-8 
2829.txt pos neg:0.6683678034426096 pos:0.33163219655739035 
4.txt pos neg:1.0 pos:2.4681632288144585E-19 
4210.txt pos pos:0.9999999999997444 neg:2.5553855866042603E-13 
997.txt pos pos:0.9999993329461541 neg:6.670538459613291E-7 
4107.txt pos neg:0.9926992904192392 pos:0.00730070958076072 
3498.txt pos pos:0.8625024934672526 neg:0.13749750653274742 
1295.txt pos neg:0.8766251944821799 pos:0.1233748055178202 
2380.txt pos neg:0.9995393140456178 pos:4.6068595438226615E-4 
2046.txt pos pos:1.0 neg:2.852020183570295E-25 
129.txt pos pos:0.9999999950863265 neg:4.913673449173469E-9 
2884.txt pos pos:1.0 neg:4.271173971277731E-22 
1991.txt pos pos:0.9999999999905311 neg:9.468839691825512E-12 
1244.txt pos neg:0.9969494784528433 pos:0.0030505215471567375 
3338.txt pos neg:0.9999975674603803 pos:2.4325396197091083E-6 
1292.txt pos pos:0.9999999999994427 neg:5.572353352276097E-13 
2852.txt pos pos:0.943207810845936 neg:0.056792189154064025 
2737.txt pos pos:0.9944548628324503 neg:0.00554513716754961 
2356.txt pos pos:0.9999996977390054 neg:3.0226099461757984E-7 
66.txt pos neg:0.6430641769015661 pos:0.35693582309843386 
3964.txt pos pos:1.0 neg:3.270440316172602E-29 
1996.txt pos neg:0.9315488738343228 pos:0.06845112616567713 
819.txt pos pos:0.9999998951043437 neg:1.0489565628691532E-7 
3432.txt pos neg:0.9999999993807074 pos:6.192926326717977E-10 
3840.txt pos pos:0.9999999999534355 neg:4.6564458283420215E-11 
1367.txt pos neg:0.9983104974774482 pos:0.0016895025225519126 
1863.txt pos pos:0.9520488513476486 neg:0.04795114865235133 
2976.txt pos pos:0.7454968670487445 neg:0.25450313295125554 
3082.txt pos pos:0.9999999999819662 neg:1.8033770444914166E-11 
624.txt pos pos:0.9992119506709791 neg:7.880493290208021E-4 
1549.txt pos pos:1.0 neg:1.4600650562083195E-19 
4217.txt pos pos:0.9999999999998794 neg:1.2062655791506587E-13 
990.txt pos pos:1.0 neg:8.955131153587733E-24 
941.txt pos pos:0.9956583187578527 neg:0.0043416812421472935 
3918.txt pos pos:0.9999999999853801 neg:1.4619911251785326E-11 
1774.txt pos pos:0.58197699467836 neg:0.41802300532164 
3832.txt pos pos:0.9996967206724773 neg:3.0327932752279317E-4 
3491.txt pos pos:0.8138607057345725 neg:0.18613929426542747 
4265.txt pos pos:0.9980841973396183 neg:0.0019158026603816715 
237.txt pos pos:0.999999998450358 neg:1.5496419145762957E-9 
590.txt pos neg:0.9999689614617228 pos:3.1038538277303735E-5 
541.txt pos pos:0.9999999999990252 neg:9.748837796138767E-13 
3179.txt pos neg:0.9332899607380343 pos:0.06671003926196568 
68.txt pos pos:0.9999999999999982 neg:1.858740341599161E-15 
1708.txt pos pos:0.8625660503536086 neg:0.1374339496463913 
4341.txt pos pos:0.9999999999998566 neg:1.4352930051549394E-13 
1547.txt pos pos:0.9995784770154769 neg:4.2152298452310054E-4 
4219.txt pos pos:0.9999999999974374 neg:2.5625927310977714E-12 
2452.txt pos pos:0.9999999999999976 neg:2.5512280846164367E-15 
2033.txt pos pos:1.0 neg:5.009950613175309E-18 
2794.txt pos pos:0.9732990916994654 neg:0.0267009083005345 
3105.txt pos neg:0.999992864616348 pos:7.135383652131205E-6 
1231.txt pos pos:0.9986947898544566 neg:0.0013052101455433732 
4051.txt pos pos:0.9999974489039642 neg:2.5510960357786564E-6 
810.txt pos pos:1.0 neg:7.844201598223751E-19 
462.txt pos pos:1.0 neg:2.9903988262328975E-33 
3898.txt pos pos:0.613358888958968 neg:0.386641111041032 
1418.txt pos pos:1.0 neg:1.0050566587065677E-22 
4080.txt pos neg:0.9999806719555828 pos:1.932804441709215E-5 
2455.txt pos pos:0.9999999910585623 neg:8.941437765730625E-9 
2827.txt pos pos:0.9999999999999936 neg:6.546028667364876E-15 
1121.txt pos pos:0.9999999999724996 neg:2.7500510150597768E-11 
3102.txt pos neg:0.573484413557105 pos:0.42651558644289506 
1657.txt pos pos:0.9973995257716137 neg:0.0026004742283862146 
13.txt pos neg:0.9998629446224748 pos:1.3705537752523118E-4 
2560.txt neg neg:0.9999999061007973 pos:9.389920262981651E-8 
3741.txt neg neg:0.9999215740766705 pos:7.842592332960659E-5 
2088.txt neg neg:0.9999999999999971 pos:2.9283503553319545E-15 
4357.txt neg pos:0.9068216410039706 neg:0.09317835899602946 
4091.txt neg neg:0.9999991370925464 pos:8.629074536508787E-7 
2444.txt neg neg:0.9999963747970655 pos:3.625202934629295E-6 
2025.txt neg neg:0.9999999944165479 pos:5.583452032238459E-9 
3665.txt neg neg:1.0 pos:2.1112258326835125E-17 
976.txt neg neg:1.0 pos:4.73393481076099E-19 
1130.txt neg neg:0.9999999999998241 pos:1.7582466643674582E-13 
1646.txt neg neg:0.9999985784488858 pos:1.4215511142177796E-6 
3113.txt neg neg:0.9999999993623527 pos:6.376473324957945E-10 
2753.txt neg neg:0.9999999926053396 pos:7.3946604231005715E-9 
613.txt neg pos:0.9999999344026699 neg:6.559733014347785E-8 
2495.txt neg neg:0.9999999999999909 pos:9.023433195990963E-15 
1378.txt neg neg:0.9999971602340475 pos:2.8397659526290986E-6 
2969.txt neg neg:0.9999876893656071 pos:1.2310634392801899E-5 
2443.txt neg pos:0.9130531121469165 neg:0.08694688785308337 
3662.txt neg neg:0.9999999540785959 pos:4.5921404195633464E-8 
2022.txt neg neg:0.9999988440640034 pos:1.1559359966140885E-6 
1690.txt neg pos:0.9999865651439303 neg:1.3434856069736223E-5 
1137.txt neg neg:0.9999250680058072 pos:7.493199419277837E-5 
503.txt neg neg:0.9999999999951832 pos:4.816770106854446E-12 
1587.txt neg neg:0.9064694440744148 pos:0.0935305559255853 
3907.txt neg neg:0.9999999992139377 pos:7.860623104372008E-10 
884.txt neg neg:0.9998655634453952 pos:1.344365546047199E-4 
3797.txt neg neg:0.9999999999994549 pos:5.452278999743975E-13 
730.txt neg neg:0.9983384202137306 pos:0.0016615797862692997 
3451.txt neg neg:0.9999620744332369 pos:3.79255667631101E-5 
2915.txt neg neg:1.0 pos:1.669422252776921E-17 
1800.txt neg neg:0.9999991985321335 pos:8.014678666495846E-7 
380.txt neg neg:0.9999999999997049 pos:2.9513737639697365E-13 
1958.txt neg pos:0.8565523886685154 neg:0.14344761133148456 
1989.txt neg neg:0.9999999999697582 pos:3.024190985439761E-11 
3384.txt neg neg:0.9999998878972288 pos:1.1210277118977097E-7 
2967.txt neg neg:0.9999686154295416 pos:3.1384570458377675E-5 
2515.txt neg neg:1.0 pos:4.2511204800998085E-18 
2174.txt neg neg:1.0 pos:3.7581138398975055E-18 
3093.txt neg neg:0.9999445307686053 pos:5.54692313947432E-5 
1558.txt neg neg:0.9999996294987963 pos:3.7050120372685884E-7 
1589.txt neg neg:0.9999231068144366 pos:7.689318556327709E-5 
4322.txt neg neg:0.9999914724157211 pos:8.527584278871985E-6 
2431.txt neg neg:0.9561024729773784 pos:0.04389752702262172 
110.txt neg neg:0.999999936346162 pos:6.365383799453069E-8 
3166.txt neg neg:0.9999999943465843 pos:5.653415804397369E-9 
3975.txt neg neg:0.9999999787052831 pos:2.129471695294649E-8 
3039.txt neg neg:0.9992736933656629 pos:7.263066343372493E-4 
117.txt neg neg:0.9999942673486784 pos:5.732651321620029E-6 
1284.txt neg neg:0.9999999571776251 pos:4.282237483390934E-8 
904.txt neg neg:0.99999999256895 pos:7.431049834498354E-9 
576.txt neg neg:0.9999996942939244 pos:3.057060756904539E-7 
3161.txt neg neg:0.988750087096454 pos:0.011249912903546067 
1980.txt neg pos:0.9995875436255747 neg:4.1245637442528777E-4 
3972.txt neg neg:0.9999999999976124 pos:2.3877426610926814E-12 
483.txt neg neg:0.9910113251678662 pos:0.008988674832133812 
3424.txt neg neg:0.9064388984948673 pos:0.09356110150513279 
1875.txt neg neg:0.9999996567831874 pos:3.4321681252981323E-7 
3733.txt neg neg:0.9999999999791378 pos:2.086213285256476E-11 
978.txt neg neg:1.0 pos:7.410151222424834E-17 
553.txt neg neg:1.0 pos:4.589236248206696E-19 
921.txt neg neg:0.9999999944655946 pos:5.53440525875399E-9 
2861.txt neg neg:0.9999999999998617 pos:1.3822739589285663E-13 
644.txt neg neg:0.9999982623838228 pos:1.7376161771174212E-6 
3144.txt neg neg:0.9999999883139442 pos:1.1686055837532462E-8 
4300.txt neg neg:0.9999999999684475 pos:3.155258351515545E-11 
2939.txt neg neg:0.9999513406747319 pos:4.865932526815689E-5 
288.txt neg neg:0.9999999999974769 pos:2.5230730306136073E-12 
3588.txt neg pos:0.7712627185307319 neg:0.22873728146926817 
2778.txt neg neg:0.9999985555848898 pos:1.4444151102823015E-6 
3138.txt neg neg:0.9999982233042887 pos:1.7766957113514796E-6 
301.txt neg neg:0.9999944827023735 pos:5.517297626534526E-6 
1043.txt neg neg:0.9999999999999993 pos:7.700441368373268E-16 
2290.txt neg neg:1.0 pos:3.1175844622267295E-19 
2537.txt neg neg:0.9999999988510846 pos:1.148915303507511E-9 
1850.txt neg neg:0.9996675150537998 pos:3.3248494620018594E-4 
2009.txt neg neg:0.9999993964036167 pos:6.035963833428563E-7 
149.txt neg neg:0.9999999999989773 pos:1.0227749412572532E-12 
4134.txt neg neg:0.9999999999965912 pos:3.408917702653195E-12 
1353.txt neg neg:0.9999999994431843 pos:5.568157605766135E-10 
3874.txt neg neg:0.9717795300414358 pos:0.028220469958564125 
2297.txt neg neg:0.9999881347789419 pos:1.1865221058228564E-5 
1857.txt neg neg:0.9988759806561925 pos:0.0011240193438075466 
2075.txt neg neg:0.9999999999996527 pos:3.472194030856996E-13 
3635.txt neg neg:0.9999968086074722 pos:3.1913925277687825E-6 
4199.txt neg neg:0.9999999956658046 pos:4.334195512828737E-9 
2414.txt neg neg:0.9999966914140577 pos:3.3085859422960435E-6 
692.txt neg pos:0.9700909573142059 neg:0.029909042685794123 
643.txt neg neg:0.999999999827115 pos:1.7288507641210866E-10 
1038.txt neg neg:0.9996148581357176 pos:3.851418642823795E-4 
3647.txt neg neg:0.9999999999979461 pos:2.0539510649606175E-12 
281.txt neg pos:0.9660269774162875 neg:0.03397302258371235 
2814.txt neg neg:0.8886434720976117 pos:0.11135652790238822 
250.txt neg neg:0.9999999999999885 pos:1.1474630622040587E-14 
2771.txt neg neg:0.9999999999992726 pos:7.274553104831637E-13 
3696.txt neg neg:0.9999999999999809 pos:1.919583086950718E-14 
3131.txt neg neg:0.9999684865315093 pos:3.1513468490739985E-5 
308.txt neg neg:0.9999644352573048 pos:3.556474269522512E-5 
2299.txt neg neg:0.9999999999774614 pos:2.2538574938405025E-11 
4197.txt neg neg:0.5067286550477181 pos:0.4932713449522819 
4146.txt neg neg:0.9999999953494241 pos:4.650575959373277E-9 
Trial 0 Trainer NaiveBayesTrainer Training Data Confusion Matrix
Confusion Matrix, row=true, column=predicted  accuracy=0.9916666666666667
  label   0   1  |total
  0 pos 888  12  |900
  1 neg   3 897  |900

Trial 0 Trainer NaiveBayesTrainer training data accuracy= 0.9916666666666667
Trial 0 Trainer NaiveBayesTrainer Test Data Confusion Matrix
Confusion Matrix, row=true, column=predicted  accuracy=0.83
  label   0   1  |total
  0 pos  75  25  |100
  1 neg   9  91  |100

Trial 0 Trainer NaiveBayesTrainer test data accuracy= 0.83

NaiveBayesTrainer
Summary. train accuracy mean = 0.9916666666666667 stddev = 0.0 stderr = 0.0
Summary. test accuracy mean = 0.83 stddev = 0.0 stderr = 0.0
