
-------------------- Trial 0  --------------------

Trial 0 Training NaiveBayesTrainer with 1800 instances
Trial 0 Training NaiveBayesTrainer finished
Trial 0 Trainer NaiveBayesTrainer
 Raw Testing Data
1700.txt pos pos:0.8346914117264438 neg:0.1653085882735562 
3055.txt pos neg:0.9962273785389573 pos:0.0037726214610426835 
2970.txt pos pos:1.0 neg:1.0074499469515837E-34 
1417.txt pos pos:0.9999962346425522 neg:3.765357447802664E-6 
1865.txt pos pos:0.9999995663932827 neg:4.336067173260458E-7 
1076.txt pos pos:0.9999999999998201 neg:1.79810029562132E-13 
4211.txt pos pos:0.9999999360312651 neg:6.396873498155007E-8 
2828.txt pos pos:0.9887692924207235 neg:0.01123070757927654 
996.txt pos pos:0.9999999992484292 neg:7.515708911852686E-10 
292.txt pos pos:0.8329121542865462 neg:0.16708784571345386 
4022.txt pos pos:0.9999999906364615 neg:9.363538595547314E-9 
2381.txt pos pos:0.9999999999952436 neg:4.7564470240225E-12 
598.txt pos pos:1.0 neg:7.340791096197191E-17 
549.txt pos neg:0.9917398917199012 pos:0.00826010828009878 
3962.txt pos pos:1.0 neg:1.9916264021142365E-21 
1649.txt pos pos:0.9991806351573433 neg:8.193648426567265E-4 
4117.txt pos pos:1.0 neg:4.747368499978473E-17 
524.txt pos pos:0.9834326649793368 neg:0.01656733502066331 
1698.txt pos pos:0.9999999996303779 neg:3.696221633004419E-10 
2513.txt pos pos:0.9999997998816194 neg:2.001183806285083E-7 
2961.txt pos neg:0.9957869052315144 pos:0.004213094768485593 
2172.txt pos pos:1.0 neg:4.39485624352468E-18 
3044.txt pos neg:0.9812288735659408 pos:0.01877112643405907 
3425.txt pos pos:0.9999999987475885 neg:1.2524114128789495E-9 
3857.txt pos neg:0.9999999333994061 pos:6.66005940117051E-8 
71.txt pos pos:0.9999999995768549 neg:4.231450361618874E-10 
1981.txt pos pos:0.9999999999999998 neg:1.3632227423870828E-16 
1254.txt pos pos:0.9999998172917602 neg:1.827082398656277E-7 
1522.txt pos pos:0.9999999697968589 neg:3.0203141091568237E-8 
2056.txt pos pos:0.9999999999999949 neg:5.1723083544649765E-15 
717.txt pos pos:0.9999999999801992 neg:1.9800926006120746E-11 
4324.txt pos pos:1.0 neg:1.0825456813083362E-43 
376.txt pos neg:0.9999999999999982 pos:1.722646861485118E-15 
3038.txt pos neg:0.6976014585681327 pos:0.3023985414318674 
2080.txt pos pos:0.9999999993330477 neg:6.669521906321417E-10 
1957.txt pos pos:0.9999999997167921 neg:2.8320788153488353E-10 
229.txt pos pos:0.9796911674344699 neg:0.020308832565530045 
2051.txt pos pos:1.0 neg:5.461271707149606E-31 
3749.txt pos pos:0.7310535868674168 neg:0.26894641313258316 
4034.txt pos pos:0.9999999999999918 neg:8.218606209129677E-15 
4110.txt pos pos:0.9999999999302958 neg:6.970416752520624E-11 
1138.txt pos pos:0.9961120402225474 neg:0.0038879597774525575 
2966.txt pos pos:0.6318326039069133 neg:0.36816739609308674 
2175.txt pos pos:0.9999995794702213 neg:4.2052977859516067E-7 
3043.txt pos pos:0.9999907082762964 neg:9.291723703539275E-6 
2603.txt pos neg:0.9485764361728561 pos:0.051423563827143776 
3850.txt pos pos:0.9999999952806242 neg:4.719375747212887E-9 
1377.txt pos pos:0.9999999999997438 neg:2.561841091086726E-13 
2729.txt pos pos:0.9999999968040831 neg:3.1959169228453845E-9 
580.txt pos neg:0.9999878639251155 pos:1.2136074884528978E-5 
1801.txt pos neg:0.9999804816656923 pos:1.9518334307693966E-5 
3796.txt pos neg:0.9999638052685265 pos:3.61947314735636E-5 
2755.txt pos neg:0.9999999711659514 pos:2.883404859791471E-8 
1640.txt pos pos:1.0 neg:2.7199778061389274E-27 
3574.txt pos pos:0.643099015333186 neg:0.356900984666814 
3906.txt pos pos:0.9999999999955269 neg:4.473164593879635E-12 
1221.txt pos pos:0.9999999976644454 neg:2.3355546541288316E-9 
1925.txt pos pos:0.999999997695753 neg:2.3042470379043E-9 
3663.txt pos pos:0.999999999906354 neg:9.364605890202238E-11 
1718.txt pos pos:0.9999999999999656 neg:3.436338985237432E-14 
807.txt pos pos:0.9999985498728138 neg:1.4501271862003358E-6 
4380.txt pos pos:1.0 neg:3.665375910692318E-33 
1379.txt pos pos:0.9999999526803032 neg:4.731969680792002E-8 
1647.txt pos neg:0.9555510630665649 pos:0.04444893693343514 
2333.txt pos pos:1.0 neg:1.8797099135845927E-20 
1550.txt pos pos:0.9999960369613278 neg:3.96303867233304E-6 
1922.txt pos pos:0.9999999999999991 neg:9.706369849177365E-16 
989.txt pos pos:1.0 neg:5.992361229102159E-20 
3664.txt pos pos:0.9999999953139191 neg:4.686080761436011E-9 
4090.txt pos pos:0.9500308766503404 neg:0.04996912334965966 
800.txt pos neg:0.9999990463442514 pos:9.536557487159145E-7 
3859.txt pos pos:1.0 neg:7.714364418451345E-33 
924.txt pos pos:0.7365579639819323 neg:0.26344203601806776 
137.txt pos pos:0.9999936432654686 neg:6.356734531530802E-6 
4272.txt pos pos:1.0 neg:6.989046195904109E-28 
3486.txt pos pos:0.99999999998699 neg:1.301006092826452E-11 
2100.txt pos pos:1.0 neg:3.650659343217664E-22 
3740.txt pos pos:0.9999999999977502 neg:2.2498411268401286E-12 
3036.txt pos pos:0.9999999999999998 neg:1.8685192037869159E-16 
1565.txt pos pos:0.9999965116521542 neg:3.488347845844878E-6 
1917.txt pos pos:0.9999999999858229 neg:1.4177155011465E-11 
3680.txt pos pos:1.0 neg:5.667561592241031E-31 
2198.txt pos pos:0.9999999999999987 neg:1.221707676143462E-15 
835.txt pos pos:1.0 neg:2.1336173921864634E-30 
2149.txt pos pos:0.9999977491340009 neg:2.250865999077925E-6 
331.txt pos pos:0.9763610180832033 neg:0.02363898191679669 
4181.txt pos pos:1.0 neg:1.7906167442345623E-30 
3999.txt pos pos:1.0 neg:7.840198644947332E-19 
4247.txt pos pos:0.999999999999742 neg:2.5801321553858246E-13 
2585.txt pos pos:0.9999999999861249 neg:1.3875093853265475E-11 
849.txt pos pos:0.9996893780147857 neg:3.1062198521427135E-4 
3314.txt pos pos:0.9999999976639677 neg:2.3360321600115044E-9 
673.txt pos pos:1.0 neg:3.9835698411239826E-19 
916.txt pos pos:0.9999998544378926 neg:1.4556210740026254E-7 
3004.txt pos pos:0.9999999087404624 neg:9.125953755330426E-8 
2553.txt pos neg:0.9995680206367055 pos:4.319793632943868E-4 
1562.txt pos pos:0.9999999999906546 neg:9.34530554798613E-12 
1899.txt pos pos:0.9999999925713283 neg:7.428671660135437E-9 
786.txt pos pos:0.8552115854627952 neg:0.14478841453720478 
2638.txt pos pos:1.0 neg:6.023812680241432E-23 
2008.txt neg neg:0.9999959863598715 pos:4.013640128453752E-6 
2469.txt neg neg:0.9999968219232512 pos:3.1780767489182807E-6 
4222.txt neg neg:0.9999999966335429 pos:3.366457167756502E-9 
4135.txt neg neg:0.9999999999980176 pos:1.982436035723422E-12 
307.txt neg neg:0.9999991656478522 pos:8.343521478640461E-7 
803.txt neg pos:0.9999999969411182 neg:3.0588818231777425E-9 
2150.txt neg neg:0.5400774008235104 pos:0.4599225991764896 
1856.txt neg neg:0.9999999999993587 pos:6.412552653557996E-13 
69.txt neg neg:0.999333593887778 pos:6.664061122219016E-4 
555.txt neg neg:0.9999999999995708 pos:4.291468126844858E-13 
3634.txt neg neg:0.9999211915005917 pos:7.88084994082594E-5 
1500.txt neg neg:0.9999999999992268 pos:7.730820500515996E-13 
3980.txt neg pos:0.9983956704336988 neg:0.0016043295663012553 
2867.txt neg neg:0.999999999999728 pos:2.720851347186162E-13 
2415.txt neg pos:0.996261323855694 neg:0.003738676144305895 
3523.txt neg neg:0.9999999959498658 pos:4.050134140771727E-9 
4149.txt neg neg:0.9999721696974075 pos:2.7830302592437932E-5 
3809.txt neg neg:0.9999998957700869 pos:1.0422991322514859E-7 
4306.txt neg neg:0.9999881856176249 pos:1.1814382374983496E-5 
920.txt neg neg:0.9999999999466922 pos:5.3307719367048016E-11 
1507.txt neg neg:0.9853672352297272 pos:0.014632764770272788 
4259.txt neg neg:0.996061653320051 pos:0.003938346679948903 
3987.txt neg pos:0.9771927191933361 neg:0.022807280806663922 
3252.txt neg neg:0.7353691372759118 pos:0.2646308627240882 
3283.txt neg neg:0.9999995540417951 pos:4.4595820494400456E-7 
4288.txt neg neg:0.9999779688908138 pos:2.203110918616812E-5 
3145.txt neg neg:0.9864437231445357 pos:0.013556276855464408 
583.txt neg neg:0.9956656861725274 pos:0.0043343138274727295 
2938.txt neg neg:0.9996610142726426 pos:3.389857273573393E-4 
4301.txt neg neg:0.9994809846114373 pos:5.190153885626469E-4 
761.txt neg neg:0.9999985157717213 pos:1.4842282787606267E-6 
3061.txt neg neg:1.0 pos:1.4973485835360016E-17 
300.txt neg neg:0.9908296720751518 pos:0.009170327924848167 
1042.txt neg neg:1.0 pos:2.3935388170184494E-19 
2944.txt neg neg:0.999999999634176 pos:3.6582407553320516E-10 
2536.txt neg neg:0.9999993057099534 pos:6.942900466459832E-7 
3376.txt neg neg:0.9999994410170807 pos:5.589829192184984E-7 
1788.txt neg neg:0.9999999999336184 pos:6.63816764401269E-11 
1338.txt neg neg:1.0 pos:6.61575958454632E-25 
1601.txt neg pos:0.9999999545305517 neg:4.546944842223516E-8 
3154.txt neg pos:0.9370102794947283 neg:0.0629897205052718 
2403.txt neg neg:0.9999999999995517 pos:4.483198261811479E-13 
3243.txt neg neg:0.999997478768852 pos:2.5212311479383826E-6 
1964.txt neg neg:0.5551503818012851 pos:0.444849618198715 
1053.txt neg neg:0.999999999178059 pos:8.219408907569611E-10 
467.txt neg neg:0.6800762971289365 pos:0.3199237028710635 
770.txt neg neg:0.9996280381437139 pos:3.719618562860843E-4 
2197.txt neg neg:0.9999996633161713 pos:3.3668382859980715E-7 
2309.txt neg neg:0.999999999980764 pos:1.9236012968941735E-11 
2768.txt neg neg:0.9999999999990401 pos:9.59821172017213E-13 
812.txt neg pos:0.9999999997837241 neg:2.1627598505374627E-10 
1435.txt neg neg:0.9999999985121919 pos:1.4878080925839326E-9 
1847.txt neg neg:0.9935730113842416 pos:0.006426988615758483 
2983.txt neg neg:0.9999898871807908 pos:1.0112819209103855E-5 
316.txt neg pos:0.9999986576238148 neg:1.342376185136235E-6 
1449.txt neg pos:0.9999999745625261 neg:2.5437473824403708E-8 
3818.txt neg neg:0.9999948198408174 pos:5.180159182675464E-6 
4000.txt neg neg:1.0 pos:1.621876085092567E-23 
3940.txt neg neg:0.9999999977210285 pos:2.2789715527780403E-9 
3295.txt neg neg:0.5535249582374624 pos:0.44647504176253766 
1606.txt neg neg:0.999999999999891 pos:1.0898572769658688E-13 
544.txt neg neg:0.9965239424832099 pos:0.003476057516790174 
1170.txt neg neg:0.9968805924208045 pos:0.0031194075791955798 
3244.txt neg neg:0.9999999994143587 pos:5.856413702529942E-10 
1963.txt neg pos:0.9982479433094384 neg:0.001752056690561695 
1849.txt neg neg:0.9999999895097639 pos:1.0490236060878348E-8 
1898.txt neg neg:0.999999994377438 pos:5.622562013483905E-9 
3079.txt neg neg:0.9999999999999987 pos:1.428363829556924E-15 
240.txt neg neg:0.9999999999876534 pos:1.234666982072904E-11 
3657.txt neg neg:0.9999999999999976 pos:2.3946345034553654E-15 
2017.txt neg neg:0.9999999999884752 pos:1.1524718808912693E-11 
1102.txt neg neg:0.9899641219807429 pos:0.010035878019257132 
944.txt neg pos:0.6214229241952814 neg:0.37857707580471855 
2804.txt neg neg:0.9941259759827034 pos:0.0058740240172967546 
3236.txt neg pos:0.9893844729948077 neg:0.010615527005192337 
3591.txt neg pos:0.6423253341933752 neg:0.35767466580662477 
1781.txt neg neg:0.9999999999977391 pos:2.2609381125505844E-12 
1026.txt neg neg:0.9999999950136831 pos:4.9863169966337026E-9 
860.txt neg neg:0.9999999990517165 pos:9.482835467029578E-10 
1496.txt neg neg:0.9999999985406507 pos:1.4593493276253233E-9 
705.txt neg neg:0.9999993747273868 pos:6.252726133886663E-7 
3816.txt neg pos:0.8776704181315792 neg:0.12232958186842087 
4290.txt neg neg:0.9999999999989984 pos:1.0015824030199084E-12 
1608.txt neg pos:0.9120215127629762 neg:0.08797848723702376 
1021.txt neg pos:0.9999999156558612 neg:8.434413872975023E-8 
1336.txt neg neg:0.9999999988962356 pos:1.103764324246134E-9 
363.txt neg neg:0.9999999648438928 pos:3.51561072349181E-8 
2642.txt neg neg:0.9999988201553089 pos:1.179844691097508E-6 
2148.txt neg neg:0.9744477181799298 pos:0.025552281820070164 
2529.txt neg neg:1.0 pos:4.663895799360636E-19 
2307.txt neg neg:0.9999995903788103 pos:4.0962118962882456E-7 
3935.txt neg pos:0.9999916376259541 neg:8.362374045812697E-6 
3547.txt neg neg:0.999999999763409 pos:2.3659102913961656E-10 
247.txt neg pos:1.0 neg:8.511171177648712E-19 
2010.txt neg neg:0.9999999999764455 pos:2.3554435661359153E-11 
2471.txt neg pos:0.7927745199971352 neg:0.20722548000286484 
1916.txt neg neg:0.9999999999874425 pos:1.2557512845962905E-11 
883.txt neg neg:0.9999883172012699 pos:1.1682798730095376E-5 
737.txt neg pos:0.9996563612945273 neg:3.436387054727801E-4 
3824.txt neg neg:0.999999999690778 pos:3.0922189108818963E-10 
Trial 0 Trainer NaiveBayesTrainer Training Data Confusion Matrix
Confusion Matrix, row=true, column=predicted  accuracy=0.9938888888888889
  label   0   1  |total
  0 pos 891   9  |900
  1 neg   2 898  |900

Trial 0 Trainer NaiveBayesTrainer training data accuracy= 0.9938888888888889
Trial 0 Trainer NaiveBayesTrainer Test Data Confusion Matrix
Confusion Matrix, row=true, column=predicted  accuracy=0.825
  label   0   1  |total
  0 pos  85  15  |100
  1 neg  20  80  |100

Trial 0 Trainer NaiveBayesTrainer test data accuracy= 0.825

NaiveBayesTrainer
Summary. train accuracy mean = 0.9938888888888889 stddev = 0.0 stderr = 0.0
Summary. test accuracy mean = 0.825 stddev = 0.0 stderr = 0.0
