
-------------------- Trial 0  --------------------

Trial 0 Training NaiveBayesTrainer with 1800 instances
Trial 0 Training NaiveBayesTrainer finished
Trial 0 Trainer NaiveBayesTrainer
 Raw Testing Data
2462.txt pos neg:0.9999999999680276 pos:3.197251429341845E-11 
2934.txt pos pos:0.9999999996686857 neg:3.3131426449249754E-10 
1032.txt pos pos:0.9999999496174424 neg:5.038255754953481E-8 
2651.txt pos neg:0.987748296553511 pos:0.01225170344648907 
3802.txt pos neg:0.9597289897441617 pos:0.04027101025583829 
1482.txt pos pos:0.9999999999986247 neg:1.3752910368913904E-12 
1325.txt pos pos:1.0 neg:1.6693920625553086E-49 
4284.txt pos pos:0.9999999999999989 neg:1.10199312232574E-15 
1979.txt pos pos:0.7807518102952344 neg:0.21924818970476556 
4193.txt pos pos:0.9999999999998459 neg:1.5403334143598949E-13 
1826.txt pos pos:0.9992476254110271 neg:7.523745889727901E-4 
1035.txt pos pos:1.0 neg:4.609964422660115E-17 
2590.txt pos neg:0.9928859030550283 pos:0.007114096944971716 
1322.txt pos pos:0.9887306414324438 neg:0.011269358567556034 
3259.txt pos neg:0.8775157104890408 pos:0.12248428951095928 
200.txt pos pos:0.9999999986277668 neg:1.3722331988461694E-9 
3638.txt pos pos:0.9484211831359959 neg:0.05157881686400418 
1428.txt pos pos:0.6474228642619083 neg:0.3525771357380917 
3132.txt pos pos:0.9999868283213771 neg:1.3171678622969091E-5 
2772.txt pos neg:0.941370956813013 pos:0.05862904318698711 
3225.txt pos neg:0.9888425150792048 pos:0.011157484920795125 
1317.txt pos pos:0.9999438895005314 neg:5.6110499468582775E-5 
1461.txt pos pos:0.9998448087361016 neg:1.5519126389841516E-4 
2906.txt pos pos:0.9939638421592197 neg:0.00603615784078031 
2574.txt pos pos:0.9998728831062789 neg:1.2711689372101902E-4 
4170.txt pos pos:0.9999964431983551 neg:3.5568016449765405E-6 
931.txt pos pos:1.0 neg:4.3777542965102394E-33 
311.txt pos neg:0.9999916043914397 pos:8.39560856021039E-6 
3729.txt pos pos:0.9516006390173922 neg:0.04839936098260776 
4343.txt pos pos:0.9997447267824355 neg:2.552732175645239E-4 
1683.txt pos pos:0.9999999995393765 neg:4.606235604248689E-10 
1937.txt pos pos:0.9980575049426692 neg:0.001942495057330786 
1545.txt pos pos:0.9999919561472698 neg:8.043852730340474E-6 
2450.txt pos pos:1.0 neg:5.571126507072811E-17 
3566.txt pos pos:0.9999999999996627 neg:3.3724719459613715E-13 
3107.txt pos pos:0.9999999596507781 neg:4.034922182705033E-8 
3439.txt pos pos:1.0 neg:1.2073450348774493E-18 
4344.txt pos pos:0.9999999999999996 neg:5.412164729571013E-16 
1684.txt pos pos:0.9998613746289473 neg:1.3862537105280198E-4 
3676.txt pos pos:1.0 neg:2.761903896754764E-17 
1542.txt pos pos:1.0 neg:2.6079646945840558E-20 
2825.txt pos pos:0.8936662213781821 neg:0.10633377862181795 
1234.txt pos neg:0.9999999989122845 pos:1.0877155255395203E-9 
2740.txt pos neg:0.9999894042938795 pos:1.0595706120546872E-5 
3837.txt pos pos:0.9999999999957414 neg:4.258665259878133E-12 
2664.txt pos pos:0.9998857164015437 neg:1.1428359845618938E-4 
1771.txt pos neg:0.7634464827470216 pos:0.23655351725297843 
1007.txt pos pos:0.9999945085812627 neg:5.491418737296501E-6 
2112.txt pos pos:0.9999999985242201 neg:1.4757799618491594E-9 
595.txt pos pos:0.999999999999998 neg:1.975978203908964E-15 
1248.txt pos neg:0.9983364221248587 pos:0.0016635778751412803 
682.txt pos pos:0.9994716043690377 neg:5.283956309622974E-4 
4177.txt pos pos:0.9999999986025856 neg:1.3974143656895212E-9 
936.txt pos neg:0.9998403244889412 pos:1.5967551105888314E-4 
1703.txt pos pos:0.9999999988296482 neg:1.17035173562863E-9 
2160.txt pos pos:0.9999998253867902 neg:1.7461320975830436E-7 
318.txt pos pos:0.983929637484793 neg:0.016070362515206868 
3720.txt pos pos:0.9999999991368196 neg:8.631805133873841E-10 
1866.txt pos pos:0.9999992957729998 neg:7.042270001637588E-7 
3678.txt pos pos:0.9999947388859971 neg:5.261114002788442E-6 
186.txt pos pos:0.999999999911463 neg:8.853698303898127E-11 
4212.txt pos pos:0.9999999937542641 neg:6.245735939025508E-9 
157.txt pos pos:0.9992342186762967 neg:7.657813237032465E-4 
4105.txt pos pos:0.9999999999991769 neg:8.231683298932159E-13 
536.txt pos pos:0.9972311775668942 neg:0.0027688224331059 
364.txt pos pos:0.9999194819058033 neg:8.051809419686413E-5 
2044.txt pos pos:0.9999999959710537 neg:4.028946310804123E-9 
2382.txt pos pos:0.9325564758873933 neg:0.06744352411260665 
1246.txt pos pos:0.9821986593885885 neg:0.017801340611411563 
938.txt pos pos:0.9999987212115339 neg:1.2787884661508337E-6 
4179.txt pos pos:0.9999999999905671 neg:9.432863719253201E-12 
1627.txt pos pos:0.9999999999940388 neg:5.961335298591446E-12 
4026.txt pos pos:1.0 neg:3.829099544218207E-19 
867.txt pos pos:0.9999865032452774 neg:1.3496754722625083E-5 
1290.txt pos pos:0.9999290093596012 neg:7.099064039875731E-5 
2850.txt pos pos:0.9989182379176533 neg:0.0010817620823467024 
3262.txt pos neg:0.825624844282655 pos:0.17437515571734502 
3514.txt pos pos:0.9999977908010937 neg:2.209198906189004E-6 
3175.txt pos pos:0.9997522245304368 neg:2.477754695631811E-4 
1187.txt pos pos:0.9998827730640858 neg:1.1722693591421087E-4 
2611.txt pos pos:0.9999999999889948 neg:1.1005292947024623E-11 
1072.txt pos pos:0.999994865465494 neg:5.134534506018171E-6 
2974.txt pos pos:0.9999988722510496 neg:1.1277489505026701E-6 
4215.txt pos pos:0.9999999999161377 neg:8.386230700502825E-11 
150.txt pos pos:0.9999999999614739 neg:3.852611242019663E-11 
531.txt pos pos:0.8963925637453006 neg:0.10360743625469933 
3716.txt pos pos:0.9998567831947044 neg:1.4321680529559073E-4 
2156.txt pos pos:0.9799055611411909 neg:0.02009443885880921 
3873.txt pos pos:1.0 neg:7.522124084725498E-29 
3401.txt pos pos:1.0 neg:1.3922348473507042E-26 
2620.txt pos pos:0.999999984828402 neg:1.517159800825138E-8 
2187.txt pos pos:1.0 neg:6.847879509836748E-20 
161.txt pos pos:0.9999999630374121 neg:3.6962587776408156E-8 
1328.txt pos neg:0.6152337175618182 pos:0.38476628243818173 
4289.txt pos pos:0.9988647874019407 neg:0.0011352125980591745 
1270.txt pos neg:0.9849997231981075 pos:0.015000276801892424 
3282.txt pos pos:0.9999563004588373 neg:4.369954116268858E-5 
2365.txt pos pos:1.0 neg:6.940818841525099E-25 
3632.txt pos neg:0.9932331419307614 pos:0.006766858069238691 
3195.txt pos pos:0.9999999993377171 neg:6.622829728906462E-10 
1150.txt neg neg:0.9999999999984994 pos:1.5004989892616464E-12 
2424.txt neg neg:0.9999999996075974 pos:3.9240259827960263E-10 
105.txt neg neg:0.9999839276125004 pos:1.607238749965072E-5 
1469.txt neg neg:1.0 pos:6.638639089184808E-23 
2039.txt neg neg:0.7443540780798137 pos:0.2556459219201862 
179.txt neg neg:0.9999998260964633 pos:1.7390353664996515E-7 
1074.txt neg neg:0.9999999999999964 pos:3.616267548804344E-15 
2972.txt neg neg:0.9779129024613402 pos:0.02208709753865972 
1363.txt neg neg:0.9999986341029584 pos:1.3658970415570246E-6 
3436.txt neg neg:1.0 pos:7.522841133891871E-22 
3391.txt neg neg:0.9999631629580066 pos:3.683704199343885E-5 
3057.txt neg pos:0.9993966651921281 neg:6.033348078717761E-4 
2889.txt neg neg:0.9998639739854783 pos:1.360260145215343E-4 
4261.txt neg neg:0.8794827499788171 pos:0.1205172500211829 
3753.txt neg neg:0.9914035023408968 pos:0.008596497659103208 
395.txt neg neg:0.9852065907271433 pos:0.01479340927285672 
840.txt neg neg:0.9999999959671948 pos:4.032805223847526E-9 
3332.txt neg neg:0.9995565244368351 pos:4.4347556316491415E-4 
2204.txt neg neg:0.9999999903905877 pos:9.60941222412151E-9 
2665.txt neg neg:1.0 pos:3.1293410361215786E-17 
1235.txt neg neg:1.0 pos:5.275213290175E-19 
1654.txt neg neg:1.0 pos:7.462123544322216E-19 
2741.txt neg neg:0.9988508930182792 pos:0.0011491069817208422 
1122.txt neg neg:0.9999641515748267 pos:3.584842517344035E-5 
964.txt neg pos:0.8190546811775266 neg:0.18094531882247344 
516.txt neg neg:0.9999991142436534 pos:8.85756346679893E-7 
2824.txt neg neg:0.9989585576086869 pos:0.001041442391313067 
3088.txt neg pos:0.9999999999963498 neg:3.650203130016073E-12 
4345.txt neg neg:0.9999999999981783 pos:1.8217623976761107E-12 
87.txt neg neg:0.9998094737151461 pos:1.905262848539807E-4 
759.txt neg neg:0.9999994239850393 pos:5.760149607785677E-7 
2327.txt neg pos:0.9581519110326934 neg:0.041848088967306525 
3915.txt neg neg:0.9999980960364552 pos:1.9039635448055787E-6 
1653.txt neg neg:0.9909063819967091 pos:0.009093618003290848 
1936.txt neg neg:0.9999999976449461 pos:2.3550538521891397E-9 
2168.txt neg neg:0.9999994255147607 pos:5.744852392057461E-7 
3728.txt neg pos:0.8061076374845454 neg:0.1938923625154546 
3398.txt neg neg:0.999999999999279 pos:7.210382694489594E-13 
3969.txt neg neg:0.9999999975121519 pos:2.487848034856714E-9 
4171.txt neg neg:0.9999999999997649 pos:2.350477740524782E-13 
1538.txt neg neg:0.9999999997813396 pos:2.186603596165908E-10 
2575.txt neg neg:0.9999236213017486 pos:7.637869825150121E-5 
1812.txt neg neg:0.7803553031524163 pos:0.21964469684758373 
722.txt neg neg:0.9999856816692496 pos:1.4318330750450815E-5 
2203.txt neg neg:0.9999999996790654 pos:3.20934630256328E-10 
3831.txt neg neg:0.9999998492272971 pos:1.5077270284939384E-7 
896.txt neg neg:1.0 pos:3.6337176235177745E-18 
145.txt neg pos:0.8784761990590498 neg:0.12152380094095018 
2005.txt neg neg:1.0 pos:2.588836083860246E-18 
956.txt neg neg:0.9999952794907225 pos:4.720509277498985E-6 
1110.txt neg neg:0.9999999491316304 pos:5.086836950065663E-8 
2312.txt neg neg:0.9999999997148965 pos:2.851035195621247E-10 
3878.txt neg neg:0.9998762838207669 pos:1.237161792329704E-4 
3258.txt neg neg:0.999451325470825 pos:5.48674529175008E-4 
2418.txt neg neg:0.9999999999999998 pos:1.1770916037408462E-16 
558.txt neg neg:0.989431565603465 pos:0.010568434396534971 
1742.txt neg pos:0.96159533758911 neg:0.038404662410889905 
3017.txt neg neg:0.9999999998836695 pos:1.1633048870089663E-10 
3804.txt neg neg:0.9999999999993827 pos:6.173057744703275E-13 
2540.txt neg neg:0.9999999896682975 pos:1.0331702584855778E-8 
400.txt neg neg:0.9999742065366172 pos:2.5793463382852782E-5 
1793.txt neg neg:0.9999718267105313 pos:2.817328946871839E-5 
699.txt neg neg:0.999999999525254 pos:4.747460001843456E-10 
4254.txt neg pos:0.8737961557448869 neg:0.12620384425511316 
1978.txt neg pos:0.6099904778943589 neg:0.3900095221056411 
3148.txt neg neg:0.9999999998392866 pos:1.607133781283971E-10 
3529.txt neg pos:0.9999967236039043 neg:3.2763960956188524E-6 
2369.txt neg neg:0.9999999999999991 pos:8.333036085421062E-16 
1483.txt neg neg:0.9999999999999893 pos:1.0663973493748956E-14 
2596.txt neg neg:0.9999999999127498 pos:8.725028273803416E-11 
3307.txt neg neg:0.9999845576037467 pos:1.5442396253329833E-5 
2126.txt neg neg:0.9132437431711447 pos:0.08675625682885532 
2811.txt neg neg:0.9999999996837445 pos:3.1625553165907563E-10 
2463.txt neg neg:0.9999998120200244 pos:1.8797997560571094E-7 
3223.txt neg neg:0.9999580406267322 pos:4.195937326767677E-5 
2002.txt neg neg:0.9999995579645786 pos:4.42035421402577E-7 
523.txt neg neg:0.9999999971724363 pos:2.8275638404262406E-9 
980.txt neg neg:1.0 pos:3.201415414779399E-22 
2774.txt neg neg:0.9999999513975227 pos:4.8602477238988246E-8 
3693.txt neg neg:0.9999999999972078 pos:2.792152441139647E-12 
3134.txt neg neg:0.9999958872500428 pos:4.112749957250788E-6 
634.txt neg neg:0.9984834634258083 pos:0.0015165365741916402 
193.txt neg neg:0.999966001834813 pos:3.399816518712339E-5 
3555.txt neg neg:0.9999783441455994 pos:2.1655854400558748E-5 
1739.txt neg neg:0.9947663855806242 pos:0.005233614419375794 
2998.txt neg neg:0.9999999999826223 pos:1.7377598697662965E-11 
2411.txt neg neg:0.9999999681298105 pos:3.1870189463924535E-8 
130.txt neg pos:0.9707172187384897 neg:0.02928278126151039 
3630.txt neg neg:0.9999999999973961 pos:2.60380716972089E-12 
227.txt neg neg:1.0 pos:1.7605601106476613E-26 
3280.txt neg neg:0.9918486995761763 pos:0.008151300423823732 
11.txt neg neg:0.9991392198791569 pos:8.607801208430012E-4 
409.txt neg neg:0.99999306237392 pos:6.937626079816577E-6 
2128.txt neg pos:0.9616145056057626 neg:0.03838549439423746 
4069.txt neg neg:0.7946214167932022 pos:0.20537858320679778 
1737.txt neg pos:0.9940692598688438 neg:0.0059307401311562945 
1883.txt neg neg:0.9777110952365812 pos:0.02228890476341883 
1356.txt neg pos:0.9029069513776337 neg:0.09709304862236628 
2535.txt neg neg:0.9999937067000879 pos:6.293299912078849E-6 
1420.txt neg neg:0.9999999999957514 pos:4.248682101539859E-12 
Trial 0 Trainer NaiveBayesTrainer Training Data Confusion Matrix
Confusion Matrix, row=true, column=predicted  accuracy=0.9894444444444445
  label   0   1  |total
  0 pos 884  16  |900
  1 neg   3 897  |900

Trial 0 Trainer NaiveBayesTrainer training data accuracy= 0.9894444444444445
Trial 0 Trainer NaiveBayesTrainer Test Data Confusion Matrix
Confusion Matrix, row=true, column=predicted  accuracy=0.845
  label   0   1  |total
  0 pos  83  17  |100
  1 neg  14  86  |100

Trial 0 Trainer NaiveBayesTrainer test data accuracy= 0.845

NaiveBayesTrainer
Summary. train accuracy mean = 0.9894444444444445 stddev = 0.0 stderr = 0.0
Summary. test accuracy mean = 0.845 stddev = 0.0 stderr = 0.0
