
-------------------- Trial 0  --------------------

Trial 0 Training NaiveBayesTrainer with 1800 instances
Trial 0 Training NaiveBayesTrainer finished
Trial 0 Trainer NaiveBayesTrainer
 Raw Testing Data
74.txt pos neg:0.6719948649482672 pos:0.32800513505173284 
1984.txt pos pos:1.0 neg:5.2718441811652805E-17 
2082.txt pos neg:0.9581439674171702 pos:0.041856032582829696 
3165.txt pos pos:1.0 neg:6.534974399663897E-27 
2053.txt pos pos:0.9999966096026474 neg:3.3903973525161576E-6 
2432.txt pos pos:0.6982972991535379 neg:0.30170270084646206 
3272.txt pos pos:0.7619277708735807 neg:0.23807222912641926 
1309.txt pos pos:0.9999999953812657 neg:4.61873430980969E-9 
4036.txt pos pos:0.9999999999999984 neg:1.5567651611720124E-15 
405.txt pos pos:0.9999993152192443 neg:6.847807557895858E-7 
877.txt pos neg:0.8578831497076521 pos:0.14211685029234788 
3119.txt pos pos:1.0 neg:1.461479886406779E-17 
257.txt pos pos:0.9999999999999933 neg:6.713550092990447E-15 
2788.txt pos pos:0.9999999999998497 neg:1.5041172101047398E-13 
982.txt pos pos:0.9999999999966598 neg:3.3401714719988986E-12 
3090.txt pos pos:0.9926790358360131 neg:0.007320964163986887 
3737.txt pos pos:0.9999998258261228 neg:1.741738772417072E-7 
1871.txt pos pos:1.0 neg:2.2719973868212265E-18 
2516.txt pos pos:0.9999957058995715 neg:4.294100428393983E-6 
3387.txt pos pos:0.9999885198430054 neg:1.1480156994533976E-5 
1375.txt pos pos:0.9999999999665814 neg:3.341870587139414E-11 
3041.txt pos pos:1.0 neg:1.5883049459923254E-17 
1714.txt pos pos:1.0 neg:4.670463229378801E-18 
1318.txt pos pos:0.9999999999993816 neg:6.184833664042959E-13 
866.txt pos neg:0.9083997992986813 pos:0.09160020070131873 
1291.txt pos neg:0.999999999999917 pos:8.294807861900206E-14 
4268.txt pos pos:0.9999999999999998 neg:1.4945435409627244E-16 
1536.txt pos neg:0.9957496372023471 pos:0.004250362797652932 
1240.txt pos pos:0.9582383077496801 neg:0.04176169225031991 
1621.txt pos pos:0.9999999998421598 neg:1.5784016737924729E-10 
2093.txt pos neg:0.9999932948622323 pos:6.705137767758422E-6 
1705.txt pos pos:0.9999999996228559 neg:3.7714413802814487E-10 
2507.txt pos pos:0.9999228682209187 neg:7.713177908121637E-5 
3347.txt pos pos:0.9999999291618499 neg:7.083815003466361E-8 
246.txt pos neg:0.9996762307359781 pos:3.237692640219123E-4 
2799.txt pos pos:0.9999999977037013 neg:2.2962986332675056E-9 
4214.txt pos neg:0.9999952494188478 pos:4.7505811523796505E-6 
2748.txt pos pos:1.0 neg:1.5561944903541866E-19 
297.txt pos neg:0.9926725874448817 pos:0.00732741255511811 
4103.txt pos pos:1.0 neg:1.0220754420979985E-30 
2617.txt pos pos:0.9999999996247337 neg:3.7526621030622217E-10 
3721.txt pos pos:0.9999999891083612 neg:1.0891638749788927E-8 
3895.txt pos pos:1.0 neg:2.267253266453059E-22 
778.txt pos pos:0.9999999723641132 neg:2.763588687768967E-8 
994.txt pos pos:1.0 neg:1.4881274390558888E-17 
4213.txt pos neg:0.9999811822962178 pos:1.8817703782107675E-5 
1008.txt pos pos:1.0 neg:6.20135159443973E-17 
4337.txt pos pos:0.9999999999280602 neg:7.193979383492493E-11 
2383.txt pos neg:0.9436884834971971 pos:0.05631151650280286 
1531.txt pos pos:0.9999999985891528 neg:1.410847184745437E-9 
1943.txt pos pos:0.9999994160775464 neg:5.839224536074867E-7 
1247.txt pos pos:0.992804281336334 neg:0.007195718663665929 
2887.txt pos neg:0.9309598647301276 pos:0.06904013526987247 
4178.txt pos pos:0.9717629481639497 neg:0.028237051836050263 
1626.txt pos pos:0.9999999982544321 neg:1.7455679949709348E-9 
2619.txt pos neg:0.9999988049503798 pos:1.1950496202111022E-6 
776.txt pos pos:1.0 neg:4.33021940148427E-24 
3677.txt pos pos:0.999999999999388 neg:6.118954277025057E-13 
1931.txt pos pos:0.9999977865205333 neg:2.213479466629527E-6 
1592.txt pos pos:1.0 neg:2.9241696942696437E-22 
3912.txt pos pos:0.9999999990658792 neg:9.341207383612695E-10 
3560.txt pos pos:0.9999999999956648 neg:4.335309574304316E-12 
2320.txt pos pos:1.0 neg:1.2015714050690139E-22 
158.txt pos pos:1.0 neg:2.753710909828907E-19 
1311.txt pos pos:1.0 neg:7.409580049830458E-47 
3025.txt pos neg:0.9988125713274721 pos:0.0011874286725278515 
2113.txt pos neg:0.999999999999982 pos:1.7923832091529883E-14 
2900.txt pos neg:0.9999958883926445 pos:4.111607355547881E-6 
4339.txt pos pos:0.9999999999875824 neg:1.2417716829353985E-11 
2858.txt pos pos:0.9999934411665828 neg:6.558833417239213E-6 
652.txt pos pos:0.9999999999999998 neg:1.7015057146217943E-16 
683.txt pos pos:1.0 neg:4.7305651933588735E-23 
545.txt pos pos:0.9995942784470927 neg:4.0572155290741733E-4 
4176.txt pos neg:0.9982191900632238 pos:0.0017808099367761525 
1777.txt pos pos:0.999999989669868 neg:1.0330132038118989E-8 
868.txt pos neg:0.9267842834058148 pos:0.07321571659418522 
3754.txt pos neg:0.9999999691533584 pos:3.08466416337635E-8 
3335.txt pos pos:0.9999999963545232 neg:3.645476880252768E-9 
684.txt pos pos:0.9901961132139853 neg:0.009803886786014671 
814.txt pos pos:0.9999999996193984 neg:3.806015406941978E-10 
1682.txt pos pos:1.0 neg:1.311854367507652E-17 
2823.txt pos pos:0.9999999999059526 neg:9.404737668037494E-11 
629.txt pos pos:0.9999999531342372 neg:4.686576287631602E-8 
1544.txt pos pos:0.9999992072380323 neg:7.927619678322658E-7 
1595.txt pos pos:0.9908118736444667 neg:0.009188126355533498 
17.txt pos pos:0.9994247511479158 neg:5.752488520840847E-4 
359.txt pos neg:0.9999978111235056 pos:2.1888764942743374E-6 
2686.txt pos pos:1.0 neg:4.263940878543252E-25 
3761.txt pos neg:0.9950582028090785 pos:0.004941797190921494 
116.txt pos pos:0.9135267803157365 neg:0.08647321968426354 
4282.txt pos pos:0.9999999999684339 neg:3.156600401277737E-11 
201.txt pos pos:0.9999999996383062 neg:3.616938685671191E-10 
3639.txt pos neg:0.9714675899287109 pos:0.028532410071289142 
821.txt pos pos:0.999999218279439 neg:7.817205609951682E-7 
453.txt pos neg:0.5206555268018729 pos:0.4793444731981271 
1099.txt pos pos:0.9753308633045389 neg:0.024669136695461173 
795.txt pos pos:0.9999671536134773 neg:3.2846386522530505E-5 
1903.txt pos pos:0.9999316095001092 neg:6.839049989067368E-5 
3645.txt pos pos:0.8710162148890614 neg:0.12898378511093847 
454.txt pos pos:0.9999999936163475 neg:6.383652552807812E-9 
1968.txt neg neg:1.0 pos:4.2350485206082226E-17 
2959.txt neg neg:0.9998701334218961 pos:1.2986657810394668E-4 
73.txt neg neg:0.9999999976638176 pos:2.3361824457840098E-9 
2764.txt neg neg:0.9999999993584399 pos:6.415601263170324E-10 
1210.txt neg neg:1.0 pos:3.410098264157768E-17 
183.txt neg pos:0.5715986490426114 neg:0.4284013509573886 
3937.txt neg neg:0.999999999995079 pos:4.920948875879807E-12 
4238.txt neg neg:0.9999993246763261 pos:6.75323673894608E-7 
294.txt neg neg:0.999996991073129 pos:3.0089268710168135E-6 
533.txt neg neg:1.0 pos:2.886496925512979E-25 
2559.txt neg neg:0.9999935629182436 pos:6.437081756368148E-6 
2138.txt neg neg:0.9999999999157956 pos:8.420441228382291E-11 
3778.txt neg pos:0.9383832855991908 neg:0.06161671440080918 
4005.txt neg neg:0.9999999072423288 pos:9.275767125150751E-8 
3156.txt neg neg:0.999999999995363 pos:4.637019188255151E-12 
2716.txt neg pos:0.9999720268693181 neg:2.797313068184338E-5 
656.txt neg pos:0.5276715131500616 neg:0.47232848684993844 
3945.txt neg neg:0.9999758379156068 pos:2.4162084393071267E-5 
2957.txt neg neg:1.0 pos:1.4077758072173135E-18 
2144.txt neg neg:1.0 pos:9.042359599201148E-23 
465.txt neg neg:0.999999869309389 pos:1.3069061091055685E-7 
1727.txt neg pos:0.9999954250928798 neg:4.57490712020345E-6 
772.txt neg neg:0.7552383232608226 pos:0.24476167673917734 
1893.txt neg neg:0.9987467756506884 pos:0.001253224349311553 
1346.txt neg pos:0.9999998654379484 neg:1.34562051691843E-7 
2986.txt neg neg:0.9999999999999327 pos:6.737351748803542E-14 
1845.txt neg pos:0.9999965008604759 neg:3.4991395241550632E-6 
1056.txt neg neg:0.9999999999991425 pos:8.574873246922785E-13 
314.txt neg neg:0.9999999928863019 pos:7.11369813148127E-9 
1087.txt neg neg:0.9988658748755924 pos:0.0011341251244076135 
2635.txt neg pos:0.9999999999999998 neg:1.5324877064481993E-16 
775.txt neg neg:0.9999999999917775 pos:8.222484641837039E-12 
1678.txt neg neg:0.9961208977017801 pos:0.003879102298219722 
1839.txt neg neg:0.9999999999997555 pos:2.445776013126167E-13 
3009.txt neg neg:0.9999999999999907 pos:9.322824488251338E-15 
4002.txt neg neg:0.9999813592563471 pos:1.8640743652882625E-5 
230.txt neg neg:0.997972252173372 pos:0.0020277478266280636 
1604.txt neg neg:1.0 pos:1.2535310126163212E-18 
2711.txt neg neg:0.9999999999999936 pos:6.501786634615503E-15 
651.txt neg neg:1.0 pos:9.640817969307863E-27 
3942.txt neg pos:0.9999967977656928 neg:3.2022343071325E-6 
3246.txt neg neg:0.999999788334784 pos:2.1166521605212347E-7 
127.txt neg neg:0.9999999999936806 pos:6.3192880955015405E-12 
1513.txt neg neg:0.9999999986172599 pos:1.3827401845967695E-9 
4220.txt neg neg:0.9999999999986022 pos:1.397723386558295E-12 
3064.txt neg pos:0.9594658139638018 neg:0.04053418603619818 
1096.txt neg neg:0.8089794281432817 pos:0.1910205718567182 
3877.txt neg pos:0.9999986501630806 neg:1.3498369194978446E-6 
2990.txt neg neg:0.999999999956156 pos:4.384411229685352E-11 
1885.txt neg neg:0.9993682057687434 pos:6.317942312566353E-4 
764.txt neg neg:0.9999999997590185 pos:2.409814566917547E-10 
4378.txt neg neg:0.8350721475777325 pos:0.16492785242226757 
1502.txt neg neg:0.9993748589719961 pos:6.251410280039394E-4 
2417.txt neg neg:0.9999999999992897 pos:7.103293335137447E-13 
2361.txt neg pos:0.9064598841605563 neg:0.09354011583944363 
379.txt neg neg:0.999999999999446 pos:5.539606602087286E-13 
1828.txt neg neg:0.9999999572541081 pos:4.274589198426975E-8 
3985.txt neg neg:0.9999999999999885 pos:1.1593097311995519E-14 
2862.txt neg neg:0.99999979896645 pos:2.0103354996733198E-7 
2410.txt neg neg:0.9999999999996363 pos:3.636598005794966E-13 
3631.txt neg neg:0.9999999999040385 pos:9.596135309516132E-11 
3196.txt neg neg:0.9999999969180875 pos:3.0819124343430957E-9 
3147.txt neg neg:0.9999438097310216 pos:5.619026897855113E-5 
1273.txt neg pos:0.9990402285664636 neg:9.597714335363606E-4 
2599.txt neg neg:0.996703140411307 pos:0.00329685958869284 
4303.txt neg neg:0.9999880728338996 pos:1.1927166100401214E-5 
1091.txt neg neg:0.5834405930609137 pos:0.4165594069390864 
2997.txt neg neg:0.9999999993133801 pos:6.866199283262106E-10 
3402.txt neg neg:0.9999999479773845 pos:5.202261546407978E-8 
1882.txt neg neg:0.9999968636067338 pos:3.1363932663212865E-6 
2534.txt neg neg:0.999861445693641 pos:1.3855430635904633E-4 
474.txt neg neg:0.9999999999999991 pos:9.53970590085922E-16 
1040.txt neg neg:0.9244240235669834 pos:0.07557597643301671 
3715.txt neg neg:0.9934999300029459 pos:0.006500069997054179 
3528.txt neg neg:0.9999984128998896 pos:1.5871001105107198E-6 
2368.txt neg neg:0.9996936021228281 pos:3.063978771719712E-4 
370.txt neg neg:0.9999981032969879 pos:1.8967030121333934E-6 
1744.txt neg neg:0.999999995526262 pos:4.473738021243457E-9 
1453.txt neg neg:0.9999999998631428 pos:1.3685729056118702E-10 
3306.txt neg neg:0.9999999999996156 pos:3.843905041274752E-13 
3767.txt neg neg:0.9999999999511675 pos:4.883245948319788E-11 
2680.txt neg pos:0.999405209462838 neg:5.947905371620254E-4 
143.txt neg neg:0.9976345027976321 pos:0.0023654972023679516 
4229.txt neg neg:0.9998515641123991 pos:1.4843588760104828E-4 
3692.txt neg neg:0.9999999281352315 pos:7.18647686294936E-8 
254.txt neg neg:0.9999999987466897 pos:1.2533104494001983E-9 
2314.txt neg neg:0.9999999992137867 pos:7.862132781718662E-10 
808.txt neg neg:0.9999999999511591 pos:4.8840889943730696E-11 
1902.txt neg pos:0.847923511328686 neg:0.15207648867131388 
986.txt neg neg:0.9999999999998321 pos:1.6775601842716607E-13 
2313.txt neg neg:0.9999999998638263 pos:1.361738492904317E-10 
3553.txt neg neg:0.9999991514880008 pos:8.48511999141304E-7 
195.txt neg neg:0.9991615760545624 pos:8.384239454377293E-4 
1206.txt neg neg:0.9958379308531382 pos:0.004162069146861818 
3879.txt neg neg:0.9638570202490113 pos:0.03614297975098879 
1049.txt neg neg:0.9999999999949736 pos:5.026432068335583E-12 
138.txt neg pos:0.9970413497190155 neg:0.0029586502809845028 
4283.txt neg neg:0.9999999999986116 pos:1.388551675705389E-12 
3016.txt neg neg:0.999999994605062 pos:5.394937971939159E-9 
3477.txt neg neg:0.9999999985532704 pos:1.4467296547885903E-9 
Trial 0 Trainer NaiveBayesTrainer Training Data Confusion Matrix
Confusion Matrix, row=true, column=predicted  accuracy=0.9905555555555555
  label   0   1  |total
  0 pos 886  14  |900
  1 neg   3 897  |900

Trial 0 Trainer NaiveBayesTrainer training data accuracy= 0.9905555555555555
Trial 0 Trainer NaiveBayesTrainer Test Data Confusion Matrix
Confusion Matrix, row=true, column=predicted  accuracy=0.8
  label   0   1  |total
  0 pos  76  24  |100
  1 neg  16  84  |100

Trial 0 Trainer NaiveBayesTrainer test data accuracy= 0.8

NaiveBayesTrainer
Summary. train accuracy mean = 0.9905555555555555 stddev = 0.0 stderr = 0.0
Summary. test accuracy mean = 0.8 stddev = 0.0 stderr = 0.0
