
-------------------- Trial 0  --------------------

Trial 0 Training NaiveBayesTrainer with 1800 instances
Trial 0 Training NaiveBayesTrainer finished
Trial 0 Trainer NaiveBayesTrainer
 Raw Testing Data
826.txt pos neg:0.600607816438254 pos:0.3993921835617461 
1358.txt pos pos:0.9999999778010846 neg:2.2198915356163344E-8 
1794.txt pos neg:0.888390454287525 pos:0.11160954571247501 
1745.txt pos pos:0.9988557989680684 neg:0.0011442010319314864 
2650.txt pos neg:0.9867513568469979 pos:0.013248643153002105 
428.txt pos pos:1.0 neg:2.2780235179743257E-18 
3010.txt pos neg:0.999969644973929 pos:3.0355026070977557E-5 
3803.txt pos neg:0.9997619317808938 pos:2.380682191062509E-4 
3375.txt pos pos:0.9999480451874815 neg:5.195481251844485E-5 
2154.txt pos neg:0.9990442974469728 pos:9.557025530273746E-4 
1041.txt pos pos:1.0 neg:2.5446994873581468E-25 
1090.txt pos pos:0.9999999846426466 neg:1.5357353312097614E-8 
3871.txt pos pos:0.99999999791057 neg:2.0894300622228706E-9 
4226.txt pos pos:0.9999999999999998 neg:1.2007619804667683E-16 
615.txt pos pos:1.0 neg:1.4355142405092278E-19 
1119.txt pos pos:0.9999999999665683 neg:3.34316518627497E-11 
3309.txt pos pos:0.999872229770248 neg:1.2777022975197315E-4 
2598.txt pos pos:1.0 neg:2.7921120936338733E-38 
1504.txt pos pos:0.998870087988555 neg:0.0011299120114448382 
208.txt pos pos:0.9999999948196956 neg:5.1803043603409944E-9 
2070.txt pos pos:0.9773317739633214 neg:0.02266822603667865 
1165.txt pos neg:0.911553870084013 pos:0.0884461299159869 
4305.txt pos pos:0.9993414321257961 neg:6.585678742039959E-4 
882.txt pos neg:0.9999022566073631 pos:9.774339263683486E-5 
853.txt pos neg:0.9998642065083905 pos:1.3579349160954942E-4 
421.txt pos neg:0.503385046576411 pos:0.4966149534235889 
3019.txt pos pos:0.9999999999999987 neg:1.2358179338919325E-15 
1971.txt pos pos:0.9999999999898723 neg:1.0127693133781909E-11 
2077.txt pos pos:0.9070920230966826 neg:0.09290797690331738 
1046.txt pos pos:0.9999999999999996 neg:4.816656720281937E-16 
1097.txt pos pos:1.0 neg:5.537961656331073E-33 
3065.txt pos pos:0.9999999955247483 neg:4.475251771402877E-9 
1351.txt pos pos:0.9999999667210147 neg:3.327898523798489E-8 
2244.txt pos pos:0.9992937209937197 neg:7.062790062803316E-4 
1668.txt pos pos:0.9999999856697146 neg:1.4330285509244051E-8 
612.txt pos pos:0.9995902977300126 neg:4.0970226998740387E-4 
3505.txt pos pos:0.9999989896211107 neg:1.0103788893759527E-6 
75.txt pos pos:0.9999999999997295 neg:2.705133196607459E-13 
2890.txt pos neg:0.9999999999938847 pos:6.115324110193826E-12 
1147.txt pos neg:0.9999981406641961 pos:1.8593358038588356E-6 
2433.txt pos pos:0.9990373343279183 neg:9.626656720816202E-4 
713.txt pos pos:0.9999999999999998 neg:1.5132342015100325E-16 
4037.txt pos pos:0.5761276082133894 neg:0.4238723917866107 
952.txt pos pos:0.9999998886661932 neg:1.1133380685743359E-7 
4113.txt pos pos:0.9999999999999991 neg:9.88291383611391E-16 
983.txt pos pos:0.9999999999999929 neg:7.07794737838078E-15 
4204.txt pos pos:0.9999973061529319 neg:2.6938470680408863E-6 
2176.txt pos pos:0.9999999999999913 neg:8.646309480165617E-15 
3357.txt pos pos:0.9994318929007213 neg:5.681070992787238E-4 
3882.txt pos pos:1.0 neg:8.357674854000808E-27 
1374.txt pos pos:0.999346016667551 neg:6.539833324490308E-4 
3386.txt pos pos:0.999999999974674 neg:2.5325920134683585E-11 
146.txt pos pos:0.9900011272835725 neg:0.0099988727164276 
955.txt pos pos:0.999994954440781 neg:5.045559218861731E-6 
4114.txt pos pos:0.9999999900667865 neg:9.933213434677184E-9 
984.txt pos pos:0.8240031593756849 neg:0.17599684062431512 
3208.txt pos pos:1.0 neg:1.2836833139182432E-40 
630.txt pos pos:0.9999999999967857 neg:3.2143106577427876E-12 
309.txt pos pos:0.9999999998127764 neg:1.8722347591740593E-10 
1405.txt pos pos:0.9999999999803046 neg:1.9695428264843995E-11 
3854.txt pos neg:0.9999745615585736 pos:2.5438441426372258E-5 
3426.txt pos pos:0.9999999999998743 neg:1.2563660221085025E-13 
3381.txt pos pos:0.9999999996635052 neg:3.364947500178196E-10 
3047.txt pos pos:0.9967736845012811 neg:0.003226315498718776 
1982.txt pos pos:0.9999999999998901 neg:1.0993761153603402E-13 
1257.txt pos pos:0.7837379397630342 neg:0.21626206023696573 
3502.txt pos pos:0.9999613710899848 neg:3.8628910015096776E-5 
4168.txt pos neg:0.996563746799046 pos:0.003436253200953891 
929.txt pos neg:0.6757725009763849 pos:0.32422749902361514 
2055.txt pos pos:0.9999999999998483 neg:1.5165649444278754E-13 
4327.txt pos pos:1.0 neg:7.468746058622957E-32 
403.txt pos pos:0.9999968450518898 neg:3.154948110111862E-6 
1225.txt pos pos:0.9999999999994749 neg:5.251212419413303E-13 
2497.txt pos neg:0.9999926018291412 pos:7.39817085885477E-6 
1644.txt pos pos:0.9999923617711909 neg:7.638228809103885E-6 
2751.txt pos pos:0.971804980578031 neg:0.028195019421968958 
529.txt pos pos:0.9759075391866181 neg:0.024092460813381858 
2780.txt pos pos:0.9999999999999898 neg:1.0267512863959624E-14 
4093.txt pos pos:0.999447748269164 neg:5.522517308360484E-4 
3098.txt pos pos:0.9999999999999998 neg:2.9702412551657663E-16 
3428.txt pos pos:0.999999376167603 neg:6.238323968401467E-7 
2899.txt pos neg:0.9964773755368758 pos:0.00352262446312426 
693.txt pos pos:0.9999999999999412 neg:5.882790185918938E-14 
4166.txt pos pos:0.999998723919879 neg:1.2760801209903537E-6 
584.txt pos pos:0.9999999430090841 neg:5.6990915761586494E-8 
223.txt pos pos:0.9999999836029221 neg:1.6397077826540685E-8 
4271.txt pos pos:1.0 neg:4.946215728787698E-23 
642.txt pos pos:1.0 neg:1.0362910167908874E-19 
1016.txt pos pos:0.9999999999999982 neg:1.6845766655175987E-15 
3826.txt pos pos:0.9999997322406535 neg:2.6775934653172273E-7 
3792.txt pos pos:1.0 neg:1.3622815381673025E-19 
133.txt pos pos:0.9566614393437614 neg:0.04333856065623853 
4276.txt pos pos:0.9999999997023528 neg:2.976472805507145E-10 
645.txt pos pos:0.8511297517082956 neg:0.14887024829170425 
2104.txt pos pos:0.9999999957247379 neg:4.275262135548248E-9 
3482.txt pos pos:0.9999999999998852 neg:1.1473394744410585E-13 
1767.txt pos neg:0.9999508269843707 pos:4.917301562927317E-5 
3795.txt pos pos:0.9999999999999991 neg:9.106110064857054E-16 
878.txt pos pos:1.0 neg:1.4257996784371844E-31 
3905.txt pos neg:0.9999999480169783 pos:5.198302157284336E-8 
716.txt neg neg:0.999999997196686 pos:2.8033141016839705E-9 
1454.txt neg neg:0.9999999999602216 pos:3.9778479401785474E-11 
3301.txt neg neg:0.9989566833163619 pos:0.001043316683638075 
2933.txt neg neg:0.9999999994709927 pos:5.290073642254355E-10 
2541.txt neg neg:1.0 pos:2.0317651586120433E-18 
3914.txt neg pos:0.9066905200381182 neg:0.09330947996188184 
1233.txt neg neg:0.9999987052292345 pos:1.2947707654712432E-6 
1594.txt neg neg:0.9999999955832874 pos:4.4167124810196734E-9 
2747.txt neg neg:0.9999999998085662 pos:1.9143379441634248E-10 
2796.txt neg pos:0.7447518320211757 neg:0.25524816797882427 
448.txt neg neg:1.0 pos:7.960024286981654E-20 
50.txt neg neg:0.9999999997859335 pos:2.140665950491006E-10 
3348.txt neg neg:0.9999999999999953 pos:4.555402907184905E-15 
3399.txt neg pos:0.998131004512136 neg:0.0018689954878641204 
4267.txt neg neg:1.0 pos:1.201083838120703E-18 
3334.txt neg neg:0.9999999999996829 pos:3.170388495481121E-13 
1776.txt neg neg:0.9999999966183863 pos:3.3816135564024306E-9 
1629.txt neg neg:0.999999999569156 pos:4.30843951625387E-10 
919.txt neg pos:0.9999999999360136 neg:6.39864804156572E-11 
4260.txt neg pos:0.9999998682513169 neg:1.3174868308151208E-7 
1814.txt neg neg:0.9999999999999953 pos:4.74960607983314E-15 
1466.txt neg neg:0.9999924422622015 pos:7.557737798532655E-6 
2573.txt neg pos:0.9999999999999993 neg:7.662091587214951E-16 
2901.txt neg neg:0.999999719630339 pos:2.8036966101285405E-7 
3333.txt neg neg:0.9999999990686441 pos:9.313557936189845E-10 
2205.txt neg neg:0.9999999999999407 pos:5.930295932867799E-14 
3913.txt neg neg:0.9999989876997342 pos:1.0123002658471488E-6 
2321.txt neg neg:0.9999999999979334 pos:2.0666209331194285E-12 
600.txt neg neg:0.9999998308838858 pos:1.6911611432118249E-7 
261.txt neg neg:0.9972806010827482 pos:0.0027193989172517785 
3217.txt neg pos:0.5534337474152963 neg:0.4465662525847038 
1868.txt neg neg:0.9999999999748725 pos:2.51273692346825E-11 
3058.txt neg pos:0.9299153009368464 neg:0.07008469906315347 
672.txt neg neg:0.9999999984133057 pos:1.5866942931876579E-9 
1993.txt neg neg:0.9999999999246654 pos:7.533466934886465E-11 
3172.txt neg neg:0.999999999999986 pos:1.391226148531274E-14 
2732.txt neg neg:1.0 pos:1.703920638305339E-17 
213.txt neg neg:0.9999997624979196 pos:2.3750208054384518E-7 
5.txt neg neg:1.0 pos:5.819554348934861E-20 
917.txt neg neg:0.9999999999999631 pos:3.6891474587130454E-14 
2425.txt neg pos:0.9552425583077667 neg:0.044757441692233266 
2459.txt neg neg:0.9980357454887856 pos:0.0019642545112143386 
3087.txt neg neg:0.9999999999754006 pos:2.459948652426498E-11 
1414.txt neg neg:0.9906551247331724 pos:0.009344875266827516 
3341.txt neg neg:0.9999999321209541 pos:6.787904607459691E-8 
3894.txt neg neg:0.99999991598248 pos:8.40175200791649E-8 
2501.txt neg pos:0.7420918234738423 neg:0.2579081765261576 
3390.txt neg neg:0.8460351517891486 pos:0.15396484821085146 
756.txt neg pos:0.9999868276531765 neg:1.3172346823413898E-5 
2616.txt neg neg:0.7026863256457697 pos:0.2973136743542304 
337.txt neg neg:0.9999999999994977 pos:5.021828185990548E-13 
4102.txt neg neg:1.0 pos:7.273470078481632E-20 
1939.txt neg neg:0.9999999999991211 pos:8.788592663407785E-13 
3080.txt neg neg:0.9999988969552193 pos:1.1030447807199669E-6 
3727.txt neg neg:0.99999999996561 pos:3.4389994705134805E-11 
780.txt neg neg:0.9933215459799659 pos:0.006678454020034023 
1861.txt neg neg:0.9999918394420412 pos:8.160557958751726E-6 
3893.txt neg pos:0.999909838908972 neg:9.01610910279811E-5 
1365.txt neg neg:0.9999974934566609 pos:2.506543339097148E-6 
1704.txt neg neg:0.9999476481337549 pos:5.235186624504765E-5 
2881.txt neg neg:0.9986756874718731 pos:0.0013243125281269562 
2354.txt neg pos:0.7164260619562355 neg:0.2835739380437645 
1241.txt neg neg:0.9999990672214357 pos:9.327785642715148E-7 
2.txt neg neg:0.9999999999962981 pos:3.7019626983672824E-12 
562.txt neg neg:0.9999996909420725 pos:3.090579274411606E-7 
910.txt neg pos:0.9996647748279278 neg:3.3522517207226337E-4 
2043.txt neg pos:0.9999983180051177 neg:1.6819948822000355E-6 
2908.txt neg neg:0.999486902494589 pos:5.130975054108839E-4 
2523.txt neg neg:0.9999787652110609 pos:2.1234788939221468E-5 
2951.txt neg neg:0.9999999999999674 pos:3.254526725027489E-14 
3074.txt neg neg:0.9999999999991007 pos:8.992956814330086E-13 
3415.txt neg neg:0.999999999982369 pos:1.763102587751777E-11 
998.txt neg neg:0.9999999999958313 pos:4.1686147270022644E-12 
1679.txt neg neg:0.9999706404247606 pos:2.9359575239571886E-5 
4314.txt neg neg:0.9999999999999998 pos:3.000217334389418E-16 
2648.txt neg neg:0.9999700035000002 pos:2.9996499999760296E-5 
2710.txt neg neg:0.9999999999994456 pos:5.5453210353916E-13 
126.txt neg neg:0.999999999997484 pos:2.5159799535240955E-12 
2139.txt neg neg:0.9999998812307195 pos:1.1876928058735878E-7 
3157.txt neg neg:0.9999999999400626 pos:5.993744885864774E-11 
1602.txt neg neg:0.9999994735871178 pos:5.264128822795104E-7 
236.txt neg neg:0.9999999999211973 pos:7.880284566670761E-11 
591.txt neg neg:1.0 pos:8.240777709029883E-17 
3944.txt neg neg:0.9999999999515241 pos:4.84759999814725E-11 
657.txt neg neg:0.8282334692704754 pos:0.17176653072952466 
3995.txt neg pos:0.5752559341020312 neg:0.4247440658979688 
2872.txt neg pos:0.9999999999688971 neg:3.110292168558242E-11 
2061.txt neg neg:0.9999999987606274 pos:1.2393724966015303E-9 
1431.txt neg neg:0.9999999984456251 pos:1.5543748608373407E-9 
2283.txt neg neg:0.9999999995831139 pos:4.168860558869524E-10 
816.txt neg neg:0.9964573616415442 pos:0.0035426383584558872 
312.txt neg neg:0.6402303028093181 pos:0.3597696971906819 
2987.txt neg neg:0.9999970179831528 pos:2.9820168472304516E-6 
1108.txt neg neg:1.0 pos:1.5499127046813302E-19 
1785.txt neg neg:0.9999999973646638 pos:2.6353362372504334E-9 
2690.txt neg neg:0.9999999999994642 pos:5.358530557017089E-13 
2641.txt neg neg:1.0 pos:4.607020399433816E-17 
1754.txt neg neg:0.9999999998447666 pos:1.5523331985575164E-10 
1335.txt neg neg:0.9999999410840094 pos:5.891599070163272E-8 
3159.txt neg neg:0.9992293303481452 pos:7.706696518548682E-4 
Trial 0 Trainer NaiveBayesTrainer Training Data Confusion Matrix
Confusion Matrix, row=true, column=predicted  accuracy=0.9916666666666667
  label   0   1  |total
  0 pos 888  12  |900
  1 neg   3 897  |900

Trial 0 Trainer NaiveBayesTrainer training data accuracy= 0.9916666666666667
Trial 0 Trainer NaiveBayesTrainer Test Data Confusion Matrix
Confusion Matrix, row=true, column=predicted  accuracy=0.82
  label   0   1  |total
  0 pos  81  19  |100
  1 neg  17  83  |100

Trial 0 Trainer NaiveBayesTrainer test data accuracy= 0.82

NaiveBayesTrainer
Summary. train accuracy mean = 0.9916666666666667 stddev = 0.0 stderr = 0.0
Summary. test accuracy mean = 0.82 stddev = 0.0 stderr = 0.0
