
-------------------- Trial 0  --------------------

Trial 0 Training NaiveBayesTrainer with 1800 instances
Trial 0 Training NaiveBayesTrainer finished
Trial 0 Trainer NaiveBayesTrainer
 Raw Testing Data
758.txt pos pos:0.9999999999999067 neg:9.326328913402314E-14 
104.txt pos pos:1.0 neg:7.442958081096098E-55 
1269.txt pos pos:1.0 neg:3.2129608755183824E-20 
3005.txt pos neg:0.997205522682908 pos:0.002794477317092153 
3773.txt pos pos:0.9999874030251346 neg:1.2596974865355651E-5 
2920.txt pos pos:0.9999999629629508 neg:3.7037049089333225E-8 
4319.txt pos pos:0.9999999999999063 neg:9.37228369115623E-14 
1447.txt pos pos:1.0 neg:4.3921278553265876E-23 
1563.txt pos pos:0.9999429986436509 neg:5.70013563491329E-5 
3540.txt pos pos:0.9999999922771946 neg:7.722805367407304E-9 
2761.txt pos pos:0.9514262669217028 neg:0.04857373307829723 
3121.txt pos neg:0.9970990183703675 pos:0.0029009816296323605 
3418.txt pos neg:0.9999992155106142 pos:7.844893857794015E-7 
787.txt pos pos:0.999709299848592 neg:2.9070015140808027E-4 
833.txt pos neg:0.998924949288885 pos:0.00107505071111497 
490.txt pos pos:0.9999884868646923 neg:1.1513135307760035E-5 
4365.txt pos pos:0.9999999946268461 neg:5.3731538213593715E-9 
2289.txt pos neg:0.9999926928740933 pos:7.30712590680153E-6 
2803.txt pos pos:0.9999631222421759 neg:3.687775782420284E-5 
1564.txt pos pos:0.999999999394253 neg:6.057469842080677E-10 
1212.txt pos pos:0.9999983022825024 neg:1.6977174975536249E-6 
3681.txt pos pos:0.9991490304771401 neg:8.509695228598793E-4 
2766.txt pos pos:0.9999999972041662 neg:2.7958336820943007E-9 
446.txt pos pos:0.9999070074440418 neg:9.29925559580683E-5 
4075.txt pos pos:1.0 neg:3.923384709574119E-24 
214.txt pos pos:0.99999999999863 neg:1.3699600469219426E-12 
4246.txt pos pos:1.0 neg:4.288721685984846E-20 
103.txt pos pos:0.9999999999999998 neg:1.5289497854104359E-16 
3811.txt pos pos:0.9999999944831701 neg:5.5168297805664125E-9 
3002.txt pos pos:0.9935174214496663 neg:0.006482578550333766 
1786.txt pos pos:0.9999493070776663 neg:5.069292233372592E-5 
3315.txt pos pos:0.999999939137043 neg:6.086295690059762E-8 
1832.txt pos pos:0.9999998871168269 neg:1.1288317307383409E-7 
959.txt pos pos:0.999999999999998 neg:1.907146974027103E-15 
1580.txt pos pos:1.0 neg:9.280288392193709E-23 
3204.txt pos pos:0.999999997316513 neg:2.683486901360966E-9 
1923.txt pos pos:0.9999999968808662 neg:3.119133783101387E-9 
305.txt pos neg:0.999999999196572 pos:8.034280292313444E-10 
473.txt pos pos:0.9999999556705286 neg:4.432947137094638E-8 
4273.txt pos pos:0.999999999108669 neg:8.913310049151232E-10 
640.txt pos pos:0.9999999999930234 neg:6.976568778507285E-12 
586.txt pos pos:0.9999999999766702 neg:2.3329842854990264E-11 
3320.txt pos pos:0.999999997662649 neg:2.337351078712749E-9 
2912.txt pos pos:0.9999987339587159 neg:1.2660412840488828E-6 
1807.txt pos neg:0.9998839571091289 pos:1.1604289087113978E-4 
1475.txt pos pos:0.9897048392654704 neg:0.01029516073452967 
2101.txt pos pos:0.9613020411573994 neg:0.03869795884260074 
1762.txt pos neg:0.999999568771888 pos:4.3122811206097574E-7 
1303.txt pos pos:1.0 neg:2.4618422005214924E-18 
4163.txt pos pos:0.99999999999999 neg:1.0091692587490658E-14 
4274.txt pos pos:1.0 neg:1.786970920539667E-19 
2567.txt pos pos:0.9999999999994051 neg:5.949108880221151E-13 
3327.txt pos pos:0.9999999999999898 neg:1.022667895277917E-14 
3746.txt pos pos:0.9999963985721567 neg:3.601427843169482E-6 
2106.txt pos pos:0.9999999995855575 neg:4.14442490941578E-10 
1765.txt pos pos:0.9999999999999407 neg:5.928429094669381E-14 
2670.txt pos pos:0.9998284937136209 neg:1.71506286378967E-4 
3203.txt pos pos:0.9999999999993561 neg:6.438409707373262E-13 
1924.txt pos pos:1.0 neg:7.576235581390515E-28 
1556.txt pos pos:1.0 neg:2.3200737765943583E-18 
4208.txt pos pos:0.9999999984184851 neg:1.581515018129675E-9 
4350.txt pos pos:0.9999999935405759 neg:6.459424111681216E-9 
302.txt pos pos:0.9999999999999705 neg:2.9448333586678815E-14 
1194.txt pos pos:0.9999999578652992 neg:4.213470086403753E-8 
1633.txt pos pos:1.0 neg:1.1319999342596594E-17 
2726.txt pos pos:1.0 neg:2.3643707771657947E-19 
1252.txt pos pos:0.9104491012466988 neg:0.0895508987533013 
3271.txt pos pos:0.9499150994934981 neg:0.050084900506501946 
2396.txt pos pos:0.9999999999215996 neg:7.840039807342648E-11 
649.txt pos pos:0.9999999981102172 neg:1.889782720363296E-9 
3329.txt pos pos:0.9986310051959568 neg:0.0013689948040431512 
711.txt pos neg:0.9919549610847714 pos:0.008045038915228675 
3799.txt pos pos:0.9999997698545754 neg:2.301454246377125E-7 
874.txt pos pos:0.9470062176988877 neg:0.052993782301112215 
406.txt pos pos:0.9999999999546128 neg:4.538715332979271E-11 
4035.txt pos pos:1.0 neg:4.266042675507084E-47 
522.txt pos pos:0.9999999999994567 neg:5.433627661926447E-13 
950.txt pos pos:0.9999999999999629 neg:3.7118400862435003E-14 
4111.txt pos pos:0.9999999998016986 neg:1.983013167011046E-10 
192.txt pos pos:1.0 neg:1.782442989543879E-17 
1139.txt pos pos:0.9999539850212915 neg:4.601497870852029E-5 
3880.txt pos pos:0.9999997335011357 neg:2.6649886437020223E-7 
1872.txt pos pos:1.0 neg:1.2785954198487333E-17 
4098.txt pos pos:1.0 neg:7.231359172533506E-17 
1061.txt pos pos:1.0 neg:2.7628749852830653E-24 
3042.txt pos pos:0.9980930324682321 neg:0.0019069675317678403 
2263.txt pos pos:1.0 neg:1.877224931988575E-17 
253.txt pos pos:0.9272881405917287 neg:0.07271185940827121 
3094.txt pos pos:0.9999999999994655 neg:5.344710331010474E-13 
1371.txt pos pos:0.999999906308808 neg:9.369119196823822E-8 
2264.txt pos neg:0.9999988295271802 pos:1.1704728198118369E-6 
1634.txt pos pos:0.9999999981761611 neg:1.8238387494350081E-9 
559.txt pos pos:0.9993479017018708 neg:6.520982981292178E-4 
1255.txt pos pos:0.9999988898689487 neg:1.110131051238328E-6 
2340.txt pos pos:1.0 neg:2.2602731177047666E-35 
2895.txt pos neg:0.9999999999999998 pos:2.6792578268757576E-16 
2436.txt pos neg:0.9999999999995115 pos:4.884639351922337E-13 
588.txt pos pos:0.9999904084258536 neg:9.59157414639791E-6 
4325.txt pos pos:1.0 neg:2.7543496282954075E-27 
3489.txt pos pos:1.0 neg:4.435236768906017E-19 
3422.txt neg neg:0.999999529653918 pos:4.7034608199679827E-7 
1873.txt neg neg:1.0 pos:1.731907374933911E-18 
792.txt neg neg:0.9999999993958681 pos:6.041318699557984E-10 
1060.txt neg neg:1.0 pos:6.059939122549721E-23 
30.txt neg pos:0.9999999999999292 neg:7.07234285624959E-14 
4323.txt neg neg:1.0 pos:2.5090981004629845E-20 
667.txt neg pos:0.6404905444859547 neg:0.3595094555140453 
4097.txt neg neg:0.9999159486829812 pos:8.405131701889774E-5 
828.txt neg neg:0.9570283704252671 pos:0.042971629574732884 
2442.txt neg neg:0.9999999885029264 pos:1.1497073675821214E-8 
1136.txt neg neg:0.9890427436361865 pos:0.0109572563638135 
2493.txt neg pos:0.9941082824540195 neg:0.0058917175459806586 
2671.txt neg neg:0.9072568626120816 pos:0.09274313738791849 
3031.txt neg neg:0.9999999999999998 pos:2.5453228223091126E-16 
885.txt neg pos:0.9954363487630472 neg:0.0045636512369527215 
1764.txt neg pos:0.99919371764343 neg:8.0628235656991E-4 
3450.txt neg neg:0.9999996570448698 pos:3.4295513021941066E-7 
1473.txt neg neg:1.0 pos:4.639649100176922E-26 
2566.txt neg neg:0.9999946964804287 pos:5.303519571246139E-6 
3481.txt neg neg:0.9999927286180356 pos:7.271381964435723E-6 
3326.txt neg neg:0.999698952091712 pos:3.01047908288035E-4 
3747.txt neg neg:0.9999999999999265 pos:7.343131513007372E-14 
3169.txt neg neg:1.0 pos:3.3166451962434584E-17 
669.txt neg pos:0.9999999999738667 neg:2.61333166933002E-11 
1763.txt neg neg:0.9999999987188215 pos:1.2811784581992635E-9 
1302.txt neg pos:0.993440778419585 neg:0.006559221580414853 
2913.txt neg neg:0.9936393337374035 pos:0.006360666262596444 
3279.txt neg neg:0.664707416192141 pos:0.33529258380785903 
2058.txt neg neg:0.9999999963564759 pos:3.6435241387963506E-9 
579.txt neg neg:0.9999972125715542 pos:2.7874284458562812E-6 
3888.txt neg neg:0.9861058444717171 pos:0.013894155528282805 
4356.txt neg neg:0.9994173053341651 pos:5.826946658348593E-4 
2445.txt neg neg:0.9999999917300658 pos:8.269934224574599E-9 
977.txt neg neg:0.991926189933058 pos:0.00807381006694197 
505.txt neg neg:0.9999999999713998 pos:2.8600143117440343E-11 
1696.txt neg neg:0.9999999632318737 pos:3.676812629317533E-8 
1131.txt neg neg:1.0 pos:6.9815991575367E-17 
2783.txt neg neg:0.9925100430794763 pos:0.007489956920523669 
2024.txt neg pos:1.0 neg:1.7548302542391287E-17 
4119.txt neg neg:0.9999999851379127 pos:1.486208725488928E-8 
273.txt neg neg:0.9999999692325018 pos:3.076749819637018E-8 
3901.txt neg neg:0.9999999847219112 pos:1.5278088702981936E-8 
3573.txt neg pos:0.9999999897936648 neg:1.0206335166451587E-8 
414.txt neg neg:1.0 pos:1.0081327460994883E-24 
1441.txt neg neg:0.999997267238123 pos:2.732761877064601E-6 
1337.txt neg neg:0.9999715306091607 pos:2.84693908392825E-5 
4296.txt neg neg:0.999979512895435 pos:2.0487104564925145E-5 
3948.txt neg neg:0.9999999998007458 pos:1.9925415633421246E-10 
1519.txt neg neg:0.99959854980188 pos:4.0145019811994046E-4 
3709.txt neg neg:0.9999999999999993 pos:6.967271810385727E-16 
1672.txt neg neg:0.9999990877219129 pos:9.122780871336325E-7 
942.txt neg neg:0.999997489236676 pos:2.510763324091215E-6 
530.txt neg neg:0.9913351687269145 pos:0.008664831273085592 
2011.txt neg neg:0.9999999999057483 pos:9.425160865638548E-11 
3651.txt neg neg:0.9506014241303464 pos:0.04939857586965363 
2802.txt neg pos:0.999917779297114 neg:8.222070288599731E-5 
2288.txt neg neg:0.9999970033528591 pos:2.996647140953928E-6 
77.txt neg neg:0.9792425629695684 pos:0.020757437030431643 
1848.txt neg neg:0.56884273546002 pos:0.43115726453998016 
319.txt neg neg:0.9999995998315792 pos:4.0016842076433363E-7 
3541.txt neg neg:0.999999984244855 pos:1.5755144940476028E-8 
945.txt neg neg:0.9999926205451205 pos:7.379454879454394E-6 
156.txt neg neg:0.9999992582719438 pos:7.417280562139722E-7 
3817.txt neg neg:0.9999999969832387 pos:3.016761295820186E-9 
1330.txt neg pos:0.9999006340869883 neg:9.93659130116978E-5 
1268.txt neg neg:0.999999999989029 pos:1.097093007729643E-11 
1609.txt neg neg:0.9999999999570506 pos:4.2949529320652394E-11 
4157.txt neg neg:0.9999999999999958 pos:4.125809492864678E-15 
813.txt neg neg:0.9996240519444829 pos:3.759480555170642E-4 
1055.txt neg neg:0.9999999999999414 pos:5.868553217256622E-14 
1434.txt neg neg:0.5766717741235836 pos:0.4233282258764163 
1846.txt neg neg:0.999958219585542 pos:4.178041445794459E-5 
2521.txt neg neg:0.9999999999998421 pos:1.578147925529886E-13 
1342.txt neg neg:0.9998799450233439 pos:1.2005497665623006E-4 
3076.txt neg neg:0.9469732669521017 pos:0.053026733047898324 
3658.txt neg neg:0.9999997000385437 pos:2.99961456305331E-7 
3239.txt neg neg:0.9999999635779957 pos:3.642200423694759E-8 
1448.txt neg neg:0.9999762085386946 pos:2.379146130527204E-5 
4316.txt neg neg:0.9999999972364937 pos:2.763506299185118E-9 
3941.txt neg neg:0.9999999999755711 pos:2.4428967318418348E-11 
1266.txt neg pos:0.9998696273988674 neg:1.3037260113260454E-4 
937.txt neg neg:0.9999376432258577 pos:6.23567741423852E-5 
4188.txt neg neg:0.999999938978549 pos:6.102145106619139E-8 
1962.txt neg neg:0.999980966467511 pos:1.903353248899332E-5 
3245.txt neg neg:0.9822108963547728 pos:0.017789103645227285 
3946.txt neg neg:0.9988088380805104 pos:0.0011911619194895982 
1261.txt neg pos:0.9878058386719947 neg:0.01219416132800527 
234.txt neg neg:0.9999999998435116 pos:1.5648842432161663E-10 
2063.txt neg neg:0.9999994145437744 pos:5.854562255739912E-7 
1965.txt neg neg:0.9999998225841573 pos:1.774158427297466E-7 
3242.txt neg neg:0.9998372485603437 pos:1.627514396562251E-4 
466.txt neg neg:1.0 pos:6.218420642509029E-18 
2147.txt neg neg:0.999999976203887 pos:2.379611303475963E-8 
3410.txt neg neg:0.997964140096587 pos:0.0020358599034131326 
2985.txt neg pos:0.5301486619531309 neg:0.46985133804686907 
1890.txt neg neg:0.9999996281514095 pos:3.7184859046148865E-7 
310.txt neg pos:0.9999996196088349 neg:3.8039116508239166E-7 
1083.txt neg neg:0.9697961395381726 pos:0.030203860461827464 
248.txt neg neg:0.9999999999976872 pos:2.3128523869292825E-12 
299.txt neg neg:0.9999999999999993 pos:7.626021773221132E-16 
Trial 0 Trainer NaiveBayesTrainer Training Data Confusion Matrix
Confusion Matrix, row=true, column=predicted  accuracy=0.9933333333333333
  label   0   1  |total
  0 pos 890  10  |900
  1 neg   2 898  |900

Trial 0 Trainer NaiveBayesTrainer training data accuracy= 0.9933333333333333
Trial 0 Trainer NaiveBayesTrainer Test Data Confusion Matrix
Confusion Matrix, row=true, column=predicted  accuracy=0.865
  label   0   1  |total
  0 pos  88  12  |100
  1 neg  15  85  |100

Trial 0 Trainer NaiveBayesTrainer test data accuracy= 0.865

NaiveBayesTrainer
Summary. train accuracy mean = 0.9933333333333333 stddev = 0.0 stderr = 0.0
Summary. test accuracy mean = 0.865 stddev = 0.0 stderr = 0.0
