
-------------------- Trial 0  --------------------

Trial 0 Training NaiveBayesTrainer with 1800 instances
Trial 0 Training NaiveBayesTrainer finished
Trial 0 Trainer NaiveBayesTrainer
 Raw Testing Data
3992.txt pos pos:1.0 neg:1.1451080162208295E-33 
3150.txt pos pos:0.9158826579038102 neg:0.08411734209618978 
1605.txt pos pos:1.0 neg:2.1198576828610028E-19 
1264.txt pos pos:0.9999999819800914 neg:1.8019908618681572E-8 
2699.txt pos pos:0.9999987925980819 neg:1.2074019181356026E-6 
4230.txt pos pos:1.0 neg:2.811757658929742E-31 
966.txt pos pos:0.9999999999999734 neg:2.6727800995478144E-14 
1218.txt pos pos:0.590162329952965 neg:0.409837670047035 
175.txt pos pos:0.999999999999998 neg:2.060143710660079E-15 
2634.txt pos neg:0.9987146035957432 pos:0.001285396404256722 
1721.txt pos pos:0.9999999983167835 neg:1.683216485806034E-9 
3867.txt pos pos:1.0 neg:4.5961508728701E-19 
2980.txt pos pos:0.9999999999997715 neg:2.284095666872078E-13 
1436.txt pos pos:0.9999999999999978 neg:2.3106878528067798E-15 
1057.txt pos neg:0.9999683118862986 pos:3.1688113701330996E-5 
1569.txt pos neg:0.7613572623911223 pos:0.23864273760887755 
4237.txt pos pos:1.0 neg:4.1860720816215744E-24 
513.txt pos pos:0.999687240435714 neg:3.127595642860192E-4 
172.txt pos neg:0.9920828729514101 pos:0.007917127048589902 
3938.txt pos pos:1.0 neg:3.588389141083757E-35 
2194.txt pos pos:0.9998617893026641 neg:1.3821069733594235E-4 
1726.txt pos pos:0.9999999999985245 neg:1.4754306867180283E-12 
3860.txt pos pos:1.0 neg:1.24076854118501E-43 
1892.txt pos pos:0.9999625829613481 neg:3.741703865187922E-5 
1843.txt pos pos:1.0 neg:2.266600344660193E-19 
2524.txt pos neg:0.9999999998847531 pos:1.1524691859188625E-10 
97.txt pos pos:0.999999999999988 neg:1.195726019098596E-14 
219.txt pos pos:0.9999999769125109 neg:2.3087489186343676E-8 
3186.txt pos pos:0.9999926275638822 neg:7.372436117812294E-6 
4004.txt pos neg:0.6363206938613285 pos:0.3636793061386714 
2558.txt pos pos:0.99999999999999 neg:9.891925579624925E-15 
4313.txt pos neg:0.9782384714754381 pos:0.021761528524562063 
1915.txt pos pos:0.9999999999983293 neg:1.6706027384003285E-12 
1567.txt pos pos:0.9999998794740591 neg:1.2052594083704947E-7 
2800.txt pos pos:0.9999995434498311 neg:4.565501688433093E-7 
1670.txt pos pos:0.9998514216425478 neg:1.4857835745217776E-4 
3936.txt pos pos:1.0 neg:9.351686221208785E-31 
445.txt pos pos:0.9999970066688303 neg:2.9933311697639205E-6 
752.txt pos pos:0.999999999790165 neg:2.098349882853654E-10 
4361.txt pos pos:1.0 neg:2.0312848363728962E-20 
4183.txt pos pos:1.0 neg:3.014397606405508E-32 
2378.txt pos pos:0.9999999984390522 neg:1.5609479200461274E-9 
2587.txt pos pos:0.9999727390058794 neg:2.726099412075202E-5 
2556.txt pos pos:0.9968750405406267 neg:0.003124959459373354 
1022.txt pos neg:0.917899174032184 pos:0.08210082596781612 
3777.txt pos pos:0.9951728187551243 neg:0.004827181244875644 
4242.txt pos pos:0.9999988965386731 neg:1.1034613269060093E-6 
210.txt pos pos:0.9992919226324994 neg:7.080773675005063E-4 
2068.txt pos neg:0.983254847836446 pos:0.016745152163554117 
3628.txt pos pos:0.9999999455432192 neg:5.445678073308153E-8 
4155.txt pos pos:1.0 neg:5.152186568052435E-22 
4293.txt pos pos:1.0 neg:2.1951124446757068E-20 
3006.txt pos pos:1.0 neg:3.588480841193947E-30 
1753.txt pos pos:0.9999999951946357 neg:4.805364399807025E-9 
3467.txt pos pos:1.0 neg:2.2188557371565143E-20 
1495.txt pos pos:1.0 neg:3.973517984385357E-17 
1444.txt pos pos:1.0 neg:2.07245142882723E-46 
3311.txt pos neg:0.7221205825496098 pos:0.2778794174503903 
1025.txt pos pos:0.9999999682989097 neg:3.170109035937518E-8 
968.txt pos pos:0.9973314326939953 neg:0.002668567306004778 
2762.txt pos pos:0.9435613808765949 neg:0.05643861912340505 
3931.txt pos pos:0.9999999999954337 neg:4.566268919315058E-12 
755.txt pos pos:0.9999999999967404 neg:3.2595639715717594E-12 
4366.txt pos pos:0.9997461307281487 neg:2.538692718513376E-4 
334.txt pos neg:0.9999999998989699 pos:1.0103015357611072E-10 
1059.txt pos pos:0.9999999999962927 neg:3.7072136546424615E-12 
4160.txt pos pos:0.999999999970272 neg:2.972791914460125E-11 
4277.txt pos pos:0.972748253936539 neg:0.02725174606346102 
1803.txt pos pos:0.9999975753316406 neg:2.4246683595375266E-6 
3324.txt pos pos:1.0 neg:8.118461218628796E-25 
1766.txt pos pos:0.9999910458984166 neg:8.954101583360661E-6 
1642.txt pos neg:0.999991939722728 pos:8.060277272034999E-6 
259.txt pos pos:0.9997539397979807 neg:2.460602020194231E-4 
2832.txt pos pos:0.9996352920189314 neg:3.647079810685332E-4 
4095.txt pos pos:1.0 neg:2.5334600589321906E-19 
3358.txt pos pos:0.9999893200347821 neg:1.067996521793632E-5 
2518.txt pos pos:0.9999463427981022 neg:5.365720189789547E-5 
805.txt pos neg:0.9989228067660133 pos:0.0010771932339866395 
1583.txt pos pos:1.0 neg:1.6196099733145804E-20 
1133.txt pos pos:0.9999140979714399 neg:8.590202856004745E-5 
198.txt pos pos:0.9994377329197265 neg:5.622670802735832E-4 
306.txt pos neg:0.7363816270995567 pos:0.2636183729004433 
4354.txt pos pos:0.9999999993370443 neg:6.629557327504585E-10 
2269.txt pos pos:0.9999999398427323 neg:6.015726782009166E-8 
802.txt pos pos:0.94656035126993 neg:0.05343964873007006 
4167.txt pos pos:0.9835000629628919 neg:0.016499937037108097 
4270.txt pos neg:0.9806202890126545 pos:0.019379710987345613 
2102.txt pos pos:0.9999999982613794 neg:1.7386205622567292E-9 
1476.txt pos pos:0.9984417558040397 neg:0.0015582441959603576 
2911.txt pos pos:0.9999661144947722 neg:3.388550522780939E-5 
2563.txt pos pos:0.9999999999547147 neg:4.528533768239513E-11 
3455.txt pos neg:0.9999999977612613 pos:2.2387387098580433E-9 
1761.txt pos pos:1.0 neg:5.623468444972568E-26 
526.txt pos pos:0.9999999999863161 neg:1.3683869864406024E-11 
196.txt pos pos:0.9999971957997881 neg:2.804200211867192E-6 
631.txt pos pos:1.0 neg:2.0141239337562288E-18 
3427.txt pos pos:1.0 neg:1.4492389857533192E-30 
1372.txt pos pos:1.0 neg:1.4017885476915196E-24 
2606.txt pos pos:0.9999999999999993 neg:5.710648220675378E-16 
2896.txt pos pos:0.9999999999682669 neg:3.1733114216428645E-11 
321.txt neg pos:0.9963516275792287 neg:0.003648372420771397 
3040.txt neg neg:0.9986809265753861 pos:0.0013190734246140026 
3736.txt neg neg:0.9999999999999993 pos:7.086331905839634E-16 
825.txt neg neg:0.9999999353755729 pos:6.462442728890408E-8 
2517.txt neg neg:0.9999991467950774 pos:8.532049226453639E-7 
1928.txt neg pos:0.9540403649126236 neg:0.045959635087376535 
3579.txt neg neg:0.9999999999999976 pos:2.400939041713473E-15 
2339.txt neg neg:0.9999999864168261 pos:1.3583174011446376E-8 
2758.txt neg neg:0.999999342657131 pos:6.573428690194357E-7 
279.txt neg neg:0.9995652936228345 pos:4.3470637716546914E-4 
1769.txt neg neg:0.9999999999894971 pos:1.050299208228307E-11 
33.txt neg pos:0.999977650898667 neg:2.234910133293117E-5 
2052.txt neg neg:0.9999999997499562 pos:2.500436772771324E-10 
901.txt neg neg:0.7008524346901019 pos:0.29914756530989806 
2841.txt neg neg:0.9998835812206409 pos:1.164187793590483E-4 
3273.txt neg neg:0.9999999929321914 pos:7.067808502323754E-9 
1526.txt neg neg:0.9999925435215182 pos:7.456478481893162E-6 
1250.txt neg pos:0.9999999923539352 neg:7.646064839374702E-9 
2345.txt neg neg:0.9999999929153436 pos:7.084656275862483E-9 
1196.txt neg neg:0.999999999731862 pos:2.6813785168243527E-10 
2724.txt neg neg:0.9999999984026453 pos:1.597354712838307E-9 
2083.txt neg pos:0.9889031160396551 neg:0.011096883960344937 
3164.txt neg pos:0.999999999999921 neg:7.899607939785778E-14 
3828.txt neg neg:0.9999999999635456 pos:3.645448619772019E-11 
906.txt neg neg:0.999999999981583 pos:1.8417127846302057E-11 
1953.txt neg neg:0.9847404162581396 pos:0.015259583741860405 
1286.txt neg neg:0.9999999999985316 pos:1.4684368408493683E-12 
115.txt neg neg:0.9999999999894842 pos:1.0515850454979833E-11 
2897.txt neg neg:0.9964153139712734 pos:0.003584686028726718 
2342.txt neg neg:0.9526904088856891 pos:0.047309591114310844 
3970.txt neg pos:0.9822305946850646 neg:0.017769405314935493 
1191.txt neg neg:0.9999996752763489 pos:3.2472365116172196E-7 
1636.txt neg pos:0.9999999423297989 neg:5.7670200957750176E-8 
1373.txt neg neg:0.9999999931493451 pos:6.850654846355648E-9 
2171.txt neg neg:0.9999952543190447 pos:4.745680955167356E-6 
450.txt neg neg:0.998862668899691 pos:0.0011373311003090051 
1064.txt neg pos:1.0 neg:2.099051581445046E-21 
48.txt neg neg:0.9999999999438454 pos:5.615458999091736E-11 
4203.txt neg neg:0.999999920549938 pos:7.945006201136387E-8 
2448.txt neg neg:0.9999999999999998 pos:1.148458444306565E-16 
2214.txt neg neg:0.9999999996833275 pos:3.166724902668544E-10 
881.txt neg pos:0.9999956601963419 neg:4.339803658017163E-6 
2910.txt neg pos:0.997648994604912 neg:0.0023510053950880168 
1477.txt neg neg:0.9999962149219049 pos:3.785078094965558E-6 
1805.txt neg neg:1.0 pos:2.795280875577682E-20 
908.txt neg neg:0.9993260314339111 pos:6.739685660890286E-4 
2848.txt neg neg:0.9990671068221847 pos:9.328931778153879E-4 
1259.txt neg neg:0.9985130270265052 pos:0.0014869729734948883 
3049.txt neg neg:0.9999999999934905 pos:6.509417831287271E-12 
328.txt neg neg:0.999999997828775 pos:2.1712249542045816E-9 
798.txt neg pos:0.9943271651214726 neg:0.005672834878527506 
1879.txt neg neg:0.9999999999827889 pos:1.721121690125096E-11 
2027.txt neg neg:0.9950105327399074 pos:0.004989467260092628 
1695.txt neg neg:0.9999986846105716 pos:1.315389428462285E-6 
1132.txt neg neg:0.8312573471034057 pos:0.16874265289659438 
270.txt neg neg:0.5136115319891636 pos:0.48638846801083635 
3388.txt neg neg:0.936008531408514 pos:0.06399146859148602 
459.txt neg pos:0.8066729731904511 neg:0.19332702680954897 
4094.txt neg pos:0.999999999999988 neg:1.1931722911870886E-14 
2519.txt neg neg:0.9999994585094528 pos:5.414905471542997E-7 
2020.txt neg neg:0.9998782938377607 pos:1.2170616223918251E-4 
2787.txt neg neg:0.9999997017079735 pos:2.9829202642740313E-7 
3201.txt neg neg:0.9975326952436119 pos:0.002467304756388191 
160.txt neg neg:0.9999999997588842 pos:2.4111574812576955E-10 
3453.txt neg neg:0.9999286311860509 pos:7.136881394902079E-5 
353.txt neg neg:0.9806267109706239 pos:0.0193732890293761 
3032.txt neg neg:0.9999999999999978 pos:2.292366010617056E-15 
3744.txt neg neg:0.9999999978216849 pos:2.1783150300267014E-9 
382.txt neg neg:1.0 pos:8.940780166093896E-32 
1011.txt neg neg:0.9999980146782703 pos:1.9853217297935884E-6 
2565.txt neg neg:0.999996899438336 pos:3.1005616639469316E-6 
1802.txt neg pos:0.5096605507532769 neg:0.49033944924672307 
1470.txt neg neg:0.5305280939607299 pos:0.4694719060392701 
1089.txt neg neg:0.7511201159464134 pos:0.24887988405358666 
2763.txt neg neg:0.6349520862466745 pos:0.36504791375332535 
2302.txt neg neg:0.9999809670875603 pos:1.9032912439776726E-5 
3930.txt neg neg:1.0 pos:2.599278843962166E-24 
3593.txt neg neg:0.9999971364062598 pos:2.8635937402068524E-6 
2806.txt neg neg:0.9999999999995821 pos:4.178107058898419E-13 
155.txt neg neg:1.0 pos:3.812366511865729E-19 
534.txt neg neg:0.9999999999997986 pos:2.0141772311481213E-13 
2550.txt neg neg:0.9999999994363653 pos:5.636345965750647E-10 
3771.txt neg neg:1.0 pos:2.1752551974509514E-23 
410.txt neg neg:0.9999999992574031 pos:7.425967625015026E-10 
862.txt neg neg:0.9987495241131025 pos:0.001250475886897498 
1024.txt neg neg:0.9999986458000969 pos:1.3541999031077738E-6 
1783.txt neg neg:0.9999999699310769 pos:3.006892302423318E-8 
366.txt neg neg:0.9999999999919371 pos:8.062817226454803E-12 
707.txt neg pos:0.9999999999962337 neg:3.766399037695008E-12 
1333.txt neg neg:0.9787063185589066 pos:0.02129368144109338 
3466.txt neg neg:0.9999999999747069 pos:2.52930436486208E-11 
4243.txt neg neg:0.9999362321926624 pos:6.376780733774611E-5 
3248.txt neg neg:0.9999982488621939 pos:1.751137806033188E-6 
2408.txt neg neg:0.9999999999999263 pos:7.371335689751306E-14 
3776.txt neg neg:0.9999884713730027 pos:1.1528626997189522E-5 
865.txt neg neg:0.8463422620311991 pos:0.15365773796880094 
1755.txt neg pos:0.9999999999999991 neg:7.790798128694945E-16 
2640.txt neg neg:0.9667969813886419 pos:0.033203018611358256 
2221.txt neg neg:0.9999999999995317 pos:4.68293167239123E-13 
2379.txt neg neg:0.9999999850587933 pos:1.4941206676248643E-8 
Trial 0 Trainer NaiveBayesTrainer Training Data Confusion Matrix
Confusion Matrix, row=true, column=predicted  accuracy=0.9922222222222222
  label   0   1  |total
  0 pos 889  11  |900
  1 neg   3 897  |900

Trial 0 Trainer NaiveBayesTrainer training data accuracy= 0.9922222222222222
Trial 0 Trainer NaiveBayesTrainer Test Data Confusion Matrix
Confusion Matrix, row=true, column=predicted  accuracy=0.835
  label   0   1  |total
  0 pos  84  16  |100
  1 neg  17  83  |100

Trial 0 Trainer NaiveBayesTrainer test data accuracy= 0.835

NaiveBayesTrainer
Summary. train accuracy mean = 0.9922222222222222 stddev = 0.0 stderr = 0.0
Summary. test accuracy mean = 0.835 stddev = 0.0 stderr = 0.0
