
-------------------- Trial 0  --------------------

Trial 0 Training MaxEntTrainer,gaussianPriorVariance=1.0 with 1800 instances
Trial 0 Training MaxEntTrainer,gaussianPriorVariance=1.0 finished
Trial 0 Trainer MaxEntTrainer,gaussianPriorVariance=1.0
 Raw Testing Data
1274.txt pos pos:0.9961758081874337 neg:0.0038241918125663465 
398.txt pos pos:0.9999998140229132 neg:1.859770869647803E-7 
40.txt pos pos:0.9993171519493536 neg:6.828480506463826E-4 
3180.txt pos neg:0.9029516604735854 pos:0.09704833952641467 
3829.txt neg neg:0.9388556538679224 pos:0.0611443461320776 
2765.txt neg neg:0.999999989107626 pos:1.0892374025324471E-8 
3704.txt pos neg:0.9875087229025105 pos:0.012491277097489565 
1051.txt pos neg:0.7802051519898638 pos:0.21979484801013616 
1920.txt neg neg:0.7295707607207741 pos:0.27042923927922585 
824.txt neg neg:0.9980442429564234 pos:0.0019557570435765927 
3405.txt pos pos:0.8158645777146178 neg:0.18413542228538213 
1211.txt neg pos:0.5185735126975656 neg:0.4814264873024344 
3904.txt neg neg:0.9999999998901152 pos:1.0988479893641482E-10 
3512.txt neg pos:0.6574883106375496 neg:0.3425116893624503 
4202.txt neg neg:0.9999838493845178 pos:1.6150615482147232E-5 
2533.txt pos pos:0.9999999689229874 neg:3.107701271221852E-8 
355.txt neg pos:0.9467560460341709 neg:0.05324395396582904 
2267.txt neg pos:0.9873386727287904 neg:0.012661327271209713 
114.txt neg pos:0.9991959460770269 neg:8.040539229730755E-4 
2067.txt pos neg:0.9946701745352179 pos:0.0053298254647820694 
3813.txt pos neg:0.6674567253334164 pos:0.3325432746665837 
4312.txt pos pos:0.9367997756293673 neg:0.06320022437063268 
2873.txt pos pos:0.706917190875765 neg:0.293082809124235 
1493.txt pos pos:0.9998222988946844 neg:1.777011053155323E-4 
797.txt neg pos:0.5148989766380982 neg:0.4851010233619017 
2143.txt pos neg:0.9990839494742042 pos:9.160505257957837E-4 
1478.txt neg neg:0.8721009823910373 pos:0.1278990176089626 
347.txt pos neg:0.971008992377788 pos:0.02899100762221193 
1058.txt pos pos:0.9991621399279466 neg:8.378600720534732E-4 
215.txt neg neg:0.9999398247733285 pos:6.017522667157328E-5 
2166.txt neg pos:0.8287437196740447 neg:0.17125628032595533 
2847.txt neg neg:0.9988284818736799 pos:0.001171518126320192 
2406.txt pos neg:0.7770412602595789 pos:0.22295873974042113 
427.txt pos pos:0.5681385716008711 neg:0.4318614283991289 
1219.txt pos pos:0.8721895741446622 neg:0.1278104258553377 
967.txt pos pos:0.9904142164321844 neg:0.009585783567815562 
1529.txt neg neg:0.996806208411413 pos:0.003193791588587076 
264.txt pos pos:0.8547712395049629 neg:0.14522876049503713 
2094.txt neg pos:0.9616366062647355 neg:0.03836339373526451 
2045.txt neg neg:0.999999619346679 pos:3.8065332101157056E-7 
2808.txt pos pos:0.9967344912560903 neg:0.0032655087439096516 
3359.txt pos neg:0.9148364891900151 pos:0.08516351080998476 
608.txt neg neg:0.9845820572810683 pos:0.015417942718931755 
1912.txt neg neg:0.8343592954764949 pos:0.16564070452350507 
3571.txt neg pos:0.9047347199703595 neg:0.09526528002964041 
1561.txt pos pos:0.999522504443825 neg:4.7749555617510373E-4 
2586.txt pos neg:0.559654710935829 pos:0.44034528906417103 
742.txt pos pos:0.9991091249757914 neg:8.908750242086589E-4 
1878.txt neg neg:0.9999980609686105 pos:1.939031389413764E-6 
1216.txt neg pos:0.8205425030615245 neg:0.1794574969384754 
271.txt neg neg:0.9698560063035515 pos:0.03014399369644834 
1713.txt neg pos:0.7194007318195372 neg:0.2805992681804629 
1677.txt neg neg:0.8270256895101551 pos:0.17297431048984482 
4182.txt pos pos:0.9951788570045244 neg:0.004821142995475609 
781.txt neg pos:0.7710799685847928 neg:0.22892003141520717 
1307.txt neg neg:0.9920155220139413 pos:0.007984477986058742 
741.txt neg neg:0.9998119347775594 pos:1.8806522244071356E-4 
3007.txt pos pos:0.9992147115824109 neg:7.852884175890673E-4 
1876.txt neg neg:0.5749170094279862 pos:0.4250829905720139 
2581.txt pos pos:0.9655594206992013 neg:0.03444057930079859 
3420.txt neg neg:0.591251228831412 pos:0.4087487711685879 
1421.txt pos pos:0.9999999992102713 neg:7.897286918625298E-10 
203.txt neg neg:0.8909864038334457 pos:0.1090135961665542 
1251.txt neg neg:0.9599755406569428 pos:0.04002445934305722 
272.txt pos pos:0.9823330988804118 neg:0.017666901119588296 
2304.txt neg neg:0.9999636993322527 pos:3.630066774731666E-5 
1065.txt neg neg:0.99999357777096 pos:6.4222290400967375E-6 
1514.txt pos neg:0.9781792957801492 pos:0.021820704219850856 
1584.txt neg pos:0.9999843076867845 neg:1.5692313215561548E-5 
3982.txt pos neg:0.9707707905444134 pos:0.029229209455586647 
1552.txt neg neg:0.9907230375290048 pos:0.009276962470995194 
706.txt neg neg:0.9996652891910679 pos:3.347108089321793E-4 
4185.txt pos neg:0.9909401506379859 pos:0.009059849362014104 
2212.txt neg pos:0.8019748828405748 neg:0.19802511715942506 
4154.txt pos pos:0.9999996456442722 neg:3.543557278200498E-7 
101.txt pos pos:0.5613316201824093 neg:0.4386683798175906 
1983.txt neg pos:0.9994608984672382 neg:5.391015327618545E-4 
947.txt neg neg:0.9999994078545917 pos:5.921454081858938E-7 
3373.txt pos pos:0.9990824750104851 neg:9.175249895149698E-4 
1731.txt pos pos:0.999999769212246 neg:2.3078775414024618E-7 
3554.txt pos pos:0.9994331127893712 neg:5.668872106288051E-4 
1172.txt pos pos:0.7123228626327317 neg:0.28767713736726824 
677.txt pos pos:0.9767502136434162 neg:0.02324978635658369 
1568.txt pos pos:0.9999999958162165 neg:4.183783535938125E-9 
2946.txt pos pos:0.9693936065189288 neg:0.030606393481071244 
2331.txt neg pos:0.9989167607063196 neg:0.0010832392936804332 
844.txt pos neg:0.9973320840807293 pos:0.0026679159192706035 
3018.txt pos pos:0.912464464991002 neg:0.08753553500899795 
2305.txt pos pos:0.9732032785962397 neg:0.026796721403760337 
659.txt neg neg:0.9338962841394549 pos:0.06610371586054513 
3188.txt neg neg:0.9999932506866167 pos:6.749313383313098E-6 
2409.txt neg pos:0.6507231537685307 neg:0.3492768462314693 
2909.txt neg neg:0.9682194056352724 pos:0.031780594364727605 
91.txt neg neg:0.9086897266991418 pos:0.09131027330085828 
51.txt pos pos:0.9988255169692007 neg:0.0011744830307992996 
3953.txt pos pos:0.9636945469770865 neg:0.03630545302291345 
3730.txt neg neg:0.9971947202478546 pos:0.002805279752145408 
2950.txt pos pos:0.529423849910544 neg:0.470576150089456 
1554.txt pos neg:0.7963654619446051 pos:0.20363453805539486 
276.txt neg pos:0.9526116743136843 neg:0.04738832568631576 
674.txt neg neg:0.994052053833544 pos:0.005947946166455978 
2377.txt pos pos:0.9999994759772118 neg:5.240227881095083E-7 
2491.txt neg neg:0.9987651617261446 pos:0.001234838273855359 
1148.txt neg pos:0.7612238048941414 neg:0.23877619510585865 
898.txt neg neg:0.7251939984875929 pos:0.27480600151240714 
396.txt pos pos:0.99915058837811 neg:8.494116218900769E-4 
3263.txt neg neg:0.9908948435831236 pos:0.00910515641687627 
3684.txt pos pos:0.7621526912790918 neg:0.23784730872090815 
2129.txt pos pos:0.9864997778204523 neg:0.013500222179547793 
2916.txt neg neg:0.9981307926190305 pos:0.0018692073809696086 
1630.txt neg pos:0.6327768782138973 neg:0.3672231217861028 
1208.txt pos pos:0.9435690088098804 neg:0.05643099119011969 
2179.txt neg pos:0.8326945312502342 neg:0.16730546874976582 
476.txt pos pos:0.8899902799566308 neg:0.11000972004336929 
323.txt pos neg:0.9484168297472904 pos:0.0515831702527097 
4352.txt pos neg:0.5494183842776791 pos:0.45058161572232086 
263.txt pos pos:0.9999999638880976 neg:3.611190230438716E-8 
98.txt neg pos:0.9702360011575569 neg:0.029763998842443067 
3569.txt neg neg:0.760163481678085 pos:0.23983651832191505 
2028.txt neg neg:0.9997890366322075 pos:2.109633677924546E-4 
444.txt pos pos:0.9527327935543511 neg:0.04726720644564891 
1403.txt neg neg:0.9991805068426858 pos:8.194931573142965E-4 
2898.txt neg neg:0.8931934666190875 pos:0.1068065333809124 
2734.txt neg neg:0.9999646544643226 pos:3.53455356773608E-5 
2658.txt pos pos:0.9999939305267986 neg:6.069473201397322E-6 
492.txt pos pos:0.8615453629084787 neg:0.13845463709152134 
3200.txt neg neg:0.9049608290523808 pos:0.09503917094761916 
1109.txt pos neg:0.8076922430317749 pos:0.19230775696822502 
1088.txt neg neg:0.8625413416232282 pos:0.13745865837677196 
625.txt neg neg:0.9999995096554422 pos:4.903445579603069E-7 
3745.txt neg pos:0.97859671071579 neg:0.021403289284209953 
4227.txt pos pos:0.8300650577741951 neg:0.1699349422258048 
1671.txt pos pos:0.997521140266585 neg:0.002478859733415011 
1720.txt pos pos:0.999920981962744 neg:7.901803725584577E-5 
972.txt neg neg:0.9990780904917684 pos:9.219095082315372E-4 
3576.txt neg pos:0.6787751662269393 neg:0.3212248337730607 
1442.txt pos pos:0.9999862701732158 neg:1.3729826784152846E-5 
1010.txt neg neg:0.9999979302761374 pos:2.0697238625707475E-6 
2472.txt neg pos:0.8012168834954633 neg:0.1987831165045367 
3928.txt pos pos:0.949861809197822 neg:0.050138190802177844 
1728.txt neg neg:0.9934019366525193 pos:0.006598063347480775 
2352.txt neg pos:0.9031100806867487 neg:0.09688991931325133 
1265.txt pos pos:0.9843604674853957 neg:0.015639532514604208 
1660.txt pos pos:0.9994321910428755 neg:5.678089571243831E-4 
211.txt pos pos:0.8048943607068497 neg:0.19510563929315025 
495.txt pos pos:0.9941546849897563 neg:0.005845315010243607 
3374.txt pos pos:0.8269720048659576 neg:0.17302799513404238 
2757.txt neg neg:0.9638634977110337 pos:0.036136502288966255 
2242.txt pos pos:0.9950183180237903 neg:0.0049816819762096695 
2958.txt neg neg:0.9997873234365251 pos:2.1267656347490917E-4 
610.txt neg neg:0.9999847167269162 pos:1.5283273083688572E-5 
49.txt neg neg:0.9212051088369785 pos:0.07879489116302157 
455.txt pos pos:0.9999986691346243 neg:1.3308653756255805E-6 
909.txt neg pos:0.9999994338173143 neg:5.661826856537711E-7 
3468.txt pos neg:0.9985669187219723 pos:0.0014330812780277615 
1445.txt pos pos:0.9997815253813009 neg:2.1847461869903913E-4 
4079.txt pos pos:0.9459470380685375 neg:0.05405296193146235 
1224.txt neg neg:0.9878889752478252 pos:0.012111024752174935 
1520.txt neg neg:0.9886779110177978 pos:0.01132208898220224 
2750.txt neg neg:0.9731220439766004 pos:0.026877956023399537 
2282.txt pos pos:0.9669029052609646 neg:0.033097094739035396 
209.txt pos pos:0.8193917181978168 neg:0.18060828180218325 
3742.txt neg neg:0.9872580127687507 pos:0.012741987231249384 
2632.txt pos neg:0.9998998923467842 pos:1.001076532158499E-4 
1141.txt neg pos:0.920082470088814 neg:0.07991752991118592 
3380.txt neg neg:0.7595255315788214 pos:0.2404744684211786 
4353.txt neg neg:0.8883432229859664 pos:0.11165677701403359 
96.txt pos neg:0.9992991543536156 pos:7.008456463843615E-4 
2674.txt neg neg:0.9999778604579739 pos:2.2139542026166944E-5 
3793.txt neg neg:0.9997613881394348 pos:2.3861186056525218E-4 
3543.txt neg neg:0.9868569056739961 pos:0.013143094326003855 
4279.txt neg neg:0.9037716029496807 pos:0.09622839705031931 
1804.txt neg pos:0.9789980906148456 neg:0.021001909385154397 
2623.txt pos neg:0.9996896163573658 pos:3.103836426343485E-4 
3413.txt pos pos:0.711260346910218 neg:0.28873965308978206 
1643.txt pos neg:0.9390807902158786 pos:0.06091920978412125 
2423.txt neg neg:0.9999928430420602 pos:7.156957939759102E-6 
1927.txt neg neg:0.9987806851047965 pos:0.001219314895203539 
1752.txt pos pos:0.8890521793862013 neg:0.11094782061379871 
679.txt pos pos:0.9977040240445237 neg:0.0022959759554761904 
880.txt neg neg:0.9952015404654544 pos:0.004798459534545493 
3993.txt pos pos:0.9340732389509677 neg:0.06592676104903222 
2401.txt pos pos:0.8883547215513576 neg:0.11164527844864237 
827.txt pos pos:0.9971710833959582 neg:0.002828916604041936 
4027.txt neg neg:0.9999932053556193 pos:6.794644380729035E-6 
456.txt neg neg:0.9947090056630645 pos:0.005290994336935415 
4153.txt pos pos:0.999977424826172 neg:2.257517382803282E-5 
387.txt pos neg:0.5666843722980851 pos:0.433315627701915 
2557.txt pos neg:0.8501907514346866 pos:0.14980924856531327 
793.txt pos pos:0.9911081141891139 neg:0.008891885810886119 
1334.txt pos pos:0.9908717614345708 neg:0.00912823856542922 
1471.txt neg neg:0.9999999152284799 pos:8.477152019871371E-8 
1019.txt neg neg:0.9983004929371762 pos:0.0016995070628239583 
602.txt pos pos:0.7163810502249394 neg:0.2836189497750607 
1669.txt pos pos:0.9899017797670484 neg:0.010098220232951571 
1779.txt neg neg:0.9912336895613649 pos:0.008766310438635183 
275.txt pos pos:0.9953592000047069 neg:0.004640799995293078 
1566.txt pos pos:0.6352016657279013 neg:0.3647983342720987 
3892.txt neg neg:0.9999571697991397 pos:4.283020086031521E-5 
2015.txt pos pos:0.9999596660161182 neg:4.0333983881745906E-5 
Trial 0 Trainer MaxEntTrainer,gaussianPriorVariance=1.0 Training Data Confusion Matrix
Confusion Matrix, row=true, column=predicted  accuracy=1.0
  label   0   1  |total
  0 neg 900   .  |900
  1 pos   . 900  |900

Trial 0 Trainer MaxEntTrainer,gaussianPriorVariance=1.0 training data accuracy= 1.0
Trial 0 Trainer MaxEntTrainer,gaussianPriorVariance=1.0 Test Data Confusion Matrix
Confusion Matrix, row=true, column=predicted  accuracy=0.73
  label   0   1  |total
  0 neg  71  29  |100
  1 pos  25  75  |100

Trial 0 Trainer MaxEntTrainer,gaussianPriorVariance=1.0 test data accuracy= 0.73

MaxEntTrainer,gaussianPriorVariance=1.0
Summary. train accuracy mean = 1.0 stddev = 0.0 stderr = 0.0
Summary. test accuracy mean = 0.73 stddev = 0.0 stderr = 0.0
