
-------------------- Trial 0  --------------------

Trial 0 Training MaxEntTrainer,gaussianPriorVariance=1.0 with 1800 instances
Trial 0 Training MaxEntTrainer,gaussianPriorVariance=1.0 finished
Trial 0 Trainer MaxEntTrainer,gaussianPriorVariance=1.0
 Raw Testing Data
759.txt neg neg:0.8174782437470609 pos:0.1825217562529391 
1325.txt pos pos:0.9999999999976816 neg:2.3184351639254862E-12 
4254.txt neg neg:0.7910424133321585 pos:0.2089575866678414 
1538.txt neg neg:0.8594343882529736 pos:0.14056561174702645 
3258.txt neg neg:0.7325685975738878 pos:0.2674314024261121 
2906.txt pos neg:0.563811903376111 pos:0.4361880966238891 
4069.txt neg neg:0.9848024636147739 pos:0.015197536385226041 
1793.txt neg neg:0.9046997365577506 pos:0.09530026344224934 
2974.txt pos pos:0.9999926578179212 neg:7.342182078768E-6 
3439.txt pos pos:0.9919373063722606 neg:0.00806269362773935 
1483.txt neg neg:0.9049105560244319 pos:0.09508944397556811 
2418.txt neg neg:0.987256503438169 pos:0.012743496561830967 
3195.txt pos pos:0.9999970354166376 neg:2.9645833624040393E-6 
964.txt neg pos:0.9742489441137261 neg:0.02575105588627386 
3802.txt pos neg:0.5135739411639476 pos:0.4864260588360524 
2327.txt neg neg:0.9971204337844611 pos:0.0028795662155388243 
3529.txt neg neg:0.9979780263434906 pos:0.002021973656509206 
4343.txt pos pos:0.9711556538901434 neg:0.028844346109856676 
1290.txt pos pos:0.9995804109228514 neg:4.195890771486707E-4 
3107.txt pos pos:0.9393699835050718 neg:0.06063001649492828 
2590.txt pos pos:0.9711929988179598 neg:0.028807001182040166 
2450.txt pos pos:0.9992434225717383 neg:7.565774282616524E-4 
1007.txt pos pos:0.981112807708891 neg:0.018887192291109023 
3632.txt pos neg:0.6006278518672254 pos:0.39937214813277455 
3057.txt neg pos:0.9989463068384511 neg:0.0010536931615489648 
595.txt pos pos:0.9995131718369455 neg:4.868281630544295E-4 
4344.txt pos pos:0.8679506438257665 neg:0.13204935617423338 
2824.txt neg neg:0.9967503017352869 pos:0.0032496982647130255 
938.txt pos pos:0.7241125253203369 neg:0.2758874746796632 
1683.txt pos pos:0.9859292760732585 neg:0.014070723926741508 
2365.txt pos pos:0.998210376031641 neg:0.0017896239683589798 
311.txt pos pos:0.8565393248931243 neg:0.14346067510687566 
2126.txt neg neg:0.9920678970402651 pos:0.00793210295973493 
3873.txt pos pos:0.9999992689820764 neg:7.310179235846095E-7 
536.txt pos neg:0.5944256250448007 pos:0.4055743749551993 
3693.txt neg neg:0.9999940554754242 pos:5.944524575756545E-6 
364.txt pos neg:0.9859379098425327 pos:0.014062090157467271 
2850.txt pos pos:0.9534539286368339 neg:0.046546071363166054 
2039.txt neg pos:0.9694059502121468 neg:0.03059404978785308 
2005.txt neg neg:0.9980077379861058 pos:0.0019922620138942515 
4105.txt pos pos:0.998958689858457 neg:0.0010413101415430424 
3282.txt pos pos:0.9996519906319419 neg:3.480093680580732E-4 
409.txt neg neg:0.9972781615918923 pos:0.00272183840810777 
3017.txt neg neg:0.9844447640490823 pos:0.015555235950917729 
157.txt pos pos:0.7031885550680451 neg:0.2968114449319549 
2651.txt pos pos:0.6763992787185212 neg:0.3236007212814787 
3878.txt neg pos:0.9288573918936833 neg:0.07114260810631673 
3398.txt neg neg:0.6034929461945807 pos:0.39650705380541923 
3132.txt pos neg:0.6511379609556668 pos:0.3488620390443332 
1826.txt pos neg:0.9381731602487892 pos:0.06182683975121076 
4193.txt pos pos:0.9782064991336865 neg:0.021793500866313507 
1035.txt pos pos:0.9988313891524584 neg:0.001168610847541603 
980.txt neg neg:0.999979049411963 pos:2.0950588036979825E-5 
2741.txt neg pos:0.5480127024930461 neg:0.4519872975069538 
1322.txt pos pos:0.9985863268780785 neg:0.001413673121921442 
1187.txt pos pos:0.9999999979586867 neg:2.0413134164789082E-9 
200.txt pos pos:0.9899204430293742 neg:0.010079556970625785 
2811.txt neg pos:0.6828669349635913 neg:0.3171330650364087 
1150.txt neg neg:0.9999598684112471 pos:4.013158875292173E-5 
2664.txt pos pos:0.9998278062204247 neg:1.721937795752866E-4 
4177.txt pos pos:0.9999834213915431 neg:1.6578608456945164E-5 
2596.txt neg neg:0.5216275578535561 pos:0.4783724421464439 
1420.txt neg neg:0.9494022624513591 pos:0.050597737548640824 
3566.txt pos pos:0.9877926836946667 neg:0.012207316305333228 
4179.txt pos pos:0.9999071740259156 neg:9.28259740845273E-5 
3831.txt neg neg:0.9308498122705241 pos:0.06915018772947594 
4261.txt neg pos:0.6158879178263351 neg:0.3841120821736649 
4345.txt neg neg:0.9999947176275371 pos:5.2823724628714324E-6 
634.txt neg neg:0.9994150241958604 pos:5.849758041397181E-4 
1812.txt neg neg:0.9993822448189694 pos:6.177551810306163E-4 
3676.txt pos pos:0.9934867368287965 neg:0.00651326317120347 
2312.txt neg neg:0.9857474151824009 pos:0.014252584817599114 
1363.txt neg neg:0.9322729914778967 pos:0.06772700852210327 
2112.txt pos pos:0.9999780128970162 neg:2.19871029837355E-5 
2620.txt pos neg:0.8645453899110851 pos:0.1354546100889149 
2382.txt pos pos:0.9543789803903553 neg:0.04562101960964461 
2411.txt neg neg:0.9830032531855156 pos:0.01699674681448434 
1979.txt pos pos:0.8897629698770675 neg:0.11023703012293241 
1883.txt neg neg:0.9273171706072114 pos:0.0726828293927887 
1428.txt pos neg:0.9885665220640545 pos:0.011433477935945409 
2574.txt pos pos:0.9970303521441324 neg:0.0029696478558677132 
11.txt neg neg:0.5305445713173502 pos:0.46945542868264967 
2740.txt pos neg:0.7326494966495116 pos:0.2673505033504883 
1545.txt pos neg:0.6492966114882998 pos:0.3507033885117003 
2998.txt neg neg:0.9999999057696614 pos:9.423033871652472E-8 
3915.txt neg neg:0.9926877226044101 pos:0.007312277395589924 
2424.txt neg neg:0.9898511091018498 pos:0.010148890898150326 
936.txt pos pos:0.5245679709670799 neg:0.47543202903292014 
1771.txt pos neg:0.9991881302257256 pos:8.118697742742518E-4 
1074.txt neg neg:0.9992865963061512 pos:7.134036938488774E-4 
2044.txt pos pos:0.7856247834746203 neg:0.21437521652537975 
931.txt pos pos:0.9999999999895703 neg:1.0429585656484099E-11 
227.txt neg neg:0.9999999683391486 pos:3.166085139500564E-8 
2772.txt pos neg:0.6738795314021904 pos:0.32612046859780963 
1235.txt neg neg:0.9934325803196811 pos:0.00656741968031891 
2203.txt neg neg:0.9873780787604203 pos:0.01262192123957964 
3678.txt pos pos:0.8159991047094365 neg:0.1840008952905636 
3837.txt pos neg:0.8330163686267135 pos:0.16698363137328648 
3175.txt pos pos:0.9999963738020506 neg:3.626197949424742E-6 
395.txt neg neg:0.9984837413992819 pos:0.0015162586007181835 
161.txt pos neg:0.987573848937973 pos:0.012426151062027074 
3223.txt neg pos:0.8977916684433976 neg:0.10220833155660233 
1032.txt pos pos:0.9932932675095767 neg:0.006706732490423291 
531.txt pos pos:0.9649303171733258 neg:0.03506968282667419 
4284.txt pos pos:0.9999999998779241 neg:1.2207590726367062E-10 
2972.txt neg neg:0.810591486814116 pos:0.189408513185884 
87.txt neg neg:0.9370021923165789 pos:0.06299780768342117 
3225.txt pos neg:0.9891269878385698 pos:0.010873012161430272 
400.txt neg neg:0.9256574744457342 pos:0.0743425255542657 
2156.txt pos neg:0.7966268916749563 pos:0.20337310832504366 
2535.txt neg neg:0.9958901753231102 pos:0.004109824676889786 
1739.txt neg neg:0.9273911782345617 pos:0.07260882176543829 
3307.txt neg pos:0.998809592705789 neg:0.0011904072942110994 
1246.txt pos pos:0.837445905719912 neg:0.16255409428008802 
1542.txt pos pos:0.9339084315227325 neg:0.06609156847726746 
1469.txt neg pos:0.8428471718357137 neg:0.15715282816428627 
1684.txt pos pos:0.9999602829988703 neg:3.971700112960626E-5 
516.txt neg neg:0.9999991648100907 pos:8.351899093315217E-7 
3280.txt neg neg:0.9798834262634969 pos:0.020116573736503083 
2187.txt pos pos:0.9538439984688427 neg:0.04615600153115734 
2665.txt neg neg:0.9999937464535654 pos:6.253546434451813E-6 
2204.txt neg neg:0.8896090716440962 pos:0.11039092835590374 
3716.txt pos pos:0.9990233511281088 neg:9.766488718911043E-4 
4026.txt pos pos:0.6715445046110475 neg:0.3284554953889525 
1248.txt pos pos:0.7864589225453621 neg:0.2135410774546379 
3436.txt neg neg:0.9999996884104334 pos:3.1158956656643715E-7 
4289.txt pos neg:0.9637591291693719 pos:0.03624087083062804 
1110.txt neg pos:0.9999954621411485 neg:4.537858851592216E-6 
722.txt neg pos:0.9905489802253168 neg:0.009451019774683211 
2160.txt pos pos:0.8602459277130586 neg:0.1397540722869414 
105.txt neg pos:0.994530725881699 neg:0.005469274118300941 
1234.txt pos neg:0.9990940797413547 pos:9.059202586452644E-4 
699.txt neg neg:0.9923065793671779 pos:0.007693420632822089 
3514.txt pos pos:0.9766507612124544 neg:0.02334923878754544 
3391.txt neg pos:0.9975961452265639 neg:0.002403854773436082 
3804.txt neg neg:0.9999998513105927 pos:1.4868940743172005E-7 
1936.txt neg neg:0.9986374977513384 pos:0.0013625022486617889 
3630.txt neg neg:0.9944045233320364 pos:0.005595476667963515 
1737.txt neg neg:0.9998447441389019 pos:1.5525586109823197E-4 
193.txt neg neg:0.9954044183037309 pos:0.004595581696269044 
1072.txt pos pos:0.9242260298593239 neg:0.07577397014067612 
3638.txt pos neg:0.8349775470990317 pos:0.16502245290096834 
2889.txt neg neg:0.9999110604201528 pos:8.89395798472249E-5 
3969.txt neg neg:0.9837605848855971 pos:0.016239415114402855 
867.txt pos neg:0.9996080361490643 pos:3.919638509356328E-4 
523.txt neg neg:0.9999994946326949 pos:5.053673051525635E-7 
1328.txt pos pos:0.9999087333605894 neg:9.126663941068963E-5 
2128.txt neg neg:0.971317087362558 pos:0.028682912637441965 
179.txt neg pos:0.9129178172375995 neg:0.08708218276240054 
1866.txt pos pos:0.9702353012911336 neg:0.029764698708866378 
3088.txt neg pos:0.9977244090453686 neg:0.0022755909546312686 
682.txt pos pos:0.9194184508568426 neg:0.08058154914315735 
1122.txt neg neg:0.9783509631580752 pos:0.021649036841924766 
318.txt pos pos:0.5461014408289878 neg:0.4538985591710122 
3728.txt neg neg:0.6435328850233265 pos:0.35646711497667344 
1654.txt neg neg:0.9990502390561425 pos:9.497609438574375E-4 
3729.txt pos pos:0.8944247491639704 neg:0.10557525083602971 
896.txt neg neg:0.9999999106032473 pos:8.939675259571801E-8 
3555.txt neg neg:0.9869372675006753 pos:0.013062732499324624 
4171.txt neg neg:0.9548580151639705 pos:0.045141984836029464 
2002.txt neg pos:0.9946294173711995 neg:0.005370582628800408 
1356.txt neg pos:0.9779394730399046 neg:0.02206052696009539 
1703.txt pos pos:0.9549298868108631 neg:0.04507011318913691 
2774.txt neg neg:0.9923035957624463 pos:0.007696404237553723 
4170.txt pos pos:0.9976373654431041 neg:0.0023626345568958326 
3332.txt neg neg:0.9971565527777363 pos:0.002843447222263664 
1627.txt pos pos:0.7207523238413185 neg:0.2792476761586816 
3259.txt pos pos:0.9999861782919812 neg:1.3821708018926005E-5 
3134.txt neg neg:0.9901800064952989 pos:0.009819993504701115 
2462.txt pos pos:0.9912904706607012 neg:0.008709529339298692 
4215.txt pos pos:0.9999290417793273 neg:7.095822067280615E-5 
2934.txt pos pos:0.9838724395630699 neg:0.01612756043693004 
1937.txt pos neg:0.9999324469100108 pos:6.755308998926221E-5 
3720.txt pos neg:0.6863514495603584 pos:0.3136485504396415 
1482.txt pos pos:0.9956403450106694 neg:0.004359654989330428 
2168.txt neg neg:0.9985956640659122 pos:0.0014043359340879156 
1978.txt neg neg:0.6591300008958721 pos:0.3408699991041279 
3148.txt neg neg:0.999853362808847 pos:1.466371911531337E-4 
130.txt neg neg:0.9995806137068112 pos:4.1938629318868806E-4 
4212.txt pos pos:0.9998048043886266 neg:1.9519561137333505E-4 
1317.txt pos neg:0.998768040965103 pos:0.0012319590348969605 
150.txt pos neg:0.9961672955033137 pos:0.0038327044966863094 
1461.txt pos neg:0.5571774960948137 pos:0.44282250390518635 
186.txt pos pos:0.9999718718648962 neg:2.812813510378234E-5 
2825.txt pos neg:0.6618363377720006 pos:0.3381636622279995 
2463.txt neg pos:0.9503543254270346 neg:0.04964567457296546 
2575.txt neg neg:0.9998680973401693 pos:1.3190265983067893E-4 
2369.txt neg neg:0.9999682603846057 pos:3.1739615394190354E-5 
3262.txt pos pos:0.9943747903853233 neg:0.005625209614676788 
1653.txt neg neg:0.5269436190907548 pos:0.4730563809092452 
2611.txt pos pos:0.999802314468854 neg:1.9768553114586586E-4 
1270.txt pos pos:0.5385164995737342 neg:0.46148350042626596 
2540.txt neg neg:0.9729843935472673 pos:0.02701560645273274 
1742.txt neg pos:0.990630812030675 neg:0.009369187969325008 
956.txt neg pos:0.8838733525986261 neg:0.11612664740137388 
3401.txt pos pos:0.9999996113386888 neg:3.8866131138317037E-7 
145.txt neg neg:0.9856144541551008 pos:0.01438554584489918 
558.txt neg neg:0.6838118528677817 pos:0.3161881471322184 
3753.txt neg neg:0.9997534326758432 pos:2.4656732415682015E-4 
840.txt neg neg:0.9656783938742328 pos:0.034321606125767165 
Trial 0 Trainer MaxEntTrainer,gaussianPriorVariance=1.0 Training Data Confusion Matrix
Confusion Matrix, row=true, column=predicted  accuracy=1.0
  label   0   1  |total
  0 neg 900   .  |900
  1 pos   . 900  |900

Trial 0 Trainer MaxEntTrainer,gaussianPriorVariance=1.0 training data accuracy= 1.0
Trial 0 Trainer MaxEntTrainer,gaussianPriorVariance=1.0 Test Data Confusion Matrix
Confusion Matrix, row=true, column=predicted  accuracy=0.76
  label   0   1  |total
  0 neg  79  21  |100
  1 pos  27  73  |100

Trial 0 Trainer MaxEntTrainer,gaussianPriorVariance=1.0 test data accuracy= 0.76

MaxEntTrainer,gaussianPriorVariance=1.0
Summary. train accuracy mean = 1.0 stddev = 0.0 stderr = 0.0
Summary. test accuracy mean = 0.76 stddev = 0.0 stderr = 0.0
