
-------------------- Trial 0  --------------------

Trial 0 Training MaxEntTrainer,gaussianPriorVariance=1.0 with 1800 instances
Trial 0 Training MaxEntTrainer,gaussianPriorVariance=1.0 finished
Trial 0 Trainer MaxEntTrainer,gaussianPriorVariance=1.0
 Raw Testing Data
1225.txt pos neg:0.8195583506273539 pos:0.1804416493726461 
4113.txt pos pos:0.9998140547408144 neg:1.8594525918566132E-4 
1414.txt neg neg:0.9941724924328035 pos:0.005827507567196422 
3334.txt neg neg:0.9998710918945877 pos:1.2890810541246105E-4 
3087.txt neg neg:0.9882683336988429 pos:0.011731666301157212 
878.txt pos pos:0.9649573414143641 neg:0.03504265858563598 
3428.txt pos neg:0.9695040951841327 pos:0.03049590481586727 
2901.txt neg neg:0.9865953196524184 pos:0.013404680347581552 
1754.txt neg neg:0.7616877189975662 pos:0.2383122810024339 
645.txt pos neg:0.9461324343594526 pos:0.05386756564054738 
716.txt neg neg:0.9830765480880359 pos:0.016923451911964166 
2690.txt neg neg:0.999811298281864 pos:1.8870171813601804E-4 
4267.txt neg neg:0.7828609841189997 pos:0.21713901588100018 
2872.txt neg pos:0.997872625491763 neg:0.0021273745082371156 
3426.txt pos neg:0.5586271611391398 pos:0.4413728388608602 
4166.txt pos neg:0.8790411195088731 pos:0.12095888049112687 
2061.txt neg neg:0.8854621984104198 pos:0.1145378015895802 
2796.txt neg neg:0.9311268167466967 pos:0.06887318325330324 
615.txt pos pos:0.9999998476712401 neg:1.5232876000986292E-7 
5.txt neg pos:0.9775041175088316 neg:0.022495882491168396 
2433.txt pos pos:0.7647958095252356 neg:0.23520419047476432 
3309.txt pos neg:0.6781567295125988 pos:0.3218432704874013 
421.txt pos pos:0.996989964020983 neg:0.003010035979016979 
208.txt pos pos:0.9298335838774462 neg:0.07016641612255377 
3159.txt neg neg:0.77372483501588 pos:0.22627516498412 
4093.txt pos pos:0.9964587245783654 neg:0.0035412754216347 
3375.txt pos pos:0.6051462691969607 neg:0.39485373080303926 
3390.txt neg neg:0.9140330673565922 pos:0.08596693264340768 
1971.txt pos pos:0.999976407961013 neg:2.3592038987050388E-5 
3792.txt pos pos:0.9314244747148389 neg:0.06857552528516099 
4314.txt neg neg:0.8071639673536627 pos:0.19283603264633742 
2154.txt pos pos:0.5882685992039636 neg:0.41173140079603643 
529.txt pos pos:0.672195802373422 neg:0.327804197626578 
1233.txt neg neg:0.9966745015307489 pos:0.0033254984692511285 
929.txt pos pos:0.9998209307249606 neg:1.7906927503935402E-4 
4204.txt pos neg:0.5661898591749959 pos:0.43381014082500413 
2747.txt neg neg:0.9983895039725434 pos:0.0016104960274565504 
1861.txt neg neg:0.9995990063171108 pos:4.0099368288906885E-4 
3893.txt neg neg:0.5785973262517742 pos:0.4214026737482259 
3019.txt pos neg:0.9920386372746707 pos:0.00796136272532927 
2501.txt neg neg:0.9998535453208659 pos:1.4645467913415372E-4 
3803.txt pos pos:0.9922741133277789 neg:0.007725886672220958 
2573.txt neg neg:0.8486858960109115 pos:0.15131410398908846 
3348.txt neg neg:0.9999992085759513 pos:7.914240488238257E-7 
3172.txt neg neg:0.7860810332324598 pos:0.21391896676754016 
2987.txt neg neg:0.9991886074331996 pos:8.113925668004996E-4 
1679.txt neg neg:0.9839360735528804 pos:0.01606392644711964 
213.txt neg neg:0.9999411025312812 pos:5.8897468718714966E-5 
3217.txt neg pos:0.9978431025334519 neg:0.002156897466548002 
1119.txt pos neg:0.9956161684388447 pos:0.004383831561155419 
1165.txt pos pos:0.7848694053668422 neg:0.2151305946331578 
3058.txt neg neg:0.662395433057499 pos:0.33760456694250096 
2908.txt neg neg:0.9999772962585366 pos:2.2703741463464536E-5 
816.txt neg neg:0.7960568656296756 pos:0.20394313437032438 
642.txt pos pos:0.9995365385077097 neg:4.6346149229011034E-4 
2.txt neg pos:0.9391380598707084 neg:0.0608619401292915 
1147.txt pos neg:0.9898590985116441 pos:0.010140901488355903 
2751.txt pos neg:0.9728538966511988 pos:0.027146103348801225 
1335.txt neg pos:0.6683961125413533 neg:0.3316038874586467 
2890.txt pos neg:0.827783462955956 pos:0.17221653704404405 
1629.txt neg neg:0.9591670941762989 pos:0.04083290582370106 
428.txt pos pos:0.9997753826949712 neg:2.2461730502867951E-4 
3381.txt pos neg:0.9513179605478006 pos:0.0486820394521994 
2616.txt neg pos:0.8940143027719945 neg:0.10598569722800547 
3357.txt pos neg:0.9516970191789579 pos:0.04830298082104205 
3502.txt pos pos:0.9865497494647006 neg:0.013450250535299326 
2780.txt pos pos:0.9906178677624946 neg:0.009382132237505423 
1993.txt neg neg:0.9992598141924949 pos:7.40185807505186E-4 
1745.txt pos pos:0.8872881581320353 neg:0.11271184186796476 
1431.txt neg neg:0.9892400595179811 pos:0.01075994048201895 
3727.txt neg pos:0.958569594824812 neg:0.04143040517518808 
4271.txt pos neg:0.7173133593375974 pos:0.2826866406624025 
2598.txt pos neg:0.9631076134956867 pos:0.036892386504313326 
2205.txt neg pos:0.7714114615936032 neg:0.22858853840639679 
3010.txt pos pos:0.9694697346854421 neg:0.030530265314557947 
4168.txt pos neg:0.9840615453799012 pos:0.015938454620098887 
2459.txt neg pos:0.9410994227756576 neg:0.058900577224342304 
1785.txt neg neg:0.9998486707789731 pos:1.513292210267904E-4 
2732.txt neg neg:0.6744012239800672 pos:0.3255987760199328 
3795.txt pos pos:0.9909142302962962 neg:0.009085769703703873 
403.txt pos pos:0.5897810678033286 neg:0.4102189321966714 
3047.txt pos pos:0.8033613535494443 neg:0.1966386464505556 
3914.txt neg neg:0.6214445435418618 pos:0.3785554564581381 
1644.txt pos neg:0.6636063095924101 pos:0.33639369040759004 
4102.txt neg neg:0.9992051518912943 pos:7.948481087057107E-4 
1374.txt pos neg:0.9856394707634158 pos:0.01436052923658408 
4305.txt pos pos:0.9972860271353786 neg:0.0027139728646214016 
3882.txt pos pos:0.9999900840204589 neg:9.915979541091212E-6 
4327.txt pos pos:0.9999238293822135 neg:7.617061778658088E-5 
1704.txt neg neg:0.9994812956546144 pos:5.18704345385503E-4 
2881.txt neg neg:0.9883115891547155 pos:0.01168841084528454 
1097.txt pos pos:0.999999637501803 neg:3.62498197012145E-7 
2648.txt neg neg:0.9979387449884397 pos:0.002061255011560231 
2321.txt neg pos:0.7602770500378562 neg:0.23972294996214374 
3905.txt pos pos:0.7270042865436668 neg:0.2729957134563331 
1405.txt pos pos:0.8361608969605462 neg:0.16383910303945373 
3157.txt neg neg:0.9838845919791621 pos:0.016115408020837795 
562.txt neg neg:0.9577568049654552 pos:0.04224319503454467 
919.txt neg pos:0.5059294588878371 neg:0.4940705411121629 
910.txt neg pos:0.9745777892391901 neg:0.025422210760809933 
591.txt neg neg:0.9755987634002499 pos:0.024401236599750124 
2043.txt neg pos:0.9360062833823679 neg:0.06399371661763209 
984.txt pos pos:0.8812581325970902 neg:0.11874186740290987 
2176.txt pos pos:0.9642459527959565 neg:0.035754047204043585 
3995.txt neg neg:0.8556147163867225 pos:0.14438528361327743 
3208.txt pos pos:0.9999999999351821 neg:6.481793515243406E-11 
3913.txt neg neg:0.9282910353031938 pos:0.07170896469680627 
2933.txt neg pos:0.9693372031209174 neg:0.030662796879082455 
3854.txt pos neg:0.5023186302749942 pos:0.49768136972500565 
853.txt pos neg:0.9885886833809211 pos:0.011411316619078907 
780.txt neg pos:0.9997618063421392 neg:2.381936578606806E-4 
4226.txt pos neg:0.9289088670377655 pos:0.07109113296223439 
3505.txt pos pos:0.9778987055748445 neg:0.02210129442515539 
1982.txt pos pos:0.9996312381419792 neg:3.6876185802075113E-4 
713.txt pos pos:0.9446653224105471 neg:0.055334677589452874 
2139.txt neg neg:0.7985686479362348 pos:0.20143135206376508 
1108.txt neg neg:0.9995234539351363 pos:4.765460648637164E-4 
3386.txt pos pos:0.9977978822750317 neg:0.0022021177249683245 
1351.txt pos pos:0.889951976817234 neg:0.11004802318276591 
1365.txt neg neg:0.9484381278050448 pos:0.05156187219495527 
2523.txt neg neg:0.9999982852410495 pos:1.7147589504285517E-6 
1504.txt pos neg:0.9827494761445514 pos:0.017250523855448535 
952.txt pos pos:0.9998027938753201 neg:1.972061246799082E-4 
1016.txt pos pos:0.9998257431096931 neg:1.7425689030699972E-4 
126.txt neg neg:0.9995760312707607 pos:4.239687292394054E-4 
756.txt neg pos:0.9999192397956155 neg:8.076020438449242E-5 
584.txt pos pos:0.5389367061153411 neg:0.46106329388465894 
2104.txt pos pos:0.9940673115520331 neg:0.00593268844796682 
3080.txt neg neg:0.9983364400222552 pos:0.0016635599777449484 
337.txt neg neg:0.8098061003114198 pos:0.19019389968858025 
1241.txt neg neg:0.9756357040166008 pos:0.02436429598339918 
1767.txt pos neg:0.9608933172574567 pos:0.03910668274254322 
2283.txt neg neg:0.9993611124705567 pos:6.388875294433349E-4 
3415.txt neg neg:0.9932067477222583 pos:0.006793252277741814 
2077.txt pos neg:0.6887974623117202 pos:0.31120253768827966 
4276.txt pos pos:0.9999999898849822 neg:1.0115017745925285E-8 
261.txt neg pos:0.8199746967111474 neg:0.18002530328885263 
3482.txt pos pos:0.9475807306304279 neg:0.05241926936957211 
2951.txt neg neg:0.9998873729559284 pos:1.126270440716685E-4 
826.txt pos neg:0.9999916977035229 pos:8.30229647722167E-6 
133.txt pos neg:0.6319819374193296 pos:0.3680180625806704 
3871.txt pos neg:0.9901900541630901 pos:0.009809945836909771 
2070.txt pos neg:0.876202278156076 pos:0.12379772184392404 
236.txt neg neg:0.9403482935136911 pos:0.05965170648630885 
146.txt pos neg:0.9823149764587225 pos:0.017685023541277562 
1046.txt pos pos:0.999999999986523 neg:1.3477093346487323E-11 
2541.txt neg neg:0.9999892179084029 pos:1.0782091597105209E-5 
2710.txt neg pos:0.9277893065235641 neg:0.07221069347643592 
3399.txt neg neg:0.9743283624880849 pos:0.025671637511915184 
1776.txt neg neg:0.9990203616223214 pos:9.796383776785574E-4 
3074.txt neg neg:0.9999046838103732 pos:9.531618962673069E-5 
3826.txt pos pos:0.9715645716496405 neg:0.028435428350359386 
983.txt pos pos:0.987333155975233 neg:0.012666844024766935 
1939.txt neg neg:0.9998970454857561 pos:1.029545142439156E-4 
309.txt pos neg:0.9936318311902919 pos:0.006368168809708071 
2425.txt neg neg:0.7349571580646933 pos:0.2650428419353066 
75.txt pos pos:0.9370867913471691 neg:0.06291320865283088 
448.txt neg neg:0.9999648128477626 pos:3.518715223730421E-5 
1814.txt neg neg:0.5955241601935839 pos:0.40447583980641616 
3065.txt pos neg:0.9979643130437493 pos:0.0020356869562508273 
1668.txt pos pos:0.6787236234499903 neg:0.3212763765500098 
3944.txt neg neg:0.9935858223870685 pos:0.006414177612931481 
2650.txt pos neg:0.8771389629557905 pos:0.12286103704420957 
2899.txt pos pos:0.9600954140146383 neg:0.03990458598536166 
672.txt neg pos:0.8951707085936882 neg:0.1048292914063118 
1466.txt neg pos:0.9902368995999139 neg:0.009763100400086168 
1594.txt neg neg:0.9765079075268073 pos:0.023492092473192713 
3301.txt neg neg:0.8931225163984633 pos:0.10687748360153666 
2354.txt neg pos:0.9171958638988724 neg:0.08280413610112745 
612.txt pos pos:0.7602342500063105 neg:0.23976574999368946 
4114.txt pos pos:0.9904978149134065 neg:0.009502185086593581 
4260.txt neg neg:0.7397099496088443 pos:0.2602900503911557 
998.txt neg pos:0.9920584904631616 neg:0.007941509536838377 
1454.txt neg neg:0.7932763782682583 pos:0.20672362173174175 
1868.txt neg pos:0.9825872306850754 neg:0.01741276931492466 
50.txt neg neg:0.568077736886726 pos:0.431922263113274 
2641.txt neg neg:0.932252790451497 pos:0.06774720954850309 
882.txt pos pos:0.8071563330929056 neg:0.19284366690709445 
2497.txt pos neg:0.7246925390183305 pos:0.2753074609816694 
223.txt pos pos:0.9982264573252642 neg:0.0017735426747357776 
1257.txt pos neg:0.8878807666335297 pos:0.11211923336647034 
917.txt neg neg:0.9730721671163035 pos:0.02692783288369649 
4037.txt pos pos:0.9486076409264649 neg:0.051392359073535156 
312.txt neg neg:0.9999892530647412 pos:1.074693525879744E-5 
2055.txt pos pos:0.9999999942344915 neg:5.7655084125257336E-9 
1602.txt neg neg:0.9918594778699023 pos:0.008140522130097845 
1041.txt pos pos:0.9999998951071886 neg:1.0489281144389597E-7 
3341.txt neg neg:0.8159477210505464 pos:0.18405227894945356 
3894.txt neg neg:0.9902831921736699 pos:0.009716807826330174 
693.txt pos pos:0.8471739149550044 neg:0.15282608504499565 
1794.txt pos neg:0.9659781146909551 pos:0.034021885309044854 
657.txt neg neg:0.9999872261971074 pos:1.2773802892499978E-5 
1358.txt pos pos:0.659562709590955 neg:0.340437290409045 
630.txt pos pos:0.9999307343246415 neg:6.926567535850039E-5 
2244.txt pos pos:0.9992721226338839 neg:7.278773661160122E-4 
3098.txt pos neg:0.933823833793164 pos:0.06617616620683589 
1090.txt pos pos:0.9998152280407695 neg:1.8477195923055024E-4 
600.txt neg neg:0.9523513081069073 pos:0.04764869189309274 
3333.txt neg neg:0.9679037376995553 pos:0.032096262300444656 
955.txt pos pos:0.9993972010308786 neg:6.027989691214406E-4 
Trial 0 Trainer MaxEntTrainer,gaussianPriorVariance=1.0 Training Data Confusion Matrix
Confusion Matrix, row=true, column=predicted  accuracy=1.0
  label   0   1  |total
  0 neg 900   .  |900
  1 pos   . 900  |900

Trial 0 Trainer MaxEntTrainer,gaussianPriorVariance=1.0 training data accuracy= 1.0
Trial 0 Trainer MaxEntTrainer,gaussianPriorVariance=1.0 Test Data Confusion Matrix
Confusion Matrix, row=true, column=predicted  accuracy=0.7
  label   0   1  |total
  0 neg  77  23  |100
  1 pos  37  63  |100

Trial 0 Trainer MaxEntTrainer,gaussianPriorVariance=1.0 test data accuracy= 0.7

MaxEntTrainer,gaussianPriorVariance=1.0
Summary. train accuracy mean = 1.0 stddev = 0.0 stderr = 0.0
Summary. test accuracy mean = 0.7 stddev = 0.0 stderr = 0.0
