
-------------------- Trial 0  --------------------

Trial 0 Training MaxEntTrainer,gaussianPriorVariance=1.0 with 1800 instances
Trial 0 Training MaxEntTrainer,gaussianPriorVariance=1.0 finished
Trial 0 Trainer MaxEntTrainer,gaussianPriorVariance=1.0
 Raw Testing Data
3741.txt neg neg:0.6284417302961179 pos:0.3715582697038821 
3733.txt neg neg:0.8027211135355409 pos:0.19727888646445918 
1600.txt pos pos:0.8230510382799572 neg:0.17694896172004276 
3432.txt pos pos:0.8926217696378038 neg:0.1073782303621961 
2033.txt pos pos:0.9995230385774339 neg:4.769614225660024E-4 
3898.txt pos pos:0.9972071994455468 neg:0.0027928005544531013 
4107.txt pos neg:0.5287503080316016 pos:0.47124969196839844 
1418.txt pos pos:0.9922462763073812 neg:0.0077537236926189124 
2939.txt neg pos:0.6038918251774383 neg:0.39610817482256166 
117.txt neg pos:0.5218641680698191 neg:0.47813583193018094 
3144.txt neg neg:0.999977752162713 pos:2.224783728695522E-5 
3907.txt neg neg:0.9990637201198321 pos:9.362798801678351E-4 
2954.txt pos neg:0.9198030785272095 pos:0.08019692147279048 
2290.txt neg neg:0.9999999882390976 pos:1.1760902332369664E-8 
1857.txt neg neg:0.9967152602139752 pos:0.0032847397860247627 
1850.txt neg pos:0.9834559439635953 neg:0.01654405603640465 
1244.txt pos pos:0.9990375808867002 neg:9.62419113299815E-4 
1171.txt pos pos:0.9995000661257912 neg:4.999338742088239E-4 
1121.txt pos pos:0.9931503634527729 neg:0.006849636547227101 
2452.txt pos pos:0.9989456145741824 neg:0.0010543854258175242 
1980.txt neg neg:0.7648279867809378 pos:0.23517201321906214 
623.txt pos pos:0.9687356397945902 neg:0.031264360205409764 
129.txt pos pos:0.9961901754305024 neg:0.0038098245694975605 
3113.txt neg neg:0.9638044894687765 pos:0.036195510531223496 
2753.txt neg neg:0.9931439920039891 pos:0.006856007996011059 
4146.txt neg neg:0.9998514307133819 pos:1.485692866179613E-4 
921.txt neg neg:0.9758155825415652 pos:0.024184417458434658 
1345.txt pos neg:0.741848458068055 pos:0.258151541931945 
2794.txt pos neg:0.9867641867554903 pos:0.013235813244509629 
2250.txt pos pos:0.9966814284429266 neg:0.0033185715570733898 
2374.txt pos pos:0.5459583439959266 neg:0.4540416560040734 
976.txt neg neg:0.9956608833605866 pos:0.004339116639413362 
1690.txt neg pos:0.9984230003287625 neg:0.0015769996712375314 
3534.txt pos neg:0.988579384027149 pos:0.011420615972851138 
4134.txt neg neg:0.9890172110415947 pos:0.010982788958405387 
3105.txt pos pos:0.845463401328807 neg:0.15453659867119302 
3161.txt neg neg:0.9763102013500953 pos:0.023689798649904763 
541.txt pos neg:0.9938507959193277 pos:0.006149204080672256 
281.txt neg neg:0.9368495993143524 pos:0.06315040068564767 
2503.txt pos pos:0.969268271805778 neg:0.03073172819422206 
440.txt pos pos:0.827623169307741 neg:0.17237683069225887 
1137.txt neg neg:0.9998435154028384 pos:1.5648459716151558E-4 
3662.txt neg pos:0.9248557590743764 neg:0.07514424092562351 
3435.txt pos pos:0.9997420594549578 neg:2.5794054504238743E-4 
553.txt neg neg:0.9946531079286919 pos:0.005346892071308086 
884.txt neg neg:0.9999619678207837 pos:3.803217921622983E-5 
3451.txt neg neg:0.995317729171418 pos:0.004682270828581959 
3689.txt pos pos:0.8097495853736362 neg:0.19025041462636372 
4199.txt neg neg:0.9933475486352501 pos:0.006652451364749796 
692.txt neg pos:0.5319987204519702 neg:0.4680012795480298 
3918.txt pos pos:0.9983938874045019 neg:0.0016061125954981734 
3874.txt neg pos:0.9999873706844283 neg:1.2629315571677428E-5 
624.txt pos neg:0.8101554321493608 pos:0.18984456785063913 
2976.txt pos pos:0.6221014851619185 neg:0.3778985148380815 
1433.txt pos pos:0.9999802642454637 neg:1.9735754536307932E-5 
1360.txt pos pos:0.9999990486001004 neg:9.513998997124416E-7 
3138.txt neg neg:0.9991627703443918 pos:8.37229655608294E-4 
2431.txt neg pos:0.9281106451446279 neg:0.07188935485537196 
3082.txt pos pos:0.9786121434670988 neg:0.021387856532901157 
1292.txt pos pos:0.999845827248903 neg:1.5417275109707535E-4 
13.txt pos pos:0.9609323493180334 neg:0.03906765068196666 
2884.txt pos pos:0.9980904207574135 neg:0.0019095792425865708 
4322.txt neg neg:0.9913581917449701 pos:0.008641808255029838 
3039.txt neg neg:0.9999990274281152 pos:9.725718847677963E-7 
1708.txt pos pos:0.9979067252218387 neg:0.002093274778161345 
2356.txt pos pos:0.9845547991405336 neg:0.015445200859466454 
2299.txt neg neg:0.9999921373356196 pos:7.862664380370076E-6 
301.txt neg neg:0.9999772452637785 pos:2.275473622141204E-5 
170.txt pos pos:0.9999910784418601 neg:8.921558139830775E-6 
3588.txt neg neg:0.9423719941239694 pos:0.05762800587603047 
819.txt pos pos:0.8368375586646468 neg:0.16316244133535315 
4300.txt neg neg:0.9993501954009663 pos:6.498045990338514E-4 
3975.txt neg neg:0.8479764537312967 pos:0.1520235462687032 
1989.txt neg neg:0.9992754145867424 pos:7.245854132576688E-4 
3548.txt pos neg:0.9204062012791775 pos:0.07959379872082237 
1038.txt neg neg:0.9999999841904781 pos:1.5809521953150645E-8 
2915.txt neg neg:0.9957649600183209 pos:0.00423503998167895 
462.txt pos pos:0.988165998830122 neg:0.011834001169877957 
110.txt neg neg:0.642020533880393 pos:0.3579794661196069 
2286.txt pos pos:0.8905319023938025 neg:0.10946809760619736 
2455.txt pos pos:0.9999867838971427 neg:1.321610285741106E-5 
2495.txt neg neg:0.9998255356353078 pos:1.7446436469210802E-4 
3696.txt neg pos:0.506779966844168 neg:0.49322003315583196 
810.txt pos pos:0.9285073021609701 neg:0.07149269783903003 
2537.txt neg neg:0.9999181083413856 pos:8.189165861435093E-5 
1646.txt neg neg:0.855445764674731 pos:0.14455423532526898 
1657.txt pos neg:0.9523112123687094 pos:0.0476887876312906 
66.txt pos neg:0.8660294584210043 pos:0.1339705415789957 
308.txt neg neg:0.86782980587596 pos:0.13217019412404005 
2827.txt pos pos:0.9975234435540816 neg:0.0024765564459184645 
3166.txt neg pos:0.9777466474372696 neg:0.022253352562730342 
590.txt pos neg:0.9779496788855141 pos:0.022050321114485866 
1231.txt pos neg:0.9997538668805591 pos:2.4613311944086144E-4 
3964.txt pos pos:0.9999999591676715 neg:4.0832328487176767E-8 
2771.txt neg neg:0.9998517804829594 pos:1.4821951704064676E-4 
4091.txt neg neg:0.9946427435897469 pos:0.005357256410253015 
3184.txt pos pos:0.9994672624333351 neg:5.327375666649284E-4 
2380.txt pos pos:0.9590479591506468 neg:0.04095204084935321 
3797.txt neg neg:0.9961847451487948 pos:0.0038152548512050076 
3424.txt neg neg:0.7673371715925644 pos:0.23266282840743555 
3498.txt pos pos:0.9933712538074041 neg:0.006628746192595793 
1996.txt pos pos:0.9983854101290459 neg:0.001614589870954098 
1353.txt neg neg:0.9996162728139326 pos:3.837271860672964E-4 
2443.txt neg neg:0.5516812629191689 pos:0.44831873708083114 
260.txt pos pos:0.9998931064109354 neg:1.0689358906455552E-4 
432.txt pos neg:0.8369597462911733 pos:0.16304025370882674 
606.txt pos pos:0.6893702616967899 neg:0.3106297383032101 
250.txt neg neg:0.999786615038914 pos:2.133849610860935E-4 
43.txt pos pos:0.9999955743116209 neg:4.42568837909797E-6 
3131.txt neg neg:0.9999009325742594 pos:9.906742574063366E-5 
3179.txt pos pos:0.9401289597834432 neg:0.059871040216556835 
3093.txt neg neg:0.9990251262476396 pos:9.74873752360486E-4 
149.txt neg neg:0.999994453029586 pos:5.546970414094055E-6 
4219.txt pos pos:0.9567520411969802 neg:0.043247958803019855 
237.txt pos neg:0.996623984844265 pos:0.0033760151557350264 
3338.txt pos pos:0.9984989802412793 neg:0.0015010197587207775 
3840.txt pos pos:0.9996239487702251 neg:3.760512297748052E-4 
2969.txt neg pos:0.9559740473309486 neg:0.044025952669051405 
1499.txt pos pos:0.7005485517802018 neg:0.2994514482197982 
177.txt pos pos:0.9982840100623456 neg:0.0017159899376544931 
380.txt neg pos:0.9962296839757961 neg:0.0037703160242038352 
4.txt pos neg:0.9997431296896138 pos:2.5687031038614563E-4 
2515.txt neg neg:0.9999521541054448 pos:4.784589455520467E-5 
4080.txt pos pos:0.9647270040848556 neg:0.03527299591514442 
2861.txt neg neg:0.999999968809178 pos:3.119082205901887E-8 
3491.txt pos pos:0.9125968946004134 neg:0.08740310539958661 
1587.txt neg neg:0.9382345638634068 pos:0.061765436136593174 
1863.txt pos neg:0.9915376496267068 pos:0.008462350373293195 
2778.txt neg neg:0.9432362216874912 pos:0.05676377831250875 
2560.txt neg neg:0.997741240077967 pos:0.0022587599220330163 
2088.txt neg neg:0.9195030330697999 pos:0.08049696693020016 
2414.txt neg neg:0.9992228291042913 pos:7.771708957086408E-4 
643.txt neg neg:0.9986510754993815 pos:0.0013489245006183745 
449.txt pos pos:0.9118285459508058 neg:0.08817145404919434 
1589.txt neg neg:0.8874048992851409 pos:0.11259510071485902 
4217.txt pos pos:0.7344007119756937 neg:0.26559928802430627 
2829.txt pos neg:0.9225694220834237 pos:0.07743057791657632 
1130.txt neg neg:0.9999769788337747 pos:2.3021166225227676E-5 
2982.txt pos neg:0.9997687902661686 pos:2.3120973383133393E-4 
941.txt pos pos:0.9651952324853112 neg:0.0348047675146887 
1284.txt neg neg:0.8781137415357585 pos:0.1218862584642414 
832.txt pos pos:0.8776418415021995 neg:0.12235815849780057 
990.txt pos pos:0.9787371201224975 neg:0.021262879877502566 
44.txt pos pos:0.7848824978508199 neg:0.21511750214918005 
2852.txt pos pos:0.5815815378423871 neg:0.4184184621576129 
2174.txt neg neg:0.6639662047021724 pos:0.33603379529782756 
1378.txt neg neg:0.6350210251308969 pos:0.3649789748691031 
904.txt neg neg:0.9982613995981651 pos:0.0017386004018349473 
1991.txt pos pos:0.9978712622327698 neg:0.002128737767230272 
2075.txt neg pos:0.9959312468552093 neg:0.0040687531447907545 
2814.txt neg pos:0.7407721782303426 neg:0.2592278217696575 
4197.txt neg neg:0.6441725988612466 pos:0.35582740113875344 
3384.txt neg neg:0.9934512664022422 pos:0.0065487335977576664 
978.txt neg neg:0.9995381651189701 pos:4.6183488102986755E-4 
2025.txt neg neg:0.8290012663376979 pos:0.1709987336623021 
3990.txt pos pos:0.9999945769642177 neg:5.423035782380445E-6 
68.txt pos pos:0.7686724112894148 neg:0.23132758871058534 
503.txt neg neg:0.9994906392267806 pos:5.093607732193972E-4 
3635.txt neg pos:0.9619122407885636 neg:0.038087759211436256 
757.txt pos pos:0.9999981254727872 neg:1.8745272128609106E-6 
3647.txt neg neg:0.9935041116597376 pos:0.0064958883402623955 
3102.txt pos pos:0.991332769855023 neg:0.008667230144976933 
1367.txt pos neg:0.8532043253907964 pos:0.14679567460920356 
2444.txt neg neg:0.9917830304086596 pos:0.008216969591340434 
4265.txt pos pos:0.6594816496487647 neg:0.34051835035123534 
2967.txt neg neg:0.9815181986537719 pos:0.018481801346228056 
2140.txt pos pos:0.9741284445437263 neg:0.025871555456273704 
613.txt neg pos:0.9994406813595067 neg:5.593186404934181E-4 
288.txt neg neg:0.9991253688332622 pos:8.746311667378943E-4 
2953.txt pos pos:0.996033757863335 neg:0.003966242136664916 
1774.txt pos pos:0.7239375703178805 neg:0.27606242968211947 
2022.txt neg neg:0.9981015995648985 pos:0.0018984004351015771 
3832.txt pos neg:0.8854164636922672 pos:0.11458353630773281 
3972.txt neg neg:0.9999964593872794 pos:3.540612720535012E-6 
2737.txt pos pos:0.9435745694605961 neg:0.056425430539403895 
576.txt neg neg:0.9990711769541024 pos:9.288230458976165E-4 
2297.txt neg neg:0.9958483425064513 pos:0.004151657493548826 
4348.txt pos pos:0.9999466729449551 neg:5.332705504487348E-5 
1800.txt neg neg:0.629810179679553 pos:0.370189820320447 
483.txt neg neg:0.8103444794774114 pos:0.1896555205225887 
1547.txt pos neg:0.8291114262138579 pos:0.17088857378614214 
997.txt pos pos:0.843868118294196 neg:0.156131881705804 
1958.txt neg pos:0.9995709169139647 neg:4.290830860353324E-4 
4051.txt pos pos:0.9876680309689563 neg:0.012331969031043652 
644.txt neg neg:0.9957970748927445 pos:0.004202925107255596 
1875.txt neg pos:0.634959542134533 neg:0.36504045786546696 
1549.txt pos pos:0.9497767273061867 neg:0.05022327269381328 
4210.txt pos neg:0.879857281967878 pos:0.12014271803212202 
2009.txt neg neg:0.9984355834161798 pos:0.0015644165838203333 
4341.txt pos pos:0.9999815205525077 neg:1.847944749229332E-5 
3293.txt pos neg:0.5607475982963142 pos:0.4392524017036858 
2046.txt pos pos:0.9998476078883161 neg:1.5239211168385913E-4 
1043.txt neg neg:0.9999997094668474 pos:2.905331527119431E-7 
730.txt neg neg:0.6719413056928889 pos:0.3280586943071111 
3665.txt neg neg:0.7547191142981863 pos:0.24528088570181378 
1558.txt neg pos:0.9190651919216144 neg:0.08093480807838566 
4357.txt neg neg:0.9934529037738191 pos:0.006547096226180749 
1295.txt pos neg:0.9921255331226662 pos:0.007874466877333836 
3997.txt pos pos:0.9985306097679072 neg:0.0014693902320928208 
1789.txt pos neg:0.9789381187567817 pos:0.021061881243218263 
Trial 0 Trainer MaxEntTrainer,gaussianPriorVariance=1.0 Training Data Confusion Matrix
Confusion Matrix, row=true, column=predicted  accuracy=1.0
  label   0   1  |total
  0 neg 900   .  |900
  1 pos   . 900  |900

Trial 0 Trainer MaxEntTrainer,gaussianPriorVariance=1.0 training data accuracy= 1.0
Trial 0 Trainer MaxEntTrainer,gaussianPriorVariance=1.0 Test Data Confusion Matrix
Confusion Matrix, row=true, column=predicted  accuracy=0.78
  label   0   1  |total
  0 neg  81  19  |100
  1 pos  25  75  |100

Trial 0 Trainer MaxEntTrainer,gaussianPriorVariance=1.0 test data accuracy= 0.78

MaxEntTrainer,gaussianPriorVariance=1.0
Summary. train accuracy mean = 1.0 stddev = 0.0 stderr = 0.0
Summary. test accuracy mean = 0.78 stddev = 0.0 stderr = 0.0
