
-------------------- Trial 0  --------------------

Trial 0 Training MaxEntTrainer,gaussianPriorVariance=1.0 with 1800 instances
Trial 0 Training MaxEntTrainer,gaussianPriorVariance=1.0 finished
Trial 0 Trainer MaxEntTrainer,gaussianPriorVariance=1.0
 Raw Testing Data
3965.txt pos neg:0.8517917656451689 pos:0.1482082343548311 
719.txt neg neg:0.9999999709231957 pos:2.9076804433573822E-8 
2931.txt neg neg:0.9571453618500129 pos:0.04285463814998714 
3674.txt neg neg:0.9972393645852108 pos:0.002760635414789309 
3269.txt neg neg:0.9904849485929266 pos:0.009515051407073323 
2357.txt pos pos:0.9999999991797015 neg:8.202984426940051E-10 
416.txt pos pos:0.5011146437984573 neg:0.4988853562015427 
1822.txt pos neg:0.8610719938167579 pos:0.13892800618324208 
3012.txt pos neg:0.8584533375016854 pos:0.1415466624983145 
1275.txt neg pos:0.6379783862079844 neg:0.36202161379201553 
2162.txt neg neg:0.6898912060420128 pos:0.31010879395798724 
932.txt pos pos:0.9987418450791704 neg:0.001258154920829479 
438.txt neg pos:0.5015008889199418 neg:0.4984991110800582 
4023.txt neg neg:0.6242312690137038 pos:0.37576873098629615 
2978.txt neg neg:0.9738244251635341 pos:0.026175574836465876 
55.txt neg neg:0.8406798964844887 pos:0.1593201035155113 
587.txt neg pos:0.9539878519325174 neg:0.0460121480674825 
2793.txt neg neg:0.8036658730973111 pos:0.19633412690268895 
799.txt pos pos:0.9970380900097796 neg:0.002961909990220463 
2153.txt neg neg:0.999961630737868 pos:3.836926213200241E-5 
3756.txt pos pos:0.9946636634166653 neg:0.005336336583334563 
1205.txt pos pos:0.7981502417177676 neg:0.2018497582822324 
1947.txt neg neg:0.9755269907478266 pos:0.024473009252173373 
4263.txt pos pos:0.9917513993201057 neg:0.008248600679894413 
2311.txt neg pos:0.6235306282794012 neg:0.37646937172059886 
1730.txt neg pos:0.9986776044709615 neg:0.001322395529038351 
2006.txt neg neg:0.9980569692279624 pos:0.0019430307720375178 
2505.txt pos pos:0.9999008190119774 neg:9.918098802263205E-5 
121.txt pos pos:0.9999643602679328 neg:3.5639732067296535E-5 
2795.txt pos neg:0.8194401982309614 pos:0.18055980176903866 
3899.txt pos pos:0.9909338646738417 neg:0.009066135326158267 
2738.txt pos neg:0.725619946246181 pos:0.27438005375381913 
3833.txt pos pos:0.9999987113761551 neg:1.2886238447629028E-6 
1862.txt pos neg:0.8859094236909826 pos:0.1140905763090175 
3104.txt pos neg:0.9534901371825185 pos:0.046509862817481464 
204.txt pos pos:0.9993361239121236 neg:6.638760878764141E-4 
360.txt pos pos:0.999989774811184 neg:1.0225188816060944E-5 
1456.txt neg neg:0.8280571062272472 pos:0.17194289377275285 
3141.txt neg neg:0.9959365266626913 pos:0.004063473337308624 
1596.txt neg neg:0.9944223284215475 pos:0.005577671578452399 
4347.txt pos pos:0.9999990349067341 neg:9.650932657158927E-7 
4050.txt pos pos:0.8368900965279662 neg:0.16310990347203377 
423.txt pos pos:0.9971670776728003 neg:0.002832922327199573 
1044.txt pos pos:0.9967511971677866 neg:0.0032488028322134556 
768.txt neg neg:0.9998891781431287 pos:1.1082185687138017E-4 
3190.txt neg neg:0.5912354242613096 pos:0.40876457573869035 
3958.txt neg neg:0.9955462623024757 pos:0.0044537376975243475 
1327.txt neg neg:0.9880069467077663 pos:0.011993053292233624 
2453.txt pos neg:0.9816359541698303 pos:0.01836404583016969 
4256.txt pos neg:0.7705795454719083 pos:0.22942045452809165 
3394.txt pos neg:0.8041721265042511 pos:0.19582787349574887 
1293.txt pos pos:0.9999993391618096 neg:6.608381904819101E-7 
1598.txt neg pos:0.9989267868338564 neg:0.0010732131661435897 
3518.txt neg neg:0.5959283580240579 pos:0.4040716419759421 
560.txt neg pos:0.5673189535671771 neg:0.4326810464328228 
2427.txt neg neg:0.9926136087944842 pos:0.007386391205515802 
818.txt pos pos:0.9890691447977394 neg:0.01093085520226064 
349.txt neg neg:0.9847706164037655 pos:0.015229383596234509 
1818.txt neg neg:0.5836891306611834 pos:0.41631086933881645 
1900.txt neg neg:0.9999868114855867 pos:1.3188514413364107E-5 
287.txt neg neg:0.999543479058143 pos:4.5652094185713935E-4 
1506.txt pos pos:0.9947034559508403 neg:0.005296544049159675 
1277.txt pos pos:0.539604413633656 neg:0.460395586366344 
1740.txt pos pos:0.9968627403100617 neg:0.003137259689938153 
3646.txt neg neg:0.9929256197896195 pos:0.007074380210380437 
174.txt neg pos:0.8744074223322217 neg:0.1255925776677783 
2826.txt pos pos:0.9942076234884385 neg:0.005792376511561543 
754.txt neg neg:0.7946489445977775 pos:0.2053510554022226 
2745.txt neg neg:0.882579363554774 pos:0.117420636445226 
569.txt neg pos:0.9556206766140638 neg:0.04437932338593618 
3697.txt neg neg:0.9879912177687088 pos:0.012008782231291256 
1973.txt pos neg:0.8938957586065628 pos:0.10610424139343723 
384.txt pos pos:0.9755594559142018 neg:0.02444054408579813 
2652.txt pos pos:0.8047060004831661 neg:0.19529399951683382 
1416.txt neg neg:0.9994424960870157 pos:5.575039129842563E-4 
1127.txt pos pos:0.9951781952811206 neg:0.004821804718879319 
3751.txt pos pos:0.9988383226874918 neg:0.0011616773125082234 
1855.txt neg neg:0.9509993444705933 pos:0.049000655529406724 
3013.txt neg neg:0.9780991191988987 pos:0.02190088080110129 
238.txt pos pos:0.8830200547647722 neg:0.11697994523522771 
2041.txt neg neg:0.9895278538656038 pos:0.01047214613439616 
1326.txt pos pos:0.9997597797327651 neg:2.4022026723493012E-4 
2119.txt neg neg:0.9509836696157659 pos:0.049016330384234204 
1574.txt pos neg:0.5786811785959477 pos:0.42131882140405225 
1095.txt pos pos:0.9999583094960146 neg:4.169050398546555E-5 
464.txt pos neg:0.958333815379338 pos:0.04166618462066187 
2097.txt neg pos:0.9223574997289617 neg:0.07764250027103821 
3910.txt pos pos:0.9999545688656657 neg:4.543113433433055E-5 
4109.txt neg neg:0.9958828490868628 pos:0.004117150913137228 
4175.txt neg pos:0.9732031836436171 neg:0.026796816356382886 
3103.txt pos neg:0.7930466311223997 pos:0.2069533688776003 
1036.txt pos pos:0.9999999818177091 neg:1.8182290930443355E-8 
2295.txt neg neg:0.9996838692517265 pos:3.1613074827341575E-4 
1243.txt neg neg:0.9850151351229095 pos:0.014984864877090543 
4173.txt pos pos:0.9999999992883313 neg:7.116687221649819E-10 
556.txt neg neg:0.9998670168503663 pos:1.3298314963376524E-4 
2776.txt pos pos:0.7073797631798171 neg:0.2926202368201829 
907.txt pos pos:0.9999934067822553 neg:6.593217744549676E-6 
1481.txt pos neg:0.9730945935985911 pos:0.026905406401408816 
1791.txt pos pos:0.9999988395651757 neg:1.1604348243452217E-6 
1278.txt neg neg:0.8500121880199449 pos:0.1499878119800551 
1998.txt neg neg:0.9784768776561463 pos:0.02152312234385367 
1884.txt neg neg:0.9740047919478718 pos:0.025995208052128207 
3986.txt pos pos:0.9999978565962836 neg:2.1434037164878025E-6 
1974.txt pos neg:0.9435940938834213 pos:0.05640590611657874 
2316.txt neg neg:0.8808855655571197 pos:0.1191144344428804 
3758.txt pos neg:0.99999957849336 pos:4.2150664000882583E-7 
520.txt neg neg:0.9979972197302257 pos:0.002002780269774214 
2855.txt neg neg:0.9998607815048294 pos:1.3921849517077603E-4 
3922.txt pos pos:0.7547028425829017 neg:0.24529715741709832 
1797.txt neg pos:0.918341380777637 neg:0.08165861922236295 
2883.txt neg neg:0.934584659340058 pos:0.06541534065994199 
190.txt neg neg:0.9427052509190718 pos:0.05729474908092817 
1369.txt neg neg:0.9998315265458317 pos:1.6847345416826873E-4 
1003.txt pos pos:0.9766853203513884 neg:0.0233146796486117 
3673.txt neg pos:0.5934044252121957 neg:0.4065955747878042 
3719.txt neg neg:0.7663354240791691 pos:0.23366457592083076 
3408.txt pos neg:0.9758166002473837 pos:0.024183399752616408 
3331.txt neg neg:0.9677411133181869 pos:0.032258886681813134 
141.txt neg neg:0.9936492153951247 pos:0.006350784604875234 
1859.txt pos pos:0.9979875512556693 neg:0.002012448744330668 
3137.txt neg neg:0.9999850468725993 pos:1.4953127400676811E-5 
3192.txt pos pos:0.9999816890153485 neg:1.8310984651505943E-5 
3586.txt pos neg:0.9999871152251304 pos:1.288477486958477E-5 
1659.txt neg pos:0.982258193712447 neg:0.017741806287553105 
3516.txt neg neg:0.9831277498575588 pos:0.01687225014244121 
3378.txt neg neg:0.9958069446078976 pos:0.004193055392102329 
4307.txt pos pos:0.9563408207055948 neg:0.04365917929440512 
84.txt pos pos:0.9363921849803021 neg:0.06360781501969782 
619.txt pos neg:0.9988313766038013 pos:0.0011686233961986693 
969.txt neg neg:0.7000974456914992 pos:0.2999025543085007 
2777.txt neg neg:0.8308314025772553 pos:0.16916859742274468 
1450.txt pos pos:0.6815330351560457 neg:0.3184669648439543 
2570.txt pos neg:0.9163924359428993 pos:0.08360756405710067 
3713.txt neg neg:0.984219805294546 pos:0.015780194705454 
949.txt pos pos:0.9997849129710068 neg:2.1508702899307103E-4 
889.txt pos pos:0.9999798945748986 neg:2.0105425101316475E-5 
2653.txt neg neg:0.8154948925422101 pos:0.18450510745778995 
2180.txt pos neg:0.5041925250032101 pos:0.49580747499679 
280.txt neg neg:0.8342642613215513 pos:0.1657357386784487 
2866.txt pos neg:0.5968697537690939 pos:0.4031302462309061 
2579.txt pos pos:0.9966772646282157 neg:0.003322735371784256 
864.txt pos pos:0.9999815738182247 neg:1.8426181775242132E-5 
1858.txt neg neg:0.9837896957376446 pos:0.016210304262355337 
3228.txt pos pos:0.9981874332105788 neg:0.0018125667894212682 
1933.txt pos pos:0.8997160118529995 neg:0.10028398814700046 
2072.txt pos pos:0.9775316391138701 neg:0.022468360886129985 
1823.txt neg neg:0.9982450781445135 pos:0.0017549218554865102 
1949.txt neg neg:0.9413314081660046 pos:0.058668591833995455 
1591.txt neg neg:0.9995980042583508 pos:4.0199574164924667E-4 
1590.txt pos pos:0.8921430952029057 neg:0.10785690479709441 
1078.txt pos pos:0.9982300803323498 neg:0.0017699196676500355 
2593.txt pos pos:0.7952289547722952 neg:0.2047710452277049 
1501.txt pos pos:0.9999015075566977 neg:9.849244330243962E-5 
1709.txt pos pos:0.9998959968348543 neg:1.0400316514562038E-4 
1999.txt pos pos:0.8507931106804224 neg:0.14920688931957765 
1680.txt pos neg:0.5686129876781472 pos:0.43138701232185284 
790.txt pos pos:0.9088820678007603 neg:0.09111793219923968 
2612.txt pos pos:0.9997719786911998 neg:2.2802130880015468E-4 
332.txt neg neg:0.9924460988179103 pos:0.00755390118208974 
1886.txt pos neg:0.7606604598528751 pos:0.23933954014712489 
3069.txt pos pos:0.9854610298341405 neg:0.014538970165859475 
2904.txt neg neg:0.9965920039965287 pos:0.003407996003471283 
4375.txt pos pos:0.9970044566122869 neg:0.002995543387713196 
637.txt neg neg:0.9514969089653917 pos:0.0485030910346082 
404.txt neg neg:0.8982760469003491 pos:0.10172395309965086 
1572.txt neg neg:0.9991554977995206 pos:8.445022004794926E-4 
7.txt neg pos:0.909246572646398 neg:0.09075342735360191 
329.txt pos pos:0.884675577146877 neg:0.11532442285312296 
1775.txt pos neg:0.6620152985691112 pos:0.3379847014308887 
2454.txt pos pos:0.9997367635707617 neg:2.632364292382673E-4 
3085.txt neg neg:0.8706089817800229 pos:0.12939101821997717 
3714.txt neg neg:0.9071802759705654 pos:0.09281972402943456 
3919.txt pos pos:0.9978862456829574 neg:0.002113754317042533 
3176.txt pos neg:0.8908468868657728 pos:0.10915311313422717 
3759.txt neg pos:0.7841705386224709 neg:0.21582946137752912 
1532.txt neg neg:0.9218363101315683 pos:0.07816368986843171 
1070.txt neg neg:0.9999058678679795 pos:9.413213202060014E-5 
512.txt neg neg:0.9999575787486075 pos:4.2421251392586096E-5 
244.txt pos pos:0.9974848328579352 neg:0.002515167142064693 
3170.txt neg pos:0.964903490557976 neg:0.035096509442024144 
1005.txt neg neg:0.9985086557322669 pos:0.001491344267733116 
3563.txt neg neg:0.7946478100640507 pos:0.20535218993594928 
4379.txt neg neg:0.7638625016516122 pos:0.2361374983483878 
3221.txt pos pos:0.9761637698701735 neg:0.023836230129826472 
3649.txt pos pos:0.9999339263829043 neg:6.60736170956564E-5 
20.txt neg pos:0.6216441044642951 neg:0.37835589553570487 
2701.txt neg neg:0.999905792858969 pos:9.420714103109886E-5 
4010.txt pos neg:0.5057925981464256 pos:0.4942074018535743 
900.txt pos pos:0.9999999292884004 neg:7.0711599498159E-8 
4340.txt pos pos:0.9999982591828844 neg:1.7408171156407013E-6 
532.txt pos pos:0.575416106571391 neg:0.42458389342860914 
2123.txt pos neg:0.9968094233579806 pos:0.003190576642019347 
3449.txt neg neg:0.9688115226700855 pos:0.03118847732991437 
3757.txt neg neg:0.9952602282042012 pos:0.004739771795798781 
1934.txt pos pos:0.7554049686706079 neg:0.2445950313293921 
3014.txt neg neg:0.9968524480067915 pos:0.00314755199320833 
1619.txt neg neg:0.9651412984113121 pos:0.034858701588687806 
4281.txt neg neg:0.7160781478743062 pos:0.28392185212569376 
443.txt neg neg:0.9883727491405995 pos:0.011627250859400416 
Trial 0 Trainer MaxEntTrainer,gaussianPriorVariance=1.0 Training Data Confusion Matrix
Confusion Matrix, row=true, column=predicted  accuracy=1.0
  label   0   1  |total
  0 neg 900   .  |900
  1 pos   . 900  |900

Trial 0 Trainer MaxEntTrainer,gaussianPriorVariance=1.0 training data accuracy= 1.0
Trial 0 Trainer MaxEntTrainer,gaussianPriorVariance=1.0 Test Data Confusion Matrix
Confusion Matrix, row=true, column=predicted  accuracy=0.765
  label   0   1  |total
  0 neg  82  18  |100
  1 pos  29  71  |100

Trial 0 Trainer MaxEntTrainer,gaussianPriorVariance=1.0 test data accuracy= 0.765

MaxEntTrainer,gaussianPriorVariance=1.0
Summary. train accuracy mean = 1.0 stddev = 0.0 stderr = 0.0
Summary. test accuracy mean = 0.765 stddev = 0.0 stderr = 0.0
