
-------------------- Trial 0  --------------------

Trial 0 Training MaxEntTrainer,gaussianPriorVariance=1.0 with 1800 instances
Trial 0 Training MaxEntTrainer,gaussianPriorVariance=1.0 finished
Trial 0 Trainer MaxEntTrainer,gaussianPriorVariance=1.0
 Raw Testing Data
2764.txt neg neg:0.9258344748051223 pos:0.07416552519487771 
1502.txt neg pos:0.7524176573937503 neg:0.24758234260624973 
1903.txt pos pos:0.8489278403464845 neg:0.15107215965351542 
2617.txt pos pos:0.7871938879012834 neg:0.21280611209871655 
4238.txt neg neg:0.9955998800748925 pos:0.004400119925107526 
994.txt pos pos:0.9999463576844014 neg:5.364231559846502E-5 
294.txt neg neg:0.900720675367866 pos:0.09927932463213393 
453.txt pos pos:0.9854354208523273 neg:0.01456457914767273 
4229.txt neg neg:0.9685021227865879 pos:0.031497877213412136 
795.txt pos pos:0.9387866160654366 neg:0.06121338393456329 
877.txt pos neg:0.9676153660372027 pos:0.03238463396279737 
370.txt neg neg:0.9981046173250191 pos:0.0018953826749808608 
2534.txt neg neg:0.9468344926585298 pos:0.05316550734147008 
3677.txt pos pos:0.9944721076941532 neg:0.005527892305846829 
651.txt neg neg:0.9998172601956034 pos:1.8273980439657063E-4 
3553.txt neg neg:0.9985013458597507 pos:0.0014986541402494504 
2887.txt pos pos:0.943570170701129 neg:0.056429829298870915 
73.txt neg neg:0.9954953766196024 pos:0.004504623380397544 
986.txt neg neg:0.9999999711114409 pos:2.8888559082572232E-8 
3754.txt pos neg:0.8890386277160511 pos:0.1109613722839489 
4214.txt pos neg:0.9217827096036325 pos:0.07821729039636745 
1621.txt pos pos:0.8674970831406634 neg:0.1325029168593366 
533.txt neg neg:0.9999598733030008 pos:4.0126696999105765E-5 
4339.txt pos pos:0.982997964982796 neg:0.017002035017203886 
3528.txt neg neg:0.999116088593254 pos:8.839114067460041E-4 
74.txt pos neg:0.9803306024388508 pos:0.0196693975611493 
3306.txt neg neg:0.9980866778785094 pos:0.001913322121490672 
405.txt pos neg:0.9143175113128448 pos:0.08568248868715529 
3402.txt neg pos:0.8172870692170018 neg:0.18271293078299827 
1210.txt neg neg:0.9277303313527479 pos:0.07226966864725211 
3347.txt pos pos:0.8724814086246563 neg:0.12751859137534372 
4002.txt neg neg:0.9800829896714581 pos:0.01991701032854195 
2823.txt pos neg:0.764722881308878 pos:0.235277118691122 
454.txt pos pos:0.8891216847500119 neg:0.11087831524998812 
4176.txt pos neg:0.9998562965569467 pos:1.4370344305321723E-4 
1839.txt neg neg:0.9996728192789668 pos:3.2718072103329323E-4 
2680.txt neg pos:0.9994577471760772 neg:5.422528239228038E-4 
4337.txt pos pos:0.9998912736612025 neg:1.0872633879749492E-4 
1291.txt pos neg:0.9998895300907084 pos:1.1046990929160587E-4 
3721.txt pos neg:0.9531174016346557 pos:0.046882598365344176 
2619.txt pos pos:0.9998190070373184 neg:1.8099296268147668E-4 
246.txt pos pos:0.7895437585574646 neg:0.2104562414425355 
4103.txt pos pos:0.9923740153401076 neg:0.0076259846598923185 
1727.txt neg neg:0.9807796237259515 pos:0.019220376274048552 
4036.txt pos pos:0.8682172551922392 neg:0.13178274480776084 
2748.txt pos pos:0.994871920235118 neg:0.005128079764882112 
2862.txt neg neg:0.9983136169726288 pos:0.0016863830273711015 
3761.txt pos pos:0.8186073276731757 neg:0.18139267232682427 
3895.txt pos pos:0.9999910901148783 neg:8.909885121612484E-6 
2507.txt pos pos:0.9998603018511205 neg:1.3969814887945277E-4 
314.txt neg neg:0.9807805845209262 pos:0.01921941547907382 
3877.txt neg neg:0.9446624945314996 pos:0.055337505468500345 
158.txt pos pos:0.9680836714462133 neg:0.03191632855378674 
3778.txt neg pos:0.9978341313413945 neg:0.002165868658605527 
4220.txt neg neg:0.9999956562622666 pos:4.343737733290289E-6 
1828.txt neg neg:0.9989100605344685 pos:0.0010899394655315175 
4283.txt neg neg:0.9907271597601847 pos:0.009272840239815418 
254.txt neg neg:0.777846113931506 pos:0.22215388606849393 
1536.txt pos neg:0.5209413637439376 pos:0.47905863625606243 
2383.txt pos neg:0.9708784750016844 pos:0.029121524998315405 
359.txt pos pos:0.9034123357894179 neg:0.0965876642105821 
379.txt neg neg:0.7802362574081698 pos:0.21976374259183015 
2711.txt neg neg:0.9675190478568139 pos:0.03248095214318618 
1984.txt pos pos:0.9999812875653763 neg:1.8712434623680595E-5 
1714.txt pos pos:0.9996913019742822 neg:3.086980257177992E-4 
1091.txt neg pos:0.5155160678904894 neg:0.4844839321095105 
778.txt pos pos:0.8269964519560559 neg:0.17300354804394405 
4268.txt pos pos:0.9992591421822626 neg:7.408578177373941E-4 
2986.txt neg neg:0.9992346855906311 pos:7.653144093687829E-4 
1056.txt neg neg:0.9969159147007053 pos:0.0030840852992946766 
2900.txt pos neg:0.8484694123137468 pos:0.15153058768625316 
4303.txt neg neg:0.9999973395110383 pos:2.6604889617260316E-6 
3147.txt neg neg:0.9097273151809419 pos:0.09027268481905817 
2686.txt pos pos:0.9838859985610747 neg:0.016114001438925173 
1531.txt pos pos:0.9992166382495261 neg:7.833617504738201E-4 
3937.txt neg neg:0.9920523567813111 pos:0.007947643218688889 
2858.txt pos pos:0.9980191774820232 neg:0.0019808225179768647 
545.txt pos pos:0.8605719798595036 neg:0.13942802014049638 
3119.txt pos pos:0.9999999354735087 neg:6.452649135754376E-8 
3064.txt neg neg:0.9589643028394775 pos:0.041035697160522445 
2320.txt pos pos:0.9999999956026091 neg:4.397390965158427E-9 
3912.txt pos pos:0.9922713705800003 neg:0.007728629419999807 
3645.txt pos pos:0.7467916844597788 neg:0.25320831554022105 
2635.txt neg pos:0.9999992551310367 neg:7.448689632951574E-7 
2599.txt neg neg:0.9999709664711859 pos:2.9033528813995148E-5 
1240.txt pos pos:0.9989023586531783 neg:0.0010976413468217437 
2410.txt neg neg:0.9614968324242539 pos:0.038503167575746185 
2113.txt pos neg:0.7244952939873285 pos:0.2755047060126715 
3272.txt pos pos:0.8356816055262528 neg:0.16431839447374713 
1893.txt neg pos:0.9012333468696074 neg:0.09876665313039258 
297.txt pos neg:0.9282657150424136 pos:0.07173428495758637 
465.txt neg neg:0.978044055080288 pos:0.021955944919711947 
1595.txt pos pos:0.8745030798685677 neg:0.12549692013143227 
2368.txt neg neg:0.9602082210564689 pos:0.03979177894353103 
629.txt pos neg:0.9987114371626442 pos:0.0012885628373556657 
2990.txt neg neg:0.5399884917769293 pos:0.4600115082230706 
1099.txt pos neg:0.8115084099436283 pos:0.18849159005637167 
2799.txt pos pos:0.9998910705223171 neg:1.08929477682835E-4 
3639.txt pos pos:0.9371713335028158 neg:0.06282866649718413 
2313.txt neg pos:0.8734582900973694 neg:0.12654170990263056 
3025.txt pos pos:0.6278233347628343 neg:0.37217666523716575 
127.txt neg pos:0.7697169886293261 neg:0.2302830113706738 
2082.txt pos pos:0.9959170345453419 neg:0.004082965454658131 
1346.txt neg neg:0.9895409984728077 pos:0.010459001527192265 
2417.txt neg neg:0.9997786803610057 pos:2.213196389943127E-4 
2093.txt pos pos:0.9997463905748247 neg:2.536094251752688E-4 
1008.txt pos pos:0.9872744890308028 neg:0.012725510969197107 
3715.txt neg neg:0.9895586585346096 pos:0.010441341465390533 
683.txt pos pos:0.9198155177073611 neg:0.08018448229263876 
138.txt neg neg:0.9588279470585047 pos:0.04117205294149532 
1049.txt neg neg:0.6319819082002718 pos:0.3680180917997283 
772.txt neg neg:0.9821078437436147 pos:0.017892156256385253 
1678.txt neg neg:0.9990194381525407 pos:9.805618474592389E-4 
3387.txt pos pos:0.9989393124255904 neg:0.0010606875744095371 
4178.txt pos pos:0.9998234810609604 neg:1.7651893903949145E-4 
4213.txt pos pos:0.9109258824583317 neg:0.08907411754166839 
1902.txt neg neg:0.5698410430358568 pos:0.4301589569641432 
4282.txt pos pos:0.9772943038391738 neg:0.022705696160826048 
2432.txt pos pos:0.9077107809095102 neg:0.09228921909048982 
764.txt neg neg:0.9838054096635266 pos:0.016194590336473396 
2559.txt neg neg:0.6203827641729756 pos:0.37961723582702445 
1087.txt neg neg:0.9999999987839023 pos:1.216097701284521E-9 
3016.txt neg neg:0.9760061086001749 pos:0.023993891399825017 
257.txt pos pos:0.978159903187407 neg:0.021840096812593003 
2138.txt neg neg:0.6224709632813179 pos:0.3775290367186821 
1309.txt pos pos:0.8969704539929428 neg:0.10302954600705705 
776.txt pos pos:0.8459939379208669 neg:0.15400606207913314 
195.txt neg neg:0.7992717042531068 pos:0.20072829574689321 
1882.txt neg pos:0.7698263392425315 neg:0.23017366075746856 
3945.txt neg pos:0.9433367193411953 neg:0.05666328065880473 
3090.txt pos pos:0.8123811492159119 neg:0.187618850784088 
684.txt pos neg:0.7292688858144608 pos:0.2707311141855392 
1096.txt neg neg:0.5303017269355655 pos:0.4696982730644344 
3156.txt neg pos:0.5557252329226149 neg:0.44427476707738506 
2788.txt pos pos:0.9999598360779306 neg:4.016392206937227E-5 
3041.txt pos pos:0.9889715159955909 neg:0.01102848400440914 
3560.txt pos pos:0.9686217329984476 neg:0.031378267001552496 
2997.txt neg neg:0.7285956827011728 pos:0.2714043172988271 
1777.txt pos pos:0.9845242955891477 neg:0.015475704410852371 
1744.txt neg neg:0.8607863543430315 pos:0.13921364565696842 
3879.txt neg neg:0.9558149478446122 pos:0.04418505215538778 
821.txt pos neg:0.9999992108608119 pos:7.891391881838618E-7 
1604.txt neg neg:0.9967319142574357 pos:0.0032680857425643143 
201.txt pos pos:0.9999814447002412 neg:1.8555299758943115E-5 
1247.txt pos neg:0.6776534352180723 pos:0.3223465647819277 
1592.txt pos pos:0.9991170365220298 neg:8.829634779702909E-4 
2516.txt pos pos:0.9120903329467211 neg:0.08790966705327893 
3942.txt neg neg:0.9811377668537612 pos:0.01886223314623882 
1682.txt pos pos:0.9941549776690618 neg:0.005845022330938093 
4378.txt neg pos:0.9842606833539598 neg:0.015739316646040294 
1206.txt neg pos:0.7283644250566862 neg:0.27163557494331375 
3009.txt neg neg:0.9904554217071638 pos:0.009544578292836238 
3631.txt neg pos:0.7994415622830827 neg:0.20055843771691728 
1375.txt pos neg:0.9996901632387909 pos:3.0983676120914077E-4 
2144.txt neg neg:0.9999997099323934 pos:2.9006760654133156E-7 
3246.txt neg neg:0.7010905456621588 pos:0.29890945433784116 
2314.txt neg neg:0.9862025656238012 pos:0.013797434376198832 
1273.txt neg pos:0.9188122670639836 neg:0.0811877329360166 
1544.txt pos neg:0.5446185711266627 pos:0.4553814288733374 
3985.txt neg neg:0.9959083143717669 pos:0.004091685628233108 
1311.txt pos neg:0.9999867528548565 pos:1.3247145143542246E-5 
1968.txt neg neg:0.9989400008890004 pos:0.001059999110999683 
1513.txt neg pos:0.8345552507874066 neg:0.16544474921259344 
868.txt pos pos:0.9958279975119385 neg:0.004172002488061582 
116.txt pos pos:0.9507747704106183 neg:0.0492252295893817 
814.txt pos pos:0.5516577661854885 neg:0.44834223381451155 
4005.txt neg neg:0.9999999852584296 pos:1.4741570431344956E-8 
1931.txt pos pos:0.9976518087849501 neg:0.002348191215049834 
1705.txt pos neg:0.9185372711974115 pos:0.08146272880258856 
1871.txt pos pos:0.9999985633604849 neg:1.4366395151296253E-6 
3165.txt pos pos:0.9999999960381702 neg:3.961829681864952E-9 
143.txt neg pos:0.9651232204657764 neg:0.03487677953422363 
1040.txt neg neg:0.8939294829048055 pos:0.10607051709519455 
2053.txt pos neg:0.9921162026663236 pos:0.007883797333676357 
775.txt neg neg:0.9939411366433714 pos:0.006058863356628714 
1943.txt pos pos:0.9978567571926571 neg:0.002143242807342976 
866.txt pos pos:0.9842554241888876 neg:0.015744575811112507 
2716.txt neg neg:0.9833074698900085 pos:0.016692530109991523 
2957.txt neg neg:0.9938764506187521 pos:0.006123549381247956 
1845.txt neg neg:0.8896113499611361 pos:0.11038865003886378 
3335.txt pos pos:0.9548068202714144 neg:0.04519317972858554 
652.txt pos pos:0.9942310357081503 neg:0.005768964291849613 
2959.txt neg pos:0.9816447014864319 neg:0.01835529851356804 
3767.txt neg neg:0.9750093163256723 pos:0.0249906836743276 
3692.txt neg neg:0.9905966113132555 pos:0.009403388686744457 
3737.txt pos neg:0.686730349926454 pos:0.31326965007354607 
808.txt neg neg:0.9956502974476702 pos:0.00434970255232994 
474.txt neg neg:0.9995063244505968 pos:4.93675549403038E-4 
2361.txt neg neg:0.9141659768170293 pos:0.08583402318297077 
1453.txt neg neg:0.9844795443087507 pos:0.01552045569124925 
982.txt pos pos:0.9921516213600147 neg:0.007848378639985436 
1885.txt neg neg:0.9968722190559534 pos:0.003127780944046626 
1318.txt pos pos:0.547048032884448 neg:0.45295196711555197 
183.txt neg neg:0.6112050135385246 pos:0.38879498646147537 
1626.txt pos neg:0.9995377200271212 pos:4.6227997287878774E-4 
17.txt pos pos:0.9855351580573743 neg:0.01446484194262566 
656.txt neg neg:0.8396065590500166 pos:0.16039344094998334 
230.txt neg neg:0.8747380755278871 pos:0.12526192447211304 
3196.txt neg neg:0.9872965742654944 pos:0.01270342573450554 
3477.txt neg neg:0.999179964057752 pos:8.200359422478936E-4 
Trial 0 Trainer MaxEntTrainer,gaussianPriorVariance=1.0 Training Data Confusion Matrix
Confusion Matrix, row=true, column=predicted  accuracy=1.0
  label   0   1  |total
  0 neg 900   .  |900
  1 pos   . 900  |900

Trial 0 Trainer MaxEntTrainer,gaussianPriorVariance=1.0 training data accuracy= 1.0
Trial 0 Trainer MaxEntTrainer,gaussianPriorVariance=1.0 Test Data Confusion Matrix
Confusion Matrix, row=true, column=predicted  accuracy=0.775
  label   0   1  |total
  0 neg  81  19  |100
  1 pos  26  74  |100

Trial 0 Trainer MaxEntTrainer,gaussianPriorVariance=1.0 test data accuracy= 0.775

MaxEntTrainer,gaussianPriorVariance=1.0
Summary. train accuracy mean = 1.0 stddev = 0.0 stderr = 0.0
Summary. test accuracy mean = 0.775 stddev = 0.0 stderr = 0.0
