
-------------------- Trial 0  --------------------

Trial 0 Training MaxEntTrainer,gaussianPriorVariance=1.0 with 1800 instances
Trial 0 Training MaxEntTrainer,gaussianPriorVariance=1.0 finished
Trial 0 Trainer MaxEntTrainer,gaussianPriorVariance=1.0
 Raw Testing Data
2755.txt pos neg:0.9981273530586068 pos:0.0018726469413931216 
524.txt pos pos:0.8336524801072402 neg:0.16634751989275973 
3295.txt neg neg:0.9996275019778809 pos:3.7249802211920075E-4 
883.txt neg neg:0.9996011007062173 pos:3.9889929378263193E-4 
920.txt neg neg:0.9133146694186528 pos:0.08668533058134713 
2333.txt pos pos:0.9912517125742338 neg:0.008748287425766136 
1338.txt neg neg:0.5328001105385715 pos:0.4671998894614286 
2056.txt pos pos:0.9999831531193716 neg:1.6846880628443998E-5 
4149.txt neg neg:0.7558290409707082 pos:0.24417095902929176 
580.txt pos neg:0.5824078666913214 pos:0.4175921333086786 
1916.txt neg neg:0.8647187961472758 pos:0.13528120385272427 
3850.txt pos neg:0.6862272021063556 pos:0.3137727978936444 
2198.txt pos neg:0.9933150058743342 pos:0.006684994125665856 
137.txt pos pos:0.9998151911637615 neg:1.8480883623852353E-4 
1562.txt pos neg:0.5232132700987632 pos:0.47678672990123677 
2149.txt pos neg:0.709453569909547 pos:0.29054643009045295 
1417.txt pos pos:0.9997672906528854 neg:2.3270934711471783E-4 
555.txt neg pos:0.7407398980462426 neg:0.2592601019537573 
3664.txt pos pos:0.9301321638111103 neg:0.06986783618888963 
1899.txt pos pos:0.9416374238531734 neg:0.058362576146826606 
3061.txt neg neg:0.9999817032838729 pos:1.8296716127077413E-5 
3283.txt neg neg:0.9595874844936787 pos:0.040412515506321314 
2197.txt neg neg:0.999838353214101 pos:1.6164678589904494E-4 
3425.txt pos pos:0.9913705158781428 neg:0.008629484121857243 
3857.txt pos neg:0.9989456506393259 pos:0.0010543493606741615 
1781.txt neg neg:0.999976020555376 pos:2.397944462400225E-5 
3816.txt neg neg:0.9999522566168721 pos:4.774338312785269E-5 
3796.txt pos pos:0.9430524180281595 neg:0.05694758197184035 
4000.txt neg neg:0.9999999947395533 pos:5.260446691273439E-9 
331.txt pos pos:0.8653050329561617 neg:0.13469496704383827 
583.txt neg pos:0.5239024693229636 neg:0.4760975306770364 
1700.txt pos pos:0.9795617023572777 neg:0.020438297642722387 
1449.txt neg neg:0.9986477395471002 pos:0.0013522604528998954 
1435.txt neg neg:0.99999989496727 pos:1.050327300029327E-7 
1138.txt pos pos:0.6279194956494956 neg:0.3720805043505044 
1640.txt pos pos:0.9972530765621929 neg:0.0027469234378070693 
2403.txt neg neg:0.9736451462983395 pos:0.026354853701660394 
1608.txt neg neg:0.7975005084720271 pos:0.20249949152797295 
1601.txt neg neg:0.99981318646152 pos:1.8681353847994575E-4 
3634.txt neg neg:0.9985199742607427 pos:0.0014800257392573546 
1377.txt pos neg:0.8688826092873583 pos:0.13111739071264167 
4034.txt pos pos:0.9846263244236764 neg:0.015373675576323638 
2804.txt neg neg:0.8959382891732053 pos:0.10406171082679473 
3154.txt neg pos:0.5290560619213809 neg:0.4709439380786192 
2469.txt neg neg:0.6815215695932295 pos:0.3184784304067705 
1254.txt pos pos:0.9982439747533035 neg:0.0017560252466964391 
2309.txt neg neg:0.9999999002463507 pos:9.975364945465446E-8 
3591.txt neg pos:0.9997316498894556 neg:2.683501105444257E-4 
292.txt pos pos:0.9728232956618331 neg:0.027176704338166803 
3145.txt neg pos:0.8055626067036171 neg:0.1944373932963829 
2867.txt neg neg:0.9812315549256728 pos:0.018768445074327136 
3038.txt pos neg:0.6461732792927585 pos:0.3538267207072416 
4290.txt neg pos:0.9223692656987128 neg:0.07763073430128718 
1917.txt pos pos:0.9984637380783117 neg:0.0015362619216883222 
3935.txt neg pos:0.9999839831424336 neg:1.601685756636218E-5 
3749.txt pos pos:0.5399987398207767 neg:0.4600012601792233 
1500.txt neg neg:0.9918904932439968 pos:0.00810950675600326 
916.txt pos pos:0.9967643198016217 neg:0.0032356801983782282 
2051.txt pos pos:0.9999999728890675 neg:2.7110932644949337E-8 
2100.txt pos pos:0.6115082323202844 neg:0.3884917676797156 
3044.txt pos pos:0.9918578764195096 neg:0.008142123580490481 
3740.txt pos pos:0.9999381664486462 neg:6.183355135378813E-5 
4181.txt pos pos:0.9682220509056787 neg:0.031777949094321335 
1788.txt neg neg:0.990912331195101 pos:0.009087668804899028 
3657.txt neg neg:0.9827730406071377 pos:0.017226959392862444 
1964.txt neg neg:0.9790181545551734 pos:0.020981845444826546 
4324.txt pos pos:0.9999985578065815 neg:1.4421934183918126E-6 
996.txt pos pos:0.999359460077832 neg:6.40539922168093E-4 
2585.txt pos neg:0.9501851005780868 pos:0.04981489942191308 
1801.txt pos pos:0.9992800944377074 neg:7.199055622927343E-4 
1963.txt neg neg:0.8048679796830257 pos:0.19513202031697427 
3809.txt neg neg:0.9671664281858752 pos:0.03283357181412476 
544.txt neg pos:0.6437370633379409 neg:0.3562629366620592 
307.txt neg neg:0.9986255648104728 pos:0.0013744351895272173 
2307.txt neg neg:0.9383320200085624 pos:0.0616679799914376 
3252.txt neg neg:0.9110021680743817 pos:0.08899783192561822 
2415.txt neg pos:0.8574930820349163 neg:0.14250691796508372 
1981.txt pos neg:0.9721819701899043 pos:0.027818029810095745 
1647.txt pos pos:0.9909837078480268 neg:0.009016292151973204 
1606.txt neg neg:0.9970666288022958 pos:0.0029333711977041913 
4306.txt neg neg:0.9953605307148051 pos:0.004639469285194857 
2828.txt pos neg:0.8738101066929853 pos:0.12618989330701458 
3314.txt pos pos:0.9999848237846848 neg:1.5176215315089676E-5 
3859.txt pos pos:0.9998502001368713 neg:1.497998631288181E-4 
1922.txt pos pos:0.999999999734484 neg:2.655161122803431E-10 
4259.txt neg neg:0.9991120117825066 pos:8.879882174932795E-4 
3376.txt neg neg:0.8965386282549899 pos:0.10346137174501005 
376.txt pos neg:0.9999180012958879 pos:8.199870411217983E-5 
3243.txt neg neg:0.5758388925511665 pos:0.4241611074488335 
717.txt pos pos:0.9998906722558232 neg:1.093277441768988E-4 
467.txt neg neg:0.9984088575657244 pos:0.0015911424342756942 
363.txt neg neg:0.9999647855572438 pos:3.5214442756337465E-5 
71.txt pos pos:0.9951987223555496 neg:0.004801277644450473 
2172.txt pos pos:0.9972691562754186 neg:0.0027308437245813595 
705.txt neg neg:0.9814432079623849 pos:0.01855679203761512 
2017.txt neg neg:0.9532568162120335 pos:0.04674318378796656 
2148.txt neg neg:0.9808562992890585 pos:0.019143700710941406 
2638.txt pos pos:0.9998991623660229 neg:1.008376339769806E-4 
3043.txt pos pos:0.9409031510136527 neg:0.05909684898634731 
3824.txt neg neg:0.9999843668919046 pos:1.5633108095264914E-5 
2150.txt neg neg:0.9632498970834193 pos:0.036750102916580735 
1957.txt pos neg:0.966892193453551 pos:0.03310780654644894 
3663.txt pos pos:0.9999999216747876 neg:7.832521241043893E-8 
549.txt pos neg:0.9218548679072389 pos:0.0781451320927611 
4247.txt pos pos:0.9996655876630821 neg:3.3441233691787383E-4 
1865.txt pos pos:0.9869932861694636 neg:0.013006713830536426 
3004.txt pos pos:0.999620176069696 neg:3.7982393030398353E-4 
2966.txt pos pos:0.9985187435166988 neg:0.0014812564833011504 
1847.txt neg neg:0.907863169437653 pos:0.09213683056234702 
1718.txt pos pos:0.5809996844808468 neg:0.4190003155191532 
2961.txt pos neg:0.7849379614530951 pos:0.21506203854690495 
2010.txt neg neg:0.8939353385019385 pos:0.10606466149806161 
3818.txt neg neg:0.9846802138853531 pos:0.015319786114647018 
2513.txt pos neg:0.9661879972095038 pos:0.03381200279049632 
1898.txt neg neg:0.9736903227743959 pos:0.02630967722560407 
2944.txt neg pos:0.5866920765335263 neg:0.4133079234664737 
1496.txt neg neg:0.9999928275850855 pos:7.1724149145917E-6 
229.txt pos neg:0.7092123112485157 pos:0.29078768875148425 
1925.txt pos pos:0.9999410109474715 neg:5.8989052528591666E-5 
1336.txt neg neg:0.9922969908613614 pos:0.007703009138638724 
3574.txt pos neg:0.7141607427161301 pos:0.28583925728387005 
3036.txt pos pos:0.8114761944481567 neg:0.18852380555184348 
3962.txt pos pos:0.9999846240724931 neg:1.537592750685368E-5 
1042.txt neg neg:0.9999869672834052 pos:1.303271659482956E-5 
812.txt neg pos:0.9207262542920572 neg:0.0792737457079428 
1856.txt neg neg:0.9985050716217637 pos:0.0014949283782362797 
4110.txt pos pos:0.9995374223565267 neg:4.625776434732992E-4 
2175.txt pos neg:0.6618902885813699 pos:0.3381097114186301 
2970.txt pos pos:0.908023653039712 neg:0.09197634696028806 
1170.txt neg neg:0.9997656146350404 pos:2.3438536495952214E-4 
4288.txt neg neg:0.9785115035977212 pos:0.02148849640227892 
1550.txt pos pos:0.9991320786358272 neg:8.679213641728724E-4 
944.txt neg neg:0.8832196520488553 pos:0.1167803479511447 
3244.txt neg neg:0.9991129244359326 pos:8.870755640673342E-4 
800.txt pos neg:0.9963469122598676 pos:0.00365308774013252 
2553.txt pos pos:0.8957028701448062 neg:0.10429712985519377 
761.txt neg neg:0.5835902392572437 pos:0.41640976074275626 
4022.txt pos neg:0.9613608276564255 pos:0.03863917234357451 
240.txt neg neg:0.9997963627850814 pos:2.0363721491867005E-4 
924.txt pos pos:0.8910434586095431 neg:0.10895654139045684 
4117.txt pos pos:0.9999890040197802 neg:1.0995980219941129E-5 
4090.txt pos pos:0.9915425965813487 neg:0.008457403418651348 
316.txt neg pos:0.6570268387898576 neg:0.3429731612101423 
1507.txt neg neg:0.9818293035214504 pos:0.01817069647854975 
3680.txt pos pos:0.999917666024678 neg:8.2333975321879E-5 
4211.txt pos neg:0.810551834195974 pos:0.18944816580402596 
69.txt neg neg:0.9966408926748274 pos:0.003359107325172618 
989.txt pos pos:0.9992462408632392 neg:7.537591367608606E-4 
1849.txt neg neg:0.9849468453134914 pos:0.01505315468650859 
3906.txt pos pos:0.9991276603457431 neg:8.72339654256906E-4 
598.txt pos pos:0.9992450135472772 neg:7.549864527226916E-4 
4222.txt neg neg:0.9071827931395967 pos:0.0928172068604032 
3055.txt pos neg:0.9875284878838001 pos:0.012471512116199868 
803.txt neg pos:0.9948338687507623 neg:0.005166131249237831 
2938.txt neg neg:0.9978638332892328 pos:0.0021361667107672785 
835.txt pos pos:0.9978936791176243 neg:0.002106320882375753 
1053.txt neg neg:0.9891366774037873 pos:0.010863322596212834 
4301.txt neg neg:0.7450292751929388 pos:0.2549707248070612 
1021.txt neg neg:0.9929678432737008 pos:0.007032156726299208 
1649.txt pos pos:0.6919018045474233 neg:0.3080981954525768 
3980.txt neg pos:0.9982433910408591 neg:0.0017566089591408986 
673.txt pos pos:0.9999999596261732 neg:4.03738267761812E-8 
2729.txt pos pos:0.9880701309566033 neg:0.011929869043396626 
3236.txt neg pos:0.8760678765437502 neg:0.12393212345624986 
3999.txt pos pos:0.9618972190567853 neg:0.038102780943214835 
1522.txt pos pos:0.9254041737178693 neg:0.07459582628213078 
4380.txt pos pos:0.9999984691700892 neg:1.5308299108552764E-6 
2983.txt neg pos:0.9960762543751799 neg:0.003923745624820104 
770.txt neg neg:0.9987361806438952 pos:0.0012638193561048756 
3547.txt neg neg:0.9991969913704055 pos:8.030086295944752E-4 
4272.txt pos pos:0.9995804225765744 neg:4.1957742342568446E-4 
3079.txt neg neg:0.9611345240789497 pos:0.03886547592105022 
2603.txt pos pos:0.8813488590520474 neg:0.11865114094795261 
2080.txt pos pos:0.9483999201594283 neg:0.051600079840571696 
2008.txt neg neg:0.978271594708006 pos:0.02172840529199391 
1565.txt pos pos:0.9850245325019072 neg:0.01497546749809272 
1076.txt pos pos:0.9999770355431163 neg:2.2964456883575E-5 
2471.txt neg pos:0.9973672639354622 neg:0.002632736064537962 
737.txt neg neg:0.9994481794701492 pos:5.51820529850906E-4 
3987.txt neg neg:0.9017497784854432 pos:0.09825022151455678 
2381.txt pos neg:0.6275948653153335 pos:0.37240513468466646 
3523.txt neg neg:0.9865200265263119 pos:0.01347997347368814 
247.txt neg pos:0.9303392579503651 neg:0.06966074204963484 
3940.txt neg neg:0.99999636842605 pos:3.631573949878315E-6 
786.txt pos neg:0.9407863880610372 pos:0.05921361193896287 
2768.txt neg neg:0.9421137867221026 pos:0.05788621327789752 
1102.txt neg neg:0.688961406071816 pos:0.311038593928184 
2642.txt neg pos:0.7313020964042551 neg:0.2686979035957449 
1221.txt pos neg:0.9976237235481598 pos:0.0023762764518402628 
2536.txt neg pos:0.8672111529746019 neg:0.13278884702539806 
1026.txt neg pos:0.7020739427532083 neg:0.2979260572467918 
849.txt pos pos:0.9943313063350282 neg:0.005668693664971677 
3486.txt pos pos:0.9775613465906087 neg:0.02243865340939128 
807.txt pos pos:0.965876532282283 neg:0.03412346771771696 
4135.txt neg neg:0.9974301310673984 pos:0.0025698689326015636 
300.txt neg neg:0.9979030258334745 pos:0.00209697416652555 
2529.txt neg neg:0.9988399261727977 pos:0.0011600738272022318 
860.txt neg neg:0.9991547493170513 pos:8.452506829487377E-4 
1698.txt pos pos:0.8141411429094059 neg:0.185858857090594 
1379.txt pos pos:0.9689085760046193 neg:0.031091423995380646 
Trial 0 Trainer MaxEntTrainer,gaussianPriorVariance=1.0 Training Data Confusion Matrix
Confusion Matrix, row=true, column=predicted  accuracy=1.0
  label   0   1  |total
  0 neg 900   .  |900
  1 pos   . 900  |900

Trial 0 Trainer MaxEntTrainer,gaussianPriorVariance=1.0 training data accuracy= 1.0
Trial 0 Trainer MaxEntTrainer,gaussianPriorVariance=1.0 Test Data Confusion Matrix
Confusion Matrix, row=true, column=predicted  accuracy=0.76
  label   0   1  |total
  0 neg  79  21  |100
  1 pos  27  73  |100

Trial 0 Trainer MaxEntTrainer,gaussianPriorVariance=1.0 test data accuracy= 0.76

MaxEntTrainer,gaussianPriorVariance=1.0
Summary. train accuracy mean = 1.0 stddev = 0.0 stderr = 0.0
Summary. test accuracy mean = 0.76 stddev = 0.0 stderr = 0.0
