
-------------------- Trial 0  --------------------

Trial 0 Training NaiveBayesTrainer with 1800 instances
Trial 0 Training NaiveBayesTrainer finished
Trial 0 Trainer NaiveBayesTrainer
 Raw Testing Data
2764.txt neg pos:0.7149856349997337 neg:0.28501436500026645 
1502.txt neg pos:0.9998253354057487 neg:1.7466459425132178E-4 
1903.txt pos pos:0.9999632464180466 neg:3.675358195348257E-5 
2617.txt pos pos:0.9982772874933973 neg:0.0017227125066027475 
4238.txt neg neg:0.9999962450216452 pos:3.75497835485468E-6 
994.txt pos pos:0.9999999999999973 neg:2.5803859732268344E-15 
294.txt neg neg:0.9958151675476815 pos:0.00418483245231844 
453.txt pos pos:0.9999696425152028 neg:3.0357484797302066E-5 
4229.txt neg neg:0.9005469050248232 pos:0.09945309497517683 
795.txt pos pos:0.9999965779309059 neg:3.422069094165091E-6 
877.txt pos neg:0.9999978089483944 pos:2.191051605532427E-6 
370.txt neg neg:0.9999999999713078 pos:2.8692174911520485E-11 
2534.txt neg neg:0.9999832235444468 pos:1.677645555325664E-5 
3677.txt pos pos:0.9999999999698224 neg:3.017769432512165E-11 
651.txt neg neg:1.0 pos:5.638361524185765E-27 
3553.txt neg neg:0.9998013907742941 pos:1.9860922570598437E-4 
2887.txt pos pos:0.9933423679411673 neg:0.006657632058832755 
73.txt neg neg:0.9999999999990503 pos:9.497883999782589E-13 
986.txt neg neg:1.0 pos:3.3314906291173168E-21 
3754.txt pos neg:0.999518129024612 pos:4.8187097538800996E-4 
4214.txt pos neg:0.9999945903149561 pos:5.409685043947732E-6 
1621.txt pos pos:0.9999983036521224 neg:1.6963478776477637E-6 
533.txt neg neg:0.9999999999999991 pos:9.294692152410178E-16 
4339.txt pos pos:0.9999999999620903 neg:3.790959018302764E-11 
3528.txt neg pos:0.9999979536904341 neg:2.046309565936467E-6 
74.txt pos neg:0.9992328083182059 pos:7.671916817941319E-4 
3306.txt neg neg:0.9999992740603217 pos:7.259396783748605E-7 
405.txt pos pos:0.9970725288495353 neg:0.002927471150464669 
3402.txt neg pos:0.5693777107192327 neg:0.4306222892807672 
1210.txt neg neg:0.9999999761480195 pos:2.3851980587710142E-8 
3347.txt pos pos:0.711478073966334 neg:0.288521926033666 
4002.txt neg neg:0.999802228532604 pos:1.9777146739611285E-4 
2823.txt pos pos:0.9999999987741661 neg:1.225833799728133E-9 
454.txt pos pos:0.9976504025292687 neg:0.00234959747073126 
4176.txt pos neg:0.9994283919323937 pos:5.716080676062713E-4 
1839.txt neg neg:0.999997944985602 pos:2.055014397970185E-6 
2680.txt neg pos:0.9999999999320883 neg:6.791158118722638E-11 
4337.txt pos pos:0.9999999999731453 neg:2.6854657165884635E-11 
1291.txt pos neg:0.9999998345807726 pos:1.6541922728263976E-7 
3721.txt pos neg:0.975936763988146 pos:0.024063236011853936 
2619.txt pos pos:0.9744435260089483 neg:0.025556473991051695 
246.txt pos neg:0.9979792796363629 pos:0.0020207203636370325 
4103.txt pos pos:0.9999999999999993 neg:6.658294497258964E-16 
1727.txt neg pos:0.9315365643862453 neg:0.06846343561375468 
4036.txt pos pos:0.9999970584607298 neg:2.941539270201198E-6 
2748.txt pos pos:0.9999955332966809 neg:4.466703319170251E-6 
2862.txt neg neg:0.9999999999931266 pos:6.8733993267231664E-12 
3761.txt pos neg:0.7076272014511991 pos:0.29237279854880094 
3895.txt pos pos:1.0 neg:1.6205454545402532E-17 
2507.txt pos pos:0.9999999945805804 neg:5.419419499988047E-9 
314.txt neg neg:0.9999769640433378 pos:2.3035956662097375E-5 
3877.txt neg pos:0.9999999999999993 neg:7.141002697519711E-16 
158.txt pos pos:0.999999998816248 neg:1.1837519661159094E-9 
3778.txt neg pos:0.9999918796933231 neg:8.120306676796581E-6 
4220.txt neg neg:0.9999999928132368 pos:7.186763089651274E-9 
1828.txt neg neg:0.9999996929080378 pos:3.070919622245582E-7 
4283.txt neg neg:0.9999999983176737 pos:1.682326170213191E-9 
254.txt neg neg:0.9999999999998206 pos:1.7938047758902896E-13 
1536.txt pos neg:0.9999347589275975 pos:6.524107240250133E-5 
2383.txt pos pos:0.9519745769427962 neg:0.048025423057203906 
359.txt pos neg:0.9988804306341046 pos:0.0011195693658955245 
379.txt neg neg:0.9999178216963109 pos:8.21783036890958E-5 
2711.txt neg neg:0.9956902706006905 pos:0.004309729399309482 
1984.txt pos pos:1.0 neg:1.3117147214242527E-17 
1714.txt pos pos:0.9999999999998466 neg:1.5334317161676318E-13 
1091.txt neg pos:0.5058120167648232 neg:0.49418798323517676 
778.txt pos pos:0.9851898585844568 neg:0.01481014141554313 
4268.txt pos pos:0.9999999940828523 neg:5.917147685677156E-9 
2986.txt neg neg:0.999999999885193 pos:1.1480707509770094E-10 
1056.txt neg neg:0.9999999999987013 pos:1.2986689086473204E-12 
2900.txt pos neg:0.9997077796144495 pos:2.922203855505092E-4 
4303.txt neg neg:0.999999999998072 pos:1.9279403889867677E-12 
3147.txt neg pos:0.9999877876020198 neg:1.221239798020272E-5 
2686.txt pos pos:0.9999999999924938 neg:7.506245025525234E-12 
1531.txt pos pos:0.9999999999962192 neg:3.78085240653626E-12 
3937.txt neg neg:0.9999989885355359 pos:1.0114644641161486E-6 
2858.txt pos pos:0.5625720289640451 neg:0.4374279710359548 
545.txt pos pos:0.7863544769561897 neg:0.21364552304381032 
3119.txt pos pos:0.9999999999999991 neg:8.946256376651099E-16 
3064.txt neg pos:0.9038558873781017 neg:0.09614411262189823 
2320.txt pos pos:1.0 neg:1.4758696402444184E-19 
3912.txt pos pos:0.999999535595791 neg:4.64404208943515E-7 
3645.txt pos neg:0.9881608528576217 pos:0.011839147142378213 
2635.txt neg pos:0.9999999205993487 neg:7.94006513249503E-8 
2599.txt neg neg:0.9999999998927909 pos:1.0720912329708372E-10 
1240.txt pos pos:0.9984781184365491 neg:0.001521881563450995 
2410.txt neg neg:0.9999997798830309 pos:2.201169689531321E-7 
2113.txt pos neg:0.9902832297546303 pos:0.009716770245369726 
3272.txt pos pos:0.7925099157526562 neg:0.2074900842473439 
1893.txt neg pos:0.7845516524524345 neg:0.21544834754756553 
297.txt pos neg:0.9974339745649456 pos:0.002566025435054397 
465.txt neg neg:0.9999999986600554 pos:1.3399447046094334E-9 
1595.txt pos pos:0.5430370946824626 neg:0.45696290531753736 
2368.txt neg neg:0.9999930382018432 pos:6.961798156902734E-6 
629.txt pos neg:0.954605284526921 pos:0.045394715473079064 
2990.txt neg neg:0.6820588648286099 pos:0.31794113517139 
1099.txt pos neg:0.9742519973940886 pos:0.025748002605911313 
2799.txt pos pos:0.9996496575863829 neg:3.503424136169845E-4 
3639.txt pos pos:0.8183451265465037 neg:0.18165487345349624 
2313.txt neg pos:0.9999979951691967 neg:2.0048308031603436E-6 
3025.txt pos neg:0.9999848395759683 pos:1.5160424031788588E-5 
127.txt neg neg:0.9999429816695394 pos:5.701833046054241E-5 
2082.txt pos neg:0.9599365559220805 pos:0.04006344407791965 
1346.txt neg neg:0.8109746740940196 pos:0.18902532590598045 
2417.txt neg neg:0.9999999581459094 pos:4.185409061811988E-8 
2093.txt pos pos:0.9999991893323418 neg:8.106676581614458E-7 
1008.txt pos pos:0.9999998666646726 neg:1.3333532752436942E-7 
3715.txt neg neg:0.9978408084645842 pos:0.002159191535415682 
683.txt pos pos:0.9999999999998979 neg:1.0216838539301568E-13 
138.txt neg neg:0.8622416055716665 pos:0.13775839442833346 
1049.txt neg neg:0.9999999419742813 pos:5.802571872569585E-8 
772.txt neg neg:0.8882392984309558 pos:0.11176070156904412 
1678.txt neg pos:0.9920930726883519 neg:0.007906927311648076 
3387.txt pos pos:0.9980903197708484 neg:0.001909680229151573 
4178.txt pos pos:0.9294056733416083 neg:0.07059432665839181 
4213.txt pos neg:0.9973597175977074 pos:0.002640282402292518 
1902.txt neg pos:0.9705060278529811 neg:0.029493972147018915 
4282.txt pos pos:0.9999950623548088 neg:4.937645191128873E-6 
2432.txt pos pos:0.9992256700075047 neg:7.743299924952958E-4 
764.txt neg neg:0.9845744292776464 pos:0.015425570722353543 
2559.txt neg neg:0.9922034756322876 pos:0.007796524367712532 
1087.txt neg neg:0.9999999999999769 pos:2.3195058923240317E-14 
3016.txt neg neg:0.9999997715417988 pos:2.2845820120313762E-7 
257.txt pos pos:0.9999973385735164 neg:2.6614264836405586E-6 
2138.txt neg pos:0.9999546308360753 neg:4.5369163924611514E-5 
1309.txt pos pos:0.9999999993091111 neg:6.908889609571667E-10 
776.txt pos pos:0.9999999917030838 neg:8.296916125656078E-9 
195.txt neg pos:0.9974922153358486 neg:0.0025077846641514 
1882.txt neg pos:0.9486044219447123 neg:0.05139557805528776 
3945.txt neg neg:0.9811013188006481 pos:0.018898681199351872 
3090.txt pos neg:0.997145991455873 pos:0.002854008544127082 
684.txt pos neg:0.9974804875235725 pos:0.0025195124764275626 
1096.txt neg neg:0.968818213482504 pos:0.031181786517495976 
3156.txt neg neg:0.9999999983107863 pos:1.6892136195610791E-9 
2788.txt pos pos:0.9999999998991425 neg:1.0085753863458479E-10 
3041.txt pos pos:0.9999997036955198 neg:2.9630448011235053E-7 
3560.txt pos pos:0.9998063821283468 neg:1.9361787165327943E-4 
2997.txt neg neg:0.9999999934702963 pos:6.529703651267356E-9 
1777.txt pos neg:0.9999853546233795 pos:1.4645376620474419E-5 
1744.txt neg neg:0.9983763238807504 pos:0.0016236761192495947 
3879.txt neg neg:0.9816715290326109 pos:0.01832847096738907 
821.txt pos neg:0.9999984742894944 pos:1.525710505690384E-6 
1604.txt neg neg:0.9641080857046284 pos:0.035891914295371724 
201.txt pos pos:0.9999995430620227 neg:4.569379774345964E-7 
1247.txt pos neg:0.9999858366601748 pos:1.4163339825242602E-5 
1592.txt pos pos:0.9999737180312761 neg:2.628196872396934E-5 
2516.txt pos pos:0.983489771944593 neg:0.016510228055407063 
3942.txt neg pos:0.9999999999987057 neg:1.294242310911311E-12 
1682.txt pos pos:0.9996390761067488 neg:3.609238932511445E-4 
4378.txt neg pos:0.9988385489228648 neg:0.0011614510771351227 
1206.txt neg pos:0.999942728045479 neg:5.7271954521016163E-5 
3009.txt neg neg:0.5136420027401135 pos:0.48635799725988654 
3631.txt neg neg:0.999318204359589 pos:6.817956404110886E-4 
1375.txt pos neg:0.9999894802003145 pos:1.0519799685579087E-5 
2144.txt neg neg:0.9999999999941314 pos:5.868654438750156E-12 
3246.txt neg neg:0.9999213034657456 pos:7.869653425442093E-5 
2314.txt neg neg:0.9970580716962302 pos:0.0029419283037698564 
1273.txt neg neg:0.7940403122242864 pos:0.20595968777571366 
1544.txt pos pos:0.9999869505587512 neg:1.3049441248880423E-5 
3985.txt neg neg:0.999999946065208 pos:5.393479204488525E-8 
1311.txt pos pos:1.0 neg:3.3917879124396053E-25 
1968.txt neg neg:1.0 pos:1.565447872589368E-17 
1513.txt neg neg:0.9999967796422732 pos:3.220357726746504E-6 
868.txt pos pos:0.7857479630080096 neg:0.21425203699199039 
116.txt pos pos:0.6309446137905164 neg:0.3690553862094836 
814.txt pos pos:0.9999984289010525 neg:1.5710989475124695E-6 
4005.txt neg neg:0.9999999999983356 pos:1.6643949895715165E-12 
1931.txt pos pos:0.99993377025276 neg:6.622974723999214E-5 
1705.txt pos pos:0.9204485888859633 neg:0.07955141111403674 
1871.txt pos pos:0.9984382156060839 neg:0.0015617843939160028 
3165.txt pos pos:1.0 neg:4.356240303272033E-17 
143.txt neg neg:0.9998345974719577 pos:1.6540252804240262E-4 
1040.txt neg neg:0.9920657102718596 pos:0.007934289728140373 
2053.txt pos pos:0.7569877336003128 neg:0.24301226639968715 
775.txt neg neg:0.9999999999999913 pos:8.649171860658327E-15 
1943.txt pos pos:0.9999999770999658 neg:2.2900034322793735E-8 
866.txt pos pos:0.9978978376436242 neg:0.0021021623563759317 
2716.txt neg pos:0.9986350652368967 neg:0.0013649347631032103 
2957.txt neg neg:0.9999719991478468 pos:2.8000852153121355E-5 
1845.txt neg pos:0.9997394688641595 neg:2.605311358404598E-4 
3335.txt pos pos:0.9999999999976705 neg:2.3295261148687777E-12 
652.txt pos pos:0.9999999999984117 neg:1.5883525485607373E-12 
2959.txt neg pos:0.7970258579763879 neg:0.20297414202361216 
3767.txt neg neg:0.9999999999999769 pos:2.3199563986925992E-14 
3692.txt neg neg:0.7828096940632032 pos:0.21719030593679686 
3737.txt pos pos:0.999999974151246 neg:2.5848753997953833E-8 
808.txt neg neg:0.9998593343477548 pos:1.4066565224524856E-4 
474.txt neg neg:0.999999999999335 pos:6.64949053406922E-13 
2361.txt neg neg:0.9856279385876657 pos:0.014372061412334358 
1453.txt neg neg:0.999995072882319 pos:4.927117681035104E-6 
982.txt pos neg:0.7010852556677832 pos:0.29891474433221676 
1885.txt neg neg:0.9999998226685342 pos:1.7733146589085865E-7 
1318.txt pos pos:0.999961783601801 neg:3.8216398199048355E-5 
183.txt neg pos:0.9999933637454829 neg:6.636254517162992E-6 
1626.txt pos neg:0.9738212165645332 pos:0.026178783435466722 
17.txt pos pos:0.9354023323935162 neg:0.06459766760648385 
656.txt neg pos:0.9988837542733894 neg:0.0011162457266106565 
230.txt neg neg:0.9888446438019113 pos:0.011155356198088589 
3196.txt neg neg:0.9999978509398272 pos:2.149060172667511E-6 
3477.txt neg neg:0.9999195371404261 pos:8.046285957387553E-5 
Trial 0 Trainer NaiveBayesTrainer Training Data Confusion Matrix
Confusion Matrix, row=true, column=predicted  accuracy=0.9005555555555556
  label   0   1  |total
  0 neg 823  77  |900
  1 pos 102 798  |900

Trial 0 Trainer NaiveBayesTrainer training data accuracy= 0.9005555555555556
Trial 0 Trainer NaiveBayesTrainer Test Data Confusion Matrix
Confusion Matrix, row=true, column=predicted  accuracy=0.725
  label   0   1  |total
  0 neg  73  27  |100
  1 pos  28  72  |100

Trial 0 Trainer NaiveBayesTrainer test data accuracy= 0.725

NaiveBayesTrainer
Summary. train accuracy mean = 0.9005555555555556 stddev = 0.0 stderr = 0.0
Summary. test accuracy mean = 0.725 stddev = 0.0 stderr = 0.0
