
-------------------- Trial 0  --------------------

Trial 0 Training NaiveBayesTrainer with 1800 instances
Trial 0 Training NaiveBayesTrainer finished
Trial 0 Trainer NaiveBayesTrainer
 Raw Testing Data
759.txt neg pos:0.9414006339223066 neg:0.05859936607769348 
1325.txt pos pos:1.0 neg:5.004120596633349E-30 
4254.txt neg pos:0.9998171361993234 neg:1.8286380067665983E-4 
1538.txt neg neg:0.9999999955284475 pos:4.471552389426038E-9 
3258.txt neg pos:0.8942043208857211 neg:0.10579567911427892 
2906.txt pos pos:0.8727851224840598 neg:0.12721487751594018 
4069.txt neg neg:0.9721389743168376 pos:0.027861025683162455 
1793.txt neg neg:0.9568705252498614 pos:0.043129474750138695 
2974.txt pos pos:0.9999999889269283 neg:1.107307171457868E-8 
3439.txt pos pos:0.9999988452833359 neg:1.154716664066115E-6 
1483.txt neg neg:0.9999714715788892 pos:2.8528421110803992E-5 
2418.txt neg neg:0.9999987600133738 pos:1.2399866260911956E-6 
3195.txt pos pos:0.9999999999999385 neg:6.153367008464779E-14 
964.txt neg neg:0.9601078019450391 pos:0.03989219805496088 
3802.txt pos pos:0.9964229767199703 neg:0.003577023280029726 
2327.txt neg neg:0.8153380642319664 pos:0.18466193576803355 
3529.txt neg neg:0.9691583812155457 pos:0.03084161878445429 
4343.txt pos pos:0.9996008486650019 neg:3.991513349981291E-4 
1290.txt pos pos:0.9999999978568481 neg:2.143151772528982E-9 
3107.txt pos pos:0.9999116178512942 neg:8.838214870570851E-5 
2590.txt pos pos:0.890130632905697 neg:0.10986936709430298 
2450.txt pos pos:0.9994821688606509 neg:5.178311393490379E-4 
1007.txt pos pos:0.9999999996035149 neg:3.9648501189694083E-10 
3632.txt pos pos:0.9579728135505345 neg:0.04202718644946535 
3057.txt neg pos:0.9999999774279363 neg:2.257206379735928E-8 
595.txt pos pos:0.9999999992156272 neg:7.843727793044204E-10 
4344.txt pos pos:0.9999939623207202 neg:6.037679279709915E-6 
2824.txt neg neg:0.9979305015836569 pos:0.0020694984163431578 
938.txt pos pos:0.5058393793505022 neg:0.4941606206494978 
1683.txt pos pos:0.9999999999944251 neg:5.574857472573491E-12 
2365.txt pos pos:0.9999999999996083 neg:3.9160930774581607E-13 
311.txt pos neg:0.9999999416037634 pos:5.83962366909674E-8 
2126.txt neg neg:0.9999946343598805 pos:5.365640119686295E-6 
3873.txt pos pos:1.0 neg:9.450607780830174E-25 
536.txt pos pos:0.9433086067464316 neg:0.056691393253568485 
3693.txt neg neg:0.9999999999999643 pos:3.585308601696148E-14 
364.txt pos pos:0.7288674806817447 neg:0.2711325193182554 
2850.txt pos pos:0.9998502677165025 neg:1.4973228349746828E-4 
2039.txt neg pos:0.9993990338873958 neg:6.009661126042101E-4 
2005.txt neg neg:0.9999999999998588 pos:1.4131498903797196E-13 
4105.txt pos pos:0.9999999999388471 neg:6.115283309308398E-11 
3282.txt pos pos:0.9998369631959111 neg:1.6303680408887258E-4 
409.txt neg neg:0.999346005052465 pos:6.539949475349457E-4 
3017.txt neg neg:0.9999999659104479 pos:3.4089551944244836E-8 
157.txt pos neg:0.9023958131287848 pos:0.09760418687121511 
2651.txt pos neg:0.9875964650170022 pos:0.012403534982997979 
3878.txt neg pos:0.9966730435850137 neg:0.0033269564149862848 
3398.txt neg neg:0.9999995056487313 pos:4.94351268641301E-7 
3132.txt pos pos:0.9987988914243282 neg:0.0012011085756717195 
1826.txt pos neg:0.8964810586470355 pos:0.10351894135296455 
4193.txt pos pos:0.999996466958301 neg:3.5330416990951553E-6 
1035.txt pos pos:0.999999992283027 neg:7.716972934122183E-9 
980.txt neg neg:0.9999999999999989 pos:1.1531730388104475E-15 
2741.txt neg neg:0.9450857339622084 pos:0.05491426603779159 
1322.txt pos pos:0.9999715017420918 neg:2.8498257908119954E-5 
1187.txt pos pos:0.999999559702544 neg:4.4029745605835176E-7 
200.txt pos pos:0.9950848993615338 neg:0.004915100638466194 
2811.txt neg neg:0.9998680842482489 pos:1.3191575175104694E-4 
1150.txt neg neg:0.9999999999973235 pos:2.676536243208558E-12 
2664.txt pos pos:0.9998963478537929 neg:1.0365214620699759E-4 
4177.txt pos pos:0.9999999999632574 neg:3.6742616627317697E-11 
2596.txt neg neg:0.9999838819832181 pos:1.6118016781901593E-5 
1420.txt neg neg:0.9976277736179769 pos:0.002372226382023034 
3566.txt pos pos:0.9999999999885136 neg:1.1486380520162608E-11 
4179.txt pos pos:0.504624779256235 neg:0.4953752207437651 
3831.txt neg neg:0.9934776038697902 pos:0.006522396130209844 
4261.txt neg pos:0.8296475977974634 neg:0.17035240220253664 
4345.txt neg neg:0.9999999999964484 pos:3.551640222360347E-12 
634.txt neg neg:0.9998235583001918 pos:1.7644169980819747E-4 
1812.txt neg neg:0.9998512399895104 pos:1.487600104895795E-4 
3676.txt pos pos:0.9999999997590072 neg:2.409928517264176E-10 
2312.txt neg neg:0.9983540709162284 pos:0.0016459290837716439 
1363.txt neg neg:0.9999510422680025 pos:4.895773199753341E-5 
2112.txt pos pos:0.9999999999998799 neg:1.2005357798194137E-13 
2620.txt pos pos:0.9959620398674972 neg:0.004037960132502722 
2382.txt pos pos:0.9425436247177834 neg:0.05745637528221667 
2411.txt neg neg:0.9978805891845003 pos:0.0021194108154997224 
1979.txt pos pos:0.9955165771216024 neg:0.0044834228783975265 
1883.txt neg neg:0.6375500964912936 pos:0.36244990350870643 
1428.txt pos pos:0.9993540955961482 neg:6.459044038517914E-4 
2574.txt pos pos:0.9640471968228143 neg:0.035952803177185674 
11.txt neg neg:0.9996451459349825 pos:3.5485406501740817E-4 
2740.txt pos pos:0.7202791556359307 neg:0.2797208443640692 
1545.txt pos pos:0.9999936039841733 neg:6.396015826763327E-6 
2998.txt neg neg:0.9999999940697248 pos:5.9302752343295464E-9 
3915.txt neg neg:0.9999654408519428 pos:3.4559148057269406E-5 
2424.txt neg neg:0.999999999411681 pos:5.883190436663104E-10 
936.txt pos neg:0.8896041430256457 pos:0.11039585697435424 
1771.txt pos neg:0.999999999976299 pos:2.3701111818280018E-11 
1074.txt neg neg:0.9999999999844411 pos:1.555898103779136E-11 
2044.txt pos pos:0.9977179910498373 neg:0.0022820089501627747 
931.txt pos pos:1.0 neg:2.284951293593382E-25 
227.txt neg neg:0.9999537609372914 pos:4.62390627084925E-5 
2772.txt pos pos:0.9695146692079188 neg:0.030485330792081225 
1235.txt neg neg:0.9999999999390954 pos:6.090472172564862E-11 
2203.txt neg neg:0.9999996646962946 pos:3.353037053901455E-7 
3678.txt pos pos:0.999999030343166 neg:9.696568339698068E-7 
3837.txt pos pos:0.9893938849655519 neg:0.01060611503444804 
3175.txt pos pos:0.9998955337730215 neg:1.0446622697842954E-4 
395.txt neg neg:0.9999548202891659 pos:4.5179710834091115E-5 
161.txt pos pos:0.9999420080094347 neg:5.799199056539808E-5 
3223.txt neg pos:0.9995899879074387 neg:4.1001209256123224E-4 
1032.txt pos neg:0.7840892908709863 pos:0.21591070912901375 
531.txt pos pos:0.9999986952285032 neg:1.3047714968257692E-6 
4284.txt pos pos:0.9999999999999953 neg:4.634002209428331E-15 
2972.txt neg pos:0.9995828014175453 neg:4.1719858245478603E-4 
87.txt neg neg:0.9999997040554823 pos:2.959445176805962E-7 
3225.txt pos neg:0.9519722689054989 pos:0.04802773109450114 
400.txt neg neg:0.9994780686508642 pos:5.219313491357899E-4 
2156.txt pos neg:0.9999930616999599 pos:6.9383000400529974E-6 
2535.txt neg neg:0.9970174598040674 pos:0.002982540195932504 
1739.txt neg neg:0.9991935425426345 pos:8.064574573653854E-4 
3307.txt neg pos:0.9812639209339354 neg:0.018736079066064625 
1246.txt pos neg:0.9999250813138896 pos:7.491868611051235E-5 
1542.txt pos pos:0.9999747046908123 neg:2.5295309187674074E-5 
1469.txt neg neg:0.9999999999960707 pos:3.929377492337702E-12 
1684.txt pos pos:0.9999999998734197 neg:1.2658021194105807E-10 
516.txt neg neg:0.9978437403689683 pos:0.002156259631031681 
3280.txt neg neg:0.9996209374312203 pos:3.790625687797882E-4 
2187.txt pos pos:0.9999999997157809 neg:2.8421904083107E-10 
2665.txt neg neg:0.9999999984031713 pos:1.5968285999775961E-9 
2204.txt neg neg:0.9998047647196783 pos:1.9523528032164904E-4 
3716.txt pos pos:0.6445444086328511 neg:0.3554555913671488 
4026.txt pos pos:0.9999999094693799 neg:9.053062010512473E-8 
1248.txt pos pos:0.9534821304386161 neg:0.04651786956138392 
3436.txt neg neg:1.0 pos:1.0612130247141807E-20 
4289.txt pos pos:0.9902981359642835 neg:0.00970186403571648 
1110.txt neg neg:0.9741686561857331 pos:0.02583134381426689 
722.txt neg pos:0.9995103037699001 neg:4.896962300998493E-4 
2160.txt pos pos:0.9999999993460829 neg:6.539172137010819E-10 
105.txt neg neg:0.9999509940232143 pos:4.9005976785747524E-5 
1234.txt pos neg:0.9963488925725588 pos:0.003651107427441209 
699.txt neg neg:0.9999999968273388 pos:3.17266134053891E-9 
3514.txt pos pos:0.999988141234359 neg:1.1858765641067733E-5 
3391.txt neg pos:0.9300089937811867 neg:0.06999100621881335 
3804.txt neg neg:0.9999999999672324 pos:3.276749218849479E-11 
1936.txt neg neg:0.9996894767707721 pos:3.1052322922793074E-4 
3630.txt neg neg:0.9999968630996352 pos:3.1369003646547794E-6 
1737.txt neg neg:0.9997485732432 pos:2.514267567999629E-4 
193.txt neg neg:0.9999307333369885 pos:6.926666301154334E-5 
1072.txt pos pos:0.9999997456218709 neg:2.5437812913277715E-7 
3638.txt pos pos:0.9863897346962494 neg:0.013610265303750636 
2889.txt neg neg:0.6687841976901268 pos:0.33121580230987324 
3969.txt neg neg:0.9999999999984595 pos:1.5405027358098054E-12 
867.txt pos neg:0.9847304602792727 pos:0.01526953972072732 
523.txt neg neg:0.9999999945064044 pos:5.493595490122596E-9 
1328.txt pos pos:0.9678637853699364 neg:0.03213621463006363 
2128.txt neg pos:0.7503900279142848 neg:0.24960997208571523 
179.txt neg neg:0.9999991869839471 pos:8.13016052924609E-7 
1866.txt pos pos:0.9988401782199946 neg:0.0011598217800053577 
3088.txt neg pos:0.9999999999967251 neg:3.275001854245065E-12 
682.txt pos pos:0.9999950512787936 neg:4.9487212064216545E-6 
1122.txt neg neg:0.9998412126677095 pos:1.5878733229044987E-4 
318.txt pos neg:0.9919928070197461 pos:0.00800719298025393 
3728.txt neg pos:0.8566173348823279 neg:0.14338266511767203 
1654.txt neg neg:0.9999999999999787 pos:2.1367489494624123E-14 
3729.txt pos pos:0.9999999321854632 neg:6.781453677556809E-8 
896.txt neg neg:0.9999999999999991 pos:8.917192847984474E-16 
3555.txt neg neg:0.9999994769896607 pos:5.230103393446142E-7 
4171.txt neg neg:0.999972003509801 pos:2.7996490198981383E-5 
2002.txt neg pos:0.8068110872023018 neg:0.19318891279769818 
1356.txt neg pos:0.9977953823050055 neg:0.0022046176949944963 
1703.txt pos pos:0.9999983498213575 neg:1.6501786425123812E-6 
2774.txt neg neg:0.9999831154068984 pos:1.6884593101639727E-5 
4170.txt pos neg:0.9992918585297726 pos:7.081414702273351E-4 
3332.txt neg neg:0.9999994673661762 pos:5.326338238048937E-7 
1627.txt pos pos:0.9999998791219455 neg:1.2087805453140755E-7 
3259.txt pos pos:0.9720031266882048 neg:0.027996873311795168 
3134.txt neg neg:0.999999971679704 pos:2.832029607371871E-8 
2462.txt pos neg:0.6218217660788662 pos:0.3781782339211337 
4215.txt pos pos:0.9999973347860385 neg:2.665213961481762E-6 
2934.txt pos pos:0.9999982797827303 neg:1.7202172697457379E-6 
1937.txt pos neg:0.9975414574937713 pos:0.0024585425062286616 
3720.txt pos pos:0.9999880355010403 neg:1.1964498959696032E-5 
1482.txt pos pos:1.0 neg:4.3404823995947E-21 
2168.txt neg neg:0.9999999999765949 pos:2.340501785234041E-11 
1978.txt neg neg:0.7406819302050046 pos:0.2593180697949953 
3148.txt neg neg:0.999999809233145 pos:1.9076685509214155E-7 
130.txt neg neg:0.9899673822723051 pos:0.01003261772769485 
4212.txt pos pos:0.9999999996499109 neg:3.5008900840549135E-10 
1317.txt pos pos:0.8881527481353332 neg:0.11184725186466685 
150.txt pos pos:0.9999998518528941 neg:1.4814710604662437E-7 
1461.txt pos pos:0.7330521987410785 neg:0.26694780125892154 
186.txt pos pos:0.9419002593283549 neg:0.0580997406716452 
2825.txt pos pos:0.9048590441120373 neg:0.09514095588796269 
2463.txt neg pos:0.7815916798246366 neg:0.21840832017536346 
2575.txt neg pos:0.8596829215055226 neg:0.14031707849447747 
2369.txt neg neg:1.0 pos:8.570726625985035E-17 
3262.txt pos neg:0.964260590190198 pos:0.03573940980980201 
1653.txt neg pos:0.9985854308255534 neg:0.0014145691744465061 
2611.txt pos pos:0.9997400256202751 neg:2.5997437972487595E-4 
1270.txt pos pos:0.935445176453953 neg:0.06455482354604707 
2540.txt neg neg:0.9999999999960874 pos:3.912666769667073E-12 
1742.txt neg pos:0.999999985630307 neg:1.4369693011309096E-8 
956.txt neg neg:0.9999882493131655 pos:1.175068683439908E-5 
3401.txt pos pos:1.0 neg:1.00587134828872E-17 
145.txt neg neg:0.9982422117023211 pos:0.0017577882976788617 
558.txt neg neg:0.9995653071889721 pos:4.346928110280166E-4 
3753.txt neg neg:0.9980920342920052 pos:0.001907965707994777 
840.txt neg neg:0.9999977501265078 pos:2.2498734920781297E-6 
Trial 0 Trainer NaiveBayesTrainer Training Data Confusion Matrix
Confusion Matrix, row=true, column=predicted  accuracy=0.895
  label   0   1  |total
  0 neg 823  77  |900
  1 pos 112 788  |900

Trial 0 Trainer NaiveBayesTrainer training data accuracy= 0.895
Trial 0 Trainer NaiveBayesTrainer Test Data Confusion Matrix
Confusion Matrix, row=true, column=predicted  accuracy=0.81
  label   0   1  |total
  0 neg  79  21  |100
  1 pos  17  83  |100

Trial 0 Trainer NaiveBayesTrainer test data accuracy= 0.81

NaiveBayesTrainer
Summary. train accuracy mean = 0.895 stddev = 0.0 stderr = 0.0
Summary. test accuracy mean = 0.81 stddev = 0.0 stderr = 0.0
