
-------------------- Trial 0  --------------------

Trial 0 Training NaiveBayesTrainer with 1800 instances
Trial 0 Training NaiveBayesTrainer finished
Trial 0 Trainer NaiveBayesTrainer
 Raw Testing Data
2118.txt neg pos:0.9995767449400916 neg:4.2325505990830454E-4 
4108.txt neg pos:0.8397794902939664 neg:0.1602205097060336 
493.txt neg neg:0.9999993367063816 pos:6.632936183868477E-7 
2929.txt pos neg:0.9999683632063509 pos:3.163679364909535E-5 
1230.txt neg neg:0.9374107518080902 pos:0.0625892481919098 
2813.txt neg neg:0.983461528842689 pos:0.016538471157310962 
3781.txt pos pos:0.9997381622240471 neg:2.6183777595291093E-4 
1546.txt neg pos:0.673305096001066 neg:0.326694903998934 
1810.txt neg neg:0.9997615070459892 pos:2.384929540107593E-4 
3801.txt neg pos:0.9998809968990385 neg:1.1900310096151822E-4 
4373.txt pos neg:0.9999924817440025 pos:7.518255997559918E-6 
4190.txt neg neg:0.9999999998709139 pos:1.2908618366614276E-10 
1155.txt neg pos:0.5243322729387595 neg:0.47566772706124044 
3220.txt pos pos:0.9468738288462636 neg:0.05312617115373653 
348.txt neg neg:0.9999740893874044 pos:2.591061259572055E-5 
3084.txt neg pos:0.9999999999999967 neg:3.229188034216238E-15 
1368.txt neg neg:0.999404044357135 pos:5.959556428649176E-4 
846.txt pos pos:0.9999999937437931 neg:6.256206799855351E-9 
6.txt neg neg:0.9836618660115195 pos:0.016338133988480465 
1808.txt neg neg:0.9997558823944562 pos:2.441176055436779E-4 
2206.txt neg neg:0.9999987579321068 pos:1.2420678931906748E-6 
3723.txt neg pos:0.9349846188253078 neg:0.06501538117469222 
3691.txt neg neg:0.9999999999998825 pos:1.17480157174872E-13 
2190.txt pos pos:0.9885222549647029 neg:0.011477745035297098 
934.txt pos neg:0.9998805037214128 pos:1.1949627858720925E-4 
2502.txt neg neg:0.9997351946286878 pos:2.6480537131215497E-4 
266.txt pos neg:0.9962097642165053 pos:0.00379023578349457 
342.txt pos neg:0.9047531864712368 pos:0.09524681352876309 
1039.txt pos neg:0.9864235165497218 pos:0.013576483450278126 
1168.txt pos pos:0.9999999999998488 neg:1.5131623240747465E-13 
521.txt neg neg:0.667722500277413 pos:0.33227749972258697 
1093.txt pos pos:0.9592907724211376 neg:0.04070922757886241 
4310.txt pos pos:0.9999999999993614 neg:6.385085275707966E-13 
1617.txt pos pos:0.9999999999999025 neg:9.751014010153444E-14 
3447.txt pos neg:0.9999781552324953 pos:2.1844767504613682E-5 
3672.txt neg neg:0.9999999974991296 pos:2.5008703640898417E-9 
2274.txt neg neg:0.9943025916522986 pos:0.005697408347701387 
3497.txt neg pos:0.6998600236176636 neg:0.30013997638233636 
3277.txt neg pos:0.9652424628522284 neg:0.03475753714777165 
61.txt neg neg:0.9645141123864823 pos:0.03548588761351762 
842.txt neg pos:0.9999997398022993 neg:2.6019770082732247E-7 
2158.txt neg neg:0.8261468662777586 pos:0.17385313372224154 
93.txt pos neg:0.9912054412414395 pos:0.008794558758560486 
1361.txt neg pos:0.6680786058289934 neg:0.3319213941710067 
399.txt neg neg:0.9537448962237933 pos:0.04625510377620674 
3807.txt pos pos:0.9914809727037305 neg:0.008519027296269582 
2096.txt neg neg:0.9999999985111605 pos:1.4888395868134406E-9 
1541.txt neg neg:0.9492024853270963 pos:0.05079751467290367 
3956.txt pos pos:0.9999997858001025 neg:2.1419989752287613E-7 
607.txt pos pos:0.9999815162214681 neg:1.8483778531899734E-5 
3337.txt neg neg:0.9999998125319612 pos:1.8746803873720973E-7 
1320.txt pos pos:0.9999999981514696 neg:1.8485303370429388E-9 
4033.txt neg neg:0.9999999313338945 pos:6.866610538295781E-8 
3266.txt neg neg:0.7385242685453617 pos:0.2614757314546382 
3724.txt neg neg:0.9938470347923487 pos:0.006152965207651266 
402.txt neg pos:0.9948565435003307 neg:0.005143456499669353 
709.txt pos pos:0.9999999999999454 neg:5.470341225554038E-14 
3688.txt pos pos:0.5791484909621961 neg:0.42085150903780394 
3710.txt pos neg:0.8974129078719401 pos:0.10258709212805983 
85.txt pos pos:1.0 neg:3.0104306414321435E-22 
2437.txt neg neg:0.9993700278426202 pos:6.299721573797091E-4 
1486.txt neg neg:1.0 pos:4.3230969159024244E-17 
3304.txt pos pos:0.9999999960733317 neg:3.926668198519098E-9 
1028.txt pos pos:0.9631270893145688 neg:0.03687291068543116 
4374.txt pos pos:0.9999999999999891 neg:1.087319856517553E-14 
974.txt pos pos:0.9999711441125495 neg:2.8855887450459877E-5 
1115.txt neg neg:0.9999983641718287 pos:1.6358281712356633E-6 
3549.txt pos neg:0.8023385838926657 pos:0.19766141610733443 
2544.txt pos pos:0.9999999999999745 neg:2.5639810642372014E-14 
437.txt neg neg:0.8566734680006745 pos:0.14332653199932555 
3382.txt neg neg:0.995679419111761 pos:0.004320580888238959 
727.txt neg neg:0.9999654897875753 pos:3.4510212424685636E-5 
486.txt pos pos:0.7309159408756271 neg:0.269084059124373 
1030.txt pos neg:0.9999312672047789 pos:6.87327952212405E-5 
2853.txt neg neg:0.9974955489227038 pos:0.002504451077296388 
3835.txt pos pos:0.999999998926544 neg:1.0734560315337383E-9 
1045.txt pos neg:0.9853334591535219 pos:0.014666540846478124 
4317.txt pos pos:0.9773929380080723 neg:0.02260706199192763 
394.txt pos pos:0.9559477176607708 neg:0.04405228233922926 
577.txt neg pos:0.9863989682389116 neg:0.013601031761088275 
3371.txt pos pos:0.9997037962574029 neg:2.962037425970203E-4 
3185.txt pos neg:0.9381035105565471 pos:0.06189648944345284 
841.txt pos pos:0.61269166090757 neg:0.3873083390924299 
1462.txt neg neg:0.9999723231270873 pos:2.767687291275002E-5 
4088.txt neg neg:0.9999843517138486 pos:1.5648286151323577E-5 
1734.txt pos pos:0.9999999999992308 neg:7.691601026738119E-13 
1129.txt neg neg:0.999999953332918 pos:4.666708199201535E-8 
482.txt neg neg:0.9999999517951489 pos:4.820485109673505E-8 
2683.txt neg neg:0.808460786839303 pos:0.19153921316069708 
1509.txt pos pos:0.9999999123614932 neg:8.763850676428699E-8 
54.txt neg pos:0.9994707220526219 neg:5.292779473780628E-4 
53.txt pos pos:0.9999971795255417 neg:2.820474458326773E-6 
1534.txt neg pos:0.9669567395152568 neg:0.03304326048474309 
3917.txt neg neg:0.9999979762399402 pos:2.0237600598024223E-6 
1948.txt neg neg:0.9999999994362323 pos:5.637677536822349E-10 
3473.txt neg neg:0.9205199693820838 pos:0.07948003061791625 
2074.txt pos pos:0.9999993960521761 neg:6.039478238065148E-7 
2110.txt pos pos:0.9902788149488777 neg:0.009721185051122261 
109.txt neg neg:0.7257169757033529 pos:0.2742830242966471 
3303.txt pos pos:1.0 neg:5.851575201625841E-17 
3806.txt neg pos:0.5719331244445939 neg:0.4280668755554062 
205.txt pos pos:0.9998679705674949 neg:1.3202943250504312E-4 
2065.txt pos neg:0.96781550701812 pos:0.0321844929818799 
724.txt pos pos:0.9999999852988537 neg:1.4701146406117592E-8 
4218.txt neg pos:0.6597329361438286 neg:0.3402670638561714 
791.txt pos pos:0.9999999997834277 neg:2.165723782338925E-10 
433.txt pos pos:0.529984630115944 neg:0.47001536988405607 
1329.txt pos pos:0.9999999905033982 neg:9.496601784003064E-9 
2125.txt pos pos:0.9999917766177413 neg:8.223382258673278E-6 
961.txt neg neg:0.9999489562766789 pos:5.1043723321062116E-5 
2902.txt neg neg:0.9999999969725026 pos:3.0274974089209933E-9 
112.txt pos pos:0.9999999999990905 neg:9.095004577004832E-13 
397.txt neg neg:1.0 pos:5.513422954519011E-31 
3989.txt pos pos:0.9999999811825507 neg:1.8817449333903928E-8 
2035.txt neg neg:1.0 pos:3.410159104862627E-25 
2869.txt pos pos:0.999999998247554 neg:1.7524458834416894E-9 
4081.txt neg neg:0.998330474721232 pos:0.001669525278768065 
4216.txt neg pos:0.9999999987218933 neg:1.278106676067929E-9 
2181.txt pos pos:0.9999999990740902 neg:9.259098396725237E-10 
501.txt pos pos:0.9945962381322724 neg:0.0054037618677276805 
217.txt neg pos:0.9385006629347966 neg:0.0614993370652035 
169.txt pos pos:0.9658792158249542 neg:0.034120784175045826 
1236.txt pos neg:0.9730478070503482 pos:0.026952192949651704 
2812.txt pos pos:0.9319338060686994 neg:0.06806619393130059 
3580.txt pos neg:0.9999878505458306 pos:1.2149454169490295E-5 
3026.txt pos pos:0.9800420229065566 neg:0.019957977093443394 
4132.txt pos pos:0.9981512863196124 neg:0.001848713680387657 
732.txt pos pos:0.9999999999999998 neg:1.3232056619902797E-16 
611.txt pos neg:0.981338236434095 pos:0.018661763565905078 
1907.txt pos pos:0.999999999999996 neg:4.036819394798011E-15 
1054.txt pos neg:0.9358626557879701 pos:0.06413734421202985 
604.txt neg pos:0.9985360741192906 neg:0.0014639258807095554 
2660.txt neg pos:0.5721847911747282 neg:0.4278152088252718 
3459.txt neg neg:0.9993026055028995 pos:6.973944971004323E-4 
973.txt pos pos:1.0 neg:1.2703781328844077E-20 
1352.txt pos pos:1.0 neg:5.927975938074972E-17 
796.txt pos pos:0.9713697160497748 neg:0.02863028395022522 
494.txt neg neg:1.0 pos:4.8164574607155193E-17 
3077.txt pos pos:0.9999999999999958 neg:4.303677443372935E-15 
3153.txt pos pos:0.9999999999840812 neg:1.59188558492766E-11 
574.txt pos neg:0.9998247787232766 pos:1.752212767233911E-4 
1746.txt pos neg:0.9999999999991245 pos:8.755076708831921E-13 
2885.txt neg neg:0.9999966670271706 pos:3.3329728294909468E-6 
660.txt neg neg:0.9999999999988383 pos:1.1617959180990838E-12 
1773.txt pos pos:0.99999999992497 neg:7.502999797401766E-11 
1202.txt neg neg:0.9999988543918142 pos:1.1456081857018348E-6 
3701.txt pos pos:0.989221413098132 neg:0.01077858690186799 
354.txt pos pos:0.9999999999987101 neg:1.289883979427995E-12 
886.txt pos pos:0.9851825195071345 neg:0.014817480492865435 
2426.txt neg neg:0.986435470512204 pos:0.013564529487796054 
2937.txt neg neg:0.9999718499874742 pos:2.8150012525885948E-5 
4025.txt neg neg:0.999999999999825 pos:1.7486641680368203E-13 
1260.txt pos pos:0.9999837279961652 neg:1.6272003834894678E-5 
4308.txt pos neg:0.966622412635417 pos:0.03337758736458304 
1597.txt neg pos:0.9122916625032148 neg:0.0877083374967852 
1451.txt pos pos:0.9440302214708571 neg:0.055969778529142825 
568.txt neg pos:0.6854212489153727 neg:0.31457875108462724 
3951.txt pos pos:0.9999982866306829 neg:1.7133693171501598E-6 
1184.txt neg neg:0.9999979302085841 pos:2.0697914159166374E-6 
3846.txt neg pos:0.9928121949925003 neg:0.007187805007499774 
4257.txt pos pos:1.0 neg:1.0205445169252185E-18 
3496.txt pos pos:0.7944357720158142 neg:0.2055642279841858 
857.txt pos pos:1.0 neg:1.727580610870103E-20 
1819.txt neg neg:0.768044034656265 pos:0.23195596534373494 
1909.txt pos neg:0.9404001408151481 pos:0.05959985918485184 
3519.txt neg neg:0.9626868489954639 pos:0.03731315100453623 
1370.txt neg neg:0.9998679536324483 pos:1.3204636755165516E-4 
2372.txt pos neg:0.9430406372892536 pos:0.0569593627107464 
2091.txt neg neg:0.9999999999995715 pos:4.28511894546224E-13 
385.txt pos pos:0.99830893616669 neg:0.001691063833309957 
3659.txt pos pos:0.8300776847410705 neg:0.1699223152589295 
388.txt neg pos:0.9988247046424118 neg:0.0011752953575881965 
3227.txt pos pos:0.9982953516506996 neg:0.0017046483493005065 
2744.txt neg neg:0.9981842447073164 pos:0.0018157552926837098 
3718.txt neg neg:0.9999999626203729 pos:3.737962715914603E-8 
262.txt neg pos:0.9999831730005649 neg:1.6826999435161585E-5 
45.txt pos pos:1.0 neg:2.7403917341171648E-17 
1623.txt neg pos:0.9999087072396355 neg:9.12927603643924E-5 
2678.txt neg neg:0.9997331029634159 pos:2.668970365842044E-4 
3407.txt pos pos:0.9999999999999996 neg:5.111737574107538E-16 
2655.txt neg neg:0.9999999165733514 pos:8.342664859056258E-8 
913.txt neg neg:0.9557624085518117 pos:0.04423759144818827 
3292.txt pos pos:0.9999990427374368 neg:9.572625632680933E-7 
1237.txt neg neg:0.6821131072102908 pos:0.31788689278970916 
422.txt pos neg:0.9978115611685503 pos:0.0021884388314496726 
566.txt neg neg:0.7949403879354692 pos:0.20505961206453086 
107.txt neg neg:0.9999999999999956 pos:4.467671541976319E-15 
1656.txt neg neg:0.9999990783994097 pos:9.216005902025451E-7 
3589.txt pos pos:0.9810624527677425 neg:0.01893754723225746 
2637.txt pos pos:0.9999999995058064 neg:4.941935362657978E-10 
905.txt neg neg:0.9999999524636392 pos:4.753636089187922E-8 
1203.txt pos neg:0.9993261218993724 pos:6.738781006274384E-4 
2539.txt neg neg:0.9999971030316979 pos:2.896968302152716E-6 
1817.txt neg neg:0.9999999868081089 pos:1.3191891113526671E-8 
747.txt pos neg:0.9843779718393654 pos:0.015622028160634592 
2604.txt neg neg:0.9999808928323237 pos:1.91071676763395E-5 
2141.txt pos pos:0.9999894115582115 neg:1.0588441788516083E-5 
3996.txt pos pos:1.0 neg:7.753432974064043E-21 
783.txt neg neg:0.9999235227603163 pos:7.647723968381202E-5 
1747.txt neg neg:0.9999999999995188 pos:4.811089340469834E-13 
Trial 0 Trainer NaiveBayesTrainer Training Data Confusion Matrix
Confusion Matrix, row=true, column=predicted  accuracy=0.9033333333333333
  label   0   1  |total
  0 neg 826  74  |900
  1 pos 100 800  |900

Trial 0 Trainer NaiveBayesTrainer training data accuracy= 0.9033333333333333
Trial 0 Trainer NaiveBayesTrainer Test Data Confusion Matrix
Confusion Matrix, row=true, column=predicted  accuracy=0.735
  label   0   1  |total
  0 neg  73  27  |100
  1 pos  26  74  |100

Trial 0 Trainer NaiveBayesTrainer test data accuracy= 0.735

NaiveBayesTrainer
Summary. train accuracy mean = 0.9033333333333333 stddev = 0.0 stderr = 0.0
Summary. test accuracy mean = 0.735 stddev = 0.0 stderr = 0.0
