
-------------------- Trial 0  --------------------

Trial 0 Training NaiveBayesTrainer with 1800 instances
Trial 0 Training NaiveBayesTrainer finished
Trial 0 Trainer NaiveBayesTrainer
 Raw Testing Data
4188.txt neg pos:0.9834506626584332 neg:0.016549337341566855 
1890.txt neg neg:0.9999995370392595 pos:4.6296074051492106E-7 
3541.txt neg neg:0.9801433940723031 pos:0.01985660592769698 
2106.txt pos pos:0.954471935739924 neg:0.04552806426007619 
2567.txt pos pos:0.999999963919693 neg:3.6080307058380626E-8 
302.txt pos pos:0.9999030281603853 neg:9.697183961471086E-5 
1475.txt pos neg:0.9999999352891435 pos:6.471085651132733E-8 
2396.txt pos pos:0.9999999910296532 neg:8.970346727119929E-9 
3481.txt neg pos:0.8642831461041997 neg:0.13571685389580038 
937.txt neg neg:0.9999999505479511 pos:4.9452048807081064E-8 
1923.txt pos pos:0.9854695919732773 neg:0.014530408026722645 
950.txt pos pos:0.9999999999865135 neg:1.3486510486421608E-11 
1764.txt neg pos:0.7902289928007132 neg:0.20977100719928676 
466.txt neg neg:1.0 pos:2.853908663081681E-26 
4035.txt pos pos:1.0 neg:2.760672506055953E-38 
4157.txt neg neg:0.9999999948996012 pos:5.100398700118489E-9 
4246.txt pos pos:0.9997214322962493 neg:2.7856770375071874E-4 
2340.txt pos pos:1.0 neg:2.0085991801752637E-18 
1434.txt neg neg:0.9997736535174705 pos:2.2634648252941946E-4 
3271.txt pos neg:0.9418900540444456 pos:0.058109945955554305 
3005.txt pos neg:0.725644076829344 pos:0.27435592317065605 
3573.txt neg pos:0.9999873119565604 neg:1.268804343941355E-5 
1846.txt neg neg:0.9998713254075788 pos:1.2867459242111255E-4 
2289.txt pos pos:0.9970175692979886 neg:0.0029824307020115065 
3076.txt neg pos:0.9937204343142194 neg:0.00627956568578064 
273.txt neg neg:0.9999866327417808 pos:1.3367258219177161E-5 
669.txt neg pos:0.9999999857688957 neg:1.4231104332865157E-8 
3681.txt pos neg:0.6486965616782056 pos:0.35130343832179445 
3169.txt neg neg:0.9999999999999991 pos:8.221543868434639E-16 
1083.txt neg pos:0.9999999029892573 neg:9.701074267748075E-8 
1448.txt neg neg:0.9998459329583717 pos:1.5406704162834322E-4 
1564.txt pos pos:0.9999169651842952 neg:8.303481570485774E-5 
4097.txt neg neg:0.9999105488818395 pos:8.945111816040787E-5 
1371.txt pos pos:0.9935982955201852 neg:0.0064017044798146995 
3329.txt pos pos:0.9999999891785935 neg:1.0821406578766057E-8 
3946.txt neg pos:0.9995921216015909 neg:4.0787839840902276E-4 
2445.txt neg neg:0.9995688529966223 pos:4.3114700337778335E-4 
1194.txt pos pos:0.9967989659107859 neg:0.003201034089214161 
156.txt neg pos:0.6842859273141283 neg:0.3157140726858717 
1441.txt neg neg:0.9946209147162128 pos:0.005379085283787089 
977.txt neg neg:0.6337188034543977 pos:0.36628119654560226 
3901.txt neg neg:0.9999999902123476 pos:9.787652429751112E-9 
1563.txt pos pos:0.9999787866022323 neg:2.1213397767777437E-5 
1872.txt pos pos:0.9999999954601781 neg:4.5398217245393624E-9 
1848.txt neg neg:0.9998766530115497 pos:1.2334698845014458E-4 
3811.txt pos pos:0.9999836201278564 neg:1.6379872143568543E-5 
586.txt pos pos:0.9999999999999816 neg:1.8398568672444512E-14 
253.txt pos neg:0.9981983331463183 pos:0.0018016668536816824 
813.txt neg neg:0.99964054775223 pos:3.5945224776997133E-4 
2766.txt pos pos:0.999988048543572 neg:1.1951456427889344E-5 
942.txt neg neg:0.9999999999992806 pos:7.195355077603892E-13 
2912.txt pos pos:0.6158224160333909 neg:0.384177583966609 
1696.txt neg pos:0.7940803959569055 neg:0.20591960404309462 
1303.txt pos pos:1.0 neg:3.048389995516554E-17 
3773.txt pos pos:0.9997116756959188 neg:2.8832430408109463E-4 
1580.txt pos pos:1.0 neg:9.46023864548719E-28 
945.txt neg pos:0.9344682062435918 neg:0.06553179375640819 
3709.txt neg neg:0.9999999999997744 pos:2.2559559131486487E-13 
1061.txt pos pos:0.9999453723074097 neg:5.462769259035854E-5 
2670.txt pos pos:0.9999973724718482 neg:2.627528151737634E-6 
4316.txt neg neg:0.9999999998422611 pos:1.577390343464122E-10 
3204.txt pos pos:0.9999648873719043 neg:3.511262809587059E-5 
414.txt neg neg:1.0 pos:1.613898336236586E-30 
406.txt pos pos:0.9999999999999865 neg:1.3547440506083755E-14 
1268.txt neg neg:0.9999728822964937 pos:2.7117703506319377E-5 
2566.txt neg pos:0.8663046299470676 neg:0.1336953700529324 
4273.txt pos neg:0.9998225166226651 pos:1.774833773348808E-4 
446.txt pos pos:0.9999563040566156 neg:4.369594338440199E-5 
3315.txt pos pos:0.9977513660235845 neg:0.0022486339764153655 
1965.txt neg neg:0.9999970511925962 pos:2.948807403723567E-6 
3327.txt pos pos:0.9999985196943233 neg:1.4803056768056394E-6 
1330.txt neg neg:0.9999759883649814 pos:2.4011635018524724E-5 
1765.txt pos pos:0.999872207662902 neg:1.2779233709805086E-4 
667.txt neg neg:0.9956323601024643 pos:0.004367639897535822 
1255.txt pos pos:0.9579756183685485 neg:0.04202438163145153 
2147.txt neg neg:0.9999748003409129 pos:2.5199659086983792E-5 
1212.txt pos pos:0.9999990485954743 neg:9.514045257724578E-7 
305.txt pos neg:0.9999999502464771 pos:4.975352276315006E-8 
588.txt pos pos:0.999999632842868 neg:3.67157131922794E-7 
2802.txt neg pos:0.9857599241653507 neg:0.014240075834649313 
1266.txt neg pos:0.7885055317479199 neg:0.21149446825208 
104.txt pos pos:1.0 neg:6.3093195902633055E-30 
3941.txt neg neg:0.9999999772005411 pos:2.2799458872830724E-8 
1447.txt pos pos:0.9999996332044496 neg:3.6679555046542743E-7 
3799.txt pos pos:0.9997808260183759 neg:2.1917398162406577E-4 
473.txt pos pos:0.9999956386894447 neg:4.361310555273322E-6 
3418.txt pos neg:0.9235415058507602 pos:0.07645849414923982 
787.txt pos pos:0.9999999568970536 neg:4.3102946419506555E-8 
1807.txt pos neg:0.990529800968064 pos:0.009470199031936109 
4319.txt pos pos:0.9999999999828979 neg:1.7102183078803886E-11 
1672.txt neg pos:0.9996824713570068 neg:3.175286429930893E-4 
1924.txt pos pos:1.0 neg:2.7893928623502114E-17 
4356.txt neg neg:0.9995908012198391 pos:4.0919878016094084E-4 
530.txt neg neg:0.9999999069757795 pos:9.302422056156789E-8 
3746.txt pos pos:0.7341371561032207 neg:0.2658628438967793 
3888.txt neg neg:0.5371836379304523 pos:0.46281636206954774 
4208.txt pos pos:0.9997955101952637 neg:2.044898047362649E-4 
649.txt pos pos:0.9999392271063173 neg:6.077289368275436E-5 
2264.txt pos pos:0.999994597467365 neg:5.402532635007678E-6 
3651.txt neg pos:0.5256843147050194 neg:0.4743156852949806 
1269.txt pos pos:1.0 neg:1.1362084264344722E-21 
3410.txt neg neg:0.9973980013508372 pos:0.002601998649162683 
1252.txt pos neg:0.9442535964006592 pos:0.05574640359934073 
490.txt pos pos:0.9981246946254354 neg:0.0018753053745645303 
1136.txt neg pos:0.8929598417586976 neg:0.10704015824130234 
3245.txt neg neg:0.9677739438844087 pos:0.03222605611559133 
310.txt neg pos:0.9996806548990305 neg:3.1934510096948057E-4 
2521.txt neg pos:0.8697484790908299 neg:0.13025152090917014 
1873.txt neg neg:1.0 pos:3.0754040676887217E-19 
3540.txt pos pos:0.9992682825111137 neg:7.317174888862995E-4 
792.txt neg neg:0.9999999475414171 pos:5.245858297408782E-8 
3817.txt neg neg:0.9997141289792251 pos:2.8587102077482846E-4 
3948.txt neg neg:0.9992824195541509 pos:7.175804458490918E-4 
2058.txt neg neg:0.9996663280127653 pos:3.336719872346989E-4 
3320.txt pos pos:0.9999999456634191 neg:5.4336580888469545E-8 
1337.txt neg neg:0.9999959636993695 pos:4.036300630352129E-6 
1962.txt neg neg:0.9999151925683203 pos:8.480743167962374E-5 
1131.txt neg neg:1.0 pos:7.655155204036466E-21 
30.txt neg pos:0.9999999971834919 neg:2.816508200655637E-9 
1762.txt pos neg:0.9999999998259448 pos:1.7405511576816722E-10 
2726.txt pos pos:1.0 neg:5.865391687655686E-18 
1139.txt pos pos:0.9999999999999996 neg:3.9962243397695876E-16 
4325.txt pos pos:0.9999999999999889 neg:1.1019546470171427E-14 
4274.txt pos pos:1.0 neg:9.442404019102599E-27 
559.txt pos pos:0.9785404074896245 neg:0.02145959251037544 
1055.txt neg neg:0.9999997743684353 pos:2.2563156472524374E-7 
711.txt pos neg:0.9992087885199485 pos:7.912114800513855E-4 
3042.txt pos pos:0.9999999579323202 neg:4.206767984197904E-8 
828.txt neg pos:0.9606965989514098 neg:0.03930340104859014 
1302.txt neg pos:0.9244178596049527 neg:0.07558214039504739 
2985.txt neg pos:0.9999845009663612 neg:1.5499033638707534E-5 
2895.txt pos neg:0.9999999905926075 pos:9.407392635411948E-9 
2803.txt pos pos:0.9991095179244919 neg:8.904820755081505E-4 
4163.txt pos pos:0.9999999969061355 neg:3.0938643822735605E-9 
2913.txt neg neg:0.9773963053962388 pos:0.022603694603761153 
3239.txt neg neg:0.8169451379553598 pos:0.18305486204464022 
2011.txt neg neg:0.9999999979026575 pos:2.09734242368571E-9 
579.txt neg neg:0.9902284110135597 pos:0.009771588986440179 
192.txt pos pos:0.9999999984656764 neg:1.5343234445644357E-9 
833.txt pos neg:0.9858470304759491 pos:0.014152969524050773 
1786.txt pos pos:0.9944434466755321 neg:0.005556553324467872 
319.txt neg neg:0.9998975514462071 pos:1.0244855379299629E-4 
4350.txt pos pos:0.9998286032421752 neg:1.7139675782483157E-4 
3422.txt neg neg:0.9972401171146905 pos:0.002759882885309417 
3094.txt pos pos:0.999999999984492 neg:1.550800247104154E-11 
2263.txt pos pos:1.0 neg:1.1550755547419315E-17 
2101.txt pos pos:0.9585588003964958 neg:0.04144119960350417 
505.txt neg pos:0.6976882515475566 neg:0.30231174845244335 
4323.txt neg neg:0.9999999999983509 pos:1.6490226494668765E-12 
1060.txt neg neg:0.9991189323062744 pos:8.810676937255866E-4 
3326.txt neg neg:0.9999999863796969 pos:1.3620303073669016E-8 
4365.txt pos pos:0.9999999998728586 neg:1.2714130905324258E-10 
2671.txt neg neg:0.966154076378741 pos:0.03384592362125912 
4075.txt pos pos:1.0 neg:1.2595374198796498E-25 
299.txt neg neg:0.9999502823774302 pos:4.971762256974803E-5 
3747.txt neg neg:0.9957377103134112 pos:0.004262289686588845 
234.txt neg pos:0.9971389398529149 neg:0.0028610601470850927 
3203.txt pos pos:0.9984847183584364 neg:0.001515281641563431 
2493.txt neg neg:0.9869628791481594 pos:0.013037120851840571 
1261.txt neg pos:0.9999999999994071 neg:5.92918652183014E-13 
1763.txt neg neg:0.5164960882499458 pos:0.48350391175005414 
4296.txt neg neg:0.6831160154377058 pos:0.31688398456229416 
1832.txt pos pos:0.9999924406684199 neg:7.559331580188477E-6 
2920.txt pos pos:0.9999999271436961 neg:7.28563038213356E-8 
2761.txt pos neg:0.512776940526651 pos:0.487223059473349 
2288.txt neg neg:0.8866228181052309 pos:0.11337718189476911 
2783.txt neg neg:0.997919905932981 pos:0.0020800940670189527 
4119.txt neg neg:0.9999999999706173 pos:2.938280207660977E-11 
103.txt pos pos:0.9999999999999662 neg:3.3815174451187353E-14 
3002.txt pos pos:0.9558255881599467 neg:0.044174411840053406 
3121.txt pos neg:0.9997827345762319 pos:2.1726542376795892E-4 
2436.txt pos pos:0.9317927093633321 neg:0.06820729063666789 
3658.txt neg neg:0.9961869030992284 pos:0.003813096900771634 
522.txt pos pos:0.9999999901208266 neg:9.87917348668737E-9 
2024.txt neg pos:0.9999996519222466 neg:3.480777533132312E-7 
885.txt neg pos:0.9999998512372211 neg:1.487627788015601E-7 
3489.txt pos pos:0.9999999939686386 neg:6.031361419024698E-9 
77.txt neg neg:0.9995865460771508 pos:4.13453922849115E-4 
3242.txt neg neg:0.900324368132546 pos:0.09967563186745411 
1633.txt pos neg:0.9999699515439904 pos:3.00484560095141E-5 
758.txt pos pos:0.9999964103038865 neg:3.5896961134291745E-6 
4098.txt pos pos:1.0 neg:4.699154148393448E-18 
1634.txt pos pos:0.9999999839438918 neg:1.6056108212449253E-8 
640.txt pos pos:0.9999998927780496 neg:1.0722195039652103E-7 
1519.txt neg neg:0.9915114185339523 pos:0.008488581466047754 
248.txt neg neg:0.9999999824695854 pos:1.7530414677944308E-8 
1609.txt neg neg:0.79306927610725 pos:0.20693072389275002 
1556.txt pos pos:0.983080420959735 neg:0.016919579040264997 
1342.txt neg neg:0.7047945315599236 pos:0.2952054684400764 
959.txt pos pos:0.999999987192585 neg:1.2807415012327344E-8 
3031.txt neg neg:0.9999999994633406 pos:5.366593967064831E-10 
3279.txt neg neg:0.9992929461528121 pos:7.07053847187984E-4 
2442.txt neg neg:0.9999987586312971 pos:1.2413687028685957E-6 
3880.txt pos pos:0.9999531466074927 neg:4.685339250736942E-5 
874.txt pos pos:0.9998223582380221 neg:1.776417619779417E-4 
4111.txt pos pos:0.9951953545311115 neg:0.004804645468888456 
1473.txt neg neg:0.9999999989288395 pos:1.0711605700973433E-9 
214.txt pos pos:0.9998882644483592 neg:1.117355516406898E-4 
3450.txt neg neg:0.9999988427031872 pos:1.15729681292573E-6 
2063.txt neg neg:0.9999984327483045 pos:1.5672516955340958E-6 
Trial 0 Trainer NaiveBayesTrainer Training Data Confusion Matrix
Confusion Matrix, row=true, column=predicted  accuracy=0.9044444444444445
  label   0   1  |total
  0 neg 825  75  |900
  1 pos  97 803  |900

Trial 0 Trainer NaiveBayesTrainer training data accuracy= 0.9044444444444445
Trial 0 Trainer NaiveBayesTrainer Test Data Confusion Matrix
Confusion Matrix, row=true, column=predicted  accuracy=0.775
  label   0   1  |total
  0 neg  72  28  |100
  1 pos  17  83  |100

Trial 0 Trainer NaiveBayesTrainer test data accuracy= 0.775

NaiveBayesTrainer
Summary. train accuracy mean = 0.9044444444444445 stddev = 0.0 stderr = 0.0
Summary. test accuracy mean = 0.775 stddev = 0.0 stderr = 0.0
