
-------------------- Trial 0  --------------------

Trial 0 Training NaiveBayesTrainer with 1800 instances
Trial 0 Training NaiveBayesTrainer finished
Trial 0 Trainer NaiveBayesTrainer
 Raw Testing Data
1783.txt neg neg:0.995284928029321 pos:0.004715071970678927 
1802.txt neg neg:0.9697366471105768 pos:0.03026335288942313 
862.txt neg pos:0.9932945277936315 neg:0.0067054722063684645 
1726.txt pos pos:0.9999998722850169 neg:1.2771498319520313E-7 
1766.txt pos pos:0.9369146227459567 neg:0.06308537725404331 
3040.txt neg neg:0.9191223545281286 pos:0.08087764547187136 
3771.txt neg neg:0.9996567291530235 pos:3.432708469765284E-4 
2068.txt pos pos:0.9948417759497423 neg:0.0051582240502576916 
4094.txt neg pos:0.9999999998416318 neg:1.58368206351674E-10 
2800.txt pos pos:0.9999999890137458 neg:1.0986254283368731E-8 
3860.txt pos pos:1.0 neg:4.4482481036363175E-37 
513.txt pos pos:0.6551220678644052 neg:0.3448779321355949 
3455.txt pos neg:0.992202008004188 pos:0.007797991995811912 
4167.txt pos pos:0.6904036749709219 neg:0.309596325029078 
966.txt pos pos:0.9999999209313888 neg:7.90686111407167E-8 
1695.txt neg neg:0.9999913169839625 pos:8.683016037561864E-6 
1526.txt neg neg:0.8796736037727593 pos:0.12032639622724069 
1636.txt neg pos:0.997086184214162 neg:0.002913815785838141 
2519.txt neg pos:0.5037267344310462 neg:0.4962732655689538 
3388.txt neg neg:0.9995487491091366 pos:4.5125089086335703E-4 
3248.txt neg neg:0.9418139338235368 pos:0.05818606617646324 
908.txt neg neg:0.618761364227226 pos:0.38123863577277395 
4242.txt pos pos:0.9999683994726781 neg:3.160052732176242E-5 
631.txt pos pos:0.9999997157571328 neg:2.8424286735303537E-7 
2556.txt pos pos:0.9793756207900312 neg:0.020624379209968704 
1059.txt pos pos:0.9999992156253437 neg:7.843746563145094E-7 
1928.txt neg pos:0.9999113331061232 neg:8.866689387667826E-5 
1477.txt neg neg:0.971579448160293 pos:0.02842055183970704 
4243.txt neg neg:0.9999688910787773 pos:3.11089212226105E-5 
1753.txt pos neg:0.9978050274162661 pos:0.002194972583733917 
3938.txt pos pos:0.999999999963114 neg:3.688615845435552E-11 
2221.txt neg neg:0.9326400353909885 pos:0.06735996460901156 
1843.txt pos pos:0.999999999952794 neg:4.7205931112793904E-11 
1089.txt neg neg:0.9080288608833432 pos:0.09197113911665684 
1191.txt neg neg:0.999980828008784 pos:1.9171991216007534E-5 
1011.txt neg neg:0.9997527649653979 pos:2.4723503460212385E-4 
48.txt neg neg:0.9999971879489573 pos:2.812051042763233E-6 
534.txt neg neg:0.999999999998769 pos:1.2310493478461385E-12 
4155.txt pos pos:1.0 neg:1.4613858821778164E-17 
4183.txt pos pos:0.9999999998221054 neg:1.7789455264549867E-10 
2194.txt pos pos:0.999965347160953 neg:3.465283904697648E-5 
1879.txt neg neg:0.9999970870457376 pos:2.9129542622727118E-6 
1196.txt neg neg:0.9999244850523182 pos:7.551494768177046E-5 
3467.txt pos pos:0.999999999897448 neg:1.0255201004738338E-10 
97.txt pos pos:0.9999500559493082 neg:4.9944050691850804E-5 
2052.txt neg neg:0.9999999567480181 pos:4.325198198884875E-8 
1495.txt pos pos:1.0 neg:5.8804856464542765E-19 
279.txt neg neg:0.989720325433496 pos:0.010279674566504129 
2563.txt pos pos:0.9990677179711143 neg:9.32282028885872E-4 
1755.txt neg pos:0.9999993610424768 neg:6.389575231436386E-7 
2558.txt pos pos:0.9999999943244253 neg:5.6755746565799975E-9 
198.txt pos pos:0.99995673951086 neg:4.3260489140104007E-5 
1333.txt neg neg:0.6429857511900838 pos:0.3570142488099161 
196.txt pos pos:0.9999860436948803 neg:1.3956305119646776E-5 
3273.txt neg neg:0.9999999982992318 pos:1.7007680956637413E-9 
33.txt neg pos:0.9899497007658734 neg:0.010050299234126682 
2897.txt neg neg:0.7245379192779774 pos:0.2754620807220227 
4230.txt pos pos:1.0 neg:2.9651512539558426E-26 
4354.txt pos pos:0.999999999981501 neg:1.849903315087469E-11 
1605.txt pos pos:0.9999999999609108 neg:3.9089140180816524E-11 
901.txt neg neg:0.9999999975718641 pos:2.428136015234675E-9 
3164.txt neg pos:0.9999999999817804 neg:1.821965164380224E-11 
3579.txt neg neg:1.0 pos:1.8895190887375372E-20 
445.txt pos pos:0.9999978597640556 neg:2.1402359443885618E-6 
2083.txt neg pos:0.9998967510848682 neg:1.032489151317371E-4 
2102.txt pos pos:0.9959006182812906 neg:0.004099381718709479 
3777.txt pos pos:0.9989602825809647 neg:0.0010397174190352563 
2911.txt pos pos:0.9938197876417492 neg:0.006180212358250804 
2269.txt pos pos:0.9999999999441425 neg:5.5857517588536113E-11 
115.txt neg neg:0.9999998056696737 pos:1.9433032627461055E-7 
2587.txt pos pos:0.9998341487493191 neg:1.6585125068097677E-4 
1583.txt pos pos:0.9999999994304178 neg:5.695821331147674E-10 
306.txt pos pos:0.9999762689909943 neg:2.3731009005626072E-5 
1476.txt pos pos:0.999999979935627 neg:2.0064373194847654E-8 
1024.txt neg neg:0.9999831189008261 pos:1.688109917374871E-5 
366.txt neg neg:0.9999998645873386 pos:1.354126612936544E-7 
1569.txt pos neg:0.9999940075071327 pos:5.992492867186559E-6 
328.txt neg neg:0.9997163416044716 pos:2.8365839552839584E-4 
2550.txt neg neg:0.999999999999875 pos:1.2491932703140738E-13 
4095.txt pos pos:0.9999999999999829 neg:1.7167844809071235E-14 
2724.txt neg neg:0.999996141478524 pos:3.85852147602701E-6 
459.txt neg neg:0.9999950589603133 pos:4.941039686837792E-6 
1022.txt pos pos:0.6734099883611717 neg:0.3265900116388283 
2408.txt neg neg:0.9999999786187099 pos:2.1381290161775155E-8 
2832.txt pos pos:0.999999999999998 neg:2.1092003951386005E-15 
1133.txt pos pos:0.9620652084348541 neg:0.03793479156514594 
3201.txt neg neg:0.9999854462738736 pos:1.4553726126414648E-5 
1915.txt pos pos:0.9995971149216003 neg:4.0288507839969615E-4 
2699.txt pos neg:0.9910954585149689 pos:0.008904541485031192 
798.txt neg pos:0.9999999769721394 neg:2.3027860667959218E-8 
2565.txt neg neg:0.9999903416104703 pos:9.658389529590857E-6 
1761.txt pos pos:1.0 neg:9.619315885127086E-21 
4277.txt pos neg:0.974797721931852 pos:0.025202278068148055 
334.txt pos neg:0.9999999605995715 pos:3.9400428574707315E-8 
752.txt pos pos:1.0 neg:4.127727114560263E-17 
1264.txt pos pos:0.9999999216382972 neg:7.836170283232818E-8 
906.txt neg neg:0.999394921135197 pos:6.050788648030857E-4 
3736.txt neg neg:0.9999999714650191 pos:2.8534980838452302E-8 
805.txt pos neg:0.9999995549015526 pos:4.4509844744555125E-7 
1803.txt pos pos:0.9999999999584299 neg:4.157006150527594E-11 
4237.txt pos pos:0.999987344560128 neg:1.2655439872019805E-5 
321.txt neg pos:0.9930953116443002 neg:0.006904688355699822 
2634.txt pos pos:0.9999999972948888 neg:2.7051112798120475E-9 
1218.txt pos pos:0.9999459573203008 neg:5.404267969914811E-5 
259.txt pos neg:0.9997113396375602 pos:2.886603624397073E-4 
1805.txt neg neg:0.9999999999530174 pos:4.6982613443508994E-11 
172.txt pos neg:0.9334088629419429 pos:0.066591137058057 
2980.txt pos pos:0.6155673753760847 neg:0.38443262462391525 
160.txt neg neg:0.9824809740452723 pos:0.017519025954727617 
3970.txt neg pos:0.9999999999994413 neg:5.587371038240944E-13 
2448.txt neg neg:0.9999789836820812 pos:2.1016317918919424E-5 
968.txt pos pos:0.9999423802315621 neg:5.761976843781894E-5 
3628.txt pos pos:0.9970126136172074 neg:0.0029873863827925276 
2606.txt pos pos:0.9999998275961708 neg:1.7240382927393144E-7 
1372.txt pos pos:0.9999999999947118 neg:5.288232754362249E-12 
175.txt pos pos:0.9999999986452435 neg:1.3547565040457262E-9 
2518.txt pos pos:0.9999998818627982 neg:1.1813720192956063E-7 
3992.txt pos pos:1.0 neg:3.027449691720936E-20 
4293.txt pos pos:0.9999999999710487 neg:2.895118254595995E-11 
2848.txt neg neg:0.526978362767949 pos:0.47302163723205104 
1259.txt neg pos:0.9754148853861649 neg:0.02458511461383492 
802.txt pos pos:0.6846955842677493 neg:0.31530441573225065 
410.txt neg neg:0.9997300509073995 pos:2.6994909260050323E-4 
2517.txt neg pos:0.9806893849425814 neg:0.019310615057418632 
2214.txt neg neg:0.9999948640235713 pos:5.1359764286051806E-6 
3936.txt pos pos:1.0 neg:8.681908116263592E-18 
3930.txt neg neg:0.9999999999595253 pos:4.047467655659804E-11 
1892.txt pos pos:0.9925559354341034 neg:0.007444064565896619 
2302.txt neg neg:0.9999994745332105 pos:5.254667895103987E-7 
1250.txt neg pos:0.9998996597663972 neg:1.0034023360290964E-4 
1642.txt pos pos:0.7920334171557013 neg:0.20796658284429873 
1025.txt pos neg:0.9137658912877806 pos:0.08623410871221943 
3776.txt neg neg:0.9999901179359567 pos:9.88206404325895E-6 
3744.txt neg neg:0.9999974839369147 pos:2.516063085278208E-6 
3324.txt pos pos:0.999999999719311 neg:2.8068894524697364E-10 
2027.txt neg pos:0.6197885699973007 neg:0.3802114300026993 
270.txt neg neg:0.5941666261954804 pos:0.40583337380451956 
4313.txt pos neg:0.9999982732497715 pos:1.7267502284680547E-6 
2910.txt neg neg:0.9990924967688618 pos:9.075032311381139E-4 
2339.txt neg neg:0.9999999935579786 pos:6.442021212940034E-9 
2787.txt neg neg:0.9999999999329119 pos:6.708818051449999E-11 
707.txt neg pos:0.9999999999993814 neg:6.186227691593528E-13 
3032.txt neg neg:0.9999999999166564 pos:8.334358917202236E-11 
2896.txt pos pos:0.9999940127753817 neg:5.987224618423372E-6 
1953.txt neg neg:0.977816926017722 pos:0.022183073982277986 
3931.txt pos pos:0.9619877036144178 neg:0.03801229638558229 
4203.txt neg neg:0.9986877033719956 pos:0.0013122966280044734 
2806.txt neg neg:0.9999999999123028 pos:8.76972501284813E-11 
3828.txt neg neg:0.9998958769947168 pos:1.0412300528318518E-4 
3453.txt neg neg:0.9999999522800956 pos:4.771990447204158E-8 
2171.txt neg neg:0.9824675825310585 pos:0.01753241746894137 
1721.txt pos pos:0.9936773086897805 neg:0.00632269131021945 
3186.txt pos pos:0.9941353101226832 neg:0.005864689877316825 
2345.txt neg neg:0.9999999941495106 pos:5.8504892955428315E-9 
1132.txt neg neg:0.9999999997805382 pos:2.1946172904704799E-10 
2640.txt neg pos:0.6579470759354588 neg:0.34205292406454135 
2841.txt neg neg:0.9999531491337619 pos:4.685086623816319E-5 
2763.txt neg neg:0.9923992964468137 pos:0.0076007035531862905 
2524.txt pos neg:0.9795014167639488 pos:0.02049858323605125 
3006.txt pos pos:0.9999999999662437 neg:3.3756400354849113E-11 
3049.txt neg neg:0.9999995653972377 pos:4.3460276222889456E-7 
1373.txt neg neg:0.999545726371152 pos:4.542736288480022E-4 
1057.txt pos neg:0.999880023143308 pos:1.1997685669204104E-4 
2758.txt neg neg:0.8820816127733108 pos:0.11791838722668929 
755.txt pos pos:0.9999999999999569 neg:4.318231257331311E-14 
4366.txt pos pos:0.9998940716186424 neg:1.0592838135745288E-4 
3593.txt neg neg:0.9968858740006749 pos:0.003114125999325109 
3867.txt pos pos:0.9999999999999261 neg:7.39009440194072E-14 
3311.txt pos neg:0.8845076595554344 pos:0.1154923404445656 
2379.txt neg neg:0.9999779752677491 pos:2.2024732250805456E-5 
4361.txt pos pos:0.9999999999999964 neg:3.537791524715636E-15 
1286.txt neg pos:0.9976580834150749 neg:0.0023419165849250063 
450.txt neg neg:0.9984994094388846 pos:0.0015005905611154334 
1444.txt pos pos:1.0 neg:8.622017838065401E-38 
353.txt neg neg:0.9807505052571199 pos:0.019249494742879965 
3466.txt neg neg:0.9999999984781516 pos:1.521848494711179E-9 
2378.txt pos pos:0.9998913691869171 neg:1.0863081308297998E-4 
526.txt pos pos:0.999999997233942 neg:2.7660580570684966E-9 
3427.txt pos pos:0.9999999999999998 neg:1.143198588844495E-16 
1670.txt pos pos:0.9830861136516529 neg:0.016913886348346997 
382.txt neg neg:1.0 pos:7.434192628524769E-42 
2020.txt neg neg:0.9999940590417674 pos:5.940958232657667E-6 
4160.txt pos pos:0.9998666477676619 neg:1.3335223233820336E-4 
3150.txt pos neg:0.9477457470517752 pos:0.05225425294822488 
4004.txt pos neg:0.5544498636858991 pos:0.44555013631410095 
1470.txt neg neg:0.9999831784535851 pos:1.682154641486634E-5 
1436.txt pos pos:0.9999999982583714 neg:1.7416287154372637E-9 
2762.txt pos pos:0.9691926465444474 neg:0.03080735345555267 
881.txt neg pos:0.9830605684582183 neg:0.016939431541781732 
219.txt pos pos:0.9999568801530622 neg:4.3119846937975344E-5 
865.txt neg neg:0.9997026046551845 pos:2.9739534481559274E-4 
3358.txt pos pos:0.8167411421367252 neg:0.18325885786327467 
1769.txt neg neg:0.9999999998401117 pos:1.5988836486995595E-10 
1064.txt neg pos:0.9999999999999969 neg:3.071783431043659E-15 
210.txt pos pos:0.9999773499598633 neg:2.2650040136584193E-5 
4270.txt pos neg:0.9999999336336043 pos:6.636639573571126E-8 
155.txt neg neg:0.9999999986697727 pos:1.3302272621700031E-9 
2342.txt neg neg:0.9132765493241831 pos:0.08672345067581694 
825.txt neg neg:0.9999998791224805 pos:1.2087751954127947E-7 
1567.txt pos pos:0.9999999979210816 neg:2.078918289986078E-9 
Trial 0 Trainer NaiveBayesTrainer Training Data Confusion Matrix
Confusion Matrix, row=true, column=predicted  accuracy=0.9005555555555556
  label   0   1  |total
  0 neg 818  82  |900
  1 pos  97 803  |900

Trial 0 Trainer NaiveBayesTrainer training data accuracy= 0.9005555555555556
Trial 0 Trainer NaiveBayesTrainer Test Data Confusion Matrix
Confusion Matrix, row=true, column=predicted  accuracy=0.81
  label   0   1  |total
  0 neg  79  21  |100
  1 pos  17  83  |100

Trial 0 Trainer NaiveBayesTrainer test data accuracy= 0.81

NaiveBayesTrainer
Summary. train accuracy mean = 0.9005555555555556 stddev = 0.0 stderr = 0.0
Summary. test accuracy mean = 0.81 stddev = 0.0 stderr = 0.0
