
-------------------- Trial 0  --------------------

Trial 0 Training NaiveBayesTrainer with 1800 instances
Trial 0 Training NaiveBayesTrainer finished
Trial 0 Trainer NaiveBayesTrainer
 Raw Testing Data
1274.txt pos pos:0.9999998941061988 neg:1.0589380113583521E-7 
398.txt pos pos:0.9999999999987383 neg:1.2616829089250155E-12 
40.txt pos pos:0.9955746903068482 neg:0.004425309693151935 
3180.txt pos neg:0.9998418598484168 pos:1.5814015158319272E-4 
3829.txt neg pos:0.8119299567988002 neg:0.18807004320119994 
2765.txt neg neg:0.9999999995246573 pos:4.75342617761918E-10 
3704.txt pos pos:0.9138074242851276 neg:0.0861925757148724 
1051.txt pos pos:0.8013479369351068 neg:0.19865206306489328 
1920.txt neg neg:0.9633442937529586 pos:0.03665570624704139 
824.txt neg neg:0.9999153372238734 pos:8.466277612656622E-5 
3405.txt pos neg:0.9970186345830496 pos:0.0029813654169503494 
1211.txt neg neg:0.9999986075672607 pos:1.3924327394403801E-6 
3904.txt neg neg:0.9999999985203085 pos:1.4796915477578632E-9 
3512.txt neg pos:0.6669007325685422 neg:0.33309926743145774 
4202.txt neg neg:0.9999999984301373 pos:1.5698626541032776E-9 
2533.txt pos pos:0.9999999997022719 neg:2.977281333720404E-10 
355.txt neg pos:0.5624245367864681 neg:0.43757546321353197 
2267.txt neg pos:0.9644871408563741 neg:0.035512859143626 
114.txt neg neg:0.9904535860453343 pos:0.00954641395466577 
2067.txt pos neg:0.8220696132141699 pos:0.17793038678582998 
3813.txt pos pos:0.9997467034889349 neg:2.5329651106504973E-4 
4312.txt pos pos:0.9999999888841228 neg:1.1115877208358277E-8 
2873.txt pos pos:0.9999892439160172 neg:1.0756083982776625E-5 
1493.txt pos pos:0.9999999999964013 neg:3.5986895380748538E-12 
797.txt neg pos:0.9946846984100977 neg:0.005315301589902274 
2143.txt pos neg:0.9999913487108449 pos:8.651289154983925E-6 
1478.txt neg neg:0.9999642227847365 pos:3.577721526353963E-5 
347.txt pos neg:0.9999994751422235 pos:5.248577764798588E-7 
1058.txt pos pos:0.9999999999936346 neg:6.365440921991065E-12 
215.txt neg neg:0.999999999999269 pos:7.310420017142809E-13 
2166.txt neg pos:0.9988215097660152 neg:0.0011784902339846983 
2847.txt neg neg:0.9999999975932021 pos:2.4067977586399417E-9 
2406.txt pos neg:0.950294163133589 pos:0.04970583686641099 
427.txt pos neg:0.9999583186644346 pos:4.1681335565365604E-5 
1219.txt pos pos:0.9996472596672056 neg:3.527403327944379E-4 
967.txt pos pos:0.999999995099123 neg:4.900877024740323E-9 
1529.txt neg neg:0.9993532642115812 pos:6.467357884188822E-4 
264.txt pos neg:0.9416434119909175 pos:0.05835658800908243 
2094.txt neg neg:0.8928915988196744 pos:0.10710840118032551 
2045.txt neg neg:0.9999999999997573 pos:2.426973717107224E-13 
2808.txt pos pos:0.9999953908014036 neg:4.609198596389272E-6 
3359.txt pos pos:0.9787153829346791 neg:0.021284617065320924 
608.txt neg neg:0.9988603668824925 pos:0.0011396331175075097 
1912.txt neg neg:0.9965624752157731 pos:0.0034375247842268896 
3571.txt neg pos:0.9702986045400421 neg:0.029701395459957754 
1561.txt pos neg:0.9939151138272698 pos:0.006084886172730159 
2586.txt pos pos:0.9999873962847186 neg:1.2603715281484272E-5 
742.txt pos pos:0.999999999999073 neg:9.26966335819801E-13 
1878.txt neg neg:0.9999764349988457 pos:2.3565001154386806E-5 
1216.txt neg pos:0.9999959085529976 neg:4.091447002482311E-6 
271.txt neg neg:0.999990439483262 pos:9.560516737825242E-6 
1713.txt neg neg:0.9999937731609306 pos:6.226839069408993E-6 
1677.txt neg pos:0.9688291473291277 neg:0.031170852670872332 
4182.txt pos pos:0.9999262500922934 neg:7.374990770660632E-5 
781.txt neg pos:0.999999976235224 neg:2.376477613035385E-8 
1307.txt neg neg:0.9999540272971229 pos:4.597270287694461E-5 
741.txt neg neg:0.9999999620481937 pos:3.7951806163339126E-8 
3007.txt pos pos:0.9999998741657697 neg:1.258342302671138E-7 
1876.txt neg neg:0.9999959429266376 pos:4.057073362370036E-6 
2581.txt pos pos:0.7087771700404321 neg:0.2912228299595679 
3420.txt neg neg:0.9951146178533681 pos:0.004885382146631944 
1421.txt pos pos:0.9999999999990277 neg:9.722833785235884E-13 
203.txt neg neg:0.998522703159246 pos:0.001477296840753951 
1251.txt neg neg:0.9953844173744152 pos:0.004615582625584705 
272.txt pos neg:0.6431019249863683 pos:0.3568980750136318 
2304.txt neg neg:0.9999999993224908 pos:6.775091047308335E-10 
1065.txt neg neg:0.9999975012321365 pos:2.498767863618716E-6 
1514.txt pos pos:0.9999999947463505 neg:5.253649446384637E-9 
1584.txt neg pos:0.9999999890339525 neg:1.0966047442891079E-8 
3982.txt pos pos:0.9999940005142522 neg:5.999485747885462E-6 
1552.txt neg neg:0.9463935455497327 pos:0.053606454450267384 
706.txt neg neg:0.999999719266518 pos:2.807334820930407E-7 
4185.txt pos neg:0.9999997368496092 pos:2.631503908602006E-7 
2212.txt neg neg:0.9485167770673159 pos:0.05148322293268418 
4154.txt pos pos:0.9999999999151588 neg:8.484113850234121E-11 
101.txt pos neg:0.9999997394623034 pos:2.6053769652181844E-7 
1983.txt neg pos:0.9999994905230991 neg:5.094769008683434E-7 
947.txt neg neg:0.9999999999931035 pos:6.896573053168518E-12 
3373.txt pos pos:0.9999999999803291 neg:1.96710249080103E-11 
1731.txt pos pos:1.0 neg:1.3528678888526114E-20 
3554.txt pos neg:0.9865172866314883 pos:0.01348271336851177 
1172.txt pos pos:0.6659545176088143 neg:0.3340454823911857 
677.txt pos pos:0.999999999999972 neg:2.8072863306276956E-14 
1568.txt pos pos:1.0 neg:6.432758689767277E-26 
2946.txt pos pos:0.9999962075667713 neg:3.792433228670672E-6 
2331.txt neg pos:0.5122629721260613 neg:0.4877370278739387 
844.txt pos neg:0.9958760725093752 pos:0.004123927490624705 
3018.txt pos pos:0.987763183006046 neg:0.012236816993953972 
2305.txt pos pos:0.7588470987301535 neg:0.24115290126984645 
659.txt neg neg:0.9878731562200506 pos:0.012126843779949454 
3188.txt neg neg:0.9999996908346181 pos:3.0916538193238426E-7 
2409.txt neg neg:0.9958609445117806 pos:0.0041390554882194215 
2909.txt neg neg:0.9999556184510626 pos:4.438154893731037E-5 
91.txt neg neg:0.9999999980074499 pos:1.9925500751815266E-9 
51.txt pos pos:0.9999999999999858 neg:1.4121656050226071E-14 
3953.txt pos pos:0.997159996055412 neg:0.0028400039445879073 
3730.txt neg neg:0.6083270049077707 pos:0.39167299509222925 
2950.txt pos neg:0.9999491206493116 pos:5.0879350688414375E-5 
1554.txt pos neg:0.9879170887709978 pos:0.012082911229002069 
276.txt neg neg:0.997492336457377 pos:0.0025076635426229134 
674.txt neg neg:0.9999955569944823 pos:4.443005517766882E-6 
2377.txt pos pos:0.9999999999379987 neg:6.200136298626403E-11 
2491.txt neg neg:0.9570267602146268 pos:0.04297323978537325 
1148.txt neg neg:0.9015662373351765 pos:0.09843376266482359 
898.txt neg neg:0.9998290568540021 pos:1.709431459977944E-4 
396.txt pos pos:0.9996343733020845 neg:3.6562669791549197E-4 
3263.txt neg neg:0.9999808839527417 pos:1.911604725838918E-5 
3684.txt pos pos:0.9999995128434183 neg:4.871565817141837E-7 
2129.txt pos pos:0.9999998929056194 neg:1.070943805625024E-7 
2916.txt neg neg:0.9999847972319865 pos:1.5202768013564125E-5 
1630.txt neg pos:0.7255166640872073 neg:0.2744833359127928 
1208.txt pos pos:0.9999950766048564 neg:4.923395143651979E-6 
2179.txt neg pos:0.9999985745719898 neg:1.4254280102562424E-6 
476.txt pos neg:0.9961656666345926 pos:0.0038343333654074336 
323.txt pos neg:0.9999999502279211 pos:4.977207890915459E-8 
4352.txt pos neg:1.0 pos:2.875270095088958E-17 
263.txt pos pos:0.9999999998493216 neg:1.5067842360587321E-10 
98.txt neg neg:0.9958138679074898 pos:0.004186132092510091 
3569.txt neg pos:0.6930778587459753 neg:0.3069221412540248 
2028.txt neg neg:0.9998224674375588 pos:1.7753256244112622E-4 
444.txt pos neg:0.9996815491069251 pos:3.184508930749532E-4 
1403.txt neg neg:0.9999716980009853 pos:2.8301999014627847E-5 
2898.txt neg neg:0.7564191788443957 pos:0.2435808211556043 
2734.txt neg neg:0.9999999999999947 pos:5.370526797617281E-15 
2658.txt pos pos:1.0 neg:1.0549950244688324E-17 
492.txt pos neg:0.9997382545015867 pos:2.6174549841319746E-4 
3200.txt neg neg:0.9999848113174311 pos:1.5188682568878815E-5 
1109.txt pos pos:0.999998606807872 neg:1.3931921279056527E-6 
1088.txt neg neg:0.9866310834027767 pos:0.013368916597223309 
625.txt neg pos:0.9981162606208499 neg:0.001883739379150126 
3745.txt neg neg:0.9999999983753094 pos:1.624690539684336E-9 
4227.txt pos pos:0.999999999984873 neg:1.512710943426466E-11 
1671.txt pos pos:1.0 neg:1.5846133492947112E-24 
1720.txt pos pos:0.9999999958971795 neg:4.102820544592338E-9 
972.txt neg neg:0.9999967741269122 pos:3.2258730879062683E-6 
3576.txt neg neg:0.999993018750072 pos:6.981249928101442E-6 
1442.txt pos pos:0.9999998010261687 neg:1.989738312709747E-7 
1010.txt neg neg:0.9999995630000624 pos:4.369999374741783E-7 
2472.txt neg neg:0.6579612289688918 pos:0.3420387710311082 
3928.txt pos pos:0.9995628169754472 neg:4.371830245527587E-4 
1728.txt neg pos:0.997819041148342 neg:0.0021809588516580273 
2352.txt neg neg:0.9994712028726468 pos:5.287971273532599E-4 
1265.txt pos pos:0.9999999999999976 neg:2.4633971386559643E-15 
1660.txt pos pos:0.9743964293306229 neg:0.025603570669377136 
211.txt pos pos:0.9015606155530457 neg:0.0984393844469543 
495.txt pos neg:0.6232838316484619 pos:0.37671616835153804 
3374.txt pos neg:0.9997256597772566 pos:2.7434022274338014E-4 
2757.txt neg neg:0.9999979319071965 pos:2.0680928034755044E-6 
2242.txt pos pos:0.9999980575536048 neg:1.9424463952637373E-6 
2958.txt neg neg:0.9999999999999614 pos:3.871249516870992E-14 
610.txt neg neg:0.9999476067722258 pos:5.2393227774277756E-5 
49.txt neg pos:0.8886229523758995 neg:0.11137704762410054 
455.txt pos pos:0.9999999887549423 neg:1.1245057739018289E-8 
909.txt neg pos:0.9999999501727606 neg:4.98272393923596E-8 
3468.txt pos pos:0.5066731254046472 neg:0.49332687459535285 
1445.txt pos pos:0.999999822255181 neg:1.7774481909012437E-7 
4079.txt pos pos:0.9999999860859812 neg:1.3914018947223535E-8 
1224.txt neg neg:0.9867149917998661 pos:0.013285008200133777 
1520.txt neg neg:0.9999509196343952 pos:4.908036560479626E-5 
2750.txt neg neg:0.6117304868834095 pos:0.3882695131165905 
2282.txt pos pos:0.9684677899337558 neg:0.03153221006624412 
209.txt pos neg:0.9999999999996552 pos:3.449108414602043E-13 
3742.txt neg neg:0.9999999999699614 pos:3.003861665490374E-11 
2632.txt pos neg:0.9999999900167195 pos:9.983280456961268E-9 
1141.txt neg pos:0.9999950040200453 neg:4.995979954800349E-6 
3380.txt neg neg:0.9999806207710662 pos:1.937922893388255E-5 
4353.txt neg neg:0.9918981523389292 pos:0.008101847661070947 
96.txt pos pos:0.8982650016951071 neg:0.10173499830489294 
2674.txt neg neg:0.9999555450638299 pos:4.445493617021413E-5 
3793.txt neg neg:0.9999999999990834 pos:9.16609679899558E-13 
3543.txt neg neg:0.9963591183953548 pos:0.0036408816046450674 
4279.txt neg neg:0.999957278250636 pos:4.2721749364048515E-5 
1804.txt neg pos:0.8339295940614535 neg:0.16607040593854652 
2623.txt pos neg:0.9983741479609713 pos:0.001625852039028735 
3413.txt pos pos:0.9999999980207313 neg:1.9792687866369377E-9 
1643.txt pos pos:0.99999617553827 neg:3.824461729963808E-6 
2423.txt neg neg:0.9999999999999825 pos:1.7547169891911636E-14 
1927.txt neg neg:0.9999853539930885 pos:1.4646006911510303E-5 
1752.txt pos pos:0.9482599407102722 neg:0.051740059289727865 
679.txt pos pos:0.9999999999783695 neg:2.1630390561865403E-11 
880.txt neg pos:0.9888170200833722 neg:0.011182979916627681 
3993.txt pos pos:0.9999999999969769 neg:3.023110973252862E-12 
2401.txt pos pos:0.9999888630090432 neg:1.1136990956727215E-5 
827.txt pos pos:0.9895589999496927 neg:0.010441000050307384 
4027.txt neg neg:0.9999999994084694 pos:5.915306909092679E-10 
456.txt neg neg:0.9676792949172185 pos:0.03232070508278149 
4153.txt pos pos:0.9999999858340536 neg:1.4165946376521968E-8 
387.txt pos pos:0.9999798538788119 neg:2.0146121188108637E-5 
2557.txt pos pos:0.9999761385314235 neg:2.3861468576525062E-5 
793.txt pos pos:0.9999999999999978 neg:2.115628090950741E-15 
1334.txt pos pos:0.9999976764444373 neg:2.32355556267961E-6 
1471.txt neg neg:0.999999696091713 pos:3.0390828696287826E-7 
1019.txt neg neg:0.9999999841568126 pos:1.5843187307023147E-8 
602.txt pos pos:0.9544157591069389 neg:0.04558424089306121 
1669.txt pos pos:0.9832716356429352 neg:0.01672836435706482 
1779.txt neg neg:0.9999534621637598 pos:4.65378362403031E-5 
275.txt pos pos:0.6347623951166814 neg:0.3652376048833185 
1566.txt pos neg:0.99836410676561 pos:0.0016358932343899651 
3892.txt neg neg:0.9999995557092443 pos:4.442907557275051E-7 
2015.txt pos pos:0.9999993914881066 neg:6.085118933988123E-7 
Trial 0 Trainer NaiveBayesTrainer Training Data Confusion Matrix
Confusion Matrix, row=true, column=predicted  accuracy=0.8955555555555555
  label   0   1  |total
  0 neg 817  83  |900
  1 pos 105 795  |900

Trial 0 Trainer NaiveBayesTrainer training data accuracy= 0.8955555555555555
Trial 0 Trainer NaiveBayesTrainer Test Data Confusion Matrix
Confusion Matrix, row=true, column=predicted  accuracy=0.75
  label   0   1  |total
  0 neg  77  23  |100
  1 pos  27  73  |100

Trial 0 Trainer NaiveBayesTrainer test data accuracy= 0.75

NaiveBayesTrainer
Summary. train accuracy mean = 0.8955555555555555 stddev = 0.0 stderr = 0.0
Summary. test accuracy mean = 0.75 stddev = 0.0 stderr = 0.0
