
-------------------- Trial 0  --------------------

Trial 0 Training NaiveBayesTrainer with 1800 instances
Trial 0 Training NaiveBayesTrainer finished
Trial 0 Trainer NaiveBayesTrainer
 Raw Testing Data
1225.txt pos pos:0.9915517291650643 neg:0.008448270834935776 
4113.txt pos pos:0.9999995329508035 neg:4.670491966531483E-7 
1414.txt neg pos:0.9515916661085515 neg:0.048408333891448524 
3334.txt neg neg:0.9999999999650471 pos:3.495293541473448E-11 
3087.txt neg neg:0.9999454287598057 pos:5.4571240194366915E-5 
878.txt pos pos:0.9999999999996705 neg:3.2941717552348836E-13 
3428.txt pos pos:0.9910157590825933 neg:0.008984240917406638 
2901.txt neg neg:0.9966116848450189 pos:0.0033883151549810465 
1754.txt neg neg:0.9016459174911691 pos:0.09835408250883099 
645.txt pos pos:0.7277258210266407 neg:0.2722741789733592 
716.txt neg neg:0.9000591701773758 pos:0.09994082982262431 
2690.txt neg neg:0.9999999956702286 pos:4.329771306655654E-9 
4267.txt neg neg:0.9999999137478014 pos:8.62521986693396E-8 
2872.txt neg pos:0.9999999976244851 neg:2.3755149927563783E-9 
3426.txt pos pos:0.7951984683435448 neg:0.2048015316564552 
4166.txt pos pos:0.9931337068642748 neg:0.006866293135725054 
2061.txt neg neg:0.9999999773435392 pos:2.2656460803037476E-8 
2796.txt neg neg:0.9999994988879135 pos:5.011120865347176E-7 
615.txt pos pos:1.0 neg:6.552728503880987E-19 
5.txt neg neg:0.9999999984941013 pos:1.5058986966379173E-9 
2433.txt pos pos:0.9330276267545802 neg:0.0669723732454198 
3309.txt pos neg:0.9474568337995606 pos:0.05254316620043949 
421.txt pos pos:0.9999972452288253 neg:2.754771174661744E-6 
208.txt pos neg:0.9808328011507382 pos:0.01916719884926171 
3159.txt neg neg:0.9992623107148254 pos:7.376892851746738E-4 
4093.txt pos pos:0.9999999986766348 neg:1.3233651755020373E-9 
3375.txt pos pos:0.999351165955551 neg:6.488340444491561E-4 
3390.txt neg pos:0.9994666403049425 neg:5.333596950576382E-4 
1971.txt pos pos:0.9999999926318819 neg:7.3681180553251834E-9 
3792.txt pos pos:0.99999999999973 neg:2.699837690908414E-13 
4314.txt neg neg:0.9998378044041646 pos:1.6219559583546906E-4 
2154.txt pos neg:0.9997962092893276 pos:2.0379071067244643E-4 
529.txt pos neg:0.6846073311552376 pos:0.3153926688447623 
1233.txt neg neg:0.9999865557363313 pos:1.3444263668634917E-5 
929.txt pos pos:0.999828773267454 neg:1.7122673254585296E-4 
4204.txt pos pos:0.9800626857281762 neg:0.01993731427182379 
2747.txt neg neg:0.9999999222829405 pos:7.771705931988336E-8 
1861.txt neg neg:0.9997271489016514 pos:2.7285109834848605E-4 
3893.txt neg pos:0.9990851499342183 neg:9.148500657816341E-4 
3019.txt pos pos:0.9599188843365644 neg:0.04008111566343558 
2501.txt neg neg:0.9995178589070995 pos:4.821410929004058E-4 
3803.txt pos neg:0.6028027565114998 pos:0.3971972434885002 
2573.txt neg pos:0.9991344997254153 neg:8.655002745846356E-4 
3348.txt neg neg:0.9999999999997591 pos:2.408710066806911E-13 
3172.txt neg neg:0.9868622795866908 pos:0.013137720413309205 
2987.txt neg neg:0.9997025117092897 pos:2.974882907101845E-4 
1679.txt neg neg:0.9999984477881492 pos:1.5522118508749799E-6 
213.txt neg neg:0.9973841938719223 pos:0.002615806128077718 
3217.txt neg pos:0.9999416233850917 neg:5.837661490829016E-5 
1119.txt pos pos:0.9670002980185245 neg:0.032999701981475504 
1165.txt pos neg:0.9747346180513663 pos:0.025265381948633616 
3058.txt neg pos:0.6875475152206119 neg:0.31245248477938814 
2908.txt neg neg:0.9999006780155116 pos:9.932198448834305E-5 
816.txt neg neg:0.9356557918726941 pos:0.06434420812730586 
642.txt pos pos:0.9999999998622477 neg:1.377522788485165E-10 
2.txt neg neg:0.9999976183091955 pos:2.3816908044581534E-6 
1147.txt pos neg:0.9999999439428628 pos:5.6057137118816816E-8 
2751.txt pos neg:0.999999815096883 pos:1.8490311704855653E-7 
1335.txt neg neg:0.9945044264944295 pos:0.00549557350557059 
2890.txt pos neg:0.9999997566015693 pos:2.4339843074661755E-7 
1629.txt neg pos:0.9911644676093603 neg:0.008835532390639661 
428.txt pos pos:0.9999999904392639 neg:9.56073612515705E-9 
3381.txt pos pos:0.9999500217952113 neg:4.997820478879605E-5 
2616.txt neg pos:1.0 neg:3.001675012706584E-17 
3357.txt pos neg:0.9619293203523716 pos:0.03807067964762843 
3502.txt pos pos:0.9999806126485533 neg:1.9387351446745257E-5 
2780.txt pos pos:0.9999380599948141 neg:6.194000518591032E-5 
1993.txt neg neg:0.9999999996652429 pos:3.347571271223795E-10 
1745.txt pos pos:0.9962991429345125 neg:0.0037008570654874246 
1431.txt neg neg:0.9999995695594214 pos:4.304405786286454E-7 
3727.txt neg neg:0.9999996427846901 pos:3.5721530983697543E-7 
4271.txt pos pos:0.9999909271845678 neg:9.072815432086463E-6 
2598.txt pos pos:1.0 neg:5.964439948002902E-17 
2205.txt neg neg:0.9999979261503483 pos:2.0738496517483017E-6 
3010.txt pos pos:0.7992425413189785 neg:0.20075745868102146 
4168.txt pos neg:0.9999850342372384 pos:1.4965762761682022E-5 
2459.txt neg pos:0.999999750006774 neg:2.499932259431902E-7 
1785.txt neg neg:0.5966461290991298 pos:0.4033538709008701 
2732.txt neg neg:0.9999999514993628 pos:4.850063704485945E-8 
3795.txt pos pos:0.999999238656094 neg:7.613439059354651E-7 
403.txt pos pos:0.998705489114266 neg:0.0012945108857338784 
3047.txt pos neg:0.5752939593404767 pos:0.4247060406595232 
3914.txt neg pos:0.9999999969575772 neg:3.0424227789971687E-9 
1644.txt pos neg:0.6743103628164208 pos:0.32568963718357924 
4102.txt neg neg:1.0 pos:2.37855177355886E-17 
1374.txt pos neg:0.9996399511778298 pos:3.6004882217013353E-4 
4305.txt pos pos:0.8773488378707912 neg:0.12265116212920871 
3882.txt pos pos:0.9999999999999996 neg:3.383856724596248E-16 
4327.txt pos pos:1.0 neg:4.7012198990154956E-17 
1704.txt neg neg:0.9999880995265009 pos:1.1900473498959537E-5 
2881.txt neg neg:0.9999999701907625 pos:2.9809237544906385E-8 
1097.txt pos pos:1.0 neg:7.94486431614471E-21 
2648.txt neg neg:0.9975530471422366 pos:0.00244695285776328 
2321.txt neg neg:0.999999992636021 pos:7.363978992064174E-9 
3905.txt pos neg:0.9999999998840461 pos:1.1595400181034106E-10 
1405.txt pos pos:0.9999791859985496 neg:2.0814001450417553E-5 
3157.txt neg neg:0.9999999984029018 pos:1.5970981959550227E-9 
562.txt neg neg:0.9999932970725117 pos:6.702927488275081E-6 
919.txt neg pos:0.9974910891052304 neg:0.002508910894769553 
910.txt neg neg:0.9999997827468673 pos:2.1725313271542766E-7 
591.txt neg neg:0.9999999999993496 pos:6.502628055648102E-13 
2043.txt neg pos:0.9999999999167954 neg:8.320465774616167E-11 
984.txt pos pos:0.9982053059857651 neg:0.0017946940142348768 
2176.txt pos pos:0.9999999322690648 neg:6.773093515765688E-8 
3995.txt neg pos:0.9999970145966537 neg:2.9854033462772626E-6 
3208.txt pos pos:1.0 neg:6.687202852471464E-43 
3913.txt neg neg:0.9983465253143488 pos:0.0016534746856511737 
2933.txt neg neg:0.9204135520511009 pos:0.07958644794889912 
3854.txt pos neg:0.9929613203490004 pos:0.007038679650999566 
853.txt pos neg:0.9999999803053464 pos:1.9694653611923025E-8 
780.txt neg pos:0.8904823141008787 neg:0.10951768589912135 
4226.txt pos pos:0.9999999912180072 neg:8.78199289485279E-9 
3505.txt pos pos:0.9998777725525291 neg:1.2222744747088286E-4 
1982.txt pos pos:0.9999999835746256 neg:1.6425374333301764E-8 
713.txt pos pos:0.8298215922246291 neg:0.17017840777537083 
2139.txt neg neg:0.9904210148892605 pos:0.009578985110739523 
1108.txt neg neg:0.9999999999896458 pos:1.0354159576951689E-11 
3386.txt pos pos:0.9998183445099718 neg:1.8165549002819686E-4 
1351.txt pos pos:0.9999512579528346 neg:4.8742047165326334E-5 
1365.txt neg neg:0.9999998732133096 pos:1.2678669033200922E-7 
2523.txt neg neg:1.0 pos:3.172380046570781E-17 
1504.txt pos pos:0.7610986593140519 neg:0.2389013406859481 
952.txt pos pos:0.9999999993025956 neg:6.974042563599098E-10 
1016.txt pos pos:0.9999988801053007 neg:1.1198946992775532E-6 
126.txt neg neg:0.9999999550132279 pos:4.498677203279585E-8 
756.txt neg pos:0.9999943452449758 neg:5.654755024235623E-6 
584.txt pos pos:0.9999956957038093 neg:4.304296190671299E-6 
2104.txt pos pos:0.9994612208362865 neg:5.387791637134965E-4 
3080.txt neg neg:0.9889255104043988 pos:0.011074489595601093 
337.txt neg neg:0.9927901164406239 pos:0.007209883559376149 
1241.txt neg pos:0.998151523399828 neg:0.0018484766001720745 
1767.txt pos neg:0.9999998774888758 pos:1.2251112420924396E-7 
2283.txt neg neg:0.999999999951007 pos:4.899306335238737E-11 
3415.txt neg neg:0.9999997735179449 pos:2.2648205507461594E-7 
2077.txt pos pos:0.6105034773431381 neg:0.3894965226568618 
4276.txt pos pos:0.9999999999749292 neg:2.507091956220649E-11 
261.txt neg pos:0.9997209485642711 neg:2.790514357290449E-4 
3482.txt pos pos:0.9999707550596851 neg:2.9244940314865092E-5 
2951.txt neg neg:0.9999999965751689 pos:3.4248310661355032E-9 
826.txt pos neg:0.9995301719038786 pos:4.6982809612146684E-4 
133.txt pos neg:0.9999999998423186 pos:1.5768143128069143E-10 
3871.txt pos pos:0.99999999501177 neg:4.988230077796409E-9 
2070.txt pos neg:0.5900248817681487 pos:0.40997511823185123 
236.txt neg neg:0.9999999665423309 pos:3.3457669065951313E-8 
146.txt pos neg:0.9999999971932345 pos:2.8067655582144408E-9 
1046.txt pos pos:0.9999999999999061 neg:9.396869053240852E-14 
2541.txt neg neg:0.999999999999958 pos:4.2075022583327976E-14 
2710.txt neg neg:0.9999832629736128 pos:1.673702638705265E-5 
3399.txt neg neg:0.9977324626150541 pos:0.002267537384945974 
1776.txt neg neg:0.9999999999999156 pos:8.435377750837686E-14 
3074.txt neg neg:0.999999998563065 pos:1.4369349466760258E-9 
3826.txt pos pos:0.999999775181989 neg:2.2481801105876287E-7 
983.txt pos pos:0.9999999997881306 neg:2.1186937322912816E-10 
1939.txt neg neg:0.9999999999728915 pos:2.7108621287619316E-11 
309.txt pos pos:0.9484962758782244 neg:0.051503724121775604 
2425.txt neg neg:0.9643209864425207 pos:0.035679013557479274 
75.txt pos pos:0.9999999512147996 neg:4.878520036207597E-8 
448.txt neg neg:1.0 pos:8.440729582816465E-28 
1814.txt neg neg:0.9999999998452458 pos:1.5475423673735541E-10 
3065.txt pos pos:0.6503133303400563 neg:0.3496866696599436 
1668.txt pos pos:0.9999579967613735 neg:4.20032386264172E-5 
3944.txt neg neg:0.9999999692763667 pos:3.0723633366521225E-8 
2650.txt pos neg:0.9999286166910819 pos:7.138330891812897E-5 
2899.txt pos pos:0.9593811305856675 neg:0.0406188694143325 
672.txt neg neg:0.6691778898375512 pos:0.3308221101624487 
1466.txt neg pos:0.9975086338144236 neg:0.0024913661855764887 
1594.txt neg neg:0.9995869897122615 pos:4.130102877385204E-4 
3301.txt neg neg:0.9998773492238763 pos:1.2265077612367314E-4 
2354.txt neg pos:0.9992881828452942 neg:7.118171547057737E-4 
612.txt pos neg:0.999999714268032 pos:2.8573196801732293E-7 
4114.txt pos pos:0.9999999633724741 neg:3.6627525822769635E-8 
4260.txt neg neg:0.9631351838456763 pos:0.03686481615432379 
998.txt neg neg:0.9992138942846466 pos:7.86105715353421E-4 
1454.txt neg neg:0.9903466320785621 pos:0.009653367921437948 
1868.txt neg neg:0.9999996660400366 pos:3.3395996341147593E-7 
50.txt neg neg:0.9999999984905847 pos:1.5094152555644126E-9 
2641.txt neg neg:0.9991699061923192 pos:8.30093807680787E-4 
882.txt pos pos:0.995221693274685 neg:0.004778306725315007 
2497.txt pos neg:0.999837507535491 pos:1.624924645089123E-4 
223.txt pos pos:0.9994997344315041 neg:5.002655684959715E-4 
1257.txt pos neg:0.9844954050092906 pos:0.015504594990709449 
917.txt neg neg:0.9999938141254413 pos:6.1858745586594666E-6 
4037.txt pos pos:0.9999682893554517 neg:3.1710644548339126E-5 
312.txt neg pos:0.9996441613314985 neg:3.558386685014711E-4 
2055.txt pos pos:0.9999999999984355 neg:1.5645914925335244E-12 
1602.txt neg neg:0.9999479024505336 pos:5.209754946640771E-5 
1041.txt pos pos:0.996400659089526 neg:0.0035993409104740077 
3341.txt neg neg:0.8162617423315721 pos:0.18373825766842794 
3894.txt neg neg:0.9997644143498521 pos:2.355856501478463E-4 
693.txt pos pos:0.9999999928063197 neg:7.1936801871958144E-9 
1794.txt pos neg:0.9994384891858685 pos:5.615108141315096E-4 
657.txt neg neg:0.994263812960778 pos:0.005736187039222082 
1358.txt pos pos:0.9999976000691569 neg:2.399930843129793E-6 
630.txt pos pos:0.9999999999999998 neg:1.3315417246532655E-16 
2244.txt pos pos:0.9999999624953307 neg:3.750466919008616E-8 
3098.txt pos pos:0.997444002777311 neg:0.002555997222689043 
1090.txt pos pos:0.9999993847363042 neg:6.152636957411707E-7 
600.txt neg neg:0.9843464939475451 pos:0.015653506052454972 
3333.txt neg neg:0.9999928295993826 pos:7.170400617382329E-6 
955.txt pos pos:0.9999999999963469 neg:3.653048540279009E-12 
Trial 0 Trainer NaiveBayesTrainer Training Data Confusion Matrix
Confusion Matrix, row=true, column=predicted  accuracy=0.9055555555555556
  label   0   1  |total
  0 neg 832  68  |900
  1 pos 102 798  |900

Trial 0 Trainer NaiveBayesTrainer training data accuracy= 0.9055555555555556
Trial 0 Trainer NaiveBayesTrainer Test Data Confusion Matrix
Confusion Matrix, row=true, column=predicted  accuracy=0.76
  label   0   1  |total
  0 neg  79  21  |100
  1 pos  27  73  |100

Trial 0 Trainer NaiveBayesTrainer test data accuracy= 0.76

NaiveBayesTrainer
Summary. train accuracy mean = 0.9055555555555556 stddev = 0.0 stderr = 0.0
Summary. test accuracy mean = 0.76 stddev = 0.0 stderr = 0.0
