
-------------------- Trial 0  --------------------

Trial 0 Training NaiveBayesTrainer with 1800 instances
Trial 0 Training NaiveBayesTrainer finished
Trial 0 Trainer NaiveBayesTrainer
 Raw Testing Data
3965.txt pos neg:0.9930062289425151 pos:0.006993771057484944 
719.txt neg neg:0.9999999991367161 pos:8.632839376345276E-10 
2931.txt neg neg:0.9999999999995786 pos:4.213331342976014E-13 
3674.txt neg neg:0.9391197719520752 pos:0.06088022804792487 
3269.txt neg neg:0.9999999980169514 pos:1.983048649405555E-9 
2357.txt pos pos:1.0 neg:2.9502554917483194E-18 
416.txt pos pos:0.9986107723279024 neg:0.0013892276720974721 
1822.txt pos pos:0.9999920954588977 neg:7.904541102397475E-6 
3012.txt pos pos:0.8150135848667368 neg:0.18498641513326328 
1275.txt neg pos:0.9965210551879551 neg:0.003478944812045032 
2162.txt neg neg:0.999999725737011 pos:2.742629889441254E-7 
932.txt pos pos:0.9999999999999916 neg:8.492186780134347E-15 
438.txt neg pos:0.9944570922210788 neg:0.0055429077789211495 
4023.txt neg neg:0.9901975789864709 pos:0.009802421013529058 
2978.txt neg neg:0.9493565420729474 pos:0.050643457927052646 
55.txt neg pos:0.9997037808121487 neg:2.9621918785117615E-4 
587.txt neg pos:0.9245659266498177 neg:0.07543407335018242 
2793.txt neg neg:0.9989831473242152 pos:0.0010168526757847716 
799.txt pos pos:0.999999885422642 neg:1.1457735790882082E-7 
2153.txt neg neg:0.9999999999262799 pos:7.372014649656808E-11 
3756.txt pos pos:0.9999896654712576 neg:1.0334528742315491E-5 
1205.txt pos neg:0.9318717808786542 pos:0.06812821912134576 
1947.txt neg neg:0.9999999540963084 pos:4.590369160840864E-8 
4263.txt pos neg:0.7342812220525835 pos:0.2657187779474165 
2311.txt neg neg:0.9965694373500225 pos:0.003430562649977606 
1730.txt neg pos:0.9889901123937124 neg:0.011009887606287697 
2006.txt neg neg:0.9999999999992457 pos:7.542700755266908E-13 
2505.txt pos pos:1.0 neg:1.0777265115125498E-16 
121.txt pos pos:0.9999978561379852 neg:2.1438620146748883E-6 
2795.txt pos pos:0.9999999999785214 neg:2.1478544729622853E-11 
3899.txt pos pos:1.0 neg:2.24032873239443E-23 
2738.txt pos neg:0.9060048691889377 pos:0.09399513081106216 
3833.txt pos pos:1.0 neg:4.657689784751427E-23 
1862.txt pos neg:0.9999970989978252 pos:2.9010021747149004E-6 
3104.txt pos pos:0.937204545695625 neg:0.06279545430437507 
204.txt pos pos:0.9999999999999971 neg:2.8613850094681644E-15 
360.txt pos pos:0.9999999999998723 neg:1.2759703235075052E-13 
1456.txt neg pos:0.9758809180670898 neg:0.024119081932910208 
3141.txt neg neg:0.9999805722668312 pos:1.9427733168710963E-5 
1596.txt neg neg:0.999999791044201 pos:2.0895579891348775E-7 
4347.txt pos pos:1.0 neg:9.95496426050144E-22 
4050.txt pos pos:0.9999999999991598 neg:8.402656060081879E-13 
423.txt pos pos:0.6406232220398667 neg:0.3593767779601334 
1044.txt pos neg:0.9896534429064315 pos:0.010346557093568392 
768.txt neg neg:0.9999999006882324 pos:9.931176768575556E-8 
3190.txt neg pos:0.970466788041277 neg:0.029533211958723056 
3958.txt neg pos:0.9999999999999409 neg:5.895603688550101E-14 
1327.txt neg neg:0.9993431633937078 pos:6.568366062922054E-4 
2453.txt pos neg:0.9885189835392961 pos:0.011481016460703769 
4256.txt pos pos:0.9999999999999996 neg:4.517576776097544E-16 
3394.txt pos neg:0.9912324140073563 pos:0.008767585992643634 
1293.txt pos pos:1.0 neg:1.1293835324038787E-27 
1598.txt neg neg:0.8472465389073628 pos:0.1527534610926373 
3518.txt neg neg:0.7557943021845944 pos:0.24420569781540552 
560.txt neg neg:0.8184367109473129 pos:0.1815632890526872 
2427.txt neg pos:0.6987768022233701 neg:0.30122319777662987 
818.txt pos pos:0.9999999999991771 neg:8.227895008544365E-13 
349.txt neg neg:0.9994164132485578 pos:5.835867514421322E-4 
1818.txt neg neg:0.9999909144715233 pos:9.085528476662319E-6 
1900.txt neg neg:0.999999999940451 pos:5.95490108874026E-11 
287.txt neg pos:0.9890699588664543 neg:0.010930041133545617 
1506.txt pos pos:0.9999999770601452 neg:2.293985488474096E-8 
1277.txt pos pos:0.9790871572238153 neg:0.02091284277618462 
1740.txt pos pos:0.9999999998588636 neg:1.4113634524499952E-10 
3646.txt neg neg:0.999999788037694 pos:2.119623061350821E-7 
174.txt neg pos:0.9647153529406718 neg:0.03528464705932819 
2826.txt pos pos:0.9999999999969069 neg:3.0930351335440906E-12 
754.txt neg pos:0.9992849538223612 neg:7.150461776387272E-4 
2745.txt neg neg:0.9999972647280925 pos:2.7352719073700587E-6 
569.txt neg pos:0.9996464921602521 neg:3.5350783974783006E-4 
3697.txt neg neg:0.9999999988902892 pos:1.1097108005721961E-9 
1973.txt pos pos:0.9999935809512409 neg:6.419048759179075E-6 
384.txt pos pos:0.9999851690868505 neg:1.4830913149565286E-5 
2652.txt pos pos:0.9999966314010394 neg:3.368598960628117E-6 
1416.txt neg neg:0.9953425384913522 pos:0.004657461508647873 
1127.txt pos pos:0.999999969149724 neg:3.085027599567651E-8 
3751.txt pos pos:0.9999999986131003 neg:1.3868996251590434E-9 
1855.txt neg neg:0.9999999999999973 pos:2.7157798430646806E-15 
3013.txt neg neg:0.999980496001789 pos:1.950399821094516E-5 
238.txt pos neg:0.9116689446174387 pos:0.08833105538256125 
2041.txt neg neg:0.999575860918387 pos:4.241390816129983E-4 
1326.txt pos pos:0.9999763020542466 neg:2.369794575335642E-5 
2119.txt neg neg:0.9999595465309046 pos:4.0453469095461796E-5 
1574.txt pos pos:0.5654491858346887 neg:0.43455081416531127 
1095.txt pos pos:1.0 neg:1.7610878523628944E-21 
464.txt pos pos:0.6369061228454116 neg:0.36309387715458846 
2097.txt neg neg:0.973930986412526 pos:0.026069013587474103 
3910.txt pos pos:0.9999999999254439 neg:7.455616707766382E-11 
4109.txt neg neg:0.9999983101790617 pos:1.6898209382580162E-6 
4175.txt neg neg:0.5685514866701948 pos:0.43144851332980516 
3103.txt pos neg:0.9999770533552903 pos:2.2946644709649362E-5 
1036.txt pos pos:1.0 neg:1.8998814497098065E-17 
2295.txt neg neg:0.9999996992960345 pos:3.0070396546631855E-7 
1243.txt neg pos:0.990508246187497 neg:0.009491753812503098 
4173.txt pos pos:1.0 neg:3.3099809731126485E-22 
556.txt neg neg:0.9999999989062984 pos:1.0937015333720277E-9 
2776.txt pos pos:0.9827456123377696 neg:0.017254387662230388 
907.txt pos pos:0.9999999999999942 neg:5.7090393254297764E-15 
1481.txt pos pos:0.9989867035652312 neg:0.0010132964347688003 
1791.txt pos pos:0.999998996987222 neg:1.0030127779568135E-6 
1278.txt neg neg:0.9993483162381087 pos:6.516837618912181E-4 
1998.txt neg neg:0.9999986990211053 pos:1.3009788947481497E-6 
1884.txt neg neg:0.9994915595566471 pos:5.084404433527953E-4 
3986.txt pos pos:0.9543035024744277 neg:0.0456964975255723 
1974.txt pos pos:0.9999787372320951 neg:2.1262767904873858E-5 
2316.txt neg neg:0.9999999988619372 pos:1.1380628096125869E-9 
3758.txt pos neg:0.9985285699062533 pos:0.0014714300937468054 
520.txt neg neg:0.9997201898894591 pos:2.7981011054092555E-4 
2855.txt neg neg:0.9999998205521132 pos:1.7944788680015655E-7 
3922.txt pos pos:0.999996907873759 neg:3.0921262409324705E-6 
1797.txt neg pos:0.9997395082607983 neg:2.604917392017676E-4 
2883.txt neg neg:0.971127846919502 pos:0.02887215308049795 
190.txt neg neg:0.9950493305136695 pos:0.004950669486330562 
1369.txt neg neg:0.9999087212356573 pos:9.127876434272554E-5 
1003.txt pos pos:0.9998610010595105 neg:1.3899894048958537E-4 
3673.txt neg pos:0.9999004399709327 neg:9.956002906727321E-5 
3719.txt neg pos:0.9996884758198897 neg:3.1152418011017003E-4 
3408.txt pos neg:0.9999971578130532 pos:2.8421869467855464E-6 
3331.txt neg pos:0.8653892605818235 neg:0.13461073941817647 
141.txt neg neg:0.9999999999771243 pos:2.2875637894714356E-11 
1859.txt pos pos:0.9999987112557889 neg:1.2887442110835412E-6 
3137.txt neg neg:0.9999999987220589 pos:1.277941140177821E-9 
3192.txt pos pos:0.9999999997249753 neg:2.7502467649905976E-10 
3586.txt pos pos:0.8095572878405782 neg:0.19044271215942174 
1659.txt neg neg:0.9203469920566603 pos:0.07965300794333974 
3516.txt neg neg:0.9433590683525732 pos:0.05664093164742666 
3378.txt neg neg:0.9999944979263072 pos:5.50207369286081E-6 
4307.txt pos pos:0.99857401366067 neg:0.001425986339329946 
84.txt pos pos:0.9994482767804057 neg:5.517232195941707E-4 
619.txt pos pos:0.6309835185767594 neg:0.3690164814232405 
969.txt neg neg:0.9998270309274107 pos:1.7296907258934505E-4 
2777.txt neg neg:0.996471585994446 pos:0.0035284140055539905 
1450.txt pos neg:0.9503696737133907 pos:0.0496303262866093 
2570.txt pos neg:0.9999152269960482 pos:8.47730039518822E-5 
3713.txt neg neg:0.997257154310498 pos:0.0027428456895021575 
949.txt pos pos:0.9999999999358682 neg:6.413172763491496E-11 
889.txt pos pos:0.9188764390295024 neg:0.08112356097049753 
2653.txt neg neg:0.9970197831492851 pos:0.002980216850714923 
2180.txt pos pos:0.9772223557640272 neg:0.02277764423597282 
280.txt neg neg:0.9890901429801909 pos:0.010909857019808952 
2866.txt pos neg:0.9999999999642355 pos:3.576446677374745E-11 
2579.txt pos neg:0.9956998624746999 pos:0.004300137525300157 
864.txt pos pos:0.9999999999971443 neg:2.8558257360792813E-12 
1858.txt neg neg:0.9984707435313951 pos:0.0015292564686049516 
3228.txt pos pos:0.9995605682035664 neg:4.3943179643360277E-4 
1933.txt pos neg:0.9941198175440952 pos:0.005880182455904886 
2072.txt pos pos:0.9996453738269312 neg:3.546261730687864E-4 
1823.txt neg neg:0.9999972386975842 pos:2.7613024158039576E-6 
1949.txt neg neg:0.999999999426638 pos:5.733619297239253E-10 
1591.txt neg pos:0.5213454478088528 neg:0.4786545521911471 
1590.txt pos pos:0.9989340362336069 neg:0.0010659637663931467 
1078.txt pos pos:1.0 neg:6.220651305373835E-20 
2593.txt pos pos:0.9996315351185591 neg:3.684648814410519E-4 
1501.txt pos pos:0.9999816915600469 neg:1.830843995304356E-5 
1709.txt pos pos:0.9999999999991727 neg:8.274424481778617E-13 
1999.txt pos pos:0.9998825955221204 neg:1.1740447787947907E-4 
1680.txt pos neg:0.9693808510445979 pos:0.03061914895540206 
790.txt pos pos:0.9999937466651571 neg:6.253334842912272E-6 
2612.txt pos pos:0.9999999985963903 neg:1.4036096048891384E-9 
332.txt neg neg:0.9996409320904741 pos:3.5906790952597306E-4 
1886.txt pos pos:0.9999969356062159 neg:3.0643937840237793E-6 
3069.txt pos pos:0.9999591523281907 neg:4.084767180943958E-5 
2904.txt neg neg:0.999999988677606 pos:1.1322394065756791E-8 
4375.txt pos pos:0.9999999999999993 neg:7.494136921751004E-16 
637.txt neg neg:0.9999997826758512 pos:2.1732414865098971E-7 
404.txt neg neg:0.9444989898034145 pos:0.05550101019658544 
1572.txt neg neg:0.9990464829658315 pos:9.535170341685099E-4 
7.txt neg pos:0.6297722233099254 neg:0.37022777669007445 
329.txt pos neg:0.9999904889960527 pos:9.511003947282982E-6 
1775.txt pos pos:0.8201197552268905 neg:0.17988024477310935 
2454.txt pos pos:0.9999999996828126 neg:3.171874140824295E-10 
3085.txt neg neg:0.860972963166453 pos:0.139027036833547 
3714.txt neg neg:0.9984417850560282 pos:0.0015582149439719345 
3919.txt pos neg:0.9998090256884593 pos:1.909743115407049E-4 
3176.txt pos pos:0.9996335854822388 neg:3.6641451776113547E-4 
3759.txt neg pos:0.9989400115595778 neg:0.0010599884404221395 
1532.txt neg pos:0.5624516064052932 neg:0.4375483935947067 
1070.txt neg neg:0.9999996554256082 pos:3.445743916713144E-7 
512.txt neg neg:0.9999999999067206 pos:9.327938966004907E-11 
244.txt pos pos:0.9999981803057904 neg:1.819694209608097E-6 
3170.txt neg pos:0.9999186050542224 neg:8.139494577754938E-5 
1005.txt neg neg:0.9999999998527815 pos:1.472184859300124E-10 
3563.txt neg neg:0.9657367622370153 pos:0.034263237762984636 
4379.txt neg neg:0.8404325904914903 pos:0.15956740950850967 
3221.txt pos pos:0.9993906032440291 neg:6.093967559709073E-4 
3649.txt pos pos:0.9999999999876754 neg:1.2324623997400046E-11 
20.txt neg neg:0.6470584492965897 pos:0.35294155070341027 
2701.txt neg neg:0.9999999999999976 pos:2.3584232423883103E-15 
4010.txt pos pos:1.0 neg:2.7915653298941945E-20 
900.txt pos pos:0.999893378308206 neg:1.066216917941065E-4 
4340.txt pos pos:0.9999999925922638 neg:7.4077361646160146E-9 
532.txt pos pos:0.5421386624596141 neg:0.45786133754038594 
2123.txt pos pos:0.9868067920583724 neg:0.013193207941627535 
3449.txt neg pos:0.999998196890201 neg:1.803109799006416E-6 
3757.txt neg neg:0.99748080300667 pos:0.002519196993330134 
1934.txt pos pos:0.8190170187151782 neg:0.18098298128482185 
3014.txt neg neg:0.9996574326936137 pos:3.425673063862801E-4 
1619.txt neg neg:0.9999958898650846 pos:4.110134915343168E-6 
4281.txt neg pos:0.8762899619384212 neg:0.12371003806157865 
443.txt neg neg:0.9999984673338601 pos:1.532666140010137E-6 
Trial 0 Trainer NaiveBayesTrainer Training Data Confusion Matrix
Confusion Matrix, row=true, column=predicted  accuracy=0.9044444444444445
  label   0   1  |total
  0 neg 822  78  |900
  1 pos  94 806  |900

Trial 0 Trainer NaiveBayesTrainer training data accuracy= 0.9044444444444445
Trial 0 Trainer NaiveBayesTrainer Test Data Confusion Matrix
Confusion Matrix, row=true, column=predicted  accuracy=0.775
  label   0   1  |total
  0 neg  75  25  |100
  1 pos  20  80  |100

Trial 0 Trainer NaiveBayesTrainer test data accuracy= 0.775

NaiveBayesTrainer
Summary. train accuracy mean = 0.9044444444444445 stddev = 0.0 stderr = 0.0
Summary. test accuracy mean = 0.775 stddev = 0.0 stderr = 0.0
