
-------------------- Trial 0  --------------------

Trial 0 Training MaxEntTrainer,gaussianPriorVariance=1.0 with 1800 instances
Trial 0 Training MaxEntTrainer,gaussianPriorVariance=1.0 finished
Trial 0 Trainer MaxEntTrainer,gaussianPriorVariance=1.0
 Raw Testing Data
2755.txt pos neg:0.9465254023296399 pos:0.05347459767036023 
524.txt pos neg:0.73084892105795 pos:0.26915107894205015 
3295.txt neg neg:0.8422733962105577 pos:0.15772660378944223 
883.txt neg neg:0.6184082828675473 pos:0.38159171713245266 
920.txt neg neg:0.9983654405277528 pos:0.0016345594722471904 
2333.txt pos pos:0.9958869542990251 neg:0.004113045700975022 
1338.txt neg neg:0.9958698442900262 pos:0.00413015570997366 
2056.txt pos pos:0.990263645003425 neg:0.009736354996574891 
4149.txt neg neg:0.7705447717160927 pos:0.22945522828390724 
580.txt pos neg:0.5471865717559304 pos:0.4528134282440695 
1916.txt neg neg:0.8337797726125599 pos:0.16622022738744002 
3850.txt pos pos:0.7456086116807534 neg:0.2543913883192467 
2198.txt pos pos:0.9651861455017283 neg:0.03481385449827159 
137.txt pos pos:0.9933975355951585 neg:0.006602464404841464 
1562.txt pos pos:0.9892984542956409 neg:0.010701545704359045 
2149.txt pos pos:0.7054495794759628 neg:0.29455042052403724 
1417.txt pos neg:0.8820935306323759 pos:0.11790646936762399 
555.txt neg neg:0.9049350712318929 pos:0.09506492876810713 
3664.txt pos pos:0.8356007824790982 neg:0.16439921752090184 
1899.txt pos pos:0.9508785530793052 neg:0.04912144692069472 
3061.txt neg neg:0.994930602202144 pos:0.005069397797856034 
3283.txt neg neg:0.996707540349972 pos:0.00329245965002805 
2197.txt neg neg:0.5425460876806977 pos:0.4574539123193023 
3425.txt pos pos:0.8301446304330796 neg:0.16985536956692032 
3857.txt pos pos:0.7990544633357373 neg:0.20094553666426276 
1781.txt neg neg:0.9897600352098563 pos:0.010239964790143757 
3816.txt neg neg:0.616925544627361 pos:0.38307445537263896 
3796.txt pos pos:0.9038369794635073 neg:0.0961630205364928 
4000.txt neg neg:0.8727298871988435 pos:0.12727011280115652 
331.txt pos pos:0.97780091671978 neg:0.02219908328022013 
583.txt neg pos:0.653570117833596 neg:0.346429882166404 
1700.txt pos pos:0.9927665368499304 neg:0.007233463150069502 
1449.txt neg pos:0.868699358116885 neg:0.13130064188311488 
1435.txt neg neg:0.9969511585297701 pos:0.00304884147022983 
1138.txt pos pos:0.9903468904051451 neg:0.009653109594854822 
1640.txt pos pos:0.9946703699237959 neg:0.005329630076204097 
2403.txt neg neg:0.9854173715843727 pos:0.014582628415627236 
1608.txt neg neg:0.5205758287819033 pos:0.47942417121809666 
1601.txt neg neg:0.6442046681069415 pos:0.3557953318930584 
3634.txt neg pos:0.5596530356548047 neg:0.4403469643451954 
1377.txt pos pos:0.994530620084492 neg:0.005469379915507915 
4034.txt pos pos:0.91980131637191 neg:0.08019868362809014 
2804.txt neg pos:0.9619240917567169 neg:0.03807590824328309 
3154.txt neg neg:0.9705655126074343 pos:0.029434487392565645 
2469.txt neg pos:0.5814214299220444 neg:0.41857857007795557 
1254.txt pos pos:0.735319932110151 neg:0.2646800678898491 
2309.txt neg neg:0.9998473255602401 pos:1.526744397597416E-4 
3591.txt neg neg:0.9992057018240776 pos:7.942981759223687E-4 
292.txt pos pos:0.9512555458882591 neg:0.04874445411174104 
3145.txt neg neg:0.9281665152822328 pos:0.07183348471776711 
2867.txt neg neg:0.9892577572466281 pos:0.010742242753371866 
3038.txt pos neg:0.6019736468037793 pos:0.39802635319622076 
4290.txt neg neg:0.991395440805461 pos:0.008604559194538976 
1917.txt pos pos:0.9900274338919781 neg:0.009972566108021922 
3935.txt neg neg:0.9941412665173741 pos:0.0058587334826258695 
3749.txt pos pos:0.6340283962538051 neg:0.365971603746195 
1500.txt neg neg:0.9994908183069436 pos:5.09181693056456E-4 
916.txt pos pos:0.8022337041122868 neg:0.1977662958877132 
2051.txt pos pos:0.9999992281425967 neg:7.718574033900892E-7 
2100.txt pos neg:0.7190838735305443 pos:0.28091612646945574 
3044.txt pos pos:0.6275101374261433 neg:0.3724898625738568 
3740.txt pos neg:0.8179186981404164 pos:0.1820813018595837 
4181.txt pos pos:0.9512042884561739 neg:0.04879571154382612 
1788.txt neg neg:0.9867210288851749 pos:0.013278971114825025 
3657.txt neg neg:0.9770161805946825 pos:0.02298381940531736 
1964.txt neg neg:0.9970706272868415 pos:0.002929372713158486 
4324.txt pos pos:0.9969570570687148 neg:0.0030429429312851925 
996.txt pos pos:0.99814090171105 neg:0.0018590982889499133 
2585.txt pos pos:0.9982937736330492 neg:0.0017062263669508177 
1801.txt pos neg:0.9877622077080457 pos:0.012237792291954281 
1963.txt neg neg:0.5547561747557989 pos:0.44524382524420103 
3809.txt neg neg:0.9074165334296078 pos:0.09258346657039211 
544.txt neg pos:0.6049400952269122 neg:0.39505990477308783 
307.txt neg neg:0.9949550975297095 pos:0.005044902470290539 
2307.txt neg neg:0.7033736330732449 pos:0.29662636692675515 
3252.txt neg neg:0.8204229598932494 pos:0.17957704010675055 
2415.txt neg pos:0.9943359976628141 neg:0.005664002337185907 
1981.txt pos neg:0.5934278704433895 pos:0.40657212955661054 
1647.txt pos pos:0.9365176848943084 neg:0.06348231510569156 
1606.txt neg neg:0.9549950708688871 pos:0.04500492913111288 
4306.txt neg pos:0.9230509582549953 neg:0.0769490417450047 
2828.txt pos pos:0.7296102810815753 neg:0.27038971891842467 
3314.txt pos pos:0.7704218544189562 neg:0.22957814558104392 
3859.txt pos pos:0.9956529008596573 neg:0.004347099140342778 
1922.txt pos pos:0.9759998625835663 neg:0.02400013741643374 
4259.txt neg pos:0.6751248850753562 neg:0.3248751149246438 
3376.txt neg neg:0.8085159856222424 pos:0.19148401437775767 
376.txt pos neg:0.9132736331268011 pos:0.08672636687319887 
3243.txt neg pos:0.8981451573801369 neg:0.10185484261986313 
717.txt pos pos:0.8639359246110822 neg:0.13606407538891788 
467.txt neg neg:0.5894708397544209 pos:0.41052916024557917 
363.txt neg neg:0.9931280002353716 pos:0.006871999764628417 
71.txt pos pos:0.7552588687024152 neg:0.24474113129758485 
2172.txt pos pos:0.9956279524502866 neg:0.004372047549713501 
705.txt neg pos:0.7550243280584238 neg:0.2449756719415763 
2017.txt neg pos:0.7317471144251129 neg:0.2682528855748871 
2148.txt neg neg:0.9701127051163996 pos:0.029887294883600337 
2638.txt pos pos:0.9337079418822097 neg:0.06629205811779036 
3043.txt pos pos:0.9901890932477123 neg:0.009810906752287784 
3824.txt neg neg:0.943803455037432 pos:0.056196544962567964 
2150.txt neg neg:0.6315174445882474 pos:0.36848255541175257 
1957.txt pos neg:0.9230413925982736 pos:0.07695860740172646 
3663.txt pos pos:0.9730512738338505 neg:0.0269487261661495 
549.txt pos pos:0.9029112491704596 neg:0.09708875082954033 
4247.txt pos pos:0.5799560299938402 neg:0.42004397000615984 
1865.txt pos pos:0.9985274634310334 neg:0.001472536568966491 
3004.txt pos pos:0.9749713884975093 neg:0.025028611502490687 
2966.txt pos pos:0.8132168944354465 neg:0.18678310556455338 
1847.txt neg pos:0.9588217407489541 neg:0.04117825925104581 
1718.txt pos pos:0.8314723856682478 neg:0.16852761433175212 
2961.txt pos neg:0.9371098563983877 pos:0.06289014360161217 
2010.txt neg neg:0.7260861150437888 pos:0.27391388495621116 
3818.txt neg neg:0.9650127164858107 pos:0.03498728351418938 
2513.txt pos pos:0.9916152536296934 neg:0.008384746370306749 
1898.txt neg neg:0.99563591442696 pos:0.004364085573040151 
2944.txt neg neg:0.8784638927286691 pos:0.12153610727133088 
1496.txt neg neg:0.9954439075609665 pos:0.004556092439033524 
229.txt pos pos:0.7720331772068857 neg:0.2279668227931142 
1925.txt pos pos:0.5146197502692195 neg:0.4853802497307804 
1336.txt neg neg:0.9995116160811299 pos:4.883839188699648E-4 
3574.txt pos pos:0.8120100171356657 neg:0.18798998286433433 
3036.txt pos pos:0.9935170632243785 neg:0.0064829367756214324 
3962.txt pos pos:0.9999199097843817 neg:8.00902156182369E-5 
1042.txt neg neg:0.9979046636946682 pos:0.002095336305331713 
812.txt neg pos:0.9694192600256241 neg:0.03058073997437599 
1856.txt neg neg:0.9616013938421141 pos:0.0383986061578859 
4110.txt pos pos:0.907592817973343 neg:0.09240718202665701 
2175.txt pos pos:0.8213476232419521 neg:0.17865237675804788 
2970.txt pos pos:0.9683767894238657 neg:0.031623210576134396 
1170.txt neg pos:0.6789678436569813 neg:0.32103215634301874 
4288.txt neg neg:0.8945580587701046 pos:0.10544194122989531 
1550.txt pos pos:0.9693851452637474 neg:0.030614854736252545 
944.txt neg pos:0.9548480941298879 neg:0.04515190587011222 
3244.txt neg neg:0.9782268595166271 pos:0.021773140483372824 
800.txt pos neg:0.8284756937742735 pos:0.17152430622572634 
2553.txt pos neg:0.9747337821017976 pos:0.025266217898202457 
761.txt neg pos:0.5651807682296345 neg:0.4348192317703656 
4022.txt pos pos:0.6549427380585485 neg:0.3450572619414514 
240.txt neg neg:0.7644589621657316 pos:0.2355410378342683 
924.txt pos neg:0.8088646548241122 pos:0.19113534517588782 
4117.txt pos neg:0.978214143041538 pos:0.021785856958461993 
4090.txt pos pos:0.8228034444057395 neg:0.17719655559426042 
316.txt neg pos:0.9380120715942829 neg:0.061987928405717055 
1507.txt neg neg:0.8115418331856595 pos:0.18845816681434047 
3680.txt pos pos:0.9991162883538761 neg:8.837116461237755E-4 
4211.txt pos neg:0.6271909585510758 pos:0.3728090414489242 
69.txt neg neg:0.7478620851330663 pos:0.25213791486693365 
989.txt pos pos:0.9992121260710151 neg:7.878739289848379E-4 
1849.txt neg neg:0.8571881534325901 pos:0.14281184656740992 
3906.txt pos pos:0.9348985832244754 neg:0.06510141677552463 
598.txt pos pos:0.9886513801304678 neg:0.011348619869532195 
4222.txt neg neg:0.6285754664877714 pos:0.3714245335122285 
3055.txt pos pos:0.7061502674841853 neg:0.2938497325158147 
803.txt neg neg:0.9793098710223207 pos:0.020690128977679183 
2938.txt neg neg:0.9512576590126173 pos:0.04874234098738266 
835.txt pos pos:0.9997812377732131 neg:2.1876222678680838E-4 
1053.txt neg neg:0.9368268656748385 pos:0.06317313432516145 
4301.txt neg neg:0.9991274811283449 pos:8.725188716549948E-4 
1021.txt neg neg:0.8469281421990842 pos:0.15307185780091578 
1649.txt pos neg:0.985479875082261 pos:0.014520124917739142 
3980.txt neg pos:0.9966395222666862 neg:0.003360477733313876 
673.txt pos pos:0.9561606832449492 neg:0.043839316755050914 
2729.txt pos pos:0.6564477354497479 neg:0.3435522645502521 
3236.txt neg pos:0.7235816413012414 neg:0.27641835869875875 
3999.txt pos neg:0.5276836961143413 pos:0.4723163038856587 
1522.txt pos pos:0.9997927126409112 neg:2.0728735908870252E-4 
4380.txt pos pos:0.9939081262129575 neg:0.0060918737870424445 
2983.txt neg pos:0.7490524408829199 neg:0.2509475591170801 
770.txt neg pos:0.9783463320996878 neg:0.02165366790031221 
3547.txt neg neg:0.9432044533307185 pos:0.05679554666928146 
4272.txt pos pos:0.9991615712164803 neg:8.384287835197485E-4 
3079.txt neg neg:0.9163434451114955 pos:0.08365655488850453 
2603.txt pos pos:0.9858126834147379 neg:0.014187316585262112 
2080.txt pos pos:0.9726466218761167 neg:0.027353378123883214 
2008.txt neg neg:0.8618515195331781 pos:0.138148480466822 
1565.txt pos neg:0.7134884753628612 pos:0.2865115246371388 
1076.txt pos pos:0.9251069475919298 neg:0.07489305240807032 
2471.txt neg neg:0.961515502271639 pos:0.038484497728361086 
737.txt neg pos:0.6073077132426796 neg:0.3926922867573204 
3987.txt neg neg:0.8717243711964782 pos:0.12827562880352195 
2381.txt pos pos:0.9985841496859293 neg:0.001415850314070781 
3523.txt neg neg:0.9995304520131497 pos:4.695479868503148E-4 
247.txt neg neg:0.6883836123590169 pos:0.3116163876409831 
3940.txt neg neg:0.9393974758498742 pos:0.060602524150125826 
786.txt pos pos:0.9972120093856423 neg:0.002787990614357824 
2768.txt neg neg:0.8919138796067357 pos:0.10808612039326436 
1102.txt neg pos:0.961336918440996 neg:0.038663081559003956 
2642.txt neg neg:0.698941164348613 pos:0.30105883565138697 
1221.txt pos neg:0.5868148528735592 pos:0.4131851471264408 
2536.txt neg neg:0.7596265072591792 pos:0.24037349274082082 
1026.txt neg neg:0.9342733764459054 pos:0.06572662355409455 
849.txt pos neg:0.7867817024027619 pos:0.21321829759723804 
3486.txt pos pos:0.9292714078862537 neg:0.07072859211374624 
807.txt pos neg:0.8352475222879859 pos:0.164752477712014 
4135.txt neg neg:0.7917010721226184 pos:0.2082989278773816 
300.txt neg neg:0.6198092168105022 pos:0.3801907831894979 
2529.txt neg neg:0.8815292558795464 pos:0.11847074412045362 
860.txt neg neg:0.9770944961185115 pos:0.02290550388148854 
1698.txt pos pos:0.9422315048607712 neg:0.057768495139228784 
1379.txt pos pos:0.9982139425409695 neg:0.0017860574590305444 
Trial 0 Trainer MaxEntTrainer,gaussianPriorVariance=1.0 Training Data Confusion Matrix
Confusion Matrix, row=true, column=predicted  accuracy=0.9861111111111112
  label   0   1  |total
  0 neg 889  11  |900
  1 pos  14 886  |900

Trial 0 Trainer MaxEntTrainer,gaussianPriorVariance=1.0 training data accuracy= 0.9861111111111112
Trial 0 Trainer MaxEntTrainer,gaussianPriorVariance=1.0 Test Data Confusion Matrix
Confusion Matrix, row=true, column=predicted  accuracy=0.765
  label   0   1  |total
  0 neg  76  24  |100
  1 pos  23  77  |100

Trial 0 Trainer MaxEntTrainer,gaussianPriorVariance=1.0 test data accuracy= 0.765

MaxEntTrainer,gaussianPriorVariance=1.0
Summary. train accuracy mean = 0.9861111111111112 stddev = 0.0 stderr = 0.0
Summary. test accuracy mean = 0.765 stddev = 0.0 stderr = 0.0
