
-------------------- Trial 0  --------------------

Trial 0 Training MaxEntTrainer,gaussianPriorVariance=1.0 with 1800 instances
Trial 0 Training MaxEntTrainer,gaussianPriorVariance=1.0 finished
Trial 0 Trainer MaxEntTrainer,gaussianPriorVariance=1.0
 Raw Testing Data
759.txt neg pos:0.5153049086485342 neg:0.4846950913514658 
1325.txt pos pos:0.999042682184952 neg:9.573178150480186E-4 
4254.txt neg neg:0.9954542516981779 pos:0.0045457483018221355 
1538.txt neg neg:0.915782636484066 pos:0.08421736351593406 
3258.txt neg neg:0.95004709484846 pos:0.04995290515154002 
2906.txt pos pos:0.9492549997935396 neg:0.050745000206460486 
4069.txt neg neg:0.6873657336331392 pos:0.3126342663668607 
1793.txt neg pos:0.6218489438253434 neg:0.3781510561746566 
2974.txt pos pos:0.9927371544377763 neg:0.00726284556222368 
3439.txt pos pos:0.9440516944509354 neg:0.05594830554906469 
1483.txt neg pos:0.6796310709360766 neg:0.3203689290639234 
2418.txt neg neg:0.9855597427402848 pos:0.014440257259715225 
3195.txt pos pos:0.9942583211450636 neg:0.00574167885493643 
964.txt neg neg:0.9937606323008463 pos:0.006239367699153584 
3802.txt pos neg:0.9846259379010253 pos:0.015374062098974713 
2327.txt neg neg:0.547582697555384 pos:0.45241730244461603 
3529.txt neg pos:0.8407491463043197 neg:0.15925085369568018 
4343.txt pos neg:0.5347504318994512 pos:0.46524956810054885 
1290.txt pos pos:0.9866890327108528 neg:0.01331096728914716 
3107.txt pos pos:0.9971001738457754 neg:0.0028998261542246846 
2590.txt pos pos:0.8335965303871623 neg:0.16640346961283767 
2450.txt pos pos:0.8456045000547303 neg:0.15439549994526966 
1007.txt pos pos:0.9605640966585335 neg:0.03943590334146637 
3632.txt pos neg:0.7620912339626944 pos:0.23790876603730554 
3057.txt neg neg:0.9961045993330881 pos:0.003895400666911785 
595.txt pos pos:0.9972915463560944 neg:0.0027084536439056202 
4344.txt pos pos:0.9665346185605926 neg:0.03346538143940735 
2824.txt neg neg:0.8964171896286555 pos:0.1035828103713446 
938.txt pos pos:0.6158700423093456 neg:0.3841299576906543 
1683.txt pos neg:0.6559420472103284 pos:0.3440579527896716 
2365.txt pos neg:0.677568639056652 pos:0.322431360943348 
311.txt pos pos:0.5898874454805142 neg:0.41011255451948586 
2126.txt neg pos:0.7533837175008046 neg:0.2466162824991954 
3873.txt pos neg:0.6847215335436364 pos:0.31527846645636354 
536.txt pos pos:0.9369216352292606 neg:0.06307836477073941 
3693.txt neg neg:0.9615129466754205 pos:0.038487053324579475 
364.txt pos pos:0.8255227400741096 neg:0.1744772599258903 
2850.txt pos pos:0.7075825864057834 neg:0.2924174135942165 
2039.txt neg neg:0.738909415867456 pos:0.261090584132544 
2005.txt neg neg:0.9134707703716296 pos:0.08652922962837035 
4105.txt pos pos:0.9676374742573726 neg:0.032362525742627476 
3282.txt pos pos:0.9999625621100185 neg:3.743788998146322E-5 
409.txt neg neg:0.9716234532595162 pos:0.028376546740483833 
3017.txt neg neg:0.9997977076584156 pos:2.0229234158436365E-4 
157.txt pos neg:0.6402201279790218 pos:0.3597798720209783 
2651.txt pos neg:0.9127555524029737 pos:0.08724444759702638 
3878.txt neg pos:0.5398279471392962 neg:0.4601720528607038 
3398.txt neg neg:0.9995076966179777 pos:4.923033820223551E-4 
3132.txt pos neg:0.7187271759329202 pos:0.2812728240670797 
1826.txt pos pos:0.9883773495638137 neg:0.011622650436186335 
4193.txt pos pos:0.9735204896174148 neg:0.0264795103825852 
1035.txt pos pos:0.9941470164026412 neg:0.005852983597358854 
980.txt neg neg:0.9956670115033125 pos:0.004332988496687411 
2741.txt neg pos:0.6107343263045204 neg:0.38926567369547954 
1322.txt pos pos:0.7446820312572914 neg:0.2553179687427087 
1187.txt pos pos:0.9156310374797065 neg:0.08436896252029348 
200.txt pos pos:0.9774666253316165 neg:0.022533374668383344 
2811.txt neg pos:0.8787944429950084 neg:0.12120555700499144 
1150.txt neg neg:0.983522205160074 pos:0.016477794839926018 
2664.txt pos neg:0.7697544553293633 pos:0.23024554467063674 
4177.txt pos pos:0.9347388525542489 neg:0.06526114744575118 
2596.txt neg neg:0.9887071736951124 pos:0.011292826304887631 
1420.txt neg neg:0.8434385357413999 pos:0.1565614642586 
3566.txt pos pos:0.9788973999246144 neg:0.02110260007538558 
4179.txt pos pos:0.9492700548244974 neg:0.05072994517550259 
3831.txt neg neg:0.8188118134506209 pos:0.18118818654937902 
4261.txt neg pos:0.9080010938151664 neg:0.09199890618483364 
4345.txt neg neg:0.977649084807441 pos:0.0223509151925589 
634.txt neg neg:0.6129453453414975 pos:0.38705465465850264 
1812.txt neg pos:0.9321793082582509 neg:0.06782069174174904 
3676.txt pos pos:0.9711704267213731 neg:0.028829573278626758 
2312.txt neg neg:0.9909604103870547 pos:0.00903958961294515 
1363.txt neg neg:0.9506517162990261 pos:0.04934828370097396 
2112.txt pos pos:0.9671630679876803 neg:0.03283693201231984 
2620.txt pos pos:0.9762345096779482 neg:0.023765490322051892 
2382.txt pos pos:0.8852389517086401 neg:0.11476104829135984 
2411.txt neg neg:0.9445220537765141 pos:0.055477946223485765 
1979.txt pos pos:0.5862122663918605 neg:0.41378773360813953 
1883.txt neg neg:0.9903083733040455 pos:0.009691626695954345 
1428.txt pos neg:0.6139138048391399 pos:0.3860861951608602 
2574.txt pos pos:0.935884442646594 neg:0.06411555735340596 
11.txt neg pos:0.8200360526415085 neg:0.17996394735849144 
2740.txt pos pos:0.8749396154222646 neg:0.12506038457773544 
1545.txt pos neg:0.6839721590950069 pos:0.31602784090499314 
2998.txt neg pos:0.92938686946705 neg:0.07061313053295007 
3915.txt neg pos:0.9945179353947577 neg:0.005482064605242255 
2424.txt neg pos:0.7283379135755582 neg:0.2716620864244418 
936.txt pos neg:0.8434724905165308 pos:0.15652750948346922 
1771.txt pos neg:0.786014138662932 pos:0.213985861337068 
1074.txt neg neg:0.956511188688593 pos:0.04348881131140698 
2044.txt pos pos:0.970094404311593 neg:0.029905595688407078 
931.txt pos pos:0.9999971667019243 neg:2.833298075780535E-6 
227.txt neg neg:0.7287738130394156 pos:0.2712261869605845 
2772.txt pos pos:0.5791836761798766 neg:0.42081632382012335 
1235.txt neg neg:0.9901799840745973 pos:0.009820015925402829 
2203.txt neg neg:0.6735522294711995 pos:0.3264477705288004 
3678.txt pos pos:0.6947172226306615 neg:0.30528277736933856 
3837.txt pos pos:0.9983338502568914 neg:0.0016661497431086842 
3175.txt pos pos:0.9702230137220733 neg:0.02977698627792665 
395.txt neg neg:0.7668922687727182 pos:0.2331077312272817 
161.txt pos neg:0.5469432742905028 pos:0.4530567257094973 
3223.txt neg neg:0.9895064717611914 pos:0.010493528238808478 
1032.txt pos pos:0.7920713643468845 neg:0.20792863565311553 
531.txt pos neg:0.6067802313129911 pos:0.3932197686870089 
4284.txt pos pos:0.9834596283359478 neg:0.016540371664052148 
2972.txt neg neg:0.8649129477113966 pos:0.13508705228860338 
87.txt neg neg:0.9755594821787965 pos:0.024440517821203614 
3225.txt pos neg:0.5407682049409536 pos:0.45923179505904643 
400.txt neg pos:0.5276236533177073 neg:0.4723763466822926 
2156.txt pos neg:0.6309356600955641 pos:0.36906433990443593 
2535.txt neg neg:0.883565765972634 pos:0.11643423402736602 
1739.txt neg pos:0.7634024312112727 neg:0.23659756878872729 
3307.txt neg neg:0.885158785945684 pos:0.114841214054316 
1246.txt pos pos:0.9264038073724669 neg:0.07359619262753313 
1542.txt pos pos:0.981581761930392 neg:0.018418238069607896 
1469.txt neg neg:0.8592859181326538 pos:0.14071408186734635 
1684.txt pos pos:0.9290598745767855 neg:0.07094012542321453 
516.txt neg neg:0.8085627302538919 pos:0.19143726974610809 
3280.txt neg pos:0.8312107223607805 neg:0.16878927763921955 
2187.txt pos pos:0.9886549766591731 neg:0.01134502334082678 
2665.txt neg neg:0.9696865092904837 pos:0.030313490709516326 
2204.txt neg neg:0.7410714473891253 pos:0.2589285526108746 
3716.txt pos pos:0.7725885274597515 neg:0.22741147254024843 
4026.txt pos pos:0.9967363647124667 neg:0.003263635287533271 
1248.txt pos pos:0.9104577652965022 neg:0.08954223470349779 
3436.txt neg neg:0.9671944876582922 pos:0.03280551234170772 
4289.txt pos neg:0.8791565069385058 pos:0.12084349306149417 
1110.txt neg pos:0.8321939529952872 neg:0.1678060470047129 
722.txt neg pos:0.5020478313264718 neg:0.4979521686735281 
2160.txt pos pos:0.5503752763017093 neg:0.44962472369829076 
105.txt neg neg:0.9754350202890778 pos:0.024564979710922103 
1234.txt pos neg:0.9707712576895646 pos:0.029228742310435492 
699.txt neg neg:0.9918632000243213 pos:0.00813679997567865 
3514.txt pos pos:0.9619485556198492 neg:0.03805144438015081 
3391.txt neg neg:0.8812800756170159 pos:0.11871992438298395 
3804.txt neg pos:0.9459308372150111 neg:0.05406916278498888 
1936.txt neg neg:0.8509776044083021 pos:0.14902239559169791 
3630.txt neg neg:0.9906158748968787 pos:0.009384125103121312 
1737.txt neg neg:0.7942795826456321 pos:0.205720417354368 
193.txt neg neg:0.7240791242414014 pos:0.2759208757585986 
1072.txt pos pos:0.9701126992013532 neg:0.029887300798646863 
3638.txt pos pos:0.9405223777789076 neg:0.05947762222109249 
2889.txt neg pos:0.9493736072711781 neg:0.05062639272882196 
3969.txt neg pos:0.5986402698426297 neg:0.4013597301573702 
867.txt pos pos:0.8347435175841926 neg:0.1652564824158073 
523.txt neg neg:0.9886364024189366 pos:0.011363597581063407 
1328.txt pos neg:0.509590612255908 pos:0.490409387744092 
2128.txt neg neg:0.816627404794439 pos:0.18337259520556093 
179.txt neg neg:0.9635360784480707 pos:0.03646392155192942 
1866.txt pos pos:0.7401637292598185 neg:0.25983627074018134 
3088.txt neg pos:0.8012974677518755 neg:0.19870253224812456 
682.txt pos neg:0.5273215311716903 pos:0.47267846882830966 
1122.txt neg neg:0.7509413586327528 pos:0.24905864136724729 
318.txt pos pos:0.996966322562075 neg:0.0030336774379249682 
3728.txt neg neg:0.6600999005567852 pos:0.33990009944321475 
1654.txt neg neg:0.9920794807242072 pos:0.007920519275792754 
3729.txt pos pos:0.9333117012513169 neg:0.06668829874868307 
896.txt neg neg:0.9999517156625229 pos:4.828433747703794E-5 
3555.txt neg pos:0.8509532828380868 neg:0.14904671716191326 
4171.txt neg neg:0.8901038645080331 pos:0.1098961354919669 
2002.txt neg pos:0.6736392793276964 neg:0.3263607206723036 
1356.txt neg pos:0.835071076963274 neg:0.16492892303672593 
1703.txt pos pos:0.9981770403772837 neg:0.0018229596227162816 
2774.txt neg neg:0.9701838209383038 pos:0.029816179061696303 
4170.txt pos pos:0.6696924367503452 neg:0.3303075632496548 
3332.txt neg pos:0.8007124202482407 neg:0.1992875797517593 
1627.txt pos pos:0.9727139961364045 neg:0.02728600386359536 
3259.txt pos neg:0.8558846356725877 pos:0.14411536432741232 
3134.txt neg neg:0.9962533966251053 pos:0.0037466033748948437 
2462.txt pos pos:0.954582380822296 neg:0.04541761917770407 
4215.txt pos pos:0.8113880179407128 neg:0.18861198205928711 
2934.txt pos pos:0.904155790630944 neg:0.09584420936905612 
1937.txt pos pos:0.6366426512685713 neg:0.36335734873142855 
3720.txt pos pos:0.9629593605163371 neg:0.03704063948366296 
1482.txt pos pos:0.9152780075466892 neg:0.08472199245331076 
2168.txt neg neg:0.7919771835012689 pos:0.2080228164987312 
1978.txt neg pos:0.7986193449043523 neg:0.20138065509564773 
3148.txt neg neg:0.9159219024695343 pos:0.08407809753046565 
130.txt neg pos:0.996515004019809 neg:0.0034849959801908736 
4212.txt pos neg:0.9465056252248059 pos:0.05349437477519419 
1317.txt pos pos:0.9177343537663623 neg:0.08226564623363779 
150.txt pos pos:0.9868580345790119 neg:0.01314196542098814 
1461.txt pos pos:0.9081147074509551 neg:0.0918852925490449 
186.txt pos neg:0.9722023580611007 pos:0.02779764193889926 
2825.txt pos neg:0.9680023347428773 pos:0.03199766525712272 
2463.txt neg pos:0.7786083239586306 neg:0.22139167604136936 
2575.txt neg neg:0.9366710090398322 pos:0.0633289909601678 
2369.txt neg neg:0.9806945044690383 pos:0.019305495530961746 
3262.txt pos neg:0.9270943004825538 pos:0.07290569951744624 
1653.txt neg pos:0.567080567851153 neg:0.43291943214884704 
2611.txt pos pos:0.9865813917069955 neg:0.013418608293004501 
1270.txt pos neg:0.584030663640938 pos:0.41596933635906197 
2540.txt neg neg:0.9925391742557386 pos:0.007460825744261371 
1742.txt neg pos:0.9973114765535216 neg:0.0026885234464783256 
956.txt neg neg:0.9803875148815149 pos:0.01961248511848515 
3401.txt pos pos:0.9999948795183322 neg:5.120481667694404E-6 
145.txt neg pos:0.608135938024236 neg:0.391864061975764 
558.txt neg neg:0.821508378207195 pos:0.17849162179280506 
3753.txt neg pos:0.6857560717577296 neg:0.31424392824227043 
840.txt neg neg:0.9969921893506354 pos:0.0030078106493644672 
Trial 0 Trainer MaxEntTrainer,gaussianPriorVariance=1.0 Training Data Confusion Matrix
Confusion Matrix, row=true, column=predicted  accuracy=0.9911111111111112
  label   0   1  |total
  0 neg 894   6  |900
  1 pos  10 890  |900

Trial 0 Trainer MaxEntTrainer,gaussianPriorVariance=1.0 training data accuracy= 0.9911111111111112
Trial 0 Trainer MaxEntTrainer,gaussianPriorVariance=1.0 Test Data Confusion Matrix
Confusion Matrix, row=true, column=predicted  accuracy=0.69
  label   0   1  |total
  0 neg  66  34  |100
  1 pos  28  72  |100

Trial 0 Trainer MaxEntTrainer,gaussianPriorVariance=1.0 test data accuracy= 0.69

MaxEntTrainer,gaussianPriorVariance=1.0
Summary. train accuracy mean = 0.9911111111111112 stddev = 0.0 stderr = 0.0
Summary. test accuracy mean = 0.69 stddev = 0.0 stderr = 0.0
