
-------------------- Trial 0  --------------------

Trial 0 Training MaxEntTrainer,gaussianPriorVariance=1.0 with 1800 instances
Trial 0 Training MaxEntTrainer,gaussianPriorVariance=1.0 finished
Trial 0 Trainer MaxEntTrainer,gaussianPriorVariance=1.0
 Raw Testing Data
1274.txt pos pos:0.9978982446233035 neg:0.0021017553766966286 
398.txt pos pos:0.9998093891707797 neg:1.9061082922043032E-4 
40.txt pos pos:0.9845212028330017 neg:0.015478797166998426 
3180.txt pos pos:0.6027793761641155 neg:0.39722062383588447 
3829.txt neg neg:0.7607608373095086 pos:0.23923916269049142 
2765.txt neg neg:0.9754977127125463 pos:0.024502287287453788 
3704.txt pos pos:0.7431584674830711 neg:0.256841532516929 
1051.txt pos pos:0.9385549686897009 neg:0.06144503131029904 
1920.txt neg pos:0.9275826968707794 neg:0.07241730312922061 
824.txt neg neg:0.9848722734468952 pos:0.015127726553104761 
3405.txt pos pos:0.9225548389802904 neg:0.07744516101970962 
1211.txt neg neg:0.975072668222068 pos:0.024927331777932167 
3904.txt neg neg:0.9961260974341957 pos:0.003873902565804343 
3512.txt neg pos:0.5992671470306775 neg:0.4007328529693225 
4202.txt neg neg:0.6211735908276732 pos:0.37882640917232674 
2533.txt pos pos:0.5869873464706384 neg:0.41301265352936156 
355.txt neg neg:0.9857993505032725 pos:0.014200649496727507 
2267.txt neg pos:0.5415758221842023 neg:0.4584241778157977 
114.txt neg neg:0.9772680995938381 pos:0.02273190040616193 
2067.txt pos pos:0.7209931952267543 neg:0.2790068047732457 
3813.txt pos neg:0.9148674025367187 pos:0.08513259746328122 
4312.txt pos pos:0.9842697434667446 neg:0.015730256533255552 
2873.txt pos pos:0.8938050851748759 neg:0.10619491482512418 
1493.txt pos pos:0.990939994544862 neg:0.009060005455137965 
797.txt neg neg:0.9066280379086787 pos:0.09337196209132127 
2143.txt pos neg:0.972459917390881 pos:0.027540082609119085 
1478.txt neg neg:0.922736131998293 pos:0.07726386800170704 
347.txt pos pos:0.9632601994718767 neg:0.03673980052812332 
1058.txt pos pos:0.9837993752481667 neg:0.016200624751833228 
215.txt neg neg:0.97954681958485 pos:0.020453180415149885 
2166.txt neg neg:0.6523622715348893 pos:0.34763772846511065 
2847.txt neg neg:0.5587382094058053 pos:0.44126179059419474 
2406.txt pos neg:0.843231848350651 pos:0.156768151649349 
427.txt pos neg:0.9637440938675411 pos:0.03625590613245892 
1219.txt pos neg:0.9357776346764064 pos:0.06422236532359352 
967.txt pos pos:0.9998717340602928 neg:1.282659397073004E-4 
1529.txt neg neg:0.7254528620553888 pos:0.2745471379446112 
264.txt pos pos:0.9348920732323446 neg:0.06510792676765531 
2094.txt neg pos:0.5633300073317301 neg:0.43666999266826995 
2045.txt neg neg:0.9930281828060059 pos:0.006971817193993994 
2808.txt pos pos:0.8876630421452817 neg:0.11233695785471823 
3359.txt pos pos:0.9997773384645894 neg:2.2266153541057409E-4 
608.txt neg neg:0.9710286494066347 pos:0.028971350593365284 
1912.txt neg pos:0.5085857916889515 neg:0.4914142083110486 
3571.txt neg pos:0.5831849644709806 neg:0.41681503552901944 
1561.txt pos pos:0.8194199404671078 neg:0.18058005953289227 
2586.txt pos neg:0.9996093543030155 pos:3.906456969845362E-4 
742.txt pos pos:0.7628591410915325 neg:0.23714085890846748 
1878.txt neg neg:0.8918416554750807 pos:0.1081583445249193 
1216.txt neg neg:0.9402676336832004 pos:0.05973236631679948 
271.txt neg pos:0.7990725639680218 neg:0.2009274360319781 
1713.txt neg neg:0.9963472084103496 pos:0.003652791589650373 
1677.txt neg neg:0.8453502837807177 pos:0.15464971621928225 
4182.txt pos neg:0.8930795116870733 pos:0.10692048831292675 
781.txt neg pos:0.9676254722591465 neg:0.03237452774085343 
1307.txt neg neg:0.8518879575872484 pos:0.14811204241275153 
741.txt neg neg:0.9968020429776839 pos:0.003197957022316046 
3007.txt pos pos:0.8417235358565435 neg:0.1582764641434565 
1876.txt neg neg:0.8729730782066459 pos:0.12702692179335398 
2581.txt pos neg:0.9695068433994789 pos:0.030493156600521022 
3420.txt neg neg:0.8925263174535167 pos:0.10747368254648325 
1421.txt pos pos:0.9999757449371572 neg:2.4255062842762638E-5 
203.txt neg neg:0.9147846406521025 pos:0.0852153593478975 
1251.txt neg neg:0.9984517470694803 pos:0.0015482529305198413 
272.txt pos pos:0.9510223324952192 neg:0.04897766750478084 
2304.txt neg neg:0.9996138898713628 pos:3.8611012863710813E-4 
1065.txt neg neg:0.5918952057531532 pos:0.4081047942468468 
1514.txt pos pos:0.8002765191524146 neg:0.1997234808475854 
1584.txt neg pos:0.9892772596883181 neg:0.010722740311681841 
3982.txt pos pos:0.9838963580042787 neg:0.016103641995721382 
1552.txt neg neg:0.8317379779406304 pos:0.16826202205936966 
706.txt neg neg:0.9819107931004791 pos:0.018089206899520868 
4185.txt pos neg:0.8196659558283014 pos:0.1803340441716987 
2212.txt neg pos:0.7450408454594454 neg:0.25495915454055457 
4154.txt pos pos:0.9942483733133763 neg:0.00575162668662359 
101.txt pos pos:0.7451591104033966 neg:0.2548408895966035 
1983.txt neg pos:0.7228214506746827 neg:0.2771785493253173 
947.txt neg neg:0.9430598362572596 pos:0.05694016374274037 
3373.txt pos pos:0.9999973174829645 neg:2.6825170354287005E-6 
1731.txt pos pos:0.7867647988021806 neg:0.21323520119781933 
3554.txt pos pos:0.9992176918227902 neg:7.823081772097913E-4 
1172.txt pos neg:0.7389559447661129 pos:0.26104405523388713 
677.txt pos pos:0.9999887188050306 neg:1.1281194969370527E-5 
1568.txt pos pos:0.9807095357032625 neg:0.01929046429673737 
2946.txt pos pos:0.9576246268109145 neg:0.042375373189085394 
2331.txt neg pos:0.9676592070119958 neg:0.03234079298800423 
844.txt pos pos:0.7858842037288534 neg:0.2141157962711467 
3018.txt pos neg:0.9834373762310095 pos:0.016562623768990543 
2305.txt pos pos:0.7475863622913775 neg:0.25241363770862246 
659.txt neg pos:0.7001462749825834 neg:0.29985372501741653 
3188.txt neg neg:0.7141847679848938 pos:0.2858152320151062 
2409.txt neg pos:0.8942161859766352 neg:0.10578381402336483 
2909.txt neg neg:0.6177832092817093 pos:0.3822167907182907 
91.txt neg pos:0.6826166711434083 neg:0.3173833288565917 
51.txt pos pos:0.9970483912146295 neg:0.0029516087853705495 
3953.txt pos pos:0.9908052158272551 neg:0.009194784172744944 
3730.txt neg neg:0.8694891192681643 pos:0.13051088073183567 
2950.txt pos neg:0.6802229260446971 pos:0.31977707395530286 
1554.txt pos neg:0.5623930331017633 pos:0.43760696689823675 
276.txt neg neg:0.9926949794578409 pos:0.007305020542159141 
674.txt neg neg:0.763081782466341 pos:0.2369182175336591 
2377.txt pos pos:0.9962310799244288 neg:0.003768920075571167 
2491.txt neg neg:0.9657079197821317 pos:0.034292080217868226 
1148.txt neg pos:0.9983692985216965 neg:0.001630701478303559 
898.txt neg pos:0.5712203921847521 neg:0.42877960781524793 
396.txt pos pos:0.7451139322599081 neg:0.254886067740092 
3263.txt neg neg:0.9786648512213021 pos:0.021335148778698007 
3684.txt pos pos:0.9118366133369872 neg:0.08816338666301278 
2129.txt pos pos:0.9825520420535124 neg:0.017447957946487465 
2916.txt neg neg:0.9851923937070425 pos:0.014807606292957543 
1630.txt neg neg:0.8664487093227915 pos:0.13355129067720856 
1208.txt pos pos:0.9793601733381503 neg:0.02063982666184972 
2179.txt neg neg:0.7984508891633856 pos:0.20154911083661456 
476.txt pos neg:0.9053309539709262 pos:0.09466904602907383 
323.txt pos neg:0.904360593948609 pos:0.09563940605139101 
4352.txt pos neg:0.9761107218896834 pos:0.023889278110316627 
263.txt pos pos:0.9981823116898643 neg:0.0018176883101357324 
98.txt neg neg:0.744086008093559 pos:0.2559139919064411 
3569.txt neg neg:0.997451793055099 pos:0.0025482069449008415 
2028.txt neg pos:0.997348528027429 neg:0.0026514719725709316 
444.txt pos neg:0.6250249950027462 pos:0.3749750049972538 
1403.txt neg neg:0.9184638412739166 pos:0.08153615872608343 
2898.txt neg neg:0.8683736025026283 pos:0.13162639749737173 
2734.txt neg neg:0.6269087107272341 pos:0.37309128927276586 
2658.txt pos neg:0.7259678779348948 pos:0.2740321220651051 
492.txt pos pos:0.8401448996556689 neg:0.15985510034433117 
3200.txt neg pos:0.6641984807010014 neg:0.33580151929899865 
1109.txt pos neg:0.9771294077909465 pos:0.02287059220905349 
1088.txt neg neg:0.8089027974802391 pos:0.1910972025197609 
625.txt neg neg:0.9955416111581801 pos:0.00445838884181992 
3745.txt neg pos:0.8661337197943064 neg:0.13386628020569366 
4227.txt pos pos:0.9895893114174451 neg:0.010410688582554796 
1671.txt pos neg:0.8186007089673801 pos:0.18139929103261976 
1720.txt pos pos:0.9894381333915153 neg:0.010561866608484634 
972.txt neg pos:0.9730276387996206 neg:0.026972361200379373 
3576.txt neg neg:0.7673885913309895 pos:0.2326114086690106 
1442.txt pos pos:0.9642774768173231 neg:0.035722523182676796 
1010.txt neg neg:0.9065024458758176 pos:0.09349755412418234 
2472.txt neg pos:0.9999502737425544 neg:4.972625744545624E-5 
3928.txt pos pos:0.9992796418269766 neg:7.20358173023501E-4 
1728.txt neg neg:0.9938314160347541 pos:0.006168583965245809 
2352.txt neg neg:0.7213508381085031 pos:0.2786491618914969 
1265.txt pos pos:0.9995165694154914 neg:4.8343058450870644E-4 
1660.txt pos pos:0.7861945957048573 neg:0.21380540429514283 
211.txt pos neg:0.9822438629262392 pos:0.01775613707376081 
495.txt pos pos:0.9427797906838624 neg:0.0572202093161376 
3374.txt pos pos:0.7447234912695728 neg:0.2552765087304271 
2757.txt neg pos:0.5348503226410865 neg:0.4651496773589136 
2242.txt pos pos:0.9932630356964098 neg:0.006736964303590247 
2958.txt neg neg:0.8706704054693442 pos:0.1293295945306558 
610.txt neg neg:0.7088749929362461 pos:0.2911250070637539 
49.txt neg pos:0.8645205474411104 neg:0.13547945255888968 
455.txt pos pos:0.9169239688601873 neg:0.08307603113981261 
909.txt neg neg:0.9807780023548341 pos:0.019221997645165724 
3468.txt pos neg:0.7457920167942559 pos:0.254207983205744 
1445.txt pos pos:0.8660016908526798 neg:0.13399830914732025 
4079.txt pos neg:0.9974033476396537 pos:0.002596652360346215 
1224.txt neg neg:0.896659125774929 pos:0.10334087422507106 
1520.txt neg neg:0.865707813936443 pos:0.13429218606355703 
2750.txt neg neg:0.9110066932208678 pos:0.08899330677913224 
2282.txt pos neg:0.9763680854253549 pos:0.02363191457464498 
209.txt pos neg:0.8281803743370354 pos:0.17181962566296455 
3742.txt neg neg:0.9114911043486175 pos:0.08850889565138256 
2632.txt pos neg:0.8029120274795069 pos:0.1970879725204932 
1141.txt neg pos:0.9537786249546505 neg:0.0462213750453495 
3380.txt neg neg:0.9909842323523644 pos:0.009015767647635547 
4353.txt neg neg:0.8705984671215221 pos:0.12940153287847783 
96.txt pos neg:0.7919228503930812 pos:0.20807714960691873 
2674.txt neg neg:0.9970042277395849 pos:0.002995772260415168 
3793.txt neg neg:0.9866489388390497 pos:0.013351061160950231 
3543.txt neg neg:0.9718451033082504 pos:0.028154896691749642 
4279.txt neg neg:0.9999998152373929 pos:1.847626070860185E-7 
1804.txt neg neg:0.5726232888532508 pos:0.4273767111467492 
2623.txt pos pos:0.8152903123289814 neg:0.18470968767101867 
3413.txt pos pos:0.9207783155231827 neg:0.07922168447681735 
1643.txt pos pos:0.9811702087514369 neg:0.01882979124856317 
2423.txt neg neg:0.9997426528840455 pos:2.573471159543778E-4 
1927.txt neg neg:0.9852533377813473 pos:0.014746662218652716 
1752.txt pos pos:0.9848760234739469 neg:0.015123976526053047 
679.txt pos pos:0.9996833546749442 neg:3.166453250557451E-4 
880.txt neg pos:0.904366781185924 neg:0.09563321881407597 
3993.txt pos pos:0.9995032459449212 neg:4.967540550786297E-4 
2401.txt pos pos:0.8828705936787967 neg:0.11712940632120339 
827.txt pos pos:0.7368822702505249 neg:0.26311772974947506 
4027.txt neg neg:0.9999681445491653 pos:3.185545083468592E-5 
456.txt neg neg:0.960839851230704 pos:0.03916014876929596 
4153.txt pos pos:0.9983098597342733 neg:0.0016901402657267671 
387.txt pos pos:0.9581220994245424 neg:0.04187790057545768 
2557.txt pos neg:0.5096512587640455 pos:0.49034874123595446 
793.txt pos pos:0.9976944881918335 neg:0.00230551180816656 
1334.txt pos pos:0.996749075561307 neg:0.0032509244386930507 
1471.txt neg neg:0.9841274757493205 pos:0.01587252425067952 
1019.txt neg pos:0.5097325887431963 neg:0.49026741125680373 
602.txt pos neg:0.6749332039909137 pos:0.3250667960090862 
1669.txt pos neg:0.5367188302844229 pos:0.46328116971557703 
1779.txt neg neg:0.9814610336462769 pos:0.01853896635372299 
275.txt pos neg:0.9653315638990343 pos:0.03466843610096579 
1566.txt pos neg:0.9929196001034686 pos:0.007080399896531347 
3892.txt neg neg:0.7018149915682371 pos:0.298185008431763 
2015.txt pos pos:0.7021617469141249 neg:0.2978382530858751 
Trial 0 Trainer MaxEntTrainer,gaussianPriorVariance=1.0 Training Data Confusion Matrix
Confusion Matrix, row=true, column=predicted  accuracy=0.99
  label   0   1  |total
  0 neg 895   5  |900
  1 pos  13 887  |900

Trial 0 Trainer MaxEntTrainer,gaussianPriorVariance=1.0 training data accuracy= 0.99
Trial 0 Trainer MaxEntTrainer,gaussianPriorVariance=1.0 Test Data Confusion Matrix
Confusion Matrix, row=true, column=predicted  accuracy=0.705
  label   0   1  |total
  0 neg  73  27  |100
  1 pos  32  68  |100

Trial 0 Trainer MaxEntTrainer,gaussianPriorVariance=1.0 test data accuracy= 0.705

MaxEntTrainer,gaussianPriorVariance=1.0
Summary. train accuracy mean = 0.99 stddev = 0.0 stderr = 0.0
Summary. test accuracy mean = 0.705 stddev = 0.0 stderr = 0.0
