
-------------------- Trial 0  --------------------

Trial 0 Training MaxEntTrainer,gaussianPriorVariance=1.0 with 1800 instances
Trial 0 Training MaxEntTrainer,gaussianPriorVariance=1.0 finished
Trial 0 Trainer MaxEntTrainer,gaussianPriorVariance=1.0
 Raw Testing Data
3741.txt neg neg:0.8402588537935758 pos:0.15974114620642418 
3733.txt neg pos:0.8954525354247629 neg:0.10454746457523717 
1600.txt pos pos:0.9871004626027207 neg:0.012899537397279387 
3432.txt pos neg:0.8902271930636886 pos:0.1097728069363115 
2033.txt pos pos:0.9930846141553953 neg:0.006915385844604692 
3898.txt pos neg:0.753773352775153 pos:0.24622664722484702 
4107.txt pos pos:0.9229340821255169 neg:0.07706591787448326 
1418.txt pos neg:0.5178918317736463 pos:0.4821081682263538 
2939.txt neg pos:0.9701694691617694 neg:0.02983053083823074 
117.txt neg pos:0.7099620304453691 neg:0.2900379695546309 
3144.txt neg neg:0.9483277711893092 pos:0.051672228810690786 
3907.txt neg neg:0.9994845744005831 pos:5.154255994167515E-4 
2954.txt pos neg:0.6376712431023899 pos:0.3623287568976102 
2290.txt neg neg:0.9976188664092073 pos:0.0023811335907925916 
1857.txt neg neg:0.5056664058542925 pos:0.4943335941457076 
1850.txt neg neg:0.6767273061588318 pos:0.32327269384116813 
1244.txt pos pos:0.9149515769241137 neg:0.08504842307588627 
1171.txt pos pos:0.8650190913889113 neg:0.13498090861108863 
1121.txt pos pos:0.9859663759656968 neg:0.014033624034303312 
2452.txt pos pos:0.9061393772601573 neg:0.09386062273984268 
1980.txt neg neg:0.9356467747092466 pos:0.06435322529075341 
623.txt pos pos:0.8044200424935679 neg:0.19557995750643206 
129.txt pos pos:0.998886754946786 neg:0.001113245053214011 
3113.txt neg neg:0.9948441512282096 pos:0.005155848771790366 
2753.txt neg neg:0.8086710570078817 pos:0.19132894299211836 
4146.txt neg neg:0.999102008756571 pos:8.979912434291431E-4 
921.txt neg neg:0.9846599730646619 pos:0.015340026935338036 
1345.txt pos neg:0.6019277870075277 pos:0.3980722129924723 
2794.txt pos pos:0.7431408280892646 neg:0.2568591719107354 
2250.txt pos pos:0.9805252340860227 neg:0.01947476591397739 
2374.txt pos pos:0.999640274170923 neg:3.597258290768926E-4 
976.txt neg pos:0.5446958922726264 neg:0.4553041077273736 
1690.txt neg pos:0.9944979853369104 neg:0.005502014663089616 
3534.txt pos neg:0.6929669463367862 pos:0.3070330536632137 
4134.txt neg neg:0.8024612022454635 pos:0.19753879775453656 
3105.txt pos neg:0.5306358758432128 pos:0.4693641241567871 
3161.txt neg neg:0.7314216570476573 pos:0.2685783429523427 
541.txt pos neg:0.7121160091117563 pos:0.28788399088824373 
281.txt neg pos:0.7547183850949972 neg:0.24528161490500283 
2503.txt pos pos:0.9982009998129031 neg:0.001799000187096923 
440.txt pos neg:0.6844699394051982 pos:0.31553006059480176 
1137.txt neg neg:0.8965896914047129 pos:0.10341030859528715 
3662.txt neg neg:0.7372174240395268 pos:0.2627825759604732 
3435.txt pos pos:0.8275501304560057 neg:0.1724498695439944 
553.txt neg neg:0.9766124592669523 pos:0.02338754073304777 
884.txt neg neg:0.9917521494684839 pos:0.008247850531516037 
3451.txt neg pos:0.533610014731275 neg:0.466389985268725 
3689.txt pos pos:0.8288537417989819 neg:0.1711462582010181 
4199.txt neg neg:0.9968761842969793 pos:0.0031238157030207027 
692.txt neg neg:0.9959955488976264 pos:0.004004451102373498 
3918.txt pos pos:0.8974032813219525 neg:0.10259671867804761 
3874.txt neg neg:0.9593091041977836 pos:0.040690895802216395 
624.txt pos pos:0.9340841298655743 neg:0.06591587013442567 
2976.txt pos pos:0.9752136955575743 neg:0.024786304442425636 
1433.txt pos pos:0.9995207662221848 neg:4.792337778153265E-4 
1360.txt pos pos:0.98007568394688 neg:0.01992431605311985 
3138.txt neg neg:0.9696483346828202 pos:0.030351665317179748 
2431.txt neg neg:0.7120227244252476 pos:0.2879772755747524 
3082.txt pos pos:0.9935553662225646 neg:0.006444633777435455 
1292.txt pos pos:0.9431743655670516 neg:0.05682563443294842 
13.txt pos pos:0.7154176812019183 neg:0.28458231879808166 
2884.txt pos pos:0.9886481912408704 neg:0.011351808759129443 
4322.txt neg neg:0.6425102797928675 pos:0.35748972020713243 
3039.txt neg neg:0.9918790747871704 pos:0.00812092521282958 
1708.txt pos pos:0.9412451333391981 neg:0.058754866660801916 
2356.txt pos pos:0.9579925397905882 neg:0.04200746020941191 
2299.txt neg pos:0.6662611691268 neg:0.33373883087319994 
301.txt neg pos:0.5374428122785073 neg:0.4625571877214926 
170.txt pos pos:0.9089618928922735 neg:0.09103810710772639 
3588.txt neg pos:0.9194066659138854 neg:0.08059333408611458 
819.txt pos neg:0.8506411824271106 pos:0.1493588175728894 
4300.txt neg neg:0.9989220156049113 pos:0.001077984395088724 
3975.txt neg neg:0.5503420168375753 pos:0.4496579831624246 
1989.txt neg neg:0.9892916070231631 pos:0.010708392976836897 
3548.txt pos pos:0.8103081306162 neg:0.18969186938380003 
1038.txt neg neg:0.9789593775219192 pos:0.021040622478080855 
2915.txt neg neg:0.9945376096181309 pos:0.005462390381869042 
462.txt pos pos:0.9906647516461342 neg:0.009335248353865871 
110.txt neg neg:0.6399839487308538 pos:0.36001605126914626 
2286.txt pos pos:0.9936305175199341 neg:0.006369482480065946 
2455.txt pos neg:0.9542065543246199 pos:0.04579344567538 
2495.txt neg neg:0.9939184757126308 pos:0.006081524287369272 
3696.txt neg neg:0.9736958553271517 pos:0.026304144672848157 
810.txt pos pos:0.996752696335695 neg:0.0032473036643050047 
2537.txt neg neg:0.9862456939737777 pos:0.013754306026222294 
1646.txt neg neg:0.9998616331359764 pos:1.3836686402359313E-4 
1657.txt pos pos:0.9800711568666046 neg:0.01992884313339525 
66.txt pos pos:0.7177878998208657 neg:0.2822121001791344 
308.txt neg neg:0.951305664686894 pos:0.04869433531310588 
2827.txt pos neg:0.8458665782102428 pos:0.15413342178975728 
3166.txt neg neg:0.9110739757314612 pos:0.08892602426853882 
590.txt pos pos:0.9712260476138811 neg:0.028773952386118795 
1231.txt pos pos:0.8002522118903912 neg:0.19974778810960872 
3964.txt pos pos:0.9928356695555094 neg:0.007164330444490671 
2771.txt neg neg:0.9292828462688516 pos:0.07071715373114841 
4091.txt neg neg:0.755468205859152 pos:0.24453179414084808 
3184.txt pos pos:0.9864244856117469 neg:0.013575514388253211 
2380.txt pos pos:0.9483646036361003 neg:0.05163539636389964 
3797.txt neg neg:0.9773369376252707 pos:0.022663062374729277 
3424.txt neg pos:0.5265899067156039 neg:0.47341009328439615 
3498.txt pos neg:0.6715845770294224 pos:0.3284154229705775 
1996.txt pos neg:0.7854339143123085 pos:0.21456608568769142 
1353.txt neg neg:0.955881021448542 pos:0.044118978551457876 
2443.txt neg pos:0.5285034971638687 neg:0.4714965028361312 
260.txt pos pos:0.9564677929648718 neg:0.04353220703512821 
432.txt pos pos:0.9937597063653596 neg:0.006240293634640333 
606.txt pos neg:0.6058250939522265 pos:0.3941749060477736 
250.txt neg neg:0.9981422221211077 pos:0.00185777787889241 
43.txt pos pos:0.9997952929628764 neg:2.047070371236311E-4 
3131.txt neg neg:0.8769801757262621 pos:0.12301982427373798 
3179.txt pos neg:0.5755991636053145 pos:0.42440083639468545 
3093.txt neg neg:0.7946587294715478 pos:0.20534127052845216 
149.txt neg neg:0.9859345618117143 pos:0.01406543818828565 
4219.txt pos neg:0.9117314335248573 pos:0.08826856647514264 
237.txt pos pos:0.6723514546573006 neg:0.3276485453426993 
3338.txt pos neg:0.5330424562647585 pos:0.46695754373524134 
3840.txt pos pos:0.7321454196184487 neg:0.2678545803815513 
2969.txt neg pos:0.8143139272801605 neg:0.1856860727198395 
1499.txt pos pos:0.8331467862357204 neg:0.16685321376427967 
177.txt pos pos:0.9458649470658904 neg:0.05413505293410961 
380.txt neg pos:0.9985172315347486 neg:0.0014827684652515447 
4.txt pos neg:0.5413694233478894 pos:0.4586305766521106 
2515.txt neg neg:0.9957666664820813 pos:0.004233333517918724 
4080.txt pos neg:0.5649458800635089 pos:0.4350541199364912 
2861.txt neg neg:0.8874186493814462 pos:0.11258135061855379 
3491.txt pos pos:0.921472068144053 neg:0.0785279318559471 
1587.txt neg neg:0.8831493687510211 pos:0.11685063124897883 
1863.txt pos pos:0.6145634515766174 neg:0.38543654842338254 
2778.txt neg neg:0.6086878339362116 pos:0.3913121660637883 
2560.txt neg neg:0.9990277063661269 pos:9.722936338730117E-4 
2088.txt neg neg:0.9993465315481829 pos:6.534684518171375E-4 
2414.txt neg pos:0.9500283316054908 neg:0.04997166839450904 
643.txt neg neg:0.5704832487957282 pos:0.4295167512042718 
449.txt pos pos:0.5454700502119836 neg:0.45452994978801636 
1589.txt neg pos:0.6404679593790833 neg:0.35953204062091665 
4217.txt pos pos:0.9855869499225808 neg:0.014413050077419252 
2829.txt pos pos:0.9127699050471665 neg:0.08723009495283353 
1130.txt neg neg:0.9015010094724893 pos:0.09849899052751065 
2982.txt pos neg:0.9704379461759242 pos:0.029562053824075816 
941.txt pos pos:0.9212086183500099 neg:0.0787913816499901 
1284.txt neg neg:0.9168446143086599 pos:0.08315538569134008 
832.txt pos neg:0.9388872803439047 pos:0.06111271965609525 
990.txt pos pos:0.9984523315087034 neg:0.0015476684912966456 
44.txt pos pos:0.9490246483956882 neg:0.050975351604311665 
2852.txt pos neg:0.8138537640685009 pos:0.18614623593149923 
2174.txt neg neg:0.8088419294476878 pos:0.19115807055231218 
1378.txt neg pos:0.8014507538872513 neg:0.19854924611274882 
904.txt neg pos:0.6610622407400175 neg:0.33893775925998243 
1991.txt pos pos:0.996932085713405 neg:0.0030679142865950716 
2075.txt neg neg:0.9090220694745308 pos:0.09097793052546921 
2814.txt neg pos:0.6941659234795543 neg:0.3058340765204458 
4197.txt neg neg:0.9704688145678952 pos:0.02953118543210478 
3384.txt neg neg:0.9914749680013488 pos:0.008525031998651103 
978.txt neg neg:0.994881960072046 pos:0.005118039927953981 
2025.txt neg neg:0.9597721362775441 pos:0.04022786372245586 
3990.txt pos pos:0.9946867901349171 neg:0.005313209865082761 
68.txt pos neg:0.9216289274723185 pos:0.07837107252768154 
503.txt neg neg:0.9743310928488005 pos:0.025668907151199495 
3635.txt neg neg:0.7754213098188194 pos:0.22457869018118062 
757.txt pos pos:0.9954879579912791 neg:0.0045120420087209736 
3647.txt neg pos:0.816195678001031 neg:0.18380432199896893 
3102.txt pos neg:0.9695406314098759 pos:0.030459368590124103 
1367.txt pos neg:0.7960059970852108 pos:0.2039940029147892 
2444.txt neg pos:0.923722369657705 neg:0.07627763034229486 
4265.txt pos neg:0.5954100472891047 pos:0.4045899527108953 
2967.txt neg neg:0.6966932356584676 pos:0.3033067643415323 
2140.txt pos neg:0.9980715860938815 pos:0.0019284139061184705 
613.txt neg neg:0.9293160649078032 pos:0.07068393509219693 
288.txt neg neg:0.638687959299154 pos:0.36131204070084594 
2953.txt pos pos:0.9378507085852806 neg:0.06214929141471949 
1774.txt pos neg:0.9268492818097084 pos:0.07315071819029165 
2022.txt neg neg:0.784243132906474 pos:0.21575686709352607 
3832.txt pos pos:0.8614896913831428 neg:0.13851030861685726 
3972.txt neg neg:0.986875326328679 pos:0.013124673671321082 
2737.txt pos neg:0.580906673308018 pos:0.419093326691982 
576.txt neg neg:0.6525124425556654 pos:0.34748755744433457 
2297.txt neg pos:0.9733430929622608 neg:0.026656907037739284 
4348.txt pos neg:0.9552577818415777 pos:0.04474221815842226 
1800.txt neg neg:0.6259564501194215 pos:0.37404354988057853 
483.txt neg neg:0.9847528260938823 pos:0.015247173906117841 
1547.txt pos neg:0.7733447353097367 pos:0.22665526469026331 
997.txt pos pos:0.8168286195355016 neg:0.18317138046449832 
1958.txt neg pos:0.558097492825836 neg:0.44190250717416407 
4051.txt pos neg:0.9619158234148505 pos:0.03808417658514959 
644.txt neg neg:0.999298405981098 pos:7.01594018902151E-4 
1875.txt neg neg:0.9908407431198712 pos:0.009159256880128704 
1549.txt pos pos:0.9610653618852374 neg:0.03893463811476248 
4210.txt pos pos:0.9973159803024579 neg:0.0026840196975420815 
2009.txt neg pos:0.9861910051935452 neg:0.013808994806454788 
4341.txt pos pos:0.9957920486854343 neg:0.004207951314565836 
3293.txt pos neg:0.9573620499802243 pos:0.04263795001977562 
2046.txt pos neg:0.7030393257409412 pos:0.2969606742590589 
1043.txt neg neg:0.8138107439664138 pos:0.18618925603358613 
730.txt neg neg:0.933115333690096 pos:0.06688466630990396 
3665.txt neg neg:0.9752908914799848 pos:0.024709108520015313 
1558.txt neg neg:0.6897429723060466 pos:0.3102570276939533 
4357.txt neg neg:0.996788892265613 pos:0.0032111077343870767 
1295.txt pos neg:0.5227238461233935 pos:0.4772761538766065 
3997.txt pos pos:0.9832959055557595 neg:0.01670409444424043 
1789.txt pos pos:0.9743802461067665 neg:0.02561975389323348 
Trial 0 Trainer MaxEntTrainer,gaussianPriorVariance=1.0 Training Data Confusion Matrix
Confusion Matrix, row=true, column=predicted  accuracy=0.9888888888888889
  label   0   1  |total
  0 neg 892   8  |900
  1 pos  12 888  |900

Trial 0 Trainer MaxEntTrainer,gaussianPriorVariance=1.0 training data accuracy= 0.9888888888888889
Trial 0 Trainer MaxEntTrainer,gaussianPriorVariance=1.0 Test Data Confusion Matrix
Confusion Matrix, row=true, column=predicted  accuracy=0.7
  label   0   1  |total
  0 neg  76  24  |100
  1 pos  36  64  |100

Trial 0 Trainer MaxEntTrainer,gaussianPriorVariance=1.0 test data accuracy= 0.7

MaxEntTrainer,gaussianPriorVariance=1.0
Summary. train accuracy mean = 0.9888888888888889 stddev = 0.0 stderr = 0.0
Summary. test accuracy mean = 0.7 stddev = 0.0 stderr = 0.0
