
-------------------- Trial 0  --------------------

Trial 0 Training MaxEntTrainer,gaussianPriorVariance=1.0 with 1800 instances
Trial 0 Training MaxEntTrainer,gaussianPriorVariance=1.0 finished
Trial 0 Trainer MaxEntTrainer,gaussianPriorVariance=1.0
 Raw Testing Data
2118.txt neg neg:0.988615658599976 pos:0.011384341400024018 
4108.txt neg pos:0.7103778339854879 neg:0.2896221660145121 
493.txt neg pos:0.5388541039668127 neg:0.46114589603318745 
2929.txt pos neg:0.9034268969097428 pos:0.09657310309025728 
1230.txt neg neg:0.5757205094357876 pos:0.42427949056421244 
2813.txt neg pos:0.9610634831959174 neg:0.03893651680408265 
3781.txt pos pos:0.6863640612234918 neg:0.31363593877650814 
1546.txt neg neg:0.5210618199165659 pos:0.4789381800834342 
1810.txt neg pos:0.8311516994711254 neg:0.16884830052887445 
3801.txt neg neg:0.5112999803122258 pos:0.4887000196877742 
4373.txt pos pos:0.7125462943814296 neg:0.2874537056185705 
4190.txt neg neg:0.9930778444257479 pos:0.006922155574252099 
1155.txt neg neg:0.8879582209507119 pos:0.11204177904928823 
3220.txt pos neg:0.7944623317740431 pos:0.20553766822595695 
348.txt neg pos:0.8097009283843705 neg:0.19029907161562962 
3084.txt neg neg:0.7129237595647163 pos:0.2870762404352837 
1368.txt neg neg:0.6790969247041798 pos:0.3209030752958202 
846.txt pos pos:0.9999205011192089 neg:7.949888079112831E-5 
6.txt neg neg:0.9858714579998263 pos:0.014128542000173584 
1808.txt neg neg:0.6423345799357515 pos:0.35766542006424856 
2206.txt neg neg:0.7216800699968625 pos:0.2783199300031375 
3723.txt neg pos:0.9251949660743817 neg:0.07480503392561838 
3691.txt neg neg:0.9234487207293209 pos:0.076551279270679 
2190.txt pos pos:0.8710509891805883 neg:0.12894901081941162 
934.txt pos neg:0.8394662539676125 pos:0.16053374603238751 
2502.txt neg neg:0.9762461894189787 pos:0.023753810581021242 
266.txt pos pos:0.7939501176369782 neg:0.2060498823630218 
342.txt pos pos:0.9985643080715666 neg:0.0014356919284334395 
1039.txt pos neg:0.8657758058187291 pos:0.13422419418127088 
1168.txt pos pos:0.977664237360168 neg:0.0223357626398321 
521.txt neg neg:0.796018112060569 pos:0.20398188793943098 
1093.txt pos pos:0.9963142116157897 neg:0.003685788384210228 
4310.txt pos pos:0.9996704264677371 neg:3.2957353226292525E-4 
1617.txt pos pos:0.7239368051588787 neg:0.2760631948411212 
3447.txt pos pos:0.5619786603667642 neg:0.43802133963323575 
3672.txt neg neg:0.8070740925370417 pos:0.19292590746295846 
2274.txt neg neg:0.976978191628974 pos:0.02302180837102604 
3497.txt neg neg:0.9996763066422246 pos:3.2369335777547196E-4 
3277.txt neg neg:0.9979565971529627 pos:0.0020434028470373163 
61.txt neg pos:0.9994078652299283 neg:5.921347700716624E-4 
842.txt neg neg:0.9776909931471086 pos:0.022309006852891264 
2158.txt neg neg:0.9373001269588146 pos:0.06269987304118531 
93.txt pos pos:0.8081441060308749 neg:0.19185589396912509 
1361.txt neg neg:0.9707355733044789 pos:0.02926442669552114 
399.txt neg neg:0.9940239547879562 pos:0.0059760452120437395 
3807.txt pos pos:0.9999301892803232 neg:6.981071967686325E-5 
2096.txt neg neg:0.9925264660704329 pos:0.007473533929566987 
1541.txt neg pos:0.9005288126647539 neg:0.09947118733524604 
3956.txt pos pos:0.9802860564514732 neg:0.019713943548526753 
607.txt pos neg:0.5192204845872557 pos:0.48077951541274433 
3337.txt neg neg:0.8760090973940934 pos:0.1239909026059067 
1320.txt pos pos:0.5682369749280693 neg:0.4317630250719306 
4033.txt neg neg:0.9104928137840653 pos:0.08950718621593456 
3266.txt neg pos:0.8303330774866415 neg:0.16966692251335844 
3724.txt neg pos:0.5069607445795273 neg:0.49303925542047256 
402.txt neg neg:0.9988575586585298 pos:0.0011424413414701945 
709.txt pos pos:0.979812309537527 neg:0.02018769046247298 
3688.txt pos neg:0.8065320423007032 pos:0.19346795769929687 
3710.txt pos neg:0.9869415594140147 pos:0.013058440585985296 
85.txt pos pos:0.9999976462804259 neg:2.3537195740826248E-6 
2437.txt neg neg:0.9913384168448561 pos:0.008661583155143902 
1486.txt neg neg:0.9218454462868855 pos:0.0781545537131144 
3304.txt pos pos:0.9955277970777909 neg:0.0044722029222089635 
1028.txt pos pos:0.7616184297360847 neg:0.23838157026391524 
4374.txt pos pos:0.9958192304015108 neg:0.0041807695984891645 
974.txt pos pos:0.77017262130353 neg:0.22982737869647005 
1115.txt neg neg:0.9986655980378593 pos:0.0013344019621407167 
3549.txt pos pos:0.9296898782275732 neg:0.07031012177242674 
2544.txt pos pos:0.5242938030708061 neg:0.4757061969291938 
437.txt neg neg:0.8103144726699839 pos:0.1896855273300161 
3382.txt neg pos:0.9450809136858845 neg:0.05491908631411542 
727.txt neg neg:0.8233443008502703 pos:0.17665569914972976 
486.txt pos pos:0.7135578361700889 neg:0.286442163829911 
1030.txt pos neg:0.9687148877521461 pos:0.03128511224785403 
2853.txt neg neg:0.9979060410064757 pos:0.0020939589935242116 
3835.txt pos pos:0.9331571754833764 neg:0.06684282451662361 
1045.txt pos pos:0.9016576499852754 neg:0.09834235001472451 
4317.txt pos pos:0.9459156414183791 neg:0.05408435858162094 
394.txt pos pos:0.6515947375897145 neg:0.34840526241028547 
577.txt neg pos:0.5386942485940578 neg:0.46130575140594227 
3371.txt pos pos:0.9688393133464701 neg:0.031160686653530025 
3185.txt pos pos:0.9575894982787193 neg:0.04241050172128065 
841.txt pos pos:0.9915744514811151 neg:0.008425548518884933 
1462.txt neg neg:0.7567293885920711 pos:0.2432706114079289 
4088.txt neg pos:0.729557906817612 neg:0.27044209318238804 
1734.txt pos pos:0.8818839115442385 neg:0.11811608845576145 
1129.txt neg neg:0.9490716102897273 pos:0.05092838971027278 
482.txt neg neg:0.9943147578998335 pos:0.005685242100166435 
2683.txt neg neg:0.9749766299210322 pos:0.02502337007896777 
1509.txt pos pos:0.9978095123816636 neg:0.0021904876183363457 
54.txt neg pos:0.8094922362547018 neg:0.19050776374529815 
53.txt pos pos:0.998324017045321 neg:0.0016759829546789718 
1534.txt neg neg:0.53815039082954 pos:0.46184960917046 
3917.txt neg neg:0.9774160354288914 pos:0.02258396457110859 
1948.txt neg neg:0.5040389584701753 pos:0.49596104152982473 
3473.txt neg neg:0.8969469907721991 pos:0.10305300922780092 
2074.txt pos neg:0.8097207382838685 pos:0.1902792617161314 
2110.txt pos pos:0.5273444174992006 neg:0.4726555825007993 
109.txt neg neg:0.927687754517414 pos:0.072312245482586 
3303.txt pos pos:0.9142407150584404 neg:0.08575928494155952 
3806.txt neg neg:0.6407414328351196 pos:0.3592585671648803 
205.txt pos neg:0.5804150037178216 pos:0.41958499628217844 
2065.txt pos pos:0.9651230144684264 neg:0.034876985531573604 
724.txt pos pos:0.9978806021035895 neg:0.0021193978964105134 
4218.txt neg neg:0.985414351445342 pos:0.014585648554657951 
791.txt pos neg:0.8646719345116449 pos:0.1353280654883551 
433.txt pos pos:0.997836906356033 neg:0.002163093643967127 
1329.txt pos pos:0.9962132782216495 neg:0.0037867217783503944 
2125.txt pos neg:0.6359833560864547 pos:0.3640166439135453 
961.txt neg neg:0.8667054652106077 pos:0.13329453478939235 
2902.txt neg neg:0.9961413267616165 pos:0.003858673238383571 
112.txt pos neg:0.5448370807301522 pos:0.45516291926984764 
397.txt neg neg:0.7383626083576972 pos:0.2616373916423029 
3989.txt pos pos:0.9994906895493493 neg:5.09310450650848E-4 
2035.txt neg neg:0.995330368468072 pos:0.004669631531927979 
2869.txt pos pos:0.6879588033608706 neg:0.3120411966391295 
4081.txt neg neg:0.9638218210604844 pos:0.03617817893951556 
4216.txt neg pos:0.5691065791638448 neg:0.4308934208361553 
2181.txt pos pos:0.9747930687182091 neg:0.025206931281790936 
501.txt pos neg:0.5350392287054455 pos:0.4649607712945545 
217.txt neg pos:0.6783692845984802 neg:0.3216307154015198 
169.txt pos pos:0.8528533109082814 neg:0.14714668909171855 
1236.txt pos neg:0.6233268981891641 pos:0.37667310181083585 
2812.txt pos pos:0.7718422770350062 neg:0.22815772296499381 
3580.txt pos pos:0.9775368939032834 neg:0.022463106096716787 
3026.txt pos pos:0.9996591201094981 neg:3.408798905019426E-4 
4132.txt pos pos:0.9753902076818934 neg:0.024609792318106467 
732.txt pos pos:0.5301054337367166 neg:0.46989456626328346 
611.txt pos neg:0.7168910115081302 pos:0.28310898849186983 
1907.txt pos pos:0.9913351470262759 neg:0.008664852973724236 
1054.txt pos pos:0.9908813366350298 neg:0.009118663364970272 
604.txt neg neg:0.9865266508814952 pos:0.01347334911850482 
2660.txt neg neg:0.9536733452617521 pos:0.046326654738247916 
3459.txt neg neg:0.9998024864468977 pos:1.9751355310229757E-4 
973.txt pos pos:0.9997409847787447 neg:2.59015221255224E-4 
1352.txt pos pos:0.9908587253159106 neg:0.009141274684089365 
796.txt pos neg:0.6915927021856101 pos:0.30840729781438986 
494.txt neg neg:0.902016800875162 pos:0.09798319912483797 
3077.txt pos neg:0.9228164446814441 pos:0.07718355531855584 
3153.txt pos pos:0.7474535140550972 neg:0.2525464859449028 
574.txt pos pos:0.5412866218758727 neg:0.45871337812412716 
1746.txt pos neg:0.6747740103351108 pos:0.3252259896648893 
2885.txt neg neg:0.8355137487921411 pos:0.16448625120785887 
660.txt neg pos:0.9730882265421295 neg:0.026911773457870585 
1773.txt pos neg:0.9501543269098351 pos:0.04984567309016474 
1202.txt neg neg:0.8500615874971369 pos:0.14993841250286305 
3701.txt pos pos:0.8122438394063718 neg:0.18775616059362824 
354.txt pos pos:0.9739564120346784 neg:0.02604358796532157 
886.txt pos neg:0.6830924322397158 pos:0.31690756776028417 
2426.txt neg neg:0.8086524130939362 pos:0.19134758690606385 
2937.txt neg neg:0.999289531504435 pos:7.104684955650943E-4 
4025.txt neg pos:0.8459376275743591 neg:0.15406237242564091 
1260.txt pos pos:0.9994880477921586 neg:5.119522078415135E-4 
4308.txt pos pos:0.953476737831095 neg:0.046523262168904886 
1597.txt neg pos:0.958468154118078 neg:0.041531845881922144 
1451.txt pos neg:0.852572845109723 pos:0.147427154890277 
568.txt neg neg:0.8379959997198902 pos:0.16200400028010972 
3951.txt pos pos:0.6504243000118608 neg:0.3495756999881392 
1184.txt neg neg:0.8038590083366935 pos:0.19614099166330648 
3846.txt neg neg:0.9484477800021139 pos:0.05155221999788602 
4257.txt pos pos:0.8855802249138299 neg:0.1144197750861701 
3496.txt pos neg:0.987117816758287 pos:0.01288218324171294 
857.txt pos pos:0.9964203557282716 neg:0.003579644271728262 
1819.txt neg neg:0.7774483721896067 pos:0.2225516278103932 
1909.txt pos pos:0.9949237254758623 neg:0.005076274524137662 
3519.txt neg neg:0.856215583887354 pos:0.1437844161126461 
1370.txt neg neg:0.9590747537007119 pos:0.04092524629928809 
2372.txt pos pos:0.7949567632996848 neg:0.20504323670031527 
2091.txt neg neg:0.999998259774301 pos:1.7402256988932751E-6 
385.txt pos neg:0.627348650048617 pos:0.37265134995138316 
3659.txt pos pos:0.9788116840048461 neg:0.021188315995153792 
388.txt neg neg:0.846055838167222 pos:0.153944161832778 
3227.txt pos pos:0.8120650339159983 neg:0.1879349660840017 
2744.txt neg pos:0.7038719876134322 neg:0.29612801238656783 
3718.txt neg neg:0.9856907213179699 pos:0.014309278682030049 
262.txt neg neg:0.9734162797147496 pos:0.02658372028525044 
45.txt pos pos:0.6415588304854875 neg:0.3584411695145125 
1623.txt neg pos:0.9127692877796368 neg:0.08723071222036306 
2678.txt neg neg:0.8603451441567351 pos:0.13965485584326487 
3407.txt pos pos:0.9915298197742853 neg:0.008470180225714602 
2655.txt neg neg:0.999773383001627 pos:2.2661699837309021E-4 
913.txt neg neg:0.9990793710690188 pos:9.206289309812465E-4 
3292.txt pos pos:0.7710587477881986 neg:0.22894125221180153 
1237.txt neg pos:0.5932274491365243 neg:0.40677255086347575 
422.txt pos pos:0.8099242409645642 neg:0.19007575903543578 
566.txt neg neg:0.9984785800157695 pos:0.0015214199842303983 
107.txt neg neg:0.994345283084151 pos:0.005654716915848867 
1656.txt neg neg:0.9677824557154286 pos:0.03221754428457141 
3589.txt pos pos:0.9792592989354428 neg:0.02074070106455717 
2637.txt pos pos:0.999247077923173 neg:7.529220768269925E-4 
905.txt neg pos:0.9574413521392883 neg:0.04255864786071166 
1203.txt pos pos:0.7099590257617753 neg:0.2900409742382248 
2539.txt neg neg:0.8402581684611694 pos:0.15974183153883062 
1817.txt neg pos:0.7164994517434441 neg:0.283500548256556 
747.txt pos pos:0.7783778181869807 neg:0.2216221818130193 
2604.txt neg pos:0.9549372169883388 neg:0.04506278301166127 
2141.txt pos pos:0.8748221623497751 neg:0.12517783765022503 
3996.txt pos neg:0.6544740606072236 pos:0.3455259393927763 
783.txt neg neg:0.699888072591636 pos:0.30011192740836407 
1747.txt neg neg:0.9887999313541986 pos:0.011200068645801416 
Trial 0 Trainer MaxEntTrainer,gaussianPriorVariance=1.0 Training Data Confusion Matrix
Confusion Matrix, row=true, column=predicted  accuracy=0.9883333333333333
  label   0   1  |total
  0 neg 893   7  |900
  1 pos  14 886  |900

Trial 0 Trainer MaxEntTrainer,gaussianPriorVariance=1.0 training data accuracy= 0.9883333333333333
Trial 0 Trainer MaxEntTrainer,gaussianPriorVariance=1.0 Test Data Confusion Matrix
Confusion Matrix, row=true, column=predicted  accuracy=0.75
  label   0   1  |total
  0 neg  75  25  |100
  1 pos  25  75  |100

Trial 0 Trainer MaxEntTrainer,gaussianPriorVariance=1.0 test data accuracy= 0.75

MaxEntTrainer,gaussianPriorVariance=1.0
Summary. train accuracy mean = 0.9883333333333333 stddev = 0.0 stderr = 0.0
Summary. test accuracy mean = 0.75 stddev = 0.0 stderr = 0.0
