
-------------------- Trial 0  --------------------

Trial 0 Training MaxEntTrainer,gaussianPriorVariance=1.0 with 1800 instances
Trial 0 Training MaxEntTrainer,gaussianPriorVariance=1.0 finished
Trial 0 Trainer MaxEntTrainer,gaussianPriorVariance=1.0
 Raw Testing Data
2764.txt neg neg:0.6629423166390378 pos:0.3370576833609622 
1502.txt neg neg:0.9836572365563704 pos:0.016342763443629667 
1903.txt pos pos:0.7901332325247116 neg:0.20986676747528835 
2617.txt pos neg:0.9931697186001477 pos:0.006830281399852363 
4238.txt neg pos:0.9022253234137905 neg:0.09777467658620949 
994.txt pos pos:0.9991447676241552 neg:8.552323758448315E-4 
294.txt neg neg:0.9862363118780941 pos:0.013763688121905877 
453.txt pos pos:0.9453063643935985 neg:0.0546936356064015 
4229.txt neg neg:0.9810039068309526 pos:0.01899609316904738 
795.txt pos pos:0.5489437820581373 neg:0.4510562179418627 
877.txt pos neg:0.558725906586938 pos:0.44127409341306206 
370.txt neg neg:0.859774235780863 pos:0.14022576421913707 
2534.txt neg neg:0.8833014181790806 pos:0.1166985818209195 
3677.txt pos pos:0.8411092545855595 neg:0.15889074541444043 
651.txt neg neg:0.6827389574819493 pos:0.31726104251805065 
3553.txt neg pos:0.5415558336560725 neg:0.45844416634392754 
2887.txt pos pos:0.9088975544690782 neg:0.09110244553092181 
73.txt neg pos:0.651981371400167 neg:0.34801862859983307 
986.txt neg neg:0.9740105675966197 pos:0.02598943240338037 
3754.txt pos pos:0.520900876497695 neg:0.47909912350230494 
4214.txt pos pos:0.9979151952187215 neg:0.0020848047812783888 
1621.txt pos neg:0.5898355755296529 pos:0.4101644244703471 
533.txt neg neg:0.9206810720403055 pos:0.07931892795969453 
4339.txt pos pos:0.9753806569012006 neg:0.024619343098799415 
3528.txt neg pos:0.9915728323459557 neg:0.008427167654044191 
74.txt pos neg:0.7562167042661131 pos:0.24378329573388685 
3306.txt neg pos:0.9507199297642343 neg:0.04928007023576575 
405.txt pos pos:0.9603569163041082 neg:0.039643083695891826 
3402.txt neg neg:0.9907030145790007 pos:0.009296985420999273 
1210.txt neg neg:0.9704470859694153 pos:0.029552914030584708 
3347.txt pos neg:0.9228188384446875 pos:0.07718116155531243 
4002.txt neg pos:0.8444861497561604 neg:0.1555138502438396 
2823.txt pos neg:0.9661335999008305 pos:0.03386640009916959 
454.txt pos pos:0.9966424769061526 neg:0.0033575230938473395 
4176.txt pos neg:0.9994730792591514 pos:5.26920740848554E-4 
1839.txt neg neg:0.7657989997690196 pos:0.2342010002309805 
2680.txt neg pos:0.9927252764505718 neg:0.007274723549428108 
4337.txt pos pos:0.7115737527790779 neg:0.2884262472209221 
1291.txt pos neg:0.9453633984354011 pos:0.054636601564598965 
3721.txt pos pos:0.9982442098163435 neg:0.0017557901836564357 
2619.txt pos neg:0.7216527743582515 pos:0.2783472256417485 
246.txt pos pos:0.5802762161994718 neg:0.4197237838005282 
4103.txt pos pos:0.9988763577978523 neg:0.0011236422021476727 
1727.txt neg neg:0.6167475544343827 pos:0.3832524455656173 
4036.txt pos pos:0.7645165957387768 neg:0.23548340426122313 
2748.txt pos pos:0.947531587810235 neg:0.052468412189764856 
2862.txt neg neg:0.9964733290148015 pos:0.003526670985198621 
3761.txt pos pos:0.833928199816287 neg:0.16607180018371306 
3895.txt pos pos:0.7618116731434272 neg:0.23818832685657276 
2507.txt pos pos:0.9806378937384055 neg:0.019362106261594566 
314.txt neg pos:0.9384429795740891 neg:0.061557020425910894 
3877.txt neg neg:0.757440074111153 pos:0.24255992588884703 
158.txt pos pos:0.8261263847600036 neg:0.1738736152399965 
3778.txt neg pos:0.6657199102652974 neg:0.33428008973470263 
4220.txt neg neg:0.9919269677873959 pos:0.008073032212604176 
1828.txt neg neg:0.9633250340270015 pos:0.036674965972998505 
4283.txt neg neg:0.9237841882764848 pos:0.07621581172351514 
254.txt neg pos:0.9162941410894634 neg:0.08370585891053652 
1536.txt pos neg:0.9616030864458747 pos:0.038396913554125396 
2383.txt pos pos:0.7530984848777945 neg:0.2469015151222055 
359.txt pos neg:0.9985799390971445 pos:0.0014200609028553943 
379.txt neg neg:0.7741022913272346 pos:0.2258977086727654 
2711.txt neg neg:0.9267932685356731 pos:0.07320673146432678 
1984.txt pos pos:0.9988727553702496 neg:0.0011272446297504928 
1714.txt pos pos:0.9829363552081093 neg:0.017063644791890667 
1091.txt neg neg:0.980511015351242 pos:0.019488984648757954 
778.txt pos pos:0.9984962053454152 neg:0.0015037946545847741 
4268.txt pos pos:0.9899609402953204 neg:0.010039059704679465 
2986.txt neg neg:0.998078231827009 pos:0.001921768172990905 
1056.txt neg neg:0.9576064947515968 pos:0.04239350524840327 
2900.txt pos neg:0.9044339340861866 pos:0.09556606591381349 
4303.txt neg neg:0.666786205664294 pos:0.3332137943357061 
3147.txt neg neg:0.8873668499218762 pos:0.11263315007812384 
2686.txt pos pos:0.9998534566957575 neg:1.4654330424256336E-4 
1531.txt pos pos:0.8812939644186323 neg:0.11870603558136765 
3937.txt neg neg:0.9897073767467582 pos:0.010292623253241715 
2858.txt pos pos:0.8074291388257256 neg:0.19257086117427444 
545.txt pos pos:0.8213406989898315 neg:0.1786593010101684 
3119.txt pos pos:0.9884908373303974 neg:0.011509162669602564 
3064.txt neg neg:0.9673392263859385 pos:0.032660773614061576 
2320.txt pos pos:0.9969884831213116 neg:0.0030115168786884164 
3912.txt pos pos:0.6266808979119207 neg:0.3733191020880792 
3645.txt pos pos:0.8197655038787903 neg:0.18023449612120973 
2635.txt neg neg:0.6726810086438502 pos:0.3273189913561499 
2599.txt neg neg:0.9583868101026902 pos:0.041613189897309825 
1240.txt pos neg:0.8077124232852624 pos:0.1922875767147375 
2410.txt neg neg:0.9772189813601247 pos:0.02278101863987523 
2113.txt pos pos:0.935683060079627 neg:0.0643169399203729 
3272.txt pos pos:0.9988373111871826 neg:0.001162688812817438 
1893.txt neg neg:0.8397167588625998 pos:0.16028324113740014 
297.txt pos pos:0.7741373934196932 neg:0.2258626065803068 
465.txt neg neg:0.9658583550283771 pos:0.03414164497162284 
1595.txt pos pos:0.6538449538450187 neg:0.34615504615498127 
2368.txt neg pos:0.5742791104886802 neg:0.4257208895113198 
629.txt pos pos:0.7102264239574628 neg:0.2897735760425371 
2990.txt neg neg:0.9654480001577963 pos:0.034551999842203654 
1099.txt pos pos:0.6466781170834219 neg:0.3533218829165781 
2799.txt pos pos:0.8033896085066073 neg:0.19661039149339257 
3639.txt pos neg:0.7281802178357974 pos:0.27181978216420255 
2313.txt neg neg:0.9991085526438361 pos:8.914473561637839E-4 
3025.txt pos neg:0.9689976751651453 pos:0.031002324834854548 
127.txt neg neg:0.9512066269731374 pos:0.04879337302686261 
2082.txt pos pos:0.9180111081392802 neg:0.0819888918607199 
1346.txt neg pos:0.8265159322626606 neg:0.17348406773733926 
2417.txt neg neg:0.9992064954295496 pos:7.935045704504168E-4 
2093.txt pos neg:0.9139011289912761 pos:0.08609887100872385 
1008.txt pos pos:0.9422921667273069 neg:0.05770783327269302 
3715.txt neg neg:0.7088440032433692 pos:0.2911559967566309 
683.txt pos pos:0.9999608829731571 neg:3.911702684283157E-5 
138.txt neg pos:0.9643423882557765 neg:0.035657611744223494 
1049.txt neg pos:0.9349235356895426 neg:0.06507646431045735 
772.txt neg neg:0.9806218306936101 pos:0.019378169306390008 
1678.txt neg neg:0.988243453247679 pos:0.011756546752320891 
3387.txt pos pos:0.7244340700195797 neg:0.2755659299804203 
4178.txt pos neg:0.8161714688294622 pos:0.18382853117053774 
4213.txt pos neg:0.838325301942666 pos:0.16167469805733392 
1902.txt neg pos:0.525675884642793 neg:0.474324115357207 
4282.txt pos pos:0.7569167854297746 neg:0.24308321457022544 
2432.txt pos neg:0.9408732844605373 pos:0.05912671553946274 
764.txt neg neg:0.9903604067195523 pos:0.00963959328044773 
2559.txt neg neg:0.9947508161630599 pos:0.005249183836940063 
1087.txt neg neg:0.9968500396262182 pos:0.003149960373781731 
3016.txt neg neg:0.9721454666375048 pos:0.027854533362495312 
257.txt pos pos:0.99999942380373 neg:5.761962699247316E-7 
2138.txt neg neg:0.9899046966137387 pos:0.010095303386261353 
1309.txt pos pos:0.9899469161539295 neg:0.010053083846070503 
776.txt pos pos:0.997205601426797 neg:0.0027943985732030037 
195.txt neg neg:0.9989799724324334 pos:0.001020027567566703 
1882.txt neg pos:0.5531558139235875 neg:0.4468441860764126 
3945.txt neg neg:0.9709450457249139 pos:0.02905495427508607 
3090.txt pos pos:0.7300161063371253 neg:0.2699838936628747 
684.txt pos pos:0.8691554200146373 neg:0.13084457998536275 
1096.txt neg pos:0.997775453097626 neg:0.0022245469023739486 
3156.txt neg neg:0.8604217049725046 pos:0.1395782950274954 
2788.txt pos pos:0.9929061832765638 neg:0.007093816723436305 
3041.txt pos pos:0.9972374942744042 neg:0.0027625057255958123 
3560.txt pos pos:0.9937625370773816 neg:0.006237462922618421 
2997.txt neg neg:0.5340291214495353 pos:0.4659708785504647 
1777.txt pos pos:0.8919388342589363 neg:0.1080611657410638 
1744.txt neg pos:0.5367208210817951 neg:0.463279178918205 
3879.txt neg neg:0.977513257528118 pos:0.022486742471881975 
821.txt pos pos:0.9935822759655661 neg:0.006417724034433937 
1604.txt neg neg:0.9914938772257476 pos:0.00850612277425248 
201.txt pos neg:0.9636993335205891 pos:0.03630066647941076 
1247.txt pos pos:0.9262996958107156 neg:0.07370030418928439 
1592.txt pos pos:0.8343859616538674 neg:0.1656140383461327 
2516.txt pos pos:0.6579686989157517 neg:0.34203130108424834 
3942.txt neg neg:0.9999850930278604 pos:1.4906972139642527E-5 
1682.txt pos pos:0.9995457775000793 neg:4.54222499920725E-4 
4378.txt neg neg:0.9584524838552085 pos:0.04154751614479144 
1206.txt neg neg:0.8588252823715535 pos:0.14117471762844644 
3009.txt neg neg:0.618089212159744 pos:0.3819107878402559 
3631.txt neg neg:0.8277885969511117 pos:0.17221140304888832 
1375.txt pos pos:0.8939510009605682 neg:0.10604899903943167 
2144.txt neg neg:0.9977521552654761 pos:0.002247844734523799 
3246.txt neg neg:0.8416849536155294 pos:0.1583150463844707 
2314.txt neg neg:0.9941672335100737 pos:0.005832766489926181 
1273.txt neg pos:0.6379756057035132 neg:0.36202439429648675 
1544.txt pos pos:0.9471179261358715 neg:0.05288207386412839 
3985.txt neg neg:0.9312093174186075 pos:0.06879068258139255 
1311.txt pos pos:0.7962744536956423 neg:0.2037255463043576 
1968.txt neg neg:0.9996861559334035 pos:3.138440665965238E-4 
1513.txt neg pos:0.7789320027280732 neg:0.2210679972719269 
868.txt pos neg:0.976581837654826 pos:0.023418162345174083 
116.txt pos pos:0.9892507468353973 neg:0.01074925316460276 
814.txt pos pos:0.7595273301821192 neg:0.24047266981788085 
4005.txt neg neg:0.7362102775283564 pos:0.2637897224716436 
1931.txt pos pos:0.9724391440573132 neg:0.027560855942686733 
1705.txt pos neg:0.7930123649073705 pos:0.2069876350926296 
1871.txt pos pos:0.9974487285857645 neg:0.002551271414235493 
3165.txt pos pos:0.9998868044340706 neg:1.131955659293439E-4 
143.txt neg pos:0.9613734322787348 neg:0.0386265677212651 
1040.txt neg neg:0.9523618534956805 pos:0.04763814650431943 
2053.txt pos pos:0.6223319647412558 neg:0.3776680352587442 
775.txt neg neg:0.9922323186013318 pos:0.0077676813986681525 
1943.txt pos pos:0.9067686552680503 neg:0.09323134473194977 
866.txt pos pos:0.514871255628225 neg:0.485128744371775 
2716.txt neg pos:0.9969648476562779 neg:0.003035152343722053 
2957.txt neg neg:0.9897637101162174 pos:0.010236289883782482 
1845.txt neg neg:0.9313632002607948 pos:0.06863679973920511 
3335.txt pos pos:0.9792277639625891 neg:0.020772236037410952 
652.txt pos pos:0.8208606705038072 neg:0.17913932949619277 
2959.txt neg pos:0.5964160289510301 neg:0.4035839710489699 
3767.txt neg neg:0.8163965546866554 pos:0.18360344531334452 
3692.txt neg pos:0.6589323929495315 neg:0.3410676070504685 
3737.txt pos pos:0.9788428508144675 neg:0.02115714918553252 
808.txt neg neg:0.8894838325292944 pos:0.11051616747070561 
474.txt neg neg:0.9900638064140311 pos:0.00993619358596877 
2361.txt neg neg:0.9804062706575696 pos:0.01959372934243039 
1453.txt neg neg:0.771858549691167 pos:0.2281414503088331 
982.txt pos pos:0.9998616055814338 neg:1.3839441856628161E-4 
1885.txt neg neg:0.9936847738325006 pos:0.006315226167499269 
1318.txt pos pos:0.9595302232464118 neg:0.04046977675358824 
183.txt neg neg:0.9628842484682731 pos:0.03711575153172686 
1626.txt pos pos:0.7074783321212472 neg:0.29252166787875283 
17.txt pos neg:0.9568148326287291 pos:0.04318516737127094 
656.txt neg pos:0.9037254728796774 neg:0.09627452712032247 
230.txt neg neg:0.6364789010976483 pos:0.3635210989023518 
3196.txt neg neg:0.9844226487286613 pos:0.01557735127133867 
3477.txt neg neg:0.9816112663389955 pos:0.018388733661004315 
Trial 0 Trainer MaxEntTrainer,gaussianPriorVariance=1.0 Training Data Confusion Matrix
Confusion Matrix, row=true, column=predicted  accuracy=0.9866666666666667
  label   0   1  |total
  0 neg 890  10  |900
  1 pos  14 886  |900

Trial 0 Trainer MaxEntTrainer,gaussianPriorVariance=1.0 training data accuracy= 0.9866666666666667
Trial 0 Trainer MaxEntTrainer,gaussianPriorVariance=1.0 Test Data Confusion Matrix
Confusion Matrix, row=true, column=predicted  accuracy=0.76
  label   0   1  |total
  0 neg  75  25  |100
  1 pos  23  77  |100

Trial 0 Trainer MaxEntTrainer,gaussianPriorVariance=1.0 test data accuracy= 0.76

MaxEntTrainer,gaussianPriorVariance=1.0
Summary. train accuracy mean = 0.9866666666666667 stddev = 0.0 stderr = 0.0
Summary. test accuracy mean = 0.76 stddev = 0.0 stderr = 0.0
