
-------------------- Trial 0  --------------------

Trial 0 Training NaiveBayesTrainer with 1800 instances
Trial 0 Training NaiveBayesTrainer finished
Trial 0 Trainer NaiveBayesTrainer
 Raw Testing Data
4188.txt neg neg:0.9525595081897172 pos:0.0474404918102828 
1890.txt neg pos:0.5440796573480522 neg:0.45592034265194775 
3541.txt neg neg:0.9744224881037824 pos:0.025577511896217577 
2106.txt pos pos:0.9993903946137058 neg:6.096053862940879E-4 
2567.txt pos pos:0.9990524554223081 neg:9.475445776917635E-4 
302.txt pos pos:0.9958525054195511 neg:0.004147494580448922 
1475.txt pos pos:0.9983706014277418 neg:0.001629398572258195 
2396.txt pos pos:0.999143745016115 neg:8.562549838849269E-4 
3481.txt neg neg:0.9498682413606304 pos:0.05013175863936948 
937.txt neg neg:0.9982036821997641 pos:0.0017963178002359265 
1923.txt pos pos:0.7996662835839967 neg:0.20033371641600317 
950.txt pos pos:0.7493843823832167 neg:0.25061561761678336 
1764.txt neg pos:0.8864151538354046 neg:0.11358484616459545 
466.txt neg neg:0.9994771313146404 pos:5.228686853596584E-4 
4035.txt pos pos:0.9999999954150838 neg:4.5849162409370585E-9 
4157.txt neg neg:0.9615230202035905 pos:0.03847697979640942 
4246.txt pos pos:0.9998947675642186 neg:1.052324357813262E-4 
2340.txt pos pos:0.9999973969489495 neg:2.603051050533352E-6 
1434.txt neg pos:0.7402676165590174 neg:0.2597323834409826 
3271.txt pos pos:0.9238237332498025 neg:0.07617626675019754 
3005.txt pos neg:0.9530919020607032 pos:0.04690809793929685 
3573.txt neg pos:0.9525732983016496 neg:0.047426701698350344 
1846.txt neg neg:0.5249862198433054 pos:0.47501378015669465 
2289.txt pos pos:0.5542857812486344 neg:0.44571421875136563 
3076.txt neg pos:0.6869793156086044 neg:0.3130206843913955 
273.txt neg neg:0.9739547161888075 pos:0.026045283811192442 
669.txt neg pos:0.9179002291734123 neg:0.08209977082658772 
3681.txt pos pos:0.7085624191978037 neg:0.29143758080219634 
3169.txt neg neg:0.993191299003 pos:0.0068087009969999696 
1083.txt neg neg:0.9941151409501519 pos:0.005884859049848199 
1448.txt neg neg:0.738890308763347 pos:0.261109691236653 
1564.txt pos neg:0.9988373438788839 pos:0.0011626561211160935 
4097.txt neg neg:0.8598632808108773 pos:0.14013671918912282 
1371.txt pos pos:0.6624353574720373 neg:0.33756464252796275 
3329.txt pos neg:0.8593841334997286 pos:0.14061586650027136 
3946.txt neg neg:0.8736194185408047 pos:0.12638058145919515 
2445.txt neg neg:0.8134037889412642 pos:0.18659621105873575 
1194.txt pos pos:0.998745733386883 neg:0.0012542666131169478 
156.txt neg neg:0.9982781766610676 pos:0.0017218233389325423 
1441.txt neg neg:0.704791685773273 pos:0.29520831422672694 
977.txt neg neg:0.9818286012820291 pos:0.01817139871797101 
3901.txt neg neg:0.8543012029583932 pos:0.14569879704160668 
1563.txt pos neg:0.5447402671085129 pos:0.4552597328914871 
1872.txt pos pos:0.9912379538664695 neg:0.008762046133530463 
1848.txt neg pos:0.9713505491655928 neg:0.028649450834407304 
3811.txt pos pos:0.9947178702948116 neg:0.005282129705188296 
586.txt pos neg:0.6470530050770488 pos:0.35294699492295123 
253.txt pos pos:0.793395060143178 neg:0.20660493985682207 
813.txt neg neg:0.9875146219391618 pos:0.012485378060838161 
2766.txt pos pos:0.8064906861249014 neg:0.19350931387509862 
942.txt neg neg:0.8740235652731257 pos:0.12597643472687423 
2912.txt pos pos:0.9443721278236311 neg:0.05562787217636894 
1696.txt neg neg:0.9992858050589957 pos:7.141949410043918E-4 
1303.txt pos pos:0.9999814181590069 neg:1.8581840993130242E-5 
3773.txt pos pos:0.9796874821475833 neg:0.020312517852416796 
1580.txt pos pos:0.9944469473034742 neg:0.005553052696525902 
945.txt neg pos:0.910192969019876 neg:0.08980703098012395 
3709.txt neg neg:0.9883568904976714 pos:0.011643109502328634 
1061.txt pos pos:0.999909492810241 neg:9.050718975894408E-5 
2670.txt pos neg:0.7371379338030942 pos:0.26286206619690583 
4316.txt neg neg:0.9992033579173651 pos:7.96642082634844E-4 
3204.txt pos neg:0.9325067624542296 pos:0.06749323754577043 
414.txt neg neg:0.9998436132746819 pos:1.5638672531816081E-4 
406.txt pos pos:0.8422603272853421 neg:0.157739672714658 
1268.txt neg neg:0.939336221641205 pos:0.06066377835879502 
2566.txt neg neg:0.9067931376873074 pos:0.09320686231269264 
4273.txt pos pos:0.6686420448168312 neg:0.3313579551831688 
446.txt pos pos:0.9075845175441943 neg:0.09241548245580558 
3315.txt pos pos:0.9206455783890236 neg:0.07935442161097647 
1965.txt neg neg:0.9174008541112955 pos:0.0825991458887045 
3327.txt pos pos:0.7791359044639335 neg:0.22086409553606645 
1330.txt neg pos:0.9870057912498816 neg:0.012994208750118324 
1765.txt pos neg:0.9979887680845506 pos:0.0020112319154494385 
667.txt neg pos:0.836006914068666 neg:0.163993085931334 
1255.txt pos pos:0.9977044171393771 neg:0.0022955828606229323 
2147.txt neg neg:0.9234496864796928 pos:0.07655031352030703 
1212.txt pos pos:0.9994755160238923 neg:5.244839761077418E-4 
305.txt pos neg:0.9247748803023095 pos:0.07522511969769043 
588.txt pos pos:0.9575870130885963 neg:0.042412986911403744 
2802.txt neg pos:0.9965600938873814 neg:0.003439906112618501 
1266.txt neg pos:0.6807046424521707 neg:0.3192953575478294 
104.txt pos pos:0.9999996643221415 neg:3.356778585372082E-7 
3941.txt neg neg:0.9917141384689094 pos:0.008285861531090606 
1447.txt pos pos:0.976265207491783 neg:0.023734792508217046 
3799.txt pos pos:0.9791138634089607 neg:0.020886136591039293 
473.txt pos neg:0.6216287930270576 pos:0.37837120697294235 
3418.txt pos neg:0.5573910468298056 pos:0.4426089531701945 
787.txt pos neg:0.5177364804089087 pos:0.4822635195910913 
1807.txt pos neg:0.9242793330413014 pos:0.07572066695869871 
4319.txt pos pos:0.9979339651228538 neg:0.0020660348771462294 
1672.txt neg neg:0.8195008685132003 pos:0.18049913148679977 
1924.txt pos pos:0.9999930558929866 neg:6.944107013486997E-6 
4356.txt neg neg:0.9978112150074907 pos:0.0021887849925091973 
530.txt neg pos:0.7626084843666161 neg:0.23739151563338395 
3746.txt pos neg:0.9663895129265117 pos:0.033610487073488446 
3888.txt neg neg:0.9692529469502155 pos:0.030747053049784482 
4208.txt pos pos:0.9997881097969294 neg:2.118902030706091E-4 
649.txt pos pos:0.9718668438054525 neg:0.028133156194547444 
2264.txt pos neg:0.5886544103828089 pos:0.4113455896171912 
3651.txt neg neg:0.8081087875235646 pos:0.19189121247643526 
1269.txt pos pos:0.9999340948270846 neg:6.590517291534614E-5 
3410.txt neg pos:0.8693121493714675 neg:0.13068785062853247 
1252.txt pos pos:0.6868636774237471 neg:0.3131363225762529 
490.txt pos pos:0.9946013781923011 neg:0.005398621807698899 
1136.txt neg neg:0.5679726881606836 pos:0.4320273118393164 
3245.txt neg neg:0.5776018308236399 pos:0.42239816917636014 
310.txt neg neg:0.5955604257032308 pos:0.4044395742967692 
2521.txt neg neg:0.6098122975813365 pos:0.3901877024186636 
1873.txt neg neg:0.9996513734310877 pos:3.486265689122013E-4 
3540.txt pos pos:0.6642560282864779 neg:0.335743971713522 
792.txt neg neg:0.7405318098282735 pos:0.2594681901717265 
3817.txt neg neg:0.993039537082059 pos:0.006960462917940985 
3948.txt neg neg:0.9924592312449612 pos:0.007540768755038848 
2058.txt neg pos:0.6480390791770921 neg:0.3519609208229078 
3320.txt pos pos:0.9510792463809288 neg:0.04892075361907121 
1337.txt neg pos:0.7116907954355599 neg:0.28830920456444015 
1962.txt neg neg:0.8254815893295122 pos:0.17451841067048784 
1131.txt neg neg:0.995135195722603 pos:0.00486480427739696 
30.txt neg pos:0.8459864598142517 neg:0.15401354018574817 
1762.txt pos neg:0.9430701625295455 pos:0.05692983747045457 
2726.txt pos pos:0.9999988391249333 neg:1.1608750666830526E-6 
1139.txt pos pos:0.9631887189174461 neg:0.03681128108255389 
4325.txt pos pos:0.999952098440874 neg:4.790155912602352E-5 
4274.txt pos pos:0.9999946277714477 neg:5.372228552434331E-6 
559.txt pos pos:0.990607063550779 neg:0.009392936449221054 
1055.txt neg neg:0.9436812743644797 pos:0.05631872563552027 
711.txt pos neg:0.5850871511704169 pos:0.41491284882958307 
3042.txt pos pos:0.9363857648759537 neg:0.06361423512404628 
828.txt neg neg:0.9339202657450806 pos:0.06607973425491943 
1302.txt neg pos:0.9808237167464908 neg:0.019176283253509188 
2985.txt neg neg:0.6753606046099287 pos:0.32463939539007125 
2895.txt pos neg:0.7780976332251733 pos:0.22190236677482675 
2803.txt pos pos:0.9966131949118415 neg:0.003386805088158542 
4163.txt pos neg:0.5568451271710875 pos:0.4431548728289125 
2913.txt neg neg:0.5392200026442046 pos:0.46077999735579545 
3239.txt neg pos:0.5366194000969856 neg:0.46338059990301433 
2011.txt neg neg:0.6969991297830787 pos:0.30300087021692124 
579.txt neg neg:0.9756204840291116 pos:0.024379515970888402 
192.txt pos pos:0.9998888309305726 neg:1.1116906942750584E-4 
833.txt pos neg:0.9843611053411636 pos:0.015638894658836427 
1786.txt pos pos:0.8038109401154977 neg:0.1961890598845024 
319.txt neg neg:0.9445074261056876 pos:0.05549257389431232 
4350.txt pos pos:0.8136392090773279 neg:0.18636079092267208 
3422.txt neg neg:0.9513130926091602 pos:0.04868690739083971 
3094.txt pos pos:0.9942269368190365 neg:0.005773063180963424 
2263.txt pos pos:0.9954225879389241 neg:0.00457741206107595 
2101.txt pos pos:0.7819035040514151 neg:0.21809649594858488 
505.txt neg pos:0.6423057946963457 neg:0.3576942053036542 
4323.txt neg neg:0.8325442111429415 pos:0.16745578885705845 
1060.txt neg neg:0.9945435173080862 pos:0.005456482691913702 
3326.txt neg neg:0.7873782672712653 pos:0.21262173272873475 
4365.txt pos neg:0.6566582631417782 pos:0.34334173685822184 
2671.txt neg neg:0.9966885890340581 pos:0.003311410965941931 
4075.txt pos pos:0.9797608771633183 neg:0.020239122836681687 
299.txt neg neg:0.9855297486493279 pos:0.014470251350672134 
3747.txt neg neg:0.9995003211848934 pos:4.996788151065473E-4 
234.txt neg neg:0.9857286055204493 pos:0.014271394479550734 
3203.txt pos neg:0.5922632251263706 pos:0.4077367748736293 
2493.txt neg neg:0.9652754028984263 pos:0.034724597101573634 
1261.txt neg pos:0.9998043350811214 neg:1.9566491887846812E-4 
1763.txt neg neg:0.6936450960953416 pos:0.3063549039046584 
4296.txt neg neg:0.8900004508455368 pos:0.10999954915446311 
1832.txt pos pos:0.9768442384036017 neg:0.023155761596398323 
2920.txt pos pos:0.9990904613378587 neg:9.095386621413228E-4 
2761.txt pos neg:0.5493464189330693 pos:0.45065358106693065 
2288.txt neg pos:0.9504325640773295 neg:0.04956743592267058 
2783.txt neg neg:0.6917127576596628 pos:0.3082872423403372 
4119.txt neg neg:0.9781040260564368 pos:0.021895973943563133 
103.txt pos pos:0.9980518424830758 neg:0.0019481575169242355 
3002.txt pos neg:0.7075161543885199 pos:0.29248384561148 
3121.txt pos neg:0.9578251525230708 pos:0.04217484747692914 
2436.txt pos pos:0.858867570104692 neg:0.141132429895308 
3658.txt neg neg:0.926068737519187 pos:0.07393126248081312 
522.txt pos neg:0.585854144589172 pos:0.41414585541082793 
2024.txt neg pos:0.9938225903570881 neg:0.006177409642911922 
885.txt neg neg:0.5830041776446612 pos:0.41699582235533883 
3489.txt pos pos:0.9999505658698946 neg:4.943413010528236E-5 
77.txt neg pos:0.9804629899983028 neg:0.01953701000169726 
3242.txt neg neg:0.911581735396378 pos:0.08841826460362211 
1633.txt pos pos:0.9955869160473159 neg:0.004413083952684091 
758.txt pos pos:0.9613955918919647 neg:0.03860440810803524 
4098.txt pos neg:0.8682099191492801 pos:0.1317900808507199 
1634.txt pos pos:0.869167295403426 neg:0.1308327045965741 
640.txt pos pos:0.996316308292107 neg:0.003683691707892881 
1519.txt neg neg:0.9200425057217493 pos:0.07995749427825068 
248.txt neg neg:0.9997327186558657 pos:2.6728134413427546E-4 
1609.txt neg neg:0.9997041505057815 pos:2.9584949421839277E-4 
1556.txt pos pos:0.9999870012415348 neg:1.2998758465180186E-5 
1342.txt neg pos:0.93287964871034 neg:0.06712035128966005 
959.txt pos pos:0.9999916614289237 neg:8.338571076260723E-6 
3031.txt neg neg:0.9377707370579152 pos:0.062229262942084765 
3279.txt neg pos:0.9678698533166031 neg:0.03213014668339688 
2442.txt neg neg:0.6445161743274217 pos:0.3554838256725784 
3880.txt pos pos:0.8369007719452122 neg:0.1630992280547878 
874.txt pos neg:0.8935783767924087 pos:0.10642162320759127 
4111.txt pos pos:0.9999931727345295 neg:6.827265470498446E-6 
1473.txt neg neg:0.9997696248807378 pos:2.3037511926215425E-4 
214.txt pos pos:0.7840285663940374 neg:0.21597143360596255 
3450.txt neg neg:0.993302517293717 pos:0.006697482706282884 
2063.txt neg neg:0.9575442857544472 pos:0.0424557142455529 
Trial 0 Trainer NaiveBayesTrainer Training Data Confusion Matrix
Confusion Matrix, row=true, column=predicted  accuracy=0.8772222222222222
  label   0   1  |total
  0 neg 823  77  |900
  1 pos 144 756  |900

Trial 0 Trainer NaiveBayesTrainer training data accuracy= 0.8772222222222222
Trial 0 Trainer NaiveBayesTrainer Test Data Confusion Matrix
Confusion Matrix, row=true, column=predicted  accuracy=0.73
  label   0   1  |total
  0 neg  74  26  |100
  1 pos  28  72  |100

Trial 0 Trainer NaiveBayesTrainer test data accuracy= 0.73

NaiveBayesTrainer
Summary. train accuracy mean = 0.8772222222222222 stddev = 0.0 stderr = 0.0
Summary. test accuracy mean = 0.73 stddev = 0.0 stderr = 0.0
