
-------------------- Trial 0  --------------------

Trial 0 Training NaiveBayesTrainer with 1800 instances
Trial 0 Training NaiveBayesTrainer finished
Trial 0 Trainer NaiveBayesTrainer
 Raw Testing Data
1225.txt pos pos:0.9978308850977629 neg:0.0021691149022371277 
4113.txt pos pos:0.9990813742094194 neg:9.186257905806322E-4 
1414.txt neg neg:0.5148778904482469 pos:0.4851221095517531 
3334.txt neg neg:0.9701053678478448 pos:0.029894632152155105 
3087.txt neg neg:0.8069462378132012 pos:0.19305376218679884 
878.txt pos pos:0.9999999800643946 neg:1.9935605433999433E-8 
3428.txt pos neg:0.9439174110908718 pos:0.05608258890912821 
2901.txt neg neg:0.9466476735763318 pos:0.05335232642366816 
1754.txt neg neg:0.9990458688930928 pos:9.54131106907214E-4 
645.txt pos pos:0.9362760875169214 neg:0.06372391248307854 
716.txt neg pos:0.5975657059670996 neg:0.4024342940329004 
2690.txt neg neg:0.999051455431768 pos:9.485445682320759E-4 
4267.txt neg neg:0.9544598172350522 pos:0.045540182764947805 
2872.txt neg pos:0.9559754437838922 neg:0.0440245562161077 
3426.txt pos pos:0.9525969109492588 neg:0.04740308905074116 
4166.txt pos pos:0.8520695138863552 neg:0.14793048611364493 
2061.txt neg neg:0.952575175234804 pos:0.04742482476519596 
2796.txt neg neg:0.9579711073615018 pos:0.04202889263849814 
615.txt pos pos:0.9998919750881489 neg:1.0802491185117484E-4 
5.txt neg neg:0.9910314040838824 pos:0.008968595916117693 
2433.txt pos neg:0.9044208326926146 pos:0.09557916730738528 
3309.txt pos pos:0.9078905418323506 neg:0.09210945816764932 
421.txt pos neg:0.8289477939717637 pos:0.1710522060282364 
208.txt pos neg:0.5416833488547077 pos:0.4583166511452924 
3159.txt neg pos:0.7103569652824515 neg:0.28964303471754854 
4093.txt pos neg:0.5690545542230246 pos:0.4309454457769754 
3375.txt pos pos:0.9760557699095588 neg:0.02394423009044134 
3390.txt neg pos:0.5277283407279199 neg:0.47227165927208015 
1971.txt pos pos:0.9791793519317632 neg:0.0208206480682368 
3792.txt pos pos:0.9992876567814537 neg:7.123432185463508E-4 
4314.txt neg neg:0.7464267601517302 pos:0.25357323984826996 
2154.txt pos pos:0.9881105629432078 neg:0.011889437056792147 
529.txt pos pos:0.9143048383113529 neg:0.08569516168864717 
1233.txt neg neg:0.9851452872707491 pos:0.01485471272925082 
929.txt pos neg:0.8562799008503804 pos:0.14372009914961953 
4204.txt pos pos:0.7460796223165975 neg:0.25392037768340237 
2747.txt neg neg:0.9735447551138052 pos:0.026455244886194624 
1861.txt neg neg:0.5586349694281091 pos:0.441365030571891 
3893.txt neg pos:0.7087517203464327 neg:0.2912482796535672 
3019.txt pos pos:0.7371529562367306 neg:0.2628470437632694 
2501.txt neg pos:0.8365032820072494 neg:0.16349671799275067 
3803.txt pos pos:0.9297992567860585 neg:0.0702007432139416 
2573.txt neg pos:0.8043676411891388 neg:0.1956323588108612 
3348.txt neg neg:0.997803577064026 pos:0.0021964229359739424 
3172.txt neg neg:0.9102129533355936 pos:0.08978704666440632 
2987.txt neg pos:0.840020284833672 neg:0.15997971516632806 
1679.txt neg pos:0.9652751172727897 neg:0.03472488272721032 
213.txt neg neg:0.7329296587899651 pos:0.267070341210035 
3217.txt neg pos:0.8138695109846376 neg:0.18613048901536242 
1119.txt pos pos:0.9962029423466358 neg:0.0037970576533641496 
1165.txt pos neg:0.7800300269084767 pos:0.21996997309152333 
3058.txt neg pos:0.9555453183069396 neg:0.04445468169306043 
2908.txt neg neg:0.9964727969955736 pos:0.0035272030044265095 
816.txt neg neg:0.7121885021560999 pos:0.2878114978439002 
642.txt pos neg:0.725819248660097 pos:0.2741807513399031 
2.txt neg neg:0.9726440789627387 pos:0.027355921037261283 
1147.txt pos neg:0.8175542565356286 pos:0.18244574346437137 
2751.txt pos neg:0.9167742647194487 pos:0.08322573528055131 
1335.txt neg neg:0.9919141761994015 pos:0.008085823800598612 
2890.txt pos neg:0.9982172892500949 pos:0.001782710749905207 
1629.txt neg neg:0.8531369181308417 pos:0.1468630818691584 
428.txt pos pos:0.8537878760310332 neg:0.14621212396896674 
3381.txt pos pos:0.9995643028473626 neg:4.3569715263740047E-4 
2616.txt neg pos:0.7069711403181357 neg:0.29302885968186426 
3357.txt pos pos:0.857809283004053 neg:0.14219071699594704 
3502.txt pos pos:0.8884092052397858 neg:0.11159079476021404 
2780.txt pos pos:0.9927561296654531 neg:0.00724387033454692 
1993.txt neg neg:0.985677583650906 pos:0.014322416349094183 
1745.txt pos pos:0.7282016164384173 neg:0.27179838356158265 
1431.txt neg neg:0.9998514027494847 pos:1.485972505152826E-4 
3727.txt neg neg:0.9961656477078284 pos:0.003834352292171521 
4271.txt pos pos:0.9998878397287401 neg:1.1216027125996743E-4 
2598.txt pos pos:0.9999999999461551 neg:5.3844983008029487E-11 
2205.txt neg neg:0.992600481972304 pos:0.007399518027696019 
3010.txt pos neg:0.966594125366653 pos:0.03340587463334695 
4168.txt pos pos:0.6199698740165537 neg:0.3800301259834464 
2459.txt neg pos:0.8927803130860325 neg:0.10721968691396748 
1785.txt neg neg:0.9865891314852858 pos:0.01341086851471427 
2732.txt neg neg:0.5995341006165645 pos:0.40046589938343535 
3795.txt pos pos:0.5616054092812938 neg:0.43839459071870623 
403.txt pos pos:0.8878282713915445 neg:0.1121717286084555 
3047.txt pos neg:0.7649513234987603 pos:0.23504867650123965 
3914.txt neg pos:0.5655487358543441 neg:0.43445126414565594 
1644.txt pos pos:0.5365392512937809 neg:0.4634607487062191 
4102.txt neg neg:0.993451112717126 pos:0.006548887282874038 
1374.txt pos pos:0.9899106616931634 neg:0.010089338306836644 
4305.txt pos pos:0.6162329036670264 neg:0.38376709633297357 
3882.txt pos pos:0.921014239347736 neg:0.078985760652264 
4327.txt pos pos:0.9999993452435157 neg:6.547564841585208E-7 
1704.txt neg pos:0.5852332760876674 neg:0.4147667239123326 
2881.txt neg neg:0.9236327347915887 pos:0.0763672652084113 
1097.txt pos pos:0.9996582417754452 neg:3.4175822455471695E-4 
2648.txt neg neg:0.5641135434688607 pos:0.4358864565311394 
2321.txt neg neg:0.9952831394553397 pos:0.004716860544660208 
3905.txt pos pos:0.6255472761073733 neg:0.3744527238926267 
1405.txt pos pos:0.9177699823153895 neg:0.08223001768461054 
3157.txt neg neg:0.8918075701469668 pos:0.1081924298530331 
562.txt neg neg:0.6926408018302853 pos:0.3073591981697146 
919.txt neg pos:0.5616344211215867 neg:0.4383655788784134 
910.txt neg pos:0.8637990214316413 neg:0.13620097856835875 
591.txt neg neg:0.9982222586187403 pos:0.0017777413812598661 
2043.txt neg pos:0.9993696074113769 neg:6.303925886229477E-4 
984.txt pos neg:0.629034835204304 pos:0.370965164795696 
2176.txt pos pos:0.9987255508837807 neg:0.0012744491162192874 
3995.txt neg neg:0.9923074358407241 pos:0.007692564159275787 
3208.txt pos pos:0.9999994764383936 neg:5.235616063449298E-7 
3913.txt neg pos:0.823415138980016 neg:0.17658486101998408 
2933.txt neg neg:0.9022403698657953 pos:0.09775963013420483 
3854.txt pos neg:0.9502754544066104 pos:0.049724545593389576 
853.txt pos pos:0.5761205113409381 neg:0.4238794886590619 
780.txt neg neg:0.9994102493251975 pos:5.897506748023342E-4 
4226.txt pos pos:0.9971684541359075 neg:0.0028315458640924703 
3505.txt pos pos:0.7176741643350274 neg:0.2823258356649726 
1982.txt pos pos:0.9997422127165754 neg:2.57787283424629E-4 
713.txt pos pos:0.9997716265873877 neg:2.2837341261224112E-4 
2139.txt neg neg:0.908535411842131 pos:0.09146458815786894 
1108.txt neg neg:0.9980101250503606 pos:0.0019898749496393797 
3386.txt pos neg:0.7278641295977736 pos:0.2721358704022264 
1351.txt pos pos:0.999802681845623 neg:1.973181543770938E-4 
1365.txt neg neg:0.9639968350104601 pos:0.03600316498954 
2523.txt neg neg:0.8771946144904879 pos:0.12280538550951223 
1504.txt pos pos:0.9603120721521311 neg:0.03968792784786895 
952.txt pos pos:0.717794268093036 neg:0.2822057319069639 
1016.txt pos pos:0.9997735461303667 neg:2.2645386963319602E-4 
126.txt neg neg:0.9979493303442908 pos:0.002050669655709218 
756.txt neg pos:0.806780822947969 neg:0.19321917705203087 
584.txt pos neg:0.541466546540554 pos:0.4585334534594459 
2104.txt pos pos:0.9829347008736812 neg:0.01706529912631871 
3080.txt neg neg:0.6811005661801105 pos:0.31889943381988944 
337.txt neg neg:0.9538786703690808 pos:0.04612132963091906 
1241.txt neg neg:0.9213135562948775 pos:0.07868644370512234 
1767.txt pos neg:0.945238484451587 pos:0.05476151554841307 
2283.txt neg neg:0.8846740282517844 pos:0.1153259717482156 
3415.txt neg neg:0.9943172398760599 pos:0.005682760123940079 
2077.txt pos pos:0.7442278825599934 neg:0.25577211744000666 
4276.txt pos pos:0.9999853217299435 neg:1.4678270056589966E-5 
261.txt neg pos:0.5741861352632881 neg:0.42581386473671196 
3482.txt pos pos:0.9722361114325146 neg:0.0277638885674854 
2951.txt neg neg:0.9997939220167039 pos:2.0607798329621245E-4 
826.txt pos neg:0.9376375189702288 pos:0.062362481029771044 
133.txt pos pos:0.7004639873774796 neg:0.2995360126225203 
3871.txt pos pos:0.9235529214400572 neg:0.07644707855994284 
2070.txt pos neg:0.952637872945095 pos:0.04736212705490498 
236.txt neg pos:0.6029463933692513 neg:0.39705360663074873 
146.txt pos pos:0.8045054722493201 neg:0.19549452775067983 
1046.txt pos pos:0.9977793765293272 neg:0.00222062347067285 
2541.txt neg neg:0.9993647203965454 pos:6.352796034546618E-4 
2710.txt neg neg:0.9998711872441226 pos:1.2881275587739037E-4 
3399.txt neg pos:0.8933966126114016 neg:0.1066033873885984 
1776.txt neg pos:0.6648708372721208 neg:0.33512916272787924 
3074.txt neg neg:0.9979762898724772 pos:0.00202371012752285 
3826.txt pos pos:0.8102890519142578 neg:0.1897109480857422 
983.txt pos pos:0.9994485924453644 neg:5.514075546355696E-4 
1939.txt neg neg:0.970062636126751 pos:0.02993736387324905 
309.txt pos pos:0.9991909764149808 neg:8.090235850191842E-4 
2425.txt neg neg:0.5052116627187783 pos:0.49478833728122174 
75.txt pos pos:0.7657259845694617 neg:0.2342740154305383 
448.txt neg neg:0.5483819585361288 pos:0.45161804146387124 
1814.txt neg neg:0.9952704616545194 pos:0.004729538345480611 
3065.txt pos pos:0.9381300997026049 neg:0.061869900297395176 
1668.txt pos neg:0.5504543522206186 pos:0.4495456477793814 
3944.txt neg neg:0.9656793815082263 pos:0.03432061849177366 
2650.txt pos neg:0.7569799087021313 pos:0.24302009129786867 
2899.txt pos neg:0.8690242268360815 pos:0.13097577316391862 
672.txt neg neg:0.9811684037182637 pos:0.018831596281736248 
1466.txt neg neg:0.9451727197867398 pos:0.054827280213260145 
1594.txt neg pos:0.6748709266655118 neg:0.3251290733344881 
3301.txt neg neg:0.993025614809507 pos:0.0069743851904930185 
2354.txt neg pos:0.7496497208744192 neg:0.25035027912558083 
612.txt pos neg:0.7866478657995677 pos:0.21335213420043228 
4114.txt pos pos:0.9927911465900472 neg:0.00720885340995276 
4260.txt neg pos:0.9925683008892267 neg:0.007431699110773311 
998.txt neg neg:0.9964828494914579 pos:0.003517150508541945 
1454.txt neg neg:0.8560233704160057 pos:0.14397662958399418 
1868.txt neg neg:0.892080026959045 pos:0.10791997304095509 
50.txt neg neg:0.986416074262251 pos:0.013583925737749098 
2641.txt neg neg:0.995310630802252 pos:0.004689369197747979 
882.txt pos neg:0.8173102930562333 pos:0.18268970694376674 
2497.txt pos neg:0.9259297913354064 pos:0.07407020866459348 
223.txt pos pos:0.9494988429560116 neg:0.050501157043988505 
1257.txt pos neg:0.9990016302825188 pos:9.983697174811615E-4 
917.txt neg neg:0.6888537294504912 pos:0.3111462705495089 
4037.txt pos pos:0.7805703793261524 neg:0.2194296206738475 
312.txt neg pos:0.9991837931211578 neg:8.162068788422184E-4 
2055.txt pos pos:0.9821009039540319 neg:0.017899096045968135 
1602.txt neg pos:0.8673220587379865 neg:0.1326779412620135 
1041.txt pos pos:0.9993022878314777 neg:6.97712168522295E-4 
3341.txt neg neg:0.7019552523756157 pos:0.2980447476243842 
3894.txt neg neg:0.8437217490259261 pos:0.1562782509740739 
693.txt pos pos:0.8188828794853886 neg:0.18111712051461148 
1794.txt pos pos:0.9553047827240255 neg:0.044695217275974454 
657.txt neg neg:0.9799305373209916 pos:0.020069462679008405 
1358.txt pos pos:0.7693296849019436 neg:0.2306703150980563 
630.txt pos pos:0.936488926300052 neg:0.063511073699948 
2244.txt pos neg:0.9305170536072879 pos:0.06948294639271205 
3098.txt pos pos:0.9945837652738733 neg:0.005416234726126783 
1090.txt pos pos:0.9446642622845144 neg:0.05533573771548562 
600.txt neg pos:0.5405483242733027 neg:0.45945167572669743 
3333.txt neg neg:0.999879284081892 pos:1.2071591810795769E-4 
955.txt pos pos:0.9753545463642997 neg:0.024645453635700344 
Trial 0 Trainer NaiveBayesTrainer Training Data Confusion Matrix
Confusion Matrix, row=true, column=predicted  accuracy=0.88
  label   0   1  |total
  0 neg 821  79  |900
  1 pos 137 763  |900

Trial 0 Trainer NaiveBayesTrainer training data accuracy= 0.88
Trial 0 Trainer NaiveBayesTrainer Test Data Confusion Matrix
Confusion Matrix, row=true, column=predicted  accuracy=0.71
  label   0   1  |total
  0 neg  70  30  |100
  1 pos  28  72  |100

Trial 0 Trainer NaiveBayesTrainer test data accuracy= 0.71

NaiveBayesTrainer
Summary. train accuracy mean = 0.88 stddev = 0.0 stderr = 0.0
Summary. test accuracy mean = 0.71 stddev = 0.0 stderr = 0.0
