
-------------------- Trial 0  --------------------

Trial 0 Training NaiveBayesTrainer with 1800 instances
Trial 0 Training NaiveBayesTrainer finished
Trial 0 Trainer NaiveBayesTrainer
 Raw Testing Data
759.txt neg neg:0.8737776936572765 pos:0.12622230634272358 
1325.txt pos pos:0.9999999997527076 neg:2.472923563609624E-10 
4254.txt neg neg:0.5021704959364262 pos:0.49782950406357385 
1538.txt neg neg:0.9831827066661633 pos:0.016817293333836757 
3258.txt neg neg:0.8585354471910629 pos:0.14146455280893697 
2906.txt pos pos:0.9567713564734255 neg:0.043228643526574656 
4069.txt neg neg:0.5403976030396372 pos:0.45960239696036287 
1793.txt neg neg:0.5068528321919931 pos:0.49314716780800694 
2974.txt pos pos:0.9782625121239444 neg:0.02173748787605553 
3439.txt pos pos:0.9360150130257132 neg:0.06398498697428681 
1483.txt neg neg:0.87691374357976 pos:0.1230862564202399 
2418.txt neg neg:0.9986512392049213 pos:0.0013487607950788039 
3195.txt pos pos:0.9953571853625953 neg:0.004642814637404699 
964.txt neg neg:0.9862014412176409 pos:0.013798558782359048 
3802.txt pos neg:0.8179943181300382 pos:0.18200568186996174 
2327.txt neg pos:0.5561297731838809 neg:0.44387022681611915 
3529.txt neg pos:0.915381697274833 neg:0.0846183027251671 
4343.txt pos pos:0.6382388342096015 neg:0.3617611657903985 
1290.txt pos pos:0.9642113092748295 neg:0.03578869072517042 
3107.txt pos pos:0.9970291024793062 neg:0.0029708975206937174 
2590.txt pos pos:0.6858527516709237 neg:0.31414724832907626 
2450.txt pos neg:0.8406506926617503 pos:0.1593493073382497 
1007.txt pos pos:0.9727086794508659 neg:0.02729132054913395 
3632.txt pos neg:0.7061983524135654 pos:0.2938016475864346 
3057.txt neg neg:0.9646863722829311 pos:0.03531362771706891 
595.txt pos pos:0.9988045235952527 neg:0.0011954764047472984 
4344.txt pos pos:0.9906160025522366 neg:0.009383997447763318 
2824.txt neg neg:0.8352556433329142 pos:0.1647443566670857 
938.txt pos pos:0.5173044075795772 neg:0.48269559242042287 
1683.txt pos pos:0.9827164147773065 neg:0.0172835852226934 
2365.txt pos neg:0.9993204088305533 pos:6.795911694466011E-4 
311.txt pos neg:0.9466339497184311 pos:0.053366050281569 
2126.txt neg neg:0.8774989124739286 pos:0.1225010875260715 
3873.txt pos pos:0.9829746114974222 neg:0.017025388502577853 
536.txt pos neg:0.7596287046662508 pos:0.2403712953337493 
3693.txt neg neg:0.982797508549878 pos:0.01720249145012203 
364.txt pos pos:0.9935660491592045 neg:0.006433950840795551 
2850.txt pos pos:0.9597461544016963 neg:0.04025384559830375 
2039.txt neg neg:0.8323377958843314 pos:0.16766220411566862 
2005.txt neg neg:0.9845846603665984 pos:0.015415339633401541 
4105.txt pos pos:0.9934985284466352 neg:0.006501471553364789 
3282.txt pos pos:0.9991873379902079 neg:8.12662009792031E-4 
409.txt neg neg:0.9231715865609962 pos:0.07682841343900389 
3017.txt neg neg:0.9982300135193148 pos:0.0017699864806850485 
157.txt pos pos:0.8432812692774485 neg:0.15671873072255152 
2651.txt pos neg:0.8942068567732702 pos:0.10579314322672978 
3878.txt neg pos:0.7712562116783436 neg:0.22874378832165643 
3398.txt neg neg:0.9987637995320418 pos:0.0012362004679583039 
3132.txt pos pos:0.8267778617654544 neg:0.17322213823454555 
1826.txt pos pos:0.8894906925727295 neg:0.11050930742727055 
4193.txt pos pos:0.9638253990136849 neg:0.03617460098631511 
1035.txt pos pos:0.9913242123992063 neg:0.008675787600793806 
980.txt neg neg:0.999361180664132 pos:6.388193358678786E-4 
2741.txt neg pos:0.6035142137387756 neg:0.39648578626122444 
1322.txt pos pos:0.9666608495229022 neg:0.03333915047709776 
1187.txt pos pos:0.8344870246382626 neg:0.1655129753617374 
200.txt pos pos:0.9318778604383168 neg:0.06812213956168327 
2811.txt neg pos:0.5890656099143052 neg:0.41093439008569477 
1150.txt neg neg:0.9915113322979618 pos:0.008488667702038084 
2664.txt pos pos:0.8403355290748462 neg:0.15966447092515385 
4177.txt pos pos:0.8611603770475745 neg:0.1388396229524254 
2596.txt neg neg:0.8743473385188157 pos:0.12565266148118437 
1420.txt neg neg:0.8733752884401571 pos:0.12662471155984292 
3566.txt pos pos:0.9354432623442079 neg:0.06455673765579201 
4179.txt pos pos:0.5026459581565353 neg:0.4973540418434647 
3831.txt neg neg:0.8054898098547363 pos:0.19451019014526372 
4261.txt neg pos:0.5678166148818953 neg:0.43218338511810467 
4345.txt neg neg:0.9961802463186183 pos:0.0038197536813817166 
634.txt neg neg:0.6731454210247948 pos:0.32685457897520526 
1812.txt neg pos:0.6007285101464165 neg:0.3992714898535836 
3676.txt pos pos:0.9922863539827622 neg:0.007713646017237843 
2312.txt neg neg:0.9978302432535143 pos:0.002169756746485621 
1363.txt neg neg:0.9350278196420646 pos:0.06497218035793541 
2112.txt pos pos:0.965104363479861 neg:0.03489563652013904 
2620.txt pos pos:0.8890347362850994 neg:0.11096526371490054 
2382.txt pos pos:0.7715146121858387 neg:0.22848538781416128 
2411.txt neg neg:0.9996489142007473 pos:3.5108579925281243E-4 
1979.txt pos pos:0.772998763322415 neg:0.22700123667758498 
1883.txt neg neg:0.9830040432730115 pos:0.016995956726988403 
1428.txt pos pos:0.8747301518160195 neg:0.12526984818398057 
2574.txt pos pos:0.5858995738986352 neg:0.41410042610136477 
11.txt neg neg:0.6851444709296546 pos:0.3148555290703454 
2740.txt pos pos:0.6285468871762716 neg:0.3714531128237283 
1545.txt pos pos:0.5311109152444352 neg:0.46888908475556473 
2998.txt neg pos:0.9205469557856126 neg:0.07945304421438737 
3915.txt neg pos:0.998476973979097 neg:0.0015230260209029452 
2424.txt neg neg:0.7987578857219118 pos:0.2012421142780883 
936.txt pos neg:0.5821158462379736 pos:0.41788415376202637 
1771.txt pos neg:0.959998733604754 pos:0.04000126639524613 
1074.txt neg neg:0.998410850549357 pos:0.001589149450642972 
2044.txt pos pos:0.9785546625192343 neg:0.021445337480765585 
931.txt pos pos:0.9999996881745317 neg:3.1182546841431243E-7 
227.txt neg neg:0.9999963977588037 pos:3.60224119637273E-6 
2772.txt pos pos:0.9715422509678014 neg:0.028457749032198505 
1235.txt neg neg:0.9655815877043668 pos:0.03441841229563322 
2203.txt neg neg:0.8135088014104368 pos:0.18649119858956315 
3678.txt pos neg:0.8654531697474367 pos:0.13454683025256334 
3837.txt pos pos:0.9997748550393667 neg:2.2514496063340636E-4 
3175.txt pos pos:0.8870273275804672 neg:0.11297267241953275 
395.txt neg neg:0.8254798126144949 pos:0.174520187385505 
161.txt pos pos:0.7547686607763072 neg:0.24523133922369275 
3223.txt neg neg:0.8763052303866845 pos:0.1236947696133155 
1032.txt pos pos:0.9942696010598958 neg:0.005730398940104129 
531.txt pos pos:0.9434662665001323 neg:0.05653373349986767 
4284.txt pos pos:0.994819645215684 neg:0.00518035478431605 
2972.txt neg neg:0.9814063366872209 pos:0.018593663312779042 
87.txt neg neg:0.944833265209482 pos:0.055166734790518056 
3225.txt pos pos:0.5634792909650463 neg:0.4365207090349537 
400.txt neg neg:0.6768512200493637 pos:0.3231487799506363 
2156.txt pos pos:0.7458846732865608 neg:0.2541153267134391 
2535.txt neg neg:0.966422355336152 pos:0.033577644663847904 
1739.txt neg pos:0.5559839766505537 neg:0.4440160233494463 
3307.txt neg neg:0.6712104409851212 pos:0.3287895590148788 
1246.txt pos pos:0.8686981570152046 neg:0.13130184298479552 
1542.txt pos pos:0.9996612544007263 neg:3.387455992735968E-4 
1469.txt neg neg:0.5926905025521789 pos:0.40730949744782097 
1684.txt pos pos:0.9153719720659651 neg:0.08462802793403504 
516.txt neg neg:0.8897230264219125 pos:0.1102769735780876 
3280.txt neg pos:0.8572674944720396 neg:0.1427325055279603 
2187.txt pos pos:0.9999984261464027 neg:1.5738535973443322E-6 
2665.txt neg neg:0.9967053263552196 pos:0.003294673644780468 
2204.txt neg neg:0.8489885293636523 pos:0.15101147063634768 
3716.txt pos pos:0.6296530800626433 neg:0.37034691993735674 
4026.txt pos pos:0.9998386783826236 neg:1.6132161737629966E-4 
1248.txt pos pos:0.7126909889462036 neg:0.2873090110537964 
3436.txt neg neg:0.9999029178660827 pos:9.708213391734897E-5 
4289.txt pos neg:0.8507360104511381 pos:0.1492639895488619 
1110.txt neg neg:0.8502826870398891 pos:0.14971731296011098 
722.txt neg pos:0.8831633927704043 neg:0.11683660722959567 
2160.txt pos pos:0.9434931094590925 neg:0.05650689054090749 
105.txt neg neg:0.9853505984768162 pos:0.01464940152318374 
1234.txt pos neg:0.9407903351984246 pos:0.05920966480157544 
699.txt neg neg:0.9857101467695165 pos:0.014289853230483564 
3514.txt pos pos:0.8350416975491407 neg:0.16495830245085924 
3391.txt neg neg:0.8584764181304396 pos:0.14152358186956038 
3804.txt neg pos:0.9489297747175502 neg:0.05107022528244978 
1936.txt neg neg:0.9557924410784295 pos:0.04420755892157041 
3630.txt neg neg:0.990723238929037 pos:0.009276761070963035 
1737.txt neg neg:0.9702746606033216 pos:0.029725339396678423 
193.txt neg pos:0.6982928837152588 neg:0.30170711628474123 
1072.txt pos pos:0.9715427138370639 neg:0.028457286162935948 
3638.txt pos pos:0.9890327239732577 neg:0.010967276026742398 
2889.txt neg neg:0.7002768986616262 pos:0.29972310133837365 
3969.txt neg neg:0.9210619902505898 pos:0.07893800974941019 
867.txt pos pos:0.744316743493765 neg:0.2556832565062349 
523.txt neg neg:0.6497207801951885 pos:0.3502792198048116 
1328.txt pos neg:0.7559876901785102 pos:0.24401230982148972 
2128.txt neg neg:0.6007763033666238 pos:0.3992236966333763 
179.txt neg neg:0.9314089242694962 pos:0.06859107573050369 
1866.txt pos pos:0.8003081703255084 neg:0.19969182967449173 
3088.txt neg pos:0.8657002617410391 neg:0.13429973825896085 
682.txt pos neg:0.5955415271116269 pos:0.40445847288837306 
1122.txt neg neg:0.8085956846544903 pos:0.19140431534550972 
318.txt pos pos:0.9958332725726916 neg:0.004166727427308315 
3728.txt neg neg:0.770907022726834 pos:0.22909297727316597 
1654.txt neg neg:0.9998588784902678 pos:1.4112150973223813E-4 
3729.txt pos pos:0.9567590742892196 neg:0.043240925710780476 
896.txt neg neg:0.9999804299934966 pos:1.9570006503383258E-5 
3555.txt neg pos:0.9763701556959493 neg:0.023629844304050546 
4171.txt neg neg:0.6502792603282328 pos:0.3497207396717671 
2002.txt neg pos:0.5877360963029449 neg:0.4122639036970552 
1356.txt neg pos:0.6135258250218898 neg:0.3864741749781102 
1703.txt pos pos:0.9990234772971435 neg:9.765227028564717E-4 
2774.txt neg neg:0.9387613800248822 pos:0.06123861997511782 
4170.txt pos pos:0.9330897859353586 neg:0.0669102140646414 
3332.txt neg pos:0.9422846244642545 neg:0.057715375535745475 
1627.txt pos pos:0.983640303126624 neg:0.016359696873375972 
3259.txt pos pos:0.7426646218881569 neg:0.25733537811184326 
3134.txt neg neg:0.9797973900322056 pos:0.020202609967794438 
2462.txt pos neg:0.6853154718258695 pos:0.3146845281741305 
4215.txt pos pos:0.9930754245426061 neg:0.006924575457393992 
2934.txt pos pos:0.9880517196140459 neg:0.011948280385954049 
1937.txt pos neg:0.7926124297030999 pos:0.2073875702969001 
3720.txt pos pos:0.929073235578435 neg:0.07092676442156494 
1482.txt pos pos:0.8340078817625103 neg:0.1659921182374897 
2168.txt neg neg:0.9812988342418429 pos:0.018701165758157157 
1978.txt neg pos:0.9107357995813514 neg:0.08926420041864871 
3148.txt neg neg:0.9880602810860629 pos:0.011939718913937148 
130.txt neg pos:0.9151176123237444 neg:0.08488238767625551 
4212.txt pos pos:0.9476941390312179 neg:0.05230586096878208 
1317.txt pos pos:0.9866256833178968 neg:0.01337431668210309 
150.txt pos pos:0.9995988703215977 neg:4.0112967840239276E-4 
1461.txt pos pos:0.6273504519753699 neg:0.3726495480246302 
186.txt pos pos:0.697837476019473 neg:0.30216252398052706 
2825.txt pos neg:0.6854911884603286 pos:0.3145088115396714 
2463.txt neg neg:0.8840884196328495 pos:0.11591158036715063 
2575.txt neg neg:0.9024723968678409 pos:0.09752760313215905 
2369.txt neg neg:0.9943849469470859 pos:0.005615053052914083 
3262.txt pos neg:0.8604647537274974 pos:0.13953524627250266 
1653.txt neg neg:0.6683846850048052 pos:0.3316153149951948 
2611.txt pos pos:0.999929242363614 neg:7.075763638602926E-5 
1270.txt pos pos:0.9824960108865385 neg:0.01750398911346147 
2540.txt neg neg:0.9996163137335584 pos:3.8368626644156456E-4 
1742.txt neg pos:0.9723500460867041 neg:0.027649953913296006 
956.txt neg neg:0.988006377670872 pos:0.011993622329128045 
3401.txt pos pos:0.999999951902297 neg:4.809770307025267E-8 
145.txt neg pos:0.9395548862253499 neg:0.06044511377465008 
558.txt neg pos:0.9762861945192256 neg:0.023713805480774473 
3753.txt neg neg:0.8435237499135158 pos:0.15647625008648428 
840.txt neg neg:0.978850308156573 pos:0.02114969184342705 
Trial 0 Trainer NaiveBayesTrainer Training Data Confusion Matrix
Confusion Matrix, row=true, column=predicted  accuracy=0.8794444444444445
  label   0   1  |total
  0 neg 825  75  |900
  1 pos 142 758  |900

Trial 0 Trainer NaiveBayesTrainer training data accuracy= 0.8794444444444445
Trial 0 Trainer NaiveBayesTrainer Test Data Confusion Matrix
Confusion Matrix, row=true, column=predicted  accuracy=0.79
  label   0   1  |total
  0 neg  76  24  |100
  1 pos  18  82  |100

Trial 0 Trainer NaiveBayesTrainer test data accuracy= 0.79

NaiveBayesTrainer
Summary. train accuracy mean = 0.8794444444444445 stddev = 0.0 stderr = 0.0
Summary. test accuracy mean = 0.79 stddev = 0.0 stderr = 0.0
