
-------------------- Trial 0  --------------------

Trial 0 Training NaiveBayesTrainer with 1800 instances
Trial 0 Training NaiveBayesTrainer finished
Trial 0 Trainer NaiveBayesTrainer
 Raw Testing Data
2118.txt neg neg:0.9863204239501699 pos:0.013679576049829981 
4108.txt neg neg:0.9768274136644316 pos:0.023172586335568506 
493.txt neg neg:0.7348856233710608 pos:0.2651143766289393 
2929.txt pos neg:0.9211367761025544 pos:0.07886322389744553 
1230.txt neg neg:0.7508431714733069 pos:0.24915682852669302 
2813.txt neg pos:0.9348245007228912 neg:0.0651754992771087 
3781.txt pos neg:0.9697511669826301 pos:0.030248833017369966 
1546.txt neg neg:0.8861015659662648 pos:0.1138984340337352 
1810.txt neg pos:0.6990540886656881 neg:0.3009459113343119 
3801.txt neg pos:0.6847398194649171 neg:0.3152601805350828 
4373.txt pos neg:0.8568392708908189 pos:0.14316072910918115 
4190.txt neg neg:0.9968476807090481 pos:0.0031523192909519273 
1155.txt neg neg:0.8534727272379935 pos:0.14652727276200656 
3220.txt pos neg:0.7648684017223901 pos:0.23513159827760993 
348.txt neg pos:0.8006018989310392 neg:0.19939810106896083 
3084.txt neg pos:0.9987188779438015 neg:0.0012811220561984337 
1368.txt neg pos:0.6877215917109359 neg:0.31227840828906406 
846.txt pos pos:0.9998942375873373 neg:1.0576241266270217E-4 
6.txt neg neg:0.9938100984530058 pos:0.0061899015469942175 
1808.txt neg pos:0.6230826830890623 neg:0.37691731691093766 
2206.txt neg neg:0.8073669040762557 pos:0.19263309592374425 
3723.txt neg pos:0.8759327313280553 neg:0.12406726867194487 
3691.txt neg neg:0.9742934151219009 pos:0.025706584878099098 
2190.txt pos pos:0.6703072322887782 neg:0.3296927677112217 
934.txt pos pos:0.5469415424249917 neg:0.4530584575750083 
2502.txt neg neg:0.6599585333921951 pos:0.3400414666078049 
266.txt pos pos:0.7581302142526458 neg:0.24186978574735418 
342.txt pos pos:0.9995223503038663 neg:4.7764969613384807E-4 
1039.txt pos neg:0.9596975451334668 pos:0.04030245486653312 
1168.txt pos pos:0.8944369470808523 neg:0.1055630529191476 
521.txt neg pos:0.5223838466514997 neg:0.47761615334850027 
1093.txt pos pos:0.9736856673413862 neg:0.026314332658613868 
4310.txt pos pos:0.9999298159164909 neg:7.0184083508985E-5 
1617.txt pos pos:0.9784317828367816 neg:0.021568217163218432 
3447.txt pos neg:0.6610907989458141 pos:0.33890920105418587 
3672.txt neg neg:0.8765825961038101 pos:0.12341740389618987 
2274.txt neg neg:0.9928940591349334 pos:0.0071059408650665165 
3497.txt neg neg:0.8646955604139237 pos:0.13530443958607621 
3277.txt neg neg:0.9608661440360988 pos:0.03913385596390124 
61.txt neg pos:0.8104718364491595 neg:0.18952816355084057 
842.txt neg neg:0.9391272303188328 pos:0.06087276968116723 
2158.txt neg neg:0.9075239404194486 pos:0.09247605958055126 
93.txt pos neg:0.9124727515868205 pos:0.08752724841317953 
1361.txt neg neg:0.980821764159641 pos:0.01917823584035897 
399.txt neg neg:0.9999797445048102 pos:2.025549518978529E-5 
3807.txt pos pos:0.9984355147667263 neg:0.0015644852332735736 
2096.txt neg neg:0.9975418135972122 pos:0.002458186402787815 
1541.txt neg pos:0.7321350421955498 neg:0.2678649578044502 
3956.txt pos pos:0.996529107703293 neg:0.003470892296707171 
607.txt pos pos:0.7463005943438461 neg:0.25369940565615395 
3337.txt neg neg:0.900997213589369 pos:0.0990027864106309 
1320.txt pos pos:0.8144683941318008 neg:0.18553160586819922 
4033.txt neg neg:0.9415903439430581 pos:0.05840965605694183 
3266.txt neg neg:0.9743594085895355 pos:0.025640591410464493 
3724.txt neg neg:0.9067876115851956 pos:0.0932123884148044 
402.txt neg neg:0.992082826105051 pos:0.007917173894948884 
709.txt pos pos:0.9535180996853663 neg:0.046481900314633756 
3688.txt pos neg:0.6668699516562001 pos:0.33313004834379983 
3710.txt pos neg:0.8218552654742255 pos:0.17814473452577437 
85.txt pos pos:0.9999999025239759 neg:9.747602412305816E-8 
2437.txt neg neg:0.9962329572422577 pos:0.0037670427577424256 
1486.txt neg neg:0.9864083267219527 pos:0.0135916732780474 
3304.txt pos pos:0.9985424956538234 neg:0.0014575043461765808 
1028.txt pos pos:0.8733799930079851 neg:0.12662000699201503 
4374.txt pos neg:0.6626582731221252 pos:0.3373417268778748 
974.txt pos pos:0.9133651267107221 neg:0.08663487328927796 
1115.txt neg neg:0.9890448514935604 pos:0.010955148506439739 
3549.txt pos pos:0.998077952898048 neg:0.0019220471019519194 
2544.txt pos pos:0.9787751807354355 neg:0.021224819264564567 
437.txt neg neg:0.8380351372436305 pos:0.16196486275636943 
3382.txt neg neg:0.9534759232637336 pos:0.046524076736266455 
727.txt neg neg:0.908214956679704 pos:0.09178504332029598 
486.txt pos pos:0.7289862988486484 neg:0.2710137011513516 
1030.txt pos neg:0.9787805313140232 pos:0.021219468685976767 
2853.txt neg neg:0.9781428315689692 pos:0.021857168431030655 
3835.txt pos pos:0.9991285685092116 neg:8.714314907883973E-4 
1045.txt pos pos:0.9645337619903578 neg:0.03546623800964211 
4317.txt pos pos:0.78719976262496 neg:0.21280023737503995 
394.txt pos pos:0.7961737123436844 neg:0.20382628765631558 
577.txt neg neg:0.8210925687536713 pos:0.17890743124632866 
3371.txt pos pos:0.9712634175777082 neg:0.028736582422291865 
3185.txt pos pos:0.9933070637829112 neg:0.006692936217088673 
841.txt pos pos:0.9971407899593401 neg:0.002859210040659975 
1462.txt neg neg:0.9237898648357246 pos:0.07621013516427542 
4088.txt neg neg:0.5676286291331051 pos:0.4323713708668949 
1734.txt pos pos:0.7283444833870756 neg:0.2716555166129244 
1129.txt neg neg:0.984887944784749 pos:0.015112055215250919 
482.txt neg neg:0.9978467642164176 pos:0.0021532357835823837 
2683.txt neg neg:0.8997326641152222 pos:0.10026733588477786 
1509.txt pos pos:0.9998602893254509 neg:1.39710674549154E-4 
54.txt neg pos:0.8071318049353031 neg:0.19286819506469688 
53.txt pos pos:0.9996614608534699 neg:3.385391465301597E-4 
1534.txt neg pos:0.6990475921106647 neg:0.3009524078893353 
3917.txt neg neg:0.9828065589847528 pos:0.01719344101524725 
1948.txt neg neg:0.8808761169996601 pos:0.11912388300034009 
3473.txt neg neg:0.8271304211340893 pos:0.1728695788659106 
2074.txt pos pos:0.8888082183903916 neg:0.1111917816096084 
2110.txt pos neg:0.7097530470349944 pos:0.2902469529650056 
109.txt neg neg:0.91684142347244 pos:0.08315857652756009 
3303.txt pos pos:0.9870434177005418 neg:0.012956582299458152 
3806.txt neg neg:0.8639055971967835 pos:0.1360944028032166 
205.txt pos neg:0.9481788447887479 pos:0.051821155211252176 
2065.txt pos pos:0.915987434948343 neg:0.08401256505165708 
724.txt pos pos:0.9712953878374173 neg:0.028704612162582802 
4218.txt neg neg:0.9664036354428669 pos:0.033596364557133135 
791.txt pos neg:0.9779268849135572 pos:0.022073115086442833 
433.txt pos pos:0.9993688475720842 neg:6.311524279157768E-4 
1329.txt pos pos:0.9994252094527335 neg:5.747905472665547E-4 
2125.txt pos pos:0.9952774498678378 neg:0.00472255013216215 
961.txt neg neg:0.9552164537182917 pos:0.04478354628170829 
2902.txt neg neg:0.9954028933120542 pos:0.004597106687945786 
112.txt pos pos:0.5902538725069667 neg:0.40974612749303324 
397.txt neg neg:0.9996536331178167 pos:3.46366882183368E-4 
3989.txt pos pos:0.9999518213728674 neg:4.817862713259244E-5 
2035.txt neg neg:0.9985958414001042 pos:0.0014041585998957576 
2869.txt pos neg:0.5624666046653555 pos:0.43753339533464464 
4081.txt neg neg:0.8882005400296934 pos:0.1117994599703067 
4216.txt neg pos:0.8764780990259596 neg:0.12352190097404037 
2181.txt pos pos:0.5626683831982798 neg:0.43733161680172017 
501.txt pos neg:0.7882428224994281 pos:0.21175717750057185 
217.txt neg pos:0.6301757352659785 neg:0.3698242647340215 
169.txt pos pos:0.9547729210519998 neg:0.0452270789480003 
1236.txt pos neg:0.5233472343797267 pos:0.4766527656202733 
2812.txt pos pos:0.9489318726125426 neg:0.051068127387457266 
3580.txt pos pos:0.9729085257096167 neg:0.027091474290383357 
3026.txt pos pos:0.9691303807644801 neg:0.030869619235519917 
4132.txt pos neg:0.6637955204516474 pos:0.33620447954835264 
732.txt pos neg:0.5652987320172175 pos:0.4347012679827825 
611.txt pos neg:0.7687274235515421 pos:0.23127257644845792 
1907.txt pos pos:0.9834354132672514 neg:0.01656458673274859 
1054.txt pos pos:0.8151405967567095 neg:0.18485940324329064 
604.txt neg neg:0.9943716587575783 pos:0.0056283412424216715 
2660.txt neg neg:0.87659270255824 pos:0.12340729744175999 
3459.txt neg neg:0.9976906059319595 pos:0.002309394068040552 
973.txt pos pos:0.9999954724719148 neg:4.52752808528623E-6 
1352.txt pos pos:0.9999739526078771 neg:2.604739212280743E-5 
796.txt pos neg:0.5585794302170184 pos:0.4414205697829816 
494.txt neg neg:0.7556657366837676 pos:0.24433426331623245 
3077.txt pos pos:0.9766263701171882 neg:0.02337362988281189 
3153.txt pos pos:0.999527226217125 neg:4.7277378287498105E-4 
574.txt pos neg:0.6713313589086239 pos:0.3286686410913761 
1746.txt pos neg:0.9329844092250393 pos:0.0670155907749607 
2885.txt neg neg:0.8830945605127063 pos:0.11690543948729358 
660.txt neg pos:0.7777891725223404 neg:0.22221082747765974 
1773.txt pos pos:0.819329221279864 neg:0.18067077872013595 
1202.txt neg neg:0.8755633077387917 pos:0.12443669226120832 
3701.txt pos pos:0.9682094847250946 neg:0.03179051527490528 
354.txt pos neg:0.5026915421358452 pos:0.4973084578641548 
886.txt pos pos:0.6039284286749775 neg:0.3960715713250224 
2426.txt neg neg:0.9569620754102074 pos:0.04303792458979273 
2937.txt neg neg:0.9494544628181455 pos:0.05054553718185459 
4025.txt neg neg:0.80406949113124 pos:0.19593050886875993 
1260.txt pos pos:0.9669197646271546 neg:0.033080235372845525 
4308.txt pos pos:0.9382489815452363 neg:0.061751018454763704 
1597.txt neg neg:0.6189360308801096 pos:0.3810639691198903 
1451.txt pos neg:0.6628168787489037 pos:0.3371831212510963 
568.txt neg neg:0.9877851392204687 pos:0.012214860779531201 
3951.txt pos neg:0.8188887144803196 pos:0.18111128551968037 
1184.txt neg neg:0.9598420226846047 pos:0.040157977315395235 
3846.txt neg neg:0.8802018380897396 pos:0.11979816191026034 
4257.txt pos pos:0.8366020746333404 neg:0.16339792536665965 
3496.txt pos neg:0.7803891352155989 pos:0.219610864784401 
857.txt pos pos:0.9996645368318302 neg:3.3546316816965467E-4 
1819.txt neg neg:0.9970611027300283 pos:0.0029388972699715766 
1909.txt pos pos:0.9945831331495155 neg:0.005416866850484411 
3519.txt neg neg:0.7850915046716281 pos:0.21490849532837178 
1370.txt neg neg:0.8563968230365275 pos:0.14360317696347244 
2372.txt pos pos:0.7065495529806882 neg:0.29345044701931167 
2091.txt neg neg:0.9743365642411862 pos:0.02566343575881378 
385.txt pos pos:0.9816800486763779 neg:0.018319951323622012 
3659.txt pos pos:0.9729449200180199 neg:0.027055079981980035 
388.txt neg neg:0.9785738231986787 pos:0.021426176801321216 
3227.txt pos pos:0.9044335617741913 neg:0.09556643822580864 
2744.txt neg pos:0.5733497791264184 neg:0.4266502208735816 
3718.txt neg neg:0.9990604044478585 pos:9.395955521415329E-4 
262.txt neg pos:0.6574858274685579 neg:0.3425141725314422 
45.txt pos pos:0.997987082099079 neg:0.002012917900921014 
1623.txt neg pos:0.6037758987902996 neg:0.3962241012097004 
2678.txt neg neg:0.8766177797105341 pos:0.12338222028946592 
3407.txt pos pos:0.9999912683822106 neg:8.731617789300809E-6 
2655.txt neg neg:0.9995876682342564 pos:4.123317657436323E-4 
913.txt neg neg:0.9980133107258775 pos:0.0019866892741224025 
3292.txt pos pos:0.9455056127528629 neg:0.05449438724713712 
1237.txt neg pos:0.8193714474797219 neg:0.18062855252027807 
422.txt pos neg:0.5418567453840676 pos:0.4581432546159323 
566.txt neg neg:0.9974739451578752 pos:0.002526054842124766 
107.txt neg neg:0.9983358716727028 pos:0.0016641283272972155 
1656.txt neg neg:0.9906481959742324 pos:0.009351804025767718 
3589.txt pos pos:0.9534122765866856 neg:0.0465877234133145 
2637.txt pos pos:0.99969059962778 neg:3.0940037222009935E-4 
905.txt neg neg:0.9942571652738222 pos:0.005742834726177853 
1203.txt pos pos:0.9384236886895597 neg:0.06157631131044023 
2539.txt neg neg:0.8895676913228608 pos:0.1104323086771392 
1817.txt neg pos:0.8923529130100002 neg:0.10764708698999989 
747.txt pos neg:0.8542691762616739 pos:0.1457308237383262 
2604.txt neg pos:0.9790671133218423 neg:0.02093288667815768 
2141.txt pos pos:0.8577212999325962 neg:0.14227870006740392 
3996.txt pos neg:0.7317523635602885 pos:0.2682476364397114 
783.txt neg neg:0.7429166308952031 pos:0.2570833691047968 
1747.txt neg neg:0.9974620863206645 pos:0.002537913679335443 
Trial 0 Trainer NaiveBayesTrainer Training Data Confusion Matrix
Confusion Matrix, row=true, column=predicted  accuracy=0.8788888888888889
  label   0   1  |total
  0 neg 823  77  |900
  1 pos 141 759  |900

Trial 0 Trainer NaiveBayesTrainer training data accuracy= 0.8788888888888889
Trial 0 Trainer NaiveBayesTrainer Test Data Confusion Matrix
Confusion Matrix, row=true, column=predicted  accuracy=0.74
  label   0   1  |total
  0 neg  78  22  |100
  1 pos  30  70  |100

Trial 0 Trainer NaiveBayesTrainer test data accuracy= 0.74

NaiveBayesTrainer
Summary. train accuracy mean = 0.8788888888888889 stddev = 0.0 stderr = 0.0
Summary. test accuracy mean = 0.74 stddev = 0.0 stderr = 0.0
