
-------------------- Trial 0  --------------------

Trial 0 Training NaiveBayesTrainer with 1800 instances
Trial 0 Training NaiveBayesTrainer finished
Trial 0 Trainer NaiveBayesTrainer
 Raw Testing Data
2764.txt neg neg:0.7409223740536451 pos:0.25907762594635475 
1502.txt neg neg:0.9444559116481274 pos:0.05554408835187255 
1903.txt pos pos:0.75427843855874 neg:0.24572156144126003 
2617.txt pos pos:0.6428856605337799 neg:0.35711433946621995 
4238.txt neg pos:0.8124772465909066 neg:0.1875227534090934 
994.txt pos pos:0.9998789143369944 neg:1.2108566300563257E-4 
294.txt neg neg:0.9661597101150952 pos:0.033840289884904735 
453.txt pos pos:0.846831731214446 neg:0.15316826878555406 
4229.txt neg neg:0.9665195048400533 pos:0.033480495159946715 
795.txt pos neg:0.8681070771594919 pos:0.13189292284050802 
877.txt pos neg:0.9843158139573075 pos:0.015684186042692522 
370.txt neg neg:0.5760820940421011 pos:0.4239179059578989 
2534.txt neg neg:0.7952639994314394 pos:0.2047360005685607 
3677.txt pos pos:0.8344270829387072 neg:0.16557291706129293 
651.txt neg neg:0.9174242919089253 pos:0.0825757080910747 
3553.txt neg neg:0.964565612961698 pos:0.03543438703830209 
2887.txt pos neg:0.8336386354066115 pos:0.16636136459338843 
73.txt neg neg:0.8141182914847287 pos:0.1858817085152713 
986.txt neg neg:0.82029667736564 pos:0.17970332263435992 
3754.txt pos pos:0.6586095297827422 neg:0.34139047021725777 
4214.txt pos pos:0.9962496830612507 neg:0.00375031693874924 
1621.txt pos pos:0.9433008626289002 neg:0.05669913737109977 
533.txt neg neg:0.9634442846239532 pos:0.03655571537604684 
4339.txt pos pos:0.9285016073233671 neg:0.07149839267663285 
3528.txt neg pos:0.9887678371436449 neg:0.0112321628563552 
74.txt pos pos:0.5339782005639423 neg:0.46602179943605776 
3306.txt neg neg:0.8340773628295175 pos:0.1659226371704824 
405.txt pos pos:0.9235935509335177 neg:0.07640644906648227 
3402.txt neg neg:0.9947915534086766 pos:0.005208446591323368 
1210.txt neg neg:0.888814786057913 pos:0.11118521394208701 
3347.txt pos neg:0.8949668941022111 pos:0.10503310589778889 
4002.txt neg pos:0.7258608624899691 neg:0.274139137510031 
2823.txt pos neg:0.854335009487615 pos:0.1456649905123851 
454.txt pos pos:0.9886150595069998 neg:0.011384940493000128 
4176.txt pos neg:0.9894590004494619 pos:0.010540999550538162 
1839.txt neg neg:0.9467090047935611 pos:0.053290995206438936 
2680.txt neg pos:0.8733869532614398 neg:0.12661304673856028 
4337.txt pos pos:0.8937466725656678 neg:0.10625332743433219 
1291.txt pos neg:0.9997112250056555 pos:2.887749943444543E-4 
3721.txt pos pos:0.9979433765721929 neg:0.002056623427807232 
2619.txt pos pos:0.5812688156430179 neg:0.4187311843569821 
246.txt pos pos:0.8761653540686571 neg:0.12383464593134293 
4103.txt pos pos:0.9999640832958835 neg:3.591670411651313E-5 
1727.txt neg pos:0.8607499680350977 neg:0.13925003196490227 
4036.txt pos pos:0.9656245345331839 neg:0.034375465466816156 
2748.txt pos pos:0.9994912472032724 neg:5.087527967275303E-4 
2862.txt neg neg:0.995403782678511 pos:0.004596217321488821 
3761.txt pos neg:0.75117062112741 pos:0.24882937887259005 
3895.txt pos pos:0.8885114191630737 neg:0.11148858083692628 
2507.txt pos pos:0.9030118277149248 neg:0.09698817228507525 
314.txt neg pos:0.7284840965900825 neg:0.2715159034099175 
3877.txt neg pos:0.8634741304220949 neg:0.13652586957790516 
158.txt pos pos:0.9941359938140256 neg:0.005864006185974356 
3778.txt neg neg:0.6724443349961532 pos:0.32755566500384675 
4220.txt neg neg:0.9992304075548213 pos:7.695924451787812E-4 
1828.txt neg neg:0.867229209526369 pos:0.132770790473631 
4283.txt neg neg:0.9820380055036029 pos:0.017961994496397102 
254.txt neg neg:0.8859511053398708 pos:0.11404889466012925 
1536.txt pos neg:0.8954201746469221 pos:0.10457982535307801 
2383.txt pos neg:0.5379225855305845 pos:0.4620774144694155 
359.txt pos neg:0.9972785160082135 pos:0.002721483991786546 
379.txt neg neg:0.9874359890536694 pos:0.012564010946330719 
2711.txt neg neg:0.8688850906646044 pos:0.13111490933539555 
1984.txt pos pos:0.9987161191289909 neg:0.001283880871009107 
1714.txt pos pos:0.8925564625729107 neg:0.10744353742708927 
1091.txt neg neg:0.8670994543611681 pos:0.132900545638832 
778.txt pos pos:0.7349360825444528 neg:0.2650639174555473 
4268.txt pos pos:0.9638721487009623 neg:0.036127851299037596 
2986.txt neg neg:0.9998704456269282 pos:1.2955437307170828E-4 
1056.txt neg neg:0.9733512756903174 pos:0.026648724309682594 
2900.txt pos neg:0.5325037727374871 pos:0.46749622726251294 
4303.txt neg neg:0.864793598575408 pos:0.13520640142459198 
3147.txt neg neg:0.9468851427168921 pos:0.053114857283108025 
2686.txt pos pos:0.9999995316694652 neg:4.683305349271743E-7 
1531.txt pos pos:0.8499964907461371 neg:0.15000350925386285 
3937.txt neg neg:0.9981573684290262 pos:0.0018426315709737051 
2858.txt pos pos:0.9423617037365049 neg:0.057638296263495155 
545.txt pos neg:0.9913751761022633 pos:0.008624823897736632 
3119.txt pos pos:0.9971488751731494 neg:0.0028511248268505095 
3064.txt neg pos:0.6150635623234659 neg:0.384936437676534 
2320.txt pos pos:0.9987802988267551 neg:0.0012197011732449222 
3912.txt pos pos:0.9788400505425604 neg:0.021159949457439476 
3645.txt pos pos:0.7173215531633218 neg:0.2826784468366782 
2635.txt neg pos:0.7924574067404849 neg:0.20754259325951502 
2599.txt neg neg:0.9494654790644252 pos:0.050534520935574735 
1240.txt pos pos:0.8722339331671861 neg:0.12776606683281383 
2410.txt neg neg:0.9959147052735471 pos:0.004085294726452899 
2113.txt pos neg:0.7702862160297549 pos:0.22971378397024503 
3272.txt pos pos:0.8899522312284449 neg:0.11004776877155516 
1893.txt neg neg:0.6983655829570689 pos:0.30163441704293115 
297.txt pos pos:0.7399313336861953 neg:0.2600686663138047 
465.txt neg neg:0.9778960973356446 pos:0.022103902664355326 
1595.txt pos pos:0.8553250716714278 neg:0.14467492832857232 
2368.txt neg pos:0.507776468331033 neg:0.49222353166896704 
629.txt pos pos:0.7243336420153736 neg:0.2756663579846263 
2990.txt neg neg:0.9975246372022268 pos:0.002475362797773169 
1099.txt pos pos:0.8166776842747863 neg:0.18332231572521376 
2799.txt pos pos:0.9364296227890905 neg:0.06357037721090955 
3639.txt pos neg:0.9910182890595826 pos:0.00898171094041729 
2313.txt neg neg:0.9011734632588816 pos:0.09882653674111841 
3025.txt pos neg:0.9192042394507364 pos:0.08079576054926367 
127.txt neg neg:0.9856694771161976 pos:0.014330522883802552 
2082.txt pos pos:0.9402505954677132 neg:0.05974940453228688 
1346.txt neg neg:0.6104046860984162 pos:0.38959531390158375 
2417.txt neg neg:0.9998085545900072 pos:1.914454099929146E-4 
2093.txt pos pos:0.5466123350127509 neg:0.45338766498724925 
1008.txt pos pos:0.9996532535046148 neg:3.467464953853024E-4 
3715.txt neg neg:0.8061151014301909 pos:0.19388489856980906 
683.txt pos pos:0.9999927395820798 neg:7.260417920186758E-6 
138.txt neg pos:0.9507132796485475 neg:0.04928672035145266 
1049.txt neg neg:0.9846019490183548 pos:0.01539805098164514 
772.txt neg neg:0.8462895367721746 pos:0.15371046322782542 
1678.txt neg neg:0.758290135571362 pos:0.24170986442863784 
3387.txt pos pos:0.953483938504124 neg:0.04651606149587603 
4178.txt pos pos:0.5080389234720655 neg:0.4919610765279346 
4213.txt pos neg:0.8459273260799626 pos:0.15407267392003732 
1902.txt neg neg:0.536423820096975 pos:0.4635761799030251 
4282.txt pos pos:0.7630515185606778 neg:0.23694848143932218 
2432.txt pos pos:0.9391666677634959 neg:0.06083333223650418 
764.txt neg neg:0.999882063946782 pos:1.1793605321783283E-4 
2559.txt neg neg:0.9682756012253297 pos:0.031724398774670294 
1087.txt neg neg:0.9085945544147045 pos:0.09140544558529547 
3016.txt neg neg:0.9768112713449214 pos:0.02318872865507865 
257.txt pos pos:0.999978125791237 neg:2.1874208762955E-5 
2138.txt neg neg:0.9077437466090821 pos:0.09225625339091799 
1309.txt pos pos:0.8894152738308407 neg:0.11058472616915922 
776.txt pos pos:0.9999543778484556 neg:4.562215154424886E-5 
195.txt neg neg:0.9940004456630371 pos:0.005999554336962815 
1882.txt neg neg:0.9811031146511768 pos:0.018896885348823268 
3945.txt neg neg:0.8501442666494619 pos:0.1498557333505382 
3090.txt pos neg:0.5593376105964534 pos:0.44066238940354663 
684.txt pos neg:0.5768442728042774 pos:0.42315572719572264 
1096.txt neg pos:0.9957864839522967 neg:0.004213516047703237 
3156.txt neg neg:0.8407742277095535 pos:0.15922577229044652 
2788.txt pos pos:0.9921676294620937 neg:0.007832370537906357 
3041.txt pos pos:0.9968934817760855 neg:0.003106518223914433 
3560.txt pos pos:0.9833119132726676 neg:0.016688086727332244 
2997.txt neg neg:0.583167972729171 pos:0.4168320272708289 
1777.txt pos neg:0.8980196360852232 pos:0.10198036391477679 
1744.txt neg neg:0.8702384823835838 pos:0.1297615176164161 
3879.txt neg neg:0.8100884467711739 pos:0.18991155322882614 
821.txt pos pos:0.8136010955574579 neg:0.18639890444254206 
1604.txt neg neg:0.9815117427358553 pos:0.018488257264144752 
201.txt pos neg:0.8136890816343019 pos:0.18631091836569802 
1247.txt pos pos:0.838216072684591 neg:0.16178392731540908 
1592.txt pos pos:0.8684549503523905 neg:0.1315450496476094 
2516.txt pos pos:0.7530285755510948 neg:0.24697142444890519 
3942.txt neg neg:0.9107873969488466 pos:0.08921260305115344 
1682.txt pos pos:0.9996828068588776 neg:3.1719314112249494E-4 
4378.txt neg neg:0.995103325571363 pos:0.0048966744286368675 
1206.txt neg pos:0.6875467728832072 neg:0.31245322711679274 
3009.txt neg neg:0.9907664968551868 pos:0.00923350314481311 
3631.txt neg neg:0.9040021111635983 pos:0.09599788883640166 
1375.txt pos pos:0.9868291562795183 neg:0.013170843720481757 
2144.txt neg neg:0.9972312058425683 pos:0.0027687941574316764 
3246.txt neg neg:0.8026687512456006 pos:0.19733124875439947 
2314.txt neg neg:0.9934760296769757 pos:0.006523970323024418 
1273.txt neg neg:0.8376209007388207 pos:0.1623790992611793 
1544.txt pos pos:0.9851571154921203 neg:0.014842884507879735 
3985.txt neg neg:0.9967777331793175 pos:0.0032222668206825698 
1311.txt pos pos:0.9999999627403772 neg:3.725962277575639E-8 
1968.txt neg neg:0.9999762403635768 pos:2.3759636423275636E-5 
1513.txt neg neg:0.5610803249510438 pos:0.4389196750489563 
868.txt pos neg:0.963960609348166 pos:0.03603939065183406 
116.txt pos pos:0.985433834622896 neg:0.014566165377103963 
814.txt pos pos:0.990317400112615 neg:0.009682599887384812 
4005.txt neg neg:0.956556762562337 pos:0.043443237437662874 
1931.txt pos pos:0.8076631282254666 neg:0.19233687177453343 
1705.txt pos pos:0.6222214926740137 neg:0.37777850732598633 
1871.txt pos pos:0.9606722689812562 neg:0.0393277310187437 
3165.txt pos pos:0.9998898060729586 neg:1.1019392704148876E-4 
143.txt neg neg:0.8317550828985423 pos:0.16824491710145761 
1040.txt neg neg:0.9429303672145632 pos:0.057069632785436746 
2053.txt pos neg:0.7264910915452214 pos:0.2735089084547787 
775.txt neg neg:0.9965659132760796 pos:0.0034340867239203445 
1943.txt pos pos:0.8256549451401342 neg:0.17434505485986573 
866.txt pos pos:0.6873587520543978 neg:0.31264124794560216 
2716.txt neg pos:0.9990295758361687 neg:9.70424163831369E-4 
2957.txt neg neg:0.9494355676217182 pos:0.05056443237828172 
1845.txt neg neg:0.9743146007649727 pos:0.025685399235027388 
3335.txt pos pos:0.998037938211292 neg:0.0019620617887079433 
652.txt pos pos:0.9991241266647153 neg:8.75873335284704E-4 
2959.txt neg pos:0.6671226691278918 neg:0.33287733087210825 
3767.txt neg neg:0.5305467351094204 pos:0.4694532648905796 
3692.txt neg neg:0.841533418306073 pos:0.158466581693927 
3737.txt pos pos:0.9269090972146161 neg:0.07309090278538394 
808.txt neg neg:0.883583989728721 pos:0.11641601027127901 
474.txt neg neg:0.996895136037829 pos:0.003104863962171097 
2361.txt neg pos:0.5004746471267508 neg:0.4995253528732493 
1453.txt neg neg:0.8983606746104588 pos:0.1016393253895413 
982.txt pos pos:0.9998826342865689 neg:1.1736571343101293E-4 
1885.txt neg neg:0.993996495298323 pos:0.006003504701677019 
1318.txt pos pos:0.510345642904041 neg:0.48965435709595895 
183.txt neg neg:0.9921070700152461 pos:0.007892929984753808 
1626.txt pos pos:0.981113574560438 neg:0.018886425439561882 
17.txt pos neg:0.8572732737177554 pos:0.14272672628224456 
656.txt neg pos:0.7318749125465257 neg:0.26812508745347424 
230.txt neg pos:0.5087725372096685 neg:0.49122746279033147 
3196.txt neg neg:0.962096753121567 pos:0.037903246878433126 
3477.txt neg neg:0.7433299825472631 pos:0.2566700174527368 
Trial 0 Trainer NaiveBayesTrainer Training Data Confusion Matrix
Confusion Matrix, row=true, column=predicted  accuracy=0.8727777777777778
  label   0   1  |total
  0 neg 817  83  |900
  1 pos 146 754  |900

Trial 0 Trainer NaiveBayesTrainer training data accuracy= 0.8727777777777778
Trial 0 Trainer NaiveBayesTrainer Test Data Confusion Matrix
Confusion Matrix, row=true, column=predicted  accuracy=0.79
  label   0   1  |total
  0 neg  82  18  |100
  1 pos  24  76  |100

Trial 0 Trainer NaiveBayesTrainer test data accuracy= 0.79

NaiveBayesTrainer
Summary. train accuracy mean = 0.8727777777777778 stddev = 0.0 stderr = 0.0
Summary. test accuracy mean = 0.79 stddev = 0.0 stderr = 0.0
