
-------------------- Trial 0  --------------------

Trial 0 Training NaiveBayesTrainer with 1800 instances
Trial 0 Training NaiveBayesTrainer finished
Trial 0 Trainer NaiveBayesTrainer
 Raw Testing Data
3741.txt neg neg:0.9607983402712212 pos:0.039201659728778725 
3733.txt neg neg:0.5574130102932872 pos:0.44258698970671284 
1600.txt pos pos:0.997823419614528 neg:0.0021765803854719126 
3432.txt pos neg:0.8172163321370123 pos:0.18278366786298772 
2033.txt pos pos:0.8825053472639816 neg:0.11749465273601835 
3898.txt pos neg:0.6570499414683011 pos:0.3429500585316989 
4107.txt pos pos:0.8585629913521656 neg:0.1414370086478344 
1418.txt pos pos:0.6454172810885366 neg:0.3545827189114635 
2939.txt neg pos:0.9311598254670586 neg:0.06884017453294136 
117.txt neg neg:0.7286226632875135 pos:0.27137733671248654 
3144.txt neg neg:0.9177990444394022 pos:0.08220095556059773 
3907.txt neg neg:0.9996783604486743 pos:3.2163955132561296E-4 
2954.txt pos neg:0.7567521804413139 pos:0.2432478195586862 
2290.txt neg neg:0.999869550553233 pos:1.3044944676708251E-4 
1857.txt neg neg:0.5858315149742057 pos:0.4141684850257943 
1850.txt neg neg:0.6813404626894108 pos:0.31865953731058905 
1244.txt pos pos:0.5731581080231906 neg:0.42684189197680944 
1171.txt pos pos:0.850291046527239 neg:0.149708953472761 
1121.txt pos pos:0.993197902694394 neg:0.006802097305605883 
2452.txt pos pos:0.9993326333966582 neg:6.673666033418926E-4 
1980.txt neg neg:0.9575456268965221 pos:0.042454373103477806 
623.txt pos pos:0.8833388232852397 neg:0.11666117671476031 
129.txt pos pos:0.999989404540988 neg:1.0595459012041112E-5 
3113.txt neg neg:0.9849116135264616 pos:0.015088386473538343 
2753.txt neg neg:0.8065293559643314 pos:0.19347064403566852 
4146.txt neg neg:0.9998671394423346 pos:1.328605576654418E-4 
921.txt neg neg:0.9837944347640014 pos:0.016205565235998646 
1345.txt pos pos:0.6809489887521357 neg:0.31905101124786417 
2794.txt pos pos:0.7468248018849004 neg:0.2531751981150995 
2250.txt pos pos:0.9996011900924028 neg:3.988099075973242E-4 
2374.txt pos pos:0.9996881845768734 neg:3.1181542312675944E-4 
976.txt neg neg:0.6155105915648846 pos:0.38448940843511537 
1690.txt neg pos:0.9823351902403655 neg:0.017664809759634456 
3534.txt pos pos:0.992408476035443 neg:0.007591523964556907 
4134.txt neg neg:0.7533464490895301 pos:0.24665355091046992 
3105.txt pos neg:0.9598152189008637 pos:0.04018478109913618 
3161.txt neg neg:0.959378540687343 pos:0.04062145931265705 
541.txt pos pos:0.996917090760047 neg:0.0030829092399531537 
281.txt neg neg:0.7480210819823327 pos:0.25197891801766725 
2503.txt pos pos:0.9925473017671071 neg:0.0074526982328927995 
440.txt pos pos:0.524240337802468 neg:0.47575966219753185 
1137.txt neg neg:0.8361403897850598 pos:0.16385961021494033 
3662.txt neg neg:0.8973375310992393 pos:0.10266246890076074 
3435.txt pos pos:0.7868727714466612 neg:0.2131272285533387 
553.txt neg neg:0.99143291265991 pos:0.008567087340090054 
884.txt neg neg:0.992041013666595 pos:0.007958986333404923 
3451.txt neg neg:0.740999320667137 pos:0.2590006793328629 
3689.txt pos pos:0.8549056654802701 neg:0.14509433451972986 
4199.txt neg neg:0.9982841879427999 pos:0.001715812057199981 
692.txt neg neg:0.9586084876460669 pos:0.04139151235393308 
3918.txt pos pos:0.9846896056829665 neg:0.015310394317033623 
3874.txt neg neg:0.9887008475056215 pos:0.011299152494378429 
624.txt pos pos:0.6353792765871438 neg:0.36462072341285634 
2976.txt pos pos:0.7765261876491495 neg:0.2234738123508505 
1433.txt pos pos:0.9970983220991377 neg:0.0029016779008622763 
1360.txt pos pos:0.974622315688922 neg:0.02537768431107801 
3138.txt neg neg:0.9871397911459517 pos:0.012860208854048368 
2431.txt neg neg:0.8082278813813011 pos:0.1917721186186989 
3082.txt pos pos:0.9907648164590985 neg:0.00923518354090148 
1292.txt pos pos:0.8030297653914997 neg:0.19697023460850027 
13.txt pos neg:0.9764644088553768 pos:0.023535591144623252 
2884.txt pos pos:0.9765923332930498 neg:0.023407666706950297 
4322.txt neg neg:0.9653842253467011 pos:0.034615774653298834 
3039.txt neg neg:0.9774058433628828 pos:0.022594156637117186 
1708.txt pos pos:0.9880081033066819 neg:0.011991896693318073 
2356.txt pos pos:0.9682611018727343 neg:0.03173889812726567 
2299.txt neg pos:0.6123372825712954 neg:0.38766271742870456 
301.txt neg pos:0.8484317476410899 neg:0.15156825235891005 
170.txt pos pos:0.9974641709943618 neg:0.0025358290056380775 
3588.txt neg pos:0.7767501745030703 neg:0.22324982549692984 
819.txt pos neg:0.5173101718871667 pos:0.48268982811283334 
4300.txt neg neg:0.998919519940454 pos:0.00108048005954593 
3975.txt neg neg:0.532829057808751 pos:0.46717094219124905 
1989.txt neg neg:0.9959454641206538 pos:0.004054535879346356 
3548.txt pos neg:0.825043241103236 pos:0.17495675889676396 
1038.txt neg neg:0.9306423334807349 pos:0.06935766651926512 
2915.txt neg neg:0.9927599894135064 pos:0.007240010586493665 
462.txt pos pos:0.9999967933960311 neg:3.2066039688781986E-6 
110.txt neg neg:0.9625697723965135 pos:0.03743022760348646 
2286.txt pos pos:0.787518630478591 neg:0.2124813695214089 
2455.txt pos pos:0.5716535942478083 neg:0.4283464057521918 
2495.txt neg neg:0.9979873089191821 pos:0.0020126910808178143 
3696.txt neg neg:0.9933943975093936 pos:0.006605602490606517 
810.txt pos pos:0.9999120542917532 neg:8.794570824667286E-5 
2537.txt neg neg:0.9969490087671834 pos:0.0030509912328164825 
1646.txt neg neg:0.9968720148280984 pos:0.0031279851719016928 
1657.txt pos pos:0.5934398256198675 neg:0.40656017438013253 
66.txt pos pos:0.6883054301178662 neg:0.31169456988213384 
308.txt neg neg:0.6081431653397069 pos:0.391856834660293 
2827.txt pos neg:0.9665677104169748 pos:0.03343228958302521 
3166.txt neg neg:0.9925119918893409 pos:0.007488008110659204 
590.txt pos pos:0.8314826818097873 neg:0.1685173181902126 
1231.txt pos pos:0.9194436861110595 neg:0.08055631388894058 
3964.txt pos pos:0.9999970744361055 neg:2.9255638943878895E-6 
2771.txt neg neg:0.999324829869999 pos:6.751701300010122E-4 
4091.txt neg neg:0.9064718126201978 pos:0.09352818737980224 
3184.txt pos pos:0.9977312270750117 neg:0.0022687729249881586 
2380.txt pos pos:0.8528592762878782 neg:0.14714072371212186 
3797.txt neg neg:0.9904975930536801 pos:0.009502406946319802 
3424.txt neg neg:0.6754460948987253 pos:0.32455390510127474 
3498.txt pos neg:0.8661123804723927 pos:0.13388761952760742 
1996.txt pos neg:0.6341813439345689 pos:0.36581865606543107 
1353.txt neg neg:0.9785117315491603 pos:0.021488268450839832 
2443.txt neg pos:0.8534671694533086 neg:0.14653283054669156 
260.txt pos pos:0.8576306902951778 neg:0.14236930970482226 
432.txt pos pos:0.9991838467295557 neg:8.161532704443516E-4 
606.txt pos pos:0.6507940581554482 neg:0.34920594184455167 
250.txt neg neg:0.9975653151379067 pos:0.0024346848620933554 
43.txt pos pos:0.9999999914709289 neg:8.529071195128081E-9 
3131.txt neg neg:0.9907232085675349 pos:0.009276791432465122 
3179.txt pos neg:0.7374223375250751 pos:0.262577662474925 
3093.txt neg neg:0.7997881373050242 pos:0.20021186269497576 
149.txt neg neg:0.9985813698978678 pos:0.001418630102132196 
4219.txt pos pos:0.5355259177036579 neg:0.4644740822963422 
237.txt pos pos:0.958145193180187 neg:0.04185480681981306 
3338.txt pos neg:0.7382210493004755 pos:0.2617789506995245 
3840.txt pos pos:0.5421295079635229 neg:0.4578704920364772 
2969.txt neg pos:0.5442330610142017 neg:0.45576693898579834 
1499.txt pos pos:0.9442178428660848 neg:0.05578215713391526 
177.txt pos pos:0.9795169513080254 neg:0.02048304869197452 
380.txt neg pos:0.9990742166949664 neg:9.257833050334315E-4 
4.txt pos neg:0.8596922709201202 pos:0.14030772907987976 
2515.txt neg neg:0.9905632306904736 pos:0.009436769309526381 
4080.txt pos pos:0.8592295459642728 neg:0.1407704540357272 
2861.txt neg neg:0.960850090854864 pos:0.039149909145136025 
3491.txt pos pos:0.9604414783012548 neg:0.039558521698745124 
1587.txt neg pos:0.8477751333135946 neg:0.15222486668640547 
1863.txt pos pos:0.6433607633248487 neg:0.3566392366751512 
2778.txt neg neg:0.7537224242959732 pos:0.2462775757040267 
2560.txt neg neg:0.9999733878634128 pos:2.6612136587278684E-5 
2088.txt neg neg:0.9996082154767982 pos:3.9178452320182627E-4 
2414.txt neg neg:0.5161453590524816 pos:0.48385464094751846 
643.txt neg neg:0.9542385770939553 pos:0.04576142290604466 
449.txt pos pos:0.7722497882726549 neg:0.22775021172734522 
1589.txt neg neg:0.5676943635789428 pos:0.4323056364210571 
4217.txt pos pos:0.9951920343973031 neg:0.004807965602696834 
2829.txt pos pos:0.8973637014280462 neg:0.10263629857195376 
1130.txt neg neg:0.966635150955592 pos:0.033364849044407924 
2982.txt pos neg:0.941209438155325 pos:0.058790561844674946 
941.txt pos pos:0.5743497945600424 neg:0.42565020543995746 
1284.txt neg neg:0.9882353740885337 pos:0.011764625911466388 
832.txt pos neg:0.9863169580520192 pos:0.013683041947980737 
990.txt pos pos:0.9993733722636541 neg:6.266277363458664E-4 
44.txt pos pos:0.9985467263102628 neg:0.0014532736897371666 
2852.txt pos pos:0.5958291583006885 neg:0.4041708416993114 
2174.txt neg neg:0.8402527396709484 pos:0.1597472603290516 
1378.txt neg pos:0.8138686014330306 neg:0.18613139856696947 
904.txt neg neg:0.6863814620739231 pos:0.31361853792607686 
1991.txt pos pos:0.9903107474389078 neg:0.009689252561092192 
2075.txt neg neg:0.9731624021562433 pos:0.02683759784375683 
2814.txt neg neg:0.8747709050733238 pos:0.12522909492667614 
4197.txt neg neg:0.9436892944136518 pos:0.05631070558634818 
3384.txt neg neg:0.9996332435516806 pos:3.667564483192862E-4 
978.txt neg neg:0.9953109691372397 pos:0.0046890308627603695 
2025.txt neg neg:0.9310338689199656 pos:0.06896613108003442 
3990.txt pos pos:0.6927795627328671 neg:0.30722043726713294 
68.txt pos neg:0.9088135714281296 pos:0.09118642857187041 
503.txt neg neg:0.9695460402496371 pos:0.030453959750362976 
3635.txt neg neg:0.8979250299179885 pos:0.10207497008201147 
757.txt pos pos:0.9942993425874077 neg:0.005700657412592239 
3647.txt neg neg:0.7187234278527055 pos:0.28127657214729446 
3102.txt pos neg:0.951538501815199 pos:0.048461498184800965 
1367.txt pos pos:0.7153059345124987 neg:0.28469406548750126 
2444.txt neg neg:0.6047922969861481 pos:0.39520770301385194 
4265.txt pos neg:0.7061674921098379 pos:0.2938325078901622 
2967.txt neg neg:0.9377433008371396 pos:0.06225669916286043 
2140.txt pos neg:0.9996911935742265 pos:3.088064257734675E-4 
613.txt neg pos:0.677990462474852 neg:0.322009537525148 
288.txt neg neg:0.7282031305882233 pos:0.2717968694117768 
2953.txt pos pos:0.8284464463659343 neg:0.1715535536340657 
1774.txt pos neg:0.8749992244876053 pos:0.12500077551239472 
2022.txt neg neg:0.7141620329149035 pos:0.2858379670850964 
3832.txt pos pos:0.8097528846752062 neg:0.19024711532479383 
3972.txt neg neg:0.9982212631700835 pos:0.0017787368299163446 
2737.txt pos neg:0.9462947567560074 pos:0.05370524324399256 
576.txt neg neg:0.9139667395322993 pos:0.08603326046770063 
2297.txt neg neg:0.6069188041844907 pos:0.3930811958155092 
4348.txt pos pos:0.6968239615994913 neg:0.3031760384005086 
1800.txt neg neg:0.6633128173385533 pos:0.33668718266144665 
483.txt neg neg:0.9875160381400331 pos:0.012483961859966985 
1547.txt pos pos:0.7946449036286691 neg:0.20535509637133093 
997.txt pos pos:0.8533562104861441 neg:0.14664378951385607 
1958.txt neg neg:0.9257745231154573 pos:0.0742254768845428 
4051.txt pos pos:0.9151189130864342 neg:0.08488108691356583 
644.txt neg neg:0.9998994189439495 pos:1.0058105605054823E-4 
1875.txt neg neg:0.9323014209049311 pos:0.06769857909506904 
1549.txt pos pos:0.9689445870297848 neg:0.031055412970215215 
4210.txt pos pos:0.95999117499626 neg:0.04000882500374016 
2009.txt neg pos:0.889234558378638 neg:0.11076544162136207 
4341.txt pos pos:0.9960047164811459 neg:0.003995283518854113 
3293.txt pos neg:0.5626895861326383 pos:0.4373104138673616 
2046.txt pos pos:0.9731144372841586 neg:0.026885562715841447 
1043.txt neg neg:0.997484447737813 pos:0.0025155522621870072 
730.txt neg neg:0.9323999674395586 pos:0.06760003256044156 
3665.txt neg neg:0.9971419226371175 pos:0.0028580773628824278 
1558.txt neg neg:0.530050361038759 pos:0.469949638961241 
4357.txt neg neg:0.9561696975211362 pos:0.04383030247886375 
1295.txt pos neg:0.6651370019151378 pos:0.33486299808486225 
3997.txt pos pos:0.999315511945411 neg:6.844880545888792E-4 
1789.txt pos pos:0.9964927665832585 neg:0.00350723341674154 
Trial 0 Trainer NaiveBayesTrainer Training Data Confusion Matrix
Confusion Matrix, row=true, column=predicted  accuracy=0.8772222222222222
  label   0   1  |total
  0 neg 822  78  |900
  1 pos 143 757  |900

Trial 0 Trainer NaiveBayesTrainer training data accuracy= 0.8772222222222222
Trial 0 Trainer NaiveBayesTrainer Test Data Confusion Matrix
Confusion Matrix, row=true, column=predicted  accuracy=0.825
  label   0   1  |total
  0 neg  88  12  |100
  1 pos  23  77  |100

Trial 0 Trainer NaiveBayesTrainer test data accuracy= 0.825

NaiveBayesTrainer
Summary. train accuracy mean = 0.8772222222222222 stddev = 0.0 stderr = 0.0
Summary. test accuracy mean = 0.825 stddev = 0.0 stderr = 0.0
