
-------------------- Trial 0  --------------------

Trial 0 Training MaxEntTrainer,gaussianPriorVariance=1.0 with 1800 instances
Trial 0 Training MaxEntTrainer,gaussianPriorVariance=1.0 finished
Trial 0 Trainer MaxEntTrainer,gaussianPriorVariance=1.0
 Raw Testing Data
4188.txt neg neg:0.9731098834376233 pos:0.026890116562376817 
1890.txt neg neg:0.9693738317800471 pos:0.03062616821995291 
3541.txt neg neg:0.9527357619925358 pos:0.04726423800746428 
2106.txt pos pos:0.5008872369991558 neg:0.4991127630008442 
2567.txt pos pos:0.6895960537738288 neg:0.3104039462261711 
302.txt pos pos:0.9999261952395117 neg:7.380476048828358E-5 
1475.txt pos neg:0.9901737803924603 pos:0.009826219607539648 
2396.txt pos pos:0.9955198605400716 neg:0.004480139459928533 
3481.txt neg neg:0.8217700731263248 pos:0.17822992687367528 
937.txt neg pos:0.9548991020892358 neg:0.04510089791076411 
1923.txt pos neg:0.7176724505386514 pos:0.28232754946134875 
950.txt pos pos:0.9999987984420917 neg:1.201557908212059E-6 
1764.txt neg neg:0.9835265453021885 pos:0.01647345469781151 
466.txt neg neg:0.9999999765704596 pos:2.342954042043448E-8 
4035.txt pos pos:0.9999999290385712 neg:7.096142876379134E-8 
4157.txt neg neg:0.9483285396741854 pos:0.05167146032581456 
4246.txt pos pos:0.8380556061363992 neg:0.16194439386360068 
2340.txt pos pos:0.9999999997078102 neg:2.921898852626676E-10 
1434.txt neg neg:0.9999997545568559 pos:2.4544314425049155E-7 
3271.txt pos neg:0.9989168268399367 pos:0.0010831731600633241 
3005.txt pos neg:0.550366355241888 pos:0.44963364475811196 
3573.txt neg pos:0.8163943748308521 neg:0.18360562516914794 
1846.txt neg neg:0.9994999624821796 pos:5.000375178204656E-4 
2289.txt pos pos:0.8980392555391108 neg:0.10196074446088922 
3076.txt neg neg:0.9810669328116113 pos:0.01893306718838868 
273.txt neg neg:0.9999849345176652 pos:1.506548233472737E-5 
669.txt neg pos:0.9887432055263108 neg:0.011256794473689075 
3681.txt pos neg:0.9664330650883146 pos:0.03356693491168542 
3169.txt neg neg:0.9999999516158281 pos:4.838417185495732E-8 
1083.txt neg neg:0.8909382986409584 pos:0.10906170135904165 
1448.txt neg pos:0.9495951164030524 neg:0.05040488359694764 
1564.txt pos pos:0.9099055295366887 neg:0.09009447046331123 
4097.txt neg neg:0.5947583301076593 pos:0.40524166989234073 
1371.txt pos neg:0.8944158098055865 pos:0.1055841901944135 
3329.txt pos pos:0.8536904222356969 neg:0.14630957776430306 
3946.txt neg pos:0.6287072943526225 neg:0.37129270564737754 
2445.txt neg neg:0.9992922345778986 pos:7.077654221013553E-4 
1194.txt pos pos:0.9923325166138383 neg:0.007667483386161804 
156.txt neg neg:0.8261599999057103 pos:0.1738400000942896 
1441.txt neg neg:0.9365665605275971 pos:0.06343343947240286 
977.txt neg pos:0.9852246514743909 neg:0.014775348525609154 
3901.txt neg neg:0.9999705008395401 pos:2.9499160459959034E-5 
1563.txt pos pos:0.9980363232128695 neg:0.0019636767871304356 
1872.txt pos pos:0.9379087683209464 neg:0.062091231679053636 
1848.txt neg pos:0.9919278252663142 neg:0.008072174733685667 
3811.txt pos pos:0.9993997838421688 neg:6.002161578311659E-4 
586.txt pos pos:0.9998457254024686 neg:1.5427459753127387E-4 
253.txt pos pos:0.9999952851239998 neg:4.714876000089158E-6 
813.txt neg pos:0.5584033006221595 neg:0.4415966993778405 
2766.txt pos pos:0.9827971583687732 neg:0.017202841631226706 
942.txt neg neg:0.9999658613188976 pos:3.413868110229544E-5 
2912.txt pos neg:0.5341655883754949 pos:0.4658344116245052 
1696.txt neg neg:0.9970808937427709 pos:0.002919106257229203 
1303.txt pos pos:0.9982925351786239 neg:0.0017074648213761731 
3773.txt pos pos:0.9930180635668241 neg:0.0069819364331758236 
1580.txt pos pos:0.9963730626813742 neg:0.003626937318625852 
945.txt neg neg:0.9986919861997229 pos:0.001308013800277207 
3709.txt neg neg:0.9999774371821527 pos:2.2562817847321284E-5 
1061.txt pos pos:0.9439462648465561 neg:0.05605373515344383 
2670.txt pos neg:0.675926105519705 pos:0.32407389448029494 
4316.txt neg neg:0.9999926472493349 pos:7.35275066515861E-6 
3204.txt pos pos:0.9925783997392639 neg:0.0074216002607361085 
414.txt neg neg:0.9999998863619854 pos:1.1363801442597123E-7 
406.txt pos pos:0.9999948726908305 neg:5.12730916941128E-6 
1268.txt neg pos:0.5828896718435884 neg:0.4171103281564116 
2566.txt neg neg:0.6422323150932233 pos:0.3577676849067767 
4273.txt pos pos:0.9989852201241788 neg:0.001014779875821179 
446.txt pos pos:0.9891632236422243 neg:0.0108367763577758 
3315.txt pos pos:0.9928508452052905 neg:0.00714915479470936 
1965.txt neg neg:0.9988221594783545 pos:0.0011778405216456046 
3327.txt pos neg:0.9990504641618423 pos:9.49535838157624E-4 
1330.txt neg neg:0.999729181035618 pos:2.708189643820609E-4 
1765.txt pos neg:0.9995101639927672 pos:4.898360072329238E-4 
667.txt neg neg:0.9996992058195049 pos:3.0079418049517014E-4 
1255.txt pos neg:0.9302427674910281 pos:0.06975723250897181 
2147.txt neg neg:0.9970394307967941 pos:0.0029605692032058178 
1212.txt pos pos:0.995069045618589 neg:0.004930954381410953 
305.txt pos neg:0.9993393208663038 pos:6.606791336961248E-4 
588.txt pos pos:0.9996926963372245 neg:3.073036627754827E-4 
2802.txt neg neg:0.7435552530791887 pos:0.2564447469208112 
1266.txt neg neg:0.87595193495054 pos:0.1240480650494599 
104.txt pos pos:0.9999999955852577 neg:4.414742299847942E-9 
3941.txt neg neg:0.9999987367982438 pos:1.2632017562100447E-6 
1447.txt pos pos:0.8978996885389522 neg:0.1021003114610479 
3799.txt pos pos:0.967072988690649 neg:0.032927011309351134 
473.txt pos pos:0.5259606082166463 neg:0.4740393917833538 
3418.txt pos pos:0.5068990271785712 neg:0.49310097282142884 
787.txt pos pos:0.9984392610975343 neg:0.0015607389024655872 
1807.txt pos neg:0.9298834680286453 pos:0.07011653197135463 
4319.txt pos pos:0.9999979895094329 neg:2.010490567141109E-6 
1672.txt neg neg:0.9238517333914781 pos:0.07614826660852193 
1924.txt pos pos:0.9999999999749052 neg:2.509484918372711E-11 
4356.txt neg pos:0.9970371142406171 neg:0.0029628857593829213 
530.txt neg neg:0.9966311992424363 pos:0.0033688007575638254 
3746.txt pos neg:0.9113272890917915 pos:0.08867271090820845 
3888.txt neg pos:0.9413005112369375 neg:0.05869948876306256 
4208.txt pos pos:0.9999999992743829 neg:7.256171312745032E-10 
649.txt pos pos:0.9983565425068142 neg:0.0016434574931857451 
2264.txt pos pos:0.9999049768014194 neg:9.502319858049287E-5 
3651.txt neg neg:0.9806606136891254 pos:0.019339386310874583 
1269.txt pos pos:0.999999996507748 neg:3.492252140170786E-9 
3410.txt neg neg:0.9887484564783823 pos:0.011251543521617828 
1252.txt pos neg:0.8819725088511328 pos:0.11802749114886728 
490.txt pos pos:0.9431600050220148 neg:0.05683999497798509 
1136.txt neg neg:0.9983333275765519 pos:0.001666672423447997 
3245.txt neg neg:0.9996413686704634 pos:3.5863132953659917E-4 
310.txt neg pos:0.529769710150347 neg:0.470230289849653 
2521.txt neg neg:0.992696547369488 pos:0.007303452630512132 
1873.txt neg neg:0.9999999993776749 pos:6.223250120763755E-10 
3540.txt pos pos:0.8367723759645033 neg:0.16322762403549668 
792.txt neg neg:0.9956859866340023 pos:0.004314013365997551 
3817.txt neg neg:0.9997103936081396 pos:2.896063918603031E-4 
3948.txt neg neg:0.9999825998234015 pos:1.7400176598327642E-5 
2058.txt neg neg:0.9990393204279058 pos:9.606795720942564E-4 
3320.txt pos pos:0.9976316122261829 neg:0.0023683877738170803 
1337.txt neg pos:0.9716093909296758 neg:0.02839060907032411 
1962.txt neg neg:0.9915767466840739 pos:0.008423253315926174 
1131.txt neg neg:0.9999999906587681 pos:9.341231997661144E-9 
30.txt neg pos:0.9832817839218595 neg:0.01671821607814059 
1762.txt pos pos:0.8201838559701919 neg:0.1798161440298081 
2726.txt pos pos:0.9994091797266533 neg:5.908202733465288E-4 
1139.txt pos pos:0.9999999433032972 neg:5.6696702869429695E-8 
4325.txt pos pos:0.999045094647591 neg:9.549053524090266E-4 
4274.txt pos pos:0.9999880450881777 neg:1.1954911822242215E-5 
559.txt pos neg:0.7945828002739339 pos:0.20541719972606615 
1055.txt neg neg:0.9999922034631936 pos:7.796536806454356E-6 
711.txt pos neg:0.6514815452532958 pos:0.34851845474670423 
3042.txt pos neg:0.9023727448663301 pos:0.09762725513366999 
828.txt neg neg:0.9984799563737246 pos:0.0015200436262755173 
1302.txt neg pos:0.9912969025230454 neg:0.008703097476954589 
2985.txt neg pos:0.9212225705129455 neg:0.07877742948705442 
2895.txt pos neg:0.9999356786043281 pos:6.432139567194156E-5 
2803.txt pos pos:0.9999962957313273 neg:3.7042686727977595E-6 
4163.txt pos pos:0.9892864995073846 neg:0.010713500492615458 
2913.txt neg pos:0.9790789002337197 neg:0.020921099766280298 
3239.txt neg neg:0.9999369270053833 pos:6.307299461659616E-5 
2011.txt neg pos:0.994028279285654 neg:0.005971720714345984 
579.txt neg neg:0.9851494043791441 pos:0.014850595620855889 
192.txt pos pos:0.9990967981504926 neg:9.032018495074346E-4 
833.txt pos neg:0.9202914960408836 pos:0.07970850395911645 
1786.txt pos neg:0.9990003502866069 pos:9.996497133929996E-4 
319.txt neg neg:0.9995564594960883 pos:4.435405039118153E-4 
4350.txt pos pos:0.9656921474401238 neg:0.034307852559876145 
3422.txt neg neg:0.9477170136782316 pos:0.05228298632176845 
3094.txt pos pos:0.9999586508939865 neg:4.134910601360822E-5 
2263.txt pos pos:0.9990222316842942 neg:9.777683157058468E-4 
2101.txt pos pos:0.9290030023940183 neg:0.07099699760598165 
505.txt neg neg:0.6901908454199853 pos:0.3098091545800146 
4323.txt neg neg:0.9999999999744213 pos:2.5578755296998093E-11 
1060.txt neg neg:0.9999877692564688 pos:1.2230743531239819E-5 
3326.txt neg neg:0.9672772385797932 pos:0.032722761420206775 
4365.txt pos pos:0.858228996500412 neg:0.14177100349958796 
2671.txt neg neg:0.5689114924869304 pos:0.43108850751306954 
4075.txt pos pos:0.9999974104457686 neg:2.589554231536344E-6 
299.txt neg neg:0.9971587633442693 pos:0.002841236655730617 
3747.txt neg neg:0.9994410092411646 pos:5.589907588352551E-4 
234.txt neg neg:0.9985826207387358 pos:0.001417379261264082 
3203.txt pos pos:0.9997015391603098 neg:2.9846083969018626E-4 
2493.txt neg neg:0.9999524529492083 pos:4.7547050791579395E-5 
1261.txt neg neg:0.9308650334350771 pos:0.06913496656492285 
1763.txt neg neg:0.9928526285209461 pos:0.007147371479053827 
4296.txt neg neg:0.9671696659765517 pos:0.032830334023448295 
1832.txt pos pos:0.9999619982845918 neg:3.8001715408254614E-5 
2920.txt pos pos:0.9999990777858996 neg:9.222141004128421E-7 
2761.txt pos pos:0.7121577542091326 neg:0.2878422457908675 
2288.txt neg neg:0.9999438333651901 pos:5.616663480997273E-5 
2783.txt neg neg:0.9881615890515761 pos:0.011838410948423922 
4119.txt neg neg:0.9999981978011988 pos:1.802198801316246E-6 
103.txt pos pos:0.9999516723172629 neg:4.832768273716616E-5 
3002.txt pos neg:0.8166247624194419 pos:0.183375237580558 
3121.txt pos neg:0.9827874274404004 pos:0.017212572559599713 
2436.txt pos pos:0.9999999994933957 neg:5.06604253784804E-10 
3658.txt neg neg:0.8885580190711201 pos:0.11144198092887986 
522.txt pos pos:0.9998237069271995 neg:1.7629307280048686E-4 
2024.txt neg neg:0.9142314161943518 pos:0.08576858380564818 
885.txt neg neg:0.9310847520746288 pos:0.06891524792537128 
3489.txt pos pos:0.9999997022400339 neg:2.977599662450572E-7 
77.txt neg neg:0.9993078847998784 pos:6.921152001215226E-4 
3242.txt neg neg:0.9999999990213393 pos:9.78660671150963E-10 
1633.txt pos pos:0.999999999489694 neg:5.103060147619028E-10 
758.txt pos pos:0.9999931563533906 neg:6.84364660956572E-6 
4098.txt pos pos:0.9997985001038522 neg:2.01499896147766E-4 
1634.txt pos pos:0.9958521332131068 neg:0.004147866786893185 
640.txt pos pos:0.9999954396557763 neg:4.560344223700262E-6 
1519.txt neg neg:0.9368617326267995 pos:0.06313826737320045 
248.txt neg neg:0.9999994447262454 pos:5.552737546129804E-7 
1609.txt neg neg:0.9999762825677062 pos:2.3717432293843104E-5 
1556.txt pos pos:0.9999521164761138 neg:4.788352388612582E-5 
1342.txt neg neg:0.9948661131188726 pos:0.005133886881127336 
959.txt pos neg:0.9983056671320721 pos:0.0016943328679277644 
3031.txt neg neg:0.9969313926055512 pos:0.0030686073944486804 
3279.txt neg neg:0.9978643653566348 pos:0.002135634643365038 
2442.txt neg neg:0.9982746022004424 pos:0.00172539779955759 
3880.txt pos pos:0.8738065384096018 neg:0.12619346159039824 
874.txt pos neg:0.6996796284899834 pos:0.30032037151001656 
4111.txt pos pos:0.8226899651923867 neg:0.17731003480761323 
1473.txt neg neg:0.9898335796413081 pos:0.010166420358691837 
214.txt pos neg:0.869328355475233 pos:0.13067164452476693 
3450.txt neg neg:0.9996687436971639 pos:3.3125630283615127E-4 
2063.txt neg neg:0.9827825352379128 pos:0.017217464762087197 
Trial 0 Trainer MaxEntTrainer,gaussianPriorVariance=1.0 Training Data Confusion Matrix
Confusion Matrix, row=true, column=predicted  accuracy=1.0
  label   0   1  |total
  0 neg 900   .  |900
  1 pos   . 900  |900

Trial 0 Trainer MaxEntTrainer,gaussianPriorVariance=1.0 training data accuracy= 1.0
Trial 0 Trainer MaxEntTrainer,gaussianPriorVariance=1.0 Test Data Confusion Matrix
Confusion Matrix, row=true, column=predicted  accuracy=0.78
  label   0   1  |total
  0 neg  82  18  |100
  1 pos  26  74  |100

Trial 0 Trainer MaxEntTrainer,gaussianPriorVariance=1.0 test data accuracy= 0.78

MaxEntTrainer,gaussianPriorVariance=1.0
Summary. train accuracy mean = 1.0 stddev = 0.0 stderr = 0.0
Summary. test accuracy mean = 0.78 stddev = 0.0 stderr = 0.0
