
-------------------- Trial 0  --------------------

Trial 0 Training MaxEntTrainer,gaussianPriorVariance=1.0 with 1800 instances
Trial 0 Training MaxEntTrainer,gaussianPriorVariance=1.0 finished
Trial 0 Trainer MaxEntTrainer,gaussianPriorVariance=1.0
 Raw Testing Data
1225.txt pos pos:0.9716244148078158 neg:0.02837558519218405 
4113.txt pos pos:0.9999468365896215 neg:5.316341037858887E-5 
1414.txt neg neg:0.9982251882954293 pos:0.0017748117045707846 
3334.txt neg neg:0.9999965244783632 pos:3.4755216368198353E-6 
3087.txt neg neg:0.6585454344094769 pos:0.3414545655905231 
878.txt pos pos:0.9979015673433452 neg:0.002098432656654899 
3428.txt pos neg:0.9729455894672285 pos:0.027054410532771387 
2901.txt neg neg:0.9948424600894108 pos:0.0051575399105890825 
1754.txt neg pos:0.8209866708599892 neg:0.1790133291400108 
645.txt pos neg:0.9932074383558026 pos:0.0067925616441974245 
716.txt neg neg:0.9896888236107942 pos:0.010311176389205636 
2690.txt neg neg:0.9999669880895723 pos:3.301191042766464E-5 
4267.txt neg neg:0.8054372807937141 pos:0.19456271920628587 
2872.txt neg pos:0.998895394961315 neg:0.0011046050386849288 
3426.txt pos pos:0.8683748150691182 neg:0.13162518493088185 
4166.txt pos neg:0.9550896355060339 pos:0.044910364493966216 
2061.txt neg neg:0.9749984070825268 pos:0.025001592917473187 
2796.txt neg pos:0.6962112564972588 neg:0.3037887435027413 
615.txt pos pos:0.999889639733551 neg:1.1036026644902375E-4 
5.txt neg pos:0.8517701644032613 neg:0.14822983559673872 
2433.txt pos pos:0.6011020172725958 neg:0.3988979827274042 
3309.txt pos pos:0.9995275246887697 neg:4.724753112302129E-4 
421.txt pos pos:0.9999913349618987 neg:8.6650381012818E-6 
208.txt pos pos:0.9999629197538293 neg:3.708024617059933E-5 
3159.txt neg pos:0.9703012969708975 neg:0.029698703029102495 
4093.txt pos pos:0.9269758968338009 neg:0.0730241031661992 
3375.txt pos pos:0.9999445089416212 neg:5.54910583788594E-5 
3390.txt neg neg:0.6860328293545882 pos:0.3139671706454118 
1971.txt pos pos:0.9999665035976152 neg:3.3496402384719856E-5 
3792.txt pos pos:0.9994490389938103 neg:5.509610061897319E-4 
4314.txt neg pos:0.6040444814566945 neg:0.3959555185433055 
2154.txt pos pos:0.9930210921031136 neg:0.00697890789688639 
529.txt pos pos:0.8500791567343222 neg:0.14992084326567776 
1233.txt neg pos:0.9892536638155596 neg:0.01074633618444035 
929.txt pos pos:0.9981197601030167 neg:0.0018802398969832686 
4204.txt pos neg:0.8404733428380554 pos:0.15952665716194453 
2747.txt neg neg:0.9993592678404505 pos:6.407321595494486E-4 
1861.txt neg neg:0.9890882094896296 pos:0.010911790510370264 
3893.txt neg neg:0.6700884319789973 pos:0.3299115680210028 
3019.txt pos pos:0.9999957437734701 neg:4.2562265297998795E-6 
2501.txt neg neg:0.9999512167006798 pos:4.87832993201893E-5 
3803.txt pos pos:0.9703013375110374 neg:0.029698662488962545 
2573.txt neg neg:0.8234525393387939 pos:0.1765474606612061 
3348.txt neg neg:0.9999999774452327 pos:2.255476737751991E-8 
3172.txt neg neg:0.989384755915603 pos:0.010615244084396822 
2987.txt neg neg:0.999984838766861 pos:1.516123313902293E-5 
1679.txt neg neg:0.9746421324111716 pos:0.025357867588828506 
213.txt neg pos:0.9006060886253047 neg:0.09939391137469543 
3217.txt neg pos:0.9979540540727477 neg:0.002045945927252336 
1119.txt pos pos:0.7670460767175307 neg:0.23295392328246933 
1165.txt pos pos:0.9903880246376991 neg:0.009611975362300846 
3058.txt neg neg:0.925271560707467 pos:0.07472843929253294 
2908.txt neg neg:0.9999547527825123 pos:4.5247217487709614E-5 
816.txt neg neg:0.5893089410207161 pos:0.4106910589792839 
642.txt pos pos:0.9999860742463991 neg:1.39257536009146E-5 
2.txt neg neg:0.9221490332093146 pos:0.07785096679068529 
1147.txt pos neg:0.9939962969726213 pos:0.0060037030273786905 
2751.txt pos pos:0.9846709396309963 neg:0.015329060369003798 
1335.txt neg pos:0.9144099153524785 neg:0.08559008464752155 
2890.txt pos neg:0.9654692523618307 pos:0.03453074763816935 
1629.txt neg neg:0.9960089759927739 pos:0.003991024007226102 
428.txt pos pos:0.9999999999999865 neg:1.3620302839906943E-14 
3381.txt pos pos:0.9958831976676848 neg:0.00411680233231518 
2616.txt neg pos:0.9984565081311412 neg:0.0015434918688588296 
3357.txt pos neg:0.7702168469808259 pos:0.2297831530191741 
3502.txt pos pos:0.9973386187086484 neg:0.0026613812913515176 
2780.txt pos pos:0.9998545449552533 neg:1.454550447466464E-4 
1993.txt neg neg:0.9999580841662059 pos:4.191583379405516E-5 
1745.txt pos pos:0.9997942117213297 neg:2.0578827867035105E-4 
1431.txt neg neg:0.9999797127704363 pos:2.028722956356126E-5 
3727.txt neg pos:0.8589444769448256 neg:0.14105552305517446 
4271.txt pos pos:0.9997584776113951 neg:2.4152238860488304E-4 
2598.txt pos pos:0.9985941553265077 neg:0.0014058446734923449 
2205.txt neg neg:0.9704094939025057 pos:0.029590506097494248 
3010.txt pos pos:0.6347173177826942 neg:0.3652826822173057 
4168.txt pos pos:0.5550378089678564 neg:0.4449621910321437 
2459.txt neg pos:0.9996091397836844 neg:3.908602163155933E-4 
1785.txt neg neg:0.9998229799264091 pos:1.7702007359088413E-4 
2732.txt neg pos:0.9985476274421133 neg:0.0014523725578866537 
3795.txt pos pos:0.7623547954831994 neg:0.23764520451680066 
403.txt pos pos:0.9980836293478247 neg:0.0019163706521752486 
3047.txt pos neg:0.753048587231804 pos:0.24695141276819602 
3914.txt neg neg:0.9999523043822744 pos:4.7695617725618626E-5 
1644.txt pos pos:0.9992235004304357 neg:7.764995695642173E-4 
4102.txt neg neg:0.999999914596402 pos:8.540359796028359E-8 
1374.txt pos neg:0.9998188145643323 pos:1.8118543566767963E-4 
4305.txt pos pos:0.9915259318833254 neg:0.008474068116674737 
3882.txt pos pos:0.9998563830311452 neg:1.4361696885469995E-4 
4327.txt pos pos:0.9999999999996039 neg:3.960221514139088E-13 
1704.txt neg neg:0.9986304861367874 pos:0.001369513863212707 
2881.txt neg neg:0.9987411477309203 pos:0.0012588522690797942 
1097.txt pos pos:0.999887387460712 neg:1.126125392878879E-4 
2648.txt neg neg:0.9923855058624569 pos:0.007614494137543087 
2321.txt neg neg:0.9251533635952637 pos:0.07484663640473618 
3905.txt pos pos:0.8645450210959311 neg:0.13545497890406888 
1405.txt pos pos:0.9995931120335769 neg:4.0688796642306314E-4 
3157.txt neg neg:0.9264450501212551 pos:0.07355494987874499 
562.txt neg neg:0.9713986961634247 pos:0.028601303836575255 
919.txt neg pos:0.9396748293652704 neg:0.060325170634729586 
910.txt neg neg:0.6228330282506894 pos:0.37716697174931063 
591.txt neg neg:0.9999845594097516 pos:1.5440590248347504E-5 
2043.txt neg pos:0.9779103004138324 neg:0.022089699586167626 
984.txt pos pos:0.9825501104409756 neg:0.017449889559024327 
2176.txt pos pos:0.9999996899737533 neg:3.100262467963407E-7 
3995.txt neg neg:0.9999693502909583 pos:3.064970904172073E-5 
3208.txt pos pos:0.9999996822017874 neg:3.177982126623124E-7 
3913.txt neg neg:0.9969799859251474 pos:0.0030200140748525995 
2933.txt neg neg:0.729621399825834 pos:0.2703786001741661 
3854.txt pos pos:0.9950427760367884 neg:0.004957223963211681 
853.txt pos neg:0.9996171659631807 pos:3.828340368192584E-4 
780.txt neg neg:0.9627638820807443 pos:0.0372361179192557 
4226.txt pos pos:0.9707864263679927 neg:0.029213573632007217 
3505.txt pos pos:0.9978941209569447 neg:0.002105879043055283 
1982.txt pos pos:0.9486621837523045 neg:0.0513378162476956 
713.txt pos pos:0.99992232098455 neg:7.767901544996116E-5 
2139.txt neg neg:0.7114247197599762 pos:0.2885752802400238 
1108.txt neg neg:0.9999978202953377 pos:2.1797046622938923E-6 
3386.txt pos pos:0.9999964166298949 neg:3.583370105174029E-6 
1351.txt pos pos:0.565823996895836 neg:0.4341760031041641 
1365.txt neg neg:0.9940808341200961 pos:0.005919165879903893 
2523.txt neg neg:0.9999413603924945 pos:5.863960750561788E-5 
1504.txt pos neg:0.9855838864359897 pos:0.014416113564010338 
952.txt pos pos:0.9999999596041632 neg:4.0395836721330406E-8 
1016.txt pos pos:0.9998150209080379 neg:1.849790919620382E-4 
126.txt neg neg:0.9999988503366523 pos:1.1496633477937293E-6 
756.txt neg pos:0.992967549137549 neg:0.007032450862451042 
584.txt pos pos:0.997494861271863 neg:0.0025051387281370243 
2104.txt pos pos:0.999988782041948 neg:1.1217958052103794E-5 
3080.txt neg neg:0.9677479141136498 pos:0.032252085886350194 
337.txt neg neg:0.9691114847021811 pos:0.030888515297819014 
1241.txt neg pos:0.7388605882597125 neg:0.2611394117402876 
1767.txt pos pos:0.8991251053764834 neg:0.1008748946235166 
2283.txt neg neg:0.999815992298866 pos:1.8400770113395274E-4 
3415.txt neg neg:0.9998878206132052 pos:1.1217938679477238E-4 
2077.txt pos neg:0.9129809698632118 pos:0.08701903013678827 
4276.txt pos pos:0.9999999786674683 neg:2.133253182685964E-8 
261.txt neg pos:0.9282339632484612 neg:0.07176603675153873 
3482.txt pos pos:0.7889021398050174 neg:0.21109786019498267 
2951.txt neg neg:0.9999758682071902 pos:2.4131792809814455E-5 
826.txt pos neg:0.9077049950091138 pos:0.09229500499088619 
133.txt pos pos:0.8315467906532517 neg:0.1684532093467483 
3871.txt pos pos:0.9321560256728514 neg:0.06784397432714855 
2070.txt pos pos:0.9964552368920162 neg:0.003544763107983842 
236.txt neg neg:0.9913903809494554 pos:0.008609619050544626 
146.txt pos pos:0.799836763402498 neg:0.20016323659750196 
1046.txt pos pos:0.9999999999989451 neg:1.0548970055022822E-12 
2541.txt neg neg:0.9999985638313984 pos:1.4361686015594073E-6 
2710.txt neg neg:0.9929451909906922 pos:0.007054809009307761 
3399.txt neg neg:0.9995142486626534 pos:4.8575133734656066E-4 
1776.txt neg neg:0.9999997416585921 pos:2.5834140795351647E-7 
3074.txt neg neg:0.9196384695310521 pos:0.08036153046894795 
3826.txt pos pos:0.9978056081673343 neg:0.0021943918326657154 
983.txt pos pos:0.9817565897721701 neg:0.018243410227830024 
1939.txt neg neg:0.999972241174448 pos:2.775882555191086E-5 
309.txt pos neg:0.997793607790424 pos:0.002206392209576012 
2425.txt neg neg:0.9999964723918904 pos:3.527608109511132E-6 
75.txt pos pos:0.9981376235219216 neg:0.0018623764780784564 
448.txt neg neg:0.982743613323073 pos:0.017256386676927048 
1814.txt neg neg:0.9971841089302538 pos:0.0028158910697461876 
3065.txt pos pos:0.5176290108768979 neg:0.48237098912310217 
1668.txt pos pos:0.9967067690243784 neg:0.003293230975621618 
3944.txt neg neg:0.9035206924897614 pos:0.09647930751023856 
2650.txt pos neg:0.8062067340619851 pos:0.19379326593801507 
2899.txt pos pos:0.5670206875515267 neg:0.4329793124484732 
672.txt neg neg:0.8852460923233094 pos:0.11475390767669053 
1466.txt neg neg:0.9960478022838272 pos:0.003952197716172955 
1594.txt neg neg:0.9869136230569306 pos:0.013086376943069473 
3301.txt neg neg:0.9998325866742792 pos:1.6741332572080858E-4 
2354.txt neg pos:0.9997039780120053 neg:2.960219879946123E-4 
612.txt pos neg:0.9999619212940506 pos:3.807870594934499E-5 
4114.txt pos pos:0.9646072202859879 neg:0.03539277971401216 
4260.txt neg pos:0.6019640082125185 neg:0.39803599178748156 
998.txt neg neg:0.9972553117392818 pos:0.0027446882607181354 
1454.txt neg neg:0.9655106658733134 pos:0.034489334126686616 
1868.txt neg pos:0.9995164312450161 neg:4.835687549840056E-4 
50.txt neg neg:0.9992014574717122 pos:7.985425282878707E-4 
2641.txt neg neg:0.9962475472487705 pos:0.003752452751229396 
882.txt pos pos:0.9424284810359265 neg:0.05757151896407347 
2497.txt pos pos:0.8966650213160164 neg:0.10333497868398356 
223.txt pos pos:0.9999986942587159 neg:1.305741284005328E-6 
1257.txt pos neg:0.927860190661225 pos:0.07213980933877492 
917.txt neg neg:0.9999807523351391 pos:1.924766486106625E-5 
4037.txt pos pos:0.9989708347792364 neg:0.0010291652207637197 
312.txt neg neg:0.9978309318117496 pos:0.002169068188250351 
2055.txt pos pos:0.9999996904306233 neg:3.095693767303785E-7 
1602.txt neg neg:0.9994931636764751 pos:5.068363235247789E-4 
1041.txt pos pos:0.9999999995704607 neg:4.295393425605839E-10 
3341.txt neg neg:0.5826413829752135 pos:0.4173586170247865 
3894.txt neg neg:0.9999961912366567 pos:3.8087633433124526E-6 
693.txt pos pos:0.9986104939046877 neg:0.0013895060953123771 
1794.txt pos neg:0.9815247690860979 pos:0.018475230913902005 
657.txt neg neg:0.9999983445643668 pos:1.655435633183495E-6 
1358.txt pos pos:0.5259784982289899 neg:0.4740215017710101 
630.txt pos pos:0.9975383207439952 neg:0.0024616792560048072 
2244.txt pos pos:0.9225530608101656 neg:0.07744693918983431 
3098.txt pos neg:0.8590758469206154 pos:0.14092415307938463 
1090.txt pos pos:0.9999995636380087 neg:4.3636199136618695E-7 
600.txt neg neg:0.8540321011742483 pos:0.1459678988257517 
3333.txt neg neg:0.9971065292422792 pos:0.002893470757720747 
955.txt pos pos:0.981459477802896 neg:0.018540522197103993 
Trial 0 Trainer MaxEntTrainer,gaussianPriorVariance=1.0 Training Data Confusion Matrix
Confusion Matrix, row=true, column=predicted  accuracy=1.0
  label   0   1  |total
  0 neg 900   .  |900
  1 pos   . 900  |900

Trial 0 Trainer MaxEntTrainer,gaussianPriorVariance=1.0 training data accuracy= 1.0
Trial 0 Trainer MaxEntTrainer,gaussianPriorVariance=1.0 Test Data Confusion Matrix
Confusion Matrix, row=true, column=predicted  accuracy=0.795
  label   0   1  |total
  0 neg  78  22  |100
  1 pos  19  81  |100

Trial 0 Trainer MaxEntTrainer,gaussianPriorVariance=1.0 test data accuracy= 0.795

MaxEntTrainer,gaussianPriorVariance=1.0
Summary. train accuracy mean = 1.0 stddev = 0.0 stderr = 0.0
Summary. test accuracy mean = 0.795 stddev = 0.0 stderr = 0.0
