
-------------------- Trial 0  --------------------

Trial 0 Training MaxEntTrainer,gaussianPriorVariance=1.0 with 1800 instances
Trial 0 Training MaxEntTrainer,gaussianPriorVariance=1.0 finished
Trial 0 Trainer MaxEntTrainer,gaussianPriorVariance=1.0
 Raw Testing Data
3741.txt neg neg:0.9400397004657219 pos:0.059960299534277985 
3733.txt neg neg:0.7852985160616723 pos:0.21470148393832778 
1600.txt pos pos:0.9959139879494159 neg:0.00408601205058404 
3432.txt pos pos:0.9940102881945977 neg:0.0059897118054022674 
2033.txt pos pos:0.9996489082727363 neg:3.5109172726352825E-4 
3898.txt pos pos:0.9998781062061827 neg:1.2189379381739309E-4 
4107.txt pos neg:0.5759591974368741 pos:0.4240408025631259 
1418.txt pos pos:0.9999862939151465 neg:1.3706084853516368E-5 
2939.txt neg neg:0.8215849885779024 pos:0.1784150114220976 
117.txt neg pos:0.82274804117007 neg:0.17725195882993 
3144.txt neg neg:0.9707242150624865 pos:0.029275784937513528 
3907.txt neg neg:0.9998449073758594 pos:1.5509262414061542E-4 
2954.txt pos neg:0.8058740638270325 pos:0.19412593617296747 
2290.txt neg neg:0.999999993383792 pos:6.616208060988735E-9 
1857.txt neg neg:0.9992725572029433 pos:7.274427970567592E-4 
1850.txt neg neg:0.9975531061088426 pos:0.002446893891157411 
1244.txt pos pos:0.998300320639248 neg:0.001699679360751897 
1171.txt pos pos:0.9939727639172596 neg:0.0060272360827404664 
1121.txt pos pos:0.999938664678561 neg:6.133532143892975E-5 
2452.txt pos pos:0.9999910003063717 neg:8.999693628405121E-6 
1980.txt neg pos:0.5648639641427989 neg:0.4351360358572011 
623.txt pos pos:0.9999467597922641 neg:5.324020773594213E-5 
129.txt pos pos:0.9999920588901476 neg:7.941109852350609E-6 
3113.txt neg neg:0.9999368370841567 pos:6.316291584322781E-5 
2753.txt neg neg:0.9979447813471763 pos:0.0020552186528237 
4146.txt neg neg:0.9999962459610822 pos:3.7540389178798627E-6 
921.txt neg neg:0.9901786414047773 pos:0.009821358595222679 
1345.txt pos neg:0.973675531925208 pos:0.02632446807479203 
2794.txt pos neg:0.5039983233954619 pos:0.49600167660453814 
2250.txt pos pos:0.61040957259289 neg:0.38959042740711003 
2374.txt pos pos:0.999789094722639 neg:2.1090527736090988E-4 
976.txt neg neg:0.9999749540852496 pos:2.5045914750388773E-5 
1690.txt neg pos:0.8564625389040602 neg:0.1435374610959398 
3534.txt pos pos:0.7228220204705068 neg:0.27717797952949325 
4134.txt neg neg:0.9999884745842452 pos:1.152541575470979E-5 
3105.txt pos pos:0.6418767727534666 neg:0.3581232272465334 
3161.txt neg neg:0.9657578137854416 pos:0.03424218621455845 
541.txt pos neg:0.728242686599613 pos:0.271757313400387 
281.txt neg pos:0.9651602580448717 neg:0.0348397419551283 
2503.txt pos pos:0.9997253559340342 neg:2.7464406596573954E-4 
440.txt pos pos:0.9733449301361137 neg:0.026655069863886407 
1137.txt neg neg:0.9999858956408241 pos:1.4104359175871544E-5 
3662.txt neg pos:0.9196888119378864 neg:0.08031118806211349 
3435.txt pos pos:0.9997917815675429 neg:2.0821843245717337E-4 
553.txt neg neg:0.9757864350014064 pos:0.024213564998593673 
884.txt neg neg:0.9999991284852164 pos:8.715147835104393E-7 
3451.txt neg neg:0.997474146803386 pos:0.0025258531966140707 
3689.txt pos pos:0.9898758294347085 neg:0.010124170565291355 
4199.txt neg neg:0.999382815704821 pos:6.171842951789402E-4 
692.txt neg neg:0.9995374043053571 pos:4.62595694642893E-4 
3918.txt pos pos:0.9967944537055852 neg:0.0032055462944148463 
3874.txt neg neg:0.892920740778923 pos:0.10707925922107694 
624.txt pos pos:0.9904422886522528 neg:0.009557711347747109 
2976.txt pos neg:0.9457141254887543 pos:0.05428587451124573 
1433.txt pos pos:0.9999999154853876 neg:8.451461229133634E-8 
1360.txt pos pos:0.9999912604896178 neg:8.73951038223304E-6 
3138.txt neg neg:0.9993299522014162 pos:6.700477985838446E-4 
2431.txt neg pos:0.8338058728049299 neg:0.16619412719507007 
3082.txt pos pos:0.9994326163122788 neg:5.673836877212215E-4 
1292.txt pos pos:0.9998936375354491 neg:1.063624645508209E-4 
13.txt pos neg:0.9430908985408674 pos:0.056909101459132604 
2884.txt pos pos:0.9995672802620824 neg:4.327197379176418E-4 
4322.txt neg neg:0.999204929964644 pos:7.950700353559872E-4 
3039.txt neg neg:0.9988386953304932 pos:0.0011613046695068351 
1708.txt pos pos:0.9998869032768377 neg:1.1309672316216072E-4 
2356.txt pos pos:0.9996154084662605 neg:3.845915337395062E-4 
2299.txt neg neg:0.9933450607423419 pos:0.006654939257658282 
301.txt neg neg:0.9999824084607934 pos:1.7591539206565294E-5 
170.txt pos pos:0.9999999975354701 neg:2.4645299448257693E-9 
3588.txt neg neg:0.9999701113696167 pos:2.988863038342887E-5 
819.txt pos pos:0.6301776656268654 neg:0.3698223343731346 
4300.txt neg neg:0.9986448144999334 pos:0.001355185500066652 
3975.txt neg neg:0.9869184920784109 pos:0.01308150792158918 
1989.txt neg neg:0.9478612107715343 pos:0.05213878922846557 
3548.txt pos neg:0.8557415616600227 pos:0.1442584383399772 
1038.txt neg neg:0.9999987287944824 pos:1.2712055175767034E-6 
2915.txt neg neg:0.9980742884205666 pos:0.001925711579433419 
462.txt pos pos:0.9984526637475104 neg:0.0015473362524897232 
110.txt neg pos:0.9619472426198161 neg:0.03805275738018388 
2286.txt pos neg:0.980179402836988 pos:0.019820597163011863 
2455.txt pos pos:0.999939266801506 neg:6.073319849390282E-5 
2495.txt neg neg:0.9999749800115296 pos:2.5019988470316238E-5 
3696.txt neg neg:0.999982760697393 pos:1.7239302606991293E-5 
810.txt pos pos:0.999997317417681 neg:2.68258231901529E-6 
2537.txt neg neg:0.9999649577680025 pos:3.504223199752283E-5 
1646.txt neg pos:0.5299170404608825 neg:0.4700829595391175 
1657.txt pos pos:0.996373334197822 neg:0.003626665802178017 
66.txt pos pos:0.8794311101845681 neg:0.12056888981543201 
308.txt neg neg:0.9999681865204839 pos:3.181347951601463E-5 
2827.txt pos pos:0.9998080191373802 neg:1.9198086261988068E-4 
3166.txt neg neg:0.9910270762765814 pos:0.008972923723418765 
590.txt pos pos:0.7864896083918466 neg:0.2135103916081535 
1231.txt pos neg:0.9995747388676531 pos:4.2526113234672746E-4 
3964.txt pos pos:0.9999992179662832 neg:7.820337168400437E-7 
2771.txt neg neg:0.9980482851479655 pos:0.0019517148520345746 
4091.txt neg neg:0.9663323205083086 pos:0.03366767949169138 
3184.txt pos pos:0.9999402207352015 neg:5.977926479860809E-5 
2380.txt pos pos:0.9996072950664797 neg:3.927049335202053E-4 
3797.txt neg neg:0.999626838192545 pos:3.7316180745491104E-4 
3424.txt neg neg:0.8838807762361904 pos:0.11611922376380952 
3498.txt pos pos:0.9727531907453054 neg:0.027246809254694658 
1996.txt pos pos:0.999928507275009 neg:7.149272499092306E-5 
1353.txt neg neg:0.9871365629602654 pos:0.012863437039734516 
2443.txt neg pos:0.8797651316015379 neg:0.12023486839846219 
260.txt pos pos:0.970540337853252 neg:0.02945966214674808 
432.txt pos pos:0.9976755092568763 neg:0.0023244907431236124 
606.txt pos neg:0.7620204711703876 pos:0.23797952882961237 
250.txt neg neg:0.9999916813503166 pos:8.318649683473527E-6 
43.txt pos pos:0.9999999994245274 neg:5.754726356945865E-10 
3131.txt neg neg:0.9998817321235632 pos:1.1826787643670786E-4 
3179.txt pos pos:0.9959736219783976 neg:0.004026378021602528 
3093.txt neg neg:0.9987983870838308 pos:0.0012016129161690453 
149.txt neg neg:0.9999932946629022 pos:6.705337097861607E-6 
4219.txt pos pos:0.7025550138167747 neg:0.2974449861832254 
237.txt pos pos:0.9371295510973857 neg:0.06287044890261435 
3338.txt pos pos:0.9676036093968632 neg:0.032396390603136746 
3840.txt pos pos:0.9999883940053613 neg:1.160599463868675E-5 
2969.txt neg neg:0.7379438730283431 pos:0.26205612697165687 
1499.txt pos neg:0.5615128006270854 pos:0.4384871993729146 
177.txt pos pos:0.9960159232517034 neg:0.003984076748296604 
380.txt neg pos:0.9841168357479609 neg:0.01588316425203905 
4.txt pos neg:0.9934682558776525 pos:0.0065317441223475044 
2515.txt neg neg:0.9998915428567516 pos:1.0845714324823372E-4 
4080.txt pos pos:0.6302924472562222 neg:0.3697075527437778 
2861.txt neg neg:0.9999995096303809 pos:4.903696192146959E-7 
3491.txt pos neg:0.6255854416418603 pos:0.3744145583581397 
1587.txt neg neg:0.9985387945532992 pos:0.0014612054467009253 
1863.txt pos pos:0.959150589963736 neg:0.04084941003626381 
2778.txt neg neg:0.9950188555247615 pos:0.00498114447523841 
2560.txt neg neg:0.9990427977813375 pos:9.572022186625326E-4 
2088.txt neg neg:0.9983365371655066 pos:0.0016634628344933077 
2414.txt neg neg:0.9955854798548622 pos:0.004414520145137752 
643.txt neg neg:0.8119028830426122 pos:0.18809711695738782 
449.txt pos pos:0.9989380179334133 neg:0.0010619820665867753 
1589.txt neg neg:0.9769150827588442 pos:0.02308491724115594 
4217.txt pos pos:0.9617889536923616 neg:0.038211046307638365 
2829.txt pos pos:0.9832275242733532 neg:0.016772475726646797 
1130.txt neg neg:0.9992980864656772 pos:7.019135343228168E-4 
2982.txt pos neg:0.9985839379474708 pos:0.0014160620525291367 
941.txt pos pos:0.9995601021065461 neg:4.3989789345398784E-4 
1284.txt neg neg:0.9982537398630986 pos:0.0017462601369014107 
832.txt pos neg:0.6577754699867353 pos:0.3422245300132646 
990.txt pos pos:0.9999984390455351 neg:1.560954464893528E-6 
44.txt pos pos:0.990780055601355 neg:0.009219944398645095 
2852.txt pos neg:0.8844569194976813 pos:0.11554308050231864 
2174.txt neg neg:0.9999849140120575 pos:1.5085987942554117E-5 
1378.txt neg neg:0.930154464684662 pos:0.06984553531533788 
904.txt neg neg:0.999255871425613 pos:7.441285743870488E-4 
1991.txt pos pos:0.978036272895317 neg:0.02196372710468296 
2075.txt neg neg:0.9971091294906266 pos:0.002890870509373388 
2814.txt neg neg:0.8530842132765 pos:0.1469157867235 
4197.txt neg pos:0.6703946383677242 neg:0.32960536163227583 
3384.txt neg neg:0.9181802237138031 pos:0.08181977628619695 
978.txt neg neg:0.9998691602976074 pos:1.3083970239248171E-4 
2025.txt neg neg:0.9999397137463546 pos:6.0286253645448685E-5 
3990.txt pos pos:0.9999999976764309 neg:2.323569191280747E-9 
68.txt pos pos:0.9984279012883629 neg:0.0015720987116370141 
503.txt neg neg:0.9438993132041746 pos:0.0561006867958254 
3635.txt neg pos:0.8691958843542114 neg:0.13080411564578867 
757.txt pos pos:0.9999962079682079 neg:3.792031792124357E-6 
3647.txt neg pos:0.7312135990975752 neg:0.26878640090242484 
3102.txt pos pos:0.8763609986811687 neg:0.12363900131883125 
1367.txt pos neg:0.9834566232357232 pos:0.016543376764276904 
2444.txt neg neg:0.8588442499083955 pos:0.14115575009160441 
4265.txt pos neg:0.9748248362612081 pos:0.025175163738791872 
2967.txt neg neg:0.9576659949728563 pos:0.04233400502714358 
2140.txt pos neg:0.9910252562869876 pos:0.008974743713012412 
613.txt neg pos:0.9942901069330476 neg:0.0057098930669524425 
288.txt neg neg:0.9953714942699524 pos:0.004628505730047644 
2953.txt pos pos:0.9999727830049712 neg:2.721699502877832E-5 
1774.txt pos pos:0.8574073530762041 neg:0.142592646923796 
2022.txt neg neg:0.9979760505823881 pos:0.002023949417611796 
3832.txt pos neg:0.7664627002510022 pos:0.23353729974899784 
3972.txt neg neg:0.9999999978007772 pos:2.19922277535623E-9 
2737.txt pos pos:0.9999869620695652 neg:1.3037930434807526E-5 
576.txt neg neg:0.9751465556201732 pos:0.024853444379826735 
2297.txt neg neg:0.9993599605719682 pos:6.400394280317713E-4 
4348.txt pos pos:0.9999999926007299 neg:7.399269966669808E-9 
1800.txt neg neg:0.9200872147064435 pos:0.07991278529355653 
483.txt neg neg:0.999670888840428 pos:3.291111595719896E-4 
1547.txt pos pos:0.6478905641720177 neg:0.35210943582798226 
997.txt pos pos:0.9982155407378521 neg:0.0017844592621477533 
1958.txt neg pos:0.9853363773979235 neg:0.014663622602076529 
4051.txt pos pos:0.9396715271613624 neg:0.060328472838637556 
644.txt neg neg:0.9999926545790042 pos:7.345420995756403E-6 
1875.txt neg neg:0.8299354545446951 pos:0.17006454545530506 
1549.txt pos pos:0.9862089636452481 neg:0.01379103635475184 
4210.txt pos pos:0.9110923240130947 neg:0.08890767598690524 
2009.txt neg neg:0.9982651668216307 pos:0.001734833178369316 
4341.txt pos pos:0.9999769660828146 neg:2.3033917185470088E-5 
3293.txt pos pos:0.9768922022495977 neg:0.023107797750402396 
2046.txt pos pos:0.9999769733909978 neg:2.3026609002154288E-5 
1043.txt neg neg:0.9999999999237641 pos:7.623588102795813E-11 
730.txt neg neg:0.930858273540768 pos:0.06914172645923203 
3665.txt neg neg:0.9417415320584607 pos:0.05825846794153923 
1558.txt neg neg:0.7297568716788484 pos:0.27024312832115166 
4357.txt neg neg:0.9999888202726236 pos:1.1179727376455738E-5 
1295.txt pos pos:0.6668491025806946 neg:0.33315089741930537 
3997.txt pos pos:0.9961176772169195 neg:0.003882322783080557 
1789.txt pos neg:0.890016526710291 pos:0.10998347328970899 
Trial 0 Trainer MaxEntTrainer,gaussianPriorVariance=1.0 Training Data Confusion Matrix
Confusion Matrix, row=true, column=predicted  accuracy=1.0
  label   0   1  |total
  0 neg 900   .  |900
  1 pos   . 900  |900

Trial 0 Trainer MaxEntTrainer,gaussianPriorVariance=1.0 training data accuracy= 1.0
Trial 0 Trainer MaxEntTrainer,gaussianPriorVariance=1.0 Test Data Confusion Matrix
Confusion Matrix, row=true, column=predicted  accuracy=0.815
  label   0   1  |total
  0 neg  85  15  |100
  1 pos  22  78  |100

Trial 0 Trainer MaxEntTrainer,gaussianPriorVariance=1.0 test data accuracy= 0.815

MaxEntTrainer,gaussianPriorVariance=1.0
Summary. train accuracy mean = 1.0 stddev = 0.0 stderr = 0.0
Summary. test accuracy mean = 0.815 stddev = 0.0 stderr = 0.0
