
-------------------- Trial 0  --------------------

Trial 0 Training MaxEntTrainer,gaussianPriorVariance=1.0 with 1800 instances
Trial 0 Training MaxEntTrainer,gaussianPriorVariance=1.0 finished
Trial 0 Trainer MaxEntTrainer,gaussianPriorVariance=1.0
 Raw Testing Data
1274.txt pos pos:0.9118731401253265 neg:0.08812685987467347 
398.txt pos pos:0.9999249980308816 neg:7.500196911836695E-5 
40.txt pos pos:0.999978980990483 neg:2.1019009517076278E-5 
3180.txt pos neg:0.9806767144021737 pos:0.019323285597826215 
3829.txt neg neg:0.8872623189808052 pos:0.1127376810191949 
2765.txt neg neg:0.9999999997914524 pos:2.0854769433245037E-10 
3704.txt pos neg:0.9493545458326893 pos:0.050645454167310804 
1051.txt pos pos:0.9931356706877082 neg:0.00686432931229175 
1920.txt neg pos:0.9918489141139573 neg:0.008151085886042684 
824.txt neg neg:0.9995886878667168 pos:4.113121332830401E-4 
3405.txt pos pos:0.999913745654614 neg:8.625434538601237E-5 
1211.txt neg neg:0.8751439817407869 pos:0.12485601825921314 
3904.txt neg neg:0.9994720006183467 pos:5.279993816532854E-4 
3512.txt neg pos:0.7212343374705525 neg:0.27876566252944746 
4202.txt neg neg:0.9995467043049205 pos:4.532956950794646E-4 
2533.txt pos pos:0.999966029937628 neg:3.397006237196997E-5 
355.txt neg neg:0.9940255119202814 pos:0.005974488079718481 
2267.txt neg pos:0.9986689932836939 neg:0.0013310067163061798 
114.txt neg pos:0.983465266606846 neg:0.016534733393154158 
2067.txt pos neg:0.9692698669359179 pos:0.030730133064082 
3813.txt pos pos:0.9983084138238221 neg:0.0016915861761778097 
4312.txt pos neg:0.9917837627488912 pos:0.008216237251108762 
2873.txt pos neg:0.9653611535385632 pos:0.03463884646143679 
1493.txt pos pos:0.9877980834688028 neg:0.01220191653119723 
797.txt neg pos:0.6247560558394345 neg:0.37524394416056556 
2143.txt pos neg:0.9999929794329517 pos:7.0205670481438805E-6 
1478.txt neg neg:0.9980067918140018 pos:0.0019932081859982105 
347.txt pos pos:0.9992964015299606 neg:7.035984700395131E-4 
1058.txt pos pos:0.7825061049339217 neg:0.21749389506607825 
215.txt neg neg:0.9999050340647321 pos:9.496593526779673E-5 
2166.txt neg neg:0.7450568183671166 pos:0.25494318163288343 
2847.txt neg neg:0.9655533096872598 pos:0.03444669031274013 
2406.txt pos pos:0.5659060789459857 neg:0.4340939210540143 
427.txt pos neg:0.9666160638748609 pos:0.03338393612513908 
1219.txt pos pos:0.9651199526694086 neg:0.03488004733059128 
967.txt pos pos:0.9999989815675481 neg:1.0184324519596332E-6 
1529.txt neg neg:0.8354559150102754 pos:0.16454408498972464 
264.txt pos pos:0.976962801009072 neg:0.023037198990927894 
2094.txt neg pos:0.9770361426286354 neg:0.02296385737136463 
2045.txt neg neg:0.999996635865666 pos:3.364134333911454E-6 
2808.txt pos pos:0.9897619967377032 neg:0.01023800326229691 
3359.txt pos neg:0.7158046676798346 pos:0.28419533232016536 
608.txt neg neg:0.9616999829947465 pos:0.038300017005253525 
1912.txt neg pos:0.5763432698743284 neg:0.4236567301256716 
3571.txt neg neg:0.7222180960101799 pos:0.27778190398981994 
1561.txt pos pos:0.9998644894017407 neg:1.3551059825920683E-4 
2586.txt pos pos:0.9950239225314004 neg:0.004976077468599607 
742.txt pos pos:0.9992134757739054 neg:7.86524226094564E-4 
1878.txt neg neg:0.9999998321342816 pos:1.6786571850142062E-7 
1216.txt neg neg:0.7728441966951914 pos:0.22715580330480847 
271.txt neg neg:0.9687225205169664 pos:0.03127747948303357 
1713.txt neg neg:0.7693236773405479 pos:0.23067632265945218 
1677.txt neg neg:0.8553543607551654 pos:0.1446456392448345 
4182.txt pos pos:0.9980036607463209 neg:0.0019963392536790836 
781.txt neg pos:0.8735335227651996 neg:0.1264664772348003 
1307.txt neg neg:0.9966999433251363 pos:0.0033000566748636155 
741.txt neg neg:0.999384548523886 pos:6.154514761140209E-4 
3007.txt pos pos:0.9999999075982816 neg:9.240171832725187E-8 
1876.txt neg neg:0.9707276246849281 pos:0.029272375315071965 
2581.txt pos neg:0.6087994925992075 pos:0.3912005074007925 
3420.txt neg neg:0.9337366286942774 pos:0.06626337130572273 
1421.txt pos pos:0.999999998966109 neg:1.0338909017622877E-9 
203.txt neg neg:0.9852519620089791 pos:0.014748037991020797 
1251.txt neg pos:0.989318107755648 neg:0.010681892244352066 
272.txt pos pos:0.6684928222894356 neg:0.3315071777105643 
2304.txt neg neg:0.9917596193980087 pos:0.00824038060199114 
1065.txt neg neg:0.9999875229337222 pos:1.2477066277775395E-5 
1514.txt pos neg:0.7968704169182544 pos:0.20312958308174545 
1584.txt neg pos:0.999990971792559 neg:9.028207441027643E-6 
3982.txt pos neg:0.7333523647668979 pos:0.26664763523310214 
1552.txt neg neg:0.9763895191182552 pos:0.023610480881744753 
706.txt neg neg:0.990699703976331 pos:0.009300296023668931 
4185.txt pos neg:0.7999464696442431 pos:0.20005353035575696 
2212.txt neg neg:0.5673599235028015 pos:0.4326400764971985 
4154.txt pos pos:0.999982751101122 neg:1.724889887803878E-5 
101.txt pos pos:0.9935149382682165 neg:0.00648506173178341 
1983.txt neg pos:0.8718614694408097 neg:0.12813853055919036 
947.txt neg neg:0.9999959323545454 pos:4.0676454545486035E-6 
3373.txt pos pos:0.866808380726505 neg:0.133191619273495 
1731.txt pos pos:0.9999999387702241 neg:6.122977599236464E-8 
3554.txt pos pos:0.9033362904930277 neg:0.09666370950697244 
1172.txt pos pos:0.8908609712428772 neg:0.10913902875712267 
677.txt pos pos:0.999976138870624 neg:2.3861129376036838E-5 
1568.txt pos pos:0.9999997942387865 neg:2.05761213383687E-7 
2946.txt pos pos:0.7542774382296401 neg:0.24572256177035984 
2331.txt neg pos:0.9951556975719534 neg:0.004844302428046522 
844.txt pos neg:0.8945679417734307 pos:0.10543205822656937 
3018.txt pos pos:0.9760644675828288 neg:0.02393553241717128 
2305.txt pos pos:0.9992592891530879 neg:7.407108469121388E-4 
659.txt neg neg:0.9083404684735527 pos:0.09165953152644736 
3188.txt neg neg:0.9999997762756753 pos:2.2372432464392335E-7 
2409.txt neg neg:0.9314065456492674 pos:0.06859345435073257 
2909.txt neg neg:0.9906788910465305 pos:0.009321108953469543 
91.txt neg pos:0.5514103242114716 neg:0.4485896757885283 
51.txt pos pos:0.9999976255602465 neg:2.374439753373984E-6 
3953.txt pos pos:0.9986208331918354 neg:0.0013791668081645405 
3730.txt neg neg:0.8772382315014099 pos:0.12276176849859022 
2950.txt pos neg:0.9855154215583355 pos:0.014484578441664625 
1554.txt pos pos:0.9958507057810055 neg:0.004149294218994486 
276.txt neg pos:0.8641802388751518 neg:0.13581976112484814 
674.txt neg neg:0.9960406079820094 pos:0.003959392017990665 
2377.txt pos pos:0.9999991525155362 neg:8.474844638267913E-7 
2491.txt neg pos:0.950716586117183 neg:0.049283413882816915 
1148.txt neg neg:0.5309921715687647 pos:0.46900782843123534 
898.txt neg pos:0.800582380502378 neg:0.19941761949762205 
396.txt pos pos:0.9967487723191502 neg:0.0032512276808498593 
3263.txt neg neg:0.9999997377290599 pos:2.622709400743349E-7 
3684.txt pos pos:0.7591120961110233 neg:0.2408879038889766 
2129.txt pos pos:0.9936138094677748 neg:0.006386190532225124 
2916.txt neg neg:0.9986029037578597 pos:0.0013970962421403278 
1630.txt neg pos:0.9858374789438914 neg:0.014162521056108551 
1208.txt pos pos:0.5835595562324598 neg:0.4164404437675402 
2179.txt neg pos:0.8512350675019449 neg:0.14876493249805517 
476.txt pos neg:0.9086046733866158 pos:0.0913953266133842 
323.txt pos neg:0.9220159462950555 pos:0.07798405370494457 
4352.txt pos neg:0.9996446664796319 pos:3.553335203681326E-4 
263.txt pos pos:0.9999948761626993 neg:5.1238373008141835E-6 
98.txt neg pos:0.6212781678494055 neg:0.3787218321505945 
3569.txt neg neg:0.9991253103908719 pos:8.746896091281027E-4 
2028.txt neg neg:0.9999522746251204 pos:4.7725374879706394E-5 
444.txt pos pos:0.9786305773686833 neg:0.021369422631316675 
1403.txt neg neg:0.986994608456859 pos:0.013005391543140817 
2898.txt neg neg:0.8284316582344498 pos:0.1715683417655502 
2734.txt neg neg:0.9986970332810042 pos:0.001302966718995747 
2658.txt pos pos:0.9999210613130511 neg:7.893868694879174E-5 
492.txt pos neg:0.999857769068754 pos:1.4223093124583354E-4 
3200.txt neg neg:0.9984726947490221 pos:0.0015273052509779744 
1109.txt pos neg:0.9459988895912608 pos:0.05400111040873936 
1088.txt neg pos:0.812478546327598 neg:0.18752145367240206 
625.txt neg neg:0.9999126694310754 pos:8.733056892460096E-5 
3745.txt neg pos:0.9938998318322035 neg:0.006100168167796339 
4227.txt pos pos:0.9971560886625861 neg:0.002843911337413875 
1671.txt pos pos:0.9996437673254378 neg:3.5623267456209173E-4 
1720.txt pos pos:0.9975265199720145 neg:0.00247348002798556 
972.txt neg neg:0.9503304240805708 pos:0.049669575919429165 
3576.txt neg pos:0.8369303442947003 neg:0.16306965570529974 
1442.txt pos pos:0.9998707743464537 neg:1.2922565354632417E-4 
1010.txt neg neg:0.9940206021350816 pos:0.005979397864918339 
2472.txt neg neg:0.8748258415896223 pos:0.12517415841037774 
3928.txt pos pos:0.9910629609000288 neg:0.00893703909997112 
1728.txt neg neg:0.9868970931309842 pos:0.013102906869015751 
2352.txt neg neg:0.9999663273847652 pos:3.36726152348894E-5 
1265.txt pos pos:0.9925379171979992 neg:0.007462082802000671 
1660.txt pos pos:0.9999952469602063 neg:4.753039793787156E-6 
211.txt pos pos:0.9782605278785436 neg:0.021739472121456386 
495.txt pos pos:0.5512584009967559 neg:0.44874159900324395 
3374.txt pos neg:0.9802431869244178 pos:0.01975681307558223 
2757.txt neg neg:0.9801503705736422 pos:0.019849629426357835 
2242.txt pos pos:0.9999689176467745 neg:3.1082353225479395E-5 
2958.txt neg neg:0.999993733285254 pos:6.266714746077752E-6 
610.txt neg neg:0.9950908667757752 pos:0.004909133224224765 
49.txt neg neg:0.7253545399720891 pos:0.274645460027911 
455.txt pos pos:0.9999740726731133 neg:2.5927326886586895E-5 
909.txt neg pos:0.8130057123467689 neg:0.18699428765323106 
3468.txt pos neg:0.9997949498501791 pos:2.0505014982082168E-4 
1445.txt pos pos:0.9999095847458158 neg:9.041525418426659E-5 
4079.txt pos neg:0.9632303305061232 pos:0.03676966949387677 
1224.txt neg pos:0.8559683402785233 neg:0.14403165972147666 
1520.txt neg neg:0.9920417124635219 pos:0.007958287536478122 
2750.txt neg neg:0.9145591913948691 pos:0.085440808605131 
2282.txt pos pos:0.9834617004883179 neg:0.016538299511682068 
209.txt pos pos:0.7898654088308845 neg:0.21013459116911554 
3742.txt neg neg:0.9948317836358103 pos:0.00516821636418973 
2632.txt pos neg:0.9999989429306569 pos:1.0570693430070023E-6 
1141.txt neg pos:0.8857825506596645 neg:0.11421744934033545 
3380.txt neg neg:0.9733509863116743 pos:0.02664901368832566 
4353.txt neg neg:0.7966809644459797 pos:0.20331903555402028 
96.txt pos neg:0.7096195160171669 pos:0.2903804839828331 
2674.txt neg neg:0.9998453046418206 pos:1.5469535817930517E-4 
3793.txt neg neg:0.9997827492262987 pos:2.1725077370131213E-4 
3543.txt neg neg:0.9995878398167506 pos:4.121601832494103E-4 
4279.txt neg neg:0.9999947477731556 pos:5.2522268444431675E-6 
1804.txt neg pos:0.9892833649914213 neg:0.01071663500857861 
2623.txt pos pos:0.950450390547568 neg:0.049549609452431996 
3413.txt pos pos:0.9979194287500063 neg:0.00208057124999366 
1643.txt pos pos:0.9965326955160497 neg:0.0034673044839503876 
2423.txt neg neg:0.9999999953929313 pos:4.607068594526548E-9 
1927.txt neg neg:0.9999823477256355 pos:1.7652274364468664E-5 
1752.txt pos pos:0.995812641273581 neg:0.004187358726418826 
679.txt pos pos:0.9999365363087168 neg:6.346369128320676E-5 
880.txt neg neg:0.9987734235011347 pos:0.0012265764988651767 
3993.txt pos pos:0.9983909478723986 neg:0.001609052127601364 
2401.txt pos pos:0.9998783227712487 neg:1.2167722875141606E-4 
827.txt pos pos:0.8109490200654905 neg:0.18905097993450962 
4027.txt neg neg:0.9999816187436521 pos:1.8381256347885365E-5 
456.txt neg neg:0.9756231572803662 pos:0.024376842719633838 
4153.txt pos pos:0.9991755194952938 neg:8.244805047061271E-4 
387.txt pos pos:0.9990155985893799 neg:9.844014106201587E-4 
2557.txt pos neg:0.9990372656373241 pos:9.627343626758845E-4 
793.txt pos pos:0.9262498362875158 neg:0.07375016371248416 
1334.txt pos pos:0.9929018750281217 neg:0.007098124971878417 
1471.txt neg neg:0.9999913867320137 pos:8.613267986188274E-6 
1019.txt neg neg:0.9996160882861717 pos:3.839117138282584E-4 
602.txt pos neg:0.7425480935910652 pos:0.25745190640893467 
1669.txt pos pos:0.998992971275293 neg:0.0010070287247071219 
1779.txt neg neg:0.9997357168296396 pos:2.642831703603522E-4 
275.txt pos pos:0.9999365063273215 neg:6.349367267857247E-5 
1566.txt pos pos:0.9557793158688533 neg:0.04422068413114668 
3892.txt neg neg:0.9998874433725196 pos:1.1255662748030609E-4 
2015.txt pos pos:0.9942532444999074 neg:0.005746755500092612 
Trial 0 Trainer MaxEntTrainer,gaussianPriorVariance=1.0 Training Data Confusion Matrix
Confusion Matrix, row=true, column=predicted  accuracy=1.0
  label   0   1  |total
  0 neg 900   .  |900
  1 pos   . 900  |900

Trial 0 Trainer MaxEntTrainer,gaussianPriorVariance=1.0 training data accuracy= 1.0
Trial 0 Trainer MaxEntTrainer,gaussianPriorVariance=1.0 Test Data Confusion Matrix
Confusion Matrix, row=true, column=predicted  accuracy=0.74
  label   0   1  |total
  0 neg  74  26  |100
  1 pos  26  74  |100

Trial 0 Trainer MaxEntTrainer,gaussianPriorVariance=1.0 test data accuracy= 0.74

MaxEntTrainer,gaussianPriorVariance=1.0
Summary. train accuracy mean = 1.0 stddev = 0.0 stderr = 0.0
Summary. test accuracy mean = 0.74 stddev = 0.0 stderr = 0.0
