
-------------------- Trial 0  --------------------

Trial 0 Training MaxEntTrainer,gaussianPriorVariance=1.0 with 1800 instances
Trial 0 Training MaxEntTrainer,gaussianPriorVariance=1.0 finished
Trial 0 Trainer MaxEntTrainer,gaussianPriorVariance=1.0
 Raw Testing Data
2755.txt pos neg:0.9980512559712843 pos:0.0019487440287157618 
524.txt pos pos:0.9972282267282039 neg:0.002771773271796101 
3295.txt neg neg:0.9969266549601211 pos:0.003073345039878792 
883.txt neg neg:0.9999354001447305 pos:6.459985526959486E-5 
920.txt neg neg:0.9995505404125631 pos:4.494595874370067E-4 
2333.txt pos pos:0.9998843537779145 neg:1.1564622208541639E-4 
1338.txt neg neg:0.9998693180584171 pos:1.3068194158280712E-4 
2056.txt pos pos:0.9999647944983121 neg:3.5205501687841246E-5 
4149.txt neg neg:0.9989514278896631 pos:0.0010485721103368293 
580.txt pos neg:0.9987375497072124 pos:0.0012624502927875156 
1916.txt neg neg:0.8944443200774416 pos:0.10555567992255845 
3850.txt pos pos:0.7297878792980375 neg:0.2702121207019626 
2198.txt pos neg:0.7484306088090935 pos:0.25156939119090643 
137.txt pos pos:0.9999919084244477 neg:8.091575552277363E-6 
1562.txt pos pos:0.9373873146312607 neg:0.06261268536873921 
2149.txt pos pos:0.9019735903805078 neg:0.09802640961949216 
1417.txt pos pos:0.9981386480617614 neg:0.0018613519382385112 
555.txt neg neg:0.9086432375484639 pos:0.09135676245153626 
3664.txt pos pos:0.985271421913649 neg:0.014728578086351016 
1899.txt pos pos:0.9991796621212505 neg:8.203378787495153E-4 
3061.txt neg neg:0.9997216213136639 pos:2.783786863361225E-4 
3283.txt neg neg:0.9996611556788173 pos:3.3884432118268525E-4 
2197.txt neg neg:0.9999196700007112 pos:8.032999928887964E-5 
3425.txt pos neg:0.7100526018476709 pos:0.28994739815232895 
3857.txt pos neg:0.999877748032809 pos:1.222519671909123E-4 
1781.txt neg neg:0.999752776767366 pos:2.4722323263407626E-4 
3816.txt neg neg:0.9994054815878868 pos:5.945184121131908E-4 
3796.txt pos pos:0.9889103651095145 neg:0.011089634890485481 
4000.txt neg neg:0.999998512489584 pos:1.48751041590244E-6 
331.txt pos pos:0.9976797610758317 neg:0.0023202389241682515 
583.txt neg neg:0.7871776339075783 pos:0.21282236609242164 
1700.txt pos neg:0.7451515493551222 pos:0.2548484506448778 
1449.txt neg pos:0.8544248277197508 neg:0.14557517228024933 
1435.txt neg neg:0.9999996886728925 pos:3.11327107635763E-7 
1138.txt pos pos:0.9997051875647429 neg:2.948124352571528E-4 
1640.txt pos pos:0.9990969741663156 neg:9.030258336843668E-4 
2403.txt neg neg:0.9950256561467505 pos:0.0049743438532495856 
1608.txt neg neg:0.9344128754175594 pos:0.06558712458244073 
1601.txt neg neg:0.9983967814575216 pos:0.0016032185424783483 
3634.txt neg neg:0.9828387637024492 pos:0.01716123629755081 
1377.txt pos pos:0.9999638548645611 neg:3.6145135438846275E-5 
4034.txt pos pos:0.9998516486402447 neg:1.4835135975528108E-4 
2804.txt neg neg:0.9960006856317494 pos:0.00399931436825067 
3154.txt neg neg:0.8698199687648169 pos:0.13018003123518315 
2469.txt neg neg:0.9959744396056756 pos:0.004025560394324488 
1254.txt pos pos:0.9590525031600686 neg:0.04094749683993145 
2309.txt neg neg:0.9999989106396568 pos:1.0893603432739029E-6 
3591.txt neg pos:0.9995066768232644 neg:4.933231767354272E-4 
292.txt pos pos:0.82121672091181 neg:0.17878327908819003 
3145.txt neg neg:0.9967995565885597 pos:0.0032004434114403612 
2867.txt neg neg:0.9995717936387823 pos:4.282063612177284E-4 
3038.txt pos neg:0.8459742739275069 pos:0.15402572607249304 
4290.txt neg neg:0.6301226276264047 pos:0.36987737237359536 
1917.txt pos pos:0.9852183234046615 neg:0.014781676595338543 
3935.txt neg pos:0.998619339924894 neg:0.0013806600751059544 
3749.txt pos pos:0.676330533678843 neg:0.323669466321157 
1500.txt neg neg:0.995862948384459 pos:0.004137051615541024 
916.txt pos neg:0.9815875512522746 pos:0.018412448747725546 
2051.txt pos pos:0.9999999999682594 neg:3.174053657445861E-11 
2100.txt pos pos:0.7156186574853401 neg:0.2843813425146598 
3044.txt pos pos:0.9967755102349987 neg:0.0032244897650014087 
3740.txt pos pos:0.9995632947058009 neg:4.367052941990356E-4 
4181.txt pos pos:0.9999966134757301 neg:3.3865242699744957E-6 
1788.txt neg neg:0.9895139039869736 pos:0.010486096013026299 
3657.txt neg neg:0.922723433686529 pos:0.0772765663134709 
1964.txt neg neg:0.9987616697541142 pos:0.0012383302458858197 
4324.txt pos pos:0.9999992748830977 neg:7.251169022931333E-7 
996.txt pos pos:0.9884608146637839 neg:0.011539185336216097 
2585.txt pos pos:0.9999856406202684 neg:1.4359379731517568E-5 
1801.txt pos pos:0.5920165681964344 neg:0.40798343180356567 
1963.txt neg neg:0.8966578353565454 pos:0.1033421646434546 
3809.txt neg neg:0.9991050905343617 pos:8.949094656383238E-4 
544.txt neg neg:0.9981399089455123 pos:0.001860091054487769 
307.txt neg neg:0.977792249356153 pos:0.02220775064384686 
2307.txt neg neg:0.5462145819495148 pos:0.45378541805048517 
3252.txt neg neg:0.9254869628532296 pos:0.07451303714677045 
2415.txt neg neg:0.7493403463495122 pos:0.25065965365048776 
1981.txt pos pos:0.7897001835485924 neg:0.21029981645140758 
1647.txt pos pos:0.9988602483333112 neg:0.00113975166668883 
1606.txt neg neg:0.9994284092637948 pos:5.7159073620519E-4 
4306.txt neg neg:0.9925670236194714 pos:0.007432976380528583 
2828.txt pos pos:0.5273403853611865 neg:0.4726596146388134 
3314.txt pos pos:0.9996371300833921 neg:3.628699166079221E-4 
3859.txt pos pos:0.9999994485799314 neg:5.514200686503268E-7 
1922.txt pos pos:0.9999998505523605 neg:1.494476394243556E-7 
4259.txt neg neg:0.7006562810530386 pos:0.29934371894696143 
3376.txt neg neg:0.9193352759620496 pos:0.0806647240379503 
376.txt pos neg:0.9974757959322422 pos:0.0025242040677577906 
3243.txt neg neg:0.8368859181976983 pos:0.16311408180230166 
717.txt pos pos:0.9520953343730569 neg:0.04790466562694314 
467.txt neg neg:0.9963210433651563 pos:0.0036789566348438816 
363.txt neg neg:0.9999464360406142 pos:5.3563959385694784E-5 
71.txt pos pos:0.9999999173270322 neg:8.267296792496347E-8 
2172.txt pos pos:0.999442526823754 neg:5.574731762459003E-4 
705.txt neg neg:0.9319628110903719 pos:0.06803718890962795 
2017.txt neg neg:0.9628169415736633 pos:0.03718305842633682 
2148.txt neg neg:0.9697440241145231 pos:0.030255975885476953 
2638.txt pos pos:0.9999997880176922 neg:2.119823078451227E-7 
3043.txt pos pos:0.9336241889296436 neg:0.06637581107035646 
3824.txt neg neg:0.9997248406496901 pos:2.751593503098885E-4 
2150.txt neg neg:0.9633831016571883 pos:0.03661689834281173 
1957.txt pos pos:0.9011459867525838 neg:0.09885401324741615 
3663.txt pos pos:0.9999676586347912 neg:3.234136520878458E-5 
549.txt pos neg:0.9928673109336194 pos:0.007132689066380655 
4247.txt pos pos:0.9999998952818187 neg:1.0471818138633708E-7 
1865.txt pos pos:0.9999032446722257 neg:9.675532777429682E-5 
3004.txt pos pos:0.9999240108255981 neg:7.598917440189259E-5 
2966.txt pos pos:0.9910478581076902 neg:0.008952141892309784 
1847.txt neg pos:0.6559022064603535 neg:0.3440977935396465 
1718.txt pos pos:0.9937205059648178 neg:0.00627949403518235 
2961.txt pos neg:0.8768798215936451 pos:0.12312017840635504 
2010.txt neg neg:0.9926109059262017 pos:0.007389094073798267 
3818.txt neg neg:0.9915208855995473 pos:0.008479114400452556 
2513.txt pos neg:0.6705256365602583 pos:0.32947436343974157 
1898.txt neg neg:0.9985074660610553 pos:0.0014925339389446144 
2944.txt neg neg:0.8358238467537238 pos:0.1641761532462761 
1496.txt neg neg:0.9998219588883919 pos:1.780411116082258E-4 
229.txt pos pos:0.9749469821970304 neg:0.0250530178029696 
1925.txt pos pos:0.9999288453170577 neg:7.115468294225383E-5 
1336.txt neg neg:0.9996367847665609 pos:3.6321523343908806E-4 
3574.txt pos neg:0.9307181048329258 pos:0.06928189516707414 
3036.txt pos pos:0.9789869379224023 neg:0.021013062077597598 
3962.txt pos pos:0.9999655944103247 neg:3.4405589675311665E-5 
1042.txt neg neg:0.9999192075799511 pos:8.079242004877159E-5 
812.txt neg pos:0.9917795096256097 neg:0.008220490374390262 
1856.txt neg neg:0.9969281444732149 pos:0.0030718555267850445 
4110.txt pos pos:0.9993859773706449 neg:6.140226293551821E-4 
2175.txt pos pos:0.9987885696246535 neg:0.0012114303753465428 
2970.txt pos neg:0.8337734543751966 pos:0.16622654562480352 
1170.txt neg neg:0.9990208358542552 pos:9.791641457447195E-4 
4288.txt neg neg:0.9820172560461967 pos:0.01798274395380334 
1550.txt pos pos:0.9688964273963377 neg:0.031103572603662203 
944.txt neg neg:0.8722303327554015 pos:0.12776966724459848 
3244.txt neg neg:0.9999579470951939 pos:4.205290480615105E-5 
800.txt pos neg:0.9995594892741969 pos:4.405107258030764E-4 
2553.txt pos pos:0.9913860720476105 neg:0.008613927952389518 
761.txt neg neg:0.7677456438286188 pos:0.23225435617138135 
4022.txt pos pos:0.9782387398460827 neg:0.021761260153917324 
240.txt neg neg:0.9999158454804566 pos:8.415451954342383E-5 
924.txt pos pos:0.9162239011778638 neg:0.0837760988221362 
4117.txt pos pos:0.9992892404837299 neg:7.107595162701755E-4 
4090.txt pos pos:0.9005712202346304 neg:0.09942877976536962 
316.txt neg neg:0.9390591146363231 pos:0.06094088536367687 
1507.txt neg neg:0.7867705635641018 pos:0.21322943643589806 
3680.txt pos pos:0.9999511159492418 neg:4.888405075812998E-5 
4211.txt pos pos:0.9987405841223732 neg:0.0012594158776268831 
69.txt neg neg:0.8462187504437032 pos:0.15378124955629685 
989.txt pos pos:0.9999694040707375 neg:3.059592926241339E-5 
1849.txt neg neg:0.997119190840014 pos:0.0028808091599861413 
3906.txt pos pos:0.9999391359324167 neg:6.086406758330115E-5 
598.txt pos pos:0.9998964305032344 neg:1.0356949676545214E-4 
4222.txt neg neg:0.9033020497653141 pos:0.0966979502346859 
3055.txt pos neg:0.9910253707844218 pos:0.008974629215578279 
803.txt neg neg:0.9055608045808761 pos:0.09443919541912382 
2938.txt neg neg:0.9976294557968775 pos:0.0023705442031224685 
835.txt pos pos:0.9965034332997725 neg:0.003496566700227504 
1053.txt neg neg:0.9988648889199224 pos:0.0011351110800777156 
4301.txt neg neg:0.9730679897535754 pos:0.026932010246424682 
1021.txt neg neg:0.7188174192899673 pos:0.28118258071003277 
1649.txt pos neg:0.9716284134060985 pos:0.028371586593901484 
3980.txt neg pos:0.9016436107652143 neg:0.09835638923478575 
673.txt pos pos:0.9969778931177904 neg:0.0030221068822096717 
2729.txt pos pos:0.9998447296411501 neg:1.552703588498657E-4 
3236.txt neg pos:0.9058958702677131 neg:0.09410412973228688 
3999.txt pos pos:0.9998909572762839 neg:1.0904272371621451E-4 
1522.txt pos pos:0.812083484017508 neg:0.187916515982492 
4380.txt pos pos:0.999999999996743 neg:3.2569781279274296E-12 
2983.txt neg pos:0.9965690744529141 neg:0.0034309255470859478 
770.txt neg neg:0.9741419305001515 pos:0.02585806949984837 
3547.txt neg neg:0.9987942227761588 pos:0.0012057772238410723 
4272.txt pos pos:0.9997352490120889 neg:2.6475098791112575E-4 
3079.txt neg neg:0.9686498485371265 pos:0.031350151462873434 
2603.txt pos pos:0.8522903344662709 neg:0.14770966553372916 
2080.txt pos pos:0.984276699493555 neg:0.01572330050644492 
2008.txt neg neg:0.6777952035561418 pos:0.32220479644385824 
1565.txt pos pos:0.9905604940822902 neg:0.009439505917709909 
1076.txt pos pos:0.9920792433432232 neg:0.00792075665677679 
2471.txt neg pos:0.9982782945778211 neg:0.0017217054221787475 
737.txt neg neg:0.9454262101639231 pos:0.05457378983607689 
3987.txt neg neg:0.997081428306335 pos:0.002918571693665076 
2381.txt pos pos:0.9812718939243205 neg:0.018728106075679648 
3523.txt neg neg:0.999895167039847 pos:1.0483296015301172E-4 
247.txt neg pos:0.9997057098019981 neg:2.942901980019405E-4 
3940.txt neg neg:0.9999999941099016 pos:5.890098363707423E-9 
786.txt pos pos:0.8654544395557217 neg:0.13454556044427826 
2768.txt neg neg:0.9949276616255222 pos:0.0050723383744778585 
1102.txt neg pos:0.7197849851768794 neg:0.2802150148231206 
2642.txt neg neg:0.9032230148718194 pos:0.09677698512818059 
1221.txt pos neg:0.9183406695626568 pos:0.08165933043734332 
2536.txt neg pos:0.8500130812506151 neg:0.14998691874938472 
1026.txt neg neg:0.8249384645556012 pos:0.17506153544439887 
849.txt pos neg:0.9393970043901066 pos:0.06060299560989325 
3486.txt pos pos:0.9979175617276822 neg:0.0020824382723178274 
807.txt pos pos:0.9522898057956695 neg:0.047710194204330474 
4135.txt neg neg:0.9999968691109266 pos:3.130889073390914E-6 
300.txt neg neg:0.9813796904255105 pos:0.01862030957448948 
2529.txt neg neg:0.999812628741023 pos:1.8737125897712512E-4 
860.txt neg neg:0.9999630954291956 pos:3.690457080441784E-5 
1698.txt pos pos:0.701102784941643 neg:0.298897215058357 
1379.txt pos pos:0.9995225157786994 neg:4.774842213005281E-4 
Trial 0 Trainer MaxEntTrainer,gaussianPriorVariance=1.0 Training Data Confusion Matrix
Confusion Matrix, row=true, column=predicted  accuracy=1.0
  label   0   1  |total
  0 neg 900   .  |900
  1 pos   . 900  |900

Trial 0 Trainer MaxEntTrainer,gaussianPriorVariance=1.0 training data accuracy= 1.0
Trial 0 Trainer MaxEntTrainer,gaussianPriorVariance=1.0 Test Data Confusion Matrix
Confusion Matrix, row=true, column=predicted  accuracy=0.845
  label   0   1  |total
  0 neg  88  12  |100
  1 pos  19  81  |100

Trial 0 Trainer MaxEntTrainer,gaussianPriorVariance=1.0 test data accuracy= 0.845

MaxEntTrainer,gaussianPriorVariance=1.0
Summary. train accuracy mean = 1.0 stddev = 0.0 stderr = 0.0
Summary. test accuracy mean = 0.845 stddev = 0.0 stderr = 0.0
