
-------------------- Trial 0  --------------------

Trial 0 Training MaxEntTrainer,gaussianPriorVariance=1.0 with 1800 instances
Trial 0 Training MaxEntTrainer,gaussianPriorVariance=1.0 finished
Trial 0 Trainer MaxEntTrainer,gaussianPriorVariance=1.0
 Raw Testing Data
2118.txt neg neg:0.6264923200119564 pos:0.37350767998804363 
4108.txt neg pos:0.6342315926912613 neg:0.3657684073087388 
493.txt neg neg:0.8977014977453358 pos:0.10229850225466412 
2929.txt pos pos:0.8465105529347062 neg:0.15348944706529374 
1230.txt neg neg:0.8546956917401972 pos:0.14530430825980273 
2813.txt neg neg:0.9924001178773312 pos:0.007599882122668712 
3781.txt pos pos:0.9803085142219585 neg:0.019691485778041456 
1546.txt neg neg:0.992812657174642 pos:0.007187342825358007 
1810.txt neg neg:0.9216986919300815 pos:0.07830130806991867 
3801.txt neg neg:0.928306328815362 pos:0.07169367118463794 
4373.txt pos neg:0.8408799514228047 pos:0.15912004857719533 
4190.txt neg pos:0.9954768034357796 neg:0.004523196564220434 
1155.txt neg neg:0.9549155317846932 pos:0.045084468215306796 
3220.txt pos pos:0.992651240124887 neg:0.007348759875112969 
348.txt neg pos:0.7595546655521604 neg:0.2404453344478395 
3084.txt neg neg:0.5652053791510865 pos:0.4347946208489136 
1368.txt neg pos:0.9563236098398612 neg:0.04367639016013875 
846.txt pos pos:0.9998312219105918 neg:1.6877808940814044E-4 
6.txt neg neg:0.9482547923222366 pos:0.05174520767776332 
1808.txt neg neg:0.8787111362431282 pos:0.12128886375687167 
2206.txt neg neg:0.7765452427676938 pos:0.2234547572323063 
3723.txt neg neg:0.8920286147279658 pos:0.1079713852720342 
3691.txt neg neg:0.9939892916089225 pos:0.006010708391077534 
2190.txt pos neg:0.6257041976078508 pos:0.37429580239214927 
934.txt pos pos:0.9824426423725124 neg:0.017557357627487554 
2502.txt neg neg:0.9658053389013532 pos:0.034194661098646856 
266.txt pos neg:0.7028959941297802 pos:0.2971040058702198 
342.txt pos neg:0.8900625908674186 pos:0.10993740913258136 
1039.txt pos neg:0.9449382623809239 pos:0.05506173761907602 
1168.txt pos pos:0.9997749824874704 neg:2.250175125295603E-4 
521.txt neg neg:0.9599439788556925 pos:0.040056021144307515 
1093.txt pos pos:0.8026013822249345 neg:0.19739861777506543 
4310.txt pos pos:0.999999656871128 neg:3.431288720284086E-7 
1617.txt pos pos:0.9694141626974377 neg:0.030585837302562306 
3447.txt pos pos:0.9982118484052622 neg:0.0017881515947376135 
3672.txt neg pos:0.9425029186763387 neg:0.05749708132366118 
2274.txt neg pos:0.8044325339092695 neg:0.1955674660907305 
3497.txt neg neg:0.9999335939480432 pos:6.640605195676127E-5 
3277.txt neg neg:0.9631316464493588 pos:0.036868353550641296 
61.txt neg neg:0.912754668766747 pos:0.08724533123325298 
842.txt neg pos:0.9602374039643722 neg:0.03976259603562784 
2158.txt neg pos:0.8261925804966015 neg:0.17380741950339848 
93.txt pos pos:0.5092160429549382 neg:0.49078395704506184 
1361.txt neg neg:0.948150748938953 pos:0.051849251061046965 
399.txt neg neg:0.9961240098475921 pos:0.0038759901524079167 
3807.txt pos pos:0.9999773667062704 neg:2.2633293729619913E-5 
2096.txt neg neg:0.9999732821513261 pos:2.6717848674039114E-5 
1541.txt neg neg:0.7235255891845229 pos:0.2764744108154772 
3956.txt pos pos:0.9977802140288187 neg:0.002219785971181323 
607.txt pos pos:0.9706098403089417 neg:0.029390159691058352 
3337.txt neg neg:0.9991821865106694 pos:8.178134893307261E-4 
1320.txt pos pos:0.9999997400906697 neg:2.59909330280922E-7 
4033.txt neg neg:0.8472442682356074 pos:0.1527557317643926 
3266.txt neg neg:0.9164799328996475 pos:0.08352006710035256 
3724.txt neg pos:0.8659404203634739 neg:0.13405957963652607 
402.txt neg pos:0.9889527155327851 neg:0.011047284467214997 
709.txt pos pos:0.9995254880385982 neg:4.7451196140184724E-4 
3688.txt pos pos:0.6902886105737063 neg:0.3097113894262937 
3710.txt pos pos:0.9888456276855042 neg:0.01115437231449574 
85.txt pos pos:0.9999997435953598 neg:2.564046400936857E-7 
2437.txt neg neg:0.9994650111100691 pos:5.349888899308511E-4 
1486.txt neg pos:0.9295387485077871 neg:0.07046125149221306 
3304.txt pos pos:0.9973396452684851 neg:0.0026603547315148172 
1028.txt pos pos:0.9287013571560162 neg:0.0712986428439838 
4374.txt pos pos:0.9999869258772366 neg:1.307412276343961E-5 
974.txt pos neg:0.525344130633682 pos:0.47465586936631793 
1115.txt neg neg:0.999284470312273 pos:7.155296877270438E-4 
3549.txt pos pos:0.9590614971675319 neg:0.0409385028324681 
2544.txt pos pos:0.99998660056442 neg:1.3399435579894685E-5 
437.txt neg neg:0.8085210790521052 pos:0.1914789209478947 
3382.txt neg pos:0.9558302277764101 neg:0.04416977222358977 
727.txt neg pos:0.987068704529645 neg:0.012931295470355028 
486.txt pos neg:0.6082813784163126 pos:0.3917186215836875 
1030.txt pos pos:0.9047778243310688 neg:0.09522217566893136 
2853.txt neg pos:0.9885490501526403 neg:0.011450949847359792 
3835.txt pos pos:0.9999978936871924 neg:2.1063128075684477E-6 
1045.txt pos pos:0.9204652583829636 neg:0.07953474161703639 
4317.txt pos pos:0.9847940518095086 neg:0.015205948190491434 
394.txt pos neg:0.9996370510436042 pos:3.629489563958074E-4 
577.txt neg neg:0.8765948221378093 pos:0.12340517786219073 
3371.txt pos pos:0.9670688958622748 neg:0.03293110413772516 
3185.txt pos pos:0.9739030153566106 neg:0.026096984643389436 
841.txt pos pos:0.7322691912643193 neg:0.2677308087356807 
1462.txt neg neg:0.9978602696131328 pos:0.00213973038686721 
4088.txt neg neg:0.8532170175574518 pos:0.14678298244254812 
1734.txt pos pos:0.9999089570597288 neg:9.104294027108919E-5 
1129.txt neg neg:0.9993075281338512 pos:6.924718661489459E-4 
482.txt neg neg:0.9994129407569914 pos:5.870592430086576E-4 
2683.txt neg neg:0.9995782689860192 pos:4.217310139808599E-4 
1509.txt pos neg:0.830364241362556 pos:0.16963575863744398 
54.txt neg pos:0.5549487193386894 neg:0.4450512806613107 
53.txt pos pos:0.9998527701682274 neg:1.472298317725164E-4 
1534.txt neg pos:0.9116688529245982 neg:0.08833114707540168 
3917.txt neg neg:0.986114028784612 pos:0.013885971215388137 
1948.txt neg neg:0.9999659314489668 pos:3.406855103311604E-5 
3473.txt neg neg:0.9962062149479498 pos:0.003793785052050126 
2074.txt pos neg:0.8833054734330062 pos:0.11669452656699383 
2110.txt pos pos:0.9726615468789133 neg:0.027338453121086622 
109.txt neg neg:0.8590875904995113 pos:0.14091240950048875 
3303.txt pos pos:0.9999241381448998 neg:7.586185510028467E-5 
3806.txt neg pos:0.9241391534018132 neg:0.0758608465981869 
205.txt pos pos:0.999131041980726 neg:8.689580192739882E-4 
2065.txt pos pos:0.9745264520477389 neg:0.025473547952261158 
724.txt pos pos:0.9916960014108261 neg:0.00830399858917393 
4218.txt neg pos:0.9600620521407878 neg:0.03993794785921233 
791.txt pos pos:0.9930704063033583 neg:0.006929593696641633 
433.txt pos neg:0.5953139785078184 pos:0.4046860214921816 
1329.txt pos pos:0.9395771935497421 neg:0.06042280645025795 
2125.txt pos neg:0.9314973925804703 pos:0.06850260741952975 
961.txt neg neg:0.9814124111447738 pos:0.018587588855226194 
2902.txt neg neg:0.992164368549484 pos:0.007835631450515875 
112.txt pos pos:0.999990401338644 neg:9.598661355914219E-6 
397.txt neg neg:0.9999999998967042 pos:1.0329590483017417E-10 
3989.txt pos pos:0.9995579955869835 neg:4.420044130163391E-4 
2035.txt neg neg:0.9999965929747789 pos:3.4070252210832215E-6 
2869.txt pos pos:0.9997668780169221 neg:2.3312198307779048E-4 
4081.txt neg neg:0.9986904024340593 pos:0.0013095975659406511 
4216.txt neg pos:0.7954433574546018 neg:0.2045566425453982 
2181.txt pos pos:0.9999871728573124 neg:1.2827142687627887E-5 
501.txt pos pos:0.9949633203645812 neg:0.005036679635418737 
217.txt neg pos:0.8766032526439111 neg:0.12339674735608876 
169.txt pos pos:0.9999781858904551 neg:2.1814109545058434E-5 
1236.txt pos neg:0.723169801592332 pos:0.27683019840766787 
2812.txt pos pos:0.5457175660311393 neg:0.45428243396886064 
3580.txt pos pos:0.6522902379128849 neg:0.3477097620871152 
3026.txt pos neg:0.6930980693760824 pos:0.30690193062391746 
4132.txt pos pos:0.996694120902699 neg:0.003305879097301026 
732.txt pos pos:0.982268840507113 neg:0.017731159492886846 
611.txt pos pos:0.565325835700751 neg:0.4346741642992491 
1907.txt pos pos:0.9999956594958612 neg:4.3405041386761175E-6 
1054.txt pos neg:0.5706709460293268 pos:0.4293290539706732 
604.txt neg neg:0.5829483459515755 pos:0.41705165404842437 
2660.txt neg neg:0.9616181800623391 pos:0.03838181993766094 
3459.txt neg neg:0.9999981861604144 pos:1.8138395855908917E-6 
973.txt pos pos:0.9999847480573982 neg:1.5251942601780133E-5 
1352.txt pos pos:0.9955301049539687 neg:0.004469895046031378 
796.txt pos pos:0.6296081250552853 neg:0.3703918749447147 
494.txt neg neg:0.9999748151758049 pos:2.5184824195267504E-5 
3077.txt pos pos:0.9999618017376259 neg:3.8198262373997124E-5 
3153.txt pos pos:0.9998404979983786 neg:1.5950200162140554E-4 
574.txt pos pos:0.8019321583379796 neg:0.19806784166202035 
1746.txt pos neg:0.999989458204956 pos:1.0541795044064291E-5 
2885.txt neg neg:0.8002931549870831 pos:0.1997068450129169 
660.txt neg neg:0.9673094794918619 pos:0.032690520508138234 
1773.txt pos pos:0.9288438517259839 neg:0.07115614827401606 
1202.txt neg neg:0.9456659550623863 pos:0.05433404493761387 
3701.txt pos pos:0.9126849903838758 neg:0.08731500961612418 
354.txt pos pos:0.9999948506168347 neg:5.149383165189292E-6 
886.txt pos pos:0.9867489174389744 neg:0.013251082561025466 
2426.txt neg neg:0.9819460295211622 pos:0.01805397047883788 
2937.txt neg neg:0.9855771921759722 pos:0.014422807824027698 
4025.txt neg pos:0.9988276098787147 neg:0.0011723901212854087 
1260.txt pos pos:0.9962636564507248 neg:0.0037363435492751337 
4308.txt pos pos:0.6838354993452564 neg:0.3161645006547435 
1597.txt neg neg:0.6459592787264756 pos:0.3540407212735245 
1451.txt pos pos:0.9947671453032753 neg:0.005232854696724862 
568.txt neg neg:0.9994119671511659 pos:5.880328488339965E-4 
3951.txt pos pos:0.7097295648881405 neg:0.2902704351118594 
1184.txt neg neg:0.7169232401204022 pos:0.2830767598795978 
3846.txt neg neg:0.7516329110297184 pos:0.24836708897028154 
4257.txt pos pos:0.9996763793057327 neg:3.236206942672537E-4 
3496.txt pos neg:0.9925807425601146 pos:0.007419257439885438 
857.txt pos pos:0.999669585817794 neg:3.3041418220597276E-4 
1819.txt neg pos:0.9907904164146619 neg:0.009209583585338113 
1909.txt pos pos:0.6742008427423374 neg:0.32579915725766256 
3519.txt neg neg:0.9944215166456415 pos:0.005578483354358371 
1370.txt neg neg:0.995117428988274 pos:0.004882571011725921 
2372.txt pos neg:0.9839283747618658 pos:0.01607162523813421 
2091.txt neg neg:0.9999998021665876 pos:1.9783341238784732E-7 
385.txt pos pos:0.8575803026608401 neg:0.14241969733915996 
3659.txt pos pos:0.6438807140278477 neg:0.35611928597215214 
388.txt neg pos:0.9579220471279065 neg:0.04207795287209354 
3227.txt pos pos:0.8553385147747626 neg:0.1446614852252375 
2744.txt neg neg:0.9787301641753551 pos:0.021269835824644995 
3718.txt neg neg:0.9999650883341327 pos:3.491166586746282E-5 
262.txt neg neg:0.8994145468140721 pos:0.10058545318592792 
45.txt pos pos:0.9999990576338879 neg:9.423661122238721E-7 
1623.txt neg neg:0.9924965142894574 pos:0.00750348571054269 
2678.txt neg neg:0.9233083978332253 pos:0.0766916021667748 
3407.txt pos pos:0.9999999913395644 neg:8.660435527513284E-9 
2655.txt neg neg:0.9746473981397936 pos:0.025352601860206447 
913.txt neg neg:0.9142616325189498 pos:0.08573836748105029 
3292.txt pos neg:0.5089429301029194 pos:0.49105706989708076 
1237.txt neg neg:0.9939978834563626 pos:0.006002116543637353 
422.txt pos pos:0.9889174145971504 neg:0.011082585402849527 
566.txt neg neg:0.9952719726568262 pos:0.004728027343173698 
107.txt neg neg:0.9999803973553288 pos:1.9602644671111832E-5 
1656.txt neg neg:0.9995366990304162 pos:4.633009695839148E-4 
3589.txt pos pos:0.966842572663738 neg:0.033157427336262126 
2637.txt pos pos:0.9999018206011027 neg:9.817939889739994E-5 
905.txt neg neg:0.9989383777466888 pos:0.001061622253311115 
1203.txt pos pos:0.9608162080176073 neg:0.039183791982392864 
2539.txt neg neg:0.99459959609658 pos:0.005400403903419965 
1817.txt neg pos:0.55398579810708 neg:0.4460142018929199 
747.txt pos pos:0.7756395258446748 neg:0.22436047415532523 
2604.txt neg neg:0.998999061736112 pos:0.0010009382638880096 
2141.txt pos pos:0.8659312542754044 neg:0.13406874572459565 
3996.txt pos pos:0.991898521739365 neg:0.008101478260634946 
783.txt neg neg:0.9978000571251723 pos:0.0021999428748278025 
1747.txt neg neg:0.9999978838426772 pos:2.116157322702159E-6 
Trial 0 Trainer MaxEntTrainer,gaussianPriorVariance=1.0 Training Data Confusion Matrix
Confusion Matrix, row=true, column=predicted  accuracy=1.0
  label   0   1  |total
  0 neg 900   .  |900
  1 pos   . 900  |900

Trial 0 Trainer MaxEntTrainer,gaussianPriorVariance=1.0 training data accuracy= 1.0
Trial 0 Trainer MaxEntTrainer,gaussianPriorVariance=1.0 Test Data Confusion Matrix
Confusion Matrix, row=true, column=predicted  accuracy=0.785
  label   0   1  |total
  0 neg  76  24  |100
  1 pos  19  81  |100

Trial 0 Trainer MaxEntTrainer,gaussianPriorVariance=1.0 test data accuracy= 0.785

MaxEntTrainer,gaussianPriorVariance=1.0
Summary. train accuracy mean = 1.0 stddev = 0.0 stderr = 0.0
Summary. test accuracy mean = 0.785 stddev = 0.0 stderr = 0.0
