
-------------------- Trial 0  --------------------

Trial 0 Training MaxEntTrainer,gaussianPriorVariance=1.0 with 1800 instances
Trial 0 Training MaxEntTrainer,gaussianPriorVariance=1.0 finished
Trial 0 Trainer MaxEntTrainer,gaussianPriorVariance=1.0
 Raw Testing Data
759.txt neg neg:0.6875852003989763 pos:0.3124147996010238 
1325.txt pos pos:0.9999999999961846 neg:3.815344118824099E-12 
4254.txt neg neg:0.9950557058938164 pos:0.004944294106183604 
1538.txt neg neg:0.9999800921945262 pos:1.99078054738926E-5 
3258.txt neg neg:0.9806045146107473 pos:0.019395485389252634 
2906.txt pos pos:0.9691572596070683 neg:0.03084274039293172 
4069.txt neg neg:0.9895833063415549 pos:0.010416693658445142 
1793.txt neg pos:0.5425816068203915 neg:0.45741839317960853 
2974.txt pos pos:0.9999994569486552 neg:5.430513447435429E-7 
3439.txt pos pos:0.9995843980338862 neg:4.1560196611379225E-4 
1483.txt neg neg:0.8021143833412767 pos:0.19788561665872317 
2418.txt neg neg:0.9985430514649899 pos:0.0014569485350102644 
3195.txt pos pos:0.9991561092211386 neg:8.438907788612715E-4 
964.txt neg neg:0.8008342056022113 pos:0.19916579439778875 
3802.txt pos pos:0.7727032766776593 neg:0.22729672332234083 
2327.txt neg neg:0.8955150287952832 pos:0.1044849712047168 
3529.txt neg neg:0.9609574268293262 pos:0.039042573170673785 
4343.txt pos pos:0.9998551729052515 neg:1.448270947483703E-4 
1290.txt pos pos:0.9942814148243738 neg:0.005718585175626176 
3107.txt pos pos:0.9929984551784187 neg:0.007001544821581469 
2590.txt pos pos:0.9924611648158622 neg:0.007538835184137793 
2450.txt pos pos:0.9976690633722266 neg:0.0023309366277733698 
1007.txt pos pos:0.933410136510522 neg:0.06658986348947808 
3632.txt pos neg:0.9492278673667703 pos:0.050772132633229584 
3057.txt neg pos:0.9999789100960969 neg:2.1089903903249363E-5 
595.txt pos pos:0.9999999592891858 neg:4.071081425578891E-8 
4344.txt pos pos:0.8953105267619244 neg:0.10468947323807559 
2824.txt neg neg:0.9814197554266616 pos:0.01858024457333834 
938.txt pos pos:0.6580336037378621 neg:0.3419663962621379 
1683.txt pos pos:0.9966577048471205 neg:0.0033422951528796706 
2365.txt pos pos:0.9486998575719463 neg:0.051300142428053724 
311.txt pos pos:0.9979155942783732 neg:0.002084405721626727 
2126.txt neg neg:0.99951400706202 pos:4.8599293797999167E-4 
3873.txt pos pos:0.9998985164470485 neg:1.0148355295136755E-4 
536.txt pos pos:0.9918256151148578 neg:0.00817438488514219 
3693.txt neg neg:0.9997984350657716 pos:2.0156493422847046E-4 
364.txt pos pos:0.9927374173203347 neg:0.0072625826796653995 
2850.txt pos pos:0.9606803417751295 neg:0.03931965822487049 
2039.txt neg neg:0.7885304503172519 pos:0.21146954968274803 
2005.txt neg neg:0.9987069352425083 pos:0.0012930647574918319 
4105.txt pos pos:0.9889231408866025 neg:0.011076859113397532 
3282.txt pos pos:0.9999398451708917 neg:6.015482910818003E-5 
409.txt neg neg:0.9994328564966656 pos:5.671435033344768E-4 
3017.txt neg neg:0.999803473108194 pos:1.9652689180593035E-4 
157.txt pos pos:0.9131058581315585 neg:0.08689414186844145 
2651.txt pos pos:0.9689565807342924 neg:0.031043419265707632 
3878.txt neg neg:0.705509602206859 pos:0.294490397793141 
3398.txt neg neg:0.9998396474718597 pos:1.6035252814028145E-4 
3132.txt pos pos:0.9967338018871085 neg:0.0032661981128915126 
1826.txt pos pos:0.9958078255742838 neg:0.004192174425716111 
4193.txt pos pos:0.9999190442317429 neg:8.095576825707287E-5 
1035.txt pos pos:0.999863004096235 neg:1.3699590376498047E-4 
980.txt neg neg:0.999993609968369 pos:6.390031630984231E-6 
2741.txt neg neg:0.9953346433497624 pos:0.004665356650237661 
1322.txt pos pos:0.9612341665500593 neg:0.03876583344994062 
1187.txt pos pos:0.9999910132967337 neg:8.986703266351152E-6 
200.txt pos pos:0.7492697205616957 neg:0.2507302794383042 
2811.txt neg neg:0.9347931544855769 pos:0.06520684551442323 
1150.txt neg neg:0.9999989031573961 pos:1.096842603899674E-6 
2664.txt pos pos:0.996986356297257 neg:0.003013643702743016 
4177.txt pos pos:0.9999976770406647 neg:2.322959335252291E-6 
2596.txt neg neg:0.9996783345618462 pos:3.2166543815375764E-4 
1420.txt neg neg:0.9608398325180517 pos:0.03916016748194829 
3566.txt pos pos:0.9994506551431064 neg:5.493448568935595E-4 
4179.txt pos pos:0.9999901433778927 neg:9.85662210737287E-6 
3831.txt neg neg:0.9950040984264735 pos:0.004995901573526428 
4261.txt neg pos:0.5607050057568504 neg:0.43929499424314955 
4345.txt neg neg:0.9999983470288712 pos:1.652971128881006E-6 
634.txt neg neg:0.9999905998381987 pos:9.40016180132414E-6 
1812.txt neg neg:0.999912993076566 pos:8.700692343398393E-5 
3676.txt pos pos:0.9968996471478984 neg:0.0031003528521016143 
2312.txt neg neg:0.985972495398456 pos:0.014027504601543976 
1363.txt neg neg:0.9999216684789303 pos:7.833152106969682E-5 
2112.txt pos pos:0.9999641345273179 neg:3.586547268212066E-5 
2620.txt pos neg:0.9855321428199797 pos:0.014467857180020298 
2382.txt pos pos:0.9829853531755486 neg:0.017014646824451363 
2411.txt neg neg:0.9997714500039414 pos:2.2854999605860721E-4 
1979.txt pos pos:0.9979462040081817 neg:0.0020537959918182883 
1883.txt neg pos:0.555086394585692 neg:0.4449136054143081 
1428.txt pos neg:0.9962497136762228 pos:0.0037502863237770406 
2574.txt pos pos:0.9993229364929781 neg:6.770635070218468E-4 
11.txt neg pos:0.9898493240205913 neg:0.010150675979408755 
2740.txt pos neg:0.8672696919906024 pos:0.1327303080093975 
1545.txt pos neg:0.8209058096016646 pos:0.1790941903983355 
2998.txt neg neg:0.9999751483075592 pos:2.4851692440772974E-5 
3915.txt neg neg:0.9999469038579948 pos:5.30961420052404E-5 
2424.txt neg neg:0.9938914041971497 pos:0.006108595802850343 
936.txt pos pos:0.6925633522030613 neg:0.3074366477969388 
1771.txt pos neg:0.9579652647972953 pos:0.04203473520270481 
1074.txt neg neg:0.9988464980455409 pos:0.0011535019544590198 
2044.txt pos pos:0.9409351585027201 neg:0.05906484149727991 
931.txt pos pos:0.9999999413632882 neg:5.8636711833907154E-8 
227.txt neg neg:0.9999999930808212 pos:6.919178686690089E-9 
2772.txt pos neg:0.5369171727010303 pos:0.4630828272989697 
1235.txt neg neg:0.9959816078558413 pos:0.004018392144158575 
2203.txt neg neg:0.9989235106228321 pos:0.0010764893771677824 
3678.txt pos pos:0.8362260109717453 neg:0.16377398902825469 
3837.txt pos pos:0.6490202127265616 neg:0.3509797872734383 
3175.txt pos pos:0.9953693846230302 neg:0.0046306153769697656 
395.txt neg neg:0.9841606901013289 pos:0.015839309898671182 
161.txt pos neg:0.9924309779233543 pos:0.007569022076645719 
3223.txt neg neg:0.9968915379939872 pos:0.0031084620060126415 
1032.txt pos pos:0.999977168542271 neg:2.2831457728975446E-5 
531.txt pos pos:0.9997709906235642 neg:2.2900937643578043E-4 
4284.txt pos pos:0.9999922127671217 neg:7.78723287825511E-6 
2972.txt neg pos:0.9946719500254895 neg:0.005328049974510637 
87.txt neg pos:0.530226652153263 neg:0.4697733478467369 
3225.txt pos neg:0.9188943506358498 pos:0.08110564936415024 
400.txt neg pos:0.5423175455903612 neg:0.4576824544096388 
2156.txt pos pos:0.5779424877490801 neg:0.42205751225091986 
2535.txt neg neg:0.7201784163254535 pos:0.27982158367454646 
1739.txt neg neg:0.9970060105673522 pos:0.002993989432647891 
3307.txt neg pos:0.997634595552656 neg:0.0023654044473439863 
1246.txt pos pos:0.9556866381234151 neg:0.044313361876584904 
1542.txt pos pos:0.9992826415948464 neg:7.173584051536942E-4 
1469.txt neg neg:0.9999780092774562 pos:2.1990722543801935E-5 
1684.txt pos pos:0.9996721454753027 neg:3.278545246973233E-4 
516.txt neg neg:0.9995963606634554 pos:4.0363933654472385E-4 
3280.txt neg pos:0.8834113970568307 neg:0.1165886029431694 
2187.txt pos pos:0.9660014222518629 neg:0.03399857774813702 
2665.txt neg neg:0.9999849308065506 pos:1.5069193449406407E-5 
2204.txt neg neg:0.963953034689613 pos:0.036046965310387 
3716.txt pos pos:0.9885378713337916 neg:0.011462128666208424 
4026.txt pos pos:0.723703549104239 neg:0.2762964508957611 
1248.txt pos neg:0.9953326416943262 pos:0.004667358305673799 
3436.txt neg neg:0.999999982422774 pos:1.7577226134191524E-8 
4289.txt pos neg:0.8600583968509021 pos:0.13994160314909795 
1110.txt neg neg:0.7767452393131824 pos:0.22325476068681768 
722.txt neg pos:0.9947082489890005 neg:0.005291751010999403 
2160.txt pos pos:0.9143940513034887 neg:0.08560594869651134 
105.txt neg neg:0.9851110562139332 pos:0.014888943786066736 
1234.txt pos neg:0.9997778214722309 pos:2.2217852776916083E-4 
699.txt neg neg:0.9818948286267013 pos:0.01810517137329868 
3514.txt pos pos:0.9993843953985437 neg:6.156046014562664E-4 
3391.txt neg pos:0.994701201558408 neg:0.0052987984415919145 
3804.txt neg neg:0.9999970366299349 pos:2.963370065137481E-6 
1936.txt neg neg:0.8352291821422223 pos:0.16477081785777767 
3630.txt neg pos:0.5481112998112443 neg:0.45188870018875565 
1737.txt neg neg:0.9991262147905009 pos:8.737852094990994E-4 
193.txt neg neg:0.7375832251632293 pos:0.26241677483677084 
1072.txt pos pos:0.9983565591715088 neg:0.0016434408284911578 
3638.txt pos neg:0.8584522604081605 pos:0.14154773959183947 
2889.txt neg neg:0.9998087304519526 pos:1.9126954804729322E-4 
3969.txt neg neg:0.9864232144833303 pos:0.01357678551666971 
867.txt pos pos:0.951452838948457 neg:0.048547161051542935 
523.txt neg neg:0.9999999991323449 pos:8.676549723893592E-10 
1328.txt pos pos:0.9979435970623757 neg:0.0020564029376242193 
2128.txt neg neg:0.7734547407685773 pos:0.2265452592314226 
179.txt neg pos:0.7743085134581646 neg:0.22569148654183535 
1866.txt pos pos:0.9904492379164794 neg:0.009550762083520573 
3088.txt neg pos:0.9713728250168946 neg:0.028627174983105373 
682.txt pos pos:0.9729716531338105 neg:0.027028346866189483 
1122.txt neg neg:0.9967547672254403 pos:0.003245232774559629 
318.txt pos pos:0.8889311265737379 neg:0.11106887342626218 
3728.txt neg neg:0.9866881638282781 pos:0.013311836171721918 
1654.txt neg neg:0.9930669666453311 pos:0.006933033354668987 
3729.txt pos pos:0.5470612187827005 neg:0.45293878121729947 
896.txt neg neg:0.9999999563982952 pos:4.360170489415573E-8 
3555.txt neg pos:0.7042733771443068 neg:0.29572662285569307 
4171.txt neg pos:0.9944970996000858 neg:0.005502900399914272 
2002.txt neg neg:0.6025484599942101 pos:0.3974515400057898 
1356.txt neg pos:0.9958970531056551 neg:0.0041029468943449025 
1703.txt pos pos:0.9644918281016636 neg:0.03550817189833638 
2774.txt neg neg:0.8771119488817026 pos:0.12288805111829738 
4170.txt pos pos:0.9906559034481977 neg:0.009344096551802279 
3332.txt neg neg:0.9995001777792586 pos:4.99822220741388E-4 
1627.txt pos pos:0.9998962771158789 neg:1.0372288412097282E-4 
3259.txt pos pos:0.9998554992542867 neg:1.445007457131724E-4 
3134.txt neg neg:0.9997669877121667 pos:2.3301228783333578E-4 
2462.txt pos pos:0.9639431256438908 neg:0.03605687435610912 
4215.txt pos pos:0.9425297823944369 neg:0.05747021760556301 
2934.txt pos pos:0.9924896269213843 neg:0.007510373078615783 
1937.txt pos neg:0.998392380306423 pos:0.0016076196935769585 
3720.txt pos pos:0.9789182375499111 neg:0.021081762450088852 
1482.txt pos pos:0.6145010821957909 neg:0.38549891780420903 
2168.txt neg neg:0.999987793755602 pos:1.2206244398004192E-5 
1978.txt neg neg:0.6956116395708474 pos:0.30438836042915257 
3148.txt neg neg:0.9998197721946593 pos:1.8022780534064387E-4 
130.txt neg neg:0.9845426855031914 pos:0.01545731449680871 
4212.txt pos pos:0.9998766810317067 neg:1.233189682933859E-4 
1317.txt pos neg:0.6502910558916961 pos:0.34970894410830394 
150.txt pos pos:0.9978278726215264 neg:0.002172127378473684 
1461.txt pos pos:0.7002036818138926 neg:0.2997963181861075 
186.txt pos pos:0.9876073282206305 neg:0.01239267177936959 
2825.txt pos pos:0.656597574025969 neg:0.343402425974031 
2463.txt neg pos:0.5304192525854166 neg:0.46958074741458344 
2575.txt neg neg:0.9999999417253135 pos:5.827468654405656E-8 
2369.txt neg neg:0.9999908522513711 pos:9.147748628865243E-6 
3262.txt pos pos:0.9552593210525315 neg:0.04474067894746843 
1653.txt neg neg:0.8358651987855356 pos:0.1641348012144645 
2611.txt pos pos:0.9839124585772955 neg:0.016087541422704466 
1270.txt pos pos:0.6898029009662047 neg:0.31019709903379533 
2540.txt neg neg:0.9999594165249875 pos:4.058347501246569E-5 
1742.txt neg pos:0.9829979607002803 neg:0.01700203929971979 
956.txt neg pos:0.7276288278469868 neg:0.27237117215301326 
3401.txt pos pos:0.999815480757116 neg:1.8451924288400974E-4 
145.txt neg pos:0.6794852576167447 neg:0.3205147423832553 
558.txt neg neg:0.9723734168491421 pos:0.027626583150857944 
3753.txt neg neg:0.9950998124819747 pos:0.004900187518025349 
840.txt neg neg:0.996665957358387 pos:0.003334042641612929 
Trial 0 Trainer MaxEntTrainer,gaussianPriorVariance=1.0 Training Data Confusion Matrix
Confusion Matrix, row=true, column=predicted  accuracy=1.0
  label   0   1  |total
  0 neg 900   .  |900
  1 pos   . 900  |900

Trial 0 Trainer MaxEntTrainer,gaussianPriorVariance=1.0 training data accuracy= 1.0
Trial 0 Trainer MaxEntTrainer,gaussianPriorVariance=1.0 Test Data Confusion Matrix
Confusion Matrix, row=true, column=predicted  accuracy=0.815
  label   0   1  |total
  0 neg  78  22  |100
  1 pos  15  85  |100

Trial 0 Trainer MaxEntTrainer,gaussianPriorVariance=1.0 test data accuracy= 0.815

MaxEntTrainer,gaussianPriorVariance=1.0
Summary. train accuracy mean = 1.0 stddev = 0.0 stderr = 0.0
Summary. test accuracy mean = 0.815 stddev = 0.0 stderr = 0.0
