
-------------------- Trial 0  --------------------

Trial 0 Training NaiveBayesTrainer with 1800 instances
Trial 0 Training NaiveBayesTrainer finished
Trial 0 Trainer NaiveBayesTrainer
 Raw Testing Data
4188.txt neg neg:0.9999934855685249 pos:6.5144314751665264E-6 
1890.txt neg neg:0.9997940092445495 pos:2.059907554505346E-4 
3541.txt neg neg:0.9999998599698686 pos:1.4003013137436857E-7 
2106.txt pos pos:0.9999999999963396 neg:3.6604495213930486E-12 
2567.txt pos pos:0.9999999969889304 neg:3.011069712785793E-9 
302.txt pos pos:0.9999999655493675 neg:3.445063250237598E-8 
1475.txt pos neg:0.9999991684350571 pos:8.315649427732453E-7 
2396.txt pos pos:0.9999999951107577 neg:4.889242358102178E-9 
3481.txt neg neg:0.9996920501173252 pos:3.079498826747004E-4 
937.txt neg neg:0.9999984893350137 pos:1.5106649862523678E-6 
1923.txt pos pos:0.9997271747475273 neg:2.728252524726968E-4 
950.txt pos pos:0.9999999999999991 neg:9.234080220670127E-16 
1764.txt neg neg:0.8679648728149215 pos:0.1320351271850785 
466.txt neg neg:1.0 pos:3.640262366855892E-29 
4035.txt pos pos:1.0 neg:5.132753811178313E-53 
4157.txt neg neg:0.9999999999999989 pos:1.0632921945808362E-15 
4246.txt pos pos:0.999999999999974 neg:2.592957008299609E-14 
2340.txt pos pos:1.0 neg:6.6548100001678746E-34 
1434.txt neg neg:0.9999901510262849 pos:9.84897371512801E-6 
3271.txt pos neg:0.8415103983472413 pos:0.15848960165275866 
3005.txt pos neg:0.9910421924344395 pos:0.008957807565560607 
3573.txt neg pos:0.9999999736873411 neg:2.631265893294775E-8 
1846.txt neg neg:0.9999999914482044 pos:8.551795628412425E-9 
2289.txt pos neg:0.9657394634943679 pos:0.034260536505632086 
3076.txt neg pos:0.9557931193639769 neg:0.04420688063602301 
273.txt neg neg:0.9999999999999578 pos:4.2275375195246997E-14 
669.txt neg pos:0.99999999999999 neg:9.911019480286995E-15 
3681.txt pos pos:0.9935090306628535 neg:0.006490969337146583 
3169.txt neg neg:1.0 pos:3.1250553819101366E-25 
1083.txt neg pos:0.9996900815135419 neg:3.0991848645810455E-4 
1448.txt neg neg:0.9920016060766702 pos:0.007998393923329798 
1564.txt pos pos:0.999977840378217 neg:2.2159621783050533E-5 
4097.txt neg neg:0.9999518071533332 pos:4.8192846666748445E-5 
1371.txt pos pos:0.9999999990280588 neg:9.719413035821886E-10 
3329.txt pos pos:0.999999996228349 neg:3.771650875128652E-9 
3946.txt neg pos:0.9653497474667686 neg:0.03465025253323142 
2445.txt neg neg:0.999999999858874 pos:1.41126049279372E-10 
1194.txt pos pos:0.9999997824812428 neg:2.175187572887329E-7 
156.txt neg neg:0.8769137384801418 pos:0.12308626151985824 
1441.txt neg neg:0.9999999999843519 pos:1.564815662972562E-11 
977.txt neg pos:0.9900748567183895 neg:0.009925143281610547 
3901.txt neg neg:0.9999999999886349 pos:1.1365191892830708E-11 
1563.txt pos pos:0.9999955724794221 neg:4.427520577879814E-6 
1872.txt pos pos:0.9999999999999998 neg:2.3817941400242347E-16 
1848.txt neg neg:0.9808574725764638 pos:0.019142527423536213 
3811.txt pos pos:0.9999999998151659 neg:1.848341502002216E-10 
586.txt pos pos:0.999999999999537 neg:4.630366638992529E-13 
253.txt pos pos:0.8808562771075409 neg:0.11914372289245906 
813.txt neg neg:0.9982096921914978 pos:0.0017903078085021481 
2766.txt pos pos:0.9999999999586779 neg:4.132212667940018E-11 
942.txt neg neg:0.9999999999989024 pos:1.0974687904600219E-12 
2912.txt pos pos:0.9994473812110166 neg:5.526187889834418E-4 
1696.txt neg neg:0.9942334153192823 pos:0.005766584680717696 
1303.txt pos pos:0.9999999999999998 neg:1.7882557100283718E-16 
3773.txt pos pos:0.9999614423627605 neg:3.855763723944017E-5 
1580.txt pos pos:1.0 neg:5.0468755420454767E-29 
945.txt neg pos:0.8613506197173095 neg:0.13864938028269042 
3709.txt neg neg:1.0 pos:2.8487841358309875E-19 
1061.txt pos pos:0.999999991455932 neg:8.54406807367771E-9 
2670.txt pos pos:0.9999998932916209 neg:1.0670837926472954E-7 
4316.txt neg neg:0.9999999999999809 pos:1.9011651154033323E-14 
3204.txt pos pos:0.9999999924279895 neg:7.572010442375955E-9 
414.txt neg neg:1.0 pos:8.91522867036255E-37 
406.txt pos pos:0.9999999999857567 neg:1.4243221447358799E-11 
1268.txt neg neg:0.9999999999040114 pos:9.598851615627117E-11 
2566.txt neg neg:0.9962334055095576 pos:0.0037665944904422765 
4273.txt pos neg:0.830827959809581 pos:0.1691720401904189 
446.txt pos pos:0.9986066106016256 neg:0.0013933893983744297 
3315.txt pos pos:0.9999999029170185 neg:9.708298147327715E-8 
1965.txt neg neg:0.9999999999977605 pos:2.2394846695163446E-12 
3327.txt pos pos:0.9999999431367607 neg:5.686323940345047E-8 
1330.txt neg neg:0.9227626377515507 pos:0.07723736224844924 
1765.txt pos pos:0.9915727305904328 neg:0.00842726940956714 
667.txt neg neg:0.8778686069131388 pos:0.12213139308686118 
1255.txt pos pos:0.9915887911892695 neg:0.008411208810730582 
2147.txt neg neg:0.9999999996215541 pos:3.7844588894282307E-10 
1212.txt pos pos:0.9999999962206028 neg:3.7793972306792764E-9 
305.txt pos neg:0.9999999999999998 pos:2.5018418884810584E-16 
588.txt pos pos:0.9999776593177536 neg:2.2340682246349943E-5 
2802.txt neg pos:0.9999720769212823 neg:2.7923078717625612E-5 
1266.txt neg pos:0.9994434913200174 neg:5.565086799824887E-4 
104.txt pos pos:1.0 neg:1.8619454657543838E-56 
3941.txt neg neg:0.999999999999756 pos:2.4408007894567045E-13 
1447.txt pos pos:0.9999999999999998 neg:1.5555712523062302E-16 
3799.txt pos pos:0.9999999836035018 neg:1.6396498128961848E-8 
473.txt pos pos:0.9995287079403072 neg:4.7129205969286014E-4 
3418.txt pos neg:0.9999999894827555 pos:1.0517244500892742E-8 
787.txt pos pos:0.9999999994741171 neg:5.258829830523945E-10 
1807.txt pos neg:0.9999816740349847 pos:1.8325965015265375E-5 
4319.txt pos pos:0.9999999999830271 neg:1.6972795880961746E-11 
1672.txt neg neg:0.9314658983466073 pos:0.06853410165339266 
1924.txt pos pos:1.0 neg:6.09491681419774E-28 
4356.txt neg neg:0.9970605933034412 pos:0.0029394066965588673 
530.txt neg neg:0.9999998987485883 pos:1.0125141159047072E-7 
3746.txt pos neg:0.640496931144523 pos:0.359503068855477 
3888.txt neg neg:0.9989970897657999 pos:0.0010029102342001437 
4208.txt pos pos:0.9999999999999114 neg:8.855719687689137E-14 
649.txt pos pos:0.9999832568290596 neg:1.6743170940385035E-5 
2264.txt pos pos:0.9858266290467171 neg:0.014173370953282898 
3651.txt neg neg:0.9996258567441775 pos:3.741432558224876E-4 
1269.txt pos pos:1.0 neg:2.1100078898168736E-30 
3410.txt neg neg:0.9051583514185952 pos:0.09484164858140481 
1252.txt pos neg:0.9994050787380803 pos:5.949212619197784E-4 
490.txt pos pos:0.9999996495634218 neg:3.504365781789929E-7 
1136.txt neg neg:0.9991417272347387 pos:8.582727652612916E-4 
3245.txt neg neg:0.9892088252147763 pos:0.01079117478522377 
310.txt neg pos:0.9999983702276106 neg:1.6297723894275172E-6 
2521.txt neg neg:0.9999999978286331 pos:2.1713668167560574E-9 
1873.txt neg neg:1.0 pos:4.8658915612068004E-27 
3540.txt pos pos:0.9999990484478558 neg:9.515521442504394E-7 
792.txt neg neg:0.9999999997770208 pos:2.2297922841027443E-10 
3817.txt neg neg:0.9999999999620441 pos:3.7955843598445264E-11 
3948.txt neg neg:0.9999999999983387 pos:1.6612356290820206E-12 
2058.txt neg neg:0.9999993170195174 pos:6.829804827446907E-7 
3320.txt pos pos:0.999999964225027 neg:3.577497306085203E-8 
1337.txt neg neg:0.9353641054218707 pos:0.06463589457812936 
1962.txt neg neg:0.9999999998407507 pos:1.5924918520482735E-10 
1131.txt neg neg:1.0 pos:9.9220201995246E-25 
30.txt neg pos:0.9999999999999978 neg:2.3275642430170016E-15 
1762.txt pos neg:0.9999999988103607 pos:1.1896393408519239E-9 
2726.txt pos pos:1.0 neg:6.197679493254897E-26 
1139.txt pos pos:1.0 neg:3.1087982774485327E-18 
4325.txt pos pos:1.0 neg:1.1663811717055995E-26 
4274.txt pos pos:1.0 neg:3.2246827202526514E-30 
559.txt pos pos:0.9999996211381276 neg:3.788618723544792E-7 
1055.txt neg neg:0.9999999999999929 pos:7.141424225313695E-15 
711.txt pos neg:0.9999903464567602 pos:9.653543239678619E-6 
3042.txt pos pos:0.9949285340455772 neg:0.0050714659544228175 
828.txt neg pos:0.999989917308917 neg:1.0082691082958572E-5 
1302.txt neg pos:0.9999979941474126 neg:2.0058525873176265E-6 
2985.txt neg pos:0.9999972028105281 neg:2.797189471841531E-6 
2895.txt pos neg:0.9999999999999998 pos:1.5193694215727437E-16 
2803.txt pos pos:0.9999052906542244 neg:9.470934577561073E-5 
4163.txt pos pos:0.9999999999999918 neg:8.140112099443534E-15 
2913.txt neg neg:0.7668076158170725 pos:0.23319238418292754 
3239.txt neg neg:0.9999999999946638 pos:5.3360920243209054E-12 
2011.txt neg neg:1.0 pos:4.541105286458714E-19 
579.txt neg neg:0.9996058174832306 pos:3.9418251676951805E-4 
192.txt pos pos:1.0 neg:3.7760598814164066E-17 
833.txt pos neg:0.9999999971228732 pos:2.877126674410689E-9 
1786.txt pos pos:0.9990325544557258 neg:9.674455442742555E-4 
319.txt neg neg:0.9999990244357342 pos:9.755642657019494E-7 
4350.txt pos pos:0.9999999999937386 neg:6.261401106863776E-12 
3422.txt neg neg:0.9912362077314665 pos:0.008763792268533436 
3094.txt pos pos:0.9999999999999984 neg:1.4587378764778827E-15 
2263.txt pos pos:1.0 neg:2.565706933317811E-24 
2101.txt pos pos:0.9999492290937467 neg:5.0770906253232116E-5 
505.txt neg neg:0.999999952448748 pos:4.7551251945414465E-8 
4323.txt neg neg:1.0 pos:2.4160394395750007E-20 
1060.txt neg neg:0.9999999999999998 pos:2.1329219697952223E-16 
3326.txt neg neg:0.999999999998687 pos:1.3129521539417551E-12 
4365.txt pos pos:0.9999982862077946 neg:1.7137922053490568E-6 
2671.txt neg pos:0.9447816886786305 neg:0.0552183113213695 
4075.txt pos pos:1.0 neg:1.2326138077284683E-25 
299.txt neg neg:0.9999999999974762 pos:2.5236767589418884E-12 
3747.txt neg neg:0.9999999997903954 pos:2.0960463979023139E-10 
234.txt neg neg:0.9965181300759537 pos:0.0034818699240462417 
3203.txt pos pos:0.9999999775644853 neg:2.2435514641566412E-8 
2493.txt neg neg:0.9993113382234369 pos:6.886617765630523E-4 
1261.txt neg pos:0.9999999999186782 neg:8.132174063308554E-11 
1763.txt neg neg:0.9999999678599322 pos:3.214006771497E-8 
4296.txt neg neg:0.9999997315642267 pos:2.6843577332948354E-7 
1832.txt pos pos:0.9999999942100348 neg:5.7899650632203005E-9 
2920.txt pos pos:0.9999999999999485 neg:5.1430256046710656E-14 
2761.txt pos neg:0.905621921616222 pos:0.09437807838377785 
2288.txt neg neg:0.9997864777580602 pos:2.1352224193979337E-4 
2783.txt neg neg:0.9999999925818748 pos:7.41812509771203E-9 
4119.txt neg neg:0.9999999999999887 pos:1.126741303930862E-14 
103.txt pos pos:1.0 neg:2.939600385861078E-24 
3002.txt pos neg:0.6241293154236396 pos:0.37587068457636047 
3121.txt pos neg:0.9999996816247189 pos:3.1837528120370227E-7 
2436.txt pos neg:0.9998072670934142 pos:1.9273290658578516E-4 
3658.txt neg neg:0.9998071922037528 pos:1.9280779624715493E-4 
522.txt pos pos:0.9999999991201332 neg:8.798667645513281E-10 
2024.txt neg pos:0.9999999998834939 neg:1.1650617079480178E-10 
885.txt neg pos:0.9999999983095778 neg:1.6904222969805587E-9 
3489.txt pos pos:0.9999999999999998 neg:1.4597900490564338E-16 
77.txt neg neg:0.9907967120877357 pos:0.009203287912264305 
3242.txt neg neg:0.9999999999994647 pos:5.353605531751149E-13 
1633.txt pos pos:0.9999999999999549 neg:4.499041334514805E-14 
758.txt pos pos:0.9999999999999876 neg:1.2409979682887409E-14 
4098.txt pos pos:1.0 neg:9.607854520726941E-28 
1634.txt pos pos:0.9999999986526944 neg:1.347305655629448E-9 
640.txt pos pos:0.9999999999999958 neg:4.311360085874289E-15 
1519.txt neg neg:0.9971596738485063 pos:0.002840326151493616 
248.txt neg neg:0.9999999999999998 pos:1.1701548717636168E-16 
1609.txt neg neg:0.9999999999987654 pos:1.2345512068185002E-12 
1556.txt pos pos:0.9999998654810375 neg:1.3451896247661875E-7 
1342.txt neg neg:0.9998227897392631 pos:1.7721026073687577E-4 
959.txt pos pos:0.9999999999996463 neg:3.5369169530485656E-13 
3031.txt neg neg:1.0 pos:5.318008194620569E-17 
3279.txt neg neg:0.9263893618016973 pos:0.07361063819830267 
2442.txt neg neg:0.9999999683420274 pos:3.1657972568827565E-8 
3880.txt pos pos:0.999998484745782 neg:1.5152542180952947E-6 
874.txt pos pos:0.9999282799700341 neg:7.172002996585393E-5 
4111.txt pos pos:0.9999999999973119 neg:2.688159024495982E-12 
1473.txt neg neg:1.0 pos:5.411486427938931E-17 
214.txt pos pos:0.9998035443149916 neg:1.964556850083442E-4 
3450.txt neg neg:0.9999999996137225 pos:3.862775376847197E-10 
2063.txt neg neg:0.9999997459239186 pos:2.540760812512787E-7 
Trial 0 Trainer NaiveBayesTrainer Training Data Confusion Matrix
Confusion Matrix, row=true, column=predicted  accuracy=0.9205555555555556
  label   0   1  |total
  0 neg 849  51  |900
  1 pos  92 808  |900

Trial 0 Trainer NaiveBayesTrainer training data accuracy= 0.9205555555555556
Trial 0 Trainer NaiveBayesTrainer Test Data Confusion Matrix
Confusion Matrix, row=true, column=predicted  accuracy=0.82
  label   0   1  |total
  0 neg  82  18  |100
  1 pos  18  82  |100

Trial 0 Trainer NaiveBayesTrainer test data accuracy= 0.82

NaiveBayesTrainer
Summary. train accuracy mean = 0.9205555555555556 stddev = 0.0 stderr = 0.0
Summary. test accuracy mean = 0.82 stddev = 0.0 stderr = 0.0
