
-------------------- Trial 0  --------------------

Trial 0 Training NaiveBayesTrainer with 1800 instances
Trial 0 Training NaiveBayesTrainer finished
Trial 0 Trainer NaiveBayesTrainer
 Raw Testing Data
1274.txt pos pos:1.0 neg:5.5795873715304095E-27 
398.txt pos pos:0.9999999999979536 neg:2.0463808016285583E-12 
40.txt pos pos:0.9890338598077223 neg:0.01096614019227776 
3180.txt pos neg:0.999999995555436 pos:4.44456413154278E-9 
3829.txt neg neg:0.9951260318384796 pos:0.00487396816152044 
2765.txt neg neg:1.0 pos:1.0516610238722693E-17 
3704.txt pos pos:0.9930110192946591 neg:0.006988980705341005 
1051.txt pos pos:0.8575272094423128 neg:0.14247279055768727 
1920.txt neg pos:0.9999994463711236 neg:5.536288764266823E-7 
824.txt neg neg:0.9999999614047456 pos:3.8595254345047484E-8 
3405.txt pos neg:0.9533512330585302 pos:0.04664876694146972 
1211.txt neg neg:0.9999919378149165 pos:8.062185083613908E-6 
3904.txt neg neg:0.9999999999779574 pos:2.2042695378629935E-11 
3512.txt neg pos:0.9579410223983904 neg:0.04205897760160963 
4202.txt neg neg:0.9999999999999998 pos:2.0650472491344588E-16 
2533.txt pos pos:0.999999999989154 neg:1.0845995477056517E-11 
355.txt neg neg:0.9999532813927563 pos:4.6718607243745294E-5 
2267.txt neg pos:0.9985965168240244 neg:0.001403483175975559 
114.txt neg neg:0.9999999999999001 pos:9.98205523695459E-14 
2067.txt pos pos:0.9999601203690811 neg:3.9879630918981504E-5 
3813.txt pos pos:0.999939837401292 neg:6.0162598707899105E-5 
4312.txt pos pos:1.0 neg:7.544426619661563E-17 
2873.txt pos pos:0.9999999999997935 neg:2.0655408129457352E-13 
1493.txt pos pos:1.0 neg:2.8697956106564464E-21 
797.txt neg pos:0.99819146196997 neg:0.0018085380300300663 
2143.txt pos neg:0.9999998837038606 pos:1.1629613934648325E-7 
1478.txt neg neg:0.9999999976339131 pos:2.3660869673533562E-9 
347.txt pos neg:0.9999999103302424 pos:8.966975757513681E-8 
1058.txt pos pos:1.0 neg:7.149993452040686E-18 
215.txt neg neg:1.0 pos:6.949941935784958E-18 
2166.txt neg neg:0.8752957149892493 pos:0.12470428501075063 
2847.txt neg neg:0.9997031065844041 pos:2.9689341559583623E-4 
2406.txt pos neg:0.993203737671025 pos:0.00679626232897503 
427.txt pos neg:0.9999999997966798 pos:2.0332024455962324E-10 
1219.txt pos pos:0.9995397352434562 neg:4.602647565438822E-4 
967.txt pos pos:1.0 neg:5.8871366074200715E-19 
1529.txt neg neg:0.9999984135245865 pos:1.5864754135433994E-6 
264.txt pos neg:0.9816319243979227 pos:0.018368075602077327 
2094.txt neg neg:0.999992904002242 pos:7.09599775811854E-6 
2045.txt neg neg:1.0 pos:9.258796037604712E-18 
2808.txt pos pos:0.9598603479404174 neg:0.04013965205958264 
3359.txt pos pos:0.9999999141428344 neg:8.585716556058253E-8 
608.txt neg neg:0.999999998751494 pos:1.2485060459381185E-9 
1912.txt neg pos:0.7047947003522154 neg:0.2952052996477846 
3571.txt neg pos:0.9931765726836177 neg:0.0068234273163824445 
1561.txt pos neg:0.9526488570816274 pos:0.047351142918372655 
2586.txt pos pos:0.9999999998405344 neg:1.594656330345259E-10 
742.txt pos pos:0.9999999999999998 neg:1.2246834782103072E-16 
1878.txt neg neg:0.9999999998142277 pos:1.857723106488108E-10 
1216.txt neg pos:0.9994430632180529 neg:5.569367819470505E-4 
271.txt neg neg:0.9999998053781406 pos:1.9462185941388978E-7 
1713.txt neg neg:0.9999996250468397 pos:3.7495316035903395E-7 
1677.txt neg pos:0.848320299863525 neg:0.1516797001364751 
4182.txt pos pos:0.9999999999971267 neg:2.873232741505363E-12 
781.txt neg pos:1.0 neg:4.027577324394213E-17 
1307.txt neg neg:0.9999999965662383 pos:3.4337617116159353E-9 
741.txt neg neg:0.9999996722076774 pos:3.277923227094021E-7 
3007.txt pos pos:0.9999999999824742 neg:1.752584764329933E-11 
1876.txt neg neg:0.9999999999986349 pos:1.3650850620036058E-12 
2581.txt pos pos:0.7191217452691396 neg:0.2808782547308604 
3420.txt neg neg:0.999998189702314 pos:1.8102976860293149E-6 
1421.txt pos pos:1.0 neg:1.9076776005185263E-25 
203.txt neg neg:0.9999999999924511 pos:7.548810641723122E-12 
1251.txt neg pos:0.6887369076622514 neg:0.3112630923377486 
272.txt pos pos:0.9997206667130205 neg:2.793332869795687E-4 
2304.txt neg neg:0.9999999999999998 pos:2.092204130619482E-16 
1065.txt neg neg:0.9999999913837408 pos:8.616259275152251E-9 
1514.txt pos pos:0.9999999619552878 neg:3.8044712127513374E-8 
1584.txt neg pos:0.9999999999999998 neg:1.8429647016303968E-16 
3982.txt pos pos:0.9996795570613143 neg:3.204429386857892E-4 
1552.txt neg neg:0.9993838894518241 pos:6.161105481757951E-4 
706.txt neg neg:0.9999999995683881 pos:4.3161181730110024E-10 
4185.txt pos neg:0.9413061090394551 pos:0.05869389096054492 
2212.txt neg pos:0.9657470445753286 neg:0.03425295542467146 
4154.txt pos pos:0.9999999999996476 neg:3.523328802023751E-13 
101.txt pos neg:0.9999967262675956 pos:3.273732404338403E-6 
1983.txt neg pos:0.9999482594473055 neg:5.174055269462174E-5 
947.txt neg neg:0.9999999999996878 pos:3.12234224983756E-13 
3373.txt pos pos:0.9999999999924833 neg:7.516652060202192E-12 
1731.txt pos pos:1.0 neg:4.653442624599508E-22 
3554.txt pos neg:0.9999999942404281 pos:5.7595718883293865E-9 
1172.txt pos neg:0.9934317964301042 pos:0.0065682035698959315 
677.txt pos pos:1.0 neg:2.890377761635261E-22 
1568.txt pos pos:1.0 neg:3.766594564870442E-24 
2946.txt pos pos:0.9999999282814616 neg:7.171853850829713E-8 
2331.txt neg pos:0.6520207439750543 neg:0.3479792560249457 
844.txt pos neg:0.6739492341642385 pos:0.3260507658357615 
3018.txt pos pos:0.9999909585121829 neg:9.041487817064733E-6 
2305.txt pos pos:0.9999997046035511 neg:2.9539644880202065E-7 
659.txt neg neg:0.9999999985379882 pos:1.462011823722278E-9 
3188.txt neg neg:0.9999999999994955 pos:5.045190726221309E-13 
2409.txt neg neg:0.9999999783094824 pos:2.1690517579027207E-8 
2909.txt neg neg:0.9999999996503062 pos:3.496938849230795E-10 
91.txt neg neg:0.9476758090622973 pos:0.05232419093770264 
51.txt pos pos:1.0 neg:7.324342095514189E-38 
3953.txt pos pos:0.9999998253402121 neg:1.7465978796993976E-7 
3730.txt neg neg:0.9923115443510099 pos:0.007688455648990086 
2950.txt pos neg:0.9999999893309964 pos:1.0669003485426807E-8 
1554.txt pos pos:0.9997489944214916 neg:2.5100557850838795E-4 
276.txt neg neg:0.9999977422392996 pos:2.2577607003339812E-6 
674.txt neg neg:0.9999999999999793 pos:2.067764920205188E-14 
2377.txt pos pos:0.9999999999969207 neg:3.0793699898862117E-12 
2491.txt neg pos:0.9998648293436008 neg:1.351706563991952E-4 
1148.txt neg neg:0.9994757459641938 pos:5.24254035806321E-4 
898.txt neg neg:0.9999999936371002 pos:6.36289971845896E-9 
396.txt pos pos:0.9995514847723237 neg:4.485152276763908E-4 
3263.txt neg neg:0.9999999999999996 pos:3.772421801195475E-16 
3684.txt pos pos:0.9999999999996108 neg:3.8935223727922944E-13 
2129.txt pos pos:0.9999999999999516 neg:4.843009582846908E-14 
2916.txt neg neg:0.9999721960239355 pos:2.7803976064456132E-5 
1630.txt neg pos:0.5913340205472022 neg:0.4086659794527978 
1208.txt pos pos:0.9999998753441179 neg:1.246558820285677E-7 
2179.txt neg pos:0.9999999997188098 neg:2.811902280984888E-10 
476.txt pos neg:0.9999115958659095 pos:8.840413409037951E-5 
323.txt pos neg:0.9999999999841118 pos:1.5888105365261298E-11 
4352.txt pos neg:1.0 pos:4.0890546942092235E-17 
263.txt pos pos:0.9928494635997273 neg:0.007150536400272737 
98.txt neg neg:0.999999515796175 pos:4.842038249815299E-7 
3569.txt neg neg:0.9966149315673796 pos:0.0033850684326205325 
2028.txt neg neg:0.9999999795584593 pos:2.0441540781100284E-8 
444.txt pos neg:0.9999712170154461 pos:2.8782984553822062E-5 
1403.txt neg neg:0.9999999999997511 pos:2.4887950295107393E-13 
2898.txt neg neg:0.9163986472989932 pos:0.08360135270100678 
2734.txt neg neg:1.0 pos:1.3791805417434433E-20 
2658.txt pos pos:0.9999999999999996 neg:4.566761722670228E-16 
492.txt pos neg:0.9999999999999976 pos:2.3984918426582953E-15 
3200.txt neg neg:0.9999999982631336 pos:1.736866378432358E-9 
1109.txt pos pos:0.8681965991783324 neg:0.13180340082166767 
1088.txt neg pos:0.7549952893894276 neg:0.24500471061057238 
625.txt neg pos:0.9486948097593711 neg:0.05130519024062898 
3745.txt neg neg:0.9999999722344518 pos:2.776554812502064E-8 
4227.txt pos pos:1.0 neg:3.640907533588531E-20 
1671.txt pos pos:1.0 neg:7.738188668556462E-27 
1720.txt pos pos:0.999999999999281 neg:7.18888694359665E-13 
972.txt neg neg:0.9999999999810902 pos:1.8909655833397803E-11 
3576.txt neg neg:0.999999998470537 pos:1.5294630720600534E-9 
1442.txt pos pos:0.999999627676155 neg:3.7232384512394677E-7 
1010.txt neg neg:0.9999999979416343 pos:2.0583656904317997E-9 
2472.txt neg neg:0.9286122662101723 pos:0.07138773378982767 
3928.txt pos pos:0.9999970297877133 neg:2.970212286643359E-6 
1728.txt neg pos:0.9991909526356961 neg:8.090473643037883E-4 
2352.txt neg neg:0.9999999990234933 pos:9.765065717303921E-10 
1265.txt pos pos:0.9999999999999614 neg:3.855764459054585E-14 
1660.txt pos pos:0.5930608652750319 neg:0.40693913472496807 
211.txt pos neg:0.7405839644353696 pos:0.25941603556463044 
495.txt pos neg:0.999997594206333 pos:2.405793666853876E-6 
3374.txt pos neg:0.9999999040535791 pos:9.594642083956673E-8 
2757.txt neg neg:0.9999999990656878 pos:9.343122016082278E-10 
2242.txt pos pos:1.0 neg:3.433885361248209E-20 
2958.txt neg neg:1.0 pos:3.118236935813996E-22 
610.txt neg neg:0.6452712481573145 pos:0.35472875184268543 
49.txt neg pos:0.8687532878641264 neg:0.13124671213587358 
455.txt pos pos:0.9927777724864509 neg:0.00722222751354898 
909.txt neg pos:0.9998694029082982 neg:1.3059709170175978E-4 
3468.txt pos neg:0.9896905358711643 pos:0.010309464128835705 
1445.txt pos pos:0.9999999986681816 neg:1.331818523624594E-9 
4079.txt pos pos:0.9999999999999505 neg:4.9561339162635973E-14 
1224.txt neg neg:0.9999711427860151 pos:2.8857213984872832E-5 
1520.txt neg neg:0.9999997300625796 pos:2.6993742031960804E-7 
2750.txt neg pos:0.9854457209268304 neg:0.014554279073169524 
2282.txt pos pos:0.9977487741760032 neg:0.002251225823996846 
209.txt pos neg:1.0 pos:1.9184548808541034E-18 
3742.txt neg neg:0.9999999999987081 pos:1.291797149118795E-12 
2632.txt pos neg:0.9999999999956737 pos:4.3263171549059E-12 
1141.txt neg pos:0.9930381338989736 neg:0.006961866101026399 
3380.txt neg neg:0.9999999999974571 pos:2.542874818626714E-12 
4353.txt neg pos:0.9814319005728556 neg:0.018568099427144415 
96.txt pos pos:0.9543552473127203 neg:0.045644752687279674 
2674.txt neg neg:0.9999861464490178 pos:1.3853550982119487E-5 
3793.txt neg neg:1.0 pos:1.6803651810262688E-19 
3543.txt neg neg:0.9999998117910361 pos:1.8820896395605626E-7 
4279.txt neg neg:0.9999999999999942 pos:5.7837612982386255E-15 
1804.txt neg neg:0.9819315612909683 pos:0.018068438709031773 
2623.txt pos pos:0.963691185060076 neg:0.036308814939924 
3413.txt pos pos:1.0 neg:4.486048377310631E-21 
1643.txt pos pos:0.999997049525316 neg:2.950474683974377E-6 
2423.txt neg neg:1.0 pos:1.3524489320396232E-25 
1927.txt neg neg:0.9999997596866721 pos:2.403133278885888E-7 
1752.txt pos neg:0.9991926876200449 pos:8.073123799551869E-4 
679.txt pos pos:1.0 neg:9.30493747877806E-21 
880.txt neg neg:0.7359383756162086 pos:0.2640616243837915 
3993.txt pos pos:0.999999999999956 neg:4.3880915211969245E-14 
2401.txt pos pos:0.9990301215110473 neg:9.698784889527189E-4 
827.txt pos pos:0.9999999734743246 neg:2.652567535358351E-8 
4027.txt neg neg:1.0 pos:4.023533105216632E-19 
456.txt neg neg:0.9801937106056384 pos:0.019806289394361534 
4153.txt pos pos:1.0 neg:7.23928567189535E-17 
387.txt pos pos:0.9999999999934199 neg:6.580072257581612E-12 
2557.txt pos pos:0.9999999999993139 neg:6.860177691620673E-13 
793.txt pos pos:1.0 neg:8.124137979556723E-22 
1334.txt pos pos:0.9999998864695807 neg:1.1353041921763358E-7 
1471.txt neg neg:0.9999999999999674 pos:3.2686237274512216E-14 
1019.txt neg neg:0.9999999999787372 pos:2.1262667679530932E-11 
602.txt pos neg:0.78560344175739 pos:0.21439655824261 
1669.txt pos pos:0.9780070679005559 neg:0.02199293209944404 
1779.txt neg neg:0.9999999878246731 pos:1.2175326715594065E-8 
275.txt pos pos:0.9998424449979574 neg:1.5755500204262435E-4 
1566.txt pos pos:0.8963917047618116 neg:0.10360829523818837 
3892.txt neg neg:0.9999999832980416 pos:1.6701958338683384E-8 
2015.txt pos pos:0.999995195030632 neg:4.804969368060071E-6 
Trial 0 Trainer NaiveBayesTrainer Training Data Confusion Matrix
Confusion Matrix, row=true, column=predicted  accuracy=0.9133333333333333
  label   0   1  |total
  0 neg 841  59  |900
  1 pos  97 803  |900

Trial 0 Trainer NaiveBayesTrainer training data accuracy= 0.9133333333333333
Trial 0 Trainer NaiveBayesTrainer Test Data Confusion Matrix
Confusion Matrix, row=true, column=predicted  accuracy=0.74
  label   0   1  |total
  0 neg  75  25  |100
  1 pos  27  73  |100

Trial 0 Trainer NaiveBayesTrainer test data accuracy= 0.74

NaiveBayesTrainer
Summary. train accuracy mean = 0.9133333333333333 stddev = 0.0 stderr = 0.0
Summary. test accuracy mean = 0.74 stddev = 0.0 stderr = 0.0
