
-------------------- Trial 0  --------------------

Trial 0 Training MaxEntTrainer,gaussianPriorVariance=1.0 with 1800 instances
Trial 0 Training MaxEntTrainer,gaussianPriorVariance=1.0 finished
Trial 0 Trainer MaxEntTrainer,gaussianPriorVariance=1.0
 Raw Testing Data
cv601_24759.txt neg neg:0.5216296815070369 pos:0.4783703184929631 
cv662_13320.txt pos pos:0.8399939172870461 neg:0.1600060827129539 
cv361_28738.txt neg neg:0.9988854060894131 pos:0.0011145939105868387 
cv681_9692.txt pos pos:0.9487529931273885 neg:0.05124700687261161 
cv906_12332.txt neg neg:0.9503433833487425 pos:0.0496566166512576 
cv453_10379.txt pos pos:0.997765021366715 neg:0.0022349786332850753 
cv285_16494.txt pos pos:0.9999832328438307 neg:1.6767156169302432E-5 
cv583_29692.txt pos pos:0.9998998354604135 neg:1.001645395865118E-4 
cv211_9955.txt neg neg:0.9881938671317869 pos:0.011806132868213083 
cv564_11110.txt pos pos:0.9999948965994391 neg:5.103400560896552E-6 
cv365_12442.txt neg neg:0.9999998473211071 pos:1.5267889276812647E-7 
cv935_24977.txt neg neg:0.9999991278961676 pos:8.721038324937527E-7 
cv071_12095.txt pos pos:0.9999998521586796 neg:1.4784132046043578E-7 
cv690_5619.txt pos pos:0.9753825122601278 neg:0.024617487739872008 
cv988_18740.txt pos pos:0.9698071420609821 neg:0.0301928579390179 
cv156_11119.txt neg pos:0.9224290283913228 neg:0.07757097160867733 
cv413_7398.txt pos pos:0.9830850805407568 neg:0.01691491945924325 
cv338_9183.txt neg neg:0.9999999938102226 pos:6.18977723728656E-9 
cv337_29061.txt neg neg:0.9976741319735851 pos:0.002325868026414783 
cv657_24513.txt pos pos:0.9995404342607255 neg:4.595657392744319E-4 
cv620_24265.txt pos pos:0.9717578848563128 neg:0.02824211514368725 
cv317_25111.txt neg neg:0.9773273481142767 pos:0.022672651885723368 
cv220_29059.txt pos pos:0.9999721052748453 neg:2.789472515471458E-5 
cv939_10583.txt pos pos:0.9994996309949894 neg:5.003690050105552E-4 
cv627_12603.txt neg neg:0.8897811227468907 pos:0.11021887725310936 
cv289_6463.txt pos neg:0.8216481235015084 pos:0.1783518764984916 
cv495_14518.txt pos neg:0.9974372799865949 pos:0.002562720013405108 
cv376_20883.txt neg pos:0.9796517173861071 neg:0.020348282613892817 
cv933_24953.txt neg neg:0.9999999910147258 pos:8.985274222350502E-9 
cv666_20301.txt neg neg:0.7678437401796758 pos:0.23215625982032426 
cv172_11131.txt pos pos:0.9929776563505341 neg:0.007022343649465712 
cv842_5866.txt pos neg:0.6721918936280318 pos:0.32780810637196833 
cv099_10534.txt pos neg:0.9251435819205526 pos:0.07485641807944736 
cv354_8573.txt neg neg:0.7884366916601604 pos:0.21156330833983966 
cv859_14107.txt pos neg:0.954223571361083 pos:0.04577642863891703 
cv762_13927.txt pos pos:0.9999622722636943 neg:3.772773630574139E-5 
cv599_20988.txt pos neg:0.6272517482097941 pos:0.3727482517902058 
cv843_17054.txt neg neg:0.9853066973588096 pos:0.014693302641190377 
cv508_16006.txt pos pos:0.9999999999140126 neg:8.598745173337807E-11 
cv423_12089.txt neg pos:0.830538975401566 neg:0.16946102459843404 
cv286_25050.txt pos pos:0.9994522377945979 neg:5.477622054022227E-4 
cv425_8250.txt pos pos:0.9962870063643006 neg:0.0037129936356994696 
cv270_6079.txt pos pos:0.9092046475042104 neg:0.09079535249578959 
cv477_23530.txt neg neg:0.876178227884642 pos:0.12382177211535805 
cv875_5622.txt neg pos:0.8826923448811382 neg:0.11730765511886189 
cv713_29002.txt neg neg:0.9995432091772503 pos:4.567908227496895E-4 
cv917_29484.txt neg neg:0.9937312441912669 pos:0.0062687558087329955 
cv247_13142.txt pos pos:0.9722718469333306 neg:0.027728153066669512 
cv002_17424.txt neg neg:0.9999890872331106 pos:1.0912766889241353E-5 
cv725_10266.txt neg neg:0.9993113469678911 pos:6.886530321088371E-4 
cv548_17731.txt pos pos:0.9876019195383406 neg:0.012398080461659374 
cv165_2389.txt neg neg:0.9982402984005121 pos:0.001759701599487943 
cv662_14791.txt neg neg:0.9580205529691109 pos:0.04197944703088902 
cv798_24779.txt neg neg:0.9989385501244109 pos:0.0010614498755891805 
cv913_29252.txt pos pos:0.9999999727915295 neg:2.7208470545308372E-8 
cv328_10908.txt neg pos:0.906045752474368 neg:0.09395424752563188 
cv949_20112.txt pos neg:0.7826798315985607 pos:0.21732016840143945 
cv405_20399.txt pos pos:0.9998811267693986 neg:1.1887323060139455E-4 
cv057_7453.txt pos neg:0.833245170779142 pos:0.16675482922085808 
cv249_11640.txt pos pos:0.9688237301409738 neg:0.031176269859026193 
cv929_1841.txt neg pos:0.7355041520822754 neg:0.26449584791772474 
cv121_17302.txt pos neg:0.9728428305366446 pos:0.02715716946335548 
cv472_29280.txt pos pos:0.994510067873943 neg:0.005489932126056902 
cv658_10532.txt pos pos:0.9999917187115566 neg:8.281288443297758E-6 
cv150_14279.txt neg neg:0.9999853336203687 pos:1.4666379631396516E-5 
cv183_18612.txt pos pos:0.9948718134250424 neg:0.005128186574957573 
cv072_5928.txt neg neg:0.9999429213662951 pos:5.707863370479313E-5 
cv524_24885.txt neg pos:0.8879082354842909 neg:0.11209176451570915 
cv895_22200.txt neg neg:0.9999981023802612 pos:1.8976197389199143E-6 
cv407_23928.txt neg neg:0.9991279898375204 pos:8.72010162479502E-4 
cv371_8197.txt neg neg:0.9999999850767809 pos:1.4923219056915176E-8 
cv897_10837.txt pos pos:0.9895647335318964 neg:0.010435266468103523 
cv267_14952.txt pos pos:0.9967940413914175 neg:0.0032059586085825343 
cv335_16299.txt neg neg:0.9999987850289669 pos:1.2149710331341606E-6 
cv047_1754.txt pos pos:0.9999999974317244 neg:2.5682754971809846E-9 
cv069_11613.txt neg neg:0.8743471861199781 pos:0.12565281388002186 
cv677_17715.txt pos pos:0.9998584113330462 neg:1.4158866695372578E-4 
cv029_19943.txt neg neg:0.9964462765768912 pos:0.0035537234231086995 
cv723_9002.txt neg neg:0.9556448862585583 pos:0.04435511374144175 
cv245_8938.txt neg neg:0.9999899931741426 pos:1.0006825857308865E-5 
cv941_10246.txt pos pos:0.9999288331421685 neg:7.116685783157688E-5 
cv719_5713.txt pos pos:0.9999999996303013 neg:3.696987743215377E-10 
cv083_25491.txt neg neg:0.8844859906873248 pos:0.11551400931267532 
cv608_24647.txt neg pos:0.9611094300199616 neg:0.038890569980038335 
cv007_4992.txt neg neg:0.9999844167200476 pos:1.5583279952391957E-5 
cv499_11407.txt neg neg:0.9995822220212907 pos:4.177779787093764E-4 
cv167_18094.txt neg neg:0.8924524288913678 pos:0.10754757110863224 
cv257_11856.txt neg pos:0.9960851202806341 neg:0.003914879719365724 
cv999_14636.txt neg neg:0.5891255700514678 pos:0.4108744299485321 
cv196_28898.txt neg neg:0.986033333918539 pos:0.01396666608146099 
cv402_14425.txt pos pos:0.999999671169826 neg:3.2883017391629605E-7 
cv424_8831.txt pos pos:0.9999846745785006 neg:1.532542149940826E-5 
cv854_18955.txt neg neg:0.8480032587306136 pos:0.1519967412693864 
cv325_16629.txt pos pos:0.9999998322760467 neg:1.6772395331506435E-7 
cv448_14695.txt pos pos:0.9995556880872661 neg:4.4431191273381043E-4 
cv640_5380.txt neg pos:0.9825208534823939 neg:0.017479146517606018 
cv974_24303.txt neg neg:0.9918812914764727 pos:0.008118708523527184 
cv300_22284.txt pos pos:0.9999984177386956 neg:1.582261304424643E-6 
cv455_29000.txt pos pos:0.9999988706273376 neg:1.1293726625433819E-6 
cv939_11247.txt neg neg:0.9449198683989477 pos:0.05508013160105223 
cv270_5873.txt neg neg:0.999921529229417 pos:7.847077058312345E-5 
cv671_5164.txt neg pos:0.8975108037587147 neg:0.10248919624128527 
cv632_9704.txt neg neg:0.5003514572231816 pos:0.49964854277681836 
cv514_12173.txt neg pos:0.7474644918543039 neg:0.25253550814569614 
cv108_17064.txt neg neg:0.9988042505433375 pos:0.001195749456662434 
cv660_21893.txt pos neg:0.982762303488299 pos:0.01723769651170109 
cv191_29719.txt pos pos:0.9014277336421588 neg:0.09857226635784122 
cv481_7930.txt neg neg:0.986718337685196 pos:0.013281662314803985 
cv101_10175.txt pos neg:0.9993527493686013 pos:6.472506313988009E-4 
cv504_29243.txt pos pos:0.9822198286362165 neg:0.01778017136378348 
cv213_20300.txt neg neg:0.9957455228001296 pos:0.004254477199870499 
cv959_14611.txt pos pos:0.9977494410765524 neg:0.002250558923447596 
cv284_20530.txt neg pos:0.8746962941468407 neg:0.12530370585315934 
cv181_14401.txt pos pos:0.9999999135229501 neg:8.6477049786618E-8 
cv066_10821.txt pos pos:0.9911525660516763 neg:0.008847433948323642 
cv585_23576.txt neg neg:0.7054685008769235 pos:0.2945314991230765 
cv631_4967.txt pos neg:0.8825975571148814 pos:0.11740244288511864 
cv053_21822.txt pos pos:0.9978672559320659 neg:0.0021327440679340644 
cv801_26335.txt neg neg:0.9338021265315075 pos:0.06619787346849255 
cv517_20616.txt neg neg:0.9999999974549547 pos:2.5450452801173733E-9 
cv999_13106.txt pos pos:0.9999958733212931 neg:4.126678706953902E-6 
cv557_12237.txt neg neg:0.9994597755941683 pos:5.402244058316916E-4 
cv024_7033.txt neg neg:0.658316050674054 pos:0.3416839493259461 
cv788_26409.txt neg neg:0.9996206514543068 pos:3.7934854569310903E-4 
cv384_17140.txt pos pos:0.9999050206467909 neg:9.497935320920998E-5 
cv055_8338.txt pos pos:0.9999985718323836 neg:1.4281676164951503E-6 
cv210_9312.txt pos pos:0.6710847192224619 neg:0.32891528077753807 
cv334_0074.txt neg neg:0.9989568215285797 pos:0.0010431784714202415 
cv449_9126.txt neg pos:0.999983093212772 neg:1.690678722783853E-5 
cv340_13287.txt pos pos:0.9981119617600338 neg:0.0018880382399661256 
cv393_29327.txt pos pos:0.9999863486748944 neg:1.3651325105517907E-5 
cv024_6778.txt pos neg:0.9998106665098028 pos:1.8933349019727806E-4 
cv310_13091.txt pos pos:0.9999806304881074 neg:1.9369511892567912E-5 
cv647_15275.txt neg neg:0.9999998334074887 pos:1.6659251133944317E-7 
cv929_16908.txt pos pos:0.9998197636750777 neg:1.8023632492224337E-4 
cv647_13691.txt pos pos:0.9594061233382792 neg:0.04059387666172082 
cv544_5301.txt neg neg:0.999995974680739 pos:4.025319260934798E-6 
cv744_10091.txt neg pos:0.9848702445860492 neg:0.015129755413950664 
cv780_7984.txt pos pos:0.9997157828508851 neg:2.842171491148431E-4 
cv216_20165.txt neg neg:0.9706089088503136 pos:0.029391091149686344 
cv982_22209.txt neg neg:0.9998826586655871 pos:1.1734133441300738E-4 
cv221_27081.txt neg neg:0.8524595349849737 pos:0.14754046501502638 
cv021_17313.txt neg neg:0.9999926951704403 pos:7.304829559572013E-6 
cv607_8235.txt neg neg:0.9998843518683412 pos:1.1564813165879742E-4 
cv692_17026.txt neg neg:0.9945752410117759 pos:0.005424758988224245 
cv980_10953.txt pos pos:0.9996211582002137 neg:3.7884179978632645E-4 
cv175_6964.txt pos neg:0.8453321938915526 pos:0.15466780610844744 
cv587_20532.txt neg neg:0.995785384773265 pos:0.004214615226734952 
cv676_22202.txt neg neg:0.9999999992057154 pos:7.942846308890478E-10 
cv380_7574.txt pos neg:0.9035038277894978 pos:0.09649617221050232 
cv623_15356.txt pos pos:0.9999999680501602 neg:3.194983965289173E-8 
cv405_21868.txt neg neg:0.9995362686629724 pos:4.6373133702772213E-4 
cv431_7538.txt neg neg:0.5967243081427974 pos:0.4032756918572026 
cv428_11347.txt pos pos:0.8128757407449735 neg:0.18712425925502643 
cv253_10077.txt pos pos:0.8402456044235754 neg:0.15975439557642457 
cv095_28730.txt neg pos:0.861715562831501 neg:0.13828443716849903 
cv691_5043.txt pos pos:0.9999946880013177 neg:5.311998682172208E-6 
cv830_5778.txt neg pos:0.6149577355141861 neg:0.3850422644858138 
cv030_22893.txt neg neg:0.983253356461972 pos:0.016746643538027975 
cv919_16380.txt pos pos:0.9997656457545923 neg:2.3435424540760088E-4 
cv558_29507.txt pos pos:0.9994382985771751 neg:5.617014228249843E-4 
cv931_17563.txt pos pos:0.9993678422793111 neg:6.321577206888175E-4 
cv154_9328.txt pos neg:0.7551451211927513 pos:0.24485487880724868 
cv185_28372.txt neg neg:0.9999825733120297 pos:1.742668797031681E-5 
cv018_21672.txt neg pos:0.5481297991480424 neg:0.45187020085195756 
cv046_10188.txt pos pos:0.9992107213892653 neg:7.892786107346653E-4 
cv606_15985.txt pos pos:0.9999998201590611 neg:1.7984093877373147E-7 
cv153_10779.txt pos pos:0.923790134510246 neg:0.07620986548975392 
cv921_13988.txt neg neg:0.9999444317952888 pos:5.556820471127411E-5 
cv114_18398.txt pos pos:0.9017505351463635 neg:0.09824946485363652 
cv876_9633.txt neg neg:0.9994099921375265 pos:5.900078624735593E-4 
cv698_16930.txt neg neg:0.9996125850455237 pos:3.874149544762383E-4 
cv450_8319.txt neg neg:0.9948427469622741 pos:0.005157253037725779 
cv984_12767.txt pos pos:0.9997502358681424 neg:2.497641318575328E-4 
cv019_14482.txt pos pos:0.9985751089326365 neg:0.001424891067363485 
cv949_21565.txt neg neg:0.9999979900746968 pos:2.0099253030760166E-6 
cv009_29592.txt pos pos:0.8677446841433178 neg:0.13225531585668224 
cv716_11153.txt neg pos:0.9134204800768403 neg:0.08657951992315975 
cv857_15958.txt pos pos:0.7509419249760021 neg:0.24905807502399788 
cv898_14187.txt pos pos:0.9900888951438735 neg:0.009911104856126337 
cv259_10934.txt pos pos:0.8260011036722932 neg:0.1739988963277067 
cv897_11703.txt neg neg:0.9999967392733413 pos:3.2607266587856657E-6 
cv708_28729.txt pos pos:0.9360562996662264 neg:0.06394370033377365 
cv773_18817.txt pos pos:0.9776868448416607 neg:0.02231315515833922 
cv315_11629.txt pos pos:0.9996079141694677 neg:3.9208583053223204E-4 
cv204_8451.txt pos pos:0.9833206548504402 neg:0.01667934514955986 
cv202_11382.txt neg neg:0.9997402815779954 pos:2.5971842200463136E-4 
cv048_18380.txt neg neg:0.999999737948101 pos:2.620518990543423E-7 
cv120_4111.txt pos pos:0.9998835597537858 neg:1.1644024621426544E-4 
cv963_7208.txt neg neg:0.999085553689655 pos:9.144463103448854E-4 
cv592_22315.txt pos pos:0.9416813396687471 neg:0.0583186603312528 
cv219_19874.txt neg neg:0.9999397743307444 pos:6.022566925561737E-5 
cv983_24219.txt neg neg:0.9784307871133224 pos:0.02156921288667767 
cv162_10977.txt neg neg:0.938249709630941 pos:0.061750290369058956 
cv730_10279.txt pos pos:0.9999974115531848 neg:2.5884468152846757E-6 
cv617_9322.txt pos neg:0.6423407071586313 pos:0.3576592928413686 
cv469_21998.txt neg neg:0.999731704015261 pos:2.682959847391244E-4 
cv527_10123.txt pos pos:0.9993242950425589 neg:6.757049574409857E-4 
cv694_4526.txt neg neg:0.6739837069318507 pos:0.32601629306814933 
cv586_7543.txt pos pos:0.549675778622272 neg:0.450324221377728 
Trial 0 Trainer MaxEntTrainer,gaussianPriorVariance=1.0 Training Data Confusion Matrix
Confusion Matrix, row=true, column=predicted  accuracy=1.0
  label   0   1  |total
  0 neg 900   .  |900
  1 pos   . 900  |900

Trial 0 Trainer MaxEntTrainer,gaussianPriorVariance=1.0 training data accuracy= 1.0
Trial 0 Trainer MaxEntTrainer,gaussianPriorVariance=1.0 Test Data Confusion Matrix
Confusion Matrix, row=true, column=predicted  accuracy=0.82
  label   0   1  |total
  0 neg  81  19  |100
  1 pos  17  83  |100

Trial 0 Trainer MaxEntTrainer,gaussianPriorVariance=1.0 test data accuracy= 0.82

MaxEntTrainer,gaussianPriorVariance=1.0
Summary. train accuracy mean = 1.0 stddev = 0.0 stderr = 0.0
Summary. test accuracy mean = 0.82 stddev = 0.0 stderr = 0.0
