
-------------------- Trial 0  --------------------

Trial 0 Training MaxEntTrainer,gaussianPriorVariance=1.0 with 1800 instances
Trial 0 Training MaxEntTrainer,gaussianPriorVariance=1.0 finished
Trial 0 Trainer MaxEntTrainer,gaussianPriorVariance=1.0
 Raw Testing Data
cv082_11979.txt neg neg:0.9900381886781843 pos:0.009961811321815716 
cv898_1576.txt neg neg:0.9999983665128616 pos:1.6334871384394494E-6 
cv242_11354.txt neg neg:0.6855383913111306 pos:0.31446160868886935 
cv693_18063.txt pos neg:0.978895529149883 pos:0.02110447085011706 
cv659_21483.txt neg neg:0.9999975423855765 pos:2.457614423404389E-6 
cv636_15279.txt pos pos:0.9999845814657481 neg:1.541853425191824E-5 
cv256_16529.txt neg neg:0.9999487570272543 pos:5.124297274574338E-5 
cv347_14722.txt neg neg:0.999758325877364 pos:2.4167412263612228E-4 
cv491_12992.txt neg neg:0.9999944607908959 pos:5.53920910414796E-6 
cv596_28311.txt pos pos:0.9999761307778996 neg:2.386922210032086E-5 
cv410_25624.txt neg neg:0.9996449031263827 pos:3.550968736173599E-4 
cv233_15964.txt pos pos:0.9999983481299175 neg:1.651870082522847E-6 
cv831_16325.txt neg neg:0.9103649523170688 pos:0.08963504768293123 
cv298_24487.txt neg neg:0.9999244787238847 pos:7.552127611523998E-5 
cv510_23360.txt pos pos:0.9998825224748946 neg:1.1747752510539809E-4 
cv588_14467.txt neg neg:0.999955401682397 pos:4.459831760303705E-5 
cv516_11172.txt pos pos:0.9950080397362363 neg:0.004991960263763697 
cv053_23117.txt neg neg:0.9999999999990594 pos:9.405072665051231E-13 
cv923_11951.txt neg neg:0.9999999364363579 pos:6.356364217397509E-8 
cv470_15952.txt pos neg:0.9997792985821503 pos:2.207014178496993E-4 
cv327_20292.txt pos pos:0.9995015709221517 neg:4.984290778481589E-4 
cv537_13516.txt neg neg:0.8250919849541133 pos:0.17490801504588677 
cv343_10368.txt pos pos:0.9734169051471355 neg:0.026583094852864513 
cv292_7282.txt pos pos:0.6751850366848158 neg:0.3248149633151843 
cv025_29825.txt neg pos:0.6618357382508746 neg:0.33816426174912534 
cv129_18373.txt neg neg:0.6231610270486119 pos:0.3768389729513882 
cv263_19259.txt pos pos:0.8736950107107813 neg:0.12630498928921874 
cv599_22197.txt neg neg:0.9999999151467692 pos:8.485323071893648E-8 
cv015_29356.txt neg neg:0.9965197238209259 pos:0.0034802761790741345 
cv996_11592.txt pos pos:0.9988770733725133 neg:0.0011229266274866514 
cv235_10217.txt pos pos:0.9690527441231218 neg:0.030947255876878313 
cv666_18963.txt pos pos:0.9466022567485537 neg:0.05339774325144634 
cv365_11576.txt pos pos:0.9987477805584731 neg:0.0012522194415268933 
cv172_12037.txt neg neg:0.99999840531104 pos:1.5946889599544986E-6 
cv310_14568.txt neg neg:0.9999198134587549 pos:8.018654124515848E-5 
cv697_11162.txt pos pos:0.9998499682620273 neg:1.5003173797279806E-4 
cv534_14083.txt pos pos:0.8991238671753982 neg:0.1008761328246018 
cv622_8147.txt pos pos:0.8976716966134843 neg:0.10232830338651573 
cv362_15341.txt pos pos:0.9988898114649224 neg:0.0011101885350775756 
cv816_13655.txt pos neg:0.9994007039130325 pos:5.992960869675774E-4 
cv233_17614.txt neg pos:0.7738427704270068 neg:0.22615722957299322 
cv563_18610.txt neg neg:0.9486348186423174 pos:0.05136518135768262 
cv629_14909.txt pos pos:0.9999893653671657 neg:1.063463283441966E-5 
cv020_9234.txt neg pos:0.9806797953890879 neg:0.019320204610912113 
cv724_15265.txt neg neg:0.9999597638763461 pos:4.023612365383555E-5 
cv286_26156.txt neg neg:0.9999925737692835 pos:7.426230716452386E-6 
cv357_14710.txt neg neg:0.9091555538674059 pos:0.09084444613259422 
cv595_26420.txt neg neg:0.9999976229850621 pos:2.377014937960943E-6 
cv594_11039.txt pos pos:0.9999762369234213 neg:2.376307657868289E-5 
cv572_18657.txt pos pos:0.6775772597843013 neg:0.3224227402156987 
cv828_19831.txt pos pos:0.8501159276912852 neg:0.14988407230871476 
cv736_24947.txt neg neg:0.9999999623393864 pos:3.7660613763136334E-8 
cv447_27332.txt pos pos:0.9999999195776061 neg:8.042239374717623E-8 
cv397_28890.txt neg neg:0.9982176398249425 pos:0.001782360175057496 
cv877_29132.txt neg neg:0.8006926278984375 pos:0.1993073721015625 
cv688_7884.txt neg pos:0.9429040753084786 neg:0.057095924691521346 
cv155_7308.txt pos pos:0.9999898345871914 neg:1.0165412808731988E-5 
cv306_10364.txt pos pos:0.9999999715438265 neg:2.8456173591951423E-8 
cv597_26360.txt pos pos:0.9999600175461731 neg:3.998245382676643E-5 
cv456_20370.txt neg neg:0.9476323985576005 pos:0.05236760144239934 
cv821_29283.txt neg neg:0.8476482201722668 pos:0.15235177982773326 
cv745_12773.txt pos pos:0.8279917760527508 neg:0.17200822394724918 
cv882_10026.txt pos pos:0.9926450990288831 neg:0.007354900971117 
cv476_16856.txt pos pos:0.9999991930103589 neg:8.069896411202689E-7 
cv290_11981.txt neg neg:0.9926731752160344 pos:0.007326824783965534 
cv564_12011.txt neg neg:0.6993535404246894 pos:0.3006464595753105 
cv043_15013.txt pos pos:0.9999999795335215 neg:2.0466478521354334E-8 
cv285_18186.txt neg neg:0.9999710024361979 pos:2.8997563802102807E-5 
cv971_10874.txt pos pos:0.6058008470671487 neg:0.39419915293285146 
cv182_7791.txt neg neg:0.8787284094225459 pos:0.12127159057745397 
cv450_7890.txt pos pos:0.9998452112998024 neg:1.5478870019748522E-4 
cv860_13853.txt pos pos:0.9999810462901226 neg:1.895370987732822E-5 
cv779_17881.txt pos pos:0.9722301527303714 neg:0.027769847269628688 
cv097_24970.txt pos pos:0.9996088485924268 neg:3.911514075732548E-4 
cv665_29386.txt neg neg:0.9993554422655506 pos:6.445577344493902E-4 
cv468_15228.txt pos pos:0.9999994538529468 neg:5.461470533496973E-7 
cv920_29423.txt neg pos:0.5761244981946889 neg:0.42387550180531114 
cv096_12262.txt neg neg:0.978988257645701 pos:0.02101174235429909 
cv550_23226.txt neg neg:0.9999999337808646 pos:6.621913539810192E-8 
cv391_10802.txt pos pos:0.9999997913522807 neg:2.0864771932176226E-7 
cv503_11196.txt neg neg:0.9835678522153147 pos:0.01643214778468537 
cv103_11021.txt pos neg:0.8840616997492747 pos:0.11593830025072535 
cv590_19290.txt pos neg:0.9091443482134212 pos:0.09085565178657874 
cv457_18453.txt pos pos:0.9999911249546344 neg:8.875045365520094E-6 
cv724_13681.txt pos pos:0.9990896629222571 neg:9.103370777429412E-4 
cv344_5376.txt neg neg:0.9998131932625081 pos:1.8680673749187145E-4 
cv416_11136.txt pos pos:0.9997327685408193 neg:2.672314591807349E-4 
cv856_29013.txt pos neg:0.8436346080687194 pos:0.15636539193128055 
cv438_8043.txt pos pos:0.9918869180348319 neg:0.008113081965168257 
cv607_7717.txt pos pos:0.9653918503066036 neg:0.0346081496933965 
cv184_2673.txt pos neg:0.9284926597470593 pos:0.07150734025294055 
cv862_15924.txt neg pos:0.9547875384773689 neg:0.04521246152263105 
cv134_23300.txt neg neg:0.9999566524675696 pos:4.3347532430391615E-5 
cv742_7751.txt pos pos:0.9529287820265497 neg:0.04707121797345026 
cv066_11668.txt neg neg:0.9999980052165823 pos:1.994783417703154E-6 
cv133_16336.txt pos pos:0.8993264541464191 neg:0.10067354585358092 
cv635_10022.txt pos pos:0.993867262339099 neg:0.006132737660901076 
cv330_29675.txt neg pos:0.8597621478615455 neg:0.14023785213845438 
cv751_17208.txt neg neg:0.9997083040492668 pos:2.9169595073307464E-4 
cv894_22140.txt neg neg:0.999997016311486 pos:2.9836885140229304E-6 
cv391_11615.txt neg neg:0.9997117099429943 pos:2.8829005700560403E-4 
cv104_19176.txt neg pos:0.9999708909601062 neg:2.9109039893720613E-5 
cv044_18429.txt neg neg:0.9999581538330673 pos:4.184616693276615E-5 
cv313_19337.txt neg neg:0.9990694655459047 pos:9.305344540953825E-4 
cv018_20137.txt pos pos:0.9990026729722412 neg:9.973270277586954E-4 
cv359_6751.txt neg pos:0.8023023895960516 neg:0.19769761040394837 
cv261_11855.txt neg neg:0.9999142096466821 pos:8.579035331786919E-5 
cv198_19313.txt neg neg:0.9996420123189256 pos:3.579876810743374E-4 
cv709_10529.txt pos pos:0.9747305874702584 neg:0.025269412529741412 
cv545_12014.txt pos pos:0.7932740051972521 neg:0.20672599480274786 
cv089_11418.txt pos neg:0.7091379842921522 pos:0.29086201570784775 
cv540_3092.txt neg neg:0.9999994475073256 pos:5.52492674379177E-7 
cv094_27868.txt neg pos:0.9979135141606769 neg:0.0020864858393232267 
cv837_27232.txt neg neg:0.9861576165928656 pos:0.013842383407134338 
cv342_19456.txt pos pos:0.9300978022579853 neg:0.06990219774201467 
cv300_23302.txt neg neg:0.5863705616003808 pos:0.41362943839961913 
cv493_14135.txt neg neg:0.9907477611060768 pos:0.009252238893923164 
cv127_16451.txt neg pos:0.9512499431912678 neg:0.0487500568087321 
cv301_13010.txt neg pos:0.8983399941671321 neg:0.10166000583286794 
cv674_10732.txt pos pos:0.9761013606162766 neg:0.023898639383723448 
cv250_26462.txt neg neg:0.9979917563275107 pos:0.0020082436724892807 
cv356_25163.txt pos pos:0.7500362990826253 neg:0.2499637009173748 
cv019_16117.txt neg neg:0.9999916504664075 pos:8.349533592617332E-6 
cv625_13518.txt neg neg:0.5257890765517791 pos:0.47421092344822086 
cv845_15886.txt neg pos:0.9999882431247974 neg:1.1756875202563476E-5 
cv464_15650.txt pos neg:0.9959858461671971 pos:0.004014153832803043 
cv044_16969.txt pos pos:0.9250772738956814 neg:0.07492272610431865 
cv514_11187.txt pos neg:0.9753041486039288 pos:0.02469585139607123 
cv951_11816.txt neg neg:0.6391570268831998 pos:0.3608429731168003 
cv444_9974.txt pos pos:0.9925273841991515 neg:0.0074726158008484676 
cv915_9342.txt neg neg:0.999999629533391 pos:3.7046660881899524E-7 
cv048_16828.txt pos pos:0.999716255796826 neg:2.8374420317409723E-4 
cv573_29525.txt pos pos:0.9983259649490696 neg:0.001674035050930493 
cv077_23172.txt neg neg:0.9999921966255513 pos:7.803374448676987E-6 
cv928_9478.txt neg neg:0.8807696049614937 pos:0.11923039503850627 
cv033_25680.txt neg neg:0.9905389738420797 pos:0.009461026157920415 
cv723_8648.txt pos pos:0.930515171322833 neg:0.06948482867716707 
cv283_11055.txt pos pos:0.9842460161211282 neg:0.01575398387887183 
cv335_14665.txt pos pos:0.5187203422893318 neg:0.4812796577106682 
cv299_16214.txt pos pos:0.9994415121863668 neg:5.584878136331728E-4 
cv931_18783.txt neg neg:0.7687042813662831 pos:0.2312957186337169 
cv434_5641.txt neg pos:0.7518969833875436 neg:0.24810301661245632 
cv401_13758.txt neg neg:0.9835663581572605 pos:0.016433641842739575 
cv869_23611.txt pos pos:0.9999345939557247 neg:6.54060442751986E-5 
cv997_5152.txt neg neg:0.9999610316717439 pos:3.8968328256061964E-5 
cv149_17084.txt neg neg:0.999997703396297 pos:2.2966037031086732E-6 
cv800_13494.txt neg neg:0.9607983649892021 pos:0.039201635010797965 
cv448_16409.txt neg pos:0.9713580597042113 neg:0.028641940295788745 
cv621_14368.txt pos pos:0.9998284767943452 neg:1.715232056548229E-4 
cv958_13020.txt neg pos:0.5992245396719423 neg:0.4007754603280578 
cv990_12443.txt neg neg:0.9999800408171449 pos:1.9959182855075773E-5 
cv026_29325.txt pos pos:0.6632471826205375 neg:0.3367528173794625 
cv180_17823.txt neg neg:0.9999888738164114 pos:1.1126183588613253E-5 
cv527_10338.txt neg pos:0.9060567254433325 neg:0.0939432745566674 
cv242_10638.txt pos neg:0.8352671806585598 pos:0.16473281934144013 
cv454_2053.txt pos pos:0.878766408390178 neg:0.1212335916098219 
cv209_29118.txt pos pos:0.6218749998699836 neg:0.37812500013001626 
cv994_13229.txt neg neg:0.9999999725475962 pos:2.7452403852550556E-8 
cv804_11763.txt neg pos:0.9834085696166301 neg:0.01659143038336971 
cv824_9335.txt neg pos:0.9289312755605861 neg:0.07106872443941391 
cv871_24888.txt pos neg:0.903956615349696 pos:0.09604338465030407 
cv141_17179.txt neg neg:0.9999799544622772 pos:2.004553772286382E-5 
cv118_28837.txt neg neg:0.9990995654292187 pos:9.004345707811846E-4 
cv780_8467.txt neg pos:0.7724329398296464 neg:0.22756706017035355 
cv933_23776.txt pos pos:0.9999902240225904 neg:9.775977409671976E-6 
cv050_11175.txt pos neg:0.7798417238984696 pos:0.2201582761015303 
cv120_3793.txt neg pos:0.6069025236866837 neg:0.3930974763133162 
cv061_8837.txt pos pos:0.9999993496499273 neg:6.503500727952637E-7 
cv248_13987.txt pos pos:0.9934138630623726 neg:0.006586136937627506 
cv258_5792.txt pos pos:0.9986218886691371 neg:0.0013781113308628885 
cv819_9364.txt pos pos:0.9997771585822378 neg:2.2284141776210287E-4 
cv225_29083.txt neg neg:0.9999868485084907 pos:1.315149150931574E-5 
cv287_15900.txt pos neg:0.6515858586754755 pos:0.34841414132452453 
cv250_25616.txt pos pos:0.9990372614022103 neg:9.627385977898553E-4 
cv191_29539.txt neg neg:0.9999626755580563 pos:3.7324441943562E-5 
cv993_29737.txt pos pos:0.9401773864467234 neg:0.05982261355327665 
cv400_19220.txt pos pos:0.7755307381744267 neg:0.2244692618255733 
cv303_27520.txt pos pos:0.9999991173417769 neg:8.826582229900394E-7 
cv795_10122.txt pos pos:0.9999995726010856 neg:4.2739891442604016E-7 
cv848_10036.txt pos pos:0.99994327212812 neg:5.672787188010552E-5 
cv533_9821.txt pos pos:0.969058235614792 neg:0.03094176438520815 
cv578_16825.txt neg neg:0.6171034863821567 pos:0.38289651361784316 
cv410_24266.txt pos neg:0.999952257414892 pos:4.7742585108077574E-5 
cv060_11754.txt neg pos:0.9322165958105383 neg:0.06778340418946177 
cv604_2230.txt pos neg:0.7599389376645533 pos:0.24006106233544666 
cv086_18371.txt pos pos:0.999390410884885 neg:6.095891151149915E-4 
cv987_7394.txt neg neg:0.9999967002038911 pos:3.299796108888468E-6 
cv255_15267.txt neg neg:0.9960646563211655 pos:0.0039353436788346526 
cv557_11449.txt pos pos:0.9766004932819441 neg:0.023399506718055938 
cv294_11684.txt pos pos:0.9999999300935158 neg:6.990648424639471E-8 
cv147_21193.txt pos pos:0.9999999999961837 neg:3.81627824734626E-12 
cv711_12687.txt neg neg:0.9964756879002503 pos:0.003524312099749754 
cv429_7937.txt neg neg:0.9999999896602331 pos:1.0339766826534535E-8 
cv407_22637.txt pos pos:0.9982445629159091 neg:0.0017554370840908177 
cv196_29027.txt pos pos:0.9995794273977243 neg:4.205726022756467E-4 
cv491_12145.txt pos pos:0.9592599294262026 neg:0.0407400705737973 
cv411_16799.txt neg neg:0.9993388970167258 pos:6.611029832740975E-4 
cv633_29730.txt neg neg:0.9999856725621343 pos:1.4327437865608814E-5 
cv943_22488.txt pos pos:0.9660435562595835 neg:0.03395644374041651 
cv813_6534.txt pos pos:0.9999998671308726 neg:1.328691272776524E-7 
Trial 0 Trainer MaxEntTrainer,gaussianPriorVariance=1.0 Training Data Confusion Matrix
Confusion Matrix, row=true, column=predicted  accuracy=1.0
  label   0   1  |total
  0 neg 900   .  |900
  1 pos   . 900  |900

Trial 0 Trainer MaxEntTrainer,gaussianPriorVariance=1.0 training data accuracy= 1.0
Trial 0 Trainer MaxEntTrainer,gaussianPriorVariance=1.0 Test Data Confusion Matrix
Confusion Matrix, row=true, column=predicted  accuracy=0.81
  label   0   1  |total
  0 neg  78  22  |100
  1 pos  16  84  |100

Trial 0 Trainer MaxEntTrainer,gaussianPriorVariance=1.0 test data accuracy= 0.81

MaxEntTrainer,gaussianPriorVariance=1.0
Summary. train accuracy mean = 1.0 stddev = 0.0 stderr = 0.0
Summary. test accuracy mean = 0.81 stddev = 0.0 stderr = 0.0
