
-------------------- Trial 0  --------------------

Trial 0 Training MaxEntTrainer,gaussianPriorVariance=1.0 with 1800 instances
Trial 0 Training MaxEntTrainer,gaussianPriorVariance=1.0 finished
Trial 0 Trainer MaxEntTrainer,gaussianPriorVariance=1.0
 Raw Testing Data
cv520_13297.txt neg neg:0.8668474724212298 pos:0.13315252757877022 
cv978_20929.txt pos pos:0.6118709430986476 neg:0.3881290569013524 
cv090_0042.txt pos pos:0.7225031150637732 neg:0.2774968849362268 
cv337_29181.txt pos pos:0.8365829029926113 neg:0.16341709700738877 
cv162_10424.txt pos neg:0.9945743917983243 pos:0.0054256082016756 
cv560_17175.txt pos pos:0.9996406673857408 neg:3.5933261425919393E-4 
cv435_23110.txt pos neg:0.5087708977103976 pos:0.4912291022896024 
cv685_5710.txt neg neg:0.8279737196594794 pos:0.17202628034052064 
cv618_8974.txt pos pos:0.9998647201047497 neg:1.3527989525027566E-4 
cv272_20313.txt neg neg:0.9697868543493079 pos:0.030213145650692216 
cv336_10363.txt neg neg:0.9991196614977146 pos:8.803385022854177E-4 
cv262_13812.txt neg pos:0.6902840207582465 neg:0.3097159792417536 
cv294_12695.txt neg neg:0.6417440644564477 pos:0.3582559355435523 
cv326_13295.txt pos neg:0.5358419072644889 pos:0.4641580927355111 
cv702_11500.txt pos pos:0.5579225707546144 neg:0.4420774292453857 
cv381_20172.txt pos pos:0.9587965483251515 neg:0.04120345167484854 
cv506_17521.txt neg neg:0.7417652401545362 pos:0.25823475984546385 
cv569_26381.txt pos pos:0.987245160390298 neg:0.012754839609702017 
cv366_10221.txt pos pos:0.9580305142832014 neg:0.041969485716798614 
cv023_13847.txt neg neg:0.9509585878120705 pos:0.049041412187929505 
cv122_7891.txt neg neg:0.8196860939591346 pos:0.18031390604086547 
cv987_6965.txt pos pos:0.6088494257782003 neg:0.3911505742217997 
cv419_13394.txt pos neg:0.8225819293330038 pos:0.1774180706669963 
cv003_12683.txt neg neg:0.9573259457687259 pos:0.04267405423127415 
cv926_17059.txt pos neg:0.587235873076167 pos:0.4127641269238331 
cv403_6721.txt neg neg:0.9244210075809418 pos:0.07557899241905813 
cv404_21805.txt neg neg:0.995158039158046 pos:0.004841960841953974 
cv870_18090.txt neg neg:0.7047270651878026 pos:0.29527293481219735 
cv355_16413.txt pos pos:0.9821790981078217 neg:0.01782090189217844 
cv199_9629.txt pos pos:0.9421535576218901 neg:0.05784644237810978 
cv443_21118.txt pos pos:0.9485083686048438 neg:0.05149163139515629 
cv280_8651.txt neg neg:0.9866726794730918 pos:0.013327320526908113 
cv022_12864.txt pos neg:0.9762404347828202 pos:0.023759565217179843 
cv284_19119.txt pos pos:0.975114590516584 neg:0.024885409483415985 
cv751_15719.txt pos pos:0.9594080941860037 neg:0.040591905813996236 
cv803_8207.txt pos pos:0.999647430483367 neg:3.525695166330285E-4 
cv731_4136.txt pos pos:0.9304298812051015 neg:0.06957011879489852 
cv459_20319.txt pos pos:0.9288166061326716 neg:0.07118339386732846 
cv257_10975.txt pos neg:0.7341209203668628 pos:0.2658790796331372 
cv907_3193.txt neg neg:0.9551935367703196 pos:0.044806463229680425 
cv787_13743.txt pos neg:0.7354069259501456 pos:0.2645930740498544 
cv341_25667.txt neg neg:0.999529315693529 pos:4.7068430647089924E-4 
cv158_10390.txt pos pos:0.9917549142568184 neg:0.0082450857431817 
cv037_18510.txt pos pos:0.9957451069780976 neg:0.004254893021902426 
cv629_16604.txt neg neg:0.8695326455912041 pos:0.13046735440879592 
cv630_10152.txt neg neg:0.9975533185550005 pos:0.0024466814449993885 
cv606_17672.txt neg neg:0.9473048213227604 pos:0.05269517867723972 
cv888_25678.txt neg neg:0.8182993681308073 pos:0.18170063186919275 
cv128_29444.txt neg neg:0.653491664431808 pos:0.34650833556819194 
cv109_21172.txt pos pos:0.9140773727141089 neg:0.08592262728589112 
cv004_11636.txt pos neg:0.9193352959515728 pos:0.08066470404842724 
cv828_21392.txt neg neg:0.7675140041560944 pos:0.23248599584390564 
cv839_22807.txt neg neg:0.886207100467056 pos:0.11379289953294397 
cv910_20488.txt pos pos:0.9612917188280217 neg:0.03870828117197825 
cv329_29370.txt pos neg:0.6177823038652496 pos:0.3822176961347505 
cv849_15729.txt pos pos:0.6232000303150178 neg:0.3767999696849822 
cv288_18791.txt pos pos:0.8781961305282623 neg:0.12180386947173784 
cv764_11739.txt pos pos:0.9719090117503413 neg:0.028090988249658746 
cv392_11458.txt pos pos:0.9838813995188801 neg:0.016118600481119953 
cv901_11017.txt pos pos:0.5622039747922158 neg:0.4377960252077842 
cv563_17257.txt pos pos:0.6859728780028326 neg:0.3140271219971674 
cv179_9533.txt neg neg:0.953602827415738 pos:0.046397172584262014 
cv639_10797.txt neg neg:0.9458646254880644 pos:0.05413537451193565 
cv866_29447.txt neg pos:0.5581320661597532 neg:0.44186793384024675 
cv925_9459.txt neg neg:0.9381096276673315 pos:0.06189037233266851 
cv218_24352.txt pos pos:0.6320221825799891 neg:0.36797781742001096 
cv589_12853.txt neg neg:0.997137691820619 pos:0.002862308179380922 
cv570_29082.txt pos pos:0.9931029251220245 neg:0.006897074877975517 
cv826_11834.txt pos pos:0.9836329535533382 neg:0.01636704644666168 
cv529_10420.txt pos neg:0.6527771492115194 pos:0.3472228507884807 
cv597_26744.txt neg neg:0.9951494744044957 pos:0.004850525595504281 
cv225_29224.txt pos pos:0.9293971421361669 neg:0.07060285786383322 
cv653_2107.txt neg neg:0.9972668909946197 pos:0.0027331090053803065 
cv675_21588.txt pos pos:0.9444100851831174 neg:0.05558991481688262 
cv726_4719.txt pos neg:0.940143433348374 pos:0.059856566651625955 
cv876_9390.txt pos neg:0.8791006839449022 pos:0.12089931605509789 
cv243_22164.txt neg neg:0.7182611267282999 pos:0.28173887327170016 
cv074_7188.txt neg neg:0.9608208864843598 pos:0.039179113515640254 
cv684_11798.txt pos neg:0.584037668672712 pos:0.415962331327288 
cv829_21725.txt neg neg:0.9522128584801538 pos:0.04778714151984619 
cv139_12873.txt pos pos:0.7336588221597855 neg:0.2663411778402145 
cv989_17297.txt neg neg:0.9655704870674221 pos:0.03442951293257798 
cv971_11790.txt neg neg:0.9266405576972613 pos:0.07335944230273864 
cv306_10859.txt neg neg:0.8924212349648585 pos:0.10757876503514155 
cv445_25882.txt pos pos:0.9932988746369028 neg:0.006701125363097097 
cv688_7368.txt pos pos:0.7834667969113667 neg:0.2165332030886333 
cv656_24201.txt pos pos:0.9355511256582106 neg:0.06444887434178943 
cv977_4776.txt neg neg:0.9927115924271087 pos:0.007288407572891318 
cv212_10054.txt neg neg:0.9999023178278658 pos:9.768217213426091E-5 
cv041_22364.txt neg pos:0.6258130843595677 neg:0.3741869156404323 
cv953_6836.txt pos pos:0.999783367149999 neg:2.1663285000087963E-4 
cv479_5649.txt pos pos:0.91434932549325 neg:0.08565067450675004 
cv159_29374.txt neg neg:0.733658392889808 pos:0.2663416071101919 
cv311_16002.txt pos pos:0.8941153459707903 neg:0.10588465402920967 
cv113_24354.txt neg neg:0.9948564254957659 pos:0.005143574504234096 
cv239_29828.txt neg neg:0.6901345957364793 pos:0.3098654042635207 
cv377_7946.txt pos pos:0.9989697103834697 neg:0.0010302896165302158 
cv055_8926.txt neg neg:0.9428847568549646 pos:0.05711524314503525 
cv598_16452.txt pos pos:0.7094228808061933 neg:0.29057711919380663 
cv776_21934.txt neg neg:0.8964977059341619 pos:0.10350229406583814 
cv206_14293.txt pos pos:0.9679854941654545 neg:0.03201450583454537 
cv767_15673.txt neg pos:0.7330082204851935 neg:0.2669917795148065 
cv490_18986.txt neg neg:0.792831615553902 pos:0.20716838444609792 
cv455_28866.txt neg pos:0.7914796877579573 neg:0.20852031224204276 
cv593_11931.txt neg neg:0.9922873660602479 pos:0.00771263393975209 
cv412_24095.txt pos pos:0.7928310490494597 neg:0.20716895095054022 
cv144_5007.txt pos pos:0.991127707770233 neg:0.008872292229767178 
cv578_15094.txt pos pos:0.6459861130934624 neg:0.35401388690653757 
cv086_19488.txt neg neg:0.9729155222610455 pos:0.02708447773895445 
cv152_8736.txt pos pos:0.8627036195711693 neg:0.13729638042883077 
cv810_12458.txt pos pos:0.9866497967736966 neg:0.013350203226303365 
cv409_29625.txt neg pos:0.52898852476586 neg:0.47101147523414 
cv556_16563.txt neg neg:0.818279446711223 pos:0.181720553288777 
cv934_20426.txt neg neg:0.9990444667707291 pos:9.55533229270864E-4 
cv914_28742.txt pos neg:0.7125434007251924 pos:0.2874565992748076 
cv778_18629.txt neg neg:0.9709943074098879 pos:0.029005692590112177 
cv238_12931.txt pos pos:0.6284739475072381 neg:0.3715260524927619 
cv605_12730.txt neg pos:0.9187372844305586 neg:0.08126271556944144 
cv641_12349.txt pos pos:0.7042745406530888 neg:0.29572545934691125 
cv067_21192.txt neg neg:0.9820410873698698 pos:0.017958912630130178 
cv798_23531.txt pos neg:0.7243078305975521 pos:0.2756921694024479 
cv797_7245.txt neg neg:0.8064043503396532 pos:0.1935956496603468 
cv543_5045.txt pos pos:0.945444608744304 neg:0.05455539125569593 
cv787_15277.txt neg neg:0.9962272180137219 pos:0.0037727819862781492 
cv693_19147.txt neg neg:0.7945537165168749 pos:0.20544628348312508 
cv274_25253.txt pos pos:0.9861276260626258 neg:0.013872373937374127 
cv440_16891.txt neg neg:0.5171703734757768 pos:0.4828296265242232 
cv184_26935.txt neg neg:0.9069336230721218 pos:0.09306637692787825 
cv351_15458.txt pos pos:0.8016359994698008 neg:0.1983640005301992 
cv748_12786.txt pos pos:0.8384319727243965 neg:0.16156802727560354 
cv276_15684.txt pos pos:0.9838113380756518 neg:0.016188661924348178 
cv510_24758.txt neg neg:0.8930890308550867 pos:0.10691096914491324 
cv524_23627.txt pos pos:0.9192008349988489 neg:0.08079916500115117 
cv395_11761.txt neg neg:0.9910065408445446 pos:0.008993459155455458 
cv781_5262.txt pos pos:0.9920396171530758 neg:0.007960382846924331 
cv893_26731.txt neg neg:0.9991444261484096 pos:8.555738515904415E-4 
cv182_7281.txt pos pos:0.8533734551376534 neg:0.1466265448623466 
cv752_25330.txt neg pos:0.9095025399533153 neg:0.09049746004668464 
cv914_2856.txt neg neg:0.7583862002167289 pos:0.241613799783271 
cv637_13682.txt neg neg:0.9674320061630836 pos:0.03256799383691651 
cv005_29443.txt pos pos:0.9952095929960023 neg:0.004790407003997668 
cv937_9811.txt pos neg:0.6450127043213933 pos:0.3549872956786066 
cv753_11812.txt neg neg:0.810813476960919 pos:0.18918652303908107 
cv147_22625.txt neg neg:0.590581983362516 pos:0.4094180166374841 
cv697_12106.txt neg pos:0.7344525794411435 neg:0.2655474205588565 
cv817_4041.txt pos pos:0.9112607443268845 neg:0.08873925567311544 
cv118_28980.txt pos neg:0.9981804634072591 pos:0.001819536592740906 
cv094_27889.txt pos pos:0.9911178280764585 neg:0.008882171923541347 
cv042_11927.txt neg pos:0.6728109377393722 neg:0.3271890622606279 
cv644_17154.txt pos pos:0.9640675029414294 neg:0.03593249705857057 
cv528_11669.txt neg neg:0.8363530120709302 pos:0.1636469879290699 
cv508_17742.txt neg neg:0.9259488195011424 pos:0.07405118049885756 
cv271_13837.txt pos pos:0.5954876817810731 neg:0.4045123182189269 
cv546_11767.txt pos pos:0.9747342463087343 neg:0.02526575369126572 
cv282_6653.txt pos neg:0.755785217128048 pos:0.24421478287195192 
cv009_29417.txt neg neg:0.9977548817994029 pos:0.0022451182005971417 
cv590_20712.txt neg neg:0.9955787197190922 pos:0.004421280280907778 
cv372_6654.txt neg neg:0.9667271850971204 pos:0.033272814902879574 
cv512_17618.txt neg neg:0.9803733084218794 pos:0.01962669157812061 
cv610_2287.txt pos pos:0.7675618947094914 neg:0.23243810529050846 
cv626_7410.txt pos pos:0.9655176272348214 neg:0.03448237276517864 
cv695_22268.txt neg neg:0.9998371583809511 pos:1.6284161904890336E-4 
cv032_23718.txt neg pos:0.6541671490889343 neg:0.3458328509110658 
cv784_14394.txt pos pos:0.606530276573285 neg:0.39346972342671493 
cv057_7962.txt neg neg:0.798453357812208 pos:0.20154664218779203 
cv201_6997.txt pos pos:0.5799084958894781 neg:0.4200915041105218 
cv505_12090.txt pos pos:0.945226534590344 neg:0.05477346540965591 
cv432_14224.txt pos neg:0.9065223975839752 pos:0.09347760241602478 
cv125_9636.txt neg pos:0.672215275282424 neg:0.3277847247175761 
cv192_16079.txt neg neg:0.9908358311490182 pos:0.009164168850981792 
cv068_14810.txt neg neg:0.8431035537921118 pos:0.1568964462078883 
cv485_26879.txt neg neg:0.9599285721449583 pos:0.04007142785504173 
cv941_10718.txt neg pos:0.9794501334945495 neg:0.020549866505450473 
cv204_8930.txt neg neg:0.9904530220461831 pos:0.009546977953816815 
cv815_23466.txt neg neg:0.9414113921969636 pos:0.0585886078030365 
cv717_17472.txt neg neg:0.9992007704676863 pos:7.992295323136399E-4 
cv080_14899.txt neg neg:0.740088789916705 pos:0.259911210083295 
cv110_27788.txt pos pos:0.8696776053841135 neg:0.1303223946158865 
cv462_19350.txt pos neg:0.8776422778887019 pos:0.12235772211129813 
cv640_5378.txt pos pos:0.9511488756607356 neg:0.048851124339264355 
cv398_17047.txt neg neg:0.9994497821375077 pos:5.502178624921985E-4 
cv616_29187.txt neg pos:0.8488208783933392 neg:0.1511791216066608 
cv412_25254.txt neg neg:0.9998508669199295 pos:1.4913308007047927E-4 
cv045_25077.txt neg neg:0.9741777547020081 pos:0.02582224529799184 
cv193_5393.txt neg pos:0.5764832182383148 neg:0.42351678176168506 
cv292_7804.txt neg neg:0.9999364221235717 pos:6.357787642832486E-5 
cv857_17527.txt neg neg:0.6215609996084843 pos:0.3784390003915156 
cv752_24155.txt pos pos:0.9625820546331089 neg:0.03741794536689121 
cv824_8838.txt pos pos:0.9937816158543219 neg:0.006218384145678064 
cv079_12766.txt neg neg:0.9997233207806377 pos:2.7667921936231444E-4 
cv328_10373.txt pos neg:0.9782941968440607 pos:0.02170580315593933 
cv266_26644.txt neg pos:0.785845814537647 neg:0.21415418546235301 
cv364_12901.txt pos pos:0.9040981277294756 neg:0.0959018722705243 
cv039_6170.txt pos pos:0.5339880886828879 neg:0.46601191131711206 
cv027_26270.txt neg neg:0.9919274098801215 pos:0.008072590119878627 
cv369_12886.txt pos pos:0.5861732237573688 neg:0.41382677624263126 
cv651_11120.txt neg neg:0.7045347686148994 pos:0.2954652313851007 
cv249_12674.txt neg neg:0.9969447340735903 pos:0.00305526592640968 
cv261_10954.txt pos pos:0.9824468745649418 neg:0.017553125435058218 
cv507_9220.txt pos neg:0.9887109737371973 pos:0.011289026262802634 
Trial 0 Trainer MaxEntTrainer,gaussianPriorVariance=1.0 Training Data Confusion Matrix
Confusion Matrix, row=true, column=predicted  accuracy=0.9838888888888889
  label   0   1  |total
  0 neg 886  14  |900
  1 pos  15 885  |900

Trial 0 Trainer MaxEntTrainer,gaussianPriorVariance=1.0 training data accuracy= 0.9838888888888889
Trial 0 Trainer MaxEntTrainer,gaussianPriorVariance=1.0 Test Data Confusion Matrix
Confusion Matrix, row=true, column=predicted  accuracy=0.805
  label   0   1  |total
  0 neg  84  16  |100
  1 pos  23  77  |100

Trial 0 Trainer MaxEntTrainer,gaussianPriorVariance=1.0 test data accuracy= 0.805

MaxEntTrainer,gaussianPriorVariance=1.0
Summary. train accuracy mean = 0.9838888888888889 stddev = 0.0 stderr = 0.0
Summary. test accuracy mean = 0.805 stddev = 0.0 stderr = 0.0
