
-------------------- Trial 0  --------------------

Trial 0 Training MaxEntTrainer,gaussianPriorVariance=1.0 with 1800 instances
Trial 0 Training MaxEntTrainer,gaussianPriorVariance=1.0 finished
Trial 0 Trainer MaxEntTrainer,gaussianPriorVariance=1.0
 Raw Testing Data
cv133_18065.txt neg neg:0.9869709549765053 pos:0.013029045023494577 
cv478_15921.txt neg neg:0.9961675905918942 pos:0.0038324094081057 
cv782_19526.txt pos pos:0.9929730931803128 neg:0.007026906819687135 
cv112_11193.txt pos pos:0.8220493314913985 neg:0.17795066850860153 
cv408_5297.txt pos neg:0.5150972371447087 pos:0.48490276285529127 
cv011_12166.txt pos pos:0.9832363522829338 neg:0.016763647717066264 
cv367_24065.txt neg neg:0.9999997625138457 pos:2.3748615420838698E-7 
cv348_18176.txt pos pos:0.9978459511545756 neg:0.0021540488454243477 
cv070_12289.txt pos pos:0.9999868671692645 neg:1.3132830735487047E-5 
cv433_10443.txt neg pos:0.9938925888837264 neg:0.006107411116273694 
cv031_18452.txt pos pos:0.9206026499127937 neg:0.07939735008720636 
cv649_12735.txt pos pos:0.9966387969386433 neg:0.0033612030613566772 
cv343_10906.txt neg neg:0.8973413228902081 pos:0.10265867710979182 
cv390_12187.txt neg neg:0.9741656850797412 pos:0.02583431492025888 
cv794_17353.txt neg neg:0.9950801519053292 pos:0.004919848094670825 
cv922_10073.txt pos pos:0.9999999997944948 neg:2.0550525951415402E-10 
cv437_24070.txt neg neg:0.9998792576391642 pos:1.2074236083573747E-4 
cv785_22600.txt pos pos:0.9995596661467275 neg:4.403338532726244E-4 
cv515_18484.txt neg neg:0.7958294374842171 pos:0.2041705625157829 
cv492_19370.txt neg neg:0.9994572101385553 pos:5.427898614447346E-4 
cv279_18329.txt pos pos:0.9873063549938992 neg:0.012693645006100962 
cv435_24355.txt neg neg:0.6449045282034529 pos:0.35509547179654705 
cv534_15683.txt neg pos:0.8097336579793452 neg:0.19026634202065482 
cv867_16661.txt pos pos:0.9636826238062629 neg:0.036317376193737226 
cv838_25886.txt neg pos:0.9973236864392323 neg:0.0026763135607676823 
cv479_5450.txt neg neg:0.9996338490677157 pos:3.661509322842306E-4 
cv078_14730.txt pos pos:0.9999785135994825 neg:2.148640051756739E-5 
cv701_15880.txt neg pos:0.992581769694679 neg:0.007418230305321043 
cv377_8440.txt neg neg:0.6381818832804773 pos:0.3618181167195226 
cv860_15520.txt neg neg:0.9999969136422443 pos:3.0863577556847452E-6 
cv776_20529.txt pos pos:0.9996253873246341 neg:3.74612675365818E-4 
cv240_14336.txt pos pos:0.9999997384501689 neg:2.6154983111567445E-7 
cv783_13227.txt pos pos:0.7681357107947185 neg:0.23186428920528157 
cv991_19973.txt neg neg:0.9964771024817616 pos:0.0035228975182385472 
cv823_17055.txt neg neg:0.997499478434562 pos:0.0025005215654379798 
cv352_5414.txt neg neg:0.9999760515721686 pos:2.3948427831229115E-5 
cv350_22139.txt neg neg:0.9177235794326856 pos:0.08227642056731439 
cv817_3675.txt neg neg:0.8552124078046328 pos:0.1447875921953671 
cv917_29715.txt pos pos:0.9834329988114656 neg:0.016567001188534332 
cv834_22195.txt pos pos:0.9994894001199305 neg:5.10599880069552E-4 
cv177_10904.txt neg neg:0.9911944388218736 pos:0.00880556117812637 
cv045_23923.txt pos pos:0.9998864776493838 neg:1.1352235061618892E-4 
cv131_11568.txt neg neg:0.9999872451897539 pos:1.2754810246091222E-5 
cv572_20053.txt neg neg:0.9993309997333633 pos:6.69000266636784E-4 
cv241_23130.txt pos pos:0.998214311215801 neg:0.0017856887841990535 
cv141_15686.txt pos pos:0.7332957058216625 neg:0.26670429417833746 
cv523_18285.txt neg neg:0.9922382515467202 pos:0.00776174845327983 
cv375_9929.txt pos pos:0.9981584609185586 neg:0.00184153908144137 
cv346_18168.txt pos neg:0.9843554279401507 pos:0.015644572059849295 
cv428_12202.txt neg neg:0.9999999666745125 pos:3.332548756107667E-8 
cv552_0150.txt neg neg:0.9937552812895175 pos:0.006244718710482425 
cv802_28381.txt neg neg:0.9998924933338588 pos:1.0750666614127725E-4 
cv507_9509.txt neg neg:0.9925398303149985 pos:0.007460169685001528 
cv201_7421.txt neg pos:0.9666763681155692 neg:0.03332363188443076 
cv259_11827.txt neg neg:0.9999998397338604 pos:1.6026613957370266E-7 
cv349_13507.txt pos pos:0.9983422750332672 neg:0.001657724966732823 
cv458_8604.txt pos pos:0.9991882138465509 neg:8.117861534491684E-4 
cv651_10492.txt pos neg:0.672286172575152 pos:0.3277138274248479 
cv880_29800.txt pos pos:0.998859532932237 neg:0.0011404670677631335 
cv932_14854.txt neg neg:0.999999999202206 pos:7.977939426840595E-10 
cv314_14422.txt pos neg:0.5791204064211267 pos:0.42087959357887333 
cv277_19091.txt pos pos:0.8135080701720199 neg:0.18649192982798007 
cv105_19135.txt neg pos:0.8657817033528449 neg:0.134218296647155 
cv272_18974.txt pos neg:0.9938195050256944 pos:0.006180494974305731 
cv795_10291.txt neg neg:0.9999751810637602 pos:2.4818936239887024E-5 
cv096_11474.txt pos pos:0.9999876855017111 neg:1.2314498288800618E-5 
cv866_29691.txt pos pos:0.9996501922505133 neg:3.4980774948662033E-4 
cv136_11505.txt pos pos:0.9994231860843796 neg:5.768139156203578E-4 
cv664_4389.txt pos pos:0.7431558731680146 neg:0.25684412683198554 
cv179_9228.txt pos pos:0.9953739774473068 neg:0.004626022552693332 
cv528_10822.txt pos pos:0.9995277537028902 neg:4.722462971098224E-4 
cv995_21821.txt pos pos:0.9999999999976643 neg:2.3357867769639782E-12 
cv475_22978.txt neg pos:0.9910149826884719 neg:0.00898501731152815 
cv070_13249.txt neg neg:0.9861759238436898 pos:0.013824076156310339 
cv657_25835.txt neg neg:0.9997603297741785 pos:2.3967022582138981E-4 
cv969_14760.txt neg pos:0.6793781663016687 neg:0.32062183369833125 
cv935_23841.txt pos pos:0.9999998106600204 neg:1.89339979567216E-7 
cv920_29622.txt pos pos:0.9899526135175748 neg:0.010047386482425199 
cv126_28821.txt neg neg:0.9999998285263009 pos:1.7147369907319377E-7 
cv668_17604.txt pos pos:0.9999997124067134 neg:2.8759328664244485E-7 
cv521_1730.txt neg neg:0.9993396727062934 pos:6.603272937065944E-4 
cv790_14600.txt pos neg:0.7697070428558543 pos:0.23029295714414566 
cv822_21545.txt neg pos:0.8659247643281676 neg:0.13407523567183244 
cv247_14668.txt neg neg:0.8511245405422657 pos:0.14887545945773425 
cv972_26417.txt pos pos:0.9905787104962771 neg:0.00942128950372279 
cv675_22871.txt neg pos:0.9771216927634332 neg:0.022878307236566864 
cv509_17354.txt neg pos:0.7745235393542713 neg:0.2254764606457286 
cv952_25240.txt pos pos:0.9061561968981032 neg:0.0938438031018968 
cv205_9676.txt neg neg:0.8882487382509295 pos:0.1117512617490704 
cv734_21568.txt pos pos:0.8474914817955024 neg:0.15250851820449765 
cv968_24218.txt pos pos:0.9999803161968234 neg:1.9683803176680208E-5 
cv502_10970.txt neg pos:0.6694810833853754 neg:0.3305189166146247 
cv406_22199.txt neg neg:0.9999995526002073 pos:4.4739979276458073E-7 
cv275_28725.txt neg neg:0.7616819599990428 pos:0.23831804000095724 
cv806_9405.txt neg neg:0.9996835363380997 pos:3.1646366190042277E-4 
cv290_11084.txt pos pos:0.9892878771691548 neg:0.010712122830845267 
cv439_17633.txt neg neg:0.9998003998233905 pos:1.9960017660944525E-4 
cv372_6552.txt pos pos:0.7981940096103263 neg:0.20180599038967365 
cv014_15600.txt neg neg:0.999889108098687 pos:1.1089190131285767E-4 
cv531_26838.txt neg neg:0.9994540420203425 pos:5.459579796575444E-4 
cv367_22792.txt pos pos:0.9999988042976033 neg:1.195702396581091E-6 
cv818_10211.txt pos pos:0.9999997784003312 neg:2.2159966887323076E-7 
cv642_29788.txt neg neg:0.9977562285377324 pos:0.0022437714622675037 
cv925_8969.txt pos neg:0.7333239285669828 pos:0.2666760714330171 
cv936_17473.txt neg neg:0.9999868532387973 pos:1.31467612027262E-5 
cv228_5806.txt pos pos:0.9999983161781816 neg:1.6838218183743515E-6 
cv912_5562.txt neg neg:0.999999809873438 pos:1.901265621763293E-7 
cv308_5016.txt pos pos:0.9995243192967592 neg:4.756807032407815E-4 
cv749_18960.txt neg neg:0.9999999998968487 pos:1.0315120933818657E-10 
cv087_1989.txt pos pos:0.9999999487832592 neg:5.1216740868208696E-8 
cv442_15499.txt neg neg:0.9999989557425819 pos:1.0442574180074444E-6 
cv812_17924.txt pos pos:0.99996336959429 neg:3.663040571000592E-5 
cv255_13683.txt pos pos:0.7994317317795654 neg:0.20056826822043455 
cv421_9752.txt neg neg:0.8238015462296214 pos:0.17619845377037868 
cv783_14724.txt neg neg:0.999994389010972 pos:5.610989027942168E-6 
cv102_7846.txt pos pos:0.6113931353358488 neg:0.3886068646641512 
cv174_9735.txt neg neg:0.9994838859050375 pos:5.16114094962614E-4 
cv326_14777.txt neg neg:0.983417146402547 pos:0.016582853597453016 
cv704_15969.txt pos pos:0.986662174366797 neg:0.013337825633202923 
cv398_15537.txt pos pos:0.9999877968545233 neg:1.2203145476712579E-5 
cv584_29722.txt pos pos:0.9998611362453382 neg:1.3886375466173382E-4 
cv645_17078.txt neg pos:0.9051148099854611 neg:0.0948851900145388 
cv352_5524.txt pos pos:0.9998696446921473 neg:1.303553078526585E-4 
cv701_14252.txt pos pos:0.9999991025848336 neg:8.974151663124413E-7 
cv986_13527.txt pos pos:0.9858543583514513 neg:0.0141456416485488 
cv756_23676.txt neg neg:0.9999839496100281 pos:1.6050389971807068E-5 
cv576_14094.txt pos pos:0.8927951992485149 neg:0.10720480075148521 
cv988_20168.txt neg neg:0.9999998594802859 pos:1.4051971399504648E-7 
cv297_10104.txt neg neg:0.9999391045509041 pos:6.089544909586009E-5 
cv747_18189.txt neg pos:0.995825080657749 neg:0.004174919342251052 
cv596_4367.txt neg pos:0.9485338879311443 neg:0.051466112068855534 
cv243_20728.txt pos pos:0.9999998002396274 neg:1.997603725281929E-7 
cv473_7869.txt neg neg:0.5907814283097322 pos:0.40921857169026776 
cv364_14254.txt neg neg:0.9748644550434596 pos:0.025135544956540277 
cv670_25826.txt pos pos:0.7420828506848168 neg:0.2579171493151832 
cv117_25625.txt neg neg:0.9996964123281815 pos:3.0358767181854764E-4 
cv417_13115.txt pos pos:0.9786237914946364 neg:0.021376208505363682 
cv318_10493.txt pos pos:0.9839099905607636 neg:0.01609000943923629 
cv802_28664.txt pos pos:0.999979230572458 neg:2.076942754207051E-5 
cv425_8603.txt neg neg:0.9999547932908264 pos:4.520670917374269E-5 
cv986_15092.txt neg neg:0.9649851862393154 pos:0.03501481376068456 
cv460_11723.txt neg neg:0.9989447912162029 pos:0.0010552087837970136 
cv934_19027.txt pos pos:0.9996590197009794 neg:3.409802990205669E-4 
cv535_21183.txt neg neg:0.9969380445531285 pos:0.0030619554468713757 
cv394_5137.txt pos pos:0.9999405300189597 neg:5.946998104026375E-5 
cv700_21947.txt pos neg:0.702899932414012 pos:0.2971000675859879 
cv323_29805.txt pos pos:0.9999744740106142 neg:2.5525989385783093E-5 
cv293_29731.txt neg neg:0.9999537105518255 pos:4.628944817443911E-5 
cv022_14227.txt neg neg:0.9999999993175577 pos:6.824423017634085E-10 
cv879_16585.txt neg neg:0.9141864083502337 pos:0.08581359164976622 
cv207_29284.txt pos pos:0.9882065057880985 neg:0.011793494211901512 
cv966_28671.txt neg neg:0.999965559414378 pos:3.444058562203585E-5 
cv004_12641.txt neg neg:0.999827735254253 pos:1.7226474574703828E-4 
cv091_7400.txt pos pos:0.7064945427385245 neg:0.2935054572614755 
cv731_3968.txt neg neg:0.9997351545510698 pos:2.6484544893025483E-4 
cv567_29611.txt pos pos:0.9999999822718327 neg:1.7728167175443958E-8 
cv704_17622.txt neg neg:0.9995937750864194 pos:4.062249135805322E-4 
cv207_29141.txt neg pos:0.9374006198280437 neg:0.06259938017195645 
cv804_10862.txt pos pos:0.9989163888263198 neg:0.0010836111736802218 
cv581_19381.txt pos pos:0.9999989385031399 neg:1.06149685999876E-6 
cv685_5947.txt pos pos:0.9376881933589832 neg:0.062311806641016834 
cv913_29127.txt neg neg:0.6568897446238732 pos:0.3431102553761267 
cv672_27988.txt neg neg:0.9910349616628451 pos:0.008965038337154934 
cv417_14653.txt neg neg:0.9959871035625913 pos:0.00401289643740852 
cv861_1198.txt pos neg:0.5178563776154036 pos:0.48214362238459646 
cv177_10367.txt pos pos:0.999914567503641 neg:8.543249635904714E-5 
cv132_5618.txt pos pos:0.9868107978104569 neg:0.01318920218954326 
cv427_11693.txt neg pos:0.9858261783008947 neg:0.014173821699105263 
cv582_6559.txt pos pos:0.999999028201384 neg:9.717986160464759E-7 
cv814_20316.txt neg neg:0.9994665498091839 pos:5.334501908159803E-4 
cv533_9843.txt neg neg:0.9999992712403398 pos:7.287596601132023E-7 
cv863_7912.txt neg neg:0.998274368438737 pos:0.0017256315612631358 
cv799_18543.txt pos pos:0.9278217495746965 neg:0.07217825042530351 
cv518_14798.txt neg neg:0.9900508072789506 pos:0.009949192721049544 
cv231_10425.txt pos pos:0.9999999985222456 neg:1.4777542699084557E-9 
cv298_23111.txt pos pos:0.9999999791793157 neg:2.082068435435678E-8 
cv800_12368.txt pos pos:0.9999992381532739 neg:7.618467261761417E-7 
cv656_25395.txt neg neg:0.9999999979748961 pos:2.0251039280100126E-9 
cv156_10481.txt pos neg:0.8663135752123081 pos:0.13368642478769185 
cv735_18801.txt pos pos:0.9395820716521359 neg:0.060417928347864004 
cv522_5583.txt pos pos:0.9942055746030505 neg:0.005794425396949441 
cv482_10580.txt pos pos:0.6893984126976919 neg:0.31060158730230814 
cv497_26980.txt pos pos:0.999438806748794 neg:5.611932512058499E-4 
cv036_16831.txt pos pos:0.9624272641228939 neg:0.03757273587710602 
cv950_13478.txt neg neg:0.9999999996588274 pos:3.4117264096349496E-10 
cv922_10185.txt neg neg:0.9992461673981585 pos:7.538326018415127E-4 
cv615_15734.txt neg neg:0.9787847072326056 pos:0.021215292767394322 
cv803_8584.txt neg neg:0.9988579359545953 pos:0.0011420640454048064 
cv322_21820.txt neg neg:0.9999995536468979 pos:4.463531022771113E-7 
cv422_9632.txt neg neg:0.9988405895866705 pos:0.0011594104133294883 
cv839_21467.txt pos pos:0.9998897158846808 neg:1.1028411531921814E-4 
cv216_18738.txt pos pos:0.9998756891377293 neg:1.2431086227075912E-4 
cv370_5221.txt pos neg:0.9986546897500306 pos:0.0013453102499694405 
cv309_22571.txt pos pos:0.9999999999979623 neg:2.0377065634880675E-12 
cv449_8785.txt pos pos:0.9999968308247347 neg:3.169175265349328E-6 
cv916_15467.txt pos pos:0.9999999999415174 neg:5.848256469837038E-11 
cv135_12506.txt neg neg:0.8843978558130141 pos:0.1156021441869859 
cv006_15448.txt pos pos:0.999057052752572 neg:9.429472474279202E-4 
cv239_3385.txt pos pos:0.9959059580276992 neg:0.004094041972300743 
cv138_13903.txt neg neg:0.9977449995362971 pos:0.0022550004637028873 
Trial 0 Trainer MaxEntTrainer,gaussianPriorVariance=1.0 Training Data Confusion Matrix
Confusion Matrix, row=true, column=predicted  accuracy=1.0
  label   0   1  |total
  0 neg 900   .  |900
  1 pos   . 900  |900

Trial 0 Trainer MaxEntTrainer,gaussianPriorVariance=1.0 training data accuracy= 1.0
Trial 0 Trainer MaxEntTrainer,gaussianPriorVariance=1.0 Test Data Confusion Matrix
Confusion Matrix, row=true, column=predicted  accuracy=0.86
  label   0   1  |total
  0 neg  83  17  |100
  1 pos  11  89  |100

Trial 0 Trainer MaxEntTrainer,gaussianPriorVariance=1.0 test data accuracy= 0.86

MaxEntTrainer,gaussianPriorVariance=1.0
Summary. train accuracy mean = 1.0 stddev = 0.0 stderr = 0.0
Summary. test accuracy mean = 0.86 stddev = 0.0 stderr = 0.0
