
-------------------- Trial 0  --------------------

Trial 0 Training MaxEntTrainer,gaussianPriorVariance=1.0 with 1800 instances
Trial 0 Training MaxEntTrainer,gaussianPriorVariance=1.0 finished
Trial 0 Trainer MaxEntTrainer,gaussianPriorVariance=1.0
 Raw Testing Data
cv918_27080.txt neg neg:0.9999856461433966 pos:1.4353856603533228E-5 
cv373_20404.txt pos pos:0.9999669262309935 neg:3.307376900644507E-5 
cv461_21124.txt neg pos:0.9725170331794866 neg:0.02748296682051339 
cv106_16807.txt pos pos:0.9997117727975693 neg:2.882272024308032E-4 
cv981_14989.txt pos pos:0.978093183894321 neg:0.021906816105679017 
cv609_25038.txt neg neg:0.9009019272422512 pos:0.09909807275774891 
cv035_3954.txt pos pos:0.999885897012887 neg:1.1410298711293193E-4 
cv495_16121.txt neg neg:0.7642824255310839 pos:0.2357175744689161 
cv868_11948.txt pos pos:0.9999977971995135 neg:2.2028004863899496E-6 
cv768_12709.txt neg neg:0.9999999758877361 pos:2.4112263832146187E-8 
cv539_21865.txt neg neg:0.9994926712493521 pos:5.073287506478224E-4 
cv582_6678.txt neg neg:0.8677150242987469 pos:0.1322849757012532 
cv967_5788.txt pos pos:0.9992712011963178 neg:7.28798803682258E-4 
cv706_25883.txt neg neg:0.999999955013426 pos:4.498657406072656E-8 
cv264_14108.txt neg neg:0.9995796646726902 pos:4.203353273097046E-4 
cv251_23901.txt neg neg:0.9999464283458429 pos:5.3571654157063424E-5 
cv395_10849.txt pos pos:0.9999771602287307 neg:2.2839771269179036E-5 
cv872_13710.txt neg neg:0.9999998296927776 pos:1.703072223399382E-7 
cv977_4938.txt pos pos:0.9999809381924462 neg:1.9061807553831388E-5 
cv944_15042.txt neg neg:0.9999984933462724 pos:1.5066537274249055E-6 
cv212_10027.txt pos pos:0.944650054155657 neg:0.055349945844343 
cv307_25270.txt pos neg:0.8848649265394278 pos:0.11513507346057214 
cv359_6647.txt pos neg:0.9759050842922091 pos:0.024094915707790796 
cv786_23608.txt neg neg:0.9999984087275762 pos:1.5912724239659065E-6 
cv974_22941.txt pos pos:0.999995184768596 neg:4.815231404041358E-6 
cv054_4230.txt pos neg:0.6853115752373478 pos:0.31468842476265224 
cv984_14006.txt neg neg:0.9905743926518125 pos:0.009425607348187636 
cv169_23778.txt pos pos:0.9999999994714597 neg:5.285403390906541E-10 
cv763_14729.txt pos pos:0.9999796755314672 neg:2.032446853285917E-5 
cv002_15918.txt pos neg:0.9406020778953129 pos:0.05939792210468718 
cv892_17576.txt pos pos:0.993844789327804 neg:0.006155210672196114 
cv871_25971.txt neg neg:0.9999999998415714 pos:1.5842855054909918E-10 
cv006_17022.txt neg neg:0.9891115245327562 pos:0.010888475467243837 
cv542_18980.txt pos pos:0.9998867039407474 neg:1.1329605925246159E-4 
cv532_6495.txt neg neg:0.8332223051031619 pos:0.1667776948968381 
cv953_7078.txt neg neg:0.9999992937333416 pos:7.062666584816783E-7 
cv351_17029.txt neg neg:0.9999236175860761 pos:7.638241392398542E-5 
cv840_18033.txt neg neg:0.9952873227096714 pos:0.0047126772903285825 
cv758_9671.txt pos pos:0.8209564173468982 neg:0.17904358265310175 
cv777_10247.txt neg neg:0.9999968909277491 pos:3.1090722509099793E-6 
cv228_5644.txt neg neg:0.5151287709788491 pos:0.4848712290211508 
cv187_14112.txt neg neg:0.9999998741872985 pos:1.258127015067869E-7 
cv007_4968.txt pos pos:0.7420799990144021 neg:0.2579200009855978 
cv807_21740.txt pos neg:0.9999357957304712 pos:6.420426952882684E-5 
cv000_29590.txt pos pos:0.6322618092519214 neg:0.3677381907480786 
cv087_2145.txt neg neg:0.9999755620131192 pos:2.443798688086496E-5 
cv613_21796.txt pos pos:0.9995089657359648 neg:4.910342640352027E-4 
cv092_28017.txt pos pos:0.9809975683801274 neg:0.01900243161987252 
cv098_15435.txt pos neg:0.9570292348688709 pos:0.042970765131129095 
cv157_29372.txt pos neg:0.5806188756939551 pos:0.41938112430604496 
cv107_24319.txt pos neg:0.9446802356190636 pos:0.05531976438093654 
cv565_29403.txt neg neg:0.999999972213239 pos:2.7786760949968115E-8 
cv809_5009.txt pos pos:0.9999998649148223 neg:1.3508517772590438E-7 
cv418_14774.txt pos pos:0.9999439763260225 neg:5.602367397743023E-5 
cv832_23275.txt pos pos:0.9988268030390552 neg:0.001173196960944726 
cv577_28549.txt pos pos:0.9999993043497165 neg:6.95650283568069E-7 
cv458_9000.txt neg neg:0.96410235472893 pos:0.03589764527107002 
cv846_29359.txt neg neg:0.999999625823263 pos:3.741767370280328E-7 
cv695_21108.txt pos pos:0.9999937535615363 neg:6.246438463755577E-6 
cv155_7845.txt neg neg:0.9999907875141477 pos:9.212485852188873E-6 
cv725_10103.txt pos neg:0.9953724040062732 pos:0.00462759599372681 
cv855_20661.txt pos pos:0.7841479635554247 neg:0.21585203644457523 
cv739_12179.txt neg neg:0.7614529154197914 pos:0.2385470845802086 
cv058_8469.txt neg pos:0.903327773100502 neg:0.09667222689949796 
cv880_29629.txt neg neg:0.9240540474123198 pos:0.07594595258768018 
cv165_22619.txt pos neg:0.9151955125261708 pos:0.08480448747382908 
cv366_10709.txt neg neg:0.9999554804892993 pos:4.451951070080695E-5 
cv056_14663.txt neg neg:0.910697756422627 pos:0.08930224357737303 
cv884_13632.txt pos pos:0.6608934279251466 neg:0.33910657207485334 
cv841_3967.txt pos pos:0.8614601186831037 neg:0.13853988131689643 
cv414_10518.txt pos pos:0.9980540546817745 neg:0.0019459453182254578 
cv858_20266.txt neg neg:0.9999585971823242 pos:4.140281767588574E-5 
cv262_12649.txt pos neg:0.9999971737929024 pos:2.8262070975160624E-6 
cv587_19162.txt pos pos:0.9990318692875422 neg:9.681307124578861E-4 
cv965_26688.txt neg neg:0.9999632305559644 pos:3.6769444035553165E-5 
cv848_10061.txt neg neg:0.9999997355800763 pos:2.6441992378670463E-7 
cv777_10094.txt pos pos:0.9999997891951813 neg:2.1080481871102512E-7 
cv735_20218.txt neg pos:0.9798970454549301 neg:0.020102954545069943 
cv889_21430.txt pos pos:0.9999999447476241 neg:5.525237580865748E-8 
cv763_16486.txt neg neg:0.999993895673376 pos:6.104326623944017E-6 
cv288_20212.txt neg neg:0.6954728937396873 pos:0.30452710626031265 
cv197_29271.txt neg neg:0.8557067005646815 pos:0.14429329943531852 
cv486_9799.txt pos pos:0.9851838844116688 neg:0.014816115588331041 
cv368_11090.txt neg neg:0.9999999999968723 pos:3.1277343344926545E-12 
cv944_13521.txt pos pos:0.7808002174483085 neg:0.21919978255169154 
cv131_10713.txt pos pos:0.9998185002019643 neg:1.8149979803580777E-4 
cv995_23113.txt neg neg:0.9999999999999987 pos:1.3182597602598079E-15 
cv036_18385.txt neg neg:0.9973706119714281 pos:0.00262938802857194 
cv176_12857.txt pos pos:0.9966788293721618 neg:0.0033211706278382584 
cv387_11507.txt pos pos:0.9814514483746966 neg:0.018548551625303434 
cv125_9391.txt pos pos:0.8266001929791663 neg:0.17339980702083357 
cv678_13419.txt pos pos:0.99418216664108 neg:0.0058178333589200895 
cv945_12160.txt pos pos:0.999983016365603 neg:1.6983634396983113E-5 
cv885_13390.txt neg neg:0.9999983856521963 pos:1.614347803580034E-6 
cv109_22599.txt neg neg:0.9999999444287719 pos:5.557122808147033E-8 
cv550_22211.txt pos neg:0.8720284859042525 pos:0.1279715140957474 
cv464_17076.txt neg neg:0.9999995984306682 pos:4.0156933172832353E-7 
cv633_29837.txt pos pos:0.9999999243478115 neg:7.56521886383784E-8 
cv052_29378.txt pos neg:0.7455871099619528 pos:0.2544128900380473 
cv611_21120.txt pos pos:0.9998243099339275 neg:1.7569006607252678E-4 
cv123_12165.txt neg neg:0.9999997370237449 pos:2.629762551933909E-7 
cv859_15689.txt neg neg:0.999974054091054 pos:2.5945908946129575E-5 
cv229_15200.txt neg neg:0.8805513968929304 pos:0.11944860310706965 
cv526_12083.txt pos pos:0.9999997372457703 neg:2.6275422982058544E-7 
cv474_10209.txt pos pos:0.9816250291201274 neg:0.01837497087987253 
cv324_7502.txt neg neg:0.7642209949818399 pos:0.23577900501816007 
cv718_11434.txt pos pos:0.7275639842736632 neg:0.27243601572633686 
cv416_12048.txt neg neg:0.9999995636791158 pos:4.363208843042861E-7 
cv160_10362.txt pos pos:0.9999999999955111 neg:4.4888788735770316E-12 
cv823_15569.txt pos pos:0.999956083413117 neg:4.391658688299368E-5 
cv571_29292.txt neg pos:0.9999999786937017 neg:2.1306298211626776E-8 
cv906_11491.txt pos pos:0.9746102920495265 neg:0.025389707950473496 
cv046_10613.txt neg neg:0.9999806266885911 pos:1.9373311408863966E-5 
cv561_9201.txt pos pos:0.9999943788960488 neg:5.621103951248873E-6 
cv892_18788.txt neg neg:0.9970810984800761 pos:0.0029189015199240368 
cv833_11961.txt neg neg:0.9999135747776062 pos:8.642522239386712E-5 
cv605_11800.txt pos pos:0.9999999968117639 neg:3.1882360349835556E-9 
cv358_10691.txt pos pos:0.9999992736554033 neg:7.263445967115757E-7 
cv727_5006.txt neg pos:0.8508808111261811 neg:0.14911918887381892 
cv476_18402.txt neg neg:0.8746350779951959 pos:0.1253649220048041 
cv850_18185.txt neg neg:0.9999914464379641 pos:8.553562035931178E-6 
cv555_25047.txt neg neg:0.9999975363458433 pos:2.463654156634368E-6 
cv011_13044.txt neg neg:0.9841692158382479 pos:0.015830784161752057 
cv926_18471.txt neg pos:0.9999999905673292 neg:9.432670818404756E-9 
cv559_0050.txt pos pos:0.9999998874351812 neg:1.1256481886100811E-7 
cv755_24881.txt neg neg:0.9999996839672456 pos:3.1603275436831607E-7 
cv210_9557.txt neg neg:0.9959160247614108 pos:0.0040839752385890766 
cv050_12128.txt neg neg:0.9966928142428656 pos:0.003307185757134378 
cv273_29112.txt pos pos:0.9999999999952209 neg:4.779011129790016E-12 
cv900_10800.txt neg pos:0.9911664269143163 neg:0.008833573085683727 
cv140_7479.txt pos neg:0.9180992773670252 pos:0.08190072263297471 
cv740_13643.txt neg pos:0.9586324697882417 neg:0.0413675302117583 
cv742_8279.txt neg pos:0.9999925287343061 neg:7.471265694000435E-6 
cv246_28668.txt neg neg:0.9995186065401842 pos:4.813934598157249E-4 
cv602_8830.txt neg neg:0.9900118135963679 pos:0.00998818640363202 
cv469_20630.txt pos pos:0.9999986078650522 neg:1.3921349476515797E-6 
cv487_10446.txt pos pos:0.9999255018107143 neg:7.449818928579761E-5 
cv281_23253.txt pos pos:0.9999996829426482 neg:3.1705735177554335E-7 
cv318_11146.txt neg neg:1.0 pos:6.32885171597016E-17 
cv054_4101.txt neg neg:0.9988782245805892 pos:0.0011217754194108424 
cv451_11502.txt neg neg:0.9999937447177017 pos:6.255282298210685E-6 
cv064_25842.txt neg pos:0.5878391452104527 neg:0.41216085478954734 
cv461_19600.txt pos pos:0.9999999994577939 neg:5.422059574465903E-10 
cv807_23024.txt neg neg:1.0 pos:1.3467846447324626E-22 
cv940_17705.txt pos neg:0.9038574491160377 pos:0.09614255088396231 
cv784_16077.txt neg neg:0.9999999975260059 pos:2.4739940809887038E-9 
cv696_29740.txt pos neg:0.7156027121197938 pos:0.28439728788020624 
cv473_7367.txt pos pos:0.9999691120950194 neg:3.088790498051576E-5 
cv478_14309.txt pos pos:0.9999999989522341 neg:1.0477659636162345E-9 
cv624_10744.txt pos pos:0.999974113058471 neg:2.588694152893238E-5 
cv938_10220.txt pos pos:0.845078646671189 neg:0.15492135332881107 
cv551_11214.txt neg pos:0.5161120188613657 neg:0.4838879811386343 
cv603_18885.txt neg neg:0.9972541694756618 pos:0.002745830524338285 
cv414_11161.txt neg pos:0.9998104331699312 neg:1.89566830068797E-4 
cv683_12167.txt pos pos:0.9996455158836708 neg:3.544841163292373E-4 
cv302_25649.txt pos neg:0.6029907599490246 pos:0.39700924005097543 
cv585_22496.txt pos pos:0.9995549635666121 neg:4.450364333879508E-4 
cv645_15668.txt pos neg:0.7452752500893555 pos:0.2547247499106444 
cv772_12971.txt neg neg:0.999999992147336 pos:7.852663983048879E-9 
cv130_17083.txt pos pos:0.8582845101792896 neg:0.1417154898207105 
cv258_5627.txt neg neg:0.9920425952269933 pos:0.007957404773006755 
cv547_16324.txt pos pos:0.9991293312681068 neg:8.706687318932612E-4 
cv574_23191.txt neg neg:0.9999999842414202 pos:1.575857965797854E-8 
cv684_12727.txt neg neg:0.9999977946237009 pos:2.205376299155528E-6 
cv619_12462.txt pos pos:0.9824198426446258 neg:0.017580157355374208 
cv847_20855.txt neg neg:0.9999591955051601 pos:4.080449483979063E-5 
cv436_19179.txt pos neg:0.9999991179422529 pos:8.820577471745682E-7 
cv570_28960.txt neg pos:0.995384454579815 neg:0.004615545420185041 
cv820_22892.txt pos pos:0.9990636438941708 neg:9.363561058291862E-4 
cv296_12251.txt pos pos:0.7531044476491605 neg:0.24689555235083954 
cv703_16143.txt pos pos:0.9999905805576726 neg:9.419442327418524E-6 
cv865_2895.txt pos pos:0.9998409001332051 neg:1.5909986679496122E-4 
cv430_17351.txt pos pos:0.7520874466250409 neg:0.2479125533749591 
cv015_29439.txt pos pos:0.9999995104869528 neg:4.895130471580931E-7 
cv287_17410.txt neg neg:0.9996259961562055 pos:3.740038437945453E-4 
cv436_20564.txt neg neg:0.939365030153625 pos:0.06063496984637496 
cv573_29384.txt neg neg:0.9916183453800642 pos:0.008381654619935891 
cv703_17948.txt neg neg:0.9889799465893441 pos:0.011020053410655812 
cv327_21743.txt neg neg:0.9941616846191175 pos:0.005838315380882541 
cv905_29114.txt pos pos:0.9999999385148299 neg:6.148517014732348E-8 
cv592_23391.txt neg neg:0.9999997857527009 pos:2.142472990238045E-7 
cv386_10229.txt neg neg:0.9986180147122201 pos:0.0013819852877799798 
cv356_26170.txt neg neg:0.9925984429351671 pos:0.007401557064832887 
cv168_7435.txt neg neg:0.6721781717736492 pos:0.3278218282263508 
cv329_29293.txt neg neg:0.9722017585255959 pos:0.027798241474404187 
cv278_14533.txt neg pos:0.9996233475206159 neg:3.7665247938405047E-4 
cv771_28665.txt pos pos:0.9999849914787109 neg:1.5008521289165875E-5 
cv230_7913.txt neg pos:0.9999998637436002 neg:1.3625639970244185E-7 
cv171_13537.txt pos pos:0.7258159722434674 neg:0.2741840277565327 
cv649_13947.txt neg neg:0.9999999170714784 pos:8.292852165413934E-8 
cv307_26382.txt neg neg:0.9786441767241285 pos:0.021355823275871523 
cv463_10343.txt pos pos:0.862899993563651 neg:0.13710000643634904 
cv441_15276.txt neg neg:0.9999929363294165 pos:7.063670583316441E-6 
cv401_12605.txt pos pos:0.9999999999999258 neg:7.42689215923837E-14 
cv403_6621.txt pos pos:0.9999412645606671 neg:5.873543933280319E-5 
cv493_12839.txt pos neg:0.9014095078224342 pos:0.09859049217756585 
cv484_26169.txt neg neg:0.7063125585138004 pos:0.29368744148619963 
cv104_18134.txt pos pos:0.9380448790334918 neg:0.06195512096650826 
cv692_15451.txt pos pos:0.9999999999999973 neg:2.5547090176393758E-15 
cv475_21692.txt pos pos:0.9999999467050138 neg:5.3294986270096576E-8 
Trial 0 Trainer MaxEntTrainer,gaussianPriorVariance=1.0 Training Data Confusion Matrix
Confusion Matrix, row=true, column=predicted  accuracy=1.0
  label   0   1  |total
  0 pos 900   .  |900
  1 neg   . 900  |900

Trial 0 Trainer MaxEntTrainer,gaussianPriorVariance=1.0 training data accuracy= 1.0
Trial 0 Trainer MaxEntTrainer,gaussianPriorVariance=1.0 Test Data Confusion Matrix
Confusion Matrix, row=true, column=predicted  accuracy=0.825
  label   0   1  |total
  0 pos  80  20  |100
  1 neg  15  85  |100

Trial 0 Trainer MaxEntTrainer,gaussianPriorVariance=1.0 test data accuracy= 0.825

MaxEntTrainer,gaussianPriorVariance=1.0
Summary. train accuracy mean = 1.0 stddev = 0.0 stderr = 0.0
Summary. test accuracy mean = 0.825 stddev = 0.0 stderr = 0.0
