
-------------------- Trial 0  --------------------

Trial 0 Training NaiveBayesTrainer with 1800 instances
Trial 0 Training NaiveBayesTrainer finished
Trial 0 Trainer NaiveBayesTrainer
 Raw Testing Data
cv195_14528.txt pos pos:0.9959650230840269 neg:0.004034976915973126 
cv750_10180.txt pos pos:0.9999998194774018 neg:1.8052259824453275E-7 
cv687_22207.txt neg neg:1.0 pos:2.1606209897622306E-17 
cv588_13008.txt pos pos:0.9716897999130655 neg:0.028310200086934544 
cv010_29063.txt neg pos:0.99999999983718 neg:1.6282001815642483E-10 
cv038_9749.txt pos pos:0.6290280210440448 neg:0.3709719789559552 
cv858_18819.txt pos pos:0.9997197268488298 neg:2.802731511702993E-4 
cv702_12371.txt neg neg:0.9971856762528062 pos:0.0028143237471938585 
cv744_10038.txt pos pos:0.8182317901937807 neg:0.1817682098062193 
cv757_10189.txt pos neg:0.9945720345821398 pos:0.005427965417860142 
cv081_18241.txt neg neg:0.8224254123849223 pos:0.1775745876150778 
cv552_10016.txt pos pos:1.0 neg:6.347134733728389E-32 
cv321_12843.txt pos pos:0.9999999999716154 neg:2.8384663311347173E-11 
cv667_19672.txt neg pos:0.9999099637471817 neg:9.003625281828981E-5 
cv954_18628.txt pos pos:0.9999963435429433 neg:3.6564570567515246E-6 
cv332_17997.txt neg neg:1.0 pos:2.7499690184252203E-23 
cv311_17708.txt neg pos:0.7598222790909956 neg:0.24017772090900444 
cv315_12638.txt neg neg:0.9999999094004572 pos:9.059954286797116E-8 
cv747_16556.txt pos pos:0.9999999995721796 neg:4.278203865708861E-10 
cv017_22464.txt pos pos:1.0 neg:4.0790174331809517E-23 
cv923_11051.txt pos pos:0.9999999999999776 neg:2.236350922445687E-14 
cv406_21020.txt pos pos:0.9971234251389883 neg:0.0028765748610116004 
cv241_24602.txt neg neg:0.9999999999391618 pos:6.083815725865529E-11 
cv389_9611.txt neg neg:0.9999999998157854 pos:1.8421471348772834E-10 
cv932_13401.txt pos neg:1.0 pos:6.493598470457709E-24 
cv183_19826.txt neg neg:0.9999999999999778 pos:2.2233176593760167E-14 
cv427_10825.txt pos pos:0.9999997180475111 neg:2.819524888988566E-7 
cv396_19127.txt neg neg:0.9923528117423949 pos:0.007647188257605072 
cv948_24606.txt pos pos:0.9999999999999989 neg:1.0993270829722052E-15 
cv419_14799.txt neg neg:1.0 pos:1.413332913897931E-19 
cv030_21593.txt pos pos:0.9999999976282556 neg:2.3717444476071692E-9 
cv278_13041.txt pos pos:0.9999999867118976 neg:1.3288102361939606E-8 
cv163_10052.txt pos pos:1.0 neg:6.164302333090242E-34 
cv874_11236.txt pos pos:0.9992190455891609 neg:7.809544108391134E-4 
cv583_29465.txt neg pos:0.9107807795778333 neg:0.08921922042216669 
cv581_20790.txt neg neg:1.0 pos:7.192120178646014E-21 
cv016_4348.txt neg neg:1.0 pos:5.5517108757244555E-24 
cv973_10066.txt pos pos:0.999999999998012 neg:1.987920339955927E-12 
cv065_16909.txt neg neg:1.0 pos:5.094583320680161E-22 
cv671_5054.txt pos pos:0.999999999944226 neg:5.5774053060620725E-11 
cv530_16212.txt pos pos:0.9999999999979567 neg:2.0433299333754976E-12 
cv149_15670.txt pos pos:0.9978020626145777 neg:0.002197937385422257 
cv068_13400.txt pos neg:0.9999999995925888 pos:4.074112208544041E-10 
cv719_5581.txt neg neg:1.0 pos:8.107436209951945E-19 
cv943_23547.txt neg neg:0.9999999998839664 pos:1.1603360439806694E-10 
cv791_17995.txt neg neg:0.9999999999187863 pos:8.121372520168097E-11 
cv930_14949.txt neg neg:0.9999999999995468 pos:4.5321737824031174E-13 
cv167_16376.txt pos pos:1.0 neg:4.4629126661554745E-28 
cv635_0984.txt neg neg:1.0 pos:6.359645128940157E-24 
cv253_10190.txt neg neg:0.9999999999998939 pos:1.0608005605841158E-13 
cv234_22123.txt neg neg:0.9999999999999398 pos:6.017891428770211E-14 
cv254_5870.txt neg neg:0.9999999999836375 pos:1.6362477104800608E-11 
cv440_15243.txt pos pos:1.0 neg:4.559442928181623E-23 
cv738_10287.txt neg neg:1.0 pos:1.3066181767833543E-29 
cv295_15570.txt pos pos:0.8330869089882498 neg:0.16691309101175034 
cv465_23401.txt neg neg:0.999999270032889 pos:7.299671111126679E-7 
cv580_15681.txt neg pos:0.9998030584504435 neg:1.9694154955638972E-4 
cv123_11182.txt pos pos:0.9999999999982123 neg:1.7876030134655974E-12 
cv477_22479.txt pos pos:0.9999999999999964 neg:3.4669099370930193E-15 
cv256_14740.txt pos pos:1.0 neg:5.765816869907271E-26 
cv445_26683.txt neg neg:0.958517791072432 pos:0.041482208927568064 
cv303_27366.txt neg neg:0.9999672998725182 pos:3.270012748182779E-5 
cv714_19704.txt neg neg:0.9999999999975331 pos:2.466854213874831E-12 
cv903_18981.txt neg pos:0.881695261972137 neg:0.11830473802786304 
cv942_17082.txt pos pos:0.9847956119376403 neg:0.015204388062359624 
cv273_28961.txt neg pos:0.9999965017023197 neg:3.498297680188504E-6 
cv608_23231.txt pos pos:0.999999995876441 neg:4.123558995284021E-9 
cv900_10331.txt pos pos:1.0 neg:4.745538680702177E-17 
cv487_11058.txt neg pos:0.9999999999883551 neg:1.1644894174480571E-11 
cv577_28220.txt neg neg:0.9999999864962048 pos:1.3503795331566935E-8 
cv938_10706.txt neg neg:0.9999999997917686 pos:2.0823133431094132E-10 
cv730_10729.txt neg neg:1.0 pos:6.898514717117854E-18 
cv714_18502.txt pos pos:1.0 neg:8.189260041976082E-24 
cv733_9891.txt neg neg:0.9999950841979909 pos:4.915802009213037E-6 
cv732_12245.txt pos pos:1.0 neg:6.362456380262011E-19 
cv844_13890.txt neg neg:0.9999999999999112 pos:8.889689592451377E-14 
cv733_9839.txt pos pos:1.0 neg:2.6755238496356343E-25 
cv446_11353.txt pos neg:0.9999999999754636 pos:2.453640797311279E-11 
cv793_15235.txt neg neg:0.9999999958724402 pos:4.127559942639975E-9 
cv602_8300.txt pos pos:0.7104713881963481 neg:0.2895286118036518 
cv836_14311.txt neg neg:0.9999999996980036 pos:3.0199643157907886E-10 
cv628_20758.txt neg neg:1.0 pos:2.3106558445551433E-17 
cv998_15691.txt neg neg:0.9999999976393106 pos:2.3606894475726996E-9 
cv683_13047.txt neg neg:0.9998431419402161 pos:1.5685805978402092E-4 
cv792_3257.txt neg pos:0.9995957089361318 neg:4.042910638683019E-4 
cv251_22636.txt pos pos:0.9999999868987928 neg:1.3101207364070253E-8 
cv434_5793.txt pos neg:0.9999886410817814 pos:1.135891821860878E-5 
cv268_20288.txt neg neg:1.0 pos:1.2554668369603252E-20 
cv679_28559.txt pos neg:0.7840976136841132 pos:0.21590238631588676 
cv282_6833.txt neg neg:0.9999999390790267 pos:6.092097325123777E-8 
cv081_16582.txt pos pos:1.0 neg:6.945324543411493E-22 
cv870_16348.txt pos pos:1.0 neg:3.613680699839787E-18 
cv420_28631.txt neg neg:1.0 pos:4.2756918942174744E-21 
cv759_15091.txt neg neg:0.9999951882618044 pos:4.81173819557379E-6 
cv632_9610.txt pos pos:0.999947198359482 neg:5.280164051804377E-5 
cv993_29565.txt neg neg:0.9167075532771324 pos:0.08329244672286765 
cv613_23104.txt neg neg:0.9999999999972429 pos:2.7570535344558827E-12 
cv265_10814.txt pos pos:0.9999999993068849 neg:6.931151572868937E-10 
cv373_21872.txt neg neg:1.0 pos:9.1152812392543E-23 
cv126_28971.txt pos neg:0.9884081515739108 pos:0.011591848426089232 
cv691_5090.txt neg neg:1.0 pos:1.6492170132409992E-26 
cv543_5107.txt neg neg:0.9998522362557533 pos:1.4776374424675375E-4 
cv017_23487.txt neg neg:1.0 pos:2.2721692130161808E-20 
cv772_12119.txt pos pos:1.0 neg:3.101737242727792E-23 
cv792_3832.txt pos neg:0.9999998540636137 pos:1.4593638639537935E-7 
cv113_23102.txt pos pos:0.9999999999964382 neg:3.5617486563968578E-12 
cv346_19198.txt neg neg:0.9999999999999984 pos:1.557344212277454E-15 
cv720_5383.txt neg neg:0.9999197456147153 pos:8.02543852847873E-5 
cv500_10251.txt pos pos:0.9430343760020902 neg:0.05696562399790987 
cv855_22134.txt neg neg:0.9999999999999996 pos:4.1668089415944685E-16 
cv482_11233.txt neg neg:0.9999980083730684 pos:1.9916269315250614E-6 
cv928_9168.txt pos pos:0.778825225904044 neg:0.221174774095956 
cv260_13959.txt pos neg:0.998949194847646 pos:0.0010508051523539146 
cv489_17906.txt pos neg:0.9999999408720274 pos:5.9127972525333284E-8 
cv137_17020.txt neg neg:0.9999999621529417 pos:3.784705818497988E-8 
cv274_26379.txt neg neg:1.0 pos:1.0370829351037279E-19 
cv342_20917.txt neg neg:0.9999987364083697 pos:1.2635916303265418E-6 
cv680_10533.txt neg neg:1.0 pos:1.7446571510671904E-19 
cv957_8737.txt pos pos:0.9999999677713568 neg:3.222864314391569E-8 
cv769_8565.txt neg neg:0.5557765471515281 pos:0.44422345284847187 
cv994_12270.txt pos neg:0.6405941874629542 pos:0.35940581253704584 
cv382_8393.txt neg neg:0.9999998646343541 pos:1.3536564597588085E-7 
cv026_29229.txt neg neg:0.9999611623983566 pos:3.883760164332458E-5 
cv217_28842.txt pos pos:0.9919476553077169 neg:0.00805234469228299 
cv529_10972.txt neg pos:0.9992780704985619 neg:7.219295014379771E-4 
cv415_22517.txt pos pos:1.0 neg:6.300840516745852E-19 
cv825_5063.txt pos pos:0.6005006001530271 neg:0.39949939984697297 
cv392_12238.txt neg neg:0.7996746008132357 pos:0.20032539918676426 
cv895_21022.txt pos pos:0.9999999999999876 neg:1.2365537805881266E-14 
cv056_13133.txt pos pos:0.9999999658552338 neg:3.4144766212585785E-8 
cv268_18834.txt pos pos:0.9989237371701507 neg:0.0010762628298494178 
cv710_22577.txt pos pos:0.9999999999999942 neg:5.833299377602758E-15 
cv032_22550.txt pos pos:1.0 neg:1.4143752693146768E-23 
cv561_9484.txt neg neg:0.9999999999865412 pos:1.3458872540028588E-11 
cv485_26649.txt pos pos:1.0 neg:4.8181146369148865E-17 
cv541_28683.txt neg neg:0.9997506982565662 pos:2.493017434338951E-4 
cv874_12182.txt neg neg:1.0 pos:4.28396142713507E-22 
cv442_13846.txt pos pos:0.9999999999724067 neg:2.759315487980435E-11 
cv614_10626.txt pos neg:0.9939978834894295 pos:0.006002116510570442 
cv348_19207.txt neg neg:0.9999999999999993 pos:5.66901707784302E-16 
cv119_9867.txt pos neg:0.9999999999999998 pos:2.3725579713041783E-16 
cv037_19798.txt neg neg:0.9999999999013705 pos:9.862956787959899E-11 
cv883_27751.txt pos pos:0.999999999867258 neg:1.3274212318199252E-10 
cv537_12370.txt pos pos:0.9999710252425313 neg:2.8974757468687997E-5 
cv673_24714.txt pos pos:0.9971641240528653 neg:0.0028358759471348097 
cv594_11945.txt neg neg:0.9999982182758251 pos:1.7817241749643316E-6 
cv717_15953.txt pos pos:0.99999937337725 neg:6.266227501147561E-7 
cv879_14903.txt pos pos:0.9999999972422642 neg:2.7577357501721623E-9 
cv739_11209.txt pos pos:1.0 neg:7.510521339654273E-23 
cv729_10475.txt neg neg:0.9999999999999991 pos:9.502589851626704E-16 
cv894_2068.txt pos pos:0.9999568072408019 neg:4.3192759198090586E-5 
cv387_12391.txt neg neg:0.9998718447941018 pos:1.281552058980855E-4 
cv494_17389.txt pos pos:0.9999999999999996 neg:5.381415955236423E-16 
cv340_14776.txt neg neg:0.7466928388104518 pos:0.25330716118954827 
cv305_9946.txt pos pos:0.7048418608282336 neg:0.29515813917176636 
cv474_10682.txt neg neg:0.9999999182779846 pos:8.172201544128639E-8 
cv043_16808.txt neg neg:0.9999999999999956 pos:4.4617747566546E-15 
cv530_17949.txt neg pos:0.9759211455075091 neg:0.02407885449249105 
cv500_10722.txt neg neg:0.9999999999999973 pos:2.6784809466748017E-15 
cv516_12117.txt neg neg:0.6616278468251989 pos:0.33837215317480107 
cv379_23167.txt neg pos:0.9998474520107208 neg:1.5254798927917282E-4 
cv501_11657.txt pos pos:0.9999999991073871 neg:8.926127778710839E-10 
cv664_4264.txt neg neg:0.9999999355748789 pos:6.442512114435816E-8 
cv726_4365.txt neg neg:0.9999999999977525 pos:2.2475369090800458E-12 
cv963_6895.txt pos neg:0.9997223717103977 pos:2.776282896024471E-4 
cv825_5168.txt neg neg:0.9999999999999925 pos:7.534795285578624E-15 
cv085_15286.txt neg neg:1.0 pos:1.0842930594758786E-17 
cv276_17126.txt neg neg:0.999999999991739 pos:8.260863403893329E-12 
cv263_20693.txt neg neg:0.9999999999998732 pos:1.2679834634182502E-13 
cv838_24728.txt pos pos:0.9999999999624085 neg:3.759142275488726E-11 
cv525_16122.txt pos pos:0.9999999436324721 neg:5.636752782446667E-8 
cv098_17021.txt neg neg:0.9999999988417829 pos:1.1582170654183253E-9 
cv001_18431.txt pos pos:0.9734800267148388 neg:0.02651997328516117 
cv627_11620.txt pos neg:0.9999292357753105 pos:7.076422468954157E-5 
cv016_4659.txt pos neg:0.9981144697026982 pos:0.0018855302973017475 
cv921_12747.txt pos pos:0.9999999980460512 neg:1.953948766691445E-9 
cv976_10267.txt pos pos:0.9999863117872844 neg:1.3688212715593032E-5 
cv134_22246.txt pos pos:1.0 neg:1.6401194975833822E-18 
cv295_17060.txt neg neg:0.9999999999999973 pos:2.6252086546801683E-15 
cv812_19051.txt neg neg:0.9999999999985649 pos:1.4350739434434265E-12 
cv452_5179.txt neg neg:0.9998616157273653 pos:1.3838427263463077E-4 
cv756_22540.txt pos pos:0.9999999860072841 neg:1.399271587368183E-8 
cv399_2877.txt pos pos:0.9999999999999882 neg:1.1667810212917786E-14 
cv441_13711.txt pos pos:0.9999930512577444 neg:6.948742255593307E-6 
cv317_24049.txt pos neg:0.9950675004650679 pos:0.00493249953493214 
cv715_19246.txt neg neg:0.999999999999424 pos:5.760498407063304E-13 
cv540_3421.txt pos pos:0.9999999999734903 neg:2.650957424537967E-11 
cv437_22849.txt pos pos:1.0 neg:8.42709959983504E-22 
cv217_28707.txt neg neg:0.9999999999999414 pos:5.868400886425429E-14 
cv827_18331.txt pos pos:0.9999395377485016 neg:6.046225149827548E-5 
cv915_8841.txt pos neg:0.998770784721375 pos:0.0012292152786248696 
cv166_11959.txt neg neg:0.9999999999989042 pos:1.095824010224548E-12 
cv143_21158.txt neg neg:0.9999999987700725 pos:1.2299274986719096E-9 
cv732_13092.txt neg pos:0.8711379952766531 neg:0.12886200472334686 
cv076_24945.txt pos pos:0.9999901691409541 neg:9.830859045819524E-6 
cv100_12406.txt neg neg:1.0 pos:1.6420170801461953E-26 
cv775_17966.txt neg neg:0.9999999999981166 pos:1.8833923400152073E-12 
cv847_1941.txt pos pos:0.9776803880334288 neg:0.022319611966571187 
cv843_15544.txt pos pos:0.9999999890636678 neg:1.0936332247398114E-8 
cv991_18645.txt pos neg:0.9822666273962769 pos:0.01773337260372316 
Trial 0 Trainer NaiveBayesTrainer Training Data Confusion Matrix
Confusion Matrix, row=true, column=predicted  accuracy=0.9227777777777778
  label   0   1  |total
  0 neg 839  61  |900
  1 pos  78 822  |900

Trial 0 Trainer NaiveBayesTrainer training data accuracy= 0.9227777777777778
Trial 0 Trainer NaiveBayesTrainer Test Data Confusion Matrix
Confusion Matrix, row=true, column=predicted  accuracy=0.84
  label   0   1  |total
  0 neg  87  13  |100
  1 pos  19  81  |100

Trial 0 Trainer NaiveBayesTrainer test data accuracy= 0.84

NaiveBayesTrainer
Summary. train accuracy mean = 0.9227777777777778 stddev = 0.0 stderr = 0.0
Summary. test accuracy mean = 0.84 stddev = 0.0 stderr = 0.0
