
-------------------- Trial 0  --------------------

Trial 0 Training NaiveBayesTrainer with 1800 instances
Trial 0 Training NaiveBayesTrainer finished
Trial 0 Trainer NaiveBayesTrainer
 Raw Testing Data
cv345_9954.txt pos pos:1.0 neg:1.9891212331350915E-27 
cv347_13194.txt pos pos:1.0 neg:6.361741748007168E-18 
cv515_17069.txt pos pos:1.0 neg:4.6148270866542475E-18 
cv762_15604.txt neg neg:0.9999511460032722 pos:4.885399672787939E-5 
cv682_17947.txt neg pos:0.9993818114461539 neg:6.181885538460158E-4 
cv818_10698.txt neg neg:0.9999794494621017 pos:2.0550537898346187E-5 
cv853_29233.txt pos pos:0.9990184073871058 neg:9.815926128941505E-4 
cv424_9268.txt neg neg:1.0 pos:4.625005184863089E-22 
cv741_11890.txt pos pos:0.9999999751228035 neg:2.4877196656456438E-8 
cv867_18362.txt neg pos:0.9999999884633753 neg:1.153662455403434E-8 
cv170_3006.txt pos neg:0.9999999531091783 pos:4.689082159040075E-8 
cv981_16679.txt neg pos:0.9781204732652322 neg:0.02187952673476774 
cv296_13146.txt neg neg:0.9999998750959015 pos:1.2490409845312989E-7 
cv958_12162.txt pos pos:1.0 neg:2.9621875970714726E-21 
cv097_26081.txt neg pos:0.9999997070265289 neg:2.9297347102608406E-7 
cv729_10154.txt pos pos:1.0 neg:8.651150258761603E-34 
cv084_15183.txt neg neg:0.9999999999999998 pos:2.708097377153093E-16 
cv214_12294.txt pos neg:0.9999999999332359 pos:6.676419663867793E-11 
cv063_28997.txt pos pos:0.9999954049375506 neg:4.595062449358918E-6 
cv020_8825.txt pos pos:0.999977259915853 neg:2.274008414698113E-5 
cv215_22240.txt pos pos:0.9999999349408548 neg:6.505914508837216E-8 
cv073_21785.txt pos neg:0.9773927184727619 pos:0.022607281527238118 
cv689_12587.txt pos pos:0.9999982273925028 neg:1.772607497215949E-6 
cv908_17779.txt neg pos:0.9999639713325603 neg:3.602866743962707E-5 
cv339_21119.txt pos neg:0.7894257049372239 pos:0.21057429506277606 
cv682_16139.txt pos pos:1.0 neg:2.0645009629408245E-17 
cv099_11189.txt neg neg:0.9907935226802297 pos:0.009206477319770392 
cv075_6500.txt pos neg:0.999973432478462 pos:2.6567521537964482E-5 
cv344_5312.txt pos pos:0.9999916484984288 neg:8.351501571345653E-6 
cv129_16741.txt pos pos:1.0 neg:3.365456968541302E-22 
cv816_15257.txt neg neg:0.9999999354931476 pos:6.45068524104237E-8 
cv237_19221.txt pos pos:0.9998500540871957 neg:1.499459128041956E-4 
cv399_28593.txt neg neg:1.0 pos:6.705763529097943E-18 
cv519_14661.txt pos pos:1.0 neg:2.564301471596181E-24 
cv033_24444.txt pos pos:0.9999999997355653 neg:2.6443460067710327E-10 
cv743_15449.txt pos pos:0.9999999789677192 neg:2.1032280723460508E-8 
cv819_9567.txt neg neg:1.0 pos:3.725526221378413E-17 
cv566_8967.txt neg neg:1.0 pos:1.0900133851045755E-23 
cv562_10847.txt neg neg:0.9999999999999922 pos:7.846787508450136E-15 
cv522_5418.txt neg neg:0.9999993707590329 pos:6.292409670105786E-7 
cv646_15065.txt pos pos:0.5097391677477229 neg:0.4902608322522772 
cv846_29497.txt pos pos:0.9999585133993452 neg:4.148660065477501E-5 
cv101_10537.txt neg neg:0.999999996135307 pos:3.864693004033464E-9 
cv558_29376.txt neg pos:0.9998837097423401 neg:1.1629025766000367E-4 
cv566_8581.txt pos pos:1.0 neg:1.649446370098313E-25 
cv861_12809.txt neg neg:0.9999999948418752 pos:5.158124764752781E-9 
cv902_12256.txt pos pos:1.0 neg:3.4561547045545486E-26 
cv271_15364.txt neg neg:0.9999999999908331 pos:9.166811145456426E-12 
cv531_26486.txt pos pos:0.9999999999999998 neg:2.8618352122253483E-16 
cv122_7392.txt pos pos:1.0 neg:5.326523346156928E-29 
cv700_23163.txt neg pos:0.9999999995624607 neg:4.3753943679586436E-10 
cv851_20469.txt pos pos:0.9999999828865315 neg:1.7113468571466967E-8 
cv269_23018.txt neg neg:1.0 pos:1.5837732591017028E-37 
cv013_10494.txt neg neg:1.0 pos:2.632157608893554E-20 
cv766_7540.txt pos pos:0.9999999965903443 neg:3.409655759263955E-9 
cv185_28654.txt pos neg:1.0 pos:2.1479161954910461E-19 
cv166_11052.txt pos pos:1.0 neg:1.0698766925602145E-23 
cv545_12848.txt neg pos:0.9999999992574051 neg:7.425948564420018E-10 
cv968_25413.txt neg neg:0.9999999999984175 pos:1.582561993089929E-12 
cv178_12972.txt pos pos:0.9999999955608758 neg:4.439124059771431E-9 
cv891_6035.txt neg pos:0.9773356409341188 neg:0.02266435906588116 
cv161_11425.txt pos pos:0.9999999697724382 neg:3.022756172545329E-8 
cv385_29621.txt neg neg:0.999999991855549 pos:8.14445102852179E-9 
cv736_23670.txt pos pos:0.9999999999695754 neg:3.0424638329664476E-11 
cv910_21930.txt neg neg:0.9999999999993423 pos:6.577795389780188E-13 
cv705_11059.txt pos pos:0.9992823869027242 neg:7.176130972759304E-4 
cv229_13611.txt pos pos:0.9999999998805946 neg:1.1940547374592363E-10 
cv375_9932.txt neg neg:0.9999995117716546 pos:4.882283453248031E-7 
cv992_11962.txt pos neg:0.9999999999997908 pos:2.0909926095183295E-13 
cv061_9321.txt neg neg:1.0 pos:4.458553705465097E-20 
cv459_21834.txt neg neg:1.0 pos:6.45371603310716E-26 
cv199_9721.txt neg neg:0.5002214155644757 pos:0.49977858443552436 
cv553_26965.txt neg neg:0.9999999999999996 pos:3.518698263552822E-16 
cv483_16378.txt pos pos:0.999999741379509 neg:2.586204909520059E-7 
cv378_21982.txt neg neg:0.9999999999994327 pos:5.674159886517744E-13 
cv768_11751.txt pos pos:0.9999999998955487 neg:1.0445138871443297E-10 
cv223_28923.txt neg neg:0.9989049493261284 pos:0.0010950506738716971 
cv532_6522.txt pos pos:1.0 neg:5.281822367452328E-17 
cv325_18330.txt neg neg:0.9999994537456947 pos:5.462543052732289E-7 
cv975_11920.txt neg neg:0.9999866948408801 pos:1.3305159119927464E-5 
cv788_25272.txt pos pos:0.6478812788563992 neg:0.3521187211436008 
cv961_5578.txt neg pos:0.989453320386769 neg:0.010546679613231073 
cv689_13701.txt neg neg:0.9406925211667326 pos:0.05930747883326746 
cv618_9469.txt neg neg:0.9999999999940199 pos:5.980111956779405E-12 
cv964_6021.txt pos neg:1.0 pos:5.997025097940506E-20 
cv193_5416.txt pos pos:0.989510198439316 neg:0.01048980156068407 
cv159_29505.txt pos pos:0.998825303844355 neg:0.0011746961556450429 
cv644_18551.txt neg neg:0.9999999999750295 pos:2.4970532892385783E-11 
cv150_12916.txt pos pos:0.9975091588744713 neg:0.0024908411255287434 
cv312_29308.txt neg neg:0.9999999997948137 pos:2.0518625146210849E-10 
cv186_2269.txt pos pos:0.9999999935461394 neg:6.4538604878262155E-9 
cv779_18989.txt neg neg:0.9855289257824452 pos:0.01447107421755479 
cv924_29397.txt neg pos:0.8351027152676737 neg:0.16489728473232634 
cv526_12868.txt neg neg:1.0 pos:9.396806576268954E-26 
cv005_29357.txt neg neg:0.9999997048461472 pos:2.951538528660769E-7 
cv808_12635.txt pos pos:0.999999999982321 neg:1.7679046113126855E-11 
cv130_18521.txt neg neg:0.9997388585638394 pos:2.6114143616067794E-4 
cv111_12253.txt neg neg:0.9999999999999987 pos:1.3460866627118334E-15 
cv089_12222.txt neg neg:0.9919381813719075 pos:0.008061818628092457 
cv722_7110.txt pos pos:0.9633363990774845 neg:0.03666360092251551 
cv430_18662.txt neg neg:0.9999999999692788 pos:3.072126871111266E-11 
cv678_14887.txt neg neg:0.9884484450584347 pos:0.011551554941565284 
cv052_29318.txt neg neg:0.999987555507507 pos:1.2444492493050181E-5 
cv903_17822.txt pos pos:1.0 neg:2.7079195699306694E-18 
cv388_12009.txt pos pos:0.9999999999998546 neg:1.4552566742091757E-13 
cv878_15694.txt pos neg:0.842095434807794 pos:0.15790456519220586 
cv040_8829.txt neg pos:0.9950673013130225 neg:0.004932698686977456 
cv227_24215.txt pos pos:0.999999560526666 neg:4.3947333396470205E-7 
cv466_20092.txt neg pos:0.9999958444089091 neg:4.155591090874142E-6 
cv008_29435.txt pos pos:0.9999683622929743 neg:3.163770702587141E-5 
cv144_5010.txt neg neg:0.9999999999999318 pos:6.807268801151788E-14 
cv956_11609.txt pos pos:0.9999999999934579 neg:6.542155244835954E-12 
cv102_8306.txt neg neg:0.999999960527288 pos:3.9472711924548786E-8 
cv264_12801.txt pos pos:0.9999999999996023 neg:3.976509385559655E-13 
cv038_9781.txt neg neg:1.0 pos:1.4822070865203804E-17 
cv092_27987.txt neg neg:0.9999997748602331 pos:2.251397669399832E-7 
cv806_8842.txt pos pos:0.9998889846561582 neg:1.110153438418419E-4 
cv302_26481.txt neg neg:1.0 pos:3.143218607912972E-20 
cv830_6014.txt pos pos:1.0 neg:8.485265005145866E-17 
cv422_9381.txt pos pos:1.0 neg:7.48251580839042E-18 
cv628_19325.txt pos pos:0.9999999999325757 neg:6.742433587339272E-11 
cv699_7773.txt neg neg:1.0 pos:1.1656500831452753E-20 
cv565_29572.txt pos pos:0.9999998936683361 neg:1.0633166386355481E-7 
cv049_20471.txt pos neg:0.9999999598082078 pos:4.019179236554907E-8 
cv075_6250.txt neg pos:0.9972480388840909 neg:0.00275196111590924 
cv511_10360.txt neg neg:1.0 pos:1.2662406042169252E-26 
cv152_9052.txt neg neg:0.9999999972995284 pos:2.7004715176870637E-9 
cv059_28885.txt pos pos:1.0 neg:4.188172805705809E-27 
cv277_20467.txt neg neg:0.9999999604612009 pos:3.953879915315415E-8 
cv492_18271.txt pos pos:0.9999999999980409 neg:1.95909751606439E-12 
cv205_9457.txt pos pos:1.0 neg:5.174695879684734E-18 
cv170_29808.txt neg neg:0.9957457157648442 pos:0.004254284235155828 
cv764_12701.txt neg neg:0.9999999055026736 pos:9.449732630273092E-8 
cv652_15653.txt neg neg:0.997558607032583 pos:0.002441392967416836 
cv796_15782.txt pos pos:1.0 neg:1.3712760604825878E-20 
cv488_21453.txt neg neg:0.9999999999318223 pos:6.817779666935703E-11 
cv940_18935.txt neg neg:0.9999997012661963 pos:2.9873380363054483E-7 
cv663_13019.txt pos pos:1.0 neg:1.2148106135164238E-20 
cv236_12427.txt neg neg:0.9999999999999996 pos:4.0176504730301485E-16 
cv811_21386.txt pos pos:0.9999997853317414 neg:2.146682585034425E-7 
cv378_20629.txt pos pos:0.9999999999999996 neg:3.8396544199763443E-16 
cv911_21695.txt neg neg:1.0 pos:3.843682958531567E-32 
cv078_16506.txt neg neg:0.9999999999920781 pos:7.92199236287645E-12 
cv088_25274.txt neg neg:0.99974467987768 pos:2.5532012232011033E-4 
cv775_16237.txt pos pos:0.9944051519252175 neg:0.005594848074782439 
cv886_18177.txt pos neg:0.9999989838485045 pos:1.016151495549651E-6 
cv648_17277.txt neg pos:0.9997026030075068 neg:2.973969924931232E-4 
cv173_4295.txt neg neg:1.0 pos:4.944191107231903E-17 
cv076_26009.txt neg pos:0.9968292047201085 neg:0.003170795279891599 
cv536_27221.txt neg neg:0.943570637661104 pos:0.05642936233889602 
cv385_29741.txt pos pos:0.9999999999504676 neg:4.9532354402269704E-11 
cv648_15792.txt pos neg:0.9999999999992142 pos:7.858998571961191E-13 
cv331_8273.txt pos pos:0.9999999999697027 neg:3.0297291583293965E-11 
cv231_11028.txt neg neg:0.9999999999999998 pos:2.1669650563586739E-16 
cv467_26610.txt neg pos:0.999999958990664 neg:4.100933607671935E-8 
cv073_23039.txt neg neg:0.9999999999993401 pos:6.599299296558893E-13 
cv698_15253.txt pos pos:1.0 neg:3.534278117459155E-21 
cv411_15007.txt pos pos:1.0 neg:9.159360719313541E-42 
cv376_19435.txt pos pos:0.9996500840034075 neg:3.4991599659250206E-4 
cv851_21895.txt neg pos:0.9999994292302323 neg:5.707697677042044E-7 
cv421_9709.txt pos pos:0.9999998895555124 neg:1.1044448757206932E-7 
cv574_22156.txt pos neg:0.9377364234995196 pos:0.06226357650048031 
cv679_28221.txt neg neg:0.9999999999912241 pos:8.775910674392843E-12 
cv760_8597.txt pos pos:0.5692016336132176 neg:0.4307983663867825 
cv293_29856.txt pos pos:0.9999669115269811 neg:3.308847301896059E-5 
cv512_15965.txt pos pos:1.0 neg:2.716800528275988E-30 
cv333_8916.txt pos pos:1.0 neg:3.1145975317788585E-19 
cv721_28993.txt neg neg:0.9999999976942859 pos:2.3057139677368086E-9 
cv316_5972.txt neg neg:0.9829799177315992 pos:0.017020082268400856 
cv503_10558.txt pos pos:0.9999999999987914 neg:1.2085606391717975E-12 
cv140_7963.txt neg neg:1.0 pos:1.2009012299732373E-23 
cv067_19774.txt pos pos:0.9997742955507741 neg:2.2570444922592078E-4 
cv481_7436.txt pos pos:0.9999999999999818 neg:1.8146364015040982E-14 
cv970_18450.txt pos pos:1.0 neg:2.4784350394578585E-22 
cv181_16083.txt neg neg:0.9978750569720326 pos:0.0021249430279673093 
cv872_12591.txt pos pos:1.0 neg:2.601467748985015E-20 
cv339_22452.txt neg neg:0.9999999582769641 pos:4.172303604461545E-8 
cv443_22367.txt neg neg:0.9999997247549248 pos:2.752450750280386E-7 
cv835_20531.txt neg neg:0.9935094967088168 pos:0.00649050329118308 
cv579_12542.txt neg neg:1.0 pos:5.108444510013829E-30 
cv774_15488.txt neg neg:0.9903914327743095 pos:0.009608567225690525 
cv549_22771.txt neg neg:0.9999998041246736 pos:1.9587532653614125E-7 
cv873_18636.txt pos neg:0.9979835073061962 pos:0.002016492693803728 
cv324_7082.txt pos pos:0.9999999998065292 neg:1.934709058488563E-10 
cv598_18184.txt neg neg:0.9990137899778312 pos:9.862100221687557E-4 
cv164_23451.txt neg neg:0.9620948100885927 pos:0.037905189911407344 
cv945_13012.txt neg neg:0.9999934497689983 pos:6.5502310016148075E-6 
cv954_19932.txt neg neg:0.999999564099154 pos:4.359008459465212E-7 
cv708_28539.txt neg pos:0.9999973048725797 neg:2.6951274203215923E-6 
cv468_16844.txt neg neg:0.9999999999998304 pos:1.6967313400065265E-13 
cv643_29282.txt neg neg:0.9999999998409124 pos:1.590876232235643E-10 
cv888_24435.txt pos pos:0.9999999958962023 neg:4.1037977395593444E-9 
cv420_28795.txt pos neg:0.9989195427542085 pos:0.001080457245791581 
cv423_11155.txt pos pos:0.9999999999998161 neg:1.838075380932382E-13 
cv334_10001.txt pos neg:0.9999999999999911 pos:8.80478249432159E-15 
cv137_15422.txt pos pos:0.9999998829652038 neg:1.170347961756415E-7 
cv360_8398.txt pos pos:0.9999150840374917 neg:8.491596250822209E-5 
cv554_13151.txt pos pos:0.9999987311158984 neg:1.2688841014581773E-6 
cv969_13250.txt pos pos:0.9999999985861399 neg:1.4138600381597488E-9 
cv223_29066.txt pos neg:0.9953579167717462 pos:0.004642083228253781 
Trial 0 Trainer NaiveBayesTrainer Training Data Confusion Matrix
Confusion Matrix, row=true, column=predicted  accuracy=0.9172222222222223
  label   0   1  |total
  0 neg 837  63  |900
  1 pos  86 814  |900

Trial 0 Trainer NaiveBayesTrainer training data accuracy= 0.9172222222222223
Trial 0 Trainer NaiveBayesTrainer Test Data Confusion Matrix
Confusion Matrix, row=true, column=predicted  accuracy=0.82
  label   0   1  |total
  0 neg  81  19  |100
  1 pos  17  83  |100

Trial 0 Trainer NaiveBayesTrainer test data accuracy= 0.82

NaiveBayesTrainer
Summary. train accuracy mean = 0.9172222222222223 stddev = 0.0 stderr = 0.0
Summary. test accuracy mean = 0.82 stddev = 0.0 stderr = 0.0
