
-------------------- Trial 0  --------------------

Trial 0 Training NaiveBayesTrainer with 1800 instances
Trial 0 Training NaiveBayesTrainer finished
Trial 0 Trainer NaiveBayesTrainer
 Raw Testing Data
cv918_27080.txt neg neg:0.9449015842930114 pos:0.05509841570698855 
cv373_20404.txt pos pos:0.9999999464308418 neg:5.356915826237304E-8 
cv461_21124.txt neg pos:0.9994775472078249 neg:5.224527921752028E-4 
cv106_16807.txt pos pos:0.9999999999991616 neg:8.385050145661675E-13 
cv981_14989.txt pos pos:0.999999996345101 neg:3.654898992118562E-9 
cv609_25038.txt neg neg:0.8390879303931993 pos:0.1609120696068008 
cv035_3954.txt pos pos:0.9999999999995959 neg:4.042313058162069E-13 
cv495_16121.txt neg pos:0.7410100351395665 neg:0.2589899648604335 
cv868_11948.txt pos pos:1.0 neg:1.7172236543898537E-19 
cv768_12709.txt neg neg:1.0 pos:2.448927831600614E-17 
cv539_21865.txt neg neg:0.9999999999967624 pos:3.237530919746289E-12 
cv582_6678.txt neg neg:0.9995441443855388 pos:4.558556144611019E-4 
cv967_5788.txt pos pos:0.9999999999999953 neg:4.7291908566679364E-15 
cv706_25883.txt neg neg:1.0 pos:3.9741849838136356E-19 
cv264_14108.txt neg neg:0.9999012481338793 pos:9.8751866120759E-5 
cv251_23901.txt neg neg:1.0 pos:1.7342595993767406E-21 
cv395_10849.txt pos pos:0.9999999999997513 neg:2.487793731726324E-13 
cv872_13710.txt neg neg:0.9999820452622257 pos:1.7954737774380486E-5 
cv977_4938.txt pos pos:0.9999643711725659 neg:3.5628827434112226E-5 
cv944_15042.txt neg neg:0.9999997234764183 pos:2.765235816575756E-7 
cv212_10027.txt pos pos:0.9999993821345442 neg:6.178654558813657E-7 
cv307_25270.txt pos neg:0.9999753746726695 pos:2.462532733058992E-5 
cv359_6647.txt pos pos:0.9563805075000985 neg:0.04361949249990163 
cv786_23608.txt neg neg:0.9999999999991462 pos:8.53790119147101E-13 
cv974_22941.txt pos pos:0.9999999967486297 neg:3.25137028986154E-9 
cv054_4230.txt pos neg:0.9999999906800184 pos:9.319981555308999E-9 
cv984_14006.txt neg neg:0.9903815619870762 pos:0.00961843801292377 
cv169_23778.txt pos pos:1.0 neg:5.5744219564367835E-30 
cv763_14729.txt pos pos:0.9998748087620218 neg:1.2519123797829582E-4 
cv002_15918.txt pos neg:0.9997711420578594 pos:2.288579421406103E-4 
cv892_17576.txt pos pos:0.9999999997301552 neg:2.69844737750581E-10 
cv871_25971.txt neg neg:1.0 pos:1.2062724093487476E-18 
cv006_17022.txt neg neg:0.9999999992733075 pos:7.266924344894236E-10 
cv542_18980.txt pos pos:0.9982890682657855 neg:0.0017109317342145775 
cv532_6495.txt neg neg:0.9999957028080708 pos:4.2971919292256944E-6 
cv953_7078.txt neg neg:1.0 pos:8.218314755901114E-21 
cv351_17029.txt neg neg:0.99999996839487 pos:3.1605129915222496E-8 
cv840_18033.txt neg pos:0.9962502981296131 neg:0.0037497018703869234 
cv758_9671.txt pos pos:0.6834301619125512 neg:0.3165698380874488 
cv777_10247.txt neg neg:1.0 pos:1.029719704073741E-18 
cv228_5644.txt neg neg:0.999999999404569 pos:5.954311317325993E-10 
cv187_14112.txt neg neg:0.999999994793505 pos:5.2064950041695174E-9 
cv007_4968.txt pos pos:0.9999973685250612 neg:2.6314749388262735E-6 
cv807_21740.txt pos pos:0.9999999999996547 neg:3.453879497108126E-13 
cv000_29590.txt pos neg:0.9999989766449714 pos:1.0233550286455555E-6 
cv087_2145.txt neg neg:1.0 pos:8.357655453091372E-18 
cv613_21796.txt pos pos:0.9999994949733958 neg:5.050266041590939E-7 
cv092_28017.txt pos pos:0.9999895780680061 neg:1.0421931993733374E-5 
cv098_15435.txt pos neg:0.997390986538468 pos:0.0026090134615320676 
cv157_29372.txt pos pos:0.9999999998874216 neg:1.1257836579370673E-10 
cv107_24319.txt pos neg:0.9999998708999691 pos:1.2910003092660813E-7 
cv565_29403.txt neg neg:0.9999999990106183 pos:9.89381758594401E-10 
cv809_5009.txt pos pos:0.9999999999994755 neg:5.244382705108113E-13 
cv418_14774.txt pos pos:0.9999993493417408 neg:6.506582591241303E-7 
cv832_23275.txt pos pos:0.9999999999970008 neg:2.9991688321111568E-12 
cv577_28549.txt pos pos:1.0 neg:2.380462682458639E-33 
cv458_9000.txt neg neg:0.9999999999459321 pos:5.406779315174731E-11 
cv846_29359.txt neg neg:0.9999999998212834 pos:1.787164862241469E-10 
cv695_21108.txt pos pos:1.0 neg:3.1568693227699407E-18 
cv155_7845.txt neg neg:0.99999999999975 pos:2.501269497656659E-13 
cv725_10103.txt pos neg:0.9995514830471797 pos:4.485169528204552E-4 
cv855_20661.txt pos pos:0.9998857835739349 neg:1.1421642606509962E-4 
cv739_12179.txt neg neg:0.6224356697270681 pos:0.3775643302729319 
cv058_8469.txt neg neg:0.5721713107711491 pos:0.4278286892288508 
cv880_29629.txt neg pos:0.9999957612187548 neg:4.23878124520049E-6 
cv165_22619.txt pos pos:0.9999999999845908 neg:1.5409322045085306E-11 
cv366_10709.txt neg neg:1.0 pos:6.683863286558011E-18 
cv056_14663.txt neg neg:0.9999999999999998 pos:2.499966711625632E-16 
cv884_13632.txt pos neg:0.9999896946943254 pos:1.0305305674504679E-5 
cv841_3967.txt pos neg:0.9974276754942968 pos:0.0025723245057030527 
cv414_10518.txt pos pos:1.0 neg:1.812746267928333E-20 
cv858_20266.txt neg neg:1.0 pos:1.1289700787682172E-23 
cv262_12649.txt pos neg:0.9999998923448992 pos:1.0765510077570527E-7 
cv587_19162.txt pos pos:0.9999999828334368 neg:1.7166563269715927E-8 
cv965_26688.txt neg neg:0.9989534435206708 pos:0.0010465564793292056 
cv848_10061.txt neg neg:0.9999999999999996 pos:3.825532840733632E-16 
cv777_10094.txt pos pos:1.0 neg:1.3688701913431876E-20 
cv735_20218.txt neg pos:0.9999660969607286 neg:3.39030392713622E-5 
cv889_21430.txt pos neg:0.9999998165506999 pos:1.8344930003114307E-7 
cv763_16486.txt neg neg:0.9999999999897531 pos:1.0246832639200951E-11 
cv288_20212.txt neg neg:0.9999992114832339 pos:7.885167661280234E-7 
cv197_29271.txt neg pos:0.5265419313393644 neg:0.4734580686606355 
cv486_9799.txt pos pos:0.9679812165031451 neg:0.032018783496854906 
cv368_11090.txt neg neg:0.9999999999958067 pos:4.193368170971181E-12 
cv944_13521.txt pos pos:0.9999999999959999 neg:4.0002149494178656E-12 
cv131_10713.txt pos pos:0.999999999998433 neg:1.567029960285558E-12 
cv995_23113.txt neg neg:1.0 pos:1.0449290921716475E-28 
cv036_18385.txt neg neg:0.949240435478328 pos:0.050759564521672074 
cv176_12857.txt pos pos:0.9831138921521291 neg:0.016886107847870906 
cv387_11507.txt pos pos:0.9996524646292676 neg:3.475353707322729E-4 
cv125_9391.txt pos pos:0.9998687100831144 neg:1.312899168856289E-4 
cv678_13419.txt pos pos:1.0 neg:6.214821720875033E-33 
cv945_12160.txt pos pos:1.0 neg:3.330476317349886E-17 
cv885_13390.txt neg neg:0.9999999811808321 pos:1.881916783681443E-8 
cv109_22599.txt neg neg:0.9504272999679659 pos:0.04957270003203412 
cv550_22211.txt pos neg:1.0 pos:1.0889343521400657E-16 
cv464_17076.txt neg neg:0.9999836635533406 pos:1.6336446659356952E-5 
cv633_29837.txt pos pos:1.0 neg:2.2686357264529367E-28 
cv052_29378.txt pos pos:0.9999999469583049 neg:5.304169511577127E-8 
cv611_21120.txt pos neg:0.8891233853327827 pos:0.11087661466721727 
cv123_12165.txt neg neg:1.0 pos:7.531744030445862E-19 
cv859_15689.txt neg pos:0.999134179573268 neg:8.658204267319325E-4 
cv229_15200.txt neg neg:0.9999980130508159 pos:1.986949183969703E-6 
cv526_12083.txt pos pos:0.9999999997539799 neg:2.4602003374509266E-10 
cv474_10209.txt pos pos:0.7593958761262334 neg:0.24060412387376667 
cv324_7502.txt neg pos:0.9999999996909055 neg:3.090944307739285E-10 
cv718_11434.txt pos pos:0.9999999999993434 neg:6.565115825523307E-13 
cv416_12048.txt neg neg:1.0 pos:4.8140995259652184E-17 
cv160_10362.txt pos pos:1.0 neg:2.5888893567913052E-23 
cv823_15569.txt pos pos:0.9999999999987055 neg:1.294575358414353E-12 
cv571_29292.txt neg pos:0.9999874797803324 neg:1.2520219667595544E-5 
cv906_11491.txt pos pos:0.9999739638200574 neg:2.603617994264117E-5 
cv046_10613.txt neg neg:0.9999999997450695 pos:2.5493054707400356E-10 
cv561_9201.txt pos pos:0.9999999999999998 neg:1.9554822080843594E-16 
cv892_18788.txt neg neg:0.9999999996760671 pos:3.2393282408354805E-10 
cv833_11961.txt neg neg:0.9999999461539111 pos:5.3846088911769875E-8 
cv605_11800.txt pos pos:0.9999999999957829 neg:4.217133720545907E-12 
cv358_10691.txt pos pos:0.9999999999776572 neg:2.234286001950368E-11 
cv727_5006.txt neg pos:0.997544870412504 neg:0.0024551295874960075 
cv476_18402.txt neg neg:0.983850772967208 pos:0.016149227032791924 
cv850_18185.txt neg neg:0.9920179240424325 pos:0.0079820759575675 
cv555_25047.txt neg neg:0.9999999952467846 pos:4.753215296863148E-9 
cv011_13044.txt neg neg:0.999978615806808 pos:2.138419319202743E-5 
cv926_18471.txt neg pos:1.0 neg:2.1803290838262746E-20 
cv559_0050.txt pos pos:0.9999966216268211 neg:3.3783731788824017E-6 
cv755_24881.txt neg neg:1.0 pos:5.1448395293343026E-24 
cv210_9557.txt neg pos:0.9734095562677993 neg:0.026590443732200646 
cv050_12128.txt neg neg:0.9999999999961569 pos:3.843127578441168E-12 
cv273_29112.txt pos pos:1.0 neg:1.6188126158766713E-30 
cv900_10800.txt neg neg:0.9999999996760238 pos:3.239760902099274E-10 
cv140_7479.txt pos pos:0.9999999846270256 neg:1.5372974415967292E-8 
cv740_13643.txt neg pos:0.9987282951928079 neg:0.0012717048071920868 
cv742_8279.txt neg pos:0.9999893420747069 neg:1.0657925293185103E-5 
cv246_28668.txt neg neg:0.9999999990574828 pos:9.4251728311251E-10 
cv602_8830.txt neg neg:0.999999999830036 pos:1.6996395581563598E-10 
cv469_20630.txt pos pos:1.0 neg:1.2021848939829996E-35 
cv487_10446.txt pos pos:0.9999999997727251 neg:2.2727491462808265E-10 
cv281_23253.txt pos pos:0.9999999999999989 neg:1.0786537874243954E-15 
cv318_11146.txt neg neg:1.0 pos:1.4502709829314404E-22 
cv054_4101.txt neg pos:0.6900807400456473 neg:0.30991925995435277 
cv451_11502.txt neg neg:0.9999999999999987 pos:1.4418686638292452E-15 
cv064_25842.txt neg neg:1.0 pos:2.1917785989512242E-17 
cv461_19600.txt pos pos:1.0 neg:5.8451174810095385E-18 
cv807_23024.txt neg neg:1.0 pos:2.230888662308591E-50 
cv940_17705.txt pos pos:0.9062158643122258 neg:0.0937841356877742 
cv784_16077.txt neg neg:0.9999999999999867 pos:1.334061139176464E-14 
cv696_29740.txt pos pos:0.9999999999997506 neg:2.49300686113487E-13 
cv473_7367.txt pos pos:0.9814275871034072 neg:0.018572412896592873 
cv478_14309.txt pos pos:1.0 neg:1.4911769572907939E-30 
cv624_10744.txt pos pos:1.0 neg:4.488126247930504E-17 
cv938_10220.txt pos pos:0.9533358240796407 neg:0.046664175920359346 
cv551_11214.txt neg neg:0.9999944638834727 pos:5.536116527163353E-6 
cv603_18885.txt neg neg:0.997283484448265 pos:0.002716515551735093 
cv414_11161.txt neg pos:0.9999521441414443 neg:4.7855858555731604E-5 
cv683_12167.txt pos pos:1.0 neg:3.613192358207534E-18 
cv302_25649.txt pos pos:0.9999999999758689 neg:2.4131125425349168E-11 
cv585_22496.txt pos pos:1.0 neg:1.823213381342219E-21 
cv645_15668.txt pos pos:1.0 neg:7.866481654907238E-18 
cv772_12971.txt neg neg:1.0 pos:1.4163739089141004E-29 
cv130_17083.txt pos pos:0.9999999990496111 neg:9.503888639527092E-10 
cv258_5627.txt neg neg:0.9999998771401897 pos:1.2285981028492314E-7 
cv547_16324.txt pos pos:0.9999999994985458 neg:5.014543208374778E-10 
cv574_23191.txt neg neg:0.9999999999999767 pos:2.3333973057504802E-14 
cv684_12727.txt neg neg:0.9999999999974623 pos:2.537795339793253E-12 
cv619_12462.txt pos neg:0.821974922982207 pos:0.17802507701779302 
cv847_20855.txt neg neg:0.9999693693471041 pos:3.063065289590805E-5 
cv436_19179.txt pos pos:0.9999999999999798 neg:2.017913031883742E-14 
cv570_28960.txt neg pos:0.926569307479801 neg:0.07343069252019895 
cv820_22892.txt pos pos:0.9999999999999865 neg:1.3601445102830839E-14 
cv296_12251.txt pos neg:0.9993188985305803 pos:6.811014694197527E-4 
cv703_16143.txt pos pos:0.9852447768947423 neg:0.014755223105257705 
cv865_2895.txt pos pos:1.0 neg:4.427658958800681E-18 
cv430_17351.txt pos pos:0.9998690403014446 neg:1.3095969855523844E-4 
cv015_29439.txt pos pos:0.9998825460860425 neg:1.174539139574151E-4 
cv287_17410.txt neg neg:0.9999990210828243 pos:9.789171755969166E-7 
cv436_20564.txt neg neg:0.9999999999977913 pos:2.208568332724153E-12 
cv573_29384.txt neg neg:0.9996528782833762 pos:3.4712171662384E-4 
cv703_17948.txt neg pos:0.9997295137986657 neg:2.7048620133435046E-4 
cv327_21743.txt neg neg:0.9999996111077101 pos:3.888922898838741E-7 
cv905_29114.txt pos pos:0.9999999999999967 neg:3.231193140542331E-15 
cv592_23391.txt neg neg:0.9999999999928708 pos:7.129276394346633E-12 
cv386_10229.txt neg neg:0.9999896429604801 pos:1.0357039519987005E-5 
cv356_26170.txt neg neg:0.909710302464511 pos:0.09028969753548907 
cv168_7435.txt neg neg:0.9999683373699494 pos:3.16626300506189E-5 
cv329_29293.txt neg neg:0.9999707986526328 pos:2.9201347367155216E-5 
cv278_14533.txt neg pos:0.9999996809170714 neg:3.1908292873613664E-7 
cv771_28665.txt pos pos:1.0 neg:2.4087258777199556E-23 
cv230_7913.txt neg neg:0.9999999926609962 pos:7.339003841168834E-9 
cv171_13537.txt pos pos:0.9620179723676964 neg:0.037982027632303655 
cv649_13947.txt neg neg:0.9999999999998008 pos:1.992560596205807E-13 
cv307_26382.txt neg neg:0.9999997121663171 pos:2.878336828113999E-7 
cv463_10343.txt pos pos:0.9999999979632084 neg:2.036791541695927E-9 
cv441_15276.txt neg neg:0.9999999999999984 pos:1.5827850981508368E-15 
cv401_12605.txt pos pos:0.9999998958098271 neg:1.0419017302970423E-7 
cv403_6621.txt pos pos:0.7862469103568756 neg:0.21375308964312453 
cv493_12839.txt pos neg:0.9999983760715757 pos:1.623928424307948E-6 
cv484_26169.txt neg neg:1.0 pos:5.614725621771837E-17 
cv104_18134.txt pos pos:0.8635590290635989 neg:0.1364409709364011 
cv692_15451.txt pos pos:1.0 neg:6.505503825788148E-37 
cv475_21692.txt pos pos:0.9999999263470284 neg:7.365297169149867E-8 
Trial 0 Trainer NaiveBayesTrainer Training Data Confusion Matrix
Confusion Matrix, row=true, column=predicted  accuracy=0.9183333333333333
  label   0   1  |total
  0 pos 816  84  |900
  1 neg  63 837  |900

Trial 0 Trainer NaiveBayesTrainer training data accuracy= 0.9183333333333333
Trial 0 Trainer NaiveBayesTrainer Test Data Confusion Matrix
Confusion Matrix, row=true, column=predicted  accuracy=0.825
  label   0   1  |total
  0 pos  84  16  |100
  1 neg  19  81  |100

Trial 0 Trainer NaiveBayesTrainer test data accuracy= 0.825

NaiveBayesTrainer
Summary. train accuracy mean = 0.9183333333333333 stddev = 0.0 stderr = 0.0
Summary. test accuracy mean = 0.825 stddev = 0.0 stderr = 0.0
