
-------------------- Trial 0  --------------------

Trial 0 Training NaiveBayesTrainer with 1800 instances
Trial 0 Training NaiveBayesTrainer finished
Trial 0 Trainer NaiveBayesTrainer
 Raw Testing Data
cv133_18065.txt neg neg:0.9999999999492641 pos:5.073582774107763E-11 
cv478_15921.txt neg neg:0.9999999999999982 pos:1.7322961966628634E-15 
cv782_19526.txt pos pos:1.0 neg:5.342025308674961E-26 
cv112_11193.txt pos neg:0.9391811169175485 pos:0.06081888308245163 
cv408_5297.txt pos neg:0.9999999311919759 pos:6.880802413390798E-8 
cv011_12166.txt pos pos:0.9999913344507794 neg:8.665549220660883E-6 
cv367_24065.txt neg neg:1.0 pos:5.87002106899014E-31 
cv348_18176.txt pos pos:0.9920607396462738 neg:0.007939260353726054 
cv070_12289.txt pos pos:0.9999999999999196 neg:8.027728248518006E-14 
cv433_10443.txt neg neg:0.999999999998922 pos:1.0781014990099778E-12 
cv031_18452.txt pos pos:1.0 neg:2.0123950268916643E-24 
cv649_12735.txt pos neg:0.9663972793569756 pos:0.03360272064302433 
cv343_10906.txt neg neg:0.6097910886220554 pos:0.3902089113779446 
cv390_12187.txt neg neg:0.9931801059568869 pos:0.006819894043113186 
cv794_17353.txt neg neg:0.9999999992470219 pos:7.529780421576171E-10 
cv922_10073.txt pos pos:0.9999999999245757 neg:7.54242457736955E-11 
cv437_24070.txt neg neg:1.0 pos:6.89406691665484E-20 
cv785_22600.txt pos pos:0.9999999754242642 neg:2.4575735733035808E-8 
cv515_18484.txt neg pos:0.8357783405480207 neg:0.16422165945197922 
cv492_19370.txt neg neg:0.9999999896964137 pos:1.030358621838957E-8 
cv279_18329.txt pos pos:0.9999999999405087 neg:5.949137506071027E-11 
cv435_24355.txt neg pos:0.6991177108672023 neg:0.3008822891327976 
cv534_15683.txt neg neg:0.9996333555139448 pos:3.6664448605527915E-4 
cv867_16661.txt pos neg:0.9999475860500684 pos:5.241394993152292E-5 
cv838_25886.txt neg pos:0.9999922377264188 neg:7.762273581172773E-6 
cv479_5450.txt neg neg:1.0 pos:2.1981360356158416E-17 
cv078_14730.txt pos pos:0.9999999999999729 neg:2.700549999151942E-14 
cv701_15880.txt neg pos:0.9983771636891571 neg:0.0016228363108429969 
cv377_8440.txt neg neg:0.998743214610457 pos:0.0012567853895428974 
cv860_15520.txt neg neg:0.9999999980458263 pos:1.9541737884059392E-9 
cv776_20529.txt pos pos:0.9999999999999309 neg:6.915883728688534E-14 
cv240_14336.txt pos pos:1.0 neg:3.4342041395085516E-26 
cv783_13227.txt pos neg:0.9999999999998714 pos:1.2847052059021804E-13 
cv991_19973.txt neg neg:0.9626841390205866 pos:0.03731586097941333 
cv823_17055.txt neg neg:1.0 pos:6.966325563006267E-23 
cv352_5414.txt neg neg:0.9999836256101715 pos:1.637438982858211E-5 
cv350_22139.txt neg neg:0.9999999999928328 pos:7.167118572678991E-12 
cv817_3675.txt neg neg:0.999999373426625 pos:6.265733748583905E-7 
cv917_29715.txt pos neg:0.9996452178295107 pos:3.547821704893977E-4 
cv834_22195.txt pos pos:0.9999999999999996 neg:4.833240358753088E-16 
cv177_10904.txt neg pos:0.7435329533802112 neg:0.25646704661978875 
cv045_23923.txt pos pos:0.9999999992976811 neg:7.023188549294581E-10 
cv131_11568.txt neg neg:1.0 pos:5.2926476370258465E-17 
cv572_20053.txt neg neg:0.9999999905330311 pos:9.46696900558079E-9 
cv241_23130.txt pos pos:0.9999999999999962 neg:3.838922534523454E-15 
cv141_15686.txt pos pos:0.8595355636446271 neg:0.14046443635537292 
cv523_18285.txt neg neg:0.9999999952178225 pos:4.782177455455787E-9 
cv375_9929.txt pos pos:0.9999999999999993 neg:6.223977296081001E-16 
cv346_18168.txt pos neg:0.9956010078029789 pos:0.004398992197021027 
cv428_12202.txt neg neg:1.0 pos:1.4674082848710592E-34 
cv552_0150.txt neg neg:0.9999999999999567 pos:4.32853029351954E-14 
cv802_28381.txt neg neg:0.9999999999954508 pos:4.549274093082375E-12 
cv507_9509.txt neg neg:1.0 pos:1.5717448973003358E-21 
cv201_7421.txt neg pos:0.7554463191719368 neg:0.24455368082806314 
cv259_11827.txt neg neg:0.7408421300149941 pos:0.25915786998500584 
cv349_13507.txt pos pos:0.9999999999999933 neg:6.689955614724345E-15 
cv458_8604.txt pos pos:0.9999999999998779 neg:1.2222151192271863E-13 
cv651_10492.txt pos pos:0.9998703290439309 neg:1.2967095606913036E-4 
cv880_29800.txt pos pos:0.9999999999999889 neg:1.105988278187968E-14 
cv932_14854.txt neg neg:0.9999999999999976 pos:2.421064556771913E-15 
cv314_14422.txt pos pos:0.9962292570627536 neg:0.0037707429372463752 
cv277_19091.txt pos pos:0.9989542891453257 neg:0.0010457108546743595 
cv105_19135.txt neg neg:0.9999999999886755 pos:1.1324517528068702E-11 
cv272_18974.txt pos pos:1.0 neg:1.5382046493074156E-17 
cv795_10291.txt neg neg:1.0 pos:1.1337078412141504E-22 
cv096_11474.txt pos pos:0.999999999999464 neg:5.359056260892514E-13 
cv866_29691.txt pos pos:0.9999999999999887 neg:1.1238635446180488E-14 
cv136_11505.txt pos pos:0.9994921245501653 neg:5.078754498345561E-4 
cv664_4389.txt pos neg:0.9999995007173831 pos:4.992826168844206E-7 
cv179_9228.txt pos pos:0.9999999417275881 neg:5.827241190859138E-8 
cv528_10822.txt pos pos:0.9999999999999989 neg:1.1859329071059018E-15 
cv995_21821.txt pos pos:0.9999999999992413 neg:7.587539810011013E-13 
cv475_22978.txt neg pos:0.999999999985328 neg:1.4671948747010894E-11 
cv070_13249.txt neg neg:1.0 pos:4.7634553205002495E-18 
cv657_25835.txt neg neg:0.9999996091511141 pos:3.9084888586610883E-7 
cv969_14760.txt neg pos:0.5695129436258514 neg:0.4304870563741486 
cv935_23841.txt pos pos:0.9999999999999907 neg:9.429144823822175E-15 
cv920_29622.txt pos pos:0.9791520257703925 neg:0.020847974229607356 
cv126_28821.txt neg neg:1.0 pos:2.8106271530866033E-33 
cv668_17604.txt pos pos:0.9997801673996197 neg:2.198326003803476E-4 
cv521_1730.txt neg neg:0.9999999600030427 pos:3.999695724748186E-8 
cv790_14600.txt pos neg:0.9999748838983608 pos:2.511610163931412E-5 
cv822_21545.txt neg neg:1.0 pos:6.215654554426806E-23 
cv247_14668.txt neg pos:0.907944811853767 neg:0.09205518814623306 
cv972_26417.txt pos pos:0.9109965874695791 neg:0.08900341253042093 
cv675_22871.txt neg pos:0.9994198770556533 neg:5.801229443466305E-4 
cv509_17354.txt neg neg:0.9999999977755318 pos:2.2244681453237136E-9 
cv952_25240.txt pos neg:0.9999999878520504 pos:1.2147949629103257E-8 
cv205_9676.txt neg neg:0.9998186329252949 pos:1.8136707470513212E-4 
cv734_21568.txt pos pos:0.9999999852336894 neg:1.4766310524489902E-8 
cv968_24218.txt pos pos:0.9999999960748995 neg:3.925100353456753E-9 
cv502_10970.txt neg neg:0.9735476265250933 pos:0.026452373474906775 
cv406_22199.txt neg neg:0.9999999999999443 pos:5.575759019901809E-14 
cv275_28725.txt neg neg:0.8949466804101169 pos:0.10505331958988295 
cv806_9405.txt neg neg:0.9999430001944184 pos:5.699980558150476E-5 
cv290_11084.txt pos pos:1.0 neg:7.938976937727398E-35 
cv439_17633.txt neg neg:0.9999999989015027 pos:1.0984973777719954E-9 
cv372_6552.txt pos neg:0.9999237008362857 pos:7.629916371431788E-5 
cv014_15600.txt neg neg:0.9999999999999996 pos:3.6903747418556116E-16 
cv531_26838.txt neg pos:0.9999878694400237 neg:1.213055997625761E-5 
cv367_22792.txt pos pos:0.9999999999977798 neg:2.2202842159024357E-12 
cv818_10211.txt pos pos:1.0 neg:2.3627129166280746E-25 
cv642_29788.txt neg neg:0.9999999999805029 pos:1.949708470377186E-11 
cv925_8969.txt pos pos:1.0 neg:1.3399983771422194E-17 
cv936_17473.txt neg neg:1.0 pos:3.395179076928652E-19 
cv228_5806.txt pos pos:0.9999999999999334 neg:6.655109274385547E-14 
cv912_5562.txt neg neg:0.9999999999999998 pos:1.209985223272671E-16 
cv308_5016.txt pos pos:0.9999992570455523 neg:7.429544477902263E-7 
cv749_18960.txt neg neg:0.9999999999999978 pos:2.3080254432452028E-15 
cv087_1989.txt pos pos:1.0 neg:1.0901013936347657E-23 
cv442_15499.txt neg neg:0.9999999996468039 pos:3.5319623241571676E-10 
cv812_17924.txt pos pos:0.9999999991182615 neg:8.817384443739676E-10 
cv255_13683.txt pos pos:0.9999070585325501 neg:9.294146744983123E-5 
cv421_9752.txt neg pos:0.8906741442200945 neg:0.10932585577990556 
cv783_14724.txt neg neg:0.9999999999999964 pos:3.558175510062228E-15 
cv102_7846.txt pos pos:0.9999975921793802 neg:2.4078206197560692E-6 
cv174_9735.txt neg neg:0.9999999996455267 pos:3.544732933699941E-10 
cv326_14777.txt neg neg:0.999942686638665 pos:5.731336133503742E-5 
cv704_15969.txt pos neg:0.9989110027810576 pos:0.0010889972189423059 
cv398_15537.txt pos pos:1.0 neg:3.396494039845883E-19 
cv584_29722.txt pos pos:0.9999993252126264 neg:6.747873735546467E-7 
cv645_17078.txt neg pos:0.8116842338682253 neg:0.18831576613177473 
cv352_5524.txt pos pos:0.9999939008522631 neg:6.099147736811403E-6 
cv701_14252.txt pos pos:1.0 neg:7.645445057442657E-17 
cv986_13527.txt pos neg:1.0 pos:6.344717775954076E-22 
cv756_23676.txt neg neg:1.0 pos:9.472686333070437E-18 
cv576_14094.txt pos pos:0.9999998008978926 neg:1.9910210745259638E-7 
cv988_20168.txt neg neg:0.9999999999953202 pos:4.679871037843733E-12 
cv297_10104.txt neg neg:1.0 pos:8.03670418108941E-17 
cv747_18189.txt neg pos:0.9999980713446073 neg:1.928655392723271E-6 
cv596_4367.txt neg neg:0.9999998424450116 pos:1.5755498844280608E-7 
cv243_20728.txt pos pos:0.9999141532476102 neg:8.584675238977199E-5 
cv473_7869.txt neg neg:0.9999999999991875 pos:8.123778326130328E-13 
cv364_14254.txt neg neg:1.0 pos:9.394380916632897E-28 
cv670_25826.txt pos pos:0.999926539577495 neg:7.346042250488632E-5 
cv117_25625.txt neg neg:0.9999999999952334 pos:4.766715282738241E-12 
cv417_13115.txt pos pos:1.0 neg:2.959969426760376E-25 
cv318_10493.txt pos pos:0.6652462278213687 neg:0.3347537721786314 
cv802_28664.txt pos pos:1.0 neg:2.3095570067486892E-23 
cv425_8603.txt neg neg:0.9999996777948089 pos:3.222051911064809E-7 
cv986_15092.txt neg neg:0.9999966942273963 pos:3.3057726035417936E-6 
cv460_11723.txt neg neg:0.9791493301691497 pos:0.020850669830850255 
cv934_19027.txt pos pos:0.999999999995377 neg:4.622901626808088E-12 
cv535_21183.txt neg neg:0.9999977849512051 pos:2.2150487948161435E-6 
cv394_5137.txt pos pos:0.9999999789699436 neg:2.1030056349613757E-8 
cv700_21947.txt pos neg:0.9999999999990516 pos:9.48303761561056E-13 
cv323_29805.txt pos pos:0.9999999999165181 neg:8.348188391229852E-11 
cv293_29731.txt neg neg:1.0 pos:8.766591612670686E-17 
cv022_14227.txt neg neg:1.0 pos:2.2882727212845959E-23 
cv879_16585.txt neg neg:0.999999989261695 pos:1.0738304976618863E-8 
cv207_29284.txt pos pos:0.9999999999160398 neg:8.396020812139865E-11 
cv966_28671.txt neg neg:0.9216136351662443 pos:0.07838636483375579 
cv004_12641.txt neg neg:0.9999997330507986 pos:2.6694920135555553E-7 
cv091_7400.txt pos pos:0.9999999994917632 neg:5.082367418282302E-10 
cv731_3968.txt neg neg:0.9965085812129738 pos:0.0034914187870262463 
cv567_29611.txt pos pos:0.9999999533094233 neg:4.669057676186751E-8 
cv704_17622.txt neg neg:0.9999668713704901 pos:3.312862951003757E-5 
cv207_29141.txt neg neg:0.9630965928216594 pos:0.036903407178340585 
cv804_10862.txt pos pos:0.9999999096610963 neg:9.033890384022318E-8 
cv581_19381.txt pos pos:0.999999999994593 neg:5.407003999213741E-12 
cv685_5947.txt pos neg:0.9998588791470051 pos:1.411208529949822E-4 
cv913_29127.txt neg pos:0.990851426554893 neg:0.00914857344510705 
cv672_27988.txt neg neg:0.9999999999951088 pos:4.8912742981109716E-12 
cv417_14653.txt neg pos:0.9999989322992713 neg:1.0677007287797672E-6 
cv861_1198.txt pos neg:0.9538084729441305 pos:0.04619152705586946 
cv177_10367.txt pos pos:0.999999999977953 neg:2.2046943529254125E-11 
cv132_5618.txt pos neg:0.7817586438458267 pos:0.21824135615417337 
cv427_11693.txt neg pos:0.999999999960085 neg:3.9915013901459615E-11 
cv582_6559.txt pos pos:1.0 neg:2.8141133221632985E-33 
cv814_20316.txt neg neg:0.9999999999998457 pos:1.5440211399050019E-13 
cv533_9843.txt neg neg:0.9999999257777581 pos:7.422224202887967E-8 
cv863_7912.txt neg neg:0.9999999999999696 pos:3.0358584891364386E-14 
cv799_18543.txt pos pos:0.8637212658820964 neg:0.13627873411790348 
cv518_14798.txt neg neg:0.9999999999969162 pos:3.083807966086838E-12 
cv231_10425.txt pos pos:1.0 neg:1.2029539387147213E-36 
cv298_23111.txt pos pos:1.0 neg:2.4741388090046393E-21 
cv800_12368.txt pos pos:0.999999999999879 neg:1.210498228438734E-13 
cv656_25395.txt neg neg:1.0 pos:8.23070499426109E-27 
cv156_10481.txt pos pos:0.9997367915422908 neg:2.632084577092489E-4 
cv735_18801.txt pos pos:0.5521840343409591 neg:0.44781596565904086 
cv522_5583.txt pos pos:0.9999998861107086 neg:1.1388929155137483E-7 
cv482_10580.txt pos pos:0.9999998825288807 neg:1.1747111918059309E-7 
cv497_26980.txt pos pos:0.5662331537404711 neg:0.4337668462595289 
cv036_16831.txt pos pos:0.9999999999945721 neg:5.427917106982329E-12 
cv950_13478.txt neg neg:1.0 pos:2.5269254656885086E-26 
cv922_10185.txt neg neg:0.9999999955246119 pos:4.475388109540395E-9 
cv615_15734.txt neg neg:0.9999999999843221 pos:1.5677861917948192E-11 
cv803_8584.txt neg pos:0.9998916377014637 neg:1.0836229853621026E-4 
cv322_21820.txt neg neg:1.0 pos:2.895596211630926E-23 
cv422_9632.txt neg neg:1.0 pos:1.7487442685096526E-17 
cv839_21467.txt pos pos:0.9999999999010061 neg:9.899401028277318E-11 
cv216_18738.txt pos pos:1.0 neg:3.519475500761127E-18 
cv370_5221.txt pos neg:0.9999999999999969 pos:3.0861531701078894E-15 
cv309_22571.txt pos pos:1.0 neg:7.230896140899744E-26 
cv449_8785.txt pos pos:0.9978844826851229 neg:0.0021155173148771898 
cv916_15467.txt pos pos:1.0 neg:1.317856758920586E-36 
cv135_12506.txt neg neg:0.9999998954119432 pos:1.0458805680659262E-7 
cv006_15448.txt pos pos:0.9999999999997402 neg:2.598831857289356E-13 
cv239_3385.txt pos pos:0.9999999999999432 neg:5.687912790252317E-14 
cv138_13903.txt neg neg:1.0 pos:1.390317334187314E-21 
Trial 0 Trainer NaiveBayesTrainer Training Data Confusion Matrix
Confusion Matrix, row=true, column=predicted  accuracy=0.9188888888888889
  label   0   1  |total
  0 neg 839  61  |900
  1 pos  85 815  |900

Trial 0 Trainer NaiveBayesTrainer training data accuracy= 0.9188888888888889
Trial 0 Trainer NaiveBayesTrainer Test Data Confusion Matrix
Confusion Matrix, row=true, column=predicted  accuracy=0.82
  label   0   1  |total
  0 neg  82  18  |100
  1 pos  18  82  |100

Trial 0 Trainer NaiveBayesTrainer test data accuracy= 0.82

NaiveBayesTrainer
Summary. train accuracy mean = 0.9188888888888889 stddev = 0.0 stderr = 0.0
Summary. test accuracy mean = 0.82 stddev = 0.0 stderr = 0.0
