
-------------------- Trial 0  --------------------

Trial 0 Training NaiveBayesTrainer with 1800 instances
Trial 0 Training NaiveBayesTrainer finished
Trial 0 Trainer NaiveBayesTrainer
 Raw Testing Data
cv612_5461.txt pos pos:0.9351370048633322 neg:0.06486299513666782 
cv341_24430.txt pos pos:1.0 neg:5.172089454435257E-21 
cv709_11173.txt neg neg:0.9999999999999607 pos:3.927176696437811E-14 
cv750_10606.txt neg neg:0.9999913769755457 pos:8.623024454154085E-6 
cv486_9788.txt neg neg:1.0 pos:2.4445279666815274E-29 
cv595_25335.txt pos pos:0.7371929246557545 neg:0.2628070753442454 
cv672_28083.txt pos pos:0.9999999999999982 neg:1.7200517131711772E-15 
cv499_10658.txt pos pos:0.9999999999065721 neg:9.342797729860827E-11 
cv383_13116.txt pos neg:1.0 pos:3.2457472284936195E-20 
cv415_23674.txt neg neg:1.0 pos:8.320154359340212E-19 
cv471_16858.txt pos pos:0.9999999995795055 neg:4.2049449860272356E-10 
cv571_29366.txt pos pos:1.0 neg:2.817211310822711E-17 
cv390_11345.txt pos pos:0.9999681738901964 neg:3.1826109803506006E-5 
cv060_10844.txt pos pos:0.9999999999999989 neg:1.0307962316171075E-15 
cv884_15230.txt neg neg:0.9954142647036045 pos:0.004585735296395387 
cv213_18934.txt pos pos:0.971227287883459 neg:0.028772712116541078 
cv769_8123.txt pos pos:0.9999999877524183 neg:1.2247581784613806E-8 
cv093_15606.txt neg neg:0.9786614844973771 pos:0.021338515502622935 
cv625_12440.txt pos neg:0.9754868060954092 pos:0.02451319390459079 
cv568_15638.txt pos pos:0.9999999989569932 neg:1.043006727337203E-9 
cv523_16615.txt pos pos:1.0 neg:3.178322886236931E-18 
cv301_12146.txt pos pos:0.9999999899197253 neg:1.0080274764007879E-8 
cv997_5046.txt pos pos:1.0 neg:8.825952274154057E-28 
cv765_19037.txt pos pos:0.9999874835270715 neg:1.2516472928430377E-5 
cv778_17330.txt pos pos:1.0 neg:8.168278169788441E-18 
cv759_13522.txt pos pos:0.9999998239942439 neg:1.7600575615097823E-7 
cv008_29326.txt neg pos:0.9999999833892381 neg:1.6610761867094915E-8 
cv345_9966.txt neg neg:0.9999999999971141 pos:2.885924654270485E-12 
cv975_10981.txt pos pos:1.0 neg:4.721744220314045E-21 
cv190_27176.txt neg neg:0.999999914276021 pos:8.57239790457185E-8 
cv790_16202.txt neg neg:0.9697861556940921 pos:0.030213844305907962 
cv962_9803.txt pos pos:0.9999965962813949 neg:3.403718605107386E-6 
cv171_15164.txt neg neg:0.7516457439031766 pos:0.24835425609682332 
cv539_20347.txt pos neg:0.9986903097873022 pos:0.0013096902126978078 
cv707_10678.txt pos pos:0.8605459503216529 neg:0.13945404967834704 
cv506_15956.txt pos pos:0.9999999999999842 neg:1.5850434176693796E-14 
cv899_17812.txt neg pos:0.97005660276567 neg:0.02994339723432997 
cv541_28835.txt pos pos:0.976753045892514 neg:0.023246954107485944 
cv374_25436.txt pos pos:0.9999999743747303 neg:2.5625269743526553E-8 
cv883_27621.txt neg neg:1.0 pos:9.518747153576929E-31 
cv811_22646.txt neg neg:1.0 pos:9.601328508150058E-26 
cv886_19210.txt neg neg:0.999999999999323 pos:6.769817346933379E-13 
cv452_5088.txt pos pos:0.9908196140142136 neg:0.009180385985786419 
cv955_26154.txt neg neg:0.9999999999986748 pos:1.3252632603113144E-12 
cv454_21961.txt neg pos:0.9998227991487257 neg:1.7720085127425123E-4 
cv797_6957.txt pos neg:0.9999999599137812 pos:4.0086218827917137E-8 
cv947_11316.txt neg neg:0.9999999059623399 pos:9.403766004298492E-8 
cv737_28907.txt pos pos:1.0 neg:6.50172839402545E-32 
cv646_16817.txt neg pos:0.9999949702782174 neg:5.029721782570408E-6 
cv494_18689.txt neg neg:0.995338451319408 pos:0.004661548680592024 
cv188_19226.txt pos neg:0.8010649697329727 pos:0.1989350302670273 
cv721_29121.txt pos pos:0.999999999996801 neg:3.1989601876463714E-12 
cv887_5126.txt pos pos:1.0 neg:1.1353184517460192E-19 
cv893_26269.txt pos neg:0.9999999995903996 pos:4.096003919201639E-10 
cv135_11603.txt pos pos:0.9963318416053263 neg:0.0036681583946737034 
cv275_28887.txt pos pos:0.9999999999999931 neg:6.9522064174191004E-15 
cv426_10976.txt neg neg:0.9999999999987641 pos:1.2359780084262264E-12 
cv789_12136.txt pos neg:0.9153552035389941 pos:0.08464479646100596 
cv380_8164.txt neg neg:1.0 pos:1.9871367916214852E-19 
cv299_17950.txt neg neg:0.999999999959096 pos:4.090396942932342E-11 
cv728_16133.txt pos pos:1.0 neg:4.791311842446297E-17 
cv230_7428.txt pos neg:0.9999999965365529 pos:3.463447106109094E-9 
cv722_7571.txt neg neg:0.9984131745419214 pos:0.0015868254580787165 
cv197_29328.txt pos pos:0.9999993831826267 neg:6.168173732705531E-7 
cv927_10681.txt pos pos:1.0 neg:1.2137994950793034E-24 
cv049_21917.txt neg neg:0.9999999999978606 pos:2.1393484817146383E-12 
cv374_26455.txt neg neg:0.5427651905307428 pos:0.45723480946925726 
cv979_18921.txt pos pos:0.8804087859088837 neg:0.11959121409111624 
cv029_18643.txt pos pos:0.9999999999999993 neg:7.249830831491415E-16 
cv501_12675.txt neg neg:0.9999999999999898 pos:1.0283654303429776E-14 
cv654_18246.txt pos pos:0.9999397244446218 neg:6.0275555378364054E-5 
cv208_9020.txt pos neg:1.0 pos:3.3563403153800303E-25 
cv224_18875.txt neg neg:1.0 pos:1.7183307754924264E-17 
cv091_7899.txt neg pos:0.9999207283158335 neg:7.927168416659284E-5 
cv687_21100.txt pos pos:1.0 neg:1.1296120865835345E-28 
cv360_8927.txt neg neg:0.9999999999381994 pos:6.180063168469042E-11 
cv854_17740.txt pos pos:0.9999999849822674 neg:1.5017732656953926E-8 
cv496_11185.txt neg neg:0.9999999999945246 pos:5.47543122419879E-12 
cv224_17661.txt pos pos:1.0 neg:6.875610031963322E-30 
cv849_17215.txt neg neg:0.9999997923175923 pos:2.076824075601961E-7 
cv001_19502.txt neg neg:0.9999999995360629 pos:4.639370394932364E-10 
cv279_19452.txt neg neg:0.9999999994683981 pos:5.31601867506657E-10 
cv957_9059.txt neg neg:0.999999880485619 pos:1.1951438088868994E-7 
cv881_14767.txt neg pos:0.979660405192825 neg:0.02033959480717483 
cv121_18621.txt neg neg:0.9999997217570061 pos:2.7824299379376414E-7 
cv163_10110.txt neg neg:0.99953714230921 pos:4.6285769078986764E-4 
cv161_12224.txt neg neg:0.9999999969289 pos:3.0711000531199978E-9 
cv853_29119.txt neg neg:0.9999979807442261 pos:2.0192557740277727E-6 
cv624_11601.txt neg neg:0.9999999999969842 pos:3.0157764824044522E-12 
cv169_24973.txt neg neg:0.9999999999202516 pos:7.974837502851084E-11 
cv451_10690.txt pos pos:0.9999906829483657 neg:9.31705163435175E-6 
cv355_18174.txt neg neg:0.9995373189742102 pos:4.6268102578988E-4 
cv509_15888.txt pos pos:0.5048295339993341 neg:0.4951704660006659 
cv497_27086.txt neg pos:0.9999815060159707 neg:1.8493984029268253E-5 
cv639_10308.txt pos neg:0.9956560766371869 pos:0.004343923362813116 
cv119_9909.txt neg neg:0.9999966964237793 pos:3.303576220680224E-6 
cv058_8025.txt pos pos:0.9949241316722918 neg:0.005075868327708137 
cv396_17989.txt pos pos:0.9999993822904761 neg:6.177095239851739E-7 
cv252_24974.txt neg neg:1.0 pos:6.0131737004433935E-21 
cv362_16985.txt neg neg:0.9999999959927481 pos:4.007251745740304E-9 
cv028_26964.txt neg pos:0.9999330033056187 neg:6.699669438137576E-5 
cv619_13677.txt neg neg:1.0 pos:1.236108955877256E-28 
cv466_18722.txt pos pos:0.9999999999979425 neg:2.0575499531135093E-12 
cv959_16218.txt neg neg:1.0 pos:2.7995447355853655E-23 
cv720_5389.txt pos neg:0.9993137468616474 pos:6.862531383526054E-4 
cv393_29234.txt neg pos:0.940350999456918 neg:0.059649000543082045 
cv148_16345.txt pos pos:0.9999999915734926 neg:8.426507418503036E-9 
cv641_13412.txt neg neg:1.0 pos:5.783838694807563E-17 
cv978_22192.txt neg neg:0.9994180106011072 pos:5.819893988928744E-4 
cv148_18084.txt neg neg:1.0 pos:4.6918065721084556E-24 
cv021_15838.txt pos pos:0.9995217081392163 neg:4.782918607838648E-4 
cv916_17034.txt neg neg:1.0 pos:3.3965067552569997E-29 
cv266_25779.txt pos neg:0.5645166919786309 pos:0.43548330802136914 
cv071_12969.txt neg neg:0.9999999998241738 pos:1.7582631942555977E-10 
cv964_5794.txt neg neg:0.9999999995780928 pos:4.2190708017909604E-10 
cv887_5306.txt neg neg:0.9999749585682605 pos:2.504143173956822E-5 
cv569_26750.txt neg pos:0.9999994844603262 neg:5.155396738619026E-7 
cv418_16562.txt neg neg:1.0 pos:2.6078064320049496E-17 
cv463_10846.txt neg neg:0.999999999983296 pos:1.670404002621675E-11 
cv218_25651.txt neg neg:0.9999999999999469 pos:5.300193674289919E-14 
cv630_10057.txt pos pos:0.9999999806491432 neg:1.935085672190305E-8 
cv650_15974.txt neg pos:0.9933801205937397 neg:0.006619879406260198 
cv850_16466.txt pos pos:0.9278052292034644 neg:0.07219477079653554 
cv498_8832.txt pos neg:0.9959697002153507 pos:0.00403029978464939 
cv304_28489.txt neg neg:1.0 pos:4.02058616621601E-19 
cv793_13650.txt pos pos:0.9988360379308001 neg:0.0011639620691998916 
cv661_25780.txt neg neg:1.0 pos:6.980698604093787E-20 
cv103_11943.txt neg neg:0.9999999999799345 pos:2.006547610720064E-11 
cv686_13900.txt pos neg:0.9999704210878715 pos:2.9578912128425155E-5 
cv034_29647.txt pos neg:0.9999924485976526 pos:7.551402347496078E-6 
cv707_11421.txt neg neg:0.8747094390120473 pos:0.12529056098795255 
cv946_18658.txt pos pos:1.0 neg:1.0834029354940144E-64 
cv039_5963.txt neg neg:0.9999993431105189 pos:6.568894811174389E-7 
cv525_17930.txt neg neg:0.9999595356253409 pos:4.046437465911594E-5 
cv840_16321.txt pos pos:0.9999999738019096 neg:2.619809033367748E-8 
cv890_3515.txt neg neg:0.9999996575692851 pos:3.424307148051024E-7 
cv773_20264.txt neg neg:1.0 pos:2.2083961153908324E-18 
cv013_10159.txt pos pos:0.9999999992342679 neg:7.657322343278619E-10 
cv460_10842.txt pos neg:1.0 pos:8.938592207939814E-17 
cv042_10982.txt pos pos:1.0 neg:3.82565092973664E-18 
cv402_16097.txt neg neg:0.9994771723598747 pos:5.228276401253496E-4 
cv267_16618.txt neg pos:0.9999999999999227 neg:7.727171516741204E-14 
cv031_19540.txt neg neg:1.0 pos:3.5664221521201324E-21 
cv236_11565.txt pos neg:0.9971955464423303 pos:0.0028044535576695886 
cv023_12672.txt pos pos:1.0 neg:2.5199010468487785E-17 
cv611_2253.txt neg neg:0.9990105064838682 pos:9.894935161317655E-4 
cv930_13475.txt pos pos:1.0 neg:6.755293148129881E-22 
cv014_13924.txt pos pos:0.9999999999977787 neg:2.2212516553440058E-12 
cv088_24113.txt pos pos:0.9999999997319544 neg:2.68045682406672E-10 
cv912_5674.txt pos pos:0.9999978697803332 neg:2.1302196667051464E-6 
cv911_20260.txt pos neg:0.9971242984672668 pos:0.0028757015327331545 
cv480_21195.txt neg pos:0.9999476565538032 neg:5.2343446196775176E-5 
cv431_7085.txt pos pos:0.9999999999144391 neg:8.55608037489967E-11 
cv559_0057.txt neg neg:0.984672758978503 pos:0.015327241021496893 
cv831_14689.txt pos neg:0.9999990358073336 pos:9.64192666357164E-7 
cv712_22920.txt pos neg:0.999999998430757 pos:1.569242893713871E-9 
cv547_18043.txt neg neg:0.9999923679120548 pos:7.632087945132927E-6 
cv354_8132.txt pos neg:0.9999999910019369 pos:8.998063001959418E-9 
cv745_14009.txt neg neg:1.0 pos:5.050094918629602E-23 
cv238_14285.txt neg neg:0.9999999999967577 pos:3.2422441327027387E-12 
cv538_28485.txt neg neg:0.999706402417804 pos:2.935975821960689E-4 
cv363_29332.txt pos pos:0.9999998562639147 neg:1.4373608520693267E-7 
cv989_15824.txt pos pos:0.9999999995457813 neg:4.5421866215958503E-10 
cv105_17990.txt pos pos:0.9999997115828495 neg:2.884171504297272E-7 
cv875_5754.txt pos pos:0.9999999999920932 neg:7.906676727468028E-12 
cv710_23745.txt neg neg:0.9999999722808918 pos:2.7719108131833266E-8 
cv456_18985.txt pos pos:1.0 neg:2.0227856333189816E-18 
cv805_21128.txt neg neg:0.9999999936098516 pos:6.3901484007052226E-9 
cv305_9937.txt neg pos:0.9999990503442547 neg:9.496557451599405E-7 
cv746_10471.txt neg pos:1.0 neg:4.921112138844825E-17 
cv965_26071.txt pos pos:0.9999480198060193 neg:5.19801939807345E-5 
cv560_18608.txt neg neg:0.9999999999998792 pos:1.2074036192219001E-13 
cv575_21150.txt pos pos:0.836430803716527 neg:0.1635691962834729 
cv901_11934.txt neg pos:0.7612452937596872 neg:0.2387547062403129 
cv313_18198.txt pos pos:0.9999999999999993 neg:6.99508143382014E-16 
cv620_2556.txt neg neg:0.9146297883190914 pos:0.08537021168090869 
cv188_20687.txt neg neg:0.9999999999999991 pos:9.6764708621322E-16 
cv706_24716.txt pos pos:1.0 neg:5.640991921069721E-25 
cv844_12690.txt pos pos:0.999999999958824 neg:4.1175949490490226E-11 
cv336_10143.txt pos neg:0.999755256116483 pos:2.4474388351707126E-4 
cv090_0049.txt neg pos:0.9999846249617929 neg:1.537503820708854E-5 
cv226_2618.txt pos neg:0.9574389473896834 pos:0.04256105261031665 
cv638_2953.txt pos pos:0.9999999999437659 neg:5.6234078359908253E-11 
cv260_15652.txt neg neg:0.9999218048899399 pos:7.81951100600916E-5 
cv603_17694.txt pos neg:1.0 pos:7.490650026444205E-28 
cv000_29416.txt neg neg:0.9999999999995015 pos:4.984906375079504E-13 
cv669_24318.txt neg neg:1.0 pos:4.900420312244921E-21 
cv174_9659.txt pos pos:0.9999999974759883 neg:2.524011663559859E-9 
cv686_15553.txt neg neg:0.9666706644803278 pos:0.033329335519672154 
cv132_5423.txt neg neg:0.9999351390931528 pos:6.486090684718305E-5 
cv584_29549.txt neg neg:0.9996992722710135 pos:3.007277289864324E-4 
cv985_6359.txt pos pos:0.9999999999906302 neg:9.369769157451422E-12 
cv820_24157.txt neg neg:0.99999999984883 pos:1.5116998349423088E-10 
cv961_5682.txt pos pos:0.9999999998127156 neg:1.872844076984092E-10 
cv333_9443.txt neg pos:0.9999999758675527 neg:2.4132447245258E-8 
cv696_29619.txt neg neg:0.9782602916978449 pos:0.021739708302155193 
cv180_16113.txt pos pos:0.9981846964174836 neg:0.0018153035825163074 
cv728_17931.txt neg neg:0.9999999998324047 pos:1.6759537170157349E-10 
cv320_9530.txt pos pos:1.0 neg:6.297666662469152E-28 
cv080_13465.txt pos neg:0.9995605971158505 pos:4.394028841493986E-4 
Trial 0 Trainer NaiveBayesTrainer Training Data Confusion Matrix
Confusion Matrix, row=true, column=predicted  accuracy=0.9194444444444444
  label   0   1  |total
  0 neg 839  61  |900
  1 pos  84 816  |900

Trial 0 Trainer NaiveBayesTrainer training data accuracy= 0.9194444444444444
Trial 0 Trainer NaiveBayesTrainer Test Data Confusion Matrix
Confusion Matrix, row=true, column=predicted  accuracy=0.785
  label   0   1  |total
  0 neg  82  18  |100
  1 pos  25  75  |100

Trial 0 Trainer NaiveBayesTrainer test data accuracy= 0.785

NaiveBayesTrainer
Summary. train accuracy mean = 0.9194444444444444 stddev = 0.0 stderr = 0.0
Summary. test accuracy mean = 0.785 stddev = 0.0 stderr = 0.0
