
-------------------- Trial 0  --------------------

Trial 0 Training MaxEntTrainer,gaussianPriorVariance=1.0 with 1800 instances
Trial 0 Training MaxEntTrainer,gaussianPriorVariance=1.0 finished
Trial 0 Trainer MaxEntTrainer,gaussianPriorVariance=1.0
 Raw Testing Data
cv873_19937.txt neg neg:0.9960033193955053 pos:0.003996680604494619 
cv789_12991.txt neg neg:0.9990130248056134 pos:9.869751943866296E-4 
cv369_14245.txt neg neg:0.9997708640101921 pos:2.2913598980784815E-4 
cv400_20631.txt neg pos:0.9912631650744889 neg:0.008736834925511215 
cv785_23748.txt neg pos:0.9702966448598541 neg:0.029703355140145923 
cv363_29273.txt neg pos:0.9873407985085402 neg:0.012659201491459876 
cv321_14191.txt neg neg:0.9185805046218557 pos:0.0814194953781442 
cv394_5311.txt neg neg:0.9999999999138287 pos:8.617129508750545E-11 
cv614_11320.txt neg neg:0.999999644494393 pos:3.5550560692458774E-7 
cv567_29420.txt neg neg:0.9977242066179541 pos:0.002275793382045935 
cv158_10914.txt neg neg:0.98267660127058 pos:0.01732339872942005 
cv878_17204.txt neg neg:0.9998479027292413 pos:1.520972707587074E-4 
cv237_20635.txt neg pos:0.9998025607685562 neg:1.9743923144389174E-4 
cv413_7893.txt neg neg:0.9999997226704452 pos:2.773295547720855E-7 
cv139_14236.txt neg neg:0.9999034753783895 pos:9.65246216104079E-5 
cv214_13285.txt neg pos:0.5931118148070142 neg:0.4068881851929858 
cv240_15948.txt neg pos:0.9637651966182729 neg:0.03623480338172711 
cv856_28882.txt neg neg:0.9993083015895659 pos:6.916984104341582E-4 
cv813_6649.txt neg neg:0.9999112798671073 pos:8.872013289271661E-5 
cv447_27334.txt neg neg:0.999997160770335 pos:2.839229664925682E-6 
cv291_26844.txt neg neg:0.9997100489963688 pos:2.899510036312111E-4 
cv979_2029.txt neg neg:0.9999914228639387 pos:8.57713606122606E-6 
cv471_18405.txt neg neg:0.9999190111620239 pos:8.098883797612414E-5 
cv781_5358.txt neg neg:0.9999817798525461 pos:1.8220147453837113E-5 
cv604_23339.txt neg neg:0.755467263511118 pos:0.244532736488882 
cv546_12723.txt neg neg:0.9999928790664037 pos:7.120933596364414E-6 
cv660_23140.txt neg neg:0.9999955135137234 pos:4.486486276552105E-6 
cv388_12810.txt neg pos:0.8777968612911807 neg:0.12220313870881923 
cv222_18720.txt neg neg:0.9999678034139875 pos:3.2196586012501045E-5 
cv796_17243.txt neg pos:0.8904617568898369 neg:0.10953824311016304 
cv035_3343.txt neg neg:0.8826476054302681 pos:0.11735239456973184 
cv655_12055.txt neg neg:0.9979780471808326 pos:0.002021952819167318 
cv942_18509.txt neg neg:0.9907063115849233 pos:0.00929368841507672 
cv358_11557.txt neg neg:0.9997040669196469 pos:2.959330803532039E-4 
cv621_15984.txt neg neg:0.9996765932586388 pos:3.234067413613111E-4 
cv319_16459.txt neg neg:0.9999932673076778 pos:6.732692322211605E-6 
cv289_6239.txt neg neg:0.7050857581140458 pos:0.29491424188595405 
cv568_17065.txt neg neg:0.9999603424020447 pos:3.96575979553505E-5 
cv112_12178.txt neg neg:0.9999327707679649 pos:6.722923203505355E-5 
cv194_12855.txt neg neg:0.9853608473836968 pos:0.01463915261630319 
cv610_24153.txt neg pos:0.9987507014387872 neg:0.0012492985612128332 
cv842_5702.txt neg neg:0.9999984518518914 pos:1.5481481085095145E-6 
cv748_14044.txt neg neg:0.9993353782976997 pos:6.646217023002271E-4 
cv690_5425.txt neg pos:0.9709673953579737 neg:0.02903260464202633 
cv160_10848.txt neg neg:0.9792125993520286 pos:0.0207874006479714 
cv283_11963.txt neg neg:0.9998973393209241 pos:1.0266067907587178E-4 
cv658_11186.txt neg neg:0.9901475280140973 pos:0.009852471985902654 
cv136_12384.txt neg neg:0.9999332502522175 pos:6.674974778260295E-5 
cv189_24248.txt neg pos:0.8575781553856456 neg:0.14242184461435436 
cv770_11061.txt neg neg:0.9999999870212894 pos:1.297871068989091E-8 
cv059_28723.txt neg neg:0.9683715305525522 pos:0.031628469447447925 
cv323_29633.txt neg neg:0.9999999995929556 pos:4.0704438611497346E-10 
cv992_12806.txt neg neg:0.9999996083898018 pos:3.9161019803750966E-7 
cv444_9975.txt neg pos:0.7722255752135081 neg:0.22777442478649193 
cv673_25874.txt neg neg:0.9999951999650714 pos:4.800034928762938E-6 
cv203_19052.txt neg neg:0.8000178693060555 pos:0.1999821306939445 
cv952_26375.txt neg neg:0.7487095081063673 pos:0.25129049189363273 
cv498_9288.txt neg neg:0.9739904187214381 pos:0.02600958127856184 
cv670_2666.txt neg neg:0.9978989962039923 pos:0.0021010037960077447 
cv765_20429.txt neg neg:0.9991221899173448 pos:8.778100826552738E-4 
cv505_12926.txt neg neg:0.9999999903026281 pos:9.697371944844191E-9 
cv677_18938.txt neg neg:0.9999742705345234 pos:2.5729465476670795E-5 
cv841_3367.txt neg neg:0.9968357095766571 pos:0.0031642904233428297 
cv383_14662.txt neg neg:0.9975281487544818 pos:0.002471851245518237 
cv353_19197.txt neg neg:0.5026549172550651 pos:0.497345082744935 
cv063_28852.txt neg neg:0.9999999991575019 pos:8.424981001638917E-10 
cv146_19587.txt neg neg:0.8778343864307847 pos:0.12216561356921533 
cv970_19532.txt neg neg:0.9991040385455856 pos:8.959614544144363E-4 
cv107_25639.txt neg neg:0.9685390909439178 pos:0.031460909056082176 
cv972_26837.txt neg pos:0.9999968558412312 neg:3.1441587688396416E-6 
cv761_13769.txt neg pos:0.9149295418932408 neg:0.08507045810675913 
cv175_7375.txt neg neg:0.9999999718735765 pos:2.8126423557799643E-8 
cv868_12799.txt neg pos:0.9367516076622864 neg:0.06324839233771365 
cv743_17023.txt neg neg:0.9965478957100592 pos:0.0034521042899408718 
cv542_20359.txt neg pos:0.9994643656481749 neg:5.356343518249738E-4 
cv946_20084.txt neg neg:0.9999994449464523 pos:5.550535476182982E-7 
cv962_9813.txt neg neg:0.9995702235296227 pos:4.297764703773353E-4 
cv864_3087.txt neg neg:0.9997770704625163 pos:2.2292953748369302E-4 
cv600_25043.txt neg pos:0.9811122173830598 neg:0.018887782616940373 
cv636_16954.txt neg neg:0.9999999972053744 pos:2.794625651434294E-9 
cv760_8977.txt neg neg:0.9955506077393084 pos:0.0044493922606915265 
cv809_5012.txt neg neg:0.9983171269506261 pos:0.0016828730493739408 
cv668_18848.txt neg neg:0.999999938676575 pos:6.132342495545599E-8 
cv215_23246.txt neg neg:0.9576749564053761 pos:0.04232504359462384 
cv554_14678.txt neg neg:0.9935564710043865 pos:0.006443528995613457 
cv110_27832.txt neg neg:0.8715159473931755 pos:0.12848405260682438 
cv976_10724.txt neg pos:0.8399427909853129 neg:0.16005720901468704 
cv674_11593.txt neg neg:0.9624728220042411 pos:0.03752717799575899 
cv663_14484.txt neg neg:0.9861355421079979 pos:0.013864457892002068 
cv265_11625.txt neg neg:0.9999998095040051 pos:1.904959948560322E-7 
cv142_23657.txt neg pos:0.9232571565232685 neg:0.07674284347673158 
cv227_25406.txt neg neg:0.9999937747279796 pos:6.225272020415727E-6 
cv186_2396.txt neg neg:0.9999999391701709 pos:6.082982909887628E-8 
cv902_13217.txt neg neg:0.9999870173588286 pos:1.2982641171437216E-5 
cv758_9740.txt neg neg:0.9999994913802883 pos:5.086197116170787E-7 
cv927_11471.txt neg neg:0.515091650505 pos:0.48490834949499995 
cv734_22821.txt neg neg:0.7562389125748881 pos:0.24376108742511207 
cv513_7236.txt neg neg:0.9999999998986668 pos:1.0133309062442364E-10 
cv051_10751.txt neg neg:0.9996899527399257 pos:3.100472600743766E-4 
cv457_19546.txt neg neg:0.9959366961730229 pos:0.00406330382697714 
cv998_14111.txt pos pos:0.998056628297788 neg:0.0019433717022119647 
cv187_12829.txt pos pos:0.999999955528825 neg:4.447117488130534E-8 
cv269_21732.txt pos pos:0.9999950255111584 neg:4.9744888415653945E-6 
cv951_10926.txt pos pos:0.9805565694334193 neg:0.01944343056658072 
cv127_14711.txt pos neg:0.9509320730479128 pos:0.04906792695208719 
cv439_15970.txt pos pos:0.9997523573424765 neg:2.476426575235868E-4 
cv330_29809.txt pos pos:0.7153107519836698 neg:0.2846892480163302 
cv661_2450.txt pos pos:0.9999998599967034 neg:1.400032966752111E-7 
cv694_4876.txt pos pos:0.9930869077284054 neg:0.006913092271594542 
cv863_7424.txt pos pos:0.999897025034437 neg:1.0297496556304009E-4 
cv836_12968.txt pos neg:0.5259574067282308 pos:0.47404259327176934 
cv517_19219.txt pos pos:0.9999761763449394 neg:2.3823655060650416E-5 
cv312_29377.txt pos pos:0.9999382088158856 neg:6.179118411432367E-5 
cv740_12445.txt pos pos:0.9886831828311838 neg:0.011316817168816209 
cv194_12079.txt pos neg:0.5512784747535072 pos:0.44872152524649284 
cv907_3541.txt pos pos:0.8151226035460399 neg:0.18487739645396015 
cv950_12350.txt pos pos:0.9974347286509471 neg:0.002565271349052812 
cv467_25773.txt pos pos:0.7182809899128728 neg:0.28171901008712713 
cv680_10160.txt pos pos:0.9999001257784051 neg:9.987422159486343E-5 
cv746_10147.txt pos pos:0.9999980726656652 neg:1.927334334662292E-6 
cv211_9953.txt pos pos:0.9999999964571753 neg:3.5428246102577776E-9 
cv770_10451.txt pos pos:0.9999982687280574 neg:1.731271942557356E-6 
cv835_19159.txt pos pos:0.9894385762254172 neg:0.010561423774582702 
cv544_5108.txt pos pos:0.984549239583844 neg:0.015450760416155992 
cv164_22447.txt pos pos:0.9997710865088058 neg:2.2891349119423377E-4 
cv316_6370.txt pos pos:0.9899431826365745 neg:0.01005681736342544 
cv513_6923.txt pos pos:0.9809787548387052 neg:0.0190212451612948 
cv496_10530.txt pos pos:0.9999858642620034 neg:1.4135737996620711E-5 
cv653_19583.txt pos pos:0.9999999750050672 neg:2.4994932914925892E-8 
cv128_29627.txt pos pos:0.9996180397150805 neg:3.819602849194793E-4 
cv429_7439.txt pos pos:0.9999806619845545 neg:1.9338015445480686E-5 
cv601_23453.txt pos pos:0.9999999570314971 neg:4.296850281554158E-8 
cv010_29198.txt pos pos:0.999392922969259 neg:6.070770307410929E-4 
cv881_13254.txt pos neg:0.6084834989949318 pos:0.39151650100506813 
cv837_27325.txt pos pos:0.9999999998989249 neg:1.0107522733737818E-10 
cv246_28807.txt pos pos:0.9771567351592428 neg:0.02284326484075726 
cv426_10421.txt pos pos:0.9982537237983965 neg:0.0017462762016034953 
cv145_11472.txt pos neg:0.5782125380626519 pos:0.421787461937348 
cv111_11473.txt pos pos:0.7240154236845577 neg:0.2759845763154424 
cv433_10144.txt pos pos:1.0 neg:4.311206393242646E-17 
cv100_11528.txt pos pos:0.9999761469184942 neg:2.3853081505757723E-5 
cv003_11664.txt pos pos:0.9999999820530153 neg:1.794698461098483E-8 
cv389_9369.txt pos pos:0.9196390433932315 neg:0.08036095660676848 
cv669_22995.txt pos pos:0.9999619933357063 neg:3.8006664293724285E-5 
cv234_20643.txt pos pos:0.8762722794026059 neg:0.12372772059739409 
cv319_14727.txt pos pos:0.9891698981239181 neg:0.010830101876081917 
cv535_19728.txt pos neg:0.6963043587867422 pos:0.30369564121325776 
cv116_28942.txt pos pos:0.9866646829282064 neg:0.013335317071793659 
cv093_13951.txt pos pos:0.9992864187677537 neg:7.135812322464134E-4 
cv244_21649.txt pos neg:0.655283410588262 pos:0.34471658941173794 
cv095_28892.txt pos pos:0.7562520476921305 neg:0.24374795230786958 
cv966_28832.txt pos pos:0.9999904120482773 neg:9.587951722671958E-6 
cv665_29538.txt pos pos:0.9073676555945761 neg:0.0926323444054239 
cv650_14340.txt pos pos:0.9999996347511577 neg:3.652488423870235E-7 
cv711_11665.txt pos pos:0.9998820684252703 neg:1.1793157472961896E-4 
cv151_15771.txt pos pos:0.9992786130559262 neg:7.213869440736075E-4 
cv551_10565.txt pos pos:0.9983825602170933 neg:0.0016174397829067765 
cv490_17872.txt pos pos:0.9999303261336421 neg:6.967386635789484E-5 
cv025_3108.txt pos neg:0.9720531589380056 pos:0.027946841061994437 
cv361_28944.txt pos pos:0.966384573259579 neg:0.03361542674042103 
cv357_13156.txt pos pos:0.9999178100268574 neg:8.218997314253687E-5 
cv749_17765.txt pos pos:0.9887659780205004 neg:0.011234021979499562 
cv254_6027.txt pos neg:0.9644762142233786 pos:0.03552378577662131 
cv642_29867.txt pos pos:0.9999853624573225 neg:1.4637542677506946E-5 
cv221_2695.txt pos neg:0.9269799311052034 pos:0.07302006889479659 
cv200_2915.txt pos neg:0.5107070801167408 pos:0.4892929198832592 
cv947_10601.txt pos pos:0.6690434996335357 neg:0.33095650036646423 
cv655_11154.txt pos neg:0.6072078394730772 pos:0.39279216052692284 
cv890_3977.txt pos pos:0.6859203241370071 neg:0.31407967586299296 
cv142_22516.txt pos pos:0.9987197681381084 neg:0.001280231861891574 
cv924_29540.txt pos pos:0.9999107189864377 neg:8.928101356232894E-5 
cv676_21090.txt pos pos:0.9999999523430463 neg:4.765695357049891E-8 
cv069_10801.txt pos pos:0.9999986835414738 neg:1.316458526119824E-6 
cv371_7630.txt pos pos:0.9988234345095249 neg:0.0011765654904751935 
cv252_23779.txt pos pos:0.9999857724180343 neg:1.4227581965676573E-5 
cv338_8821.txt pos neg:0.5039244895941224 pos:0.49607551040587755 
cv896_16071.txt pos pos:0.9361859450955677 neg:0.06381405490443219 
cv615_14182.txt pos pos:0.9686167021859491 neg:0.03138329781405091 
cv794_15868.txt pos pos:0.9988640863547262 neg:0.0011359136452738685 
cv083_24234.txt pos pos:0.5981571506630855 neg:0.4018428493369146 
cv040_8276.txt pos neg:0.9985064235328617 pos:0.0014935764671383425 
cv652_13972.txt pos pos:0.9999704381559427 neg:2.9561844057292335E-5 
cv192_14395.txt pos pos:0.9997519455545163 neg:2.4805444548367387E-4 
cv084_13566.txt pos pos:0.9999467585789606 neg:5.324142103931693E-5 
cv616_29319.txt pos pos:0.9987422466566255 neg:0.0012577533433745576 
cv885_12318.txt pos pos:0.9913623310409762 neg:0.008637668959023839 
cv801_25228.txt pos neg:0.8156058933251915 pos:0.1843941066748084 
cv108_15571.txt pos pos:0.9981332803196791 neg:0.0018667196803209374 
cv753_10875.txt pos pos:0.9999948797359803 neg:5.1202640197127655E-6 
cv332_16307.txt pos pos:0.9999997631612415 neg:2.3683875848147522E-7 
cv990_11591.txt pos pos:0.9984266035734751 neg:0.0015733964265248945 
cv593_10987.txt pos pos:0.9983251804922004 neg:0.001674819507799657 
cv488_19856.txt pos pos:0.9986521990029485 neg:0.0013478009970514949 
cv219_18626.txt pos pos:0.6579406989284667 neg:0.3420593010715333 
cv955_25001.txt pos pos:0.7915215373373198 neg:0.2084784626626803 
cv864_3416.txt pos pos:0.953529894018607 neg:0.04647010598139296 
cv904_24353.txt pos pos:0.7417682124181096 neg:0.25823178758189036 
cv538_28667.txt pos pos:0.9999999904101412 neg:9.589858742292884E-9 
cv521_15828.txt pos pos:0.9999999901839688 neg:9.816031279689373E-9 
cv518_13331.txt pos neg:0.6475791280700743 pos:0.35242087192992566 
Trial 0 Trainer MaxEntTrainer,gaussianPriorVariance=1.0 Training Data Confusion Matrix
Confusion Matrix, row=true, column=predicted  accuracy=1.0
  label   0   1  |total
  0 neg 900   .  |900
  1 pos   . 900  |900

Trial 0 Trainer MaxEntTrainer,gaussianPriorVariance=1.0 training data accuracy= 1.0
Trial 0 Trainer MaxEntTrainer,gaussianPriorVariance=1.0 Test Data Confusion Matrix
Confusion Matrix, row=true, column=predicted  accuracy=0.825
  label   0   1  |total
  0 neg  81  19  |100
  1 pos  16  84  |100

Trial 0 Trainer MaxEntTrainer,gaussianPriorVariance=1.0 test data accuracy= 0.825

MaxEntTrainer,gaussianPriorVariance=1.0
Summary. train accuracy mean = 1.0 stddev = 0.0 stderr = 0.0
Summary. test accuracy mean = 0.825 stddev = 0.0 stderr = 0.0
