
-------------------- Trial 0  --------------------

Trial 0 Training MaxEntTrainer,gaussianPriorVariance=1.0 with 1800 instances
Trial 0 Training MaxEntTrainer,gaussianPriorVariance=1.0 finished
Trial 0 Trainer MaxEntTrainer,gaussianPriorVariance=1.0
 Raw Testing Data
cv559_0057.txt neg neg:0.9749764538908313 pos:0.025023546109168706 
cv260_15652.txt neg neg:0.9939689159976063 pos:0.006031084002393658 
cv362_16985.txt neg neg:0.9973236430896099 pos:0.0026763569103902566 
cv426_10976.txt neg neg:0.9999895877138225 pos:1.0412286177507193E-5 
cv071_12969.txt neg pos:0.9545415223840757 neg:0.04545847761592439 
cv049_21917.txt neg neg:0.9981992721448998 pos:0.0018007278551002359 
cv746_10471.txt neg pos:0.9990687609936687 neg:9.312390063313969E-4 
cv790_16202.txt neg neg:0.999995576723788 pos:4.423276212007861E-6 
cv402_16097.txt neg pos:0.9725857491623331 neg:0.027414250837666822 
cv501_12675.txt neg neg:0.9983650643988979 pos:0.0016349356011020285 
cv171_15164.txt neg neg:0.8090879085499827 pos:0.19091209145001733 
cv650_15974.txt neg neg:0.8506397093161118 pos:0.14936029068388823 
cv881_14767.txt neg neg:0.9357762853191312 pos:0.06422371468086889 
cv188_20687.txt neg neg:0.9863217823051718 pos:0.013678217694828267 
cv374_26455.txt neg pos:0.9615161587702759 neg:0.038483841229724154 
cv853_29119.txt neg neg:0.6860080699179233 pos:0.3139919300820767 
cv090_0049.txt neg pos:0.9976250973753923 neg:0.0023749026246077023 
cv267_16618.txt neg neg:0.8738726297333286 pos:0.12612737026667145 
cv163_10110.txt neg neg:0.9942706041111185 pos:0.005729395888881544 
cv008_29326.txt neg neg:0.8373449636711977 pos:0.16265503632880238 
cv415_23674.txt neg pos:0.980066134772913 neg:0.01993386522708684 
cv686_15553.txt neg pos:0.9993142219312444 neg:6.857780687556006E-4 
cv299_17950.txt neg neg:0.9234734112439846 pos:0.07652658875601534 
cv190_27176.txt neg neg:0.5320936211328212 pos:0.46790637886717884 
cv745_14009.txt neg neg:0.9999984035436587 pos:1.5964563412132685E-6 
cv000_29416.txt neg neg:0.9012264919132864 pos:0.09877350808671351 
cv899_17812.txt neg pos:0.6705241972038999 neg:0.32947580279610006 
cv238_14285.txt neg neg:0.9998995945022553 pos:1.004054977448546E-4 
cv849_17215.txt neg neg:0.9999986042747642 pos:1.3957252357850492E-6 
cv624_11601.txt neg neg:0.9999988499153536 pos:1.1500846465007525E-6 
cv039_5963.txt neg neg:0.9851129958655429 pos:0.014887004134457149 
cv345_9966.txt neg neg:0.9869800703049352 pos:0.013019929695064865 
cv820_24157.txt neg neg:0.9999932088705266 pos:6.791129473384326E-6 
cv463_10846.txt neg neg:0.9874816003549324 pos:0.012518399645067634 
cv496_11185.txt neg neg:0.9999877309417464 pos:1.2269058253441774E-5 
cv091_7899.txt neg pos:0.6096898728684635 neg:0.3903101271315364 
cv279_19452.txt neg neg:0.9981650621566399 pos:0.00183493784335998 
cv955_26154.txt neg neg:0.8671949277196909 pos:0.13280507228030927 
cv418_16562.txt neg neg:0.9993774632234357 pos:6.225367765643822E-4 
cv710_23745.txt neg neg:0.9973721241317345 pos:0.0026278758682654617 
cv001_19502.txt neg neg:0.9810989018871072 pos:0.018901098112892825 
cv959_16218.txt neg neg:0.9986706932908991 pos:0.0013293067091008177 
cv978_22192.txt neg pos:0.6969149834247332 neg:0.3030850165752668 
cv525_17930.txt neg neg:0.9999845331531358 pos:1.5466846864115493E-5 
cv380_8164.txt neg neg:0.9998946784173056 pos:1.0532158269441335E-4 
cv252_24974.txt neg neg:0.9999930943420844 pos:6.905657915674158E-6 
cv620_2556.txt neg neg:0.5618050020553825 pos:0.4381949979446175 
cv494_18689.txt neg neg:0.9611853417466828 pos:0.03881465825331725 
cv669_24318.txt neg neg:0.999989239146536 pos:1.0760853464069626E-5 
cv773_20264.txt neg neg:0.9991537288504376 pos:8.46271149562505E-4 
cv305_9937.txt neg pos:0.8599430483735675 neg:0.1400569516264326 
cv121_18621.txt neg neg:0.998498946116219 pos:0.0015010538837810373 
cv619_13677.txt neg neg:0.9999999991692101 pos:8.307898309092966E-10 
cv360_8927.txt neg neg:0.9998060842749881 pos:1.939157250120726E-4 
cv028_26964.txt neg neg:0.8268727833407606 pos:0.17312721665923933 
cv964_5794.txt neg neg:0.9999768694680332 pos:2.3130531966904E-5 
cv169_24973.txt neg neg:0.9244303428263059 pos:0.0755696571736941 
cv661_25780.txt neg neg:0.9999040601405704 pos:9.593985942965166E-5 
cv148_18084.txt neg neg:0.999991910234017 pos:8.089765983076509E-6 
cv916_17034.txt neg neg:0.9999885995375231 pos:1.140046247686223E-5 
cv646_16817.txt neg pos:0.9884935085866234 neg:0.011506491413376688 
cv393_29234.txt neg neg:0.9998201829078698 pos:1.7981709213011276E-4 
cv560_18608.txt neg neg:0.9977531448122056 pos:0.00224685518779448 
cv957_9059.txt neg neg:0.9999959244088239 pos:4.075591176087164E-6 
cv696_29619.txt neg neg:0.9901777888149434 pos:0.009822211185056554 
cv497_27086.txt neg neg:0.9956718080035059 pos:0.004328191996494085 
cv454_21961.txt neg neg:0.9940627532132649 pos:0.0059372467867352076 
cv224_18875.txt neg neg:0.9999873664715275 pos:1.2633528472494875E-5 
cv218_25651.txt neg neg:0.9995470190151274 pos:4.5298098487254947E-4 
cv031_19540.txt neg neg:0.9988349207767996 pos:0.0011650792232005076 
cv132_5423.txt neg neg:0.9999921411132531 pos:7.858886747007503E-6 
cv707_11421.txt neg neg:0.6719892741947536 pos:0.3280107258052463 
cv947_11316.txt neg neg:0.9982780363222767 pos:0.0017219636777232247 
cv538_28485.txt neg neg:0.9920507539890164 pos:0.00794924601098356 
cv486_9788.txt neg neg:0.9999999880678753 pos:1.1932124730727874E-8 
cv728_17931.txt neg neg:0.9992754954150446 pos:7.245045849553163E-4 
cv883_27621.txt neg neg:0.9999995624145918 pos:4.3758540817425385E-7 
cv886_19210.txt neg neg:0.9999819516044913 pos:1.8048395508615415E-5 
cv750_10606.txt neg neg:0.9966667954875635 pos:0.0033332045124364862 
cv355_18174.txt neg neg:0.9857600367794384 pos:0.014239963220561798 
cv884_15230.txt neg neg:0.9745836845440787 pos:0.02541631545592117 
cv887_5306.txt neg neg:0.7478484904071591 pos:0.252151509592841 
cv103_11943.txt neg pos:0.9952100108424216 neg:0.004789989157578478 
cv641_13412.txt neg neg:0.9999428414878184 pos:5.715851218157254E-5 
cv890_3515.txt neg neg:0.9986296374660647 pos:0.0013703625339352371 
cv709_11173.txt neg neg:0.9872064092167254 pos:0.012793590783274486 
cv547_18043.txt neg neg:0.9893375757699456 pos:0.010662424230054389 
cv480_21195.txt neg pos:0.9999403286235958 neg:5.967137640423583E-5 
cv333_9443.txt neg pos:0.9956326477274627 neg:0.004367352272537181 
cv119_9909.txt neg neg:0.9862739642348842 pos:0.013726035765115805 
cv811_22646.txt neg neg:0.9723874398452327 pos:0.027612560154767263 
cv611_2253.txt neg neg:0.9959082204153908 pos:0.004091779584609186 
cv569_26750.txt neg neg:0.967594659896472 pos:0.032405340103528094 
cv304_28489.txt neg neg:0.9979757265452841 pos:0.002024273454715926 
cv722_7571.txt neg pos:0.9922579360198208 neg:0.0077420639801792325 
cv805_21128.txt neg pos:0.8119610948297687 neg:0.1880389051702312 
cv161_12224.txt neg neg:0.9999757916469203 pos:2.420835307959105E-5 
cv901_11934.txt neg neg:0.8410251824372729 pos:0.15897481756272724 
cv584_29549.txt neg neg:0.9994525393078343 pos:5.474606921658306E-4 
cv093_15606.txt neg neg:0.9888888119517385 pos:0.011111188048261566 
cv236_11565.txt pos pos:0.9088715986783978 neg:0.09112840132160215 
cv313_18198.txt pos pos:0.9999999005605446 neg:9.943945543308238E-8 
cv911_20260.txt pos neg:0.9496907020269935 pos:0.050309297973006574 
cv148_16345.txt pos pos:0.9999999927696686 neg:7.230331404262991E-9 
cv912_5674.txt pos pos:0.9934604175453617 neg:0.0065395824546382155 
cv396_17989.txt pos pos:0.9741085810056574 neg:0.025891418994342604 
cv840_16321.txt pos pos:0.8486537633789695 neg:0.1513462366210305 
cv930_13475.txt pos pos:0.9998183411077771 neg:1.816588922228178E-4 
cv341_24430.txt pos pos:0.9563412594038662 neg:0.04365874059613382 
cv452_5088.txt pos pos:0.9830096662036871 neg:0.016990333796312942 
cv965_26071.txt pos pos:0.9662176337295751 neg:0.033782366270424774 
cv509_15888.txt pos pos:0.9999999999436706 neg:5.6329327461225195E-11 
cv451_10690.txt pos pos:0.9986835618847089 neg:0.0013164381152910311 
cv672_28083.txt pos pos:0.9995896248270935 neg:4.103751729065321E-4 
cv460_10842.txt pos neg:0.7206910167259881 pos:0.2793089832740118 
cv363_29332.txt pos pos:0.996276572346319 neg:0.0037234276536809888 
cv135_11603.txt pos pos:0.8603814827219601 neg:0.13961851727803973 
cv720_5389.txt pos pos:0.9726268708669851 neg:0.027373129133014984 
cv887_5126.txt pos pos:0.9998029188593587 neg:1.9708114064141154E-4 
cv080_13465.txt pos pos:0.9694822644333682 neg:0.03051773556663186 
cv471_16858.txt pos pos:0.9785961430865112 neg:0.021403856913488638 
cv354_8132.txt pos neg:0.7532589185075708 pos:0.24674108149242915 
cv523_16615.txt pos pos:0.999691633061728 neg:3.083669382720216E-4 
cv021_15838.txt pos pos:0.9953700435568839 neg:0.004629956443116037 
cv625_12440.txt pos pos:0.970234192910825 neg:0.029765807089175027 
cv789_12136.txt pos neg:0.9702228281516595 pos:0.02977717184834041 
cv706_24716.txt pos pos:0.9999999998957911 neg:1.0420882290284452E-10 
cv213_18934.txt pos pos:0.9968145744557487 neg:0.0031854255442512937 
cv506_15956.txt pos pos:0.9999991220188021 neg:8.779811977554979E-7 
cv638_2953.txt pos pos:0.9999999999662164 neg:3.378370855582193E-11 
cv230_7428.txt pos pos:0.9726948479915972 neg:0.027305152008402715 
cv639_10308.txt pos pos:0.540792917072922 neg:0.4592070829270779 
cv226_2618.txt pos pos:0.5824633757206036 neg:0.4175366242793964 
cv946_18658.txt pos pos:0.9999999999951401 neg:4.8598020249900224E-12 
cv374_25436.txt pos pos:0.988768878226218 neg:0.011231121773782061 
cv013_10159.txt pos pos:0.8648238352082681 neg:0.13517616479173186 
cv831_14689.txt pos pos:0.7329386856497503 neg:0.26706131435024977 
cv266_25779.txt pos neg:0.959273336290138 pos:0.04072666370986203 
cv687_21100.txt pos pos:0.9999999886581296 neg:1.1341870393137997E-8 
cv979_18921.txt pos pos:0.9999996360602784 neg:3.6393972149901306E-7 
cv180_16113.txt pos pos:0.9593125817447633 neg:0.04068741825523672 
cv686_13900.txt pos pos:0.772156098799217 neg:0.22784390120078304 
cv498_8832.txt pos neg:0.9995687106717938 pos:4.312893282061559E-4 
cv174_9659.txt pos pos:0.9816449741727945 neg:0.018355025827205457 
cv961_5682.txt pos pos:0.9646139104781561 neg:0.0353860895218438 
cv275_28887.txt pos pos:0.9999982452293757 neg:1.7547706241717417E-6 
cv728_16133.txt pos pos:0.9964871479293436 neg:0.0035128520706565066 
cv431_7085.txt pos neg:0.7675425027862735 pos:0.23245749721372655 
cv060_10844.txt pos pos:0.9999971100509771 neg:2.889949022876415E-6 
cv320_9530.txt pos pos:0.9999541872011789 neg:4.58127988210233E-5 
cv630_10057.txt pos pos:0.9616646454377752 neg:0.03833535456222486 
cv197_29328.txt pos pos:0.9797614044514625 neg:0.020238595548537613 
cv105_17990.txt pos pos:0.5563127933328208 neg:0.44368720666717926 
cv793_13650.txt pos pos:0.9960547545484686 neg:0.003945245451531396 
cv029_18643.txt pos pos:0.9999513311864636 neg:4.86688135363497E-5 
cv778_17330.txt pos pos:0.999172399527754 neg:8.27600472246091E-4 
cv737_28907.txt pos pos:0.999993972732942 neg:6.0272670579111975E-6 
cv499_10658.txt pos pos:0.9867632028505648 neg:0.013236797149435158 
cv612_5461.txt pos pos:0.9999999781058928 neg:2.1894107065359595E-8 
cv721_29121.txt pos pos:0.9915840529534102 neg:0.008415947046589765 
cv088_24113.txt pos pos:0.9999236461115611 neg:7.635388843876543E-5 
cv014_13924.txt pos pos:0.9978589486002525 neg:0.00214105139974753 
cv456_18985.txt pos pos:0.998004317423072 neg:0.0019956825769278865 
cv058_8025.txt pos pos:0.9911461032152739 neg:0.008853896784726176 
cv875_5754.txt pos pos:0.9965406495514189 neg:0.00345935044858113 
cv850_16466.txt pos pos:0.9999298939260918 neg:7.010607390807962E-5 
cv188_19226.txt pos neg:0.9287622828131967 pos:0.07123771718680333 
cv466_18722.txt pos pos:0.9933425565745649 neg:0.006657443425435071 
cv042_10982.txt pos pos:0.9999998296736782 neg:1.7032632179905603E-7 
cv654_18246.txt pos pos:0.9999951814054688 neg:4.818594531095314E-6 
cv208_9020.txt pos pos:0.9866201039235397 neg:0.01337989607646023 
cv568_15638.txt pos pos:0.9689133538419571 neg:0.031086646158042828 
cv769_8123.txt pos pos:0.9999999987264188 neg:1.273581318210052E-9 
cv854_17740.txt pos pos:0.9999672946429187 neg:3.2705357081309426E-5 
cv575_21150.txt pos pos:0.988457156775405 neg:0.011542843224594826 
cv224_17661.txt pos pos:0.9999999989037078 neg:1.0962922417315616E-9 
cv985_6359.txt pos pos:0.9989619415484625 neg:0.001038058451537495 
cv383_13116.txt pos pos:0.9994412013170018 neg:5.587986829982537E-4 
cv336_10143.txt pos pos:0.7661353410692382 neg:0.23386465893076178 
cv707_10678.txt pos pos:0.9999518050513494 neg:4.819494865064914E-5 
cv759_13522.txt pos pos:0.9761553000425847 neg:0.02384469995741542 
cv539_20347.txt pos pos:0.9698949688710093 neg:0.03010503112899069 
cv975_10981.txt pos pos:0.999999597295888 neg:4.0270411193431785E-7 
cv034_29647.txt pos pos:0.9569772738783868 neg:0.04302272612161323 
cv844_12690.txt pos pos:0.8476043039128054 neg:0.15239569608719453 
cv893_26269.txt pos neg:0.9716614761641689 pos:0.028338523835831058 
cv595_25335.txt pos pos:0.9068173600528844 neg:0.09318263994711562 
cv712_22920.txt pos neg:0.8800293109551556 pos:0.11997068904484441 
cv390_11345.txt pos pos:0.9956718568495108 neg:0.004328143150489222 
cv765_19037.txt pos pos:0.9775752792733834 neg:0.022424720726616543 
cv023_12672.txt pos pos:0.9999999539177674 neg:4.608223262295494E-8 
cv797_6957.txt pos pos:0.9796066710966644 neg:0.020393328903335527 
cv997_5046.txt pos pos:0.9999999677889043 neg:3.2211095631088796E-8 
cv301_12146.txt pos pos:0.9988076582415881 neg:0.0011923417584118164 
cv603_17694.txt pos neg:0.9968789630448232 pos:0.0031210369551769273 
cv989_15824.txt pos pos:0.9529992619003608 neg:0.04700073809963921 
cv571_29366.txt pos pos:0.9814065205895944 neg:0.0185934794104057 
cv927_10681.txt pos pos:0.9999851734534362 neg:1.4826546563879115E-5 
cv962_9803.txt pos pos:0.9317225144604 neg:0.06827748553960009 
cv541_28835.txt pos neg:0.9990148034585508 pos:9.851965414493491E-4 
Trial 0 Trainer MaxEntTrainer,gaussianPriorVariance=1.0 Training Data Confusion Matrix
Confusion Matrix, row=true, column=predicted  accuracy=1.0
  label   0   1  |total
  0 neg 900   .  |900
  1 pos   . 900  |900

Trial 0 Trainer MaxEntTrainer,gaussianPriorVariance=1.0 training data accuracy= 1.0
Trial 0 Trainer MaxEntTrainer,gaussianPriorVariance=1.0 Test Data Confusion Matrix
Confusion Matrix, row=true, column=predicted  accuracy=0.855
  label   0   1  |total
  0 neg  83  17  |100
  1 pos  12  88  |100

Trial 0 Trainer MaxEntTrainer,gaussianPriorVariance=1.0 test data accuracy= 0.855

MaxEntTrainer,gaussianPriorVariance=1.0
Summary. train accuracy mean = 1.0 stddev = 0.0 stderr = 0.0
Summary. test accuracy mean = 0.855 stddev = 0.0 stderr = 0.0
