
-------------------- Trial 0  --------------------

Trial 0 Training MaxEntTrainer,gaussianPriorVariance=1.0 with 1800 instances
Trial 0 Training MaxEntTrainer,gaussianPriorVariance=1.0 finished
Trial 0 Trainer MaxEntTrainer,gaussianPriorVariance=1.0
 Raw Testing Data
cv329_29293.txt neg neg:0.9956547362659598 pos:0.004345263734040236 
cv926_18471.txt neg pos:0.9999997490976195 neg:2.5090238064323355E-7 
cv307_26382.txt neg neg:0.8933902133584907 pos:0.10660978664150927 
cv565_29403.txt neg neg:0.9999996022601437 pos:3.977398563328876E-7 
cv109_22599.txt neg neg:0.9999901256147357 pos:9.87438526431073E-6 
cv476_18402.txt neg neg:0.9475256297339202 pos:0.052474370266079776 
cv366_10709.txt neg neg:0.9999493466535272 pos:5.06533464727452E-5 
cv727_5006.txt neg pos:0.901498408090634 neg:0.09850159190936593 
cv602_8830.txt neg neg:0.6111937900044517 pos:0.38880620999554827 
cv351_17029.txt neg neg:0.9999927711501753 pos:7.228849824801809E-6 
cv777_10247.txt neg neg:0.9999832655689759 pos:1.6734431024025685E-5 
cv570_28960.txt neg pos:0.8899228338712467 neg:0.11007716612875329 
cv056_14663.txt neg neg:0.9998714082243672 pos:1.2859177563290372E-4 
cv900_10800.txt neg pos:0.8999237071514116 neg:0.10007629284858839 
cv230_7913.txt neg pos:0.817676715607188 neg:0.18232328439281198 
cv965_26688.txt neg neg:0.9999936786223471 pos:6.321377652888003E-6 
cv495_16121.txt neg neg:0.9186939896674027 pos:0.08130601033259743 
cv054_4101.txt neg neg:0.8869613416376639 pos:0.11303865836233597 
cv036_18385.txt neg neg:0.9995219429358935 pos:4.780570641066463E-4 
cv739_12179.txt neg neg:0.7511064428890124 pos:0.24889355711098768 
cv574_23191.txt neg neg:0.999989415031486 pos:1.0584968513882431E-5 
cv006_17022.txt neg neg:0.9921954166840556 pos:0.007804583315944301 
cv555_25047.txt neg neg:0.999905833592734 pos:9.416640726593458E-5 
cv609_25038.txt neg neg:0.9797253330596555 pos:0.020274666940344556 
cv251_23901.txt neg neg:0.9999991525766823 pos:8.474233178154276E-7 
cv441_15276.txt neg neg:0.9999944919357274 pos:5.508064272612088E-6 
cv763_16486.txt neg neg:0.9986595333958512 pos:0.0013404666041488878 
cv197_29271.txt neg neg:0.763633413973856 pos:0.236366586026144 
cv944_15042.txt neg neg:0.9997502691782915 pos:2.4973082170852683E-4 
cv058_8469.txt neg neg:0.5014041300482482 pos:0.49859586995175176 
cv740_13643.txt neg pos:0.6031827324106456 neg:0.3968172675893544 
cv880_29629.txt neg pos:0.9780845953705608 neg:0.021915404629439136 
cv436_20564.txt neg neg:0.9999411575544169 pos:5.884244558300656E-5 
cv984_14006.txt neg neg:0.997644257762737 pos:0.0023557422372630483 
cv735_20218.txt neg pos:0.8329228513438097 neg:0.1670771486561903 
cv461_21124.txt neg pos:0.7442130490148369 neg:0.25578695098516324 
cv229_15200.txt neg neg:0.9799291807497464 pos:0.02007081925025365 
cv278_14533.txt neg pos:0.9993899257843011 neg:6.10074215698773E-4 
cv995_23113.txt neg neg:0.9999999999733842 pos:2.6615772112129896E-11 
cv846_29359.txt neg neg:0.9998863549092227 pos:1.1364509077721559E-4 
cv858_20266.txt neg neg:0.9999985791196268 pos:1.4208803733703741E-6 
cv872_13710.txt neg neg:0.9995829451430988 pos:4.170548569011303E-4 
cv539_21865.txt neg neg:0.998623777043824 pos:0.001376222956175974 
cv484_26169.txt neg neg:0.9995371675232303 pos:4.628324767696532E-4 
cv324_7502.txt neg neg:0.8053721866204772 pos:0.19462781337952278 
cv386_10229.txt neg neg:0.9989850086744261 pos:0.0010149913255738995 
cv087_2145.txt neg neg:0.9999999020198422 pos:9.79801577334677E-8 
cv287_17410.txt neg neg:0.9997300949290826 pos:2.699050709173591E-4 
cv848_10061.txt neg neg:0.9999453675154977 pos:5.463248450233104E-5 
cv368_11090.txt neg neg:0.9999999992450319 pos:7.549681750899991E-10 
cv464_17076.txt neg neg:0.9999835823911266 pos:1.6417608873371947E-5 
cv768_12709.txt neg neg:0.9999999986654233 pos:1.334576563249234E-9 
cv246_28668.txt neg neg:0.9997725468974239 pos:2.2745310257605978E-4 
cv850_18185.txt neg neg:0.9985029545829721 pos:0.0014970454170278801 
cv840_18033.txt neg neg:0.9904795496934635 pos:0.009520450306536503 
cv046_10613.txt neg neg:0.9999933775963603 pos:6.622403639562816E-6 
cv742_8279.txt neg pos:0.9369211240230917 neg:0.06307887597690844 
cv264_14108.txt neg neg:0.9999980852641277 pos:1.914735872310326E-6 
cv592_23391.txt neg neg:0.9978863997527492 pos:0.002113600247250822 
cv582_6678.txt neg neg:0.8519538520562011 pos:0.14804614794379892 
cv684_12727.txt neg neg:0.9999992984369642 pos:7.015630358419236E-7 
cv414_11161.txt neg pos:0.9969969159692087 neg:0.0030030840307912047 
cv703_17948.txt neg neg:0.97773381807271 pos:0.022266181927290116 
cv168_7435.txt neg pos:0.6508580493408924 neg:0.34914195065910764 
cv807_23024.txt neg neg:1.0 pos:1.613194635099566E-18 
cv050_12128.txt neg neg:0.995159554549079 pos:0.004840445450921034 
cv064_25842.txt neg neg:0.9674141937979216 pos:0.03258580620207842 
cv571_29292.txt neg pos:0.9999998593455159 neg:1.406544839444207E-7 
cv871_25971.txt neg neg:0.9999999751049802 pos:2.4895019898428397E-8 
cv356_26170.txt neg neg:0.9999996632373024 pos:3.367626976149393E-7 
cv451_11502.txt neg neg:0.9999989491565602 pos:1.0508434397220504E-6 
cv327_21743.txt neg neg:0.9999931398137406 pos:6.860186259408543E-6 
cv458_9000.txt neg neg:0.9915140732820074 pos:0.008485926717992557 
cv416_12048.txt neg neg:0.9999631926616239 pos:3.6807338376083265E-5 
cv532_6495.txt neg neg:0.7292001414527512 pos:0.27079985854724864 
cv011_13044.txt neg neg:0.9482777689702896 pos:0.05172223102971045 
cv155_7845.txt neg neg:0.9999855999355765 pos:1.440006442351801E-5 
cv847_20855.txt neg neg:0.9985543393282067 pos:0.0014456606717933593 
cv772_12971.txt neg neg:0.999999902737177 pos:9.72628230845675E-8 
cv187_14112.txt neg neg:0.9999999805270864 pos:1.9472913674124003E-8 
cv918_27080.txt neg neg:0.9999999393637001 pos:6.06362997470753E-8 
cv258_5627.txt neg neg:0.9980936052888632 pos:0.0019063947111369554 
cv288_20212.txt neg neg:0.9996619912269483 pos:3.3800877305171357E-4 
cv833_11961.txt neg neg:0.999969677821282 pos:3.032217871793176E-5 
cv603_18885.txt neg neg:0.9921338990839814 pos:0.007866100916018609 
cv892_18788.txt neg neg:0.8611194272848317 pos:0.13888057271516818 
cv786_23608.txt neg neg:0.9993779574628495 pos:6.220425371505241E-4 
cv885_13390.txt neg neg:0.9999993215869225 pos:6.784130774631222E-7 
cv859_15689.txt neg neg:0.9971472792485058 pos:0.0028527207514942926 
cv649_13947.txt neg neg:0.9999936074096388 pos:6.392590361168718E-6 
cv318_11146.txt neg neg:0.999999999999649 pos:3.5101356024487697E-13 
cv573_29384.txt neg neg:0.9961491906363942 pos:0.003850809363605836 
cv210_9557.txt neg neg:0.9972680207707342 pos:0.0027319792292658795 
cv706_25883.txt neg neg:0.9999999985904675 pos:1.4095324257832246E-9 
cv953_7078.txt neg neg:0.999983409885498 pos:1.6590114502036933E-5 
cv228_5644.txt neg pos:0.9850583194975728 neg:0.014941680502427215 
cv755_24881.txt neg neg:0.9997757748727301 pos:2.2422512726996756E-4 
cv551_11214.txt neg neg:0.8741589438699663 pos:0.1258410561300337 
cv123_12165.txt neg neg:0.9999995612690982 pos:4.387309017847351E-7 
cv784_16077.txt neg neg:0.9887114278855432 pos:0.011288572114456847 
cv981_14989.txt pos pos:0.9672780316269949 neg:0.03272196837300515 
cv758_9671.txt pos pos:0.9911555669417105 neg:0.008844433058289558 
cv463_10343.txt pos pos:0.9993710475108974 neg:6.289524891024875E-4 
cv106_16807.txt pos pos:0.9999751131523238 neg:2.4886847676231476E-5 
cv944_13521.txt pos pos:0.999154342065559 neg:8.456579344411349E-4 
cv296_12251.txt pos pos:0.9047725860158528 neg:0.09522741398414732 
cv695_21108.txt pos pos:0.99999888445916 neg:1.1155408401432425E-6 
cv587_19162.txt pos pos:0.9854793170062002 neg:0.014520682993799713 
cv165_22619.txt pos pos:0.9357792401442601 neg:0.0642207598557399 
cv865_2895.txt pos pos:0.9940452666686757 neg:0.005954733331324439 
cv307_25270.txt pos pos:0.8166270949719105 neg:0.18337290502808945 
cv777_10094.txt pos pos:0.9999997101431329 neg:2.8985686700068E-7 
cv418_14774.txt pos pos:0.9999700445077813 neg:2.995549221883404E-5 
cv387_11507.txt pos pos:0.9927046189599278 neg:0.0072953810400721835 
cv889_21430.txt pos pos:0.9999815413509473 neg:1.8458649052608478E-5 
cv052_29378.txt pos pos:0.9502434998706824 neg:0.04975650012931757 
cv725_10103.txt pos neg:0.988242031998974 pos:0.011757968001026013 
cv130_17083.txt pos pos:0.9995920464827711 neg:4.079535172289266E-4 
cv550_22211.txt pos neg:0.908349837706613 pos:0.09165016229338703 
cv577_28549.txt pos pos:0.9999969603483141 neg:3.0396516859235427E-6 
cv613_21796.txt pos pos:0.9994608648551953 neg:5.391351448047852E-4 
cv414_10518.txt pos pos:0.9999887546505435 neg:1.12453494564249E-5 
cv703_16143.txt pos pos:0.9999849040219438 neg:1.5095978056106902E-5 
cv104_18134.txt pos pos:0.996674076897065 neg:0.0033259231029349637 
cv475_21692.txt pos pos:0.9999917692063964 neg:8.230793603594213E-6 
cv547_16324.txt pos pos:0.9927678453235709 neg:0.007232154676429213 
cv809_5009.txt pos pos:0.9999999834282025 neg:1.65717974649976E-8 
cv430_17351.txt pos pos:0.6924616158052539 neg:0.3075383841947462 
cv474_10209.txt pos pos:0.9960909503762133 neg:0.0039090496237867535 
cv000_29590.txt pos neg:0.9929692430014113 pos:0.0070307569985887455 
cv469_20630.txt pos pos:0.9999999904254652 neg:9.57453491377978E-9 
cv977_4938.txt pos pos:0.9997338598835062 neg:2.661401164937079E-4 
cv015_29439.txt pos pos:0.9999927353162934 neg:7.26468370668567E-6 
cv771_28665.txt pos pos:0.9999999641659711 neg:3.583402882593984E-8 
cv763_14729.txt pos pos:0.9550464843789114 neg:0.044953515621088534 
cv611_21120.txt pos pos:0.9992525315120583 neg:7.474684879416136E-4 
cv585_22496.txt pos pos:0.9996516553175436 neg:3.483446824564833E-4 
cv906_11491.txt pos pos:0.9842414234843802 neg:0.015758576515619724 
cv868_11948.txt pos pos:0.9999972254710245 neg:2.7745289754028705E-6 
cv696_29740.txt pos pos:0.9597298736181672 neg:0.040270126381832846 
cv974_22941.txt pos pos:0.9968285519592299 neg:0.0031714480407700287 
cv605_11800.txt pos pos:0.999992531009894 neg:7.468990105895002E-6 
cv160_10362.txt pos pos:0.9999999979743999 neg:2.0256001253723625E-9 
cv692_15451.txt pos pos:0.9999999999996578 neg:3.422715326751384E-13 
cv176_12857.txt pos pos:0.9995845096122643 neg:4.1549038773564694E-4 
cv401_12605.txt pos pos:0.9999998983959472 neg:1.0160405281109326E-7 
cv559_0050.txt pos pos:0.9999995783973582 neg:4.2160264186460265E-7 
cv403_6621.txt pos pos:0.999637800295069 neg:3.621997049310342E-4 
cv035_3954.txt pos pos:0.9950733321884483 neg:0.0049266678115517494 
cv473_7367.txt pos pos:0.9992479148576121 neg:7.520851423879136E-4 
cv624_10744.txt pos pos:0.9999944516315781 neg:5.548368421939307E-6 
cv683_12167.txt pos pos:0.9963490344707204 neg:0.0036509655292796274 
cv461_19600.txt pos pos:0.9999999054208947 neg:9.457910547046294E-8 
cv633_29837.txt pos pos:0.9999866397588645 neg:1.3360241135475764E-5 
cv054_4230.txt pos pos:0.6703969272432492 neg:0.3296030727567508 
cv832_23275.txt pos pos:0.9652446279667627 neg:0.034755372033237246 
cv478_14309.txt pos pos:0.9999997920700282 neg:2.0792997165613484E-7 
cv940_17705.txt pos pos:0.8794607045400914 neg:0.1205392954599086 
cv107_24319.txt pos neg:0.9617856015830606 pos:0.0382143984169394 
cv302_25649.txt pos neg:0.9719236476666169 pos:0.028076352333383025 
cv884_13632.txt pos pos:0.9996816725345454 neg:3.183274654545164E-4 
cv619_12462.txt pos pos:0.9998218838700778 neg:1.7811612992220654E-4 
cv273_29112.txt pos pos:0.9999999619553058 neg:3.804469412522482E-8 
cv359_6647.txt pos pos:0.5186290647872509 neg:0.4813709352127491 
cv945_12160.txt pos pos:0.9997668556951729 neg:2.3314430482720462E-4 
cv841_3967.txt pos neg:0.61874666702133 pos:0.38125333297867003 
cv125_9391.txt pos pos:0.815311535492458 neg:0.18468846450754203 
cv212_10027.txt pos pos:0.9739845025498032 neg:0.026015497450196823 
cv262_12649.txt pos neg:0.9176818776413725 pos:0.08231812235862745 
cv487_10446.txt pos pos:0.9998495412906028 neg:1.5045870939722726E-4 
cv820_22892.txt pos pos:0.9983308985880042 neg:0.0016691014119958089 
cv092_28017.txt pos pos:0.9975559533967845 neg:0.0024440466032155206 
cv007_4968.txt pos pos:0.9999930899394088 neg:6.910060591102675E-6 
cv807_21740.txt pos neg:0.999989244769747 pos:1.0755230252915568E-5 
cv395_10849.txt pos pos:0.9999389626846813 neg:6.10373153186341E-5 
cv171_13537.txt pos neg:0.9524385011295828 pos:0.04756149887041716 
cv823_15569.txt pos pos:0.9860318694354333 neg:0.013968130564566717 
cv493_12839.txt pos neg:0.9050776577373426 pos:0.09492234226265736 
cv718_11434.txt pos pos:0.9100499098243441 neg:0.08995009017565597 
cv561_9201.txt pos pos:0.9999389701599956 neg:6.102984000456318E-5 
cv892_17576.txt pos pos:0.9999479170663322 neg:5.208293366769602E-5 
cv002_15918.txt pos pos:0.9865359644090068 neg:0.01346403559099316 
cv938_10220.txt pos pos:0.9912601909798485 neg:0.008739809020151451 
cv157_29372.txt pos pos:0.7475228703079045 neg:0.25247712969209557 
cv678_13419.txt pos pos:0.999998696395488 neg:1.3036045121074916E-6 
cv855_20661.txt pos pos:0.5702727699685005 neg:0.42972723003149954 
cv373_20404.txt pos pos:0.9981371406531996 neg:0.001862859346800525 
cv542_18980.txt pos pos:0.9943986182648745 neg:0.005601381735125366 
cv967_5788.txt pos pos:0.9998901055768318 neg:1.0989442316819024E-4 
cv526_12083.txt pos pos:0.9992391397262261 neg:7.608602737739567E-4 
cv098_15435.txt pos neg:0.9128119897174268 pos:0.0871880102825732 
cv169_23778.txt pos pos:0.9999999990334412 neg:9.66558892672484E-10 
cv131_10713.txt pos pos:0.999963295574803 neg:3.6704425197005175E-5 
cv140_7479.txt pos pos:0.9243293569682514 neg:0.07567064303174867 
cv358_10691.txt pos pos:0.9999884439863036 neg:1.155601369635643E-5 
cv645_15668.txt pos pos:0.9930402884256277 neg:0.0069597115743721665 
cv436_19179.txt pos pos:0.8070371276623506 neg:0.19296287233764933 
cv905_29114.txt pos pos:0.9999936504667524 neg:6.3495332476949015E-6 
cv486_9799.txt pos pos:0.9950058698921354 neg:0.004994130107864636 
cv281_23253.txt pos pos:0.9999843648883772 neg:1.563511162287679E-5 
Trial 0 Trainer MaxEntTrainer,gaussianPriorVariance=1.0 Training Data Confusion Matrix
Confusion Matrix, row=true, column=predicted  accuracy=1.0
  label   0   1  |total
  0 neg 900   .  |900
  1 pos   . 900  |900

Trial 0 Trainer MaxEntTrainer,gaussianPriorVariance=1.0 training data accuracy= 1.0
Trial 0 Trainer MaxEntTrainer,gaussianPriorVariance=1.0 Test Data Confusion Matrix
Confusion Matrix, row=true, column=predicted  accuracy=0.87
  label   0   1  |total
  0 neg  85  15  |100
  1 pos  11  89  |100

Trial 0 Trainer MaxEntTrainer,gaussianPriorVariance=1.0 test data accuracy= 0.87

MaxEntTrainer,gaussianPriorVariance=1.0
Summary. train accuracy mean = 1.0 stddev = 0.0 stderr = 0.0
Summary. test accuracy mean = 0.87 stddev = 0.0 stderr = 0.0
