
-------------------- Trial 0  --------------------

Trial 0 Training MaxEntTrainer,gaussianPriorVariance=1.0 with 1800 instances
Trial 0 Training MaxEntTrainer,gaussianPriorVariance=1.0 finished
Trial 0 Trainer MaxEntTrainer,gaussianPriorVariance=1.0
 Raw Testing Data
cv756_23676.txt neg neg:0.9999983261670669 pos:1.6738329331055548E-6 
cv533_9843.txt neg neg:0.9999994204599273 pos:5.795400726472074E-7 
cv749_18960.txt neg neg:0.9999999845378 pos:1.5462199877090487E-8 
cv534_15683.txt neg pos:0.6341411502043673 neg:0.36585884979563266 
cv326_14777.txt neg neg:0.9980832309285896 pos:0.0019167690714102818 
cv552_0150.txt neg neg:0.9999614518469196 pos:3.854815308038046E-5 
cv657_25835.txt neg neg:0.9997372667762512 pos:2.6273322374887405E-4 
cv731_3968.txt neg neg:0.9719326657515178 pos:0.02806733424848212 
cv535_21183.txt neg neg:0.9895694068904866 pos:0.010430593109513506 
cv656_25395.txt neg neg:0.9999999570364505 pos:4.2963549639920334E-8 
cv322_21820.txt neg neg:0.9999995711797438 pos:4.28820256122386E-7 
cv817_3675.txt neg neg:0.9971303358972852 pos:0.002869664102714897 
cv427_11693.txt neg pos:0.9856691929328856 neg:0.014330807067114388 
cv460_11723.txt neg neg:0.9987177004463035 pos:0.0012822995536965025 
cv367_24065.txt neg neg:0.999985037612818 pos:1.4962387181900299E-5 
cv293_29731.txt neg neg:0.9858624562159072 pos:0.014137543784092946 
cv672_27988.txt neg neg:0.8532353595638432 pos:0.14676464043615686 
cv437_24070.txt neg neg:0.9907103093565958 pos:0.009289690643404252 
cv814_20316.txt neg neg:0.9932213600046639 pos:0.00677863999533616 
cv205_9676.txt neg neg:0.5891709546950371 pos:0.4108290453049628 
cv417_14653.txt neg neg:0.9949566568617277 pos:0.005043343138272348 
cv515_18484.txt neg neg:0.904204488218745 pos:0.09579551178125509 
cv521_1730.txt neg neg:0.9942970138402121 pos:0.005702986159788007 
cv572_20053.txt neg neg:0.9994078182543189 pos:5.92181745681053E-4 
cv932_14854.txt neg neg:0.9999999869083416 pos:1.3091658443473496E-8 
cv986_15092.txt neg neg:0.8786166933712916 pos:0.1213833066287085 
cv518_14798.txt neg neg:0.9977455222861955 pos:0.0022544777138043598 
cv523_18285.txt neg neg:0.9794740262543767 pos:0.020525973745623188 
cv645_17078.txt neg neg:0.9564653353654287 pos:0.04353466463457135 
cv014_15600.txt neg neg:0.9998781201513012 pos:1.2187984869884505E-4 
cv747_18189.txt neg pos:0.970847148411055 neg:0.029152851588945046 
cv794_17353.txt neg neg:0.9999027448123606 pos:9.725518763933673E-5 
cv364_14254.txt neg neg:0.9999395276335096 pos:6.047236649035118E-5 
cv177_10904.txt neg neg:0.9908418866053192 pos:0.009158113394680764 
cv991_19973.txt neg neg:0.9048945893245322 pos:0.0951054106754678 
cv207_29141.txt neg neg:0.6144299619147807 pos:0.38557003808521917 
cv701_15880.txt neg pos:0.9678835970053591 neg:0.03211640299464085 
cv922_10185.txt neg neg:0.9692329171101233 pos:0.03076708288987679 
cv912_5562.txt neg neg:0.9999988215457231 pos:1.1784542770441879E-6 
cv022_14227.txt neg neg:0.999999942537074 pos:5.7462925957113715E-8 
cv275_28725.txt neg pos:0.9993855412658553 neg:6.144587341446379E-4 
cv133_18065.txt neg neg:0.9984772944175168 pos:0.001522705582483214 
cv435_24355.txt neg neg:0.6277877130942706 pos:0.37221228690572944 
cv802_28381.txt neg neg:0.9980132742912999 pos:0.00198672570870007 
cv070_13249.txt neg neg:0.9999505476877981 pos:4.945231220197398E-5 
cv950_13478.txt neg neg:0.9999994543864542 pos:5.456135458061745E-7 
cv433_10443.txt neg pos:0.9826888806429437 neg:0.017311119357056367 
cv969_14760.txt neg neg:0.6303681361569812 pos:0.36963186384301877 
cv531_26838.txt neg neg:0.9783577274730041 pos:0.021642272526995913 
cv439_17633.txt neg neg:0.9999763636863982 pos:2.363631360182233E-5 
cv863_7912.txt neg neg:0.9999622919310713 pos:3.770806892880469E-5 
cv822_21545.txt neg pos:0.5202103687172861 neg:0.47978963128271396 
cv126_28821.txt neg neg:0.999999791136026 pos:2.0886397402270315E-7 
cv390_12187.txt neg neg:0.9828394674682485 pos:0.01716053253175157 
cv442_15499.txt neg neg:0.9999773218780882 pos:2.267812191196249E-5 
cv507_9509.txt neg neg:0.9994173571486963 pos:5.826428513038088E-4 
cv473_7869.txt neg neg:0.7688111689352007 pos:0.23118883106479937 
cv509_17354.txt neg neg:0.969579371504381 pos:0.030420628495618964 
cv138_13903.txt neg neg:0.9999995811551712 pos:4.1884482885023807E-7 
cv105_19135.txt neg neg:0.7291746456501548 pos:0.2708253543498453 
cv823_17055.txt neg neg:0.9867499189033542 pos:0.013250081096645907 
cv422_9632.txt neg neg:0.9949610048476031 pos:0.005038995152396928 
cv259_11827.txt neg neg:0.9999966888842481 pos:3.3111157518800757E-6 
cv421_9752.txt neg neg:0.9501266840098832 pos:0.04987331599011677 
cv803_8584.txt neg pos:0.8644896241314782 neg:0.13551037586852188 
cv428_12202.txt neg neg:0.999986961358164 pos:1.303864183609777E-5 
cv406_22199.txt neg neg:0.9999936358104222 pos:6.3641895778612705E-6 
cv352_5414.txt neg neg:0.9955218296275171 pos:0.004478170372482883 
cv806_9405.txt neg neg:0.9941213794099377 pos:0.0058786205900623 
cv795_10291.txt neg neg:0.9999990263741778 pos:9.736258221793882E-7 
cv350_22139.txt neg neg:0.9903147274975129 pos:0.00968527250248714 
cv377_8440.txt neg neg:0.9219273183857856 pos:0.07807268161421445 
cv502_10970.txt neg neg:0.5314332437999415 pos:0.46856675620005844 
cv936_17473.txt neg neg:0.9999983690172185 pos:1.6309827813764613E-6 
cv475_22978.txt neg pos:0.9995334483024457 neg:4.665516975543834E-4 
cv913_29127.txt neg neg:0.9960498385748606 pos:0.003950161425139362 
cv838_25886.txt neg neg:0.5308107795945816 pos:0.4691892204054185 
cv675_22871.txt neg neg:0.6914329321588631 pos:0.3085670678411368 
cv425_8603.txt neg neg:0.9999987658133909 pos:1.2341866092241004E-6 
cv492_19370.txt neg neg:0.9493593809183232 pos:0.05064061908167681 
cv988_20168.txt neg neg:0.9999999989063404 pos:1.0936596788248253E-9 
cv201_7421.txt neg pos:0.8940353209705624 neg:0.10596467902943765 
cv297_10104.txt neg neg:0.9974443505302798 pos:0.0025556494697201947 
cv478_15921.txt neg neg:0.9973968385261395 pos:0.0026031614738605126 
cv615_15734.txt neg neg:0.9972089920037055 pos:0.0027910079962944717 
cv596_4367.txt neg pos:0.8466061599113631 neg:0.15339384008863682 
cv247_14668.txt neg neg:0.9516395329568028 pos:0.048360467043197256 
cv131_11568.txt neg neg:0.9999948130543878 pos:5.186945612212862E-6 
cv135_12506.txt neg neg:0.9716523564455609 pos:0.028347643554439146 
cv642_29788.txt neg neg:0.9996286012147455 pos:3.713987852543822E-4 
cv479_5450.txt neg neg:0.9999999789825911 pos:2.101740882056059E-8 
cv783_14724.txt neg neg:0.9999351112732817 pos:6.488872671839636E-5 
cv879_16585.txt neg neg:0.9892444022848227 pos:0.010755597715177367 
cv117_25625.txt neg neg:0.986891262901885 pos:0.013108737098115088 
cv174_9735.txt neg neg:0.9425070709655406 pos:0.05749292903445939 
cv004_12641.txt neg neg:0.999233159000198 pos:7.66840999802044E-4 
cv966_28671.txt neg neg:0.9973563660457145 pos:0.0026436339542854773 
cv860_15520.txt neg neg:0.9996248610372702 pos:3.7513896272987733E-4 
cv704_17622.txt neg neg:0.9967243858982118 pos:0.003275614101788236 
cv343_10906.txt neg pos:0.6912249699121311 neg:0.30877503008786883 
cv372_6552.txt pos pos:0.9924560393020678 neg:0.007543960697932215 
cv241_23130.txt pos pos:0.9999564950876396 neg:4.3504912360257184E-5 
cv700_21947.txt pos neg:0.7011785208619539 pos:0.2988214791380462 
cv272_18974.txt pos neg:0.5793031679637332 pos:0.42069683203626684 
cv096_11474.txt pos pos:0.9993414737077546 neg:6.585262922453482E-4 
cv177_10367.txt pos pos:0.9994059157952607 neg:5.940842047392852E-4 
cv986_13527.txt pos pos:0.9981328482109496 neg:0.0018671517890502907 
cv800_12368.txt pos pos:0.9999999584108528 neg:4.158914721999771E-8 
cv102_7846.txt pos pos:0.8075619949774804 neg:0.1924380050225196 
cv352_5524.txt pos pos:0.9998992947712756 neg:1.0070522872444725E-4 
cv701_14252.txt pos pos:0.9999999899128299 neg:1.0087170082727786E-8 
cv346_18168.txt pos neg:0.940622127650556 pos:0.05937787234944402 
cv141_15686.txt pos pos:0.9653621580634408 neg:0.03463784193655924 
cv006_15448.txt pos pos:0.9998877946068286 neg:1.1220539317145661E-4 
cv685_5947.txt pos pos:0.782053680773749 neg:0.21794631922625102 
cv664_4389.txt pos pos:0.9595997184047309 neg:0.04040028159526911 
cv581_19381.txt pos pos:0.9999655076676679 neg:3.449233233204404E-5 
cv522_5583.txt pos pos:0.8462333972032436 neg:0.15376660279675636 
cv735_18801.txt pos pos:0.98838649480814 neg:0.011613505191860043 
cv839_21467.txt pos pos:0.9999993328072463 neg:6.671927537949248E-7 
cv132_5618.txt pos pos:0.6357763767091105 neg:0.36422362329088953 
cv867_16661.txt pos pos:0.9774845918185164 neg:0.0225154081814837 
cv375_9929.txt pos pos:0.999703485033259 neg:2.9651496674108194E-4 
cv045_23923.txt pos pos:0.9999855009551071 neg:1.4499044892861155E-5 
cv179_9228.txt pos pos:0.9729366565895217 neg:0.027063343410478367 
cv804_10862.txt pos pos:0.7338793686232918 neg:0.2661206313767082 
cv812_17924.txt pos pos:0.9996979585836817 neg:3.020414163182309E-4 
cv011_12166.txt pos pos:0.9830478632068442 neg:0.016952136793155895 
cv861_1198.txt pos pos:0.5530772674621625 neg:0.44692273253783754 
cv576_14094.txt pos pos:0.9139541330098583 neg:0.0860458669901418 
cv916_15467.txt pos pos:0.999999991037812 neg:8.962188046280057E-9 
cv776_20529.txt pos pos:0.9975478377714437 neg:0.0024521622285561926 
cv995_21821.txt pos pos:0.9999999984527288 neg:1.5472712139822133E-9 
cv240_14336.txt pos pos:0.9999996231619496 neg:3.768380503677644E-7 
cv920_29622.txt pos pos:0.9994761770116648 neg:5.238229883352325E-4 
cv670_25826.txt pos pos:0.8709913277956063 neg:0.1290086722043938 
cv290_11084.txt pos pos:0.9999900299829656 neg:9.970017034504522E-6 
cv156_10481.txt pos pos:0.5402676410902629 neg:0.45973235890973707 
cv087_1989.txt pos pos:0.9999999999227156 neg:7.728435952263583E-11 
cv584_29722.txt pos pos:0.9998598319056499 neg:1.401680943500991E-4 
cv279_18329.txt pos pos:0.9987548373134267 neg:0.0012451626865733192 
cv704_15969.txt pos pos:0.999810728434004 neg:1.8927156599605823E-4 
cv228_5806.txt pos pos:0.9999995735116667 neg:4.2648833325734575E-7 
cv935_23841.txt pos pos:0.9999994127510186 neg:5.872489813628509E-7 
cv651_10492.txt pos neg:0.9997755692987523 pos:2.2443070124770744E-4 
cv497_26980.txt pos pos:0.9941190088628198 neg:0.005880991137180213 
cv917_29715.txt pos pos:0.9771344345188051 neg:0.022865565481194974 
cv922_10073.txt pos pos:0.9999999993447843 neg:6.552155498816014E-10 
cv231_10425.txt pos pos:0.9999999956428434 neg:4.357156617039403E-9 
cv799_18543.txt pos pos:0.9577536628718196 neg:0.04224633712818038 
cv243_20728.txt pos pos:0.9999999444330621 neg:5.556693786728845E-8 
cv880_29800.txt pos pos:0.9993208403377793 neg:6.791596622205539E-4 
cv239_3385.txt pos pos:0.9999959722547829 neg:4.027745217057623E-6 
cv972_26417.txt pos pos:0.9900908678094238 neg:0.009909132190576106 
cv207_29284.txt pos pos:0.9999941538556121 neg:5.846144387782947E-6 
cv790_14600.txt pos neg:0.913126831003526 pos:0.08687316899647411 
cv070_12289.txt pos pos:0.9999999886475889 neg:1.1352411024937854E-8 
cv318_10493.txt pos pos:0.9847901081587468 neg:0.015209891841253294 
cv398_15537.txt pos pos:0.9999481791698721 neg:5.182083012794719E-5 
cv785_22600.txt pos pos:0.9999926453553647 neg:7.354644635206401E-6 
cv458_8604.txt pos pos:0.9999591988463352 neg:4.080115366475975E-5 
cv308_5016.txt pos pos:0.9999389124997388 neg:6.108750026131503E-5 
cv323_29805.txt pos pos:0.9874350628368612 neg:0.012564937163138702 
cv031_18452.txt pos pos:0.9992404063390151 neg:7.595936609848445E-4 
cv528_10822.txt pos pos:0.9880990099865321 neg:0.011900990013467937 
cv349_13507.txt pos pos:0.9993907075923831 neg:6.092924076168705E-4 
cv277_19091.txt pos pos:0.7528601800385871 neg:0.2471398199614129 
cv408_5297.txt pos neg:0.931734909656753 pos:0.06826509034324688 
cv668_17604.txt pos pos:0.9999999968003925 neg:3.199607378315175E-9 
cv567_29611.txt pos pos:0.9999600095804517 neg:3.999041954815053E-5 
cv216_18738.txt pos pos:0.9998129189407977 neg:1.8708105920233766E-4 
cv112_11193.txt pos pos:0.9392301484015699 neg:0.06076985159843012 
cv394_5137.txt pos pos:0.9996549071902697 neg:3.450928097302118E-4 
cv734_21568.txt pos pos:0.9999868199259119 neg:1.318007408805465E-5 
cv834_22195.txt pos pos:0.9974018919634429 neg:0.0025981080365570057 
cv952_25240.txt pos neg:0.6961070158295868 pos:0.3038929841704132 
cv782_19526.txt pos pos:0.9718225630528279 neg:0.02817743694717209 
cv783_13227.txt pos pos:0.5997654474770702 neg:0.4002345525229299 
cv582_6559.txt pos pos:0.99999910362731 neg:8.963726900227413E-7 
cv449_8785.txt pos pos:0.9999993260033087 neg:6.7399669128976E-7 
cv968_24218.txt pos pos:0.9999968866717849 neg:3.1133282149693428E-6 
cv482_10580.txt pos pos:0.9761246760715898 neg:0.0238753239284102 
cv309_22571.txt pos pos:0.9999999999998874 neg:1.1252158580049883E-13 
cv925_8969.txt pos neg:0.9383768446728737 pos:0.06162315532712629 
cv091_7400.txt pos neg:0.9090030886347527 pos:0.09099691136524733 
cv934_19027.txt pos pos:0.9999979015094619 neg:2.0984905382014982E-6 
cv348_18176.txt pos pos:0.9782249090989292 neg:0.02177509090107071 
cv802_28664.txt pos pos:0.9999995141325067 neg:4.858674932844959E-7 
cv649_12735.txt pos pos:0.9843008590351933 neg:0.015699140964806776 
cv818_10211.txt pos pos:0.9999999905064717 neg:9.493528312059085E-9 
cv078_14730.txt pos pos:0.9967580316171608 neg:0.003241968382839224 
cv298_23111.txt pos pos:0.9999999975486091 neg:2.451390810544931E-9 
cv866_29691.txt pos pos:0.9999996203483277 neg:3.7965167219145615E-7 
cv314_14422.txt pos pos:0.999282240623775 neg:7.1775937622502E-4 
cv255_13683.txt pos pos:0.9093390816458543 neg:0.09066091835414576 
cv367_22792.txt pos pos:0.9999749852384013 neg:2.5014761598684005E-5 
cv036_16831.txt pos pos:0.9880020957990582 neg:0.011997904200941913 
cv370_5221.txt pos neg:0.867463206852662 pos:0.1325367931473379 
cv417_13115.txt pos pos:0.8840780944147582 neg:0.11592190558524182 
cv136_11505.txt pos pos:0.9985430849906298 neg:0.0014569150093701317 
Trial 0 Trainer MaxEntTrainer,gaussianPriorVariance=1.0 Training Data Confusion Matrix
Confusion Matrix, row=true, column=predicted  accuracy=1.0
  label   0   1  |total
  0 neg 900   .  |900
  1 pos   . 900  |900

Trial 0 Trainer MaxEntTrainer,gaussianPriorVariance=1.0 training data accuracy= 1.0
Trial 0 Trainer MaxEntTrainer,gaussianPriorVariance=1.0 Test Data Confusion Matrix
Confusion Matrix, row=true, column=predicted  accuracy=0.89
  label   0   1  |total
  0 neg  88  12  |100
  1 pos  10  90  |100

Trial 0 Trainer MaxEntTrainer,gaussianPriorVariance=1.0 test data accuracy= 0.89

MaxEntTrainer,gaussianPriorVariance=1.0
Summary. train accuracy mean = 1.0 stddev = 0.0 stderr = 0.0
Summary. test accuracy mean = 0.89 stddev = 0.0 stderr = 0.0
