
-------------------- Trial 0  --------------------

Trial 0 Training MaxEntTrainer,gaussianPriorVariance=1.0 with 1800 instances
Trial 0 Training MaxEntTrainer,gaussianPriorVariance=1.0 finished
Trial 0 Trainer MaxEntTrainer,gaussianPriorVariance=1.0
 Raw Testing Data
cv921_13988.txt neg neg:0.9999811578624349 pos:1.8842137565051906E-5 
cv029_19943.txt neg neg:0.9936794377116156 pos:0.006320562288384302 
cv897_11703.txt neg neg:0.9999811259357725 pos:1.8874064227520023E-5 
cv257_11856.txt neg pos:0.9950706546956742 neg:0.004929345304325684 
cv640_5380.txt neg pos:0.9958387820306043 neg:0.0041612179693957365 
cv949_21565.txt neg neg:0.9999989847211276 pos:1.0152788724575906E-6 
cv524_24885.txt neg neg:0.7020283464956132 pos:0.29797165350438687 
cv514_12173.txt neg pos:0.7631001810173074 neg:0.23689981898269255 
cv021_17313.txt neg neg:0.9999728044045452 pos:2.7195595454688662E-5 
cv895_22200.txt neg neg:0.9976699372093184 pos:0.0023300627906816763 
cv150_14279.txt neg neg:0.9999228625186939 pos:7.713748130626296E-5 
cv933_24953.txt neg neg:0.9999748118389652 pos:2.5188161034744106E-5 
cv335_16299.txt neg neg:0.9999908568869628 pos:9.14311303714066E-6 
cv544_5301.txt neg neg:0.9997532542273252 pos:2.4674577267472253E-4 
cv999_14636.txt neg neg:0.8657246712732852 pos:0.1342753287267148 
cv245_8938.txt neg neg:0.9982923303339022 pos:0.0017076696660978249 
cv185_28372.txt neg neg:0.9993987789228181 pos:6.012210771818634E-4 
cv801_26335.txt neg neg:0.9892827014387862 pos:0.01071729856121389 
cv284_20530.txt neg neg:0.9819445767129846 pos:0.018055423287015444 
cv108_17064.txt neg neg:0.9973512996582056 pos:0.00264870034179449 
cv018_21672.txt neg pos:0.6763988299426464 neg:0.3236011700573536 
cv788_26409.txt neg neg:0.9985073411943506 pos:0.0014926588056493725 
cv216_20165.txt neg neg:0.9880629585553062 pos:0.011937041444693767 
cv716_11153.txt neg neg:0.9588490358087697 pos:0.04115096419123032 
cv723_9002.txt neg neg:0.8975582594170931 pos:0.1024417405829069 
cv692_17026.txt neg neg:0.9909115816576421 pos:0.009088418342357872 
cv450_8319.txt neg neg:0.9856675986091211 pos:0.014332401390878867 
cv202_11382.txt neg neg:0.9999997533548601 pos:2.4664513986495653E-7 
cv632_9704.txt neg neg:0.693248104392593 pos:0.30675189560740695 
cv376_20883.txt neg neg:0.6551438037653545 pos:0.34485619623464553 
cv587_20532.txt neg neg:0.9956453879170456 pos:0.004354612082954401 
cv929_1841.txt neg pos:0.6770520072205468 neg:0.32294799277945324 
cv196_28898.txt neg neg:0.9650549331430351 pos:0.03494506685696494 
cv906_12332.txt neg neg:0.8536992464826412 pos:0.14630075351735877 
cv982_22209.txt neg neg:0.9997769868949474 pos:2.2301310505254646E-4 
cv939_11247.txt neg neg:0.9302061512975393 pos:0.06979384870246072 
cv219_19874.txt neg neg:0.993740986205388 pos:0.006259013794611967 
cv875_5622.txt neg pos:0.7091958375877786 neg:0.29080416241222135 
cv499_11407.txt neg neg:0.9961537706228432 pos:0.003846229377156972 
cv213_20300.txt neg neg:0.9976159080006195 pos:0.0023840919993805866 
cv983_24219.txt neg neg:0.5146714344174911 pos:0.4853285655825089 
cv854_18955.txt neg neg:0.836928251098843 pos:0.163071748901157 
cv647_15275.txt neg neg:0.9999977150932186 pos:2.2849067813678925E-6 
cv334_0074.txt neg neg:0.9996109694136108 pos:3.8903058638919985E-4 
cv002_17424.txt neg neg:0.9993570121265846 pos:6.429878734154499E-4 
cv676_22202.txt neg neg:0.9999999965341506 pos:3.465849472716232E-9 
cv069_11613.txt neg pos:0.6229858925713412 neg:0.37701410742865876 
cv270_5873.txt neg neg:0.9990088952786542 pos:9.911047213458583E-4 
cv725_10266.txt neg neg:0.9285429630540648 pos:0.07145703694593517 
cv165_2389.txt neg neg:0.9878390347559366 pos:0.012160965244063302 
cv963_7208.txt neg neg:0.9995849283696367 pos:4.15071630363259E-4 
cv167_18094.txt neg neg:0.9403235044803325 pos:0.059676495519667326 
cv449_9126.txt neg pos:0.9736562988987196 neg:0.026343701101280374 
cv048_18380.txt neg neg:0.9999984388570238 pos:1.5611429762960008E-6 
cv361_28738.txt neg neg:0.9999191372841582 pos:8.086271584182008E-5 
cv608_24647.txt neg pos:0.8188388630408391 neg:0.18116113695916092 
cv354_8573.txt neg neg:0.9564929852393895 pos:0.04350701476061038 
cv607_8235.txt neg neg:0.9998839522420448 pos:1.1604775795504176E-4 
cv007_4992.txt neg neg:0.9999999672534059 pos:3.274659413483567E-8 
cv974_24303.txt neg neg:0.9859791760779274 pos:0.014020823922072599 
cv405_21868.txt neg neg:0.9999667930876832 pos:3.3206912316818466E-5 
cv698_16930.txt neg neg:0.996949792883985 pos:0.0030502071160150375 
cv585_23576.txt neg neg:0.9193785587438768 pos:0.08062144125612328 
cv431_7538.txt neg neg:0.9008471257400006 pos:0.09915287425999939 
cv798_24779.txt neg pos:0.5166535216599246 neg:0.4833464783400754 
cv557_12237.txt neg neg:0.998609515460972 pos:0.0013904845390280381 
cv337_29061.txt neg neg:0.999907816012611 pos:9.218398738891363E-5 
cv671_5164.txt neg pos:0.8985512225384253 neg:0.10144877746157466 
cv407_23928.txt neg neg:0.9935806550229449 pos:0.006419344977055077 
cv876_9633.txt neg neg:0.9972276173683131 pos:0.002772382631686903 
cv843_17054.txt neg neg:0.9870975192269149 pos:0.012902480773085135 
cv601_24759.txt neg neg:0.9621815919000394 pos:0.03781840809996064 
cv917_29484.txt neg neg:0.999185912617696 pos:8.140873823040672E-4 
cv317_25111.txt neg neg:0.7486181155964191 pos:0.2513818844035809 
cv481_7930.txt neg neg:0.9912990278325571 pos:0.008700972167443012 
cv328_10908.txt neg pos:0.6509801890916929 neg:0.34901981090830714 
cv156_11119.txt neg neg:0.988961301804989 pos:0.011038698195010984 
cv072_5928.txt neg neg:0.9997830474173672 pos:2.169525826328051E-4 
cv713_29002.txt neg neg:0.9378097979517638 pos:0.06219020204823628 
cv338_9183.txt neg neg:0.9999976850580462 pos:2.3149419536958495E-6 
cv662_14791.txt neg neg:0.9995185465681902 pos:4.8145343180971105E-4 
cv221_27081.txt neg neg:0.5071132453051364 pos:0.4928867546948636 
cv627_12603.txt neg neg:0.9402957682220903 pos:0.059704231777909615 
cv744_10091.txt neg neg:0.9918633395859322 pos:0.008136660414067722 
cv095_28730.txt neg neg:0.6522259388806174 pos:0.3477740611193826 
cv666_20301.txt neg pos:0.908136195332034 neg:0.09186380466796595 
cv469_21998.txt neg neg:0.9999856721815679 pos:1.432781843211309E-5 
cv423_12089.txt neg neg:0.9981222326161628 pos:0.0018777673838370485 
cv694_4526.txt neg neg:0.689249954310903 pos:0.310750045689097 
cv517_20616.txt neg neg:0.9999980790981972 pos:1.920901802856711E-6 
cv162_10977.txt neg neg:0.6468716376897476 pos:0.3531283623102523 
cv211_9955.txt neg neg:0.9972365317090254 pos:0.002763468290974622 
cv935_24977.txt neg neg:0.9999969144662287 pos:3.08553377112878E-6 
cv477_23530.txt neg pos:0.5883716651623913 neg:0.4116283348376087 
cv830_5778.txt neg pos:0.5851865099099999 neg:0.4148134900900002 
cv371_8197.txt neg neg:0.9999999977150766 pos:2.2849233746990587E-9 
cv083_25491.txt neg neg:0.7378944931954085 pos:0.26210550680459166 
cv365_12442.txt neg neg:0.9999995125076161 pos:4.874923839470049E-7 
cv024_7033.txt neg pos:0.679690157422848 neg:0.320309842577152 
cv030_22893.txt neg neg:0.9976306567041836 pos:0.002369343295816396 
cv988_18740.txt pos pos:0.9997086052284928 neg:2.9139477150705415E-4 
cv286_25050.txt pos pos:0.9998468432248072 neg:1.5315677519269695E-4 
cv719_5713.txt pos pos:0.9999999432616514 neg:5.6738348553779216E-8 
cv053_21822.txt pos pos:0.9986437979999738 neg:0.0013562020000262008 
cv071_12095.txt pos pos:0.9977406201166223 neg:0.0022593798833776147 
cv424_8831.txt pos pos:0.9999444977445443 neg:5.5502255455734926E-5 
cv453_10379.txt pos pos:0.9999975819895023 neg:2.4180104977024764E-6 
cv606_15985.txt pos pos:0.9999928024460921 neg:7.197553907930806E-6 
cv599_20988.txt pos pos:0.6361307494706286 neg:0.3638692505293713 
cv315_11629.txt pos pos:0.999991460799226 neg:8.539200774126107E-6 
cv913_29252.txt pos pos:0.9999990401454207 neg:9.598545792578146E-7 
cv455_29000.txt pos pos:0.9999994082439221 neg:5.917560779248144E-7 
cv941_10246.txt pos pos:0.9999926147821382 neg:7.385217861734482E-6 
cv929_16908.txt pos pos:0.9999976725688289 neg:2.327431171271019E-6 
cv210_9312.txt pos neg:0.5700545902723876 pos:0.42994540972761247 
cv267_14952.txt pos pos:0.9992336753631254 neg:7.663246368746538E-4 
cv662_13320.txt pos pos:0.9875390575353684 neg:0.012460942464631619 
cv897_10837.txt pos pos:0.9999897487569638 neg:1.0251243036196839E-5 
cv191_29719.txt pos pos:0.9987019740103594 neg:0.001298025989640593 
cv564_11110.txt pos pos:0.9997569337436112 neg:2.430662563888619E-4 
cv681_9692.txt pos pos:0.9933827378357722 neg:0.006617262164227881 
cv999_13106.txt pos pos:0.9999669716810929 neg:3.302831890718754E-5 
cv384_17140.txt pos pos:0.9910841639221932 neg:0.008915836077806811 
cv153_10779.txt pos pos:0.893929739820968 neg:0.10607026017903204 
cv300_22284.txt pos pos:0.9999986832761889 neg:1.316723810978877E-6 
cv508_16006.txt pos pos:0.9999999942313944 neg:5.768605561068559E-9 
cv310_13091.txt pos pos:0.9999911924350847 neg:8.807564915239633E-6 
cv380_7574.txt pos neg:0.7348579100107044 pos:0.26514208998929545 
cv842_5866.txt pos neg:0.5895007283914596 pos:0.41049927160854044 
cv175_6964.txt pos pos:0.9837063017889823 neg:0.016293698211017598 
cv586_7543.txt pos pos:0.9994901249973471 neg:5.098750026529627E-4 
cv859_14107.txt pos pos:0.8651723145706772 neg:0.1348276854293227 
cv393_29327.txt pos pos:0.9999901980609005 neg:9.80193909951897E-6 
cv114_18398.txt pos pos:0.9872710036278075 neg:0.01272899637219253 
cv066_10821.txt pos pos:0.9888715066130098 neg:0.011128493386990195 
cv657_24513.txt pos pos:0.9999939417107566 neg:6.058289243373596E-6 
cv259_10934.txt pos neg:0.8211943524687522 pos:0.17880564753124775 
cv121_17302.txt pos neg:0.5938664977042257 pos:0.4061335022957743 
cv425_8250.txt pos pos:0.957486857499295 neg:0.04251314250070491 
cv247_13142.txt pos pos:0.9999065047614089 neg:9.349523859110824E-5 
cv617_9322.txt pos pos:0.9676567104518559 neg:0.03234328954814408 
cv773_18817.txt pos pos:0.9919758722516796 neg:0.008024127748320344 
cv857_15958.txt pos pos:0.9339858898330579 neg:0.06601411016694222 
cv919_16380.txt pos pos:0.9999104827802169 neg:8.951721978316707E-5 
cv009_29592.txt pos pos:0.9995008803769767 neg:4.99119623023231E-4 
cv780_7984.txt pos pos:0.9999787777275608 neg:2.122227243906269E-5 
cv405_20399.txt pos pos:0.9819048676172096 neg:0.018095132382790237 
cv980_10953.txt pos pos:0.999644870129658 neg:3.551298703419287E-4 
cv504_29243.txt pos neg:0.5968120785983593 pos:0.4031879214016407 
cv677_17715.txt pos pos:0.9999998730211267 neg:1.2697887318766164E-7 
cv220_29059.txt pos pos:0.9999356010180637 neg:6.439898193639136E-5 
cv181_14401.txt pos pos:0.999999820215424 neg:1.7978457595461115E-7 
cv647_13691.txt pos pos:0.9988485004404741 neg:0.0011514995595258012 
cv762_13927.txt pos pos:0.9995752459707383 neg:4.2475402926169436E-4 
cv270_6079.txt pos pos:0.9264749181573337 neg:0.07352508184266622 
cv472_29280.txt pos pos:0.9999385130020402 neg:6.148699795975472E-5 
cv623_15356.txt pos pos:0.9999990134144209 neg:9.865855791800727E-7 
cv285_16494.txt pos pos:0.9997008785748159 neg:2.9912142518412327E-4 
cv340_13287.txt pos pos:0.9824452328242023 neg:0.017554767175797827 
cv183_18612.txt pos pos:0.837618904232439 neg:0.16238109576756093 
cv413_7398.txt pos pos:0.99981288442086 neg:1.871155791400377E-4 
cv548_17731.txt pos pos:0.9998726953085604 neg:1.2730469143963486E-4 
cv099_10534.txt pos pos:0.8968599786415606 neg:0.10314002135843929 
cv495_14518.txt pos neg:0.9953387604132501 pos:0.004661239586749821 
cv289_6463.txt pos pos:0.7073615101215089 neg:0.2926384898784911 
cv055_8338.txt pos pos:0.994119507484148 neg:0.005880492515851907 
cv402_14425.txt pos pos:0.999995067034197 neg:4.932965803042791E-6 
cv249_11640.txt pos pos:0.5390740111971777 neg:0.4609259888028223 
cv730_10279.txt pos pos:0.9999794675072775 neg:2.0532492722435646E-5 
cv691_5043.txt pos pos:0.9999717490239037 neg:2.8250976096313893E-5 
cv057_7453.txt pos neg:0.7931874061647044 pos:0.20681259383529563 
cv428_11347.txt pos pos:0.9866065895239094 neg:0.013393410476090476 
cv172_11131.txt pos pos:0.9990541754568874 neg:9.458245431126495E-4 
cv047_1754.txt pos pos:0.9999977593829277 neg:2.2406170723480635E-6 
cv592_22315.txt pos pos:0.8673251647375513 neg:0.13267483526244866 
cv631_4967.txt pos pos:0.6762522568246553 neg:0.3237477431753447 
cv120_4111.txt pos pos:0.999178830536562 neg:8.211694634380207E-4 
cv253_10077.txt pos pos:0.9174592086554241 neg:0.08254079134457595 
cv660_21893.txt pos neg:0.9706029638713367 pos:0.02939703612866324 
cv959_14611.txt pos pos:0.9927455791528513 neg:0.007254420847148684 
cv583_29692.txt pos pos:0.9999687800197021 neg:3.121998029781165E-5 
cv658_10532.txt pos pos:0.9999648046249323 neg:3.519537506774376E-5 
cv939_10583.txt pos pos:0.9995408742714055 neg:4.591257285945453E-4 
cv898_14187.txt pos pos:0.9999772201133216 neg:2.277988667838791E-5 
cv154_9328.txt pos neg:0.7749442995668573 pos:0.22505570043314269 
cv558_29507.txt pos pos:0.999685448455468 neg:3.1455154453201756E-4 
cv949_20112.txt pos pos:0.8885889820302512 neg:0.1114110179697489 
cv527_10123.txt pos pos:0.9992348000606199 neg:7.651999393800689E-4 
cv019_14482.txt pos pos:0.612925282134794 neg:0.3870747178652059 
cv046_10188.txt pos pos:0.9993478324677202 neg:6.521675322798558E-4 
cv708_28729.txt pos pos:0.9998140221363339 neg:1.859778636661347E-4 
cv931_17563.txt pos pos:0.9975771263831634 neg:0.00242287361683663 
cv448_14695.txt pos pos:0.9995562643802143 neg:4.4373561978558576E-4 
cv024_6778.txt pos neg:0.999987079245624 pos:1.292075437592839E-5 
cv620_24265.txt pos pos:0.9972239370755192 neg:0.0027760629244809156 
cv984_12767.txt pos pos:0.9931446383054089 neg:0.006855361694591167 
cv325_16629.txt pos pos:0.9999643355463436 neg:3.566445365652088E-5 
cv690_5619.txt pos pos:0.9433536309033173 neg:0.056646369096682726 
cv204_8451.txt pos pos:0.9924242650515418 neg:0.007575734948458284 
cv101_10175.txt pos neg:0.950297397553362 pos:0.049702602446638065 
Trial 0 Trainer MaxEntTrainer,gaussianPriorVariance=1.0 Training Data Confusion Matrix
Confusion Matrix, row=true, column=predicted  accuracy=1.0
  label   0   1  |total
  0 neg 900   .  |900
  1 pos   . 900  |900

Trial 0 Trainer MaxEntTrainer,gaussianPriorVariance=1.0 training data accuracy= 1.0
Trial 0 Trainer MaxEntTrainer,gaussianPriorVariance=1.0 Test Data Confusion Matrix
Confusion Matrix, row=true, column=predicted  accuracy=0.86
  label   0   1  |total
  0 neg  84  16  |100
  1 pos  12  88  |100

Trial 0 Trainer MaxEntTrainer,gaussianPriorVariance=1.0 test data accuracy= 0.86

MaxEntTrainer,gaussianPriorVariance=1.0
Summary. train accuracy mean = 1.0 stddev = 0.0 stderr = 0.0
Summary. test accuracy mean = 0.86 stddev = 0.0 stderr = 0.0
