
-------------------- Trial 0  --------------------

Trial 0 Training NaiveBayesTrainer with 1800 instances
Trial 0 Training NaiveBayesTrainer finished
Trial 0 Trainer NaiveBayesTrainer
 Raw Testing Data
cv443_22367.txt neg neg:1.0 pos:1.2543822228805505E-19 
cv678_14887.txt neg neg:1.0 pos:4.0147138099382506E-23 
cv598_18184.txt neg pos:0.9650039572677501 neg:0.03499604273224994 
cv566_8967.txt neg neg:1.0 pos:9.113638917100386E-97 
cv553_26965.txt neg neg:1.0 pos:5.3615769286088465E-43 
cv700_23163.txt neg pos:1.0 neg:1.2432527968728673E-21 
cv173_4295.txt neg neg:1.0 pos:1.0923947628919419E-43 
cv078_16506.txt neg neg:1.0 pos:1.8786125106524994E-48 
cv945_13012.txt neg neg:1.0 pos:2.4314763405256956E-59 
cv648_17277.txt neg neg:0.9999969085047374 pos:3.0914952625444515E-6 
cv679_28221.txt neg neg:1.0 pos:1.6363013489678938E-39 
cv424_9268.txt neg neg:1.0 pos:6.791488337765157E-60 
cv891_6035.txt neg pos:1.0 neg:3.205638055636159E-32 
cv089_12222.txt neg neg:0.9999999994578723 pos:5.421275798939163E-10 
cv466_20092.txt neg pos:1.0 neg:3.304196008262883E-45 
cv084_15183.txt neg neg:1.0 pos:1.1145954656627335E-60 
cv910_21930.txt neg neg:1.0 pos:2.4509582628496444E-69 
cv061_9321.txt neg neg:1.0 pos:6.676393624047912E-79 
cv467_26610.txt neg pos:1.0 neg:2.7228014027565145E-23 
cv339_22452.txt neg neg:1.0 pos:5.401318467096051E-27 
cv579_12542.txt neg neg:1.0 pos:1.1983569588075542E-108 
cv511_10360.txt neg neg:1.0 pos:1.772341771289221E-87 
cv652_15653.txt neg neg:1.0 pos:3.320126623908044E-25 
cv199_9721.txt neg neg:0.999999998601202 pos:1.3987979841709065E-9 
cv468_16844.txt neg neg:1.0 pos:1.1640811403713107E-71 
cv522_5418.txt neg neg:1.0 pos:1.2289643056991227E-30 
cv385_29621.txt neg neg:1.0 pos:4.112937409520659E-45 
cv296_13146.txt neg neg:1.0 pos:1.950352491333028E-44 
cv558_29376.txt neg pos:0.9999999999998441 neg:1.5590261618286713E-13 
cv097_26081.txt neg pos:0.9831896891290199 neg:0.016810310870980016 
cv708_28539.txt neg pos:0.9999999999997669 neg:2.3319618413604747E-13 
cv975_11920.txt neg neg:1.0 pos:1.4496569460803727E-23 
cv101_10537.txt neg neg:1.0 pos:5.921219082110021E-79 
cv536_27221.txt neg neg:1.0 pos:3.250982570813804E-23 
cv861_12809.txt neg neg:1.0 pos:6.723526308447624E-36 
cv968_25413.txt neg neg:1.0 pos:2.498627330737321E-32 
cv721_28993.txt neg neg:1.0 pos:3.3518138080326256E-33 
cv302_26481.txt neg neg:1.0 pos:1.4528652790692896E-105 
cv144_5010.txt neg neg:1.0 pos:5.4882980676159904E-43 
cv459_21834.txt neg neg:1.0 pos:7.303104265459552E-64 
cv088_25274.txt neg neg:1.0 pos:2.0595278740168982E-29 
cv954_19932.txt neg pos:0.7336609095032358 neg:0.26633909049676424 
cv816_15257.txt neg neg:1.0 pos:2.0771675264827653E-43 
cv375_9932.txt neg neg:1.0 pos:7.414949176516321E-29 
cv152_9052.txt neg neg:1.0 pos:1.5376281818612281E-58 
cv851_21895.txt neg pos:1.0 neg:1.0756777769546409E-17 
cv774_15488.txt neg neg:1.0 pos:1.172911444953366E-29 
cv867_18362.txt neg pos:1.0 neg:2.2850783398231506E-30 
cv005_29357.txt neg neg:1.0 pos:2.579310503457601E-30 
cv236_12427.txt neg neg:1.0 pos:3.5067404313015595E-45 
cv130_18521.txt neg neg:1.0 pos:2.1839484180570427E-32 
cv399_28593.txt neg neg:1.0 pos:1.0089595020639202E-59 
cv526_12868.txt neg neg:1.0 pos:6.971985155000994E-154 
cv052_29318.txt neg neg:1.0 pos:5.328742016157798E-35 
cv762_15604.txt neg neg:0.9999999999999962 pos:3.876824001388439E-15 
cv618_9469.txt neg neg:1.0 pos:2.4834743774571346E-42 
cv699_7773.txt neg neg:1.0 pos:4.2181614181820816E-55 
cv312_29308.txt neg neg:1.0 pos:6.136728845789087E-61 
cv140_7963.txt neg neg:1.0 pos:1.8567105361838382E-122 
cv549_22771.txt neg neg:1.0 pos:7.385600225785418E-20 
cv092_27987.txt neg neg:1.0 pos:3.6505744999086476E-31 
cv038_9781.txt neg neg:1.0 pos:1.195359347822616E-52 
cv911_21695.txt neg neg:1.0 pos:1.697405426681514E-125 
cv073_23039.txt neg neg:1.0 pos:4.578995281089541E-63 
cv961_5578.txt neg neg:1.0 pos:2.2311196069403175E-21 
cv981_16679.txt neg neg:1.0 pos:5.965156809717831E-42 
cv277_20467.txt neg neg:1.0 pos:1.5991056704989348E-22 
cv818_10698.txt neg neg:1.0 pos:1.833243643095961E-17 
cv013_10494.txt neg neg:1.0 pos:3.1580409717046565E-93 
cv164_23451.txt neg neg:1.0 pos:1.0803870288853355E-36 
cv644_18551.txt neg neg:1.0 pos:5.834100818159361E-43 
cv316_5972.txt neg neg:0.9999999999868086 pos:1.3191556923270199E-11 
cv682_17947.txt neg pos:0.9981008502947225 neg:0.0018991497052776325 
cv924_29397.txt neg neg:1.0 pos:1.2956001286120998E-31 
cv102_8306.txt neg neg:0.9987121102289193 pos:0.001287889771080805 
cv170_29808.txt neg neg:1.0 pos:7.684522582109092E-26 
cv562_10847.txt neg neg:1.0 pos:4.43771745394195E-63 
cv545_12848.txt neg pos:0.9999999999735951 neg:2.640477957857116E-11 
cv908_17779.txt neg neg:0.999999999301957 pos:6.980430407198626E-10 
cv075_6250.txt neg pos:1.0 neg:4.066784153406669E-27 
cv271_15364.txt neg neg:1.0 pos:3.6300809641535566E-48 
cv269_23018.txt neg neg:1.0 pos:3.888040920060437E-96 
cv835_20531.txt neg pos:0.9999999972321176 neg:2.7678824446785305E-9 
cv099_11189.txt neg neg:0.9999999998594162 pos:1.4058374524476877E-10 
cv111_12253.txt neg neg:1.0 pos:2.2533506952332377E-84 
cv940_18935.txt neg neg:1.0 pos:2.4118678997528917E-22 
cv689_13701.txt neg neg:1.0 pos:1.1938651021601135E-47 
cv223_28923.txt neg pos:0.9999999998256077 neg:1.743923206117267E-10 
cv378_21982.txt neg neg:1.0 pos:4.3284451761652463E-51 
cv040_8829.txt neg neg:0.9977318413202628 pos:0.002268158679737023 
cv779_18989.txt neg neg:0.9948888207386001 pos:0.005111179261399957 
cv325_18330.txt neg neg:1.0 pos:6.990664518131344E-55 
cv488_21453.txt neg neg:1.0 pos:6.279598406994943E-39 
cv430_18662.txt neg neg:1.0 pos:1.2599615981217324E-30 
cv181_16083.txt neg neg:1.0 pos:7.281208016712475E-23 
cv231_11028.txt neg neg:1.0 pos:1.2301801963475999E-111 
cv764_12701.txt neg neg:0.9999999999999996 pos:4.0425743293968534E-16 
cv643_29282.txt neg neg:1.0 pos:3.3670792822504548E-77 
cv819_9567.txt neg neg:1.0 pos:2.723783125841357E-49 
cv076_26009.txt neg pos:0.9999884984293969 neg:1.1501570603093184E-5 
cv574_22156.txt pos neg:1.0 pos:3.6072713296331613E-37 
cv531_26486.txt pos pos:1.0 neg:1.32708485321805E-33 
cv736_23670.txt pos pos:1.0 neg:6.423060954297169E-79 
cv059_28885.txt pos pos:1.0 neg:1.727246197191232E-107 
cv872_12591.txt pos pos:1.0 neg:2.421990524119545E-80 
cv729_10154.txt pos pos:1.0 neg:4.252472966941225E-116 
cv223_29066.txt pos neg:0.999999334411346 pos:6.655886539830965E-7 
cv830_6014.txt pos pos:1.0 neg:2.4862671566863274E-53 
cv049_20471.txt pos neg:1.0 pos:2.3264150838032682E-23 
cv067_19774.txt pos pos:1.0 neg:1.408340691106484E-25 
cv333_8916.txt pos pos:1.0 neg:2.2999507848728594E-61 
cv129_16741.txt pos pos:1.0 neg:3.3563598005684186E-109 
cv159_29505.txt pos pos:1.0 neg:3.9640850559684E-43 
cv150_12916.txt pos pos:1.0 neg:2.0992361649850946E-40 
cv481_7436.txt pos pos:1.0 neg:1.8957028514106702E-59 
cv324_7082.txt pos pos:0.9999999999994791 neg:5.208674297548117E-13 
cv063_28997.txt pos pos:1.0 neg:2.9641429137524418E-40 
cv503_10558.txt pos pos:1.0 neg:3.986370464220114E-64 
cv483_16378.txt pos pos:1.0 neg:7.402892494407308E-48 
cv964_6021.txt pos neg:1.0 pos:1.9200675834837808E-54 
cv808_12635.txt pos pos:1.0 neg:1.1859910248359946E-65 
cv811_21386.txt pos pos:1.0 neg:1.7469611028492217E-22 
cv378_20629.txt pos pos:1.0 neg:4.289771383845449E-58 
cv376_19435.txt pos pos:1.0 neg:2.239568047589155E-22 
cv566_8581.txt pos pos:1.0 neg:7.082611948827977E-106 
cv360_8398.txt pos pos:1.0 neg:3.0816742604383464E-37 
cv185_28654.txt pos neg:1.0 pos:4.651509417651767E-68 
cv020_8825.txt pos pos:1.0 neg:6.483695240021248E-18 
cv166_11052.txt pos pos:1.0 neg:1.6776124574559235E-108 
cv806_8842.txt pos pos:0.9999999999999871 neg:1.2798905650621636E-14 
cv788_25272.txt pos pos:0.9999972942079652 neg:2.7057920347750086E-6 
cv628_19325.txt pos pos:1.0 neg:1.2046655388047878E-29 
cv344_5312.txt pos pos:0.999902727166518 neg:9.727283348203582E-5 
cv722_7110.txt pos neg:1.0 pos:5.190586773098705E-22 
cv515_17069.txt pos pos:1.0 neg:1.8721854642960917E-108 
cv137_15422.txt pos pos:0.9999995892340048 neg:4.1076599524759556E-7 
cv170_3006.txt pos neg:1.0 pos:4.634207612851387E-25 
cv422_9381.txt pos pos:1.0 neg:6.175362213937224E-62 
cv421_9709.txt pos pos:0.999999999999998 neg:2.008829484313601E-15 
cv033_24444.txt pos pos:1.0 neg:1.131768128535598E-57 
cv698_15253.txt pos pos:1.0 neg:1.9215306664048393E-79 
cv293_29856.txt pos pos:0.9999999999780906 neg:2.190944432336719E-11 
cv958_12162.txt pos pos:1.0 neg:2.8118089229679235E-150 
cv492_18271.txt pos pos:1.0 neg:8.484557477432251E-30 
cv411_15007.txt pos pos:1.0 neg:2.272930689650375E-168 
cv902_12256.txt pos pos:1.0 neg:2.8607400727108676E-103 
cv073_21785.txt pos neg:0.9997192670241296 pos:2.8073297587029766E-4 
cv689_12587.txt pos pos:1.0 neg:1.0097142747187545E-64 
cv873_18636.txt pos pos:1.0 neg:3.362847179050162E-23 
cv161_11425.txt pos pos:1.0 neg:1.293047549860325E-37 
cv886_18177.txt pos neg:0.9999999999999996 pos:5.352540707984754E-16 
cv888_24435.txt pos pos:1.0 neg:2.0374992868179194E-106 
cv554_13151.txt pos pos:1.0 neg:1.048528672232269E-74 
cv766_7540.txt pos pos:1.0 neg:2.7452162240921434E-40 
cv075_6500.txt pos neg:0.9999999999834999 pos:1.6500197263761662E-11 
cv646_15065.txt pos neg:0.9999999987950947 pos:1.204905361442922E-9 
cv227_24215.txt pos pos:1.0 neg:4.403107739119272E-33 
cv663_13019.txt pos pos:1.0 neg:4.7191147423870164E-181 
cv339_21119.txt pos pos:0.9999999997732341 neg:2.2676600320904478E-10 
cv229_13611.txt pos pos:1.0 neg:1.2776404619875953E-26 
cv878_15694.txt pos neg:0.9999998855626884 pos:1.144373116013017E-7 
cv956_11609.txt pos pos:1.0 neg:1.1970976118396597E-53 
cv743_15449.txt pos pos:1.0 neg:3.7890829383319195E-35 
cv970_18450.txt pos pos:1.0 neg:9.49534927070038E-98 
cv334_10001.txt pos neg:1.0 pos:8.797126589527549E-65 
cv347_13194.txt pos pos:1.0 neg:6.895005732962906E-29 
cv122_7392.txt pos pos:1.0 neg:5.151048705573506E-117 
cv214_12294.txt pos neg:0.999999079110238 pos:9.20889761876846E-7 
cv648_15792.txt pos neg:1.0 pos:4.262082898847754E-28 
cv846_29497.txt pos neg:0.6278010877542607 pos:0.3721989122457393 
cv532_6522.txt pos pos:1.0 neg:5.432587577042464E-34 
cv768_11751.txt pos pos:0.999999999894907 neg:1.0509313546479524E-10 
cv760_8597.txt pos pos:1.0 neg:1.6441055941604668E-41 
cv512_15965.txt pos pos:1.0 neg:5.1530837139853295E-117 
cv969_13250.txt pos pos:1.0 neg:7.686089616830071E-31 
cv237_19221.txt pos neg:0.9999999830407856 pos:1.6959214444059857E-8 
cv903_17822.txt pos pos:1.0 neg:2.3507865946709146E-40 
cv205_9457.txt pos pos:1.0 neg:8.746610063710777E-95 
cv178_12972.txt pos pos:1.0 neg:9.32425795433537E-44 
cv705_11059.txt pos pos:0.9999999999939533 neg:6.046694776786407E-12 
cv193_5416.txt pos pos:0.9999999999999998 neg:1.1780162363034155E-16 
cv851_20469.txt pos pos:1.0 neg:5.355169080372833E-41 
cv519_14661.txt pos pos:1.0 neg:4.938294412097444E-56 
cv388_12009.txt pos pos:1.0 neg:4.324676107521683E-83 
cv741_11890.txt pos pos:1.0 neg:2.605310595948771E-58 
cv385_29741.txt pos pos:1.0 neg:8.838672596617911E-24 
cv345_9954.txt pos pos:1.0 neg:5.571577574590382E-83 
cv853_29233.txt pos neg:1.0 pos:3.6241628770941435E-37 
cv796_15782.txt pos pos:1.0 neg:2.01848246759521E-73 
cv992_11962.txt pos neg:1.0 pos:3.1043161571733643E-37 
cv264_12801.txt pos pos:1.0 neg:1.6043129847928902E-41 
cv420_28795.txt pos pos:0.9999884469016438 neg:1.1553098356158949E-5 
cv186_2269.txt pos pos:0.9999972712469697 neg:2.72875303042185E-6 
cv565_29572.txt pos pos:1.0 neg:1.0089862460287193E-38 
cv423_11155.txt pos pos:1.0 neg:9.802777398808455E-56 
cv215_22240.txt pos pos:1.0 neg:1.2582022391258254E-37 
cv682_16139.txt pos pos:1.0 neg:1.4273746819371843E-98 
cv331_8273.txt pos pos:1.0 neg:8.955056750408272E-94 
cv775_16237.txt pos neg:0.999999999890941 pos:1.0905909309912671E-10 
cv008_29435.txt pos pos:1.0 neg:2.069108158550941E-59 
Trial 0 Trainer NaiveBayesTrainer Training Data Confusion Matrix
Confusion Matrix, row=true, column=predicted  accuracy=0.9877777777777778
  label   0   1  |total
  0 neg 895   5  |900
  1 pos  17 883  |900

Trial 0 Trainer NaiveBayesTrainer training data accuracy= 0.9877777777777778
Trial 0 Trainer NaiveBayesTrainer Test Data Confusion Matrix
Confusion Matrix, row=true, column=predicted  accuracy=0.815
  label   0   1  |total
  0 neg  83  17  |100
  1 pos  20  80  |100

Trial 0 Trainer NaiveBayesTrainer test data accuracy= 0.815

NaiveBayesTrainer
Summary. train accuracy mean = 0.9877777777777778 stddev = 0.0 stderr = 0.0
Summary. test accuracy mean = 0.815 stddev = 0.0 stderr = 0.0
