
-------------------- Trial 0  --------------------

Trial 0 Training NaiveBayesTrainer with 1800 instances
Trial 0 Training NaiveBayesTrainer finished
Trial 0 Trainer NaiveBayesTrainer
 Raw Testing Data
cv559_0057.txt neg neg:0.9999999644952319 pos:3.550476810308367E-8 
cv260_15652.txt neg neg:1.0 pos:1.35404720191505E-34 
cv362_16985.txt neg neg:1.0 pos:5.63015975731774E-44 
cv426_10976.txt neg neg:1.0 pos:2.991443454481549E-88 
cv071_12969.txt neg neg:1.0 pos:2.3419732509994294E-36 
cv049_21917.txt neg neg:1.0 pos:7.369666761833974E-35 
cv746_10471.txt neg pos:1.0 neg:2.3691251694773544E-98 
cv790_16202.txt neg neg:1.0 pos:1.526792438105577E-29 
cv402_16097.txt neg neg:1.0 pos:1.6615639847146495E-19 
cv501_12675.txt neg neg:1.0 pos:1.0301054319390719E-63 
cv171_15164.txt neg pos:0.9999999999999789 neg:2.1180386063547054E-14 
cv650_15974.txt neg neg:1.0 pos:3.012307793284167E-26 
cv881_14767.txt neg neg:1.0 pos:3.8753098366822254E-19 
cv188_20687.txt neg neg:1.0 pos:1.3229880723830639E-51 
cv374_26455.txt neg neg:0.9999998909352886 pos:1.09064711466326E-7 
cv853_29119.txt neg neg:1.0 pos:2.4751000550220497E-57 
cv090_0049.txt neg pos:1.0 neg:1.2384845280284075E-34 
cv267_16618.txt neg pos:1.0 neg:7.935187974448896E-19 
cv163_10110.txt neg neg:1.0 pos:9.22324290902125E-78 
cv008_29326.txt neg pos:1.0 neg:2.1999958347891722E-43 
cv415_23674.txt neg neg:1.0 pos:8.25137596494777E-87 
cv686_15553.txt neg pos:1.0 neg:5.815008575010794E-26 
cv299_17950.txt neg neg:1.0 pos:4.0633460842309046E-43 
cv190_27176.txt neg neg:1.0 pos:1.2237946482300262E-59 
cv745_14009.txt neg neg:1.0 pos:1.665716016189679E-79 
cv000_29416.txt neg neg:1.0 pos:1.3422140312084808E-34 
cv899_17812.txt neg neg:0.9999999829777714 pos:1.7022228694661267E-8 
cv238_14285.txt neg neg:0.9999999975723337 pos:2.4276663110724836E-9 
cv849_17215.txt neg neg:1.0 pos:8.039828272093416E-75 
cv624_11601.txt neg neg:1.0 pos:4.644578779800225E-52 
cv039_5963.txt neg neg:0.9999999994808939 pos:5.191059959712196E-10 
cv345_9966.txt neg neg:1.0 pos:6.568430665214361E-84 
cv820_24157.txt neg neg:1.0 pos:1.4939445845535066E-80 
cv463_10846.txt neg neg:1.0 pos:9.630431168332063E-50 
cv496_11185.txt neg neg:1.0 pos:2.666454399455649E-53 
cv091_7899.txt neg pos:1.0 neg:2.205809317663282E-26 
cv279_19452.txt neg neg:0.9999999995068352 pos:4.931649167927962E-10 
cv955_26154.txt neg neg:1.0 pos:4.1217006658170534E-29 
cv418_16562.txt neg neg:1.0 pos:4.2673577668045655E-68 
cv710_23745.txt neg neg:1.0 pos:5.089594411826701E-31 
cv001_19502.txt neg neg:1.0 pos:8.617297526675919E-21 
cv959_16218.txt neg neg:1.0 pos:1.8808424685233126E-75 
cv978_22192.txt neg pos:1.0 neg:5.182392300471896E-46 
cv525_17930.txt neg neg:1.0 pos:5.468409876852475E-50 
cv380_8164.txt neg neg:1.0 pos:4.209135335466979E-81 
cv252_24974.txt neg neg:1.0 pos:2.618649758371604E-77 
cv620_2556.txt neg neg:1.0 pos:9.856387469322443E-54 
cv494_18689.txt neg neg:1.0 pos:5.821373095680307E-60 
cv669_24318.txt neg neg:1.0 pos:1.0169044959604867E-119 
cv773_20264.txt neg neg:1.0 pos:9.374640547456016E-85 
cv305_9937.txt neg pos:1.0 neg:7.2505761417833935E-19 
cv121_18621.txt neg neg:1.0 pos:2.81053402716761E-24 
cv619_13677.txt neg neg:1.0 pos:5.559380457540542E-106 
cv360_8927.txt neg neg:1.0 pos:4.731755511043368E-44 
cv028_26964.txt neg neg:1.0 pos:7.43520822873175E-41 
cv964_5794.txt neg neg:1.0 pos:4.0368791053811087E-17 
cv169_24973.txt neg neg:1.0 pos:4.174562831000498E-41 
cv661_25780.txt neg neg:1.0 pos:1.664402107709515E-52 
cv148_18084.txt neg neg:1.0 pos:3.2199502631953304E-71 
cv916_17034.txt neg neg:1.0 pos:2.1033703252752807E-65 
cv646_16817.txt neg pos:1.0 neg:1.6875447165924771E-53 
cv393_29234.txt neg neg:0.9999999999999913 pos:8.604818358644831E-15 
cv560_18608.txt neg neg:1.0 pos:9.849535595447449E-64 
cv957_9059.txt neg neg:1.0 pos:2.9977624625997643E-25 
cv696_29619.txt neg pos:1.0 neg:6.502253719717791E-22 
cv497_27086.txt neg pos:1.0 neg:1.5372382873950827E-36 
cv454_21961.txt neg pos:1.0 neg:2.6551310861169137E-24 
cv224_18875.txt neg neg:1.0 pos:1.517035412503621E-58 
cv218_25651.txt neg neg:1.0 pos:7.053809651405219E-46 
cv031_19540.txt neg neg:1.0 pos:1.034756965559185E-89 
cv132_5423.txt neg neg:1.0 pos:1.9842778509529433E-38 
cv707_11421.txt neg neg:1.0 pos:1.732875929112035E-36 
cv947_11316.txt neg neg:0.9998673746191625 pos:1.326253808374674E-4 
cv538_28485.txt neg neg:1.0 pos:6.925396778968705E-25 
cv486_9788.txt neg neg:1.0 pos:1.1963672513165787E-62 
cv728_17931.txt neg neg:0.9999999999999962 pos:3.733249302148244E-15 
cv883_27621.txt neg neg:1.0 pos:1.8786800916753323E-121 
cv886_19210.txt neg neg:1.0 pos:3.3179804352676354E-48 
cv750_10606.txt neg neg:0.9999959758487981 pos:4.0241512019806345E-6 
cv355_18174.txt neg neg:1.0 pos:8.576417223874794E-42 
cv884_15230.txt neg neg:1.0 pos:1.405049951105366E-28 
cv887_5306.txt neg neg:0.999999999999998 pos:1.9908255374742737E-15 
cv103_11943.txt neg neg:1.0 pos:1.8879754078710533E-76 
cv641_13412.txt neg neg:1.0 pos:5.940226028374196E-165 
cv890_3515.txt neg neg:1.0 pos:1.0843047729623649E-22 
cv709_11173.txt neg neg:1.0 pos:1.2672079650479397E-60 
cv547_18043.txt neg neg:0.9999999999999973 pos:2.7616739679126763E-15 
cv480_21195.txt neg pos:1.0 neg:6.504809349825452E-30 
cv333_9443.txt neg pos:1.0 neg:2.7564251305806355E-49 
cv119_9909.txt neg neg:1.0 pos:3.3389755953849268E-34 
cv811_22646.txt neg neg:1.0 pos:2.131976450619247E-61 
cv611_2253.txt neg neg:0.9999999999999294 pos:7.063979900930308E-14 
cv569_26750.txt neg pos:0.9999999999972762 neg:2.7239074632245767E-12 
cv304_28489.txt neg neg:1.0 pos:1.1343570869725611E-83 
cv722_7571.txt neg neg:1.0 pos:3.0520620757748316E-21 
cv805_21128.txt neg neg:0.9999998996882472 pos:1.0031175275109287E-7 
cv161_12224.txt neg neg:1.0 pos:7.428323674518155E-41 
cv901_11934.txt neg pos:0.999975766304223 neg:2.4233695776969093E-5 
cv584_29549.txt neg neg:1.0 pos:4.3281908568561266E-48 
cv093_15606.txt neg neg:0.9999999999999845 pos:1.5552605036292188E-14 
cv236_11565.txt pos neg:1.0 pos:6.136412317677635E-22 
cv313_18198.txt pos pos:1.0 neg:2.6528896541290144E-96 
cv911_20260.txt pos neg:1.0 pos:8.439687990115204E-35 
cv148_16345.txt pos pos:1.0 neg:1.2322827653294268E-29 
cv912_5674.txt pos pos:0.9999999999999958 neg:4.2539006157627755E-15 
cv396_17989.txt pos neg:1.0 pos:1.5345872003110422E-17 
cv840_16321.txt pos pos:1.0 neg:5.194857847474052E-26 
cv930_13475.txt pos pos:1.0 neg:9.130717271023318E-66 
cv341_24430.txt pos pos:1.0 neg:2.119970534195738E-121 
cv452_5088.txt pos pos:0.9999999999995013 neg:4.987977327364412E-13 
cv965_26071.txt pos neg:0.999810369872304 pos:1.8963012769600604E-4 
cv509_15888.txt pos pos:0.9999999999999962 neg:3.742606220387935E-15 
cv451_10690.txt pos pos:0.9999999999991693 neg:8.306377829140802E-13 
cv672_28083.txt pos pos:1.0 neg:4.374356563717915E-55 
cv460_10842.txt pos neg:1.0 pos:1.0624236878517406E-58 
cv363_29332.txt pos pos:0.9999999936391211 neg:6.360878861182583E-9 
cv135_11603.txt pos pos:0.9999817167663895 neg:1.8283233610543505E-5 
cv720_5389.txt pos neg:1.0 pos:2.2037609899545783E-22 
cv887_5126.txt pos pos:1.0 neg:2.0034599014636343E-59 
cv080_13465.txt pos pos:0.9944373751062734 neg:0.005562624893726612 
cv471_16858.txt pos pos:1.0 neg:4.434534405498344E-36 
cv354_8132.txt pos neg:1.0 pos:1.773603892891363E-41 
cv523_16615.txt pos pos:1.0 neg:2.8573855595917364E-116 
cv021_15838.txt pos pos:0.999995487608046 neg:4.512391953956126E-6 
cv625_12440.txt pos pos:1.0 neg:8.65946657521762E-30 
cv789_12136.txt pos neg:1.0 pos:1.956059086503346E-49 
cv706_24716.txt pos pos:1.0 neg:1.5138839192729204E-95 
cv213_18934.txt pos pos:0.9995193942575903 neg:4.806057424096036E-4 
cv506_15956.txt pos pos:1.0 neg:2.0824108371979158E-104 
cv638_2953.txt pos pos:1.0 neg:5.014533551773848E-126 
cv230_7428.txt pos neg:1.0 pos:4.855341185833624E-25 
cv639_10308.txt pos pos:1.0 neg:4.099378230472826E-25 
cv226_2618.txt pos neg:0.9933792070935231 pos:0.006620792906476893 
cv946_18658.txt pos pos:1.0 neg:4.758041227820058E-261 
cv374_25436.txt pos neg:0.9999999999998068 pos:1.9324484343645804E-13 
cv013_10159.txt pos pos:1.0 neg:1.4749012268519727E-50 
cv831_14689.txt pos neg:1.0 pos:4.640720941368398E-23 
cv266_25779.txt pos pos:0.999999999999929 neg:7.106534315977082E-14 
cv687_21100.txt pos pos:1.0 neg:4.972834419013898E-56 
cv979_18921.txt pos pos:1.0 neg:6.225971177506046E-27 
cv180_16113.txt pos pos:0.9999997510260685 neg:2.4897393147098135E-7 
cv686_13900.txt pos pos:0.9539791647988184 neg:0.0460208352011816 
cv498_8832.txt pos pos:0.9999999931000829 neg:6.899917083520543E-9 
cv174_9659.txt pos pos:1.0 neg:1.3240330272115372E-24 
cv961_5682.txt pos pos:1.0 neg:3.2713805378147517E-56 
cv275_28887.txt pos pos:1.0 neg:1.6121421546857232E-57 
cv728_16133.txt pos pos:1.0 neg:1.8057716890665613E-60 
cv431_7085.txt pos pos:1.0 neg:3.7102779895988025E-22 
cv060_10844.txt pos pos:1.0 neg:6.094036363195752E-34 
cv320_9530.txt pos pos:1.0 neg:5.1201776965091255E-141 
cv630_10057.txt pos pos:1.0 neg:2.1509138833943455E-32 
cv197_29328.txt pos pos:1.0 neg:1.2199225700825648E-34 
cv105_17990.txt pos pos:1.0 neg:9.72758515699501E-100 
cv793_13650.txt pos pos:1.0 neg:6.472081771484495E-27 
cv029_18643.txt pos pos:1.0 neg:1.0313525536353237E-65 
cv778_17330.txt pos pos:1.0 neg:6.419725245618195E-95 
cv737_28907.txt pos pos:1.0 neg:2.8375954029857096E-82 
cv499_10658.txt pos pos:1.0 neg:4.997498827562012E-65 
cv612_5461.txt pos pos:1.0 neg:2.2493685482396247E-83 
cv721_29121.txt pos pos:1.0 neg:1.126526978978806E-37 
cv088_24113.txt pos pos:1.0 neg:2.3230360164303906E-40 
cv014_13924.txt pos pos:1.0 neg:1.7072851543392103E-31 
cv456_18985.txt pos pos:1.0 neg:5.749921615744324E-65 
cv058_8025.txt pos pos:0.9994341682565689 neg:5.65831743431105E-4 
cv875_5754.txt pos pos:1.0 neg:4.6072322725388416E-24 
cv850_16466.txt pos pos:0.9999460136009296 neg:5.398639907031814E-5 
cv188_19226.txt pos neg:1.0 pos:3.4455987994325403E-25 
cv466_18722.txt pos pos:1.0 neg:1.4991450896804746E-55 
cv042_10982.txt pos pos:1.0 neg:3.0599951092439873E-93 
cv654_18246.txt pos pos:1.0 neg:9.825867726339285E-42 
cv208_9020.txt pos neg:1.0 pos:6.279767143271555E-51 
cv568_15638.txt pos pos:1.0 neg:3.003628367250611E-30 
cv769_8123.txt pos pos:1.0 neg:1.2855776535602966E-29 
cv854_17740.txt pos neg:1.0 pos:2.0260194526901893E-21 
cv575_21150.txt pos neg:0.9999972258062849 pos:2.774193715097932E-6 
cv224_17661.txt pos pos:1.0 neg:3.00809762793612E-86 
cv985_6359.txt pos pos:1.0 neg:2.560588912694501E-61 
cv383_13116.txt pos neg:0.9999999999762288 pos:2.3771239683087763E-11 
cv336_10143.txt pos pos:0.999869395915008 neg:1.3060408499197088E-4 
cv707_10678.txt pos pos:0.9999919307187898 neg:8.069281210149676E-6 
cv759_13522.txt pos pos:1.0 neg:2.5288662866036093E-24 
cv539_20347.txt pos neg:0.9999926580562336 pos:7.3419437663627636E-6 
cv975_10981.txt pos pos:1.0 neg:7.889856773435303E-110 
cv034_29647.txt pos pos:0.9999987148060628 neg:1.2851939370296507E-6 
cv844_12690.txt pos pos:1.0 neg:4.301336928912544E-59 
cv893_26269.txt pos neg:1.0 pos:3.841074328493942E-52 
cv595_25335.txt pos neg:0.977632274619388 pos:0.02236772538061204 
cv712_22920.txt pos neg:1.0 pos:1.7097134722284682E-22 
cv390_11345.txt pos pos:1.0 neg:7.209336908643891E-27 
cv765_19037.txt pos pos:1.0 neg:9.182720201908526E-75 
cv023_12672.txt pos pos:1.0 neg:1.1968015617551822E-53 
cv797_6957.txt pos neg:0.9999999999999984 pos:1.5330965733019683E-15 
cv997_5046.txt pos pos:1.0 neg:1.6659111307413537E-95 
cv301_12146.txt pos pos:1.0 neg:3.619059431098874E-35 
cv603_17694.txt pos neg:1.0 pos:1.5219836919175494E-94 
cv989_15824.txt pos pos:0.9547880308816663 neg:0.045211969118333764 
cv571_29366.txt pos pos:1.0 neg:7.005315308161058E-95 
cv927_10681.txt pos pos:1.0 neg:3.6651761333137196E-96 
cv962_9803.txt pos pos:1.0 neg:4.780238218865038E-40 
cv541_28835.txt pos neg:0.9998512509315958 pos:1.4874906840422791E-4 
Trial 0 Trainer NaiveBayesTrainer Training Data Confusion Matrix
Confusion Matrix, row=true, column=predicted  accuracy=0.9872222222222222
  label   0   1  |total
  0 neg 897   3  |900
  1 pos  20 880  |900

Trial 0 Trainer NaiveBayesTrainer training data accuracy= 0.9872222222222222
Trial 0 Trainer NaiveBayesTrainer Test Data Confusion Matrix
Confusion Matrix, row=true, column=predicted  accuracy=0.795
  label   0   1  |total
  0 neg  83  17  |100
  1 pos  24  76  |100

Trial 0 Trainer NaiveBayesTrainer test data accuracy= 0.795

NaiveBayesTrainer
Summary. train accuracy mean = 0.9872222222222222 stddev = 0.0 stderr = 0.0
Summary. test accuracy mean = 0.795 stddev = 0.0 stderr = 0.0
