
-------------------- Trial 0  --------------------

Trial 0 Training NaiveBayesTrainer with 1800 instances
Trial 0 Training NaiveBayesTrainer finished
Trial 0 Trainer NaiveBayesTrainer
 Raw Testing Data
cv295_17060.txt neg neg:1.0 pos:7.697252416784985E-41 
cv010_29063.txt neg pos:1.0 neg:1.2466625609425492E-47 
cv581_20790.txt neg neg:1.0 pos:3.4857987818104145E-70 
cv683_13047.txt neg neg:1.0 pos:1.724969988441718E-18 
cv137_17020.txt neg neg:1.0 pos:1.3773811544859758E-52 
cv687_22207.txt neg neg:1.0 pos:3.6602900203799116E-38 
cv719_5581.txt neg neg:1.0 pos:2.9541550827114516E-37 
cv396_19127.txt neg neg:1.0 pos:5.667783103954207E-27 
cv733_9891.txt neg neg:1.0 pos:1.096348832073055E-25 
cv664_4264.txt neg neg:1.0 pos:5.248299838866148E-48 
cv166_11959.txt neg neg:1.0 pos:4.1494415333839986E-83 
cv282_6833.txt neg neg:0.9999999999977081 pos:2.2919427693919073E-12 
cv065_16909.txt neg neg:1.0 pos:9.84358726813024E-73 
cv516_12117.txt neg pos:0.9993938031999096 neg:6.061968000905266E-4 
cv577_28220.txt neg neg:1.0 pos:1.5626446747240474E-44 
cv098_17021.txt neg neg:0.9928457720514181 pos:0.007154227948581831 
cv812_19051.txt neg neg:1.0 pos:3.494317956011857E-58 
cv085_15286.txt neg neg:1.0 pos:5.924399193936188E-55 
cv043_16808.txt neg neg:1.0 pos:6.322398917212288E-52 
cv715_19246.txt neg neg:1.0 pos:1.0654275670198726E-22 
cv594_11945.txt neg neg:1.0 pos:1.9687537903419667E-30 
cv100_12406.txt neg neg:1.0 pos:4.321387631141777E-63 
cv930_14949.txt neg neg:1.0 pos:2.484778335231238E-40 
cv348_19207.txt neg neg:1.0 pos:1.13032669099147E-53 
cv691_5090.txt neg neg:1.0 pos:4.1514189762784896E-82 
cv315_12638.txt neg neg:1.0 pos:1.2284444833733017E-47 
cv729_10475.txt neg neg:1.0 pos:2.0681208142964953E-74 
cv529_10972.txt neg pos:1.0 neg:1.8607079877159333E-66 
cv452_5179.txt neg neg:1.0 pos:3.2172859857960066E-20 
cv445_26683.txt neg neg:1.0 pos:7.4291154299613E-18 
cv487_11058.txt neg pos:1.0 neg:1.0339339533166394E-18 
cv340_14776.txt neg pos:0.8083762988818466 neg:0.19162370111815344 
cv903_18981.txt neg neg:0.9925124275601234 pos:0.0074875724398767605 
cv680_10533.txt neg neg:1.0 pos:1.6785097513284053E-58 
cv998_15691.txt neg neg:1.0 pos:3.456006504367102E-22 
cv268_20288.txt neg neg:1.0 pos:5.0512531417573436E-54 
cv825_5168.txt neg neg:1.0 pos:9.032956165336105E-40 
cv037_19798.txt neg neg:1.0 pos:1.131026149296624E-71 
cv346_19198.txt neg neg:1.0 pos:1.3083205015875507E-51 
cv775_17966.txt neg neg:1.0 pos:3.0658909784016345E-47 
cv530_17949.txt neg neg:0.9995477888513598 pos:4.5221114864031295E-4 
cv541_28683.txt neg neg:1.0 pos:1.2246587728624885E-35 
cv274_26379.txt neg neg:1.0 pos:8.969887425808202E-108 
cv081_18241.txt neg neg:0.9999999999589337 pos:4.10661904453217E-11 
cv263_20693.txt neg neg:1.0 pos:8.786335758626458E-84 
cv720_5383.txt neg neg:1.0 pos:5.178073264819243E-18 
cv217_28707.txt neg neg:1.0 pos:7.215612085261254E-73 
cv379_23167.txt neg neg:0.9421468362922146 pos:0.05785316370778532 
cv482_11233.txt neg neg:1.0 pos:5.563287606860834E-57 
cv254_5870.txt neg neg:1.0 pos:1.6606419095151806E-32 
cv836_14311.txt neg neg:1.0 pos:1.0435976323540208E-32 
cv373_21872.txt neg neg:1.0 pos:4.253094121710009E-62 
cv241_24602.txt neg neg:1.0 pos:1.085911323454662E-42 
cv253_10190.txt neg neg:1.0 pos:7.646034103739334E-47 
cv234_22123.txt neg neg:1.0 pos:7.114705363757018E-21 
cv382_8393.txt neg neg:1.0 pos:7.412387332605148E-28 
cv714_19704.txt neg neg:1.0 pos:1.2334373723643814E-103 
cv016_4348.txt neg neg:1.0 pos:1.2631715367864984E-98 
cv874_12182.txt neg neg:1.0 pos:4.121548254211918E-96 
cv183_19826.txt neg neg:1.0 pos:5.928129725618645E-47 
cv276_17126.txt neg neg:1.0 pos:3.8823955107815524E-63 
cv738_10287.txt neg neg:1.0 pos:9.825929300621557E-64 
cv938_10706.txt neg neg:1.0 pos:2.728802709988963E-44 
cv583_29465.txt neg neg:0.9999999985576244 pos:1.4423755961082014E-9 
cv726_4365.txt neg neg:1.0 pos:2.6641212703832637E-35 
cv793_15235.txt neg neg:1.0 pos:3.372702526744939E-46 
cv844_13890.txt neg neg:1.0 pos:4.164178180701407E-68 
cv792_3257.txt neg pos:0.9999999488799893 neg:5.112001076026074E-8 
cv143_21158.txt neg neg:1.0 pos:1.4658031195533893E-22 
cv392_12238.txt neg pos:1.0 neg:9.305947074235886E-26 
cv465_23401.txt neg neg:1.0 pos:8.49011559176072E-31 
cv017_23487.txt neg neg:1.0 pos:1.0425280897228081E-85 
cv561_9484.txt neg neg:1.0 pos:1.3034609274743895E-43 
cv543_5107.txt neg neg:1.0 pos:8.563495779564907E-28 
cv730_10729.txt neg neg:1.0 pos:4.568039785583327E-51 
cv387_12391.txt neg neg:1.0 pos:4.274871190919373E-18 
cv026_29229.txt neg neg:1.0 pos:8.937532901498648E-49 
cv420_28631.txt neg neg:1.0 pos:5.2271662889250455E-73 
cv759_15091.txt neg neg:0.9999999291732592 pos:7.082674081024841E-8 
cv419_14799.txt neg neg:1.0 pos:2.8375129466001513E-77 
cv332_17997.txt neg neg:1.0 pos:2.4642049252233132E-57 
cv303_27366.txt neg pos:1.0 neg:9.274192234143124E-21 
cv500_10722.txt neg neg:1.0 pos:2.0563644058880883E-63 
cv311_17708.txt neg neg:1.0 pos:9.462121792831941E-19 
cv855_22134.txt neg neg:1.0 pos:8.968075100778669E-58 
cv389_9611.txt neg neg:1.0 pos:1.272914473142502E-22 
cv474_10682.txt neg neg:1.0 pos:6.150719697462518E-43 
cv791_17995.txt neg neg:1.0 pos:2.2495063747936752E-49 
cv635_0984.txt neg neg:1.0 pos:7.942292279501868E-78 
cv580_15681.txt neg pos:1.0 neg:2.7663629554256527E-22 
cv732_13092.txt neg pos:1.0 neg:5.98320543288918E-20 
cv943_23547.txt neg neg:1.0 pos:2.687977144535001E-48 
cv628_20758.txt neg neg:1.0 pos:1.3556647399411186E-52 
cv273_28961.txt neg pos:1.0 neg:2.0464731282535265E-44 
cv342_20917.txt neg neg:1.0 pos:8.330245913029303E-31 
cv702_12371.txt neg neg:1.0 pos:5.880021456116534E-28 
cv993_29565.txt neg neg:1.0 pos:9.420589268662388E-27 
cv769_8565.txt neg neg:1.0 pos:6.917417017022593E-20 
cv613_23104.txt neg neg:1.0 pos:1.4442622561233098E-68 
cv667_19672.txt neg pos:1.0 neg:1.1236916227186311E-47 
cv957_8737.txt pos neg:0.9706979254150333 pos:0.029302074584966767 
cv038_9749.txt pos pos:0.9999999967687654 neg:3.2312345352611838E-9 
cv739_11209.txt pos pos:1.0 neg:3.587247468315687E-108 
cv895_21022.txt pos pos:1.0 neg:2.8721508737357174E-35 
cv305_9946.txt pos neg:0.9999996068419181 pos:3.9315808180655275E-7 
cv588_13008.txt pos pos:0.9999960826473442 neg:3.9173526558548314E-6 
cv485_26649.txt pos pos:1.0 neg:1.5938595965161266E-37 
cv260_13959.txt pos neg:0.8841126346526563 pos:0.11588736534734367 
cv406_21020.txt pos pos:0.97020384260219 neg:0.029796157397810136 
cv256_14740.txt pos pos:1.0 neg:5.029277458630408E-84 
cv894_2068.txt pos neg:1.0 pos:2.1238871664491898E-19 
cv434_5793.txt pos neg:0.9999998415183624 pos:1.5848163762253826E-7 
cv750_10180.txt pos pos:1.0 neg:3.9358198660898586E-44 
cv163_10052.txt pos pos:1.0 neg:2.110036655385977E-167 
cv056_13133.txt pos pos:1.0 neg:2.4793072044411185E-68 
cv030_21593.txt pos pos:1.0 neg:9.586517452313185E-78 
cv195_14528.txt pos neg:0.9999790700419035 pos:2.092995809655549E-5 
cv415_22517.txt pos pos:1.0 neg:2.5099808935121573E-138 
cv915_8841.txt pos neg:1.0 pos:7.024401560002272E-37 
cv948_24606.txt pos pos:1.0 neg:3.7890181268368984E-52 
cv602_8300.txt pos pos:0.9996024683187582 neg:3.975316812419059E-4 
cv874_11236.txt pos pos:1.0 neg:5.31630846334483E-28 
cv717_15953.txt pos pos:1.0 neg:2.287673696077006E-70 
cv494_17389.txt pos pos:1.0 neg:7.612613565564138E-98 
cv838_24728.txt pos pos:1.0 neg:8.573331596957992E-40 
cv847_1941.txt pos pos:0.9999999994976658 neg:5.023342223457212E-10 
cv827_18331.txt pos neg:0.9999999999784535 pos:2.1546619834890765E-11 
cv825_5063.txt pos pos:0.9999725707969752 neg:2.7429203024735635E-5 
cv710_22577.txt pos pos:1.0 neg:5.503955179775533E-51 
cv317_24049.txt pos neg:1.0 pos:2.290727980380133E-24 
cv437_22849.txt pos pos:1.0 neg:3.114491414117822E-45 
cv923_11051.txt pos pos:1.0 neg:2.1539028798944206E-54 
cv016_4659.txt pos neg:0.9999088415522048 pos:9.115844779515484E-5 
cv295_15570.txt pos pos:0.9999999999996447 neg:3.55297159573984E-13 
cv870_16348.txt pos pos:1.0 neg:3.981284147597808E-39 
cv119_9867.txt pos neg:0.9999999999998808 pos:1.192759154411565E-13 
cv627_11620.txt pos neg:1.0 pos:5.652022629233405E-26 
cv963_6895.txt pos pos:0.9999999992562667 neg:7.437331890610043E-10 
cv732_12245.txt pos pos:1.0 neg:1.7992083158895157E-101 
cv525_16122.txt pos pos:1.0 neg:1.9912712399383624E-53 
cv608_23231.txt pos pos:1.0 neg:5.86519364069227E-40 
cv427_10825.txt pos neg:0.999883154004202 pos:1.1684599579809524E-4 
cv756_22540.txt pos pos:1.0 neg:9.381591224720006E-57 
cv994_12270.txt pos neg:1.0 pos:1.34178563708824E-35 
cv928_9168.txt pos pos:0.828617916180737 neg:0.17138208381926304 
cv879_14903.txt pos pos:1.0 neg:1.0574760180872371E-24 
cv167_16376.txt pos pos:1.0 neg:6.8649286868019186E-133 
cv134_22246.txt pos pos:1.0 neg:3.2902977044719236E-46 
cv126_28971.txt pos neg:1.0 pos:3.078562287107659E-36 
cv632_9610.txt pos pos:0.997713601471115 neg:0.0022863985288849665 
cv991_18645.txt pos neg:0.9999998502193537 pos:1.4978064623198107E-7 
cv530_16212.txt pos pos:1.0 neg:2.998144881874864E-41 
cv552_10016.txt pos pos:1.0 neg:1.4355128402797125E-179 
cv673_24714.txt pos pos:1.0 neg:1.0025157469779826E-35 
cv265_10814.txt pos pos:0.9999999999999956 neg:4.397678567868494E-15 
cv446_11353.txt pos neg:1.0 pos:7.128230483346518E-34 
cv973_10066.txt pos pos:1.0 neg:3.9000897736834494E-26 
cv883_27751.txt pos pos:0.9999999999999354 neg:6.465956300949051E-14 
cv942_17082.txt pos neg:0.9994934541192229 pos:5.065458807770633E-4 
cv399_2877.txt pos pos:1.0 neg:3.897809421442729E-35 
cv733_9839.txt pos pos:1.0 neg:1.403068834043811E-71 
cv921_12747.txt pos pos:1.0 neg:3.521188033089961E-30 
cv954_18628.txt pos pos:0.9036703204177814 neg:0.09632967958221866 
cv149_15670.txt pos neg:1.0 pos:1.564238025067216E-37 
cv081_16582.txt pos pos:1.0 neg:1.1437646906676394E-106 
cv113_23102.txt pos pos:1.0 neg:1.7251102695763957E-92 
cv477_22479.txt pos pos:1.0 neg:6.611021705531609E-74 
cv744_10038.txt pos neg:0.9999999999999993 pos:6.21334750106104E-16 
cv501_11657.txt pos pos:1.0 neg:6.29817347230017E-32 
cv747_16556.txt pos pos:1.0 neg:6.645941440624892E-60 
cv268_18834.txt pos pos:0.9999999999999756 neg:2.4491358315970584E-14 
cv489_17906.txt pos neg:1.0 pos:4.1379643479879885E-40 
cv540_3421.txt pos pos:1.0 neg:5.2464455460703035E-65 
cv442_13846.txt pos pos:1.0 neg:1.4206141256702352E-49 
cv757_10189.txt pos pos:1.0 neg:1.9791503273953554E-49 
cv843_15544.txt pos pos:1.0 neg:3.1550118289414333E-31 
cv441_13711.txt pos pos:1.0 neg:1.6276224280869577E-19 
cv900_10331.txt pos pos:1.0 neg:5.53850514650588E-52 
cv500_10251.txt pos pos:0.9999999999893381 neg:1.0661838300005107E-11 
cv714_18502.txt pos pos:1.0 neg:1.787899969481795E-90 
cv001_18431.txt pos pos:1.0 neg:3.869471899023265E-30 
cv537_12370.txt pos pos:0.9999978931067036 neg:2.106893296395058E-6 
cv858_18819.txt pos neg:0.9999999999999865 pos:1.3592774608820394E-14 
cv278_13041.txt pos pos:1.0 neg:1.9909170428561074E-105 
cv032_22550.txt pos pos:1.0 neg:1.4222018141170488E-70 
cv217_28842.txt pos pos:1.0 neg:1.1190930091356058E-31 
cv017_22464.txt pos pos:1.0 neg:6.151110038428063E-91 
cv321_12843.txt pos pos:1.0 neg:3.3199073534010584E-84 
cv068_13400.txt pos pos:1.0 neg:2.393774503980261E-26 
cv123_11182.txt pos pos:1.0 neg:1.8973667281191035E-76 
cv251_22636.txt pos pos:1.0 neg:8.761808536838725E-31 
cv932_13401.txt pos neg:1.0 pos:8.362011416026303E-62 
cv614_10626.txt pos pos:0.9999998604290691 neg:1.3957093097614844E-7 
cv792_3832.txt pos neg:1.0 pos:8.981618065291802E-41 
cv671_5054.txt pos pos:1.0 neg:1.4134256264714896E-43 
cv440_15243.txt pos pos:1.0 neg:1.6328544080767018E-62 
cv772_12119.txt pos pos:1.0 neg:7.8329686419884605E-90 
cv976_10267.txt pos pos:1.0 neg:1.6734068334529406E-29 
cv679_28559.txt pos pos:0.9999925185204601 neg:7.4814795400289475E-6 
cv076_24945.txt pos pos:1.0 neg:4.31468855047387E-43 
Trial 0 Trainer NaiveBayesTrainer Training Data Confusion Matrix
Confusion Matrix, row=true, column=predicted  accuracy=0.9911111111111112
  label   0   1  |total
  0 neg 897   3  |900
  1 pos  13 887  |900

Trial 0 Trainer NaiveBayesTrainer training data accuracy= 0.9911111111111112
Trial 0 Trainer NaiveBayesTrainer Test Data Confusion Matrix
Confusion Matrix, row=true, column=predicted  accuracy=0.82
  label   0   1  |total
  0 neg  88  12  |100
  1 pos  24  76  |100

Trial 0 Trainer NaiveBayesTrainer test data accuracy= 0.82

NaiveBayesTrainer
Summary. train accuracy mean = 0.9911111111111112 stddev = 0.0 stderr = 0.0
Summary. test accuracy mean = 0.82 stddev = 0.0 stderr = 0.0
