
-------------------- Trial 0  --------------------

Trial 0 Training NaiveBayesTrainer with 1800 instances
Trial 0 Training NaiveBayesTrainer finished
Trial 0 Trainer NaiveBayesTrainer
 Raw Testing Data
cv329_29293.txt neg neg:1.0 pos:3.0267989296598406E-28 
cv926_18471.txt neg pos:1.0 neg:6.630817817444705E-109 
cv307_26382.txt neg neg:1.0 pos:1.3564793226380964E-32 
cv565_29403.txt neg neg:1.0 pos:7.730682001801318E-119 
cv109_22599.txt neg pos:0.8853239371305492 neg:0.11467606286945076 
cv476_18402.txt neg neg:1.0 pos:2.423346828368215E-54 
cv366_10709.txt neg neg:1.0 pos:6.622022355753076E-68 
cv727_5006.txt neg neg:0.9999999979007661 pos:2.099233920089682E-9 
cv602_8830.txt neg pos:0.9999999052975893 neg:9.470241078667666E-8 
cv351_17029.txt neg neg:1.0 pos:3.0338350963759433E-55 
cv777_10247.txt neg neg:1.0 pos:1.8987665216796612E-36 
cv570_28960.txt neg pos:0.9834361961133726 neg:0.016563803886627367 
cv056_14663.txt neg neg:1.0 pos:2.463231133498398E-38 
cv900_10800.txt neg neg:1.0 pos:1.4710537887213114E-55 
cv230_7913.txt neg neg:1.0 pos:9.943164333262557E-46 
cv965_26688.txt neg neg:1.0 pos:9.749075139160591E-20 
cv495_16121.txt neg neg:1.0 pos:1.253379689692833E-34 
cv054_4101.txt neg pos:0.9999204833538304 neg:7.951664616951025E-5 
cv036_18385.txt neg neg:1.0 pos:1.3114605931076552E-18 
cv739_12179.txt neg neg:0.9999997707877354 pos:2.292122644927613E-7 
cv574_23191.txt neg neg:1.0 pos:2.7254548715940527E-94 
cv006_17022.txt neg neg:1.0 pos:5.377402201340073E-33 
cv555_25047.txt neg neg:1.0 pos:1.0641055507716551E-20 
cv609_25038.txt neg neg:1.0 pos:9.081777906610926E-20 
cv251_23901.txt neg neg:1.0 pos:4.2576118196286316E-136 
cv441_15276.txt neg neg:0.9999999999358415 pos:6.41583546777172E-11 
cv763_16486.txt neg neg:1.0 pos:1.3206640021615692E-30 
cv197_29271.txt neg neg:0.9999999982288637 pos:1.7711364336777666E-9 
cv944_15042.txt neg neg:1.0 pos:3.5112730611547265E-36 
cv058_8469.txt neg neg:0.9999999999999563 pos:4.37656140305621E-14 
cv740_13643.txt neg pos:0.7471659512106288 neg:0.25283404878937127 
cv880_29629.txt neg pos:1.0 neg:3.7696027652877204E-19 
cv436_20564.txt neg neg:1.0 pos:2.4098755744037626E-45 
cv984_14006.txt neg neg:1.0 pos:3.303177881246885E-32 
cv735_20218.txt neg neg:1.0 pos:9.618480970969774E-31 
cv461_21124.txt neg pos:0.9999999999985847 neg:1.4153023326691842E-12 
cv229_15200.txt neg neg:1.0 pos:2.223132901422976E-34 
cv278_14533.txt neg pos:0.9999999999999998 neg:1.5845606739905808E-16 
cv995_23113.txt neg neg:1.0 pos:5.961502685663566E-88 
cv846_29359.txt neg neg:1.0 pos:1.4962941030524884E-31 
cv858_20266.txt neg neg:1.0 pos:7.002155292395247E-57 
cv872_13710.txt neg neg:1.0 pos:9.29250101702276E-38 
cv539_21865.txt neg neg:1.0 pos:4.658244173916839E-73 
cv484_26169.txt neg neg:1.0 pos:1.8856935162358705E-75 
cv324_7502.txt neg pos:1.0 neg:2.460851273623319E-49 
cv386_10229.txt neg neg:1.0 pos:1.1294409430183566E-30 
cv087_2145.txt neg neg:1.0 pos:1.1157500580442587E-67 
cv287_17410.txt neg neg:1.0 pos:4.833432248769195E-31 
cv848_10061.txt neg neg:1.0 pos:7.126793167141145E-62 
cv368_11090.txt neg neg:1.0 pos:3.1128961157717866E-71 
cv464_17076.txt neg neg:1.0 pos:1.7358642548736342E-44 
cv768_12709.txt neg neg:1.0 pos:2.402970788449396E-70 
cv246_28668.txt neg neg:1.0 pos:3.439188132239122E-54 
cv850_18185.txt neg pos:0.9990665780708445 neg:9.334219291555379E-4 
cv840_18033.txt neg pos:0.9812982047203612 neg:0.018701795279638746 
cv046_10613.txt neg neg:1.0 pos:7.1470643286209E-73 
cv742_8279.txt neg neg:0.9999927153367711 pos:7.284663228865609E-6 
cv264_14108.txt neg neg:1.0 pos:1.1237455760383973E-34 
cv592_23391.txt neg neg:1.0 pos:2.966253537894431E-26 
cv582_6678.txt neg neg:1.0 pos:6.235376431341041E-23 
cv684_12727.txt neg neg:1.0 pos:1.9145750080592195E-43 
cv414_11161.txt neg neg:1.0 pos:8.179298517053047E-32 
cv703_17948.txt neg neg:0.9999999997985549 pos:2.0144497345487127E-10 
cv168_7435.txt neg neg:0.999999964054344 pos:3.594565604216577E-8 
cv807_23024.txt neg neg:1.0 pos:6.371144231201844E-200 
cv050_12128.txt neg neg:1.0 pos:1.9793896721676343E-67 
cv064_25842.txt neg neg:1.0 pos:2.7907216595518565E-55 
cv571_29292.txt neg pos:1.0 neg:1.570763850173832E-59 
cv871_25971.txt neg neg:1.0 pos:2.934188213369949E-87 
cv356_26170.txt neg pos:0.999956413188087 neg:4.358681191296402E-5 
cv451_11502.txt neg neg:1.0 pos:1.1715222477986842E-85 
cv327_21743.txt neg neg:1.0 pos:3.890185156275574E-64 
cv458_9000.txt neg neg:1.0 pos:1.493703330674804E-42 
cv416_12048.txt neg neg:1.0 pos:1.4590148275071224E-103 
cv532_6495.txt neg neg:0.9999999999999833 pos:1.6691919785714304E-14 
cv011_13044.txt neg neg:0.9944764075949815 pos:0.005523592405018503 
cv155_7845.txt neg neg:1.0 pos:1.1559724878327024E-46 
cv847_20855.txt neg neg:1.0 pos:6.0443506507717E-20 
cv772_12971.txt neg neg:1.0 pos:1.8978210050171336E-130 
cv187_14112.txt neg neg:1.0 pos:1.1311423479216725E-34 
cv918_27080.txt neg neg:1.0 pos:4.3000299775749646E-40 
cv258_5627.txt neg neg:1.0 pos:6.013250058522009E-49 
cv288_20212.txt neg neg:1.0 pos:3.0007007130777306E-45 
cv833_11961.txt neg neg:1.0 pos:1.589678274144313E-72 
cv603_18885.txt neg neg:0.9999999992896142 pos:7.1038566128952E-10 
cv892_18788.txt neg neg:1.0 pos:3.3747742890514347E-43 
cv786_23608.txt neg neg:1.0 pos:3.1441666105685987E-32 
cv885_13390.txt neg neg:1.0 pos:5.425363678455471E-42 
cv859_15689.txt neg pos:1.0 neg:2.3863878404153235E-18 
cv649_13947.txt neg neg:1.0 pos:3.1640380961291627E-28 
cv318_11146.txt neg neg:1.0 pos:3.777743848710691E-90 
cv573_29384.txt neg neg:1.0 pos:1.0720855022454201E-16 
cv210_9557.txt neg neg:0.7173793940020535 pos:0.2826206059979465 
cv706_25883.txt neg neg:1.0 pos:9.221379713497942E-75 
cv953_7078.txt neg neg:1.0 pos:9.092217235288922E-62 
cv228_5644.txt neg neg:0.9999999999999956 pos:4.452511669826455E-15 
cv755_24881.txt neg neg:1.0 pos:6.669717872069199E-110 
cv551_11214.txt neg neg:0.9999999999999931 pos:6.980836522766705E-15 
cv123_12165.txt neg neg:1.0 pos:3.493908135046081E-63 
cv784_16077.txt neg neg:1.0 pos:5.945639883426327E-60 
cv981_14989.txt pos pos:1.0 neg:1.9681762720146173E-79 
cv758_9671.txt pos pos:1.0 neg:4.377585389906549E-21 
cv463_10343.txt pos pos:1.0 neg:4.963148538670714E-47 
cv106_16807.txt pos pos:1.0 neg:3.846611982568777E-54 
cv944_13521.txt pos pos:1.0 neg:1.545913872444773E-32 
cv296_12251.txt pos neg:0.9999999999999998 pos:1.3582409248588825E-16 
cv695_21108.txt pos pos:1.0 neg:7.50745880856244E-77 
cv587_19162.txt pos pos:1.0 neg:1.5368233891726734E-31 
cv165_22619.txt pos pos:1.0 neg:1.5293020149791962E-43 
cv865_2895.txt pos pos:1.0 neg:3.9169475755161095E-55 
cv307_25270.txt pos neg:0.9999996609107356 pos:3.3908926437474795E-7 
cv777_10094.txt pos pos:1.0 neg:9.331702076287852E-81 
cv418_14774.txt pos pos:0.9999999999999984 neg:1.4710325101347E-15 
cv387_11507.txt pos pos:1.0 neg:1.6972695890209022E-32 
cv889_21430.txt pos neg:1.0 pos:7.517943346355417E-22 
cv052_29378.txt pos pos:1.0 neg:4.466660142771209E-18 
cv725_10103.txt pos pos:0.9999971637013995 neg:2.836298600431576E-6 
cv130_17083.txt pos pos:1.0 neg:1.6032131632497425E-48 
cv550_22211.txt pos neg:1.0 pos:3.806231174138067E-45 
cv577_28549.txt pos pos:1.0 neg:1.1612793687489639E-232 
cv613_21796.txt pos pos:1.0 neg:6.267141133770134E-39 
cv414_10518.txt pos pos:1.0 neg:7.397870322724069E-112 
cv703_16143.txt pos pos:1.0 neg:2.2976040177986684E-18 
cv104_18134.txt pos pos:0.9999999999999969 neg:3.0701519579447334E-15 
cv475_21692.txt pos pos:1.0 neg:1.5312302985479E-36 
cv547_16324.txt pos pos:1.0 neg:1.6115147675216732E-35 
cv809_5009.txt pos pos:1.0 neg:6.043098908751586E-75 
cv430_17351.txt pos pos:1.0 neg:9.587120491414032E-17 
cv474_10209.txt pos pos:1.0 neg:5.122617499242588E-44 
cv000_29590.txt pos neg:1.0 pos:6.822724159958722E-21 
cv469_20630.txt pos pos:1.0 neg:1.250438141969084E-113 
cv977_4938.txt pos pos:1.0 neg:7.962029011167101E-23 
cv015_29439.txt pos pos:1.0 neg:2.513165760277282E-26 
cv771_28665.txt pos pos:1.0 neg:4.6512375496604106E-111 
cv763_14729.txt pos pos:1.0 neg:3.8565592861808745E-18 
cv611_21120.txt pos neg:0.9999999999994114 pos:5.885896974351318E-13 
cv585_22496.txt pos pos:1.0 neg:2.6562464834095193E-71 
cv906_11491.txt pos pos:1.0 neg:2.1173444483700736E-30 
cv868_11948.txt pos pos:1.0 neg:4.187438915687341E-31 
cv696_29740.txt pos pos:1.0 neg:9.30442648395927E-52 
cv974_22941.txt pos pos:1.0 neg:1.6525315592293355E-38 
cv605_11800.txt pos pos:1.0 neg:1.659633058070275E-64 
cv160_10362.txt pos pos:1.0 neg:2.7431585301333983E-70 
cv692_15451.txt pos pos:1.0 neg:3.428196801628444E-141 
cv176_12857.txt pos pos:0.9999991820057591 neg:8.179942408363354E-7 
cv401_12605.txt pos pos:1.0 neg:3.258248470978876E-33 
cv559_0050.txt pos pos:1.0 neg:6.941825720637923E-58 
cv403_6621.txt pos neg:0.9986934312120834 pos:0.001306568787916546 
cv035_3954.txt pos pos:1.0 neg:4.125594027190208E-25 
cv473_7367.txt pos pos:0.999999959126476 neg:4.0873524051129675E-8 
cv624_10744.txt pos pos:1.0 neg:2.4548508569193386E-118 
cv683_12167.txt pos pos:1.0 neg:1.3062242218516921E-105 
cv461_19600.txt pos pos:1.0 neg:7.194257826441231E-67 
cv633_29837.txt pos pos:1.0 neg:2.6481829291615878E-124 
cv054_4230.txt pos neg:0.9999999603950767 pos:3.96049234059756E-8 
cv832_23275.txt pos pos:1.0 neg:1.2958835898496929E-31 
cv478_14309.txt pos pos:1.0 neg:1.1511304438744219E-60 
cv940_17705.txt pos pos:0.9999897188243578 neg:1.0281175642163405E-5 
cv107_24319.txt pos neg:1.0 pos:8.408900728553385E-23 
cv302_25649.txt pos pos:1.0 neg:6.315001478179181E-65 
cv884_13632.txt pos neg:1.0 pos:1.3430562784521955E-35 
cv619_12462.txt pos pos:1.0 neg:4.540116358104718E-40 
cv273_29112.txt pos pos:1.0 neg:3.5254471583913634E-65 
cv359_6647.txt pos pos:0.999999999842591 neg:1.5740903052322407E-10 
cv945_12160.txt pos pos:1.0 neg:1.03282935403244E-37 
cv841_3967.txt pos neg:0.9999999999967786 pos:3.2213942133569396E-12 
cv125_9391.txt pos neg:0.9996225427237466 pos:3.7745727625330895E-4 
cv212_10027.txt pos pos:1.0 neg:4.74825391381911E-28 
cv262_12649.txt pos pos:1.0 neg:3.486879464396269E-47 
cv487_10446.txt pos pos:1.0 neg:2.5254588519423302E-45 
cv820_22892.txt pos pos:1.0 neg:4.822097344531735E-40 
cv092_28017.txt pos pos:0.9999999999999951 neg:4.888622025597145E-15 
cv007_4968.txt pos pos:1.0 neg:8.20356991665072E-34 
cv807_21740.txt pos pos:1.0 neg:6.107715814371848E-36 
cv395_10849.txt pos pos:1.0 neg:4.885447644149225E-24 
cv171_13537.txt pos pos:0.9999999868167408 neg:1.3183259116089956E-8 
cv823_15569.txt pos pos:1.0 neg:5.224933231949151E-57 
cv493_12839.txt pos neg:0.9999999435562613 pos:5.64437386215662E-8 
cv718_11434.txt pos pos:1.0 neg:6.926631680802119E-27 
cv561_9201.txt pos pos:1.0 neg:3.6660552703754335E-72 
cv892_17576.txt pos pos:1.0 neg:1.7246109423965626E-30 
cv002_15918.txt pos neg:0.5167085789860845 pos:0.48329142101391553 
cv938_10220.txt pos pos:0.9999999999999996 neg:4.603771410336477E-16 
cv157_29372.txt pos pos:1.0 neg:2.0492319641332721E-25 
cv678_13419.txt pos pos:1.0 neg:1.0775189907438424E-183 
cv855_20661.txt pos pos:1.0 neg:1.5868098555165495E-54 
cv373_20404.txt pos pos:1.0 neg:2.691996526864635E-24 
cv542_18980.txt pos pos:0.9999999999929978 neg:7.002083651088219E-12 
cv967_5788.txt pos pos:1.0 neg:2.0886928618172657E-40 
cv526_12083.txt pos pos:1.0 neg:5.615495715058368E-34 
cv098_15435.txt pos neg:0.9999999999999791 pos:2.080956831406606E-14 
cv169_23778.txt pos pos:1.0 neg:1.9137606718032063E-76 
cv131_10713.txt pos pos:1.0 neg:5.47270888791521E-53 
cv140_7479.txt pos pos:1.0 neg:4.331970201821863E-55 
cv358_10691.txt pos pos:1.0 neg:9.512985791759227E-47 
cv645_15668.txt pos pos:1.0 neg:1.3928968677319522E-66 
cv436_19179.txt pos pos:1.0 neg:5.781769818279657E-131 
cv905_29114.txt pos pos:1.0 neg:2.1528352182558064E-97 
cv486_9799.txt pos pos:1.0 neg:4.51614312294105E-21 
cv281_23253.txt pos pos:1.0 neg:1.364385541754212E-42 
Trial 0 Trainer NaiveBayesTrainer Training Data Confusion Matrix
Confusion Matrix, row=true, column=predicted  accuracy=0.9883333333333333
  label   0   1  |total
  0 neg 898   2  |900
  1 pos  19 881  |900

Trial 0 Trainer NaiveBayesTrainer training data accuracy= 0.9883333333333333
Trial 0 Trainer NaiveBayesTrainer Test Data Confusion Matrix
Confusion Matrix, row=true, column=predicted  accuracy=0.85
  label   0   1  |total
  0 neg  85  15  |100
  1 pos  15  85  |100

Trial 0 Trainer NaiveBayesTrainer test data accuracy= 0.85

NaiveBayesTrainer
Summary. train accuracy mean = 0.9883333333333333 stddev = 0.0 stderr = 0.0
Summary. test accuracy mean = 0.85 stddev = 0.0 stderr = 0.0
