
-------------------- Trial 0  --------------------

Trial 0 Training NaiveBayesTrainer with 1800 instances
Trial 0 Training NaiveBayesTrainer finished
Trial 0 Trainer NaiveBayesTrainer
 Raw Testing Data
cv829_21725.txt neg neg:1.0 pos:5.869984588763525E-61 
cv128_29444.txt neg neg:1.0 pos:6.991825328783856E-41 
cv341_25667.txt neg neg:1.0 pos:3.036264407333851E-94 
cv192_16079.txt neg neg:1.0 pos:1.5313884862341184E-41 
cv510_24758.txt neg neg:1.0 pos:1.027978586182261E-52 
cv695_22268.txt neg neg:1.0 pos:1.1854304481905327E-37 
cv767_15673.txt neg pos:1.0 neg:3.3454870276553093E-40 
cv490_18986.txt neg neg:1.0 pos:2.676493896779611E-35 
cv697_12106.txt neg pos:1.0 neg:4.2459159817699625E-63 
cv398_17047.txt neg neg:1.0 pos:4.165805970019128E-30 
cv409_29625.txt neg neg:0.9999997625051871 pos:2.3749481288926183E-7 
cv147_22625.txt neg neg:0.9999999999999358 pos:6.420445677674635E-14 
cv839_22807.txt neg neg:1.0 pos:3.832158806949663E-78 
cv787_15277.txt neg neg:1.0 pos:3.050031353337655E-46 
cv593_11931.txt neg neg:1.0 pos:9.53739655358807E-87 
cv590_20712.txt neg neg:1.0 pos:5.697343718882213E-36 
cv870_18090.txt neg neg:1.0 pos:8.469091126608601E-30 
cv057_7962.txt neg neg:0.9999640038431403 pos:3.5996156859730356E-5 
cv753_11812.txt neg neg:1.0 pos:2.7733782967917005E-67 
cv292_7804.txt neg neg:1.0 pos:1.0812163803005652E-95 
cv637_13682.txt neg neg:1.0 pos:2.6542635359338013E-39 
cv027_26270.txt neg neg:1.0 pos:2.829343497060195E-65 
cv589_12853.txt neg neg:1.0 pos:4.365256928814047E-25 
cv212_10054.txt neg neg:1.0 pos:1.766416250821467E-108 
cv693_19147.txt neg neg:0.9999831693834481 pos:1.6830616551847706E-5 
cv528_11669.txt neg pos:0.926955841638783 neg:0.07304415836121693 
cv009_29417.txt neg neg:1.0 pos:3.139139991650425E-76 
cv778_18629.txt neg neg:1.0 pos:6.097686665966127E-26 
cv717_17472.txt neg neg:1.0 pos:7.012799519276319E-48 
cv828_21392.txt neg neg:1.0 pos:2.0747113706012577E-36 
cv280_8651.txt neg neg:1.0 pos:1.5692703986907618E-22 
cv067_21192.txt neg neg:1.0 pos:6.52721058010706E-27 
cv272_20313.txt neg neg:1.0 pos:3.3117058303641957E-44 
cv925_9459.txt neg neg:1.0 pos:1.0667545241742856E-74 
cv412_25254.txt neg neg:1.0 pos:8.177914203915207E-130 
cv616_29187.txt neg pos:1.0 neg:1.5065275977633333E-18 
cv041_22364.txt neg pos:0.9999999999985059 neg:1.494100250682317E-12 
cv934_20426.txt neg neg:1.0 pos:4.0512806280458774E-76 
cv122_7891.txt neg neg:1.0 pos:1.505453294376763E-64 
cv249_12674.txt neg neg:1.0 pos:6.672746229272961E-54 
cv888_25678.txt neg neg:0.9999999999999998 pos:2.541000167804563E-16 
cv262_13812.txt neg pos:1.0 neg:6.54724775330922E-22 
cv294_12695.txt neg neg:1.0 pos:2.8443450958891E-38 
cv403_6721.txt neg neg:1.0 pos:1.700949149743981E-59 
cv306_10859.txt neg neg:1.0 pos:6.145252552445044E-25 
cv159_29374.txt neg neg:1.0 pos:5.324916464894354E-18 
cv023_13847.txt neg neg:1.0 pos:4.121293562257526E-28 
cv685_5710.txt neg neg:1.0 pos:7.498009525084561E-37 
cv512_17618.txt neg neg:1.0 pos:3.591740982046547E-49 
cv639_10797.txt neg pos:1.0 neg:1.3896074939114345E-72 
cv243_22164.txt neg pos:1.0 neg:4.269050105448351E-52 
cv653_2107.txt neg neg:1.0 pos:2.666770282489337E-66 
cv485_26879.txt neg neg:1.0 pos:1.3670526059124164E-27 
cv068_14810.txt neg neg:1.0 pos:5.9178208083199056E-18 
cv404_21805.txt neg neg:1.0 pos:3.388941746147487E-30 
cv113_24354.txt neg neg:1.0 pos:5.961108962550774E-62 
cv597_26744.txt neg neg:1.0 pos:2.2341111070678436E-97 
cv266_26644.txt neg neg:1.0 pos:4.275151810981013E-27 
cv455_28866.txt neg neg:0.5554356419049459 pos:0.4445643580950541 
cv440_16891.txt neg neg:1.0 pos:4.3854925955904675E-36 
cv506_17521.txt neg neg:0.9998567030931862 pos:1.43296906813732E-4 
cv032_23718.txt neg pos:1.0 neg:6.214878961004784E-32 
cv055_8926.txt neg neg:0.9999999999999918 pos:8.270248414047811E-15 
cv971_11790.txt neg neg:1.0 pos:1.7411668879737727E-37 
cv179_9533.txt neg neg:1.0 pos:6.8990799972663085E-31 
cv893_26731.txt neg neg:1.0 pos:1.8739074921787455E-70 
cv042_11927.txt neg pos:1.0 neg:8.299162898085634E-34 
cv989_17297.txt neg neg:1.0 pos:5.2825890234810875E-34 
cv003_12683.txt neg neg:0.9999999999999989 pos:1.1375052492376072E-15 
cv857_17527.txt neg neg:1.0 pos:1.4806716867950646E-20 
cv606_17672.txt neg pos:0.9999999999994473 neg:5.527733603117596E-13 
cv797_7245.txt neg neg:1.0 pos:3.918008920891037E-17 
cv866_29447.txt neg neg:1.0 pos:4.244804109108726E-30 
cv125_9636.txt neg neg:1.0 pos:7.899396864714085E-44 
cv086_19488.txt neg pos:1.0 neg:1.3189698597441335E-34 
cv605_12730.txt neg pos:0.9999992211109641 neg:7.788890359475902E-7 
cv941_10718.txt neg pos:0.9996073529887559 neg:3.9264701124418433E-4 
cv193_5393.txt neg pos:0.9906665211109882 neg:0.009333478889011723 
cv184_26935.txt neg neg:1.0 pos:6.718780498548876E-47 
cv045_25077.txt neg neg:1.0 pos:1.0774522097263929E-71 
cv914_2856.txt neg neg:1.0 pos:1.0428049872492592E-72 
cv630_10152.txt neg neg:1.0 pos:5.2635188275059005E-93 
cv239_29828.txt neg neg:0.9999999999837228 pos:1.627712162018473E-11 
cv336_10363.txt neg neg:1.0 pos:1.3509473095039879E-19 
cv372_6654.txt neg neg:1.0 pos:1.1579456888844372E-31 
cv204_8930.txt neg neg:1.0 pos:1.3915657535336685E-53 
cv395_11761.txt neg neg:1.0 pos:2.6993401360576546E-28 
cv815_23466.txt neg neg:1.0 pos:1.1188223027021189E-48 
cv520_13297.txt neg neg:1.0 pos:3.6902242375994395E-37 
cv651_11120.txt neg neg:1.0 pos:1.5152543969091463E-32 
cv508_17742.txt neg neg:1.0 pos:2.6892393355831294E-23 
cv079_12766.txt neg neg:1.0 pos:1.6499984151713563E-124 
cv752_25330.txt neg neg:0.999999886327749 pos:1.1367225088030806E-7 
cv629_16604.txt neg neg:1.0 pos:4.407388472927383E-45 
cv556_16563.txt neg neg:1.0 pos:1.3728663349115344E-33 
cv907_3193.txt neg neg:1.0 pos:1.3599279810135952E-18 
cv977_4776.txt neg neg:1.0 pos:1.4867789804492258E-35 
cv776_21934.txt neg neg:1.0 pos:2.552311443809518E-25 
cv080_14899.txt neg neg:1.0 pos:4.860493487190437E-34 
cv074_7188.txt neg neg:1.0 pos:1.129216088123901E-72 
cv598_16452.txt pos pos:0.9999999999999991 neg:8.144967176678686E-16 
cv412_24095.txt pos pos:1.0 neg:2.3770267995620278E-20 
cv351_15458.txt pos pos:1.0 neg:1.5903592642688522E-72 
cv641_12349.txt pos pos:1.0 neg:6.38025402928541E-30 
cv798_23531.txt pos pos:1.0 neg:7.523754131361147E-25 
cv524_23627.txt pos pos:1.0 neg:7.196268694264407E-26 
cv626_7410.txt pos pos:1.0 neg:3.4272094743560367E-50 
cv688_7368.txt pos pos:1.0 neg:4.627372980306196E-39 
cv152_8736.txt pos pos:0.9999996778722849 neg:3.221277151447089E-7 
cv784_14394.txt pos pos:0.9999999999999722 neg:2.775591448466634E-14 
cv162_10424.txt pos pos:1.0 neg:8.810876675331491E-47 
cv284_19119.txt pos pos:1.0 neg:1.0995985439048807E-48 
cv206_14293.txt pos pos:1.0 neg:1.010742809203603E-212 
cv288_18791.txt pos pos:1.0 neg:6.023694244497879E-28 
cv731_4136.txt pos pos:1.0 neg:8.660831570314647E-53 
cv090_0042.txt pos pos:0.99999985735652 neg:1.4264347999961712E-7 
cv377_7946.txt pos pos:0.9999999999999998 neg:1.2901079305198163E-16 
cv238_12931.txt pos pos:0.9999999998923823 neg:1.0761763942338159E-10 
cv110_27788.txt pos neg:1.0 pos:5.420718131047542E-79 
cv005_29443.txt pos pos:1.0 neg:4.257227775513971E-189 
cv443_21118.txt pos neg:1.0 pos:1.1927345707592286E-41 
cv276_15684.txt pos pos:0.9999999999999998 neg:1.2421411887946871E-16 
cv369_12886.txt pos pos:1.0 neg:8.722781415783162E-101 
cv640_5378.txt pos pos:0.9999999999991103 neg:8.897332969006355E-13 
cv311_16002.txt pos pos:1.0 neg:1.4656038191947098E-36 
cv218_24352.txt pos pos:0.9999999844988403 neg:1.5501159635135796E-8 
cv392_11458.txt pos neg:0.9999999812623911 pos:1.8737608913830805E-8 
cv543_5045.txt pos pos:1.0 neg:1.6346858034775432E-32 
cv225_29224.txt pos pos:1.0 neg:1.1948147901755443E-45 
cv118_28980.txt pos neg:1.0 pos:2.417014346397636E-50 
cv876_9390.txt pos neg:0.9998247075021253 pos:1.7529249787482954E-4 
cv764_11739.txt pos pos:0.9916808314840728 neg:0.00831916851592708 
cv987_6965.txt pos neg:0.999994693940651 pos:5.306059348876492E-6 
cv914_28742.txt pos pos:0.9998789698637287 neg:1.2103013627115918E-4 
cv569_26381.txt pos pos:1.0 neg:1.0888298859467126E-44 
cv329_29370.txt pos pos:0.9999999952856027 neg:4.714397238487021E-9 
cv109_21172.txt pos pos:1.0 neg:1.6212717665851139E-34 
cv257_10975.txt pos neg:0.9990170598499933 pos:9.829401500066966E-4 
cv787_13743.txt pos neg:0.9999999999999536 pos:4.634670541943888E-14 
cv282_6653.txt pos neg:1.0 pos:1.5740028863229747E-27 
cv479_5649.txt pos neg:0.9999315407179121 pos:6.845928208772707E-5 
cv751_15719.txt pos pos:1.0 neg:3.561085005970669E-103 
cv199_9629.txt pos pos:1.0 neg:7.307298234180706E-33 
cv810_12458.txt pos pos:1.0 neg:1.470846549289205E-81 
cv326_13295.txt pos pos:0.9999999949005776 neg:5.099422339331825E-9 
cv381_20172.txt pos pos:1.0 neg:1.8064364939880947E-49 
cv570_29082.txt pos neg:0.8863977332898634 pos:0.11360226671013664 
cv445_25882.txt pos pos:1.0 neg:1.0595004672890182E-93 
cv803_8207.txt pos pos:1.0 neg:2.6055326175775496E-149 
cv355_16413.txt pos pos:1.0 neg:1.474960580995812E-119 
cv366_10221.txt pos pos:1.0 neg:2.2018298137664754E-19 
cv752_24155.txt pos pos:1.0 neg:1.0831798655801826E-67 
cv726_4719.txt pos pos:1.0 neg:6.865162889498137E-18 
cv748_12786.txt pos pos:0.9999999999994973 neg:5.026349008478847E-13 
cv702_11500.txt pos neg:1.0 pos:4.872339075947158E-40 
cv781_5262.txt pos pos:1.0 neg:1.3625366284871903E-37 
cv507_9220.txt pos neg:1.0 pos:2.1181724670098645E-21 
cv849_15729.txt pos pos:1.0 neg:1.2258454459169928E-25 
cv978_20929.txt pos neg:0.999999999999418 pos:5.820517882359186E-13 
cv158_10390.txt pos pos:1.0 neg:4.9111075486446165E-57 
cv826_11834.txt pos pos:1.0 neg:5.3469714726376626E-73 
cv675_21588.txt pos pos:1.0 neg:4.624235726334188E-79 
cv328_10373.txt pos pos:1.0 neg:1.546263671528485E-103 
cv618_8974.txt pos pos:1.0 neg:4.16300084335158E-32 
cv546_11767.txt pos pos:1.0 neg:2.042902713596626E-17 
cv462_19350.txt pos pos:0.9999999926542269 neg:7.345773123371818E-9 
cv560_17175.txt pos pos:1.0 neg:2.8940473510118787E-53 
cv926_17059.txt pos pos:1.0 neg:4.2035406052140654E-30 
cv039_6170.txt pos pos:1.0 neg:8.727686008367659E-23 
cv435_23110.txt pos pos:1.0 neg:1.798575008347277E-21 
cv529_10420.txt pos pos:1.0 neg:1.0193211670065774E-70 
cv419_13394.txt pos neg:1.0 pos:2.0415118353588993E-30 
cv094_27889.txt pos pos:1.0 neg:2.5027946708229104E-75 
cv817_4041.txt pos neg:0.9924345560163214 pos:0.007565443983678634 
cv004_11636.txt pos neg:1.0 pos:3.6730238537991574E-22 
cv432_14224.txt pos neg:0.9999999999992266 pos:7.734717002644799E-13 
cv201_6997.txt pos pos:1.0 neg:1.2278528906620245E-28 
cv684_11798.txt pos pos:1.0 neg:4.3059069898876935E-42 
cv656_24201.txt pos pos:1.0 neg:3.809777155650799E-20 
cv037_18510.txt pos pos:1.0 neg:1.2126583640781644E-106 
cv824_8838.txt pos pos:1.0 neg:5.35624830878332E-91 
cv901_11017.txt pos neg:0.9870784106282182 pos:0.012921589371781865 
cv910_20488.txt pos pos:1.0 neg:2.804633160810916E-73 
cv563_17257.txt pos pos:1.0 neg:1.5609762691004868E-42 
cv578_15094.txt pos neg:1.0 pos:1.7622352574856426E-41 
cv261_10954.txt pos pos:1.0 neg:4.041332841801657E-74 
cv271_13837.txt pos pos:1.0 neg:2.5024562982529666E-33 
cv139_12873.txt pos pos:0.9999999999999971 neg:2.991171542667409E-15 
cv953_6836.txt pos pos:1.0 neg:1.005226842728494E-57 
cv505_12090.txt pos pos:1.0 neg:8.51366919338456E-106 
cv022_12864.txt pos neg:1.0 pos:1.797701317502193E-17 
cv937_9811.txt pos neg:0.9996278415851778 pos:3.721584148221498E-4 
cv459_20319.txt pos pos:0.9999974798393195 neg:2.5201606804819305E-6 
cv610_2287.txt pos neg:0.9998634605183028 pos:1.365394816972183E-4 
cv644_17154.txt pos pos:1.0 neg:1.600389546932959E-70 
cv144_5007.txt pos pos:1.0 neg:1.357511104605919E-31 
cv337_29181.txt pos pos:1.0 neg:2.5293936342314244E-116 
cv274_25253.txt pos pos:1.0 neg:1.9708421250369994E-170 
cv364_12901.txt pos pos:1.0 neg:2.6339110099774194E-28 
cv182_7281.txt pos pos:0.999998025813814 neg:1.9741861859148446E-6 
Trial 0 Trainer NaiveBayesTrainer Training Data Confusion Matrix
Confusion Matrix, row=true, column=predicted  accuracy=0.9872222222222222
  label   0   1  |total
  0 neg 896   4  |900
  1 pos  19 881  |900

Trial 0 Trainer NaiveBayesTrainer training data accuracy= 0.9872222222222222
Trial 0 Trainer NaiveBayesTrainer Test Data Confusion Matrix
Confusion Matrix, row=true, column=predicted  accuracy=0.81
  label   0   1  |total
  0 neg  85  15  |100
  1 pos  23  77  |100

Trial 0 Trainer NaiveBayesTrainer test data accuracy= 0.81

NaiveBayesTrainer
Summary. train accuracy mean = 0.9872222222222222 stddev = 0.0 stderr = 0.0
Summary. test accuracy mean = 0.81 stddev = 0.0 stderr = 0.0
