
-------------------- Trial 0  --------------------

Trial 0 Training MaxEntTrainer,gaussianPriorVariance=1.0 with 1800 instances
Trial 0 Training MaxEntTrainer,gaussianPriorVariance=1.0 finished
Trial 0 Trainer MaxEntTrainer,gaussianPriorVariance=1.0
 Raw Testing Data
759.txt neg neg:0.7168091139254951 pos:0.28319088607450493 
1325.txt pos pos:0.9999962358858173 neg:3.7641141825954473E-6 
4254.txt neg neg:0.9391482090548525 pos:0.06085179094514751 
1538.txt neg neg:0.9913546165001076 pos:0.008645383499892356 
3258.txt neg neg:0.5910301678260976 pos:0.40896983217390237 
2906.txt pos pos:0.9176324224675976 neg:0.0823675775324025 
4069.txt neg pos:0.5790916657525454 neg:0.4209083342474546 
1793.txt neg pos:0.5059797617029338 neg:0.49402023829706615 
2974.txt pos pos:0.9860260420109792 neg:0.013973957989020885 
3439.txt pos pos:0.9809304306841479 neg:0.01906956931585203 
1483.txt neg neg:0.5324849970301133 pos:0.4675150029698867 
2418.txt neg pos:0.7584037715553312 neg:0.24159622844466885 
3195.txt pos pos:0.9980630935615042 neg:0.0019369064384956191 
964.txt neg neg:0.5488060123053214 pos:0.45119398769467856 
3802.txt pos pos:0.8094203881594267 neg:0.1905796118405733 
2327.txt neg neg:0.8888137994454408 pos:0.11118620055455915 
3529.txt neg neg:0.774020627455608 pos:0.22597937254439202 
4343.txt pos pos:0.9687735766895024 neg:0.03122642331049762 
1290.txt pos pos:0.9105192533351669 neg:0.08948074666483302 
3107.txt pos pos:0.8508539426379987 neg:0.14914605736200132 
2590.txt pos pos:0.980421280718743 neg:0.019578719281256995 
2450.txt pos pos:0.9631405493467665 neg:0.03685945065323359 
1007.txt pos pos:0.9471358503646137 neg:0.05286414963538639 
3632.txt pos neg:0.5246605658087186 pos:0.4753394341912815 
3057.txt neg pos:0.9980302648736878 neg:0.0019697351263121806 
595.txt pos pos:0.9998602086257052 neg:1.3979137429481658E-4 
4344.txt pos pos:0.8594158582828422 neg:0.14058414171715786 
2824.txt neg neg:0.9014688825459837 pos:0.09853111745401638 
938.txt pos neg:0.5103597606999303 pos:0.48964023930006967 
1683.txt pos pos:0.9808839204775295 neg:0.019116079522470526 
2365.txt pos pos:0.7275357724633483 neg:0.2724642275366517 
311.txt pos pos:0.8496721571735697 neg:0.15032784282643025 
2126.txt neg neg:0.9479586676199753 pos:0.0520413323800248 
3873.txt pos pos:0.9602401388711976 neg:0.0397598611288023 
536.txt pos pos:0.6472557403958589 neg:0.3527442596041412 
3693.txt neg neg:0.9980439130056301 pos:0.0019560869943699172 
364.txt pos pos:0.8131609029260793 neg:0.18683909707392066 
2850.txt pos pos:0.9518226789368287 neg:0.04817732106317137 
2039.txt neg pos:0.9047672380463475 neg:0.09523276195365252 
2005.txt neg neg:0.9722500248179126 pos:0.02774997518208747 
4105.txt pos pos:0.9957514176876656 neg:0.004248582312334362 
3282.txt pos pos:0.9984014146344296 neg:0.0015985853655704897 
409.txt neg neg:0.9860647045787945 pos:0.013935295421205656 
3017.txt neg neg:0.9922430061114325 pos:0.007756993888567562 
157.txt pos neg:0.6079469693136047 pos:0.3920530306863953 
2651.txt pos neg:0.5806327404716387 pos:0.4193672595283613 
3878.txt neg pos:0.8987974147948963 neg:0.10120258520510371 
3398.txt neg neg:0.9770804625802435 pos:0.022919537419756462 
3132.txt pos pos:0.9362162962037353 neg:0.06378370379626469 
1826.txt pos pos:0.5273533839491349 neg:0.47264661605086516 
4193.txt pos pos:0.984254391582898 neg:0.015745608417101976 
1035.txt pos pos:0.9938792192517284 neg:0.006120780748271573 
980.txt neg neg:0.995833926922521 pos:0.004166073077479032 
2741.txt neg neg:0.5735812701448648 pos:0.42641872985513507 
1322.txt pos pos:0.8874665729151632 neg:0.11253342708483671 
1187.txt pos pos:0.9147878039394831 neg:0.08521219606051683 
200.txt pos pos:0.814184283655294 neg:0.1858157163447058 
2811.txt neg neg:0.6941887926860875 pos:0.3058112073139125 
1150.txt neg neg:0.9995786589283823 pos:4.2134107161760723E-4 
2664.txt pos pos:0.9154983906397839 neg:0.08450160936021604 
4177.txt pos pos:0.9996969174139051 neg:3.0308258609495705E-4 
2596.txt neg neg:0.7141656973305125 pos:0.28583430266948745 
1420.txt neg neg:0.8911220362412728 pos:0.10887796375872717 
3566.txt pos pos:0.9676772674004054 neg:0.032322732599594645 
4179.txt pos pos:0.9939212804729883 neg:0.006078719527011759 
3831.txt neg neg:0.861292868341645 pos:0.13870713165835508 
4261.txt neg pos:0.626281990984253 neg:0.3737180090157471 
4345.txt neg neg:0.9680644198366506 pos:0.03193558016334955 
634.txt neg neg:0.997234084531293 pos:0.0027659154687070028 
1812.txt neg neg:0.9855170661070429 pos:0.014482933892957012 
3676.txt pos pos:0.992951708236577 neg:0.007048291763423087 
2312.txt neg neg:0.9971461164055089 pos:0.002853883594491075 
1363.txt neg neg:0.9813160999409737 pos:0.018683900059026433 
2112.txt pos pos:0.9963393486971921 neg:0.0036606513028078725 
2620.txt pos neg:0.8467148098130576 pos:0.15328519018694242 
2382.txt pos pos:0.9778095839687813 neg:0.02219041603121868 
2411.txt neg neg:0.7822833509094865 pos:0.21771664909051347 
1979.txt pos pos:0.9614951383761924 neg:0.038504861623807604 
1883.txt neg neg:0.5569304508827615 pos:0.44306954911723856 
1428.txt pos neg:0.8094699566270736 pos:0.19053004337292645 
2574.txt pos pos:0.9972258451762788 neg:0.0027741548237211833 
11.txt neg pos:0.8210181095984758 neg:0.17898189040152426 
2740.txt pos pos:0.6778973205326654 neg:0.3221026794673345 
1545.txt pos pos:0.7827670015204358 neg:0.21723299847956423 
2998.txt neg neg:0.9966546527450287 pos:0.003345347254971308 
3915.txt neg neg:0.9609623883331914 pos:0.039037611666808636 
2424.txt neg neg:0.9706265140891336 pos:0.029373485910866432 
936.txt pos pos:0.7518063123521108 neg:0.24819368764788918 
1771.txt pos neg:0.8682591259161362 pos:0.1317408740838637 
1074.txt neg neg:0.989120601547875 pos:0.01087939845212498 
2044.txt pos pos:0.7648926211772913 neg:0.23510737882270863 
931.txt pos pos:0.9999073098604417 neg:9.269013955827915E-5 
227.txt neg neg:0.9983105847855223 pos:0.001689415214477864 
2772.txt pos neg:0.6451349003236582 pos:0.3548650996763417 
1235.txt neg neg:0.92980657218547 pos:0.07019342781452997 
2203.txt neg neg:0.9150394385382343 pos:0.08496056146176578 
3678.txt pos pos:0.9289859524753492 neg:0.07101404752465067 
3837.txt pos pos:0.8102980644367033 neg:0.1897019355632967 
3175.txt pos pos:0.998534427291121 neg:0.001465572708879127 
395.txt neg neg:0.7166524721955999 pos:0.2833475278044001 
161.txt pos neg:0.583414437329881 pos:0.41658556267011904 
3223.txt neg neg:0.7893798323692541 pos:0.21062016763074595 
1032.txt pos pos:0.8824697362969525 neg:0.11753026370304753 
531.txt pos pos:0.8701630442704066 neg:0.12983695572959342 
4284.txt pos pos:0.9999682388163273 neg:3.176118367266662E-5 
2972.txt neg pos:0.9614639389909386 neg:0.038536061009061436 
87.txt neg neg:0.6746368483350826 pos:0.32536315166491736 
3225.txt pos pos:0.7985593269863626 neg:0.20144067301363744 
400.txt neg neg:0.5391028959783898 pos:0.4608971040216102 
2156.txt pos pos:0.7312718678787931 neg:0.268728132121207 
2535.txt neg pos:0.719510314696788 neg:0.2804896853032121 
1739.txt neg neg:0.801968217193719 pos:0.19803178280628098 
3307.txt neg pos:0.993345629653641 neg:0.006654370346359049 
1246.txt pos pos:0.5900009196143168 neg:0.4099990803856833 
1542.txt pos pos:0.9999494643052707 neg:5.0535694729345575E-5 
1469.txt neg neg:0.9985136878482325 pos:0.0014863121517675966 
1684.txt pos pos:0.6627318863742527 neg:0.3372681136257472 
516.txt neg neg:0.9842623868755609 pos:0.015737613124439137 
3280.txt neg pos:0.8691901068228115 neg:0.13080989317718852 
2187.txt pos pos:0.8017056646749952 neg:0.19829433532500484 
2665.txt neg neg:0.9138146754992127 pos:0.08618532450078736 
2204.txt neg neg:0.9550932321583142 pos:0.04490676784168593 
3716.txt pos pos:0.6745300977324696 neg:0.3254699022675305 
4026.txt pos neg:0.5697085114932716 pos:0.4302914885067284 
1248.txt pos neg:0.9051830442494379 pos:0.09481695575056222 
3436.txt neg neg:0.9999517722272648 pos:4.822777273525652E-5 
4289.txt pos neg:0.5275325656347597 pos:0.4724674343652403 
1110.txt neg pos:0.8794359863465284 neg:0.1205640136534716 
722.txt neg pos:0.9952789694322152 neg:0.004721030567784899 
2160.txt pos pos:0.8405827364519666 neg:0.15941726354803334 
105.txt neg neg:0.8404493552097348 pos:0.1595506447902652 
1234.txt pos neg:0.9584261014154326 pos:0.041573898584567365 
699.txt neg pos:0.5689093370142119 neg:0.4310906629857882 
3514.txt pos pos:0.9763284548208185 neg:0.023671545179181512 
3391.txt neg pos:0.9000821325995624 neg:0.09991786740043757 
3804.txt neg neg:0.9897495473673631 pos:0.010250452632636948 
1936.txt neg neg:0.7937493539039685 pos:0.2062506460960315 
3630.txt neg pos:0.5716880506874816 neg:0.42831194931251837 
1737.txt neg neg:0.9910052849818375 pos:0.008994715018162574 
193.txt neg neg:0.8538863264345067 pos:0.1461136735654932 
1072.txt pos pos:0.9565579179163349 neg:0.04344208208366498 
3638.txt pos neg:0.8752890769922036 pos:0.12471092300779645 
2889.txt neg neg:0.7918999926930022 pos:0.2081000073069978 
3969.txt neg neg:0.9558986411556843 pos:0.04410135884431558 
867.txt pos neg:0.7037053298894235 pos:0.29629467011057653 
523.txt neg neg:0.9999647987838061 pos:3.520121619401503E-5 
1328.txt pos pos:0.8640633455257052 neg:0.1359366544742949 
2128.txt neg pos:0.651312407896394 neg:0.34868759210360595 
179.txt neg pos:0.8792198416627994 neg:0.12078015833720063 
1866.txt pos pos:0.8127901952334917 neg:0.18720980476650825 
3088.txt neg pos:0.9565846803049036 neg:0.0434153196950963 
682.txt pos pos:0.7514360471594276 neg:0.24856395284057234 
1122.txt neg neg:0.979648381751103 pos:0.020351618248897006 
318.txt pos pos:0.7841863437148295 neg:0.21581365628517055 
3728.txt neg pos:0.5747452993597185 neg:0.4252547006402815 
1654.txt neg neg:0.8928395253506561 pos:0.10716047464934386 
3729.txt pos pos:0.6515111354013099 neg:0.3484888645986902 
896.txt neg neg:0.9997241960431904 pos:2.758039568095136E-4 
3555.txt neg neg:0.665421094524013 pos:0.3345789054759869 
4171.txt neg neg:0.5767562664469293 pos:0.4232437335530706 
2002.txt neg neg:0.7259174462329825 pos:0.27408255376701757 
1356.txt neg pos:0.7995433113772439 neg:0.2004566886227562 
1703.txt pos pos:0.822274581873142 neg:0.17772541812685813 
2774.txt neg neg:0.7652582305664858 pos:0.23474176943351413 
4170.txt pos pos:0.7547187521533338 neg:0.2452812478466662 
3332.txt neg neg:0.9906451860732689 pos:0.009354813926731025 
1627.txt pos pos:0.6833509265790245 neg:0.3166490734209754 
3259.txt pos pos:0.9972760159246122 neg:0.0027239840753877165 
3134.txt neg neg:0.9341941523699322 pos:0.06580584763006775 
2462.txt pos pos:0.6038087228770971 neg:0.396191277122903 
4215.txt pos pos:0.975843537068972 neg:0.024156462931028005 
2934.txt pos pos:0.9800839970857009 neg:0.01991600291429902 
1937.txt pos neg:0.9637651326121389 pos:0.03623486738786101 
3720.txt pos pos:0.9151875980017915 neg:0.08481240199820847 
1482.txt pos pos:0.9133608448935904 neg:0.08663915510640963 
2168.txt neg neg:0.9946541315845863 pos:0.005345868415413781 
1978.txt neg pos:0.5928670360889281 neg:0.4071329639110718 
3148.txt neg neg:0.9877658813439293 pos:0.01223411865607077 
130.txt neg neg:0.7739502502260032 pos:0.22604974977399683 
4212.txt pos pos:0.9918635180557183 neg:0.008136481944281838 
1317.txt pos neg:0.675618087424923 pos:0.3243819125750769 
150.txt pos pos:0.7551532647000322 neg:0.24484673529996767 
1461.txt pos pos:0.6738937079446387 neg:0.32610629205536135 
186.txt pos pos:0.8144499794745927 neg:0.18555002052540728 
2825.txt pos neg:0.5224676499281636 pos:0.4775323500718364 
2463.txt neg neg:0.6257366375952842 pos:0.37426336240471586 
2575.txt neg neg:0.9965757963695269 pos:0.0034242036304730095 
2369.txt neg neg:0.9981998463628939 pos:0.00180015363710606 
3262.txt pos pos:0.7592326126021635 neg:0.2407673873978366 
1653.txt neg neg:0.9686986571539409 pos:0.031301342846059045 
2611.txt pos pos:0.9007228535039609 neg:0.09927714649603919 
1270.txt pos pos:0.5776853352468607 neg:0.42231466475313933 
2540.txt neg neg:0.929514918180064 pos:0.07048508181993593 
1742.txt neg pos:0.7319183489193655 neg:0.26808165108063453 
956.txt neg pos:0.7915347277346334 neg:0.20846527226536657 
3401.txt pos pos:0.9831498643227544 neg:0.01685013567724555 
145.txt neg neg:0.8409206270327518 pos:0.15907937296724825 
558.txt neg neg:0.8682924271324554 pos:0.13170757286754464 
3753.txt neg neg:0.9807483497431575 pos:0.0192516502568425 
840.txt neg neg:0.9271857998195403 pos:0.07281420018045964 
Trial 0 Trainer MaxEntTrainer,gaussianPriorVariance=1.0 Training Data Confusion Matrix
Confusion Matrix, row=true, column=predicted  accuracy=1.0
  label   0   1  |total
  0 neg 900   .  |900
  1 pos   . 900  |900

Trial 0 Trainer MaxEntTrainer,gaussianPriorVariance=1.0 training data accuracy= 1.0
Trial 0 Trainer MaxEntTrainer,gaussianPriorVariance=1.0 Test Data Confusion Matrix
Confusion Matrix, row=true, column=predicted  accuracy=0.785
  label   0   1  |total
  0 neg  75  25  |100
  1 pos  18  82  |100

Trial 0 Trainer MaxEntTrainer,gaussianPriorVariance=1.0 test data accuracy= 0.785

MaxEntTrainer,gaussianPriorVariance=1.0
Summary. train accuracy mean = 1.0 stddev = 0.0 stderr = 0.0
Summary. test accuracy mean = 0.785 stddev = 0.0 stderr = 0.0
