
-------------------- Trial 0  --------------------

Trial 0 Training MaxEntTrainer,gaussianPriorVariance=1.0 with 1800 instances
Trial 0 Training MaxEntTrainer,gaussianPriorVariance=1.0 finished
Trial 0 Trainer MaxEntTrainer,gaussianPriorVariance=1.0
 Raw Testing Data
2764.txt neg neg:0.8638228512987582 pos:0.13617714870124173 
1502.txt neg pos:0.7879290703657894 neg:0.21207092963421065 
1903.txt pos pos:0.5623166617260805 neg:0.43768333827391953 
2617.txt pos pos:0.7449253317949617 neg:0.2550746682050383 
4238.txt neg neg:0.9000711086310945 pos:0.09992889136890544 
994.txt pos pos:0.9974515027683071 neg:0.0025484972316929195 
294.txt neg neg:0.5039092568669802 pos:0.49609074313301976 
453.txt pos pos:0.9727855912222263 neg:0.027214408777773657 
4229.txt neg neg:0.8986541111459181 pos:0.10134588885408188 
795.txt pos pos:0.742728262085291 neg:0.257271737914709 
877.txt pos pos:0.6791545757672374 neg:0.32084542423276263 
370.txt neg neg:0.9853822578212873 pos:0.014617742178712763 
2534.txt neg neg:0.6396055463976285 pos:0.36039445360237155 
3677.txt pos pos:0.9977906486354331 neg:0.0022093513645667947 
651.txt neg neg:0.9995669597040931 pos:4.3304029590686145E-4 
3553.txt neg neg:0.983146704739164 pos:0.01685329526083597 
2887.txt pos pos:0.8428726710893736 neg:0.1571273289106264 
73.txt neg neg:0.9760148566269241 pos:0.023985143373075883 
986.txt neg neg:0.9875229544519923 pos:0.012477045548007526 
3754.txt pos neg:0.9055251488308094 pos:0.0944748511691907 
4214.txt pos pos:0.7347085513339418 neg:0.26529144866605825 
1621.txt pos pos:0.9836411942009534 neg:0.01635880579904655 
533.txt neg neg:0.9863477210770741 pos:0.013652278922925993 
4339.txt pos pos:0.9796609448963516 neg:0.020339055103648265 
3528.txt neg pos:0.9835189212574414 neg:0.016481078742558664 
74.txt pos neg:0.8841663589192599 pos:0.11583364108074012 
3306.txt neg neg:0.6697221835029725 pos:0.3302778164970275 
405.txt pos pos:0.6667314166997403 neg:0.3332685833002597 
3402.txt neg neg:0.7855161253770249 pos:0.2144838746229751 
1210.txt neg neg:0.9306397075320304 pos:0.06936029246796954 
3347.txt pos neg:0.6774710796003621 pos:0.3225289203996378 
4002.txt neg neg:0.9601037180614641 pos:0.039896281938535866 
2823.txt pos neg:0.8718251017987244 pos:0.1281748982012756 
454.txt pos pos:0.9948993741712878 neg:0.005100625828712256 
4176.txt pos neg:0.9974204899043906 pos:0.0025795100956093092 
1839.txt neg neg:0.9976759822387649 pos:0.0023240177612350674 
2680.txt neg pos:0.9857368781083845 neg:0.014263121891615573 
4337.txt pos pos:0.9927312747617553 neg:0.007268725238244822 
1291.txt pos neg:0.7315631214067941 pos:0.2684368785932059 
3721.txt pos pos:0.7921798173036596 neg:0.20782018269634034 
2619.txt pos pos:0.9899210142131125 neg:0.01007898578688741 
246.txt pos neg:0.9025578084891548 pos:0.09744219151084521 
4103.txt pos pos:0.929359860538261 neg:0.07064013946173905 
1727.txt neg neg:0.596650718815536 pos:0.403349281184464 
4036.txt pos pos:0.9487230253919182 neg:0.05127697460808185 
2748.txt pos pos:0.9624120960483522 neg:0.03758790395164781 
2862.txt neg neg:0.9309358324954906 pos:0.06906416750450944 
3761.txt pos neg:0.876442085611018 pos:0.12355791438898195 
3895.txt pos pos:0.9999711816407125 neg:2.8818359287576745E-5 
2507.txt pos pos:0.9753069891638263 neg:0.024693010836173774 
314.txt neg neg:0.961343100161678 pos:0.0386568998383221 
3877.txt neg neg:0.7733991665092708 pos:0.22660083349072926 
158.txt pos pos:0.9928428919141805 neg:0.00715710808581953 
3778.txt neg pos:0.9139038232901178 neg:0.08609617670988211 
4220.txt neg neg:0.9947114071387745 pos:0.005288592861225424 
1828.txt neg neg:0.9734278344522866 pos:0.026572165547713283 
4283.txt neg neg:0.5512723614644667 pos:0.4487276385355334 
254.txt neg pos:0.7665046171784289 neg:0.2334953828215711 
1536.txt pos neg:0.5294342979216435 pos:0.4705657020783564 
2383.txt pos neg:0.640892296166614 pos:0.35910770383338597 
359.txt pos pos:0.9805795415622214 neg:0.019420458437778697 
379.txt neg neg:0.5568024002805911 pos:0.4431975997194089 
2711.txt neg neg:0.6495520261630265 pos:0.35044797383697346 
1984.txt pos pos:0.9968409515006877 neg:0.003159048499312206 
1714.txt pos pos:0.8879045348258413 neg:0.11209546517415875 
1091.txt neg pos:0.9248469509274275 neg:0.07515304907257249 
778.txt pos neg:0.6357934482611384 pos:0.3642065517388616 
4268.txt pos pos:0.9366765047837367 neg:0.06332349521626349 
2986.txt neg neg:0.9991294958011661 pos:8.705041988339356E-4 
1056.txt neg neg:0.9960044310274677 pos:0.0039955689725322185 
2900.txt pos neg:0.8679674730093119 pos:0.13203252699068815 
4303.txt neg neg:0.9916105776406776 pos:0.008389422359322413 
3147.txt neg pos:0.7406531091622549 neg:0.2593468908377451 
2686.txt pos pos:0.6838038870501928 neg:0.3161961129498073 
1531.txt pos pos:0.9928901400951423 neg:0.0071098599048576225 
3937.txt neg neg:0.6024078012466274 pos:0.3975921987533726 
2858.txt pos pos:0.9954698141861541 neg:0.0045301858138459385 
545.txt pos pos:0.6038727885274369 neg:0.39612721147256313 
3119.txt pos pos:0.9992224784257012 neg:7.775215742988091E-4 
3064.txt neg neg:0.9623078185718722 pos:0.03769218142812776 
2320.txt pos pos:0.9999023746878684 neg:9.762531213162812E-5 
3912.txt pos pos:0.8698390656863048 neg:0.13016093431369535 
3645.txt pos neg:0.7107836525563099 pos:0.28921634744369007 
2635.txt neg pos:0.9575330217543209 neg:0.042466978245679236 
2599.txt neg neg:0.8553342127725029 pos:0.14466578722749718 
1240.txt pos pos:0.9770389960065089 neg:0.022961003993491203 
2410.txt neg neg:0.9409973743056674 pos:0.059002625694332636 
2113.txt pos pos:0.703880550289 neg:0.296119449711 
3272.txt pos pos:0.5187370928673138 neg:0.48126290713268616 
1893.txt neg pos:0.5086383932684898 neg:0.4913616067315102 
297.txt pos pos:0.7987463203973172 neg:0.20125367960268276 
465.txt neg neg:0.9931467751531327 pos:0.0068532248468674084 
1595.txt pos pos:0.644520234183363 neg:0.35547976581663704 
2368.txt neg neg:0.9902162748936112 pos:0.009783725106388834 
629.txt pos pos:0.8438716877970109 neg:0.15612831220298914 
2990.txt neg neg:0.776435807022184 pos:0.22356419297781605 
1099.txt pos neg:0.5269314092320804 pos:0.47306859076791963 
2799.txt pos pos:0.8641442360046601 neg:0.13585576399533997 
3639.txt pos pos:0.7972251346886828 neg:0.2027748653113171 
2313.txt neg neg:0.866774147483174 pos:0.13322585251682592 
3025.txt pos neg:0.6322935815483088 pos:0.36770641845169116 
127.txt neg neg:0.6938697205928588 pos:0.30613027940714127 
2082.txt pos pos:0.9045254095463555 neg:0.09547459045364444 
1346.txt neg neg:0.8529493839194616 pos:0.14705061608053835 
2417.txt neg neg:0.9970045293238069 pos:0.002995470676193079 
2093.txt pos pos:0.7920580960800112 neg:0.20794190391998876 
1008.txt pos pos:0.9165270680283609 neg:0.0834729319716391 
3715.txt neg neg:0.750316530967221 pos:0.24968346903277905 
683.txt pos pos:0.9828157720155752 neg:0.01718422798442481 
138.txt neg pos:0.7844166775814647 neg:0.21558332241853528 
1049.txt neg neg:0.9788826813801845 pos:0.021117318619815455 
772.txt neg neg:0.5878481399642923 pos:0.41215186003570764 
1678.txt neg neg:0.9668682254231101 pos:0.033131774576889796 
3387.txt pos pos:0.9708105035985948 neg:0.029189496401405213 
4178.txt pos pos:0.6111617445238127 neg:0.3888382554761873 
4213.txt pos pos:0.9452234627119775 neg:0.05477653728802242 
1902.txt neg pos:0.6123693484867344 neg:0.3876306515132656 
4282.txt pos pos:0.9875440976330893 neg:0.012455902366910692 
2432.txt pos pos:0.5204226296422609 neg:0.47957737035773906 
764.txt neg neg:0.8690313849151173 pos:0.13096861508488278 
2559.txt neg neg:0.7215214037954584 pos:0.2784785962045416 
1087.txt neg neg:0.9999918071588714 pos:8.192841128708436E-6 
3016.txt neg neg:0.9595071548319453 pos:0.040492845168054764 
257.txt pos pos:0.9982817642212161 neg:0.0017182357787839176 
2138.txt neg neg:0.6035742888081872 pos:0.3964257111918128 
1309.txt pos pos:0.604745960191112 neg:0.39525403980888796 
776.txt pos pos:0.9514566524798759 neg:0.04854334752012417 
195.txt neg neg:0.9682225701365469 pos:0.03177742986345312 
1882.txt neg pos:0.8109785424228942 neg:0.1890214575771058 
3945.txt neg pos:0.8542221696355492 neg:0.14577783036445072 
3090.txt pos pos:0.6462507185349023 neg:0.35374928146509754 
684.txt pos pos:0.5551689383976118 neg:0.44483106160238817 
1096.txt neg neg:0.6055289223893673 pos:0.3944710776106327 
3156.txt neg pos:0.5423239943035173 neg:0.4576760056964827 
2788.txt pos pos:0.9963354422099995 neg:0.003664557790000499 
3041.txt pos pos:0.8302583632485054 neg:0.1697416367514946 
3560.txt pos pos:0.9945529076534292 neg:0.005447092346570845 
2997.txt neg neg:0.5336713055139753 pos:0.46632869448602465 
1777.txt pos pos:0.9996782834515584 neg:3.217165484414379E-4 
1744.txt neg neg:0.7621843518591546 pos:0.2378156481408453 
3879.txt neg neg:0.7270312115007039 pos:0.27296878849929607 
821.txt pos neg:0.9953677076641814 pos:0.0046322923358186234 
1604.txt neg neg:0.8079797770542331 pos:0.192020222945767 
201.txt pos pos:0.9958277276594955 neg:0.004172272340504516 
1247.txt pos neg:0.6136807818752947 pos:0.38631921812470515 
1592.txt pos pos:0.8311644201837821 neg:0.16883557981621777 
2516.txt pos pos:0.9103199952164553 neg:0.08968000478354464 
3942.txt neg neg:0.5053045237736883 pos:0.4946954762263117 
1682.txt pos pos:0.9978100538621504 neg:0.0021899461378494843 
4378.txt neg pos:0.6142373965367182 neg:0.3857626034632818 
1206.txt neg pos:0.5281319540764484 neg:0.47186804592355147 
3009.txt neg neg:0.9520740800081139 pos:0.047925919991886085 
3631.txt neg neg:0.5751715139687857 pos:0.42482848603121426 
1375.txt pos neg:0.9072318625186377 pos:0.0927681374813623 
2144.txt neg neg:0.9998572462237943 pos:1.4275377620557545E-4 
3246.txt neg neg:0.8966226706985457 pos:0.1033773293014542 
2314.txt neg neg:0.9954105246039532 pos:0.004589475396046914 
1273.txt neg pos:0.7092921815712151 neg:0.29070781842878485 
1544.txt pos pos:0.9808526996644361 neg:0.019147300335563864 
3985.txt neg neg:0.982101263261469 pos:0.017898736738531127 
1311.txt pos pos:0.9379531399236434 neg:0.062046860076356646 
1968.txt neg neg:0.997074707451864 pos:0.0029252925481360577 
1513.txt neg pos:0.9133485084286815 neg:0.08665149157131853 
868.txt pos neg:0.5021882542738021 pos:0.49781174572619796 
116.txt pos neg:0.7834925709254741 pos:0.21650742907452583 
814.txt pos pos:0.6370040693669832 neg:0.3629959306330167 
4005.txt neg neg:0.9989792453069759 pos:0.0010207546930240488 
1931.txt pos pos:0.9932408375598439 neg:0.00675916244015608 
1705.txt pos pos:0.791094654868233 neg:0.2089053451317669 
1871.txt pos pos:0.9994647914667106 neg:5.35208533289384E-4 
3165.txt pos pos:0.9999888862113036 neg:1.1113788696357511E-5 
143.txt neg pos:0.5868726633894624 neg:0.4131273366105376 
1040.txt neg pos:0.806355427632725 neg:0.19364457236727484 
2053.txt pos neg:0.971553980944186 pos:0.02844601905581398 
775.txt neg neg:0.9784643239567278 pos:0.02153567604327236 
1943.txt pos pos:0.9226414818943016 neg:0.07735851810569842 
866.txt pos pos:0.9796482727331205 neg:0.020351727266879543 
2716.txt neg pos:0.5266571195373915 neg:0.4733428804626085 
2957.txt neg neg:0.9120125928498367 pos:0.08798740715016315 
1845.txt neg neg:0.741269685215159 pos:0.25873031478484093 
3335.txt pos pos:0.6588508677956345 neg:0.3411491322043655 
652.txt pos pos:0.7426074978787526 neg:0.2573925021212475 
2959.txt neg pos:0.9321068699347504 neg:0.06789313006524958 
3767.txt neg neg:0.9380479332867918 pos:0.061952066713208256 
3692.txt neg neg:0.7086451435179884 pos:0.2913548564820116 
3737.txt pos pos:0.8351040865110764 neg:0.16489591348892355 
808.txt neg neg:0.985585401513328 pos:0.014414598486672047 
474.txt neg neg:0.9805695054805256 pos:0.019430494519474418 
2361.txt neg neg:0.9774237175764998 pos:0.022576282423500113 
1453.txt neg neg:0.7274332999714033 pos:0.27256670002859684 
982.txt pos pos:0.9658501037695435 neg:0.03414989623045652 
1885.txt neg neg:0.9918761185661623 pos:0.008123881433837597 
1318.txt pos pos:0.9963554719144193 neg:0.003644528085580669 
183.txt neg neg:0.8894111385149776 pos:0.1105888614850224 
1626.txt pos neg:0.9391147607699323 pos:0.06088523923006771 
17.txt pos pos:0.5440237575750569 neg:0.455976242424943 
656.txt neg pos:0.9627978367087373 neg:0.037202163291262705 
230.txt neg neg:0.9911850779537058 pos:0.008814922046294162 
3196.txt neg neg:0.7424543871476285 pos:0.2575456128523716 
3477.txt neg neg:0.9887379046264008 pos:0.011262095373599328 
Trial 0 Trainer MaxEntTrainer,gaussianPriorVariance=1.0 Training Data Confusion Matrix
Confusion Matrix, row=true, column=predicted  accuracy=1.0
  label   0   1  |total
  0 neg 900   .  |900
  1 pos   . 900  |900

Trial 0 Trainer MaxEntTrainer,gaussianPriorVariance=1.0 training data accuracy= 1.0
Trial 0 Trainer MaxEntTrainer,gaussianPriorVariance=1.0 Test Data Confusion Matrix
Confusion Matrix, row=true, column=predicted  accuracy=0.775
  label   0   1  |total
  0 neg  77  23  |100
  1 pos  22  78  |100

Trial 0 Trainer MaxEntTrainer,gaussianPriorVariance=1.0 test data accuracy= 0.775

MaxEntTrainer,gaussianPriorVariance=1.0
Summary. train accuracy mean = 1.0 stddev = 0.0 stderr = 0.0
Summary. test accuracy mean = 0.775 stddev = 0.0 stderr = 0.0
