
-------------------- Trial 0  --------------------

Trial 0 Training MaxEntTrainer,gaussianPriorVariance=1.0 with 1800 instances
Trial 0 Training MaxEntTrainer,gaussianPriorVariance=1.0 finished
Trial 0 Trainer MaxEntTrainer,gaussianPriorVariance=1.0
 Raw Testing Data
3741.txt neg pos:0.671019724824637 neg:0.328980275175363 
3733.txt neg neg:0.6684393212916131 pos:0.33156067870838685 
1600.txt pos pos:0.803541768591201 neg:0.19645823140879914 
3432.txt pos neg:0.609492664968178 pos:0.3905073350318219 
2033.txt pos pos:0.8560296702586274 neg:0.14397032974137255 
3898.txt pos pos:0.7438269842600832 neg:0.2561730157399167 
4107.txt pos pos:0.7843117830413432 neg:0.21568821695865678 
1418.txt pos pos:0.9871962488415776 neg:0.012803751158422333 
2939.txt neg pos:0.50542659625347 neg:0.49457340374652997 
117.txt neg pos:0.9668745699983411 neg:0.033125430001658795 
3144.txt neg neg:0.623191626128148 pos:0.3768083738718519 
3907.txt neg neg:0.9725934774214474 pos:0.027406522578552663 
2954.txt pos neg:0.7494515270911188 pos:0.2505484729088812 
2290.txt neg neg:0.9999980254069673 pos:1.974593032614184E-6 
1857.txt neg neg:0.9833885519777243 pos:0.01661144802227575 
1850.txt neg neg:0.789766014234948 pos:0.21023398576505214 
1244.txt pos pos:0.6851619014589349 neg:0.3148380985410651 
1171.txt pos pos:0.9472740829247845 neg:0.052725917075215456 
1121.txt pos pos:0.9557150473143136 neg:0.04428495268568645 
2452.txt pos pos:0.8980724715225907 neg:0.10192752847740928 
1980.txt neg neg:0.5568205131398989 pos:0.44317948686010117 
623.txt pos pos:0.9468639393592857 neg:0.05313606064071426 
129.txt pos pos:0.9723531060425188 neg:0.027646893957481246 
3113.txt neg neg:0.993450904764155 pos:0.006549095235845046 
2753.txt neg neg:0.8903897763335286 pos:0.10961022366647143 
4146.txt neg neg:0.951157033156337 pos:0.04884296684366304 
921.txt neg neg:0.9738957997114173 pos:0.02610420028858265 
1345.txt pos neg:0.5085866710081183 pos:0.4914133289918818 
2794.txt pos neg:0.5800521285423065 pos:0.4199478714576935 
2250.txt pos pos:0.9718773526618222 neg:0.028122647338177757 
2374.txt pos pos:0.9959734050224959 neg:0.004026594977504094 
976.txt neg neg:0.9040647917278121 pos:0.09593520827218797 
1690.txt neg pos:0.7257105073097188 neg:0.2742894926902812 
3534.txt pos neg:0.7183820744151113 pos:0.28161792558488874 
4134.txt neg neg:0.9989310106107175 pos:0.0010689893892825361 
3105.txt pos neg:0.848771608585067 pos:0.15122839141493297 
3161.txt neg neg:0.9923485469524058 pos:0.007651453047594175 
541.txt pos neg:0.8635042898735618 pos:0.1364957101264383 
281.txt neg neg:0.6569342768735377 pos:0.3430657231264624 
2503.txt pos pos:0.835655426254166 neg:0.16434457374583394 
440.txt pos pos:0.6776603973806826 neg:0.3223396026193174 
1137.txt neg neg:0.9967877015955923 pos:0.0032122984044077375 
3662.txt neg neg:0.9342075746384868 pos:0.06579242536151315 
3435.txt pos pos:0.9988564769683773 neg:0.0011435230316227468 
553.txt neg neg:0.6598340629509329 pos:0.34016593704906706 
884.txt neg neg:0.9990932582478622 pos:9.067417521377293E-4 
3451.txt neg neg:0.9845246031837341 pos:0.015475396816265804 
3689.txt pos pos:0.8918410206041335 neg:0.1081589793958665 
4199.txt neg neg:0.9833909734466934 pos:0.01660902655330657 
692.txt neg neg:0.8896619736705428 pos:0.11033802632945723 
3918.txt pos pos:0.9475671833674106 neg:0.05243281663258934 
3874.txt neg pos:0.5486211958512347 neg:0.4513788041487653 
624.txt pos pos:0.8219303904667743 neg:0.1780696095332256 
2976.txt pos pos:0.7560770356806218 neg:0.24392296431937818 
1433.txt pos pos:0.9909795906061436 neg:0.009020409393856297 
1360.txt pos pos:0.9998347799210852 neg:1.652200789149356E-4 
3138.txt neg neg:0.9841199661824055 pos:0.01588003381759452 
2431.txt neg neg:0.5366989261537514 pos:0.4633010738462487 
3082.txt pos neg:0.6215741825836679 pos:0.3784258174163321 
1292.txt pos pos:0.9830103922384111 neg:0.016989607761588907 
13.txt pos pos:0.9520526627716944 neg:0.04794733722830562 
2884.txt pos pos:0.9062078647592668 neg:0.09379213524073302 
4322.txt neg neg:0.657686287548568 pos:0.3423137124514321 
3039.txt neg neg:0.998862646761733 pos:0.0011373532382670652 
1708.txt pos pos:0.8926769177108944 neg:0.10732308228910563 
2356.txt pos pos:0.9812497509103261 neg:0.018750249089673827 
2299.txt neg neg:0.9058276573742501 pos:0.09417234262574996 
301.txt neg neg:0.8093780116201309 pos:0.19062198837986916 
170.txt pos pos:0.9747786435774497 neg:0.025221356422550252 
3588.txt neg neg:0.9543490789208745 pos:0.04565092107912545 
819.txt pos pos:0.5692016068416419 neg:0.430798393158358 
4300.txt neg neg:0.9057165736661092 pos:0.09428342633389082 
3975.txt neg neg:0.9697294060874262 pos:0.030270593912573855 
1989.txt neg neg:0.5378061526202892 pos:0.4621938473797108 
3548.txt pos neg:0.5821906909439734 pos:0.41780930905602653 
1038.txt neg neg:0.9998734485366252 pos:1.2655146337489648E-4 
2915.txt neg neg:0.572493938188075 pos:0.4275060618119249 
462.txt pos pos:0.9856260273175663 neg:0.014373972682433775 
110.txt neg pos:0.8686298575321054 neg:0.13137014246789447 
2286.txt pos neg:0.8393069660022096 pos:0.1606930339977904 
2455.txt pos pos:0.9990417952261608 neg:9.582047738392666E-4 
2495.txt neg neg:0.9773620927840921 pos:0.02263790721590802 
3696.txt neg neg:0.9496447730374126 pos:0.05035522696258739 
810.txt pos pos:0.7903638950919275 neg:0.20963610490807247 
2537.txt neg neg:0.9495378033324262 pos:0.050462196667573754 
1646.txt neg neg:0.8942119226837368 pos:0.10578807731626304 
1657.txt pos pos:0.6063283492208202 neg:0.39367165077917965 
66.txt pos pos:0.8116609952699997 neg:0.1883390047300004 
308.txt neg neg:0.9117570757171378 pos:0.08824292428286215 
2827.txt pos pos:0.9185889315232293 neg:0.08141106847677071 
3166.txt neg neg:0.94951392133635 pos:0.05048607866365003 
590.txt pos neg:0.702918952286327 pos:0.29708104771367305 
1231.txt pos neg:0.9021440260116477 pos:0.09785597398835222 
3964.txt pos pos:0.999581153896425 neg:4.188461035749246E-4 
2771.txt neg neg:0.9420023521557723 pos:0.057997647844227625 
4091.txt neg neg:0.7060493062046052 pos:0.29395069379539474 
3184.txt pos pos:0.9986833953237682 neg:0.0013166046762319735 
2380.txt pos pos:0.9724322282940119 neg:0.02756777170598815 
3797.txt neg neg:0.6933414354688561 pos:0.3066585645311439 
3424.txt neg neg:0.870223419690156 pos:0.12977658030984401 
3498.txt pos pos:0.7076758926302184 neg:0.2923241073697817 
1996.txt pos pos:0.9807248695134092 neg:0.01927513048659077 
1353.txt neg neg:0.894416142413637 pos:0.10558385758636299 
2443.txt neg pos:0.7795958070966043 neg:0.22040419290339575 
260.txt pos pos:0.9714487274066274 neg:0.02855127259337256 
432.txt pos pos:0.9437263364312409 neg:0.056273663568759145 
606.txt pos pos:0.8588652489283601 neg:0.14113475107163992 
250.txt neg neg:0.9973839075922654 pos:0.0026160924077347344 
43.txt pos pos:0.9996309151811442 neg:3.690848188557977E-4 
3131.txt neg neg:0.9042998737246332 pos:0.09570012627536678 
3179.txt pos pos:0.8237224162005473 neg:0.17627758379945277 
3093.txt neg neg:0.9765258761550392 pos:0.02347412384496079 
149.txt neg neg:0.9961343475571075 pos:0.0038656524428924478 
4219.txt pos pos:0.9828762120667291 neg:0.01712378793327081 
237.txt pos neg:0.6378373959919807 pos:0.3621626040080193 
3338.txt pos pos:0.9220406487599553 neg:0.07795935124004459 
3840.txt pos pos:0.9917134261438191 neg:0.00828657385618092 
2969.txt neg neg:0.5875031515039072 pos:0.41249684849609275 
1499.txt pos neg:0.762458653575761 pos:0.237541346424239 
177.txt pos pos:0.7707476591766752 neg:0.22925234082332485 
380.txt neg pos:0.672401278004467 neg:0.32759872199553297 
4.txt pos neg:0.6121940486020357 pos:0.38780595139796425 
2515.txt neg neg:0.9962258949331024 pos:0.0037741050668977133 
4080.txt pos pos:0.8287740444436765 neg:0.17122595555632347 
2861.txt neg neg:0.9967783194464461 pos:0.0032216805535537907 
3491.txt pos neg:0.5719011962414725 pos:0.4280988037585275 
1587.txt neg pos:0.8913871905658376 neg:0.10861280943416239 
1863.txt pos pos:0.824065386995768 neg:0.17593461300423202 
2778.txt neg neg:0.9838216500540204 pos:0.016178349945979536 
2560.txt neg neg:0.9744543701289343 pos:0.02554562987106568 
2088.txt neg neg:0.7478994735191147 pos:0.2521005264808853 
2414.txt neg neg:0.6206269761460519 pos:0.3793730238539481 
643.txt neg neg:0.8111943029361524 pos:0.18880569706384764 
449.txt pos pos:0.9847242955234217 neg:0.015275704476578434 
1589.txt neg neg:0.6619337888569609 pos:0.3380662111430391 
4217.txt pos neg:0.5929989534130385 pos:0.40700104658696146 
2829.txt pos pos:0.5203977850276027 neg:0.4796022149723973 
1130.txt neg neg:0.976974072867956 pos:0.023025927132043947 
2982.txt pos neg:0.9080046420386323 pos:0.09199535796136779 
941.txt pos pos:0.9192056034495144 neg:0.0807943965504855 
1284.txt neg neg:0.888013995547363 pos:0.11198600445263691 
832.txt pos pos:0.7156909388304111 neg:0.28430906116958893 
990.txt pos pos:0.9321628647407697 neg:0.06783713525923028 
44.txt pos neg:0.7054413873095736 pos:0.29455861269042627 
2852.txt pos neg:0.503778068265949 pos:0.49622193173405105 
2174.txt neg neg:0.9472180993062114 pos:0.05278190069378874 
1378.txt neg neg:0.6563795743507871 pos:0.34362042564921297 
904.txt neg neg:0.992726205839174 pos:0.007273794160825966 
1991.txt pos pos:0.9720899616444789 neg:0.027910038355521 
2075.txt neg neg:0.9721590856273175 pos:0.027840914372682504 
2814.txt neg pos:0.8419048090447175 neg:0.1580951909552824 
4197.txt neg pos:0.7038680063457002 neg:0.2961319936542998 
3384.txt neg neg:0.9458005163404485 pos:0.05419948365955149 
978.txt neg neg:0.95359682846455 pos:0.04640317153545009 
2025.txt neg neg:0.9866120847032398 pos:0.013387915296760195 
3990.txt pos pos:0.9999905267242744 neg:9.4732757255077E-6 
68.txt pos pos:0.8378149582176447 neg:0.16218504178235524 
503.txt neg pos:0.6504142183797069 neg:0.349585781620293 
3635.txt neg pos:0.772657102499621 neg:0.22734289750037892 
757.txt pos pos:0.9978403526186115 neg:0.0021596473813885334 
3647.txt neg neg:0.6063036595713679 pos:0.39369634042863216 
3102.txt pos pos:0.93309386172281 neg:0.06690613827719011 
1367.txt pos pos:0.714357558718798 neg:0.285642441281202 
2444.txt neg neg:0.6316028704067957 pos:0.36839712959320425 
4265.txt pos neg:0.9619542911926604 pos:0.038045708807339554 
2967.txt neg neg:0.7514569786455603 pos:0.2485430213544398 
2140.txt pos neg:0.9978546351414586 pos:0.0021453648585415233 
613.txt neg pos:0.6191342109831466 neg:0.3808657890168534 
288.txt neg neg:0.9010809372847425 pos:0.09891906271525763 
2953.txt pos pos:0.7875152838402548 neg:0.2124847161597452 
1774.txt pos neg:0.547485704784913 pos:0.452514295215087 
2022.txt neg pos:0.5791954498556808 neg:0.4208045501443191 
3832.txt pos pos:0.9554972759743929 neg:0.04450272402560694 
3972.txt neg neg:0.9929376227279456 pos:0.007062377272054426 
2737.txt pos pos:0.9947147251286245 neg:0.0052852748713755155 
576.txt neg neg:0.8905788827148761 pos:0.10942111728512399 
2297.txt neg neg:0.9638523248431452 pos:0.03614767515685477 
4348.txt pos pos:0.997788322219848 neg:0.0022116777801519678 
1800.txt neg neg:0.593343986008063 pos:0.4066560139919369 
483.txt neg neg:0.9095988123187961 pos:0.09040118768120389 
1547.txt pos neg:0.6369721545609964 pos:0.3630278454390035 
997.txt pos pos:0.8559829926077607 neg:0.14401700739223938 
1958.txt neg pos:0.9118214838368318 neg:0.08817851616316809 
4051.txt pos pos:0.9394071620562463 neg:0.06059283794375375 
644.txt neg neg:0.9785849946426942 pos:0.021415005357305693 
1875.txt neg pos:0.7496000158830999 neg:0.2503999841169001 
1549.txt pos pos:0.9502764732525296 neg:0.049723526747470305 
4210.txt pos pos:0.9471210124737317 neg:0.05287898752626825 
2009.txt neg neg:0.9807508841451729 pos:0.01924911585482707 
4341.txt pos pos:0.9424477259797415 neg:0.057552274020258504 
3293.txt pos pos:0.7538555568260398 neg:0.24614444317396017 
2046.txt pos pos:0.9810048478534861 neg:0.01899515214651391 
1043.txt neg neg:0.9999920621918118 pos:7.937808188144944E-6 
730.txt neg neg:0.9249441636073183 pos:0.0750558363926816 
3665.txt neg neg:0.6836801705489054 pos:0.31631982945109466 
1558.txt neg neg:0.6404096977352424 pos:0.3595903022647576 
4357.txt neg neg:0.9976106628358105 pos:0.0023893371641896333 
1295.txt pos neg:0.8293113862847837 pos:0.17068861371521638 
3997.txt pos pos:0.9713284116082734 neg:0.02867158839172664 
1789.txt pos pos:0.5290240609784903 neg:0.47097593902150964 
Trial 0 Trainer MaxEntTrainer,gaussianPriorVariance=1.0 Training Data Confusion Matrix
Confusion Matrix, row=true, column=predicted  accuracy=1.0
  label   0   1  |total
  0 neg 900   .  |900
  1 pos   . 900  |900

Trial 0 Trainer MaxEntTrainer,gaussianPriorVariance=1.0 training data accuracy= 1.0
Trial 0 Trainer MaxEntTrainer,gaussianPriorVariance=1.0 Test Data Confusion Matrix
Confusion Matrix, row=true, column=predicted  accuracy=0.79
  label   0   1  |total
  0 neg  83  17  |100
  1 pos  25  75  |100

Trial 0 Trainer MaxEntTrainer,gaussianPriorVariance=1.0 test data accuracy= 0.79

MaxEntTrainer,gaussianPriorVariance=1.0
Summary. train accuracy mean = 1.0 stddev = 0.0 stderr = 0.0
Summary. test accuracy mean = 0.79 stddev = 0.0 stderr = 0.0
