
-------------------- Trial 0  --------------------

Trial 0 Training MaxEntTrainer,gaussianPriorVariance=1.0 with 1800 instances
Trial 0 Training MaxEntTrainer,gaussianPriorVariance=1.0 finished
Trial 0 Trainer MaxEntTrainer,gaussianPriorVariance=1.0
 Raw Testing Data
4188.txt neg neg:0.5166707622948553 pos:0.4833292377051447 
1890.txt neg neg:0.9271576662871353 pos:0.07284233371286486 
3541.txt neg pos:0.6550854557951896 neg:0.34491454420481027 
2106.txt pos pos:0.6229335185747557 neg:0.3770664814252444 
2567.txt pos pos:0.9510227338917058 neg:0.0489772661082942 
302.txt pos pos:0.9687410971088452 neg:0.03125890289115497 
1475.txt pos neg:0.9841229643447064 pos:0.015877035655293623 
2396.txt pos pos:0.9571222244735501 neg:0.042877775526449814 
3481.txt neg neg:0.65469695343906 pos:0.3453030465609399 
937.txt neg neg:0.5930886642999731 pos:0.40691133570002685 
1923.txt pos pos:0.8323225306025956 neg:0.16767746939740438 
950.txt pos pos:0.9858486881223875 neg:0.014151311877612469 
1764.txt neg neg:0.5529552352331513 pos:0.44704476476684873 
466.txt neg neg:0.9999866245191332 pos:1.3375480866689265E-5 
4035.txt pos pos:0.9999998072606232 neg:1.927393768572675E-7 
4157.txt neg neg:0.9882733063911895 pos:0.011726693608810497 
4246.txt pos pos:0.9147961472376984 neg:0.08520385276230144 
2340.txt pos pos:0.9999874371959367 neg:1.2562804063166354E-5 
1434.txt neg neg:0.9998717618449907 pos:1.2823815500930143E-4 
3271.txt pos neg:0.8998268966332854 pos:0.10017310336671467 
3005.txt pos neg:0.8354757678032075 pos:0.1645242321967924 
3573.txt neg pos:0.5031032237838142 neg:0.4968967762161857 
1846.txt neg neg:0.9938488439183328 pos:0.0061511560816671935 
2289.txt pos neg:0.8584573596654664 pos:0.14154264033453356 
3076.txt neg neg:0.5886459667502983 pos:0.41135403324970166 
273.txt neg neg:0.9912566458243257 pos:0.008743354175674426 
669.txt neg pos:0.8181864334090535 neg:0.1818135665909465 
3681.txt pos pos:0.6050947832787418 neg:0.39490521672125817 
3169.txt neg neg:0.9998067804172431 pos:1.9321958275681119E-4 
1083.txt neg neg:0.5058441085445408 pos:0.49415589145545924 
1448.txt neg neg:0.8903525439739852 pos:0.10964745602601467 
1564.txt pos pos:0.989342881184862 neg:0.010657118815138089 
4097.txt neg pos:0.5351130945060687 neg:0.4648869054939313 
1371.txt pos pos:0.5653367508093147 neg:0.4346632491906854 
3329.txt pos pos:0.7370900649023763 neg:0.26290993509762384 
3946.txt neg pos:0.6746840764333472 neg:0.3253159235666529 
2445.txt neg neg:0.9507052946879919 pos:0.049294705312007976 
1194.txt pos pos:0.5937219398385729 neg:0.4062780601614271 
156.txt neg pos:0.6365515923187385 neg:0.3634484076812616 
1441.txt neg neg:0.8437336133347078 pos:0.1562663866652922 
977.txt neg pos:0.9054339609721962 neg:0.0945660390278038 
3901.txt neg neg:0.9195816164572596 pos:0.08041838354274043 
1563.txt pos pos:0.8987240808926465 neg:0.10127591910735341 
1872.txt pos pos:0.9495938601750046 neg:0.05040613982499547 
1848.txt neg pos:0.9400374970789631 neg:0.05996250292103678 
3811.txt pos pos:0.9280909710577809 neg:0.07190902894221904 
586.txt pos pos:0.9552605262084205 neg:0.04473947379157944 
253.txt pos pos:0.9982958461335034 neg:0.0017041538664965914 
813.txt neg neg:0.9268150191520768 pos:0.07318498084792335 
2766.txt pos pos:0.9645072544540816 neg:0.03549274554591838 
942.txt neg neg:0.9860058037425552 pos:0.01399419625744476 
2912.txt pos neg:0.9185393321397424 pos:0.08146066786025763 
1696.txt neg neg:0.9847000218753347 pos:0.01529997812466537 
1303.txt pos pos:0.987448366447492 neg:0.01255163355250809 
3773.txt pos pos:0.9487444204904506 neg:0.051255579509549336 
1580.txt pos pos:0.8970692504138758 neg:0.10293074958612429 
945.txt neg neg:0.6743635819449568 pos:0.3256364180550431 
3709.txt neg neg:0.9563553871821218 pos:0.04364461281787836 
1061.txt pos neg:0.9808484853062491 pos:0.019151514693750864 
2670.txt pos pos:0.7977003087819853 neg:0.20229969121801475 
4316.txt neg neg:0.9978152585690292 pos:0.0021847414309706754 
3204.txt pos pos:0.8620813853378316 neg:0.13791861466216823 
414.txt neg neg:0.9998645540197911 pos:1.3544598020874058E-4 
406.txt pos pos:0.9936516211048694 neg:0.00634837889513065 
1268.txt neg neg:0.9154214333452133 pos:0.08457856665478669 
2566.txt neg pos:0.5461219301487353 neg:0.45387806985126455 
4273.txt pos pos:0.9255204532353147 neg:0.07447954676468525 
446.txt pos pos:0.8250677154292329 neg:0.17493228457076715 
3315.txt pos pos:0.8362507207414429 neg:0.16374927925855715 
1965.txt neg neg:0.9865380309943524 pos:0.013461969005647683 
3327.txt pos pos:0.5043373677612233 neg:0.49566263223877677 
1330.txt neg neg:0.9774715169099304 pos:0.0225284830900696 
1765.txt pos neg:0.8515141156481167 pos:0.14848588435188323 
667.txt neg neg:0.9448349045582042 pos:0.05516509544179583 
1255.txt pos neg:0.8481415502407712 pos:0.1518584497592288 
2147.txt neg neg:0.9938521716154141 pos:0.006147828384585941 
1212.txt pos pos:0.9124744854510807 neg:0.08752551454891927 
305.txt pos neg:0.9455338829391418 pos:0.05446611706085818 
588.txt pos pos:0.9999656012790131 neg:3.439872098673393E-5 
2802.txt neg neg:0.7979376794340646 pos:0.20206232056593545 
1266.txt neg neg:0.9143072676376535 pos:0.08569273236234654 
104.txt pos pos:0.9999681418965441 neg:3.185810345578204E-5 
3941.txt neg neg:0.9828747926286971 pos:0.017125207371302766 
1447.txt pos pos:0.7216241345594202 neg:0.27837586544057985 
3799.txt pos pos:0.8596883595910937 neg:0.14031164040890642 
473.txt pos neg:0.8050463682126247 pos:0.19495363178737524 
3418.txt pos pos:0.942409037764562 neg:0.05759096223543802 
787.txt pos pos:0.9854071768832995 neg:0.014592823116700557 
1807.txt pos neg:0.9208680166599376 pos:0.07913198334006251 
4319.txt pos pos:0.9662143862166991 neg:0.03378561378330098 
1672.txt neg neg:0.6413287923147809 pos:0.3586712076852192 
1924.txt pos pos:0.9999677146604808 neg:3.228533951921202E-5 
4356.txt neg neg:0.9017728695285298 pos:0.09822713047147014 
530.txt neg neg:0.9658952700766413 pos:0.03410472992335858 
3746.txt pos pos:0.7356933765869897 neg:0.26430662341301026 
3888.txt neg pos:0.9777920821934019 neg:0.022207917806598233 
4208.txt pos pos:0.9996320564381836 neg:3.6794356181646967E-4 
649.txt pos pos:0.981120709755769 neg:0.018879290244230993 
2264.txt pos pos:0.9978821453761529 neg:0.0021178546238470593 
3651.txt neg neg:0.7674353626305798 pos:0.23256463736942018 
1269.txt pos pos:0.996569658581462 neg:0.003430341418538013 
3410.txt neg neg:0.9840923547102829 pos:0.015907645289717127 
1252.txt pos neg:0.8187252373178519 pos:0.1812747626821481 
490.txt pos pos:0.8244015660256355 neg:0.17559843397436437 
1136.txt neg neg:0.7305387849577828 pos:0.2694612150422172 
3245.txt neg neg:0.9012721909953 pos:0.0987278090047 
310.txt neg pos:0.7871694364446233 neg:0.21283056355537666 
2521.txt neg neg:0.6900630916620745 pos:0.30993690833792553 
1873.txt neg neg:0.9999034919386455 pos:9.650806135449084E-5 
3540.txt pos neg:0.656677080605053 pos:0.3433229193949471 
792.txt neg neg:0.8714815383018959 pos:0.12851846169810402 
3817.txt neg neg:0.9936774057835887 pos:0.006322594216411321 
3948.txt neg neg:0.9917874155640853 pos:0.008212584435914617 
2058.txt neg neg:0.9189359171437335 pos:0.08106408285626651 
3320.txt pos pos:0.9074943898668777 neg:0.09250561013312235 
1337.txt neg neg:0.8063220830819714 pos:0.1936779169180287 
1962.txt neg neg:0.7020836064032596 pos:0.2979163935967403 
1131.txt neg neg:0.9999985464355078 pos:1.4535644921330018E-6 
30.txt neg pos:0.9362036660219557 neg:0.0637963339780443 
1762.txt pos pos:0.5640748518208333 neg:0.43592514817916683 
2726.txt pos pos:0.9946402575471451 neg:0.005359742452854753 
1139.txt pos pos:0.9993937511126125 neg:6.062488873874042E-4 
4325.txt pos pos:0.7543592468877618 neg:0.2456407531122382 
4274.txt pos pos:0.9893317777896834 neg:0.01066822221031662 
559.txt pos pos:0.7761202525463088 neg:0.2238797474536913 
1055.txt neg neg:0.926528067514366 pos:0.07347193248563404 
711.txt pos neg:0.5362202918349889 pos:0.4637797081650112 
3042.txt pos pos:0.5282572961429816 neg:0.47174270385701844 
828.txt neg neg:0.9859661725654588 pos:0.014033827434541101 
1302.txt neg pos:0.8241788070874794 neg:0.1758211929125205 
2985.txt neg pos:0.9309596265679776 neg:0.06904037343202246 
2895.txt pos neg:0.9296352603027663 pos:0.07036473969723364 
2803.txt pos pos:0.9994201015966583 neg:5.798984033416915E-4 
4163.txt pos neg:0.7515061523153934 pos:0.24849384768460653 
2913.txt neg neg:0.5067477702211084 pos:0.4932522297788915 
3239.txt neg neg:0.9931118905675218 pos:0.00688810943247825 
2011.txt neg neg:0.9843722722985686 pos:0.015627727701431397 
579.txt neg neg:0.76244731062243 pos:0.23755268937757001 
192.txt pos pos:0.8813304651340875 neg:0.11866953486591236 
833.txt pos neg:0.9354982021913232 pos:0.06450179780867672 
1786.txt pos pos:0.6443421533506843 neg:0.35565784664931577 
319.txt neg neg:0.984311640659959 pos:0.015688359340041043 
4350.txt pos pos:0.8259088429490242 neg:0.1740911570509758 
3422.txt neg neg:0.9840316409875091 pos:0.015968359012490867 
3094.txt pos pos:0.9804312265048467 neg:0.01956877349515333 
2263.txt pos pos:0.9655702781882715 neg:0.034429721811728514 
2101.txt pos neg:0.5750560362497651 pos:0.4249439637502349 
505.txt neg pos:0.5336349159226971 neg:0.46636508407730287 
4323.txt neg neg:0.9999970196581935 pos:2.9803418064523104E-6 
1060.txt neg neg:0.9278874802131343 pos:0.07211251978686581 
3326.txt neg neg:0.6102061412407818 pos:0.38979385875921824 
4365.txt pos pos:0.9989892008377282 neg:0.001010799162271697 
2671.txt neg neg:0.6296912646685828 pos:0.3703087353314172 
4075.txt pos pos:0.9999122052209537 neg:8.779477904624888E-5 
299.txt neg neg:0.7381440972314381 pos:0.2618559027685618 
3747.txt neg neg:0.8156219931265084 pos:0.18437800687349157 
234.txt neg neg:0.9931261670350154 pos:0.006873832964984624 
3203.txt pos pos:0.9300081598523711 neg:0.069991840147629 
2493.txt neg neg:0.9814636631672532 pos:0.01853633683274688 
1261.txt neg pos:0.609407708679775 neg:0.390592291320225 
1763.txt neg neg:0.9581412028886225 pos:0.04185879711137746 
4296.txt neg neg:0.6590409282212029 pos:0.3409590717787972 
1832.txt pos pos:0.9921522286586469 neg:0.007847771341353124 
2920.txt pos pos:0.9914766465298024 neg:0.008523353470197708 
2761.txt pos pos:0.8833182690835111 neg:0.11668173091648885 
2288.txt neg neg:0.9227794181473952 pos:0.07722058185260493 
2783.txt neg neg:0.7809044134254305 pos:0.21909558657456957 
4119.txt neg neg:0.9991979217418401 pos:8.020782581599628E-4 
103.txt pos pos:0.9849895724458102 neg:0.015010427554189697 
3002.txt pos neg:0.7746051398121218 pos:0.22539486018787824 
3121.txt pos neg:0.939722125174619 pos:0.06027787482538116 
2436.txt pos pos:0.9999541237158975 neg:4.58762841023936E-5 
3658.txt neg pos:0.5580982179487661 neg:0.4419017820512339 
522.txt pos pos:0.9377149410082366 neg:0.06228505899176351 
2024.txt neg pos:0.6056838121443154 neg:0.3943161878556847 
885.txt neg neg:0.9566727640201329 pos:0.04332723597986705 
3489.txt pos pos:0.6373044683894634 neg:0.36269553161053664 
77.txt neg neg:0.9696270563301395 pos:0.03037294366986055 
3242.txt neg neg:0.9263709007361264 pos:0.07362909926387365 
1633.txt pos pos:0.9998633065322448 neg:1.3669346775519413E-4 
758.txt pos pos:0.9878622278518878 neg:0.012137772148112272 
4098.txt pos pos:0.9974806073479539 neg:0.0025193926520462795 
1634.txt pos pos:0.9888522141870836 neg:0.011147785812916446 
640.txt pos pos:0.998611824495577 neg:0.0013881755044229508 
1519.txt neg neg:0.9194096324725854 pos:0.08059036752741461 
248.txt neg neg:0.9986313354595969 pos:0.0013686645404030553 
1609.txt neg neg:0.8414612754062255 pos:0.15853872459377447 
1556.txt pos pos:0.9990026628341122 neg:9.973371658878404E-4 
1342.txt neg neg:0.9644119190102045 pos:0.03558808098979554 
959.txt pos neg:0.7592359887487993 pos:0.24076401125120073 
3031.txt neg neg:0.895263266868023 pos:0.10473673313197701 
3279.txt neg neg:0.5334119981828341 pos:0.46658800181716575 
2442.txt neg neg:0.7322702465999614 pos:0.2677297534000385 
3880.txt pos pos:0.8161129066084037 neg:0.18388709339159626 
874.txt pos pos:0.8540653371925757 neg:0.14593466280742434 
4111.txt pos pos:0.8270752205422504 neg:0.17292477945774962 
1473.txt neg neg:0.796228859485635 pos:0.20377114051436504 
214.txt pos neg:0.7983682277391357 pos:0.20163177226086432 
3450.txt neg pos:0.8477161915994221 neg:0.15228380840057795 
2063.txt neg neg:0.9926549285145395 pos:0.007345071485460476 
Trial 0 Trainer MaxEntTrainer,gaussianPriorVariance=1.0 Training Data Confusion Matrix
Confusion Matrix, row=true, column=predicted  accuracy=1.0
  label   0   1  |total
  0 neg 900   .  |900
  1 pos   . 900  |900

Trial 0 Trainer MaxEntTrainer,gaussianPriorVariance=1.0 training data accuracy= 1.0
Trial 0 Trainer MaxEntTrainer,gaussianPriorVariance=1.0 Test Data Confusion Matrix
Confusion Matrix, row=true, column=predicted  accuracy=0.795
  label   0   1  |total
  0 neg  81  19  |100
  1 pos  22  78  |100

Trial 0 Trainer MaxEntTrainer,gaussianPriorVariance=1.0 test data accuracy= 0.795

MaxEntTrainer,gaussianPriorVariance=1.0
Summary. train accuracy mean = 1.0 stddev = 0.0 stderr = 0.0
Summary. test accuracy mean = 0.795 stddev = 0.0 stderr = 0.0
