
-------------------- Trial 0  --------------------

Trial 0 Training MaxEntTrainer,gaussianPriorVariance=1.0 with 1800 instances
Trial 0 Training MaxEntTrainer,gaussianPriorVariance=1.0 finished
Trial 0 Trainer MaxEntTrainer,gaussianPriorVariance=1.0
 Raw Testing Data
1274.txt pos pos:0.5731552823963773 neg:0.42684471760362275 
398.txt pos pos:0.9981300281541656 neg:0.0018699718458343236 
40.txt pos pos:0.9940548220347916 neg:0.005945177965208393 
3180.txt pos neg:0.5842172950925509 pos:0.41578270490744906 
3829.txt neg neg:0.6038995504980733 pos:0.3961004495019267 
2765.txt neg neg:0.9990439423732409 pos:9.560576267590766E-4 
3704.txt pos neg:0.7822913303135351 pos:0.2177086696864648 
1051.txt pos pos:0.8830397680017992 neg:0.1169602319982008 
1920.txt neg neg:0.6573977412571608 pos:0.3426022587428392 
824.txt neg neg:0.9521956014170222 pos:0.04780439858297778 
3405.txt pos pos:0.9537213504687505 neg:0.046278649531249515 
1211.txt neg neg:0.6382299521023099 pos:0.36177004789769 
3904.txt neg neg:0.9996611703440393 pos:3.3882965596075855E-4 
3512.txt neg pos:0.7391383135003733 neg:0.2608616864996267 
4202.txt neg neg:0.9935376785873571 pos:0.006462321412642952 
2533.txt pos pos:0.9895121666973034 neg:0.010487833302696753 
355.txt neg neg:0.6830875212983911 pos:0.3169124787016089 
2267.txt neg pos:0.8684167659649532 neg:0.1315832340350468 
114.txt neg pos:0.9583881388044935 neg:0.04161186119550646 
2067.txt pos neg:0.7406510428768882 pos:0.25934895712311173 
3813.txt pos pos:0.8902240534160589 neg:0.10977594658394109 
4312.txt pos neg:0.8689012895232961 pos:0.13109871047670388 
2873.txt pos neg:0.7983633018270626 pos:0.2016366981729374 
1493.txt pos pos:0.9760493131354494 neg:0.023950686864550576 
797.txt neg neg:0.8154002808285461 pos:0.18459971917145382 
2143.txt pos neg:0.8446969250813636 pos:0.15530307491863632 
1478.txt neg neg:0.6582634921685158 pos:0.3417365078314841 
347.txt pos pos:0.9712022066204529 neg:0.028797793379547198 
1058.txt pos pos:0.748783132201625 neg:0.25121686779837493 
215.txt neg neg:0.9928089828443103 pos:0.007191017155689628 
2166.txt neg neg:0.6970045274448208 pos:0.3029954725551793 
2847.txt neg neg:0.9212740793218831 pos:0.07872592067811682 
2406.txt pos pos:0.5027957754524873 neg:0.4972042245475127 
427.txt pos neg:0.8199943280184937 pos:0.18000567198150622 
1219.txt pos neg:0.8056713714972015 pos:0.19432862850279853 
967.txt pos pos:0.9933990094420386 neg:0.006600990557961395 
1529.txt neg pos:0.5575761658819982 neg:0.44242383411800185 
264.txt pos neg:0.5419887341395545 pos:0.45801126586044544 
2094.txt neg neg:0.5042216341897661 pos:0.49577836581023393 
2045.txt neg neg:0.9785940407420441 pos:0.02140595925795592 
2808.txt pos pos:0.9192760804651339 neg:0.08072391953486607 
3359.txt pos neg:0.8004431556824937 pos:0.19955684431750634 
608.txt neg neg:0.9519733872484639 pos:0.0480266127515361 
1912.txt neg neg:0.7598430431633663 pos:0.2401569568366337 
3571.txt neg pos:0.9413844232240914 neg:0.05861557677590856 
1561.txt pos pos:0.9855369946178806 neg:0.014463005382119351 
2586.txt pos pos:0.9826437866437698 neg:0.017356213356230225 
742.txt pos pos:0.9339447306213319 neg:0.06605526937866806 
1878.txt neg neg:0.9985777249998177 pos:0.0014222750001824669 
1216.txt neg neg:0.854250547958788 pos:0.14574945204121198 
271.txt neg pos:0.6025260945778403 neg:0.39747390542215955 
1713.txt neg neg:0.5200000321183239 pos:0.4799999678816761 
1677.txt neg neg:0.7738123241725211 pos:0.22618767582747895 
4182.txt pos pos:0.8809251188067319 neg:0.11907488119326824 
781.txt neg pos:0.7930668443482 neg:0.2069331556518 
1307.txt neg neg:0.8983994100772025 pos:0.10160058992279754 
741.txt neg neg:0.9901603634473151 pos:0.00983963655268492 
3007.txt pos pos:0.995974385466819 neg:0.004025614533181042 
1876.txt neg neg:0.9714126705673831 pos:0.028587329432616815 
2581.txt pos pos:0.771681078649278 neg:0.22831892135072196 
3420.txt neg neg:0.6109534482552622 pos:0.38904655174473785 
1421.txt pos pos:0.999995631727975 neg:4.368272025036661E-6 
203.txt neg neg:0.5463603045132333 pos:0.4536396954867667 
1251.txt neg pos:0.5268581370867833 neg:0.4731418629132167 
272.txt pos pos:0.8837813991764597 neg:0.11621860082354023 
2304.txt neg neg:0.9416105167053718 pos:0.058389483294628355 
1065.txt neg neg:0.9384671363062276 pos:0.06153286369377235 
1514.txt pos pos:0.8680170200477351 neg:0.1319829799522649 
1584.txt neg pos:0.9889648301744642 neg:0.01103516982553577 
3982.txt pos pos:0.7381680644707405 neg:0.26183193552925965 
1552.txt neg neg:0.8334059982021824 pos:0.16659400179781755 
706.txt neg neg:0.9889916907597956 pos:0.011008309240204345 
4185.txt pos pos:0.8023335735958101 neg:0.19766642640418983 
2212.txt neg pos:0.8117757030423943 neg:0.18822429695760565 
4154.txt pos pos:0.8312494497932393 neg:0.16875055020676066 
101.txt pos pos:0.8548951427529677 neg:0.14510485724703237 
1983.txt neg pos:0.8991649768978593 neg:0.10083502310214067 
947.txt neg neg:0.9997362848491196 pos:2.6371515088041014E-4 
3373.txt pos pos:0.6394056648819785 neg:0.36059433511802147 
1731.txt pos pos:0.9978146581850186 neg:0.0021853418149813592 
3554.txt pos pos:0.9652495654077617 neg:0.034750434592238234 
1172.txt pos pos:0.63956724313194 neg:0.36043275686806 
677.txt pos pos:0.9993625523611962 neg:6.374476388038018E-4 
1568.txt pos pos:0.9999731345975419 neg:2.68654024580787E-5 
2946.txt pos pos:0.8451735230882389 neg:0.15482647691176113 
2331.txt neg neg:0.5721620678127681 pos:0.4278379321872319 
844.txt pos neg:0.9338841136429162 pos:0.06611588635708379 
3018.txt pos pos:0.9677902578580927 neg:0.032209742141907284 
2305.txt pos pos:0.6433454879493119 neg:0.35665451205068804 
659.txt neg neg:0.7945555012086776 pos:0.20544449879132248 
3188.txt neg neg:0.9832263782958547 pos:0.01677362170414525 
2409.txt neg neg:0.8016088714588212 pos:0.19839112854117882 
2909.txt neg neg:0.7453079455436518 pos:0.2546920544563483 
91.txt neg pos:0.888448824975412 neg:0.11155117502458799 
51.txt pos pos:0.9977948432093509 neg:0.0022051567906490573 
3953.txt pos pos:0.9439673047082134 neg:0.05603269529178657 
3730.txt neg neg:0.7364621357151344 pos:0.26353786428486564 
2950.txt pos neg:0.875761435620123 pos:0.12423856437987707 
1554.txt pos pos:0.9749085959708088 neg:0.02509140402919119 
276.txt neg pos:0.5297097027964526 neg:0.4702902972035474 
674.txt neg neg:0.7972507505271055 pos:0.20274924947289455 
2377.txt pos pos:0.9793894843162236 neg:0.020610515683776316 
2491.txt neg neg:0.703835078524048 pos:0.2961649214759519 
1148.txt neg neg:0.6863182023712106 pos:0.3136817976287895 
898.txt neg pos:0.8859258878455187 neg:0.11407411215448124 
396.txt pos pos:0.810913299656664 neg:0.18908670034333594 
3263.txt neg neg:0.939064132608472 pos:0.060935867391528085 
3684.txt pos pos:0.6271354408265775 neg:0.3728645591734225 
2129.txt pos pos:0.9338166435581202 neg:0.0661833564418797 
2916.txt neg neg:0.8804835465509353 pos:0.11951645344906456 
1630.txt neg pos:0.8755754747492449 neg:0.1244245252507551 
1208.txt pos pos:0.8136385127251363 neg:0.1863614872748637 
2179.txt neg pos:0.8409922869585142 neg:0.1590077130414858 
476.txt pos pos:0.5886498270061873 neg:0.4113501729938127 
323.txt pos neg:0.8681969145879379 pos:0.13180308541206212 
4352.txt pos neg:0.9952462144055897 pos:0.0047537855944102345 
263.txt pos pos:0.9975938614921229 neg:0.00240613850787708 
98.txt neg pos:0.8144781584246991 neg:0.1855218415753009 
3569.txt neg neg:0.9057707688718163 pos:0.09422923112818385 
2028.txt neg neg:0.9975650249516059 pos:0.0024349750483940503 
444.txt pos pos:0.92928756808538 neg:0.07071243191461996 
1403.txt neg neg:0.8144412802434001 pos:0.18555871975659996 
2898.txt neg neg:0.6256007967451316 pos:0.37439920325486853 
2734.txt neg neg:0.9990785501345758 pos:9.21449865424274E-4 
2658.txt pos pos:0.9987307845334764 neg:0.0012692154665236498 
492.txt pos neg:0.9370139489075943 pos:0.06298605109240578 
3200.txt neg neg:0.9379619815555585 pos:0.06203801844444148 
1109.txt pos neg:0.84577454982621 pos:0.15422545017378994 
1088.txt neg pos:0.8036434752864717 neg:0.1963565247135283 
625.txt neg neg:0.959576833234682 pos:0.04042316676531808 
3745.txt neg pos:0.7243010071383632 neg:0.2756989928616368 
4227.txt pos pos:0.9288842219265662 neg:0.07111577807343393 
1671.txt pos pos:0.9529784467095948 neg:0.04702155329040525 
1720.txt pos pos:0.8073355897230753 neg:0.19266441027692469 
972.txt neg neg:0.649586735871537 pos:0.350413264128463 
3576.txt neg pos:0.8567419505006789 neg:0.1432580494993211 
1442.txt pos pos:0.9918360840881878 neg:0.00816391591181215 
1010.txt neg neg:0.9760619501762999 pos:0.023938049823700135 
2472.txt neg pos:0.5083388396501657 neg:0.4916611603498344 
3928.txt pos pos:0.9471297516745646 neg:0.05287024832543545 
1728.txt neg pos:0.5343762376598205 neg:0.4656237623401795 
2352.txt neg neg:0.93262001164878 pos:0.0673799883512201 
1265.txt pos pos:0.8216675637236762 neg:0.17833243627632378 
1660.txt pos pos:0.997004302317728 neg:0.0029956976822721484 
211.txt pos pos:0.7914873839821118 neg:0.20851261601788829 
495.txt pos neg:0.6015888944991402 pos:0.3984111055008599 
3374.txt pos pos:0.7299620129084946 neg:0.27003798709150534 
2757.txt neg neg:0.9112962972051097 pos:0.08870370279489032 
2242.txt pos pos:0.90778121052917 neg:0.0922187894708299 
2958.txt neg neg:0.9759435221789101 pos:0.024056477821089814 
610.txt neg neg:0.9844906061267268 pos:0.015509393873273226 
49.txt neg neg:0.782298770909504 pos:0.21770122909049597 
455.txt pos pos:0.9943771376459738 neg:0.0056228623540262946 
909.txt neg pos:0.6401130721141877 neg:0.35988692788581234 
3468.txt pos neg:0.976178287873431 pos:0.023821712126568986 
1445.txt pos pos:0.979847823333384 neg:0.020152176666615996 
4079.txt pos pos:0.9834534176758413 neg:0.016546582324158676 
1224.txt neg pos:0.7638068350845807 neg:0.23619316491541936 
1520.txt neg neg:0.8805879986115382 pos:0.11941200138846188 
2750.txt neg neg:0.5049005978425309 pos:0.495099402157469 
2282.txt pos pos:0.7198650261866814 neg:0.2801349738133186 
209.txt pos pos:0.9231667303067113 neg:0.07683326969328887 
3742.txt neg neg:0.9470679262428162 pos:0.05293207375718381 
2632.txt pos neg:0.9978758919905005 pos:0.0021241080094994104 
1141.txt neg neg:0.6250538510019312 pos:0.37494614899806883 
3380.txt neg pos:0.8965869895354002 neg:0.10341301046459993 
4353.txt neg neg:0.8633444821188466 pos:0.1366555178811535 
96.txt pos neg:0.9576879582109435 pos:0.04231204178905652 
2674.txt neg neg:0.9879755659503802 pos:0.01202443404961977 
3793.txt neg neg:0.9950484677344249 pos:0.004951532265575094 
3543.txt neg neg:0.9834529022474633 pos:0.01654709775253671 
4279.txt neg neg:0.873263729067644 pos:0.12673627093235595 
1804.txt neg pos:0.809555463181636 neg:0.190444536818364 
2623.txt pos pos:0.9014339976829128 neg:0.09856600231708712 
3413.txt pos pos:0.6519554865939734 neg:0.34804451340602655 
1643.txt pos pos:0.7648336828235432 neg:0.23516631717645672 
2423.txt neg neg:0.999542947823886 pos:4.570521761138909E-4 
1927.txt neg neg:0.9884310515798483 pos:0.011568948420151524 
1752.txt pos pos:0.9089976152463483 neg:0.09100238475365166 
679.txt pos pos:0.9837401128439442 neg:0.01625988715605576 
880.txt neg neg:0.9117942932883288 pos:0.08820570671167101 
3993.txt pos pos:0.9318172200645584 neg:0.06818277993544156 
2401.txt pos pos:0.970995121993237 neg:0.029004878006762973 
827.txt pos pos:0.583260503400563 neg:0.41673949659943704 
4027.txt neg neg:0.9973783234705359 pos:0.002621676529464112 
456.txt neg neg:0.5059102764355908 pos:0.4940897235644092 
4153.txt pos pos:0.8170020905036628 neg:0.18299790949633726 
387.txt pos pos:0.8326505897242008 neg:0.16734941027579908 
2557.txt pos neg:0.908825712314103 pos:0.09117428768589701 
793.txt pos pos:0.5852913521442956 neg:0.41470864785570444 
1334.txt pos pos:0.7930078004775644 neg:0.20699219952243564 
1471.txt neg neg:0.9795777495200311 pos:0.020422250479968856 
1019.txt neg neg:0.9707588132732246 pos:0.029241186726775528 
602.txt pos pos:0.5349776098841679 neg:0.46502239011583213 
1669.txt pos pos:0.8861223040929844 neg:0.11387769590701548 
1779.txt neg neg:0.852825672085729 pos:0.14717432791427093 
275.txt pos pos:0.9871594374141693 neg:0.012840562585830691 
1566.txt pos neg:0.5107725809918487 pos:0.4892274190081512 
3892.txt neg neg:0.9724057642121365 pos:0.027594235787863505 
2015.txt pos pos:0.9230918839278849 neg:0.07690811607211513 
Trial 0 Trainer MaxEntTrainer,gaussianPriorVariance=1.0 Training Data Confusion Matrix
Confusion Matrix, row=true, column=predicted  accuracy=1.0
  label   0   1  |total
  0 neg 900   .  |900
  1 pos   . 900  |900

Trial 0 Trainer MaxEntTrainer,gaussianPriorVariance=1.0 training data accuracy= 1.0
Trial 0 Trainer MaxEntTrainer,gaussianPriorVariance=1.0 Test Data Confusion Matrix
Confusion Matrix, row=true, column=predicted  accuracy=0.76
  label   0   1  |total
  0 neg  74  26  |100
  1 pos  22  78  |100

Trial 0 Trainer MaxEntTrainer,gaussianPriorVariance=1.0 test data accuracy= 0.76

MaxEntTrainer,gaussianPriorVariance=1.0
Summary. train accuracy mean = 1.0 stddev = 0.0 stderr = 0.0
Summary. test accuracy mean = 0.76 stddev = 0.0 stderr = 0.0
