
-------------------- Trial 0  --------------------

Trial 0 Training NaiveBayesTrainer with 1800 instances
Trial 0 Training NaiveBayesTrainer finished
Trial 0 Trainer NaiveBayesTrainer
 Raw Testing Data
2118.txt neg pos:0.9971847645503876 neg:0.0028152354496123887 
4108.txt neg neg:0.9999999790425438 pos:2.0957456133478714E-8 
493.txt neg neg:0.9999999995692692 pos:4.3073072384660794E-10 
2929.txt pos neg:0.9999558206357066 pos:4.417936429333428E-5 
1230.txt neg neg:0.9037300072229794 pos:0.09626999277702059 
2813.txt neg neg:0.9988402887797949 pos:0.0011597112202050973 
3781.txt pos pos:0.9997838565505339 neg:2.161434494661693E-4 
1546.txt neg pos:0.9999984112526611 neg:1.588747338782364E-6 
1810.txt neg neg:0.9999200109536167 pos:7.998904638340052E-5 
3801.txt neg neg:0.9987680685430528 pos:0.0012319314569472297 
4373.txt pos neg:0.9999963863821645 pos:3.6136178356045647E-6 
4190.txt neg neg:0.9999992811490692 pos:7.188509307345298E-7 
1155.txt neg neg:0.9999959993868708 pos:4.000613129130886E-6 
3220.txt pos neg:0.8735409948255741 pos:0.12645900517442596 
348.txt neg neg:0.9998303200127864 pos:1.6967998721369477E-4 
3084.txt neg pos:1.0 neg:2.5385859338300497E-28 
1368.txt neg neg:0.5309118160335813 pos:0.46908818396641877 
846.txt pos pos:1.0 neg:8.109062618502442E-19 
6.txt neg neg:0.9999058262263085 pos:9.417377369135764E-5 
1808.txt neg neg:0.9572345626416447 pos:0.04276543735835527 
2206.txt neg neg:0.9875230195326805 pos:0.012476980467319442 
3723.txt neg pos:0.9949844534351174 neg:0.00501554656488242 
3691.txt neg neg:0.9999999999990672 pos:9.32722015562493E-13 
2190.txt pos pos:0.9962646806765478 neg:0.003735319323452292 
934.txt pos pos:0.8620816754901818 neg:0.13791832450981814 
2502.txt neg neg:0.7674611929481805 pos:0.2325388070518195 
266.txt pos neg:0.9999857172305031 pos:1.4282769496941186E-5 
342.txt pos pos:0.9999824514003965 neg:1.754859960340772E-5 
1039.txt pos neg:0.9959752405169261 pos:0.004024759483073932 
1168.txt pos pos:1.0 neg:8.875153120997073E-17 
521.txt neg neg:0.9995732934885957 pos:4.267065114042648E-4 
1093.txt pos pos:0.9999910001942676 neg:8.999805732396926E-6 
4310.txt pos pos:1.0 neg:1.5299947753555194E-22 
1617.txt pos pos:1.0 neg:1.017924392603853E-32 
3447.txt pos neg:0.9999747000034971 pos:2.5299996502851423E-5 
3672.txt neg neg:0.9999999999990907 pos:9.091823348086852E-13 
2274.txt neg neg:0.9999999999999869 pos:1.315259287896607E-14 
3497.txt neg neg:0.9999999374079341 pos:6.259206582515523E-8 
3277.txt neg neg:0.6746818689952121 pos:0.3253181310047879 
61.txt neg neg:0.8624451136028254 pos:0.13755488639717453 
842.txt neg pos:0.9999999999979912 neg:2.00882228546005E-12 
2158.txt neg neg:0.991813449540169 pos:0.008186550459830959 
93.txt pos pos:0.9463436217583423 neg:0.05365637824165772 
1361.txt neg neg:0.999963672645111 pos:3.632735488909303E-5 
399.txt neg neg:0.9918452666072249 pos:0.008154733392775101 
3807.txt pos pos:0.9995305180908454 neg:4.6948190915457286E-4 
2096.txt neg neg:0.9999999999980469 pos:1.9530915118899133E-12 
1541.txt neg neg:0.5330328228056206 pos:0.46696717719437936 
3956.txt pos pos:0.9999999999999989 neg:1.0698416412512136E-15 
607.txt pos pos:0.999998039519083 neg:1.9604809170212726E-6 
3337.txt neg neg:0.9999999998200173 pos:1.7998266054741848E-10 
1320.txt pos pos:1.0 neg:7.858381616154385E-23 
4033.txt neg neg:1.0 pos:3.5295288670283606E-43 
3266.txt neg neg:0.9998663427857545 pos:1.3365721424551282E-4 
3724.txt neg neg:0.9999999999989693 pos:1.0307914989934195E-12 
402.txt neg pos:0.9742818292061275 neg:0.025718170793872425 
709.txt pos pos:1.0 neg:1.3471599159878644E-17 
3688.txt pos neg:0.9968021197115529 pos:0.00319788028844717 
3710.txt pos pos:0.8320906171178871 neg:0.16790938288211296 
85.txt pos pos:1.0 neg:1.2914984711366396E-40 
2437.txt neg neg:0.9999989453206285 pos:1.0546793715541487E-6 
1486.txt neg neg:1.0 pos:2.8376928489247736E-28 
3304.txt pos pos:1.0 neg:1.8176926443617835E-17 
1028.txt pos neg:0.6385539625344857 pos:0.36144603746551435 
4374.txt pos pos:1.0 neg:1.1137087057799703E-23 
974.txt pos pos:0.9999999999936942 neg:6.305823826239056E-12 
1115.txt neg neg:0.9999999839444023 pos:1.605559759717814E-8 
3549.txt pos pos:0.9999986219421161 neg:1.3780578838571035E-6 
2544.txt pos pos:0.9999999999993705 neg:6.293920222417467E-13 
437.txt neg neg:0.9778783912667494 pos:0.022121608733250604 
3382.txt neg neg:0.9998341169030723 pos:1.6588309692761678E-4 
727.txt neg neg:0.9999999973933829 pos:2.606617088836238E-9 
486.txt pos pos:0.9994959891530237 neg:5.040108469763771E-4 
1030.txt pos neg:0.9666407292417284 pos:0.0333592707582715 
2853.txt neg neg:0.5256831766001017 pos:0.4743168233998983 
3835.txt pos pos:0.9999999999832805 neg:1.6719472139317465E-11 
1045.txt pos pos:1.0 neg:1.6934151113432472E-18 
4317.txt pos neg:0.9972072532236758 pos:0.002792746776324332 
394.txt pos pos:0.999979080736075 neg:2.0919263924923187E-5 
577.txt neg neg:0.9999713683010826 pos:2.8631698917371194E-5 
3371.txt pos pos:0.9999998664303987 neg:1.335696013554442E-7 
3185.txt pos pos:0.9999744946622969 neg:2.5505337703127297E-5 
841.txt pos neg:0.8756618377945836 pos:0.12433816220541645 
1462.txt neg neg:0.9999999999788693 pos:2.1130685244593265E-11 
4088.txt neg neg:0.9999999999985429 pos:1.457111009472244E-12 
1734.txt pos pos:1.0 neg:4.41435088459796E-24 
1129.txt neg neg:1.0 pos:1.3974685289829262E-17 
482.txt neg neg:1.0 pos:6.1187981406533574E-21 
2683.txt neg neg:0.8729399235427437 pos:0.12706007645725637 
1509.txt pos pos:0.9999999999999358 neg:6.426633827794065E-14 
54.txt neg pos:0.999997459481267 neg:2.540518733080102E-6 
53.txt pos pos:1.0 neg:1.0197238554277965E-16 
1534.txt neg neg:0.7308901232851183 pos:0.2691098767148818 
3917.txt neg neg:1.0 pos:9.97940765353453E-19 
1948.txt neg neg:0.9999999999999347 pos:6.518366925870435E-14 
3473.txt neg neg:0.993794077945991 pos:0.006205922054008972 
2074.txt pos pos:0.999999998129987 neg:1.87001297697568E-9 
2110.txt pos pos:0.9996435721264938 neg:3.564278735062525E-4 
109.txt neg neg:0.9999997415829548 pos:2.584170450661096E-7 
3303.txt pos pos:1.0 neg:4.5440470097079405E-17 
3806.txt neg neg:0.9886487355213548 pos:0.011351264478645264 
205.txt pos pos:0.8445926796990604 neg:0.15540732030093957 
2065.txt pos neg:0.9650314175042315 pos:0.03496858249576841 
724.txt pos pos:1.0 neg:6.946271502975272E-17 
4218.txt neg neg:0.9970663044173296 pos:0.002933695582670499 
791.txt pos pos:0.999999998999866 neg:1.0001340785985814E-9 
433.txt pos pos:0.9995642561917096 neg:4.357438082904552E-4 
1329.txt pos pos:1.0 neg:1.8824433082859083E-27 
2125.txt pos pos:0.9999999991039357 neg:8.960644341623395E-10 
961.txt neg neg:0.9999999999739118 pos:2.6088350787343308E-11 
2902.txt neg neg:0.9999985791603621 pos:1.420839637919296E-6 
112.txt pos pos:1.0 neg:3.3334658833564226E-27 
397.txt neg neg:1.0 pos:1.6003126291482983E-54 
3989.txt pos pos:0.9999999999999978 neg:2.26997798686823E-15 
2035.txt neg neg:1.0 pos:9.224499784202629E-37 
2869.txt pos pos:0.9999999999999971 neg:2.884404675789331E-15 
4081.txt neg neg:0.9999999999999889 pos:1.1173255030939261E-14 
4216.txt neg pos:0.9999999992960198 neg:7.039801774560471E-10 
2181.txt pos pos:0.9969862062274929 neg:0.0030137937725071484 
501.txt pos pos:0.6599870212863049 neg:0.3400129787136951 
217.txt neg neg:0.9999999998895406 pos:1.1045935658168229E-10 
169.txt pos pos:0.7643803513822924 neg:0.23561964861770754 
1236.txt pos neg:0.9959367684943544 pos:0.004063231505645636 
2812.txt pos pos:0.8811282824900393 neg:0.11887171750996078 
3580.txt pos neg:0.998787112038008 pos:0.0012128879619920548 
3026.txt pos pos:0.8775921192602057 neg:0.1224078807397942 
4132.txt pos neg:0.9999999999999902 pos:9.704311285726618E-15 
732.txt pos pos:1.0 neg:1.5484707481832289E-29 
611.txt pos neg:0.9999999996749551 pos:3.2504486375506087E-10 
1907.txt pos pos:1.0 neg:7.949614249119077E-19 
1054.txt pos pos:0.9971599096449932 neg:0.002840090355006804 
604.txt neg neg:0.9999328357753182 pos:6.71642246818579E-5 
2660.txt neg neg:0.999739240077389 pos:2.6075992261087426E-4 
3459.txt neg neg:0.9999999859171465 pos:1.4082853607769584E-8 
973.txt pos pos:1.0 neg:1.4121828621982415E-33 
1352.txt pos pos:1.0 neg:1.621221365582248E-23 
796.txt pos pos:0.9811091882637974 neg:0.018890811736202554 
494.txt neg neg:1.0 pos:1.5612429217938389E-24 
3077.txt pos pos:1.0 neg:1.9003113912868495E-23 
3153.txt pos pos:1.0 neg:2.7022564938667165E-19 
574.txt pos neg:0.9731941822648484 pos:0.026805817735151574 
1746.txt pos neg:0.9999999999998372 pos:1.627542632085478E-13 
2885.txt neg neg:0.9999999999999998 pos:2.8993629411693408E-16 
660.txt neg neg:1.0 pos:1.1786611754685972E-21 
1773.txt pos pos:1.0 neg:4.864300726370737E-18 
1202.txt neg neg:0.9999955815227475 pos:4.418477252578949E-6 
3701.txt pos pos:0.9998908318351412 neg:1.0916816485871016E-4 
354.txt pos pos:0.9999999995329554 neg:4.670446278837663E-10 
886.txt pos pos:0.9860179717690519 neg:0.013982028230947978 
2426.txt neg pos:0.5589024309858398 neg:0.44109756901416025 
2937.txt neg neg:0.999999999999998 pos:2.0855523671381074E-15 
4025.txt neg neg:0.9999999999999665 pos:3.3502030413541204E-14 
1260.txt pos pos:0.9999999999587079 neg:4.12920234746733E-11 
4308.txt pos pos:0.970259145746292 neg:0.02974085425370801 
1597.txt neg neg:0.9990162000457369 pos:9.837999542631573E-4 
1451.txt pos pos:0.9999999999999998 neg:2.7983054082222726E-16 
568.txt neg neg:0.9999999052600693 pos:9.473993077310873E-8 
3951.txt pos pos:0.9532259972139243 neg:0.046774002786075776 
1184.txt neg neg:0.9999995908463177 pos:4.091536823312402E-7 
3846.txt neg pos:0.9999995052644802 neg:4.947355197801507E-7 
4257.txt pos pos:1.0 neg:3.0233263133062022E-31 
3496.txt pos neg:0.9978400484898614 pos:0.0021599515101386087 
857.txt pos pos:1.0 neg:1.0827492776645076E-24 
1819.txt neg neg:0.9999989593409436 pos:1.0406590565188426E-6 
1909.txt pos pos:0.9821469603349071 neg:0.01785303966509275 
3519.txt neg neg:0.9262831008500962 pos:0.07371689914990365 
1370.txt neg neg:0.9999999948678513 pos:5.132148782709377E-9 
2372.txt pos neg:0.9998143632912493 pos:1.856367087507584E-4 
2091.txt neg neg:0.9999999999981706 pos:1.8295138012518318E-12 
385.txt pos pos:0.999999870372316 neg:1.2962768407281047E-7 
3659.txt pos neg:0.9989546480476962 pos:0.0010453519523038561 
388.txt neg pos:0.9996706531751777 neg:3.2934682482228046E-4 
3227.txt pos pos:0.9992121198818501 neg:7.878801181500105E-4 
2744.txt neg neg:0.9999815309145844 pos:1.8469085415692E-5 
3718.txt neg neg:1.0 pos:3.1543194179769703E-26 
262.txt neg pos:0.9999956379952363 neg:4.36200476369871E-6 
45.txt pos pos:1.0 neg:5.583664386986558E-29 
1623.txt neg pos:0.9998195595668182 neg:1.8044043318177352E-4 
2678.txt neg neg:0.9999996855762985 pos:3.1442370154617374E-7 
3407.txt pos pos:1.0 neg:6.533714184746599E-19 
2655.txt neg neg:0.9999818134726476 pos:1.8186527352390307E-5 
913.txt neg neg:0.9325524084620942 pos:0.06744759153790589 
3292.txt pos pos:0.9999999999692613 neg:3.073880970605892E-11 
1237.txt neg pos:0.6146203973105491 neg:0.3853796026894509 
422.txt pos neg:0.5853567610312232 pos:0.41464323896877686 
566.txt neg neg:0.9999999999945759 pos:5.4240874848590824E-12 
107.txt neg neg:0.9999999999999938 pos:6.2195034378257735E-15 
1656.txt neg neg:0.9999999999999953 pos:4.750474020248933E-15 
3589.txt pos pos:0.9994195589109401 neg:5.804410890597215E-4 
2637.txt pos pos:0.9999999999998894 neg:1.1061798663170045E-13 
905.txt neg neg:0.9999999999731644 pos:2.6835742860735435E-11 
1203.txt pos neg:0.9990304838230593 pos:9.695161769408018E-4 
2539.txt neg neg:0.9999999993462352 pos:6.537648603284261E-10 
1817.txt neg neg:0.999995336204728 pos:4.663795271969833E-6 
747.txt pos neg:0.9999995038485875 pos:4.961514124686814E-7 
2604.txt neg neg:0.990917883979861 pos:0.00908211602013903 
2141.txt pos pos:0.9999999990839583 neg:9.160416973603095E-10 
3996.txt pos pos:1.0 neg:1.263088775943547E-31 
783.txt neg neg:0.8179906304687413 pos:0.18200936953125874 
1747.txt neg neg:0.9999999999999996 pos:4.794551333888863E-16 
Trial 0 Trainer NaiveBayesTrainer Training Data Confusion Matrix
Confusion Matrix, row=true, column=predicted  accuracy=0.9922222222222222
  label   0   1  |total
  0 neg 899   1  |900
  1 pos  13 887  |900

Trial 0 Trainer NaiveBayesTrainer training data accuracy= 0.9922222222222222
Trial 0 Trainer NaiveBayesTrainer Test Data Confusion Matrix
Confusion Matrix, row=true, column=predicted  accuracy=0.81
  label   0   1  |total
  0 neg  86  14  |100
  1 pos  24  76  |100

Trial 0 Trainer NaiveBayesTrainer test data accuracy= 0.81

NaiveBayesTrainer
Summary. train accuracy mean = 0.9922222222222222 stddev = 0.0 stderr = 0.0
Summary. test accuracy mean = 0.81 stddev = 0.0 stderr = 0.0
