
-------------------- Trial 0  --------------------

Trial 0 Training NaiveBayesTrainer with 1800 instances
Trial 0 Training NaiveBayesTrainer finished
Trial 0 Trainer NaiveBayesTrainer
 Raw Testing Data
3741.txt neg neg:0.9999975043421776 pos:2.4956578225163947E-6 
3733.txt neg neg:0.9999999662931509 pos:3.370684913750698E-8 
1600.txt pos pos:0.9999952128317032 neg:4.787168296842389E-6 
3432.txt pos neg:0.9389582226788569 pos:0.06104177732114317 
2033.txt pos pos:1.0 neg:2.2570380016867182E-18 
3898.txt pos pos:0.9999981545651401 neg:1.8454348599239034E-6 
4107.txt pos neg:0.9670901803211822 pos:0.03290981967881778 
1418.txt pos pos:1.0 neg:6.254897998874844E-19 
2939.txt neg neg:0.9953318688050791 pos:0.004668131194920958 
117.txt neg neg:0.9974850476430784 pos:0.002514952356921547 
3144.txt neg neg:0.9999985964184025 pos:1.4035815975666448E-6 
3907.txt neg neg:0.9999999999207159 pos:7.928407132772953E-11 
2954.txt pos pos:0.8734770011040529 neg:0.12652299889594704 
2290.txt neg neg:1.0 pos:1.251796570525108E-24 
1857.txt neg neg:0.9999999409268309 pos:5.907316907633455E-8 
1850.txt neg neg:0.9999985536667058 pos:1.4463332943249135E-6 
1244.txt pos neg:0.8888117844183488 pos:0.11118821558165108 
1171.txt pos pos:1.0 neg:9.202724897902602E-28 
1121.txt pos pos:0.9999999952360887 neg:4.7639112834998945E-9 
2452.txt pos pos:0.9999999999999998 neg:2.655367360279282E-16 
1980.txt neg pos:0.9999920924783491 neg:7.907521650921295E-6 
623.txt pos pos:0.9999999941018451 neg:5.898154814621548E-9 
129.txt pos neg:0.5718662833212325 pos:0.4281337166787676 
3113.txt neg neg:1.0 pos:2.3771084457659198E-18 
2753.txt neg neg:0.9999913896773096 pos:8.610322690270147E-6 
4146.txt neg neg:0.9999973188798987 pos:2.6811201012863704E-6 
921.txt neg neg:0.9999999993579196 pos:6.420803202829929E-10 
1345.txt pos pos:0.9999999999998634 neg:1.365307374141142E-13 
2794.txt pos pos:0.999329497534662 neg:6.705024653379874E-4 
2250.txt pos pos:0.9999999999984326 neg:1.5675167707570893E-12 
2374.txt pos pos:1.0 neg:2.1919434379409213E-21 
976.txt neg neg:1.0 pos:3.2140013120402536E-23 
1690.txt neg pos:0.9999999993992659 neg:6.00734159574392E-10 
3534.txt pos pos:1.0 neg:8.959739469764669E-18 
4134.txt neg neg:1.0 pos:3.0085564877544003E-52 
3105.txt pos neg:0.9999998266915647 pos:1.7330843537530293E-7 
3161.txt neg neg:0.9999215560245636 pos:7.84439754364887E-5 
541.txt pos neg:0.9993753597209508 pos:6.246402790492061E-4 
281.txt neg pos:0.9999992509704313 neg:7.490295686619264E-7 
2503.txt pos pos:0.9999999393108304 neg:6.068916953324076E-8 
440.txt pos neg:0.9984882355164071 pos:0.0015117644835929143 
1137.txt neg neg:0.9999982929288669 pos:1.7070711330737282E-6 
3662.txt neg neg:0.9999825882684927 pos:1.7411731507238704E-5 
3435.txt pos pos:1.0 neg:1.0145192938194747E-20 
553.txt neg neg:0.9999999995433859 pos:4.5661413300588897E-10 
884.txt neg neg:0.9999999957265056 pos:4.273494320634667E-9 
3451.txt neg neg:0.9999999916929342 pos:8.307065872378724E-9 
3689.txt pos pos:0.998346775261825 neg:0.0016532247381749812 
4199.txt neg neg:0.9999999999992271 pos:7.728742032301408E-13 
692.txt neg neg:0.9999192760923169 pos:8.072390768318269E-5 
3918.txt pos pos:0.9999999999999996 neg:4.7312651203739855E-16 
3874.txt neg pos:0.8699634765073249 neg:0.1300365234926751 
624.txt pos neg:0.7860124924786205 pos:0.21398750752137957 
2976.txt pos pos:0.9999942440385221 neg:5.755961477867918E-6 
1433.txt pos pos:0.9999999999999998 neg:2.2982439778748744E-16 
1360.txt pos pos:1.0 neg:2.105682403450359E-18 
3138.txt neg neg:0.9999999999999902 pos:9.735849442000625E-15 
2431.txt neg neg:0.9999999361771396 pos:6.382286049285408E-8 
3082.txt pos pos:0.9999677838354548 neg:3.2216164545097475E-5 
1292.txt pos pos:1.0 neg:4.628045463378854E-25 
13.txt pos neg:0.9999994513853633 pos:5.486146368162823E-7 
2884.txt pos pos:1.0 neg:2.318465280139943E-21 
4322.txt neg neg:0.9741867487521055 pos:0.025813251247894513 
3039.txt neg neg:0.9999999999999998 pos:1.4203142990642978E-16 
1708.txt pos pos:0.9999998873662432 neg:1.126337567187857E-7 
2356.txt pos pos:0.9999999997827462 neg:2.172537125848426E-10 
2299.txt neg neg:0.9999999999990181 pos:9.818197038939384E-13 
301.txt neg neg:0.9999999996737834 pos:3.262165498644451E-10 
170.txt pos pos:0.9999999999998423 neg:1.576960532942095E-13 
3588.txt neg neg:0.9997230872572584 pos:2.769127427416123E-4 
819.txt pos pos:0.9999999996187481 neg:3.8125199116564785E-10 
4300.txt neg neg:0.999999999976553 pos:2.344693178966097E-11 
3975.txt neg neg:0.9999999999929445 pos:7.0553808117546414E-12 
1989.txt neg neg:0.9999999727918948 pos:2.720810528291674E-8 
3548.txt pos neg:0.9963915528479089 pos:0.0036084471520910167 
1038.txt neg neg:1.0 pos:7.10886385265801E-19 
2915.txt neg neg:0.9999999999958042 pos:4.195804953930527E-12 
462.txt pos pos:1.0 neg:4.3406651006055875E-29 
110.txt neg neg:0.9900230439207024 pos:0.009976956079297569 
2286.txt pos neg:0.9989429014359723 pos:0.0010570985640276547 
2455.txt pos pos:0.9999999999999998 neg:1.4210105011765729E-16 
2495.txt neg neg:1.0 pos:1.3289054258265391E-20 
3696.txt neg neg:0.9999999999954385 pos:4.561529425725237E-12 
810.txt pos pos:0.9999999999868028 neg:1.3197212984482396E-11 
2537.txt neg neg:0.9999999993300901 pos:6.699100062790253E-10 
1646.txt neg neg:0.6986418621260021 pos:0.30135813787399796 
1657.txt pos pos:0.9999999009382359 neg:9.906176398012242E-8 
66.txt pos neg:0.8817601106398086 pos:0.11823988936019147 
308.txt neg neg:0.9999559069077126 pos:4.409309228740959E-5 
2827.txt pos pos:0.9999999999989897 neg:1.0102363441806281E-12 
3166.txt neg neg:0.9999999999998492 pos:1.5077328768517817E-13 
590.txt pos neg:0.9997545803485972 pos:2.4541965140269993E-4 
1231.txt pos neg:0.9998725377312254 pos:1.2746226877455665E-4 
3964.txt pos pos:1.0 neg:6.752633668170278E-29 
2771.txt neg neg:0.9999999999999984 pos:1.6067784789316034E-15 
4091.txt neg neg:0.9999805365490596 pos:1.9463450940354112E-5 
3184.txt pos pos:0.9999999999994058 neg:5.942648947839445E-13 
2380.txt pos neg:0.9211814097945088 pos:0.07881859020549109 
3797.txt neg neg:0.9999999999999791 pos:2.0898292807677964E-14 
3424.txt neg pos:0.9124290908944244 neg:0.08757090910557565 
3498.txt pos neg:0.8235302009688616 pos:0.17646979903113827 
1996.txt pos pos:0.9953306359000423 neg:0.004669364099957646 
1353.txt neg neg:0.9999999999990785 pos:9.215472897521758E-13 
2443.txt neg pos:0.9999998497041144 neg:1.5029588552158835E-7 
260.txt pos neg:0.999899644897978 pos:1.0035510202213153E-4 
432.txt pos pos:0.999999998980944 neg:1.019056022013796E-9 
606.txt pos pos:0.9999999999977249 neg:2.2750221487525678E-12 
250.txt neg neg:0.9999999999910478 pos:8.952165554418526E-12 
43.txt pos pos:1.0 neg:1.249036177571908E-49 
3131.txt neg neg:0.9999999429915171 pos:5.700848292127134E-8 
3179.txt pos pos:0.9579252773258637 neg:0.042074722674136124 
3093.txt neg neg:0.999999552538514 pos:4.474614860350054E-7 
149.txt neg neg:1.0 pos:1.260439105838941E-22 
4219.txt pos pos:0.9999999999464262 neg:5.357377122934028E-11 
237.txt pos pos:0.999999950933244 neg:4.906675610624579E-8 
3338.txt pos neg:0.9999999999831817 pos:1.6818291552906778E-11 
3840.txt pos pos:0.9999999940426965 neg:5.957303595098024E-9 
2969.txt neg neg:0.9903704331305733 pos:0.00962956686942677 
1499.txt pos neg:0.9994558213194199 pos:5.441786805800734E-4 
177.txt pos pos:0.9892856603573965 neg:0.010714339642603545 
380.txt neg neg:1.0 pos:7.105170369368971E-26 
4.txt pos neg:0.9999999999694065 pos:3.0593561864901136E-11 
2515.txt neg neg:1.0 pos:9.355851844993211E-27 
4080.txt pos neg:0.7902898075199492 pos:0.20971019248005085 
2861.txt neg neg:1.0 pos:2.491310026322504E-17 
3491.txt pos pos:0.8883321759333463 neg:0.11166782406665357 
1587.txt neg neg:0.9999996170474655 pos:3.82952534572287E-7 
1863.txt pos pos:0.9995907959991495 neg:4.092040008505677E-4 
2778.txt neg neg:0.9999312859314238 pos:6.871406857629515E-5 
2560.txt neg neg:0.9999998271358114 pos:1.7286418862702493E-7 
2088.txt neg neg:0.9999999991085711 pos:8.914289262852363E-10 
2414.txt neg neg:0.5394025699922341 pos:0.46059743000776593 
643.txt neg neg:0.9999999110037364 pos:8.899626344846754E-8 
449.txt pos neg:0.555149114926423 pos:0.44485088507357695 
1589.txt neg neg:0.9999953115528996 pos:4.688447100462801E-6 
4217.txt pos pos:1.0 neg:4.981455891362E-19 
2829.txt pos pos:0.762127488101251 neg:0.23787251189874903 
1130.txt neg neg:0.9999999999999998 pos:1.1142523093135178E-16 
2982.txt pos neg:0.9999987795266415 pos:1.220473358580296E-6 
941.txt pos pos:0.999999999578995 neg:4.210049082852911E-10 
1284.txt neg neg:0.9999999526989196 pos:4.7301080375065316E-8 
832.txt pos neg:0.9999999953490248 pos:4.650975107113086E-9 
990.txt pos pos:1.0 neg:9.480376276798867E-26 
44.txt pos pos:0.9999979619421889 neg:2.0380578111263684E-6 
2852.txt pos neg:0.9003878915025576 pos:0.09961210849744243 
2174.txt neg neg:1.0 pos:6.377529151673058E-18 
1378.txt neg neg:0.999999999247799 pos:7.522010481602775E-10 
904.txt neg neg:1.0 pos:2.070115717142202E-21 
1991.txt pos pos:0.9999673921632743 neg:3.2607836725542986E-5 
2075.txt neg neg:0.9999999999856688 pos:1.4331124596706041E-11 
2814.txt neg neg:0.9998982113911833 pos:1.0178860881667361E-4 
4197.txt neg neg:0.9580143536379585 pos:0.0419856463620416 
3384.txt neg neg:0.9999999994674604 pos:5.325395710653435E-10 
978.txt neg neg:1.0 pos:6.5627739291690595E-19 
2025.txt neg neg:0.9999999987012345 pos:1.298765545403913E-9 
3990.txt pos pos:1.0 neg:1.650596462714366E-24 
68.txt pos pos:0.9999998971940535 neg:1.0280594656096999E-7 
503.txt neg neg:1.0 pos:1.450244477577331E-22 
3635.txt neg neg:0.99765492527551 pos:0.0023450747244900005 
757.txt pos pos:0.9999999999999822 neg:1.7730210658828397E-14 
3647.txt neg neg:0.9999999999996592 pos:3.4077691098750265E-13 
3102.txt pos neg:0.9827808688315112 pos:0.017219131168488725 
1367.txt pos neg:0.9997747028829369 pos:2.2529711706317248E-4 
2444.txt neg pos:0.9850475655210899 neg:0.014952434478910034 
4265.txt pos neg:0.9999431857400186 pos:5.681425998133465E-5 
2967.txt neg neg:0.9978523660970889 pos:0.0021476339029110596 
2140.txt pos neg:1.0 pos:1.9520887936734273E-20 
613.txt neg pos:0.9999999999984195 neg:1.5806053809511192E-12 
288.txt neg neg:0.9999999980301362 pos:1.9698638499831032E-9 
2953.txt pos pos:0.9999988903430247 neg:1.109656975222573E-6 
1774.txt pos neg:0.9405916183119937 pos:0.05940838168800631 
2022.txt neg neg:0.9989470514467353 pos:0.00105294855326461 
3832.txt pos pos:0.9999999999810574 neg:1.894263294655768E-11 
3972.txt neg neg:0.9999999999999996 pos:4.72506328086391E-16 
2737.txt pos neg:0.9999438308802828 pos:5.616911971729114E-5 
576.txt neg neg:0.9999865365206984 pos:1.3463479301698799E-5 
2297.txt neg neg:0.9999999999904983 pos:9.501765106898524E-12 
4348.txt pos pos:1.0 neg:4.15330379981013E-37 
1800.txt neg neg:0.9998910553371385 pos:1.0894466286145952E-4 
483.txt neg neg:0.9999973698669149 pos:2.6301330851551193E-6 
1547.txt pos pos:0.9989881769916005 neg:0.0010118230083994235 
997.txt pos pos:0.9999995296666008 neg:4.703333991759655E-7 
1958.txt neg pos:0.9999981860368461 neg:1.813963153895055E-6 
4051.txt pos pos:0.9999690177475131 neg:3.098225248681021E-5 
644.txt neg neg:0.9999999999999996 pos:3.8062391581072665E-16 
1875.txt neg neg:0.9899435617198211 pos:0.010056438280178858 
1549.txt pos pos:1.0 neg:1.4895406077083112E-19 
4210.txt pos pos:1.0 neg:5.086193554347375E-19 
2009.txt neg neg:0.9999999999999072 pos:9.284102879228108E-14 
4341.txt pos pos:1.0 neg:2.2950842182355275E-18 
3293.txt pos pos:0.9974909878084179 neg:0.0025090121915820243 
2046.txt pos pos:1.0 neg:5.766894075559306E-28 
1043.txt neg neg:1.0 pos:1.7975671488572075E-24 
730.txt neg neg:0.929008999188074 pos:0.07099100081192596 
3665.txt neg neg:1.0 pos:2.109768320622437E-20 
1558.txt neg neg:0.9975012650763956 pos:0.0024987349236044493 
4357.txt neg neg:0.7910875871381267 pos:0.20891241286187323 
1295.txt pos neg:0.9999979004590229 pos:2.0995409769525643E-6 
3997.txt pos pos:1.0 neg:1.9561568491638907E-20 
1789.txt pos pos:0.9999999999999998 neg:2.3861500644587064E-16 
Trial 0 Trainer NaiveBayesTrainer Training Data Confusion Matrix
Confusion Matrix, row=true, column=predicted  accuracy=0.9927777777777778
  label   0   1  |total
  0 neg 898   2  |900
  1 pos  11 889  |900

Trial 0 Trainer NaiveBayesTrainer training data accuracy= 0.9927777777777778
Trial 0 Trainer NaiveBayesTrainer Test Data Confusion Matrix
Confusion Matrix, row=true, column=predicted  accuracy=0.795
  label   0   1  |total
  0 neg  91   9  |100
  1 pos  32  68  |100

Trial 0 Trainer NaiveBayesTrainer test data accuracy= 0.795

NaiveBayesTrainer
Summary. train accuracy mean = 0.9927777777777778 stddev = 0.0 stderr = 0.0
Summary. test accuracy mean = 0.795 stddev = 0.0 stderr = 0.0
