
-------------------- Trial 0  --------------------

Trial 0 Training NaiveBayesTrainer with 1800 instances
Trial 0 Training NaiveBayesTrainer finished
Trial 0 Trainer NaiveBayesTrainer
 Raw Testing Data
4188.txt neg neg:0.9973615957263702 pos:0.002638404273629904 
1890.txt neg neg:0.9999254359325584 pos:7.45640674416233E-5 
3541.txt neg neg:0.9999766880962249 pos:2.3311903775101582E-5 
2106.txt pos pos:0.9999999999026297 neg:9.737035819079715E-11 
2567.txt pos pos:0.9999999999975684 neg:2.431717424300338E-12 
302.txt pos pos:0.9999999999901035 neg:9.896491822878734E-12 
1475.txt pos neg:0.999999999620953 pos:3.7904707028183184E-10 
2396.txt pos pos:0.9999999999998843 neg:1.156645228109436E-13 
3481.txt neg neg:0.9993262505085475 pos:6.737494914525032E-4 
937.txt neg neg:0.999999999694829 pos:3.051709389419757E-10 
1923.txt pos pos:0.9999999888378869 neg:1.116211315343491E-8 
950.txt pos pos:0.9999999973441209 neg:2.6558790395907317E-9 
1764.txt neg pos:0.710530748495174 neg:0.28946925150482605 
466.txt neg neg:1.0 pos:3.1286347900355745E-42 
4035.txt pos pos:1.0 neg:2.5674574578477503E-58 
4157.txt neg neg:1.0 pos:2.863433769724064E-18 
4246.txt pos pos:1.0 neg:8.280717179956943E-20 
2340.txt pos pos:1.0 neg:8.231634858047847E-40 
1434.txt neg neg:0.9999999998926619 pos:1.0733811280570292E-10 
3271.txt pos neg:0.8172333266427142 pos:0.18276667335728583 
3005.txt pos neg:0.999999468167855 pos:5.318321450601291E-7 
3573.txt neg pos:0.9999999992753741 neg:7.246259325561295E-10 
1846.txt neg neg:0.9999999630471967 pos:3.695280319602999E-8 
2289.txt pos neg:0.9999836756376822 pos:1.6324362317898328E-5 
3076.txt neg pos:0.9925196239620853 neg:0.007480376037914666 
273.txt neg neg:0.9999999899369659 pos:1.006303400400786E-8 
669.txt neg pos:0.9999997179400409 neg:2.8205995910179556E-7 
3681.txt pos pos:0.9988855293399609 neg:0.0011144706600390872 
3169.txt neg neg:1.0 pos:6.514154806532462E-26 
1083.txt neg pos:0.9999999998946474 neg:1.0535258314564641E-10 
1448.txt neg neg:0.9999994611081382 pos:5.388918618762525E-7 
1564.txt pos pos:0.99999999999997 neg:3.0030423164810107E-14 
4097.txt neg neg:0.9999999804104306 pos:1.9589569347448184E-8 
1371.txt pos pos:0.9999999635826387 neg:3.6417361464989517E-8 
3329.txt pos pos:0.9999922351700219 neg:7.764829978218606E-6 
3946.txt neg neg:0.9643361551358477 pos:0.035663844864152354 
2445.txt neg neg:0.9999999956727517 pos:4.327248306773832E-9 
1194.txt pos pos:0.9999988376766701 neg:1.162323329843516E-6 
156.txt neg pos:0.9945219055300992 neg:0.005478094469900854 
1441.txt neg neg:0.9999999966861493 pos:3.3138506363381546E-9 
977.txt neg neg:0.950918311637034 pos:0.04908168836296593 
3901.txt neg neg:0.9999999999997777 pos:2.2219755526509058E-13 
1563.txt pos pos:0.9999787907843651 neg:2.1209215634982838E-5 
1872.txt pos pos:0.9999999999999902 neg:9.746352322702874E-15 
1848.txt neg neg:0.9947964593677098 pos:0.00520354063229029 
3811.txt pos pos:0.9999999998361706 neg:1.6382931316495078E-10 
586.txt pos pos:0.9999999999980169 neg:1.9831905563152324E-12 
253.txt pos neg:0.9761712674543978 pos:0.023828732545602263 
813.txt neg neg:0.9999990479846574 pos:9.520153426732793E-7 
2766.txt pos pos:1.0 neg:1.3037654885340118E-17 
942.txt neg neg:0.9999999999986582 pos:1.3417733656320812E-12 
2912.txt pos pos:0.9860182485637343 neg:0.013981751436265758 
1696.txt neg neg:0.9929929264766676 pos:0.007007073523332358 
1303.txt pos pos:1.0 neg:3.478666126607563E-22 
3773.txt pos pos:0.9991629664352397 neg:8.370335647601976E-4 
1580.txt pos pos:1.0 neg:3.1216586826681945E-46 
945.txt neg pos:0.9999000713095351 neg:9.992869046481073E-5 
3709.txt neg neg:1.0 pos:1.2715796156835952E-20 
1061.txt pos pos:0.999999990293477 neg:9.706523075596396E-9 
2670.txt pos pos:0.9999999996788174 neg:3.211827110810056E-10 
4316.txt neg neg:0.9999999999999887 pos:1.1387378213169532E-14 
3204.txt pos pos:0.9999999978406282 neg:2.15937174041917E-9 
414.txt neg neg:1.0 pos:6.8279256211935635E-46 
406.txt pos pos:0.9999998890706517 neg:1.1092934828731357E-7 
1268.txt neg neg:0.9999999999999991 pos:9.671105546131792E-16 
2566.txt neg neg:0.9999733140090993 pos:2.66859909008223E-5 
4273.txt pos neg:0.9999817324991609 pos:1.826750083914906E-5 
446.txt pos pos:0.691327185388428 neg:0.308672814611572 
3315.txt pos pos:0.9999811939937541 neg:1.8806006245895842E-5 
1965.txt neg neg:0.9999999999998694 pos:1.306629925006977E-13 
3327.txt pos pos:1.0 neg:7.875170509176904E-26 
1330.txt neg neg:0.9999717130847624 pos:2.828691523767867E-5 
1765.txt pos pos:0.9999995161111682 neg:4.838888318625253E-7 
667.txt neg pos:0.7135168893424598 neg:0.2864831106575401 
1255.txt pos pos:0.9975521827921706 neg:0.0024478172078293684 
2147.txt neg neg:0.9999999999997193 pos:2.8060389869215805E-13 
1212.txt pos pos:0.9999999947906673 neg:5.2093327169351126E-9 
305.txt pos neg:0.9999999999554063 pos:4.459371007125152E-11 
588.txt pos pos:0.9999999998166349 neg:1.8336504145555784E-10 
2802.txt neg pos:0.9991350286564903 neg:8.649713435097576E-4 
1266.txt neg neg:0.999166253191835 pos:8.33746808164895E-4 
104.txt pos pos:1.0 neg:1.850898482973143E-53 
3941.txt neg neg:1.0 pos:4.679221945145274E-22 
1447.txt pos pos:0.99999999999999 neg:9.900333860180074E-15 
3799.txt pos pos:0.9999999913368179 neg:8.663182205810813E-9 
473.txt pos pos:0.9999999039495365 neg:9.605046354166553E-8 
3418.txt pos neg:0.999999998916274 pos:1.0837259666954515E-9 
787.txt pos pos:0.9999999997035698 neg:2.96430319858811E-10 
1807.txt pos neg:0.9999728835819957 pos:2.71164180044003E-5 
4319.txt pos pos:0.9999999999999554 neg:4.469020327005453E-14 
1672.txt neg pos:0.9998724660847019 neg:1.275339152979845E-4 
1924.txt pos pos:1.0 neg:5.4513306377111936E-30 
4356.txt neg neg:0.9997870732669996 pos:2.1292673300041495E-4 
530.txt neg neg:0.9999999999974003 pos:2.5997767720213022E-12 
3746.txt pos pos:0.9995919575667276 neg:4.08042433272437E-4 
3888.txt neg neg:0.9994897914388359 pos:5.102085611642067E-4 
4208.txt pos pos:0.999999999963493 neg:3.650712528422386E-11 
649.txt pos pos:0.9999998953812262 neg:1.0461877381188128E-7 
2264.txt pos pos:0.9111590921941497 neg:0.08884090780585023 
3651.txt neg neg:0.994606493571648 pos:0.0053935064283519695 
1269.txt pos pos:1.0 neg:1.164284349238135E-24 
3410.txt neg neg:0.9576831408937377 pos:0.042316859106262344 
1252.txt pos neg:0.9982657769952131 pos:0.0017342230047868875 
490.txt pos pos:0.9999999772248983 neg:2.2775101776945417E-8 
1136.txt neg pos:0.8659138294763425 neg:0.13408617052365748 
3245.txt neg pos:0.9920534394282895 neg:0.007946560571710502 
310.txt neg pos:0.9999999917384664 neg:8.261533619214908E-9 
2521.txt neg neg:0.9999005125751403 pos:9.948742485973529E-5 
1873.txt neg neg:1.0 pos:1.6803909967695207E-27 
3540.txt pos pos:0.9999968369088436 neg:3.1630911565380624E-6 
792.txt neg neg:0.9999999999987006 pos:1.29946624640467E-12 
3817.txt neg neg:0.9999999960266193 pos:3.973380823680241E-9 
3948.txt neg neg:0.9999999999985971 pos:1.4029623266734904E-12 
2058.txt neg neg:0.9998504137841191 pos:1.4958621588091002E-4 
3320.txt pos pos:0.9999999982993548 neg:1.70064515199179E-9 
1337.txt neg neg:0.9999999920330261 pos:7.966974010843078E-9 
1962.txt neg neg:0.9999999256689309 pos:7.433106916114248E-8 
1131.txt neg neg:1.0 pos:1.2759119252969388E-32 
30.txt neg pos:0.9999999999999865 neg:1.3505807792374667E-14 
1762.txt pos neg:0.9999999999999798 pos:2.0252607294233966E-14 
2726.txt pos pos:1.0 neg:1.050988011182947E-24 
1139.txt pos pos:1.0 neg:3.9921220050686845E-20 
4325.txt pos pos:1.0 neg:1.2886779144921715E-22 
4274.txt pos pos:1.0 neg:1.1152316077615375E-37 
559.txt pos pos:0.9999988698481292 neg:1.1301518706367332E-6 
1055.txt neg neg:0.9999999999997369 pos:2.6319254697171765E-13 
711.txt pos neg:0.9956433599755045 pos:0.004356640024495539 
3042.txt pos pos:0.9998554427782788 neg:1.4455722172121056E-4 
828.txt neg neg:0.7124757057203094 pos:0.2875242942796906 
1302.txt neg pos:0.9248231610322599 neg:0.07517683896774002 
2985.txt neg pos:0.999999960760247 neg:3.923975305208459E-8 
2895.txt pos neg:1.0 pos:2.3892362958642414E-22 
2803.txt pos pos:0.9999951462069039 neg:4.8537930961180946E-6 
4163.txt pos pos:1.0 neg:1.2209627206507612E-24 
2913.txt neg neg:0.9999858639578681 pos:1.4136042131900683E-5 
3239.txt neg neg:0.9999532243581075 pos:4.677564189248775E-5 
2011.txt neg neg:1.0 pos:2.18977197188116E-24 
579.txt neg neg:0.9999975129264425 pos:2.4870735573988818E-6 
192.txt pos pos:1.0 neg:5.601017414785502E-19 
833.txt pos neg:0.9999911349003137 pos:8.865099686356137E-6 
1786.txt pos pos:0.9999967599474863 neg:3.240052513725434E-6 
319.txt neg neg:0.999999875691023 pos:1.2430897697012782E-7 
4350.txt pos pos:0.9999999949579441 neg:5.042055928288744E-9 
3422.txt neg neg:0.9999932925262047 pos:6.70747379513404E-6 
3094.txt pos pos:1.0 neg:5.46312297242112E-18 
2263.txt pos pos:1.0 neg:1.0774645239473432E-24 
2101.txt pos pos:0.9999922812287119 neg:7.718771288079104E-6 
505.txt neg neg:0.9999243570729783 pos:7.564292702177814E-5 
4323.txt neg neg:1.0 pos:1.9379117178503353E-35 
1060.txt neg neg:0.9999999999736429 pos:2.6357121885829465E-11 
3326.txt neg neg:0.9999999999979929 pos:2.007086496932765E-12 
4365.txt pos pos:0.9999999980504621 neg:1.9495379375036146E-9 
2671.txt neg neg:0.9401584893376773 pos:0.05984151066232273 
4075.txt pos pos:1.0 neg:3.3456441649456833E-40 
299.txt neg neg:0.9999999867034701 pos:1.3296529976231475E-8 
3747.txt neg neg:0.9999999999990319 pos:9.68095275524278E-13 
234.txt neg neg:0.9930657608477244 pos:0.00693423915227572 
3203.txt pos pos:0.999998964216383 neg:1.0357836169142467E-6 
2493.txt neg neg:0.9999943938687292 pos:5.606131270750809E-6 
1261.txt neg pos:0.9999999999999998 neg:1.5093714704205625E-16 
1763.txt neg neg:0.9999999975081004 pos:2.4918995064327217E-9 
4296.txt neg neg:0.9999931588749483 pos:6.841125051589769E-6 
1832.txt pos pos:0.9999996423611204 neg:3.576388797062012E-7 
2920.txt pos pos:0.9999949354395001 neg:5.06456049999831E-6 
2761.txt pos neg:0.7662013047639619 pos:0.23379869523603813 
2288.txt neg neg:0.9968068884986185 pos:0.0031931115013814617 
2783.txt neg neg:0.9999866252074318 pos:1.3374792568252413E-5 
4119.txt neg neg:1.0 pos:4.1201534804488957E-19 
103.txt pos pos:1.0 neg:2.034331516458877E-27 
3002.txt pos neg:0.9940545530470447 pos:0.005945446952955172 
3121.txt pos neg:0.9999995186818397 pos:4.813181603365598E-7 
2436.txt pos neg:0.9999997040261511 pos:2.959738487753518E-7 
3658.txt neg neg:0.9975430055422604 pos:0.0024569944577395603 
522.txt pos pos:0.999999526517756 neg:4.7348224394852863E-7 
2024.txt neg pos:0.9999998958673051 neg:1.0413269494165056E-7 
885.txt neg pos:0.9999984913203054 neg:1.5086796946752312E-6 
3489.txt pos pos:0.9999999999997369 neg:2.630255375468271E-13 
77.txt neg pos:0.5411123279021337 neg:0.45888767209786635 
3242.txt neg neg:0.9356297039066033 pos:0.06437029609339669 
1633.txt pos pos:0.9999999652895409 neg:3.4710459107492003E-8 
758.txt pos pos:0.9999999999999998 neg:1.7365411713535257E-16 
4098.txt pos pos:1.0 neg:8.367642680159155E-25 
1634.txt pos pos:0.9999999980760237 neg:1.923976262080342E-9 
640.txt pos pos:1.0 neg:1.6699684916605484E-19 
1519.txt neg neg:0.999999753907208 pos:2.460927918777876E-7 
248.txt neg neg:1.0 pos:2.6025272870400913E-17 
1609.txt neg neg:0.9999999667136643 pos:3.328633558543057E-8 
1556.txt pos pos:0.9999997376462342 neg:2.623537657982902E-7 
1342.txt neg neg:0.999980844125658 pos:1.915587434201506E-5 
959.txt pos pos:0.9999999999991942 neg:8.057975543661016E-13 
3031.txt neg neg:0.9999999999999991 pos:9.680952114712749E-16 
3279.txt neg neg:0.9999982619432458 pos:1.7380567540934141E-6 
2442.txt neg neg:0.9999999999943541 pos:5.645991620101309E-12 
3880.txt pos pos:0.999553998376114 neg:4.460016238860534E-4 
874.txt pos neg:0.6297571520456308 pos:0.37024284795436924 
4111.txt pos pos:0.9999999999999931 neg:6.836772934982741E-15 
1473.txt neg neg:1.0 pos:1.0413934671892305E-16 
214.txt pos pos:0.9999999953281635 neg:4.671836514100386E-9 
3450.txt neg neg:0.9999997969866138 pos:2.030133861312563E-7 
2063.txt neg neg:0.9999999994143594 pos:5.856407306594355E-10 
Trial 0 Trainer NaiveBayesTrainer Training Data Confusion Matrix
Confusion Matrix, row=true, column=predicted  accuracy=0.9938888888888889
  label   0   1  |total
  0 neg 898   2  |900
  1 pos   9 891  |900

Trial 0 Trainer NaiveBayesTrainer training data accuracy= 0.9938888888888889
Trial 0 Trainer NaiveBayesTrainer Test Data Confusion Matrix
Confusion Matrix, row=true, column=predicted  accuracy=0.805
  label   0   1  |total
  0 neg  80  20  |100
  1 pos  19  81  |100

Trial 0 Trainer NaiveBayesTrainer test data accuracy= 0.805

NaiveBayesTrainer
Summary. train accuracy mean = 0.9938888888888889 stddev = 0.0 stderr = 0.0
Summary. test accuracy mean = 0.805 stddev = 0.0 stderr = 0.0
