
-------------------- Trial 0  --------------------

Trial 0 Training NaiveBayesTrainer with 1800 instances
Trial 0 Training NaiveBayesTrainer finished
Trial 0 Trainer NaiveBayesTrainer
 Raw Testing Data
1225.txt pos pos:0.9999972930656396 neg:2.706934360354793E-6 
4113.txt pos pos:0.9999999999976628 neg:2.337175162546769E-12 
1414.txt neg neg:0.9493187250207065 pos:0.05068127497929355 
3334.txt neg neg:0.999999999999839 pos:1.6104196486369378E-13 
3087.txt neg neg:0.9999999999999567 pos:4.332663462093209E-14 
878.txt pos pos:1.0 neg:6.653082351263745E-25 
3428.txt pos pos:0.9999999758700034 neg:2.412999650979709E-8 
2901.txt neg neg:0.804415071221938 pos:0.195584928778062 
1754.txt neg neg:0.9999999165229406 pos:8.34770594046152E-8 
645.txt pos neg:0.9999991811244058 pos:8.188755941818499E-7 
716.txt neg neg:0.9999994172848317 pos:5.827151681967823E-7 
2690.txt neg neg:1.0 pos:7.936066043931533E-18 
4267.txt neg neg:1.0 pos:6.630991733881973E-49 
2872.txt neg pos:1.0 neg:2.693140774310101E-17 
3426.txt pos pos:0.9999996767973934 neg:3.23202606507514E-7 
4166.txt pos pos:0.9715339396358728 neg:0.028466060364127292 
2061.txt neg neg:1.0 pos:2.355399621559342E-17 
2796.txt neg neg:0.8893751009687055 pos:0.11062489903129448 
615.txt pos pos:1.0 neg:5.251805707016087E-29 
5.txt neg neg:0.9999999999999976 pos:2.4158362542148394E-15 
2433.txt pos pos:0.9998462086612607 neg:1.5379133873933134E-4 
3309.txt pos neg:0.9847904178934065 pos:0.015209582106593655 
421.txt pos pos:0.9999990912093516 neg:9.087906483860153E-7 
208.txt pos pos:0.9975047006960814 neg:0.0024952993039185885 
3159.txt neg neg:0.9997305992871253 pos:2.69400712874853E-4 
4093.txt pos pos:0.9999945189854501 neg:5.481014549916436E-6 
3375.txt pos pos:0.9975133281579783 neg:0.002486671842021667 
3390.txt neg neg:0.9290142378785037 pos:0.07098576212149642 
1971.txt pos pos:0.9999999992830066 neg:7.169933452138812E-10 
3792.txt pos pos:0.9999999999999256 neg:7.433640640634645E-14 
4314.txt neg neg:0.9999999999958908 pos:4.109144886229858E-12 
2154.txt pos neg:0.9999990330162387 pos:9.669837612423784E-7 
529.txt pos pos:0.9975597860173773 neg:0.0024402139826227415 
1233.txt neg neg:0.9999794595346361 pos:2.0540465363891892E-5 
929.txt pos pos:0.9988481828501875 neg:0.001151817149812536 
4204.txt pos pos:0.9999623968373289 neg:3.760316267117398E-5 
2747.txt neg neg:0.9999999999999132 pos:8.676193381214638E-14 
1861.txt neg neg:0.9999324465688476 pos:6.755343115231969E-5 
3893.txt neg pos:0.999816546256195 neg:1.834537438049168E-4 
3019.txt pos pos:0.9999999999575939 neg:4.240615445716369E-11 
2501.txt neg neg:0.9855494903086567 pos:0.014450509691343287 
3803.txt pos neg:0.9999999981043359 pos:1.895663992130304E-9 
2573.txt neg pos:0.9999999999987792 neg:1.2208672456247148E-12 
3348.txt neg neg:1.0 pos:7.283802773949434E-22 
3172.txt neg neg:0.9999957230711264 pos:4.276928873464798E-6 
2987.txt neg neg:0.999999999867405 pos:1.3259499145958054E-10 
1679.txt neg neg:0.9999999999738942 pos:2.6105766398165164E-11 
213.txt neg neg:0.9999999984151173 pos:1.5848826792459154E-9 
3217.txt neg pos:0.999995817683453 neg:4.182316547091152E-6 
1119.txt pos pos:0.9999989719206472 neg:1.0280793527645694E-6 
1165.txt pos neg:0.9992638649303889 pos:7.36135069611191E-4 
3058.txt neg pos:0.9603165774274705 neg:0.039683422572529534 
2908.txt neg neg:0.9999999992854676 pos:7.145324860382574E-10 
816.txt neg neg:0.999996077321126 pos:3.922678873902001E-6 
642.txt pos pos:1.0 neg:2.372789714879398E-22 
2.txt neg neg:0.9999999996671931 pos:3.328070005991829E-10 
1147.txt pos neg:0.9999999999916918 pos:8.308211850101173E-12 
2751.txt pos pos:0.8989944753724443 neg:0.10100552462755565 
1335.txt neg neg:0.9999999983969023 pos:1.6030976296756837E-9 
2890.txt pos neg:0.9999999917202197 pos:8.27978039875034E-9 
1629.txt neg neg:0.9999999999861604 pos:1.3839598464280829E-11 
428.txt pos pos:0.9999999999995006 neg:4.993750988918218E-13 
3381.txt pos pos:0.9999999787101823 neg:2.1289817747987253E-8 
2616.txt neg pos:1.0 neg:9.000123552689693E-27 
3357.txt pos neg:0.999375021914842 pos:6.249780851579385E-4 
3502.txt pos pos:0.9971432579533984 neg:0.0028567420466016264 
2780.txt pos pos:0.9999998688891717 neg:1.3111082838398478E-7 
1993.txt neg neg:1.0 pos:1.0144940904418086E-18 
1745.txt pos pos:0.9999755397527268 neg:2.4460247273249022E-5 
1431.txt neg neg:0.9999999999999971 pos:2.956307706848254E-15 
3727.txt neg neg:1.0 pos:1.5811329609927248E-18 
4271.txt pos pos:1.0 neg:9.762262074594368E-25 
2598.txt pos pos:1.0 neg:8.917700443393504E-36 
2205.txt neg neg:0.9999999997656108 pos:2.3438915150919686E-10 
3010.txt pos neg:0.9999969423288504 pos:3.05767114960622E-6 
4168.txt pos pos:0.9994225438432361 neg:5.774561567638168E-4 
2459.txt neg pos:0.9999656424216807 neg:3.43575783192847E-5 
1785.txt neg neg:0.9872723370919899 pos:0.012727662908010152 
2732.txt neg neg:0.9999999999999938 pos:6.134370088091038E-15 
3795.txt pos pos:0.9999999999448095 neg:5.519045607379518E-11 
403.txt pos pos:0.999980126219852 neg:1.9873780147890822E-5 
3047.txt pos neg:0.633894818350222 pos:0.366105181649778 
3914.txt neg pos:0.9999739629029242 neg:2.603709707587363E-5 
1644.txt pos pos:0.9999858920981415 neg:1.4107901858387665E-5 
4102.txt neg neg:1.0 pos:1.0781720361563064E-22 
1374.txt pos pos:0.6020640370326482 neg:0.3979359629673518 
4305.txt pos pos:0.9999791647288218 neg:2.0835271178242262E-5 
3882.txt pos pos:1.0 neg:1.2572825868207628E-38 
4327.txt pos pos:1.0 neg:3.4719674474504034E-27 
1704.txt neg neg:0.9999999782975626 pos:2.1702437477188907E-8 
2881.txt neg neg:0.9999959736112378 pos:4.0263887621697325E-6 
1097.txt pos pos:1.0 neg:1.4640628777270556E-24 
2648.txt neg neg:0.9999488379124561 pos:5.116208754386141E-5 
2321.txt neg neg:0.9999999766207018 pos:2.3379298216834558E-8 
3905.txt pos neg:1.0 pos:4.548639173624569E-21 
1405.txt pos pos:0.9999978799427518 neg:2.1200572481593436E-6 
3157.txt neg neg:0.9999999999999998 pos:2.5803438649220734E-16 
562.txt neg neg:0.9834869348609713 pos:0.016513065139028685 
919.txt neg pos:0.9999999989183981 neg:1.08160190537667E-9 
910.txt neg pos:0.9999999833497011 neg:1.6650298923636925E-8 
591.txt neg neg:1.0 pos:4.28173259972706E-22 
2043.txt neg pos:0.9999999999967693 neg:3.230810470814489E-12 
984.txt pos pos:0.5064075954207328 neg:0.49359240457926734 
2176.txt pos pos:0.9999999999997822 neg:2.1778867341231546E-13 
3995.txt neg pos:0.990668049914014 neg:0.009331950085986012 
3208.txt pos pos:1.0 neg:1.4473420459126838E-60 
3913.txt neg neg:0.9998513805093598 pos:1.4861949064015284E-4 
2933.txt neg neg:0.9999962051805755 pos:3.794819424488665E-6 
3854.txt pos neg:0.9996635556761108 pos:3.3644432388923475E-4 
853.txt pos neg:0.9999999999999976 pos:2.492123930516162E-15 
780.txt neg neg:0.9999988755645774 pos:1.1244354226074742E-6 
4226.txt pos pos:1.0 neg:1.395258731731212E-19 
3505.txt pos pos:0.9999996950328165 neg:3.0496718358297303E-7 
1982.txt pos pos:0.9999999999975793 neg:2.4206873827444296E-12 
713.txt pos pos:0.9999999999999927 neg:7.315422927226762E-15 
2139.txt neg pos:0.9450364466095912 neg:0.054963553390408856 
1108.txt neg neg:1.0 pos:2.9571090064848925E-21 
3386.txt pos pos:0.9999772438723353 neg:2.275612766464852E-5 
1351.txt pos pos:0.9999970769690844 neg:2.92303091568899E-6 
1365.txt neg neg:0.9999999687555808 pos:3.1244419130318576E-8 
2523.txt neg neg:1.0 pos:2.054697110382244E-21 
1504.txt pos pos:0.9992589638334322 neg:7.410361665678304E-4 
952.txt pos pos:0.9999999412108923 neg:5.878910777973689E-8 
1016.txt pos pos:0.9999999999994895 neg:5.104985308641058E-13 
126.txt neg neg:0.9999999999978149 pos:2.185152662409803E-12 
756.txt neg pos:0.7648608002323107 neg:0.23513919976768927 
584.txt pos pos:0.9999998682634392 neg:1.317365608311614E-7 
2104.txt pos pos:0.9999922191334562 neg:7.780866543794353E-6 
3080.txt neg neg:0.9278872392314463 pos:0.07211276076855368 
337.txt neg neg:0.9999999999999998 pos:1.7418750660338719E-16 
1241.txt neg pos:0.9999836244630409 neg:1.6375536958995722E-5 
1767.txt pos neg:0.9999999999997418 pos:2.5826063934511624E-13 
2283.txt neg neg:1.0 pos:8.106813273362061E-22 
3415.txt neg neg:0.9999996705544079 pos:3.29445592222426E-7 
2077.txt pos neg:0.9939200930482377 pos:0.006079906951762357 
4276.txt pos pos:0.9999999999960199 neg:3.980164137608216E-12 
261.txt neg pos:0.9999428922438763 neg:5.710775612378828E-5 
3482.txt pos pos:0.9999850644253854 neg:1.4935574614554853E-5 
2951.txt neg neg:0.9999999999640283 pos:3.5971751629777994E-11 
826.txt pos neg:0.9999696364291674 pos:3.0363570832645293E-5 
133.txt pos neg:0.9999999999999241 pos:7.583429795178183E-14 
3871.txt pos pos:0.9999999999993707 neg:6.293402736907281E-13 
2070.txt pos neg:0.994583194422409 pos:0.005416805577590965 
236.txt neg neg:0.9999999999412494 pos:5.875055048445699E-11 
146.txt pos neg:0.9999999997987676 pos:2.0123233310660366E-10 
1046.txt pos pos:1.0 neg:9.247893404039499E-21 
2541.txt neg neg:1.0 pos:1.7287498602905122E-81 
2710.txt neg neg:1.0 pos:3.856747590332276E-18 
3399.txt neg neg:0.8895545775960747 pos:0.11044542240392523 
1776.txt neg neg:1.0 pos:2.000603921915429E-19 
3074.txt neg neg:1.0 pos:9.090083791211788E-24 
3826.txt pos pos:0.9999996097748296 neg:3.9022517038734893E-7 
983.txt pos pos:1.0 neg:1.1740779549642477E-18 
1939.txt neg neg:1.0 pos:1.1342099849591103E-20 
309.txt pos neg:0.7602213910566902 pos:0.23977860894330977 
2425.txt neg neg:0.9953156153059347 pos:0.004684384694065231 
75.txt pos pos:1.0 neg:2.4539784184881994E-17 
448.txt neg neg:1.0 pos:1.07212981547835E-40 
1814.txt neg neg:0.9999999999992659 pos:7.340811367207502E-13 
3065.txt pos pos:0.999995266836821 neg:4.733163179011665E-6 
1668.txt pos pos:0.9996339437442954 neg:3.660562557045807E-4 
3944.txt neg neg:0.9999999999990896 pos:9.10317796521826E-13 
2650.txt pos neg:0.9999971563733365 pos:2.8436266634338867E-6 
2899.txt pos pos:0.6387140024013125 neg:0.3612859975986875 
672.txt neg neg:0.9999999997436861 pos:2.563139191108114E-10 
1466.txt neg neg:0.847584897331247 pos:0.1524151026687531 
1594.txt neg neg:0.9999999788189893 pos:2.1181010668848343E-8 
3301.txt neg neg:0.9999999946578013 pos:5.342198630794581E-9 
2354.txt neg pos:0.9999981867172718 neg:1.8132827283063565E-6 
612.txt pos neg:0.9999999944564104 pos:5.543589500148072E-9 
4114.txt pos pos:0.9999999999965847 neg:3.41525390657449E-12 
4260.txt neg pos:0.9999999999999609 neg:3.9114839705571327E-14 
998.txt neg neg:0.9999999988519463 pos:1.1480535454087285E-9 
1454.txt neg neg:0.9999999775615726 pos:2.24384275609487E-8 
1868.txt neg neg:0.9999999997561029 pos:2.4389702234936904E-10 
50.txt neg neg:0.9999999999999603 pos:3.970717481690382E-14 
2641.txt neg neg:0.9999999999999998 pos:2.0062672091841077E-16 
882.txt pos pos:0.5597327325137629 neg:0.4402672674862372 
2497.txt pos neg:0.9999999999957809 pos:4.2190254759637315E-12 
223.txt pos pos:1.0 neg:1.4744492833223645E-19 
1257.txt pos neg:0.9940062918564203 pos:0.005993708143579737 
917.txt neg neg:0.9999999999999651 pos:3.4767790056390094E-14 
4037.txt pos pos:0.9867347986966039 neg:0.013265201303396076 
312.txt neg pos:0.9999999989474582 neg:1.0525417282809586E-9 
2055.txt pos pos:0.9999999999999285 neg:7.156119028770368E-14 
1602.txt neg neg:0.9999698843913438 pos:3.011560865604929E-5 
1041.txt pos pos:0.999999947536366 neg:5.2463634070374384E-8 
3341.txt neg neg:0.9951274692481135 pos:0.004872530751886558 
3894.txt neg neg:0.9999999957076089 pos:4.292391012339643E-9 
693.txt pos pos:0.9999573741865024 neg:4.262581349757216E-5 
1794.txt pos neg:0.9931784875468989 pos:0.006821512453101145 
657.txt neg neg:0.9999757446310231 pos:2.425536897678251E-5 
1358.txt pos pos:0.9999999974725133 neg:2.5274867329400146E-9 
630.txt pos pos:1.0 neg:1.0361021232203095E-21 
2244.txt pos pos:0.9999999999999998 neg:2.0003949053155697E-16 
3098.txt pos pos:0.9999977723868971 neg:2.227613102869834E-6 
1090.txt pos pos:0.9999999987517274 neg:1.248272604158224E-9 
600.txt neg neg:0.9999899204063419 pos:1.007959365820895E-5 
3333.txt neg neg:0.9999999865412992 pos:1.345870087587206E-8 
955.txt pos pos:0.9999999995864255 neg:4.1357441859867073E-10 
Trial 0 Trainer NaiveBayesTrainer Training Data Confusion Matrix
Confusion Matrix, row=true, column=predicted  accuracy=0.9955555555555555
  label   0   1  |total
  0 neg 899   1  |900
  1 pos   7 893  |900

Trial 0 Trainer NaiveBayesTrainer training data accuracy= 0.9955555555555555
Trial 0 Trainer NaiveBayesTrainer Test Data Confusion Matrix
Confusion Matrix, row=true, column=predicted  accuracy=0.78
  label   0   1  |total
  0 neg  81  19  |100
  1 pos  25  75  |100

Trial 0 Trainer NaiveBayesTrainer test data accuracy= 0.78

NaiveBayesTrainer
Summary. train accuracy mean = 0.9955555555555555 stddev = 0.0 stderr = 0.0
Summary. test accuracy mean = 0.78 stddev = 0.0 stderr = 0.0
