
-------------------- Trial 0  --------------------

Trial 0 Training MaxEntTrainer,gaussianPriorVariance=1.0 with 1800 instances
Trial 0 Training MaxEntTrainer,gaussianPriorVariance=1.0 finished
Trial 0 Trainer MaxEntTrainer,gaussianPriorVariance=1.0
 Raw Testing Data
1783.txt neg neg:0.9979028501948947 pos:0.0020971498051053517 
1802.txt neg pos:0.7842059847336793 neg:0.21579401526632072 
862.txt neg neg:0.6749750142635487 pos:0.32502498573645133 
1726.txt pos pos:0.9993983377999947 neg:6.016622000052454E-4 
1766.txt pos pos:0.7335657187552449 neg:0.2664342812447552 
3040.txt neg pos:0.5132960111559769 neg:0.48670398884402316 
3771.txt neg neg:0.9999803412066806 pos:1.9658793319489552E-5 
2068.txt pos neg:0.9923833123055662 pos:0.007616687694433766 
4094.txt neg pos:0.9250706888646871 neg:0.07492931113531279 
2800.txt pos pos:0.9999965703811369 neg:3.4296188630903967E-6 
3860.txt pos pos:0.9998760203456681 neg:1.2397965433187173E-4 
513.txt pos neg:0.6708758791849678 pos:0.32912412081503206 
3455.txt pos neg:0.7009596315481593 pos:0.2990403684518406 
4167.txt pos pos:0.6247705117202698 neg:0.37522948827973024 
966.txt pos pos:0.9981168471226154 neg:0.001883152877384576 
1695.txt neg neg:0.995361090739983 pos:0.004638909260017004 
1526.txt neg neg:0.6153891812477891 pos:0.3846108187522109 
1636.txt neg neg:0.5960464752490422 pos:0.40395352475095786 
2519.txt neg neg:0.5275696582867951 pos:0.47243034171320475 
3388.txt neg pos:0.9914609247234842 neg:0.008539075276515753 
3248.txt neg neg:0.9999978967166665 pos:2.1032833334492204E-6 
908.txt neg neg:0.9774158194346053 pos:0.02258418056539459 
4242.txt pos pos:0.995811907485558 neg:0.004188092514441883 
631.txt pos pos:0.9999942771470741 neg:5.722852925848759E-6 
2556.txt pos pos:0.9893033472214943 neg:0.010696652778505867 
1059.txt pos pos:0.9918451466424261 neg:0.008154853357573835 
1928.txt neg pos:0.9770652273917999 neg:0.022934772608200163 
1477.txt neg pos:0.7123926720100082 neg:0.2876073279899919 
4243.txt neg neg:0.9960014108453925 pos:0.003998589154607389 
1753.txt pos pos:0.9964612710620077 neg:0.003538728937992415 
3938.txt pos pos:0.9999999520473896 neg:4.79526104073869E-8 
2221.txt neg pos:0.9000027510554526 neg:0.09999724894454744 
1843.txt pos pos:0.9999772708348054 neg:2.2729165194767356E-5 
1089.txt neg neg:0.8572243636012089 pos:0.1427756363987911 
1191.txt neg neg:0.9845666282975284 pos:0.015433371702471513 
1011.txt neg pos:0.8707806648731292 neg:0.12921933512687087 
48.txt neg neg:0.9993354847715976 pos:6.645152284024281E-4 
534.txt neg neg:0.9999997781620488 pos:2.2183795115746614E-7 
4155.txt pos pos:0.9905565082324012 neg:0.009443491767598853 
4183.txt pos pos:0.9983363273322425 neg:0.001663672667757437 
2194.txt pos pos:0.9849172726518429 neg:0.015082727348157176 
1879.txt neg neg:0.9994302171698872 pos:5.697828301128927E-4 
1196.txt neg neg:0.9990454270169191 pos:9.545729830807788E-4 
3467.txt pos pos:0.9999999521318329 neg:4.7868167077341724E-8 
97.txt pos pos:0.9997696357318515 neg:2.3036426814853885E-4 
2052.txt neg neg:0.9863115478476733 pos:0.013688452152326627 
1495.txt pos neg:0.8423097403011843 pos:0.15769025969881567 
279.txt neg neg:0.99952734324882 pos:4.726567511799254E-4 
2563.txt pos pos:0.9289660062977229 neg:0.07103399370227702 
1755.txt neg pos:0.8336307626054337 neg:0.16636923739456635 
2558.txt pos pos:0.9999355508348163 neg:6.444916518369794E-5 
198.txt pos pos:0.8204127180109423 neg:0.17958728198905777 
1333.txt neg neg:0.9439888904558087 pos:0.056011109544191216 
196.txt pos pos:0.9965095363075751 neg:0.003490463692424926 
3273.txt neg neg:0.9986329785611964 pos:0.0013670214388036461 
33.txt neg neg:0.6465599274172683 pos:0.35344007258273175 
2897.txt neg neg:0.8547222825950713 pos:0.14527771740492873 
4230.txt pos pos:0.9999999999828242 neg:1.7175772700250776E-11 
4354.txt pos pos:0.9454432999891546 neg:0.05455670001084539 
1605.txt pos pos:0.9997954587537449 neg:2.045412462551815E-4 
901.txt neg neg:0.9999995023898935 pos:4.976101063112381E-7 
3164.txt neg neg:0.9865167173843894 pos:0.01348328261561052 
3579.txt neg neg:0.9999999676618444 pos:3.233815559199791E-8 
445.txt pos pos:0.9727278633193994 neg:0.027272136680600457 
2083.txt neg neg:0.9457498794680673 pos:0.05425012053193272 
2102.txt pos pos:0.9967996292558884 neg:0.0032003707441117133 
3777.txt pos pos:0.7505304089420349 neg:0.24946959105796507 
2911.txt pos pos:0.9834663451287048 neg:0.016533654871295253 
2269.txt pos pos:0.9618611516707307 neg:0.03813884832926934 
115.txt neg neg:0.9992875210856809 pos:7.124789143192471E-4 
2587.txt pos pos:0.849603862859155 neg:0.15039613714084496 
1583.txt pos pos:0.9990622060322676 neg:9.377939677324538E-4 
306.txt pos pos:0.9975599399392315 neg:0.0024400600607684944 
1476.txt pos pos:0.999760090780695 neg:2.3990921930486743E-4 
1024.txt neg neg:0.7173884385895732 pos:0.28261156141042676 
366.txt neg neg:0.996036188587153 pos:0.003963811412847077 
1569.txt pos pos:0.8695594882989596 neg:0.13044051170104048 
328.txt neg neg:0.998402405508755 pos:0.0015975944912449936 
2550.txt neg neg:0.9997049282788578 pos:2.950717211422852E-4 
4095.txt pos pos:0.9986637923294951 neg:0.0013362076705048717 
2724.txt neg neg:0.999897767821012 pos:1.0223217898805652E-4 
459.txt neg neg:0.997045070414406 pos:0.0029549295855939655 
1022.txt pos pos:0.9025273190465224 neg:0.09747268095347765 
2408.txt neg neg:0.9994184509482905 pos:5.815490517094879E-4 
2832.txt pos pos:0.9603911238208755 neg:0.03960887617912449 
1133.txt pos pos:0.9602395960789233 neg:0.039760403921076756 
3201.txt neg pos:0.8738597139913074 neg:0.12614028600869256 
1915.txt pos pos:0.9987544429155397 neg:0.0012455570844602723 
2699.txt pos pos:0.999999994175391 neg:5.824609007037301E-9 
798.txt neg neg:0.9978410149728882 pos:0.002158985027111728 
2565.txt neg neg:0.9512769882935372 pos:0.04872301170646274 
1761.txt pos pos:0.9999928276675726 neg:7.172332427479199E-6 
4277.txt pos pos:0.9948663899993173 neg:0.0051336100006826885 
334.txt pos neg:0.986733526799521 pos:0.013266473200478957 
752.txt pos pos:0.99999755960589 neg:2.440394109942612E-6 
1264.txt pos pos:0.9972877465116962 neg:0.0027122534883038513 
906.txt neg neg:0.9321658782279112 pos:0.0678341217720887 
3736.txt neg neg:0.9999694793881659 pos:3.052061183406186E-5 
805.txt pos neg:0.973591863349401 pos:0.026408136650599046 
1803.txt pos pos:0.999993680785568 neg:6.319214431927385E-6 
4237.txt pos pos:0.9999764673420433 neg:2.353265795676095E-5 
321.txt neg neg:0.7667184632937405 pos:0.23328153670625953 
2634.txt pos pos:0.9652174030068768 neg:0.034782596993123256 
1218.txt pos neg:0.9454645459571437 pos:0.05453545404285622 
259.txt pos neg:0.9999544108148672 pos:4.5589185132804594E-5 
1805.txt neg neg:0.9547768074105665 pos:0.045223192589433636 
172.txt pos pos:0.9938944317451142 neg:0.006105568254885793 
2980.txt pos pos:0.9999999969878697 neg:3.012130287666602E-9 
160.txt neg neg:0.9886996963506587 pos:0.011300303649341268 
3970.txt neg pos:0.9956988824473094 neg:0.004301117552690461 
2448.txt neg neg:0.8197574451968687 pos:0.18024255480313126 
968.txt pos pos:0.967719677724957 neg:0.032280322275043044 
3628.txt pos neg:0.9975862315580054 pos:0.0024137684419946897 
2606.txt pos pos:0.9999062663677306 neg:9.373363226943698E-5 
1372.txt pos pos:0.9517580527551414 neg:0.04824194724485851 
175.txt pos neg:0.5318532726750789 pos:0.46814672732492113 
2518.txt pos pos:0.9997272190371224 neg:2.7278096287749977E-4 
3992.txt pos pos:0.9999998724890347 neg:1.2751096537326975E-7 
4293.txt pos pos:0.9999986924782681 neg:1.3075217319314802E-6 
2848.txt neg neg:0.7044444008248611 pos:0.29555559917513885 
1259.txt neg pos:0.9650872952455205 neg:0.03491270475447944 
802.txt pos pos:0.9888359315486959 neg:0.01116406845130415 
410.txt neg pos:0.9992889292904555 neg:7.110707095443719E-4 
2517.txt neg pos:0.9798968879282591 neg:0.020103112071740797 
2214.txt neg neg:0.9999762331912767 pos:2.3766808723219756E-5 
3936.txt pos pos:0.9999999999997213 neg:2.7859830634486266E-13 
3930.txt neg neg:0.9999965610116254 pos:3.438988374556036E-6 
1892.txt pos pos:0.8398054890514325 neg:0.16019451094856754 
2302.txt neg neg:0.9999856898496742 pos:1.4310150325881638E-5 
1250.txt neg pos:0.9421456974415215 neg:0.057854302558478565 
1642.txt pos pos:0.9180893681933175 neg:0.08191063180668257 
1025.txt pos pos:0.9999144986090039 neg:8.55013909960201E-5 
3776.txt neg neg:0.9998485298270123 pos:1.5147017298766863E-4 
3744.txt neg neg:0.87436627345604 pos:0.1256337265439599 
3324.txt pos neg:0.894003822436957 pos:0.10599617756304293 
2027.txt neg pos:0.8455314928863306 neg:0.15446850711366933 
270.txt neg pos:0.6512715180737895 neg:0.34872848192621053 
4313.txt pos neg:0.9449344154821484 pos:0.05506558451785162 
2910.txt neg neg:0.9999399987428257 pos:6.000125717426558E-5 
2339.txt neg pos:0.5239234833313458 neg:0.47607651666865425 
2787.txt neg neg:0.9999968019292585 pos:3.1980707413947237E-6 
707.txt neg pos:0.9913351744297131 neg:0.008664825570286942 
3032.txt neg neg:0.9999305663789076 pos:6.943362109234061E-5 
2896.txt pos pos:0.9968387522044216 neg:0.0031612477955782585 
1953.txt neg neg:0.9870849243988394 pos:0.012915075601160647 
3931.txt pos neg:0.9573815703522413 pos:0.042618429647758714 
4203.txt neg neg:0.9933133543896342 pos:0.006686645610365736 
2806.txt neg neg:0.9981613938026084 pos:0.0018386061973915497 
3828.txt neg neg:0.9921714587416156 pos:0.007828541258384359 
3453.txt neg pos:0.9497475135370381 neg:0.050252486462961786 
2171.txt neg pos:0.7623290031548289 neg:0.23767099684517104 
1721.txt pos neg:0.6635940112592699 pos:0.33640598874073013 
3186.txt pos pos:0.9999875297910181 neg:1.2470208981772946E-5 
2345.txt neg neg:0.9981720212827814 pos:0.0018279787172186973 
1132.txt neg neg:0.9999999715808102 pos:2.8419189716524816E-8 
2640.txt neg neg:0.9911593340979924 pos:0.008840665902007685 
2841.txt neg neg:0.9424422694422179 pos:0.05755773055778203 
2763.txt neg pos:0.5630997359345787 neg:0.4369002640654213 
2524.txt pos neg:0.7933444720391162 pos:0.20665552796088396 
3006.txt pos pos:0.9958806214566233 neg:0.0041193785433767584 
3049.txt neg neg:0.9009124578691976 pos:0.09908754213080244 
1373.txt neg neg:0.9527922434252171 pos:0.047207756574782954 
1057.txt pos neg:0.9917922116378283 pos:0.008207788362171774 
2758.txt neg neg:0.9757515313650712 pos:0.024248468634928758 
755.txt pos pos:0.999855346830067 neg:1.4465316993293064E-4 
4366.txt pos pos:0.9989761583264645 neg:0.0010238416735354268 
3593.txt neg neg:0.954280830057128 pos:0.04571916994287193 
3867.txt pos pos:0.9999999946693814 neg:5.330618573551396E-9 
3311.txt pos pos:0.9999578656031046 neg:4.213439689538257E-5 
2379.txt neg neg:0.988077040245422 pos:0.011922959754577944 
4361.txt pos pos:0.9999997963650424 neg:2.0363495761973903E-7 
1286.txt neg pos:0.9110309307146764 neg:0.08896906928532353 
450.txt neg neg:0.847651571230329 pos:0.15234842876967106 
1444.txt pos pos:0.9999999999999858 neg:1.421052400338827E-14 
353.txt neg neg:0.933686547614556 pos:0.06631345238544403 
3466.txt neg neg:0.9999497006554611 pos:5.029934453882459E-5 
2378.txt pos pos:0.9778502344823774 neg:0.02214976551762267 
526.txt pos pos:0.9280957230905513 neg:0.07190427690944867 
3427.txt pos pos:0.9999999986509089 neg:1.3490911551683877E-9 
1670.txt pos pos:0.8291313176673318 neg:0.17086868233266816 
382.txt neg neg:0.9999999989462343 pos:1.0537657595270865E-9 
2020.txt neg pos:0.9972989756875306 neg:0.0027010243124695244 
4160.txt pos pos:0.9999828760968198 neg:1.712390318021904E-5 
3150.txt pos pos:0.6594105691269245 neg:0.3405894308730755 
4004.txt pos pos:0.9975125690283899 neg:0.002487430971610242 
1470.txt neg neg:0.9999996109426706 pos:3.89057329219939E-7 
1436.txt pos pos:0.9991938819742361 neg:8.061180257638289E-4 
2762.txt pos pos:0.7221244015696845 neg:0.27787559843031556 
881.txt neg pos:0.7238204726966838 neg:0.27617952730331624 
219.txt pos pos:0.9933700977483061 neg:0.006629902251693882 
865.txt neg neg:0.9878371954965367 pos:0.012162804503463175 
3358.txt pos neg:0.9757539205680904 pos:0.02424607943190959 
1769.txt neg neg:0.9999998493462305 pos:1.5065376931799232E-7 
1064.txt neg pos:0.7928787151561093 neg:0.20712128484389075 
210.txt pos pos:0.9997829331114746 neg:2.1706688852537868E-4 
4270.txt pos neg:0.8227338719975206 pos:0.17726612800247948 
155.txt neg neg:0.9985542993324369 pos:0.001445700667563182 
2342.txt neg neg:0.9088184915069892 pos:0.09118150849301089 
825.txt neg neg:0.9999841173099137 pos:1.588269008629682E-5 
1567.txt pos pos:0.8409664720238562 neg:0.15903352797614378 
Trial 0 Trainer MaxEntTrainer,gaussianPriorVariance=1.0 Training Data Confusion Matrix
Confusion Matrix, row=true, column=predicted  accuracy=1.0
  label   0   1  |total
  0 neg 900   .  |900
  1 pos   . 900  |900

Trial 0 Trainer MaxEntTrainer,gaussianPriorVariance=1.0 training data accuracy= 1.0
Trial 0 Trainer MaxEntTrainer,gaussianPriorVariance=1.0 Test Data Confusion Matrix
Confusion Matrix, row=true, column=predicted  accuracy=0.78
  label   0   1  |total
  0 neg  74  26  |100
  1 pos  18  82  |100

Trial 0 Trainer MaxEntTrainer,gaussianPriorVariance=1.0 test data accuracy= 0.78

MaxEntTrainer,gaussianPriorVariance=1.0
Summary. train accuracy mean = 1.0 stddev = 0.0 stderr = 0.0
Summary. test accuracy mean = 0.78 stddev = 0.0 stderr = 0.0
