
-------------------- Trial 0  --------------------

Trial 0 Training MaxEntTrainer,gaussianPriorVariance=1.0 with 1800 instances
Trial 0 Training MaxEntTrainer,gaussianPriorVariance=1.0 finished
Trial 0 Trainer MaxEntTrainer,gaussianPriorVariance=1.0
 Raw Testing Data
2755.txt pos neg:0.9972454921952812 pos:0.0027545078047188226 
524.txt pos pos:0.9944528503415976 neg:0.005547149658402443 
3295.txt neg neg:0.9644148459747743 pos:0.03558515402522564 
883.txt neg neg:0.9999824745660623 pos:1.7525433937772494E-5 
920.txt neg neg:0.9999545573149141 pos:4.544268508602599E-5 
2333.txt pos pos:0.9999840590189133 neg:1.5940981086630654E-5 
1338.txt neg neg:0.9999920264604982 pos:7.973539501714554E-6 
2056.txt pos pos:0.9999861332536091 neg:1.3866746390974823E-5 
4149.txt neg neg:0.9991204777311858 pos:8.795222688141481E-4 
580.txt pos neg:0.9995916837820246 pos:4.083162179753954E-4 
1916.txt neg neg:0.9615417131294651 pos:0.0384582868705348 
3850.txt pos pos:0.7167108704579969 neg:0.2832891295420032 
2198.txt pos pos:0.6648774339891796 neg:0.3351225660108203 
137.txt pos pos:0.9999941785872731 neg:5.821412726748086E-6 
1562.txt pos pos:0.991808925553158 neg:0.008191074446841997 
2149.txt pos pos:0.9464587792431619 neg:0.05354122075683812 
1417.txt pos pos:0.9949153392789776 neg:0.005084660721022384 
555.txt neg neg:0.98015231788824 pos:0.019847682111760027 
3664.txt pos pos:0.9672571180378016 neg:0.032742881962198385 
1899.txt pos pos:0.9985200767183835 neg:0.0014799232816164424 
3061.txt neg neg:0.9999457661838219 pos:5.423381617803588E-5 
3283.txt neg neg:0.999712910842253 pos:2.8708915774698055E-4 
2197.txt neg neg:0.9999761005310924 pos:2.3899468907634265E-5 
3425.txt pos neg:0.6372879936229339 pos:0.36271200637706613 
3857.txt pos neg:0.9999534926369341 pos:4.6507363065988434E-5 
1781.txt neg neg:0.9998865445171868 pos:1.1345548281311055E-4 
3816.txt neg neg:0.9995741420995767 pos:4.25857900423342E-4 
3796.txt pos pos:0.9965647128456651 neg:0.0034352871543349302 
4000.txt neg neg:0.9999998849921085 pos:1.1500789147550664E-7 
331.txt pos pos:0.9977170970075282 neg:0.002282902992471861 
583.txt neg neg:0.5593499001884555 pos:0.44065009981154435 
1700.txt pos pos:0.5112228101365659 neg:0.4887771898634341 
1449.txt neg pos:0.8088582658004388 neg:0.19114173419956118 
1435.txt neg neg:0.9999999838973073 pos:1.6102692658524047E-8 
1138.txt pos pos:0.9979323099452431 neg:0.0020676900547568727 
1640.txt pos pos:0.9996819112944559 neg:3.180887055441197E-4 
2403.txt neg neg:0.9966774829878982 pos:0.003322517012101944 
1608.txt neg neg:0.9336230555314925 pos:0.06637694446850749 
1601.txt neg neg:0.9987392814260088 pos:0.0012607185739912138 
3634.txt neg neg:0.9650692686188854 pos:0.03493073138111458 
1377.txt pos pos:0.9992998732686231 neg:7.001267313768961E-4 
4034.txt pos pos:0.9993503007731367 neg:6.496992268633748E-4 
2804.txt neg neg:0.9810708700705724 pos:0.018929129929427604 
3154.txt neg neg:0.9532058441903664 pos:0.04679415580963373 
2469.txt neg neg:0.9957303256562713 pos:0.004269674343728595 
1254.txt pos pos:0.9823014134960807 neg:0.017698586503919266 
2309.txt neg neg:0.9999993649749888 pos:6.350250112636103E-7 
3591.txt neg pos:0.985036470520764 neg:0.014963529479235974 
292.txt pos pos:0.9515727506883358 neg:0.048427249311664165 
3145.txt neg neg:0.9990280722939126 pos:9.719277060874285E-4 
2867.txt neg neg:0.9981282843332644 pos:0.0018717156667355994 
3038.txt pos neg:0.6685161604517516 pos:0.3314838395482484 
4290.txt neg neg:0.735236704143565 pos:0.26476329585643504 
1917.txt pos pos:0.9597379652245804 neg:0.040262034775419564 
3935.txt neg pos:0.9990087225153379 neg:9.91277484662062E-4 
3749.txt pos pos:0.8375521618917917 neg:0.16244783810820831 
1500.txt neg neg:0.9876370132010543 pos:0.012362986798945711 
916.txt pos neg:0.9339594202010952 pos:0.06604057979890479 
2051.txt pos pos:0.9999999999985114 neg:1.4886928601408316E-12 
2100.txt pos pos:0.6892093013245327 neg:0.3107906986754672 
3044.txt pos pos:0.9983863956043316 neg:0.0016136043956683516 
3740.txt pos pos:0.9988764498635913 neg:0.0011235501364086893 
4181.txt pos pos:0.999998296412658 neg:1.7035873419932999E-6 
1788.txt neg neg:0.9162630195739436 pos:0.08373698042605651 
3657.txt neg neg:0.9967206482462028 pos:0.003279351753797159 
1964.txt neg neg:0.9899385476519964 pos:0.01006145234800363 
4324.txt pos pos:0.9999999342748748 neg:6.572512522397076E-8 
996.txt pos pos:0.998812005943063 neg:0.0011879940569369941 
2585.txt pos pos:0.9999920687511099 neg:7.931248890108981E-6 
1801.txt pos pos:0.8613784288706714 neg:0.13862157112932869 
1963.txt neg neg:0.9001548628642687 pos:0.09984513713573134 
3809.txt neg neg:0.9993258915125858 pos:6.741084874141221E-4 
544.txt neg neg:0.9979374685346858 pos:0.0020625314653142258 
307.txt neg neg:0.9762093138872021 pos:0.023790686112797877 
2307.txt neg neg:0.8274889979610615 pos:0.17251100203893863 
3252.txt neg neg:0.8029915054214243 pos:0.19700849457857575 
2415.txt neg neg:0.8914015346330518 pos:0.10859846536694828 
1981.txt pos pos:0.9581423728512517 neg:0.04185762714874831 
1647.txt pos pos:0.9969906869478465 neg:0.0030093130521534088 
1606.txt neg neg:0.9998287016612197 pos:1.7129833878025907E-4 
4306.txt neg neg:0.9966968698975154 pos:0.0033031301024846562 
2828.txt pos pos:0.6056231815915933 neg:0.39437681840840666 
3314.txt pos pos:0.9997131744265898 neg:2.8682557341016944E-4 
3859.txt pos pos:0.9999998837313846 neg:1.1626861543735497E-7 
1922.txt pos pos:0.9999999723498859 neg:2.7650114101491044E-8 
4259.txt neg pos:0.5897411601632743 neg:0.4102588398367256 
3376.txt neg neg:0.8926349146648154 pos:0.1073650853351847 
376.txt pos neg:0.9991446118475225 pos:8.553881524776998E-4 
3243.txt neg neg:0.856594393241676 pos:0.1434056067583241 
717.txt pos pos:0.9509985085037685 neg:0.049001491496231495 
467.txt neg neg:0.9920688726866657 pos:0.007931127313334292 
363.txt neg neg:0.9997267336613488 pos:2.7326633865114525E-4 
71.txt pos pos:0.999999820078636 neg:1.7992136414160192E-7 
2172.txt pos pos:0.9999102226190651 neg:8.97773809348627E-5 
705.txt neg neg:0.7802754859093497 pos:0.2197245140906504 
2017.txt neg neg:0.9843646622599723 pos:0.015635337740027722 
2148.txt neg neg:0.9197129842799574 pos:0.08028701572004254 
2638.txt pos pos:0.9999998978832201 neg:1.021167799974893E-7 
3043.txt pos pos:0.9651929293656297 neg:0.03480707063437025 
3824.txt neg neg:0.997156725391159 pos:0.0028432746088409835 
2150.txt neg neg:0.9809461877294492 pos:0.019053812270550884 
1957.txt pos pos:0.8892913929286693 neg:0.11070860707133065 
3663.txt pos pos:0.9998809832307075 neg:1.19016769292634E-4 
549.txt pos neg:0.9937690627567123 pos:0.006230937243287669 
4247.txt pos pos:0.9999997778059923 neg:2.221940078182262E-7 
1865.txt pos pos:0.9999644898174772 neg:3.5510182522870594E-5 
3004.txt pos pos:0.9999574110319212 neg:4.258896807891066E-5 
2966.txt pos pos:0.9621554577154665 neg:0.03784454228453337 
1847.txt neg pos:0.7788112842768455 neg:0.22118871572315446 
1718.txt pos pos:0.9980973748369958 neg:0.0019026251630041044 
2961.txt pos neg:0.7529399094876053 pos:0.2470600905123949 
2010.txt neg neg:0.9963115023886273 pos:0.0036884976113727244 
3818.txt neg neg:0.9947568520952751 pos:0.005243147904724882 
2513.txt pos neg:0.6985438466495691 pos:0.30145615335043097 
1898.txt neg neg:0.9980713357486897 pos:0.001928664251310374 
2944.txt neg neg:0.7907529110171029 pos:0.20924708898289715 
1496.txt neg neg:0.9990364944267481 pos:9.635055732518241E-4 
229.txt pos pos:0.9586850982700116 neg:0.041314901729988425 
1925.txt pos pos:0.9868914395718487 neg:0.013108560428151329 
1336.txt neg neg:0.9997579353952346 pos:2.4206460476547143E-4 
3574.txt pos neg:0.9896526311692484 pos:0.01034736883075148 
3036.txt pos pos:0.9946933736063989 neg:0.005306626393601092 
3962.txt pos pos:0.9999500083360156 neg:4.9991663984371374E-5 
1042.txt neg neg:0.99998458542628 pos:1.541457372000508E-5 
812.txt neg pos:0.973590353702352 neg:0.026409646297648044 
1856.txt neg neg:0.9960154865598762 pos:0.003984513440123955 
4110.txt pos pos:0.9999190348891135 neg:8.096511088646529E-5 
2175.txt pos pos:0.9995875301752766 neg:4.124698247234235E-4 
2970.txt pos pos:0.6279138798751666 neg:0.37208612012483333 
1170.txt neg neg:0.997540224117425 pos:0.002459775882574898 
4288.txt neg neg:0.9789555528454164 pos:0.021044447154583576 
1550.txt pos pos:0.8986287461802621 neg:0.10137125381973784 
944.txt neg neg:0.9896639506053453 pos:0.01033604939465461 
3244.txt neg neg:0.9999771640864523 pos:2.2835913547630183E-5 
800.txt pos neg:0.9999389963104737 pos:6.100368952632684E-5 
2553.txt pos pos:0.9835279675655169 neg:0.016472032434483093 
761.txt neg pos:0.7816986497725835 neg:0.21830135022741656 
4022.txt pos pos:0.9919122794999927 neg:0.008087720500007124 
240.txt neg neg:0.9998872002178113 pos:1.1279978218867986E-4 
924.txt pos pos:0.9054417764289598 neg:0.09455822357104005 
4117.txt pos pos:0.9998672042006993 neg:1.3279579930083744E-4 
4090.txt pos pos:0.9870671556816403 neg:0.012932844318359716 
316.txt neg neg:0.9498408072966084 pos:0.05015919270339176 
1507.txt neg neg:0.5785374905960633 pos:0.4214625094039368 
3680.txt pos pos:0.999987419462702 neg:1.2580537298102352E-5 
4211.txt pos pos:0.9995616407487256 neg:4.3835925127445663E-4 
69.txt neg neg:0.8458680578099829 pos:0.15413194219001722 
989.txt pos pos:0.9999913470307114 neg:8.652969288723798E-6 
1849.txt neg neg:0.9983669059727592 pos:0.001633094027240712 
3906.txt pos pos:0.9999836392827288 neg:1.6360717271203965E-5 
598.txt pos pos:0.999911606218988 neg:8.839378101191595E-5 
4222.txt neg neg:0.9706606476624144 pos:0.02933935233758566 
3055.txt pos neg:0.9634617155678812 pos:0.03653828443211879 
803.txt neg neg:0.9707980979255217 pos:0.029201902074478227 
2938.txt neg neg:0.9947545315654909 pos:0.0052454684345092034 
835.txt pos pos:0.9992342809471826 neg:7.657190528174066E-4 
1053.txt neg neg:0.9994973564975611 pos:5.026435024389869E-4 
4301.txt neg neg:0.9915269632944449 pos:0.008473036705555064 
1021.txt neg neg:0.8300288222613198 pos:0.1699711777386802 
1649.txt pos neg:0.8211481693249292 pos:0.17885183067507082 
3980.txt neg pos:0.940811683322718 neg:0.05918831667728197 
673.txt pos pos:0.9973610016869963 neg:0.002638998313003824 
2729.txt pos pos:0.9998453275288939 neg:1.5467247110602562E-4 
3236.txt neg pos:0.9820836038206425 neg:0.017916396179357495 
3999.txt pos pos:0.9999491279098082 neg:5.087209019169675E-5 
1522.txt pos pos:0.9976715126536316 neg:0.002328487346368276 
4380.txt pos pos:0.9999999999954161 neg:4.583959018741562E-12 
2983.txt neg pos:0.9722168072659975 neg:0.02778319273400245 
770.txt neg neg:0.9387068515762288 pos:0.061293148423771135 
3547.txt neg neg:0.999241351108979 pos:7.586488910209378E-4 
4272.txt pos pos:0.99997788849451 neg:2.2111505489907787E-5 
3079.txt neg neg:0.988528811414444 pos:0.011471188585556083 
2603.txt pos pos:0.8606840665750208 neg:0.13931593342497925 
2080.txt pos pos:0.9822965375585457 neg:0.017703462441454296 
2008.txt neg neg:0.6387499820444386 pos:0.3612500179555615 
1565.txt pos pos:0.9965516114296523 neg:0.0034483885703477527 
1076.txt pos pos:0.9919156439916511 neg:0.008084356008348805 
2471.txt neg pos:0.9991647480234177 neg:8.352519765821891E-4 
737.txt neg neg:0.8102940421087201 pos:0.18970595789127984 
3987.txt neg neg:0.9991271064071015 pos:8.728935928984932E-4 
2381.txt pos pos:0.9464997976376234 neg:0.053500202362376646 
3523.txt neg neg:0.9992927287524542 pos:7.072712475457599E-4 
247.txt neg pos:0.9999123432341622 neg:8.765676583770143E-5 
3940.txt neg neg:0.9999999883792151 pos:1.1620784892310816E-8 
786.txt pos pos:0.5901655103965476 neg:0.40983448960345237 
2768.txt neg neg:0.9982991176728987 pos:0.0017008823271012097 
1102.txt neg neg:0.8091830826433032 pos:0.19081691735669684 
2642.txt neg neg:0.9248727181198502 pos:0.07512728188014997 
1221.txt pos neg:0.5272278085323574 pos:0.47277219146764266 
2536.txt neg pos:0.868373246786975 neg:0.13162675321302494 
1026.txt neg neg:0.9755313851177573 pos:0.0244686148822427 
849.txt pos neg:0.8744723546133151 pos:0.1255276453866848 
3486.txt pos pos:0.9970570434622112 neg:0.0029429565377888833 
807.txt pos pos:0.9916516130433357 neg:0.008348386956664258 
4135.txt neg neg:0.9999996071549615 pos:3.928450385604414E-7 
300.txt neg neg:0.9957156109391049 pos:0.004284389060895082 
2529.txt neg neg:0.9993015709840511 pos:6.98429015948925E-4 
860.txt neg neg:0.999985278227296 pos:1.4721772703948656E-5 
1698.txt pos pos:0.8007903074384004 neg:0.1992096925615996 
1379.txt pos pos:0.9998039923213984 neg:1.9600767860161262E-4 
Trial 0 Trainer MaxEntTrainer,gaussianPriorVariance=1.0 Training Data Confusion Matrix
Confusion Matrix, row=true, column=predicted  accuracy=1.0
  label   0   1  |total
  0 neg 900   .  |900
  1 pos   . 900  |900

Trial 0 Trainer MaxEntTrainer,gaussianPriorVariance=1.0 training data accuracy= 1.0
Trial 0 Trainer MaxEntTrainer,gaussianPriorVariance=1.0 Test Data Confusion Matrix
Confusion Matrix, row=true, column=predicted  accuracy=0.855
  label   0   1  |total
  0 neg  87  13  |100
  1 pos  16  84  |100

Trial 0 Trainer MaxEntTrainer,gaussianPriorVariance=1.0 test data accuracy= 0.855

MaxEntTrainer,gaussianPriorVariance=1.0
Summary. train accuracy mean = 1.0 stddev = 0.0 stderr = 0.0
Summary. test accuracy mean = 0.855 stddev = 0.0 stderr = 0.0
