
-------------------- Trial 0  --------------------

Trial 0 Training MaxEntTrainer,gaussianPriorVariance=1.0 with 1800 instances
Trial 0 Training MaxEntTrainer,gaussianPriorVariance=1.0 finished
Trial 0 Trainer MaxEntTrainer,gaussianPriorVariance=1.0
 Raw Testing Data
3965.txt pos neg:0.8930048782906832 pos:0.10699512170931674 
719.txt neg neg:0.9999999994005055 pos:5.99494448254179E-10 
2931.txt neg neg:0.999995400228318 pos:4.599771681998936E-6 
3674.txt neg neg:0.9988489850934431 pos:0.001151014906556871 
3269.txt neg neg:0.9999828988945975 pos:1.710110540257008E-5 
2357.txt pos pos:0.9999999999999993 neg:5.72109350580815E-16 
416.txt pos pos:0.5882686472845003 neg:0.4117313527154997 
1822.txt pos pos:0.9811944637131709 neg:0.018805536286828985 
3012.txt pos pos:0.9877665081983269 neg:0.012233491801672956 
1275.txt neg pos:0.9101386083460321 neg:0.08986139165396784 
2162.txt neg neg:0.9999543069004072 pos:4.5693099592784883E-5 
932.txt pos pos:0.9996056830099231 neg:3.943169900768823E-4 
438.txt neg neg:0.8890729677249775 pos:0.11092703227502243 
4023.txt neg neg:0.8921639170397194 pos:0.10783608296028059 
2978.txt neg neg:0.9966874655448179 pos:0.003312534455182011 
55.txt neg neg:0.9830162284848323 pos:0.016983771515167844 
587.txt neg pos:0.9397123554362409 neg:0.06028764456375915 
2793.txt neg neg:0.9944101711210674 pos:0.0055898288789326435 
799.txt pos pos:0.985908457738203 neg:0.014091542261796942 
2153.txt neg neg:0.999574466847512 pos:4.255331524880472E-4 
3756.txt pos pos:0.9998007730099108 neg:1.9922699008930014E-4 
1205.txt pos pos:0.8117822235911497 neg:0.18821777640885032 
1947.txt neg neg:0.8794480854734285 pos:0.12055191452657167 
4263.txt pos pos:0.9662712695891439 neg:0.03372873041085607 
2311.txt neg pos:0.7203225212929695 neg:0.2796774787070306 
1730.txt neg pos:0.8871032809655863 neg:0.11289671903441374 
2006.txt neg neg:0.9999014872281956 pos:9.851277180432939E-5 
2505.txt pos pos:0.994589234956697 neg:0.005410765043303081 
121.txt pos pos:0.9999999056558293 neg:9.434417065939464E-8 
2795.txt pos pos:0.6578575235726347 neg:0.34214247642736534 
3899.txt pos pos:0.9999932930360284 neg:6.706963971679903E-6 
2738.txt pos neg:0.5816967191938298 pos:0.4183032808061702 
3833.txt pos pos:0.9999069454498808 neg:9.305455011925098E-5 
1862.txt pos neg:0.9797554944229634 pos:0.020244505577036533 
3104.txt pos pos:0.9958359611713757 neg:0.004164038828624204 
204.txt pos neg:0.570398845395651 pos:0.42960115460434906 
360.txt pos pos:0.9999997919466532 neg:2.080533466787084E-7 
1456.txt neg neg:0.9822034045128663 pos:0.017796595487133703 
3141.txt neg neg:0.9954511807843657 pos:0.004548819215634311 
1596.txt neg neg:0.9999963712933647 pos:3.6287066352699385E-6 
4347.txt pos pos:0.9969593138686277 neg:0.003040686131372311 
4050.txt pos pos:0.9999999661211405 neg:3.3878859473189715E-8 
423.txt pos pos:0.8131215327133696 neg:0.18687846728663046 
1044.txt pos pos:0.7972655149052629 neg:0.20273448509473704 
768.txt neg neg:0.9971226062136915 pos:0.002877393786308392 
3190.txt neg pos:0.8718270790065746 neg:0.12817292099342525 
3958.txt neg pos:0.9752330597095866 neg:0.024766940290413257 
1327.txt neg neg:0.9925685034502151 pos:0.007431496549784904 
2453.txt pos neg:0.7347098056488373 pos:0.26529019435116274 
4256.txt pos pos:0.9999963791911456 neg:3.62080885434483E-6 
3394.txt pos pos:0.8939936411554377 neg:0.10600635884456228 
1293.txt pos pos:0.9968376749269474 neg:0.0031623250730524913 
1598.txt neg pos:0.7073562663969571 neg:0.29264373360304285 
3518.txt neg neg:0.8131708238936601 pos:0.1868291761063398 
560.txt neg neg:0.9599472526263628 pos:0.040052747373637156 
2427.txt neg neg:0.9995589140122486 pos:4.410859877513298E-4 
818.txt pos pos:0.9987532397841313 neg:0.0012467602158686625 
349.txt neg neg:0.9918219491705507 pos:0.008178050829449399 
1818.txt neg neg:0.5570803608563907 pos:0.4429196391436093 
1900.txt neg neg:0.9990405206815423 pos:9.594793184577986E-4 
287.txt neg neg:0.9854150248918326 pos:0.014584975108167307 
1506.txt pos pos:0.9998754061101488 neg:1.245938898513396E-4 
1277.txt pos pos:0.9487360604995158 neg:0.05126393950048429 
1740.txt pos pos:0.9968920422294415 neg:0.003107957770558471 
3646.txt neg neg:0.9999375207034277 pos:6.247929657231987E-5 
174.txt neg pos:0.5334544394810153 neg:0.46654556051898466 
2826.txt pos pos:0.9998045864248529 neg:1.9541357514706235E-4 
754.txt neg neg:0.7017688585998456 pos:0.2982311414001545 
2745.txt neg neg:0.954838437073369 pos:0.04516156292663087 
569.txt neg pos:0.8433849324582675 neg:0.1566150675417325 
3697.txt neg neg:0.9958966353595711 pos:0.004103364640428902 
1973.txt pos neg:0.5094768347314208 pos:0.4905231652685791 
384.txt pos pos:0.9645484133503897 neg:0.03545158664961035 
2652.txt pos neg:0.5066719180359599 pos:0.49332808196404015 
1416.txt neg neg:0.9990522678984356 pos:9.477321015642843E-4 
1127.txt pos pos:0.9998932954199137 neg:1.0670458008630779E-4 
3751.txt pos pos:0.9998495701372857 neg:1.504298627141494E-4 
1855.txt neg neg:0.9932335934127864 pos:0.006766406587213647 
3013.txt neg neg:0.9938389645504925 pos:0.006161035449507539 
238.txt pos neg:0.8194580500652914 pos:0.18054194993470865 
2041.txt neg neg:0.9974749067554897 pos:0.002525093244510315 
1326.txt pos pos:0.9999531431536957 neg:4.685684630430663E-5 
2119.txt neg neg:0.7074321522874176 pos:0.29256784771258243 
1574.txt pos pos:0.9588530262320057 neg:0.04114697376799439 
1095.txt pos pos:0.9997625715117087 neg:2.374284882912117E-4 
464.txt pos pos:0.5761868759636881 neg:0.42381312403631183 
2097.txt neg neg:0.9975553029435315 pos:0.0024446970564684363 
3910.txt pos pos:0.9999991027399141 neg:8.972600859378363E-7 
4109.txt neg neg:0.998771336892538 pos:0.00122866310746197 
4175.txt neg pos:0.9857624244276746 neg:0.014237575572325429 
3103.txt pos neg:0.8810859798713561 pos:0.11891402012864398 
1036.txt pos pos:0.9999999832269483 neg:1.6773051835337587E-8 
2295.txt neg neg:0.998816559813361 pos:0.0011834401866389634 
1243.txt neg pos:0.652880078107715 neg:0.34711992189228513 
4173.txt pos pos:0.9999999999981559 neg:1.844035066971063E-12 
556.txt neg neg:0.9981560502705115 pos:0.001843949729488595 
2776.txt pos pos:0.9165939852985922 neg:0.0834060147014079 
907.txt pos pos:0.9999151644323768 neg:8.483556762309123E-5 
1481.txt pos neg:0.9946373013607499 pos:0.005362698639250071 
1791.txt pos pos:0.9742483058665324 neg:0.025751694133467694 
1278.txt neg neg:0.9489874224876598 pos:0.05101257751234022 
1998.txt neg neg:0.9999636665224885 pos:3.6333477511492084E-5 
1884.txt neg pos:0.9893893595818674 neg:0.010610640418132755 
3986.txt pos pos:0.9999867818395552 neg:1.321816044471495E-5 
1974.txt pos pos:0.6367153605603876 neg:0.3632846394396124 
2316.txt neg neg:0.999991940429515 pos:8.059570484894593E-6 
3758.txt pos neg:0.9999964740983718 pos:3.525901628221213E-6 
520.txt neg neg:0.9927268519650865 pos:0.007273148034913574 
2855.txt neg neg:0.9980795028367377 pos:0.0019204971632623448 
3922.txt pos pos:0.9828352393259521 neg:0.017164760674047926 
1797.txt neg pos:0.9999472859142808 neg:5.2714085719109745E-5 
2883.txt neg neg:0.8428172580117306 pos:0.15718274198826956 
190.txt neg neg:0.9938578731673774 pos:0.006142126832622637 
1369.txt neg neg:0.9996363865685907 pos:3.636134314093241E-4 
1003.txt pos pos:0.9742063473518267 neg:0.025793652648173317 
3673.txt neg pos:0.9611705315029768 neg:0.0388294684970231 
3719.txt neg neg:0.9074138273093107 pos:0.09258617269068924 
3408.txt pos pos:0.8726516440380757 neg:0.1273483559619243 
3331.txt neg neg:0.9999851299863033 pos:1.4870013696758984E-5 
141.txt neg neg:0.9676262932839177 pos:0.03237370671608221 
1859.txt pos pos:0.9704231641833024 neg:0.029576835816697605 
3137.txt neg neg:0.9999489689482507 pos:5.1031051749185415E-5 
3192.txt pos pos:0.9124103038211316 neg:0.08758969617886841 
3586.txt pos neg:0.996651422628284 pos:0.0033485773717159806 
1659.txt neg neg:0.6884904775763047 pos:0.31150952242369534 
3516.txt neg neg:0.9997242319172965 pos:2.7576808270344584E-4 
3378.txt neg neg:0.9999011956716304 pos:9.880432836967433E-5 
4307.txt pos pos:0.9993699316821419 neg:6.300683178580314E-4 
84.txt pos pos:0.9480747870909868 neg:0.05192521290901333 
619.txt pos neg:0.8983580579043007 pos:0.10164194209569936 
969.txt neg neg:0.9562739196358947 pos:0.04372608036410538 
2777.txt neg neg:0.9942490035006939 pos:0.005750996499306096 
1450.txt pos pos:0.9476885504423043 neg:0.05231144955769573 
2570.txt pos neg:0.9589623142111432 pos:0.04103768578885679 
3713.txt neg neg:0.9984941713976538 pos:0.001505828602346225 
949.txt pos pos:0.999995357648194 neg:4.6423518060823304E-6 
889.txt pos pos:0.9467434371087597 neg:0.05325656289124029 
2653.txt neg neg:0.9994243084188535 pos:5.756915811465174E-4 
2180.txt pos pos:0.8645335298357861 neg:0.1354664701642138 
280.txt neg neg:0.7195274238833725 pos:0.2804725761166275 
2866.txt pos pos:0.9966870837271499 neg:0.0033129162728501287 
2579.txt pos pos:0.5237212790442817 neg:0.47627872095571827 
864.txt pos pos:0.9999936203274659 neg:6.379672534066184E-6 
1858.txt neg neg:0.9769345703465955 pos:0.02306542965340456 
3228.txt pos pos:0.9721018966763539 neg:0.027898103323646138 
1933.txt pos pos:0.9198792348999428 neg:0.0801207651000572 
2072.txt pos pos:0.8535608274147354 neg:0.1464391725852647 
1823.txt neg neg:0.7185277169245031 pos:0.2814722830754969 
1949.txt neg neg:0.9973261670369287 pos:0.002673832963071429 
1591.txt neg pos:0.845287156650383 neg:0.15471284334961702 
1590.txt pos pos:0.9845254403400308 neg:0.01547455965996929 
1078.txt pos pos:0.9996974270575604 neg:3.0257294243972454E-4 
2593.txt pos pos:0.9851292675125953 neg:0.01487073248740462 
1501.txt pos pos:0.9999282331497248 neg:7.176685027516956E-5 
1709.txt pos pos:0.9999947658023258 neg:5.23419767411529E-6 
1999.txt pos pos:0.9400879317953025 neg:0.05991206820469742 
1680.txt pos pos:0.9787986499754391 neg:0.021201350024560774 
790.txt pos pos:0.7174488219746634 neg:0.2825511780253366 
2612.txt pos pos:0.9994079542832095 neg:5.920457167905131E-4 
332.txt neg neg:0.9633943785200695 pos:0.03660562147993064 
1886.txt pos pos:0.997015502305385 neg:0.0029844976946149155 
3069.txt pos pos:0.5873192977641659 neg:0.41268070223583403 
2904.txt neg neg:0.9999786366667824 pos:2.1363333217559365E-5 
4375.txt pos pos:0.9975315477179706 neg:0.002468452282029506 
637.txt neg neg:0.8863763766130123 pos:0.11362362338698784 
404.txt neg neg:0.8371236384913954 pos:0.16287636150860468 
1572.txt neg neg:0.9930551919798102 pos:0.006944808020189848 
7.txt neg pos:0.7071124087817559 neg:0.29288759121824415 
329.txt pos pos:0.9935311936859849 neg:0.006468806314015023 
1775.txt pos pos:0.9428441216422089 neg:0.057155878357791255 
2454.txt pos pos:0.999987405360766 neg:1.2594639233958169E-5 
3085.txt neg neg:0.8637954983026596 pos:0.13620450169734033 
3714.txt neg pos:0.5105140723813081 neg:0.4894859276186919 
3919.txt pos pos:0.9997759022740037 neg:2.2409772599633182E-4 
3176.txt pos pos:0.9656185695218058 neg:0.03438143047819427 
3759.txt neg pos:0.9043434670039455 neg:0.0956565329960544 
1532.txt neg neg:0.9596338689300066 pos:0.04036613106999346 
1070.txt neg neg:0.9951320543408203 pos:0.004867945659179651 
512.txt neg neg:0.9995680594892943 pos:4.3194051070569395E-4 
244.txt pos pos:0.9909546717076081 neg:0.009045328292391987 
3170.txt neg pos:0.7911969980931427 neg:0.20880300190685733 
1005.txt neg neg:0.9999169296766398 pos:8.30703233601498E-5 
3563.txt neg pos:0.5859114667614235 neg:0.41408853323857653 
4379.txt neg neg:0.771632049424387 pos:0.22836795057561293 
3221.txt pos pos:0.8396416785427856 neg:0.16035832145721451 
3649.txt pos pos:0.9914027396293724 neg:0.008597260370627595 
20.txt neg pos:0.820752794930544 neg:0.179247205069456 
2701.txt neg neg:0.9999974691589638 pos:2.530841036303575E-6 
4010.txt pos pos:0.9988010673817376 neg:0.001198932618262301 
900.txt pos pos:0.9998791773935407 neg:1.2082260645918711E-4 
4340.txt pos pos:0.9999119364250287 neg:8.806357497124091E-5 
532.txt pos pos:0.9896910018040591 neg:0.010308998195940763 
2123.txt pos pos:0.6823640435608688 neg:0.31763595643913123 
3449.txt neg pos:0.5909942891627741 neg:0.409005710837226 
3757.txt neg neg:0.997660650548291 pos:0.0023393494517090587 
1934.txt pos neg:0.9942671857340122 pos:0.00573281426598788 
3014.txt neg neg:0.9960218520484478 pos:0.003978147951552193 
1619.txt neg neg:0.9994874373863539 pos:5.125626136461366E-4 
4281.txt neg neg:0.9905095769582863 pos:0.009490423041713594 
443.txt neg neg:0.920278982047227 pos:0.07972101795277287 
Trial 0 Trainer MaxEntTrainer,gaussianPriorVariance=1.0 Training Data Confusion Matrix
Confusion Matrix, row=true, column=predicted  accuracy=1.0
  label   0   1  |total
  0 neg 900   .  |900
  1 pos   . 900  |900

Trial 0 Trainer MaxEntTrainer,gaussianPriorVariance=1.0 training data accuracy= 1.0
Trial 0 Trainer MaxEntTrainer,gaussianPriorVariance=1.0 Test Data Confusion Matrix
Confusion Matrix, row=true, column=predicted  accuracy=0.815
  label   0   1  |total
  0 neg  78  22  |100
  1 pos  15  85  |100

Trial 0 Trainer MaxEntTrainer,gaussianPriorVariance=1.0 test data accuracy= 0.815

MaxEntTrainer,gaussianPriorVariance=1.0
Summary. train accuracy mean = 1.0 stddev = 0.0 stderr = 0.0
Summary. test accuracy mean = 0.815 stddev = 0.0 stderr = 0.0
