
-------------------- Trial 0  --------------------

Trial 0 Training MaxEntTrainer,gaussianPriorVariance=1.0 with 1800 instances
Trial 0 Training MaxEntTrainer,gaussianPriorVariance=1.0 finished
Trial 0 Trainer MaxEntTrainer,gaussianPriorVariance=1.0
 Raw Testing Data
3741.txt neg neg:0.9377698832824918 pos:0.06223011671750817 
3733.txt neg neg:0.9118240075294428 pos:0.08817599247055728 
1600.txt pos pos:0.960344787664718 neg:0.03965521233528201 
3432.txt pos pos:0.9209568088115356 neg:0.07904319118846424 
2033.txt pos pos:0.9998200756032969 neg:1.7992439670319116E-4 
3898.txt pos pos:0.9998389449239745 neg:1.6105507602536426E-4 
4107.txt pos pos:0.5904409466939352 neg:0.40955905330606474 
1418.txt pos pos:0.9994095742963931 neg:5.904257036069672E-4 
2939.txt neg neg:0.9145576033937979 pos:0.08544239660620219 
117.txt neg pos:0.9583734550027604 neg:0.04162654499723967 
3144.txt neg neg:0.9800613613425905 pos:0.01993863865740968 
3907.txt neg neg:0.9714918065031205 pos:0.028508193496879504 
2954.txt pos neg:0.9193928666708918 pos:0.08060713332910831 
2290.txt neg neg:0.9999999942665896 pos:5.73341042221254E-9 
1857.txt neg neg:0.9998598359633842 pos:1.4016403661567042E-4 
1850.txt neg neg:0.9881340643515876 pos:0.01186593564841238 
1244.txt pos pos:0.9985664737390358 neg:0.001433526260964263 
1171.txt pos pos:0.9819460858929718 neg:0.018053914107028134 
1121.txt pos pos:0.9999799389264294 neg:2.006107357048271E-5 
2452.txt pos pos:0.9999473337321027 neg:5.266626789729053E-5 
1980.txt neg neg:0.5447413924658789 pos:0.4552586075341211 
623.txt pos pos:0.9997234079143297 neg:2.7659208567019634E-4 
129.txt pos pos:0.9999904221710809 neg:9.577828919075639E-6 
3113.txt neg neg:0.999910872918599 pos:8.912708140095526E-5 
2753.txt neg neg:0.9919731488461696 pos:0.00802685115383037 
4146.txt neg neg:0.9999892440556456 pos:1.0755944354479914E-5 
921.txt neg neg:0.9905571158093461 pos:0.009442884190653792 
1345.txt pos neg:0.9747293406887775 pos:0.025270659311222656 
2794.txt pos pos:0.7737517563102274 neg:0.2262482436897725 
2250.txt pos pos:0.7331871957382771 neg:0.266812804261723 
2374.txt pos pos:0.9994522534904856 neg:5.477465095143166E-4 
976.txt neg neg:0.9999864157575211 pos:1.358424247899769E-5 
1690.txt neg neg:0.7700348934160747 pos:0.22996510658392538 
3534.txt pos neg:0.7822115817027337 pos:0.21778841829726614 
4134.txt neg neg:0.999454908431762 pos:5.450915682380627E-4 
3105.txt pos pos:0.5145597154669921 neg:0.48544028453300797 
3161.txt neg neg:0.966394237853987 pos:0.033605762146013025 
541.txt pos neg:0.8999860829109252 pos:0.10001391708907476 
281.txt neg pos:0.9690062640002517 neg:0.030993735999748372 
2503.txt pos pos:0.9996622336113594 neg:3.377663886405246E-4 
440.txt pos pos:0.9718109480111496 neg:0.028189051988850217 
1137.txt neg neg:0.9998156309941828 pos:1.8436900581713538E-4 
3662.txt neg pos:0.7685935133621403 neg:0.23140648663785968 
3435.txt pos pos:0.9996789638595472 neg:3.210361404527161E-4 
553.txt neg neg:0.9555279030495759 pos:0.04447209695042401 
884.txt neg neg:0.9999987479270791 pos:1.2520729208385286E-6 
3451.txt neg neg:0.9930040760241746 pos:0.0069959239758254355 
3689.txt pos pos:0.9776106428455326 neg:0.022389357154467358 
4199.txt neg neg:0.9991240220362028 pos:8.759779637971972E-4 
692.txt neg neg:0.9986718198544713 pos:0.0013281801455288292 
3918.txt pos pos:0.9924769998283461 neg:0.0075230001716540115 
3874.txt neg neg:0.9539247883349414 pos:0.0460752116650586 
624.txt pos pos:0.9980942816762499 neg:0.0019057183237502064 
2976.txt pos neg:0.9811808753018687 pos:0.018819124698131393 
1433.txt pos pos:0.9999983158045781 neg:1.6841954218389312E-6 
1360.txt pos pos:0.9999920004664182 neg:7.999533581702772E-6 
3138.txt neg neg:0.9953042306638065 pos:0.004695769336193554 
2431.txt neg pos:0.9047725611522017 neg:0.09522743884779819 
3082.txt pos pos:0.9596088155623891 neg:0.04039118443761094 
1292.txt pos pos:0.9999894344930313 neg:1.0565506968679115E-5 
13.txt pos neg:0.8025100103048847 pos:0.19748998969511541 
2884.txt pos pos:0.9987392498931628 neg:0.0012607501068372079 
4322.txt neg neg:0.9997616668693192 pos:2.383331306808976E-4 
3039.txt neg neg:0.9980323017061157 pos:0.001967698293884396 
1708.txt pos pos:0.9998521986446968 neg:1.4780135530321277E-4 
2356.txt pos pos:0.9994729305899834 neg:5.270694100165944E-4 
2299.txt neg neg:0.9853587703187463 pos:0.014641229681253583 
301.txt neg neg:0.9999804776886084 pos:1.9522311391572365E-5 
170.txt pos pos:0.9999999435401657 neg:5.645983417930528E-8 
3588.txt neg neg:0.9999837467069033 pos:1.625329309667141E-5 
819.txt pos neg:0.7126118672955892 pos:0.2873881327044108 
4300.txt neg neg:0.9992761780181689 pos:7.238219818311802E-4 
3975.txt neg neg:0.999563719994402 pos:4.3628000559808763E-4 
1989.txt neg neg:0.9858122670825759 pos:0.014187732917424185 
3548.txt pos neg:0.7171904721706746 pos:0.2828095278293254 
1038.txt neg neg:0.99999858402805 pos:1.4159719500176153E-6 
2915.txt neg neg:0.9968349499178643 pos:0.003165050082135723 
462.txt pos pos:0.9979823986217115 neg:0.0020176013782884556 
110.txt neg pos:0.9764089526038916 neg:0.023591047396108362 
2286.txt pos neg:0.9832001112792321 pos:0.016799888720767923 
2455.txt pos pos:0.9999977570762616 neg:2.242923738451389E-6 
2495.txt neg neg:0.9998790423496088 pos:1.2095765039109438E-4 
3696.txt neg neg:0.9999691429921804 pos:3.085700781957356E-5 
810.txt pos pos:0.9998984952881341 neg:1.0150471186587625E-4 
2537.txt neg neg:0.9992023299696944 pos:7.976700303056679E-4 
1646.txt neg neg:0.729902088377961 pos:0.27009791162203894 
1657.txt pos pos:0.9793210139300518 neg:0.020678986069948304 
66.txt pos pos:0.970886961499746 neg:0.02911303850025411 
308.txt neg neg:0.9999397280114354 pos:6.0271988564577846E-5 
2827.txt pos pos:0.9999243803456939 neg:7.561965430608256E-5 
3166.txt neg neg:0.9870336750860763 pos:0.012966324913923693 
590.txt pos pos:0.9752542267432913 neg:0.024745773256708636 
1231.txt pos neg:0.9985967421033302 pos:0.001403257896669847 
3964.txt pos pos:0.9999963957255075 neg:3.6042744924988725E-6 
2771.txt neg neg:0.9984527167442738 pos:0.0015472832557261616 
4091.txt neg neg:0.9633291968288781 pos:0.03667080317112194 
3184.txt pos pos:0.9999977759676416 neg:2.224032358452681E-6 
2380.txt pos pos:0.9999170974981079 neg:8.290250189209361E-5 
3797.txt neg neg:0.9995208360438472 pos:4.7916395615265803E-4 
3424.txt neg neg:0.7122986292177922 pos:0.2877013707822078 
3498.txt pos pos:0.7436154989983748 neg:0.2563845010016253 
1996.txt pos pos:0.9992248731361504 neg:7.751268638496031E-4 
1353.txt neg neg:0.9876195505621862 pos:0.012380449437813813 
2443.txt neg pos:0.6589131183871307 neg:0.3410868816128692 
260.txt pos pos:0.7529836144254085 neg:0.24701638557459146 
432.txt pos pos:0.9980444196580451 neg:0.0019555803419547893 
606.txt pos pos:0.694459542172951 neg:0.3055404578270489 
250.txt neg neg:0.9999881582066569 pos:1.1841793343040251E-5 
43.txt pos pos:0.9999999989306376 neg:1.0693624852982023E-9 
3131.txt neg neg:0.9984425770013153 pos:0.001557422998684658 
3179.txt pos pos:0.9718496299455796 neg:0.028150370054420375 
3093.txt neg neg:0.9990360726208313 pos:9.639273791686577E-4 
149.txt neg neg:0.9999942703372601 pos:5.729662739970909E-6 
4219.txt pos pos:0.868856259323391 neg:0.13114374067660906 
237.txt pos pos:0.9206111717728349 neg:0.07938882822716517 
3338.txt pos pos:0.9214619520815456 neg:0.07853804791845435 
3840.txt pos pos:0.9997015212394784 neg:2.984787605215039E-4 
2969.txt neg neg:0.5187773428541724 pos:0.4812226571458275 
1499.txt pos neg:0.7165197306094999 pos:0.2834802693905001 
177.txt pos pos:0.9894975119170727 neg:0.010502488082927395 
380.txt neg pos:0.9636369898187983 neg:0.03636301018120173 
4.txt pos neg:0.9984368594843961 pos:0.001563140515603896 
2515.txt neg neg:0.9999726315715415 pos:2.7368428458476915E-5 
4080.txt pos neg:0.9588118978572212 pos:0.04118810214277884 
2861.txt neg neg:0.9999995089247264 pos:4.910752736310944E-7 
3491.txt pos pos:0.7780045758319228 neg:0.22199542416807716 
1587.txt neg neg:0.9948788002888816 pos:0.005121199711118262 
1863.txt pos pos:0.9489629531917558 neg:0.051037046808244176 
2778.txt neg neg:0.9979400555156197 pos:0.0020599444843802154 
2560.txt neg neg:0.9984042601289802 pos:0.0015957398710198017 
2088.txt neg neg:0.9949704501383959 pos:0.005029549861604204 
2414.txt neg neg:0.981704993607495 pos:0.018295006392505107 
643.txt neg neg:0.940520655975285 pos:0.05947934402471508 
449.txt pos pos:0.9997469847992587 neg:2.5301520074119444E-4 
1589.txt neg neg:0.6573838291699229 pos:0.3426161708300771 
4217.txt pos pos:0.9687458187003221 neg:0.03125418129967788 
2829.txt pos pos:0.833670840021071 neg:0.16632915997892905 
1130.txt neg neg:0.9999141563253066 pos:8.584367469338577E-5 
2982.txt pos neg:0.9997660030121851 pos:2.3399698781494604E-4 
941.txt pos pos:0.999516705841535 neg:4.832941584650954E-4 
1284.txt neg neg:0.9858892188180299 pos:0.014110781181970141 
832.txt pos pos:0.6182875242529751 neg:0.381712475747025 
990.txt pos pos:0.9999933343655337 neg:6.665634466343103E-6 
44.txt pos neg:0.5428145604494667 pos:0.45718543955053326 
2852.txt pos pos:0.5555629988740582 neg:0.4444370011259417 
2174.txt neg neg:0.999908505242515 pos:9.149475748507345E-5 
1378.txt neg neg:0.6546539117032241 pos:0.345346088296776 
904.txt neg neg:0.9995200115811341 pos:4.799884188658744E-4 
1991.txt pos pos:0.9696159402506422 neg:0.03038405974935769 
2075.txt neg neg:0.9968858572243686 pos:0.003114142775631246 
2814.txt neg neg:0.6015736469253445 pos:0.39842635307465557 
4197.txt neg neg:0.7412395989828805 pos:0.25876040101711956 
3384.txt neg neg:0.8411194519089064 pos:0.15888054809109364 
978.txt neg neg:0.9999446401309002 pos:5.535986909968573E-5 
2025.txt neg neg:0.9992134779820467 pos:7.865220179532083E-4 
3990.txt pos pos:0.9999999853930412 neg:1.4606958800484023E-8 
68.txt pos pos:0.9991636563710605 neg:8.363436289395465E-4 
503.txt neg neg:0.9973190182224978 pos:0.002680981777502122 
3635.txt neg pos:0.8399764498261274 neg:0.16002355017387257 
757.txt pos pos:0.9999820238599776 neg:1.797614002230479E-5 
3647.txt neg pos:0.8418604898224807 neg:0.15813951017751932 
3102.txt pos pos:0.5896688437949331 neg:0.41033115620506694 
1367.txt pos neg:0.9545539100717357 pos:0.04544608992826435 
2444.txt neg pos:0.5280314573111499 neg:0.47196854268885013 
4265.txt pos neg:0.9285312572067838 pos:0.0714687427932163 
2967.txt neg neg:0.9397642763108264 pos:0.06023572368917354 
2140.txt pos neg:0.9857429050796302 pos:0.014257094920369688 
613.txt neg pos:0.9895245808512967 neg:0.010475419148703254 
288.txt neg neg:0.9784240598629922 pos:0.021575940137007733 
2953.txt pos pos:0.9996980744082609 neg:3.0192559173918346E-4 
1774.txt pos pos:0.914834464062373 neg:0.08516553593762695 
2022.txt neg neg:0.9905636216546015 pos:0.009436378345398453 
3832.txt pos pos:0.5205141387465045 neg:0.47948586125349535 
3972.txt neg neg:0.9999998171988168 pos:1.828011832453241E-7 
2737.txt pos pos:0.9998181233739006 neg:1.818766260993881E-4 
576.txt neg neg:0.9974086765424398 pos:0.0025913234575601967 
2297.txt neg neg:0.9983445743839131 pos:0.0016554256160869485 
4348.txt pos pos:0.9999969407900108 neg:3.059209989219592E-6 
1800.txt neg neg:0.9386829038306911 pos:0.061317096169308964 
483.txt neg neg:0.997324245945503 pos:0.002675754054497189 
1547.txt pos neg:0.7499182542319313 pos:0.25008174576806874 
997.txt pos pos:0.9954412985943445 neg:0.004558701405655402 
1958.txt neg pos:0.9445441453265256 neg:0.055455854673474275 
4051.txt pos pos:0.9027047509332261 neg:0.09729524906677392 
644.txt neg neg:0.9999569924438727 pos:4.300755612733335E-5 
1875.txt neg neg:0.7018299242635582 pos:0.29817007573644183 
1549.txt pos pos:0.9950209174359053 neg:0.004979082564094624 
4210.txt pos pos:0.9916854079335843 neg:0.008314592066415662 
2009.txt neg neg:0.9988554257715269 pos:0.0011445742284730772 
4341.txt pos pos:0.9999874464271563 neg:1.255357284374398E-5 
3293.txt pos pos:0.9878935267189363 neg:0.012106473281063705 
2046.txt pos pos:0.9995805037267234 neg:4.194962732765425E-4 
1043.txt neg neg:0.9999999995119064 pos:4.880935930943918E-10 
730.txt neg neg:0.9697369151119064 pos:0.03026308488809373 
3665.txt neg neg:0.9669581863654615 pos:0.033041813634538585 
1558.txt neg neg:0.9225985077412511 pos:0.07740149225874896 
4357.txt neg neg:0.999991038137241 pos:8.96186275900046E-6 
1295.txt pos pos:0.6747856588582879 neg:0.3252143411417121 
3997.txt pos pos:0.9810111088366414 neg:0.018988891163358508 
1789.txt pos neg:0.9490057022486038 pos:0.050994297751396196 
Trial 0 Trainer MaxEntTrainer,gaussianPriorVariance=1.0 Training Data Confusion Matrix
Confusion Matrix, row=true, column=predicted  accuracy=1.0
  label   0   1  |total
  0 neg 900   .  |900
  1 pos   . 900  |900

Trial 0 Trainer MaxEntTrainer,gaussianPriorVariance=1.0 training data accuracy= 1.0
Trial 0 Trainer MaxEntTrainer,gaussianPriorVariance=1.0 Test Data Confusion Matrix
Confusion Matrix, row=true, column=predicted  accuracy=0.84
  label   0   1  |total
  0 neg  88  12  |100
  1 pos  20  80  |100

Trial 0 Trainer MaxEntTrainer,gaussianPriorVariance=1.0 test data accuracy= 0.84

MaxEntTrainer,gaussianPriorVariance=1.0
Summary. train accuracy mean = 1.0 stddev = 0.0 stderr = 0.0
Summary. test accuracy mean = 0.84 stddev = 0.0 stderr = 0.0
