
-------------------- Trial 0  --------------------

Trial 0 Training MaxEntTrainer,gaussianPriorVariance=1.0 with 1800 instances
Trial 0 Training MaxEntTrainer,gaussianPriorVariance=1.0 finished
Trial 0 Trainer MaxEntTrainer,gaussianPriorVariance=1.0
 Raw Testing Data
2118.txt neg pos:0.8787732193260775 neg:0.12122678067392244 
4108.txt neg neg:0.9396156160113871 pos:0.060384383988612844 
493.txt neg neg:0.7918793057898369 pos:0.20812069421016308 
2929.txt pos pos:0.675670920352991 neg:0.3243290796470091 
1230.txt neg neg:0.95819297879495 pos:0.04180702120504996 
2813.txt neg neg:0.8944046231126319 pos:0.10559537688736803 
3781.txt pos pos:0.8809737948838308 neg:0.11902620511616915 
1546.txt neg neg:0.9960234239736931 pos:0.003976576026306867 
1810.txt neg neg:0.9727132389323931 pos:0.02728676106760677 
3801.txt neg neg:0.9872818260722807 pos:0.01271817392771938 
4373.txt pos neg:0.5829942289326648 pos:0.41700577106733516 
4190.txt neg pos:0.866207699729442 neg:0.13379230027055794 
1155.txt neg neg:0.949944684861131 pos:0.05005531513886898 
3220.txt pos pos:0.9977092261844137 neg:0.0022907738155862212 
348.txt neg pos:0.6066873747579569 neg:0.39331262524204313 
3084.txt neg pos:0.9544961369639515 neg:0.04550386303604856 
1368.txt neg pos:0.7044959831209627 neg:0.2955040168790373 
846.txt pos pos:0.9999888112419707 neg:1.1188758029312575E-5 
6.txt neg neg:0.9140855361515586 pos:0.0859144638484415 
1808.txt neg neg:0.8588142847104191 pos:0.141185715289581 
2206.txt neg neg:0.8437867994975394 pos:0.15621320050246068 
3723.txt neg neg:0.7735228930903628 pos:0.22647710690963718 
3691.txt neg neg:0.9345151581133345 pos:0.0654848418866656 
2190.txt pos pos:0.54356084917708 neg:0.4564391508229199 
934.txt pos pos:0.8971041388783326 neg:0.10289586112166745 
2502.txt neg neg:0.9741319840850667 pos:0.025868015914933176 
266.txt pos neg:0.7785033412272481 pos:0.2214966587727519 
342.txt pos neg:0.9202808729709177 pos:0.07971912702908239 
1039.txt pos pos:0.7146925187517127 neg:0.28530748124828725 
1168.txt pos pos:0.9996071944474362 neg:3.9280555256381884E-4 
521.txt neg neg:0.929820493184527 pos:0.070179506815473 
1093.txt pos pos:0.8337048453397143 neg:0.1662951546602857 
4310.txt pos pos:0.9999895231248589 neg:1.0476875141035642E-5 
1617.txt pos pos:0.9939218502259418 neg:0.0060781497740581125 
3447.txt pos pos:0.9987830928821227 neg:0.0012169071178772483 
3672.txt neg pos:0.751757848557846 neg:0.24824215144215392 
2274.txt neg neg:0.7500213607677579 pos:0.249978639232242 
3497.txt neg neg:0.9999797351756029 pos:2.026482439712624E-5 
3277.txt neg neg:0.9783845127931342 pos:0.021615487206865715 
61.txt neg neg:0.8246767833570533 pos:0.17532321664294676 
842.txt neg pos:0.984557350656938 neg:0.015442649343061983 
2158.txt neg pos:0.7537544836809803 neg:0.24624551631901964 
93.txt pos neg:0.6209829418973286 pos:0.37901705810267133 
1361.txt neg neg:0.9884221689688419 pos:0.011577831031157967 
399.txt neg neg:0.9658305638905433 pos:0.03416943610945666 
3807.txt pos pos:0.9999709644441613 neg:2.903555583865409E-5 
2096.txt neg neg:0.9999982458869014 pos:1.7541130985033834E-6 
1541.txt neg neg:0.8891582102084299 pos:0.1108417897915701 
3956.txt pos pos:0.99960850402087 neg:3.9149597912991913E-4 
607.txt pos pos:0.9868232820398065 neg:0.013176717960193431 
3337.txt neg neg:0.9995947059080531 pos:4.052940919469227E-4 
1320.txt pos pos:0.9999999625924386 neg:3.740756140285215E-8 
4033.txt neg neg:0.8877113204262859 pos:0.11228867957371413 
3266.txt neg neg:0.6609046300962119 pos:0.33909536990378814 
3724.txt neg pos:0.951381802183711 neg:0.048618197816289004 
402.txt neg pos:0.9810395508965999 neg:0.018960449103399977 
709.txt pos pos:0.9999947766781698 neg:5.223321830201121E-6 
3688.txt pos pos:0.5660724748464158 neg:0.4339275251535843 
3710.txt pos pos:0.9953916323308802 neg:0.004608367669119786 
85.txt pos pos:0.9999999853603807 neg:1.4639619210613063E-8 
2437.txt neg neg:0.9995174653707435 pos:4.825346292564187E-4 
1486.txt neg pos:0.5791894873506412 neg:0.4208105126493588 
3304.txt pos pos:0.9984732066960822 neg:0.0015267933039178766 
1028.txt pos pos:0.8978484392915419 neg:0.1021515607084581 
4374.txt pos pos:0.9999956015570713 neg:4.39844292875819E-6 
974.txt pos pos:0.5597483145541289 neg:0.44025168544587107 
1115.txt neg neg:0.9986302611474162 pos:0.001369738852583924 
3549.txt pos pos:0.9782084551669071 neg:0.021791544833092903 
2544.txt pos pos:0.9999994734268842 neg:5.265731158903472E-7 
437.txt neg neg:0.8768545375748731 pos:0.1231454624251268 
3382.txt neg pos:0.9649502226497787 neg:0.03504977735022135 
727.txt neg pos:0.9900211949254214 neg:0.009978805074578576 
486.txt pos pos:0.530248211842599 neg:0.4697517881574011 
1030.txt pos pos:0.963050422737112 neg:0.03694957726288808 
2853.txt neg pos:0.9995386520537446 neg:4.613479462554052E-4 
3835.txt pos pos:0.9999988492206902 neg:1.1507793098672138E-6 
1045.txt pos pos:0.8537518938388641 neg:0.14624810616113607 
4317.txt pos pos:0.9858873121819623 neg:0.014112687818037515 
394.txt pos neg:0.9993084839572659 pos:6.915160427340635E-4 
577.txt neg neg:0.9699267062314534 pos:0.030073293768546627 
3371.txt pos pos:0.9724597658982014 neg:0.027540234101798518 
3185.txt pos pos:0.9868420410662143 neg:0.013157958933785649 
841.txt pos pos:0.975412710945602 neg:0.02458728905439814 
1462.txt neg neg:0.9961672181502713 pos:0.0038327818497286468 
4088.txt neg neg:0.9576336679915017 pos:0.042366332008498396 
1734.txt pos pos:0.9998979902378173 neg:1.0200976218258622E-4 
1129.txt neg neg:0.9999845475293325 pos:1.5452470667519777E-5 
482.txt neg neg:0.9997028672464472 pos:2.9713275355274676E-4 
2683.txt neg neg:0.9999035176447785 pos:9.648235522153384E-5 
1509.txt pos neg:0.9272242085754437 pos:0.07277579142455634 
54.txt neg neg:0.7252709405887442 pos:0.2747290594112557 
53.txt pos pos:0.9998996198689486 neg:1.0038013105151351E-4 
1534.txt neg pos:0.9889645721974509 neg:0.011035427802548955 
3917.txt neg neg:0.9994561538788095 pos:5.438461211904084E-4 
1948.txt neg neg:0.9999878209150469 pos:1.2179084953124493E-5 
3473.txt neg neg:0.9996513008181495 pos:3.4869918185054315E-4 
2074.txt pos neg:0.5205584346798225 pos:0.4794415653201774 
2110.txt pos pos:0.9957289367689061 neg:0.004271063231093976 
109.txt neg neg:0.9348569602991886 pos:0.0651430397008113 
3303.txt pos pos:0.9999638254520707 neg:3.6174547929401046E-5 
3806.txt neg pos:0.919589877937057 neg:0.08041012206294297 
205.txt pos pos:0.9810863726604095 neg:0.018913627339590493 
2065.txt pos pos:0.9738451834771336 neg:0.026154816522866404 
724.txt pos pos:0.9975995135223363 neg:0.0024004864776636186 
4218.txt neg pos:0.5880363367704319 neg:0.4119636632295681 
791.txt pos pos:0.8986201874539871 neg:0.10137981254601307 
433.txt pos neg:0.6004583965676547 pos:0.39954160343234546 
1329.txt pos pos:0.994221349778767 neg:0.005778650221233045 
2125.txt pos neg:0.8605133063055836 pos:0.13948669369441646 
961.txt neg neg:0.9732900090623298 pos:0.026709990937670104 
2902.txt neg neg:0.9995480913468611 pos:4.519086531388226E-4 
112.txt pos pos:0.999998027565769 neg:1.9724342308933176E-6 
397.txt neg neg:0.9999999999841322 pos:1.5867735112434658E-11 
3989.txt pos pos:0.9980430776228808 neg:0.0019569223771193365 
2035.txt neg neg:0.9999990870545784 pos:9.1294542149478E-7 
2869.txt pos pos:0.9983028934438651 neg:0.0016971065561349925 
4081.txt neg neg:0.9993959309014342 pos:6.040690985658803E-4 
4216.txt neg pos:0.8825413353628577 neg:0.11745866463714229 
2181.txt pos pos:0.9999971569357136 neg:2.843064286443055E-6 
501.txt pos pos:0.9951614162757103 neg:0.004838583724289771 
217.txt neg pos:0.7847773416506111 neg:0.21522265834938895 
169.txt pos pos:0.9999751881630895 neg:2.4811836910536017E-5 
1236.txt pos neg:0.941208119554557 pos:0.058791880445443055 
2812.txt pos pos:0.7474682293769032 neg:0.2525317706230969 
3580.txt pos pos:0.5494133649580406 neg:0.4505866350419593 
3026.txt pos neg:0.891310433563112 pos:0.10868956643688804 
4132.txt pos pos:0.9542568339280393 neg:0.045743166071960696 
732.txt pos pos:0.991784328887979 neg:0.008215671112021091 
611.txt pos neg:0.6740378315197763 pos:0.32596216848022375 
1907.txt pos pos:0.9999979418027991 neg:2.058197200935171E-6 
1054.txt pos pos:0.5605240029505533 neg:0.4394759970494468 
604.txt neg pos:0.5297660696324357 neg:0.4702339303675643 
2660.txt neg neg:0.9636295956004169 pos:0.03637040439958318 
3459.txt neg neg:0.9999984818053583 pos:1.518194641695799E-6 
973.txt pos pos:0.999944279985429 neg:5.5720014570996836E-5 
1352.txt pos pos:0.9999047846051033 neg:9.521539489664842E-5 
796.txt pos pos:0.6339760759641424 neg:0.36602392403585765 
494.txt neg neg:0.9999475536678368 pos:5.244633216328231E-5 
3077.txt pos pos:0.9999543294170252 neg:4.567058297477141E-5 
3153.txt pos pos:0.9999543366157974 neg:4.566338420265961E-5 
574.txt pos pos:0.9445806323560709 neg:0.055419367643929074 
1746.txt pos neg:0.9999982100662588 pos:1.7899337411817056E-6 
2885.txt neg neg:0.6821766514517296 pos:0.31782334854827043 
660.txt neg neg:0.983700474285266 pos:0.01629952571473397 
1773.txt pos pos:0.9773549273604966 neg:0.02264507263950353 
1202.txt neg neg:0.9500385580391393 pos:0.049961441960860754 
3701.txt pos pos:0.9606197675708152 neg:0.03938023242918476 
354.txt pos pos:0.9999766902351366 neg:2.3309764863515148E-5 
886.txt pos pos:0.9622910800938898 neg:0.0377089199061103 
2426.txt neg neg:0.9964524833240346 pos:0.0035475166759653407 
2937.txt neg neg:0.981430759633769 pos:0.018569240366230883 
4025.txt neg pos:0.9979587700808091 neg:0.0020412299191909537 
1260.txt pos pos:0.9976175636502038 neg:0.0023824363497961265 
4308.txt pos pos:0.853698384960569 neg:0.14630161503943095 
1597.txt neg neg:0.785554637937825 pos:0.21444536206217507 
1451.txt pos pos:0.9953720069149332 neg:0.004627993085066746 
568.txt neg neg:0.9996668945597771 pos:3.3310544022293026E-4 
3951.txt pos pos:0.6376232099149348 neg:0.3623767900850652 
1184.txt neg pos:0.8028978806137949 neg:0.19710211938620523 
3846.txt neg neg:0.6873403218482057 pos:0.31265967815179424 
4257.txt pos pos:0.9997305918994048 neg:2.6940810059519814E-4 
3496.txt pos neg:0.9814507795603429 pos:0.01854922043965699 
857.txt pos pos:0.9998272316746949 neg:1.727683253050188E-4 
1819.txt neg pos:0.9988295608892548 neg:0.001170439110745312 
1909.txt pos pos:0.7172310247436262 neg:0.28276897525637384 
3519.txt neg neg:0.9843060301753008 pos:0.015693969824699186 
1370.txt neg neg:0.9972920499289953 pos:0.0027079500710047396 
2372.txt pos neg:0.9797933790589198 pos:0.02020662094108016 
2091.txt neg neg:0.9999999998488445 pos:1.5115559087801024E-10 
385.txt pos pos:0.586886575861984 neg:0.41311342413801605 
3659.txt pos pos:0.8805041790261381 neg:0.11949582097386198 
388.txt neg pos:0.9767852959113825 neg:0.023214704088617467 
3227.txt pos pos:0.9155426090499503 neg:0.08445739095004956 
2744.txt neg neg:0.9953887054310587 pos:0.004611294568941199 
3718.txt neg neg:0.9999941505246691 pos:5.849475330928511E-6 
262.txt neg neg:0.6270877446390428 pos:0.37291225536095723 
45.txt pos pos:0.999999320306772 neg:6.796932279972879E-7 
1623.txt neg neg:0.9940136936078414 pos:0.005986306392158527 
2678.txt neg neg:0.8912075488999177 pos:0.10879245110008226 
3407.txt pos pos:0.9999999270611319 neg:7.293886810451219E-8 
2655.txt neg neg:0.9264638609370135 pos:0.0735361390629865 
913.txt neg neg:0.6665253669317559 pos:0.3334746330682441 
3292.txt pos neg:0.654080471483248 pos:0.34591952851675195 
1237.txt neg neg:0.9977997554802558 pos:0.0022002445197441844 
422.txt pos pos:0.9886895357703737 neg:0.011310464229626416 
566.txt neg neg:0.9999069596640795 pos:9.304033592048018E-5 
107.txt neg neg:0.9999658296708083 pos:3.4170329191684206E-5 
1656.txt neg neg:0.9998667388853083 pos:1.3326111469163843E-4 
3589.txt pos pos:0.9900607411413722 neg:0.009939258858627707 
2637.txt pos pos:0.9997376295009384 neg:2.6237049906158036E-4 
905.txt neg neg:0.9996846527727641 pos:3.153472272359228E-4 
1203.txt pos pos:0.9031444527921058 neg:0.09685554720789431 
2539.txt neg neg:0.998065250264681 pos:0.0019347497353190233 
1817.txt neg pos:0.5669747284989913 neg:0.4330252715010086 
747.txt pos pos:0.9471533492651972 neg:0.05284665073480273 
2604.txt neg neg:0.9998407505213873 pos:1.592494786125536E-4 
2141.txt pos pos:0.7951882464728703 neg:0.2048117535271298 
3996.txt pos pos:0.9917428145106363 neg:0.008257185489363677 
783.txt neg neg:0.9981472996638122 pos:0.0018527003361878947 
1747.txt neg neg:0.9999988361990593 pos:1.1638009406962588E-6 
Trial 0 Trainer MaxEntTrainer,gaussianPriorVariance=1.0 Training Data Confusion Matrix
Confusion Matrix, row=true, column=predicted  accuracy=1.0
  label   0   1  |total
  0 neg 900   .  |900
  1 pos   . 900  |900

Trial 0 Trainer MaxEntTrainer,gaussianPriorVariance=1.0 training data accuracy= 1.0
Trial 0 Trainer MaxEntTrainer,gaussianPriorVariance=1.0 Test Data Confusion Matrix
Confusion Matrix, row=true, column=predicted  accuracy=0.795
  label   0   1  |total
  0 neg  75  25  |100
  1 pos  16  84  |100

Trial 0 Trainer MaxEntTrainer,gaussianPriorVariance=1.0 test data accuracy= 0.795

MaxEntTrainer,gaussianPriorVariance=1.0
Summary. train accuracy mean = 1.0 stddev = 0.0 stderr = 0.0
Summary. test accuracy mean = 0.795 stddev = 0.0 stderr = 0.0
