
-------------------- Trial 0  --------------------

Trial 0 Training MaxEntTrainer,gaussianPriorVariance=1.0 with 1800 instances
Trial 0 Training MaxEntTrainer,gaussianPriorVariance=1.0 finished
Trial 0 Trainer MaxEntTrainer,gaussianPriorVariance=1.0
 Raw Testing Data
759.txt neg neg:0.8984651793268231 pos:0.10153482067317687 
1325.txt pos pos:0.9999999999995444 neg:4.55687059599358E-13 
4254.txt neg neg:0.9987800704976194 pos:0.001219929502380535 
1538.txt neg neg:0.999994648567379 pos:5.351432621082767E-6 
3258.txt neg neg:0.9781479808045401 pos:0.021852019195459926 
2906.txt pos pos:0.9875259668218951 neg:0.012474033178104839 
4069.txt neg neg:0.9963782380402194 pos:0.0036217619597806038 
1793.txt neg neg:0.7415426296900907 pos:0.2584573703099093 
2974.txt pos pos:0.9999999974190035 neg:2.5809965287446737E-9 
3439.txt pos pos:0.9999311529363365 neg:6.884706366361117E-5 
1483.txt neg neg:0.9309208076503519 pos:0.06907919234964811 
2418.txt neg neg:0.9996141049946133 pos:3.8589500538659637E-4 
3195.txt pos pos:0.9991919405676357 neg:8.08059432364291E-4 
964.txt neg neg:0.8470068650136727 pos:0.1529931349863273 
3802.txt pos neg:0.5243369307494358 pos:0.4756630692505643 
2327.txt neg neg:0.9107900930732927 pos:0.08920990692670722 
3529.txt neg neg:0.9815447631100305 pos:0.01845523688996959 
4343.txt pos pos:0.9996732417419131 neg:3.2675825808703955E-4 
1290.txt pos pos:0.9364533946982411 neg:0.06354660530175904 
3107.txt pos pos:0.9979593950514863 neg:0.0020406049485137594 
2590.txt pos pos:0.9954728004455685 neg:0.004527199554431498 
2450.txt pos pos:0.992966712978462 neg:0.00703328702153801 
1007.txt pos pos:0.9842818072985955 neg:0.015718192701404614 
3632.txt pos neg:0.9548770147685723 pos:0.04512298523142762 
3057.txt neg pos:0.9987664836481955 neg:0.001233516351804455 
595.txt pos pos:0.9999999992669368 neg:7.330630602402283E-10 
4344.txt pos pos:0.9358129736793069 neg:0.0641870263206931 
2824.txt neg neg:0.9882199816360991 pos:0.011780018363900864 
938.txt pos pos:0.7428153236385607 neg:0.2571846763614392 
1683.txt pos pos:0.997494653402524 neg:0.0025053465974760637 
2365.txt pos pos:0.796810808578352 neg:0.20318919142164818 
311.txt pos pos:0.9949527881225129 neg:0.005047211877487082 
2126.txt neg neg:0.9997937268733011 pos:2.0627312669878738E-4 
3873.txt pos pos:0.9999079367002781 neg:9.206329972194418E-5 
536.txt pos pos:0.971663814367104 neg:0.028336185632895944 
3693.txt neg neg:0.9999720551844716 pos:2.794481552828228E-5 
364.txt pos pos:0.9954721630488347 neg:0.004527836951165402 
2850.txt pos pos:0.9975006152711678 neg:0.0024993847288321074 
2039.txt neg pos:0.8472854201518226 neg:0.15271457984817724 
2005.txt neg neg:0.9996508097484935 pos:3.4919025150659895E-4 
4105.txt pos pos:0.9972475012320989 neg:0.0027524987679011176 
3282.txt pos pos:0.999998228887033 neg:1.7711129669846348E-6 
409.txt neg neg:0.9998516627611411 pos:1.4833723885883287E-4 
3017.txt neg neg:0.999743531950162 pos:2.564680498380914E-4 
157.txt pos neg:0.7586754268935453 pos:0.2413245731064546 
2651.txt pos pos:0.6937450192534006 neg:0.30625498074659946 
3878.txt neg neg:0.8772531130441518 pos:0.12274688695584826 
3398.txt neg neg:0.999993950088031 pos:6.049911968909955E-6 
3132.txt pos pos:0.9976274425210997 neg:0.0023725574789002575 
1826.txt pos pos:0.9999466949374793 neg:5.330506252067071E-5 
4193.txt pos pos:0.9999566822612574 neg:4.331773874244177E-5 
1035.txt pos pos:0.9999035216984172 neg:9.647830158274237E-5 
980.txt neg neg:0.9999988500018253 pos:1.1499981746414328E-6 
2741.txt neg neg:0.9954784255048014 pos:0.004521574495198714 
1322.txt pos pos:0.9880677680948875 neg:0.011932231905112388 
1187.txt pos pos:0.9999994592997331 neg:5.407002668956926E-7 
200.txt pos neg:0.9013209088794039 pos:0.09867909112059624 
2811.txt neg neg:0.9237148047710739 pos:0.07628519522892599 
1150.txt neg neg:0.9999999901833355 pos:9.816664529097044E-9 
2664.txt pos pos:0.9960225522960761 neg:0.0039774477039238795 
4177.txt pos pos:0.9999999328417829 neg:6.715821710569872E-8 
2596.txt neg neg:0.9997592470854916 pos:2.4075291450854428E-4 
1420.txt neg neg:0.9923046100134926 pos:0.0076953899865074135 
3566.txt pos pos:0.9992298067430377 neg:7.701932569622231E-4 
4179.txt pos pos:0.9999999030717323 neg:9.692826769413139E-8 
3831.txt neg neg:0.9977565397905795 pos:0.0022434602094203934 
4261.txt neg neg:0.7161035700279283 pos:0.2838964299720717 
4345.txt neg neg:0.999999709087126 pos:2.9091287392397223E-7 
634.txt neg neg:0.9999998908659401 pos:1.0913405997883149E-7 
1812.txt neg neg:0.9999725823887851 pos:2.741761121488274E-5 
3676.txt pos pos:0.9995648647172074 neg:4.351352827925678E-4 
2312.txt neg neg:0.995090142295317 pos:0.004909857704683113 
1363.txt neg neg:0.9999950912380156 pos:4.908761984530629E-6 
2112.txt pos pos:0.9999912529554098 neg:8.747044590265231E-6 
2620.txt pos neg:0.9398631579877375 pos:0.06013684201226263 
2382.txt pos pos:0.965125353970422 neg:0.03487464602957806 
2411.txt neg neg:0.9999261005305435 pos:7.389946945643681E-5 
1979.txt pos pos:0.9998355554997078 neg:1.6444450029221214E-4 
1883.txt neg neg:0.9493407165199881 pos:0.05065928348001198 
1428.txt pos neg:0.9998270877385583 pos:1.7291226144156574E-4 
2574.txt pos pos:0.9999094809192824 neg:9.051908071759245E-5 
11.txt neg pos:0.9920517404529091 neg:0.007948259547090851 
2740.txt pos neg:0.7589793081911332 pos:0.24102069180886673 
1545.txt pos neg:0.7493940423826605 pos:0.2506059576173396 
2998.txt neg neg:0.9999968116188139 pos:3.1883811860070007E-6 
3915.txt neg neg:0.9999980231543358 pos:1.976845664146983E-6 
2424.txt neg neg:0.9974611327004476 pos:0.0025388672995524005 
936.txt pos pos:0.7687961452729728 neg:0.23120385472702723 
1771.txt pos neg:0.9695056854897729 pos:0.0304943145102271 
1074.txt neg neg:0.9997341041028162 pos:2.6589589718385557E-4 
2044.txt pos pos:0.9819871014181772 neg:0.018012898581822784 
931.txt pos pos:0.9999999988647845 neg:1.1352155206439508E-9 
227.txt neg neg:0.9999999997433047 pos:2.566953491466283E-10 
2772.txt pos neg:0.738592196178415 pos:0.261407803821585 
1235.txt neg neg:0.9999010060247953 pos:9.899397520467764E-5 
2203.txt neg neg:0.9993851368875643 pos:6.14863112435785E-4 
3678.txt pos pos:0.9527481173018703 neg:0.04725188269812984 
3837.txt pos pos:0.9524173491746241 neg:0.04758265082537606 
3175.txt pos pos:0.9995560846903103 neg:4.4391530968973313E-4 
395.txt neg neg:0.8976497227963446 pos:0.10235027720365537 
161.txt pos neg:0.9881540169948794 pos:0.01184598300512057 
3223.txt neg neg:0.9941223486238739 pos:0.005877651376126173 
1032.txt pos pos:0.9999894096531449 neg:1.0590346855064617E-5 
531.txt pos pos:0.9991883192443775 neg:8.116807556224789E-4 
4284.txt pos pos:0.999986466149064 neg:1.3533850936070538E-5 
2972.txt neg pos:0.9926198596324916 neg:0.007380140367508411 
87.txt neg neg:0.5314247224546158 pos:0.46857527754538425 
3225.txt pos neg:0.9241665809329128 pos:0.07583341906708727 
400.txt neg neg:0.6894374653513351 pos:0.3105625346486649 
2156.txt pos pos:0.710331617733757 neg:0.28966838226624303 
2535.txt neg neg:0.7050081215184542 pos:0.2949918784815459 
1739.txt neg neg:0.9557952286498419 pos:0.044204771350157976 
3307.txt neg pos:0.9986464262222103 neg:0.00135357377778975 
1246.txt pos pos:0.8133240009760155 neg:0.1866759990239846 
1542.txt pos pos:0.9999933911116332 neg:6.608888366719285E-6 
1469.txt neg neg:0.9999994895171039 pos:5.104828961160664E-7 
1684.txt pos pos:0.9999251767950065 neg:7.482320499350214E-5 
516.txt neg neg:0.9999218508487375 pos:7.814915126255523E-5 
3280.txt neg pos:0.9263897723424972 neg:0.07361022765750273 
2187.txt pos pos:0.9898734664566394 neg:0.01012653354336054 
2665.txt neg neg:0.9999825863420118 pos:1.7413657988316316E-5 
2204.txt neg neg:0.9703067279346967 pos:0.029693272065303245 
3716.txt pos pos:0.9919042601161009 neg:0.00809573988389906 
4026.txt pos neg:0.883304952735294 pos:0.1166950472647061 
1248.txt pos neg:0.9906731873732155 pos:0.009326812626784482 
3436.txt neg neg:0.9999999999391278 pos:6.087229640900044E-11 
4289.txt pos neg:0.8123978609142488 pos:0.18760213908575113 
1110.txt neg pos:0.8274914887594944 neg:0.17250851124050556 
722.txt neg pos:0.9995234805871354 neg:4.765194128647412E-4 
2160.txt pos pos:0.9689568688901498 neg:0.031043131109850238 
105.txt neg neg:0.9711656654766263 pos:0.028834334523373716 
1234.txt pos neg:0.9989007743630804 pos:0.0010992256369194821 
699.txt neg neg:0.975856835922155 pos:0.024143164077844906 
3514.txt pos pos:0.9997348458296933 neg:2.65154170306771E-4 
3391.txt neg pos:0.9959908352922243 neg:0.004009164707775665 
3804.txt neg neg:0.9999991646054329 pos:8.353945670271804E-7 
1936.txt neg neg:0.7820721629070295 pos:0.21792783709297053 
3630.txt neg pos:0.6475249334647987 neg:0.3524750665352013 
1737.txt neg neg:0.9990796744611578 pos:9.203255388422264E-4 
193.txt neg pos:0.661097051083191 neg:0.33890294891680905 
1072.txt pos pos:0.9603169372601952 neg:0.039683062739804896 
3638.txt pos neg:0.863532142601146 pos:0.1364678573988541 
2889.txt neg neg:0.9993650904388458 pos:6.349095611541646E-4 
3969.txt neg neg:0.9995949443253085 pos:4.0505567469160654E-4 
867.txt pos pos:0.9975775725472612 neg:0.0024224274527388364 
523.txt neg neg:0.9999999999644886 pos:3.551146195135416E-11 
1328.txt pos pos:0.9994770692381492 neg:5.229307618508708E-4 
2128.txt neg neg:0.8818906567744248 pos:0.11810934322557519 
179.txt neg pos:0.9210178907792052 neg:0.07898210922079477 
1866.txt pos pos:0.9978292900829175 neg:0.0021707099170824636 
3088.txt neg pos:0.91454065870701 neg:0.08545934129298996 
682.txt pos pos:0.990332604890179 neg:0.009667395109820983 
1122.txt neg neg:0.9927410418832612 pos:0.007258958116738725 
318.txt pos pos:0.9512550478782126 neg:0.04874495212178745 
3728.txt neg neg:0.9810646102177828 pos:0.018935389782217142 
1654.txt neg neg:0.9949720129134774 pos:0.005027987086522589 
3729.txt pos pos:0.9206217605920988 neg:0.07937823940790126 
896.txt neg neg:0.9999999998456828 pos:1.543172849520915E-10 
3555.txt neg neg:0.8506822906890281 pos:0.14931770931097196 
4171.txt neg pos:0.9965954231884764 neg:0.003404576811523601 
2002.txt neg neg:0.5727669438283747 pos:0.42723305617162527 
1356.txt neg pos:0.9974303643837777 neg:0.002569635616222186 
1703.txt pos pos:0.9370716323442077 neg:0.06292836765579246 
2774.txt neg neg:0.7827511751862632 pos:0.21724882481373678 
4170.txt pos pos:0.8934072089287528 neg:0.10659279107124714 
3332.txt neg neg:0.9999684543919559 pos:3.154560804406126E-5 
1627.txt pos pos:0.9999993157619039 neg:6.842380960796873E-7 
3259.txt pos pos:0.9999919726459054 neg:8.027354094537838E-6 
3134.txt neg neg:0.9998940224146695 pos:1.0597758533038157E-4 
2462.txt pos pos:0.9894591781594495 neg:0.010540821840550498 
4215.txt pos pos:0.9634891110886202 neg:0.036510888911379824 
2934.txt pos pos:0.9944250634119025 neg:0.0055749365880975186 
1937.txt pos neg:0.9996819485103446 pos:3.180514896553396E-4 
3720.txt pos pos:0.9959352015341194 neg:0.004064798465880588 
1482.txt pos pos:0.9428907406451577 neg:0.05710925935484223 
2168.txt neg neg:0.9999968118513924 pos:3.1881486076532316E-6 
1978.txt neg neg:0.8385753064431601 pos:0.16142469355683986 
3148.txt neg neg:0.9999861690124395 pos:1.383098756057497E-5 
130.txt neg neg:0.9434882188231919 pos:0.05651178117680821 
4212.txt pos pos:0.9983236993518184 neg:0.0016763006481816689 
1317.txt pos neg:0.8350509522559549 pos:0.16494904774404512 
150.txt pos pos:0.9953527485383423 neg:0.004647251461657589 
1461.txt pos pos:0.6939276691238466 neg:0.3060723308761534 
186.txt pos pos:0.9927544231374892 neg:0.007245576862510751 
2825.txt pos neg:0.5826793613237891 pos:0.4173206386762109 
2463.txt neg neg:0.9197821243829587 pos:0.08021787561704119 
2575.txt neg neg:0.9999999833943392 pos:1.6605660707224416E-8 
2369.txt neg neg:0.9999998463167689 pos:1.5368323119565419E-7 
3262.txt pos pos:0.8491078528239928 neg:0.1508921471760072 
1653.txt neg neg:0.9396395941680445 pos:0.06036040583195546 
2611.txt pos pos:0.9551374592434179 neg:0.044862540756582095 
1270.txt pos pos:0.813871033010866 neg:0.186128966989134 
2540.txt neg neg:0.9993080734914865 pos:6.919265085134684E-4 
1742.txt neg pos:0.9912137668420803 neg:0.008786233157919696 
956.txt neg neg:0.5362209972474059 pos:0.4637790027525941 
3401.txt pos pos:0.9999858873825312 neg:1.411261746879318E-5 
145.txt neg neg:0.7223716551758003 pos:0.27762834482419974 
558.txt neg neg:0.9706485621067366 pos:0.029351437893263454 
3753.txt neg neg:0.9998991224823911 pos:1.0087751760890098E-4 
840.txt neg neg:0.9957376985407429 pos:0.004262301459257041 
Trial 0 Trainer MaxEntTrainer,gaussianPriorVariance=1.0 Training Data Confusion Matrix
Confusion Matrix, row=true, column=predicted  accuracy=1.0
  label   0   1  |total
  0 neg 900   .  |900
  1 pos   . 900  |900

Trial 0 Trainer MaxEntTrainer,gaussianPriorVariance=1.0 training data accuracy= 1.0
Trial 0 Trainer MaxEntTrainer,gaussianPriorVariance=1.0 Test Data Confusion Matrix
Confusion Matrix, row=true, column=predicted  accuracy=0.82
  label   0   1  |total
  0 neg  84  16  |100
  1 pos  20  80  |100

Trial 0 Trainer MaxEntTrainer,gaussianPriorVariance=1.0 test data accuracy= 0.82

MaxEntTrainer,gaussianPriorVariance=1.0
Summary. train accuracy mean = 1.0 stddev = 0.0 stderr = 0.0
Summary. test accuracy mean = 0.82 stddev = 0.0 stderr = 0.0
