
-------------------- Trial 0  --------------------

Trial 0 Training NaiveBayesTrainer with 1800 instances
Trial 0 Training NaiveBayesTrainer finished
Trial 0 Trainer NaiveBayesTrainer
 Raw Testing Data
4188.txt neg neg:0.999996761650954 pos:3.2383490460288603E-6 
1890.txt neg neg:0.9994359905405056 pos:5.640094594943682E-4 
3541.txt neg neg:0.9999998935024463 pos:1.0649755362114465E-7 
2106.txt pos pos:0.9999999999999576 neg:4.237686501491726E-14 
2567.txt pos pos:0.9999999993797126 neg:6.202873243181508E-10 
302.txt pos pos:0.9999999999999063 neg:9.375837807814761E-14 
1475.txt pos neg:0.9999977220593587 pos:2.2779406413892305E-6 
2396.txt pos pos:0.999999999052718 neg:9.472820545122869E-10 
3481.txt neg neg:0.9994512054993986 pos:5.487945006013763E-4 
937.txt neg neg:0.9999860246688457 pos:1.3975331154319321E-5 
1923.txt pos pos:0.9999968941772245 neg:3.1058227754322016E-6 
950.txt pos pos:0.9999999999998388 neg:1.6115370242673478E-13 
1764.txt neg neg:0.7495690113435325 pos:0.25043098865646757 
466.txt neg neg:1.0 pos:3.855454231974199E-33 
4035.txt pos pos:1.0 neg:1.953210981245219E-57 
4157.txt neg neg:1.0 pos:1.2375968161975663E-17 
4246.txt pos pos:1.0 neg:4.027520860212966E-21 
2340.txt pos pos:1.0 neg:4.684752446696551E-38 
1434.txt neg neg:0.9994360141870265 pos:5.639858129733846E-4 
3271.txt pos neg:0.9989886003691495 pos:0.0010113996308504694 
3005.txt pos neg:0.9961753717192278 pos:0.0038246282807722818 
3573.txt neg pos:0.9999999780412228 neg:2.1958777112809777E-8 
1846.txt neg neg:0.9999999964024266 pos:3.5975733946837833E-9 
2289.txt pos neg:0.9982276984888958 pos:0.0017723015111041451 
3076.txt neg neg:0.8353576101288749 pos:0.16464238987112517 
273.txt neg neg:0.9999999999999871 pos:1.2925602848101273E-14 
669.txt neg pos:0.9999999999999933 neg:6.647107970511232E-15 
3681.txt pos pos:0.9987571172210884 neg:0.0012428827789115276 
3169.txt neg neg:1.0 pos:7.574900620189017E-32 
1083.txt neg pos:0.9712403419051441 neg:0.028759658094856026 
1448.txt neg neg:0.9978670226811257 pos:0.002132977318874374 
1564.txt pos pos:0.9999999554256729 neg:4.457432703064449E-8 
4097.txt neg neg:0.999984976574375 pos:1.5023425624918892E-5 
1371.txt pos pos:0.9999999997470348 neg:2.529651199345197E-10 
3329.txt pos pos:0.9999999995016917 neg:4.983083684936883E-10 
3946.txt neg pos:0.992925496606984 neg:0.007074503393015833 
2445.txt neg neg:0.9999999999920417 pos:7.958298650221314E-12 
1194.txt pos pos:0.9999999936139494 neg:6.3860506375226965E-9 
156.txt neg neg:0.9995665715951125 pos:4.334284048873903E-4 
1441.txt neg neg:0.9999999999985085 pos:1.491497930904796E-12 
977.txt neg neg:0.8529745708809937 pos:0.14702542911900635 
3901.txt neg neg:0.9999999999990266 pos:9.734751368289322E-13 
1563.txt pos pos:0.9999994471398298 neg:5.528601701321736E-7 
1872.txt pos pos:1.0 neg:7.857492459017875E-20 
1848.txt neg neg:0.9653625270722855 pos:0.03463747292771448 
3811.txt pos pos:0.9999999999992757 neg:7.242306989850011E-13 
586.txt pos pos:0.9999999999998488 neg:1.512154042288431E-13 
253.txt pos pos:0.9408205662815342 neg:0.059179433718465756 
813.txt neg neg:0.9968398453967794 pos:0.003160154603220651 
2766.txt pos pos:0.9999999999270801 neg:7.29198940065087E-11 
942.txt neg neg:0.999999999999563 pos:4.3700036392217764E-13 
2912.txt pos pos:0.9996180332940724 neg:3.8196670592752485E-4 
1696.txt neg neg:0.9776816096634584 pos:0.022318390336541656 
1303.txt pos pos:1.0 neg:2.3374086323833687E-20 
3773.txt pos pos:0.9999323079228895 neg:6.769207711055965E-5 
1580.txt pos pos:1.0 neg:1.0515943307347496E-35 
945.txt neg pos:0.9998554371594252 neg:1.4456284057492218E-4 
3709.txt neg neg:1.0 pos:1.753632171004839E-26 
1061.txt pos pos:0.9999999999996554 neg:3.4468183210696345E-13 
2670.txt pos pos:0.9999999837777649 neg:1.6222235013580205E-8 
4316.txt neg neg:0.9999999999999984 pos:1.496558698908511E-15 
3204.txt pos pos:0.9999999997858322 neg:2.1416784353558399E-10 
414.txt neg neg:1.0 pos:1.8529037250876873E-40 
406.txt pos pos:0.9999999999999327 neg:6.725002924192688E-14 
1268.txt neg neg:1.0 pos:9.629806598706509E-18 
2566.txt neg neg:0.9991705314932289 pos:8.294685067711648E-4 
4273.txt pos pos:0.9996357148043797 neg:3.642851956203123E-4 
446.txt pos pos:0.998968840362327 neg:0.0010311596376729986 
3315.txt pos pos:0.9999999996855411 neg:3.1445888201811105E-10 
1965.txt neg neg:0.9999999999999505 pos:4.9595350965957776E-14 
3327.txt pos pos:0.9999999999996267 neg:3.7315470263484143E-13 
1330.txt neg neg:0.9589904340611227 pos:0.041009565938877175 
1765.txt pos pos:0.9998753755948552 neg:1.2462440514490088E-4 
667.txt neg pos:0.9827345550823294 neg:0.017265444917670528 
1255.txt pos pos:0.9998712151583053 neg:1.287848416946021E-4 
2147.txt neg neg:0.9999999999904523 pos:9.547686954605644E-12 
1212.txt pos pos:0.9999999998307043 neg:1.6929567934458697E-10 
305.txt pos neg:1.0 pos:2.61842381594522E-17 
588.txt pos pos:0.9999804917440845 neg:1.9508255915371628E-5 
2802.txt neg pos:0.989229366730201 neg:0.010770633269799 
1266.txt neg pos:0.9999956045700142 neg:4.39542998565988E-6 
104.txt pos pos:1.0 neg:2.4639707556983558E-61 
3941.txt neg neg:0.9999999999993152 pos:6.846826305153313E-13 
1447.txt pos pos:1.0 neg:2.47843681062439E-17 
3799.txt pos pos:0.9999999979662548 neg:2.0337451907233056E-9 
473.txt pos pos:0.9998320963507983 neg:1.6790364920167615E-4 
3418.txt pos neg:0.9999997300041953 pos:2.6999580466248854E-7 
787.txt pos pos:0.9999999991712396 neg:8.287603279164173E-10 
1807.txt pos neg:0.9999154747527268 pos:8.452524727318687E-5 
4319.txt pos pos:0.9999999999999989 neg:1.1689159712076618E-15 
1672.txt neg neg:0.9305725644198454 pos:0.06942743558015468 
1924.txt pos pos:1.0 neg:8.107113381076318E-31 
4356.txt neg neg:0.9997743786846324 pos:2.2562131536766123E-4 
530.txt neg neg:0.9999999996395612 pos:3.604388985286048E-10 
3746.txt pos neg:0.7869977615061006 pos:0.21300223849389943 
3888.txt neg neg:0.9917482169195567 pos:0.008251783080443286 
4208.txt pos pos:0.999999999999996 neg:4.010962441169294E-15 
649.txt pos pos:0.9999997767490799 neg:2.232509201030495E-7 
2264.txt pos pos:0.5466294488688036 neg:0.45337055113119634 
3651.txt neg neg:0.9995533448338997 pos:4.466551661004007E-4 
1269.txt pos pos:1.0 neg:1.0986221033582487E-32 
3410.txt neg pos:0.6968362029161453 neg:0.3031637970838547 
1252.txt pos neg:0.9997687406441327 pos:2.3125935586737416E-4 
490.txt pos pos:0.9999896576939216 neg:1.0342306078403722E-5 
1136.txt neg neg:0.9967991170318767 pos:0.0032008829681233314 
3245.txt neg neg:0.9983789072697027 pos:0.0016210927302971652 
310.txt neg pos:0.9999999626542008 neg:3.7345799287938634E-8 
2521.txt neg neg:0.9999999999747624 pos:2.5237492343096102E-11 
1873.txt neg neg:1.0 pos:1.706723772506936E-28 
3540.txt pos pos:0.9999969382677547 neg:3.061732245427064E-6 
792.txt neg neg:0.9999999999977369 pos:2.263057665325166E-12 
3817.txt neg neg:0.9999999986992194 pos:1.3007805770527927E-9 
3948.txt neg neg:1.0 pos:2.6871110706746167E-17 
2058.txt neg neg:0.9999999997440989 pos:2.5590103404175544E-10 
3320.txt pos pos:0.9999999982314998 neg:1.768500183742375E-9 
1337.txt neg neg:0.9995279813251855 pos:4.7201867481436416E-4 
1962.txt neg neg:0.9999999999661 pos:3.389991547784584E-11 
1131.txt neg neg:1.0 pos:4.89155584479766E-27 
30.txt neg pos:1.0 neg:3.13587549407103E-17 
1762.txt pos neg:0.9999999998781637 pos:1.2183642286576022E-10 
2726.txt pos pos:1.0 neg:1.2498036445647354E-25 
1139.txt pos pos:1.0 neg:2.7692234486746396E-19 
4325.txt pos pos:1.0 neg:1.063893977139144E-27 
4274.txt pos pos:1.0 neg:3.7050649417565334E-35 
559.txt pos pos:0.9999998676548794 neg:1.3234512063198052E-7 
1055.txt neg neg:0.9999999999999996 pos:5.435624281382419E-16 
711.txt pos neg:0.999942423191834 pos:5.75768081659991E-5 
3042.txt pos pos:0.9999946755215059 neg:5.324478494193027E-6 
828.txt neg pos:0.999345596244452 neg:6.544037555481723E-4 
1302.txt neg pos:0.9999553316997162 neg:4.466830028384237E-5 
2985.txt neg pos:0.9998883887491301 neg:1.1161125086989434E-4 
2895.txt pos neg:1.0 pos:5.417571837619788E-19 
2803.txt pos pos:0.994783037066013 neg:0.005216962933987099 
4163.txt pos pos:1.0 neg:3.443381920245924E-17 
2913.txt neg neg:0.9808564699435812 pos:0.019143530056418875 
3239.txt neg neg:0.9999999998951221 pos:1.0487777869835152E-10 
2011.txt neg neg:1.0 pos:1.930753631321406E-21 
579.txt neg neg:0.9999173199119615 pos:8.268008803854923E-5 
192.txt pos pos:1.0 neg:8.261036959375385E-21 
833.txt pos neg:0.9999999997044329 pos:2.9556710899628865E-10 
1786.txt pos pos:0.9998738998492571 neg:1.2610015074280236E-4 
319.txt neg neg:0.9999997556679499 pos:2.443320500999656E-7 
4350.txt pos pos:0.9999999999996381 neg:3.6202569176515226E-13 
3422.txt neg neg:0.9999671660501069 pos:3.283394989318004E-5 
3094.txt pos pos:1.0 neg:3.1151716468368947E-18 
2263.txt pos pos:1.0 neg:2.4780965303771114E-24 
2101.txt pos pos:0.9999955593706437 neg:4.4406293563888776E-6 
505.txt neg neg:0.9999999985593748 pos:1.4406250818141182E-9 
4323.txt neg neg:1.0 pos:5.202972256004148E-20 
1060.txt neg neg:1.0 pos:1.9603091801587074E-17 
3326.txt neg neg:0.999999999997472 pos:2.527998850769908E-12 
4365.txt pos pos:0.9999996860875366 neg:3.1391246331981457E-7 
2671.txt neg neg:0.9271522016030707 pos:0.07284779839692947 
4075.txt pos pos:1.0 neg:2.139159488219792E-28 
299.txt neg neg:0.9999999999998308 pos:1.6918917851163645E-13 
3747.txt neg neg:0.9999999999994214 pos:5.786338087062347E-13 
234.txt neg neg:0.9978569014445685 pos:0.0021430985554314213 
3203.txt pos pos:0.9999999996975544 neg:3.024455881499543E-10 
2493.txt neg neg:0.9808673365840449 pos:0.019132663415955146 
1261.txt neg pos:1.0 neg:6.048499565320581E-17 
1763.txt neg neg:0.9999999998163887 pos:1.8361141221613965E-10 
4296.txt neg neg:0.9999998535678426 pos:1.4643215744137999E-7 
1832.txt pos pos:0.9999999999612503 neg:3.874977944077608E-11 
2920.txt pos pos:1.0 neg:7.499510691673204E-17 
2761.txt pos neg:0.9132105605886367 pos:0.08678943941136336 
2288.txt neg neg:0.9455400777268204 pos:0.05445992227317976 
2783.txt neg neg:0.9999999952393555 pos:4.7606446077149486E-9 
4119.txt neg neg:1.0 pos:2.579512167430067E-17 
103.txt pos pos:1.0 neg:3.7526501270678274E-27 
3002.txt pos neg:0.9400325202992816 pos:0.05996747970071849 
3121.txt pos neg:0.9999999473049234 pos:5.269507664237987E-8 
2436.txt pos neg:0.999999562715729 pos:4.3728427101995265E-7 
3658.txt neg neg:0.9999867953236156 pos:1.320467638440799E-5 
522.txt pos pos:0.9999999999919711 neg:8.028849844865353E-12 
2024.txt neg pos:0.9999999999957163 neg:4.28361607469729E-12 
885.txt neg pos:0.9999999999698033 neg:3.019664180948005E-11 
3489.txt pos pos:1.0 neg:1.491954777355741E-18 
77.txt neg neg:0.8970566974719786 pos:0.1029433025280214 
3242.txt neg neg:0.9999999999999998 pos:1.7535228042219936E-16 
1633.txt pos pos:0.9999999999999982 neg:1.6987586029782882E-15 
758.txt pos pos:0.9999999999999987 neg:1.2251145137780459E-15 
4098.txt pos pos:1.0 neg:2.3578072387706948E-29 
1634.txt pos pos:0.9999999999484737 neg:5.152640582919519E-11 
640.txt pos pos:0.9999999999999978 neg:2.1394963970513093E-15 
1519.txt neg neg:0.9917454331608526 pos:0.008254566839147319 
248.txt neg neg:0.9999999999999998 pos:2.154452069438047E-16 
1609.txt neg neg:0.9999999999999993 pos:7.653357590670305E-16 
1556.txt pos pos:0.9999999999993228 neg:6.772107565671089E-13 
1342.txt neg neg:0.9999918177498934 pos:8.18225010657428E-6 
959.txt pos pos:0.9999999999999738 neg:2.626656424043837E-14 
3031.txt neg neg:1.0 pos:4.0453972675786815E-17 
3279.txt neg neg:0.7257961111129272 pos:0.27420388888707276 
2442.txt neg neg:0.9999999999937241 pos:6.2757788266470574E-12 
3880.txt pos pos:0.9999936190180014 neg:6.3809819985193825E-6 
874.txt pos pos:0.9999006242855047 neg:9.937571449530162E-5 
4111.txt pos pos:0.9999999999999891 neg:1.0932429083748849E-14 
1473.txt neg neg:1.0 pos:7.559782204782598E-18 
214.txt pos pos:0.9999999227341501 neg:7.726585001695536E-8 
3450.txt neg neg:0.9999999997860995 pos:2.13900389830388E-10 
2063.txt neg neg:0.9999998849055128 pos:1.1509448715270501E-7 
Trial 0 Trainer NaiveBayesTrainer Training Data Confusion Matrix
Confusion Matrix, row=true, column=predicted  accuracy=0.935
  label   0   1  |total
  0 neg 858  42  |900
  1 pos  75 825  |900

Trial 0 Trainer NaiveBayesTrainer training data accuracy= 0.935
Trial 0 Trainer NaiveBayesTrainer Test Data Confusion Matrix
Confusion Matrix, row=true, column=predicted  accuracy=0.83
  label   0   1  |total
  0 neg  83  17  |100
  1 pos  17  83  |100

Trial 0 Trainer NaiveBayesTrainer test data accuracy= 0.83

NaiveBayesTrainer
Summary. train accuracy mean = 0.935 stddev = 0.0 stderr = 0.0
Summary. test accuracy mean = 0.83 stddev = 0.0 stderr = 0.0
