
-------------------- Trial 0  --------------------

Trial 0 Training NaiveBayesTrainer with 1800 instances
Trial 0 Training NaiveBayesTrainer finished
Trial 0 Trainer NaiveBayesTrainer
 Raw Testing Data
3965.txt pos neg:0.9950229658998424 pos:0.004977034100157581 
719.txt neg neg:1.0 pos:1.2620635296563591E-20 
2931.txt neg neg:1.0 pos:1.7834624507083356E-20 
3674.txt neg neg:0.9999999969535278 pos:3.046472145893571E-9 
3269.txt neg neg:1.0 pos:8.238629099574244E-20 
2357.txt pos pos:1.0 neg:9.878638757367361E-51 
416.txt pos pos:0.8857513389453495 neg:0.11424866105465051 
1822.txt pos pos:0.9999999999950697 neg:4.930180412058481E-12 
3012.txt pos pos:0.9994136994813168 neg:5.863005186832214E-4 
1275.txt neg pos:0.999999999986628 neg:1.3371982254989119E-11 
2162.txt neg neg:0.9999999999998681 pos:1.318032228752822E-13 
932.txt pos pos:1.0 neg:6.394107302714717E-25 
438.txt neg pos:0.9998453625975146 neg:1.546374024855201E-4 
4023.txt neg pos:0.9990571383977555 neg:9.428616022445256E-4 
2978.txt neg neg:0.9999999998129683 pos:1.870316452479216E-10 
55.txt neg pos:0.9960307682543657 neg:0.0039692317456342914 
587.txt neg neg:0.9992552988959807 pos:7.447011040191979E-4 
2793.txt neg neg:0.9999881438948146 pos:1.1856105185374423E-5 
799.txt pos pos:0.9999971409152209 neg:2.8590847790498905E-6 
2153.txt neg neg:0.9999999999848275 pos:1.5172473744035646E-11 
3756.txt pos pos:0.9999999999966322 neg:3.3677258190903525E-12 
1205.txt pos pos:0.9959617500454011 neg:0.004038249954598911 
1947.txt neg neg:0.9999999999985023 pos:1.4977435210097232E-12 
4263.txt pos neg:0.9688422209844321 pos:0.031157779015567984 
2311.txt neg neg:0.9999999991230697 pos:8.769303582170938E-10 
1730.txt neg pos:0.9264058832243922 neg:0.07359411677560773 
2006.txt neg neg:0.9999999999998974 pos:1.0262846283737843E-13 
2505.txt pos pos:0.9999999999999785 neg:2.1525205301847783E-14 
121.txt pos pos:1.0 neg:2.1662047054935663E-18 
2795.txt pos pos:1.0 neg:5.879544234938926E-20 
3899.txt pos pos:1.0 neg:3.499074588876394E-32 
2738.txt pos pos:0.7918971136367516 neg:0.20810288636324842 
3833.txt pos pos:1.0 neg:5.936004202822245E-25 
1862.txt pos neg:0.9999944336755406 pos:5.566324459391399E-6 
3104.txt pos pos:0.9998643848398987 neg:1.3561516010135823E-4 
204.txt pos pos:0.9999999954719465 neg:4.528053571093066E-9 
360.txt pos pos:1.0 neg:7.985571541413695E-25 
1456.txt neg neg:0.7722370737389959 pos:0.22776292626100414 
3141.txt neg neg:0.9999999948069265 pos:5.193073432897773E-9 
1596.txt neg neg:1.0 pos:2.4772142351860517E-18 
4347.txt pos pos:1.0 neg:4.76037876331374E-34 
4050.txt pos pos:1.0 neg:6.644426791961081E-43 
423.txt pos neg:0.6188866166284979 pos:0.38111338337150213 
1044.txt pos neg:0.6280737348672686 pos:0.37192626513273147 
768.txt neg neg:0.9999999999688118 pos:3.118826686043698E-11 
3190.txt neg pos:0.9989462476117779 neg:0.001053752388222208 
3958.txt neg pos:1.0 neg:8.29074294150395E-24 
1327.txt neg neg:0.9986206843141561 pos:0.0013793156858440475 
2453.txt pos pos:0.9951009903386375 neg:0.004899009661362363 
4256.txt pos pos:1.0 neg:2.153272191513584E-33 
3394.txt pos neg:0.5965012817511578 pos:0.4034987182488422 
1293.txt pos pos:1.0 neg:1.0604440422962869E-35 
1598.txt neg neg:0.9327275107308491 pos:0.06727248926915082 
3518.txt neg neg:0.9999738782476535 pos:2.612175234650369E-5 
560.txt neg neg:0.9999999999983502 pos:1.6497839143545124E-12 
2427.txt neg neg:0.9889413049874161 pos:0.011058695012583969 
818.txt pos pos:1.0 neg:1.4981176312028746E-17 
349.txt neg neg:0.999999984922298 pos:1.5077701885935925E-8 
1818.txt neg neg:0.9999999996712052 pos:3.287946649098565E-10 
1900.txt neg neg:0.9999999999999494 pos:5.0733829491463203E-14 
287.txt neg neg:0.9999084307003335 pos:9.156929966636046E-5 
1506.txt pos pos:1.0 neg:2.0788807796897527E-28 
1277.txt pos neg:0.9682583097711763 pos:0.03174169022882363 
1740.txt pos pos:1.0 neg:1.281707397330011E-18 
3646.txt neg neg:0.9999999999999971 pos:2.8666872725700447E-15 
174.txt neg neg:0.8918113421768262 pos:0.10818865782317377 
2826.txt pos pos:1.0 neg:6.113294005343781E-24 
754.txt neg pos:0.9999998766470556 neg:1.233529444146531E-7 
2745.txt neg neg:0.9999999990623509 pos:9.37649000418038E-10 
569.txt neg pos:0.9979314231083899 neg:0.002068576891610239 
3697.txt neg neg:0.9999999999998876 pos:1.1230481023260304E-13 
1973.txt pos pos:0.9999999998431217 neg:1.5687839183780064E-10 
384.txt pos pos:0.9964877674269763 neg:0.0035122325730235987 
2652.txt pos pos:0.999999733953173 neg:2.660468271520705E-7 
1416.txt neg neg:0.9876064774686133 pos:0.012393522531386723 
1127.txt pos pos:0.999999999999998 neg:2.0630049104341603E-15 
3751.txt pos pos:1.0 neg:1.0657911510246755E-17 
1855.txt neg neg:1.0 pos:2.069287509284619E-19 
3013.txt neg neg:0.9999999999866631 pos:1.3336779277774094E-11 
238.txt pos neg:0.9995231690122534 pos:4.768309877465734E-4 
2041.txt neg neg:0.9998552607647131 pos:1.4473923528684473E-4 
1326.txt pos pos:0.9998383124390825 neg:1.61687560917555E-4 
2119.txt neg neg:0.999999982058876 pos:1.7941123941811253E-8 
1574.txt pos pos:0.912812924994878 neg:0.08718707500512202 
1095.txt pos pos:1.0 neg:3.980824891230391E-26 
464.txt pos pos:0.9971079507007086 neg:0.002892049299291291 
2097.txt neg neg:0.9999999965463171 pos:3.4536829222584303E-9 
3910.txt pos pos:0.999999999999887 neg:1.129628216396606E-13 
4109.txt neg neg:0.9999379123055392 pos:6.208769446076644E-5 
4175.txt neg pos:0.5970926803755632 neg:0.4029073196244368 
3103.txt pos neg:0.9999999999914979 pos:8.502184947010816E-12 
1036.txt pos pos:1.0 neg:1.0196597363671732E-31 
2295.txt neg neg:0.9999999998309739 pos:1.690262204903913E-10 
1243.txt neg pos:0.9999979550430088 neg:2.0449569911353595E-6 
4173.txt pos pos:1.0 neg:3.681762825412334E-44 
556.txt neg neg:0.9999999999999092 pos:9.082251549816533E-14 
2776.txt pos neg:0.986113982489653 pos:0.013886017510347013 
907.txt pos pos:1.0 neg:8.116312531927135E-25 
1481.txt pos pos:0.9999999999999951 neg:4.941556259030899E-15 
1791.txt pos pos:0.9999999974631344 neg:2.536865549779609E-9 
1278.txt neg neg:0.9999999999572335 pos:4.276651089657025E-11 
1998.txt neg neg:1.0 pos:2.686773927353861E-23 
1884.txt neg neg:0.9999788961674517 pos:2.110383254819788E-5 
3986.txt pos pos:0.5946289021678228 neg:0.4053710978321771 
1974.txt pos pos:0.9999999999992968 neg:7.031608331145768E-13 
2316.txt neg neg:1.0 pos:1.3879412142775625E-17 
3758.txt pos neg:0.9999892698975745 pos:1.0730102425562224E-5 
520.txt neg neg:0.9999996015940336 pos:3.984059664002184E-7 
2855.txt neg neg:0.9999999999934623 pos:6.5375559090999815E-12 
3922.txt pos pos:0.9999999998707605 neg:1.2923956196215329E-10 
1797.txt neg pos:0.9999999976110676 neg:2.38893242979121E-9 
2883.txt neg neg:0.9999989662302273 pos:1.03376977278541E-6 
190.txt neg neg:0.5356674763195685 pos:0.46433252368043154 
1369.txt neg neg:0.9999999635535517 pos:3.64464482675244E-8 
1003.txt pos pos:0.9963784321117486 neg:0.0036215678882513774 
3673.txt neg pos:0.9998437763242024 neg:1.5622367579756525E-4 
3719.txt neg pos:0.9868616528968303 neg:0.013138347103169704 
3408.txt pos neg:0.9999951729776377 pos:4.827022362307283E-6 
3331.txt neg neg:0.9999997715960869 pos:2.2840391315713386E-7 
141.txt neg neg:1.0 pos:1.0333594967825992E-19 
1859.txt pos pos:0.9999962717559473 neg:3.728244052803895E-6 
3137.txt neg neg:0.9999999999999998 pos:2.0004925362590627E-16 
3192.txt pos pos:0.9999999999999998 neg:2.0805005885952627E-16 
3586.txt pos pos:0.9999999956567021 neg:4.3432978642617645E-9 
1659.txt neg neg:0.999999992146169 pos:7.853831128409617E-9 
3516.txt neg neg:0.999801103892571 pos:1.9889610742883287E-4 
3378.txt neg neg:0.9999999999999505 pos:4.941918466062049E-14 
4307.txt pos pos:0.9999999999893066 neg:1.069345061968159E-11 
84.txt pos pos:0.9997954745257421 neg:2.0452547425791644E-4 
619.txt pos neg:0.9999575364545928 pos:4.2463545407216044E-5 
969.txt neg neg:0.9999996039479865 pos:3.960520134470224E-7 
2777.txt neg neg:0.999999999996551 pos:3.449018662242601E-12 
1450.txt pos neg:0.9997845184020061 pos:2.1548159799399978E-4 
2570.txt pos neg:0.999999364842725 pos:6.351572749986704E-7 
3713.txt neg neg:0.9999999999999953 pos:4.757065309862922E-15 
949.txt pos pos:0.9999999997369586 neg:2.6304137237364534E-10 
889.txt pos pos:0.8676623973172668 neg:0.1323376026827333 
2653.txt neg neg:0.999999999729092 pos:2.709080333210745E-10 
2180.txt pos neg:0.7854332582420606 pos:0.21456674175793938 
280.txt neg neg:0.9999764126333452 pos:2.358736665465088E-5 
2866.txt pos neg:0.9999999816122284 pos:1.8387771729686557E-8 
2579.txt pos neg:0.9999972219342107 pos:2.778065789241907E-6 
864.txt pos pos:1.0 neg:1.0854676364366934E-22 
1858.txt neg neg:0.9955200611169137 pos:0.004479938883086342 
3228.txt pos pos:0.7084145051222841 neg:0.291585494877716 
1933.txt pos pos:0.9993560093629716 neg:6.439906370283169E-4 
2072.txt pos pos:0.9999999932418986 neg:6.758101285337508E-9 
1823.txt neg pos:0.9994708798566051 neg:5.291201433950088E-4 
1949.txt neg neg:1.0 pos:6.470079504360937E-21 
1591.txt neg pos:0.9993900906188955 neg:6.099093811044695E-4 
1590.txt pos pos:0.9999998674361084 neg:1.325638916592456E-7 
1078.txt pos pos:1.0 neg:1.5420427726484595E-25 
2593.txt pos pos:0.9999999881713281 neg:1.1828672010159175E-8 
1501.txt pos pos:0.9999998380389539 neg:1.6196104612682533E-7 
1709.txt pos pos:1.0 neg:2.496430562879862E-19 
1999.txt pos pos:0.9999999995427085 neg:4.572914562952886E-10 
1680.txt pos neg:0.9407436677709025 pos:0.05925633222909751 
790.txt pos pos:0.9999999999949685 neg:5.031538803157745E-12 
2612.txt pos pos:0.9999999999726152 neg:2.7384795919876122E-11 
332.txt neg neg:0.9999995636303932 pos:4.3636960684001055E-7 
1886.txt pos pos:0.9999999999955091 neg:4.4907524149351064E-12 
3069.txt pos neg:0.7129115630772846 pos:0.2870884369227154 
2904.txt neg neg:1.0 pos:2.999747835361857E-19 
4375.txt pos pos:1.0 neg:1.0035233699380698E-30 
637.txt neg neg:0.9999999999974198 pos:2.580119291875778E-12 
404.txt neg pos:0.5730497803427227 neg:0.4269502196572773 
1572.txt neg neg:0.9999929604152746 pos:7.039584725428855E-6 
7.txt neg neg:0.9999997816235551 pos:2.183764450130018E-7 
329.txt pos neg:0.9999998897728685 pos:1.1022713158083106E-7 
1775.txt pos pos:0.9999983877639891 neg:1.6122360108750727E-6 
2454.txt pos pos:0.9999999999999445 neg:5.5429595405958564E-14 
3085.txt neg neg:0.9999067622917478 pos:9.323770825221069E-5 
3714.txt neg neg:0.999999996900758 pos:3.0992420224444432E-9 
3919.txt pos pos:0.7045444264356189 neg:0.29545557356438107 
3176.txt pos pos:0.9999999999999747 neg:2.538379276844799E-14 
3759.txt neg pos:0.6658578546529774 neg:0.3341421453470225 
1532.txt neg neg:0.999997123713933 pos:2.8762860670541397E-6 
1070.txt neg neg:0.6567293842362195 pos:0.34327061576378043 
512.txt neg neg:0.9999999999989837 pos:1.0163777339850368E-12 
244.txt pos pos:0.9999999999985252 neg:1.4748203564907045E-12 
3170.txt neg pos:0.9984824403197544 neg:0.0015175596802455243 
1005.txt neg neg:1.0 pos:3.724154208106257E-23 
3563.txt neg neg:0.999985637527591 pos:1.4362472408940199E-5 
4379.txt neg neg:0.9894167623453127 pos:0.010583237654687392 
3221.txt pos pos:0.9996349016064391 neg:3.6509839356092577E-4 
3649.txt pos pos:0.9999999999999256 neg:7.446032900360377E-14 
20.txt neg neg:0.8653155198929683 pos:0.13468448010703163 
2701.txt neg neg:1.0 pos:2.547367887899188E-24 
4010.txt pos pos:1.0 neg:5.4703615434380735E-30 
900.txt pos pos:0.6773593550220116 neg:0.3226406449779884 
4340.txt pos pos:0.9999999999995428 neg:4.572478499303182E-13 
532.txt pos pos:0.9819761738961302 neg:0.018023826103869715 
2123.txt pos pos:1.0 neg:3.950166902934788E-19 
3449.txt neg pos:0.9999999999999987 neg:1.3661237305682774E-15 
3757.txt neg neg:0.9997724528726813 pos:2.275471273186107E-4 
1934.txt pos neg:0.9965202379061862 pos:0.003479762093813778 
3014.txt neg neg:0.9999999875145739 pos:1.2485426058448753E-8 
1619.txt neg neg:0.9999999992969204 pos:7.030794849289761E-10 
4281.txt neg neg:0.5131873174640819 pos:0.4868126825359182 
443.txt neg neg:0.9999921434490319 pos:7.856550968064848E-6 
Trial 0 Trainer NaiveBayesTrainer Training Data Confusion Matrix
Confusion Matrix, row=true, column=predicted  accuracy=0.9333333333333333
  label   0   1  |total
  0 neg 859  41  |900
  1 pos  79 821  |900

Trial 0 Trainer NaiveBayesTrainer training data accuracy= 0.9333333333333333
Trial 0 Trainer NaiveBayesTrainer Test Data Confusion Matrix
Confusion Matrix, row=true, column=predicted  accuracy=0.79
  label   0   1  |total
  0 neg  80  20  |100
  1 pos  22  78  |100

Trial 0 Trainer NaiveBayesTrainer test data accuracy= 0.79

NaiveBayesTrainer
Summary. train accuracy mean = 0.9333333333333333 stddev = 0.0 stderr = 0.0
Summary. test accuracy mean = 0.79 stddev = 0.0 stderr = 0.0
