
-------------------- Trial 0  --------------------

Trial 0 Training NaiveBayesTrainer with 1800 instances
Trial 0 Training NaiveBayesTrainer finished
Trial 0 Trainer NaiveBayesTrainer
 Raw Testing Data
759.txt neg neg:0.9999303272579633 pos:6.967274203684933E-5 
1325.txt pos pos:1.0 neg:2.836947370334693E-52 
4254.txt neg pos:0.9973432199968808 neg:0.002656780003119118 
1538.txt neg neg:0.9999999999999962 pos:3.676515379040052E-15 
3258.txt neg neg:0.9974588897782234 pos:0.0025411102217767255 
2906.txt pos pos:0.9999967587301106 neg:3.2412698893014443E-6 
4069.txt neg neg:0.9998057230444473 pos:1.9427695555261702E-4 
1793.txt neg neg:0.9999990906766028 pos:9.093233971633631E-7 
2974.txt pos pos:0.9999999999991211 neg:8.787611081715404E-13 
3439.txt pos pos:0.9999999999999283 neg:7.174344754858177E-14 
1483.txt neg neg:0.9999999999999896 pos:1.0329692476354518E-14 
2418.txt neg neg:1.0 pos:3.1200538486450397E-18 
3195.txt pos pos:0.9999999999989189 neg:1.081231323350495E-12 
964.txt neg neg:0.9999999794157912 pos:2.05842088865104E-8 
3802.txt pos neg:0.9995679982873967 pos:4.320017126033225E-4 
2327.txt neg pos:0.921023780518642 neg:0.07897621948135797 
3529.txt neg pos:0.9999997305029913 neg:2.694970086955918E-7 
4343.txt pos pos:0.989773491344897 neg:0.010226508655103021 
1290.txt pos pos:0.9999999746459232 neg:2.5354076924933596E-8 
3107.txt pos pos:0.9999999999930567 neg:6.9433274647870924E-12 
2590.txt pos pos:0.9124773002025997 neg:0.08752269979740024 
2450.txt pos pos:0.997982402842957 neg:0.0020175971570430447 
1007.txt pos pos:0.9999999671872062 neg:3.2812793852109005E-8 
3632.txt pos neg:0.5780765680817394 pos:0.4219234319182607 
3057.txt neg pos:0.9999999999695601 neg:3.043990279183522E-11 
595.txt pos pos:1.0 neg:2.789530269788072E-18 
4344.txt pos pos:0.9999999999884808 neg:1.151933500911939E-11 
2824.txt neg neg:0.9998241409929798 pos:1.7585900702028087E-4 
938.txt pos pos:0.99999940361599 neg:5.963840099099953E-7 
1683.txt pos pos:0.9999999999984206 neg:1.5794978853499846E-12 
2365.txt pos pos:1.0 neg:8.335191464114221E-23 
311.txt pos neg:0.9999999981972516 pos:1.802748479951693E-9 
2126.txt neg neg:0.9999049477324556 pos:9.505226754430558E-5 
3873.txt pos pos:1.0 neg:1.9852591815096156E-31 
536.txt pos pos:0.9985625575636764 neg:0.0014374424363234823 
3693.txt neg neg:1.0 pos:5.367365400749512E-18 
364.txt pos pos:0.9999999994508157 neg:5.491841809174806E-10 
2850.txt pos pos:0.9996337321281592 neg:3.6626787184080597E-4 
2039.txt neg neg:0.9978775439824168 pos:0.0021224560175831762 
2005.txt neg neg:1.0 pos:7.744620879900476E-20 
4105.txt pos pos:0.9999999999999996 neg:5.179618919623177E-16 
3282.txt pos pos:0.9997495263393456 neg:2.5047366065440783E-4 
409.txt neg neg:0.9999999999835527 pos:1.6447192751801908E-11 
3017.txt neg neg:1.0 pos:5.75383273245581E-18 
157.txt pos pos:0.9915677062380251 neg:0.0084322937619749 
2651.txt pos pos:0.7344989840312961 neg:0.26550101596870385 
3878.txt neg neg:0.9969342198684752 pos:0.0030657801315247908 
3398.txt neg neg:0.9999999999999996 pos:3.7594790209195426E-16 
3132.txt pos pos:0.9999991021595517 neg:8.978404482510348E-7 
1826.txt pos pos:0.9999999980122241 neg:1.9877759628118277E-9 
4193.txt pos pos:0.9999999999996743 neg:3.257619093015955E-13 
1035.txt pos pos:0.999999999999994 neg:6.052126562304924E-15 
980.txt neg neg:1.0 pos:3.3325464533883456E-30 
2741.txt neg neg:0.9925582001903205 pos:0.007441799809679426 
1322.txt pos pos:0.8509888323731996 neg:0.1490111676268004 
1187.txt pos pos:0.9999999999999565 neg:4.344040420668113E-14 
200.txt pos pos:0.9999902380622646 neg:9.76193773542911E-6 
2811.txt neg neg:0.9999999999525901 pos:4.740994853553919E-11 
1150.txt neg neg:1.0 pos:2.5952343380193282E-24 
2664.txt pos pos:0.999999947817842 neg:5.2182158006658606E-8 
4177.txt pos pos:0.9999999995905506 neg:4.094492609904631E-10 
2596.txt neg neg:0.9999999999874061 pos:1.2593870096634226E-11 
1420.txt neg neg:0.9999999999488036 pos:5.119641906452601E-11 
3566.txt pos pos:1.0 neg:2.968902803357443E-17 
4179.txt pos pos:0.9999999999998279 neg:1.7210755707691837E-13 
3831.txt neg neg:0.9999892495797523 pos:1.0750420247677502E-5 
4261.txt neg pos:0.5511763902931046 neg:0.4488236097068954 
4345.txt neg neg:1.0 pos:1.9905239255812605E-18 
634.txt neg neg:0.9999998371390969 pos:1.6286090321182977E-7 
1812.txt neg neg:0.9981645357631673 pos:0.0018354642368326184 
3676.txt pos pos:0.9999999999999503 neg:4.9787645845088723E-14 
2312.txt neg neg:0.9999999985712178 pos:1.4287821111041048E-9 
1363.txt neg neg:0.9999999999958975 pos:4.102410600951713E-12 
2112.txt pos pos:0.99999999999998 neg:2.0061659172837392E-14 
2620.txt pos pos:0.9999999663308861 neg:3.366911400850497E-8 
2382.txt pos pos:0.994994181933707 neg:0.005005818066292908 
2411.txt neg neg:0.9999966872499058 pos:3.3127500941955535E-6 
1979.txt pos pos:0.9999999764366899 neg:2.3563310124457364E-8 
1883.txt neg neg:0.9711365681818619 pos:0.028863431818138066 
1428.txt pos pos:0.9783565409338333 neg:0.021643459066166784 
2574.txt pos pos:0.9996971505215887 neg:3.028494784113296E-4 
11.txt neg neg:0.9998743235209818 pos:1.2567647901813407E-4 
2740.txt pos neg:0.9847203210090965 pos:0.015279678990903593 
1545.txt pos pos:0.9999991423259951 neg:8.576740049778613E-7 
2998.txt neg neg:0.9999999999999996 pos:5.42921278156489E-16 
3915.txt neg neg:0.9999999937948829 pos:6.205117057274685E-9 
2424.txt neg neg:0.9999999999999956 pos:4.331049175931115E-15 
936.txt pos neg:0.9998404138372642 pos:1.5958616273585466E-4 
1771.txt pos neg:0.9999999937593271 pos:6.240672723633388E-9 
1074.txt neg neg:1.0 pos:2.3911568954227292E-17 
2044.txt pos pos:0.9998490871664846 neg:1.509128335153347E-4 
931.txt pos pos:1.0 neg:3.684733013106494E-42 
227.txt neg neg:1.0 pos:1.632119827837967E-28 
2772.txt pos pos:0.9374177687360192 neg:0.06258223126398084 
1235.txt neg neg:1.0 pos:2.5015148824103904E-20 
2203.txt neg neg:0.9999999999999625 pos:3.753294748510887E-14 
3678.txt pos pos:0.9999999833880011 neg:1.6611998894816497E-8 
3837.txt pos pos:0.9999999957336385 neg:4.266361411746479E-9 
3175.txt pos neg:0.9849035857343584 pos:0.01509641426564152 
395.txt neg neg:0.9999999734060447 pos:2.6593955173598137E-8 
161.txt pos pos:0.9999999999984641 neg:1.5359544830941098E-12 
3223.txt neg neg:0.9999858402303333 pos:1.4159769666744192E-5 
1032.txt pos pos:0.9999470698429801 neg:5.2930157019909915E-5 
531.txt pos pos:0.9999988830915578 neg:1.1169084421844723E-6 
4284.txt pos pos:0.9999999999999996 neg:3.897610631300849E-16 
2972.txt neg pos:0.9362686919707812 neg:0.06373130802921873 
87.txt neg neg:0.999999999814934 pos:1.8506590717736203E-10 
3225.txt pos neg:0.9995475815368305 pos:4.524184631694959E-4 
400.txt neg neg:0.9922726727806519 pos:0.007727327219348063 
2156.txt pos neg:0.9983690309769705 pos:0.0016309690230295287 
2535.txt neg neg:0.9999603779929315 pos:3.9622007068404396E-5 
1739.txt neg neg:0.9999999933774648 pos:6.6225351908542055E-9 
3307.txt neg pos:0.9955218184506912 neg:0.00447818154930884 
1246.txt pos pos:0.9398441797881002 neg:0.0601558202118998 
1542.txt pos pos:0.9999998588770612 neg:1.4112293873296212E-7 
1469.txt neg neg:1.0 pos:3.8368342065864847E-38 
1684.txt pos pos:0.9999999986907413 neg:1.3092587999017412E-9 
516.txt neg neg:0.9999959704046566 pos:4.029595343318288E-6 
3280.txt neg neg:0.9999960676464982 pos:3.932353501909856E-6 
2187.txt pos pos:0.9999999999997045 neg:2.954716891032327E-13 
2665.txt neg neg:1.0 pos:7.572473162461392E-20 
2204.txt neg neg:0.9999999711039103 pos:2.8896089729000737E-8 
3716.txt pos pos:0.9999464228104813 neg:5.357718951870914E-5 
4026.txt pos pos:0.9999999999999911 neg:8.811865577985638E-15 
1248.txt pos pos:0.9849672880652817 neg:0.015032711934718303 
3436.txt neg neg:1.0 pos:4.52993964930731E-38 
4289.txt pos pos:0.9999999973985472 neg:2.6014527453410342E-9 
1110.txt neg neg:0.9999999971874247 pos:2.812575321211241E-9 
722.txt neg pos:0.9998602820055434 neg:1.3971799445648686E-4 
2160.txt pos pos:0.9999999996405744 neg:3.5942554871412344E-10 
105.txt neg neg:0.9999999948282536 pos:5.171746423935585E-9 
1234.txt pos neg:0.9999999929624923 pos:7.0375076858779045E-9 
699.txt neg neg:0.9999999999999878 pos:1.2196016197775315E-14 
3514.txt pos pos:0.9999997986456025 neg:2.0135439756056924E-7 
3391.txt neg neg:0.8241536925767579 pos:0.1758463074232421 
3804.txt neg neg:0.999999999999996 pos:4.0965708562584604E-15 
1936.txt neg neg:0.9999999289776088 pos:7.102239112774839E-8 
3630.txt neg neg:0.9999999999976448 pos:2.355287497064285E-12 
1737.txt neg neg:0.9919420601162282 pos:0.008057939883771818 
193.txt neg neg:0.9408813434725417 pos:0.05911865652745832 
1072.txt pos pos:0.9999999998932056 neg:1.0679442184264152E-10 
3638.txt pos pos:0.9990918197812881 neg:9.081802187118303E-4 
2889.txt neg pos:0.982126344731375 neg:0.017873655268625138 
3969.txt neg neg:0.999999999997635 pos:2.364933125366201E-12 
867.txt pos pos:0.9984741923784967 neg:0.0015258076215033955 
523.txt neg neg:1.0 pos:6.48769229511837E-23 
1328.txt pos pos:0.7661053866030558 neg:0.23389461339694417 
2128.txt neg neg:0.8337967310894936 pos:0.16620326891050646 
179.txt neg neg:0.9999999999921652 pos:7.834931749983273E-12 
1866.txt pos pos:0.9999744614900824 neg:2.553850991755507E-5 
3088.txt neg pos:0.9999999999990408 neg:9.591267242119165E-13 
682.txt pos pos:0.9999999749885609 neg:2.501143907180811E-8 
1122.txt neg neg:0.9999326551377067 pos:6.7344862293366E-5 
318.txt pos pos:0.954758226171845 neg:0.04524177382815486 
3728.txt neg pos:0.8059180173834567 neg:0.19408198261654333 
1654.txt neg neg:1.0 pos:3.9961436540953805E-20 
3729.txt pos pos:0.9971481502517177 neg:0.0028518497482824126 
896.txt neg neg:1.0 pos:5.6130969063718884E-24 
3555.txt neg neg:0.9997925396467651 pos:2.0746035323480975E-4 
4171.txt neg neg:0.9999999999997227 pos:2.7734781282505176E-13 
2002.txt neg neg:0.9999750046877279 pos:2.4995312272144568E-5 
1356.txt neg pos:0.9999965134147524 neg:3.4865852475664755E-6 
1703.txt pos pos:0.9999998373016956 neg:1.6269830439176106E-7 
2774.txt neg neg:0.9999993372289252 pos:6.627710747828478E-7 
4170.txt pos neg:0.9999371706524816 pos:6.282934751851898E-5 
3332.txt neg neg:0.9999999999999996 pos:4.630174492546573E-16 
1627.txt pos pos:0.9999999991016817 neg:8.98318295309955E-10 
3259.txt pos neg:0.804479765809875 pos:0.19552023419012513 
3134.txt neg neg:0.9999999998602949 pos:1.397051504841192E-10 
2462.txt pos neg:0.9999482180946158 pos:5.178190538423717E-5 
4215.txt pos pos:0.9999999999997164 neg:2.834562844112074E-13 
2934.txt pos pos:0.9999999999999265 neg:7.357179944731836E-14 
1937.txt pos neg:0.9999972419011701 pos:2.7580988298312224E-6 
3720.txt pos pos:0.9999999999999964 neg:3.5499921976520824E-15 
1482.txt pos pos:1.0 neg:1.2031725184036148E-19 
2168.txt neg neg:0.9999999999999998 pos:2.1360959555644728E-16 
1978.txt neg pos:0.8304963220822114 neg:0.16950367791778856 
3148.txt neg neg:0.9999999985918184 pos:1.4081814674960955E-9 
130.txt neg neg:0.6245393130536044 pos:0.37546068694639556 
4212.txt pos pos:0.999999999902303 neg:9.769699661661728E-11 
1317.txt pos pos:0.6437424184355495 neg:0.35625758156445064 
150.txt pos pos:1.0 neg:4.446315141984116E-17 
1461.txt pos pos:0.9915582108145773 neg:0.008441789185422755 
186.txt pos pos:0.9999275334776558 neg:7.246652234424211E-5 
2825.txt pos pos:0.6485139910601329 neg:0.35148600893986714 
2463.txt neg neg:0.9999432012932683 pos:5.679870673182703E-5 
2575.txt neg pos:0.9810216504441168 neg:0.018978349555883074 
2369.txt neg neg:1.0 pos:1.1355441357034468E-31 
3262.txt pos neg:0.9999998993618732 pos:1.0063812683261569E-7 
1653.txt neg neg:0.9997774019019537 pos:2.2259809804631798E-4 
2611.txt pos pos:0.9999637628551712 neg:3.623714482888153E-5 
1270.txt pos neg:0.6665573042619565 pos:0.3334426957380436 
2540.txt neg neg:1.0 pos:2.983827402328071E-17 
1742.txt neg pos:0.9999999973723921 neg:2.6276079482149185E-9 
956.txt neg neg:0.9999999866778029 pos:1.3322197087187995E-8 
3401.txt pos pos:1.0 neg:2.525178343189794E-37 
145.txt neg neg:0.9999958295675822 pos:4.170432417870706E-6 
558.txt neg neg:0.9999999591941356 pos:4.0805864444195596E-8 
3753.txt neg neg:0.999980572395053 pos:1.9427604946978252E-5 
840.txt neg neg:0.9999999999999079 pos:9.218513764537332E-14 
Trial 0 Trainer NaiveBayesTrainer Training Data Confusion Matrix
Confusion Matrix, row=true, column=predicted  accuracy=0.9322222222222222
  label   0   1  |total
  0 neg 860  40  |900
  1 pos  82 818  |900

Trial 0 Trainer NaiveBayesTrainer training data accuracy= 0.9322222222222222
Trial 0 Trainer NaiveBayesTrainer Test Data Confusion Matrix
Confusion Matrix, row=true, column=predicted  accuracy=0.845
  label   0   1  |total
  0 neg  85  15  |100
  1 pos  16  84  |100

Trial 0 Trainer NaiveBayesTrainer test data accuracy= 0.845

NaiveBayesTrainer
Summary. train accuracy mean = 0.9322222222222222 stddev = 0.0 stderr = 0.0
Summary. test accuracy mean = 0.845 stddev = 0.0 stderr = 0.0
