
-------------------- Trial 0  --------------------

Trial 0 Training NaiveBayesTrainer with 1800 instances
Trial 0 Training NaiveBayesTrainer finished
Trial 0 Trainer NaiveBayesTrainer
 Raw Testing Data
3741.txt neg neg:0.9999934379590707 pos:6.562040929356052E-6 
3733.txt neg neg:0.9999999283984349 pos:7.160156519370718E-8 
1600.txt pos pos:0.999999393852591 neg:6.061474089291277E-7 
3432.txt pos neg:0.9998365903032955 pos:1.6340969670445123E-4 
2033.txt pos pos:1.0 neg:6.241297900044515E-18 
3898.txt pos pos:0.9999999947714704 neg:5.228529488460956E-9 
4107.txt pos pos:0.925340136039989 neg:0.07465986396001094 
1418.txt pos pos:1.0 neg:2.5782714696106E-34 
2939.txt neg neg:0.9999995433137844 pos:4.5668621575233395E-7 
117.txt neg neg:0.9860863167208112 pos:0.013913683279188748 
3144.txt neg neg:0.9999999999867337 pos:1.3266321123301808E-11 
3907.txt neg neg:0.9999999999790985 pos:2.090143351183207E-11 
2954.txt pos pos:0.6487937571670769 neg:0.3512062428329232 
2290.txt neg neg:1.0 pos:1.0058530804751872E-31 
1857.txt neg neg:0.9999985887696407 pos:1.411230359393478E-6 
1850.txt neg neg:0.9999999994009174 pos:5.990824809136766E-10 
1244.txt pos neg:0.5500093782770747 pos:0.4499906217229253 
1171.txt pos pos:1.0 neg:9.817865316779947E-22 
1121.txt pos pos:0.9999965562152103 neg:3.44378478965273E-6 
2452.txt pos pos:1.0 neg:2.5033737621612224E-18 
1980.txt neg pos:0.9999999065046058 neg:9.349539426854911E-8 
623.txt pos pos:0.9999999942508249 neg:5.749175139819738E-9 
129.txt pos pos:0.999992159043049 neg:7.840956950942499E-6 
3113.txt neg neg:0.9999999999873135 pos:1.2686418088656677E-11 
2753.txt neg neg:0.9999999168071161 pos:8.319288380859455E-8 
4146.txt neg neg:0.9999999951554115 pos:4.844588472277761E-9 
921.txt neg neg:0.9999999999903542 pos:9.645900455621454E-12 
1345.txt pos pos:0.9999999999999798 neg:2.026449563245293E-14 
2794.txt pos neg:0.5965660967968061 pos:0.4034339032031939 
2250.txt pos pos:0.9999999999999998 neg:2.1236164177541702E-16 
2374.txt pos pos:1.0 neg:6.1318266101361745E-18 
976.txt neg neg:1.0 pos:4.648544327134514E-18 
1690.txt neg pos:0.9999994331697324 neg:5.668302675066335E-7 
3534.txt pos pos:0.9999999999999996 neg:5.191442751617457E-16 
4134.txt neg neg:1.0 pos:2.085637436608891E-17 
3105.txt pos neg:0.9999999628974361 pos:3.710256386058066E-8 
3161.txt neg neg:0.999534246367553 pos:4.6575363244716014E-4 
541.txt pos pos:0.999999991118805 neg:8.881195042304539E-9 
281.txt neg pos:0.9999999926689818 neg:7.331018189117293E-9 
2503.txt pos pos:1.0 neg:5.105013647629262E-18 
440.txt pos neg:0.7080908521242157 pos:0.2919091478757842 
1137.txt neg neg:0.999987798101119 pos:1.2201898880884624E-5 
3662.txt neg neg:0.999996695698622 pos:3.3043013779712347E-6 
3435.txt pos pos:1.0 neg:2.449370015423001E-17 
553.txt neg neg:0.9999999999999969 pos:3.0338813600615746E-15 
884.txt neg neg:0.9999999972010234 pos:2.7989764981915176E-9 
3451.txt neg neg:0.9999975277706582 pos:2.4722293416828744E-6 
3689.txt pos pos:0.9966544763930192 neg:0.0033455236069808315 
4199.txt neg neg:0.999999999999992 pos:8.082026741467346E-15 
692.txt neg neg:0.9042399644533047 pos:0.09576003554669527 
3918.txt pos pos:0.9999999999131719 neg:8.682804931212622E-11 
3874.txt neg neg:0.9999698491849793 pos:3.0150815020736814E-5 
624.txt pos pos:0.9926858718623599 neg:0.007314128137639971 
2976.txt pos pos:0.5265252809208281 neg:0.47347471907917194 
1433.txt pos pos:1.0 neg:5.453259202649915E-18 
1360.txt pos pos:0.9999999999999085 neg:9.147005730865437E-14 
3138.txt neg neg:0.9999999201035278 pos:7.989647218499375E-8 
2431.txt neg neg:0.9992221480644401 pos:7.778519355600466E-4 
3082.txt pos pos:0.9999989712858193 neg:1.0287141807908209E-6 
1292.txt pos pos:1.0 neg:1.2685831873601336E-26 
13.txt pos neg:0.9999999999999842 pos:1.5680333881978153E-14 
2884.txt pos pos:1.0 neg:6.741806962712345E-24 
4322.txt neg neg:0.930657682075472 pos:0.069342317924528 
3039.txt neg neg:0.9999995351726585 pos:4.648273415068918E-7 
1708.txt pos neg:0.8135640568141301 pos:0.1864359431858699 
2356.txt pos pos:0.999999999947865 neg:5.2134985485380485E-11 
2299.txt neg neg:0.9999999999994618 pos:5.382996516268477E-13 
301.txt neg neg:0.9999999999546658 pos:4.533416224157398E-11 
170.txt pos pos:1.0 neg:6.3811810456665E-23 
3588.txt neg neg:0.9999824255525905 pos:1.7574447409387067E-5 
819.txt pos pos:0.9999999996727156 neg:3.2728445987173644E-10 
4300.txt neg neg:0.9999999999991163 pos:8.837514994350076E-13 
3975.txt neg neg:0.9999999694258963 pos:3.0574103675149325E-8 
1989.txt neg neg:0.9999999997014939 pos:2.985061630898442E-10 
3548.txt pos neg:0.9998172762736882 pos:1.827237263118082E-4 
1038.txt neg neg:0.9999999999999667 pos:3.3234504619634745E-14 
2915.txt neg neg:1.0 pos:1.935172036963614E-18 
462.txt pos pos:1.0 neg:4.216015148787287E-29 
110.txt neg neg:0.9999997194860507 pos:2.805139492787495E-7 
2286.txt pos neg:0.9993865427136418 pos:6.13457286358124E-4 
2455.txt pos pos:1.0 neg:1.5117304743340486E-20 
2495.txt neg neg:1.0 pos:1.9152904016407517E-24 
3696.txt neg neg:1.0 pos:6.898945397357491E-19 
810.txt pos pos:1.0 neg:2.2019439848313067E-18 
2537.txt neg neg:0.9999999998822284 pos:1.1777157440948308E-10 
1646.txt neg neg:0.9999741765005214 pos:2.5823499478465962E-5 
1657.txt pos pos:0.9521991979187192 neg:0.047800802081280715 
66.txt pos neg:0.9942174911669982 pos:0.005782508833001955 
308.txt neg neg:0.9999999819454074 pos:1.8054592611122192E-8 
2827.txt pos pos:1.0 neg:1.0605923401008137E-16 
3166.txt neg neg:0.9999999999989231 pos:1.0768643085072078E-12 
590.txt pos neg:0.9999543153828109 pos:4.5684617189181196E-5 
1231.txt pos neg:0.9999999020447801 pos:9.79552199369451E-8 
3964.txt pos pos:1.0 neg:2.0699008797797447E-37 
2771.txt neg neg:0.9999999999999887 pos:1.1391967079215072E-14 
4091.txt neg neg:0.9999999695095547 pos:3.049044523847702E-8 
3184.txt pos pos:1.0 neg:9.354554115143825E-17 
2380.txt pos pos:0.9928924165217723 neg:0.007107583478227726 
3797.txt neg neg:1.0 pos:1.159011460412533E-18 
3424.txt neg pos:0.8876856225059022 neg:0.11231437749409787 
3498.txt pos neg:0.9998703180698971 pos:1.296819301028653E-4 
1996.txt pos pos:0.9999995142998347 neg:4.857001653700094E-7 
1353.txt neg neg:0.9999999999997882 pos:2.1176142542788203E-13 
2443.txt neg pos:0.9999907775873372 neg:9.22241266269774E-6 
260.txt pos neg:0.7906629067306354 pos:0.20933709326936453 
432.txt pos pos:0.9999999999999183 neg:8.174699819887471E-14 
606.txt pos pos:0.9999999875430775 neg:1.2456922439189856E-8 
250.txt neg neg:0.9999999999999294 pos:7.058901992055103E-14 
43.txt pos pos:1.0 neg:6.732625216228615E-53 
3131.txt neg neg:0.9999983239675099 pos:1.6760324900847575E-6 
3179.txt pos pos:0.9191563632916215 neg:0.08084363670837835 
3093.txt neg neg:0.9999998436280713 pos:1.5637192880089E-7 
149.txt neg neg:1.0 pos:1.9093898095188933E-19 
4219.txt pos pos:0.9999999947675975 neg:5.2324024708118065E-9 
237.txt pos pos:0.9999999977611926 neg:2.238807334118402E-9 
3338.txt pos neg:0.9999999999730778 pos:2.6922160631242882E-11 
3840.txt pos pos:0.9999739385494522 neg:2.6061450547852407E-5 
2969.txt neg neg:0.9987155737679483 pos:0.001284426232051857 
1499.txt pos pos:0.9999950746863162 neg:4.9253136838642835E-6 
177.txt pos pos:0.9997317687016146 neg:2.682312983852596E-4 
380.txt neg neg:1.0 pos:2.9683131337433046E-19 
4.txt pos neg:1.0 pos:2.4784992014394153E-17 
2515.txt neg neg:1.0 pos:4.221430079915532E-25 
4080.txt pos neg:0.9999429182427628 pos:5.708175723719706E-5 
2861.txt neg neg:1.0 pos:5.3052602528167584E-18 
3491.txt pos pos:0.999604778318966 neg:3.952216810339438E-4 
1587.txt neg neg:0.9999979916138662 pos:2.0083861339597596E-6 
1863.txt pos pos:0.9999917093080453 neg:8.290691954828847E-6 
2778.txt neg neg:0.9999982899108079 pos:1.7100891921401686E-6 
2560.txt neg neg:0.9999999999887115 pos:1.128842063642425E-11 
2088.txt neg neg:0.9999999997178386 pos:2.8216147612983193E-10 
2414.txt neg neg:0.9999903019144819 pos:9.698085517998425E-6 
643.txt neg neg:0.9999988504367793 pos:1.1495632208092633E-6 
449.txt pos pos:0.9596792093343791 neg:0.04032079066562095 
1589.txt neg neg:0.9999995653320302 pos:4.346679697595195E-7 
4217.txt pos pos:0.9999999999999996 neg:4.0857248808938485E-16 
2829.txt pos neg:0.9780900215886231 pos:0.02190997841137679 
1130.txt neg neg:1.0 pos:4.118101951725992E-19 
2982.txt pos neg:0.9999999857209767 pos:1.4279023218113317E-8 
941.txt pos pos:0.9999999802808208 neg:1.9719179155219966E-8 
1284.txt neg neg:0.9999999624807093 pos:3.751929063550189E-8 
832.txt pos neg:0.9999999989848034 pos:1.0151965915942838E-9 
990.txt pos pos:1.0 neg:2.9783909116481257E-27 
44.txt pos pos:0.9999999999999996 neg:4.638327280933662E-16 
2852.txt pos pos:0.9991827561369587 neg:8.172438630411541E-4 
2174.txt neg neg:1.0 pos:1.5234125317342797E-19 
1378.txt neg neg:0.9986839080186423 pos:0.0013160919813577272 
904.txt neg neg:1.0 pos:9.492417143906487E-17 
1991.txt pos pos:0.999999974421953 neg:2.557804713630985E-8 
2075.txt neg neg:0.9999999999986184 pos:1.381569062207246E-12 
2814.txt neg neg:0.999998877015723 pos:1.1229842769991563E-6 
4197.txt neg neg:0.9886350587736128 pos:0.01136494122638721 
3384.txt neg neg:0.9999837305482977 pos:1.6269451702304304E-5 
978.txt neg neg:1.0 pos:7.788501581996558E-21 
2025.txt neg neg:0.9999999999999998 pos:1.246378449509266E-16 
3990.txt pos pos:1.0 neg:2.369338789260279E-26 
68.txt pos pos:0.9999999999999982 neg:1.8565587501225335E-15 
503.txt neg neg:1.0 pos:5.4920475548559935E-21 
3635.txt neg neg:0.9994351279330176 pos:5.648720669823333E-4 
757.txt pos pos:0.999999999998813 neg:1.1871562410044617E-12 
3647.txt neg neg:0.9999999999999947 pos:5.2300965313156505E-15 
3102.txt pos neg:0.5098623827706963 pos:0.49013761722930377 
1367.txt pos neg:0.9999997564855521 pos:2.435144479847192E-7 
2444.txt neg pos:0.99997055056831 neg:2.944943169013665E-5 
4265.txt pos neg:0.8907531702692251 pos:0.10924682973077487 
2967.txt neg neg:0.9978595398321735 pos:0.0021404601678265177 
2140.txt pos neg:1.0 pos:1.7698118384429397E-19 
613.txt neg pos:0.9999979149807233 neg:2.0850192767344652E-6 
288.txt neg neg:0.9999999999749389 pos:2.506105115042458E-11 
2953.txt pos pos:0.9973799770836176 neg:0.002620022916382411 
1774.txt pos pos:0.9984350235255962 neg:0.0015649764744038795 
2022.txt neg neg:0.9999967835017383 pos:3.21649826182317E-6 
3832.txt pos pos:0.9999515230137135 neg:4.847698628643174E-5 
3972.txt neg neg:1.0 pos:1.0653494348430834E-18 
2737.txt pos neg:0.512858340649881 pos:0.48714165935011894 
576.txt neg neg:0.9999969252646732 pos:3.074735326654407E-6 
2297.txt neg neg:0.999999999964861 pos:3.513906473981531E-11 
4348.txt pos pos:1.0 neg:7.52701695639058E-36 
1800.txt neg neg:0.9999998798781591 pos:1.201218409798376E-7 
483.txt neg neg:0.9999662320612884 pos:3.3767938711640094E-5 
1547.txt pos pos:0.9768052534219737 neg:0.02319474657802627 
997.txt pos pos:0.9999999999575351 neg:4.2464899004341514E-11 
1958.txt neg pos:0.9999679454845553 neg:3.205451544458251E-5 
4051.txt pos pos:0.9999784307672006 neg:2.1569232799470456E-5 
644.txt neg neg:1.0 pos:2.7370149699962846E-18 
1875.txt neg neg:0.9999999974475506 pos:2.5524494320823705E-9 
1549.txt pos pos:1.0 neg:4.9680709485746815E-18 
4210.txt pos pos:0.999999999996865 neg:3.135035329230385E-12 
2009.txt neg neg:0.9999999990855493 pos:9.144506668515842E-10 
4341.txt pos pos:1.0 neg:1.2785386958409715E-18 
3293.txt pos pos:0.999999987983272 neg:1.20167278183878E-8 
2046.txt pos pos:1.0 neg:2.1032110476440464E-22 
1043.txt neg neg:1.0 pos:2.2153444293354606E-26 
730.txt neg neg:0.9999094459081103 pos:9.055409188970445E-5 
3665.txt neg neg:1.0 pos:2.5228974017313863E-18 
1558.txt neg neg:0.9987535108347201 pos:0.0012464891652800133 
4357.txt neg neg:0.7483812057804368 pos:0.25161879421956335 
1295.txt pos neg:0.5434792888493413 pos:0.4565207111506587 
3997.txt pos pos:1.0 neg:7.958665167020584E-18 
1789.txt pos pos:1.0 neg:1.7387808905634505E-19 
Trial 0 Trainer NaiveBayesTrainer Training Data Confusion Matrix
Confusion Matrix, row=true, column=predicted  accuracy=0.9311111111111111
  label   0   1  |total
  0 neg 859  41  |900
  1 pos  83 817  |900

Trial 0 Trainer NaiveBayesTrainer training data accuracy= 0.9311111111111111
Trial 0 Trainer NaiveBayesTrainer Test Data Confusion Matrix
Confusion Matrix, row=true, column=predicted  accuracy=0.83
  label   0   1  |total
  0 neg  92   8  |100
  1 pos  26  74  |100

Trial 0 Trainer NaiveBayesTrainer test data accuracy= 0.83

NaiveBayesTrainer
Summary. train accuracy mean = 0.9311111111111111 stddev = 0.0 stderr = 0.0
Summary. test accuracy mean = 0.83 stddev = 0.0 stderr = 0.0
