
-------------------- Trial 0  --------------------

Trial 0 Training NaiveBayesTrainer with 1800 instances
Trial 0 Training NaiveBayesTrainer finished
Trial 0 Trainer NaiveBayesTrainer
 Raw Testing Data
2764.txt neg neg:0.999991844570885 pos:8.155429115104157E-6 
1502.txt neg pos:0.896352204634317 neg:0.10364779536568296 
1903.txt pos pos:0.9999963417117976 neg:3.6582882023705485E-6 
2617.txt pos pos:0.9999999999398352 neg:6.01647170370388E-11 
4238.txt neg neg:0.9999999848775876 pos:1.5122412463882607E-8 
994.txt pos pos:1.0 neg:2.433670501593377E-23 
294.txt neg neg:0.9999998170985679 pos:1.8290143198156667E-7 
453.txt pos pos:0.9975745198944326 neg:0.002425480105567415 
4229.txt neg neg:0.9996956918230494 pos:3.0430817695048886E-4 
795.txt pos pos:0.9999999517630983 neg:4.82369017256508E-8 
877.txt pos neg:0.9999330796589262 pos:6.692034107395093E-5 
370.txt neg neg:0.999999999998014 pos:1.9858653143490015E-12 
2534.txt neg neg:0.9999692822691645 pos:3.071773083547909E-5 
3677.txt pos pos:0.9999999999998477 neg:1.5239967330784424E-13 
651.txt neg neg:1.0 pos:3.319828578059438E-36 
3553.txt neg neg:0.9999999999998117 pos:1.8820290320586994E-13 
2887.txt pos neg:0.9189974335517941 pos:0.08100256644820586 
73.txt neg neg:0.9999999999999998 pos:2.4604462340166176E-16 
986.txt neg neg:1.0 pos:2.846408389826538E-22 
3754.txt pos neg:0.9999999906457567 pos:9.35424333758461E-9 
4214.txt pos pos:0.8924247087686702 neg:0.10757529123132986 
1621.txt pos pos:0.9999999915336578 neg:8.466342300544312E-9 
533.txt neg neg:1.0 pos:5.913107063139024E-27 
4339.txt pos pos:1.0 neg:6.3797394185948355E-18 
3528.txt neg pos:0.9999125387063303 neg:8.746129366961394E-5 
74.txt pos neg:0.999998691538787 pos:1.3084612129624744E-6 
3306.txt neg neg:0.99999999999996 pos:3.9950099107100626E-14 
405.txt pos pos:0.9999996576228731 neg:3.4237712679526386E-7 
3402.txt neg neg:0.9999993563101794 pos:6.436898205331317E-7 
1210.txt neg neg:0.9999999999977425 pos:2.2575967935550652E-12 
3347.txt pos pos:0.9828942098606841 neg:0.0171057901393159 
4002.txt neg neg:0.9977949631478646 pos:0.0022050368521352695 
2823.txt pos pos:0.9999999999994384 neg:5.615851319469093E-13 
454.txt pos pos:0.9999999996563627 neg:3.43637428317078E-10 
4176.txt pos neg:0.9999872026740833 pos:1.2797325916835921E-5 
1839.txt neg neg:0.999999999999631 pos:3.689688269062689E-13 
2680.txt neg pos:0.9999999999299514 neg:7.004871343230314E-11 
4337.txt pos pos:0.9999999999999869 neg:1.3076965910973924E-14 
1291.txt pos neg:0.9999999495648592 pos:5.043514082249881E-8 
3721.txt pos pos:0.9999645893493884 neg:3.5410650611725066E-5 
2619.txt pos neg:0.9592882946927184 pos:0.040711705307281534 
246.txt pos neg:0.9175356204766111 pos:0.08246437952338882 
4103.txt pos pos:1.0 neg:1.3059723845012962E-28 
1727.txt neg pos:0.9999999587925618 neg:4.120743809849602E-8 
4036.txt pos pos:0.9999999999976741 neg:2.326026809804474E-12 
2748.txt pos pos:1.0 neg:7.220906212522565E-18 
2862.txt neg neg:0.9999999999990552 pos:9.447167488923547E-13 
3761.txt pos pos:0.595672332033589 neg:0.40432766796641106 
3895.txt pos pos:1.0 neg:8.99774383296063E-31 
2507.txt pos pos:0.9999999999999878 neg:1.2238978322709738E-14 
314.txt neg neg:0.9999999931342194 pos:6.865780662612482E-9 
3877.txt neg neg:0.9499676868119941 pos:0.05003231318800594 
158.txt pos pos:1.0 neg:1.6795617078029811E-18 
3778.txt neg pos:0.9997353618918046 neg:2.646381081955928E-4 
4220.txt neg neg:0.9999999999999765 pos:2.3615750197332962E-14 
1828.txt neg neg:0.999999999936847 pos:6.315304659130628E-11 
4283.txt neg neg:0.9999999988216433 pos:1.1783566826932905E-9 
254.txt neg neg:0.9999999999999996 pos:3.8657738979645307E-16 
1536.txt pos neg:0.9999560107141444 pos:4.398928585566343E-5 
2383.txt pos pos:0.7889473429112352 neg:0.2110526570887648 
359.txt pos neg:0.9999999999672526 pos:3.2747390562386666E-11 
379.txt neg neg:0.9999999998578166 pos:1.4218347585737073E-10 
2711.txt neg neg:0.9999726180878757 pos:2.7381912124345882E-5 
1984.txt pos pos:1.0 neg:1.1737286320700798E-18 
1714.txt pos pos:1.0 neg:5.3161537155240276E-21 
1091.txt neg neg:0.9968413541650177 pos:0.0031586458349822794 
778.txt pos pos:0.9999998949261412 neg:1.05073858757539E-7 
4268.txt pos pos:1.0 neg:2.931558468464728E-18 
2986.txt neg neg:0.9999999999999982 pos:1.752426666848136E-15 
1056.txt neg neg:1.0 pos:5.840358245643605E-25 
2900.txt pos neg:0.9999999999945077 pos:5.492223140615889E-12 
4303.txt neg neg:0.999999999846179 pos:1.5382084814520715E-10 
3147.txt neg neg:0.9997676951186392 pos:2.3230488136090805E-4 
2686.txt pos pos:1.0 neg:6.717539127967336E-27 
1531.txt pos pos:1.0 neg:9.482972594694624E-19 
3937.txt neg neg:0.9999999999977234 pos:2.2766586038848648E-12 
2858.txt pos neg:0.9999994820092918 pos:5.179907083387492E-7 
545.txt pos neg:0.6888709091629289 pos:0.3111290908370712 
3119.txt pos pos:1.0 neg:3.0476052390669602E-24 
3064.txt neg pos:0.6203402242505749 neg:0.379659775749425 
2320.txt pos pos:1.0 neg:2.628813899204669E-29 
3912.txt pos pos:0.9999999999929781 neg:7.0218791826645355E-12 
3645.txt pos neg:0.9997284191790372 pos:2.715808209627318E-4 
2635.txt neg pos:0.9999999999998834 neg:1.1654099923960188E-13 
2599.txt neg neg:0.9999999999991656 pos:8.344244510763873E-13 
1240.txt pos pos:0.9999984649617673 neg:1.535038232798169E-6 
2410.txt neg neg:0.9999999999999287 pos:7.120313086659747E-14 
2113.txt pos neg:0.999999943255702 pos:5.6744297944505966E-8 
3272.txt pos pos:0.9998724066750737 neg:1.2759332492621748E-4 
1893.txt neg neg:0.9957242095224289 pos:0.004275790477571049 
297.txt pos neg:0.9999996545809565 pos:3.4541904342173453E-7 
465.txt neg neg:0.9999999999983298 pos:1.670192404207625E-12 
1595.txt pos neg:0.9561068029769698 pos:0.043893197023030274 
2368.txt neg neg:0.9999999999999194 pos:8.069730715495687E-14 
629.txt pos pos:0.9999995736863042 neg:4.263136957428107E-7 
2990.txt neg neg:0.9999951957998536 pos:4.8042001463376985E-6 
1099.txt pos pos:0.9947158802394916 neg:0.00528411976050844 
2799.txt pos pos:0.999999179376788 neg:8.206232120852415E-7 
3639.txt pos neg:0.993395902892101 pos:0.0066040971078990575 
2313.txt neg neg:0.9941320819742231 pos:0.005867918025776918 
3025.txt pos neg:0.9999829889021435 pos:1.7011097856527244E-5 
127.txt neg neg:0.9999999999999998 pos:1.2804948222897044E-16 
2082.txt pos neg:0.9999973049767034 pos:2.695023296709499E-6 
1346.txt neg pos:0.999323222848066 neg:6.76777151934051E-4 
2417.txt neg neg:1.0 pos:1.8593512683125991E-25 
2093.txt pos neg:0.9942890608889359 pos:0.005710939111063993 
1008.txt pos pos:1.0 neg:4.066080882563983E-18 
3715.txt neg neg:0.9999999499315911 pos:5.006840899097718E-8 
683.txt pos pos:1.0 neg:3.1401343235174913E-24 
138.txt neg neg:0.7437304030625372 pos:0.2562695969374629 
1049.txt neg neg:0.9999999999999931 pos:6.817623385852085E-15 
772.txt neg pos:0.977524479635262 neg:0.02247552036473795 
1678.txt neg pos:0.9984463736186191 neg:0.001553626381380858 
3387.txt pos pos:0.9999309839161515 neg:6.90160838483373E-5 
4178.txt pos neg:0.9468262409653757 pos:0.053173759034624235 
4213.txt pos neg:0.999982997112724 pos:1.700288727609643E-5 
1902.txt neg pos:0.9980235911136256 neg:0.0019764088863744762 
4282.txt pos pos:0.9999999999758322 neg:2.4167847600505514E-11 
2432.txt pos pos:0.99996753142397 neg:3.246857603000468E-5 
764.txt neg neg:0.988827531329012 pos:0.01117246867098794 
2559.txt neg neg:0.9999999817875594 pos:1.8212440551829216E-8 
1087.txt neg neg:0.9999999998939642 pos:1.060358849055596E-10 
3016.txt neg neg:0.9999999999993121 pos:6.878645986082372E-13 
257.txt pos pos:0.9999999980141501 neg:1.985849906142173E-9 
2138.txt neg neg:0.9925488868145714 pos:0.007451113185428631 
1309.txt pos pos:1.0 neg:1.036257959715316E-16 
776.txt pos pos:1.0 neg:8.496574463081461E-21 
195.txt neg neg:0.9689251046285913 pos:0.031074895371408697 
1882.txt neg neg:0.9999984947004563 pos:1.5052995438087108E-6 
3945.txt neg neg:0.9999962742385513 pos:3.7257614487651184E-6 
3090.txt pos pos:0.9995473809241345 neg:4.52619075865435E-4 
684.txt pos neg:0.981232174008376 pos:0.01876782599162399 
1096.txt neg pos:0.9015983609313811 neg:0.09840163906861878 
3156.txt neg neg:0.9999999999995861 pos:4.139675459439298E-13 
2788.txt pos pos:1.0 neg:5.4655049958108165E-24 
3041.txt pos pos:1.0 neg:5.61821536519431E-25 
3560.txt pos pos:0.9999978765851788 neg:2.1234148212876885E-6 
2997.txt neg neg:0.9999999999999767 pos:2.3352911438499788E-14 
1777.txt pos neg:0.61346486405704 pos:0.38653513594295996 
1744.txt neg neg:0.9999999967891029 pos:3.210897085369654E-9 
3879.txt neg neg:0.9998439729099022 pos:1.5602709009777743E-4 
821.txt pos pos:0.7505232336368466 neg:0.2494767663631534 
1604.txt neg neg:1.0 pos:2.8474120768232735E-20 
201.txt pos pos:0.9999999999422979 neg:5.770209149158771E-11 
1247.txt pos neg:0.9994217943803765 pos:5.782056196234428E-4 
1592.txt pos pos:1.0 neg:1.1118211861144428E-19 
2516.txt pos pos:0.9999999953540328 neg:4.645967186305692E-9 
3942.txt neg pos:0.9999999999999545 neg:4.561236395325537E-14 
1682.txt pos pos:1.0 neg:1.99310860084378E-21 
4378.txt neg pos:0.9999914937692838 neg:8.506230716325657E-6 
1206.txt neg pos:0.9867944840065949 neg:0.013205515993405184 
3009.txt neg neg:0.9999999999999842 pos:1.5739392892768502E-14 
3631.txt neg neg:0.9999999999995755 pos:4.244536749066634E-13 
1375.txt pos neg:0.997839607936122 pos:0.0021603920638779916 
2144.txt neg neg:1.0 pos:3.2131055930167674E-23 
3246.txt neg neg:0.9999999985612729 pos:1.4387272012204678E-9 
2314.txt neg neg:0.9999999835311415 pos:1.646885838679021E-8 
1273.txt neg neg:0.5559678384090857 pos:0.44403216159091435 
1544.txt pos pos:0.9999999782044149 neg:2.1795585146365797E-8 
3985.txt neg neg:1.0 pos:1.1299311106402579E-20 
1311.txt pos pos:1.0 neg:1.6129469975150723E-61 
1968.txt neg neg:1.0 pos:1.1069854582817114E-29 
1513.txt neg neg:0.9999999999999996 pos:3.936520240015594E-16 
868.txt pos neg:0.9997129556565441 pos:2.870443434560388E-4 
116.txt pos pos:0.9786004890817991 neg:0.02139951091820096 
814.txt pos pos:0.9999999639760457 neg:3.602395435934823E-8 
4005.txt neg neg:0.9999999999995173 pos:4.827418967220514E-13 
1931.txt pos pos:0.9999999926450076 neg:7.354992319828428E-9 
1705.txt pos pos:0.9999999999999443 neg:5.569779198047244E-14 
1871.txt pos pos:0.9999999999999976 neg:2.44003769128635E-15 
3165.txt pos pos:1.0 neg:1.9584626749774264E-31 
143.txt neg neg:0.9985126234206152 pos:0.0014873765793847857 
1040.txt neg neg:0.9998747370039861 pos:1.2526299601391003E-4 
2053.txt pos pos:0.9999968507244018 neg:3.1492755982425287E-6 
775.txt neg neg:1.0 pos:7.228874480104824E-17 
1943.txt pos pos:0.9999999417888842 neg:5.8211115816257796E-8 
866.txt pos pos:0.9930818459225506 neg:0.0069181540774493795 
2716.txt neg pos:0.9999999971747413 neg:2.8252587607447215E-9 
2957.txt neg neg:0.999999999995228 pos:4.771993427801925E-12 
1845.txt neg pos:0.9992318722182207 neg:7.681277817792399E-4 
3335.txt pos pos:0.9999999999999993 neg:6.35519465642095E-16 
652.txt pos pos:0.9999999999999998 neg:1.9313774551997908E-16 
2959.txt neg pos:0.8718725383610005 neg:0.12812746163899943 
3767.txt neg neg:0.999999999999998 pos:2.061006829173406E-15 
3692.txt neg neg:0.9999898385555624 pos:1.0161444437463036E-5 
3737.txt pos pos:0.9999999999998541 neg:1.4585474827576066E-13 
808.txt neg neg:0.9999999998338864 pos:1.661135747709426E-10 
474.txt neg neg:1.0 pos:7.832183172917126E-21 
2361.txt neg neg:0.9402367750197771 pos:0.05976322498022299 
1453.txt neg neg:0.9999999882831508 pos:1.1716849223122558E-8 
982.txt pos pos:0.9999999998293603 neg:1.7063965956711604E-10 
1885.txt neg neg:0.999999997965086 pos:2.0349140134845755E-9 
1318.txt pos pos:0.9999999999999953 neg:4.556335802124172E-15 
183.txt neg neg:0.6347693984871403 pos:0.36523060151285963 
1626.txt pos pos:0.9750536171047299 neg:0.02494638289527003 
17.txt pos pos:0.9412780388731496 neg:0.05872196112685041 
656.txt neg pos:0.998398236438371 neg:0.0016017635616291121 
230.txt neg neg:0.996520755799078 pos:0.003479244200922045 
3196.txt neg neg:0.9999999264964402 pos:7.350355983657447E-8 
3477.txt neg neg:0.9999985485402274 pos:1.4514597727196186E-6 
Trial 0 Trainer NaiveBayesTrainer Training Data Confusion Matrix
Confusion Matrix, row=true, column=predicted  accuracy=0.9344444444444444
  label   0   1  |total
  0 neg 856  44  |900
  1 pos  74 826  |900

Trial 0 Trainer NaiveBayesTrainer training data accuracy= 0.9344444444444444
Trial 0 Trainer NaiveBayesTrainer Test Data Confusion Matrix
Confusion Matrix, row=true, column=predicted  accuracy=0.765
  label   0   1  |total
  0 neg  81  19  |100
  1 pos  28  72  |100

Trial 0 Trainer NaiveBayesTrainer test data accuracy= 0.765

NaiveBayesTrainer
Summary. train accuracy mean = 0.9344444444444444 stddev = 0.0 stderr = 0.0
Summary. test accuracy mean = 0.765 stddev = 0.0 stderr = 0.0
