Warning: Same term occurs more than once in sentiment lexicon: ausente
Warning: Same term occurs more than once in sentiment lexicon: absurdo
Warning: Multiple word term: ['acceder', 'a']
Warning: Same term occurs more than once in sentiment lexicon: aclamaci칩n
Warning: Same term occurs more than once in sentiment lexicon: lograr
Warning: Same term occurs more than once in sentiment lexicon: logro
Warning: Same term occurs more than once in sentiment lexicon: absolver
Warning: Same term occurs more than once in sentiment lexicon: adhesi칩n
Warning: Same term occurs more than once in sentiment lexicon: aventurero
Warning: Multiple word term: ['a', 'flote']
Warning: Same term occurs more than once in sentiment lexicon: acuerdo
Warning: Same term occurs more than once in sentiment lexicon: afligir
Warning: Multiple word term: ['sin', 'objetivo']
Warning: Same term occurs more than once in sentiment lexicon: aliado
Warning: Multiple word term: ['a', 'distancia']
Warning: Same term occurs more than once in sentiment lexicon: ansiedad
Warning: Same term occurs more than once in sentiment lexicon: agresor
Warning: Same term occurs more than once in sentiment lexicon: afirmaci칩n
Warning: Multiple word term: ['por', 'mal', 'camino']
Warning: Multiple word term: ['en', 'pedazos']
Warning: Same term occurs more than once in sentiment lexicon: logro
Warning: Same term occurs more than once in sentiment lexicon: asistencia
Warning: Same term occurs more than once in sentiment lexicon: atractivo
Warning: Same term occurs more than once in sentiment lexicon: atractivo
Warning: Same term occurs more than once in sentiment lexicon: evitar
Warning: Multiple word term: ['columna', 'vertebral']
Warning: Multiple word term: ['hacia', 'atr치s']
Warning: Same term occurs more than once in sentiment lexicon: mal
Warning: Same term occurs more than once in sentiment lexicon: b치rbaro
Warning: Multiple word term: ['campo', 'de', 'batalla']
Warning: Multiple word term: ['convenir', 'a']
Warning: Multiple word term: ['ofrecer', 'amistad']
Warning: Multiple word term: ['prometer', 'en', 'matrimonio']
Warning: Same term occurs more than once in sentiment lexicon: mejor
Warning: Multiple word term: ['tener', 'cuidado']
Warning: Same term occurs more than once in sentiment lexicon: desconcierto
Warning: Multiple word term: ['libre', 'de', 'culpa']
Warning: Same term occurs more than once in sentiment lexicon: mancha
Warning: Multiple word term: ['decir', 'bruscamente']
Warning: Same term occurs more than once in sentiment lexicon: audacia
Warning: Same term occurs more than once in sentiment lexicon: hermoso
Warning: Same term occurs more than once in sentiment lexicon: molestar
Warning: Multiple word term: ['sin', 'l츞xadmites']
Warning: Same term occurs more than once in sentiment lexicon: abundante
Warning: Same term occurs more than once in sentiment lexicon: descarado
Warning: Multiple word term: ['sost칠n', 'de', 'la', 'familia']
Warning: Same term occurs more than once in sentiment lexicon: brillante
Warning: Multiple word term: ['con', 'el', 'coraz칩n', 'destrozado']
Warning: Multiple word term: ['robo', 'con', 'fractura']
Warning: Same term occurs more than once in sentiment lexicon: capacidad
Warning: Same term occurs more than once in sentiment lexicon: capaz
Warning: Same term occurs more than once in sentiment lexicon: captura
Warning: Same term occurs more than once in sentiment lexicon: censura
Warning: Same term occurs more than once in sentiment lexicon: encanto
Warning: Same term occurs more than once in sentiment lexicon: alegre
Warning: Same term occurs more than once in sentiment lexicon: alegre
Warning: Same term occurs more than once in sentiment lexicon: apreciar
Warning: Multiple word term: ['reprender', 'a']
Warning: Same term occurs more than once in sentiment lexicon: claridad
Warning: Same term occurs more than once in sentiment lexicon: torpe
Warning: Same term occurs more than once in sentiment lexicon: combate
Warning: Same term occurs more than once in sentiment lexicon: c칩mico
Warning: Multiple word term: ['sentido', 'com칰n']
Warning: Same term occurs more than once in sentiment lexicon: obligar
Warning: Same term occurs more than once in sentiment lexicon: competencia
Warning: Same term occurs more than once in sentiment lexicon: competente
Warning: Same term occurs more than once in sentiment lexicon: competencia
Warning: Multiple word term: ['lo', 'completo']
Warning: Same term occurs more than once in sentiment lexicon: conformidad
Warning: Same term occurs more than once in sentiment lexicon: compromiso
Warning: Same term occurs more than once in sentiment lexicon: engreimiento
Warning: Same term occurs more than once in sentiment lexicon: confundir
Warning: Same term occurs more than once in sentiment lexicon: confundir
Warning: Same term occurs more than once in sentiment lexicon: agradable
Warning: Same term occurs more than once in sentiment lexicon: conciencia
Warning: Same term occurs more than once in sentiment lexicon: cooperaci칩n
Warning: Multiple word term: ['alto', 'precio']
Warning: Same term occurs more than once in sentiment lexicon: consejo
Warning: Same term occurs more than once in sentiment lexicon: valiente
Warning: Same term occurs more than once in sentiment lexicon: cort칠s
Warning: Same term occurs more than once in sentiment lexicon: astuto
Warning: Same term occurs more than once in sentiment lexicon: implorar
Warning: Multiple word term: ['cartas', 'credenciales']
Warning: Same term occurs more than once in sentiment lexicon: ladr칩n
Warning: Same term occurs more than once in sentiment lexicon: culpable
Warning: Same term occurs more than once in sentiment lexicon: brusco
Warning: Same term occurs more than once in sentiment lexicon: maldito
Warning: Same term occurs more than once in sentiment lexicon: maldito
Warning: Multiple word term: ['en', 'l츞xadnea']
Warning: Same term occurs more than once in sentiment lexicon: maldito
Warning: Multiple word term: ['puntos', 'muertos']
Warning: Multiple word term: ['peso', 'muerto']
Warning: Same term occurs more than once in sentiment lexicon: enga침o
Warning: Same term occurs more than once in sentiment lexicon: enga침oso
Warning: Same term occurs more than once in sentiment lexicon: disminuir
Warning: Same term occurs more than once in sentiment lexicon: derrota
Warning: Same term occurs more than once in sentiment lexicon: defecto
Warning: Same term occurs more than once in sentiment lexicon: defensa
Warning: Same term occurs more than once in sentiment lexicon: desaf칤o
Warning: Same term occurs more than once in sentiment lexicon: enga침o
Warning: Same term occurs more than once in sentiment lexicon: degradar
Warning: Same term occurs more than once in sentiment lexicon: fallecimiento
Warning: Same term occurs more than once in sentiment lexicon: mejorar
Warning: Same term occurs more than once in sentiment lexicon: confianza
Warning: Same term occurs more than once in sentiment lexicon: privar
Warning: Same term occurs more than once in sentiment lexicon: desesperaci칩n
Warning: Same term occurs more than once in sentiment lexicon: despreciable
Warning: Multiple word term: ['medidas', 'disuasorias']
Warning: Same term occurs more than once in sentiment lexicon: detestable
Warning: Same term occurs more than once in sentiment lexicon: dedicar
Warning: Same term occurs more than once in sentiment lexicon: diab칩lico
Warning: Same term occurs more than once in sentiment lexicon: diab칩lico
Warning: Multiple word term: ['ser', 'distinto']
Warning: Same term occurs more than once in sentiment lexicon: oscurecer
Warning: Multiple word term: ['no', 'estar', 'de', 'acuerdo']
Warning: Same term occurs more than once in sentiment lexicon: enfermedad
Warning: Same term occurs more than once in sentiment lexicon: falso
Warning: Same term occurs more than once in sentiment lexicon: aversi칩n
Warning: Same term occurs more than once in sentiment lexicon: distracci칩n
Warning: Same term occurs more than once in sentiment lexicon: angustia
Warning: Same term occurs more than once in sentiment lexicon: desviaci칩n
Warning: Multiple word term: ['capa', 'ca츞xadda']
Warning: Same term occurs more than once in sentiment lexicon: perdici칩n
Warning: Multiple word term: ['d츞xada', 'del', 'juicio', 'final']
Warning: Same term occurs more than once in sentiment lexicon: adorar
Warning: Multiple word term: ['pa츞xads', 'de', 'los', 'sue침os']
Warning: Same term occurs more than once in sentiment lexicon: triste
Warning: Same term occurs more than once in sentiment lexicon: borracho
Warning: Same term occurs more than once in sentiment lexicon: borracho
Warning: Same term occurs more than once in sentiment lexicon: dudoso
Warning: Same term occurs more than once in sentiment lexicon: ansioso
Warning: Same term occurs more than once in sentiment lexicon: aliviar
Warning: Same term occurs more than once in sentiment lexicon: comestible
Warning: Same term occurs more than once in sentiment lexicon: eficacia
Warning: Same term occurs more than once in sentiment lexicon: elegante
Warning: Same term occurs more than once in sentiment lexicon: verg칲enza
Warning: Same term occurs more than once in sentiment lexicon: embellecer
Warning: Same term occurs more than once in sentiment lexicon: vac칤o
Warning: Same term occurs more than once in sentiment lexicon: permitir
Warning: Multiple word term: ['poner', 'en', 'peligro']
Warning: Multiple word term: ['hacerse', 'querer', 'por']
Warning: Multiple word term: ['hacer', 'cumplir']
Warning: Same term occurs more than once in sentiment lexicon: mejorar
Warning: Same term occurs more than once in sentiment lexicon: agradable
Warning: Same term occurs more than once in sentiment lexicon: asegurar
Warning: Multiple word term: ['rogar', 'a']
Warning: Same term occurs more than once in sentiment lexicon: confiar
Warning: Same term occurs more than once in sentiment lexicon: mal
Warning: Same term occurs more than once in sentiment lexicon: exacto
Warning: Same term occurs more than once in sentiment lexicon: explotar
Warning: Same term occurs more than once in sentiment lexicon: explosi칩n
Warning: Same term occurs more than once in sentiment lexicon: falso
Warning: Multiple word term: ['polvillo', 'radiactivo']
Warning: Same term occurs more than once in sentiment lexicon: falso
Warning: Same term occurs more than once in sentiment lexicon: familiarizar
Warning: Same term occurs more than once in sentiment lexicon: fan치tico
Warning: Same term occurs more than once in sentiment lexicon: fantas칤a
Warning: Multiple word term: ['de', 'moda']
Warning: Same term occurs more than once in sentiment lexicon: criticar
Warning: Multiple word term: ['sin', 'miedo']
Warning: Same term occurs more than once in sentiment lexicon: d칠bil
Warning: Same term occurs more than once in sentiment lexicon: compa침ero
Warning: Same term occurs more than once in sentiment lexicon: compa침erismo
Warning: Same term occurs more than once in sentiment lexicon: fidelidad
Warning: Same term occurs more than once in sentiment lexicon: feroz
Warning: Same term occurs more than once in sentiment lexicon: ardiente
Warning: Same term occurs more than once in sentiment lexicon: filial
Warning: Same term occurs more than once in sentiment lexicon: aptitud
Warning: Same term occurs more than once in sentiment lexicon: adulaci칩n
Warning: Multiple word term: ['huir', 'de']
Warning: Same term occurs more than once in sentiment lexicon: enemigo
Warning: Same term occurs more than once in sentiment lexicon: enga침ar
Warning: Same term occurs more than once in sentiment lexicon: extranjero
Warning: Same term occurs more than once in sentiment lexicon: abandonar
Warning: Same term occurs more than once in sentiment lexicon: fr치gil
Warning: Same term occurs more than once in sentiment lexicon: franco
Warning: Same term occurs more than once in sentiment lexicon: fresco
Warning: Same term occurs more than once in sentiment lexicon: irritable
Warning: Same term occurs more than once in sentiment lexicon: amigo
Warning: Same term occurs more than once in sentiment lexicon: amistoso
Warning: Same term occurs more than once in sentiment lexicon: fiesta
Warning: Same term occurs more than once in sentiment lexicon: adornar
Warning: Same term occurs more than once in sentiment lexicon: horrible
Warning: Same term occurs more than once in sentiment lexicon: mareado
Warning: Same term occurs more than once in sentiment lexicon: alegr칤a
Warning: Multiple word term: ['luz', 'tenue']
Warning: Same term occurs more than once in sentiment lexicon: brillar
Warning: Same term occurs more than once in sentiment lexicon: maldito
Warning: Same term occurs more than once in sentiment lexicon: divino
Warning: Same term occurs more than once in sentiment lexicon: devoci칩n
Warning: Same term occurs more than once in sentiment lexicon: bueno
Warning: Same term occurs more than once in sentiment lexicon: grandeza
Warning: Same term occurs more than once in sentiment lexicon: dolor
Warning: Multiple word term: ['oso', 'pardo']
Warning: Same term occurs more than once in sentiment lexicon: brusco
Warning: Same term occurs more than once in sentiment lexicon: queja
Warning: Same term occurs more than once in sentiment lexicon: garant칤a
Warning: Same term occurs more than once in sentiment lexicon: culpa
Warning: Same term occurs more than once in sentiment lexicon: culpable
Warning: Same term occurs more than once in sentiment lexicon: cr칠dulo
Warning: Same term occurs more than once in sentiment lexicon: entusiasmo
Warning: Multiple word term: ['m치quina', 'de', 'alquiler']
Warning: Multiple word term: ['al', 'azar']
Warning: Same term occurs more than once in sentiment lexicon: felicidad
Warning: Same term occurs more than once in sentiment lexicon: acosar
Warning: Same term occurs more than once in sentiment lexicon: da침o
Warning: Same term occurs more than once in sentiment lexicon: perjudicial
Warning: Same term occurs more than once in sentiment lexicon: molestia
Warning: Same term occurs more than once in sentiment lexicon: peligro
Warning: Same term occurs more than once in sentiment lexicon: peligroso
Warning: Multiple word term: ['dolor', 'de', 'cabeza']
Warning: Same term occurs more than once in sentiment lexicon: cruel
Warning: Same term occurs more than once in sentiment lexicon: fren칠tico
Warning: Same term occurs more than once in sentiment lexicon: atroz
Warning: Same term occurs more than once in sentiment lexicon: horrible
Warning: Multiple word term: ['punto', 'culminante']
Warning: Same term occurs more than once in sentiment lexicon: obst치culo
Warning: Same term occurs more than once in sentiment lexicon: acogedor
Warning: Multiple word term: ['luna', 'de', 'miel']
Warning: Multiple word term: ['sin', 'esperanza']
Warning: Same term occurs more than once in sentiment lexicon: horrible
Warning: Same term occurs more than once in sentiment lexicon: horrible
Warning: Same term occurs more than once in sentiment lexicon: abrazo
Warning: Same term occurs more than once in sentiment lexicon: humor
Warning: Same term occurs more than once in sentiment lexicon: da침o
Warning: Same term occurs more than once in sentiment lexicon: idiota
Warning: Same term occurs more than once in sentiment lexicon: enfermo
Warning: Same term occurs more than once in sentiment lexicon: enfermedad
Warning: Same term occurs more than once in sentiment lexicon: iluminar
Warning: Multiple word term: ['punto', 'muerto']
Warning: Same term occurs more than once in sentiment lexicon: implorar
Warning: Same term occurs more than once in sentiment lexicon: mejorar
Warning: Same term occurs more than once in sentiment lexicon: incesante
Warning: Same term occurs more than once in sentiment lexicon: acusaci칩n
Warning: Same term occurs more than once in sentiment lexicon: indiferencia
Warning: Same term occurs more than once in sentiment lexicon: ineficaz
Warning: Same term occurs more than once in sentiment lexicon: ineficacia
Warning: Same term occurs more than once in sentiment lexicon: barato
Warning: Same term occurs more than once in sentiment lexicon: infracci칩n
Warning: Same term occurs more than once in sentiment lexicon: enfurecer
Warning: Same term occurs more than once in sentiment lexicon: perjudicial
Warning: Same term occurs more than once in sentiment lexicon: insuficiente
Warning: Same term occurs more than once in sentiment lexicon: inteligente
Warning: Same term occurs more than once in sentiment lexicon: interrumpir
Warning: Same term occurs more than once in sentiment lexicon: invadir
Warning: Same term occurs more than once in sentiment lexicon: irritable
Warning: Same term occurs more than once in sentiment lexicon: burla
Warning: Multiple word term: ['poner', 'en', 'peligro']
Warning: Same term occurs more than once in sentiment lexicon: peligro
Warning: Multiple word term: ['sin', 'empleo']
Warning: Same term occurs more than once in sentiment lexicon: broma
Warning: Same term occurs more than once in sentiment lexicon: alegre
Warning: Same term occurs more than once in sentiment lexicon: alegr칤a
Warning: Same term occurs more than once in sentiment lexicon: alegre
Warning: Same term occurs more than once in sentiment lexicon: justicia
Warning: Same term occurs more than once in sentiment lexicon: asesino
Warning: Same term occurs more than once in sentiment lexicon: amabilidad
Warning: Same term occurs more than once in sentiment lexicon: conocimiento
Warning: Same term occurs more than once in sentiment lexicon: retraso
Warning: Same term occurs more than once in sentiment lexicon: ilegal
Warning: Same term occurs more than once in sentiment lexicon: fuga
Warning: Same term occurs more than once in sentiment lexicon: legal
Warning: Same term occurs more than once in sentiment lexicon: libertad
Warning: Multiple word term: ['sin', 'vida']
Warning: Multiple word term: ['para', 'toda', 'la', 'vida']
Warning: Same term occurs more than once in sentiment lexicon: agradable
Warning: Same term occurs more than once in sentiment lexicon: carga
Warning: Same term occurs more than once in sentiment lexicon: solitario
Warning: Same term occurs more than once in sentiment lexicon: soledad
Warning: Same term occurs more than once in sentiment lexicon: solitario
Warning: Same term occurs more than once in sentiment lexicon: solitario
Warning: Same term occurs more than once in sentiment lexicon: solitario
Warning: Same term occurs more than once in sentiment lexicon: perder
Warning: Multiple word term: ['sin', 'amor']
Warning: Same term occurs more than once in sentiment lexicon: inferior
Warning: Same term occurs more than once in sentiment lexicon: humilde
Warning: Same term occurs more than once in sentiment lexicon: lealtad
Warning: Multiple word term: ['por', 'suerte']
Warning: Same term occurs more than once in sentiment lexicon: afortunado
Warning: Same term occurs more than once in sentiment lexicon: calma
Warning: Multiple word term: ['estar', 'al', 'acecho']
Warning: Same term occurs more than once in sentiment lexicon: lustroso
Warning: Same term occurs more than once in sentiment lexicon: exuberante
Warning: Same term occurs more than once in sentiment lexicon: lujoso
Warning: Same term occurs more than once in sentiment lexicon: loco
Warning: Same term occurs more than once in sentiment lexicon: loco
Warning: Same term occurs more than once in sentiment lexicon: locura
Warning: Same term occurs more than once in sentiment lexicon: magn칤fico
Warning: Same term occurs more than once in sentiment lexicon: principal
Warning: Same term occurs more than once in sentiment lexicon: enfermedad
Warning: Multiple word term: ['homicidio', 'involuntario']
Warning: Same term occurs more than once in sentiment lexicon: maravilloso
Warning: Multiple word term: ['sin', 'sentido']
Warning: Same term occurs more than once in sentiment lexicon: cumplir
Warning: Same term occurs more than once in sentiment lexicon: alegremente
Warning: Same term occurs more than once in sentiment lexicon: alegr칤a
Warning: Same term occurs more than once in sentiment lexicon: alegre
Warning: Multiple word term: ['consciente', 'de']
Warning: Same term occurs more than once in sentiment lexicon: alegr칤a
Warning: Multiple word term: ['portarse', 'mal']
Warning: Multiple word term: ['mal', 'comportamiento']
Warning: Same term occurs more than once in sentiment lexicon: avaro
Warning: Multiple word term: ['informar', 'mal']
Warning: Same term occurs more than once in sentiment lexicon: enga침ar
Warning: Same term occurs more than once in sentiment lexicon: error
Warning: Multiple word term: ['entender', 'mal']
Warning: Multiple word term: ['mal', 'uso']
Warning: Same term occurs more than once in sentiment lexicon: molestar
Warning: Same term occurs more than once in sentiment lexicon: mon칩tono
Warning: Same term occurs more than once in sentiment lexicon: monstruo
Warning: Same term occurs more than once in sentiment lexicon: moral
Warning: Same term occurs more than once in sentiment lexicon: asesino
Warning: Same term occurs more than once in sentiment lexicon: travieso
Warning: Same term occurs more than once in sentiment lexicon: negaci칩n
Warning: Same term occurs more than once in sentiment lexicon: negligencia
Warning: Same term occurs more than once in sentiment lexicon: nervioso
Warning: Same term occurs more than once in sentiment lexicon: agradable
Warning: Same term occurs more than once in sentiment lexicon: 치gil
Warning: Same term occurs more than once in sentiment lexicon: noble
Warning: Multiple word term: ['la', 'no', 'violencia']
Warning: Multiple word term: ['no', 'violenta']
Warning: Same term occurs more than once in sentiment lexicon: despreocupado
Warning: Multiple word term: ['mala', 'fama']
Warning: Same term occurs more than once in sentiment lexicon: molestia
Warning: Same term occurs more than once in sentiment lexicon: nutrir
Warning: Same term occurs more than once in sentiment lexicon: turbio
Warning: Same term occurs more than once in sentiment lexicon: obst치culo
Warning: Same term occurs more than once in sentiment lexicon: ofender
Warning: Same term occurs more than once in sentiment lexicon: delincuente
Warning: Same term occurs more than once in sentiment lexicon: comienzo
Warning: Same term occurs more than once in sentiment lexicon: adelante
Warning: Same term occurs more than once in sentiment lexicon: adversario
Warning: Multiple word term: ['condenar', 'al', 'ostracismo']
Warning: Same term occurs more than once in sentiment lexicon: expulsar
Warning: Same term occurs more than once in sentiment lexicon: explosi칩n
Warning: Multiple word term: ['sobrevivir', 'a']
Warning: Multiple word term: ['correr', 'm치s', 'que']
Warning: Multiple word term: ['lleno', 'de', 'alegr츞xada']
Warning: Multiple word term: ['pasar', 'por', 'alto']
Warning: Same term occurs more than once in sentiment lexicon: dominar
Warning: Same term occurs more than once in sentiment lexicon: invadir
Warning: Same term occurs more than once in sentiment lexicon: vigilancia
Warning: Multiple word term: ['exceso', 'de', 'trabajo']
Warning: Same term occurs more than once in sentiment lexicon: deber
Warning: Same term occurs more than once in sentiment lexicon: miserable
Warning: Same term occurs more than once in sentiment lexicon: mimar
Warning: Same term occurs more than once in sentiment lexicon: perd칩n
Warning: Same term occurs more than once in sentiment lexicon: asociaci칩n
Warning: Same term occurs more than once in sentiment lexicon: pac칤fico
Warning: Multiple word term: ['sin', 'par']
Warning: Same term occurs more than once in sentiment lexicon: perfecto
Warning: Same term occurs more than once in sentiment lexicon: peligro
Warning: Same term occurs more than once in sentiment lexicon: peligroso
Warning: Multiple word term: ['dejar', 'perplejo']
Warning: Same term occurs more than once in sentiment lexicon: persecuci칩n
Warning: Same term occurs more than once in sentiment lexicon: par치sito
Warning: Same term occurs more than once in sentiment lexicon: lamentable
Warning: Same term occurs more than once in sentiment lexicon: despiadado
Warning: Multiple word term: ['compa침ero', 'de', 'juego']
Warning: Same term occurs more than once in sentiment lexicon: agradable
Warning: Same term occurs more than once in sentiment lexicon: broma
Warning: Multiple word term: ['por', 'favor']
Warning: Same term occurs more than once in sentiment lexicon: agradable
Warning: Same term occurs more than once in sentiment lexicon: compromiso
Warning: Same term occurs more than once in sentiment lexicon: abundante
Warning: Multiple word term: ['paso', 'pesado']
Warning: Same term occurs more than once in sentiment lexicon: cort칠s
Warning: Same term occurs more than once in sentiment lexicon: cortes칤a
Warning: Same term occurs more than once in sentiment lexicon: contaminar
Warning: Multiple word term: ['lo', 'positivo']
Warning: Same term occurs more than once in sentiment lexicon: pr치ctico
Warning: Same term occurs more than once in sentiment lexicon: precioso
Warning: Same term occurs more than once in sentiment lexicon: necesitar
Warning: Same term occurs more than once in sentiment lexicon: precisi칩n
Warning: Same term occurs more than once in sentiment lexicon: perjudicial
Warning: Multiple word term: ['primer', 'ministro']
Warning: Same term occurs more than once in sentiment lexicon: prima
Warning: Same term occurs more than once in sentiment lexicon: absurdo
Warning: Same term occurs more than once in sentiment lexicon: inestimable
Warning: Multiple word term: ['ante', 'todo']
Warning: Same term occurs more than once in sentiment lexicon: principal
Warning: Same term occurs more than once in sentiment lexicon: principal
Warning: Same term occurs more than once in sentiment lexicon: principio
Warning: Same term occurs more than once in sentiment lexicon: intimidad
Warning: Same term occurs more than once in sentiment lexicon: privado
Warning: Same term occurs more than once in sentiment lexicon: premio
Warning: Same term occurs more than once in sentiment lexicon: competente
Warning: Same term occurs more than once in sentiment lexicon: prohibir
Warning: Same term occurs more than once in sentiment lexicon: correcto
Warning: Same term occurs more than once in sentiment lexicon: propicio
Warning: Same term occurs more than once in sentiment lexicon: protector
Warning: Same term occurs more than once in sentiment lexicon: caza
Warning: Same term occurs more than once in sentiment lexicon: 칰til
Warning: Same term occurs more than once in sentiment lexicon: perplejidad
Warning: Same term occurs more than once in sentiment lexicon: pintoresco
Warning: Same term occurs more than once in sentiment lexicon: dilema
Warning: Multiple word term: ['dejar', 'de']
Warning: Same term occurs more than once in sentiment lexicon: cobarde
Warning: Same term occurs more than once in sentiment lexicon: real
Warning: Multiple word term: ['de', 'modo', 'realista']
Warning: Same term occurs more than once in sentiment lexicon: rebelde
Warning: Same term occurs more than once in sentiment lexicon: refutar
Warning: Same term occurs more than once in sentiment lexicon: refugio
Warning: Same term occurs more than once in sentiment lexicon: rechazar
Warning: Same term occurs more than once in sentiment lexicon: real
Warning: Same term occurs more than once in sentiment lexicon: lamentable
Warning: Same term occurs more than once in sentiment lexicon: rechazar
Warning: Same term occurs more than once in sentiment lexicon: pertinencia
Warning: Same term occurs more than once in sentiment lexicon: pertinente
Warning: Same term occurs more than once in sentiment lexicon: seguro
Warning: Same term occurs more than once in sentiment lexicon: aliviar
Warning: Same term occurs more than once in sentiment lexicon: notable
Warning: Same term occurs more than once in sentiment lexicon: renovaci칩n
Warning: Same term occurs more than once in sentiment lexicon: reparaci칩n
Warning: Same term occurs more than once in sentiment lexicon: repugnante
Warning: Same term occurs more than once in sentiment lexicon: rechazo
Warning: Multiple word term: ['resentirse', 'de']
Warning: Same term occurs more than once in sentiment lexicon: renuncia
Warning: Same term occurs more than once in sentiment lexicon: resuelto
Warning: Same term occurs more than once in sentiment lexicon: ingenioso
Warning: Same term occurs more than once in sentiment lexicon: responsabilidad
Warning: Same term occurs more than once in sentiment lexicon: responsable
Warning: Same term occurs more than once in sentiment lexicon: restricci칩n
Warning: Multiple word term: ['tomar', 'represalias']
Warning: Same term occurs more than once in sentiment lexicon: retorno
Warning: Same term occurs more than once in sentiment lexicon: reverencia
Warning: Same term occurs more than once in sentiment lexicon: renacimiento
Warning: Same term occurs more than once in sentiment lexicon: resucitar
Warning: Same term occurs more than once in sentiment lexicon: riqueza
Warning: Same term occurs more than once in sentiment lexicon: rid칤culo
Warning: Same term occurs more than once in sentiment lexicon: rid칤culo
Warning: Same term occurs more than once in sentiment lexicon: justicia
Warning: Same term occurs more than once in sentiment lexicon: leg칤timo
Warning: Same term occurs more than once in sentiment lexicon: maduro
Warning: Same term occurs more than once in sentiment lexicon: ladr칩n
Warning: Same term occurs more than once in sentiment lexicon: 치spero
Warning: Same term occurs more than once in sentiment lexicon: basura
Warning: Same term occurs more than once in sentiment lexicon: ejecutar
Warning: Same term occurs more than once in sentiment lexicon: fugitivo
Warning: Same term occurs more than once in sentiment lexicon: despiadado
Warning: Same term occurs more than once in sentiment lexicon: crueldad
Warning: Same term occurs more than once in sentiment lexicon: triste
Warning: Same term occurs more than once in sentiment lexicon: seguro
Warning: Same term occurs more than once in sentiment lexicon: santo
Warning: Same term occurs more than once in sentiment lexicon: saludable
Warning: Same term occurs more than once in sentiment lexicon: saludo
Warning: Multiple word term: ['se', 'hundi칩']
Warning: Same term occurs more than once in sentiment lexicon: satisfacer
Warning: Same term occurs more than once in sentiment lexicon: saborear
Warning: Same term occurs more than once in sentiment lexicon: comprensi칩n
Warning: Multiple word term: ['chivo', 'expiatorio']
Warning: Same term occurs more than once in sentiment lexicon: escasez
Warning: Same term occurs more than once in sentiment lexicon: espantado
Warning: Multiple word term: ['de', 'miedo']
Warning: Same term occurs more than once in sentiment lexicon: desd칠n
Warning: Same term occurs more than once in sentiment lexicon: ce침o
Warning: Same term occurs more than once in sentiment lexicon: tornillo
Warning: Same term occurs more than once in sentiment lexicon: pelea
Warning: Same term occurs more than once in sentiment lexicon: secreto
Warning: Same term occurs more than once in sentiment lexicon: asegurar
Warning: Same term occurs more than once in sentiment lexicon: seguridad
Warning: Same term occurs more than once in sentiment lexicon: aut칩nomo
Warning: Multiple word term: ['amor', 'propio']
Warning: Multiple word term: ['sin', 'sentido']
Warning: Same term occurs more than once in sentiment lexicon: sensible
Warning: Same term occurs more than once in sentiment lexicon: secuestrar
Warning: Same term occurs more than once in sentiment lexicon: grave
Warning: Same term occurs more than once in sentiment lexicon: seriedad
Warning: Same term occurs more than once in sentiment lexicon: resolver
Warning: Same term occurs more than once in sentiment lexicon: grave
Warning: Same term occurs more than once in sentiment lexicon: lamentable
Warning: Same term occurs more than once in sentiment lexicon: superficial
Warning: Same term occurs more than once in sentiment lexicon: verg칲enza
Warning: Same term occurs more than once in sentiment lexicon: proteger
Warning: Same term occurs more than once in sentiment lexicon: brillante
Warning: Same term occurs more than once in sentiment lexicon: choque
Warning: Same term occurs more than once in sentiment lexicon: escasez
Warning: Same term occurs more than once in sentiment lexicon: defecto
Warning: Same term occurs more than once in sentiment lexicon: chillido
Warning: Multiple word term: ['encogimiento', 'de', 'hombros']
Warning: Same term occurs more than once in sentiment lexicon: enfermo
Warning: Same term occurs more than once in sentiment lexicon: enfermedad
Warning: Same term occurs more than once in sentiment lexicon: significativo
Warning: Same term occurs more than once in sentiment lexicon: significar
Warning: Same term occurs more than once in sentiment lexicon: tonto
Warning: Same term occurs more than once in sentiment lexicon: h치bil
Warning: Same term occurs more than once in sentiment lexicon: golpe
Warning: Same term occurs more than once in sentiment lexicon: masacre
Warning: Same term occurs more than once in sentiment lexicon: asesino
Warning: Same term occurs more than once in sentiment lexicon: leve
Warning: Same term occurs more than once in sentiment lexicon: descuidado
Warning: Same term occurs more than once in sentiment lexicon: perezoso
Warning: Same term occurs more than once in sentiment lexicon: depresi칩n
Warning: Same term occurs more than once in sentiment lexicon: astuto
Warning: Same term occurs more than once in sentiment lexicon: golpe
Warning: Same term occurs more than once in sentiment lexicon: inteligente
Warning: Same term occurs more than once in sentiment lexicon: ahogar
Warning: Same term occurs more than once in sentiment lexicon: gru침ido
Warning: Same term occurs more than once in sentiment lexicon: burla
Warning: Same term occurs more than once in sentiment lexicon: sombr칤o
Warning: Same term occurs more than once in sentiment lexicon: calmar
Warning: Same term occurs more than once in sentiment lexicon: dolor
Warning: Same term occurs more than once in sentiment lexicon: dolor
Warning: Same term occurs more than once in sentiment lexicon: triste
Warning: Same term occurs more than once in sentiment lexicon: triste
Warning: Multiple word term: ['de', 'repuesto']
Warning: Same term occurs more than once in sentiment lexicon: brillo
Warning: Same term occurs more than once in sentiment lexicon: divisi칩n
Warning: Same term occurs more than once in sentiment lexicon: estropear
Warning: Same term occurs more than once in sentiment lexicon: inmaculado
Warning: Same term occurs more than once in sentiment lexicon: animado
Warning: Multiple word term: ['de', 'lleno']
Warning: Same term occurs more than once in sentiment lexicon: mancha
Warning: Multiple word term: ['estar', 'de', 'pie']
Warning: Same term occurs more than once in sentiment lexicon: r칤gido
Warning: Same term occurs more than once in sentiment lexicon: asustar
Warning: Same term occurs more than once in sentiment lexicon: hambre
Warning: Multiple word term: ['morir', 'de', 'hambre']
Warning: Same term occurs more than once in sentiment lexicon: majestuoso
Warning: Same term occurs more than once in sentiment lexicon: firme
Warning: Same term occurs more than once in sentiment lexicon: firme
Warning: Same term occurs more than once in sentiment lexicon: firmeza
Warning: Same term occurs more than once in sentiment lexicon: firmeza
Warning: Same term occurs more than once in sentiment lexicon: estable
Warning: Same term occurs more than once in sentiment lexicon: est칤mulo
Warning: Same term occurs more than once in sentiment lexicon: lucha
Warning: Same term occurs more than once in sentiment lexicon: riguroso
Warning: Same term occurs more than once in sentiment lexicon: lucha
Warning: Multiple word term: ['mal', 'ventilado']
Warning: Same term occurs more than once in sentiment lexicon: robusto
Warning: Multiple word term: ['con', 'estilo']
Warning: Same term occurs more than once in sentiment lexicon: afable
Warning: Same term occurs more than once in sentiment lexicon: disminuir
Warning: Same term occurs more than once in sentiment lexicon: justificar
Warning: Multiple word term: ['tener', '칠xito']
Warning: Same term occurs more than once in sentiment lexicon: v칤ctima
Warning: Same term occurs more than once in sentiment lexicon: suficiente
Warning: Same term occurs more than once in sentiment lexicon: sofocar
Warning: Same term occurs more than once in sentiment lexicon: adecuado
Warning: Same term occurs more than once in sentiment lexicon: superficial
Warning: Same term occurs more than once in sentiment lexicon: apoyo
Warning: Same term occurs more than once in sentiment lexicon: apoyo
Warning: Same term occurs more than once in sentiment lexicon: supremo
Warning: Same term occurs more than once in sentiment lexicon: superar
Warning: Same term occurs more than once in sentiment lexicon: superar
Warning: Multiple word term: ['sobrevivir', 'a']
Warning: Same term occurs more than once in sentiment lexicon: novio
Warning: Same term occurs more than once in sentiment lexicon: mancha
Warning: Same term occurs more than once in sentiment lexicon: tard칤o
Warning: Same term occurs more than once in sentiment lexicon: genio
Warning: Same term occurs more than once in sentiment lexicon: tenso
Warning: Same term occurs more than once in sentiment lexicon: tensi칩n
Warning: Same term occurs more than once in sentiment lexicon: terrible
Warning: Same term occurs more than once in sentiment lexicon: estupendo
Warning: Same term occurs more than once in sentiment lexicon: aterrorizar
Warning: Same term occurs more than once in sentiment lexicon: agradecido
Warning: Same term occurs more than once in sentiment lexicon: robo
Warning: Same term occurs more than once in sentiment lexicon: ladr칩n
Warning: Same term occurs more than once in sentiment lexicon: exhaustivo
Warning: Same term occurs more than once in sentiment lexicon: consideraci칩n
Warning: Multiple word term: ['movimiento', 'de', 'piernas']
Warning: Same term occurs more than once in sentiment lexicon: amenaza
Warning: Same term occurs more than once in sentiment lexicon: emoci칩n
Warning: Same term occurs more than once in sentiment lexicon: prosperar
Warning: Multiple word term: ['ruido', 'sordo']
Warning: Same term occurs more than once in sentiment lexicon: frustrar
Warning: Same term occurs more than once in sentiment lexicon: timidez
Warning: Same term occurs more than once in sentiment lexicon: cansado
Warning: Same term occurs more than once in sentiment lexicon: tolerancia
Warning: Multiple word term: ['m치s', 'alto']
Warning: Same term occurs more than once in sentiment lexicon: quisquilloso
Warning: Same term occurs more than once in sentiment lexicon: trampa
Warning: Same term occurs more than once in sentiment lexicon: traici칩n
Warning: Same term occurs more than once in sentiment lexicon: traici칩n
Warning: Same term occurs more than once in sentiment lexicon: tratado
Warning: Multiple word term: ['entrada', 'ilegal']
Warning: Same term occurs more than once in sentiment lexicon: homenaje
Warning: Same term occurs more than once in sentiment lexicon: problema
Warning: Same term occurs more than once in sentiment lexicon: molesto
Warning: Same term occurs more than once in sentiment lexicon: ausente
Warning: Multiple word term: ['caminar', 'penosamente']
Warning: Same term occurs more than once in sentiment lexicon: confianza
Warning: Same term occurs more than once in sentiment lexicon: integridad
Warning: Multiple word term: ['digno', 'de', 'confianza']
Warning: Same term occurs more than once in sentiment lexicon: confusi칩n
Warning: Multiple word term: ['no', 'acostumbrado']
Warning: Multiple word term: ['no', 'atractivo']
Warning: Same term occurs more than once in sentiment lexicon: incre칤ble
Warning: Multiple word term: ['sin', 'consolidar']
Warning: Same term occurs more than once in sentiment lexicon: inmundo
Warning: Same term occurs more than once in sentiment lexicon: claro
Warning: Same term occurs more than once in sentiment lexicon: inc칩modo
Warning: Multiple word term: ['poco', 'com칰n']
Warning: Multiple word term: ['poco', 'confiable']
Warning: Same term occurs more than once in sentiment lexicon: indudable
Warning: Same term occurs more than once in sentiment lexicon: inquietud
Warning: Same term occurs more than once in sentiment lexicon: inquieto
Warning: Same term occurs more than once in sentiment lexicon: desigual
Warning: Same term occurs more than once in sentiment lexicon: insensible
Warning: Multiple word term: ['no', 'apto']
Warning: Same term occurs more than once in sentiment lexicon: hostil
Warning: Multiple word term: ['sin', 'vigilancia']
Warning: Multiple word term: ['sin', 'prisas']
Warning: Multiple word term: ['sin', 'importancia']
Warning: Multiple word term: ['no', 'informado']
Warning: Same term occurs more than once in sentiment lexicon: injusto
Warning: Same term occurs more than once in sentiment lexicon: cruel
Warning: Same term occurs more than once in sentiment lexicon: ilegal
Warning: Same term occurs more than once in sentiment lexicon: desagradable
Warning: Multiple word term: ['falta', 'de', 'fiabilidad']
Warning: Multiple word term: ['poco', 'fiable']
Warning: Same term occurs more than once in sentiment lexicon: inseguro
Warning: Same term occurs more than once in sentiment lexicon: invisible
Warning: Same term occurs more than once in sentiment lexicon: altruista
Warning: Same term occurs more than once in sentiment lexicon: defectuoso
Warning: Same term occurs more than once in sentiment lexicon: inestable
Warning: Same term occurs more than once in sentiment lexicon: inestabilidad
Warning: Same term occurs more than once in sentiment lexicon: inestable
Warning: Same term occurs more than once in sentiment lexicon: infructuoso
Warning: Multiple word term: ['sin', 'tocar']
Warning: Same term occurs more than once in sentiment lexicon: falso
Warning: Multiple word term: ['indigno', 'de', 'confianza']
Warning: Same term occurs more than once in sentiment lexicon: mentira
Warning: Same term occurs more than once in sentiment lexicon: reacio
Warning: Multiple word term: ['indigno', 'de']
Warning: Same term occurs more than once in sentiment lexicon: optimista
Warning: Same term occurs more than once in sentiment lexicon: defender
Warning: Multiple word term: ['m치s', 'alto']
Warning: Same term occurs more than once in sentiment lexicon: esc치ndalo
Warning: Same term occurs more than once in sentiment lexicon: trastorno
Warning: Multiple word term: ['al', 'rev칠s']
Warning: Multiple word term: ['hacia', 'arriba']
Warning: Same term occurs more than once in sentiment lexicon: 칰til
Warning: Same term occurs more than once in sentiment lexicon: in칰til
Warning: Multiple word term: ['lo', '칰ltimo']
Warning: Same term occurs more than once in sentiment lexicon: vagabundo
Warning: Same term occurs more than once in sentiment lexicon: vagabundo
Warning: Same term occurs more than once in sentiment lexicon: vaguedad
Warning: Same term occurs more than once in sentiment lexicon: valiente
Warning: Same term occurs more than once in sentiment lexicon: valor
Warning: Multiple word term: ['vencer', 'a']
Warning: Same term occurs more than once in sentiment lexicon: venganza
Warning: Same term occurs more than once in sentiment lexicon: venenoso
Warning: Same term occurs more than once in sentiment lexicon: verdadero
Warning: Same term occurs more than once in sentiment lexicon: vigilancia
Warning: Same term occurs more than once in sentiment lexicon: vac칤o
Warning: Same term occurs more than once in sentiment lexicon: vulgar
Warning: Same term occurs more than once in sentiment lexicon: lamento
Warning: Multiple word term: ['sin', 'sentido']
Warning: Same term occurs more than once in sentiment lexicon: guerra
Warning: Same term occurs more than once in sentiment lexicon: caliente
Warning: Same term occurs more than once in sentiment lexicon: antiecon칩mico
Warning: Same term occurs more than once in sentiment lexicon: rebelde
Warning: Same term occurs more than once in sentiment lexicon: aburrido
Warning: Multiple word term: ['mala', 'hierba']
Warning: Same term occurs more than once in sentiment lexicon: llorar
Warning: Same term occurs more than once in sentiment lexicon: extra침o
Warning: Same term occurs more than once in sentiment lexicon: caprichoso
Warning: Same term occurs more than once in sentiment lexicon: saludable
Warning: Same term occurs more than once in sentiment lexicon: salvaje
Warning: Same term occurs more than once in sentiment lexicon: disposici칩n
Warning: Same term occurs more than once in sentiment lexicon: astuto
Warning: Multiple word term: ['mueca', 'de', 'dolor']
Warning: Same term occurs more than once in sentiment lexicon: ingenioso
Warning: Same term occurs more than once in sentiment lexicon: aflicci칩n
Warning: Same term occurs more than once in sentiment lexicon: lamentable
Warning: Same term occurs more than once in sentiment lexicon: maravilla
Warning: Same term occurs more than once in sentiment lexicon: estupendo
Warning: Same term occurs more than once in sentiment lexicon: maravilloso
Warning: Same term occurs more than once in sentiment lexicon: factible
Warning: Multiple word term: ['de', 'fama', 'mundial']
Warning: Same term occurs more than once in sentiment lexicon: peor
Warning: Same term occurs more than once in sentiment lexicon: valor
Warning: Multiple word term: ['valga', 'la', 'pena']
Warning: Same term occurs more than once in sentiment lexicon: solvencia
Warning: Multiple word term: ['sin', 'valor']
Warning: Same term occurs more than once in sentiment lexicon: digno
Warning: Same term occurs more than once in sentiment lexicon: naufragio
Warning: Same term occurs more than once in sentiment lexicon: luchar
Warning: Same term occurs more than once in sentiment lexicon: desgraciado
Warning: Same term occurs more than once in sentiment lexicon: miseria
Warning: Same term occurs more than once in sentiment lexicon: arruga
Warning: Same term occurs more than once in sentiment lexicon: mal
Warning: Same term occurs more than once in sentiment lexicon: ilegal
Warning: Same term occurs more than once in sentiment lexicon: entusiasmo
Sentiment lexicon has 2927 entries.
Creating vectors...
Printing vector 0...
Printing vector 1...
Printing vector 2...
Printing vector 3...
Printing vector 4...
Printing vector 5...
Printing vector 6...
Printing vector 7...
Printing vector 8...
Printing vector 9...
Running MaxEnt...
Trial #0
Trial #1
Trial #2
Trial #3
Trial #4
Trial #5
Trial #6
Trial #7
Trial #8
Trial #9
