000 (135399.000.000) 06/10 12:24:21 Job submitted from host: <192.168.100.50:50435>
...
000 (135399.001.000) 06/10 12:24:21 Job submitted from host: <192.168.100.50:50435>
...
001 (135399.000.000) 06/10 12:24:26 Job executing on host: <192.168.100.51:39141>
...
001 (135399.001.000) 06/10 12:24:26 Job executing on host: <192.168.100.59:51381>
...
006 (135399.001.000) 06/10 12:24:35 Image size of job updated: 12
	3  -  MemoryUsage of job (MB)
	2108  -  ResidentSetSize of job (KB)
...
006 (135399.000.000) 06/10 12:24:35 Image size of job updated: 12
	3  -  MemoryUsage of job (MB)
	2104  -  ResidentSetSize of job (KB)
...
006 (135399.001.000) 06/10 12:24:59 Image size of job updated: 974844
	3  -  MemoryUsage of job (MB)
	2108  -  ResidentSetSize of job (KB)
...
005 (135399.001.000) 06/10 12:24:59 Job terminated.
	(1) Normal termination (return value 0)
		Usr 0 00:00:10, Sys 0 00:00:00  -  Run Remote Usage
		Usr 0 00:00:00, Sys 0 00:00:00  -  Run Local Usage
		Usr 0 00:00:10, Sys 0 00:00:00  -  Total Remote Usage
		Usr 0 00:00:00, Sys 0 00:00:00  -  Total Local Usage
	0  -  Run Bytes Sent By Job
	0  -  Run Bytes Received By Job
	0  -  Total Bytes Sent By Job
	0  -  Total Bytes Received By Job
	Partitionable Resources :    Usage  Request          
	   Cpus                 :                 1          
	   Disk (KB)            :       12       12          
	   Memory (MB)          :        3     1024          
...
006 (135399.000.000) 06/10 12:25:13 Image size of job updated: 1552856
	3  -  MemoryUsage of job (MB)
	2104  -  ResidentSetSize of job (KB)
...
005 (135399.000.000) 06/10 12:25:13 Job terminated.
	(1) Normal termination (return value 0)
		Usr 0 00:00:13, Sys 0 00:00:00  -  Run Remote Usage
		Usr 0 00:00:00, Sys 0 00:00:00  -  Run Local Usage
		Usr 0 00:00:13, Sys 0 00:00:00  -  Total Remote Usage
		Usr 0 00:00:00, Sys 0 00:00:00  -  Total Local Usage
	0  -  Run Bytes Sent By Job
	0  -  Run Bytes Received By Job
	0  -  Total Bytes Sent By Job
	0  -  Total Bytes Received By Job
	Partitionable Resources :    Usage  Request          
	   Cpus                 :                 1          
	   Disk (KB)            :       12       12          
	   Memory (MB)          :        3     1024          
...
000 (135400.000.000) 06/10 12:28:28 Job submitted from host: <192.168.100.50:50435>
...
000 (135400.001.000) 06/10 12:28:28 Job submitted from host: <192.168.100.50:50435>
...
001 (135400.000.000) 06/10 12:28:48 Job executing on host: <192.168.100.59:51381>
...
001 (135400.001.000) 06/10 12:28:48 Job executing on host: <192.168.100.55:36799>
...
006 (135400.000.000) 06/10 12:28:56 Image size of job updated: 12
	3  -  MemoryUsage of job (MB)
	2104  -  ResidentSetSize of job (KB)
...
006 (135400.001.000) 06/10 12:28:56 Image size of job updated: 153988
	55  -  MemoryUsage of job (MB)
	55556  -  ResidentSetSize of job (KB)
...
006 (135400.001.000) 06/10 12:30:28 Image size of job updated: 1665832
	55  -  MemoryUsage of job (MB)
	55556  -  ResidentSetSize of job (KB)
...
005 (135400.001.000) 06/10 12:30:28 Job terminated.
	(1) Normal termination (return value 0)
		Usr 0 00:00:34, Sys 0 00:00:00  -  Run Remote Usage
		Usr 0 00:00:00, Sys 0 00:00:00  -  Run Local Usage
		Usr 0 00:00:34, Sys 0 00:00:00  -  Total Remote Usage
		Usr 0 00:00:00, Sys 0 00:00:00  -  Total Local Usage
	0  -  Run Bytes Sent By Job
	0  -  Run Bytes Received By Job
	0  -  Total Bytes Sent By Job
	0  -  Total Bytes Received By Job
	Partitionable Resources :    Usage  Request          
	   Cpus                 :                 1          
	   Disk (KB)            :       12       12          
	   Memory (MB)          :       55     1024          
...
006 (135400.000.000) 06/10 12:30:46 Image size of job updated: 1031872
	3  -  MemoryUsage of job (MB)
	2104  -  ResidentSetSize of job (KB)
...
005 (135400.000.000) 06/10 12:30:46 Job terminated.
	(1) Normal termination (return value 0)
		Usr 0 00:00:39, Sys 0 00:00:00  -  Run Remote Usage
		Usr 0 00:00:00, Sys 0 00:00:00  -  Run Local Usage
		Usr 0 00:00:39, Sys 0 00:00:00  -  Total Remote Usage
		Usr 0 00:00:00, Sys 0 00:00:00  -  Total Local Usage
	0  -  Run Bytes Sent By Job
	0  -  Run Bytes Received By Job
	0  -  Total Bytes Sent By Job
	0  -  Total Bytes Received By Job
	Partitionable Resources :    Usage  Request          
	   Cpus                 :                 1          
	   Disk (KB)            :       12       12          
	   Memory (MB)          :        3     1024          
...
000 (135402.000.000) 06/10 13:27:17 Job submitted from host: <192.168.100.50:50435>
...
000 (135402.001.000) 06/10 13:27:17 Job submitted from host: <192.168.100.50:50435>
...
001 (135402.000.000) 06/10 13:27:47 Job executing on host: <192.168.100.51:39141>
...
006 (135402.000.000) 06/10 13:27:56 Image size of job updated: 12
	3  -  MemoryUsage of job (MB)
	2108  -  ResidentSetSize of job (KB)
...
001 (135402.001.000) 06/10 13:28:18 Job executing on host: <192.168.100.51:39141>
...
006 (135402.001.000) 06/10 13:28:26 Image size of job updated: 92872
	3  -  MemoryUsage of job (MB)
	2164  -  ResidentSetSize of job (KB)
...
000 (135403.000.000) 06/10 13:29:22 Job submitted from host: <192.168.100.50:50435>
...
000 (135403.001.000) 06/10 13:29:22 Job submitted from host: <192.168.100.50:50435>
...
001 (135403.000.000) 06/10 13:29:38 Job executing on host: <192.168.100.51:39141>
...
001 (135403.001.000) 06/10 13:29:38 Job executing on host: <192.168.100.59:51381>
...
006 (135403.000.000) 06/10 13:29:47 Image size of job updated: 12
	3  -  MemoryUsage of job (MB)
	2104  -  ResidentSetSize of job (KB)
...
006 (135403.001.000) 06/10 13:29:47 Image size of job updated: 12
	3  -  MemoryUsage of job (MB)
	2104  -  ResidentSetSize of job (KB)
...
006 (135403.001.000) 06/10 13:29:52 Image size of job updated: 1407220
	3  -  MemoryUsage of job (MB)
	2104  -  ResidentSetSize of job (KB)
...
005 (135403.001.000) 06/10 13:29:52 Job terminated.
	(1) Normal termination (return value 0)
		Usr 0 00:00:00, Sys 0 00:00:00  -  Run Remote Usage
		Usr 0 00:00:00, Sys 0 00:00:00  -  Run Local Usage
		Usr 0 00:00:00, Sys 0 00:00:00  -  Total Remote Usage
		Usr 0 00:00:00, Sys 0 00:00:00  -  Total Local Usage
	0  -  Run Bytes Sent By Job
	0  -  Run Bytes Received By Job
	0  -  Total Bytes Sent By Job
	0  -  Total Bytes Received By Job
	Partitionable Resources :    Usage  Request          
	   Cpus                 :                 1          
	   Disk (KB)            :       12       12          
	   Memory (MB)          :        3     1024          
...
006 (135403.000.000) 06/10 13:30:11 Image size of job updated: 1554868
	3  -  MemoryUsage of job (MB)
	2104  -  ResidentSetSize of job (KB)
...
005 (135403.000.000) 06/10 13:30:11 Job terminated.
	(1) Normal termination (return value 0)
		Usr 0 00:00:01, Sys 0 00:00:00  -  Run Remote Usage
		Usr 0 00:00:00, Sys 0 00:00:00  -  Run Local Usage
		Usr 0 00:00:01, Sys 0 00:00:00  -  Total Remote Usage
		Usr 0 00:00:00, Sys 0 00:00:00  -  Total Local Usage
	0  -  Run Bytes Sent By Job
	0  -  Run Bytes Received By Job
	0  -  Total Bytes Sent By Job
	0  -  Total Bytes Received By Job
	Partitionable Resources :    Usage  Request          
	   Cpus                 :                 1          
	   Disk (KB)            :       12       12          
	   Memory (MB)          :        3     1024          
...
006 (135402.000.000) 06/10 13:30:16 Image size of job updated: 1771536
	3  -  MemoryUsage of job (MB)
	2108  -  ResidentSetSize of job (KB)
...
005 (135402.000.000) 06/10 13:30:16 Job terminated.
	(1) Normal termination (return value 0)
		Usr 0 00:01:06, Sys 0 00:00:00  -  Run Remote Usage
		Usr 0 00:00:00, Sys 0 00:00:00  -  Run Local Usage
		Usr 0 00:01:06, Sys 0 00:00:00  -  Total Remote Usage
		Usr 0 00:00:00, Sys 0 00:00:00  -  Total Local Usage
	0  -  Run Bytes Sent By Job
	0  -  Run Bytes Received By Job
	0  -  Total Bytes Sent By Job
	0  -  Total Bytes Received By Job
	Partitionable Resources :    Usage  Request          
	   Cpus                 :                 1          
	   Disk (KB)            :       12       12          
	   Memory (MB)          :        3     1024          
...
000 (135404.000.000) 06/10 13:30:20 Job submitted from host: <192.168.100.50:50435>
...
000 (135404.001.000) 06/10 13:30:20 Job submitted from host: <192.168.100.50:50435>
...
006 (135402.001.000) 06/10 13:30:27 Image size of job updated: 1701944
	3  -  MemoryUsage of job (MB)
	2164  -  ResidentSetSize of job (KB)
...
005 (135402.001.000) 06/10 13:30:27 Job terminated.
	(1) Normal termination (return value 0)
		Usr 0 00:00:57, Sys 0 00:00:00  -  Run Remote Usage
		Usr 0 00:00:00, Sys 0 00:00:00  -  Run Local Usage
		Usr 0 00:00:57, Sys 0 00:00:00  -  Total Remote Usage
		Usr 0 00:00:00, Sys 0 00:00:00  -  Total Local Usage
	0  -  Run Bytes Sent By Job
	0  -  Run Bytes Received By Job
	0  -  Total Bytes Sent By Job
	0  -  Total Bytes Received By Job
	Partitionable Resources :    Usage  Request          
	   Cpus                 :                 1          
	   Disk (KB)            :       12       12          
	   Memory (MB)          :        3     1024          
...
001 (135404.000.000) 06/10 13:30:28 Job executing on host: <192.168.100.51:39141>
...
001 (135404.001.000) 06/10 13:30:28 Job executing on host: <192.168.100.55:36799>
...
006 (135404.000.000) 06/10 13:30:36 Image size of job updated: 924824
	97  -  MemoryUsage of job (MB)
	99252  -  ResidentSetSize of job (KB)
...
006 (135404.001.000) 06/10 13:30:36 Image size of job updated: 911060
	39  -  MemoryUsage of job (MB)
	39300  -  ResidentSetSize of job (KB)
...
005 (135404.001.000) 06/10 13:30:41 Job terminated.
	(1) Normal termination (return value 0)
		Usr 0 00:00:00, Sys 0 00:00:00  -  Run Remote Usage
		Usr 0 00:00:00, Sys 0 00:00:00  -  Run Local Usage
		Usr 0 00:00:00, Sys 0 00:00:00  -  Total Remote Usage
		Usr 0 00:00:00, Sys 0 00:00:00  -  Total Local Usage
	0  -  Run Bytes Sent By Job
	0  -  Run Bytes Received By Job
	0  -  Total Bytes Sent By Job
	0  -  Total Bytes Received By Job
	Partitionable Resources :    Usage  Request          
	   Cpus                 :                 1          
	   Disk (KB)            :       12       12          
	   Memory (MB)          :       39     1024          
...
006 (135404.000.000) 06/10 13:31:01 Image size of job updated: 1549228
	97  -  MemoryUsage of job (MB)
	99252  -  ResidentSetSize of job (KB)
...
005 (135404.000.000) 06/10 13:31:01 Job terminated.
	(1) Normal termination (return value 0)
		Usr 0 00:00:03, Sys 0 00:00:00  -  Run Remote Usage
		Usr 0 00:00:00, Sys 0 00:00:00  -  Run Local Usage
		Usr 0 00:00:03, Sys 0 00:00:00  -  Total Remote Usage
		Usr 0 00:00:00, Sys 0 00:00:00  -  Total Local Usage
	0  -  Run Bytes Sent By Job
	0  -  Run Bytes Received By Job
	0  -  Total Bytes Sent By Job
	0  -  Total Bytes Received By Job
	Partitionable Resources :    Usage  Request          
	   Cpus                 :                 1          
	   Disk (KB)            :       12       12          
	   Memory (MB)          :       97     1024          
...
000 (135405.000.000) 06/10 13:34:38 Job submitted from host: <192.168.100.50:50435>
...
000 (135405.001.000) 06/10 13:34:38 Job submitted from host: <192.168.100.50:50435>
...
000 (135405.002.000) 06/10 13:34:38 Job submitted from host: <192.168.100.50:50435>
...
001 (135405.000.000) 06/10 13:34:49 Job executing on host: <192.168.100.51:39141>
...
001 (135405.001.000) 06/10 13:34:49 Job executing on host: <192.168.100.59:51381>
...
001 (135405.002.000) 06/10 13:34:49 Job executing on host: <192.168.100.55:36799>
...
006 (135405.001.000) 06/10 13:34:57 Image size of job updated: 12
	3  -  MemoryUsage of job (MB)
	2100  -  ResidentSetSize of job (KB)
...
006 (135405.000.000) 06/10 13:34:57 Image size of job updated: 12
	3  -  MemoryUsage of job (MB)
	2104  -  ResidentSetSize of job (KB)
...
006 (135405.002.000) 06/10 13:34:57 Image size of job updated: 154744
	56  -  MemoryUsage of job (MB)
	56516  -  ResidentSetSize of job (KB)
...
000 (135406.000.000) 06/10 13:37:12 Job submitted from host: <192.168.100.50:50435>
...
000 (135406.001.000) 06/10 13:37:12 Job submitted from host: <192.168.100.50:50435>
...
006 (135405.001.000) 06/10 13:37:26 Image size of job updated: 1788104
	3  -  MemoryUsage of job (MB)
	2100  -  ResidentSetSize of job (KB)
...
005 (135405.001.000) 06/10 13:37:26 Job terminated.
	(1) Normal termination (return value 0)
		Usr 0 00:01:05, Sys 0 00:00:00  -  Run Remote Usage
		Usr 0 00:00:00, Sys 0 00:00:00  -  Run Local Usage
		Usr 0 00:01:05, Sys 0 00:00:00  -  Total Remote Usage
		Usr 0 00:00:00, Sys 0 00:00:00  -  Total Local Usage
	0  -  Run Bytes Sent By Job
	0  -  Run Bytes Received By Job
	0  -  Total Bytes Sent By Job
	0  -  Total Bytes Received By Job
	Partitionable Resources :    Usage  Request          
	   Cpus                 :                 1          
	   Disk (KB)            :       12       12          
	   Memory (MB)          :        3     1024          
...
001 (135406.000.000) 06/10 13:37:26 Job executing on host: <192.168.100.59:51381>
...
006 (135406.000.000) 06/10 13:37:35 Image size of job updated: 1549264
	37  -  MemoryUsage of job (MB)
	37084  -  ResidentSetSize of job (KB)
...
006 (135405.002.000) 06/10 13:37:38 Image size of job updated: 1782736
	56  -  MemoryUsage of job (MB)
	56516  -  ResidentSetSize of job (KB)
...
005 (135405.002.000) 06/10 13:37:38 Job terminated.
	(1) Normal termination (return value 0)
		Usr 0 00:01:22, Sys 0 00:00:01  -  Run Remote Usage
		Usr 0 00:00:00, Sys 0 00:00:00  -  Run Local Usage
		Usr 0 00:01:22, Sys 0 00:00:01  -  Total Remote Usage
		Usr 0 00:00:00, Sys 0 00:00:00  -  Total Local Usage
	0  -  Run Bytes Sent By Job
	0  -  Run Bytes Received By Job
	0  -  Total Bytes Sent By Job
	0  -  Total Bytes Received By Job
	Partitionable Resources :    Usage  Request          
	   Cpus                 :                 1          
	   Disk (KB)            :       12       12          
	   Memory (MB)          :       56     1024          
...
001 (135406.001.000) 06/10 13:37:39 Job executing on host: <192.168.100.55:36799>
...
005 (135406.000.000) 06/10 13:37:41 Job terminated.
	(1) Normal termination (return value 0)
		Usr 0 00:00:00, Sys 0 00:00:00  -  Run Remote Usage
		Usr 0 00:00:00, Sys 0 00:00:00  -  Run Local Usage
		Usr 0 00:00:00, Sys 0 00:00:00  -  Total Remote Usage
		Usr 0 00:00:00, Sys 0 00:00:00  -  Total Local Usage
	0  -  Run Bytes Sent By Job
	0  -  Run Bytes Received By Job
	0  -  Total Bytes Sent By Job
	0  -  Total Bytes Received By Job
	Partitionable Resources :    Usage  Request          
	   Cpus                 :                 1          
	   Disk (KB)            :       12       12          
	   Memory (MB)          :       37     1024          
...
006 (135406.001.000) 06/10 13:37:47 Image size of job updated: 12
	3  -  MemoryUsage of job (MB)
	2096  -  ResidentSetSize of job (KB)
...
006 (135406.001.000) 06/10 13:37:52 Image size of job updated: 975668
	3  -  MemoryUsage of job (MB)
	2096  -  ResidentSetSize of job (KB)
...
005 (135406.001.000) 06/10 13:37:52 Job terminated.
	(1) Normal termination (return value 0)
		Usr 0 00:00:00, Sys 0 00:00:00  -  Run Remote Usage
		Usr 0 00:00:00, Sys 0 00:00:00  -  Run Local Usage
		Usr 0 00:00:00, Sys 0 00:00:00  -  Total Remote Usage
		Usr 0 00:00:00, Sys 0 00:00:00  -  Total Local Usage
	0  -  Run Bytes Sent By Job
	0  -  Run Bytes Received By Job
	0  -  Total Bytes Sent By Job
	0  -  Total Bytes Received By Job
	Partitionable Resources :    Usage  Request          
	   Cpus                 :                 1          
	   Disk (KB)            :       12       12          
	   Memory (MB)          :        3     1024          
...
006 (135405.000.000) 06/10 13:39:20 Image size of job updated: 1904000
	3  -  MemoryUsage of job (MB)
	2104  -  ResidentSetSize of job (KB)
...
005 (135405.000.000) 06/10 13:39:20 Job terminated.
	(1) Normal termination (return value 0)
		Usr 0 00:02:20, Sys 0 00:00:01  -  Run Remote Usage
		Usr 0 00:00:00, Sys 0 00:00:00  -  Run Local Usage
		Usr 0 00:02:20, Sys 0 00:00:01  -  Total Remote Usage
		Usr 0 00:00:00, Sys 0 00:00:00  -  Total Local Usage
	0  -  Run Bytes Sent By Job
	0  -  Run Bytes Received By Job
	0  -  Total Bytes Sent By Job
	0  -  Total Bytes Received By Job
	Partitionable Resources :    Usage  Request          
	   Cpus                 :                 1          
	   Disk (KB)            :       12       12          
	   Memory (MB)          :        3     1024          
...
000 (135407.000.000) 06/10 13:40:14 Job submitted from host: <192.168.100.50:50435>
...
000 (135407.001.000) 06/10 13:40:14 Job submitted from host: <192.168.100.50:50435>
...
001 (135407.000.000) 06/10 13:40:34 Job executing on host: <192.168.100.69:43998>
...
006 (135407.000.000) 06/10 13:40:35 Image size of job updated: 12
	0  -  MemoryUsage of job (MB)
	0  -  ResidentSetSize of job (KB)
...
005 (135407.000.000) 06/10 13:40:35 Job terminated.
	(1) Normal termination (return value 1)
		Usr 0 00:00:00, Sys 0 00:00:00  -  Run Remote Usage
		Usr 0 00:00:00, Sys 0 00:00:00  -  Run Local Usage
		Usr 0 00:00:00, Sys 0 00:00:00  -  Total Remote Usage
		Usr 0 00:00:00, Sys 0 00:00:00  -  Total Local Usage
	0  -  Run Bytes Sent By Job
	0  -  Run Bytes Received By Job
	0  -  Total Bytes Sent By Job
	0  -  Total Bytes Received By Job
	Partitionable Resources :    Usage  Request          
	   Cpus                 :                 1          
	   Disk (KB)            :       12       12          
	   Memory (MB)          :        0     1024          
...
000 (135408.000.000) 06/10 13:40:37 Job submitted from host: <192.168.100.50:50435>
...
000 (135408.001.000) 06/10 13:40:37 Job submitted from host: <192.168.100.50:50435>
...
001 (135408.000.000) 06/10 13:40:54 Job executing on host: <192.168.100.69:43998>
...
001 (135408.001.000) 06/10 13:40:54 Job executing on host: <192.168.100.69:43998>
...
006 (135408.000.000) 06/10 13:40:54 Image size of job updated: 73404
	0  -  MemoryUsage of job (MB)
	0  -  ResidentSetSize of job (KB)
...
006 (135408.001.000) 06/10 13:40:54 Image size of job updated: 12
	0  -  MemoryUsage of job (MB)
	0  -  ResidentSetSize of job (KB)
...
005 (135408.000.000) 06/10 13:40:54 Job terminated.
	(1) Normal termination (return value 1)
		Usr 0 00:00:00, Sys 0 00:00:00  -  Run Remote Usage
		Usr 0 00:00:00, Sys 0 00:00:00  -  Run Local Usage
		Usr 0 00:00:00, Sys 0 00:00:00  -  Total Remote Usage
		Usr 0 00:00:00, Sys 0 00:00:00  -  Total Local Usage
	0  -  Run Bytes Sent By Job
	0  -  Run Bytes Received By Job
	0  -  Total Bytes Sent By Job
	0  -  Total Bytes Received By Job
	Partitionable Resources :    Usage  Request          
	   Cpus                 :                 1          
	   Disk (KB)            :       12       12          
	   Memory (MB)          :        0     1024          
...
005 (135408.001.000) 06/10 13:40:54 Job terminated.
	(1) Normal termination (return value 1)
		Usr 0 00:00:00, Sys 0 00:00:00  -  Run Remote Usage
		Usr 0 00:00:00, Sys 0 00:00:00  -  Run Local Usage
		Usr 0 00:00:00, Sys 0 00:00:00  -  Total Remote Usage
		Usr 0 00:00:00, Sys 0 00:00:00  -  Total Local Usage
	0  -  Run Bytes Sent By Job
	0  -  Run Bytes Received By Job
	0  -  Total Bytes Sent By Job
	0  -  Total Bytes Received By Job
	Partitionable Resources :    Usage  Request          
	   Cpus                 :                 1          
	   Disk (KB)            :       12       12          
	   Memory (MB)          :        0     1024          
...
001 (135407.001.000) 06/10 13:41:24 Job executing on host: <192.168.100.55:36799>
...
006 (135407.001.000) 06/10 13:41:24 Image size of job updated: 12
	0  -  MemoryUsage of job (MB)
	0  -  ResidentSetSize of job (KB)
...
005 (135407.001.000) 06/10 13:41:24 Job terminated.
	(1) Normal termination (return value 1)
		Usr 0 00:00:00, Sys 0 00:00:00  -  Run Remote Usage
		Usr 0 00:00:00, Sys 0 00:00:00  -  Run Local Usage
		Usr 0 00:00:00, Sys 0 00:00:00  -  Total Remote Usage
		Usr 0 00:00:00, Sys 0 00:00:00  -  Total Local Usage
	0  -  Run Bytes Sent By Job
	0  -  Run Bytes Received By Job
	0  -  Total Bytes Sent By Job
	0  -  Total Bytes Received By Job
	Partitionable Resources :    Usage  Request          
	   Cpus                 :                 1          
	   Disk (KB)            :       12       12          
	   Memory (MB)          :        0     1024          
...
000 (135409.000.000) 06/10 13:42:54 Job submitted from host: <192.168.100.50:50435>
...
000 (135409.001.000) 06/10 13:42:54 Job submitted from host: <192.168.100.50:50435>
...
000 (135409.002.000) 06/10 13:42:54 Job submitted from host: <192.168.100.50:50435>
...
001 (135409.001.000) 06/10 13:43:15 Job executing on host: <192.168.100.55:36799>
...
001 (135409.002.000) 06/10 13:43:15 Job executing on host: <192.168.100.69:43998>
...
001 (135409.000.000) 06/10 13:43:15 Job executing on host: <192.168.100.59:51381>
...
006 (135409.001.000) 06/10 13:43:24 Image size of job updated: 12
	3  -  MemoryUsage of job (MB)
	2100  -  ResidentSetSize of job (KB)
...
006 (135409.002.000) 06/10 13:43:24 Image size of job updated: 12
	3  -  MemoryUsage of job (MB)
	2104  -  ResidentSetSize of job (KB)
...
006 (135409.000.000) 06/10 13:43:24 Image size of job updated: 12
	3  -  MemoryUsage of job (MB)
	2104  -  ResidentSetSize of job (KB)
...
006 (135409.002.000) 06/10 13:45:23 Image size of job updated: 1738064
	3  -  MemoryUsage of job (MB)
	2104  -  ResidentSetSize of job (KB)
...
005 (135409.002.000) 06/10 13:45:23 Job terminated.
	(1) Normal termination (return value 0)
		Usr 0 00:00:45, Sys 0 00:00:00  -  Run Remote Usage
		Usr 0 00:00:00, Sys 0 00:00:00  -  Run Local Usage
		Usr 0 00:00:45, Sys 0 00:00:00  -  Total Remote Usage
		Usr 0 00:00:00, Sys 0 00:00:00  -  Total Local Usage
	0  -  Run Bytes Sent By Job
	0  -  Run Bytes Received By Job
	0  -  Total Bytes Sent By Job
	0  -  Total Bytes Received By Job
	Partitionable Resources :    Usage  Request          
	   Cpus                 :                 1          
	   Disk (KB)            :       12       12          
	   Memory (MB)          :        3     1024          
...
006 (135409.001.000) 06/10 13:45:34 Image size of job updated: 1741144
	3  -  MemoryUsage of job (MB)
	2100  -  ResidentSetSize of job (KB)
...
005 (135409.001.000) 06/10 13:45:34 Job terminated.
	(1) Normal termination (return value 0)
		Usr 0 00:01:00, Sys 0 00:00:00  -  Run Remote Usage
		Usr 0 00:00:00, Sys 0 00:00:00  -  Run Local Usage
		Usr 0 00:01:00, Sys 0 00:00:00  -  Total Remote Usage
		Usr 0 00:00:00, Sys 0 00:00:00  -  Total Local Usage
	0  -  Run Bytes Sent By Job
	0  -  Run Bytes Received By Job
	0  -  Total Bytes Sent By Job
	0  -  Total Bytes Received By Job
	Partitionable Resources :    Usage  Request          
	   Cpus                 :                 1          
	   Disk (KB)            :       12       12          
	   Memory (MB)          :        3     1024          
...
000 (135410.000.000) 06/10 13:45:38 Job submitted from host: <192.168.100.50:50435>
...
000 (135410.001.000) 06/10 13:45:38 Job submitted from host: <192.168.100.50:50435>
...
000 (135410.002.000) 06/10 13:45:38 Job submitted from host: <192.168.100.50:50435>
...
001 (135410.001.000) 06/10 13:45:39 Job executing on host: <192.168.100.59:51381>
...
001 (135410.000.000) 06/10 13:45:39 Job executing on host: <192.168.100.51:39141>
...
001 (135410.002.000) 06/10 13:45:39 Job executing on host: <192.168.100.51:39141>
...
006 (135410.001.000) 06/10 13:45:39 Image size of job updated: 12
	0  -  MemoryUsage of job (MB)
	0  -  ResidentSetSize of job (KB)
...
005 (135410.001.000) 06/10 13:45:39 Job terminated.
	(1) Normal termination (return value 1)
		Usr 0 00:00:00, Sys 0 00:00:00  -  Run Remote Usage
		Usr 0 00:00:00, Sys 0 00:00:00  -  Run Local Usage
		Usr 0 00:00:00, Sys 0 00:00:00  -  Total Remote Usage
		Usr 0 00:00:00, Sys 0 00:00:00  -  Total Local Usage
	0  -  Run Bytes Sent By Job
	0  -  Run Bytes Received By Job
	0  -  Total Bytes Sent By Job
	0  -  Total Bytes Received By Job
	Partitionable Resources :    Usage  Request          
	   Cpus                 :                 1          
	   Disk (KB)            :       12       12          
	   Memory (MB)          :        0     1024          
...
006 (135410.002.000) 06/10 13:45:39 Image size of job updated: 12
	0  -  MemoryUsage of job (MB)
	0  -  ResidentSetSize of job (KB)
...
006 (135410.000.000) 06/10 13:45:39 Image size of job updated: 73532
	0  -  MemoryUsage of job (MB)
	0  -  ResidentSetSize of job (KB)
...
005 (135410.002.000) 06/10 13:45:39 Job terminated.
	(1) Normal termination (return value 1)
		Usr 0 00:00:00, Sys 0 00:00:00  -  Run Remote Usage
		Usr 0 00:00:00, Sys 0 00:00:00  -  Run Local Usage
		Usr 0 00:00:00, Sys 0 00:00:00  -  Total Remote Usage
		Usr 0 00:00:00, Sys 0 00:00:00  -  Total Local Usage
	0  -  Run Bytes Sent By Job
	0  -  Run Bytes Received By Job
	0  -  Total Bytes Sent By Job
	0  -  Total Bytes Received By Job
	Partitionable Resources :    Usage  Request          
	   Cpus                 :                 1          
	   Disk (KB)            :       12       12          
	   Memory (MB)          :        0     1024          
...
005 (135410.000.000) 06/10 13:45:39 Job terminated.
	(1) Normal termination (return value 1)
		Usr 0 00:00:00, Sys 0 00:00:00  -  Run Remote Usage
		Usr 0 00:00:00, Sys 0 00:00:00  -  Run Local Usage
		Usr 0 00:00:00, Sys 0 00:00:00  -  Total Remote Usage
		Usr 0 00:00:00, Sys 0 00:00:00  -  Total Local Usage
	0  -  Run Bytes Sent By Job
	0  -  Run Bytes Received By Job
	0  -  Total Bytes Sent By Job
	0  -  Total Bytes Received By Job
	Partitionable Resources :    Usage  Request          
	   Cpus                 :                 1          
	   Disk (KB)            :       12       12          
	   Memory (MB)          :        0     1024          
...
000 (135411.000.000) 06/10 13:45:56 Job submitted from host: <192.168.100.50:50435>
...
000 (135411.001.000) 06/10 13:45:56 Job submitted from host: <192.168.100.50:50435>
...
000 (135411.002.000) 06/10 13:45:56 Job submitted from host: <192.168.100.50:50435>
...
001 (135411.000.000) 06/10 13:45:58 Job executing on host: <192.168.100.51:39141>
...
001 (135411.001.000) 06/10 13:45:58 Job executing on host: <192.168.100.59:51381>
...
006 (135411.001.000) 06/10 13:45:58 Image size of job updated: 12
	0  -  MemoryUsage of job (MB)
	0  -  ResidentSetSize of job (KB)
...
006 (135411.000.000) 06/10 13:45:59 Image size of job updated: 12
	0  -  MemoryUsage of job (MB)
	0  -  ResidentSetSize of job (KB)
...
005 (135411.001.000) 06/10 13:45:59 Job terminated.
	(1) Normal termination (return value 1)
		Usr 0 00:00:00, Sys 0 00:00:00  -  Run Remote Usage
		Usr 0 00:00:00, Sys 0 00:00:00  -  Run Local Usage
		Usr 0 00:00:00, Sys 0 00:00:00  -  Total Remote Usage
		Usr 0 00:00:00, Sys 0 00:00:00  -  Total Local Usage
	0  -  Run Bytes Sent By Job
	0  -  Run Bytes Received By Job
	0  -  Total Bytes Sent By Job
	0  -  Total Bytes Received By Job
	Partitionable Resources :    Usage  Request          
	   Cpus                 :                 1          
	   Disk (KB)            :       12       12          
	   Memory (MB)          :        0     1024          
...
005 (135411.000.000) 06/10 13:45:59 Job terminated.
	(1) Normal termination (return value 1)
		Usr 0 00:00:00, Sys 0 00:00:00  -  Run Remote Usage
		Usr 0 00:00:00, Sys 0 00:00:00  -  Run Local Usage
		Usr 0 00:00:00, Sys 0 00:00:00  -  Total Remote Usage
		Usr 0 00:00:00, Sys 0 00:00:00  -  Total Local Usage
	0  -  Run Bytes Sent By Job
	0  -  Run Bytes Received By Job
	0  -  Total Bytes Sent By Job
	0  -  Total Bytes Received By Job
	Partitionable Resources :    Usage  Request          
	   Cpus                 :                 1          
	   Disk (KB)            :       12       12          
	   Memory (MB)          :        0     1024          
...
006 (135409.000.000) 06/10 13:46:31 Image size of job updated: 1789356
	3  -  MemoryUsage of job (MB)
	2104  -  ResidentSetSize of job (KB)
...
005 (135409.000.000) 06/10 13:46:31 Job terminated.
	(1) Normal termination (return value 0)
		Usr 0 00:01:36, Sys 0 00:00:00  -  Run Remote Usage
		Usr 0 00:00:00, Sys 0 00:00:00  -  Run Local Usage
		Usr 0 00:01:36, Sys 0 00:00:00  -  Total Remote Usage
		Usr 0 00:00:00, Sys 0 00:00:00  -  Total Local Usage
	0  -  Run Bytes Sent By Job
	0  -  Run Bytes Received By Job
	0  -  Total Bytes Sent By Job
	0  -  Total Bytes Received By Job
	Partitionable Resources :    Usage  Request          
	   Cpus                 :                 1          
	   Disk (KB)            :       12       12          
	   Memory (MB)          :        3     1024          
...
001 (135411.002.000) 06/10 13:46:58 Job executing on host: <192.168.100.51:39141>
...
006 (135411.002.000) 06/10 13:46:59 Image size of job updated: 12
	0  -  MemoryUsage of job (MB)
	0  -  ResidentSetSize of job (KB)
...
005 (135411.002.000) 06/10 13:46:59 Job terminated.
	(1) Normal termination (return value 1)
		Usr 0 00:00:00, Sys 0 00:00:00  -  Run Remote Usage
		Usr 0 00:00:00, Sys 0 00:00:00  -  Run Local Usage
		Usr 0 00:00:00, Sys 0 00:00:00  -  Total Remote Usage
		Usr 0 00:00:00, Sys 0 00:00:00  -  Total Local Usage
	0  -  Run Bytes Sent By Job
	0  -  Run Bytes Received By Job
	0  -  Total Bytes Sent By Job
	0  -  Total Bytes Received By Job
	Partitionable Resources :    Usage  Request          
	   Cpus                 :                 1          
	   Disk (KB)            :       12       12          
	   Memory (MB)          :        0     1024          
...
000 (135412.000.000) 06/10 13:47:55 Job submitted from host: <192.168.100.50:50435>
...
000 (135412.001.000) 06/10 13:47:55 Job submitted from host: <192.168.100.50:50435>
...
000 (135412.002.000) 06/10 13:47:55 Job submitted from host: <192.168.100.50:50435>
...
001 (135412.000.000) 06/10 13:47:55 Job executing on host: <192.168.100.51:39141>
...
001 (135412.002.000) 06/10 13:47:55 Job executing on host: <192.168.100.57:47771>
...
006 (135412.002.000) 06/10 13:48:04 Image size of job updated: 12
	3  -  MemoryUsage of job (MB)
	2104  -  ResidentSetSize of job (KB)
...
006 (135412.000.000) 06/10 13:48:04 Image size of job updated: 12
	3  -  MemoryUsage of job (MB)
	2104  -  ResidentSetSize of job (KB)
...
000 (135413.000.000) 06/10 13:48:11 Job submitted from host: <192.168.100.50:50435>
...
000 (135413.001.000) 06/10 13:48:11 Job submitted from host: <192.168.100.50:50435>
...
000 (135413.002.000) 06/10 13:48:11 Job submitted from host: <192.168.100.50:50435>
...
001 (135413.001.000) 06/10 13:48:16 Job executing on host: <192.168.100.53:44276>
...
001 (135413.002.000) 06/10 13:48:16 Job executing on host: <192.168.100.62:41037>
...
001 (135413.000.000) 06/10 13:48:16 Job executing on host: <192.168.100.53:44276>
...
006 (135413.001.000) 06/10 13:48:24 Image size of job updated: 72628
	3  -  MemoryUsage of job (MB)
	3000  -  ResidentSetSize of job (KB)
...
006 (135413.002.000) 06/10 13:48:24 Image size of job updated: 12
	3  -  MemoryUsage of job (MB)
	2104  -  ResidentSetSize of job (KB)
...
006 (135413.000.000) 06/10 13:48:24 Image size of job updated: 12
	3  -  MemoryUsage of job (MB)
	2108  -  ResidentSetSize of job (KB)
...
006 (135412.002.000) 06/10 13:48:34 Image size of job updated: 1540580
	3  -  MemoryUsage of job (MB)
	2104  -  ResidentSetSize of job (KB)
...
005 (135412.002.000) 06/10 13:48:34 Job terminated.
	(1) Normal termination (return value 0)
		Usr 0 00:00:02, Sys 0 00:00:00  -  Run Remote Usage
		Usr 0 00:00:00, Sys 0 00:00:00  -  Run Local Usage
		Usr 0 00:00:02, Sys 0 00:00:00  -  Total Remote Usage
		Usr 0 00:00:00, Sys 0 00:00:00  -  Total Local Usage
	0  -  Run Bytes Sent By Job
	0  -  Run Bytes Received By Job
	0  -  Total Bytes Sent By Job
	0  -  Total Bytes Received By Job
	Partitionable Resources :    Usage  Request          
	   Cpus                 :                 1          
	   Disk (KB)            :       12       12          
	   Memory (MB)          :        3     1024          
...
006 (135412.000.000) 06/10 13:48:35 Image size of job updated: 1550568
	3  -  MemoryUsage of job (MB)
	2104  -  ResidentSetSize of job (KB)
...
005 (135412.000.000) 06/10 13:48:35 Job terminated.
	(1) Normal termination (return value 0)
		Usr 0 00:00:01, Sys 0 00:00:00  -  Run Remote Usage
		Usr 0 00:00:00, Sys 0 00:00:00  -  Run Local Usage
		Usr 0 00:00:01, Sys 0 00:00:00  -  Total Remote Usage
		Usr 0 00:00:00, Sys 0 00:00:00  -  Total Local Usage
	0  -  Run Bytes Sent By Job
	0  -  Run Bytes Received By Job
	0  -  Total Bytes Sent By Job
	0  -  Total Bytes Received By Job
	Partitionable Resources :    Usage  Request          
	   Cpus                 :                 1          
	   Disk (KB)            :       12       12          
	   Memory (MB)          :        3     1024          
...
006 (135413.002.000) 06/10 13:48:55 Image size of job updated: 1536816
	3  -  MemoryUsage of job (MB)
	2104  -  ResidentSetSize of job (KB)
...
005 (135413.002.000) 06/10 13:48:55 Job terminated.
	(1) Normal termination (return value 0)
		Usr 0 00:00:02, Sys 0 00:00:00  -  Run Remote Usage
		Usr 0 00:00:00, Sys 0 00:00:00  -  Run Local Usage
		Usr 0 00:00:02, Sys 0 00:00:00  -  Total Remote Usage
		Usr 0 00:00:00, Sys 0 00:00:00  -  Total Local Usage
	0  -  Run Bytes Sent By Job
	0  -  Run Bytes Received By Job
	0  -  Total Bytes Sent By Job
	0  -  Total Bytes Received By Job
	Partitionable Resources :    Usage  Request          
	   Cpus                 :                 1          
	   Disk (KB)            :       12       12          
	   Memory (MB)          :        3     1024          
...
006 (135413.001.000) 06/10 13:49:17 Image size of job updated: 1537556
	3  -  MemoryUsage of job (MB)
	3000  -  ResidentSetSize of job (KB)
...
005 (135413.001.000) 06/10 13:49:18 Job terminated.
	(1) Normal termination (return value 0)
		Usr 0 00:00:04, Sys 0 00:00:00  -  Run Remote Usage
		Usr 0 00:00:00, Sys 0 00:00:00  -  Run Local Usage
		Usr 0 00:00:04, Sys 0 00:00:00  -  Total Remote Usage
		Usr 0 00:00:00, Sys 0 00:00:00  -  Total Local Usage
	0  -  Run Bytes Sent By Job
	0  -  Run Bytes Received By Job
	0  -  Total Bytes Sent By Job
	0  -  Total Bytes Received By Job
	Partitionable Resources :    Usage  Request          
	   Cpus                 :                 1          
	   Disk (KB)            :       12       12          
	   Memory (MB)          :        3     1024          
...
006 (135413.000.000) 06/10 13:49:32 Image size of job updated: 1529396
	3  -  MemoryUsage of job (MB)
	2108  -  ResidentSetSize of job (KB)
...
005 (135413.000.000) 06/10 13:49:32 Job terminated.
	(1) Normal termination (return value 0)
		Usr 0 00:00:08, Sys 0 00:00:00  -  Run Remote Usage
		Usr 0 00:00:00, Sys 0 00:00:00  -  Run Local Usage
		Usr 0 00:00:08, Sys 0 00:00:00  -  Total Remote Usage
		Usr 0 00:00:00, Sys 0 00:00:00  -  Total Local Usage
	0  -  Run Bytes Sent By Job
	0  -  Run Bytes Received By Job
	0  -  Total Bytes Sent By Job
	0  -  Total Bytes Received By Job
	Partitionable Resources :    Usage  Request          
	   Cpus                 :                 1          
	   Disk (KB)            :       12       12          
	   Memory (MB)          :        3     1024          
...
001 (135412.001.000) 06/10 13:49:32 Job executing on host: <192.168.100.53:44276>
...
006 (135412.001.000) 06/10 13:49:40 Image size of job updated: 12
	3  -  MemoryUsage of job (MB)
	2104  -  ResidentSetSize of job (KB)
...
006 (135412.001.000) 06/10 13:50:12 Image size of job updated: 1534324
	3  -  MemoryUsage of job (MB)
	2104  -  ResidentSetSize of job (KB)
...
005 (135412.001.000) 06/10 13:50:12 Job terminated.
	(1) Normal termination (return value 0)
		Usr 0 00:00:03, Sys 0 00:00:00  -  Run Remote Usage
		Usr 0 00:00:00, Sys 0 00:00:00  -  Run Local Usage
		Usr 0 00:00:03, Sys 0 00:00:00  -  Total Remote Usage
		Usr 0 00:00:00, Sys 0 00:00:00  -  Total Local Usage
	0  -  Run Bytes Sent By Job
	0  -  Run Bytes Received By Job
	0  -  Total Bytes Sent By Job
	0  -  Total Bytes Received By Job
	Partitionable Resources :    Usage  Request          
	   Cpus                 :                 1          
	   Disk (KB)            :       12       12          
	   Memory (MB)          :        3     1024          
...
000 (135414.000.000) 06/10 13:50:15 Job submitted from host: <192.168.100.50:50435>
...
000 (135414.001.000) 06/10 13:50:15 Job submitted from host: <192.168.100.50:50435>
...
000 (135414.002.000) 06/10 13:50:15 Job submitted from host: <192.168.100.50:50435>
...
001 (135414.000.000) 06/10 13:50:36 Job executing on host: <192.168.100.69:43998>
...
001 (135414.002.000) 06/10 13:50:36 Job executing on host: <192.168.100.69:43998>
...
006 (135414.000.000) 06/10 13:50:44 Image size of job updated: 86904
	5  -  MemoryUsage of job (MB)
	4916  -  ResidentSetSize of job (KB)
...
006 (135414.002.000) 06/10 13:50:45 Image size of job updated: 12
	3  -  MemoryUsage of job (MB)
	2104  -  ResidentSetSize of job (KB)
...
000 (135415.000.000) 06/10 13:50:51 Job submitted from host: <192.168.100.50:50435>
...
000 (135415.001.000) 06/10 13:50:51 Job submitted from host: <192.168.100.50:50435>
...
000 (135415.002.000) 06/10 13:50:51 Job submitted from host: <192.168.100.50:50435>
...
001 (135415.000.000) 06/10 13:50:56 Job executing on host: <192.168.100.69:43998>
...
001 (135415.001.000) 06/10 13:50:56 Job executing on host: <192.168.100.69:43998>
...
001 (135415.002.000) 06/10 13:50:57 Job executing on host: <192.168.100.74:60653>
...
006 (135415.002.000) 06/10 13:51:05 Image size of job updated: 12
	3  -  MemoryUsage of job (MB)
	2096  -  ResidentSetSize of job (KB)
...
006 (135415.000.000) 06/10 13:51:05 Image size of job updated: 102416
	7  -  MemoryUsage of job (MB)
	6224  -  ResidentSetSize of job (KB)
...
006 (135415.001.000) 06/10 13:51:05 Image size of job updated: 12
	3  -  MemoryUsage of job (MB)
	2104  -  ResidentSetSize of job (KB)
...
001 (135414.001.000) 06/10 13:51:26 Job executing on host: <192.168.100.55:36799>
...
006 (135414.001.000) 06/10 13:51:35 Image size of job updated: 12
	3  -  MemoryUsage of job (MB)
	2100  -  ResidentSetSize of job (KB)
...
006 (135414.002.000) 06/10 13:52:13 Image size of job updated: 1733568
	3  -  MemoryUsage of job (MB)
	2104  -  ResidentSetSize of job (KB)
...
005 (135414.002.000) 06/10 13:52:13 Job terminated.
	(1) Normal termination (return value 0)
		Usr 0 00:00:37, Sys 0 00:00:01  -  Run Remote Usage
		Usr 0 00:00:00, Sys 0 00:00:00  -  Run Local Usage
		Usr 0 00:00:37, Sys 0 00:00:01  -  Total Remote Usage
		Usr 0 00:00:00, Sys 0 00:00:00  -  Total Local Usage
	0  -  Run Bytes Sent By Job
	0  -  Run Bytes Received By Job
	0  -  Total Bytes Sent By Job
	0  -  Total Bytes Received By Job
	Partitionable Resources :    Usage  Request          
	   Cpus                 :                 1          
	   Disk (KB)            :       12       12          
	   Memory (MB)          :        3     1024          
...
006 (135415.001.000) 06/10 13:53:12 Image size of job updated: 1778492
	3  -  MemoryUsage of job (MB)
	2104  -  ResidentSetSize of job (KB)
...
005 (135415.001.000) 06/10 13:53:12 Job terminated.
	(1) Normal termination (return value 0)
		Usr 0 00:00:50, Sys 0 00:00:01  -  Run Remote Usage
		Usr 0 00:00:00, Sys 0 00:00:00  -  Run Local Usage
		Usr 0 00:00:50, Sys 0 00:00:01  -  Total Remote Usage
		Usr 0 00:00:00, Sys 0 00:00:00  -  Total Local Usage
	0  -  Run Bytes Sent By Job
	0  -  Run Bytes Received By Job
	0  -  Total Bytes Sent By Job
	0  -  Total Bytes Received By Job
	Partitionable Resources :    Usage  Request          
	   Cpus                 :                 1          
	   Disk (KB)            :       12       12          
	   Memory (MB)          :        3     1024          
...
006 (135414.001.000) 06/10 13:53:35 Image size of job updated: 1741224
	3  -  MemoryUsage of job (MB)
	2100  -  ResidentSetSize of job (KB)
...
005 (135414.001.000) 06/10 13:53:35 Job terminated.
	(1) Normal termination (return value 0)
		Usr 0 00:00:53, Sys 0 00:00:01  -  Run Remote Usage
		Usr 0 00:00:00, Sys 0 00:00:00  -  Run Local Usage
		Usr 0 00:00:53, Sys 0 00:00:01  -  Total Remote Usage
		Usr 0 00:00:00, Sys 0 00:00:00  -  Total Local Usage
	0  -  Run Bytes Sent By Job
	0  -  Run Bytes Received By Job
	0  -  Total Bytes Sent By Job
	0  -  Total Bytes Received By Job
	Partitionable Resources :    Usage  Request          
	   Cpus                 :                 1          
	   Disk (KB)            :       12       12          
	   Memory (MB)          :        3     1024          
...
006 (135415.002.000) 06/10 13:54:57 Image size of job updated: 1816424
	3  -  MemoryUsage of job (MB)
	2096  -  ResidentSetSize of job (KB)
...
005 (135415.002.000) 06/10 13:54:57 Job terminated.
	(1) Normal termination (return value 0)
		Usr 0 00:01:43, Sys 0 00:00:01  -  Run Remote Usage
		Usr 0 00:00:00, Sys 0 00:00:00  -  Run Local Usage
		Usr 0 00:01:43, Sys 0 00:00:01  -  Total Remote Usage
		Usr 0 00:00:00, Sys 0 00:00:00  -  Total Local Usage
	0  -  Run Bytes Sent By Job
	0  -  Run Bytes Received By Job
	0  -  Total Bytes Sent By Job
	0  -  Total Bytes Received By Job
	Partitionable Resources :    Usage  Request          
	   Cpus                 :                 1          
	   Disk (KB)            :       12       12          
	   Memory (MB)          :        3     1024          
...
006 (135414.000.000) 06/10 13:55:10 Image size of job updated: 1877404
	5  -  MemoryUsage of job (MB)
	4916  -  ResidentSetSize of job (KB)
...
005 (135414.000.000) 06/10 13:55:10 Job terminated.
	(1) Normal termination (return value 0)
		Usr 0 00:02:11, Sys 0 00:00:02  -  Run Remote Usage
		Usr 0 00:00:00, Sys 0 00:00:00  -  Run Local Usage
		Usr 0 00:02:11, Sys 0 00:00:02  -  Total Remote Usage
		Usr 0 00:00:00, Sys 0 00:00:00  -  Total Local Usage
	0  -  Run Bytes Sent By Job
	0  -  Run Bytes Received By Job
	0  -  Total Bytes Sent By Job
	0  -  Total Bytes Received By Job
	Partitionable Resources :    Usage  Request          
	   Cpus                 :                 1          
	   Disk (KB)            :       12       12          
	   Memory (MB)          :        5     1024          
...
006 (135415.000.000) 06/10 13:55:45 Image size of job updated: 1861000
	7  -  MemoryUsage of job (MB)
	6224  -  ResidentSetSize of job (KB)
...
005 (135415.000.000) 06/10 13:55:45 Job terminated.
	(1) Normal termination (return value 0)
		Usr 0 00:02:13, Sys 0 00:00:02  -  Run Remote Usage
		Usr 0 00:00:00, Sys 0 00:00:00  -  Run Local Usage
		Usr 0 00:02:13, Sys 0 00:00:02  -  Total Remote Usage
		Usr 0 00:00:00, Sys 0 00:00:00  -  Total Local Usage
	0  -  Run Bytes Sent By Job
	0  -  Run Bytes Received By Job
	0  -  Total Bytes Sent By Job
	0  -  Total Bytes Received By Job
	Partitionable Resources :    Usage  Request          
	   Cpus                 :                 1          
	   Disk (KB)            :       12       12          
	   Memory (MB)          :        7     1024          
...
000 (135416.000.000) 06/10 13:56:28 Job submitted from host: <192.168.100.50:50435>
...
000 (135416.001.000) 06/10 13:56:28 Job submitted from host: <192.168.100.50:50435>
...
001 (135416.000.000) 06/10 13:56:47 Job executing on host: <192.168.100.51:39141>
...
001 (135416.001.000) 06/10 13:56:47 Job executing on host: <192.168.100.59:51381>
...
006 (135416.001.000) 06/10 13:56:56 Image size of job updated: 12
	3  -  MemoryUsage of job (MB)
	2104  -  ResidentSetSize of job (KB)
...
006 (135416.000.000) 06/10 13:56:56 Image size of job updated: 12
	3  -  MemoryUsage of job (MB)
	2104  -  ResidentSetSize of job (KB)
...
000 (135417.000.000) 06/10 13:57:02 Job submitted from host: <192.168.100.50:50435>
...
000 (135417.001.000) 06/10 13:57:02 Job submitted from host: <192.168.100.50:50435>
...
006 (135416.001.000) 06/10 13:57:05 Image size of job updated: 1551760
	3  -  MemoryUsage of job (MB)
	2104  -  ResidentSetSize of job (KB)
...
005 (135416.001.000) 06/10 13:57:05 Job terminated.
	(1) Normal termination (return value 0)
		Usr 0 00:00:00, Sys 0 00:00:00  -  Run Remote Usage
		Usr 0 00:00:00, Sys 0 00:00:00  -  Run Local Usage
		Usr 0 00:00:00, Sys 0 00:00:00  -  Total Remote Usage
		Usr 0 00:00:00, Sys 0 00:00:00  -  Total Local Usage
	0  -  Run Bytes Sent By Job
	0  -  Run Bytes Received By Job
	0  -  Total Bytes Sent By Job
	0  -  Total Bytes Received By Job
	Partitionable Resources :    Usage  Request          
	   Cpus                 :                 1          
	   Disk (KB)            :       12       12          
	   Memory (MB)          :        3     1024          
...
001 (135417.000.000) 06/10 13:57:05 Job executing on host: <192.168.100.59:51381>
...
001 (135417.001.000) 06/10 13:57:07 Job executing on host: <192.168.100.51:39141>
...
006 (135417.000.000) 06/10 13:57:14 Image size of job updated: 12
	3  -  MemoryUsage of job (MB)
	2100  -  ResidentSetSize of job (KB)
...
006 (135417.001.000) 06/10 13:57:16 Image size of job updated: 12
	3  -  MemoryUsage of job (MB)
	2104  -  ResidentSetSize of job (KB)
...
006 (135416.000.000) 06/10 13:57:21 Image size of job updated: 1490268
	3  -  MemoryUsage of job (MB)
	2104  -  ResidentSetSize of job (KB)
...
005 (135416.000.000) 06/10 13:57:21 Job terminated.
	(1) Normal termination (return value 0)
		Usr 0 00:00:04, Sys 0 00:00:00  -  Run Remote Usage
		Usr 0 00:00:00, Sys 0 00:00:00  -  Run Local Usage
		Usr 0 00:00:04, Sys 0 00:00:00  -  Total Remote Usage
		Usr 0 00:00:00, Sys 0 00:00:00  -  Total Local Usage
	0  -  Run Bytes Sent By Job
	0  -  Run Bytes Received By Job
	0  -  Total Bytes Sent By Job
	0  -  Total Bytes Received By Job
	Partitionable Resources :    Usage  Request          
	   Cpus                 :                 1          
	   Disk (KB)            :       12       12          
	   Memory (MB)          :        3     1024          
...
006 (135417.000.000) 06/10 13:57:27 Image size of job updated: 1558004
	3  -  MemoryUsage of job (MB)
	2100  -  ResidentSetSize of job (KB)
...
005 (135417.000.000) 06/10 13:57:27 Job terminated.
	(1) Normal termination (return value 0)
		Usr 0 00:00:01, Sys 0 00:00:00  -  Run Remote Usage
		Usr 0 00:00:00, Sys 0 00:00:00  -  Run Local Usage
		Usr 0 00:00:01, Sys 0 00:00:00  -  Total Remote Usage
		Usr 0 00:00:00, Sys 0 00:00:00  -  Total Local Usage
	0  -  Run Bytes Sent By Job
	0  -  Run Bytes Received By Job
	0  -  Total Bytes Sent By Job
	0  -  Total Bytes Received By Job
	Partitionable Resources :    Usage  Request          
	   Cpus                 :                 1          
	   Disk (KB)            :       12       12          
	   Memory (MB)          :        3     1024          
...
006 (135417.001.000) 06/10 13:57:36 Image size of job updated: 1570220
	3  -  MemoryUsage of job (MB)
	2104  -  ResidentSetSize of job (KB)
...
005 (135417.001.000) 06/10 13:57:37 Job terminated.
	(1) Normal termination (return value 0)
		Usr 0 00:00:03, Sys 0 00:00:00  -  Run Remote Usage
		Usr 0 00:00:00, Sys 0 00:00:00  -  Run Local Usage
		Usr 0 00:00:03, Sys 0 00:00:00  -  Total Remote Usage
		Usr 0 00:00:00, Sys 0 00:00:00  -  Total Local Usage
	0  -  Run Bytes Sent By Job
	0  -  Run Bytes Received By Job
	0  -  Total Bytes Sent By Job
	0  -  Total Bytes Received By Job
	Partitionable Resources :    Usage  Request          
	   Cpus                 :                 1          
	   Disk (KB)            :       12       12          
	   Memory (MB)          :        3     1024          
...
000 (135418.000.000) 06/10 13:58:51 Job submitted from host: <192.168.100.50:50435>
...
000 (135418.001.000) 06/10 13:58:51 Job submitted from host: <192.168.100.50:50435>
...
000 (135418.002.000) 06/10 13:58:52 Job submitted from host: <192.168.100.50:50435>
...
001 (135418.000.000) 06/10 13:58:57 Job executing on host: <192.168.100.55:36799>
...
001 (135418.002.000) 06/10 13:58:57 Job executing on host: <192.168.100.57:47771>
...
006 (135418.000.000) 06/10 13:59:05 Image size of job updated: 12
	3  -  MemoryUsage of job (MB)
	2100  -  ResidentSetSize of job (KB)
...
006 (135418.002.000) 06/10 13:59:06 Image size of job updated: 12
	3  -  MemoryUsage of job (MB)
	2100  -  ResidentSetSize of job (KB)
...
000 (135419.000.000) 06/10 13:59:11 Job submitted from host: <192.168.100.50:50435>
...
000 (135419.001.000) 06/10 13:59:11 Job submitted from host: <192.168.100.50:50435>
...
000 (135419.002.000) 06/10 13:59:11 Job submitted from host: <192.168.100.50:50435>
...
001 (135419.001.000) 06/10 13:59:17 Job executing on host: <192.168.100.53:44276>
...
001 (135419.002.000) 06/10 13:59:17 Job executing on host: <192.168.100.62:41037>
...
001 (135419.000.000) 06/10 13:59:17 Job executing on host: <192.168.100.53:44276>
...
006 (135418.000.000) 06/10 13:59:21 Image size of job updated: 1551464
	3  -  MemoryUsage of job (MB)
	2100  -  ResidentSetSize of job (KB)
...
005 (135418.000.000) 06/10 13:59:21 Job terminated.
	(1) Normal termination (return value 0)
		Usr 0 00:00:01, Sys 0 00:00:00  -  Run Remote Usage
		Usr 0 00:00:00, Sys 0 00:00:00  -  Run Local Usage
		Usr 0 00:00:01, Sys 0 00:00:00  -  Total Remote Usage
		Usr 0 00:00:00, Sys 0 00:00:00  -  Total Local Usage
	0  -  Run Bytes Sent By Job
	0  -  Run Bytes Received By Job
	0  -  Total Bytes Sent By Job
	0  -  Total Bytes Received By Job
	Partitionable Resources :    Usage  Request          
	   Cpus                 :                 1          
	   Disk (KB)            :       12       12          
	   Memory (MB)          :        3     1024          
...
006 (135419.002.000) 06/10 13:59:26 Image size of job updated: 12
	3  -  MemoryUsage of job (MB)
	2104  -  ResidentSetSize of job (KB)
...
006 (135419.001.000) 06/10 13:59:26 Image size of job updated: 72432
	3  -  MemoryUsage of job (MB)
	2412  -  ResidentSetSize of job (KB)
...
006 (135419.000.000) 06/10 13:59:26 Image size of job updated: 12
	3  -  MemoryUsage of job (MB)
	2104  -  ResidentSetSize of job (KB)
...
006 (135418.002.000) 06/10 13:59:32 Image size of job updated: 1538468
	3  -  MemoryUsage of job (MB)
	2100  -  ResidentSetSize of job (KB)
...
005 (135418.002.000) 06/10 13:59:32 Job terminated.
	(1) Normal termination (return value 0)
		Usr 0 00:00:02, Sys 0 00:00:00  -  Run Remote Usage
		Usr 0 00:00:00, Sys 0 00:00:00  -  Run Local Usage
		Usr 0 00:00:02, Sys 0 00:00:00  -  Total Remote Usage
		Usr 0 00:00:00, Sys 0 00:00:00  -  Total Local Usage
	0  -  Run Bytes Sent By Job
	0  -  Run Bytes Received By Job
	0  -  Total Bytes Sent By Job
	0  -  Total Bytes Received By Job
	Partitionable Resources :    Usage  Request          
	   Cpus                 :                 1          
	   Disk (KB)            :       12       12          
	   Memory (MB)          :        3     1024          
...
006 (135419.002.000) 06/10 13:59:53 Image size of job updated: 1537308
	3  -  MemoryUsage of job (MB)
	2104  -  ResidentSetSize of job (KB)
...
005 (135419.002.000) 06/10 13:59:53 Job terminated.
	(1) Normal termination (return value 0)
		Usr 0 00:00:02, Sys 0 00:00:00  -  Run Remote Usage
		Usr 0 00:00:00, Sys 0 00:00:00  -  Run Local Usage
		Usr 0 00:00:02, Sys 0 00:00:00  -  Total Remote Usage
		Usr 0 00:00:00, Sys 0 00:00:00  -  Total Local Usage
	0  -  Run Bytes Sent By Job
	0  -  Run Bytes Received By Job
	0  -  Total Bytes Sent By Job
	0  -  Total Bytes Received By Job
	Partitionable Resources :    Usage  Request          
	   Cpus                 :                 1          
	   Disk (KB)            :       12       12          
	   Memory (MB)          :        3     1024          
...
006 (135419.001.000) 06/10 14:00:16 Image size of job updated: 1537372
	3  -  MemoryUsage of job (MB)
	2412  -  ResidentSetSize of job (KB)
...
005 (135419.001.000) 06/10 14:00:16 Job terminated.
	(1) Normal termination (return value 0)
		Usr 0 00:00:04, Sys 0 00:00:00  -  Run Remote Usage
		Usr 0 00:00:00, Sys 0 00:00:00  -  Run Local Usage
		Usr 0 00:00:04, Sys 0 00:00:00  -  Total Remote Usage
		Usr 0 00:00:00, Sys 0 00:00:00  -  Total Local Usage
	0  -  Run Bytes Sent By Job
	0  -  Run Bytes Received By Job
	0  -  Total Bytes Sent By Job
	0  -  Total Bytes Received By Job
	Partitionable Resources :    Usage  Request          
	   Cpus                 :                 1          
	   Disk (KB)            :       12       12          
	   Memory (MB)          :        3     1024          
...
006 (135419.000.000) 06/10 14:00:32 Image size of job updated: 1544696
	3  -  MemoryUsage of job (MB)
	2104  -  ResidentSetSize of job (KB)
...
005 (135419.000.000) 06/10 14:00:32 Job terminated.
	(1) Normal termination (return value 0)
		Usr 0 00:00:06, Sys 0 00:00:00  -  Run Remote Usage
		Usr 0 00:00:00, Sys 0 00:00:00  -  Run Local Usage
		Usr 0 00:00:06, Sys 0 00:00:00  -  Total Remote Usage
		Usr 0 00:00:00, Sys 0 00:00:00  -  Total Local Usage
	0  -  Run Bytes Sent By Job
	0  -  Run Bytes Received By Job
	0  -  Total Bytes Sent By Job
	0  -  Total Bytes Received By Job
	Partitionable Resources :    Usage  Request          
	   Cpus                 :                 1          
	   Disk (KB)            :       12       12          
	   Memory (MB)          :        3     1024          
...
001 (135418.001.000) 06/10 14:00:47 Job executing on host: <192.168.100.69:43998>
...
006 (135418.001.000) 06/10 14:00:56 Image size of job updated: 900904
	25  -  MemoryUsage of job (MB)
	24984  -  ResidentSetSize of job (KB)
...
005 (135418.001.000) 06/10 14:01:00 Job terminated.
	(1) Normal termination (return value 0)
		Usr 0 00:00:00, Sys 0 00:00:00  -  Run Remote Usage
		Usr 0 00:00:00, Sys 0 00:00:00  -  Run Local Usage
		Usr 0 00:00:00, Sys 0 00:00:00  -  Total Remote Usage
		Usr 0 00:00:00, Sys 0 00:00:00  -  Total Local Usage
	0  -  Run Bytes Sent By Job
	0  -  Run Bytes Received By Job
	0  -  Total Bytes Sent By Job
	0  -  Total Bytes Received By Job
	Partitionable Resources :    Usage  Request          
	   Cpus                 :                 1          
	   Disk (KB)            :       12       12          
	   Memory (MB)          :       25     1024          
...
