
-------------------- Trial 0  --------------------

Trial 0 Training MaxEntTrainer,gaussianPriorVariance=1.0 with 1800 instances
Trial 0 Training MaxEntTrainer,gaussianPriorVariance=1.0 finished
Trial 0 Trainer MaxEntTrainer,gaussianPriorVariance=1.0
 Raw Testing Data
cv756_23676.txt neg neg:0.9910090430359806 pos:0.008990956964019572 
cv533_9843.txt neg neg:0.9993652825385251 pos:6.347174614749745E-4 
cv749_18960.txt neg neg:0.998671492083539 pos:0.0013285079164610306 
cv534_15683.txt neg neg:0.6991953521216571 pos:0.300804647878343 
cv326_14777.txt neg neg:0.9798653143101589 pos:0.020134685689841177 
cv552_0150.txt neg neg:0.8626733314588284 pos:0.13732666854117156 
cv657_25835.txt neg neg:0.9949711884080769 pos:0.005028811591923095 
cv731_3968.txt neg neg:0.9243594981760423 pos:0.07564050182395757 
cv535_21183.txt neg pos:0.5620817835639467 neg:0.43791821643605333 
cv656_25395.txt neg neg:0.9950643452353922 pos:0.004935654764607887 
cv322_21820.txt neg neg:0.9989890915143291 pos:0.001010908485670938 
cv817_3675.txt neg neg:0.9959124068548733 pos:0.004087593145126648 
cv427_11693.txt neg pos:0.9889753400941179 neg:0.011024659905882132 
cv460_11723.txt neg neg:0.989797285050858 pos:0.010202714949141994 
cv367_24065.txt neg neg:0.9999190866343732 pos:8.091336562687992E-5 
cv293_29731.txt neg neg:0.9833253166172898 pos:0.016674683382710203 
cv672_27988.txt neg neg:0.5270231073606546 pos:0.47297689263934545 
cv437_24070.txt neg neg:0.9904230403614863 pos:0.009576959638513812 
cv814_20316.txt neg neg:0.917980299975001 pos:0.08201970002499911 
cv205_9676.txt neg neg:0.7930391970736393 pos:0.20696080292636057 
cv417_14653.txt neg neg:0.8975781730313196 pos:0.10242182696868042 
cv515_18484.txt neg pos:0.6249375752790485 neg:0.37506242472095147 
cv521_1730.txt neg neg:0.8117858174361196 pos:0.18821418256388037 
cv572_20053.txt neg neg:0.9695372233464334 pos:0.030462776653566594 
cv932_14854.txt neg neg:0.9999781764138463 pos:2.1823586153611665E-5 
cv986_15092.txt neg neg:0.905911731589247 pos:0.09408826841075292 
cv518_14798.txt neg neg:0.9880593379913984 pos:0.01194066200860153 
cv523_18285.txt neg neg:0.8656880444685183 pos:0.13431195553148167 
cv645_17078.txt neg neg:0.817828143234061 pos:0.18217185676593906 
cv014_15600.txt neg neg:0.9982923762365415 pos:0.001707623763458332 
cv747_18189.txt neg neg:0.526109129693066 pos:0.47389087030693405 
cv794_17353.txt neg neg:0.9985472103132785 pos:0.001452789686721505 
cv364_14254.txt neg neg:0.8626030094289506 pos:0.1373969905710493 
cv177_10904.txt neg neg:0.9565940442124437 pos:0.04340595578755634 
cv991_19973.txt neg neg:0.9002773877053433 pos:0.0997226122946567 
cv207_29141.txt neg neg:0.8053188668255411 pos:0.19468113317445893 
cv701_15880.txt neg neg:0.6525343609596551 pos:0.3474656390403449 
cv922_10185.txt neg neg:0.8156560479925771 pos:0.1843439520074228 
cv912_5562.txt neg neg:0.998739255439866 pos:0.0012607445601339265 
cv022_14227.txt neg neg:0.9999131374643511 pos:8.686253564905126E-5 
cv275_28725.txt neg pos:0.9077546093053531 neg:0.09224539069464689 
cv133_18065.txt neg neg:0.9811907781192557 pos:0.018809221880744336 
cv435_24355.txt neg neg:0.6162350550640794 pos:0.38376494493592067 
cv802_28381.txt neg neg:0.9801525697065808 pos:0.01984743029341918 
cv070_13249.txt neg neg:0.9990414165068441 pos:9.585834931559016E-4 
cv950_13478.txt neg neg:0.9879216408421382 pos:0.012078359157861858 
cv433_10443.txt neg neg:0.7623574090090436 pos:0.23764259099095636 
cv969_14760.txt neg neg:0.6324278609240375 pos:0.36757213907596253 
cv531_26838.txt neg neg:0.9554191628407592 pos:0.04458083715924064 
cv439_17633.txt neg neg:0.8840073645706367 pos:0.11599263542936325 
cv863_7912.txt neg neg:0.9991076492111877 pos:8.923507888122634E-4 
cv822_21545.txt neg neg:0.8369294834237339 pos:0.16307051657626623 
cv126_28821.txt neg neg:0.9999298767339132 pos:7.012326608683062E-5 
cv390_12187.txt neg neg:0.991443714758932 pos:0.008556285241068124 
cv442_15499.txt neg neg:0.9966166320205383 pos:0.0033833679794618068 
cv507_9509.txt neg neg:0.9992605195690045 pos:7.394804309955282E-4 
cv473_7869.txt neg neg:0.7262375894544828 pos:0.2737624105455171 
cv509_17354.txt neg neg:0.7092495745229668 pos:0.2907504254770332 
cv138_13903.txt neg neg:0.9983720089956389 pos:0.001627991004361002 
cv105_19135.txt neg pos:0.8192411854285687 neg:0.1807588145714314 
cv823_17055.txt neg neg:0.9880695702960227 pos:0.01193042970397739 
cv422_9632.txt neg neg:0.7148548170133393 pos:0.2851451829866607 
cv259_11827.txt neg neg:0.9738714014647153 pos:0.02612859853528471 
cv421_9752.txt neg neg:0.8409276964086773 pos:0.1590723035913226 
cv803_8584.txt neg neg:0.6190417854379646 pos:0.3809582145620355 
cv428_12202.txt neg neg:0.982304053333149 pos:0.017695946666851092 
cv406_22199.txt neg neg:0.9886349950754526 pos:0.01136500492454749 
cv352_5414.txt neg pos:0.7185736943276989 neg:0.2814263056723011 
cv806_9405.txt neg neg:0.9693648442925221 pos:0.030635155707477865 
cv795_10291.txt neg neg:0.9365146253029064 pos:0.06348537469709364 
cv350_22139.txt neg neg:0.6990952246334413 pos:0.30090477536655874 
cv377_8440.txt neg neg:0.8613605369559344 pos:0.1386394630440655 
cv502_10970.txt neg neg:0.5585843426634123 pos:0.4414156573365877 
cv936_17473.txt neg neg:0.9968220643677231 pos:0.0031779356322770044 
cv475_22978.txt neg pos:0.8862185632830444 neg:0.11378143671695565 
cv913_29127.txt neg neg:0.8899899214176498 pos:0.11001007858235022 
cv838_25886.txt neg pos:0.8330410697079872 neg:0.16695893029201272 
cv675_22871.txt neg neg:0.6867504902410576 pos:0.31324950975894233 
cv425_8603.txt neg neg:0.9755772094365812 pos:0.024422790563418735 
cv492_19370.txt neg neg:0.8572738452334109 pos:0.1427261547665892 
cv988_20168.txt neg neg:0.9999843535519247 pos:1.564644807519513E-5 
cv201_7421.txt neg neg:0.5431936131560624 pos:0.4568063868439376 
cv297_10104.txt neg neg:0.882436025128853 pos:0.11756397487114693 
cv478_15921.txt neg pos:0.5424725927492714 neg:0.45752740725072855 
cv615_15734.txt neg neg:0.920537192736092 pos:0.07946280726390807 
cv596_4367.txt neg neg:0.6868691478950445 pos:0.31313085210495556 
cv247_14668.txt neg neg:0.9094851691454956 pos:0.09051483085450439 
cv131_11568.txt neg neg:0.9954851000740551 pos:0.004514899925944916 
cv135_12506.txt neg neg:0.8834608146725185 pos:0.11653918532748156 
cv642_29788.txt neg neg:0.9878937693974533 pos:0.012106230602546732 
cv479_5450.txt neg neg:0.9994494424406928 pos:5.50557559307243E-4 
cv783_14724.txt neg neg:0.998085967989954 pos:0.0019140320100459966 
cv879_16585.txt neg neg:0.9623252062733453 pos:0.03767479372665463 
cv117_25625.txt neg neg:0.9896234741510606 pos:0.010376525848939404 
cv174_9735.txt neg neg:0.979353572791923 pos:0.020646427208076978 
cv004_12641.txt neg neg:0.9548868755449005 pos:0.045113124455099456 
cv966_28671.txt neg neg:0.991463781357305 pos:0.008536218642694975 
cv860_15520.txt neg neg:0.9198510017790955 pos:0.0801489982209044 
cv704_17622.txt neg neg:0.8923014664953774 pos:0.1076985335046225 
cv343_10906.txt neg pos:0.8977359902329145 neg:0.10226400976708552 
cv372_6552.txt pos pos:0.9739443427792827 neg:0.026055657220717402 
cv241_23130.txt pos pos:0.9962963791089483 neg:0.003703620891051752 
cv700_21947.txt pos pos:0.8471668744803416 neg:0.1528331255196585 
cv272_18974.txt pos pos:0.8676542748254813 neg:0.13234572517451873 
cv096_11474.txt pos pos:0.9781786241968372 neg:0.021821375803162645 
cv177_10367.txt pos pos:0.9916119631711808 neg:0.008388036828819166 
cv986_13527.txt pos pos:0.9849645109699305 neg:0.015035489030069394 
cv800_12368.txt pos pos:0.9999647034190923 neg:3.529658090776945E-5 
cv102_7846.txt pos pos:0.8829251933958502 neg:0.11707480660414997 
cv352_5524.txt pos pos:0.9950714902228261 neg:0.004928509777173824 
cv701_14252.txt pos pos:0.9998418844296542 neg:1.581155703457072E-4 
cv346_18168.txt pos pos:0.6924949206144277 neg:0.3075050793855722 
cv141_15686.txt pos pos:0.9476758482668223 neg:0.05232415173317771 
cv006_15448.txt pos pos:0.9982514070481382 neg:0.0017485929518617678 
cv685_5947.txt pos pos:0.7198850823919263 neg:0.2801149176080737 
cv664_4389.txt pos pos:0.9256663220281627 neg:0.07433367797183729 
cv581_19381.txt pos pos:0.9989022626521081 neg:0.0010977373478918506 
cv522_5583.txt pos pos:0.9455813862233479 neg:0.05441861377665219 
cv735_18801.txt pos pos:0.8799775192836846 neg:0.12002248071631537 
cv839_21467.txt pos pos:0.9837442013586454 neg:0.016255798641354506 
cv132_5618.txt pos pos:0.5011015962403653 neg:0.4988984037596347 
cv867_16661.txt pos pos:0.8313775088058935 neg:0.16862249119410658 
cv375_9929.txt pos pos:0.9985157178269439 neg:0.0014842821730561612 
cv045_23923.txt pos pos:0.9932390336436305 neg:0.006760966356369463 
cv179_9228.txt pos pos:0.9779381083717067 neg:0.022061891628293386 
cv804_10862.txt pos pos:0.8785650320482192 neg:0.12143496795178084 
cv812_17924.txt pos pos:0.9987650574984616 neg:0.0012349425015384212 
cv011_12166.txt pos pos:0.9297357957817645 neg:0.07026420421823545 
cv861_1198.txt pos pos:0.8518142965497875 neg:0.14818570345021256 
cv576_14094.txt pos pos:0.9877942497270862 neg:0.01220575027291381 
cv916_15467.txt pos pos:0.9999553794987655 neg:4.4620501234643454E-5 
cv776_20529.txt pos pos:0.9482257735920567 neg:0.05177422640794337 
cv995_21821.txt pos pos:0.9997625501794853 neg:2.374498205147359E-4 
cv240_14336.txt pos pos:0.9993655735176042 neg:6.344264823956482E-4 
cv920_29622.txt pos pos:0.9976208105603839 neg:0.002379189439616088 
cv670_25826.txt pos pos:0.9258125514074061 neg:0.07418744859259391 
cv290_11084.txt pos pos:0.9996858620340924 neg:3.141379659077189E-4 
cv156_10481.txt pos pos:0.8767314057229922 neg:0.1232685942770077 
cv087_1989.txt pos pos:0.9999710086609683 neg:2.8991339031636865E-5 
cv584_29722.txt pos pos:0.9731490306116706 neg:0.02685096938832948 
cv279_18329.txt pos pos:0.9475905971864128 neg:0.05240940281358722 
cv704_15969.txt pos pos:0.6702164852184889 neg:0.3297835147815112 
cv228_5806.txt pos pos:0.9998461812046191 neg:1.5381879538096789E-4 
cv935_23841.txt pos pos:0.9991483934878488 neg:8.516065121512956E-4 
cv651_10492.txt pos neg:0.9928276621055743 pos:0.007172337894425647 
cv497_26980.txt pos pos:0.9879906534763627 neg:0.012009346523637263 
cv917_29715.txt pos neg:0.5942161737882602 pos:0.40578382621173975 
cv922_10073.txt pos pos:0.9999692606758835 neg:3.0739324116550654E-5 
cv231_10425.txt pos pos:0.9944933025576663 neg:0.005506697442333687 
cv799_18543.txt pos pos:0.9299966915395206 neg:0.07000330846047938 
cv243_20728.txt pos pos:0.9997476582567079 neg:2.5234174329224514E-4 
cv880_29800.txt pos pos:0.9975628371702555 neg:0.0024371628297445895 
cv239_3385.txt pos pos:0.9954377755052328 neg:0.004562224494767168 
cv972_26417.txt pos pos:0.8547468554933507 neg:0.1452531445066492 
cv207_29284.txt pos pos:0.9996136072190632 neg:3.863927809367172E-4 
cv790_14600.txt pos pos:0.8823229964283829 neg:0.1176770035716171 
cv070_12289.txt pos pos:0.9997740073531145 neg:2.2599264688550092E-4 
cv318_10493.txt pos pos:0.8983133536019359 neg:0.10168664639806405 
cv398_15537.txt pos pos:0.9045688115663241 neg:0.09543118843367587 
cv785_22600.txt pos pos:0.9643000787266984 neg:0.035699921273301675 
cv458_8604.txt pos pos:0.9848352584269171 neg:0.01516474157308296 
cv308_5016.txt pos pos:0.9951953050350637 neg:0.004804694964936352 
cv323_29805.txt pos pos:0.870692087377723 neg:0.12930791262227706 
cv031_18452.txt pos pos:0.9703186275365215 neg:0.029681372463478392 
cv528_10822.txt pos pos:0.9859538390505901 neg:0.014046160949409789 
cv349_13507.txt pos pos:0.9898344472369464 neg:0.010165552763053717 
cv277_19091.txt pos neg:0.7065326976607811 pos:0.293467302339219 
cv408_5297.txt pos neg:0.7967775190716573 pos:0.2032224809283427 
cv668_17604.txt pos pos:0.9999628947499781 neg:3.7105250021779936E-5 
cv567_29611.txt pos pos:0.9896609979869853 neg:0.010339002013014707 
cv216_18738.txt pos pos:0.9643966330591082 neg:0.0356033669408919 
cv112_11193.txt pos neg:0.828859580977909 pos:0.17114041902209112 
cv394_5137.txt pos pos:0.996811339863015 neg:0.0031886601369851726 
cv734_21568.txt pos pos:0.9997159669586411 neg:2.8403304135891694E-4 
cv834_22195.txt pos pos:0.9442807653426217 neg:0.05571923465737831 
cv952_25240.txt pos pos:0.9263167651698584 neg:0.07368323483014164 
cv782_19526.txt pos pos:0.7466028127098165 neg:0.2533971872901835 
cv783_13227.txt pos pos:0.943374306642798 neg:0.0566256933572021 
cv582_6559.txt pos pos:0.9999071026852888 neg:9.289731471113381E-5 
cv449_8785.txt pos pos:0.9994103694787383 neg:5.896305212618241E-4 
cv968_24218.txt pos pos:0.9987340913689075 neg:0.0012659086310925385 
cv482_10580.txt pos pos:0.9324942660699531 neg:0.06750573393004702 
cv309_22571.txt pos pos:0.9999924131072665 neg:7.586892733602878E-6 
cv925_8969.txt pos neg:0.8317074890921913 pos:0.16829251090780875 
cv091_7400.txt pos pos:0.704215230276999 neg:0.2957847697230011 
cv934_19027.txt pos pos:0.9959240992024194 neg:0.0040759007975805965 
cv348_18176.txt pos pos:0.8441966742133235 neg:0.1558033257866766 
cv802_28664.txt pos pos:0.9895408672848605 neg:0.010459132715139671 
cv649_12735.txt pos pos:0.9311218413443062 neg:0.06887815865569384 
cv818_10211.txt pos pos:0.9964471801382259 neg:0.0035528198617741425 
cv078_14730.txt pos pos:0.9396721211334371 neg:0.0603278788665629 
cv298_23111.txt pos pos:0.9999476842072389 neg:5.23157927611842E-5 
cv866_29691.txt pos pos:0.9984922024322678 neg:0.0015077975677320983 
cv314_14422.txt pos pos:0.9805501983411463 neg:0.019449801658853783 
cv255_13683.txt pos pos:0.9442744123908934 neg:0.05572558760910666 
cv367_22792.txt pos pos:0.9989119541337774 neg:0.0010880458662226983 
cv036_16831.txt pos pos:0.9939562744703456 neg:0.0060437255296543774 
cv370_5221.txt pos neg:0.7912578457075365 pos:0.20874215429246357 
cv417_13115.txt pos pos:0.7633968963486955 neg:0.23660310365130457 
cv136_11505.txt pos pos:0.675287578764405 neg:0.32471242123559496 
Trial 0 Trainer MaxEntTrainer,gaussianPriorVariance=1.0 Training Data Confusion Matrix
Confusion Matrix, row=true, column=predicted  accuracy=1.0
  label   0   1  |total
  0 neg 900   .  |900
  1 pos   . 900  |900

Trial 0 Trainer MaxEntTrainer,gaussianPriorVariance=1.0 training data accuracy= 1.0
Trial 0 Trainer MaxEntTrainer,gaussianPriorVariance=1.0 Test Data Confusion Matrix
Confusion Matrix, row=true, column=predicted  accuracy=0.915
  label   0   1  |total
  0 neg  90  10  |100
  1 pos   7  93  |100

Trial 0 Trainer MaxEntTrainer,gaussianPriorVariance=1.0 test data accuracy= 0.915

MaxEntTrainer,gaussianPriorVariance=1.0
Summary. train accuracy mean = 1.0 stddev = 0.0 stderr = 0.0
Summary. test accuracy mean = 0.915 stddev = 0.0 stderr = 0.0
