
-------------------- Trial 0  --------------------

Trial 0 Training MaxEntTrainer,gaussianPriorVariance=1.0 with 1800 instances
Trial 0 Training MaxEntTrainer,gaussianPriorVariance=1.0 finished
Trial 0 Trainer MaxEntTrainer,gaussianPriorVariance=1.0
 Raw Testing Data
cv559_0057.txt neg neg:0.9434725805871325 pos:0.05652741941286749 
cv260_15652.txt neg neg:0.9975476814254765 pos:0.002452318574523693 
cv362_16985.txt neg neg:0.9887659653438385 pos:0.011234034656161483 
cv426_10976.txt neg neg:0.9996378091963185 pos:3.6219080368139295E-4 
cv071_12969.txt neg neg:0.5024984111838584 pos:0.49750158881614165 
cv049_21917.txt neg neg:0.7526834293156298 pos:0.24731657068437027 
cv746_10471.txt neg pos:0.9853172607123948 neg:0.014682739287605202 
cv790_16202.txt neg neg:0.9997016584883067 pos:2.983415116933668E-4 
cv402_16097.txt neg pos:0.6664776649481676 neg:0.33352233505183243 
cv501_12675.txt neg neg:0.9573995806217047 pos:0.042600419378295395 
cv171_15164.txt neg neg:0.9066957696160793 pos:0.0933042303839207 
cv650_15974.txt neg neg:0.973149593644379 pos:0.02685040635562102 
cv881_14767.txt neg neg:0.8904934068180924 pos:0.1095065931819076 
cv188_20687.txt neg neg:0.9161245294914598 pos:0.08387547050854009 
cv374_26455.txt neg pos:0.8691092699784437 neg:0.13089073002155632 
cv853_29119.txt neg neg:0.9669992558967834 pos:0.03300074410321662 
cv090_0049.txt neg pos:0.9959409269966187 neg:0.004059073003381142 
cv267_16618.txt neg neg:0.8798123680403016 pos:0.12018763195969842 
cv163_10110.txt neg neg:0.706336550019477 pos:0.2936634499805229 
cv008_29326.txt neg pos:0.5338204866236269 neg:0.46617951337637314 
cv415_23674.txt neg neg:0.5201706263549417 pos:0.47982937364505834 
cv686_15553.txt neg pos:0.8551192894326372 neg:0.14488071056736285 
cv299_17950.txt neg neg:0.8022305042656238 pos:0.19776949573437622 
cv190_27176.txt neg neg:0.8008897418067901 pos:0.19911025819321002 
cv745_14009.txt neg neg:0.9993178016267501 pos:6.821983732498719E-4 
cv000_29416.txt neg neg:0.6048216052436145 pos:0.39517839475638544 
cv899_17812.txt neg pos:0.8200715861978585 neg:0.1799284138021416 
cv238_14285.txt neg neg:0.932917597079252 pos:0.067082402920748 
cv849_17215.txt neg neg:0.9098429309645594 pos:0.09015706903544064 
cv624_11601.txt neg neg:0.9997045331114622 pos:2.954668885377967E-4 
cv039_5963.txt neg neg:0.7656310962043782 pos:0.23436890379562172 
cv345_9966.txt neg neg:0.9966840822449742 pos:0.003315917755025936 
cv820_24157.txt neg neg:0.9989412515295252 pos:0.0010587484704747457 
cv463_10846.txt neg neg:0.9689014747307771 pos:0.031098525269222934 
cv496_11185.txt neg neg:0.9995050174324456 pos:4.949825675543989E-4 
cv091_7899.txt neg pos:0.5302893364262418 neg:0.46971066357375824 
cv279_19452.txt neg neg:0.9888067246311218 pos:0.011193275368878071 
cv955_26154.txt neg neg:0.9590113305134012 pos:0.040988669486598864 
cv418_16562.txt neg neg:0.9797235568851766 pos:0.020276443114823347 
cv710_23745.txt neg neg:0.8528383020075312 pos:0.1471616979924688 
cv001_19502.txt neg neg:0.8241971189834002 pos:0.17580288101659974 
cv959_16218.txt neg neg:0.9917851104660347 pos:0.008214889533965332 
cv978_22192.txt neg neg:0.688234288682466 pos:0.311765711317534 
cv525_17930.txt neg neg:0.9965401030938472 pos:0.0034598969061528924 
cv380_8164.txt neg neg:0.9997569780111443 pos:2.43021988855797E-4 
cv252_24974.txt neg neg:0.9998862595267021 pos:1.1374047329787071E-4 
cv620_2556.txt neg neg:0.617513712141298 pos:0.382486287858702 
cv494_18689.txt neg neg:0.9843073823713338 pos:0.01569261762866622 
cv669_24318.txt neg neg:0.9215429401956153 pos:0.07845705980438464 
cv773_20264.txt neg neg:0.8722459401060926 pos:0.12775405989390753 
cv305_9937.txt neg pos:0.7132898404389051 neg:0.2867101595610948 
cv121_18621.txt neg neg:0.9577745260597241 pos:0.04222547394027587 
cv619_13677.txt neg neg:0.9999950937165253 pos:4.9062834747507E-6 
cv360_8927.txt neg neg:0.9764797642228497 pos:0.023520235777150237 
cv028_26964.txt neg neg:0.9284929784199114 pos:0.07150702158008851 
cv964_5794.txt neg neg:0.998498239837362 pos:0.0015017601626381408 
cv169_24973.txt neg neg:0.9163934044476444 pos:0.0836065955523557 
cv661_25780.txt neg neg:0.9878089202714311 pos:0.012191079728568983 
cv148_18084.txt neg neg:0.9834996345820521 pos:0.016500365417947905 
cv916_17034.txt neg neg:0.9989688575303656 pos:0.0010311424696344011 
cv646_16817.txt neg neg:0.9154450143911448 pos:0.08455498560885522 
cv393_29234.txt neg neg:0.9850137014326971 pos:0.01498629856730302 
cv560_18608.txt neg neg:0.9748629829549068 pos:0.025137017045093177 
cv957_9059.txt neg neg:0.999682511490474 pos:3.174885095259983E-4 
cv696_29619.txt neg neg:0.5973222705033092 pos:0.40267772949669073 
cv497_27086.txt neg neg:0.9913131741491614 pos:0.008686825850838438 
cv454_21961.txt neg neg:0.8706955450398066 pos:0.1293044549601934 
cv224_18875.txt neg neg:0.9619114151729744 pos:0.038088584827025554 
cv218_25651.txt neg neg:0.9737149859569837 pos:0.026285014043016287 
cv031_19540.txt neg neg:0.9808026111723404 pos:0.019197388827659662 
cv132_5423.txt neg neg:0.9994300555251274 pos:5.699444748725938E-4 
cv707_11421.txt neg pos:0.5032858707212402 neg:0.49671412927875974 
cv947_11316.txt neg neg:0.9869377459173512 pos:0.013062254082648777 
cv538_28485.txt neg neg:0.9954002224732589 pos:0.0045997775267411865 
cv486_9788.txt neg neg:0.999855446719169 pos:1.4455328083106704E-4 
cv728_17931.txt neg neg:0.9979573503636647 pos:0.002042649636335161 
cv883_27621.txt neg neg:0.9997494827917208 pos:2.505172082791082E-4 
cv886_19210.txt neg neg:0.9987329462154612 pos:0.0012670537845387835 
cv750_10606.txt neg neg:0.9462691902769071 pos:0.05373080972309282 
cv355_18174.txt neg neg:0.8773768825231117 pos:0.12262311747688817 
cv884_15230.txt neg neg:0.7252871198752292 pos:0.27471288012477085 
cv887_5306.txt neg neg:0.8569955160675341 pos:0.1430044839324659 
cv103_11943.txt neg pos:0.5371515051229178 neg:0.46284849487708224 
cv641_13412.txt neg neg:0.9994484218150902 pos:5.51578184909688E-4 
cv890_3515.txt neg neg:0.9955487071229502 pos:0.004451292877049767 
cv709_11173.txt neg neg:0.8355786152134135 pos:0.16442138478658647 
cv547_18043.txt neg neg:0.9915051757725647 pos:0.00849482422743517 
cv480_21195.txt neg pos:0.9395880084790544 neg:0.0604119915209455 
cv333_9443.txt neg pos:0.7985208582928354 neg:0.20147914170716452 
cv119_9909.txt neg neg:0.8700226504756007 pos:0.1299773495243994 
cv811_22646.txt neg neg:0.8951688526094074 pos:0.10483114739059264 
cv611_2253.txt neg neg:0.9989834086260347 pos:0.0010165913739651658 
cv569_26750.txt neg neg:0.7365203000209936 pos:0.2634796999790064 
cv304_28489.txt neg neg:0.998703048491365 pos:0.001296951508634878 
cv722_7571.txt neg neg:0.789782830936597 pos:0.21021716906340307 
cv805_21128.txt neg neg:0.9001850854091246 pos:0.09981491459087556 
cv161_12224.txt neg neg:0.9979698299410289 pos:0.0020301700589711908 
cv901_11934.txt neg neg:0.9483508299632515 pos:0.05164917003674845 
cv584_29549.txt neg neg:0.9955362508831785 pos:0.004463749116821413 
cv093_15606.txt neg neg:0.9300190044535889 pos:0.06998099554641114 
cv236_11565.txt pos pos:0.5602341105520336 neg:0.43976588944796635 
cv313_18198.txt pos pos:0.9994869690950424 neg:5.130309049576117E-4 
cv911_20260.txt pos neg:0.8178571217889362 pos:0.18214287821106379 
cv148_16345.txt pos pos:0.9986401224679142 neg:0.0013598775320858352 
cv912_5674.txt pos pos:0.9845405251124084 neg:0.015459474887591678 
cv396_17989.txt pos pos:0.8929269534942863 neg:0.10707304650571371 
cv840_16321.txt pos pos:0.8096664334275567 neg:0.19033356657244327 
cv930_13475.txt pos pos:0.994602642007562 neg:0.0053973579924380686 
cv341_24430.txt pos pos:0.9748737147328529 neg:0.025126285267147042 
cv452_5088.txt pos pos:0.9041994687645178 neg:0.09580053123548216 
cv965_26071.txt pos pos:0.7454687212146935 neg:0.25453127878530635 
cv509_15888.txt pos pos:0.9999970622287547 neg:2.937771245294992E-6 
cv451_10690.txt pos pos:0.998652321278625 neg:0.0013476787213749417 
cv672_28083.txt pos pos:0.9974014143266197 neg:0.0025985856733802175 
cv460_10842.txt pos neg:0.9845430133258033 pos:0.015456986674196626 
cv363_29332.txt pos pos:0.8138777786003005 neg:0.1861222213996995 
cv135_11603.txt pos neg:0.7767255290192028 pos:0.22327447098079733 
cv720_5389.txt pos pos:0.7030700029013464 neg:0.29692999709865364 
cv887_5126.txt pos pos:0.9994136423453889 neg:5.86357654611145E-4 
cv080_13465.txt pos pos:0.7661499402838191 neg:0.23385005971618084 
cv471_16858.txt pos pos:0.8912398164034377 neg:0.10876018359656221 
cv354_8132.txt pos neg:0.8261770814764103 pos:0.17382291852358972 
cv523_16615.txt pos pos:0.9987961672972729 neg:0.0012038327027270547 
cv021_15838.txt pos pos:0.9802462133256046 neg:0.019753786674395393 
cv625_12440.txt pos pos:0.9960095812178995 neg:0.003990418782100508 
cv789_12136.txt pos neg:0.9694926820438242 pos:0.03050731795617578 
cv706_24716.txt pos pos:0.9999924084076514 neg:7.591592348697956E-6 
cv213_18934.txt pos pos:0.7203435195863821 neg:0.2796564804136179 
cv506_15956.txt pos pos:0.9968485333075434 neg:0.003151466692456568 
cv638_2953.txt pos pos:0.9967564107597039 neg:0.0032435892402961552 
cv230_7428.txt pos pos:0.8838693843378003 neg:0.11613061566219973 
cv639_10308.txt pos neg:0.6266700448419682 pos:0.37332995515803175 
cv226_2618.txt pos pos:0.9669630448248583 neg:0.03303695517514185 
cv946_18658.txt pos pos:0.9999993496258115 neg:6.50374188437517E-7 
cv374_25436.txt pos pos:0.6304023942122319 neg:0.3695976057877681 
cv013_10159.txt pos pos:0.8144272064401739 neg:0.18557279355982625 
cv831_14689.txt pos pos:0.6864198113915121 neg:0.3135801886084879 
cv266_25779.txt pos neg:0.7385526137798135 pos:0.26144738622018643 
cv687_21100.txt pos pos:0.9999573632909842 neg:4.263670901583084E-5 
cv979_18921.txt pos pos:0.9912068773396694 neg:0.008793122660330705 
cv180_16113.txt pos pos:0.920110412572099 neg:0.07988958742790109 
cv686_13900.txt pos neg:0.5257383124554722 pos:0.47426168754452774 
cv498_8832.txt pos neg:0.8282701304746528 pos:0.17172986952534727 
cv174_9659.txt pos pos:0.753151777414827 neg:0.24684822258517308 
cv961_5682.txt pos pos:0.9876475662551508 neg:0.012352433744849213 
cv275_28887.txt pos pos:0.986260225198013 neg:0.013739774801986973 
cv728_16133.txt pos pos:0.9945083388345344 neg:0.005491661165465561 
cv431_7085.txt pos neg:0.7869555083135736 pos:0.21304449168642645 
cv060_10844.txt pos pos:0.918158392625854 neg:0.08184160737414613 
cv320_9530.txt pos pos:0.9690959877785992 neg:0.030904012221400896 
cv630_10057.txt pos pos:0.858627919930286 neg:0.141372080069714 
cv197_29328.txt pos pos:0.5230744584577276 neg:0.4769255415422724 
cv105_17990.txt pos pos:0.6804367205260095 neg:0.31956327947399055 
cv793_13650.txt pos pos:0.9943001698834278 neg:0.005699830116572087 
cv029_18643.txt pos pos:0.999458616774552 neg:5.413832254480597E-4 
cv778_17330.txt pos pos:0.9885079227958914 neg:0.011492077204108588 
cv737_28907.txt pos pos:0.9996130950258139 neg:3.869049741861059E-4 
cv499_10658.txt pos pos:0.738704553297483 neg:0.26129544670251703 
cv612_5461.txt pos pos:0.9999071557816613 neg:9.284421833871178E-5 
cv721_29121.txt pos pos:0.9951672318025938 neg:0.004832768197406258 
cv088_24113.txt pos pos:0.9907252346012508 neg:0.009274765398749133 
cv014_13924.txt pos pos:0.9710366823112391 neg:0.02896331768876101 
cv456_18985.txt pos pos:0.9757580700433128 neg:0.024241929956687194 
cv058_8025.txt pos pos:0.7758982777379027 neg:0.2241017222620972 
cv875_5754.txt pos pos:0.8453765955282061 neg:0.15462340447179393 
cv850_16466.txt pos pos:0.9464801413664979 neg:0.05351985863350205 
cv188_19226.txt pos neg:0.9024800449524037 pos:0.09751995504759613 
cv466_18722.txt pos pos:0.9909453123806689 neg:0.009054687619331094 
cv042_10982.txt pos pos:0.9763313444147531 neg:0.023668655585246803 
cv654_18246.txt pos pos:0.999881203902093 neg:1.1879609790695497E-4 
cv208_9020.txt pos pos:0.7487578644968824 neg:0.2512421355031176 
cv568_15638.txt pos pos:0.946362927515848 neg:0.05363707248415191 
cv769_8123.txt pos pos:0.9998667220279875 neg:1.3327797201250605E-4 
cv854_17740.txt pos pos:0.815229416729477 neg:0.18477058327052298 
cv575_21150.txt pos pos:0.8567210677604683 neg:0.14327893223953167 
cv224_17661.txt pos pos:0.9999547453856197 neg:4.525461438044184E-5 
cv985_6359.txt pos pos:0.9962859560986757 neg:0.0037140439013243396 
cv383_13116.txt pos pos:0.9878673760175517 neg:0.012132623982448229 
cv336_10143.txt pos pos:0.9025530009499365 neg:0.09744699905006349 
cv707_10678.txt pos pos:0.9824714022706827 neg:0.01752859772931723 
cv759_13522.txt pos pos:0.7612736059041675 neg:0.23872639409583238 
cv539_20347.txt pos pos:0.8358021841175997 neg:0.16419781588240032 
cv975_10981.txt pos pos:0.9994660358589826 neg:5.339641410173822E-4 
cv034_29647.txt pos pos:0.7638775232998354 neg:0.23612247670016467 
cv844_12690.txt pos neg:0.6104000901095782 pos:0.3895999098904218 
cv893_26269.txt pos pos:0.5627683070579682 neg:0.4372316929420317 
cv595_25335.txt pos neg:0.5410908784819374 pos:0.4589091215180627 
cv712_22920.txt pos neg:0.6278679841320746 pos:0.37213201586792544 
cv390_11345.txt pos pos:0.9962131580313174 neg:0.0037868419686825946 
cv765_19037.txt pos pos:0.9940876384614759 neg:0.005912361538524244 
cv023_12672.txt pos pos:0.9997487874545051 neg:2.512125454949398E-4 
cv797_6957.txt pos pos:0.8855900948353523 neg:0.1144099051646476 
cv997_5046.txt pos pos:0.9997920437936112 neg:2.079562063887354E-4 
cv301_12146.txt pos pos:0.8952508454113439 neg:0.10474915458865616 
cv603_17694.txt pos neg:0.9399684872703964 pos:0.06003151272960365 
cv989_15824.txt pos pos:0.9842900508951382 neg:0.015709949104861846 
cv571_29366.txt pos pos:0.7974732700847933 neg:0.20252672991520665 
cv927_10681.txt pos pos:0.9998945572324689 neg:1.0544276753103136E-4 
cv962_9803.txt pos pos:0.9159380209632345 neg:0.0840619790367655 
cv541_28835.txt pos neg:0.9223737813696082 pos:0.07762621863039175 
Trial 0 Trainer MaxEntTrainer,gaussianPriorVariance=1.0 Training Data Confusion Matrix
Confusion Matrix, row=true, column=predicted  accuracy=1.0
  label   0   1  |total
  0 neg 900   .  |900
  1 pos   . 900  |900

Trial 0 Trainer MaxEntTrainer,gaussianPriorVariance=1.0 training data accuracy= 1.0
Trial 0 Trainer MaxEntTrainer,gaussianPriorVariance=1.0 Test Data Confusion Matrix
Confusion Matrix, row=true, column=predicted  accuracy=0.855
  label   0   1  |total
  0 neg  87  13  |100
  1 pos  16  84  |100

Trial 0 Trainer MaxEntTrainer,gaussianPriorVariance=1.0 test data accuracy= 0.855

MaxEntTrainer,gaussianPriorVariance=1.0
Summary. train accuracy mean = 1.0 stddev = 0.0 stderr = 0.0
Summary. test accuracy mean = 0.855 stddev = 0.0 stderr = 0.0
