
-------------------- Trial 0  --------------------

Trial 0 Training NaiveBayesTrainer with 1800 instances
Trial 0 Training NaiveBayesTrainer finished
Trial 0 Trainer NaiveBayesTrainer
 Raw Testing Data
cv329_29293.txt neg neg:0.9999998253952999 pos:1.7460470011143048E-7 
cv926_18471.txt neg pos:1.0 neg:8.996025915523716E-20 
cv307_26382.txt neg neg:0.9999999961982793 pos:3.801720790624652E-9 
cv565_29403.txt neg neg:1.0 pos:3.0329377984374742E-21 
cv109_22599.txt neg neg:0.9980781911284012 pos:0.001921808871598682 
cv476_18402.txt neg neg:0.9999999999991216 pos:8.784811376385033E-13 
cv366_10709.txt neg neg:1.0 pos:1.2514322324736074E-17 
cv727_5006.txt neg neg:0.9996108066949961 pos:3.8919330500386426E-4 
cv602_8830.txt neg pos:0.7058011948736456 neg:0.29419880512635455 
cv351_17029.txt neg neg:0.9999999999998685 pos:1.31421385732612E-13 
cv777_10247.txt neg neg:0.9999999965698538 pos:3.430146215632156E-9 
cv570_28960.txt neg neg:0.998480575045459 pos:0.0015194249545410381 
cv056_14663.txt neg neg:0.9999999999381735 pos:6.18264344862898E-11 
cv900_10800.txt neg neg:0.9999999999941784 pos:5.821616019523552E-12 
cv230_7913.txt neg neg:0.9999999999876035 pos:1.2396595474462782E-11 
cv965_26688.txt neg neg:0.9999116764732138 pos:8.832352678619705E-5 
cv495_16121.txt neg neg:0.9999999908599634 pos:9.140036554527425E-9 
cv054_4101.txt neg neg:0.520999642908184 pos:0.47900035709181604 
cv036_18385.txt neg neg:0.9999968271830681 pos:3.1728169319391012E-6 
cv739_12179.txt neg neg:0.9915110057148142 pos:0.008488994285185798 
cv574_23191.txt neg neg:1.0 pos:7.033930489933353E-18 
cv006_17022.txt neg neg:0.999999781920184 pos:2.180798159165362E-7 
cv555_25047.txt neg neg:0.9999982550262012 pos:1.7449737987860058E-6 
cv609_25038.txt neg neg:0.9999627478676962 pos:3.7252132303624506E-5 
cv251_23901.txt neg neg:1.0 pos:1.4006211333577488E-21 
cv441_15276.txt neg neg:0.9672369645160755 pos:0.03276303548392449 
cv763_16486.txt neg neg:0.9999999966273119 pos:3.372688060454368E-9 
cv197_29271.txt neg neg:0.9976092988861618 pos:0.0023907011138381016 
cv944_15042.txt neg neg:0.9999999115311686 pos:8.846883125702629E-8 
cv058_8469.txt neg neg:0.9999547959057165 pos:4.520409428339944E-5 
cv740_13643.txt neg neg:0.9906619247103098 pos:0.009338075289690202 
cv880_29629.txt neg pos:0.9989612158916777 neg:0.0010387841083222555 
cv436_20564.txt neg neg:0.9999999999999956 pos:4.52986262736565E-15 
cv984_14006.txt neg neg:0.9999999979122489 pos:2.087751041943522E-9 
cv735_20218.txt neg neg:0.9999999628485656 pos:3.715143437737448E-8 
cv461_21124.txt neg pos:0.9999020558696298 neg:9.794413037019471E-5 
cv229_15200.txt neg neg:0.9999999632681416 pos:3.673185839495801E-8 
cv278_14533.txt neg pos:0.9985703937350617 neg:0.0014296062649383466 
cv995_23113.txt neg neg:1.0 pos:2.2201885519211695E-20 
cv846_29359.txt neg neg:0.9999963748217886 pos:3.625178211421365E-6 
cv858_20266.txt neg neg:0.9999999999985898 pos:1.4102207525086533E-12 
cv872_13710.txt neg neg:0.9999198117820958 pos:8.018821790428206E-5 
cv539_21865.txt neg neg:0.9999999999984126 pos:1.587337308962778E-12 
cv484_26169.txt neg neg:0.9999999999994711 pos:5.288201718162118E-13 
cv324_7502.txt neg pos:0.9999999999962006 neg:3.7994860609227864E-12 
cv386_10229.txt neg neg:0.9999990947028015 pos:9.052971986255212E-7 
cv087_2145.txt neg neg:0.9999999999999987 pos:1.382783339219609E-15 
cv287_17410.txt neg neg:0.9999999819300184 pos:1.8069981576907016E-8 
cv848_10061.txt neg neg:0.9999999999990861 pos:9.138438192174298E-13 
cv368_11090.txt neg neg:0.9999999999907478 pos:9.252123833397749E-12 
cv464_17076.txt neg neg:0.999999999970604 pos:2.939595143018699E-11 
cv768_12709.txt neg neg:0.9999999999999998 pos:1.123952687552273E-16 
cv246_28668.txt neg neg:0.999999999952806 pos:4.7193955873074476E-11 
cv850_18185.txt neg pos:0.8973655993394425 neg:0.10263440066055747 
cv840_18033.txt neg neg:0.9396464009626228 pos:0.060353599037377186 
cv046_10613.txt neg neg:0.999999999999996 pos:3.9859467461972706E-15 
cv742_8279.txt neg neg:0.9991954147673928 pos:8.045852326072995E-4 
cv264_14108.txt neg neg:0.999999998973627 pos:1.0263728798020406E-9 
cv592_23391.txt neg neg:0.9954604237073397 pos:0.004539576292660219 
cv582_6678.txt neg neg:0.9999999941659696 pos:5.834030429951191E-9 
cv684_12727.txt neg neg:0.9999999999752842 pos:2.4715719512270892E-11 
cv414_11161.txt neg neg:0.9999489505603272 pos:5.104943967285813E-5 
cv703_17948.txt neg neg:0.999687730773332 pos:3.1226922666811717E-4 
cv168_7435.txt neg neg:0.9998666394957025 pos:1.333605042973586E-4 
cv807_23024.txt neg neg:1.0 pos:8.978064439151075E-37 
cv050_12128.txt neg neg:0.9999999999999907 pos:9.220921785853956E-15 
cv064_25842.txt neg neg:0.9999999999999349 pos:6.502967873071824E-14 
cv571_29292.txt neg pos:0.9999999999925515 neg:7.448477124806029E-12 
cv871_25971.txt neg neg:1.0 pos:2.3582407366519816E-18 
cv356_26170.txt neg pos:0.9929344565660518 neg:0.0070655434339481245 
cv451_11502.txt neg neg:0.9999999999999996 pos:4.48067036590298E-16 
cv327_21743.txt neg neg:0.999999999999998 pos:1.9145450855472723E-15 
cv458_9000.txt neg neg:0.9999999999929883 pos:7.011728467807162E-12 
cv416_12048.txt neg neg:1.0 pos:1.2527395574457364E-27 
cv532_6495.txt neg neg:0.999998491364039 pos:1.508635960951439E-6 
cv011_13044.txt neg neg:0.9685821806123283 pos:0.03141781938767172 
cv155_7845.txt neg neg:0.9999999998378231 pos:1.6217696107511045E-10 
cv847_20855.txt neg neg:0.9998840383381812 pos:1.1596166181879413E-4 
cv772_12971.txt neg neg:1.0 pos:8.396769042220999E-27 
cv187_14112.txt neg neg:0.9999999994129671 pos:5.870327592686808E-10 
cv918_27080.txt neg neg:0.9999998842777243 pos:1.1572227558780849E-7 
cv258_5627.txt neg neg:0.9999999999999512 pos:4.8921600458911126E-14 
cv288_20212.txt neg neg:0.9999999999485225 pos:5.147746531334343E-11 
cv833_11961.txt neg neg:1.0 pos:6.53293131418223E-17 
cv603_18885.txt neg neg:0.9999986085859891 pos:1.3914140108046615E-6 
cv892_18788.txt neg neg:0.9999999993397644 pos:6.602356592487368E-10 
cv786_23608.txt neg neg:0.9999999982012249 pos:1.7987752246057115E-9 
cv885_13390.txt neg neg:0.9999999999847415 pos:1.5258399816173977E-11 
cv859_15689.txt neg neg:0.6513051317210024 pos:0.3486948682789976 
cv649_13947.txt neg neg:0.999999951717638 pos:4.8282362007759085E-8 
cv318_11146.txt neg neg:1.0 pos:1.1185468387797794E-20 
cv573_29384.txt neg neg:0.9999925532766973 pos:7.446723302627949E-6 
cv210_9557.txt neg pos:0.7312112961272452 neg:0.2687887038727547 
cv706_25883.txt neg neg:1.0 pos:1.099088002675903E-19 
cv953_7078.txt neg neg:1.0 pos:2.8656579580033244E-17 
cv228_5644.txt neg neg:0.9999981164295269 pos:1.8835704732120217E-6 
cv755_24881.txt neg neg:1.0 pos:9.745378033381556E-21 
cv551_11214.txt neg neg:0.9973067263564969 pos:0.0026932736435032216 
cv123_12165.txt neg neg:1.0 pos:9.4282514563947E-18 
cv784_16077.txt neg neg:0.9999999999998912 pos:1.088421927039752E-13 
cv981_14989.txt pos pos:1.0 neg:3.942708250046855E-19 
cv758_9671.txt pos pos:0.9999924579690914 neg:7.542030908485788E-6 
cv463_10343.txt pos pos:0.9999999999997613 neg:2.387931124862929E-13 
cv106_16807.txt pos pos:0.9999999999998226 neg:1.7730820185070022E-13 
cv944_13521.txt pos pos:0.9999999999989464 neg:1.0536587104020584E-12 
cv296_12251.txt pos neg:0.9987649504965008 pos:0.0012350495034992258 
cv695_21108.txt pos pos:0.9999999999999571 neg:4.2793043307298526E-14 
cv587_19162.txt pos pos:0.9999999765071307 neg:2.3492869269857804E-8 
cv165_22619.txt pos pos:0.9999999999999964 neg:3.5252710818708207E-15 
cv865_2895.txt pos pos:0.9999999999998979 neg:1.0207166493490763E-13 
cv307_25270.txt pos neg:0.587757610993004 pos:0.41224238900699595 
cv777_10094.txt pos pos:1.0 neg:4.2046827506186685E-22 
cv418_14774.txt pos pos:0.9998342919146658 neg:1.6570808533429294E-4 
cv387_11507.txt pos pos:0.9999994984084559 neg:5.01591544049125E-7 
cv889_21430.txt pos neg:0.9995766773861833 pos:4.2332261381675693E-4 
cv052_29378.txt pos pos:0.9999931831896431 neg:6.816810356857247E-6 
cv725_10103.txt pos neg:0.5474154694490242 pos:0.45258453055097575 
cv130_17083.txt pos pos:0.9999999991435375 neg:8.564625523496024E-10 
cv550_22211.txt pos neg:0.9999999998993347 pos:1.006652842930557E-10 
cv577_28549.txt pos pos:1.0 neg:6.0262487259245706E-34 
cv613_21796.txt pos pos:0.9999999917363204 neg:8.263679662945102E-9 
cv414_10518.txt pos pos:0.9999999999999905 neg:9.476972035461874E-15 
cv703_16143.txt pos pos:0.9997663563601978 neg:2.3364363980214986E-4 
cv104_18134.txt pos pos:0.9795318277583862 neg:0.020468172241613777 
cv475_21692.txt pos pos:0.9999998039940783 neg:1.960059217060193E-7 
cv547_16324.txt pos pos:0.9999999802462896 neg:1.9753710607475426E-8 
cv809_5009.txt pos pos:1.0 neg:6.299965775714668E-21 
cv430_17351.txt pos pos:0.9984556960827355 neg:0.0015443039172644533 
cv474_10209.txt pos pos:0.99999986931013 neg:1.3068987000987118E-7 
cv000_29590.txt pos neg:0.9998361019507982 pos:1.6389804920185556E-4 
cv469_20630.txt pos pos:1.0 neg:2.7734016609286214E-26 
cv977_4938.txt pos pos:0.9999705535683175 neg:2.9446431682332257E-5 
cv015_29439.txt pos pos:0.9999988067775931 neg:1.1932224068223386E-6 
cv771_28665.txt pos pos:1.0 neg:5.12109527147054E-19 
cv763_14729.txt pos pos:0.9999869469316918 neg:1.3053068308317878E-5 
cv611_21120.txt pos neg:0.9994034180636727 pos:5.965819363272963E-4 
cv585_22496.txt pos pos:0.999999999999996 neg:3.925090060047171E-15 
cv906_11491.txt pos pos:0.9999999924791055 neg:7.52089454719362E-9 
cv868_11948.txt pos pos:0.9999999980051588 neg:1.9948412354766983E-9 
cv696_29740.txt pos pos:0.9999999999510973 neg:4.8902712248448804E-11 
cv974_22941.txt pos pos:0.9999999571207684 neg:4.287923156078192E-8 
cv605_11800.txt pos pos:0.9999999999961247 neg:3.8754085641421045E-12 
cv160_10362.txt pos pos:0.9999999999999973 neg:2.7054942743369038E-15 
cv692_15451.txt pos pos:1.0 neg:8.915631135572437E-40 
cv176_12857.txt pos pos:0.6534903570074733 neg:0.34650964299252673 
cv401_12605.txt pos pos:0.9999999549704752 neg:4.502952464532297E-8 
cv559_0050.txt pos pos:0.999999999999998 neg:1.985410372632453E-15 
cv403_6621.txt pos neg:0.8812289249047371 pos:0.11877107509526297 
cv035_3954.txt pos pos:0.9999999807211256 neg:1.9278874311540028E-8 
cv473_7367.txt pos neg:0.5518127328019006 pos:0.4481872671980995 
cv624_10744.txt pos pos:1.0 neg:2.666190810098634E-23 
cv683_12167.txt pos pos:1.0 neg:1.4906276193739792E-23 
cv461_19600.txt pos pos:1.0 neg:6.29106135842274E-17 
cv633_29837.txt pos pos:1.0 neg:6.4308174473212876E-24 
cv054_4230.txt pos neg:0.9987312423965148 pos:0.0012687576034850967 
cv832_23275.txt pos pos:0.9999993938122678 neg:6.061877323024834E-7 
cv478_14309.txt pos pos:0.999999999998773 neg:1.2269165310750695E-12 
cv940_17705.txt pos pos:0.8378844859701072 neg:0.16211551402989272 
cv107_24319.txt pos neg:0.9999995291331126 pos:4.708668874439536E-7 
cv302_25649.txt pos pos:0.9999999999862519 neg:1.3748146190958826E-11 
cv884_13632.txt pos neg:0.9999996493947251 pos:3.5060527489662905E-7 
cv619_12462.txt pos pos:0.9999999704890663 neg:2.9510933701737393E-8 
cv273_29112.txt pos pos:0.9999999999999623 neg:3.7721469755483825E-14 
cv359_6647.txt pos pos:0.7609992558961998 neg:0.23900074410380032 
cv945_12160.txt pos pos:0.9999999999967888 neg:3.2113061717332002E-12 
cv841_3967.txt pos neg:0.999914367732169 pos:8.563226783104628E-5 
cv125_9391.txt pos neg:0.8046094262727146 pos:0.19539057372728544 
cv212_10027.txt pos pos:0.9999999976303839 neg:2.3696160559996422E-9 
cv262_12649.txt pos pos:0.9947703894933135 neg:0.005229610506686504 
cv487_10446.txt pos pos:0.9999999999737679 neg:2.6232090630743225E-11 
cv820_22892.txt pos pos:0.9999999999387459 neg:6.125419454763121E-11 
cv092_28017.txt pos pos:0.9998064456728594 neg:1.9355432714054563E-4 
cv007_4968.txt pos pos:0.9999999991744091 neg:8.255908464207098E-10 
cv807_21740.txt pos pos:0.9999999998201428 neg:1.7985716515714053E-10 
cv395_10849.txt pos pos:0.999999982011519 neg:1.798848107735651E-8 
cv171_13537.txt pos pos:0.8873893913111763 neg:0.11261060868882364 
cv823_15569.txt pos pos:0.9999999999995413 neg:4.587126655548809E-13 
cv493_12839.txt pos neg:0.9997459366369216 pos:2.5406336307843967E-4 
cv718_11434.txt pos pos:0.9993686470055941 neg:6.313529944057319E-4 
cv561_9201.txt pos pos:1.0 neg:7.808341683323264E-20 
cv892_17576.txt pos pos:0.9999998610379182 neg:1.3896208185730833E-7 
cv002_15918.txt pos pos:0.8513966362173155 neg:0.14860336378268454 
cv938_10220.txt pos pos:0.9999018183119955 neg:9.818168800441524E-5 
cv157_29372.txt pos pos:0.999999574724367 neg:4.2527563310478496E-7 
cv678_13419.txt pos pos:1.0 neg:2.523766773441267E-39 
cv855_20661.txt pos pos:0.9999990641984837 neg:9.358015162285039E-7 
cv373_20404.txt pos pos:0.9999981233381201 neg:1.8766618798354443E-6 
cv542_18980.txt pos pos:0.9607276068760588 neg:0.03927239312394112 
cv967_5788.txt pos pos:0.9999999999999853 neg:1.4571911852932438E-14 
cv526_12083.txt pos pos:0.9999236380500941 neg:7.636194990595016E-5 
cv098_15435.txt pos neg:0.9879390463669527 pos:0.012060953633047296 
cv169_23778.txt pos pos:1.0 neg:4.5175098948659904E-17 
cv131_10713.txt pos pos:0.999999999976334 neg:2.366604303830605E-11 
cv140_7479.txt pos pos:0.9999999999999585 neg:4.1529766385345166E-14 
cv358_10691.txt pos pos:0.9999999995903419 neg:4.0965808855068194E-10 
cv645_15668.txt pos pos:0.9999999999999991 neg:9.830712660826546E-16 
cv436_19179.txt pos pos:1.0 neg:5.3345287215675746E-27 
cv905_29114.txt pos pos:0.9999999999999991 neg:8.043132373904364E-16 
cv486_9799.txt pos pos:0.9944354700459631 neg:0.005564529954036835 
cv281_23253.txt pos pos:0.9999999999940496 neg:5.950404323409052E-12 
Trial 0 Trainer NaiveBayesTrainer Training Data Confusion Matrix
Confusion Matrix, row=true, column=predicted  accuracy=0.9838888888888889
  label   0   1  |total
  0 neg 896   4  |900
  1 pos  25 875  |900

Trial 0 Trainer NaiveBayesTrainer training data accuracy= 0.9838888888888889
Trial 0 Trainer NaiveBayesTrainer Test Data Confusion Matrix
Confusion Matrix, row=true, column=predicted  accuracy=0.87
  label   0   1  |total
  0 neg  90  10  |100
  1 pos  16  84  |100

Trial 0 Trainer NaiveBayesTrainer test data accuracy= 0.87

NaiveBayesTrainer
Summary. train accuracy mean = 0.9838888888888889 stddev = 0.0 stderr = 0.0
Summary. test accuracy mean = 0.87 stddev = 0.0 stderr = 0.0
