
-------------------- Trial 0  --------------------

Trial 0 Training NaiveBayesTrainer with 1800 instances
Trial 0 Training NaiveBayesTrainer finished
Trial 0 Trainer NaiveBayesTrainer
 Raw Testing Data
cv443_22367.txt neg neg:0.9999997585262254 pos:2.4147377469355416E-7 
cv678_14887.txt neg neg:0.999980091375664 pos:1.9908624335940148E-5 
cv598_18184.txt neg pos:0.9319276973838292 neg:0.06807230261617087 
cv566_8967.txt neg neg:1.0 pos:1.3779032749981935E-21 
cv553_26965.txt neg neg:0.99999999993726 pos:6.273994404199445E-11 
cv700_23163.txt neg pos:0.9999919242313954 neg:8.075768604623626E-6 
cv173_4295.txt neg neg:0.9999999999769429 pos:2.3057192068180352E-11 
cv078_16506.txt neg neg:0.9999999999974596 pos:2.5404744517089585E-12 
cv945_13012.txt neg neg:0.999999999999962 pos:3.803678126568054E-14 
cv648_17277.txt neg neg:0.8631457092301892 pos:0.13685429076981084 
cv679_28221.txt neg neg:0.9992528788707506 pos:7.471211292492597E-4 
cv424_9268.txt neg neg:0.9999999993665809 pos:6.334190545675211E-10 
cv891_6035.txt neg pos:0.9999999796154528 neg:2.0384547131915444E-8 
cv089_12222.txt neg neg:0.9989489157803499 pos:0.001051084219650116 
cv466_20092.txt neg pos:0.9999997876679421 neg:2.1233205802045028E-7 
cv084_15183.txt neg neg:1.0 pos:3.9072081642936776E-17 
cv910_21930.txt neg neg:0.9999999999995077 pos:4.923204737764453E-13 
cv061_9321.txt neg neg:1.0 pos:3.1369180584207883E-18 
cv467_26610.txt neg pos:0.9999925098114617 neg:7.490188538208502E-6 
cv339_22452.txt neg neg:0.9999999205687166 pos:7.943128347070973E-8 
cv579_12542.txt neg neg:1.0 pos:1.8776574311929915E-23 
cv511_10360.txt neg neg:1.0 pos:4.975351763308458E-17 
cv652_15653.txt neg neg:0.9999999455556604 pos:5.444433956651538E-8 
cv199_9721.txt neg neg:0.9999088342767501 pos:9.116572324994561E-5 
cv468_16844.txt neg neg:0.9999999999999734 pos:2.6726281056045097E-14 
cv522_5418.txt neg neg:0.9999999990172705 pos:9.827293989685258E-10 
cv385_29621.txt neg neg:0.9999999999994145 pos:5.854249913123305E-13 
cv296_13146.txt neg neg:0.999999999998898 pos:1.1019697088317264E-12 
cv558_29376.txt neg pos:0.9952813163464413 neg:0.004718683653558708 
cv097_26081.txt neg neg:0.764550271021644 pos:0.23544972897835606 
cv708_28539.txt neg pos:0.9014736137082272 neg:0.09852638629177289 
cv975_11920.txt neg neg:0.9999965510405953 pos:3.448959404820877E-6 
cv101_10537.txt neg neg:1.0 pos:5.0639730528908406E-18 
cv536_27221.txt neg neg:0.9999999861017126 pos:1.3898287469726672E-8 
cv861_12809.txt neg neg:0.9999986821397512 pos:1.3178602488082968E-6 
cv968_25413.txt neg neg:0.9999999850836585 pos:1.4916341442023967E-8 
cv721_28993.txt neg neg:0.9999999871411992 pos:1.285880084406254E-8 
cv302_26481.txt neg neg:1.0 pos:1.0500917807098635E-21 
cv144_5010.txt neg neg:0.9999999999998983 pos:1.0159972537409177E-13 
cv459_21834.txt neg neg:0.9999999999990357 pos:9.64256519826405E-13 
cv088_25274.txt neg neg:0.9999998613757991 pos:1.3862420084330465E-7 
cv954_19932.txt neg neg:0.9353447949385487 pos:0.06465520506145123 
cv816_15257.txt neg neg:0.9999999996827311 pos:3.172689267129056E-10 
cv375_9932.txt neg neg:0.9999999914808751 pos:8.51912490860617E-9 
cv152_9052.txt neg neg:0.9999999999953546 pos:4.645414137914307E-12 
cv851_21895.txt neg pos:0.9999951902243264 neg:4.8097756735699094E-6 
cv774_15488.txt neg neg:0.9999811493287244 pos:1.885067127564651E-5 
cv867_18362.txt neg pos:0.9999999464576401 neg:5.35423600086142E-8 
cv005_29357.txt neg neg:0.9999959466740982 pos:4.053325901924309E-6 
cv236_12427.txt neg neg:0.9999999999999005 pos:9.940925014926325E-14 
cv130_18521.txt neg neg:0.9999999734808858 pos:2.6519114186066524E-8 
cv399_28593.txt neg neg:0.9999999999996543 pos:3.458146935528794E-13 
cv526_12868.txt neg neg:1.0 pos:9.705795295425408E-28 
cv052_29318.txt neg neg:0.9999999998034053 pos:1.9659471199564272E-10 
cv762_15604.txt neg neg:0.9999426417683064 pos:5.7358231693572594E-5 
cv618_9469.txt neg neg:0.9999999999486995 pos:5.1300563417518485E-11 
cv699_7773.txt neg neg:0.9999999999999409 pos:5.905248041121337E-14 
cv312_29308.txt neg neg:1.0 pos:9.997003220063556E-17 
cv140_7963.txt neg neg:1.0 pos:5.4603470038276E-23 
cv549_22771.txt neg neg:0.9996343447571039 pos:3.6565524289612687E-4 
cv092_27987.txt neg neg:0.9999995299989692 pos:4.7000103072984253E-7 
cv038_9781.txt neg neg:0.999999999999813 pos:1.8688197666216528E-13 
cv911_21695.txt neg neg:1.0 pos:1.6048660978401687E-23 
cv073_23039.txt neg neg:0.9999999999999896 pos:1.0515321546518924E-14 
cv961_5578.txt neg neg:0.9998315405826133 pos:1.6845941738672195E-4 
cv981_16679.txt neg neg:0.9999987341478168 pos:1.2658521832493533E-6 
cv277_20467.txt neg neg:0.9999684174772023 pos:3.1582522797677894E-5 
cv818_10698.txt neg neg:0.9999559857811984 pos:4.401421880154461E-5 
cv013_10494.txt neg neg:1.0 pos:1.8848959141343905E-18 
cv164_23451.txt neg neg:0.9999976519411664 pos:2.3480588336262657E-6 
cv644_18551.txt neg neg:0.9999999999860223 pos:1.3977648522429737E-11 
cv316_5972.txt neg neg:0.7304618127455936 pos:0.2695381872544064 
cv682_17947.txt neg neg:0.7719095693406867 pos:0.22809043065931328 
cv924_29397.txt neg neg:0.9999995650972302 pos:4.349027697834244E-7 
cv102_8306.txt neg neg:0.9996140068367363 pos:3.859931632636554E-4 
cv170_29808.txt neg neg:0.9999046234839354 pos:9.537651606466765E-5 
cv562_10847.txt neg neg:0.9999999999998526 pos:1.4733805089776843E-13 
cv545_12848.txt neg pos:0.9985057554772534 neg:0.001494244522746519 
cv908_17779.txt neg neg:0.9895401938608936 pos:0.01045980613910651 
cv075_6250.txt neg pos:0.9999895762781263 neg:1.0423721873517232E-5 
cv271_15364.txt neg neg:0.99999999999887 pos:1.1300375120772567E-12 
cv269_23018.txt neg neg:1.0 pos:7.91139877774198E-18 
cv835_20531.txt neg pos:0.8761694457960723 neg:0.12383055420392769 
cv099_11189.txt neg neg:0.9999071715338645 pos:9.2828466135516E-5 
cv111_12253.txt neg neg:1.0 pos:8.381611340509468E-19 
cv940_18935.txt neg neg:0.9999998117341639 pos:1.8826583614282793E-7 
cv689_13701.txt neg neg:0.9999991742599883 pos:8.257400118227467E-7 
cv223_28923.txt neg pos:0.9539087122916607 neg:0.04609128770833923 
cv378_21982.txt neg neg:0.9999999999940392 pos:5.960727827141025E-12 
cv040_8829.txt neg neg:0.9989278538451796 pos:0.0010721461548204927 
cv779_18989.txt neg neg:0.9866378608279365 pos:0.013362139172063416 
cv325_18330.txt neg neg:0.9999997002393582 pos:2.9976064167294383E-7 
cv488_21453.txt neg neg:0.9999999995882587 pos:4.117412184049674E-10 
cv430_18662.txt neg neg:0.9999999793377656 pos:2.066223447642207E-8 
cv181_16083.txt neg neg:0.9999593463875437 pos:4.0653612456190356E-5 
cv231_11028.txt neg neg:1.0 pos:1.239572935979155E-21 
cv764_12701.txt neg neg:0.9999920048592065 pos:7.99514079358563E-6 
cv643_29282.txt neg neg:1.0 pos:3.914628868627556E-18 
cv819_9567.txt neg neg:0.9999999999998213 pos:1.7885497465775403E-13 
cv076_26009.txt neg pos:0.8995066835397437 neg:0.1004933164602562 
cv574_22156.txt pos neg:0.9999651919524675 pos:3.480804753258743E-5 
cv531_26486.txt pos pos:0.9999999999857507 neg:1.4249265753271923E-11 
cv736_23670.txt pos pos:1.0 neg:2.63507934403882E-17 
cv059_28885.txt pos pos:0.9999999999997344 neg:2.655933111033213E-13 
cv872_12591.txt pos pos:0.9999999999999998 neg:2.636364212586646E-16 
cv729_10154.txt pos pos:1.0 neg:3.166852463143012E-26 
cv223_29066.txt pos neg:0.9874152630939146 pos:0.012584736906085353 
cv830_6014.txt pos pos:0.9999999999999956 neg:4.457842785519081E-15 
cv049_20471.txt pos neg:0.9999979880106764 pos:2.0119893235235653E-6 
cv067_19774.txt pos pos:0.9999997599739671 neg:2.40026032910476E-7 
cv333_8916.txt pos pos:0.9999999999999865 neg:1.3479927413328586E-14 
cv129_16741.txt pos pos:1.0 neg:1.1148703126920069E-20 
cv159_29505.txt pos pos:0.9999998712454069 neg:1.287545931064459E-7 
cv150_12916.txt pos pos:0.9999999928149419 neg:7.185058013546688E-9 
cv481_7436.txt pos pos:0.9999999999999303 neg:6.981104432963109E-14 
cv324_7082.txt pos pos:0.967284535164473 neg:0.03271546483552699 
cv063_28997.txt pos pos:0.9999999378964018 neg:6.210359817171155E-8 
cv503_10558.txt pos pos:0.999999999995675 neg:4.324965732114911E-12 
cv483_16378.txt pos pos:0.9999999999997657 neg:2.342616410172298E-13 
cv964_6021.txt pos neg:0.9999999968476254 pos:3.1523746330826917E-9 
cv808_12635.txt pos pos:0.9999999999999978 neg:2.2848296695631893E-15 
cv811_21386.txt pos pos:0.6142190660980312 neg:0.3857809339019689 
cv378_20629.txt pos pos:0.9999999999986029 neg:1.3970376498315911E-12 
cv376_19435.txt pos pos:0.9999997167012936 neg:2.832987063225015E-7 
cv566_8581.txt pos pos:1.0 neg:3.7299155984707085E-25 
cv360_8398.txt pos pos:0.9999999969487021 neg:3.051297872463719E-9 
cv185_28654.txt pos neg:0.9999999999999793 pos:2.071451878061141E-14 
cv020_8825.txt pos pos:0.9981425489778929 neg:0.0018574510221071724 
cv166_11052.txt pos pos:1.0 neg:4.594629708369553E-22 
cv806_8842.txt pos pos:0.9614750020031679 neg:0.03852499799683194 
cv788_25272.txt pos pos:0.9913864080484082 neg:0.008613591951591747 
cv628_19325.txt pos pos:0.9999962850983803 neg:3.714901619644578E-6 
cv344_5312.txt pos neg:0.8186476748566212 pos:0.18135232514337876 
cv722_7110.txt pos neg:0.9998367931144342 pos:1.6320688556581122E-4 
cv515_17069.txt pos pos:1.0 neg:1.4832687343296684E-21 
cv137_15422.txt pos pos:0.9989820326423077 neg:0.0010179673576923578 
cv170_3006.txt pos neg:0.9999991468259868 pos:8.531740131795595E-7 
cv422_9381.txt pos pos:0.999999999999994 neg:5.951498196759975E-15 
cv421_9709.txt pos pos:0.9677294020221228 neg:0.03227059797787729 
cv033_24444.txt pos pos:0.9999999999999103 neg:8.980058023118855E-14 
cv698_15253.txt pos pos:1.0 neg:1.842460739830768E-22 
cv293_29856.txt pos pos:0.9997219042213591 neg:2.780957786408878E-4 
cv958_12162.txt pos pos:1.0 neg:9.967199555199908E-29 
cv492_18271.txt pos pos:0.9999969392523788 neg:3.060747621196314E-6 
cv411_15007.txt pos pos:1.0 neg:3.084897679831988E-40 
cv902_12256.txt pos pos:1.0 neg:9.970720694788158E-26 
cv073_21785.txt pos neg:0.8456866490362203 pos:0.15431335096377977 
cv689_12587.txt pos pos:0.9999999999999984 neg:1.6140190472130585E-15 
cv873_18636.txt pos pos:0.9999658978575056 neg:3.410214249456724E-5 
cv161_11425.txt pos pos:0.9999999877950961 neg:1.2204903752610426E-8 
cv886_18177.txt pos neg:0.9998583269607886 pos:1.416730392114269E-4 
cv888_24435.txt pos pos:0.9999999999999993 neg:5.8986636867977E-16 
cv554_13151.txt pos pos:0.9999999999848792 neg:1.5120689883259192E-11 
cv766_7540.txt pos pos:0.9999999705256462 neg:2.9474353927465445E-8 
cv075_6500.txt pos neg:0.9997792986640783 pos:2.2070133592167328E-4 
cv646_15065.txt pos neg:0.680321331921077 pos:0.319678668078923 
cv227_24215.txt pos pos:0.9999998330450673 neg:1.6695493273704367E-7 
cv663_13019.txt pos pos:1.0 neg:3.710636900199881E-31 
cv339_21119.txt pos pos:0.987519378430539 neg:0.012480621569461031 
cv229_13611.txt pos pos:0.9999938984242435 neg:6.101575756491513E-6 
cv878_15694.txt pos pos:0.8483622663619668 neg:0.1516377336380333 
cv956_11609.txt pos pos:0.9999999999890117 neg:1.098827614933665E-11 
cv743_15449.txt pos pos:0.9999998456054838 neg:1.54394516226909E-7 
cv970_18450.txt pos pos:1.0 neg:1.591701597578528E-22 
cv334_10001.txt pos neg:0.9999999999982374 pos:1.7626731396092558E-12 
cv347_13194.txt pos pos:0.9999984312334661 neg:1.5687665339120884E-6 
cv122_7392.txt pos pos:1.0 neg:3.4626513234278617E-25 
cv214_12294.txt pos neg:0.9990333121318775 pos:9.666878681225313E-4 
cv648_15792.txt pos neg:0.999992522276139 pos:7.477723861087085E-6 
cv846_29497.txt pos pos:0.9965835770144144 neg:0.0034164229855857503 
cv532_6522.txt pos pos:0.9999999990735935 neg:9.264064822050636E-10 
cv768_11751.txt pos pos:0.9997630199859512 neg:2.3698001404880313E-4 
cv760_8597.txt pos pos:0.9999999900581408 neg:9.941859332285166E-9 
cv512_15965.txt pos pos:1.0 neg:4.9816720498962623E-23 
cv969_13250.txt pos pos:0.9999977122355656 neg:2.2877644345173803E-6 
cv237_19221.txt pos neg:0.9987764020688255 pos:0.0012235979311744983 
cv903_17822.txt pos pos:0.9999999889277534 neg:1.1072246455128496E-8 
cv205_9457.txt pos pos:1.0 neg:3.1718807935732884E-22 
cv178_12972.txt pos pos:0.9999983922541333 neg:1.6077458666064235E-6 
cv705_11059.txt pos pos:0.9923998241298673 neg:0.007600175870132602 
cv193_5416.txt pos pos:0.9945351622728276 neg:0.005464837727172428 
cv851_20469.txt pos pos:0.9999999960103094 neg:3.9896905769666234E-9 
cv519_14661.txt pos pos:0.9999999999999969 neg:3.0493954892390634E-15 
cv388_12009.txt pos pos:0.9999999999999996 neg:4.558962216090726E-16 
cv741_11890.txt pos pos:0.9999999999992597 neg:7.402401248776169E-13 
cv385_29741.txt pos pos:0.9999999917491987 neg:8.250801203959649E-9 
cv345_9954.txt pos pos:0.9999999999999998 neg:1.201611161861304E-16 
cv853_29233.txt pos neg:0.9998589895047871 pos:1.4101049521295304E-4 
cv796_15782.txt pos pos:0.9999999999999991 neg:9.603443438535166E-16 
cv992_11962.txt pos neg:0.9999918970581949 pos:8.102941805032416E-6 
cv264_12801.txt pos pos:0.999999999269475 neg:7.305248997137342E-10 
cv420_28795.txt pos pos:0.9980420077098723 neg:0.001957992290127806 
cv186_2269.txt pos pos:0.9999965700696997 neg:3.4299303002544205E-6 
cv565_29572.txt pos pos:0.9999999872748987 neg:1.2725101242580747E-8 
cv423_11155.txt pos pos:0.9999999999844711 neg:1.5528829424307798E-11 
cv215_22240.txt pos pos:0.999999999994617 neg:5.383100077245531E-12 
cv682_16139.txt pos pos:1.0 neg:5.2183570449448206E-21 
cv331_8273.txt pos pos:1.0 neg:4.898709679790364E-19 
cv775_16237.txt pos neg:0.9963523971166012 pos:0.003647602883398901 
cv008_29435.txt pos pos:0.9999991863477785 neg:8.136522215719638E-7 
Trial 0 Trainer NaiveBayesTrainer Training Data Confusion Matrix
Confusion Matrix, row=true, column=predicted  accuracy=0.9844444444444445
  label   0   1  |total
  0 neg 894   6  |900
  1 pos  22 878  |900

Trial 0 Trainer NaiveBayesTrainer training data accuracy= 0.9844444444444445
Trial 0 Trainer NaiveBayesTrainer Test Data Confusion Matrix
Confusion Matrix, row=true, column=predicted  accuracy=0.835
  label   0   1  |total
  0 neg  86  14  |100
  1 pos  19  81  |100

Trial 0 Trainer NaiveBayesTrainer test data accuracy= 0.835

NaiveBayesTrainer
Summary. train accuracy mean = 0.9844444444444445 stddev = 0.0 stderr = 0.0
Summary. test accuracy mean = 0.835 stddev = 0.0 stderr = 0.0
