
-------------------- Trial 0  --------------------

Trial 0 Training NaiveBayesTrainer with 1800 instances
Trial 0 Training NaiveBayesTrainer finished
Trial 0 Trainer NaiveBayesTrainer
 Raw Testing Data
cv559_0057.txt neg neg:0.7633505777164394 pos:0.23664942228356062 
cv260_15652.txt neg neg:0.9999999996799571 pos:3.2004297131953806E-10 
cv362_16985.txt neg neg:0.9999999999851543 pos:1.4845667196409088E-11 
cv426_10976.txt neg neg:1.0 pos:4.2850885596604736E-20 
cv071_12969.txt neg neg:0.9999999995128475 pos:4.871526301794478E-10 
cv049_21917.txt neg neg:0.9999999995597653 pos:4.402346466600622E-10 
cv746_10471.txt neg pos:1.0 neg:1.256025318422864E-23 
cv790_16202.txt neg neg:0.999999999997851 pos:2.148865020534846E-12 
cv402_16097.txt neg neg:0.9999500121684914 pos:4.998783150860146E-5 
cv501_12675.txt neg neg:0.9999999999999989 pos:1.168954479089887E-15 
cv171_15164.txt neg neg:0.9611633474682617 pos:0.03883665253173844 
cv650_15974.txt neg neg:0.9999705417484549 pos:2.9458251545139578E-5 
cv881_14767.txt neg neg:0.9999005890110825 pos:9.941098891743915E-5 
cv188_20687.txt neg neg:0.999999999999982 pos:1.8022455449306228E-14 
cv374_26455.txt neg neg:0.9998397327933605 pos:1.6026720663956027E-4 
cv853_29119.txt neg neg:0.9999999999994831 pos:5.16964799375682E-13 
cv090_0049.txt neg pos:0.9999984932080159 neg:1.5067919840471804E-6 
cv267_16618.txt neg pos:0.9999760069206183 neg:2.399307938168483E-5 
cv163_10110.txt neg neg:0.9999999999999982 pos:1.7722412175257279E-15 
cv008_29326.txt neg pos:0.9999982750243636 neg:1.724975636512425E-6 
cv415_23674.txt neg neg:1.0 pos:6.709985789304973E-21 
cv686_15553.txt neg pos:0.9999901091919343 neg:9.890808065720692E-6 
cv299_17950.txt neg neg:0.9999999999675888 pos:3.2411177072799586E-11 
cv190_27176.txt neg neg:0.9999999999999982 pos:1.699752127964597E-15 
cv745_14009.txt neg neg:0.9999999999999925 pos:7.479722585296061E-15 
cv000_29416.txt neg neg:0.9999999713047684 pos:2.8695231556944694E-8 
cv899_17812.txt neg neg:0.9697894153115415 pos:0.03021058468845847 
cv238_14285.txt neg neg:0.930318414788494 pos:0.06968158521150608 
cv849_17215.txt neg neg:0.9999999999995572 pos:4.4275279008231504E-13 
cv624_11601.txt neg neg:0.9999999999841909 pos:1.5809052808332792E-11 
cv039_5963.txt neg neg:0.9969182314380352 pos:0.003081768561964803 
cv345_9966.txt neg neg:0.999999999999996 pos:4.025518923731299E-15 
cv820_24157.txt neg neg:1.0 pos:1.169886273503054E-21 
cv463_10846.txt neg neg:0.9999999999981692 pos:1.830832819657419E-12 
cv496_11185.txt neg neg:0.9999999999998843 pos:1.1567928738354135E-13 
cv091_7899.txt neg pos:0.9995906666415381 neg:4.093333584620693E-4 
cv279_19452.txt neg neg:0.9999822735790866 pos:1.7726420913391292E-5 
cv955_26154.txt neg neg:0.9999999959073118 pos:4.092688169940826E-9 
cv418_16562.txt neg neg:1.0 pos:5.676139478488878E-17 
cv710_23745.txt neg neg:0.9999978258308092 pos:2.1741691908223844E-6 
cv001_19502.txt neg neg:0.9999993264510678 pos:6.735489322465883E-7 
cv959_16218.txt neg neg:1.0 pos:1.31589027404086E-17 
cv978_22192.txt neg pos:0.9999999877531521 neg:1.2246847859985838E-8 
cv525_17930.txt neg neg:0.999999999847059 pos:1.5294109112272647E-10 
cv380_8164.txt neg neg:1.0 pos:3.465416321530099E-19 
cv252_24974.txt neg neg:1.0 pos:9.583695981058135E-18 
cv620_2556.txt neg neg:0.9999999999886884 pos:1.1311517992488641E-11 
cv494_18689.txt neg neg:0.9999999941824025 pos:5.817597446733214E-9 
cv669_24318.txt neg neg:1.0 pos:2.5911784305714697E-20 
cv773_20264.txt neg neg:1.0 pos:2.320880626489082E-22 
cv305_9937.txt neg pos:0.9366434773694177 neg:0.06335652263058243 
cv121_18621.txt neg neg:0.9999999968943432 pos:3.1056568502227135E-9 
cv619_13677.txt neg neg:1.0 pos:4.467160740937452E-27 
cv360_8927.txt neg neg:0.9999999999801406 pos:1.985953387198106E-11 
cv028_26964.txt neg neg:0.9999999714960978 pos:2.8503902194072606E-8 
cv964_5794.txt neg neg:0.999946852370487 pos:5.3147629513176814E-5 
cv169_24973.txt neg neg:0.9999999999939291 pos:6.070862314750243E-12 
cv661_25780.txt neg neg:0.9999999996339 pos:3.6609998959334174E-10 
cv148_18084.txt neg neg:0.9999999999996905 pos:3.0953614115217836E-13 
cv916_17034.txt neg neg:1.0 pos:1.0899809386527904E-17 
cv646_16817.txt neg pos:0.999999999999996 neg:3.898018459504297E-15 
cv393_29234.txt neg neg:0.9990530817143649 pos:9.469182856351447E-4 
cv560_18608.txt neg neg:0.9999999999999956 pos:4.380197596304756E-15 
cv957_9059.txt neg neg:0.999999978752891 pos:2.124710891385269E-8 
cv696_29619.txt neg pos:0.999986711188455 neg:1.3288811545012334E-5 
cv497_27086.txt neg pos:0.9999972448098389 neg:2.75519016104591E-6 
cv454_21961.txt neg pos:0.9692391488896425 neg:0.03076085111035751 
cv224_18875.txt neg neg:0.9999999999992093 pos:7.906616399957388E-13 
cv218_25651.txt neg neg:0.9999999999954898 pos:4.5101741441045355E-12 
cv031_19540.txt neg neg:1.0 pos:8.496389599728722E-18 
cv132_5423.txt neg neg:0.9999999999913023 pos:8.697654016943324E-12 
cv707_11421.txt neg neg:0.9999995146095582 pos:4.853904417676073E-7 
cv947_11316.txt neg neg:0.9780689753312163 pos:0.021931024668783633 
cv538_28485.txt neg neg:0.9999999136583525 pos:8.634164742009704E-8 
cv486_9788.txt neg neg:0.9999999999999998 pos:2.383480767004689E-16 
cv728_17931.txt neg neg:0.9999998384503211 pos:1.615496789563012E-7 
cv883_27621.txt neg neg:1.0 pos:1.812947149231589E-29 
cv886_19210.txt neg neg:0.9999999979943297 pos:2.005670338828457E-9 
cv750_10606.txt neg neg:0.8962660154361822 pos:0.10373398456381773 
cv355_18174.txt neg neg:0.9999999999332254 pos:6.677469458165971E-11 
cv884_15230.txt neg neg:0.9999999702543456 pos:2.9745654343089646E-8 
cv887_5306.txt neg neg:0.9999989589744093 pos:1.0410255907095743E-6 
cv103_11943.txt neg neg:0.9999999999999993 pos:6.419063335181137E-16 
cv641_13412.txt neg neg:1.0 pos:1.228708739619953E-38 
cv890_3515.txt neg neg:0.9999829477147268 pos:1.705228527314988E-5 
cv709_11173.txt neg neg:0.9999999999934248 pos:6.575281676911413E-12 
cv547_18043.txt neg neg:0.9999999285207464 pos:7.147925365911889E-8 
cv480_21195.txt neg pos:0.9999994090147339 neg:5.909852660275004E-7 
cv333_9443.txt neg pos:0.9999999999969027 neg:3.0972899249731748E-12 
cv119_9909.txt neg neg:0.9999972706575639 pos:2.7293424361323905E-6 
cv811_22646.txt neg neg:0.999999999999952 pos:4.7948788962915356E-14 
cv611_2253.txt neg neg:0.9999977404919965 pos:2.2595080034148298E-6 
cv569_26750.txt neg pos:0.9848190198214704 neg:0.015180980178529544 
cv304_28489.txt neg neg:1.0 pos:2.7313365996047814E-19 
cv722_7571.txt neg neg:0.9999987597296733 pos:1.2402703266068048E-6 
cv805_21128.txt neg neg:0.9995010239796135 pos:4.98976020386534E-4 
cv161_12224.txt neg neg:0.9999999999971432 pos:2.8568353684063357E-12 
cv901_11934.txt neg pos:0.9105457181668767 neg:0.08945428183312341 
cv584_29549.txt neg neg:0.9999999997665818 pos:2.3341817808188894E-10 
cv093_15606.txt neg neg:0.9999212828895676 pos:7.871711043234647E-5 
cv236_11565.txt pos neg:0.999994557617059 pos:5.442382940871237E-6 
cv313_18198.txt pos pos:1.0 neg:3.497535407620266E-20 
cv911_20260.txt pos neg:0.9999999991194988 pos:8.805013175422134E-10 
cv148_16345.txt pos pos:0.9997969427131066 neg:2.0305728689351774E-4 
cv912_5674.txt pos pos:0.999264040844461 neg:7.359591555390755E-4 
cv396_17989.txt pos neg:0.9995561208632726 pos:4.4387913672742175E-4 
cv840_16321.txt pos pos:0.9999977120302096 neg:2.2879697904135963E-6 
cv930_13475.txt pos pos:1.0 neg:9.644631654910773E-18 
cv341_24430.txt pos pos:1.0 neg:1.470436432821059E-19 
cv452_5088.txt pos pos:0.9994566894175017 neg:5.433105824983192E-4 
cv965_26071.txt pos neg:0.8101594101485409 pos:0.18984058985145916 
cv509_15888.txt pos pos:0.9999992256504665 neg:7.743495335110754E-7 
cv451_10690.txt pos pos:0.9999879106996504 neg:1.2089300349642249E-5 
cv672_28083.txt pos pos:0.9999999999995186 neg:4.812989790780459E-13 
cv460_10842.txt pos neg:0.9999999999999323 pos:6.766090777837768E-14 
cv363_29332.txt pos pos:0.9622124780903472 neg:0.0377875219096528 
cv135_11603.txt pos pos:0.7082871713113004 neg:0.2917128286886996 
cv720_5389.txt pos neg:0.9999968191499483 pos:3.180850051751415E-6 
cv887_5126.txt pos pos:0.9999999999999662 neg:3.37541252693992E-14 
cv080_13465.txt pos neg:0.8865789964081305 pos:0.1134210035918695 
cv471_16858.txt pos pos:0.9999999901645634 neg:9.835436611755466E-9 
cv354_8132.txt pos neg:0.9999999975635931 pos:2.4364068076516093E-9 
cv523_16615.txt pos pos:1.0 neg:4.775890708007787E-27 
cv021_15838.txt pos pos:0.9579579887356716 neg:0.042042011264328404 
cv625_12440.txt pos pos:0.9999995214898056 neg:4.785101943183876E-7 
cv789_12136.txt pos neg:0.9999913894913731 pos:8.610508626886445E-6 
cv706_24716.txt pos pos:1.0 neg:4.398560610419521E-19 
cv213_18934.txt pos pos:0.5340313846846495 neg:0.46596861531535055 
cv506_15956.txt pos pos:1.0 neg:2.725295375413871E-24 
cv638_2953.txt pos pos:1.0 neg:1.4956361755423355E-24 
cv230_7428.txt pos neg:0.9999912905783657 pos:8.709421634400812E-6 
cv639_10308.txt pos pos:0.9973191163640682 neg:0.0026808836359318616 
cv226_2618.txt pos pos:0.9881152430635722 neg:0.011884756936427798 
cv946_18658.txt pos pos:1.0 neg:4.998904197403489E-49 
cv374_25436.txt pos neg:0.9928853505702135 pos:0.007114649429786403 
cv013_10159.txt pos pos:0.9999999999464209 neg:5.3579189136806336E-11 
cv831_14689.txt pos neg:0.9999987951916968 pos:1.2048083032552032E-6 
cv266_25779.txt pos pos:0.9962743810816193 neg:0.0037256189183806562 
cv687_21100.txt pos pos:0.9999999999999933 neg:6.600191694276458E-15 
cv979_18921.txt pos pos:0.9999771394190232 neg:2.286058097664956E-5 
cv180_16113.txt pos neg:0.6035085110211589 pos:0.39649148897884107 
cv686_13900.txt pos pos:0.6253832199131449 neg:0.37461678008685506 
cv498_8832.txt pos pos:0.9961641298633476 neg:0.0038358701366523356 
cv174_9659.txt pos pos:0.9999998671844347 neg:1.328155654219714E-7 
cv961_5682.txt pos pos:0.9999999999999842 neg:1.5661777257748965E-14 
cv275_28887.txt pos pos:0.9999999999968365 neg:3.163431610269942E-12 
cv728_16133.txt pos pos:0.9999999999999993 neg:6.525616490230417E-16 
cv431_7085.txt pos pos:0.9999997866936494 neg:2.1330635053272998E-7 
cv060_10844.txt pos pos:0.9999886676118716 neg:1.133238812840637E-5 
cv320_9530.txt pos pos:1.0 neg:6.117122378282398E-22 
cv630_10057.txt pos pos:0.9999990059460182 neg:9.940539817243658E-7 
cv197_29328.txt pos pos:0.9999969122257049 neg:3.0877742950415253E-6 
cv105_17990.txt pos pos:0.9999999999999996 neg:4.4222001830072997E-16 
cv793_13650.txt pos pos:0.9999999961357087 neg:3.864291333678958E-9 
cv029_18643.txt pos pos:1.0 neg:3.9274419384922996E-17 
cv778_17330.txt pos pos:1.0 neg:1.326095524642967E-19 
cv737_28907.txt pos pos:1.0 neg:2.1381019855396697E-22 
cv499_10658.txt pos pos:0.9999999999999913 neg:8.558120967601958E-15 
cv612_5461.txt pos pos:0.9999999999996525 neg:3.4743642442175035E-13 
cv721_29121.txt pos pos:0.999999998160046 neg:1.8399540589052061E-9 
cv088_24113.txt pos pos:0.9999993528364994 neg:6.471635005953044E-7 
cv014_13924.txt pos pos:0.9999985661791294 neg:1.433820870479894E-6 
cv456_18985.txt pos pos:0.9999999999998523 neg:1.4762156757812406E-13 
cv058_8025.txt pos neg:0.9034972028431165 pos:0.09650279715688341 
cv875_5754.txt pos pos:0.9999999990350823 neg:9.649177741625985E-10 
cv850_16466.txt pos pos:0.7712450124017954 neg:0.22875498759820462 
cv188_19226.txt pos neg:0.9999985409305167 pos:1.4590694833831713E-6 
cv466_18722.txt pos pos:0.9999999999997569 neg:2.4318461730533125E-13 
cv042_10982.txt pos pos:1.0 neg:1.368616060744164E-18 
cv654_18246.txt pos pos:0.9999999412663886 neg:5.87336114397406E-8 
cv208_9020.txt pos neg:0.9999999999610931 pos:3.890686733308253E-11 
cv568_15638.txt pos pos:0.9999987339490919 neg:1.2660509081784098E-6 
cv769_8123.txt pos pos:0.9997378455871181 neg:2.62154412881913E-4 
cv854_17740.txt pos neg:0.9957035030748627 pos:0.004296496925137394 
cv575_21150.txt pos neg:0.8584733762066561 pos:0.14152662379334385 
cv224_17661.txt pos pos:1.0 neg:8.818432824003225E-17 
cv985_6359.txt pos pos:0.9999999999999998 neg:1.5510348703724372E-16 
cv383_13116.txt pos pos:0.5312121453993903 neg:0.4687878546006096 
cv336_10143.txt pos pos:0.8674841448589597 neg:0.13251585514104022 
cv707_10678.txt pos pos:0.999791565832923 neg:2.0843416707713058E-4 
cv759_13522.txt pos pos:0.9999998565383471 neg:1.434616528346929E-7 
cv539_20347.txt pos neg:0.9709038594876331 pos:0.02909614051236675 
cv975_10981.txt pos pos:1.0 neg:1.9786099757621148E-22 
cv034_29647.txt pos neg:0.9787962605798641 pos:0.021203739420135915 
cv844_12690.txt pos pos:0.9999999985128287 neg:1.487171267960833E-9 
cv893_26269.txt pos neg:0.9999999987586858 pos:1.241314113768193E-9 
cv595_25335.txt pos neg:0.993196534433107 pos:0.0068034655668930775 
cv712_22920.txt pos neg:0.9999902687444844 pos:9.731255515677028E-6 
cv390_11345.txt pos pos:0.9999549766007625 neg:4.5023399237494815E-5 
cv765_19037.txt pos pos:0.999999999999563 neg:4.3695603586223966E-13 
cv023_12672.txt pos pos:0.9999999979943983 neg:2.00560175016312E-9 
cv797_6957.txt pos neg:0.9985092440859793 pos:0.0014907559140206385 
cv997_5046.txt pos pos:1.0 neg:7.533658673767373E-25 
cv301_12146.txt pos pos:0.999999952850869 neg:4.714913099946646E-8 
cv603_17694.txt pos neg:1.0 pos:1.5325697345012272E-17 
cv989_15824.txt pos pos:0.999999944867115 neg:5.51328850669711E-8 
cv571_29366.txt pos pos:1.0 neg:8.398486484055422E-18 
cv927_10681.txt pos pos:1.0 neg:1.0499763283585947E-23 
cv962_9803.txt pos pos:0.9999999323214513 neg:6.767854864060078E-8 
cv541_28835.txt pos pos:0.7200659177254262 neg:0.2799340822745739 
Trial 0 Trainer NaiveBayesTrainer Training Data Confusion Matrix
Confusion Matrix, row=true, column=predicted  accuracy=0.9855555555555555
  label   0   1  |total
  0 neg 897   3  |900
  1 pos  23 877  |900

Trial 0 Trainer NaiveBayesTrainer training data accuracy= 0.9855555555555555
Trial 0 Trainer NaiveBayesTrainer Test Data Confusion Matrix
Confusion Matrix, row=true, column=predicted  accuracy=0.795
  label   0   1  |total
  0 neg  84  16  |100
  1 pos  25  75  |100

Trial 0 Trainer NaiveBayesTrainer test data accuracy= 0.795

NaiveBayesTrainer
Summary. train accuracy mean = 0.9855555555555555 stddev = 0.0 stderr = 0.0
Summary. test accuracy mean = 0.795 stddev = 0.0 stderr = 0.0
