
-------------------- Trial 0  --------------------

Trial 0 Training NaiveBayesTrainer with 1800 instances
Trial 0 Training NaiveBayesTrainer finished
Trial 0 Trainer NaiveBayesTrainer
 Raw Testing Data
cv873_19937.txt neg neg:0.9999998540873238 pos:1.4591267623535126E-7 
cv789_12991.txt neg neg:0.9999999999914455 pos:8.554506772185185E-12 
cv369_14245.txt neg neg:1.0 pos:2.1260322831975668E-20 
cv400_20631.txt neg pos:0.9981334508534186 neg:0.0018665491465813802 
cv785_23748.txt neg pos:0.9987553979639128 neg:0.001244602036087235 
cv363_29273.txt neg pos:0.5430489200474296 neg:0.45695107995257045 
cv321_14191.txt neg neg:0.9999976267531597 pos:2.3732468402725787E-6 
cv394_5311.txt neg neg:1.0 pos:1.8738830824396886E-23 
cv614_11320.txt neg neg:1.0 pos:4.0037769721631315E-24 
cv567_29420.txt neg neg:0.9998006364269881 pos:1.9936357301192037E-4 
cv158_10914.txt neg neg:0.9999999999978277 pos:2.172310309976527E-12 
cv878_17204.txt neg neg:0.9999999985463948 pos:1.4536052082357318E-9 
cv237_20635.txt neg pos:0.9999995470753567 neg:4.5292464348436003E-7 
cv413_7893.txt neg neg:1.0 pos:1.0378068483343246E-19 
cv139_14236.txt neg neg:0.9999999999999227 pos:7.735108514222455E-14 
cv214_13285.txt neg neg:0.9999999984842007 pos:1.5157993356239354E-9 
cv240_15948.txt neg pos:0.7260293431776629 neg:0.2739706568223371 
cv856_28882.txt neg neg:0.9988119054821452 pos:0.0011880945178548536 
cv813_6649.txt neg neg:0.9999999999999929 pos:7.168249962129052E-15 
cv447_27334.txt neg neg:0.9999999999981137 pos:1.8862039511710414E-12 
cv291_26844.txt neg neg:0.999999747745343 pos:2.522546569535528E-7 
cv979_2029.txt neg neg:0.9999999983448795 pos:1.6551204469556138E-9 
cv471_18405.txt neg neg:1.0 pos:4.248488000350596E-25 
cv781_5358.txt neg neg:1.0 pos:3.538485964864158E-18 
cv604_23339.txt neg neg:0.9694956232050418 pos:0.03050437679495829 
cv546_12723.txt neg neg:0.9999999930167016 pos:6.983298394012035E-9 
cv660_23140.txt neg neg:0.9999999999999956 pos:4.366082924596539E-15 
cv388_12810.txt neg neg:0.9999995157730075 pos:4.842269925930743E-7 
cv222_18720.txt neg neg:0.9999999999981 pos:1.9000642927750713E-12 
cv796_17243.txt neg neg:0.9830674744134155 pos:0.016932525586584438 
cv035_3343.txt neg pos:0.8484435249747363 neg:0.15155647502526373 
cv655_12055.txt neg neg:0.9999999998813744 pos:1.1862564800931876E-10 
cv942_18509.txt neg neg:0.9680554913866428 pos:0.03194450861335717 
cv358_11557.txt neg neg:0.9999999992083743 pos:7.916257636958654E-10 
cv621_15984.txt neg neg:1.0 pos:6.438626468472731E-18 
cv319_16459.txt neg neg:0.9972080441788472 pos:0.002791955821152799 
cv289_6239.txt neg neg:0.999997149156414 pos:2.8508435859918967E-6 
cv568_17065.txt neg neg:0.9999999999997247 pos:2.7534307471978446E-13 
cv112_12178.txt neg neg:0.9999999974416203 pos:2.55837965629895E-9 
cv194_12855.txt neg pos:0.9999221920547415 neg:7.780794525846016E-5 
cv610_24153.txt neg neg:0.999999999948233 pos:5.176708248689115E-11 
cv842_5702.txt neg neg:1.0 pos:2.7820468575736617E-19 
cv748_14044.txt neg neg:0.9999999999795699 pos:2.0430031877476815E-11 
cv690_5425.txt neg neg:0.9999962585845245 pos:3.7414154754437485E-6 
cv160_10848.txt neg pos:0.9999901677670888 neg:9.832232911151696E-6 
cv283_11963.txt neg neg:0.9999999948793172 pos:5.120682684623303E-9 
cv658_11186.txt neg neg:0.9999987999795802 pos:1.2000204197798228E-6 
cv136_12384.txt neg neg:0.9986532756506055 pos:0.0013467243493946214 
cv189_24248.txt neg neg:0.9998661983344788 pos:1.3380166552118765E-4 
cv770_11061.txt neg neg:0.9999999924758195 pos:7.524180466395713E-9 
cv059_28723.txt neg pos:0.999834572496481 neg:1.6542750351898424E-4 
cv323_29633.txt neg neg:0.9999999999999996 pos:5.231060842033818E-16 
cv992_12806.txt neg neg:0.9999999970328213 pos:2.9671787253022097E-9 
cv444_9975.txt neg neg:0.9999999591076149 pos:4.089238517751877E-8 
cv673_25874.txt neg neg:0.9999999999873586 pos:1.2641442393255412E-11 
cv203_19052.txt neg neg:0.9979741742964436 pos:0.002025825703556395 
cv952_26375.txt neg neg:0.9999932219115875 pos:6.778088412609041E-6 
cv498_9288.txt neg neg:0.9999998583327115 pos:1.4166728844708319E-7 
cv670_2666.txt neg neg:0.9999999999987588 pos:1.2412515125966711E-12 
cv765_20429.txt neg neg:0.9999999999996085 pos:3.914887627193359E-13 
cv505_12926.txt neg neg:1.0 pos:8.402682966466962E-17 
cv677_18938.txt neg neg:0.9999999996687441 pos:3.3125583981493134E-10 
cv841_3367.txt neg pos:0.8340694541616646 neg:0.16593054583833547 
cv383_14662.txt neg neg:0.99999999999997 pos:2.986991588399167E-14 
cv353_19197.txt neg pos:0.857518277354957 neg:0.14248172264504302 
cv063_28852.txt neg neg:1.0 pos:8.722649998574996E-26 
cv146_19587.txt neg neg:0.9999999999999993 pos:7.607405821272366E-16 
cv970_19532.txt neg neg:0.9999999999999671 pos:3.276928528311919E-14 
cv107_25639.txt neg neg:0.9999999999990596 pos:9.402988957817265E-13 
cv972_26837.txt neg pos:0.9999999886687138 neg:1.1331286300984673E-8 
cv761_13769.txt neg pos:0.9999999999999245 neg:7.550840122345433E-14 
cv175_7375.txt neg neg:0.9999999999999993 pos:5.782211155130498E-16 
cv868_12799.txt neg pos:0.9066281332081307 neg:0.0933718667918693 
cv743_17023.txt neg neg:0.9999998826818994 pos:1.173181004847929E-7 
cv542_20359.txt neg pos:0.9812389867862561 neg:0.018761013213744043 
cv946_20084.txt neg neg:0.999999999995594 pos:4.406141086402125E-12 
cv962_9813.txt neg neg:0.9999999999386455 pos:6.135440174154176E-11 
cv864_3087.txt neg neg:0.9981971270748363 pos:0.0018028729251635843 
cv600_25043.txt neg pos:0.964161678695907 neg:0.03583832130409293 
cv636_16954.txt neg neg:1.0 pos:2.676682259323095E-17 
cv760_8977.txt neg pos:0.6167521654992384 neg:0.38324783450076155 
cv809_5012.txt neg neg:0.999999999847548 pos:1.5245203604090952E-10 
cv668_18848.txt neg neg:1.0 pos:6.966239777811461E-20 
cv215_23246.txt neg neg:0.9999963382422522 pos:3.6617577478767833E-6 
cv554_14678.txt neg neg:0.9995984801712434 pos:4.0151982875669205E-4 
cv110_27832.txt neg pos:0.6780441394014388 neg:0.3219558605985612 
cv976_10724.txt neg neg:0.9999995483080375 pos:4.5169196252924944E-7 
cv674_11593.txt neg neg:0.9999960677293266 pos:3.932270673444954E-6 
cv663_14484.txt neg neg:0.9999999999999998 pos:2.8850218119825127E-16 
cv265_11625.txt neg neg:0.9999999999747355 pos:2.5264499696460486E-11 
cv142_23657.txt neg pos:0.964652017446106 neg:0.03534798255389406 
cv227_25406.txt neg neg:1.0 pos:8.09612578829892E-18 
cv186_2396.txt neg neg:0.9999999999608777 pos:3.912218424454424E-11 
cv902_13217.txt neg neg:0.9999999992013964 pos:7.986037038093614E-10 
cv758_9740.txt neg neg:1.0 pos:3.81074729982405E-21 
cv927_11471.txt neg neg:0.9886943825400951 pos:0.011305617459904915 
cv734_22821.txt neg pos:0.9611711891596403 neg:0.03882881084035975 
cv513_7236.txt neg neg:1.0 pos:8.871001377478203E-17 
cv051_10751.txt neg neg:0.9999999949065232 pos:5.093476721154808E-9 
cv457_19546.txt neg pos:0.8740585201328095 neg:0.12594147986719043 
cv998_14111.txt pos pos:0.9999999999456923 neg:5.4307627103207704E-11 
cv187_12829.txt pos pos:1.0 neg:1.447300037775135E-21 
cv269_21732.txt pos pos:1.0 neg:8.11929281155667E-25 
cv951_10926.txt pos neg:0.9786453368343371 pos:0.02135466316566293 
cv127_14711.txt pos neg:0.9999999999991305 pos:8.694823071246162E-13 
cv439_15970.txt pos pos:0.9994821520576862 neg:5.178479423138743E-4 
cv330_29809.txt pos neg:0.8048184118419582 pos:0.19518158815804185 
cv661_2450.txt pos pos:1.0 neg:9.145006788897635E-20 
cv694_4876.txt pos pos:1.0 neg:1.3519852965097551E-18 
cv863_7424.txt pos pos:0.9999999999999998 neg:2.4319447843285006E-16 
cv836_12968.txt pos pos:1.0 neg:8.495482529566486E-37 
cv517_19219.txt pos pos:0.9681084105641566 neg:0.03189158943584338 
cv312_29377.txt pos pos:0.9999999999999956 neg:4.511592348621516E-15 
cv740_12445.txt pos neg:0.9999998102591943 pos:1.8974080577742665E-7 
cv194_12079.txt pos neg:0.9989284299283328 pos:0.0010715700716672919 
cv907_3541.txt pos pos:0.999999997348779 neg:2.651220973697088E-9 
cv950_12350.txt pos pos:0.8628313191037573 neg:0.13716868089624262 
cv467_25773.txt pos neg:0.7307622758730589 pos:0.26923772412694114 
cv680_10160.txt pos pos:0.9998013870462089 neg:1.9861295379105376E-4 
cv746_10147.txt pos pos:0.9999999999973583 neg:2.641592600682115E-12 
cv211_9953.txt pos pos:1.0 neg:1.1898324975220179E-27 
cv770_10451.txt pos pos:1.0 neg:1.576650044995122E-25 
cv835_19159.txt pos neg:0.8441239637051127 pos:0.15587603629488733 
cv544_5108.txt pos pos:0.9096624490853262 neg:0.09033755091467376 
cv164_22447.txt pos pos:0.9999999999999885 neg:1.145010507782016E-14 
cv316_6370.txt pos pos:0.9999344164909854 neg:6.558350901450906E-5 
cv513_6923.txt pos pos:0.982187325365652 neg:0.017812674634348002 
cv496_10530.txt pos pos:0.9999995904997101 neg:4.0950028989549154E-7 
cv653_19583.txt pos pos:0.9999999999999758 neg:2.428401974975813E-14 
cv128_29627.txt pos pos:0.9945443029912009 neg:0.005455697008799131 
cv429_7439.txt pos pos:0.9997117868948246 neg:2.882131051753417E-4 
cv601_23453.txt pos pos:1.0 neg:6.47916499227752E-28 
cv010_29198.txt pos pos:0.9999521838599741 neg:4.781614002589342E-5 
cv881_13254.txt pos neg:0.9470000177932271 pos:0.05299998220677284 
cv837_27325.txt pos pos:1.0 neg:2.3035222711251357E-31 
cv246_28807.txt pos pos:0.9999999999996558 neg:3.442074729903086E-13 
cv426_10421.txt pos pos:0.9999999999999958 neg:4.2069858814225135E-15 
cv145_11472.txt pos neg:0.8515999281865925 pos:0.14840007181340759 
cv111_11473.txt pos neg:0.6446496743275333 pos:0.3553503256724668 
cv433_10144.txt pos pos:1.0 neg:3.4465084065942E-22 
cv100_11528.txt pos pos:0.9997720741813789 neg:2.2792581862108357E-4 
cv003_11664.txt pos pos:0.9999999999981342 neg:1.8658152251286515E-12 
cv389_9369.txt pos pos:0.9764547492952419 neg:0.02354525070475814 
cv669_22995.txt pos pos:0.6931636400349377 neg:0.30683635996506226 
cv234_20643.txt pos pos:0.9999838010415742 neg:1.6198958425843894E-5 
cv319_14727.txt pos pos:0.9919997276288263 neg:0.008000272371173862 
cv535_19728.txt pos pos:0.6407442994449136 neg:0.3592557005550863 
cv116_28942.txt pos neg:0.9999998791224629 pos:1.2087753719915917E-7 
cv093_13951.txt pos pos:0.5120356491457653 neg:0.48796435085423473 
cv244_21649.txt pos neg:0.9626637365246529 pos:0.03733626347534704 
cv095_28892.txt pos neg:0.6046652593943219 pos:0.39533474060567797 
cv966_28832.txt pos pos:1.0 neg:1.9754551926043184E-17 
cv665_29538.txt pos pos:0.8734836486938691 neg:0.12651635130613093 
cv650_14340.txt pos pos:0.9980881784372699 neg:0.0019118215627299052 
cv711_11665.txt pos pos:1.0 neg:1.8232275127324258E-25 
cv151_15771.txt pos pos:0.9999999999999905 neg:9.529321573994993E-15 
cv551_10565.txt pos pos:0.5302310022819315 neg:0.4697689977180684 
cv490_17872.txt pos pos:1.0 neg:1.0347625831384729E-29 
cv025_3108.txt pos neg:0.9999999999998646 pos:1.3546119608771053E-13 
cv361_28944.txt pos pos:0.9999999999979106 neg:2.0893897578159546E-12 
cv357_13156.txt pos pos:0.9999999985763304 neg:1.4236695965932527E-9 
cv749_17765.txt pos pos:0.9999925107075515 neg:7.489292448446161E-6 
cv254_6027.txt pos pos:0.9994944481541597 neg:5.055518458404305E-4 
cv642_29867.txt pos pos:0.9999999122154074 neg:8.778459255018566E-8 
cv221_2695.txt pos neg:0.999580288915272 pos:4.1971108472799596E-4 
cv200_2915.txt pos pos:0.9999999999999993 neg:6.178894905904914E-16 
cv947_10601.txt pos neg:0.9999999999438896 pos:5.6110398089843865E-11 
cv655_11154.txt pos neg:0.9999979335343633 pos:2.0664656365861344E-6 
cv890_3977.txt pos pos:0.6444681651237387 neg:0.35553183487626133 
cv142_22516.txt pos pos:0.9999999999994069 neg:5.931270374626041E-13 
cv924_29540.txt pos pos:0.9999999989789186 neg:1.0210814658385593E-9 
cv676_21090.txt pos pos:0.9999999999999978 neg:2.2433198844918875E-15 
cv069_10801.txt pos pos:1.0 neg:1.112652449335675E-25 
cv371_7630.txt pos pos:0.9999999999999758 neg:2.4261307972232538E-14 
cv252_23779.txt pos pos:0.9999999999999996 neg:3.9876560549395987E-16 
cv338_8821.txt pos pos:0.999997974441049 neg:2.0255589509675764E-6 
cv896_16071.txt pos pos:1.0 neg:1.1762047608689638E-21 
cv615_14182.txt pos pos:0.9999999949106444 neg:5.089355654960433E-9 
cv794_15868.txt pos neg:0.725584940988465 pos:0.2744150590115349 
cv083_24234.txt pos pos:0.9999999999963933 neg:3.6066672294334668E-12 
cv040_8276.txt pos neg:0.9998951211811693 pos:1.0487881883070355E-4 
cv652_13972.txt pos pos:0.999851509753936 neg:1.4849024606385273E-4 
cv192_14395.txt pos pos:0.9999999999999554 neg:4.453722472104459E-14 
cv084_13566.txt pos pos:0.9949089978498797 neg:0.0050910021501202355 
cv616_29319.txt pos pos:1.0 neg:7.02637675411312E-17 
cv885_12318.txt pos pos:0.9999985789834276 neg:1.4210165723087482E-6 
cv801_25228.txt pos pos:0.9999847006805005 neg:1.529931949947182E-5 
cv108_15571.txt pos pos:0.999226533239138 neg:7.734667608620516E-4 
cv753_10875.txt pos pos:1.0 neg:2.667731438642735E-19 
cv332_16307.txt pos pos:0.9999999999998364 neg:1.6360043860086032E-13 
cv990_11591.txt pos pos:0.9999999999997389 neg:2.611176158046185E-13 
cv593_10987.txt pos pos:0.9999999739549066 neg:2.6045093497714322E-8 
cv488_19856.txt pos pos:0.9999999999999405 neg:5.951187843635303E-14 
cv219_18626.txt pos neg:0.9338079698332921 pos:0.06619203016670783 
cv955_25001.txt pos pos:0.9999999999991775 neg:8.224647691768534E-13 
cv864_3416.txt pos pos:0.9999999991046358 neg:8.95364185771524E-10 
cv904_24353.txt pos pos:0.9996341893633317 neg:3.6581063666823234E-4 
cv538_28667.txt pos neg:0.8880460294203717 pos:0.1119539705796284 
cv521_15828.txt pos pos:0.9999999999609896 neg:3.901031875670546E-11 
cv518_13331.txt pos neg:0.9930863134718029 pos:0.006913686528197048 
Trial 0 Trainer NaiveBayesTrainer Training Data Confusion Matrix
Confusion Matrix, row=true, column=predicted  accuracy=0.9822222222222222
  label   0   1  |total
  0 neg 891   9  |900
  1 pos  23 877  |900

Trial 0 Trainer NaiveBayesTrainer training data accuracy= 0.9822222222222222
Trial 0 Trainer NaiveBayesTrainer Test Data Confusion Matrix
Confusion Matrix, row=true, column=predicted  accuracy=0.785
  label   0   1  |total
  0 neg  79  21  |100
  1 pos  22  78  |100

Trial 0 Trainer NaiveBayesTrainer test data accuracy= 0.785

NaiveBayesTrainer
Summary. train accuracy mean = 0.9822222222222222 stddev = 0.0 stderr = 0.0
Summary. test accuracy mean = 0.785 stddev = 0.0 stderr = 0.0
