
-------------------- Trial 0  --------------------

Trial 0 Training NaiveBayesTrainer with 1800 instances
Trial 0 Training NaiveBayesTrainer finished
Trial 0 Trainer NaiveBayesTrainer
 Raw Testing Data
cv829_21725.txt neg neg:0.9999999999997671 pos:2.328306548574868E-13 
cv128_29444.txt neg neg:0.999999999205136 pos:7.94863998850378E-10 
cv341_25667.txt neg neg:1.0 pos:2.973521590871269E-22 
cv192_16079.txt neg neg:0.999999999886781 pos:1.1321897517407011E-10 
cv510_24758.txt neg neg:0.9999999999998546 pos:1.4543896750467075E-13 
cv695_22268.txt neg neg:0.9999999999716551 pos:2.834482945145662E-11 
cv767_15673.txt neg pos:0.9963332603762799 neg:0.003666739623720084 
cv490_18986.txt neg neg:0.9999991491762175 pos:8.508237824113899E-7 
cv697_12106.txt neg pos:0.9999999999989801 neg:1.01991597391881E-12 
cv398_17047.txt neg neg:0.9999999975640508 pos:2.4359491896965653E-9 
cv409_29625.txt neg neg:0.901852022916226 pos:0.09814797708377399 
cv147_22625.txt neg neg:0.9998528874038488 pos:1.4711259615118028E-4 
cv839_22807.txt neg neg:1.0 pos:8.776496661570922E-17 
cv787_15277.txt neg neg:0.9999999999664713 pos:3.3528650060861367E-11 
cv593_11931.txt neg neg:1.0 pos:1.2694697259128576E-21 
cv590_20712.txt neg neg:0.9999723437829648 pos:2.7656217035206766E-5 
cv870_18090.txt neg neg:0.9999998849734347 pos:1.1502656522754889E-7 
cv057_7962.txt neg neg:0.9974529512055813 pos:0.002547048794418573 
cv753_11812.txt neg neg:0.9999999999999991 pos:9.7293468284196E-16 
cv292_7804.txt neg neg:1.0 pos:4.0852396016843305E-22 
cv637_13682.txt neg neg:0.9999999957076744 pos:4.2923254995231296E-9 
cv027_26270.txt neg neg:0.9999999999999953 pos:4.749664415586263E-15 
cv589_12853.txt neg neg:0.9999998257337339 pos:1.7426626622434638E-7 
cv212_10054.txt neg neg:1.0 pos:7.20970339500778E-24 
cv693_19147.txt neg neg:0.9996572388749143 pos:3.427611250855752E-4 
cv528_11669.txt neg pos:0.9242537306331493 neg:0.07574626936685075 
cv009_29417.txt neg neg:1.0 pos:3.714710721903844E-18 
cv778_18629.txt neg neg:0.9999998376577114 pos:1.6234228861567542E-7 
cv717_17472.txt neg neg:0.9999999977615863 pos:2.2384137207460705E-9 
cv828_21392.txt neg neg:0.9999999998983065 pos:1.0169347426616112E-10 
cv280_8651.txt neg neg:0.999993805793369 pos:6.194206630903329E-6 
cv067_21192.txt neg neg:0.9999996999806132 pos:3.0001938690333904E-7 
cv272_20313.txt neg neg:0.9999999999870293 pos:1.2970736494719405E-11 
cv925_9459.txt neg neg:0.9999999999999996 pos:3.800562263997299E-16 
cv412_25254.txt neg neg:1.0 pos:6.763056093952002E-23 
cv616_29187.txt neg pos:0.9396812728747767 neg:0.06031872712522335 
cv041_22364.txt neg pos:0.9767982195581618 neg:0.023201780441838158 
cv934_20426.txt neg neg:1.0 pos:9.493698538253209E-19 
cv122_7891.txt neg neg:0.9999999999999523 pos:4.781998326014486E-14 
cv249_12674.txt neg neg:0.99999999999999 pos:1.0041746132361006E-14 
cv888_25678.txt neg neg:0.9992465985933298 pos:7.534014066703264E-4 
cv262_13812.txt neg pos:0.9970876739517595 neg:0.0029123260482404926 
cv294_12695.txt neg neg:0.999999999789674 pos:2.1032590754180884E-10 
cv403_6721.txt neg neg:0.9999999999943139 pos:5.686056200255109E-12 
cv306_10859.txt neg neg:0.999998789074811 pos:1.210925189136502E-6 
cv159_29374.txt neg neg:0.9997170817691198 pos:2.829182308802016E-4 
cv023_13847.txt neg neg:0.9999999986060002 pos:1.3939997357990884E-9 
cv685_5710.txt neg neg:0.9999934077472024 pos:6.592252797665883E-6 
cv512_17618.txt neg neg:0.9999999999940652 pos:5.934893091208295E-12 
cv639_10797.txt neg pos:0.999999997884087 neg:2.1159129494311658E-9 
cv243_22164.txt neg pos:0.9999999999985276 neg:1.4722774923181914E-12 
cv653_2107.txt neg neg:0.9999999999999996 pos:3.5076603330208E-16 
cv485_26879.txt neg neg:0.9999930349249483 pos:6.965075051848292E-6 
cv068_14810.txt neg neg:0.9999979920733865 pos:2.007926613620748E-6 
cv404_21805.txt neg neg:0.9999999851646924 pos:1.4835307577542866E-8 
cv113_24354.txt neg neg:0.9999999999997702 pos:2.2975967844786175E-13 
cv597_26744.txt neg neg:1.0 pos:3.0797697099662467E-19 
cv266_26644.txt neg neg:0.9999999999239899 pos:7.60101905547427E-11 
cv455_28866.txt neg pos:0.7266942620409311 neg:0.2733057379590688 
cv440_16891.txt neg neg:0.9999999997794464 pos:2.2055357503826693E-10 
cv506_17521.txt neg neg:0.9549524613794745 pos:0.045047538620525525 
cv032_23718.txt neg pos:0.9998911736187173 neg:1.0882638128286394E-4 
cv055_8926.txt neg neg:0.999945621773176 pos:5.4378226824092725E-5 
cv971_11790.txt neg neg:0.9999999869370895 pos:1.3062910563872765E-8 
cv179_9533.txt neg neg:0.9999998461792251 pos:1.538207749525239E-7 
cv893_26731.txt neg neg:0.9999999999999991 pos:9.003565902904763E-16 
cv042_11927.txt neg pos:0.9995174777867061 neg:4.8252221329388525E-4 
cv989_17297.txt neg neg:0.9999999992435842 pos:7.56415808268549E-10 
cv003_12683.txt neg neg:0.9999763727390104 pos:2.3627260989500342E-5 
cv857_17527.txt neg neg:0.9999963202230241 pos:3.6797769759740103E-6 
cv606_17672.txt neg neg:0.9317535747081537 pos:0.06824642529184635 
cv797_7245.txt neg neg:0.9996216723181119 pos:3.7832768188802247E-4 
cv866_29447.txt neg neg:0.9999996145117995 pos:3.854882005129011E-7 
cv125_9636.txt neg neg:0.99999999898601 pos:1.0139900715098048E-9 
cv086_19488.txt neg pos:0.9999939676719573 neg:6.032328042852694E-6 
cv605_12730.txt neg pos:0.8993943962723402 neg:0.10060560372765992 
cv941_10718.txt neg neg:0.7615280150237815 pos:0.2384719849762185 
cv193_5393.txt neg neg:0.5054577718157656 pos:0.49454222818423443 
cv184_26935.txt neg neg:0.9999999999466023 pos:5.339776813770682E-11 
cv045_25077.txt neg neg:1.0 pos:4.1881961223421346E-18 
cv914_2856.txt neg neg:1.0 pos:9.293813607096713E-19 
cv630_10152.txt neg neg:1.0 pos:4.958731108948363E-17 
cv239_29828.txt neg pos:0.7061462128616028 neg:0.29385378713839716 
cv336_10363.txt neg neg:0.9999855572705051 pos:1.4442729494953246E-5 
cv372_6654.txt neg neg:0.9999999385539686 pos:6.144603134031621E-8 
cv204_8930.txt neg neg:0.9999999999981646 pos:1.835467834028253E-12 
cv395_11761.txt neg neg:0.9999999695088586 pos:3.049114138907321E-8 
cv815_23466.txt neg neg:0.999999999661036 pos:3.389639661970204E-10 
cv520_13297.txt neg neg:0.9999999990154778 pos:9.845222060680356E-10 
cv651_11120.txt neg neg:0.9999997709660593 pos:2.2903394063670154E-7 
cv508_17742.txt neg neg:0.9999999943193143 pos:5.6806857695190906E-9 
cv079_12766.txt neg neg:1.0 pos:1.7308667528055272E-23 
cv752_25330.txt neg neg:0.9999643664827483 pos:3.5633517251602826E-5 
cv629_16604.txt neg neg:0.9999999999527232 pos:4.727683875954989E-11 
cv556_16563.txt neg neg:0.9999999981607541 pos:1.8392459375058126E-9 
cv907_3193.txt neg neg:0.999995308188168 pos:4.691811832101336E-6 
cv977_4776.txt neg neg:0.9999999934390083 pos:6.560991758064896E-9 
cv776_21934.txt neg neg:0.9999999997378923 pos:2.621077333968536E-10 
cv080_14899.txt neg neg:0.9999999999327593 pos:6.724068257142646E-11 
cv074_7188.txt neg neg:1.0 pos:4.347613341744558E-19 
cv598_16452.txt pos pos:0.9997452389893912 neg:2.5476101060890703E-4 
cv412_24095.txt pos pos:0.9999913925983502 neg:8.607401649765965E-6 
cv351_15458.txt pos pos:1.0 neg:2.127532519348489E-18 
cv641_12349.txt pos pos:0.9999999999977416 neg:2.258438325543682E-12 
cv798_23531.txt pos pos:0.9999999562911673 neg:4.3708832643791684E-8 
cv524_23627.txt pos pos:0.999999833602946 neg:1.6639705394132117E-7 
cv626_7410.txt pos pos:0.9999999999841045 neg:1.589554262391729E-11 
cv688_7368.txt pos pos:0.9999999942357591 neg:5.764240783402772E-9 
cv152_8736.txt pos pos:0.948303700770605 neg:0.05169629922939495 
cv784_14394.txt pos pos:0.9982935249955275 neg:0.0017064750044726094 
cv162_10424.txt pos pos:0.9999999999974838 neg:2.5161648924509797E-12 
cv284_19119.txt pos pos:0.9999999991117143 neg:8.882857362035317E-10 
cv206_14293.txt pos pos:1.0 neg:4.9369818449133036E-39 
cv288_18791.txt pos pos:0.9999963378278994 neg:3.662172100543826E-6 
cv731_4136.txt pos pos:0.9999999999998306 neg:1.693608717503185E-13 
cv090_0042.txt pos pos:0.8925270757717088 neg:0.10747292422829119 
cv377_7946.txt pos pos:0.9999953666690481 neg:4.633330951871358E-6 
cv238_12931.txt pos pos:0.9994065643248216 neg:5.934356751784635E-4 
cv110_27788.txt pos neg:0.999999999999966 pos:3.393824951357959E-14 
cv005_29443.txt pos pos:1.0 neg:1.5249427096047489E-35 
cv443_21118.txt pos neg:0.9999999940452908 pos:5.95470904756406E-9 
cv276_15684.txt pos pos:0.9999999981215577 neg:1.878442387795529E-9 
cv369_12886.txt pos pos:1.0 neg:6.274751456586408E-19 
cv640_5378.txt pos pos:0.996485529274618 neg:0.003514470725381962 
cv311_16002.txt pos pos:0.999999998661095 neg:1.3389050691772937E-9 
cv218_24352.txt pos pos:0.65792431714411 neg:0.34207568285588985 
cv392_11458.txt pos neg:0.9946288710575332 pos:0.005371128942466788 
cv543_5045.txt pos pos:0.9999999999999984 neg:1.6371563759065594E-15 
cv225_29224.txt pos pos:0.9999980848965345 neg:1.9151034654204784E-6 
cv118_28980.txt pos neg:0.9999999999793912 pos:2.0608845373281988E-11 
cv876_9390.txt pos neg:0.9999395138689285 pos:6.048613107142346E-5 
cv764_11739.txt pos pos:0.8772833128371464 neg:0.12271668716285361 
cv987_6965.txt pos neg:0.9924030543438479 pos:0.007596945656151995 
cv914_28742.txt pos neg:0.5224344277357885 pos:0.4775655722642115 
cv569_26381.txt pos pos:0.9999999999985785 neg:1.4215357813858406E-12 
cv329_29370.txt pos pos:0.9976013302973993 neg:0.002398669702600706 
cv109_21172.txt pos pos:0.9999998176807406 neg:1.8231925939080744E-7 
cv257_10975.txt pos neg:0.998934740256344 pos:0.0010652597436560988 
cv787_13743.txt pos neg:0.9999439015166413 pos:5.609848335872824E-5 
cv282_6653.txt pos neg:0.9999999790169929 pos:2.0983007096115726E-8 
cv479_5649.txt pos neg:0.6714604172433192 pos:0.3285395827566808 
cv751_15719.txt pos pos:1.0 neg:6.87736274174771E-20 
cv199_9629.txt pos pos:0.9999999881147718 neg:1.1885228325422799E-8 
cv810_12458.txt pos pos:1.0 neg:1.4671780516953212E-21 
cv326_13295.txt pos neg:0.9485013212614879 pos:0.051498678738512195 
cv381_20172.txt pos pos:0.9999998402679977 neg:1.597320023135599E-7 
cv570_29082.txt pos neg:0.8390368867302148 pos:0.16096311326978516 
cv445_25882.txt pos pos:1.0 neg:1.0253237010605428E-22 
cv803_8207.txt pos pos:1.0 neg:3.3725917286066444E-33 
cv355_16413.txt pos pos:1.0 neg:1.778279274095914E-22 
cv366_10221.txt pos pos:0.9999999955113785 neg:4.4886215274420095E-9 
cv752_24155.txt pos pos:0.9999999999999993 neg:7.691013063604096E-16 
cv726_4719.txt pos pos:0.9958034885013516 neg:0.004196511498648425 
cv748_12786.txt pos pos:0.9974429418726092 neg:0.002557058127390911 
cv702_11500.txt pos neg:0.9999974957470857 pos:2.504252914248014E-6 
cv781_5262.txt pos pos:0.9999998877251086 neg:1.1227489147428459E-7 
cv507_9220.txt pos neg:0.9999939409247729 pos:6.059075227145093E-6 
cv849_15729.txt pos pos:0.9999997269226382 neg:2.730773619428471E-7 
cv978_20929.txt pos pos:0.9927823913613036 neg:0.007217608638696427 
cv158_10390.txt pos pos:0.9999999999999034 neg:9.657969821866362E-14 
cv826_11834.txt pos pos:1.0 neg:2.873133808530329E-17 
cv675_21588.txt pos pos:0.9999999999999889 neg:1.1136414347034444E-14 
cv328_10373.txt pos pos:0.9999999999999998 neg:1.1816159829271123E-16 
cv618_8974.txt pos pos:0.9999999919483541 neg:8.051645868421377E-9 
cv546_11767.txt pos pos:0.9999998564686483 neg:1.435313517651841E-7 
cv462_19350.txt pos pos:0.9961010537707775 neg:0.0038989462292224187 
cv560_17175.txt pos pos:0.9999999999997744 neg:2.255480196586506E-13 
cv926_17059.txt pos pos:0.9999986122596509 neg:1.387740348947702E-6 
cv039_6170.txt pos pos:0.9999989718187572 neg:1.0281812427603714E-6 
cv435_23110.txt pos pos:0.9997648313610488 neg:2.3516863895127292E-4 
cv529_10420.txt pos pos:0.9999999999999896 neg:1.0354828023964135E-14 
cv419_13394.txt pos neg:0.9999965617385389 pos:3.4382614609866855E-6 
cv094_27889.txt pos pos:1.0 neg:5.496047280744988E-19 
cv817_4041.txt pos pos:0.9999999999971263 neg:2.8737352485933187E-12 
cv004_11636.txt pos neg:0.9999992169463167 pos:7.830536833094878E-7 
cv432_14224.txt pos neg:0.9989024710198916 pos:0.0010975289801083722 
cv201_6997.txt pos pos:0.9999756320472569 neg:2.4367952742991558E-5 
cv684_11798.txt pos pos:0.9999999999314853 neg:6.851468940714717E-11 
cv656_24201.txt pos pos:0.9999988010958972 neg:1.1989041029153526E-6 
cv037_18510.txt pos pos:1.0 neg:8.514308203367967E-26 
cv824_8838.txt pos pos:1.0 neg:1.279206565319608E-20 
cv901_11017.txt pos neg:0.687050850466426 pos:0.3129491495335739 
cv910_20488.txt pos pos:1.0 neg:3.1808292784571416E-20 
cv563_17257.txt pos pos:0.9999999994577347 neg:5.422652677438591E-10 
cv578_15094.txt pos neg:0.9999961290273185 pos:3.870972681421049E-6 
cv261_10954.txt pos pos:0.9999999999766043 neg:2.3395761421117747E-11 
cv271_13837.txt pos pos:0.9999931317699913 neg:6.868230008649071E-6 
cv139_12873.txt pos pos:0.9996568194617526 neg:3.431805382475803E-4 
cv953_6836.txt pos pos:0.9999999999999898 neg:1.0285738045858626E-14 
cv505_12090.txt pos pos:1.0 neg:1.6011395513618834E-23 
cv022_12864.txt pos neg:0.9991112520651545 pos:8.887479348454195E-4 
cv937_9811.txt pos neg:0.9920808456896765 pos:0.00791915431032353 
cv459_20319.txt pos pos:0.9832928979433203 neg:0.01670710205667974 
cv610_2287.txt pos neg:0.9660493677211315 pos:0.03395063227886844 
cv644_17154.txt pos pos:1.0 neg:5.683656627497873E-19 
cv144_5007.txt pos pos:0.9999999929987926 neg:7.0012072744652125E-9 
cv337_29181.txt pos pos:1.0 neg:4.607053205802972E-22 
cv274_25253.txt pos pos:1.0 neg:1.1661751088529352E-32 
cv364_12901.txt pos pos:0.99993973812683 neg:6.02618731701335E-5 
cv182_7281.txt pos pos:0.9549702348060686 neg:0.045029765193931405 
Trial 0 Trainer NaiveBayesTrainer Training Data Confusion Matrix
Confusion Matrix, row=true, column=predicted  accuracy=0.9822222222222222
  label   0   1  |total
  0 neg 895   5  |900
  1 pos  27 873  |900

Trial 0 Trainer NaiveBayesTrainer training data accuracy= 0.9822222222222222
Trial 0 Trainer NaiveBayesTrainer Test Data Confusion Matrix
Confusion Matrix, row=true, column=predicted  accuracy=0.815
  label   0   1  |total
  0 neg  86  14  |100
  1 pos  23  77  |100

Trial 0 Trainer NaiveBayesTrainer test data accuracy= 0.815

NaiveBayesTrainer
Summary. train accuracy mean = 0.9822222222222222 stddev = 0.0 stderr = 0.0
Summary. test accuracy mean = 0.815 stddev = 0.0 stderr = 0.0
