
-------------------- Trial 0  --------------------

Trial 0 Training NaiveBayesTrainer with 1800 instances
Trial 0 Training NaiveBayesTrainer finished
Trial 0 Trainer NaiveBayesTrainer
 Raw Testing Data
cv921_13988.txt neg neg:0.9999999999999982 pos:1.6946710728393547E-15 
cv029_19943.txt neg neg:0.9955702383429217 pos:0.004429761657078446 
cv897_11703.txt neg neg:0.9999999999999898 pos:1.031639408784664E-14 
cv257_11856.txt neg neg:0.9999999999028615 pos:9.713846860389854E-11 
cv640_5380.txt neg neg:0.9999860714499553 pos:1.3928550044628888E-5 
cv949_21565.txt neg neg:1.0 pos:6.191954346270425E-18 
cv524_24885.txt neg pos:0.9999999873475737 neg:1.2652426236979501E-8 
cv514_12173.txt neg neg:1.0 pos:7.393766520370093E-18 
cv021_17313.txt neg neg:0.9677400707358398 pos:0.032259929264160145 
cv895_22200.txt neg neg:0.9999999989524917 pos:1.0475084090570341E-9 
cv150_14279.txt neg neg:1.0 pos:1.335702744931708E-18 
cv933_24953.txt neg neg:0.999999999999986 pos:1.4041421906136507E-14 
cv335_16299.txt neg neg:1.0 pos:1.0161826850531626E-17 
cv544_5301.txt neg neg:0.9999999765691302 pos:2.3430869774716693E-8 
cv999_14636.txt neg neg:0.9999999850286401 pos:1.4971360033781425E-8 
cv245_8938.txt neg neg:0.9999999999947708 pos:5.229243319727302E-12 
cv185_28372.txt neg neg:0.9999999775107972 pos:2.24892028111062E-8 
cv801_26335.txt neg neg:0.9977969365977443 pos:0.0022030634022556814 
cv284_20530.txt neg neg:0.9293880887514767 pos:0.07061191124852338 
cv108_17064.txt neg neg:0.999999966715871 pos:3.3284129090449097E-8 
cv018_21672.txt neg neg:0.9998159470465866 pos:1.8405295341345474E-4 
cv788_26409.txt neg neg:0.9999999611817856 pos:3.8818214476029405E-8 
cv216_20165.txt neg neg:0.9999997729171108 pos:2.27082889058097E-7 
cv716_11153.txt neg neg:0.9999918868721018 pos:8.113127898160202E-6 
cv723_9002.txt neg neg:0.9999999997899429 pos:2.1005714164390869E-10 
cv692_17026.txt neg neg:0.9999999999884988 pos:1.1501327627806243E-11 
cv450_8319.txt neg neg:0.9999996446284423 pos:3.553715578252964E-7 
cv202_11382.txt neg neg:1.0 pos:8.792022461215302E-27 
cv632_9704.txt neg neg:0.9999995041465976 pos:4.958534024771338E-7 
cv376_20883.txt neg neg:0.9969538493909206 pos:0.0030461506090794185 
cv587_20532.txt neg neg:0.9999999999947369 pos:5.26309022931153E-12 
cv929_1841.txt neg neg:0.9999998183648465 pos:1.8163515344121014E-7 
cv196_28898.txt neg neg:0.9999999999994797 pos:5.202785463538894E-13 
cv906_12332.txt neg neg:0.99999999999996 pos:3.9906472053380565E-14 
cv982_22209.txt neg neg:0.9999999999999882 pos:1.1857782142027407E-14 
cv939_11247.txt neg neg:0.9997840413032002 pos:2.1595869679979344E-4 
cv219_19874.txt neg neg:0.9999999998115026 pos:1.8849738765798174E-10 
cv875_5622.txt neg neg:0.9990102626033848 pos:9.897373966151867E-4 
cv499_11407.txt neg neg:0.9999706806368981 pos:2.9319363101810116E-5 
cv213_20300.txt neg neg:0.9999999995816702 pos:4.183298246815925E-10 
cv983_24219.txt neg neg:0.998431979534392 pos:0.0015680204656081183 
cv854_18955.txt neg neg:0.9999901448472122 pos:9.855152787781145E-6 
cv647_15275.txt neg neg:1.0 pos:5.773014750857171E-19 
cv334_0074.txt neg neg:0.9999999999947395 pos:5.2605598020053595E-12 
cv002_17424.txt neg neg:0.9999999999989475 pos:1.0525628539724593E-12 
cv676_22202.txt neg neg:1.0 pos:5.568098993157214E-20 
cv069_11613.txt neg neg:0.9983078891564598 pos:0.0016921108435401307 
cv270_5873.txt neg neg:0.9999992251672409 pos:7.748327590117735E-7 
cv725_10266.txt neg neg:0.9999997496587709 pos:2.503412289220353E-7 
cv165_2389.txt neg neg:0.999986756594148 pos:1.3243405852056327E-5 
cv963_7208.txt neg pos:0.9971344290195286 neg:0.0028655709804713343 
cv167_18094.txt neg neg:0.8400979436752453 pos:0.15990205632475468 
cv449_9126.txt neg pos:0.9788382587705767 neg:0.021161741229423346 
cv048_18380.txt neg neg:0.9976162963589355 pos:0.002383703641064465 
cv361_28738.txt neg neg:0.999999999999577 pos:4.229393276027513E-13 
cv608_24647.txt neg neg:0.9999999999996136 pos:3.8632534626983364E-13 
cv354_8573.txt neg neg:0.999989455118026 pos:1.0544881974076942E-5 
cv607_8235.txt neg neg:0.9999999997666982 pos:2.3330175309636544E-10 
cv007_4992.txt neg neg:1.0 pos:4.8751102519197E-18 
cv974_24303.txt neg neg:0.9915216617061818 pos:0.00847833829381816 
cv405_21868.txt neg neg:0.9999999999999998 pos:1.561162176094598E-16 
cv698_16930.txt neg neg:0.999999999999978 pos:2.1934027109812172E-14 
cv585_23576.txt neg neg:0.9989382094053687 pos:0.0010617905946312847 
cv431_7538.txt neg neg:0.9998609561100186 pos:1.390438899814172E-4 
cv798_24779.txt neg pos:0.9725758048850535 neg:0.02742419511494662 
cv557_12237.txt neg neg:0.9999999999499054 pos:5.009450014371971E-11 
cv337_29061.txt neg neg:0.9999999998600726 pos:1.3992748265436375E-10 
cv671_5164.txt neg pos:0.8907369145250248 neg:0.10926308547497525 
cv407_23928.txt neg neg:0.9999999999999989 pos:1.1790105097695204E-15 
cv876_9633.txt neg pos:0.5613295663005025 neg:0.4386704336994975 
cv843_17054.txt neg neg:0.9999999998116658 pos:1.8833414047211943E-10 
cv601_24759.txt neg neg:0.9999999999999909 pos:9.213954092179473E-15 
cv917_29484.txt neg neg:0.999999999999998 pos:1.9772547382053295E-15 
cv317_25111.txt neg pos:0.969799046477568 neg:0.030200953522432055 
cv481_7930.txt neg neg:0.999999999996479 pos:3.52090930943725E-12 
cv328_10908.txt neg neg:0.8530896720637099 pos:0.14691032793629002 
cv156_11119.txt neg neg:0.9960505018109013 pos:0.003949498189098844 
cv072_5928.txt neg neg:0.9997744735017524 pos:2.255264982475531E-4 
cv713_29002.txt neg pos:0.714379545483245 neg:0.285620454516755 
cv338_9183.txt neg pos:0.997344557650031 neg:0.002655442349968964 
cv662_14791.txt neg neg:0.9998356029451893 pos:1.6439705481072312E-4 
cv221_27081.txt neg pos:0.999999999011203 neg:9.887969882814491E-10 
cv627_12603.txt neg neg:0.9998990538478232 pos:1.0094615217678585E-4 
cv744_10091.txt neg neg:0.9999999999999998 pos:1.5833217212493678E-16 
cv095_28730.txt neg neg:0.9999561804025643 pos:4.381959743565729E-5 
cv666_20301.txt neg neg:0.9958282318115141 pos:0.004171768188485839 
cv469_21998.txt neg neg:1.0 pos:1.229532585505989E-24 
cv423_12089.txt neg neg:1.0 pos:2.626333010422536E-19 
cv694_4526.txt neg neg:0.9305224284165169 pos:0.06947757158348312 
cv517_20616.txt neg neg:1.0 pos:1.7547550496671316E-17 
cv162_10977.txt neg neg:0.9677931415071335 pos:0.03220685849286653 
cv211_9955.txt neg neg:0.9999999999840821 pos:1.591783737693362E-11 
cv935_24977.txt neg neg:0.9999999992264725 pos:7.735275589550875E-10 
cv477_23530.txt neg pos:0.7413132278215078 neg:0.2586867721784923 
cv830_5778.txt neg neg:0.9999999983512351 pos:1.648764933423414E-9 
cv371_8197.txt neg neg:0.9999998540783168 pos:1.459216831437813E-7 
cv083_25491.txt neg neg:0.999999636490462 pos:3.635095380357279E-7 
cv365_12442.txt neg neg:1.0 pos:2.709286571239825E-23 
cv024_7033.txt neg pos:0.9999999998845477 neg:1.154522440000317E-10 
cv030_22893.txt neg neg:0.9999992966000343 pos:7.033999656773295E-7 
cv988_18740.txt pos pos:1.0 neg:1.784422814440601E-26 
cv286_25050.txt pos pos:1.0 neg:6.739025642106535E-25 
cv719_5713.txt pos pos:0.999999999999851 neg:1.4891972618469783E-13 
cv053_21822.txt pos pos:1.0 neg:6.908492316173221E-23 
cv071_12095.txt pos pos:0.9996749283144487 neg:3.25071685551238E-4 
cv424_8831.txt pos pos:0.9992102386957711 neg:7.897613042288662E-4 
cv453_10379.txt pos pos:1.0 neg:4.03514204843991E-28 
cv606_15985.txt pos neg:0.9999024156745466 pos:9.758432545336683E-5 
cv599_20988.txt pos pos:0.9462284537106898 neg:0.053771546289310156 
cv315_11629.txt pos pos:1.0 neg:2.6575624384932624E-19 
cv913_29252.txt pos pos:0.9999102618723176 neg:8.973812768253104E-5 
cv455_29000.txt pos pos:1.0 neg:1.7709859339121392E-17 
cv941_10246.txt pos pos:0.9999999999999998 neg:3.2635283705033587E-16 
cv929_16908.txt pos pos:0.9999999999998992 neg:1.0076456384278776E-13 
cv210_9312.txt pos neg:0.9963149601009428 pos:0.003685039899057192 
cv267_14952.txt pos pos:0.9999999868424954 neg:1.3157504654399269E-8 
cv662_13320.txt pos neg:0.9804856399480709 pos:0.019514360051929056 
cv897_10837.txt pos pos:0.9999999999999711 neg:2.889747545457106E-14 
cv191_29719.txt pos pos:0.9669221589433693 neg:0.03307784105663076 
cv564_11110.txt pos neg:0.9994873302525128 pos:5.126697474873315E-4 
cv681_9692.txt pos pos:0.9897232826746445 neg:0.010276717325355556 
cv999_13106.txt pos pos:0.9999999999999836 neg:1.6360859044145085E-14 
cv384_17140.txt pos pos:0.9940838026930714 neg:0.005916197306928665 
cv153_10779.txt pos pos:0.9923954784018948 neg:0.007604521598105212 
cv300_22284.txt pos pos:0.9999999999986846 neg:1.3154223454490556E-12 
cv508_16006.txt pos pos:1.0 neg:5.628933301366437E-20 
cv310_13091.txt pos pos:0.9816096686497998 neg:0.018390331350200243 
cv380_7574.txt pos neg:0.9999999223711071 pos:7.762889275550452E-8 
cv842_5866.txt pos neg:0.9999999942819235 pos:5.718076404633556E-9 
cv175_6964.txt pos pos:0.9964124947928895 neg:0.003587505207110381 
cv586_7543.txt pos pos:1.0 neg:4.870437906668578E-18 
cv859_14107.txt pos pos:0.9999999999999241 neg:7.60387625886899E-14 
cv393_29327.txt pos pos:0.9999880755773902 neg:1.1924422609878053E-5 
cv114_18398.txt pos pos:0.998686433665895 neg:0.0013135663341050402 
cv066_10821.txt pos pos:0.9999999999501143 neg:4.9885658614265553E-11 
cv657_24513.txt pos pos:0.9999999999999492 neg:5.082956145140513E-14 
cv259_10934.txt pos pos:0.9993194762512639 neg:6.805237487360976E-4 
cv121_17302.txt pos pos:0.999999999942037 neg:5.796302536307435E-11 
cv425_8250.txt pos pos:0.999431970684197 neg:5.680293158030775E-4 
cv247_13142.txt pos pos:0.9999998248158801 neg:1.751841199130366E-7 
cv617_9322.txt pos pos:0.999999999923644 neg:7.635605045338155E-11 
cv773_18817.txt pos neg:0.9999434849959191 pos:5.651500408088496E-5 
cv857_15958.txt pos pos:0.9999884331341787 neg:1.1566865821202214E-5 
cv919_16380.txt pos pos:0.9999999999999922 neg:7.793209664620524E-15 
cv009_29592.txt pos pos:0.9999999845252276 neg:1.547477241805972E-8 
cv780_7984.txt pos pos:1.0 neg:6.188196179200609E-23 
cv405_20399.txt pos neg:0.9999959580890967 pos:4.041910903418991E-6 
cv980_10953.txt pos pos:0.9940062486119038 neg:0.005993751388096323 
cv504_29243.txt pos neg:0.9998379499752578 pos:1.620500247422793E-4 
cv677_17715.txt pos pos:0.9999999999999962 neg:3.817020246093386E-15 
cv220_29059.txt pos pos:0.9999999999999993 neg:5.803824654672993E-16 
cv181_14401.txt pos pos:0.9999999966068107 neg:3.393189193371238E-9 
cv647_13691.txt pos pos:0.9999999993501294 neg:6.498705508112796E-10 
cv762_13927.txt pos pos:1.0 neg:1.122402217299075E-25 
cv270_6079.txt pos pos:0.9983475363242748 neg:0.0016524636757251803 
cv472_29280.txt pos neg:0.9557264528892864 pos:0.04427354711071364 
cv623_15356.txt pos pos:0.999998102372574 neg:1.89762742599985E-6 
cv285_16494.txt pos pos:0.9999998256241782 neg:1.7437582186476935E-7 
cv340_13287.txt pos neg:0.9858506197293906 pos:0.01414938027060945 
cv183_18612.txt pos pos:0.9990117125276704 neg:9.882874723297105E-4 
cv413_7398.txt pos pos:0.9999999999858102 neg:1.4189822429763685E-11 
cv548_17731.txt pos pos:0.6142513793518112 neg:0.3857486206481888 
cv099_10534.txt pos pos:0.9999998697541498 neg:1.3024585018903684E-7 
cv495_14518.txt pos neg:0.9999999981306742 pos:1.8693257429454353E-9 
cv289_6463.txt pos pos:0.9737052117403944 neg:0.026294788259605698 
cv055_8338.txt pos neg:0.9617692041348844 pos:0.038230795865115526 
cv402_14425.txt pos pos:0.9999861043854977 neg:1.3895614502325913E-5 
cv249_11640.txt pos pos:0.9968008148291536 neg:0.0031991851708462575 
cv730_10279.txt pos pos:1.0 neg:1.0953549373755186E-26 
cv691_5043.txt pos pos:0.999999999999998 neg:1.9871835208086233E-15 
cv057_7453.txt pos neg:0.9830856774316293 pos:0.01691432256837066 
cv428_11347.txt pos pos:0.9999999999242797 neg:7.572035574642989E-11 
cv172_11131.txt pos pos:0.9980367505636615 neg:0.001963249436338482 
cv047_1754.txt pos pos:0.9999947922173522 neg:5.207782647932506E-6 
cv592_22315.txt pos pos:0.9951229017430588 neg:0.004877098256941129 
cv631_4967.txt pos pos:0.9999999999999463 neg:5.3640213041050806E-14 
cv120_4111.txt pos pos:0.9999999999027982 neg:9.720185993447456E-11 
cv253_10077.txt pos pos:0.9999999955973295 neg:4.40267035138392E-9 
cv660_21893.txt pos pos:0.9999999999999833 neg:1.6620189687920997E-14 
cv959_14611.txt pos neg:0.6990003966905075 pos:0.30099960330949244 
cv583_29692.txt pos pos:0.9999764869881865 neg:2.351301181355057E-5 
cv658_10532.txt pos pos:0.9999999999735221 neg:2.647787086375796E-11 
cv939_10583.txt pos pos:0.9984359916253132 neg:0.0015640083746868009 
cv898_14187.txt pos pos:0.9999999999999996 neg:4.93932557576556E-16 
cv154_9328.txt pos pos:0.999999999996134 neg:3.8660198030292315E-12 
cv558_29507.txt pos pos:0.9999999999999993 neg:6.760632403932964E-16 
cv949_20112.txt pos pos:0.9999723981954999 neg:2.760180450004813E-5 
cv527_10123.txt pos pos:0.9998313969834972 neg:1.686030165027298E-4 
cv019_14482.txt pos neg:0.999981197894893 pos:1.8802105107003688E-5 
cv046_10188.txt pos pos:0.9997553470785004 neg:2.446529214995748E-4 
cv708_28729.txt pos pos:1.0 neg:4.396629722842882E-28 
cv931_17563.txt pos pos:0.9999999996532876 neg:3.467124921846108E-10 
cv448_14695.txt pos pos:0.9999999999998677 neg:1.3237922653722333E-13 
cv024_6778.txt pos pos:0.9302011146074409 neg:0.06979888539255898 
cv620_24265.txt pos pos:0.9966667521578721 neg:0.003333247842127722 
cv984_12767.txt pos pos:0.9999998942311686 neg:1.0576883149490921E-7 
cv325_16629.txt pos pos:1.0 neg:3.0316706990476217E-21 
cv690_5619.txt pos neg:0.6060332105841592 pos:0.3939667894158408 
cv204_8451.txt pos pos:0.9999999999999991 neg:8.571754249842315E-16 
cv101_10175.txt pos pos:0.9999999999999996 neg:4.468614086707802E-16 
Trial 0 Trainer NaiveBayesTrainer Training Data Confusion Matrix
Confusion Matrix, row=true, column=predicted  accuracy=0.9811111111111112
  label   0   1  |total
  0 neg 892   8  |900
  1 pos  26 874  |900

Trial 0 Trainer NaiveBayesTrainer training data accuracy= 0.9811111111111112
Trial 0 Trainer NaiveBayesTrainer Test Data Confusion Matrix
Confusion Matrix, row=true, column=predicted  accuracy=0.855
  label   0   1  |total
  0 neg  88  12  |100
  1 pos  17  83  |100

Trial 0 Trainer NaiveBayesTrainer test data accuracy= 0.855

NaiveBayesTrainer
Summary. train accuracy mean = 0.9811111111111112 stddev = 0.0 stderr = 0.0
Summary. test accuracy mean = 0.855 stddev = 0.0 stderr = 0.0
