
-------------------- Trial 0  --------------------

Trial 0 Training MaxEntTrainer,gaussianPriorVariance=1.0 with 1800 instances
Trial 0 Training MaxEntTrainer,gaussianPriorVariance=1.0 finished
Trial 0 Trainer MaxEntTrainer,gaussianPriorVariance=1.0
 Raw Testing Data
cv082_11979.txt neg neg:0.7467083175173863 pos:0.25329168248261363 
cv898_1576.txt neg pos:0.918584259116535 neg:0.0814157408834651 
cv242_11354.txt neg neg:0.9439083824848123 pos:0.05609161751518754 
cv693_18063.txt pos pos:0.5376077150177851 neg:0.46239228498221485 
cv659_21483.txt neg neg:0.9633816690198317 pos:0.03661833098016842 
cv636_15279.txt pos pos:0.6499341599461211 neg:0.3500658400538789 
cv256_16529.txt neg neg:0.9999846946349601 pos:1.5305365039991856E-5 
cv347_14722.txt neg neg:0.953250336211802 pos:0.046749663788198004 
cv491_12992.txt neg neg:0.9984270704897013 pos:0.0015729295102987146 
cv596_28311.txt pos pos:0.9999999998771516 neg:1.2284831350827175E-10 
cv410_25624.txt neg neg:0.7984414375528639 pos:0.2015585624471361 
cv233_15964.txt pos pos:0.9996048550844012 neg:3.9514491559874444E-4 
cv831_16325.txt neg pos:0.9311562882413636 neg:0.06884371175863638 
cv298_24487.txt neg neg:0.77478490253374 pos:0.22521509746626003 
cv510_23360.txt pos pos:0.9883847275512575 neg:0.011615272448742525 
cv588_14467.txt neg neg:0.8525635819335473 pos:0.1474364180664527 
cv516_11172.txt pos pos:0.9349785479301278 neg:0.06502145206987228 
cv053_23117.txt neg neg:0.9999973386780033 pos:2.6613219966730155E-6 
cv923_11951.txt neg neg:0.9999974722553813 pos:2.527744618775277E-6 
cv470_15952.txt pos neg:0.9321075047160877 pos:0.06789249528391231 
cv327_20292.txt pos pos:0.9954367343070354 neg:0.0045632656929645845 
cv537_13516.txt neg pos:0.9696713835267942 neg:0.03032861647320572 
cv343_10368.txt pos pos:0.8411944603564276 neg:0.1588055396435723 
cv292_7282.txt pos pos:0.993437654577497 neg:0.006562345422502851 
cv025_29825.txt neg pos:0.8401914961988705 neg:0.15980850380112951 
cv129_18373.txt neg neg:0.8852507843545525 pos:0.11474921564544743 
cv263_19259.txt pos neg:0.5874389717212288 pos:0.41256102827877117 
cv599_22197.txt neg neg:0.9931050323668562 pos:0.006894967633143735 
cv015_29356.txt neg neg:0.9992570495040256 pos:7.42950495974373E-4 
cv996_11592.txt pos pos:0.9411470599743217 neg:0.058852940025678334 
cv235_10217.txt pos pos:0.938121822043037 neg:0.06187817795696297 
cv666_18963.txt pos pos:0.9939262718775657 neg:0.006073728122434466 
cv365_11576.txt pos pos:0.981550220082733 neg:0.018449779917267147 
cv172_12037.txt neg neg:0.9999983425664563 pos:1.6574335438611168E-6 
cv310_14568.txt neg neg:0.9993304423453929 pos:6.695576546071348E-4 
cv697_11162.txt pos pos:0.9947927857954852 neg:0.0052072142045148356 
cv534_14083.txt pos pos:0.5258455224054397 neg:0.4741544775945603 
cv622_8147.txt pos pos:0.9999270567831858 neg:7.294321681411898E-5 
cv362_15341.txt pos pos:0.994898532108927 neg:0.005101467891073099 
cv816_13655.txt pos neg:0.9998935941224428 pos:1.0640587755721228E-4 
cv233_17614.txt neg pos:0.7009720260471264 neg:0.2990279739528737 
cv563_18610.txt neg neg:0.7538602586077162 pos:0.24613974139228367 
cv629_14909.txt pos pos:0.9728453018177652 neg:0.027154698182234722 
cv020_9234.txt neg neg:0.840209414902728 pos:0.15979058509727195 
cv724_15265.txt neg neg:0.9991941127572247 pos:8.058872427753241E-4 
cv286_26156.txt neg neg:0.9990759214007442 pos:9.240785992557566E-4 
cv357_14710.txt neg neg:0.9866878884376962 pos:0.0133121115623038 
cv595_26420.txt neg neg:0.9999263021257172 pos:7.369787428287374E-5 
cv594_11039.txt pos pos:0.999999335164414 neg:6.648355859428333E-7 
cv572_18657.txt pos pos:0.7784386464479806 neg:0.22156135355201945 
cv828_19831.txt pos neg:0.9949054351227765 pos:0.005094564877223482 
cv736_24947.txt neg neg:0.9997885805179741 pos:2.1141948202585374E-4 
cv447_27332.txt pos pos:0.9999945943033233 neg:5.405696676776709E-6 
cv397_28890.txt neg neg:0.9963419875353832 pos:0.0036580124646168064 
cv877_29132.txt neg pos:0.6960552162030853 neg:0.30394478379691475 
cv688_7884.txt neg pos:0.9999326392980686 neg:6.73607019313234E-5 
cv155_7308.txt pos pos:0.9940992832907918 neg:0.005900716709208214 
cv306_10364.txt pos pos:0.9982665516589928 neg:0.0017334483410071807 
cv597_26360.txt pos neg:0.7519394718163824 pos:0.24806052818361748 
cv456_20370.txt neg neg:0.9699320133635181 pos:0.03006798663648189 
cv821_29283.txt neg neg:0.6804884286077569 pos:0.31951157139224307 
cv745_12773.txt pos neg:0.7438330156072387 pos:0.25616698439276125 
cv882_10026.txt pos neg:0.576388443021437 pos:0.423611556978563 
cv476_16856.txt pos pos:0.9954532114736458 neg:0.004546788526354115 
cv290_11981.txt neg neg:0.8226221898597937 pos:0.17737781014020615 
cv564_12011.txt neg neg:0.8946810229083808 pos:0.10531897709161919 
cv043_15013.txt pos pos:0.9999869130486503 neg:1.3086951349630845E-5 
cv285_18186.txt neg neg:0.9862814773518637 pos:0.013718522648136403 
cv971_10874.txt pos pos:0.5937073864458525 neg:0.4062926135541475 
cv182_7791.txt neg neg:0.8557469725436592 pos:0.14425302745634086 
cv450_7890.txt pos pos:0.9994529093568231 neg:5.47090643176827E-4 
cv860_13853.txt pos pos:0.9998934161853826 neg:1.0658381461732213E-4 
cv779_17881.txt pos pos:0.9270640959907491 neg:0.07293590400925093 
cv097_24970.txt pos neg:0.6693878554248689 pos:0.3306121445751311 
cv665_29386.txt neg neg:0.9999006281408742 pos:9.937185912571914E-5 
cv468_15228.txt pos pos:0.9992678324105541 neg:7.321675894458966E-4 
cv920_29423.txt neg pos:0.6639808547157108 neg:0.3360191452842891 
cv096_12262.txt neg neg:0.9866289656236694 pos:0.013371034376330554 
cv550_23226.txt neg neg:0.9680411402417245 pos:0.03195885975827553 
cv391_10802.txt pos pos:0.9999919353442578 neg:8.06465574211745E-6 
cv503_11196.txt neg neg:0.5210313005654488 pos:0.4789686994345513 
cv103_11021.txt pos neg:0.8642831219454615 pos:0.1357168780545385 
cv590_19290.txt pos pos:0.9709441392381298 neg:0.02905586076187014 
cv457_18453.txt pos pos:0.9999742556354307 neg:2.5744364569328688E-5 
cv724_13681.txt pos pos:0.9999112547817545 neg:8.874521824550857E-5 
cv344_5376.txt neg neg:0.9353681838466337 pos:0.06463181615336643 
cv416_11136.txt pos pos:0.9975218856131248 neg:0.0024781143868751617 
cv856_29013.txt pos neg:0.9054362304568642 pos:0.09456376954313583 
cv438_8043.txt pos pos:0.999959968105586 neg:4.003189441404607E-5 
cv607_7717.txt pos neg:0.6370707384013857 pos:0.3629292615986142 
cv184_2673.txt pos neg:0.9816509249413743 pos:0.018349075058625805 
cv862_15924.txt neg neg:0.9853205284508644 pos:0.014679471549135516 
cv134_23300.txt neg neg:0.9998301537307549 pos:1.6984626924502737E-4 
cv742_7751.txt pos pos:0.8360292652511396 neg:0.16397073474886042 
cv066_11668.txt neg neg:0.9993939586690449 pos:6.060413309551858E-4 
cv133_16336.txt pos pos:0.9880134308136117 neg:0.011986569186388357 
cv635_10022.txt pos pos:0.9872530182751741 neg:0.012746981724826013 
cv330_29675.txt neg pos:0.9917157017977993 neg:0.008284298202200734 
cv751_17208.txt neg neg:0.9452016506778929 pos:0.05479834932210706 
cv894_22140.txt neg neg:0.9999998621156082 pos:1.3788439174736081E-7 
cv391_11615.txt neg neg:0.995285553521116 pos:0.004714446478883973 
cv104_19176.txt neg pos:0.9908723494923711 neg:0.009127650507628801 
cv044_18429.txt neg neg:0.999582942141176 pos:4.170578588239053E-4 
cv313_19337.txt neg neg:0.995748788606439 pos:0.004251211393561095 
cv018_20137.txt pos pos:0.911891923694439 neg:0.08810807630556093 
cv359_6751.txt neg pos:0.9999818835184092 neg:1.8116481590813595E-5 
cv261_11855.txt neg neg:0.9998513807074334 pos:1.48619292566687E-4 
cv198_19313.txt neg neg:0.7913108848617362 pos:0.20868911513826385 
cv709_10529.txt pos pos:0.9999437428444242 neg:5.6257155575662996E-5 
cv545_12014.txt pos pos:0.9999998624724957 neg:1.37527504229213E-7 
cv089_11418.txt pos pos:0.9906482014716546 neg:0.00935179852834537 
cv540_3092.txt neg neg:0.9999793562211972 pos:2.0643778802804865E-5 
cv094_27868.txt neg pos:0.9994065503529929 neg:5.934496470071564E-4 
cv837_27232.txt neg neg:0.7663292576174776 pos:0.23367074238252253 
cv342_19456.txt pos pos:0.9340375003185226 neg:0.06596249968147744 
cv300_23302.txt neg neg:0.9460323801582537 pos:0.053967619841746355 
cv493_14135.txt neg neg:0.9328224917742388 pos:0.06717750822576124 
cv127_16451.txt neg neg:0.5307175797956243 pos:0.4692824202043757 
cv301_13010.txt neg pos:0.9367808861182828 neg:0.06321911388171715 
cv674_10732.txt pos pos:0.9999445918197034 neg:5.540818029657847E-5 
cv250_26462.txt neg pos:0.9933620293367574 neg:0.006637970663242642 
cv356_25163.txt pos neg:0.9686990628564989 pos:0.03130093714350111 
cv019_16117.txt neg neg:0.9998130525415903 pos:1.869474584096827E-4 
cv625_13518.txt neg neg:0.5813754796052263 pos:0.4186245203947737 
cv845_15886.txt neg pos:0.9960336312520623 neg:0.003966368747937555 
cv464_15650.txt pos neg:0.9936214405516189 pos:0.006378559448381028 
cv044_16969.txt pos neg:0.9991945783834051 pos:8.05421616594801E-4 
cv514_11187.txt pos pos:0.9201685909379956 neg:0.07983140906200435 
cv951_11816.txt neg neg:0.5054020513137256 pos:0.49459794868627444 
cv444_9974.txt pos pos:0.9997113043989516 neg:2.886956010483784E-4 
cv915_9342.txt neg neg:0.9999891241202195 pos:1.0875879780604483E-5 
cv048_16828.txt pos pos:0.8929408246713625 neg:0.1070591753286374 
cv573_29525.txt pos pos:0.9970282158106546 neg:0.0029717841893452794 
cv077_23172.txt neg neg:0.905706101653046 pos:0.09429389834695412 
cv928_9478.txt neg neg:0.7150146091965488 pos:0.28498539080345114 
cv033_25680.txt neg pos:0.8795739261162611 neg:0.12042607388373892 
cv723_8648.txt pos neg:0.7144533423106267 pos:0.2855466576893732 
cv283_11055.txt pos neg:0.6306225654604183 pos:0.3693774345395818 
cv335_14665.txt pos pos:0.977066507025248 neg:0.022933492974752095 
cv299_16214.txt pos pos:0.9981315009145829 neg:0.0018684990854170155 
cv931_18783.txt neg pos:0.9839182300356413 neg:0.016081769964358818 
cv434_5641.txt neg neg:0.9927739163856008 pos:0.007226083614399307 
cv401_13758.txt neg neg:0.9949587342536591 pos:0.0050412657463407935 
cv869_23611.txt pos pos:0.9992319571074976 neg:7.680428925023322E-4 
cv997_5152.txt neg neg:0.9990034803326988 pos:9.965196673011273E-4 
cv149_17084.txt neg neg:0.9999653391577719 pos:3.466084222811511E-5 
cv800_13494.txt neg pos:0.904168394131337 neg:0.09583160586866293 
cv448_16409.txt neg pos:0.9961658946435281 neg:0.0038341053564718173 
cv621_14368.txt pos pos:0.6148790043663979 neg:0.385120995633602 
cv958_13020.txt neg neg:0.73920157396646 pos:0.26079842603354003 
cv990_12443.txt neg neg:0.9998766294705626 pos:1.2337052943737096E-4 
cv026_29325.txt pos pos:0.942487135061541 neg:0.05751286493845902 
cv180_17823.txt neg neg:0.9998294635204708 pos:1.7053647952918084E-4 
cv527_10338.txt neg pos:0.9821022842134471 neg:0.017897715786552963 
cv242_10638.txt pos neg:0.5053878167268316 pos:0.4946121832731683 
cv454_2053.txt pos neg:0.651772209732836 pos:0.34822779026716405 
cv209_29118.txt pos neg:0.9746139474044616 pos:0.025386052595538312 
cv994_13229.txt neg neg:0.9867288684649841 pos:0.01327113153501602 
cv804_11763.txt neg pos:0.9990049559731845 neg:9.950440268155834E-4 
cv824_9335.txt neg neg:0.8332229982964781 pos:0.16677700170352208 
cv871_24888.txt pos pos:0.6534232263072185 neg:0.34657677369278145 
cv141_17179.txt neg neg:0.9929238630891122 pos:0.00707613691088784 
cv118_28837.txt neg neg:0.9999070903058107 pos:9.29096941893037E-5 
cv780_8467.txt neg neg:0.9711246270523833 pos:0.02887537294761667 
cv933_23776.txt pos pos:0.9744622835299084 neg:0.025537716470091714 
cv050_11175.txt pos pos:0.8863481426134756 neg:0.1136518573865244 
cv120_3793.txt neg neg:0.976307935321255 pos:0.023692064678744892 
cv061_8837.txt pos pos:0.9934022642376039 neg:0.0065977357623960555 
cv248_13987.txt pos neg:0.8618522675402436 pos:0.13814773245975648 
cv258_5792.txt pos pos:0.9862197938830993 neg:0.013780206116900763 
cv819_9364.txt pos pos:0.9999999992424067 neg:7.575932136624366E-10 
cv225_29083.txt neg neg:0.9998357639057274 pos:1.6423609427257554E-4 
cv287_15900.txt pos neg:0.8414606971041049 pos:0.1585393028958951 
cv250_25616.txt pos pos:0.9905575967281929 neg:0.009442403271807146 
cv191_29539.txt neg neg:0.9986847207857954 pos:0.0013152792142045264 
cv993_29737.txt pos pos:0.6644906252629074 neg:0.3355093747370926 
cv400_19220.txt pos pos:0.9552664603613324 neg:0.04473353963866761 
cv303_27520.txt pos pos:0.9998866974485212 neg:1.1330255147867511E-4 
cv795_10122.txt pos pos:0.9999801351403711 neg:1.986485962882381E-5 
cv848_10036.txt pos pos:0.9964679379322827 neg:0.0035320620677173147 
cv533_9821.txt pos pos:0.9481637464179637 neg:0.05183625358203624 
cv578_16825.txt neg pos:0.950044597256263 neg:0.04995540274373696 
cv410_24266.txt pos pos:0.9876091397783593 neg:0.012390860221640602 
cv060_11754.txt neg pos:0.9935191497750169 neg:0.006480850224983182 
cv604_2230.txt pos pos:0.9893824232910883 neg:0.010617576708911723 
cv086_18371.txt pos pos:0.9980624418813143 neg:0.0019375581186857518 
cv987_7394.txt neg neg:0.9925411305259212 pos:0.007458869474078704 
cv255_15267.txt neg neg:0.9468670678233414 pos:0.053132932176658605 
cv557_11449.txt pos pos:0.993656730704001 neg:0.0063432692959990095 
cv294_11684.txt pos pos:0.9999999216573162 neg:7.834268386219631E-8 
cv147_21193.txt pos pos:0.9999997288027693 neg:2.7119723064657916E-7 
cv711_12687.txt neg neg:0.9999179280543743 pos:8.207194562562817E-5 
cv429_7937.txt neg neg:0.9856139389958803 pos:0.014386061004119701 
cv407_22637.txt pos pos:0.9999110825267918 neg:8.891747320827086E-5 
cv196_29027.txt pos pos:0.9992756226732669 neg:7.243773267330162E-4 
cv491_12145.txt pos pos:0.6464762459633805 neg:0.3535237540366196 
cv411_16799.txt neg neg:0.9496956616362566 pos:0.050304338363743435 
cv633_29730.txt neg pos:0.9210554466331521 neg:0.07894455336684797 
cv943_22488.txt pos pos:0.9882538936625842 neg:0.011746106337415744 
cv813_6534.txt pos pos:0.9774424265087625 neg:0.022557573491237545 
Trial 0 Trainer MaxEntTrainer,gaussianPriorVariance=1.0 Training Data Confusion Matrix
Confusion Matrix, row=true, column=predicted  accuracy=1.0
  label   0   1  |total
  0 neg 900   .  |900
  1 pos   . 900  |900

Trial 0 Trainer MaxEntTrainer,gaussianPriorVariance=1.0 training data accuracy= 1.0
Trial 0 Trainer MaxEntTrainer,gaussianPriorVariance=1.0 Test Data Confusion Matrix
Confusion Matrix, row=true, column=predicted  accuracy=0.77
  label   0   1  |total
  0 neg  76  24  |100
  1 pos  22  78  |100

Trial 0 Trainer MaxEntTrainer,gaussianPriorVariance=1.0 test data accuracy= 0.77

MaxEntTrainer,gaussianPriorVariance=1.0
Summary. train accuracy mean = 1.0 stddev = 0.0 stderr = 0.0
Summary. test accuracy mean = 0.77 stddev = 0.0 stderr = 0.0
