
-------------------- Trial 0  --------------------

Trial 0 Training MaxEntTrainer,gaussianPriorVariance=1.0 with 1800 instances
Trial 0 Training MaxEntTrainer,gaussianPriorVariance=1.0 finished
Trial 0 Trainer MaxEntTrainer,gaussianPriorVariance=1.0
 Raw Testing Data
cv345_9954.txt pos pos:0.9999999978274698 neg:2.1725301713843214E-9 
cv347_13194.txt pos pos:0.9999873646605022 neg:1.2635339497833038E-5 
cv515_17069.txt pos pos:0.9990824423735024 neg:9.175576264976293E-4 
cv762_15604.txt neg neg:0.9999917266390597 pos:8.273360940379691E-6 
cv682_17947.txt neg neg:0.9345864186179246 pos:0.0654135813820754 
cv818_10698.txt neg pos:0.9813467017603003 neg:0.018653298239699717 
cv853_29233.txt pos neg:0.5973350624108641 pos:0.402664937589136 
cv424_9268.txt neg neg:0.9784961546745479 pos:0.021503845325452166 
cv741_11890.txt pos pos:0.9984363105472022 neg:0.0015636894527978613 
cv867_18362.txt neg neg:0.9999820455303805 pos:1.7954469619586272E-5 
cv170_3006.txt pos pos:0.993346307608425 neg:0.006653692391575051 
cv981_16679.txt neg neg:0.8561174019638542 pos:0.1438825980361457 
cv296_13146.txt neg neg:0.9900701061743978 pos:0.009929893825602202 
cv958_12162.txt pos pos:0.8476408051607919 neg:0.15235919483920807 
cv097_26081.txt neg pos:0.8365317048673919 neg:0.16346829513260808 
cv729_10154.txt pos pos:0.9999992101153292 neg:7.898846707264865E-7 
cv084_15183.txt neg neg:0.9999594118167205 pos:4.058818327936644E-5 
cv214_12294.txt pos neg:0.9977852124711778 pos:0.002214787528822295 
cv063_28997.txt pos pos:0.5242271933703231 neg:0.47577280662967697 
cv020_8825.txt pos pos:0.9998780727133458 neg:1.2192728665430386E-4 
cv215_22240.txt pos pos:0.9997760478417839 neg:2.2395215821625854E-4 
cv073_21785.txt pos pos:0.930104206744053 neg:0.06989579325594697 
cv689_12587.txt pos neg:0.9880668290476773 pos:0.011933170952322615 
cv908_17779.txt neg neg:0.9668104480456503 pos:0.033189551954349646 
cv339_21119.txt pos neg:0.8820909806850339 pos:0.11790901931496614 
cv682_16139.txt pos pos:0.9984033160651029 neg:0.0015966839348972525 
cv099_11189.txt neg pos:0.5780960441222822 neg:0.42190395587771784 
cv075_6500.txt pos pos:0.9933523588125717 neg:0.006647641187428328 
cv344_5312.txt pos neg:0.89989745119116 pos:0.1001025488088399 
cv129_16741.txt pos pos:0.9911609493950425 neg:0.008839050604957452 
cv816_15257.txt neg pos:0.6111087880389217 neg:0.38889121196107834 
cv237_19221.txt pos pos:0.9998389503783883 neg:1.6104962161166792E-4 
cv399_28593.txt neg neg:0.9884911636950378 pos:0.011508836304962187 
cv519_14661.txt pos pos:0.9999999911265439 neg:8.873456072987098E-9 
cv033_24444.txt pos pos:0.9684336430911656 neg:0.0315663569088343 
cv743_15449.txt pos pos:0.9904166374236358 neg:0.00958336257636416 
cv819_9567.txt neg neg:0.9991130116953839 pos:8.869883046159691E-4 
cv566_8967.txt neg neg:0.9999982630816995 pos:1.7369183004748157E-6 
cv562_10847.txt neg neg:0.9685569307472438 pos:0.03144306925275617 
cv522_5418.txt neg neg:0.9763328081895389 pos:0.023667191810460998 
cv646_15065.txt pos pos:0.633525203558317 neg:0.36647479644168307 
cv846_29497.txt pos pos:0.9995576415990289 neg:4.423584009709852E-4 
cv101_10537.txt neg neg:0.8312704086201437 pos:0.16872959137985633 
cv558_29376.txt neg neg:0.6131929481647082 pos:0.38680705183529174 
cv566_8581.txt pos pos:0.99981397203251 neg:1.8602796749001975E-4 
cv861_12809.txt neg neg:0.9535747182263055 pos:0.04642528177369448 
cv902_12256.txt pos pos:0.9999964569483795 neg:3.5430516204935244E-6 
cv271_15364.txt neg pos:0.7090195841481604 neg:0.29098041585183954 
cv531_26486.txt pos neg:0.686212268437462 pos:0.31378773156253803 
cv122_7392.txt pos pos:0.9999999990648956 neg:9.351043540746978E-10 
cv700_23163.txt neg pos:0.9535571541351658 neg:0.04644284586483412 
cv851_20469.txt pos pos:0.9657886855199289 neg:0.03421131448007115 
cv269_23018.txt neg neg:0.9999999989399393 pos:1.0600607601457867E-9 
cv013_10494.txt neg neg:0.7285193964352881 pos:0.2714806035647119 
cv766_7540.txt pos pos:0.9999993005084861 neg:6.994915138972068E-7 
cv185_28654.txt pos pos:0.9979023807003353 neg:0.002097619299664752 
cv166_11052.txt pos pos:0.9996320898409791 neg:3.6791015902093134E-4 
cv545_12848.txt neg neg:0.89511226954248 pos:0.10488773045752 
cv968_25413.txt neg neg:0.9993722845356583 pos:6.277154643417286E-4 
cv178_12972.txt pos pos:0.9965754862640829 neg:0.003424513735917202 
cv891_6035.txt neg pos:0.6539610343757017 neg:0.3460389656242983 
cv161_11425.txt pos pos:0.7681813084138 neg:0.23181869158620008 
cv385_29621.txt neg neg:0.8520279338509607 pos:0.1479720661490392 
cv736_23670.txt pos neg:0.8996960522150397 pos:0.10030394778496037 
cv910_21930.txt neg neg:0.9999843956739571 pos:1.5604326042756905E-5 
cv705_11059.txt pos pos:0.9999960414414962 neg:3.958558503829178E-6 
cv229_13611.txt pos neg:0.8477401510175073 pos:0.15225984898249273 
cv375_9932.txt neg neg:0.9967832177899487 pos:0.0032167822100514277 
cv992_11962.txt pos pos:0.9999999551397889 neg:4.486021099218919E-8 
cv061_9321.txt neg pos:0.9431553678740474 neg:0.056844632125952595 
cv459_21834.txt neg neg:0.9999998740870509 pos:1.2591294913911875E-7 
cv199_9721.txt neg neg:0.6641845442503439 pos:0.33581545574965604 
cv553_26965.txt neg neg:0.999759375592537 pos:2.4062440746301251E-4 
cv483_16378.txt pos pos:0.9968740991487083 neg:0.0031259008512918318 
cv378_21982.txt neg neg:0.9862016432905993 pos:0.013798356709400631 
cv768_11751.txt pos pos:0.9992223752678896 neg:7.776247321104568E-4 
cv223_28923.txt neg neg:0.9999899832414596 pos:1.0016758540355642E-5 
cv532_6522.txt pos pos:0.9997946070899715 neg:2.0539291002857283E-4 
cv325_18330.txt neg neg:0.9943395272281027 pos:0.005660472771897284 
cv975_11920.txt neg pos:0.9995749196173866 neg:4.25080382613287E-4 
cv788_25272.txt pos neg:0.6596623183292734 pos:0.34033768167072664 
cv961_5578.txt neg pos:0.6940917638012793 neg:0.30590823619872065 
cv689_13701.txt neg neg:0.923589982816371 pos:0.07641001718362911 
cv618_9469.txt neg neg:0.9999374179755198 pos:6.258202448025306E-5 
cv964_6021.txt pos pos:0.8871590712591867 neg:0.11284092874081335 
cv193_5416.txt pos pos:0.7623651832936121 neg:0.2376348167063878 
cv159_29505.txt pos neg:0.9995578737969342 pos:4.4212620306574135E-4 
cv644_18551.txt neg neg:0.9968582652299776 pos:0.0031417347700224427 
cv150_12916.txt pos pos:0.9439789374161015 neg:0.05602106258389843 
cv312_29308.txt neg neg:0.5808607109590086 pos:0.4191392890409915 
cv186_2269.txt pos pos:0.9999913161459565 neg:8.683854043453811E-6 
cv779_18989.txt neg neg:0.8335483282120899 pos:0.16645167178791 
cv924_29397.txt neg pos:0.7078833079494137 neg:0.29211669205058627 
cv526_12868.txt neg neg:0.9998978480271644 pos:1.0215197283560697E-4 
cv005_29357.txt neg neg:0.9756578509508333 pos:0.02434214904916672 
cv808_12635.txt pos pos:0.698426858723166 neg:0.3015731412768341 
cv130_18521.txt neg pos:0.7742638420444624 neg:0.22573615795553756 
cv111_12253.txt neg neg:0.7835002467721894 pos:0.21649975322781062 
cv089_12222.txt neg neg:0.6662976235773284 pos:0.3337023764226716 
cv722_7110.txt pos neg:0.8403189792915678 pos:0.1596810207084321 
cv430_18662.txt neg neg:0.9835405891911138 pos:0.016459410808886257 
cv678_14887.txt neg neg:0.9236148399295725 pos:0.07638516007042744 
cv052_29318.txt neg neg:0.9995530172625375 pos:4.469827374624808E-4 
cv903_17822.txt pos pos:0.9999539463949241 neg:4.605360507589988E-5 
cv388_12009.txt pos pos:0.7653416456760311 neg:0.2346583543239688 
cv878_15694.txt pos pos:0.9999993018304891 neg:6.981695108433197E-7 
cv040_8829.txt neg pos:0.9666690073388097 neg:0.03333099266119031 
cv227_24215.txt pos pos:0.9521377219669246 neg:0.047862278033075425 
cv466_20092.txt neg pos:0.5946992359922728 neg:0.4053007640077272 
cv008_29435.txt pos pos:0.957725145165284 neg:0.04227485483471599 
cv144_5010.txt neg neg:0.9828696512665211 pos:0.017130348733478875 
cv956_11609.txt pos pos:0.5688253167867767 neg:0.43117468321322333 
cv102_8306.txt neg pos:0.7460680607224605 neg:0.25393193927753943 
cv264_12801.txt pos pos:0.9967021836234184 neg:0.0032978163765816806 
cv038_9781.txt neg neg:0.999638201978717 pos:3.617980212829752E-4 
cv092_27987.txt neg neg:0.9492889652437015 pos:0.050711034756298325 
cv806_8842.txt pos pos:0.9660137118523285 neg:0.03398628814767154 
cv302_26481.txt neg neg:0.9999240701673663 pos:7.59298326337913E-5 
cv830_6014.txt pos pos:0.9939560261704657 neg:0.006043973829534346 
cv422_9381.txt pos pos:0.9615656417984019 neg:0.03843435820159824 
cv628_19325.txt pos neg:0.6280014742168253 pos:0.37199852578317477 
cv699_7773.txt neg neg:0.9999999470697883 pos:5.2930211702286256E-8 
cv565_29572.txt pos pos:0.9284744730643364 neg:0.07152552693566352 
cv049_20471.txt pos neg:0.8820788608368112 pos:0.11792113916318887 
cv075_6250.txt neg neg:0.9817599518456086 pos:0.018240048154391404 
cv511_10360.txt neg neg:0.9999824594710011 pos:1.7540528998870355E-5 
cv152_9052.txt neg pos:0.5003176689232248 neg:0.4996823310767752 
cv059_28885.txt pos pos:0.9895179147884331 neg:0.010482085211566856 
cv277_20467.txt neg neg:0.9988939207750844 pos:0.0011060792249155183 
cv492_18271.txt pos pos:0.9977721665965821 neg:0.00222783340341795 
cv205_9457.txt pos pos:0.9948727306642215 neg:0.005127269335778502 
cv170_29808.txt neg pos:0.9787404296839304 neg:0.021259570316069676 
cv764_12701.txt neg neg:0.9386299295332856 pos:0.06137007046671448 
cv652_15653.txt neg pos:0.9998024584300307 neg:1.9754156996935727E-4 
cv796_15782.txt pos pos:0.999999974350547 neg:2.5649453060007317E-8 
cv488_21453.txt neg pos:0.9991018016416643 neg:8.981983583358654E-4 
cv940_18935.txt neg neg:0.9488166956612865 pos:0.05118330433871362 
cv663_13019.txt pos pos:0.9997869560027318 neg:2.1304399726810577E-4 
cv236_12427.txt neg neg:0.9518129592855953 pos:0.04818704071440475 
cv811_21386.txt pos neg:0.9740187580162726 pos:0.02598124198372736 
cv378_20629.txt pos pos:0.8861962231016143 neg:0.11380377689838561 
cv911_21695.txt neg neg:0.9999999718103535 pos:2.818964645507088E-8 
cv078_16506.txt neg neg:0.986547002989804 pos:0.013452997010196012 
cv088_25274.txt neg neg:0.8292358144380484 pos:0.17076418556195164 
cv775_16237.txt pos pos:0.5769740731689242 neg:0.42302592683107576 
cv886_18177.txt pos pos:0.8790093480394691 neg:0.12099065196053087 
cv648_17277.txt neg pos:0.6858308997309784 neg:0.31416910026902156 
cv173_4295.txt neg neg:0.9999999746783437 pos:2.5321656396226465E-8 
cv076_26009.txt neg pos:0.9871639058051248 neg:0.012836094194875235 
cv536_27221.txt neg neg:0.5389105700224754 pos:0.4610894299775246 
cv385_29741.txt pos neg:0.9322552336531288 pos:0.06774476634687124 
cv648_15792.txt pos neg:0.9979074339906333 pos:0.0020925660093666404 
cv331_8273.txt pos pos:0.9992487899045408 neg:7.51210095459174E-4 
cv231_11028.txt neg neg:0.9999997160530083 pos:2.839469916353736E-7 
cv467_26610.txt neg neg:0.6312247741857541 pos:0.36877522581424604 
cv073_23039.txt neg neg:0.9989946189500968 pos:0.001005381049903083 
cv698_15253.txt pos pos:0.999747006193352 neg:2.529938066480089E-4 
cv411_15007.txt pos pos:0.9999994861456063 neg:5.138543936971958E-7 
cv376_19435.txt pos neg:0.957029400827878 pos:0.042970599172122106 
cv851_21895.txt neg pos:0.7760727335444009 neg:0.22392726645559907 
cv421_9709.txt pos pos:0.724036558075749 neg:0.27596344192425104 
cv574_22156.txt pos neg:0.6920922585379842 pos:0.30790774146201594 
cv679_28221.txt neg neg:0.9228575421912776 pos:0.07714245780872248 
cv760_8597.txt pos neg:0.9772205171875928 pos:0.022779482812407135 
cv293_29856.txt pos neg:0.8529517435263951 pos:0.14704825647360484 
cv512_15965.txt pos pos:0.9999510133195352 neg:4.8986680464796247E-5 
cv333_8916.txt pos pos:0.998578036512873 neg:0.0014219634871270813 
cv721_28993.txt neg neg:0.9999952639369641 pos:4.736063035755455E-6 
cv316_5972.txt neg pos:0.9998903842067323 neg:1.096157932675954E-4 
cv503_10558.txt pos pos:0.9910705689037496 neg:0.008929431096250351 
cv140_7963.txt neg neg:0.9957103051952244 pos:0.004289694804775552 
cv067_19774.txt pos neg:0.6222667809877985 pos:0.37773321901220147 
cv481_7436.txt pos pos:0.9940292059798077 neg:0.005970794020192348 
cv970_18450.txt pos pos:0.7843352718833596 neg:0.21566472811664053 
cv181_16083.txt neg neg:0.9764454998379694 pos:0.023554500162030693 
cv872_12591.txt pos neg:0.9246984565207672 pos:0.07530154347923271 
cv339_22452.txt neg neg:0.9949288196984026 pos:0.005071180301597361 
cv443_22367.txt neg neg:0.9690631082404466 pos:0.030936891759553383 
cv835_20531.txt neg pos:0.9200983242899049 neg:0.07990167571009513 
cv579_12542.txt neg neg:0.9999997717361949 pos:2.2826380515123746E-7 
cv774_15488.txt neg pos:0.9990724642555803 neg:9.275357444198371E-4 
cv549_22771.txt neg neg:0.9626514518228737 pos:0.03734854817712634 
cv873_18636.txt pos pos:0.827898525700603 neg:0.17210147429939698 
cv324_7082.txt pos pos:0.9617722427950643 neg:0.0382277572049357 
cv598_18184.txt neg neg:0.9911788143992906 pos:0.008821185600709347 
cv164_23451.txt neg neg:0.7917042248981684 pos:0.20829577510183162 
cv945_13012.txt neg neg:0.9999780114272211 pos:2.1988572778917798E-5 
cv954_19932.txt neg neg:0.9697826930726204 pos:0.0302173069273796 
cv708_28539.txt neg pos:0.6750716723892596 neg:0.3249283276107404 
cv468_16844.txt neg neg:0.9995733797332697 pos:4.2662026673034853E-4 
cv643_29282.txt neg neg:0.6846740218964973 pos:0.3153259781035027 
cv888_24435.txt pos pos:0.9961670512929132 neg:0.003832948707086944 
cv420_28795.txt pos neg:0.6522335450519298 pos:0.3477664549480702 
cv423_11155.txt pos pos:0.9999592594964859 neg:4.074050351410494E-5 
cv334_10001.txt pos neg:0.8585733488171631 pos:0.14142665118283695 
cv137_15422.txt pos pos:0.9614089130754861 neg:0.038591086924513816 
cv360_8398.txt pos pos:0.5598391559217767 neg:0.4401608440782233 
cv554_13151.txt pos pos:0.8308095355645169 neg:0.16919046443548313 
cv969_13250.txt pos pos:0.7744123043772936 neg:0.2255876956227064 
cv223_29066.txt pos neg:0.9993729190346483 pos:6.270809653516563E-4 
Trial 0 Trainer MaxEntTrainer,gaussianPriorVariance=1.0 Training Data Confusion Matrix
Confusion Matrix, row=true, column=predicted  accuracy=1.0
  label   0   1  |total
  0 neg 900   .  |900
  1 pos   . 900  |900

Trial 0 Trainer MaxEntTrainer,gaussianPriorVariance=1.0 training data accuracy= 1.0
Trial 0 Trainer MaxEntTrainer,gaussianPriorVariance=1.0 Test Data Confusion Matrix
Confusion Matrix, row=true, column=predicted  accuracy=0.745
  label   0   1  |total
  0 neg  74  26  |100
  1 pos  25  75  |100

Trial 0 Trainer MaxEntTrainer,gaussianPriorVariance=1.0 test data accuracy= 0.745

MaxEntTrainer,gaussianPriorVariance=1.0
Summary. train accuracy mean = 1.0 stddev = 0.0 stderr = 0.0
Summary. test accuracy mean = 0.745 stddev = 0.0 stderr = 0.0
