
-------------------- Trial 0  --------------------

Trial 0 Training MaxEntTrainer,gaussianPriorVariance=1.0 with 1800 instances
Trial 0 Training MaxEntTrainer,gaussianPriorVariance=1.0 finished
Trial 0 Trainer MaxEntTrainer,gaussianPriorVariance=1.0
 Raw Testing Data
cv918_27080.txt neg neg:0.993220011872334 pos:0.0067799881276659904 
cv373_20404.txt pos pos:0.9507490794580276 neg:0.049250920541972346 
cv461_21124.txt neg pos:0.9521393418237699 neg:0.04786065817623011 
cv106_16807.txt pos pos:0.999081531104444 neg:9.18468895556013E-4 
cv981_14989.txt pos pos:0.9911201565900881 neg:0.008879843409911903 
cv609_25038.txt neg pos:0.6758007243153947 neg:0.32419927568460527 
cv035_3954.txt pos pos:0.83497952587252 neg:0.16502047412748 
cv495_16121.txt neg neg:0.6478078335536286 pos:0.3521921664463715 
cv868_11948.txt pos pos:0.9999967010539093 neg:3.298946090626753E-6 
cv768_12709.txt neg neg:0.999790061050968 pos:2.0993894903198148E-4 
cv539_21865.txt neg neg:0.9992758259341936 pos:7.241740658063239E-4 
cv582_6678.txt neg neg:0.9952730797495147 pos:0.004726920250485366 
cv967_5788.txt pos neg:0.5551313192488144 pos:0.4448686807511855 
cv706_25883.txt neg neg:0.9999983709438274 pos:1.6290561727046379E-6 
cv264_14108.txt neg neg:0.9903247647437784 pos:0.00967523525622174 
cv251_23901.txt neg neg:0.9999954224370988 pos:4.5775629012294155E-6 
cv395_10849.txt pos pos:0.9995507853811575 neg:4.4921461884254033E-4 
cv872_13710.txt neg neg:0.9996478545715515 pos:3.521454284485734E-4 
cv977_4938.txt pos pos:0.892504731263578 neg:0.10749526873642204 
cv944_15042.txt neg neg:0.9998256969083715 pos:1.7430309162836478E-4 
cv212_10027.txt pos pos:0.8955550247890292 neg:0.10444497521097078 
cv307_25270.txt pos neg:0.9934835940157085 pos:0.006516405984291473 
cv359_6647.txt pos pos:0.7439974216071615 neg:0.2560025783928385 
cv786_23608.txt neg neg:0.6021653506283549 pos:0.3978346493716452 
cv974_22941.txt pos pos:0.9939713241051388 neg:0.0060286758948613 
cv054_4230.txt pos pos:0.7158116871805604 neg:0.28418831281943957 
cv984_14006.txt neg neg:0.9903961968497661 pos:0.009603803150233898 
cv169_23778.txt pos pos:0.9999937642890372 neg:6.235710962811869E-6 
cv763_14729.txt pos pos:0.9807348293351681 neg:0.01926517066483199 
cv002_15918.txt pos neg:0.9962558757487829 pos:0.003744124251217078 
cv892_17576.txt pos pos:0.9951177753434537 neg:0.004882224656546363 
cv871_25971.txt neg neg:0.9999992310544163 pos:7.689455837125248E-7 
cv006_17022.txt neg pos:0.8651631995167253 neg:0.13483680048327462 
cv542_18980.txt pos pos:0.9394600105503376 neg:0.060539989449662435 
cv532_6495.txt neg neg:0.8015356694916095 pos:0.19846433050839057 
cv953_7078.txt neg neg:0.9991275160549521 pos:8.724839450477917E-4 
cv351_17029.txt neg neg:0.9987484079826415 pos:0.0012515920173584607 
cv840_18033.txt neg neg:0.694801241584467 pos:0.3051987584155331 
cv758_9671.txt pos pos:0.6906052641780646 neg:0.3093947358219355 
cv777_10247.txt neg neg:0.9991713945968073 pos:8.286054031928328E-4 
cv228_5644.txt neg pos:0.7811405644347525 neg:0.21885943556524748 
cv187_14112.txt neg neg:0.9936359278932091 pos:0.006364072106791032 
cv007_4968.txt pos pos:0.6810642212904199 neg:0.31893577870958006 
cv807_21740.txt pos neg:0.9988854860402072 pos:0.0011145139597927359 
cv000_29590.txt pos pos:0.9500155024057816 neg:0.04998449759421833 
cv087_2145.txt neg neg:0.9998928069000791 pos:1.0719309992078774E-4 
cv613_21796.txt pos pos:0.9919970909079265 neg:0.00800290909207341 
cv092_28017.txt pos pos:0.9975131093590194 neg:0.0024868906409806174 
cv098_15435.txt pos neg:0.9179657449804135 pos:0.08203425501958643 
cv157_29372.txt pos pos:0.7084913067397534 neg:0.29150869326024675 
cv107_24319.txt pos neg:0.9936014678143862 pos:0.006398532185613748 
cv565_29403.txt neg neg:0.9991672394529798 pos:8.327605470201312E-4 
cv809_5009.txt pos pos:0.9987774507013758 neg:0.0012225492986241134 
cv418_14774.txt pos pos:0.9411685545823854 neg:0.058831445417614654 
cv832_23275.txt pos pos:0.9299604870249486 neg:0.07003951297505145 
cv577_28549.txt pos pos:0.9955515548066343 neg:0.004448445193365662 
cv458_9000.txt neg neg:0.9987830479870895 pos:0.001216952012910451 
cv846_29359.txt neg neg:0.9961707238474539 pos:0.0038292761525460226 
cv695_21108.txt pos pos:0.9999919033485302 neg:8.09665146984686E-6 
cv155_7845.txt neg pos:0.9691187170937897 neg:0.030881282906210193 
cv725_10103.txt pos neg:0.9088855936118381 pos:0.09111440638816191 
cv855_20661.txt pos neg:0.6273102089780331 pos:0.37268979102196687 
cv739_12179.txt neg neg:0.928100259170426 pos:0.07189974082957386 
cv058_8469.txt neg neg:0.9907504537476998 pos:0.009249546252300306 
cv880_29629.txt neg neg:0.9876709270672144 pos:0.012329072932785652 
cv165_22619.txt pos neg:0.9783656239090815 pos:0.02163437609091837 
cv366_10709.txt neg neg:0.9946358313529825 pos:0.005364168647017428 
cv056_14663.txt neg neg:0.9246929848833171 pos:0.07530701511668293 
cv884_13632.txt pos neg:0.5695537769677814 pos:0.4304462230322186 
cv841_3967.txt pos pos:0.8059733263357206 neg:0.19402667366427945 
cv414_10518.txt pos pos:0.9999803394057036 neg:1.9660594296426315E-5 
cv858_20266.txt neg neg:0.9999395292172333 pos:6.047078276686269E-5 
cv262_12649.txt pos pos:0.8547709809634428 neg:0.14522901903655705 
cv587_19162.txt pos pos:0.6465771807423073 neg:0.3534228192576927 
cv965_26688.txt neg neg:0.99695660038162 pos:0.0030433996183798885 
cv848_10061.txt neg neg:0.999847259897694 pos:1.527401023059611E-4 
cv777_10094.txt pos pos:0.9999850830794487 neg:1.4916920551338435E-5 
cv735_20218.txt neg neg:0.9270176227355712 pos:0.0729823772644288 
cv889_21430.txt pos pos:0.9999999765818738 neg:2.3418126121579736E-8 
cv763_16486.txt neg neg:0.9755425218663207 pos:0.02445747813367921 
cv288_20212.txt neg neg:0.8162210194070151 pos:0.18377898059298495 
cv197_29271.txt neg neg:0.6562009280250963 pos:0.3437990719749037 
cv486_9799.txt pos pos:0.9430460451537628 neg:0.056953954846237324 
cv368_11090.txt neg neg:0.9999999332203473 pos:6.677965263231613E-8 
cv944_13521.txt pos pos:0.9995288327810207 neg:4.711672189792976E-4 
cv131_10713.txt pos pos:0.9999810968716512 neg:1.8903128348781095E-5 
cv995_23113.txt neg neg:0.99999999996256 pos:3.744007530946944E-11 
cv036_18385.txt neg neg:0.9989983682384336 pos:0.0010016317615663178 
cv176_12857.txt pos pos:0.8100975669003874 neg:0.18990243309961274 
cv387_11507.txt pos neg:0.653568909833905 pos:0.346431090166095 
cv125_9391.txt pos neg:0.9795213720674378 pos:0.02047862793256219 
cv678_13419.txt pos pos:0.9882922653467022 neg:0.011707734653297698 
cv945_12160.txt pos pos:0.9735698651449595 neg:0.026430134855040595 
cv885_13390.txt neg neg:0.8186404921925781 pos:0.18135950780742183 
cv109_22599.txt neg neg:0.9998429897990876 pos:1.5701020091246442E-4 
cv550_22211.txt pos pos:0.6878115330372403 neg:0.3121884669627597 
cv464_17076.txt neg neg:0.9999869452112012 pos:1.3054788798768622E-5 
cv633_29837.txt pos neg:0.7072461123266635 pos:0.29275388767333654 
cv052_29378.txt pos pos:0.9847699384824808 neg:0.015230061517519274 
cv611_21120.txt pos pos:0.568778968242597 neg:0.43122103175740306 
cv123_12165.txt neg neg:0.9999612018468612 pos:3.879815313873579E-5 
cv859_15689.txt neg neg:0.5111024424900573 pos:0.48889755750994257 
cv229_15200.txt neg neg:0.7751187407667649 pos:0.22488125923323507 
cv526_12083.txt pos neg:0.94634264649551 pos:0.053657353504489975 
cv474_10209.txt pos pos:0.9768024662386791 neg:0.023197533761320898 
cv324_7502.txt neg pos:0.6159098087386621 neg:0.38409019126133787 
cv718_11434.txt pos pos:0.9511795507601725 neg:0.04882044923982758 
cv416_12048.txt neg neg:0.9994197642089859 pos:5.802357910141708E-4 
cv160_10362.txt pos pos:0.9986738230502124 neg:0.001326176949787744 
cv823_15569.txt pos pos:0.9815798794224583 neg:0.018420120577541638 
cv571_29292.txt neg pos:0.9995823379172271 neg:4.176620827730135E-4 
cv906_11491.txt pos neg:0.8469882860892962 pos:0.15301171391070373 
cv046_10613.txt neg neg:0.995978932339375 pos:0.004021067660625066 
cv561_9201.txt pos pos:0.9982261218529216 neg:0.0017738781470782654 
cv892_18788.txt neg neg:0.9944111942651959 pos:0.005588805734804076 
cv833_11961.txt neg neg:0.6034305569475252 pos:0.3965694430524747 
cv605_11800.txt pos pos:0.7582060481886427 neg:0.2417939518113574 
cv358_10691.txt pos pos:0.9965928434785003 neg:0.003407156521499821 
cv727_5006.txt neg pos:0.9437419284085 neg:0.05625807159150002 
cv476_18402.txt neg pos:0.6653695792695445 neg:0.3346304207304554 
cv850_18185.txt neg neg:0.9818991761295238 pos:0.018100823870476093 
cv555_25047.txt neg neg:0.9881791396421434 pos:0.011820860357856561 
cv011_13044.txt neg pos:0.8913401285341511 neg:0.10865987146584882 
cv926_18471.txt neg pos:0.9999999987306205 neg:1.2693794231355434E-9 
cv559_0050.txt pos pos:0.9895029299762049 neg:0.010497070023795076 
cv755_24881.txt neg neg:0.9994713269559038 pos:5.286730440962854E-4 
cv210_9557.txt neg neg:0.9948661538605585 pos:0.005133846139441482 
cv050_12128.txt neg neg:0.9996647660577378 pos:3.352339422622099E-4 
cv273_29112.txt pos pos:0.9999912794660294 neg:8.720533970593764E-6 
cv900_10800.txt neg neg:0.9782304925880424 pos:0.021769507411957673 
cv140_7479.txt pos pos:0.6392194920364872 neg:0.3607805079635128 
cv740_13643.txt neg neg:0.9895492866785638 pos:0.01045071332143626 
cv742_8279.txt neg pos:0.995884903756412 neg:0.004115096243587935 
cv246_28668.txt neg neg:0.9982472444976602 pos:0.0017527555023398283 
cv602_8830.txt neg neg:0.9929300274157888 pos:0.007069972584211158 
cv469_20630.txt pos pos:0.9995743783372486 neg:4.2562166275128153E-4 
cv487_10446.txt pos pos:0.9999990911612351 neg:9.0883876487046E-7 
cv281_23253.txt pos pos:0.9999100173034119 neg:8.99826965880257E-5 
cv318_11146.txt neg neg:0.9999999943319526 pos:5.668047303510955E-9 
cv054_4101.txt neg pos:0.5974703833496144 neg:0.4025296166503856 
cv451_11502.txt neg neg:0.9292284916816004 pos:0.07077150831839953 
cv064_25842.txt neg pos:0.9994497251580003 neg:5.502748419996056E-4 
cv461_19600.txt pos pos:0.9786290731258921 neg:0.021370926874107864 
cv807_23024.txt neg neg:1.0 pos:3.6840391948589914E-17 
cv940_17705.txt pos neg:0.9407003758913391 pos:0.059299624108660784 
cv784_16077.txt neg neg:0.9952846151351253 pos:0.004715384864874693 
cv696_29740.txt pos neg:0.9881280349553486 pos:0.011871965044651414 
cv473_7367.txt pos pos:0.999065958036612 neg:9.340419633879447E-4 
cv478_14309.txt pos pos:0.9999206300957106 neg:7.936990428949476E-5 
cv624_10744.txt pos pos:0.9977675865203323 neg:0.002232413479667805 
cv938_10220.txt pos pos:0.96156086390155 neg:0.03843913609845 
cv551_11214.txt neg neg:0.9851854687813343 pos:0.014814531218665727 
cv603_18885.txt neg neg:0.9982917956903441 pos:0.0017082043096560543 
cv414_11161.txt neg pos:0.9875794500080392 neg:0.012420549991960923 
cv683_12167.txt pos pos:0.9856723314111496 neg:0.014327668588850371 
cv302_25649.txt pos neg:0.9940608587189731 pos:0.005939141281027067 
cv585_22496.txt pos pos:0.9765517949642781 neg:0.023448205035722022 
cv645_15668.txt pos neg:0.9839190379528042 pos:0.016080962047195762 
cv772_12971.txt neg neg:0.9800217381019581 pos:0.01997826189804183 
cv130_17083.txt pos pos:0.7330878009530848 neg:0.2669121990469152 
cv258_5627.txt neg pos:0.6342346199024846 neg:0.36576538009751536 
cv547_16324.txt pos pos:0.9971531529975131 neg:0.0028468470024868523 
cv574_23191.txt neg pos:0.7957342176704361 neg:0.20426578232956386 
cv684_12727.txt neg neg:0.9879451778441165 pos:0.0120548221558835 
cv619_12462.txt pos pos:0.685862178366091 neg:0.3141378216339091 
cv847_20855.txt neg neg:0.9463430277995616 pos:0.05365697220043839 
cv436_19179.txt pos neg:0.999921433508353 pos:7.856649164696822E-5 
cv570_28960.txt neg pos:0.9973844325249343 neg:0.0026155674750658548 
cv820_22892.txt pos pos:0.9994952064991047 neg:5.047935008952509E-4 
cv296_12251.txt pos pos:0.8634172643509791 neg:0.13658273564902093 
cv703_16143.txt pos neg:0.8586614057825308 pos:0.14133859421746917 
cv865_2895.txt pos pos:0.9999661841500742 neg:3.3815849925846954E-5 
cv430_17351.txt pos neg:0.8748879593354341 pos:0.125112040664566 
cv015_29439.txt pos pos:0.9999996897425644 neg:3.102574355696646E-7 
cv287_17410.txt neg neg:0.959714198883124 pos:0.04028580111687596 
cv436_20564.txt neg pos:0.8363136313462379 neg:0.16368636865376202 
cv573_29384.txt neg neg:0.6043705486809262 pos:0.3956294513190738 
cv703_17948.txt neg neg:0.9613655676968246 pos:0.03863443230317537 
cv327_21743.txt neg neg:0.9861482162384894 pos:0.013851783761510578 
cv905_29114.txt pos pos:0.9944747485061292 neg:0.005525251493870899 
cv592_23391.txt neg neg:0.9994578158917595 pos:5.421841082405062E-4 
cv386_10229.txt neg pos:0.5608583011676223 neg:0.4391416988323777 
cv356_26170.txt neg neg:0.9999494453435599 pos:5.055465644003804E-5 
cv168_7435.txt neg neg:0.9962157075621055 pos:0.0037842924378945863 
cv329_29293.txt neg neg:0.977153306654755 pos:0.02284669334524497 
cv278_14533.txt neg pos:0.9958311305490186 neg:0.0041688694509815155 
cv771_28665.txt pos pos:0.9704600758729701 neg:0.029539924127029993 
cv230_7913.txt neg pos:0.9684414865453554 neg:0.03155851345464449 
cv171_13537.txt pos pos:0.9974178279088272 neg:0.0025821720911728915 
cv649_13947.txt neg neg:0.9999723386015953 pos:2.7661398404835755E-5 
cv307_26382.txt neg neg:0.9931260521975465 pos:0.0068739478024535585 
cv463_10343.txt pos pos:0.974852389976057 neg:0.02514761002394284 
cv441_15276.txt neg pos:0.6270758775912724 neg:0.37292412240872763 
cv401_12605.txt pos pos:0.999999999420828 neg:5.791720723756394E-10 
cv403_6621.txt pos pos:0.7580212702947854 neg:0.24197872970521458 
cv493_12839.txt pos neg:0.9381492801347063 pos:0.06185071986529361 
cv484_26169.txt neg neg:0.9763970480283677 pos:0.023602951971632313 
cv104_18134.txt pos neg:0.9998886741477718 pos:1.1132585222818297E-4 
cv692_15451.txt pos pos:0.999999997777623 neg:2.222376846726708E-9 
cv475_21692.txt pos pos:0.9999999959259585 neg:4.074041632090234E-9 
Trial 0 Trainer MaxEntTrainer,gaussianPriorVariance=1.0 Training Data Confusion Matrix
Confusion Matrix, row=true, column=predicted  accuracy=1.0
  label   0   1  |total
  0 pos 900   .  |900
  1 neg   . 900  |900

Trial 0 Trainer MaxEntTrainer,gaussianPriorVariance=1.0 training data accuracy= 1.0
Trial 0 Trainer MaxEntTrainer,gaussianPriorVariance=1.0 Test Data Confusion Matrix
Confusion Matrix, row=true, column=predicted  accuracy=0.765
  label   0   1  |total
  0 pos  76  24  |100
  1 neg  23  77  |100

Trial 0 Trainer MaxEntTrainer,gaussianPriorVariance=1.0 test data accuracy= 0.765

MaxEntTrainer,gaussianPriorVariance=1.0
Summary. train accuracy mean = 1.0 stddev = 0.0 stderr = 0.0
Summary. test accuracy mean = 0.765 stddev = 0.0 stderr = 0.0
