
-------------------- Trial 0  --------------------

Trial 0 Training MaxEntTrainer,gaussianPriorVariance=1.0 with 1800 instances
Trial 0 Training MaxEntTrainer,gaussianPriorVariance=1.0 finished
Trial 0 Trainer MaxEntTrainer,gaussianPriorVariance=1.0
 Raw Testing Data
cv195_14528.txt pos neg:0.5360564208262905 pos:0.46394357917370965 
cv750_10180.txt pos pos:0.9999334604142348 neg:6.653958576518357E-5 
cv687_22207.txt neg neg:0.983224810231617 pos:0.016775189768382968 
cv588_13008.txt pos neg:0.8474469439500483 pos:0.1525530560499517 
cv010_29063.txt neg pos:0.9753399117751943 neg:0.02466008822480566 
cv038_9749.txt pos neg:0.7039044357229789 pos:0.2960955642770211 
cv858_18819.txt pos pos:0.9981227335838335 neg:0.0018772664161664644 
cv702_12371.txt neg neg:0.9361696023281278 pos:0.06383039767187201 
cv744_10038.txt pos pos:0.9982314248059625 neg:0.0017685751940374316 
cv757_10189.txt pos pos:0.8061819739525652 neg:0.19381802604743475 
cv081_18241.txt neg neg:0.9945864587846052 pos:0.005413541215394843 
cv552_10016.txt pos neg:0.8987786590143799 pos:0.10122134098562008 
cv321_12843.txt pos neg:0.9502469151718675 pos:0.049753084828132565 
cv667_19672.txt neg neg:0.9976406001510099 pos:0.0023593998489902196 
cv954_18628.txt pos pos:0.9031799602559276 neg:0.09682003974407247 
cv332_17997.txt neg neg:0.9984266578655455 pos:0.0015733421344545889 
cv311_17708.txt neg pos:0.9925634374667401 neg:0.007436562533259859 
cv315_12638.txt neg pos:0.8319170995724746 neg:0.16808290042752547 
cv747_16556.txt pos pos:0.7189753283507669 neg:0.28102467164923306 
cv017_22464.txt pos pos:0.9999995627996803 neg:4.3720031977086247E-7 
cv923_11051.txt pos pos:0.9978931058488506 neg:0.002106894151149308 
cv406_21020.txt pos pos:0.9996053528094913 neg:3.9464719050876645E-4 
cv241_24602.txt neg neg:0.9647292186889788 pos:0.0352707813110212 
cv389_9611.txt neg neg:0.9999476794114588 pos:5.2320588541292524E-5 
cv932_13401.txt pos neg:0.9999998930057682 pos:1.069942318507294E-7 
cv183_19826.txt neg neg:0.9668802054001729 pos:0.03311979459982699 
cv427_10825.txt pos pos:0.9990516492004083 neg:9.483507995916358E-4 
cv396_19127.txt neg pos:0.9758528961625228 neg:0.02414710383747724 
cv948_24606.txt pos pos:0.9163581145553784 neg:0.08364188544462152 
cv419_14799.txt neg neg:0.8726717332259056 pos:0.12732826677409442 
cv030_21593.txt pos pos:0.9999879220004401 neg:1.2077999560045909E-5 
cv278_13041.txt pos neg:0.9900404702967318 pos:0.009959529703268175 
cv163_10052.txt pos pos:0.9987072114235843 neg:0.0012927885764157541 
cv874_11236.txt pos pos:0.9530551690197786 neg:0.04694483098022135 
cv583_29465.txt neg neg:0.8547158667148552 pos:0.14528413328514475 
cv581_20790.txt neg neg:0.9583799238213859 pos:0.041620076178614 
cv016_4348.txt neg neg:0.9980752744842353 pos:0.00192472551576463 
cv973_10066.txt pos pos:0.9999960448616064 neg:3.955138393475347E-6 
cv065_16909.txt neg neg:0.9999428457461226 pos:5.7154253877510223E-5 
cv671_5054.txt pos pos:0.9748670818441176 neg:0.025132918155882207 
cv530_16212.txt pos pos:0.5163472468905174 neg:0.48365275310948275 
cv149_15670.txt pos pos:0.9737847885149494 neg:0.02621521148505051 
cv068_13400.txt pos neg:0.6488351023791902 pos:0.3511648976208098 
cv719_5581.txt neg neg:0.999868594768444 pos:1.3140523155596718E-4 
cv943_23547.txt neg neg:0.9878750926992528 pos:0.012124907300747199 
cv791_17995.txt neg pos:0.8816262781308111 neg:0.11837372186918892 
cv930_14949.txt neg neg:0.9990896294651723 pos:9.10370534827549E-4 
cv167_16376.txt pos pos:0.999812806118177 neg:1.8719388182298076E-4 
cv635_0984.txt neg pos:0.7365625292357884 neg:0.26343747076421176 
cv253_10190.txt neg neg:0.9999896656267195 pos:1.0334373280510028E-5 
cv234_22123.txt neg neg:0.9999133205720043 pos:8.667942799577118E-5 
cv254_5870.txt neg neg:0.9966510604798094 pos:0.0033489395201905725 
cv440_15243.txt pos pos:0.9972127656678792 neg:0.0027872343321208837 
cv738_10287.txt neg neg:0.9999997614176123 pos:2.38582387707457E-7 
cv295_15570.txt pos neg:0.9891097853465544 pos:0.010890214653445624 
cv465_23401.txt neg neg:0.9059479490149291 pos:0.0940520509850709 
cv580_15681.txt neg pos:0.9873297987867017 neg:0.012670201213298257 
cv123_11182.txt pos pos:0.9999955042608449 neg:4.495739155080817E-6 
cv477_22479.txt pos pos:0.9995458531621422 neg:4.5414683785794416E-4 
cv256_14740.txt pos pos:0.999674009380541 neg:3.259906194590398E-4 
cv445_26683.txt neg neg:0.5518584481931562 pos:0.44814155180684384 
cv303_27366.txt neg neg:0.726645994133271 pos:0.27335400586672903 
cv714_19704.txt neg pos:0.9902708519411146 neg:0.009729148058885376 
cv903_18981.txt neg pos:0.9369725439027895 neg:0.06302745609721051 
cv942_17082.txt pos pos:0.6795775937579834 neg:0.3204224062420165 
cv273_28961.txt neg pos:0.6983467282557414 neg:0.3016532717442587 
cv608_23231.txt pos pos:0.9920978790189586 neg:0.007902120981041344 
cv900_10331.txt pos pos:0.9976962396560647 neg:0.0023037603439351653 
cv487_11058.txt neg neg:0.9912795857433593 pos:0.008720414256640599 
cv577_28220.txt neg neg:0.8530341643087161 pos:0.14696583569128374 
cv938_10706.txt neg neg:0.9998507322740442 pos:1.492677259558716E-4 
cv730_10729.txt neg neg:0.9991265976551673 pos:8.734023448326827E-4 
cv714_18502.txt pos neg:0.9999847003809373 pos:1.5299619062730024E-5 
cv733_9891.txt neg neg:0.9770983409982185 pos:0.022901659001781562 
cv732_12245.txt pos pos:0.9993751020187002 neg:6.248979812999223E-4 
cv844_13890.txt neg neg:0.7635802965091409 pos:0.23641970349085903 
cv733_9839.txt pos pos:0.9993576464844067 neg:6.423535155932656E-4 
cv446_11353.txt pos neg:0.9989695759666128 pos:0.0010304240333871494 
cv793_15235.txt neg neg:0.9601510477723654 pos:0.03984895222763462 
cv602_8300.txt pos pos:0.8295573039217333 neg:0.17044269607826665 
cv836_14311.txt neg neg:0.9999635666063592 pos:3.643339364064303E-5 
cv628_20758.txt neg neg:0.997408734741982 pos:0.002591265258018055 
cv998_15691.txt neg neg:0.9975337801298433 pos:0.0024662198701567682 
cv683_13047.txt neg neg:0.999272493221237 pos:7.275067787629552E-4 
cv792_3257.txt neg pos:0.6667506066739316 neg:0.33324939332606845 
cv251_22636.txt pos pos:0.99761295947574 neg:0.00238704052426011 
cv434_5793.txt pos pos:0.7994314157470381 neg:0.20056858425296195 
cv268_20288.txt neg neg:0.9999917452986251 pos:8.254701374767647E-6 
cv679_28559.txt pos pos:0.8977464535278439 neg:0.10225354647215604 
cv282_6833.txt neg pos:0.8622810166508561 neg:0.13771898334914398 
cv081_16582.txt pos pos:0.9999534955724881 neg:4.650442751186889E-5 
cv870_16348.txt pos pos:0.8754282338592557 neg:0.12457176614074429 
cv420_28631.txt neg neg:0.9999999860301285 pos:1.3969871537712475E-8 
cv759_15091.txt neg neg:0.982060204120347 pos:0.017939795879653095 
cv632_9610.txt pos pos:0.9999576603827631 neg:4.233961723691261E-5 
cv993_29565.txt neg neg:0.997003397462633 pos:0.0029966025373669276 
cv613_23104.txt neg neg:0.999994371529925 pos:5.628470075115019E-6 
cv265_10814.txt pos pos:0.9976005571088649 neg:0.002399442891135066 
cv373_21872.txt neg neg:0.9997219253478942 pos:2.78074652105745E-4 
cv126_28971.txt pos neg:0.8301975194600475 pos:0.1698024805399526 
cv691_5090.txt neg neg:0.9999785720043096 pos:2.1427995690286494E-5 
cv543_5107.txt neg neg:0.9903726142990681 pos:0.009627385700931829 
cv017_23487.txt neg neg:0.5986006217565691 pos:0.40139937824343086 
cv772_12119.txt pos neg:0.5670268293144143 pos:0.4329731706855858 
cv792_3832.txt pos pos:0.6296079628669382 neg:0.37039203713306174 
cv113_23102.txt pos pos:0.9999963193243853 neg:3.680675614663017E-6 
cv346_19198.txt neg neg:0.9999995814584122 pos:4.185415879192401E-7 
cv720_5383.txt neg pos:0.9991793574984086 neg:8.206425015913695E-4 
cv500_10251.txt pos pos:0.9999245711468417 neg:7.542885315820916E-5 
cv855_22134.txt neg neg:0.6455671335677826 pos:0.35443286643221744 
cv482_11233.txt neg neg:0.9956420247665481 pos:0.004357975233451833 
cv928_9168.txt pos pos:0.9999997943359548 neg:2.0566404515291095E-7 
cv260_13959.txt pos neg:0.9473941734190656 pos:0.05260582658093439 
cv489_17906.txt pos neg:0.9613096954980132 pos:0.03869030450198686 
cv137_17020.txt neg pos:0.9161563939693439 neg:0.08384360603065624 
cv274_26379.txt neg neg:0.9991724869843354 pos:8.275130156646693E-4 
cv342_20917.txt neg neg:0.9983247156060061 pos:0.00167528439399405 
cv680_10533.txt neg neg:0.9999819897248587 pos:1.801027514136379E-5 
cv957_8737.txt pos pos:0.9920283256324995 neg:0.007971674367500323 
cv769_8565.txt neg pos:0.9798826738814962 neg:0.020117326118503913 
cv994_12270.txt pos pos:0.9670225898199337 neg:0.032977410180066176 
cv382_8393.txt neg neg:0.993803722293102 pos:0.006196277706898043 
cv026_29229.txt neg neg:0.9645279365647627 pos:0.03547206343523738 
cv217_28842.txt pos neg:0.6157813779667932 pos:0.38421862203320667 
cv529_10972.txt neg pos:0.6093815799622083 neg:0.39061842003779174 
cv415_22517.txt pos pos:0.9797975804790473 neg:0.02020241952095262 
cv825_5063.txt pos neg:0.826343662197585 pos:0.173656337802415 
cv392_12238.txt neg pos:0.9969125581133417 neg:0.0030874418866582245 
cv895_21022.txt pos pos:0.9988364023101337 neg:0.0011635976898661748 
cv056_13133.txt pos neg:0.8418094319972218 pos:0.1581905680027781 
cv268_18834.txt pos neg:0.7064495254959141 pos:0.293550474504086 
cv710_22577.txt pos pos:0.7055175704213793 neg:0.29448242957862064 
cv032_22550.txt pos pos:0.999998606108123 neg:1.393891876925297E-6 
cv561_9484.txt neg neg:0.995420186319302 pos:0.004579813680698035 
cv485_26649.txt pos pos:0.9935758288136487 neg:0.006424171186351298 
cv541_28683.txt neg neg:0.7629276915232941 pos:0.23707230847670588 
cv874_12182.txt neg neg:0.9999911222299068 pos:8.87777009310224E-6 
cv442_13846.txt pos neg:0.9814505996589139 pos:0.018549400341086097 
cv614_10626.txt pos pos:0.9986675848875569 neg:0.0013324151124429848 
cv348_19207.txt neg neg:0.9997167529178669 pos:2.8324708213312943E-4 
cv119_9867.txt pos neg:0.994645256772998 pos:0.0053547432270020425 
cv037_19798.txt neg neg:0.9969819822004357 pos:0.0030180177995644325 
cv883_27751.txt pos neg:0.9042187701476572 pos:0.09578122985234278 
cv537_12370.txt pos pos:0.8822449053148079 neg:0.11775509468519214 
cv673_24714.txt pos neg:0.8629497176649755 pos:0.1370502823350246 
cv594_11945.txt neg pos:0.6964394390480978 neg:0.3035605609519022 
cv717_15953.txt pos pos:0.8966596659341003 neg:0.10334033406589968 
cv879_14903.txt pos pos:0.9997783176949315 neg:2.2168230506841542E-4 
cv739_11209.txt pos pos:0.9988790929370238 neg:0.0011209070629762707 
cv729_10475.txt neg neg:0.6753697900519463 pos:0.32463020994805375 
cv894_2068.txt pos pos:0.9999749609007388 neg:2.5039099261256538E-5 
cv387_12391.txt neg neg:0.9520120523756834 pos:0.04798794762431669 
cv494_17389.txt pos pos:0.8028791046171068 neg:0.19712089538289318 
cv340_14776.txt neg pos:0.9353036047005227 neg:0.06469639529947732 
cv305_9946.txt pos pos:0.9996641715771182 neg:3.3582842288176746E-4 
cv474_10682.txt neg pos:0.6916169668513911 neg:0.30838303314860893 
cv043_16808.txt neg neg:0.9999757881293212 pos:2.421187067883411E-5 
cv530_17949.txt neg neg:0.9964677163847155 pos:0.003532283615284486 
cv500_10722.txt neg neg:0.9999434596257217 pos:5.654037427836037E-5 
cv516_12117.txt neg pos:0.5663002477715203 neg:0.43369975222847956 
cv379_23167.txt neg neg:0.9981041326528057 pos:0.0018958673471943237 
cv501_11657.txt pos pos:0.9999999928860408 neg:7.113959150147885E-9 
cv664_4264.txt neg pos:0.5375662333399845 neg:0.4624337666600155 
cv726_4365.txt neg neg:0.9860790135460844 pos:0.013920986453915507 
cv963_6895.txt pos neg:0.9999990861612242 pos:9.138387758258273E-7 
cv825_5168.txt neg neg:0.9998955933071444 pos:1.0440669285551563E-4 
cv085_15286.txt neg neg:0.9969242519219279 pos:0.003075748078072119 
cv276_17126.txt neg neg:0.7595194619907694 pos:0.24048053800923067 
cv263_20693.txt neg neg:0.8613188620783643 pos:0.13868113792163564 
cv838_24728.txt pos pos:0.9516283368693919 neg:0.04837166313060824 
cv525_16122.txt pos neg:0.8203305635291777 pos:0.1796694364708224 
cv098_17021.txt neg neg:0.9997826696346195 pos:2.1733036538057902E-4 
cv001_18431.txt pos pos:0.9991823990301248 neg:8.176009698750517E-4 
cv627_11620.txt pos pos:0.7187179256353774 neg:0.2812820743646225 
cv016_4659.txt pos pos:0.997627050112619 neg:0.0023729498873808737 
cv921_12747.txt pos pos:0.9984876919175987 neg:0.0015123080824014504 
cv976_10267.txt pos pos:0.984655113482561 neg:0.015344886517438976 
cv134_22246.txt pos pos:0.9999942143165883 neg:5.785683411640135E-6 
cv295_17060.txt neg neg:0.9999966420638643 pos:3.3579361355876143E-6 
cv812_19051.txt neg neg:0.7150693894516587 pos:0.28493061054834146 
cv452_5179.txt neg neg:0.8179731704050233 pos:0.18202682959497676 
cv756_22540.txt pos pos:0.7032186821820413 neg:0.2967813178179587 
cv399_2877.txt pos pos:0.9982533120285546 neg:0.0017466879714454725 
cv441_13711.txt pos pos:0.9994167331219904 neg:5.832668780096796E-4 
cv317_24049.txt pos pos:0.999999974197813 neg:2.580218708957004E-8 
cv715_19246.txt neg neg:0.999996775404623 pos:3.2245953770054177E-6 
cv540_3421.txt pos pos:0.8221327444516398 neg:0.1778672555483602 
cv437_22849.txt pos pos:0.9999999394386024 neg:6.056139758175683E-8 
cv217_28707.txt neg neg:0.9999999113657357 pos:8.863426418019391E-8 
cv827_18331.txt pos pos:0.929238182194377 neg:0.07076181780562285 
cv915_8841.txt pos pos:0.6403977840850567 neg:0.3596022159149434 
cv166_11959.txt neg neg:0.9965015148920703 pos:0.003498485107929805 
cv143_21158.txt neg neg:0.9999927902784929 pos:7.209721507196869E-6 
cv732_13092.txt neg pos:0.9997113576352422 neg:2.886423647578916E-4 
cv076_24945.txt pos neg:0.9019962365606725 pos:0.09800376343932742 
cv100_12406.txt neg neg:0.9320660243824773 pos:0.06793397561752268 
cv775_17966.txt neg neg:0.9999982958456997 pos:1.7041543002354237E-6 
cv847_1941.txt pos pos:0.9526666196262699 neg:0.04733338037373026 
cv843_15544.txt pos pos:0.9999638277054081 neg:3.617229459186879E-5 
cv991_18645.txt pos neg:0.9518184932573528 pos:0.04818150674264732 
Trial 0 Trainer MaxEntTrainer,gaussianPriorVariance=1.0 Training Data Confusion Matrix
Confusion Matrix, row=true, column=predicted  accuracy=1.0
  label   0   1  |total
  0 neg 900   .  |900
  1 pos   . 900  |900

Trial 0 Trainer MaxEntTrainer,gaussianPriorVariance=1.0 training data accuracy= 1.0
Trial 0 Trainer MaxEntTrainer,gaussianPriorVariance=1.0 Test Data Confusion Matrix
Confusion Matrix, row=true, column=predicted  accuracy=0.75
  label   0   1  |total
  0 neg  77  23  |100
  1 pos  27  73  |100

Trial 0 Trainer MaxEntTrainer,gaussianPriorVariance=1.0 test data accuracy= 0.75

MaxEntTrainer,gaussianPriorVariance=1.0
Summary. train accuracy mean = 1.0 stddev = 0.0 stderr = 0.0
Summary. test accuracy mean = 0.75 stddev = 0.0 stderr = 0.0
