
-------------------- Trial 0  --------------------

Trial 0 Training MaxEntTrainer,gaussianPriorVariance=1.0 with 1800 instances
Trial 0 Training MaxEntTrainer,gaussianPriorVariance=1.0 finished
Trial 0 Trainer MaxEntTrainer,gaussianPriorVariance=1.0
 Raw Testing Data
cv612_5461.txt pos pos:0.9999993160937873 neg:6.839062126813003E-7 
cv341_24430.txt pos pos:0.982744252967859 neg:0.017255747032140823 
cv709_11173.txt neg pos:0.9997996565091903 neg:2.0034349080974207E-4 
cv750_10606.txt neg neg:0.9866981413067287 pos:0.013301858693271296 
cv486_9788.txt neg neg:0.9998701793224095 pos:1.2982067759059293E-4 
cv595_25335.txt pos pos:0.9980595904983318 neg:0.0019404095016681523 
cv672_28083.txt pos pos:0.9976547565089506 neg:0.0023452434910492324 
cv499_10658.txt pos neg:0.5862328395979625 pos:0.4137671604020375 
cv383_13116.txt pos pos:0.9931508867874087 neg:0.006849113212591276 
cv415_23674.txt neg neg:0.9999822835725827 pos:1.7716427417351286E-5 
cv471_16858.txt pos pos:0.5952645357007688 neg:0.4047354642992312 
cv571_29366.txt pos pos:0.9797803654193946 neg:0.020219634580605415 
cv390_11345.txt pos neg:0.9939723008314646 pos:0.006027699168535477 
cv060_10844.txt pos pos:0.9999461705545729 neg:5.382944542699073E-5 
cv884_15230.txt neg pos:0.9994717597913112 neg:5.282402086887783E-4 
cv213_18934.txt pos pos:0.9889682411329859 neg:0.011031758867014047 
cv769_8123.txt pos neg:0.8319274669779383 pos:0.16807253302206168 
cv093_15606.txt neg neg:0.9099851134300573 pos:0.09001488656994268 
cv625_12440.txt pos pos:0.998443658635608 neg:0.001556341364391975 
cv568_15638.txt pos pos:0.999994313820586 neg:5.686179413899118E-6 
cv523_16615.txt pos pos:0.9926016832719268 neg:0.0073983167280731125 
cv301_12146.txt pos pos:0.9964910181036892 neg:0.003508981896310653 
cv997_5046.txt pos pos:0.9864980575421374 neg:0.013501942457862594 
cv765_19037.txt pos pos:0.9999996996931846 neg:3.003068154847427E-7 
cv778_17330.txt pos pos:0.9889674482536642 neg:0.011032551746335852 
cv759_13522.txt pos pos:0.9973717813955414 neg:0.002628218604458564 
cv008_29326.txt neg pos:0.5650558995324442 neg:0.4349441004675558 
cv345_9966.txt neg neg:0.9999317522731206 pos:6.824772687946139E-5 
cv975_10981.txt pos pos:0.99997164816998 neg:2.8351830019983507E-5 
cv190_27176.txt neg neg:0.9259847931467075 pos:0.0740152068532926 
cv790_16202.txt neg neg:0.583251108355284 pos:0.41674889164471596 
cv962_9803.txt pos pos:0.953918762873865 neg:0.04608123712613489 
cv171_15164.txt neg neg:0.9619520596110592 pos:0.03804794038894076 
cv539_20347.txt pos neg:0.9853978164992403 pos:0.01460218350075982 
cv707_10678.txt pos pos:0.9998701603471655 neg:1.298396528345862E-4 
cv506_15956.txt pos pos:0.9999917858318752 neg:8.214168124810504E-6 
cv899_17812.txt neg pos:0.7057607628899638 neg:0.29423923711003613 
cv541_28835.txt pos neg:0.6946189018972294 pos:0.3053810981027706 
cv374_25436.txt pos pos:0.9992706141883185 neg:7.293858116813421E-4 
cv883_27621.txt neg neg:0.9616948161792633 pos:0.03830518382073664 
cv811_22646.txt neg neg:0.9999808254647189 pos:1.9174535281190422E-5 
cv886_19210.txt neg pos:0.9451911144908066 neg:0.05480888550919335 
cv452_5088.txt pos neg:0.9893699499221263 pos:0.010630050077873682 
cv955_26154.txt neg neg:0.9998183618875286 pos:1.816381124713536E-4 
cv454_21961.txt neg neg:0.9999922250240318 pos:7.774975968190965E-6 
cv797_6957.txt pos pos:0.7259910552646417 neg:0.27400894473535825 
cv947_11316.txt neg neg:0.9999292486555883 pos:7.075134441176988E-5 
cv737_28907.txt pos pos:0.9999991168000557 neg:8.831999442545982E-7 
cv646_16817.txt neg neg:0.9913916187040465 pos:0.008608381295953602 
cv494_18689.txt neg neg:0.9942469016434117 pos:0.005753098356588424 
cv188_19226.txt pos pos:0.90364958049831 neg:0.09635041950169003 
cv721_29121.txt pos neg:0.6043483626967471 pos:0.395651637303253 
cv887_5126.txt pos pos:0.9997512535277783 neg:2.487464722216894E-4 
cv893_26269.txt pos pos:0.9999977508477561 neg:2.2491522438593836E-6 
cv135_11603.txt pos pos:0.6153733908766567 neg:0.3846266091233433 
cv275_28887.txt pos pos:0.9999992058357688 neg:7.94164231272996E-7 
cv426_10976.txt neg pos:0.991108379087889 neg:0.008891620912111079 
cv789_12136.txt pos pos:0.8653304680992415 neg:0.13466953190075848 
cv380_8164.txt neg neg:0.9915643711536656 pos:0.00843562884633436 
cv299_17950.txt neg pos:0.9999801061207643 neg:1.9893879235748275E-5 
cv728_16133.txt pos pos:0.9997291469868874 neg:2.708530131126215E-4 
cv230_7428.txt pos pos:0.5261636796136042 neg:0.4738363203863959 
cv722_7571.txt neg neg:0.7872832346862155 pos:0.21271676531378453 
cv197_29328.txt pos pos:0.9989675749880546 neg:0.0010324250119453835 
cv927_10681.txt pos pos:0.9999999636845649 neg:3.631543508791133E-8 
cv049_21917.txt neg neg:0.9996341380245557 pos:3.65861975444412E-4 
cv374_26455.txt neg neg:0.9100074681395812 pos:0.08999253186041882 
cv979_18921.txt pos pos:0.9999999998311506 neg:1.6884938517229502E-10 
cv029_18643.txt pos pos:0.9999999995300453 neg:4.699548232598683E-10 
cv501_12675.txt neg pos:0.9736145366193004 neg:0.026385463380699577 
cv654_18246.txt pos pos:0.9993781307385431 neg:6.218692614567935E-4 
cv208_9020.txt pos neg:0.9692811107759349 pos:0.030718889224065068 
cv224_18875.txt neg neg:0.9999973976101132 pos:2.6023898867808058E-6 
cv091_7899.txt neg pos:0.6965653193684417 neg:0.30343468063155826 
cv687_21100.txt pos pos:0.9999999994250224 neg:5.749777133643967E-10 
cv360_8927.txt neg neg:0.9999977968402305 pos:2.203159769410108E-6 
cv854_17740.txt pos pos:0.999999999282329 neg:7.176710554725804E-10 
cv496_11185.txt neg neg:0.9999997599505813 pos:2.400494185683339E-7 
cv224_17661.txt pos pos:0.9999753935851827 neg:2.4606414817369142E-5 
cv849_17215.txt neg pos:0.9999999870923195 neg:1.2907680467685956E-8 
cv001_19502.txt neg neg:0.9858498456423647 pos:0.01415015435763528 
cv279_19452.txt neg neg:0.7093620352535778 pos:0.29063796474642234 
cv957_9059.txt neg neg:0.9999879767722677 pos:1.2023227732187776E-5 
cv881_14767.txt neg neg:0.8335421599345172 pos:0.16645784006548284 
cv121_18621.txt neg neg:0.9779840954955069 pos:0.02201590450449304 
cv163_10110.txt neg neg:0.956090682027573 pos:0.04390931797242704 
cv161_12224.txt neg neg:0.743997073301068 pos:0.25600292669893193 
cv853_29119.txt neg pos:0.9928739406842757 neg:0.007126059315724372 
cv624_11601.txt neg neg:0.9999664442925718 pos:3.3555707428279415E-5 
cv169_24973.txt neg neg:0.980904798940317 pos:0.019095201059682983 
cv451_10690.txt pos pos:0.997856130960959 neg:0.0021438690390408956 
cv355_18174.txt neg pos:0.6399597646346243 neg:0.36004023536537566 
cv509_15888.txt pos pos:0.9999999999733462 neg:2.665385759501619E-11 
cv497_27086.txt neg neg:0.5866898599687476 pos:0.4133101400312524 
cv639_10308.txt pos neg:0.9781440184179889 pos:0.02185598158201101 
cv119_9909.txt neg pos:0.6921445557167181 neg:0.3078554442832819 
cv058_8025.txt pos pos:0.9973548357788877 neg:0.0026451642211123803 
cv396_17989.txt pos neg:0.9085312691774607 pos:0.09146873082253919 
cv252_24974.txt neg neg:0.9998739053842035 pos:1.2609461579660104E-4 
cv362_16985.txt neg neg:0.9881159437993856 pos:0.011884056200614397 
cv028_26964.txt neg neg:0.6549991002503299 pos:0.34500089974967013 
cv619_13677.txt neg neg:0.9999999897862447 pos:1.0213755201129819E-8 
cv466_18722.txt pos pos:0.9614958164734834 neg:0.03850418352651652 
cv959_16218.txt neg neg:0.9959924295297216 pos:0.0040075704702784536 
cv720_5389.txt pos pos:0.7061196932007134 neg:0.2938803067992865 
cv393_29234.txt neg pos:0.9434696650768137 neg:0.05653033492318628 
cv148_16345.txt pos pos:0.9958354779931884 neg:0.004164522006811669 
cv641_13412.txt neg neg:0.9943040495834089 pos:0.00569595041659115 
cv978_22192.txt neg neg:0.8980261730648206 pos:0.10197382693517947 
cv148_18084.txt neg neg:0.9999996118733055 pos:3.881266945598204E-7 
cv021_15838.txt pos pos:0.8196720879274809 neg:0.18032791207251897 
cv916_17034.txt neg neg:0.9999893278396517 pos:1.0672160348353904E-5 
cv266_25779.txt pos pos:0.9922845702287538 neg:0.0077154297712462025 
cv071_12969.txt neg neg:0.7877413220397277 pos:0.21225867796027242 
cv964_5794.txt neg neg:0.9983063946126584 pos:0.0016936053873416097 
cv887_5306.txt neg neg:0.548330179379035 pos:0.45166982062096506 
cv569_26750.txt neg neg:0.99842417679974 pos:0.0015758232002599463 
cv418_16562.txt neg neg:0.9999341988713093 pos:6.580112869054901E-5 
cv463_10846.txt neg neg:0.781680588828388 pos:0.21831941117161197 
cv218_25651.txt neg neg:0.9973379833907073 pos:0.0026620166092925423 
cv630_10057.txt pos pos:0.9999915386346422 neg:8.46136535786704E-6 
cv650_15974.txt neg neg:0.9488988513683297 pos:0.05110114863167024 
cv850_16466.txt pos pos:0.9994169954625244 neg:5.830045374756748E-4 
cv498_8832.txt pos neg:0.6716627724867443 pos:0.3283372275132556 
cv304_28489.txt neg neg:0.9992581999599949 pos:7.418000400051873E-4 
cv793_13650.txt pos pos:0.9996342843661163 neg:3.657156338836567E-4 
cv661_25780.txt neg neg:0.999954451514208 pos:4.554848579202631E-5 
cv103_11943.txt neg pos:0.9999974153414628 neg:2.5846585371002568E-6 
cv686_13900.txt pos pos:0.6898870434291692 neg:0.31011295657083077 
cv034_29647.txt pos neg:0.8091727081093343 pos:0.1908272918906656 
cv707_11421.txt neg neg:0.9999523085170643 pos:4.76914829358256E-5 
cv946_18658.txt pos pos:0.9999999999365932 neg:6.340694098298464E-11 
cv039_5963.txt neg neg:0.6504170947082263 pos:0.34958290529177366 
cv525_17930.txt neg neg:0.9999508447409098 pos:4.9155259090271176E-5 
cv840_16321.txt pos pos:0.9716283497684801 neg:0.028371650231519944 
cv890_3515.txt neg neg:0.9896683877860762 pos:0.01033161221392374 
cv773_20264.txt neg neg:0.9930725529106562 pos:0.006927447089343666 
cv013_10159.txt pos pos:0.9839890643928955 neg:0.016010935607104385 
cv460_10842.txt pos pos:0.880276381192492 neg:0.11972361880750794 
cv042_10982.txt pos pos:0.999999996253248 neg:3.7467519714867384E-9 
cv402_16097.txt neg pos:0.992850644140477 neg:0.007149355859523102 
cv267_16618.txt neg pos:0.9533130287128911 neg:0.046686971287108865 
cv031_19540.txt neg pos:0.9954004660392356 neg:0.004599533960764381 
cv236_11565.txt pos pos:0.9999367147361895 neg:6.328526381054255E-5 
cv023_12672.txt pos pos:0.9978154109959969 neg:0.0021845890040030243 
cv611_2253.txt neg neg:0.9858833999889565 pos:0.014116600011043524 
cv930_13475.txt pos pos:0.9999931555776743 neg:6.844422325549946E-6 
cv014_13924.txt pos neg:0.5475464542118752 pos:0.45245354578812486 
cv088_24113.txt pos pos:0.7382652219737916 neg:0.2617347780262084 
cv912_5674.txt pos pos:0.914725580795327 neg:0.08527441920467298 
cv911_20260.txt pos pos:0.9970935326047651 neg:0.0029064673952350095 
cv480_21195.txt neg pos:0.998635777785745 neg:0.0013642222142549484 
cv431_7085.txt pos pos:0.5650993640000873 neg:0.43490063599991274 
cv559_0057.txt neg neg:0.7033180432277507 pos:0.2966819567722493 
cv831_14689.txt pos pos:0.9999971702695529 neg:2.8297304469449198E-6 
cv712_22920.txt pos neg:0.5873025979416056 pos:0.41269740205839445 
cv547_18043.txt neg pos:0.5825965033636387 neg:0.41740349663636134 
cv354_8132.txt pos pos:0.9990958135499862 neg:9.041864500137689E-4 
cv745_14009.txt neg neg:0.9999999992903781 pos:7.096218427086748E-10 
cv238_14285.txt neg neg:0.9999791072293535 pos:2.0892770646571093E-5 
cv538_28485.txt neg pos:0.7632135632698879 neg:0.23678643673011215 
cv363_29332.txt pos pos:0.9790912483762276 neg:0.02090875162377233 
cv989_15824.txt pos pos:0.9999149492084155 neg:8.505079158454082E-5 
cv105_17990.txt pos neg:0.9823033096810753 pos:0.017696690318924846 
cv875_5754.txt pos pos:0.9046784081158149 neg:0.09532159188418503 
cv710_23745.txt neg neg:0.9982057041793491 pos:0.0017942958206508789 
cv456_18985.txt pos pos:0.91674551702204 neg:0.08325448297795991 
cv805_21128.txt neg neg:0.9879669589501542 pos:0.012033041049845745 
cv305_9937.txt neg neg:0.9531001191336635 pos:0.04689988086633639 
cv746_10471.txt neg pos:0.9999761199814106 neg:2.3880018589432248E-5 
cv965_26071.txt pos pos:0.796155194973327 neg:0.20384480502667301 
cv560_18608.txt neg neg:0.9994165447027518 pos:5.834552972481437E-4 
cv575_21150.txt pos pos:0.9999946897402887 neg:5.310259711180808E-6 
cv901_11934.txt neg pos:0.9998022807111503 neg:1.9771928884978888E-4 
cv313_18198.txt pos pos:0.9999575943946543 neg:4.2405605345832805E-5 
cv620_2556.txt neg pos:0.911837788914521 neg:0.08816221108547895 
cv188_20687.txt neg neg:0.9808297163192486 pos:0.01917028368075143 
cv706_24716.txt pos pos:0.9998750617030676 neg:1.2493829693240206E-4 
cv844_12690.txt pos pos:0.868284121205405 neg:0.13171587879459498 
cv336_10143.txt pos neg:0.8249572575640813 pos:0.1750427424359187 
cv090_0049.txt neg pos:0.9999996955473992 neg:3.0445260079618504E-7 
cv226_2618.txt pos pos:0.9889797776689837 neg:0.011020222331016351 
cv638_2953.txt pos pos:0.999970693607386 neg:2.9306392614072194E-5 
cv260_15652.txt neg neg:0.9552247726431033 pos:0.044775227356896596 
cv603_17694.txt pos neg:0.9999987896813314 pos:1.2103186685156114E-6 
cv000_29416.txt neg pos:0.9994021856073848 neg:5.978143926152869E-4 
cv669_24318.txt neg neg:0.9999998388327165 pos:1.611672835871474E-7 
cv174_9659.txt pos pos:0.9990857396274714 neg:9.142603725284756E-4 
cv686_15553.txt neg neg:0.9991499355966492 pos:8.500644033506683E-4 
cv132_5423.txt neg neg:0.9762540654395514 pos:0.023745934560448573 
cv584_29549.txt neg neg:0.9429268411060227 pos:0.05707315889397732 
cv985_6359.txt pos pos:0.9400717559566378 neg:0.05992824404336228 
cv820_24157.txt neg pos:0.8187606131083246 neg:0.1812393868916754 
cv961_5682.txt pos pos:0.8593289033296503 neg:0.14067109667034974 
cv333_9443.txt neg neg:0.9507471472335779 pos:0.04925285276642219 
cv696_29619.txt neg pos:0.6702690074666634 neg:0.32973099253333665 
cv180_16113.txt pos pos:0.9718156527615487 neg:0.028184347238451313 
cv728_17931.txt neg neg:0.9979093197134754 pos:0.002090680286524527 
cv320_9530.txt pos pos:0.9999997911145498 neg:2.0888545016636677E-7 
cv080_13465.txt pos neg:0.7636491608673237 pos:0.2363508391326762 
Trial 0 Trainer MaxEntTrainer,gaussianPriorVariance=1.0 Training Data Confusion Matrix
Confusion Matrix, row=true, column=predicted  accuracy=1.0
  label   0   1  |total
  0 neg 900   .  |900
  1 pos   . 900  |900

Trial 0 Trainer MaxEntTrainer,gaussianPriorVariance=1.0 training data accuracy= 1.0
Trial 0 Trainer MaxEntTrainer,gaussianPriorVariance=1.0 Test Data Confusion Matrix
Confusion Matrix, row=true, column=predicted  accuracy=0.77
  label   0   1  |total
  0 neg  72  28  |100
  1 pos  18  82  |100

Trial 0 Trainer MaxEntTrainer,gaussianPriorVariance=1.0 test data accuracy= 0.77

MaxEntTrainer,gaussianPriorVariance=1.0
Summary. train accuracy mean = 1.0 stddev = 0.0 stderr = 0.0
Summary. test accuracy mean = 0.77 stddev = 0.0 stderr = 0.0
