
-------------------- Trial 0  --------------------

Trial 0 Training MaxEntTrainer,gaussianPriorVariance=1.0 with 1800 instances
Trial 0 Training MaxEntTrainer,gaussianPriorVariance=1.0 finished
Trial 0 Trainer MaxEntTrainer,gaussianPriorVariance=1.0
 Raw Testing Data
cv623_16988.txt neg neg:0.9999999995909046 pos:4.090954308041174E-10 
cv051_10306.txt pos pos:0.9997524467917849 neg:2.475532082150348E-4 
cv382_7897.txt pos pos:0.9999913075613986 neg:8.692438601355024E-6 
cv082_11080.txt pos neg:0.9935400139420478 pos:0.006459986057952235 
cv791_16302.txt pos pos:0.9731385136325091 neg:0.026861486367490767 
cv484_25054.txt pos pos:0.9900303424300041 neg:0.009969657569995802 
cv353_18159.txt pos pos:0.7017091104893622 neg:0.2982908895106377 
cv438_8500.txt neg neg:0.9859977340208654 pos:0.014002265979134712 
cv124_3903.txt neg neg:0.6971649282377463 pos:0.3028350717622536 
cv012_29411.txt neg neg:0.9813266680493611 pos:0.01867333195063888 
cv634_11101.txt pos pos:0.9999996610790204 neg:3.389209796759733E-7 
cv637_1250.txt pos pos:0.8313763409244487 neg:0.1686236590755513 
cv754_7709.txt neg neg:0.9790779029536731 pos:0.020922097046326932 
cv845_14290.txt pos pos:0.9996791881690883 neg:3.2081183091160943E-4 
cv062_23115.txt pos pos:0.9959880573054144 neg:0.004011942694585573 
cv556_14808.txt pos pos:0.999987521986512 neg:1.2478013487952293E-5 
cv659_19944.txt pos pos:0.5987367693962209 neg:0.40126323060377905 
cv244_22935.txt neg neg:0.9999855105445334 pos:1.4489455466486448E-5 
cv877_29274.txt pos neg:0.8565797324381845 pos:0.14342026756181547 
cv833_11053.txt pos pos:0.9961531746563879 neg:0.0038468253436120463 
cv852_27523.txt pos neg:0.5604067353781493 pos:0.4395932646218508 
cv960_29007.txt pos neg:0.9249940464298813 pos:0.0750059535701188 
cv579_11605.txt pos neg:0.8075683010288278 pos:0.19243169897117213 
cv562_10359.txt pos neg:0.9999923410474096 pos:7.658952590288382E-6 
cv982_21103.txt pos pos:0.9817504913924653 neg:0.01824950860753478 
cv667_18467.txt pos neg:0.6200107303812197 pos:0.3799892696187804 
cv980_11851.txt neg neg:0.6930815396881163 pos:0.30691846031188375 
cv782_21078.txt neg neg:0.9994921054576936 pos:5.07894542306489E-4 
cv548_18944.txt neg neg:0.9848074316024263 pos:0.015192568397573705 
cv116_28734.txt neg neg:0.6248705070753611 pos:0.3751294929246389 
cv737_28733.txt neg neg:0.6303744529207053 pos:0.36962554707929474 
cv322_20318.txt pos neg:0.9772966569641157 pos:0.02270334303588423 
cv472_29140.txt neg neg:0.987833176905433 pos:0.012166823094566823 
cv203_17986.txt pos pos:0.5468785470947554 neg:0.4531214529052446 
cv741_12765.txt neg pos:0.714015780442869 neg:0.2859842195571311 
cv173_4471.txt pos pos:0.8905853277119068 neg:0.10941467228809312 
cv612_5396.txt neg pos:0.6328681250035522 neg:0.36713187499644784 
cv808_13773.txt neg pos:0.7425938372972322 neg:0.2574061627027677 
cv115_25396.txt pos pos:0.9999995620316255 neg:4.379683745927209E-7 
cv384_18536.txt neg neg:0.9576625836260183 pos:0.042337416373981626 
cv754_7216.txt pos neg:0.6273642157745228 pos:0.3726357842254771 
cv580_14064.txt pos neg:0.6232952124834322 pos:0.37670478751656766 
cv985_5964.txt neg neg:0.9856446560256009 pos:0.014355343974399066 
cv386_10080.txt pos pos:0.9995514190732212 neg:4.485809267787046E-4 
cv028_26746.txt pos pos:0.9998221415472304 neg:1.7785845276970278E-4 
cv549_21443.txt pos pos:0.9998382948483479 neg:1.6170515165214535E-4 
cv832_24713.txt neg neg:0.999471992930747 pos:5.280070692529784E-4 
cv771_28466.txt neg neg:0.9969403253098363 pos:0.003059674690163726 
cv114_19501.txt neg neg:0.9763722370266787 pos:0.023627762973321285 
cv232_14991.txt pos pos:0.9956154734959104 neg:0.004384526504089559 
cv245_8569.txt pos pos:0.841920345113301 neg:0.15807965488669892 
cv713_29155.txt pos pos:0.7062223727384006 neg:0.2937776272615993 
cv379_21963.txt pos neg:0.9490319481861521 pos:0.05096805181384791 
cv190_27052.txt pos pos:0.872062930418323 neg:0.12793706958167705 
cv937_9816.txt neg neg:0.9503276747330218 pos:0.04967232526697821 
cv297_10047.txt pos pos:0.989100425028364 neg:0.010899574971635916 
cv699_7223.txt pos neg:0.9999447435259539 pos:5.5256474045999396E-5 
cv591_24887.txt neg neg:0.9999998478069637 pos:1.5219303625665243E-7 
cv151_17231.txt neg neg:0.9996046870265328 pos:3.9531297346730935E-4 
cv189_22934.txt pos pos:0.9996948813753639 neg:3.0511862463606515E-4 
cv575_22598.txt neg neg:0.9987461765894293 pos:0.0012538234105705832 
cv899_16014.txt pos pos:0.9964209170507542 neg:0.0035790829492457084 
cv248_15672.txt neg neg:0.8647769119140998 pos:0.13522308808590017 
cv304_28706.txt pos neg:0.7736054004188451 pos:0.22639459958115501 
cv079_11933.txt pos neg:0.9335145810414428 pos:0.06648541895855714 
cv983_22928.txt pos pos:0.9796783043008173 neg:0.02032169569918277 
cv519_16239.txt neg pos:0.9352515949829991 neg:0.0647484050170009 
cv948_25870.txt neg neg:0.9998531188921853 pos:1.4688110781460375E-4 
cv074_6875.txt pos pos:0.9999999865160913 neg:1.3483908596971236E-8 
cv821_29364.txt pos neg:0.9327096079010374 pos:0.06729039209896255 
cv012_29576.txt pos pos:0.5440787019725462 neg:0.45592129802745385 
cv117_24295.txt pos pos:0.9981008704029655 neg:0.0018991295970346308 
cv852_27512.txt neg pos:0.9861180817117986 neg:0.013881918288201369 
cv209_28973.txt neg neg:0.9288656028384253 pos:0.07113439716157463 
cv138_12721.txt pos neg:0.7049066946264549 pos:0.29509330537354506 
cv291_26635.txt pos pos:0.9999540681901562 neg:4.593180984386603E-5 
cv489_19046.txt neg neg:0.9533794280376323 pos:0.04662057196236775 
cv827_19479.txt neg pos:0.9361985657399827 neg:0.06380143426001719 
cv799_19812.txt neg neg:0.999998394410357 pos:1.605589642958397E-6 
cv996_12447.txt neg pos:0.9754498900178113 neg:0.024550109982188772 
cv168_7050.txt pos pos:0.9999999746833907 neg:2.5316609345822395E-8 
cv919_18155.txt neg neg:0.9932721507885053 pos:0.006727849211494741 
cv195_16146.txt neg neg:0.7004801940455324 pos:0.29951980595446764 
cv064_24576.txt pos pos:0.9999954737667879 neg:4.526233211986425E-6 
cv826_12761.txt neg neg:0.9999578761275582 pos:4.212387244184616E-5 
cv712_24217.txt neg neg:0.5025501207783991 pos:0.49744987922160083 
cv480_19817.txt pos pos:0.9875652522231626 neg:0.012434747776837464 
cv041_21113.txt pos pos:0.9749763055725816 neg:0.025023694427418395 
cv705_11973.txt neg neg:0.5402622586055054 pos:0.45973774139449475 
cv350_20670.txt pos neg:0.8902535016001908 pos:0.10974649839980925 
cv654_19345.txt neg neg:0.9995987246624753 pos:4.0127533752457847E-4 
cv905_28965.txt neg pos:0.9943171232758339 neg:0.005682876724166091 
cv320_9693.txt neg neg:0.9911700317276236 pos:0.008829968272376353 
cv805_19601.txt pos neg:0.6270139340284111 pos:0.3729860659715889 
cv626_7907.txt neg pos:0.8482294153008116 neg:0.1517705846991884 
cv727_4978.txt pos pos:0.9979298674026237 neg:0.002070132597376383 
cv891_6385.txt pos neg:0.6042251926216878 pos:0.3957748073783122 
cv281_24711.txt neg neg:0.8867241266129343 pos:0.1132758733870657 
cv220_28906.txt neg neg:0.8676879559281188 pos:0.13231204407188113 
cv822_20049.txt pos pos:0.9999884364387064 neg:1.1563561293646095E-5 
cv034_29446.txt neg neg:0.9911831552991424 pos:0.008816844700857666 
cv716_10514.txt pos neg:0.9503566593947601 pos:0.04964334060523991 
cv202_10654.txt pos pos:0.9999988526805642 neg:1.1473194357299464E-6 
cv960_28877.txt neg neg:0.8845825320965262 pos:0.11541746790347378 
cv681_9744.txt neg neg:0.9276368262548476 pos:0.07236317374515243 
cv767_14062.txt pos pos:0.9977675073890695 neg:0.002232492610930447 
cv904_25663.txt neg neg:0.9912962455602586 pos:0.00870375443974124 
cv617_9561.txt neg neg:0.9959623684087361 pos:0.004037631591264005 
cv349_15032.txt neg neg:0.9999804757298846 pos:1.9524270115425176E-5 
cv889_22670.txt neg pos:0.9955760689111769 neg:0.004423931088823146 
cv967_5626.txt neg neg:0.9574663411736741 pos:0.04253365882632593 
cv600_23878.txt pos pos:0.9999756040952296 neg:2.4395904770473185E-5 
cv368_10466.txt pos pos:0.9999994895615906 neg:5.104384093405302E-7 
cv774_13845.txt pos pos:0.90760888568045 neg:0.09239111431954997 
cv153_11607.txt neg neg:0.9997666543665644 pos:2.3334563343557836E-4 
cv370_5338.txt neg pos:0.8609398629986936 neg:0.1390601370013064 
cv200_29006.txt neg pos:0.9998600478626178 neg:1.3995213738213328E-4 
cv956_12547.txt neg neg:0.9987865048245784 pos:0.0012134951754216743 
cv829_20289.txt pos pos:0.999960853843532 neg:3.9146156468110415E-5 
cv909_9960.txt pos pos:0.6135227804853466 neg:0.38647721951465347 
cv432_15873.txt neg neg:0.9999484391457264 pos:5.156085427358215E-5 
cv908_16009.txt pos pos:0.9999890471151259 neg:1.095288487416806E-5 
cv589_12064.txt pos pos:0.9999813873167311 neg:1.861268326883704E-5 
cv536_27134.txt pos neg:0.8416367334267589 pos:0.15836326657324107 
cv973_10171.txt neg neg:0.9999999993138768 pos:6.861231361928985E-10 
cv446_12209.txt neg neg:0.9940885834199995 pos:0.0059114165800005555 
cv157_29302.txt neg neg:0.9600342097956724 pos:0.03996579020432764 
cv465_22431.txt pos neg:0.7792459211348725 pos:0.22075407886512763 
cv909_9973.txt neg neg:0.9855187320042242 pos:0.014481267995775664 
cv222_17395.txt pos pos:0.9759191215212286 neg:0.024080878478771394 
cv470_17444.txt neg neg:0.9992688982190555 pos:7.31101780944479E-4 
cv115_26443.txt neg neg:0.9962660929603785 pos:0.003733907039621385 
cv504_29120.txt neg neg:0.6409108522231606 pos:0.3590891477768394 
cv757_10668.txt neg neg:0.9802872377701609 pos:0.019712762229839167 
cv882_10042.txt neg pos:0.9859592993167993 neg:0.01404070068320074 
cv065_15248.txt pos pos:0.9999999924612278 neg:7.538772123081867E-9 
cv520_12295.txt pos pos:0.9353636459294975 neg:0.06463635407050247 
cv145_12239.txt neg pos:0.9703771852123027 neg:0.02962281478769735 
cv404_20315.txt pos pos:0.8021656953853697 neg:0.19783430461463025 
cv586_8048.txt neg neg:0.9999999999998133 pos:1.8667655930856007E-13 
cv786_22497.txt pos neg:0.9730133523340605 pos:0.026986647665939566 
cv918_2693.txt pos pos:0.9977498129187042 neg:0.0022501870812957387 
cv072_6169.txt pos neg:0.566835267129971 pos:0.433164732870029 
cv206_15893.txt neg neg:0.999231080966651 pos:7.689190333488986E-4 
cv146_18458.txt pos pos:0.9999997925945364 neg:2.0740546363311725E-7 
cv862_14324.txt pos pos:0.9999967140836615 neg:3.2859163384268435E-6 
cv027_25219.txt pos pos:0.9999999993267934 neg:6.732067048783849E-10 
cv409_29786.txt pos pos:0.8460712188211578 neg:0.15392878117884223 
cv591_23640.txt pos pos:0.9998000220917108 neg:1.999779082891856E-4 
cv576_15688.txt neg neg:0.9995637308367358 pos:4.3626916326409374E-4 
cv555_23922.txt pos neg:0.9985178459985344 pos:0.001482154001465521 
cv738_10116.txt pos pos:0.9999975254738964 neg:2.4745261036473404E-6 
cv308_5079.txt neg neg:0.9999989552098489 pos:1.0447901509463884E-6 
cv869_24782.txt neg neg:0.9993677763460671 pos:6.322236539328059E-4 
cv936_15954.txt pos pos:0.999771755818346 neg:2.2824418165414103E-4 
cv154_9562.txt neg pos:0.8184716997967196 neg:0.18152830020328045 
cv208_9475.txt neg neg:0.9980583432169529 pos:0.001941656783047126 
cv761_12620.txt pos pos:0.9599802787237635 neg:0.04001972127623668 
cv143_19666.txt pos pos:0.999993557652024 neg:6.442347975903736E-6 
cv638_29394.txt neg neg:0.7969461364581639 pos:0.20305386354183602 
cv314_16095.txt neg neg:0.9211773887272238 pos:0.0788226112727762 
cv226_26692.txt neg neg:0.9999991863716148 pos:8.136283853272971E-7 
cv511_10132.txt pos pos:0.9623919303178166 neg:0.03760806968218334 
cv124_4122.txt pos neg:0.9198774559526962 pos:0.08012254404730385 
cv176_14196.txt neg neg:0.826891492451613 pos:0.17310850754838705 
cv077_22138.txt pos pos:0.9999960671807115 neg:3.932819288447158E-6 
cv381_21673.txt neg pos:0.999056826041812 neg:9.431739581879699E-4 
cv198_18180.txt pos pos:0.5959485972378558 neg:0.40405140276214424 
cv047_18725.txt neg pos:0.9999696678556798 neg:3.0332144320348942E-5 
cv106_18379.txt neg neg:0.998811816985011 pos:0.0011881830149889573 
cv483_18103.txt neg neg:0.9678572776847538 pos:0.03214272231524619 
cv715_18179.txt pos pos:0.8940186304011151 neg:0.10598136959888499 
cv280_8267.txt pos neg:0.7173298420897448 pos:0.2826701579102552 
cv408_5367.txt neg neg:0.996058603641496 pos:0.003941396358504127 
cv815_22456.txt pos neg:0.9328310419612988 pos:0.06716895803870108 
cv462_20788.txt neg neg:0.9620506094862239 pos:0.037949390513776056 
cv766_7983.txt neg neg:0.9282019819530166 pos:0.07179801804698349 
cv896_17819.txt neg neg:0.7000269398889142 pos:0.2999730601110858 
cv178_14380.txt neg neg:0.9988924041813485 pos:0.001107595818651427 
cv502_10406.txt pos neg:0.9998353352132032 pos:1.6466478679665996E-4 
cv609_23877.txt pos pos:0.9977017756947762 neg:0.002298224305223731 
cv397_29023.txt pos pos:0.994844891979727 neg:0.00515510802027291 
cv643_29349.txt pos neg:0.9861678471052315 pos:0.013832152894768475 
cv232_16768.txt neg neg:0.9941644836666265 pos:0.005835516333373381 
cv631_4782.txt neg neg:0.8135699757473817 pos:0.1864300242526183 
cv634_11989.txt neg neg:0.9999954187935408 pos:4.581206459192485E-6 
cv085_1381.txt pos pos:0.9999621881739409 neg:3.78118260592072E-5 
cv814_18975.txt pos neg:0.6163279347987536 pos:0.3836720652012464 
cv453_10911.txt neg neg:0.9999999964995578 pos:3.5004421970653975E-9 
cv235_10704.txt neg neg:0.9999850702478699 pos:1.4929752130049147E-5 
cv810_13660.txt neg neg:0.9989600090261732 pos:0.001039990973826893 
cv553_26915.txt pos pos:0.9999997651810025 neg:2.3481899754602629E-7 
cv865_28796.txt neg pos:0.6272568095355399 neg:0.3727431904644602 
cv834_23192.txt neg neg:0.9794933998215343 pos:0.020506600178465874 
cv309_23737.txt neg pos:0.8664947808438026 neg:0.13350521915619742 
cv062_24556.txt neg neg:0.9787674131479018 pos:0.02123258685209823 
cv718_12227.txt neg neg:0.9999873445650107 pos:1.2655434989281574E-5 
cv331_8656.txt neg pos:0.9847439253918573 neg:0.015256074608142656 
cv755_23616.txt pos pos:0.9912111663653752 neg:0.008788833634624746 
cv622_8583.txt neg pos:0.961833619412308 neg:0.038166380587691874 
Trial 0 Trainer MaxEntTrainer,gaussianPriorVariance=1.0 Training Data Confusion Matrix
Confusion Matrix, row=true, column=predicted  accuracy=1.0
  label   0   1  |total
  0 neg 900   .  |900
  1 pos   . 900  |900

Trial 0 Trainer MaxEntTrainer,gaussianPriorVariance=1.0 training data accuracy= 1.0
Trial 0 Trainer MaxEntTrainer,gaussianPriorVariance=1.0 Test Data Confusion Matrix
Confusion Matrix, row=true, column=predicted  accuracy=0.74
  label   0   1  |total
  0 neg  79  21  |100
  1 pos  31  69  |100

Trial 0 Trainer MaxEntTrainer,gaussianPriorVariance=1.0 test data accuracy= 0.74

MaxEntTrainer,gaussianPriorVariance=1.0
Summary. train accuracy mean = 1.0 stddev = 0.0 stderr = 0.0
Summary. test accuracy mean = 0.74 stddev = 0.0 stderr = 0.0
