
-------------------- Trial 0  --------------------

Trial 0 Training NaiveBayesTrainer with 1800 instances
Trial 0 Training NaiveBayesTrainer finished
Trial 0 Trainer NaiveBayesTrainer
 Raw Testing Data
cv195_14528.txt pos pos:0.999862249914997 neg:1.377500850029938E-4 
cv750_10180.txt pos pos:0.9999999987700403 neg:1.2299596425156244E-9 
cv687_22207.txt neg neg:0.9999999999999998 pos:1.3266172725529355E-16 
cv588_13008.txt pos neg:0.603637407503421 pos:0.396362592496579 
cv010_29063.txt neg pos:0.9999911879409885 neg:8.812059011594056E-6 
cv038_9749.txt pos neg:0.989888584876792 pos:0.010111415123207955 
cv858_18819.txt pos pos:0.9996847130575988 neg:3.1528694240119003E-4 
cv702_12371.txt neg neg:0.9995379102927217 pos:4.6208970727836386E-4 
cv744_10038.txt pos pos:0.9990786199151066 neg:9.213800848934076E-4 
cv757_10189.txt pos pos:0.9999249367143168 neg:7.506328568314081E-5 
cv081_18241.txt neg neg:0.5940973843491492 pos:0.40590261565085084 
cv552_10016.txt pos pos:1.0 neg:1.7455415889593416E-22 
cv321_12843.txt pos pos:0.9981288682238769 neg:0.0018711317761231404 
cv667_19672.txt neg neg:0.5536021666326347 pos:0.44639783336736527 
cv954_18628.txt pos pos:0.9992135145113877 neg:7.864854886122568E-4 
cv332_17997.txt neg neg:1.0 pos:1.1333521425367032E-17 
cv311_17708.txt neg pos:0.9985128808534961 neg:0.0014871191465039117 
cv315_12638.txt neg neg:0.9975915980699394 pos:0.0024084019300604858 
cv747_16556.txt pos pos:0.9999988351887058 neg:1.1648112942756954E-6 
cv017_22464.txt pos pos:0.9999999999999278 neg:7.226386778194283E-14 
cv923_11051.txt pos pos:0.9999996007112248 neg:3.9928877510547543E-7 
cv406_21020.txt pos pos:0.9949077647903877 neg:0.005092235209612263 
cv241_24602.txt neg neg:0.9626295894807118 pos:0.03737041051928823 
cv389_9611.txt neg neg:0.9999999844276164 pos:1.5572383589257834E-8 
cv932_13401.txt pos neg:0.9999999999996565 pos:3.4341230092370984E-13 
cv183_19826.txt neg neg:0.9999999990650066 pos:9.349933243924999E-10 
cv427_10825.txt pos neg:0.9901373993246794 pos:0.009862600675320576 
cv396_19127.txt neg pos:0.9994849087890391 neg:5.150912109609835E-4 
cv948_24606.txt pos pos:0.9999871815606297 neg:1.2818439370266315E-5 
cv419_14799.txt neg neg:0.9999999995640139 pos:4.3598617011265927E-10 
cv030_21593.txt pos pos:0.9999999999883957 neg:1.1604266101014894E-11 
cv278_13041.txt pos pos:0.9917624016234095 neg:0.00823759837659057 
cv163_10052.txt pos pos:1.0 neg:1.04834796108515E-19 
cv874_11236.txt pos pos:0.999998304111615 neg:1.6958883849074435E-6 
cv583_29465.txt neg neg:0.9991407139621726 pos:8.592860378274426E-4 
cv581_20790.txt neg neg:0.9999999999526459 pos:4.7354160108253916E-11 
cv016_4348.txt neg neg:0.9999999999011546 pos:9.884536769861192E-11 
cv973_10066.txt pos pos:0.9996201090788107 neg:3.798909211892024E-4 
cv065_16909.txt neg neg:0.9999999999988531 pos:1.1468127311361607E-12 
cv671_5054.txt pos pos:0.9948087429280065 neg:0.005191257071993601 
cv530_16212.txt pos pos:0.9994994708439346 neg:5.005291560653512E-4 
cv149_15670.txt pos pos:0.9999999706276077 neg:2.9372392302037314E-8 
cv068_13400.txt pos neg:0.9999711106073735 pos:2.8889392626484924E-5 
cv719_5581.txt neg neg:1.0 pos:9.564480567259333E-18 
cv943_23547.txt neg neg:0.9999997267788288 pos:2.7322117122603436E-7 
cv791_17995.txt neg neg:0.9999998689044968 pos:1.3109550322103986E-7 
cv930_14949.txt neg neg:0.999999165741367 pos:8.342586329272354E-7 
cv167_16376.txt pos pos:0.9999999999999996 neg:5.176226867220956E-16 
cv635_0984.txt neg neg:0.999999694330538 pos:3.0566946194277627E-7 
cv253_10190.txt neg neg:0.9999960978122191 pos:3.902187781022128E-6 
cv234_22123.txt neg neg:0.9999999943603834 pos:5.639616489190972E-9 
cv254_5870.txt neg neg:0.9999851076160926 pos:1.4892383907391531E-5 
cv440_15243.txt pos pos:0.9999999999751568 neg:2.4843225813264593E-11 
cv738_10287.txt neg neg:1.0 pos:1.3491552925208342E-19 
cv295_15570.txt pos neg:0.9734638280068152 pos:0.02653617199318476 
cv465_23401.txt neg pos:0.8783596572389787 neg:0.12164034276102133 
cv580_15681.txt neg pos:0.99999997281619 neg:2.7183810058473175E-8 
cv123_11182.txt pos pos:0.9999993887145515 neg:6.112854485055252E-7 
cv477_22479.txt pos pos:0.9999999996079274 neg:3.92072591977715E-10 
cv256_14740.txt pos pos:0.9999999999999232 neg:7.675073337638725E-14 
cv445_26683.txt neg neg:0.9803987165158916 pos:0.019601283484108518 
cv303_27366.txt neg pos:0.9484474425151265 neg:0.05155255748487362 
cv714_19704.txt neg neg:0.8450522507568519 pos:0.15494774924314825 
cv903_18981.txt neg neg:0.8290314999003904 pos:0.17096850009960957 
cv942_17082.txt pos neg:0.5418280559546361 pos:0.4581719440453639 
cv273_28961.txt neg pos:0.9558329414833044 neg:0.04416705851669556 
cv608_23231.txt pos pos:0.9967265325164147 neg:0.0032734674835852794 
cv900_10331.txt pos pos:0.9999644742867163 neg:3.552571328384111E-5 
cv487_11058.txt neg pos:0.9999981226592544 neg:1.8773407455549151E-6 
cv577_28220.txt neg neg:0.9999730877298831 pos:2.691227011678327E-5 
cv938_10706.txt neg neg:0.9999992970393125 pos:7.029606876479946E-7 
cv730_10729.txt neg neg:0.9999999999963369 pos:3.663066419107314E-12 
cv714_18502.txt pos pos:1.0 neg:6.2581283872348E-19 
cv733_9891.txt neg neg:0.9827451802504327 pos:0.017254819749567253 
cv732_12245.txt pos pos:0.9999999999959148 neg:4.085233374970688E-12 
cv844_13890.txt neg neg:0.9999999641588768 pos:3.5841123119971986E-8 
cv733_9839.txt pos pos:0.9999999999999976 neg:2.547978658747895E-15 
cv446_11353.txt pos neg:0.999999976266709 pos:2.373329106670141E-8 
cv793_15235.txt neg neg:0.9999948335423166 pos:5.166457683482874E-6 
cv602_8300.txt pos pos:0.6263621537229012 neg:0.37363784627709884 
cv836_14311.txt neg neg:0.9999999998948867 pos:1.0511325053973014E-10 
cv628_20758.txt neg neg:0.9999806913998955 pos:1.930860010444443E-5 
cv998_15691.txt neg neg:0.9999998802176061 pos:1.1978239390965987E-7 
cv683_13047.txt neg neg:0.9991433326493507 pos:8.566673506493247E-4 
cv792_3257.txt neg pos:0.7022111588755151 neg:0.29778884112448495 
cv251_22636.txt pos pos:0.9982297332108958 neg:0.0017702667891042014 
cv434_5793.txt pos neg:0.9999999998518472 pos:1.481528324671795E-10 
cv268_20288.txt neg neg:0.9999999999898741 pos:1.012579573035692E-11 
cv679_28559.txt pos pos:0.6685374508930547 neg:0.3314625491069453 
cv282_6833.txt neg neg:0.997093952746509 pos:0.0029060472534909072 
cv081_16582.txt pos pos:0.999999999944428 neg:5.5572087070887884E-11 
cv870_16348.txt pos pos:0.9999999203430904 neg:7.96569096527356E-8 
cv420_28631.txt neg neg:0.9999999999865492 pos:1.3450735388138636E-11 
cv759_15091.txt neg neg:0.9974466533070714 pos:0.0025533466929285585 
cv632_9610.txt pos pos:0.9999999756023551 neg:2.4397644858672027E-8 
cv993_29565.txt neg neg:0.9659983032499518 pos:0.0340016967500482 
cv613_23104.txt neg neg:0.9999999999985161 pos:1.4839242213322075E-12 
cv265_10814.txt pos pos:0.9999999962152111 neg:3.784788887903189E-9 
cv373_21872.txt neg neg:0.9999999999999869 pos:1.303561526344127E-14 
cv126_28971.txt pos neg:0.9831087205356167 pos:0.016891279464383287 
cv691_5090.txt neg neg:0.9999999999993134 pos:6.866264250133112E-13 
cv543_5107.txt neg neg:0.9999996255661444 pos:3.744338555799555E-7 
cv017_23487.txt neg neg:0.9999999999796603 pos:2.033977261210474E-11 
cv772_12119.txt pos pos:0.9999999114667281 neg:8.853327202835342E-8 
cv792_3832.txt pos pos:0.8162538326884509 neg:0.18374616731154908 
cv113_23102.txt pos pos:0.9999821061393003 neg:1.7893860699707045E-5 
cv346_19198.txt neg neg:0.9999999999970415 pos:2.9585381840661493E-12 
cv720_5383.txt neg pos:0.9882643496662874 neg:0.011735650333712613 
cv500_10251.txt pos pos:0.9999960571997213 neg:3.942800278865771E-6 
cv855_22134.txt neg neg:0.9999998673443545 pos:1.3265564555032287E-7 
cv482_11233.txt neg neg:0.995489635635658 pos:0.004510364364342115 
cv928_9168.txt pos pos:0.9999994865686972 neg:5.134313027975797E-7 
cv260_13959.txt pos neg:0.9950250478724708 pos:0.004974952127529165 
cv489_17906.txt pos neg:0.9977121417689212 pos:0.0022878582310787766 
cv137_17020.txt neg neg:0.9843986667760242 pos:0.015601333223975888 
cv274_26379.txt neg neg:0.9999999999999996 pos:3.4244683804041725E-16 
cv342_20917.txt neg neg:0.9972368639605811 pos:0.002763136039419024 
cv680_10533.txt neg neg:0.9999999999747047 pos:2.5295214753266172E-11 
cv957_8737.txt pos pos:0.9996895773478208 neg:3.1042265217916595E-4 
cv769_8565.txt neg pos:0.9995313193985524 neg:4.6868060144759005E-4 
cv994_12270.txt pos pos:0.6360943606371697 neg:0.3639056393628303 
cv382_8393.txt neg neg:0.9048322677168898 pos:0.09516773228311008 
cv026_29229.txt neg neg:0.9957877650771971 pos:0.004212234922803007 
cv217_28842.txt pos neg:0.9987674970914682 pos:0.0012325029085317194 
cv529_10972.txt neg neg:0.9690012537032737 pos:0.030998746296726293 
cv415_22517.txt pos pos:0.99829925159389 neg:0.0017007484061100726 
cv825_5063.txt pos pos:0.5364532940529222 neg:0.46354670594707775 
cv392_12238.txt neg neg:0.77139917807911 pos:0.22860082192088996 
cv895_21022.txt pos pos:0.9997736399865245 neg:2.2636001347564787E-4 
cv056_13133.txt pos neg:0.729671162047817 pos:0.2703288379521829 
cv268_18834.txt pos pos:0.8703320565326313 neg:0.1296679434673685 
cv710_22577.txt pos pos:0.999028290885877 neg:9.717091141230606E-4 
cv032_22550.txt pos pos:1.0 neg:9.984341468919158E-19 
cv561_9484.txt neg neg:0.9999981611709097 pos:1.838829090351581E-6 
cv485_26649.txt pos pos:0.9999996832738751 neg:3.167261248853617E-7 
cv541_28683.txt neg neg:0.9971567607433588 pos:0.0028432392566411307 
cv874_12182.txt neg neg:0.9999999932620229 pos:6.737977119193633E-9 
cv442_13846.txt pos pos:0.9879735686868271 neg:0.012026431313172894 
cv614_10626.txt pos pos:0.9743730194038717 neg:0.025626980596128272 
cv348_19207.txt neg neg:0.9999999996882876 pos:3.1171240863462764E-10 
cv119_9867.txt pos neg:0.9999999999979547 pos:2.045155215327882E-12 
cv037_19798.txt neg neg:0.9999999990099913 pos:9.90008735769341E-10 
cv883_27751.txt pos pos:0.9999914729063569 neg:8.527093643000868E-6 
cv537_12370.txt pos pos:0.9999951236835369 neg:4.876316463131034E-6 
cv673_24714.txt pos pos:0.9935370329319612 neg:0.006462967068038954 
cv594_11945.txt neg pos:0.9340957534687468 neg:0.06590424653125308 
cv717_15953.txt pos pos:0.9999985586746047 neg:1.4413253952771727E-6 
cv879_14903.txt pos pos:0.9999911793424603 neg:8.820657539749763E-6 
cv739_11209.txt pos pos:1.0 neg:8.819849225185635E-18 
cv729_10475.txt neg neg:0.9999999662071681 pos:3.3792831835557086E-8 
cv894_2068.txt pos pos:0.9999958579534699 neg:4.142046530166621E-6 
cv387_12391.txt neg neg:0.9999249180433568 pos:7.508195664319753E-5 
cv494_17389.txt pos pos:0.9999984064671037 neg:1.593532896300602E-6 
cv340_14776.txt neg pos:0.5576103237019964 neg:0.44238967629800363 
cv305_9946.txt pos pos:0.9651835476881282 neg:0.03481645231187179 
cv474_10682.txt neg neg:0.9816246220152665 pos:0.01837537798473345 
cv043_16808.txt neg neg:0.9999999920715287 pos:7.928471326504714E-9 
cv530_17949.txt neg neg:0.997380450983193 pos:0.002619549016807013 
cv500_10722.txt neg neg:0.9999999936777211 pos:6.322278981231062E-9 
cv516_12117.txt neg pos:0.9839811950726483 neg:0.01601880492735177 
cv379_23167.txt neg pos:0.9999999999971481 neg:2.851902773228515E-12 
cv501_11657.txt pos pos:0.9994920711638865 neg:5.07928836113407E-4 
cv664_4264.txt neg neg:0.9999746254183491 pos:2.5374581650837146E-5 
cv726_4365.txt neg neg:0.9999833834654541 pos:1.661653454587001E-5 
cv963_6895.txt pos neg:0.9996163515644914 pos:3.83648435508659E-4 
cv825_5168.txt neg neg:0.9999765115717637 pos:2.3488428236261416E-5 
cv085_15286.txt neg neg:0.9999999999229945 pos:7.700555348790053E-11 
cv276_17126.txt neg neg:0.9999517416006771 pos:4.8258399322754806E-5 
cv263_20693.txt neg neg:0.9999758245435287 pos:2.4175456471328145E-5 
cv838_24728.txt pos pos:0.9999999997557172 neg:2.4428276784006903E-10 
cv525_16122.txt pos neg:0.8877478087514776 pos:0.1122521912485223 
cv098_17021.txt neg neg:0.9999996660392246 pos:3.339607753466138E-7 
cv001_18431.txt pos pos:0.999999933486913 neg:6.651308707726557E-8 
cv627_11620.txt pos neg:0.9997373950138199 pos:2.626049861801573E-4 
cv016_4659.txt pos pos:0.9481683047133649 neg:0.0518316952866351 
cv921_12747.txt pos pos:0.9999995581473878 neg:4.418526122437061E-7 
cv976_10267.txt pos pos:0.888380098086514 neg:0.11161990191348604 
cv134_22246.txt pos pos:0.999999999996819 neg:3.1811058667419635E-12 
cv295_17060.txt neg neg:0.9999993610930381 pos:6.389069619721205E-7 
cv812_19051.txt neg neg:0.9999079801867414 pos:9.201981325856648E-5 
cv452_5179.txt neg neg:0.9569233230084768 pos:0.04307667699152327 
cv756_22540.txt pos pos:0.9999982879468882 neg:1.7120531116974771E-6 
cv399_2877.txt pos pos:0.9999999996897371 neg:3.1026299021994175E-10 
cv441_13711.txt pos pos:0.9999994864577634 neg:5.135422365624477E-7 
cv317_24049.txt pos neg:0.9612750096657606 pos:0.03872499033423933 
cv715_19246.txt neg neg:0.9999999957183641 pos:4.28163599898522E-9 
cv540_3421.txt pos pos:0.9999826600918847 neg:1.7339908115172383E-5 
cv437_22849.txt pos pos:0.9999999999999882 neg:1.1712224721101518E-14 
cv217_28707.txt neg neg:0.9999999999634204 pos:3.6579525633015966E-11 
cv827_18331.txt pos pos:0.9995743442035394 neg:4.2565579646057007E-4 
cv915_8841.txt pos neg:0.9934354198088818 pos:0.0065645801911182345 
cv166_11959.txt neg neg:0.9997343296954682 pos:2.656703045318633E-4 
cv143_21158.txt neg neg:0.9999999998483176 pos:1.5168237131694464E-10 
cv732_13092.txt neg pos:0.9999999999962976 neg:3.702261245952228E-12 
cv076_24945.txt pos pos:0.9970713647416548 neg:0.0029286352583453245 
cv100_12406.txt neg neg:0.9935536430606273 pos:0.006446356939372831 
cv775_17966.txt neg neg:0.9999812197011729 pos:1.878029882708622E-5 
cv847_1941.txt pos neg:0.8632791043492499 pos:0.1367208956507502 
cv843_15544.txt pos pos:0.9999999510923172 neg:4.8907682768869655E-8 
cv991_18645.txt pos neg:0.9999777560964951 pos:2.2243903504787463E-5 
Trial 0 Trainer NaiveBayesTrainer Training Data Confusion Matrix
Confusion Matrix, row=true, column=predicted  accuracy=0.9194444444444444
  label   0   1  |total
  0 neg 840  60  |900
  1 pos  85 815  |900

Trial 0 Trainer NaiveBayesTrainer training data accuracy= 0.9194444444444444
Trial 0 Trainer NaiveBayesTrainer Test Data Confusion Matrix
Confusion Matrix, row=true, column=predicted  accuracy=0.81
  label   0   1  |total
  0 neg  84  16  |100
  1 pos  22  78  |100

Trial 0 Trainer NaiveBayesTrainer test data accuracy= 0.81

NaiveBayesTrainer
Summary. train accuracy mean = 0.9194444444444444 stddev = 0.0 stderr = 0.0
Summary. test accuracy mean = 0.81 stddev = 0.0 stderr = 0.0
