
-------------------- Trial 0  --------------------

Trial 0 Training NaiveBayesTrainer with 1800 instances
Trial 0 Training NaiveBayesTrainer finished
Trial 0 Trainer NaiveBayesTrainer
 Raw Testing Data
cv133_18065.txt neg neg:0.9999999768522719 pos:2.3147728015937007E-8 
cv478_15921.txt neg neg:0.9999999999972427 pos:2.757446080721298E-12 
cv782_19526.txt pos pos:1.0 neg:2.5642889604368285E-25 
cv112_11193.txt pos pos:0.9995154655796326 neg:4.8453442036741607E-4 
cv408_5297.txt pos neg:0.9997366283167058 pos:2.6337168329420034E-4 
cv011_12166.txt pos neg:0.5785309648287464 pos:0.4214690351712535 
cv367_24065.txt neg neg:0.9999999999999991 pos:9.321178104775587E-16 
cv348_18176.txt pos pos:0.9659706109984159 neg:0.034029389001584226 
cv070_12289.txt pos pos:0.9981540424127825 neg:0.0018459575872176283 
cv433_10443.txt neg pos:0.9997387972738279 neg:2.6120272617223057E-4 
cv031_18452.txt pos pos:0.9999999999999987 neg:1.3587856774968906E-15 
cv649_12735.txt pos neg:0.9999687260434298 pos:3.12739565701185E-5 
cv343_10906.txt neg neg:0.8436434037892173 pos:0.15635659621078266 
cv390_12187.txt neg pos:0.9446362146175549 neg:0.055363785382445234 
cv794_17353.txt neg neg:0.9997561054199915 pos:2.4389458000846894E-4 
cv922_10073.txt pos pos:0.9756724131179513 neg:0.02432758688204861 
cv437_24070.txt neg neg:0.9999999993789945 pos:6.210055724036761E-10 
cv785_22600.txt pos pos:0.9999045097198342 neg:9.549028016586815E-5 
cv515_18484.txt neg pos:0.7388497334014013 neg:0.26115026659859875 
cv492_19370.txt neg neg:0.9863178141515919 pos:0.01368218584840809 
cv279_18329.txt pos pos:0.9999976389991879 neg:2.3610008121139106E-6 
cv435_24355.txt neg pos:0.8606901902400743 neg:0.13930980975992577 
cv534_15683.txt neg neg:0.9999846168822178 pos:1.538311778217315E-5 
cv867_16661.txt pos neg:0.9999993260687349 pos:6.739312650979662E-7 
cv838_25886.txt neg neg:0.999714307566079 pos:2.856924339210483E-4 
cv479_5450.txt neg neg:0.9999998353442303 pos:1.646557695842236E-7 
cv078_14730.txt pos pos:0.9999999590248178 neg:4.09751822804918E-8 
cv701_15880.txt neg pos:0.9542887194671359 neg:0.045711280532864156 
cv377_8440.txt neg pos:0.6678454305430414 neg:0.3321545694569587 
cv860_15520.txt neg neg:0.9999925774370102 pos:7.422562989737617E-6 
cv776_20529.txt pos pos:0.9999999996907563 neg:3.0924382912928876E-10 
cv240_14336.txt pos pos:0.9999999998751465 neg:1.2485335614271578E-10 
cv783_13227.txt pos neg:0.9999317196858979 pos:6.828031410224376E-5 
cv991_19973.txt neg pos:0.998819364705745 neg:0.001180635294255017 
cv823_17055.txt neg neg:0.9999999999952462 pos:4.753652312761275E-12 
cv352_5414.txt neg neg:0.849112399193365 pos:0.15088760080663502 
cv350_22139.txt neg neg:0.9999983693382105 pos:1.6306617894176295E-6 
cv817_3675.txt neg neg:0.9919333681634417 pos:0.008066631836558256 
cv917_29715.txt pos neg:0.6688131437005086 pos:0.3311868562994914 
cv834_22195.txt pos pos:0.9999997196911008 neg:2.803088993362353E-7 
cv177_10904.txt neg neg:0.9845061874996066 pos:0.015493812500393403 
cv045_23923.txt pos pos:0.9999955118902595 neg:4.488109740419674E-6 
cv131_11568.txt neg neg:0.9999984279001729 pos:1.572099827158362E-6 
cv572_20053.txt neg neg:0.9943416547031352 pos:0.005658345296864819 
cv241_23130.txt pos pos:0.9999999999871059 neg:1.2894210936126347E-11 
cv141_15686.txt pos neg:0.9615894064415575 pos:0.03841059355844254 
cv523_18285.txt neg neg:0.9999654804829569 pos:3.451951704326516E-5 
cv375_9929.txt pos pos:0.9996474303135849 neg:3.5256968641520387E-4 
cv346_18168.txt pos neg:0.7874137363679142 pos:0.21258626363208571 
cv428_12202.txt neg neg:1.0 pos:1.6258927995073728E-17 
cv552_0150.txt neg neg:0.9999994465838907 pos:5.53416109406397E-7 
cv802_28381.txt neg neg:0.992997522354457 pos:0.007002477645543016 
cv507_9509.txt neg neg:0.9999999991633903 pos:8.36609712333161E-10 
cv201_7421.txt neg neg:0.9951225311857462 pos:0.00487746881425368 
cv259_11827.txt neg neg:0.9741852870828492 pos:0.02581471291715074 
cv349_13507.txt pos pos:0.9769692118709757 neg:0.023030788129024347 
cv458_8604.txt pos pos:0.9999999999937408 neg:6.2592957631973235E-12 
cv651_10492.txt pos pos:0.7442900805420687 neg:0.2557099194579313 
cv880_29800.txt pos pos:0.9999992073024024 neg:7.926975975468362E-7 
cv932_14854.txt neg neg:0.9999999999789713 pos:2.10287198829796E-11 
cv314_14422.txt pos neg:0.5424615727978291 pos:0.4575384272021708 
cv277_19091.txt pos pos:0.9745330358123238 neg:0.025466964187676397 
cv105_19135.txt neg neg:0.996599547683147 pos:0.0034004523168530486 
cv272_18974.txt pos pos:0.9999999999999984 neg:1.6253753505219278E-15 
cv795_10291.txt neg neg:0.9999999999993521 pos:6.480175766821589E-13 
cv096_11474.txt pos pos:0.9999997145352892 neg:2.85464710715963E-7 
cv866_29691.txt pos pos:0.9958752627369735 neg:0.004124737263026586 
cv136_11505.txt pos pos:0.9994505853008189 neg:5.494146991811741E-4 
cv664_4389.txt pos neg:0.9975541958137274 pos:0.002445804186272608 
cv179_9228.txt pos pos:0.9997573058710058 neg:2.426941289942498E-4 
cv528_10822.txt pos pos:0.99999958170787 neg:4.1829213002894234E-7 
cv995_21821.txt pos pos:0.9983066664915048 neg:0.0016933335084950995 
cv475_22978.txt neg pos:0.9999999999701563 neg:2.9843756309908555E-11 
cv070_13249.txt neg neg:0.9999954678854607 pos:4.532114539371358E-6 
cv657_25835.txt neg neg:0.989027399637191 pos:0.010972600362809016 
cv969_14760.txt neg pos:0.9825980740888035 neg:0.017401925911196523 
cv935_23841.txt pos pos:0.9999997563294546 neg:2.436705455258698E-7 
cv920_29622.txt pos pos:0.9994655406322714 neg:5.344593677284699E-4 
cv126_28821.txt neg neg:0.9999999997839888 pos:2.1601131535588694E-10 
cv668_17604.txt pos neg:0.5239296959307023 pos:0.4760703040692977 
cv521_1730.txt neg neg:0.9978417430083867 pos:0.0021582569916133703 
cv790_14600.txt pos neg:0.9998749292559107 pos:1.2507074408930262E-4 
cv822_21545.txt neg neg:1.0 pos:3.59987693765889E-18 
cv247_14668.txt neg pos:0.9998150440590645 neg:1.8495594093559013E-4 
cv972_26417.txt pos pos:0.6853135117264796 neg:0.31468648827352036 
cv675_22871.txt neg pos:0.9998648484052908 neg:1.3515159470918876E-4 
cv509_17354.txt neg neg:0.9983964123502708 pos:0.001603587649729118 
cv952_25240.txt pos neg:0.9999999993702433 pos:6.297567789455962E-10 
cv205_9676.txt neg neg:0.9430593091928249 pos:0.05694069080717511 
cv734_21568.txt pos pos:0.9979687213497204 neg:0.0020312786502795516 
cv968_24218.txt pos pos:0.9999999999992057 neg:7.942125428282361E-13 
cv502_10970.txt neg neg:0.710526675001674 pos:0.2894733249983259 
cv406_22199.txt neg neg:0.9999912016285993 pos:8.798371400626685E-6 
cv275_28725.txt neg neg:0.9665806389373831 pos:0.03341936106261682 
cv806_9405.txt neg neg:0.9998929662449315 pos:1.0703375506852103E-4 
cv290_11084.txt pos pos:1.0 neg:1.6920401618796874E-21 
cv439_17633.txt neg neg:0.9999999997919984 pos:2.0800162271926252E-10 
cv372_6552.txt pos pos:0.6204426893202203 neg:0.3795573106797796 
cv014_15600.txt neg neg:0.9999932794865283 pos:6.7205134716748054E-6 
cv531_26838.txt neg pos:0.9950929104723438 neg:0.0049070895276561366 
cv367_22792.txt pos pos:0.999999999999085 neg:9.149838110692108E-13 
cv818_10211.txt pos pos:0.9999999999999789 neg:2.1054473407602406E-14 
cv642_29788.txt neg neg:0.9999781568190487 pos:2.1843180951261917E-5 
cv925_8969.txt pos pos:0.9999999999999956 neg:4.549236210028914E-15 
cv936_17473.txt neg neg:0.9999999999998239 pos:1.761585583064628E-13 
cv228_5806.txt pos pos:0.9999999587751839 neg:4.1224816077032254E-8 
cv912_5562.txt neg neg:0.9999912831026811 pos:8.716897318819025E-6 
cv308_5016.txt pos pos:0.9263891379559178 neg:0.07361086204408225 
cv749_18960.txt neg neg:0.9999999997323812 pos:2.6761886295727883E-10 
cv087_1989.txt pos pos:0.9996008817891925 neg:3.991182108075973E-4 
cv442_15499.txt neg neg:0.9999977233229923 pos:2.2766770076888524E-6 
cv812_17924.txt pos pos:0.9999978180586828 neg:2.181941317226608E-6 
cv255_13683.txt pos pos:0.9997960492908876 neg:2.039507091122428E-4 
cv421_9752.txt neg pos:0.9089128124241568 neg:0.09108718757584337 
cv783_14724.txt neg neg:0.999999991492352 pos:8.507648118349979E-9 
cv102_7846.txt pos pos:0.9994735208207404 neg:5.264791792596677E-4 
cv174_9735.txt neg neg:0.9999835691879027 pos:1.643081209743805E-5 
cv326_14777.txt neg neg:0.9958415488406555 pos:0.00415845115934456 
cv704_15969.txt pos pos:0.9984624636762653 neg:0.001537536323734653 
cv398_15537.txt pos pos:0.999999996942404 neg:3.0575960183268423E-9 
cv584_29722.txt pos pos:0.9999948442546092 neg:5.155745390937769E-6 
cv645_17078.txt neg pos:0.8887802352124033 neg:0.1112197647875967 
cv352_5524.txt pos neg:0.8819586312534387 pos:0.11804136874656129 
cv701_14252.txt pos pos:0.999996407843651 neg:3.5921563490678334E-6 
cv986_13527.txt pos neg:0.9999999999999996 pos:5.510268612394303E-16 
cv756_23676.txt neg neg:0.9999999801719952 pos:1.9828004793511505E-8 
cv576_14094.txt pos pos:0.8739530472589969 neg:0.12604695274100308 
cv988_20168.txt neg neg:0.9999999965829802 pos:3.4170198714015098E-9 
cv297_10104.txt neg neg:0.999999914881946 pos:8.511805394026391E-8 
cv747_18189.txt neg pos:0.9974876105313553 neg:0.0025123894686448346 
cv596_4367.txt neg pos:0.5522822698687262 neg:0.4477177301312738 
cv243_20728.txt pos pos:0.9997291033031355 neg:2.708966968644781E-4 
cv473_7869.txt neg neg:0.9997972787172101 pos:2.0272128278993163E-4 
cv364_14254.txt neg neg:1.0 pos:9.093430911860186E-18 
cv670_25826.txt pos pos:0.6792018466198653 neg:0.3207981533801347 
cv117_25625.txt neg neg:0.9999997015611568 pos:2.984388432071077E-7 
cv417_13115.txt pos pos:0.9999999368046013 neg:6.319539874319426E-8 
cv318_10493.txt pos pos:0.9994300537018757 neg:5.699462981243429E-4 
cv802_28664.txt pos pos:0.9999999999999993 neg:6.834547858637038E-16 
cv425_8603.txt neg neg:0.9997282569764286 pos:2.717430235714267E-4 
cv986_15092.txt neg neg:0.9994474346340689 pos:5.525653659309717E-4 
cv460_11723.txt neg neg:0.9865620403955158 pos:0.01343795960448414 
cv934_19027.txt pos pos:0.9999579532542097 neg:4.204674579028103E-5 
cv535_21183.txt neg neg:0.9998341802279094 pos:1.6581977209062886E-4 
cv394_5137.txt pos pos:0.9999862580683693 neg:1.374193163074731E-5 
cv700_21947.txt pos neg:0.9995224317012785 pos:4.775682987213715E-4 
cv323_29805.txt pos pos:0.999999999889116 neg:1.1088393140390064E-10 
cv293_29731.txt neg neg:0.9999997995904564 pos:2.0040954360920705E-7 
cv022_14227.txt neg neg:1.0 pos:1.7123008871031758E-22 
cv879_16585.txt neg neg:0.7530083857682686 pos:0.24699161423173135 
cv207_29284.txt pos pos:0.5499930624357648 neg:0.45000693756423515 
cv966_28671.txt neg neg:0.9999802598538122 pos:1.9740146187714427E-5 
cv004_12641.txt neg neg:0.999959473443675 pos:4.0526556325137424E-5 
cv091_7400.txt pos pos:0.9948293035874456 neg:0.005170696412554381 
cv731_3968.txt neg neg:0.9762051940216235 pos:0.02379480597837653 
cv567_29611.txt pos pos:0.9999999629069445 neg:3.7093055399451044E-8 
cv704_17622.txt neg neg:0.9997801257626265 pos:2.198742373733349E-4 
cv207_29141.txt neg neg:0.9929625805114493 pos:0.007037419488550724 
cv804_10862.txt pos pos:0.99715011776761 neg:0.002849882232390064 
cv581_19381.txt pos pos:0.9587533492328356 neg:0.04124665076716439 
cv685_5947.txt pos neg:0.968007490947236 pos:0.0319925090527641 
cv913_29127.txt neg pos:0.9999731476077531 neg:2.685239224691074E-5 
cv672_27988.txt neg neg:0.9999999829649876 pos:1.703501233390046E-8 
cv417_14653.txt neg neg:0.8809250534724178 pos:0.1190749465275822 
cv861_1198.txt pos pos:0.8932877529288588 neg:0.1067122470711411 
cv177_10367.txt pos pos:0.9999518140963296 neg:4.81859036702587E-5 
cv132_5618.txt pos neg:0.6844947752681557 pos:0.3155052247318442 
cv427_11693.txt neg pos:0.9997870728624907 neg:2.1292713750931458E-4 
cv582_6559.txt pos pos:1.0 neg:2.1304265791160806E-17 
cv814_20316.txt neg neg:0.9999999999998779 pos:1.221686300958263E-13 
cv533_9843.txt neg neg:0.9999936862988285 pos:6.313701171575473E-6 
cv863_7912.txt neg neg:0.999999026928099 pos:9.73071900873515E-7 
cv799_18543.txt pos pos:0.522926714108522 neg:0.477073285891478 
cv518_14798.txt neg neg:0.9999999953750358 pos:4.624964060152577E-9 
cv231_10425.txt pos pos:1.0 neg:5.268156545278148E-26 
cv298_23111.txt pos pos:1.0 neg:1.1815996584638137E-19 
cv800_12368.txt pos pos:0.9999999992220623 neg:7.779376182074538E-10 
cv656_25395.txt neg neg:1.0 pos:1.5499858909552836E-18 
cv156_10481.txt pos neg:0.9999448085622201 pos:5.5191437779778365E-5 
cv735_18801.txt pos pos:0.9999645642559729 neg:3.543574402697003E-5 
cv522_5583.txt pos pos:0.9915486073677523 neg:0.008451392632247753 
cv482_10580.txt pos neg:0.9884100264785056 pos:0.011589973521494329 
cv497_26980.txt pos pos:0.9998853079407837 neg:1.1469205921647503E-4 
cv036_16831.txt pos pos:0.99999976588774 neg:2.3411226010417964E-7 
cv950_13478.txt neg neg:0.9999999999999998 pos:1.1699418345756703E-16 
cv922_10185.txt neg neg:0.9998736210062025 pos:1.2637899379759287E-4 
cv615_15734.txt neg neg:0.9999998329949068 pos:1.6700509315468857E-7 
cv803_8584.txt neg pos:0.9999999999861904 neg:1.380963234707378E-11 
cv322_21820.txt neg neg:0.9999999999991629 pos:8.370696493758293E-13 
cv422_9632.txt neg neg:0.9999986935910962 pos:1.3064089038975867E-6 
cv839_21467.txt pos pos:0.999998643161752 neg:1.35683824789204E-6 
cv216_18738.txt pos pos:0.9999999999010367 neg:9.89632337206885E-11 
cv370_5221.txt pos neg:0.999999993533824 pos:6.466175947397707E-9 
cv309_22571.txt pos pos:0.9999999999999951 neg:4.970018602071E-15 
cv449_8785.txt pos pos:0.9992858475661839 neg:7.141524338161645E-4 
cv916_15467.txt pos pos:0.9999999999919627 neg:8.037261496182912E-12 
cv135_12506.txt neg neg:0.8577673047001865 pos:0.14223269529981356 
cv006_15448.txt pos pos:0.9999999907109495 neg:9.28905059500381E-9 
cv239_3385.txt pos pos:0.9999999998297058 neg:1.7029423493315753E-10 
cv138_13903.txt neg neg:0.9999998827247032 pos:1.17275296872721E-7 
Trial 0 Trainer NaiveBayesTrainer Training Data Confusion Matrix
Confusion Matrix, row=true, column=predicted  accuracy=0.9094444444444445
  label   0   1  |total
  0 neg 830  70  |900
  1 pos  93 807  |900

Trial 0 Trainer NaiveBayesTrainer training data accuracy= 0.9094444444444445
Trial 0 Trainer NaiveBayesTrainer Test Data Confusion Matrix
Confusion Matrix, row=true, column=predicted  accuracy=0.8
  label   0   1  |total
  0 neg  81  19  |100
  1 pos  21  79  |100

Trial 0 Trainer NaiveBayesTrainer test data accuracy= 0.8

NaiveBayesTrainer
Summary. train accuracy mean = 0.9094444444444445 stddev = 0.0 stderr = 0.0
Summary. test accuracy mean = 0.8 stddev = 0.0 stderr = 0.0
