
-------------------- Trial 0  --------------------

Trial 0 Training NaiveBayesTrainer with 1800 instances
Trial 0 Training NaiveBayesTrainer finished
Trial 0 Trainer NaiveBayesTrainer
 Raw Testing Data
cv082_11979.txt neg pos:0.9490147134091945 neg:0.05098528659080551 
cv898_1576.txt neg neg:0.9999678213766373 pos:3.2178623362734426E-5 
cv242_11354.txt neg neg:0.9999985137252642 pos:1.4862747359347085E-6 
cv693_18063.txt pos neg:0.9999998480636607 pos:1.5193633931201642E-7 
cv659_21483.txt neg neg:0.9999991366009426 pos:8.633990573829429E-7 
cv636_15279.txt pos neg:0.9999999998749574 pos:1.2504261840194995E-10 
cv256_16529.txt neg neg:0.9999999999596656 pos:4.033433710800059E-11 
cv347_14722.txt neg neg:0.9990119274450405 pos:9.88072554959394E-4 
cv491_12992.txt neg neg:0.9999999980088927 pos:1.9911073250130493E-9 
cv596_28311.txt pos pos:1.0 neg:2.7193594813564043E-20 
cv410_25624.txt neg pos:0.9322124478885577 neg:0.0677875521114422 
cv233_15964.txt pos pos:0.9999999932522907 neg:6.747709343066909E-9 
cv831_16325.txt neg neg:0.9999170077160022 pos:8.299228399781697E-5 
cv298_24487.txt neg pos:0.9610871718007825 neg:0.03891282819921759 
cv510_23360.txt pos pos:0.7425775644737674 neg:0.2574224355262327 
cv588_14467.txt neg neg:0.9997521970223652 pos:2.4780297763482995E-4 
cv516_11172.txt pos pos:0.6532107471777621 neg:0.34678925282223805 
cv053_23117.txt neg neg:1.0 pos:1.8561801341403957E-21 
cv923_11951.txt neg neg:0.9999999996225155 pos:3.7748455704809956E-10 
cv470_15952.txt pos neg:0.9999999915736609 pos:8.42633908360414E-9 
cv327_20292.txt pos pos:0.999999999999851 neg:1.4908935595379192E-13 
cv537_13516.txt neg neg:0.9999873305717051 pos:1.2669428294963148E-5 
cv343_10368.txt pos pos:0.9852758828881919 neg:0.014724117111808096 
cv292_7282.txt pos pos:0.999776860148956 neg:2.2313985104395974E-4 
cv025_29825.txt neg pos:0.9859531747486245 neg:0.014046825251375494 
cv129_18373.txt neg neg:0.9999486099252465 pos:5.1390074753466296E-5 
cv263_19259.txt pos neg:0.9961878002175504 pos:0.0038121997824496832 
cv599_22197.txt neg neg:0.999999999511525 pos:4.884750600046183E-10 
cv015_29356.txt neg neg:0.9999999999951605 pos:4.83936871079936E-12 
cv996_11592.txt pos pos:0.9999999520041668 neg:4.7995833116765535E-8 
cv235_10217.txt pos pos:0.9999975353376859 neg:2.464662314097394E-6 
cv666_18963.txt pos pos:0.999999999911535 neg:8.846501828375476E-11 
cv365_11576.txt pos neg:0.9997340615492842 pos:2.659384507157932E-4 
cv172_12037.txt neg neg:0.9999999844150407 pos:1.5584959410733546E-8 
cv310_14568.txt neg neg:0.9999997541037872 pos:2.4589621289096047E-7 
cv697_11162.txt pos pos:0.9999971886489225 neg:2.8113510774196173E-6 
cv534_14083.txt pos pos:0.8016542841148392 neg:0.19834571588516084 
cv622_8147.txt pos pos:0.9935735963959911 neg:0.006426403604008949 
cv362_15341.txt pos pos:0.9999999956257253 neg:4.374274659378208E-9 
cv816_13655.txt pos neg:0.9999999997195426 pos:2.8045740804430207E-10 
cv233_17614.txt neg pos:0.9993666839293648 neg:6.333160706353321E-4 
cv563_18610.txt neg pos:0.7631508556366932 neg:0.23684914436330684 
cv629_14909.txt pos pos:0.9981540776627956 neg:0.0018459223372043873 
cv020_9234.txt neg neg:0.9999999642152051 pos:3.578479484753978E-8 
cv724_15265.txt neg neg:0.9998925518140641 pos:1.0744818593600953E-4 
cv286_26156.txt neg neg:0.9999996974568424 pos:3.0254315767444763E-7 
cv357_14710.txt neg neg:0.9996542227481333 pos:3.457772518666936E-4 
cv595_26420.txt neg neg:0.9999999999961107 pos:3.889436736983072E-12 
cv594_11039.txt pos pos:0.9999958135744818 neg:4.186425518148156E-6 
cv572_18657.txt pos pos:0.9999999968642113 neg:3.135788780332733E-9 
cv828_19831.txt pos neg:0.9999999998071452 pos:1.928547869278409E-10 
cv736_24947.txt neg neg:1.0 pos:6.0284937024479295E-18 
cv447_27332.txt pos pos:0.7399331728221415 neg:0.26006682717785845 
cv397_28890.txt neg neg:0.9999956454852127 pos:4.35451478720389E-6 
cv877_29132.txt neg neg:0.9788353654553736 pos:0.021164634544626273 
cv688_7884.txt neg neg:0.9996267942927382 pos:3.732057072618748E-4 
cv155_7308.txt pos pos:0.9999999990776363 neg:9.223638386122928E-10 
cv306_10364.txt pos pos:1.0 neg:2.931038677992942E-23 
cv597_26360.txt pos neg:0.999745720418569 pos:2.542795814309079E-4 
cv456_20370.txt neg neg:0.9999954742695478 pos:4.5257304521475265E-6 
cv821_29283.txt neg neg:0.735802089185462 pos:0.264197910814538 
cv745_12773.txt pos pos:0.999999473912606 neg:5.260873939277414E-7 
cv882_10026.txt pos neg:0.9999990832250414 pos:9.16774958556742E-7 
cv476_16856.txt pos pos:0.9999999991279407 neg:8.720593333648014E-10 
cv290_11981.txt neg pos:0.7571168822163116 neg:0.24288311778368843 
cv564_12011.txt neg pos:0.9992289280992378 neg:7.710719007622632E-4 
cv043_15013.txt pos pos:0.9999999990621482 neg:9.378517395515886E-10 
cv285_18186.txt neg neg:0.9466205539111774 pos:0.05337944608882256 
cv971_10874.txt pos pos:0.9969095808192836 neg:0.0030904191807164133 
cv182_7791.txt neg neg:0.9999935629770302 pos:6.437022969662975E-6 
cv450_7890.txt pos pos:0.9999997649952267 neg:2.3500477322952028E-7 
cv860_13853.txt pos pos:0.9999999762427932 neg:2.3757206814970016E-8 
cv779_17881.txt pos pos:0.9999977701533778 neg:2.2298466222368454E-6 
cv097_24970.txt pos pos:0.9992618464774066 neg:7.381535225935433E-4 
cv665_29386.txt neg neg:0.9999978122869398 pos:2.187713060120844E-6 
cv468_15228.txt pos pos:0.9999999999761209 neg:2.3879185695621104E-11 
cv920_29423.txt neg neg:0.9999950523123069 pos:4.947687693131916E-6 
cv096_12262.txt neg neg:0.5715517074909601 pos:0.42844829250904 
cv550_23226.txt neg neg:0.9999998965606784 pos:1.0343932141496593E-7 
cv391_10802.txt pos pos:0.9999636874126232 neg:3.6312587376676615E-5 
cv503_11196.txt neg neg:0.9964390719129601 pos:0.003560928087039991 
cv103_11021.txt pos neg:0.9627045092948988 pos:0.03729549070510118 
cv590_19290.txt pos neg:0.9922922542725834 pos:0.007707745727416686 
cv457_18453.txt pos pos:0.9999999999999993 neg:5.875491367158077E-16 
cv724_13681.txt pos pos:0.999999999594684 neg:4.053160112496998E-10 
cv344_5376.txt neg neg:0.9788369893143575 pos:0.02116301068564252 
cv416_11136.txt pos pos:0.9992901890212524 neg:7.098109787475644E-4 
cv856_29013.txt pos neg:0.9999902372580723 pos:9.76274192770061E-6 
cv438_8043.txt pos pos:0.9998063774011072 neg:1.9362259889272272E-4 
cv607_7717.txt pos neg:0.6443251392463445 pos:0.35567486075365545 
cv184_2673.txt pos neg:0.9910205445804853 pos:0.008979455419514636 
cv862_15924.txt neg neg:0.9999951893185042 pos:4.810681495969204E-6 
cv134_23300.txt neg neg:0.9999999992036845 pos:7.963155342017394E-10 
cv742_7751.txt pos pos:0.9906462411187353 neg:0.009353758881264536 
cv066_11668.txt neg neg:0.9999991280929167 pos:8.719070832565121E-7 
cv133_16336.txt pos pos:0.999970654797159 neg:2.9345202841053766E-5 
cv635_10022.txt pos pos:0.9999999999997156 neg:2.8451796220103325E-13 
cv330_29675.txt neg pos:0.9995590516318728 neg:4.40948368127275E-4 
cv751_17208.txt neg pos:0.9999359247157948 neg:6.407528420508915E-5 
cv894_22140.txt neg neg:1.0 pos:3.100704733479274E-21 
cv391_11615.txt neg neg:0.9999927267139085 pos:7.273286091500072E-6 
cv104_19176.txt neg pos:0.9999578422489317 neg:4.2157751068392555E-5 
cv044_18429.txt neg neg:0.9603512018493121 pos:0.039648798150687975 
cv313_19337.txt neg neg:0.9999996592739113 pos:3.407260887408605E-7 
cv018_20137.txt pos pos:0.7350157195392458 neg:0.26498428046075423 
cv359_6751.txt neg pos:0.9997300323141454 neg:2.699676858545769E-4 
cv261_11855.txt neg neg:0.9636300768342443 pos:0.036369923165755824 
cv198_19313.txt neg pos:0.9244881053278401 neg:0.07551189467216002 
cv709_10529.txt pos neg:0.9997821170995361 pos:2.1788290046378315E-4 
cv545_12014.txt pos pos:1.0 neg:2.3055726826214357E-18 
cv089_11418.txt pos pos:0.9628436141145449 neg:0.03715638588545507 
cv540_3092.txt neg neg:0.9999999283658023 pos:7.163419773400992E-8 
cv094_27868.txt neg pos:0.966940389848268 neg:0.03305961015173185 
cv837_27232.txt neg pos:0.9195610985664634 neg:0.08043890143353664 
cv342_19456.txt pos pos:0.988078160103163 neg:0.01192183989683707 
cv300_23302.txt neg neg:0.999999999999545 pos:4.549076581321562E-13 
cv493_14135.txt neg neg:0.9678676671475847 pos:0.03213233285241526 
cv127_16451.txt neg neg:0.9999999991229036 pos:8.770964173043043E-10 
cv301_13010.txt neg pos:0.9999898659506002 neg:1.0134049399732353E-5 
cv674_10732.txt pos pos:0.999999999997758 neg:2.242053587152563E-12 
cv250_26462.txt neg neg:0.5857033805644848 pos:0.41429661943551527 
cv356_25163.txt pos pos:0.9998400826693151 neg:1.5991733068496875E-4 
cv019_16117.txt neg neg:0.9999996783265042 pos:3.2167349585613915E-7 
cv625_13518.txt neg neg:0.9962658829947431 pos:0.0037341170052570807 
cv845_15886.txt neg neg:0.514115227986144 pos:0.48588477201385605 
cv464_15650.txt pos pos:0.5550756714829205 neg:0.44492432851707947 
cv044_16969.txt pos neg:0.9999939864506834 pos:6.013549316520897E-6 
cv514_11187.txt pos pos:0.9999997583781539 neg:2.4162184617790343E-7 
cv951_11816.txt neg pos:0.9973875498827822 neg:0.0026124501172177838 
cv444_9974.txt pos neg:0.9191126623686339 pos:0.08088733763136612 
cv915_9342.txt neg neg:0.9999999989523736 pos:1.0476264774594784E-9 
cv048_16828.txt pos pos:0.999999978696843 neg:2.1303157099531873E-8 
cv573_29525.txt pos pos:0.9999999678290753 neg:3.2170924722939986E-8 
cv077_23172.txt neg neg:0.9999930721811271 pos:6.927818872909417E-6 
cv928_9478.txt neg neg:0.999999999999948 pos:5.192705422206369E-14 
cv033_25680.txt neg neg:0.8537731675724388 pos:0.14622683242756115 
cv723_8648.txt pos neg:0.9999941217969865 pos:5.87820301348737E-6 
cv283_11055.txt pos pos:0.9990974869803644 neg:9.02513019635559E-4 
cv335_14665.txt pos pos:0.9999999772115001 neg:2.2788499864338256E-8 
cv299_16214.txt pos pos:0.9961692492119486 neg:0.003830750788051475 
cv931_18783.txt neg neg:0.6337419625249007 pos:0.3662580374750992 
cv434_5641.txt neg neg:0.9999999973471538 pos:2.652846130646698E-9 
cv401_13758.txt neg neg:0.9999999994571538 pos:5.428462503404811E-10 
cv869_23611.txt pos pos:0.9999999535224487 neg:4.647755111836145E-8 
cv997_5152.txt neg neg:0.9939270625521717 pos:0.006072937447828329 
cv149_17084.txt neg neg:0.9999999999999831 pos:1.679417548007415E-14 
cv800_13494.txt neg neg:0.6226625810296538 pos:0.3773374189703462 
cv448_16409.txt neg pos:0.9987077428888455 neg:0.0012922571111546152 
cv621_14368.txt pos neg:0.8850536813858668 pos:0.11494631861413329 
cv958_13020.txt neg neg:0.9953509992662618 pos:0.004649000733738303 
cv990_12443.txt neg neg:0.9999974804532524 pos:2.5195467476747922E-6 
cv026_29325.txt pos pos:0.9906615289363071 neg:0.009338471063692948 
cv180_17823.txt neg neg:0.9999997653371846 pos:2.3466281530351962E-7 
cv527_10338.txt neg pos:0.9999999528401633 neg:4.7159836732806915E-8 
cv242_10638.txt pos neg:0.950104733856541 pos:0.04989526614345892 
cv454_2053.txt pos pos:0.9997791581822749 neg:2.2084181772512947E-4 
cv209_29118.txt pos neg:0.9987958542145497 pos:0.001204145785450341 
cv994_13229.txt neg neg:0.999985827529231 pos:1.4172470768953016E-5 
cv804_11763.txt neg pos:0.9999962881691135 neg:3.7118308866271358E-6 
cv824_9335.txt neg pos:0.958731196984281 neg:0.04126880301571899 
cv871_24888.txt pos neg:0.9344394792522379 pos:0.06556052074776211 
cv141_17179.txt neg neg:0.9999999999999987 pos:1.2663220529050699E-15 
cv118_28837.txt neg neg:0.999999980370566 pos:1.9629434009404113E-8 
cv780_8467.txt neg neg:0.9999723067109979 pos:2.769328900213291E-5 
cv933_23776.txt pos pos:0.9999999987252426 neg:1.2747574386473356E-9 
cv050_11175.txt pos neg:0.9947797468675738 pos:0.0052202531324262585 
cv120_3793.txt neg pos:0.6069222582161082 neg:0.3930777417838918 
cv061_8837.txt pos pos:1.0 neg:2.486427348459231E-22 
cv248_13987.txt pos pos:0.9999995939438963 neg:4.060561037324235E-7 
cv258_5792.txt pos neg:0.999999167947303 pos:8.320526970606434E-7 
cv819_9364.txt pos pos:1.0 neg:6.197762096582362E-19 
cv225_29083.txt neg neg:1.0 pos:5.443361250580731E-21 
cv287_15900.txt pos neg:0.9990249347778198 pos:9.750652221801943E-4 
cv250_25616.txt pos pos:0.9999999999817475 neg:1.825254238513253E-11 
cv191_29539.txt neg neg:0.9999995241805576 pos:4.758194422915785E-7 
cv993_29737.txt pos pos:0.9838283579730576 neg:0.016171642026942434 
cv400_19220.txt pos neg:0.9912986523091121 pos:0.008701347690888036 
cv303_27520.txt pos pos:0.9999999896048904 neg:1.0395109515212086E-8 
cv795_10122.txt pos pos:0.9999999999998852 neg:1.1489733154364755E-13 
cv848_10036.txt pos pos:0.9984481947460623 neg:0.0015518052539376997 
cv533_9821.txt pos neg:0.880311925313068 pos:0.11968807468693199 
cv578_16825.txt neg pos:0.988301186044548 neg:0.011698813955452069 
cv410_24266.txt pos pos:0.9943727000509357 neg:0.005627299949064264 
cv060_11754.txt neg pos:0.9971525252704401 neg:0.0028474747295599012 
cv604_2230.txt pos pos:0.9999999790863439 neg:2.0913656184231275E-8 
cv086_18371.txt pos pos:0.9999999968294855 neg:3.170514603165225E-9 
cv987_7394.txt neg neg:0.9999999194799811 pos:8.052001881105883E-8 
cv255_15267.txt neg neg:0.9999919888479074 pos:8.01115209252885E-6 
cv557_11449.txt pos pos:0.9999999872059814 neg:1.2794018589222518E-8 
cv294_11684.txt pos pos:1.0 neg:1.3078885733438315E-22 
cv147_21193.txt pos pos:0.9999999998106619 neg:1.8933815605318336E-10 
cv711_12687.txt neg neg:0.9999999999999925 pos:7.57767787319469E-15 
cv429_7937.txt neg neg:0.9984355844705239 pos:0.0015644155294759312 
cv407_22637.txt pos pos:0.9999999897873656 neg:1.0212634458631157E-8 
cv196_29027.txt pos neg:0.999406372315947 pos:5.936276840530445E-4 
cv491_12145.txt pos neg:0.7808559123500521 pos:0.2191440876499478 
cv411_16799.txt neg pos:0.6256614809038605 neg:0.3743385190961395 
cv633_29730.txt neg neg:0.9936249494577278 pos:0.006375050542272146 
cv943_22488.txt pos pos:0.9999581027930323 neg:4.1897206967707E-5 
cv813_6534.txt pos pos:0.9999978626241184 neg:2.1373758814825404E-6 
Trial 0 Trainer NaiveBayesTrainer Training Data Confusion Matrix
Confusion Matrix, row=true, column=predicted  accuracy=0.9111111111111111
  label   0   1  |total
  0 neg 827  73  |900
  1 pos  87 813  |900

Trial 0 Trainer NaiveBayesTrainer training data accuracy= 0.9111111111111111
Trial 0 Trainer NaiveBayesTrainer Test Data Confusion Matrix
Confusion Matrix, row=true, column=predicted  accuracy=0.73
  label   0   1  |total
  0 neg  75  25  |100
  1 pos  29  71  |100

Trial 0 Trainer NaiveBayesTrainer test data accuracy= 0.73

NaiveBayesTrainer
Summary. train accuracy mean = 0.9111111111111111 stddev = 0.0 stderr = 0.0
Summary. test accuracy mean = 0.73 stddev = 0.0 stderr = 0.0
