
-------------------- Trial 0  --------------------

Trial 0 Training NaiveBayesTrainer with 1800 instances
Trial 0 Training NaiveBayesTrainer finished
Trial 0 Trainer NaiveBayesTrainer
 Raw Testing Data
cv998_14111.txt pos pos:0.9999999992063557 neg:7.93644241892144E-10 
cv383_14662.txt neg pos:0.5213267945862039 neg:0.47867320541379615 
cv051_10751.txt neg neg:0.9999995303327204 pos:4.696672797186681E-7 
cv652_13972.txt pos pos:0.9993262548226901 neg:6.737451773098969E-4 
cv394_5311.txt neg neg:0.9999486717859539 pos:5.132821404616808E-5 
cv338_8821.txt pos pos:0.9994750004621779 neg:5.249995378222386E-4 
cv758_9740.txt neg pos:0.5875925713284472 neg:0.4124074286715527 
cv100_11528.txt pos pos:0.9999989095821271 neg:1.0904178729277804E-6 
cv457_19546.txt neg neg:0.8503167159542055 pos:0.14968328404579445 
cv600_25043.txt neg neg:0.7955588056936 pos:0.2044411943063999 
cv836_12968.txt pos pos:1.0 neg:3.7760270492085068E-25 
cv222_18720.txt neg neg:0.9999999869972163 pos:1.3002783805696108E-8 
cv240_15948.txt neg neg:0.9926217363038196 pos:0.007378263696180516 
cv192_14395.txt pos pos:0.999999999999992 neg:7.931550155372145E-15 
cv215_23246.txt neg neg:0.9337281963513976 pos:0.06627180364860244 
cv813_6649.txt neg neg:1.0 pos:2.4942482233951777E-17 
cv856_28882.txt neg neg:0.6231285705118069 pos:0.37687142948819313 
cv677_18938.txt neg neg:0.9999663162643243 pos:3.368373567572865E-5 
cv127_14711.txt pos neg:0.9999999991470574 pos:8.52942552683651E-10 
cv447_27334.txt neg neg:0.999999999674414 pos:3.2558589230063E-10 
cv841_3367.txt neg neg:0.9837675537171655 pos:0.01623244628283438 
cv660_23140.txt neg neg:0.9999998063441458 pos:1.9365585422563766E-7 
cv765_20429.txt neg neg:0.999999999999089 pos:9.110549206825666E-13 
cv694_4876.txt pos pos:0.9999997246234246 neg:2.7537657549745995E-7 
cv187_12829.txt pos pos:0.9999999996762128 neg:3.2378730083380363E-10 
cv084_13566.txt pos pos:0.9999993400709563 neg:6.599290436749706E-7 
cv655_11154.txt pos neg:0.9999341684818922 pos:6.583151810780648E-5 
cv976_10724.txt neg neg:0.9884607331880061 pos:0.011539266811994055 
cv740_12445.txt pos neg:0.9999993469545997 pos:6.530454002252432E-7 
cv878_17204.txt neg neg:0.9999999916433974 pos:8.356602584571549E-9 
cv885_12318.txt pos pos:0.6930515464495474 neg:0.3069484535504527 
cv316_6370.txt pos neg:0.9999580469174033 pos:4.195308259684223E-5 
cv711_11665.txt pos pos:1.0 neg:5.2349675167281967E-17 
cv864_3416.txt pos pos:0.9999961040489884 neg:3.895951011650906E-6 
cv896_16071.txt pos pos:0.9999999999812095 neg:1.879044054584505E-11 
cv753_10875.txt pos pos:0.999908760557707 neg:9.123944229295822E-5 
cv614_11320.txt neg neg:0.9999998392371768 pos:1.6076282322576982E-7 
cv363_29273.txt neg pos:0.9005328198364035 neg:0.0994671801635964 
cv734_22821.txt neg pos:0.9791274740712687 neg:0.020872525928731272 
cv237_20635.txt neg pos:0.9998859089223061 neg:1.1409107769377535E-4 
cv059_28723.txt neg pos:0.7333886193131304 neg:0.2666113806868696 
cv863_7424.txt pos pos:0.999999772241324 neg:2.2775867603369538E-7 
cv357_13156.txt pos pos:0.9999999846563064 neg:1.5343693638651486E-8 
cv175_7375.txt neg neg:0.9999999475973126 pos:5.2402687363207614E-8 
cv283_11963.txt neg pos:0.8337859995364946 neg:0.16621400046350537 
cv254_6027.txt pos pos:0.887054364860688 neg:0.11294563513931198 
cv761_13769.txt neg pos:0.9999999999999927 neg:7.293600849350897E-15 
cv615_14182.txt pos pos:0.9999544887645411 neg:4.5511235458906616E-5 
cv095_28892.txt pos pos:0.9268925526725627 neg:0.07310744732743736 
cv513_6923.txt pos pos:0.9996157936965403 neg:3.8420630345976264E-4 
cv490_17872.txt pos pos:0.9999999999983347 neg:1.6653341476522677E-12 
cv358_11557.txt neg pos:0.9999713434212019 neg:2.8656578798281308E-5 
cv010_29198.txt pos pos:0.5959227129441634 neg:0.4040772870558365 
cv221_2695.txt pos neg:0.9779519434042794 pos:0.02204805659572062 
cv665_29538.txt pos pos:0.5611648866388957 neg:0.4388351133611042 
cv521_15828.txt pos pos:0.9999999987458901 neg:1.2541100167326413E-9 
cv801_25228.txt pos pos:0.9999990970777853 neg:9.029222146192306E-7 
cv400_20631.txt neg neg:0.9995778116249322 pos:4.2218837506788614E-4 
cv610_24153.txt neg neg:0.97044258247019 pos:0.029557417529810063 
cv158_10914.txt neg neg:0.9999998250751554 pos:1.7492484470155732E-7 
cv621_15984.txt neg neg:0.9999957665817953 pos:4.233418204570784E-6 
cv200_2915.txt pos pos:0.9965470981390789 neg:0.0034529018609211408 
cv990_11591.txt pos pos:1.0 neg:6.559375785550117E-18 
cv663_14484.txt neg pos:0.5780937653141792 neg:0.4219062346858209 
cv770_10451.txt pos pos:0.999999999138468 neg:8.615318524036874E-10 
cv063_28852.txt neg neg:0.9999999965923465 pos:3.4076534982855356E-9 
cv842_5702.txt neg neg:0.9999999999999998 pos:3.200204923077143E-16 
cv505_12926.txt neg neg:0.9999999999999625 pos:3.7625289959494115E-14 
cv108_15571.txt pos pos:0.996545241513169 neg:0.00345475848683101 
cv186_2396.txt neg neg:0.8458427311619707 pos:0.15415726883802927 
cv312_29377.txt pos pos:0.9999999998197349 neg:1.8026510580135968E-10 
cv962_9813.txt neg neg:0.9999999988947532 pos:1.1052467836183037E-9 
cv110_27832.txt neg neg:0.9972817127075012 pos:0.0027182872924987936 
cv244_21649.txt pos pos:0.6047456671470469 neg:0.395254332852953 
cv542_20359.txt neg neg:0.9997913545556357 pos:2.0864544436425783E-4 
cv429_7439.txt pos pos:0.944102746851098 neg:0.05589725314890208 
cv873_19937.txt neg neg:0.9999999795877741 pos:2.04122258268464E-8 
cv881_13254.txt pos pos:0.9707660073132638 neg:0.02923399268673613 
cv538_28667.txt pos neg:0.8547740660644568 pos:0.14522593393554314 
cv927_11471.txt neg neg:0.9931682688465303 pos:0.006831731153469641 
cv868_12799.txt neg neg:0.8707457459053317 pos:0.12925425409466823 
cv668_18848.txt neg neg:0.9982924019160031 pos:0.0017075980839968913 
cv658_11186.txt neg neg:0.9998398562336044 pos:1.601437663955952E-4 
cv269_21732.txt pos pos:0.9999767886840036 neg:2.3211315996438213E-5 
cv551_10565.txt pos pos:0.9922363076754761 neg:0.007763692324524005 
cv770_11061.txt neg neg:0.9999999896319872 pos:1.0368012703836564E-8 
cv966_28832.txt pos pos:0.9998760098961481 neg:1.2399010385189045E-4 
cv676_21090.txt pos pos:0.9999999999859415 neg:1.4058542620011197E-11 
cv669_22995.txt pos pos:0.9999999987628145 neg:1.2371855722600531E-9 
cv670_2666.txt neg neg:0.9999999995916649 pos:4.0833506988796564E-10 
cv972_26837.txt neg pos:0.808247390916437 neg:0.19175260908356304 
cv760_8977.txt neg pos:0.984082814304755 neg:0.01591718569524513 
cv979_2029.txt neg neg:0.9999999631664549 pos:3.6833545033851786E-8 
cv604_23339.txt neg neg:0.9999999999704103 pos:2.9589582133192037E-11 
cv467_25773.txt pos pos:0.9593641818329216 neg:0.04063581816707827 
cv593_10987.txt pos pos:0.9624017942819371 neg:0.03759820571806284 
cv680_10160.txt pos neg:0.9996284978778722 pos:3.715021221277548E-4 
cv743_17023.txt neg neg:0.9999952268068447 pos:4.773193155188511E-6 
cv330_29809.txt pos neg:0.9998001720406263 pos:1.9982795937370363E-4 
cv496_10530.txt pos pos:0.9056010440258645 neg:0.09439895597413557 
cv890_3977.txt pos pos:0.9999972211111394 neg:2.7788888606890986E-6 
cv194_12079.txt pos neg:0.9999606644360125 pos:3.933556398745756E-5 
cv151_15771.txt pos pos:0.9999940899738041 neg:5.910026195931169E-6 
cv567_29420.txt neg neg:0.9433478239053882 pos:0.0566521760946118 
cv902_13217.txt neg neg:0.9999962400816914 pos:3.759918308502885E-6 
cv650_14340.txt pos pos:0.9999832974010969 neg:1.670259890315236E-5 
cv655_12055.txt neg neg:0.9999587305700665 pos:4.126942993348503E-5 
cv554_14678.txt neg pos:0.9994952144361666 neg:5.047855638334359E-4 
cv321_14191.txt neg pos:0.999373399227761 neg:6.26600772238996E-4 
cv323_29633.txt neg neg:0.9999999999999982 pos:1.6735997821603617E-15 
cv136_12384.txt neg pos:0.9999809532477187 neg:1.9046752281240628E-5 
cv112_12178.txt neg neg:0.9996634345229296 pos:3.3656547707029124E-4 
cv371_7630.txt pos pos:0.9999976113411453 neg:2.388658854649135E-6 
cv946_20084.txt neg neg:0.9999999969825462 pos:3.0174538279519335E-9 
cv653_19583.txt pos pos:0.9999998255734541 neg:1.7442654585333508E-7 
cv970_19532.txt neg neg:0.9999998010772766 pos:1.989227234159009E-7 
cv369_14245.txt neg neg:0.99999994885749 pos:5.1142510080144775E-8 
cv389_9369.txt pos pos:0.9981763828486536 neg:0.00182361715134625 
cv265_11625.txt neg neg:0.9999999990843633 pos:9.156365861097588E-10 
cv069_10801.txt pos pos:0.9999999968764899 neg:3.123510127017278E-9 
cv083_24234.txt pos pos:0.7226638245364763 neg:0.2773361754635238 
cv139_14236.txt neg neg:0.9999999997628117 pos:2.371882453626455E-10 
cv093_13951.txt pos pos:0.9999937361264077 neg:6.2638735922596006E-6 
cv546_12723.txt neg neg:0.9999997035116268 pos:2.964883731805253E-7 
cv234_20643.txt pos pos:0.9999324474993269 neg:6.755250067311646E-5 
cv361_28944.txt pos neg:0.8099911665516306 pos:0.19000883344836933 
cv439_15970.txt pos pos:0.9999999999421247 neg:5.787525471346764E-11 
cv388_12810.txt neg neg:0.7413618491189966 pos:0.25863815088100345 
cv789_12991.txt neg pos:0.7601654886071053 neg:0.23983451139289474 
cv219_18626.txt pos pos:0.9956428898997388 neg:0.004357110100261243 
cv864_3087.txt neg neg:0.9999995205296769 pos:4.794703231355441E-7 
cv353_19197.txt neg pos:0.9998642062738261 neg:1.3579372617386225E-4 
cv252_23779.txt pos pos:0.99999255707792 neg:7.442922080013118E-6 
cv227_25406.txt neg neg:0.9999976230571621 pos:2.3769428379448957E-6 
cv947_10601.txt pos neg:0.9999999077116052 pos:9.228839486685901E-8 
cv513_7236.txt neg neg:0.9999999970050855 pos:2.9949145164889358E-9 
cv025_3108.txt pos pos:0.9999960703559613 neg:3.929644038656203E-6 
cv128_29627.txt pos pos:0.9865118218229147 neg:0.013488178177085312 
cv517_19219.txt pos pos:0.9767082646245311 neg:0.023291735375468903 
cv690_5425.txt neg neg:0.9999872544602998 pos:1.2745539700189684E-5 
cv950_12350.txt pos pos:0.6020848304043956 neg:0.3979151695956044 
cv211_9953.txt pos pos:1.0 neg:1.9429793720403964E-21 
cv642_29867.txt pos neg:0.5642966170346211 pos:0.435703382965379 
cv636_16954.txt neg neg:0.9999999867179532 pos:1.328204694009037E-8 
cv332_16307.txt pos pos:0.99999999992336 neg:7.664005078600922E-11 
cv907_3541.txt pos pos:0.9949275766511515 neg:0.005072423348848529 
cv246_28807.txt pos pos:0.9999999999998945 neg:1.0543394478894827E-13 
cv164_22447.txt pos pos:0.9997786271188331 neg:2.2137288116695189E-4 
cv924_29540.txt pos pos:0.9999986083716379 neg:1.3916283621964186E-6 
cv749_17765.txt pos pos:0.9997864002923783 neg:2.1359970762171147E-4 
cv289_6239.txt neg neg:0.9909677380618082 pos:0.009032261938191774 
cv796_17243.txt neg pos:0.9745055294012964 neg:0.02549447059870361 
cv413_7893.txt neg neg:0.9999999999942497 pos:5.750226160378272E-12 
cv781_5358.txt neg neg:0.9999999998703109 pos:1.296892483724069E-10 
cv142_22516.txt pos pos:0.9999682420710427 neg:3.175792895732325E-5 
cv544_5108.txt pos neg:0.9998798194004385 pos:1.2018059956162752E-4 
cv003_11664.txt pos pos:0.9999999999596809 neg:4.031906683411318E-11 
cv568_17065.txt neg pos:0.6197494896137865 neg:0.3802505103862135 
cv319_14727.txt pos pos:0.9519604053380476 neg:0.0480395946619523 
cv040_8276.txt pos neg:0.9555444910130187 pos:0.044455508986981224 
cv189_24248.txt neg neg:0.9999949393084596 pos:5.060691540409935E-6 
cv111_11473.txt pos pos:0.9531880274303947 neg:0.04681197256960533 
cv601_23453.txt pos pos:0.997203370276521 neg:0.002796629723479014 
cv616_29319.txt pos neg:0.6125508921171624 pos:0.3874491078828377 
cv942_18509.txt neg neg:0.8478473283614023 pos:0.15215267163859758 
cv203_19052.txt neg neg:0.9776306366301974 pos:0.022369363369802404 
cv145_11472.txt pos neg:0.9705388629346445 pos:0.029461137065355483 
cv837_27325.txt pos pos:1.0 neg:1.739762802161902E-20 
cv794_15868.txt pos pos:0.9944844183537246 neg:0.00551558164627547 
cv992_12806.txt neg neg:0.9999935308378267 pos:6.469162173244044E-6 
cv835_19159.txt pos neg:0.7884960776596361 pos:0.21150392234036375 
cv535_19728.txt pos neg:0.7120780986913046 pos:0.28792190130869555 
cv035_3343.txt neg pos:0.9783272653985629 neg:0.021672734601437225 
cv746_10147.txt pos pos:0.9999999999714981 neg:2.850192202960762E-11 
cv471_18405.txt neg neg:0.9999894496564643 pos:1.0550343535703484E-5 
cv488_19856.txt pos pos:0.9999999991677744 neg:8.322256151576505E-10 
cv426_10421.txt pos pos:0.9997772672574624 neg:2.2273274253763526E-4 
cv952_26375.txt neg neg:0.9999943501487983 pos:5.649851201789187E-6 
cv142_23657.txt neg pos:0.5995941530437909 neg:0.4004058469562091 
cv319_16459.txt neg neg:0.9999999999799991 pos:2.0000946012062644E-11 
cv194_12855.txt neg neg:0.6209296179407475 pos:0.3790703820592525 
cv951_10926.txt pos pos:0.9999939506035249 neg:6.0493964750810145E-6 
cv160_10848.txt neg neg:0.9822793892208144 pos:0.0177206107791857 
cv661_2450.txt pos pos:0.9999999999414098 neg:5.859015335769556E-11 
cv785_23748.txt neg pos:0.779080042116774 neg:0.2209199578832261 
cv291_26844.txt neg neg:0.9292744677222449 pos:0.07072553227775506 
cv444_9975.txt neg neg:0.9869299206578681 pos:0.013070079342131936 
cv433_10144.txt pos pos:1.0 neg:4.097999617417846E-33 
cv146_19587.txt neg neg:0.9999941200787308 pos:5.879921269162004E-6 
cv748_14044.txt neg neg:0.8653375231052448 pos:0.1346624768947552 
cv809_5012.txt neg neg:0.9732899169735852 pos:0.026710083026414828 
cv498_9288.txt neg neg:0.9999999995341882 pos:4.658118959116419E-10 
cv518_13331.txt pos neg:0.9999993117675534 pos:6.882324465030535E-7 
cv674_11593.txt neg pos:0.7796049615993601 neg:0.22039503840063993 
cv214_13285.txt neg neg:0.9999863589050728 pos:1.3641094927243451E-5 
cv107_25639.txt neg neg:0.9999997583570455 pos:2.416429545399816E-7 
cv904_24353.txt pos neg:0.9999993738274442 pos:6.261725559373566E-7 
cv116_28942.txt pos pos:0.9873340018519428 neg:0.01266599814805729 
cv955_25001.txt pos pos:0.9824723957250464 neg:0.017527604274953718 
cv673_25874.txt neg neg:0.9999999980594079 pos:1.9405922365528276E-9 
Trial 0 Trainer NaiveBayesTrainer Training Data Confusion Matrix
Confusion Matrix, row=true, column=predicted  accuracy=0.9105555555555556
  label   0   1  |total
  0 neg 831  69  |900
  1 pos  92 808  |900

Trial 0 Trainer NaiveBayesTrainer training data accuracy= 0.9105555555555556
Trial 0 Trainer NaiveBayesTrainer Test Data Confusion Matrix
Confusion Matrix, row=true, column=predicted  accuracy=0.785
  label   0   1  |total
  0 neg  77  23  |100
  1 pos  20  80  |100

Trial 0 Trainer NaiveBayesTrainer test data accuracy= 0.785

NaiveBayesTrainer
Summary. train accuracy mean = 0.9105555555555556 stddev = 0.0 stderr = 0.0
Summary. test accuracy mean = 0.785 stddev = 0.0 stderr = 0.0
