
-------------------- Trial 0  --------------------

Trial 0 Training NaiveBayesTrainer with 1800 instances
Trial 0 Training NaiveBayesTrainer finished
Trial 0 Trainer NaiveBayesTrainer
 Raw Testing Data
cv623_16988.txt neg neg:1.0 pos:1.7098362307248618E-21 
cv051_10306.txt pos pos:0.9999999999975082 neg:2.491850159067808E-12 
cv382_7897.txt pos pos:0.9999999966938078 neg:3.3061921847845747E-9 
cv082_11080.txt pos neg:0.999892994221134 pos:1.0700577886596084E-4 
cv791_16302.txt pos pos:0.9999834837556533 neg:1.6516244346678693E-5 
cv484_25054.txt pos neg:0.9961248023459759 pos:0.003875197654024111 
cv353_18159.txt pos neg:0.9383920263336473 pos:0.06160797366635264 
cv438_8500.txt neg neg:0.9936060658686042 pos:0.006393934131395739 
cv124_3903.txt neg neg:0.9838085299088135 pos:0.016191470091186537 
cv012_29411.txt neg neg:0.9961719705127663 pos:0.003828029487233757 
cv634_11101.txt pos pos:0.9999999999989508 neg:1.049121009836192E-12 
cv637_1250.txt pos pos:0.6325225679495212 neg:0.3674774320504788 
cv754_7709.txt neg neg:0.9999951348696089 pos:4.865130391107399E-6 
cv845_14290.txt pos pos:0.9984560772564277 neg:0.001543922743572293 
cv062_23115.txt pos pos:0.9999999999754139 neg:2.458604607689842E-11 
cv556_14808.txt pos pos:0.9999999999990834 neg:9.165995126883513E-13 
cv659_19944.txt pos pos:0.9999997101008734 neg:2.898991266353887E-7 
cv244_22935.txt neg neg:0.9999999999996325 pos:3.675918647722948E-13 
cv877_29274.txt pos neg:0.9984382877222543 pos:0.0015617122777456611 
cv833_11053.txt pos pos:0.9999935362192608 neg:6.463780739154825E-6 
cv852_27523.txt pos pos:0.9999401090835104 neg:5.989091648950029E-5 
cv960_29007.txt pos neg:0.9999972196103649 pos:2.7803896350001375E-6 
cv579_11605.txt pos pos:0.9999832654280215 neg:1.6734571978518178E-5 
cv562_10359.txt pos neg:0.9999999999796938 pos:2.0306242022458475E-11 
cv982_21103.txt pos pos:0.9999938135680005 neg:6.186431999390333E-6 
cv667_18467.txt pos pos:1.0 neg:3.7001749933657834E-26 
cv980_11851.txt neg neg:0.9999999999999589 pos:4.1105142918064746E-14 
cv782_21078.txt neg neg:0.9999997849830993 pos:2.1501690071156658E-7 
cv548_18944.txt neg neg:0.9999697350194584 pos:3.0264980541477244E-5 
cv116_28734.txt neg pos:0.9131531382765711 neg:0.08684686172342884 
cv737_28733.txt neg neg:0.9999999993922628 pos:6.077372445790572E-10 
cv322_20318.txt pos neg:0.9763703892705239 pos:0.02362961072947606 
cv472_29140.txt neg pos:0.9872052729885031 neg:0.012794727011496901 
cv203_17986.txt pos pos:0.9999989881419196 neg:1.0118580803614878E-6 
cv741_12765.txt neg pos:0.5386560933086357 neg:0.46134390669136427 
cv173_4471.txt pos pos:0.9995563240606136 neg:4.436759393864638E-4 
cv612_5396.txt neg pos:0.9750112280987359 neg:0.024988771901264233 
cv808_13773.txt neg neg:0.9905829247631472 pos:0.009417075236852729 
cv115_25396.txt pos pos:0.9999999999985836 neg:1.4165257367124915E-12 
cv384_18536.txt neg pos:0.5975515551307221 neg:0.4024484448692779 
cv754_7216.txt pos pos:0.9977376311888916 neg:0.0022623688111082832 
cv580_14064.txt pos neg:0.9974320330095642 pos:0.002567966990435806 
cv985_5964.txt neg neg:0.9999999999999971 pos:2.7779157943652596E-15 
cv386_10080.txt pos pos:0.999999999999317 neg:6.829424914203445E-13 
cv028_26746.txt pos neg:0.9944776795660247 pos:0.005522320433975207 
cv549_21443.txt pos pos:0.9999999962480917 neg:3.751908353391266E-9 
cv832_24713.txt neg neg:0.9999989026293691 pos:1.0973706308812396E-6 
cv771_28466.txt neg neg:1.0 pos:1.1236907241669709E-20 
cv114_19501.txt neg neg:0.9999855815279258 pos:1.4418472074179562E-5 
cv232_14991.txt pos pos:0.994966545202112 neg:0.005033454797887995 
cv245_8569.txt pos pos:0.9999993906420516 neg:6.093579484757735E-7 
cv713_29155.txt pos pos:0.9894538966466485 neg:0.01054610335335159 
cv379_21963.txt pos pos:0.6733271832441909 neg:0.32667281675580906 
cv190_27052.txt pos pos:0.9999975856712587 neg:2.4143287412919382E-6 
cv937_9816.txt neg pos:0.6790245549847091 neg:0.32097544501529096 
cv297_10047.txt pos pos:0.9996324350126945 neg:3.675649873054833E-4 
cv699_7223.txt pos neg:0.9999476378698926 pos:5.23621301074954E-5 
cv591_24887.txt neg neg:0.9999999987247419 pos:1.275258018573521E-9 
cv151_17231.txt neg neg:0.9978629195283231 pos:0.002137080471676976 
cv189_22934.txt pos pos:0.8002741191348829 neg:0.19972588086511722 
cv575_22598.txt neg pos:0.9960334368603955 neg:0.003966563139604519 
cv899_16014.txt pos pos:0.9999998220803287 neg:1.7791967140237333E-7 
cv248_15672.txt neg neg:0.8943962683716963 pos:0.10560373162830372 
cv304_28706.txt pos pos:0.7545543630764681 neg:0.24544563692353194 
cv079_11933.txt pos neg:0.7673870090175533 pos:0.23261299098244678 
cv983_22928.txt pos pos:0.9999814531587616 neg:1.854684123848362E-5 
cv519_16239.txt neg pos:0.9999999996469402 neg:3.530598921345633E-10 
cv948_25870.txt neg neg:0.9999999976564125 pos:2.3435876286746666E-9 
cv074_6875.txt pos pos:0.9982723007272152 neg:0.001727699272784813 
cv821_29364.txt pos pos:0.7195004895773885 neg:0.2804995104226114 
cv012_29576.txt pos pos:0.9999999812278514 neg:1.8772148682531044E-8 
cv117_24295.txt pos pos:0.999934608517686 neg:6.539148231405498E-5 
cv852_27512.txt neg pos:0.9999941927457237 neg:5.807254276312322E-6 
cv209_28973.txt neg neg:0.9999589991261337 pos:4.100087386621252E-5 
cv138_12721.txt pos neg:0.9971123946256962 pos:0.002887605374303802 
cv291_26635.txt pos pos:0.9990412740200472 neg:9.587259799529505E-4 
cv489_19046.txt neg neg:0.9999999615663636 pos:3.843363630826526E-8 
cv827_19479.txt neg neg:0.9999999890306194 pos:1.0969380564925872E-8 
cv799_19812.txt neg neg:1.0 pos:5.6740522600549E-29 
cv996_12447.txt neg pos:0.9942567552893713 neg:0.0057432447106287275 
cv168_7050.txt pos pos:1.0 neg:3.231205210567084E-20 
cv919_18155.txt neg neg:0.9411007448054574 pos:0.058899255194542595 
cv195_16146.txt neg neg:0.9999999648404391 pos:3.515956087368272E-8 
cv064_24576.txt pos pos:0.9999999976616201 neg:2.338379952560806E-9 
cv826_12761.txt neg neg:0.9996269551405835 pos:3.730448594164956E-4 
cv712_24217.txt neg neg:0.9990713395716961 pos:9.286604283039135E-4 
cv480_19817.txt pos pos:0.8370247719106501 neg:0.16297522808934986 
cv041_21113.txt pos pos:0.9999999999971643 neg:2.8356855676916613E-12 
cv705_11973.txt neg neg:0.9999141365559006 pos:8.586344409950966E-5 
cv350_20670.txt pos pos:0.9936814174062655 neg:0.006318582593734617 
cv654_19345.txt neg neg:0.9999998832102835 pos:1.1678971646526686E-7 
cv905_28965.txt neg pos:0.995241141530731 neg:0.0047588584692690745 
cv320_9693.txt neg neg:0.9999999999997884 pos:2.1166586651240966E-13 
cv805_19601.txt pos neg:0.9947334110545266 pos:0.005266588945473342 
cv626_7907.txt neg neg:0.9953485318868317 pos:0.0046514681131682185 
cv727_4978.txt pos pos:0.999956404322829 neg:4.3595677171068174E-5 
cv891_6385.txt pos neg:0.9977198701892989 pos:0.002280129810701079 
cv281_24711.txt neg neg:0.9999999999999212 pos:7.89072731194618E-14 
cv220_28906.txt neg neg:0.6096329383757507 pos:0.3903670616242493 
cv822_20049.txt pos pos:0.9999999999999774 neg:2.268812084602127E-14 
cv034_29446.txt neg pos:0.9988173095557045 neg:0.00118269044429556 
cv716_10514.txt pos neg:0.9998225510248028 pos:1.774489751972689E-4 
cv202_10654.txt pos pos:1.0 neg:4.64229974532634E-18 
cv960_28877.txt neg pos:0.9999951479914886 neg:4.852008511428639E-6 
cv681_9744.txt neg neg:0.9989973359672433 pos:0.0010026640327566773 
cv767_14062.txt pos pos:0.9999927298248564 neg:7.270175143481514E-6 
cv904_25663.txt neg neg:0.9999986606877042 pos:1.3393122958160553E-6 
cv617_9561.txt neg neg:0.7256217081656805 pos:0.2743782918343196 
cv349_15032.txt neg neg:0.9998721688098579 pos:1.2783119014212466E-4 
cv889_22670.txt neg pos:0.9991295142856282 neg:8.704857143717594E-4 
cv967_5626.txt neg neg:0.9984792402981072 pos:0.001520759701892774 
cv600_23878.txt pos pos:0.9999999999999647 neg:3.5371129934497304E-14 
cv368_10466.txt pos pos:1.0 neg:1.2240680815149979E-28 
cv774_13845.txt pos pos:0.9995105376909186 neg:4.894623090813057E-4 
cv153_11607.txt neg neg:0.9996969144142169 pos:3.0308558578312505E-4 
cv370_5338.txt neg neg:0.9855283454644042 pos:0.014471654535595868 
cv200_29006.txt neg pos:0.9998263004284498 neg:1.7369957155025903E-4 
cv956_12547.txt neg neg:0.9999998642908579 pos:1.357091421620631E-7 
cv829_20289.txt pos pos:0.9986566652301618 neg:0.0013433347698382342 
cv909_9960.txt pos neg:0.9999854158785747 pos:1.4584121425296317E-5 
cv432_15873.txt neg neg:0.9998389595160285 pos:1.6104048397155236E-4 
cv908_16009.txt pos pos:0.9999960411079415 neg:3.958892058612705E-6 
cv589_12064.txt pos pos:0.9999999999999474 neg:5.2684282820952835E-14 
cv536_27134.txt pos pos:0.9924328418394414 neg:0.0075671581605585405 
cv973_10171.txt neg neg:0.9999999859270838 pos:1.4072916233154833E-8 
cv446_12209.txt neg neg:0.9999999738784104 pos:2.6121589535710866E-8 
cv157_29302.txt neg neg:0.9995798270293345 pos:4.2017297066552876E-4 
cv465_22431.txt pos pos:0.8487608553069037 neg:0.15123914469309635 
cv909_9973.txt neg neg:0.9985444344110879 pos:0.00145556558891216 
cv222_17395.txt pos pos:0.99991233879813 neg:8.766120186989275E-5 
cv470_17444.txt neg neg:0.999999995954377 pos:4.045622904455535E-9 
cv115_26443.txt neg neg:0.9998988211026552 pos:1.0117889734491426E-4 
cv504_29120.txt neg neg:0.9999479897863474 pos:5.2010213652579615E-5 
cv757_10668.txt neg neg:0.9999999999696487 pos:3.035118549598352E-11 
cv882_10042.txt neg neg:0.9989340023030833 pos:0.0010659976969166793 
cv065_15248.txt pos pos:1.0 neg:9.208656876591982E-20 
cv520_12295.txt pos pos:0.9868148131159805 neg:0.0131851868840196 
cv145_12239.txt neg pos:0.6209853085323511 neg:0.3790146914676489 
cv404_20315.txt pos pos:0.8713443653749062 neg:0.1286556346250938 
cv586_8048.txt neg neg:1.0 pos:4.635472066688601E-22 
cv786_22497.txt pos neg:0.9998690716786982 pos:1.3092832130178717E-4 
cv918_2693.txt pos pos:0.9999995755904263 neg:4.2440957373638775E-7 
cv072_6169.txt pos pos:0.9160917162696371 neg:0.08390828373036278 
cv206_15893.txt neg neg:0.9999688155365524 pos:3.1184463447562646E-5 
cv146_18458.txt pos pos:0.9999999997589444 neg:2.410557278963146E-10 
cv862_14324.txt pos pos:0.9999999999999565 neg:4.350189013691757E-14 
cv027_25219.txt pos pos:1.0 neg:6.100350382933842E-21 
cv409_29786.txt pos pos:0.9999094638248879 neg:9.053617511208941E-5 
cv591_23640.txt pos pos:0.9999999776567261 neg:2.2343273782451107E-8 
cv576_15688.txt neg neg:0.9999999999848823 pos:1.5117633494627077E-11 
cv555_23922.txt pos neg:0.9999986268662541 pos:1.3731337459709375E-6 
cv738_10116.txt pos pos:1.0 neg:3.467008736540594E-29 
cv308_5079.txt neg neg:0.9999999999802271 pos:1.9772827681476964E-11 
cv869_24782.txt neg neg:0.9999995665990769 pos:4.334009230925165E-7 
cv936_15954.txt pos pos:0.9999996423046649 neg:3.5769533498948594E-7 
cv154_9562.txt neg neg:0.8129070008534784 pos:0.18709299914652158 
cv208_9475.txt neg neg:0.9821140384470096 pos:0.01788596155299035 
cv761_12620.txt pos pos:0.9870622101022526 neg:0.012937789897747392 
cv143_19666.txt pos pos:0.9999999999999998 neg:2.55931361689018E-16 
cv638_29394.txt neg neg:0.9999997805876946 pos:2.1941230552240387E-7 
cv314_16095.txt neg pos:0.999999999699777 neg:3.0022286505233175E-10 
cv226_26692.txt neg neg:1.0 pos:6.602197278851966E-18 
cv511_10132.txt pos pos:0.9998350583351607 neg:1.6494166483920603E-4 
cv124_4122.txt pos pos:0.9998570043294702 neg:1.4299567052979213E-4 
cv176_14196.txt neg neg:0.9974763649509409 pos:0.002523635049058977 
cv077_22138.txt pos pos:0.9523855290262172 neg:0.04761447097378268 
cv381_21673.txt neg pos:0.9999999966152726 neg:3.384727372890049E-9 
cv198_18180.txt pos neg:0.9727378530213585 pos:0.027262146978641384 
cv047_18725.txt neg pos:0.9995478309404979 neg:4.5216905950198026E-4 
cv106_18379.txt neg neg:0.9998623059124797 pos:1.3769408752020088E-4 
cv483_18103.txt neg neg:0.9999127552243594 pos:8.72447756405663E-5 
cv715_18179.txt pos pos:0.9960694789916901 neg:0.003930521008309932 
cv280_8267.txt pos neg:0.824687973886045 pos:0.17531202611395505 
cv408_5367.txt neg neg:0.9999999820534732 pos:1.7946526764511232E-8 
cv815_22456.txt pos neg:0.8960580737114355 pos:0.10394192628856437 
cv462_20788.txt neg neg:0.9920888102285573 pos:0.007911189771442784 
cv766_7983.txt neg neg:0.9999999023853234 pos:9.761467660237764E-8 
cv896_17819.txt neg neg:0.9992813132089052 pos:7.186867910946871E-4 
cv178_14380.txt neg neg:0.9884172597124232 pos:0.011582740287576705 
cv502_10406.txt pos neg:0.9999996242280214 pos:3.7577197856348423E-7 
cv609_23877.txt pos pos:0.9999999953486503 neg:4.651349836759355E-9 
cv397_29023.txt pos pos:0.9999999966486703 neg:3.3513296606284773E-9 
cv643_29349.txt pos pos:0.9999615313587262 neg:3.846864127372115E-5 
cv232_16768.txt neg pos:0.9871111724430527 neg:0.012888827556947209 
cv631_4782.txt neg neg:0.8776704433556289 pos:0.12232955664437113 
cv634_11989.txt neg neg:0.9995044339768492 pos:4.955660231509034E-4 
cv085_1381.txt pos pos:0.9999562961915782 neg:4.3703808421663215E-5 
cv814_18975.txt pos neg:0.9006132020929928 pos:0.09938679790700732 
cv453_10911.txt neg neg:0.9999999979729797 pos:2.0270202357467326E-9 
cv235_10704.txt neg neg:0.9999999999756486 pos:2.4351343213121943E-11 
cv810_13660.txt neg neg:0.9999897631715098 pos:1.02368284901644E-5 
cv553_26915.txt pos pos:0.9999999999963702 neg:3.6297107745091046E-12 
cv865_28796.txt neg neg:0.9994215568502598 pos:5.784431497402548E-4 
cv834_23192.txt neg neg:0.9999323724249525 pos:6.762757504754926E-5 
cv309_23737.txt neg pos:0.9814734033779813 neg:0.01852659662201862 
cv062_24556.txt neg pos:0.7529324137962105 neg:0.24706758620378955 
cv718_12227.txt neg neg:0.999999999912836 pos:8.716410422120702E-11 
cv331_8656.txt neg neg:0.9977737894862071 pos:0.0022262105137929367 
cv755_23616.txt pos pos:0.9999999999942011 neg:5.7989704756059976E-12 
cv622_8583.txt neg pos:0.999996083143268 neg:3.9168567319679E-6 
Trial 0 Trainer NaiveBayesTrainer Training Data Confusion Matrix
Confusion Matrix, row=true, column=predicted  accuracy=0.9083333333333333
  label   0   1  |total
  0 neg 832  68  |900
  1 pos  97 803  |900

Trial 0 Trainer NaiveBayesTrainer training data accuracy= 0.9083333333333333
Trial 0 Trainer NaiveBayesTrainer Test Data Confusion Matrix
Confusion Matrix, row=true, column=predicted  accuracy=0.77
  label   0   1  |total
  0 neg  77  23  |100
  1 pos  23  77  |100

Trial 0 Trainer NaiveBayesTrainer test data accuracy= 0.77

NaiveBayesTrainer
Summary. train accuracy mean = 0.9083333333333333 stddev = 0.0 stderr = 0.0
Summary. test accuracy mean = 0.77 stddev = 0.0 stderr = 0.0
