
-------------------- Trial 0  --------------------

Trial 0 Training NaiveBayesTrainer with 1800 instances
Trial 0 Training NaiveBayesTrainer finished
Trial 0 Trainer NaiveBayesTrainer
 Raw Testing Data
cv612_5461.txt pos pos:0.9999254756606968 neg:7.452433930326579E-5 
cv341_24430.txt pos pos:0.9999999582759156 neg:4.172408440525467E-8 
cv709_11173.txt neg pos:0.6035615764243761 neg:0.3964384235756239 
cv750_10606.txt neg neg:0.9948274184044232 pos:0.005172581595576681 
cv486_9788.txt neg neg:0.9999999999999138 pos:8.624049468026025E-14 
cv595_25335.txt pos neg:0.9998981215587458 pos:1.0187844125409564E-4 
cv672_28083.txt pos pos:0.9999999729526347 neg:2.7047365341751223E-8 
cv499_10658.txt pos pos:0.9999990046539935 neg:9.953460064713468E-7 
cv383_13116.txt pos neg:0.9999999999999982 pos:1.7273839199253783E-15 
cv415_23674.txt neg neg:0.9999999999999964 pos:3.4481489441729527E-15 
cv471_16858.txt pos pos:0.9999826953635731 neg:1.7304636426965343E-5 
cv571_29366.txt pos pos:0.999999999242835 neg:7.571649093242468E-10 
cv390_11345.txt pos pos:0.9999400027836951 neg:5.999721630479119E-5 
cv060_10844.txt pos pos:0.9999999568117507 neg:4.3188249381520665E-8 
cv884_15230.txt neg pos:0.8648636811235217 neg:0.13513631887647826 
cv213_18934.txt pos pos:0.7318109468239844 neg:0.2681890531760157 
cv769_8123.txt pos pos:0.963436354044131 neg:0.03656364595586911 
cv093_15606.txt neg neg:0.994082665696818 pos:0.005917334303181983 
cv625_12440.txt pos neg:0.9937801868446895 pos:0.006219813155310519 
cv568_15638.txt pos pos:0.9999999857399018 neg:1.4260098159035974E-8 
cv523_16615.txt pos pos:0.9999999994548205 neg:5.451794963774633E-10 
cv301_12146.txt pos pos:0.9997705325387664 neg:2.2946746123353676E-4 
cv997_5046.txt pos pos:0.9999999999326676 neg:6.73323556221732E-11 
cv765_19037.txt pos pos:0.9999999729810777 neg:2.70189224089897E-8 
cv778_17330.txt pos pos:0.9999695477895024 neg:3.04522104975603E-5 
cv759_13522.txt pos pos:0.9959376855434696 neg:0.004062314456530455 
cv008_29326.txt neg pos:0.9912832614548235 neg:0.008716738545176617 
cv345_9966.txt neg neg:0.999999694496135 pos:3.05503865022395E-7 
cv975_10981.txt pos pos:0.9999999041056963 neg:9.589430383781008E-8 
cv190_27176.txt neg neg:0.9480161827655998 pos:0.05198381723440005 
cv790_16202.txt neg pos:0.628412536473472 neg:0.371587463526528 
cv962_9803.txt pos pos:0.9999800858296428 neg:1.9914170357181005E-5 
cv171_15164.txt neg neg:0.9594976460119017 pos:0.04050235398809823 
cv539_20347.txt pos neg:0.9999997549808787 pos:2.450191213165032E-7 
cv707_10678.txt pos neg:0.9980841234152305 pos:0.0019158765847695448 
cv506_15956.txt pos pos:0.9999998142951493 neg:1.8570485081029725E-7 
cv899_17812.txt neg pos:0.9886360235938684 neg:0.01136397640613161 
cv541_28835.txt pos pos:0.9999590064943882 neg:4.099350561171807E-5 
cv374_25436.txt pos pos:0.9999823179717395 neg:1.7682028260588403E-5 
cv883_27621.txt neg neg:0.9999999999088096 pos:9.119040809667299E-11 
cv811_22646.txt neg neg:1.0 pos:1.9114835478715652E-19 
cv886_19210.txt neg neg:0.999999833885843 pos:1.6611415708714308E-7 
cv452_5088.txt pos pos:0.792436939304087 neg:0.20756306069591302 
cv955_26154.txt neg neg:0.9999990876303284 pos:9.123696715582229E-7 
cv454_21961.txt neg neg:0.9968304230074136 pos:0.0031695769925862627 
cv797_6957.txt pos neg:0.9999950415404005 pos:4.958459599566772E-6 
cv947_11316.txt neg neg:0.9999724077572426 pos:2.759224275740432E-5 
cv737_28907.txt pos pos:1.0 neg:6.492258406265844E-19 
cv646_16817.txt neg neg:0.933255703946693 pos:0.06674429605330698 
cv494_18689.txt neg pos:0.9355140263532741 neg:0.06448597364672591 
cv188_19226.txt pos neg:0.995498210004409 pos:0.004501789995591115 
cv721_29121.txt pos pos:0.9999998444057698 neg:1.5559423016376884E-7 
cv887_5126.txt pos pos:0.9999999998730789 neg:1.269211936165433E-10 
cv893_26269.txt pos neg:0.9928311087682979 pos:0.0071688912317020145 
cv135_11603.txt pos pos:0.8987612446163716 neg:0.10123875538362828 
cv275_28887.txt pos pos:0.9999976600217458 neg:2.339978254104565E-6 
cv426_10976.txt neg neg:0.9999999916060917 pos:8.393908452353397E-9 
cv789_12136.txt pos pos:0.9806904627810334 neg:0.019309537218966676 
cv380_8164.txt neg neg:0.9999985377061074 pos:1.4622938926342719E-6 
cv299_17950.txt neg neg:0.631526626061956 pos:0.36847337393804397 
cv728_16133.txt pos pos:0.9999999886934791 neg:1.1306520973044557E-8 
cv230_7428.txt pos neg:0.9999550088183068 pos:4.499118169318946E-5 
cv722_7571.txt neg neg:0.9999999999169933 pos:8.300663351937993E-11 
cv197_29328.txt pos pos:0.9996711897226097 neg:3.2881027739033175E-4 
cv927_10681.txt pos pos:0.9999999999999776 neg:2.2436277918263293E-14 
cv049_21917.txt neg neg:0.9999999999618212 pos:3.817875702670309E-11 
cv374_26455.txt neg neg:0.8202378639285527 pos:0.17976213607144725 
cv979_18921.txt pos neg:0.9724232195057678 pos:0.027576780494232275 
cv029_18643.txt pos pos:0.9999999999978066 neg:2.1934660585253536E-12 
cv501_12675.txt neg neg:0.9999999383949156 pos:6.160508440910784E-8 
cv654_18246.txt pos pos:0.9989388888636708 neg:0.0010611111363292322 
cv208_9020.txt pos neg:0.9999999999999973 pos:2.5565603835290933E-15 
cv224_18875.txt neg neg:0.9999999825028097 pos:1.7497190364082837E-8 
cv091_7899.txt neg neg:0.8931204021510537 pos:0.1068795978489463 
cv687_21100.txt pos pos:1.0 neg:1.0070409998639345E-16 
cv360_8927.txt neg neg:0.99999999960752 pos:3.9248007425867024E-10 
cv854_17740.txt pos pos:0.9999991100139145 neg:8.899860854510478E-7 
cv496_11185.txt neg neg:0.9999983628512084 pos:1.63714879161376E-6 
cv224_17661.txt pos pos:1.0 neg:5.715676087139792E-19 
cv849_17215.txt neg pos:0.9998934523405749 neg:1.0654765942499515E-4 
cv001_19502.txt neg neg:0.9973219963058304 pos:0.00267800369416974 
cv279_19452.txt neg neg:0.9999988712382792 pos:1.128761720794601E-6 
cv957_9059.txt neg neg:0.999999977225066 pos:2.277493400112203E-8 
cv881_14767.txt neg pos:0.7990396592616481 neg:0.20096034073835198 
cv121_18621.txt neg neg:0.9994201860263249 pos:5.798139736749845E-4 
cv163_10110.txt neg neg:0.9999979876669073 pos:2.0123330926683183E-6 
cv161_12224.txt neg neg:0.9175857694652847 pos:0.08241423053471533 
cv853_29119.txt neg pos:0.8130555717368588 neg:0.18694442826314112 
cv624_11601.txt neg neg:0.9999995034626007 pos:4.965373993741161E-7 
cv169_24973.txt neg neg:0.9997555039498203 pos:2.4449605017981405E-4 
cv451_10690.txt pos pos:0.9999919526849663 neg:8.047315033620787E-6 
cv355_18174.txt neg pos:0.58287148853963 neg:0.41712851146037006 
cv509_15888.txt pos pos:0.7089467777753334 neg:0.29105322222466656 
cv497_27086.txt neg pos:0.7953804091533259 neg:0.20461959084667405 
cv639_10308.txt pos neg:0.9988620424905756 pos:0.001137957509424493 
cv119_9909.txt neg neg:0.7202848274329572 pos:0.27971517256704276 
cv058_8025.txt pos pos:0.9935875327982923 neg:0.006412467201707784 
cv396_17989.txt pos pos:0.9979029099936734 neg:0.002097090006326755 
cv252_24974.txt neg neg:0.9999999999999996 pos:4.481881281058277E-16 
cv362_16985.txt neg neg:0.9995071127320494 pos:4.9288726795064E-4 
cv028_26964.txt neg pos:0.8985535778015548 neg:0.1014464221984452 
cv619_13677.txt neg neg:0.999999999056943 pos:9.43056860571262E-10 
cv466_18722.txt pos pos:0.9998924647329592 neg:1.0753526704083297E-4 
cv959_16218.txt neg neg:0.9999999999999996 pos:5.549630123534665E-16 
cv720_5389.txt pos pos:0.9894995554079303 neg:0.010500444592069617 
cv393_29234.txt neg pos:0.9986269943732331 neg:0.0013730056267667779 
cv148_16345.txt pos pos:0.9980111544575113 neg:0.0019888455424886976 
cv641_13412.txt neg neg:0.9992212690246725 pos:7.787309753276361E-4 
cv978_22192.txt neg neg:0.9776214275945523 pos:0.022378572405447675 
cv148_18084.txt neg neg:0.9999999999997082 pos:2.916919263277887E-13 
cv021_15838.txt pos pos:0.9999999802861181 neg:1.9713881843504835E-8 
cv916_17034.txt neg neg:1.0 pos:2.369347632461879E-19 
cv266_25779.txt pos pos:0.9999683640507737 neg:3.163594922634321E-5 
cv071_12969.txt neg neg:0.999900132912065 pos:9.986708793499228E-5 
cv964_5794.txt neg neg:0.9999999999961124 pos:3.887647333074126E-12 
cv887_5306.txt neg neg:0.9677349845241151 pos:0.032265015475884985 
cv569_26750.txt neg pos:0.938563637475617 neg:0.061436362524382955 
cv418_16562.txt neg neg:0.9999999998989126 pos:1.0108730845369301E-10 
cv463_10846.txt neg neg:0.9964584657461255 pos:0.003541534253874496 
cv218_25651.txt neg neg:0.9999995242524363 pos:4.7574756361919825E-7 
cv630_10057.txt pos pos:0.9999706603804033 neg:2.9339619596774398E-5 
cv650_15974.txt neg pos:0.9961386686953893 neg:0.0038613313046106956 
cv850_16466.txt pos pos:0.9893573236664842 neg:0.010642676333515661 
cv498_8832.txt pos neg:0.8920532861354333 pos:0.10794671386456657 
cv304_28489.txt neg neg:0.9999999999999787 pos:2.125485100157779E-14 
cv793_13650.txt pos pos:0.5930322473692611 neg:0.40696775263073887 
cv661_25780.txt neg neg:0.9999999999939426 pos:6.057339148095725E-12 
cv103_11943.txt neg pos:0.9960721019873563 neg:0.003927898012643743 
cv686_13900.txt pos neg:0.971909930826383 pos:0.028090069173616974 
cv034_29647.txt pos neg:0.9975237935880891 pos:0.0024762064119109475 
cv707_11421.txt neg neg:0.9987387980848687 pos:0.00126120191513134 
cv946_18658.txt pos pos:1.0 neg:2.63544704781994E-43 
cv039_5963.txt neg neg:0.9999999759653441 pos:2.4034655986152473E-8 
cv525_17930.txt neg neg:0.9985930666023509 pos:0.001406933397649087 
cv840_16321.txt pos pos:0.9999999275053572 neg:7.249464286942913E-8 
cv890_3515.txt neg neg:0.9986561977286582 pos:0.0013438022713417176 
cv773_20264.txt neg neg:0.9999967665519738 pos:3.2334480261817286E-6 
cv013_10159.txt pos pos:0.9999999800950339 neg:1.9904966079599886E-8 
cv460_10842.txt pos neg:0.9999999811913202 pos:1.8808679890769004E-8 
cv042_10982.txt pos pos:0.9999999999998224 neg:1.775811123534672E-13 
cv402_16097.txt neg neg:0.9961369626215035 pos:0.003863037378496416 
cv267_16618.txt neg pos:0.9999999986897494 neg:1.3102504980029021E-9 
cv031_19540.txt neg neg:0.9999819578899161 pos:1.8042110083924175E-5 
cv236_11565.txt pos pos:0.6348582767621521 neg:0.3651417232378479 
cv023_12672.txt pos pos:0.9999999999700024 neg:2.999764653371084E-11 
cv611_2253.txt neg pos:0.7915399357359629 neg:0.20846006426403704 
cv930_13475.txt pos pos:0.999999997601871 neg:2.398129122514249E-9 
cv014_13924.txt pos pos:0.9999999999988274 neg:1.1727184050196558E-12 
cv088_24113.txt pos pos:0.9988375038380282 neg:0.0011624961619719914 
cv912_5674.txt pos pos:0.9999996847577123 neg:3.152422877419717E-7 
cv911_20260.txt pos pos:0.9999919206157527 neg:8.079384247258386E-6 
cv480_21195.txt neg neg:0.9998830295235271 pos:1.1697047647287637E-4 
cv431_7085.txt pos pos:0.999399585822981 neg:6.004141770189209E-4 
cv559_0057.txt neg neg:0.9442003026847228 pos:0.055799697315277105 
cv831_14689.txt pos pos:0.9764414796909324 neg:0.023558520309067583 
cv712_22920.txt pos neg:0.999581581747626 pos:4.1841825237406483E-4 
cv547_18043.txt neg neg:0.6488170806435256 pos:0.35118291935647433 
cv354_8132.txt pos pos:0.6543880958450421 neg:0.3456119041549578 
cv745_14009.txt neg neg:0.9999999999998817 pos:1.182973569999319E-13 
cv238_14285.txt neg neg:0.999997746079319 pos:2.253920681067243E-6 
cv538_28485.txt neg pos:0.8865947240502698 neg:0.11340527594973028 
cv363_29332.txt pos pos:0.9986483737069465 neg:0.0013516262930534935 
cv989_15824.txt pos pos:0.9999999998470295 neg:1.5297046273123287E-10 
cv105_17990.txt pos neg:0.9992874550531591 pos:7.125449468408594E-4 
cv875_5754.txt pos pos:0.999999594075867 neg:4.059241330167378E-7 
cv710_23745.txt neg neg:0.9999961753019088 pos:3.8246980913215286E-6 
cv456_18985.txt pos pos:0.9999999999680449 neg:3.19550542500204E-11 
cv805_21128.txt neg neg:0.9999960650603563 pos:3.934939643779494E-6 
cv305_9937.txt neg pos:0.9982211337126088 neg:0.0017788662873912022 
cv746_10471.txt neg pos:0.9999999857388333 neg:1.4261166705893013E-8 
cv965_26071.txt pos pos:0.9891777898353318 neg:0.010822210164668247 
cv560_18608.txt neg neg:0.999535663338007 pos:4.643366619929035E-4 
cv575_21150.txt pos neg:0.9939755501396028 pos:0.006024449860397274 
cv901_11934.txt neg pos:0.8972038542094963 neg:0.1027961457905037 
cv313_18198.txt pos pos:0.9999999999665858 neg:3.341421162230641E-11 
cv620_2556.txt neg pos:0.9943698628345583 neg:0.005630137165441596 
cv188_20687.txt neg neg:0.9999996448758262 pos:3.551241737737336E-7 
cv706_24716.txt pos pos:0.9999999999999107 neg:8.923835390409139E-14 
cv844_12690.txt pos pos:0.9999984352059937 neg:1.5647940063325347E-6 
cv336_10143.txt pos neg:0.8566431733159877 pos:0.1433568266840123 
cv090_0049.txt neg pos:0.9999479468720431 neg:5.205312795683007E-5 
cv226_2618.txt pos pos:0.7775121577536772 neg:0.22248784224632276 
cv638_2953.txt pos pos:0.9878921784386627 neg:0.012107821561337315 
cv260_15652.txt neg pos:0.9994619539175088 neg:5.380460824912623E-4 
cv603_17694.txt pos neg:0.9999999999999998 pos:2.098428140754357E-16 
cv000_29416.txt neg neg:0.9999626735673506 pos:3.7326432649399395E-5 
cv669_24318.txt neg neg:0.9999999999998945 pos:1.0545637889842931E-13 
cv174_9659.txt pos pos:0.9993243136798057 neg:6.75686320194352E-4 
cv686_15553.txt neg pos:0.7888836230870251 neg:0.211116376912975 
cv132_5423.txt neg neg:0.9999326955891472 pos:6.730441085291227E-5 
cv584_29549.txt neg neg:0.9999807500384063 pos:1.92499615938087E-5 
cv985_6359.txt pos pos:0.9997815740170869 neg:2.184259829130011E-4 
cv820_24157.txt neg pos:0.9125097972999545 neg:0.08749020270004548 
cv961_5682.txt pos pos:0.9983511096398535 neg:0.0016488903601465342 
cv333_9443.txt neg pos:0.9982307385934112 neg:0.0017692614065887764 
cv696_29619.txt neg neg:0.9571867595446649 pos:0.0428132404553351 
cv180_16113.txt pos pos:0.9854013524658062 neg:0.014598647534193774 
cv728_17931.txt neg neg:0.9994797050179662 pos:5.202949820338269E-4 
cv320_9530.txt pos pos:1.0 neg:1.777379444803333E-20 
cv080_13465.txt pos neg:0.9983296797552188 pos:0.001670320244781195 
Trial 0 Trainer NaiveBayesTrainer Training Data Confusion Matrix
Confusion Matrix, row=true, column=predicted  accuracy=0.9033333333333333
  label   0   1  |total
  0 neg 829  71  |900
  1 pos 103 797  |900

Trial 0 Trainer NaiveBayesTrainer training data accuracy= 0.9033333333333333
Trial 0 Trainer NaiveBayesTrainer Test Data Confusion Matrix
Confusion Matrix, row=true, column=predicted  accuracy=0.75
  label   0   1  |total
  0 neg  72  28  |100
  1 pos  22  78  |100

Trial 0 Trainer NaiveBayesTrainer test data accuracy= 0.75

NaiveBayesTrainer
Summary. train accuracy mean = 0.9033333333333333 stddev = 0.0 stderr = 0.0
Summary. test accuracy mean = 0.75 stddev = 0.0 stderr = 0.0
