
-------------------- Trial 0  --------------------

Trial 0 Training NaiveBayesTrainer with 1800 instances
Trial 0 Training NaiveBayesTrainer finished
Trial 0 Trainer NaiveBayesTrainer
 Raw Testing Data
cv520_13297.txt neg neg:0.9999942786751624 pos:5.721324837573858E-6 
cv978_20929.txt pos neg:0.9999960982332075 pos:3.9017667924607515E-6 
cv090_0042.txt pos pos:0.9849241805180474 neg:0.015075819481952605 
cv337_29181.txt pos pos:0.9999951645677532 neg:4.83543224676675E-6 
cv162_10424.txt pos pos:0.9999580379447627 neg:4.196205523734411E-5 
cv560_17175.txt pos pos:0.9999999999999887 neg:1.1379288980250723E-14 
cv435_23110.txt pos pos:0.9999917970043628 neg:8.202995637302188E-6 
cv685_5710.txt neg neg:0.8123130833699179 pos:0.18768691663008194 
cv618_8974.txt pos pos:1.0 neg:9.771194586104357E-20 
cv272_20313.txt neg neg:0.5709929701822906 pos:0.42900702981770933 
cv336_10363.txt neg neg:0.9999999992840896 pos:7.159104636360323E-10 
cv262_13812.txt neg neg:0.98535604761166 pos:0.014643952388340063 
cv294_12695.txt neg neg:0.9990664323996317 pos:9.335676003683665E-4 
cv326_13295.txt pos neg:0.9998403251524584 pos:1.5967484754174285E-4 
cv702_11500.txt pos neg:0.9999999999138109 pos:8.618911279532703E-11 
cv381_20172.txt pos pos:0.9991242478884365 neg:8.757521115635614E-4 
cv506_17521.txt neg neg:0.7532419996114356 pos:0.2467580003885644 
cv569_26381.txt pos pos:0.9999994268155704 neg:5.731844295914486E-7 
cv366_10221.txt pos pos:0.9933455842059389 neg:0.006654415794061141 
cv023_13847.txt neg neg:0.9998049094026837 pos:1.9509059731617764E-4 
cv122_7891.txt neg neg:0.9999975464635993 pos:2.453536400779346E-6 
cv987_6965.txt pos pos:0.94789082501109 neg:0.052109174988910045 
cv419_13394.txt pos neg:0.9998700505458787 pos:1.2994945412132068E-4 
cv003_12683.txt neg neg:0.9998084524388606 pos:1.9154756113944058E-4 
cv926_17059.txt pos pos:0.9992292456513688 neg:7.707543486311014E-4 
cv403_6721.txt neg neg:0.9999916585159657 pos:8.341484034344326E-6 
cv404_21805.txt neg neg:0.9782824172362915 pos:0.02171758276370848 
cv870_18090.txt neg neg:0.7751835422713684 pos:0.22481645772863165 
cv355_16413.txt pos pos:0.9999999996582996 neg:3.4170035911932703E-10 
cv199_9629.txt pos pos:0.9999999999999891 neg:1.0848704527196898E-14 
cv443_21118.txt pos pos:0.6763771813556456 neg:0.3236228186443543 
cv280_8651.txt neg neg:0.9999919772680419 pos:8.022731958004718E-6 
cv022_12864.txt pos neg:0.9996140327517008 pos:3.859672482992795E-4 
cv284_19119.txt pos pos:0.9962176876860702 neg:0.0037823123139297176 
cv751_15719.txt pos pos:0.9999999811225456 neg:1.887745434820545E-8 
cv803_8207.txt pos pos:0.9999999999999849 neg:1.5199206676945453E-14 
cv731_4136.txt pos pos:0.9999952941227019 neg:4.705877298105866E-6 
cv459_20319.txt pos pos:0.9992139710300709 neg:7.860289699289995E-4 
cv257_10975.txt pos pos:0.9999765639004531 neg:2.343609954699066E-5 
cv907_3193.txt neg neg:0.5780803915412795 pos:0.42191960845872045 
cv787_13743.txt pos pos:0.93747039152876 neg:0.06252960847123995 
cv341_25667.txt neg neg:0.9999999999937099 pos:6.290190206992264E-12 
cv158_10390.txt pos pos:0.9999996189478231 neg:3.810521769451547E-7 
cv037_18510.txt pos pos:1.0 neg:3.5333952923701984E-24 
cv629_16604.txt neg neg:0.557792111830889 pos:0.44220788816911105 
cv630_10152.txt neg neg:0.9999999999998668 pos:1.3312567040914458E-13 
cv606_17672.txt neg pos:0.6703887347758247 neg:0.3296112652241753 
cv888_25678.txt neg pos:0.998573074786653 neg:0.0014269252133469572 
cv128_29444.txt neg neg:0.9999997359051978 pos:2.640948022945307E-7 
cv109_21172.txt pos neg:0.5477155617074375 pos:0.4522844382925625 
cv004_11636.txt pos neg:0.9998747476101347 pos:1.2525238986531794E-4 
cv828_21392.txt neg neg:0.999999998761427 pos:1.238573111527774E-9 
cv839_22807.txt neg neg:0.9999999999987843 pos:1.2157916681177282E-12 
cv910_20488.txt pos pos:0.9999999999999873 neg:1.2737642148226058E-14 
cv329_29370.txt pos pos:0.9205260355128863 neg:0.07947396448711373 
cv849_15729.txt pos pos:0.9999999988542991 neg:1.1457009400281547E-9 
cv288_18791.txt pos pos:0.701843891447044 neg:0.298156108552956 
cv764_11739.txt pos pos:0.9265988946680404 neg:0.07340110533195959 
cv392_11458.txt pos pos:0.9722175178837492 neg:0.027782482116250867 
cv901_11017.txt pos neg:0.974711188780268 pos:0.025288811219732008 
cv563_17257.txt pos pos:0.99998145397627 neg:1.8546023729964396E-5 
cv179_9533.txt neg neg:0.9999999998918723 pos:1.0812762811237136E-10 
cv639_10797.txt neg pos:0.9999978577331817 neg:2.1422668183854397E-6 
cv866_29447.txt neg neg:0.9866207923076233 pos:0.013379207692376697 
cv925_9459.txt neg neg:0.9999991806145377 pos:8.19385462281122E-7 
cv218_24352.txt pos neg:0.88046290071349 pos:0.11953709928650988 
cv589_12853.txt neg neg:0.9999911329387786 pos:8.8670612213803E-6 
cv570_29082.txt pos neg:0.9999790329614053 pos:2.0967038594586773E-5 
cv826_11834.txt pos pos:0.9999962633896075 neg:3.736610392545037E-6 
cv529_10420.txt pos pos:0.9904123422014355 neg:0.00958765779856455 
cv597_26744.txt neg pos:0.8066163918123289 neg:0.19338360818767106 
cv225_29224.txt pos pos:0.9980961707133416 neg:0.0019038292866584876 
cv653_2107.txt neg neg:0.999989499092766 pos:1.050090723391474E-5 
cv675_21588.txt pos pos:0.9999998995951965 neg:1.00404803423733E-7 
cv726_4719.txt pos pos:0.5465526240857238 neg:0.45344737591427614 
cv876_9390.txt pos neg:0.9992266915875103 pos:7.733084124896672E-4 
cv243_22164.txt neg pos:0.9998519519211657 neg:1.4804807883420294E-4 
cv074_7188.txt neg neg:0.9999996674264675 pos:3.3257353247845325E-7 
cv684_11798.txt pos pos:0.9999999862109907 neg:1.378900921463103E-8 
cv829_21725.txt neg neg:0.9999999999996774 pos:3.225875433589454E-13 
cv139_12873.txt pos pos:0.9986013008979376 neg:0.0013986991020622772 
cv989_17297.txt neg neg:0.9998906848723536 pos:1.0931512764650592E-4 
cv971_11790.txt neg neg:0.9999999958273971 pos:4.172602998327875E-9 
cv306_10859.txt neg neg:0.9999999973641713 pos:2.6358285726150223E-9 
cv445_25882.txt pos pos:0.9999999993857285 neg:6.142715579203182E-10 
cv688_7368.txt pos pos:0.9999998865623179 neg:1.1343768209386423E-7 
cv656_24201.txt pos pos:0.9987791517961658 neg:0.001220848203834184 
cv977_4776.txt neg neg:0.9999996569716054 pos:3.430283945955053E-7 
cv212_10054.txt neg neg:1.0 pos:1.5383807930686652E-17 
cv041_22364.txt neg neg:0.9996277575143666 pos:3.722424856332949E-4 
cv953_6836.txt pos pos:0.9999999999833584 neg:1.6641542647659086E-11 
cv479_5649.txt pos neg:0.9998638306108781 pos:1.3616938912187608E-4 
cv159_29374.txt neg pos:0.9450652732676561 neg:0.054934726732344 
cv311_16002.txt pos pos:0.9999995217979487 neg:4.782020512332312E-7 
cv113_24354.txt neg neg:0.9999924583583862 pos:7.5416416137947625E-6 
cv239_29828.txt neg neg:0.9999850294778725 pos:1.4970522127537018E-5 
cv377_7946.txt pos pos:0.9999994362791704 neg:5.637208296327176E-7 
cv055_8926.txt neg neg:0.9999988629848774 pos:1.137015122567887E-6 
cv598_16452.txt pos pos:0.8833856203052064 neg:0.11661437969479362 
cv776_21934.txt neg neg:0.9969813647547934 pos:0.003018635245206675 
cv206_14293.txt pos pos:0.9999999999999507 neg:4.919756468152183E-14 
cv767_15673.txt neg pos:0.9392107673748955 neg:0.060789232625104515 
cv490_18986.txt neg neg:0.9999999998633862 pos:1.3661374046564736E-10 
cv455_28866.txt neg pos:0.9909422022277369 neg:0.00905779777226306 
cv593_11931.txt neg neg:0.9994979920351884 pos:5.020079648116457E-4 
cv412_24095.txt pos neg:0.9998666455855009 pos:1.333544144991915E-4 
cv144_5007.txt pos pos:0.9999999558549433 neg:4.4145056795392367E-8 
cv578_15094.txt pos neg:0.9990617325157759 pos:9.382674842241042E-4 
cv086_19488.txt neg pos:0.9999989359179425 neg:1.064082057414058E-6 
cv152_8736.txt pos neg:0.99999310993295 pos:6.890067049917076E-6 
cv810_12458.txt pos pos:0.9999999999999583 neg:4.1754714171061694E-14 
cv409_29625.txt neg pos:0.9497337573061011 neg:0.050266242693898976 
cv556_16563.txt neg pos:0.9442820471942177 neg:0.05571795280578226 
cv934_20426.txt neg neg:0.9999985246492946 pos:1.4753507054736774E-6 
cv914_28742.txt pos pos:0.8191474533326585 neg:0.18085254666734157 
cv778_18629.txt neg pos:0.9769930053460025 neg:0.023006994653997387 
cv238_12931.txt pos pos:0.9999453556138925 neg:5.4644386107470005E-5 
cv605_12730.txt neg pos:0.999994205704906 neg:5.794295093943731E-6 
cv641_12349.txt pos pos:0.9999999999967844 neg:3.2156753291545805E-12 
cv067_21192.txt neg neg:0.9999945184633724 pos:5.481536627706204E-6 
cv798_23531.txt pos pos:0.9999959197919245 neg:4.080208075483811E-6 
cv797_7245.txt neg neg:0.9999999999587068 pos:4.129325602188509E-11 
cv543_5045.txt pos pos:0.9999999984039853 neg:1.5960147064987244E-9 
cv787_15277.txt neg neg:0.9999999713731348 pos:2.8626865117435505E-8 
cv693_19147.txt neg pos:0.9999986073233429 neg:1.3926766571845197E-6 
cv274_25253.txt pos pos:0.9999999999997946 neg:2.054817445441068E-13 
cv440_16891.txt neg neg:0.9989665455462687 pos:0.0010334544537312115 
cv184_26935.txt neg neg:0.9908731512981114 pos:0.009126848701888566 
cv351_15458.txt pos pos:0.9077128453566452 neg:0.09228715464335487 
cv748_12786.txt pos pos:0.9998064524139483 neg:1.935475860518147E-4 
cv276_15684.txt pos pos:0.9999999999999969 neg:3.2037969106488332E-15 
cv510_24758.txt neg neg:0.9999999999687714 pos:3.122858367122502E-11 
cv524_23627.txt pos neg:0.97662956403952 pos:0.02337043596048011 
cv395_11761.txt neg neg:0.9999664744335444 pos:3.352556645567507E-5 
cv781_5262.txt pos pos:0.9999627772725512 neg:3.7222727448793474E-5 
cv893_26731.txt neg neg:1.0 pos:5.048960833638253E-18 
cv182_7281.txt pos pos:0.9843658728399438 neg:0.015634127160056334 
cv752_25330.txt neg neg:0.9989655593619938 pos:0.0010344406380062485 
cv914_2856.txt neg neg:0.9999687838185393 pos:3.1216181460632525E-5 
cv637_13682.txt neg neg:0.999994361304672 pos:5.638695327849169E-6 
cv005_29443.txt pos pos:0.9999999999946334 neg:5.366680919034423E-12 
cv937_9811.txt pos neg:0.999994269886078 pos:5.730113921939062E-6 
cv753_11812.txt neg pos:0.8917416594556553 neg:0.10825834054434463 
cv147_22625.txt neg pos:0.9982542264089758 neg:0.0017457735910241959 
cv697_12106.txt neg pos:0.9895842426861884 neg:0.010415757313811561 
cv817_4041.txt pos neg:0.9995701099182551 pos:4.298900817447514E-4 
cv118_28980.txt pos neg:0.9999999996274327 pos:3.7256739404029354E-10 
cv094_27889.txt pos pos:0.9999998289315017 neg:1.7106849839322852E-7 
cv042_11927.txt neg neg:0.7405954121187565 pos:0.2594045878812435 
cv644_17154.txt pos pos:0.9999775918002308 neg:2.2408199769216248E-5 
cv528_11669.txt neg neg:0.9894599160148821 pos:0.010540083985117932 
cv508_17742.txt neg pos:0.9755191428100256 neg:0.0244808571899744 
cv271_13837.txt pos pos:0.9999941308909865 neg:5.869109013529638E-6 
cv546_11767.txt pos pos:0.9113269096418175 neg:0.08867309035818247 
cv282_6653.txt pos neg:1.0 pos:2.359704722218537E-22 
cv009_29417.txt neg neg:0.999999999999998 pos:1.985451208011102E-15 
cv590_20712.txt neg neg:0.9999887394850391 pos:1.1260514960938323E-5 
cv372_6654.txt neg neg:1.0 pos:3.007966228042159E-19 
cv512_17618.txt neg neg:0.9999995492549558 pos:4.507450441618289E-7 
cv610_2287.txt pos neg:0.9757305350561184 pos:0.024269464943881474 
cv626_7410.txt pos pos:0.9949971317171155 neg:0.005002868282884492 
cv695_22268.txt neg neg:0.9996048086869574 pos:3.9519131304256304E-4 
cv032_23718.txt neg pos:0.9999800018431622 neg:1.999815683794535E-5 
cv784_14394.txt pos pos:0.9906706758827778 neg:0.00932932411722211 
cv057_7962.txt neg neg:0.9930332462551776 pos:0.006966753744822407 
cv201_6997.txt pos pos:0.9999971479087478 neg:2.852091252223593E-6 
cv505_12090.txt pos pos:1.0 neg:5.86686516235004E-17 
cv432_14224.txt pos neg:0.7961764369214992 pos:0.20382356307850075 
cv125_9636.txt neg neg:0.9999898543372666 pos:1.0145662733499862E-5 
cv192_16079.txt neg neg:0.999957954675561 pos:4.204532443900416E-5 
cv068_14810.txt neg pos:0.9006280349339061 neg:0.09937196506609389 
cv485_26879.txt neg neg:0.9984019099929949 pos:0.001598090007005137 
cv941_10718.txt neg pos:0.9994889836347597 neg:5.110163652404195E-4 
cv204_8930.txt neg neg:0.9999863967878443 pos:1.360321215570809E-5 
cv815_23466.txt neg neg:0.9999932558132866 pos:6.744186713453416E-6 
cv717_17472.txt neg neg:0.9999999999999489 pos:5.1002860963398476E-14 
cv080_14899.txt neg neg:0.9997940751250834 pos:2.059248749164712E-4 
cv110_27788.txt pos neg:0.9999999997822921 pos:2.1770780731034335E-10 
cv462_19350.txt pos pos:0.9860883152928348 neg:0.01391168470716527 
cv640_5378.txt pos pos:0.9939651631732959 neg:0.006034836826704192 
cv398_17047.txt neg neg:0.9999999999999571 pos:4.2848830107939204E-14 
cv616_29187.txt neg pos:0.997144893697806 neg:0.002855106302193923 
cv412_25254.txt neg neg:1.0 pos:7.644098338629466E-19 
cv045_25077.txt neg neg:0.9999999998431928 pos:1.568072139387656E-10 
cv193_5393.txt neg neg:0.987149130555959 pos:0.012850869444041103 
cv292_7804.txt neg neg:0.9999999999992744 pos:7.25620868248548E-13 
cv857_17527.txt neg neg:0.9661200575396349 pos:0.03387994246036519 
cv752_24155.txt pos pos:0.9999996694681215 neg:3.3053187857039153E-7 
cv824_8838.txt pos pos:0.9999999999999993 neg:6.233995178233543E-16 
cv079_12766.txt neg neg:1.0 pos:5.335377918344922E-18 
cv328_10373.txt pos pos:0.9999999999991582 neg:8.418689904445411E-13 
cv266_26644.txt neg neg:0.9995960664672148 pos:4.03933532785249E-4 
cv364_12901.txt pos pos:0.9999997395907966 neg:2.6040920348849106E-7 
cv039_6170.txt pos neg:0.9996264849542278 pos:3.735150457722158E-4 
cv027_26270.txt neg neg:0.9999999999999989 pos:1.0898818403704719E-15 
cv369_12886.txt pos pos:1.0 neg:2.6631506865463807E-18 
cv651_11120.txt neg neg:0.5309728386420542 pos:0.4690271613579457 
cv249_12674.txt neg neg:0.9999990210804398 pos:9.789195600491307E-7 
cv261_10954.txt pos pos:1.0 neg:4.495144063066554E-17 
cv507_9220.txt pos neg:0.999845986248609 pos:1.5401375139109343E-4 
Trial 0 Trainer NaiveBayesTrainer Training Data Confusion Matrix
Confusion Matrix, row=true, column=predicted  accuracy=0.9138888888888889
  label   0   1  |total
  0 neg 837  63  |900
  1 pos  92 808  |900

Trial 0 Trainer NaiveBayesTrainer training data accuracy= 0.9138888888888889
Trial 0 Trainer NaiveBayesTrainer Test Data Confusion Matrix
Confusion Matrix, row=true, column=predicted  accuracy=0.765
  label   0   1  |total
  0 neg  78  22  |100
  1 pos  25  75  |100

Trial 0 Trainer NaiveBayesTrainer test data accuracy= 0.765

NaiveBayesTrainer
Summary. train accuracy mean = 0.9138888888888889 stddev = 0.0 stderr = 0.0
Summary. test accuracy mean = 0.765 stddev = 0.0 stderr = 0.0
