
-------------------- Trial 0  --------------------

Trial 0 Training NaiveBayesTrainer with 1800 instances
Trial 0 Training NaiveBayesTrainer finished
Trial 0 Trainer NaiveBayesTrainer
 Raw Testing Data
cv345_9954.txt pos pos:0.9999999999999996 neg:3.9051395083674095E-16 
cv347_13194.txt pos pos:0.9999999999816018 neg:1.83981863528255E-11 
cv515_17069.txt pos pos:0.9993025431942901 neg:6.974568057098497E-4 
cv762_15604.txt neg neg:0.9924366320631638 pos:0.007563367936836231 
cv682_17947.txt neg pos:0.9995919495708064 neg:4.0805042919357903E-4 
cv818_10698.txt neg neg:0.962459575843112 pos:0.03754042415688782 
cv853_29233.txt pos neg:0.9038489491643092 pos:0.09615105083569066 
cv424_9268.txt neg neg:0.9999999999989255 pos:1.074383122689222E-12 
cv741_11890.txt pos pos:0.999999992346504 neg:7.653495956513363E-9 
cv867_18362.txt neg pos:0.8251311358210338 neg:0.17486886417896616 
cv170_3006.txt pos neg:0.9310654491358639 pos:0.0689345508641362 
cv981_16679.txt neg pos:0.6358256928437339 neg:0.3641743071562661 
cv296_13146.txt neg neg:0.9077566871287883 pos:0.09224331287121175 
cv958_12162.txt pos pos:0.9999999865425426 neg:1.3457457386837476E-8 
cv097_26081.txt neg pos:0.9999823251035842 neg:1.7674896415843766E-5 
cv729_10154.txt pos pos:1.0 neg:6.896049657545021E-21 
cv084_15183.txt neg neg:0.9999995602712173 pos:4.397287827538834E-7 
cv214_12294.txt pos neg:0.9999998533964567 pos:1.4660354325716721E-7 
cv063_28997.txt pos neg:0.8835183724905377 pos:0.1164816275094623 
cv020_8825.txt pos pos:0.9999835573931801 neg:1.6442606819854144E-5 
cv215_22240.txt pos pos:0.9999696297917346 neg:3.0370208265222487E-5 
cv073_21785.txt pos neg:0.9985359503820783 pos:0.0014640496179217117 
cv689_12587.txt pos pos:0.9929467260106342 neg:0.0070532739893658415 
cv908_17779.txt neg pos:0.9998651038651811 neg:1.348961348188559E-4 
cv339_21119.txt pos neg:0.6710577883662991 pos:0.32894221163370085 
cv682_16139.txt pos pos:0.9999999992310196 neg:7.689804408530797E-10 
cv099_11189.txt neg pos:0.9226246562802651 neg:0.07737534371973488 
cv075_6500.txt pos pos:0.8420916004995586 neg:0.15790839950044153 
cv344_5312.txt pos pos:0.9946852358476951 neg:0.005314764152304963 
cv129_16741.txt pos pos:0.9999999947656799 neg:5.234320071229638E-9 
cv816_15257.txt neg neg:0.9999836379437884 pos:1.6362056211593753E-5 
cv237_19221.txt pos pos:0.9999814676362904 neg:1.853236370955556E-5 
cv399_28593.txt neg neg:0.9999999999999896 pos:1.0378690672486772E-14 
cv519_14661.txt pos pos:0.9999999999999314 neg:6.864528139475182E-14 
cv033_24444.txt pos pos:0.9999985207911402 neg:1.479208859771574E-6 
cv743_15449.txt pos pos:0.9999997353384772 neg:2.646615227300389E-7 
cv819_9567.txt neg neg:0.9999982494238354 pos:1.7505761645251358E-6 
cv566_8967.txt neg neg:0.9999999999624734 pos:3.752663693564331E-11 
cv562_10847.txt neg neg:0.9999725050878628 pos:2.7494912137169335E-5 
cv522_5418.txt neg neg:0.9994810561707356 pos:5.189438292643817E-4 
cv646_15065.txt pos neg:0.9999878793133642 pos:1.2120686635754249E-5 
cv846_29497.txt pos pos:0.9860863185969563 neg:0.013913681403043754 
cv101_10537.txt neg neg:0.9992913104834277 pos:7.086895165723351E-4 
cv558_29376.txt neg pos:0.9998116419237872 neg:1.8835807621268478E-4 
cv566_8581.txt pos pos:0.9999999998720683 neg:1.2793176754571246E-10 
cv861_12809.txt neg neg:0.9998437681545068 pos:1.5623184549307508E-4 
cv902_12256.txt pos pos:1.0 neg:7.193544222654361E-17 
cv271_15364.txt neg neg:0.9999993186093827 pos:6.813906172211165E-7 
cv531_26486.txt pos pos:0.9999985401384157 neg:1.4598615843062896E-6 
cv122_7392.txt pos pos:1.0 neg:2.6643288732320457E-18 
cv700_23163.txt neg pos:0.9999996618416993 neg:3.3815830061104415E-7 
cv851_20469.txt pos pos:0.9996140550768925 neg:3.859449231075503E-4 
cv269_23018.txt neg neg:1.0 pos:9.332669121119856E-24 
cv013_10494.txt neg neg:0.9999999785461511 pos:2.1453848893036103E-8 
cv766_7540.txt pos pos:0.9999999989534418 neg:1.0465582636202207E-9 
cv185_28654.txt pos neg:0.9999999989920314 pos:1.00796867201E-9 
cv166_11052.txt pos pos:0.9999999999999982 neg:1.7950124753138683E-15 
cv545_12848.txt neg pos:0.9996788449274067 neg:3.2115507259344856E-4 
cv968_25413.txt neg neg:0.9999999989062145 pos:1.0937854399718392E-9 
cv178_12972.txt pos pos:0.9999999999979106 neg:2.0893305640979912E-12 
cv891_6035.txt neg neg:0.8093035873339447 pos:0.19069641266605525 
cv161_11425.txt pos pos:0.9996879466564293 neg:3.120533435706447E-4 
cv385_29621.txt neg neg:0.9989740835995263 pos:0.0010259164004736102 
cv736_23670.txt pos pos:0.9999679711244293 neg:3.2028875570744765E-5 
cv910_21930.txt neg neg:0.9999998251889114 pos:1.748110886392841E-7 
cv705_11059.txt pos pos:0.9993864856332303 neg:6.1351436676976E-4 
cv229_13611.txt pos pos:0.9982825946258379 neg:0.001717405374162013 
cv375_9932.txt neg neg:0.996757025125916 pos:0.0032429748740840977 
cv992_11962.txt pos pos:0.8768754383176806 neg:0.12312456168231951 
cv061_9321.txt neg neg:0.999999995487088 pos:4.512912122169007E-9 
cv459_21834.txt neg neg:1.0 pos:2.0947943449947453E-22 
cv199_9721.txt neg pos:0.6348884367968457 neg:0.3651115632031543 
cv553_26965.txt neg neg:0.9999997132367465 pos:2.8676325360777965E-7 
cv483_16378.txt pos pos:0.9999952454772808 neg:4.754522719255418E-6 
cv378_21982.txt neg neg:0.9999990445519099 pos:9.554480900953263E-7 
cv768_11751.txt pos pos:0.9999811483581615 neg:1.8851641838340363E-5 
cv223_28923.txt neg neg:0.9999996887865332 pos:3.1121346663686614E-7 
cv532_6522.txt pos pos:0.9999999999847118 neg:1.5288252918121106E-11 
cv325_18330.txt neg neg:0.9999955005687241 pos:4.499431276050736E-6 
cv975_11920.txt neg pos:0.998862845983844 neg:0.0011371540161559319 
cv788_25272.txt pos neg:0.8272321833290088 pos:0.1727678166709913 
cv961_5578.txt neg pos:0.7551685712459995 neg:0.2448314287540006 
cv689_13701.txt neg pos:0.6809123781748366 neg:0.3190876218251635 
cv618_9469.txt neg neg:0.9999993652542146 pos:6.347457853260949E-7 
cv964_6021.txt pos neg:0.9999999999999383 pos:6.175807482327623E-14 
cv193_5416.txt pos pos:0.9990745977494957 neg:9.25402250504223E-4 
cv159_29505.txt pos neg:0.9766770259836048 pos:0.023322974016395225 
cv644_18551.txt neg neg:0.9999999991889683 pos:8.110317490289444E-10 
cv150_12916.txt pos pos:0.9161986545568158 neg:0.08380134544318425 
cv312_29308.txt neg neg:0.8090926944658804 pos:0.1909073055341196 
cv186_2269.txt pos pos:0.9975715992438347 neg:0.002428400756165267 
cv779_18989.txt neg pos:0.5387019876615367 neg:0.46129801233846335 
cv924_29397.txt neg pos:0.9956156256540525 neg:0.004384374345947506 
cv526_12868.txt neg neg:0.9999999999999993 pos:6.431235834463789E-16 
cv005_29357.txt neg neg:0.9999998662544866 pos:1.3374551345260276E-7 
cv808_12635.txt pos pos:0.9941065559872521 neg:0.005893444012747963 
cv130_18521.txt neg pos:0.9990747851752914 neg:9.252148247086901E-4 
cv111_12253.txt neg neg:0.9975128939186418 pos:0.0024871060813581487 
cv089_12222.txt neg pos:0.9845694141940535 neg:0.015430585805946431 
cv722_7110.txt pos pos:0.9728728072572436 neg:0.027127192742756528 
cv430_18662.txt neg neg:0.9971919225379892 pos:0.002808077462010893 
cv678_14887.txt neg neg:0.6377542630779831 pos:0.3622457369220169 
cv052_29318.txt neg neg:0.9999709815861298 pos:2.9018413870018916E-5 
cv903_17822.txt pos pos:0.9999999999996101 neg:3.8983610260244153E-13 
cv388_12009.txt pos pos:0.9837209670135758 neg:0.016279032986424212 
cv878_15694.txt pos pos:0.9979180952454267 neg:0.002081904754573309 
cv040_8829.txt neg pos:0.9999783099724165 neg:2.1690027583495682E-5 
cv227_24215.txt pos pos:0.9985111456573941 neg:0.0014888543426058243 
cv466_20092.txt neg pos:0.9906023468135776 neg:0.009397653186422246 
cv008_29435.txt pos pos:0.9862845840281206 neg:0.01371541597187944 
cv144_5010.txt neg neg:0.9999966389689434 pos:3.361031056476575E-6 
cv956_11609.txt pos pos:0.9999991825495244 neg:8.17450475746955E-7 
cv102_8306.txt neg neg:0.9996149555230294 pos:3.850444769706225E-4 
cv264_12801.txt pos pos:0.9999999973067646 neg:2.6932353130530117E-9 
cv038_9781.txt neg neg:0.999999999621799 pos:3.78201054704358E-10 
cv092_27987.txt neg pos:0.5855397484338214 neg:0.4144602515661787 
cv806_8842.txt pos pos:0.9999992183455874 neg:7.816544125207001E-7 
cv302_26481.txt neg neg:1.0 pos:1.2363593784438653E-18 
cv830_6014.txt pos pos:0.9999999998846174 neg:1.1538251335127521E-10 
cv422_9381.txt pos pos:0.9999994413524375 neg:5.586475625658178E-7 
cv628_19325.txt pos pos:0.9999999976117997 neg:2.3882002965232298E-9 
cv699_7773.txt neg neg:0.9999999975468921 pos:2.4531079802921707E-9 
cv565_29572.txt pos pos:0.8502220954937166 neg:0.1497779045062834 
cv049_20471.txt pos neg:0.9999999712801243 pos:2.8719875566419046E-8 
cv075_6250.txt neg neg:0.9996915733492537 pos:3.0842665074623765E-4 
cv511_10360.txt neg neg:0.9999999999594864 pos:4.0513493025510965E-11 
cv152_9052.txt neg neg:0.9864180858709474 pos:0.013581914129052774 
cv059_28885.txt pos pos:0.9999999999999996 neg:3.481312636107717E-16 
cv277_20467.txt neg neg:0.9999998163919499 pos:1.8360805016973601E-7 
cv492_18271.txt pos pos:0.9999987833508545 neg:1.2166491455022772E-6 
cv205_9457.txt pos pos:0.9999989983912334 neg:1.0016087665435443E-6 
cv170_29808.txt neg pos:0.9991501907649107 neg:8.498092350893224E-4 
cv764_12701.txt neg neg:0.9999999658345301 pos:3.416546999600738E-8 
cv652_15653.txt neg neg:0.9955085794343873 pos:0.004491420565612712 
cv796_15782.txt pos pos:0.9999999999989462 neg:1.0537961843092478E-12 
cv488_21453.txt neg neg:0.9871218358684842 pos:0.012878164131515785 
cv940_18935.txt neg neg:0.9992969705120293 pos:7.030294879707257E-4 
cv663_13019.txt pos pos:0.9999999160236199 neg:8.39763800308164E-8 
cv236_12427.txt neg neg:0.9999998744737157 pos:1.2552628436361577E-7 
cv811_21386.txt pos pos:0.9864528862954293 neg:0.013547113704570637 
cv378_20629.txt pos pos:0.9999826565849067 neg:1.7343415093259847E-5 
cv911_21695.txt neg neg:0.9999999999999805 pos:1.9445625754143096E-14 
cv078_16506.txt neg neg:0.999995832275011 pos:4.167724989002227E-6 
cv088_25274.txt neg neg:0.978447010567275 pos:0.021552989432725062 
cv775_16237.txt pos neg:0.7399545294675217 pos:0.26004547053247834 
cv886_18177.txt pos pos:0.8861356750038529 neg:0.11386432499614703 
cv648_17277.txt neg pos:0.9997553800814258 neg:2.4461991857410134E-4 
cv173_4295.txt neg neg:0.9999999999999925 pos:7.519668746164212E-15 
cv076_26009.txt neg neg:0.8424113139689756 pos:0.15758868603102424 
cv536_27221.txt neg neg:0.9999848847019503 pos:1.5115298049562244E-5 
cv385_29741.txt pos pos:0.9999637701096887 neg:3.6229890311319075E-5 
cv648_15792.txt pos neg:0.6721245392382562 pos:0.3278754607617438 
cv331_8273.txt pos pos:0.999883234680396 neg:1.1676531960392348E-4 
cv231_11028.txt neg neg:0.9999999999999505 pos:4.95300270748577E-14 
cv467_26610.txt neg pos:0.9750103739940907 neg:0.024989626005909264 
cv073_23039.txt neg neg:0.9999887402233144 pos:1.125977668552594E-5 
cv698_15253.txt pos pos:0.9999999962019961 neg:3.798003875416672E-9 
cv411_15007.txt pos pos:1.0 neg:3.572336587826216E-23 
cv376_19435.txt pos neg:0.9938476041043576 pos:0.006152395895642436 
cv851_21895.txt neg pos:0.987894462000978 neg:0.01210553799902202 
cv421_9709.txt pos pos:0.9999999999996374 neg:3.625730919645712E-13 
cv574_22156.txt pos neg:0.9995152955569575 pos:4.847044430424814E-4 
cv679_28221.txt neg neg:0.9999965930213993 pos:3.4069786005312786E-6 
cv760_8597.txt pos neg:0.520872224630059 pos:0.47912777536994106 
cv293_29856.txt pos pos:0.9280849452667086 neg:0.07191505473329146 
cv512_15965.txt pos pos:1.0 neg:2.80257645323447E-17 
cv333_8916.txt pos pos:0.9999999970031654 neg:2.9968346581530674E-9 
cv721_28993.txt neg neg:0.9999993428057297 pos:6.571942703212938E-7 
cv316_5972.txt neg pos:0.7746955683600159 neg:0.22530443163998412 
cv503_10558.txt pos pos:0.9991254626318431 neg:8.745373681569127E-4 
cv140_7963.txt neg neg:0.9999999999999856 pos:1.436295848412455E-14 
cv067_19774.txt pos pos:0.9106131485562801 neg:0.08938685144371988 
cv481_7436.txt pos pos:0.9999999994028705 neg:5.971293726828862E-10 
cv970_18450.txt pos pos:0.9999999999999984 neg:1.5380933261669315E-15 
cv181_16083.txt neg neg:0.9999012786123971 pos:9.872138760285645E-5 
cv872_12591.txt pos pos:0.9999997806298021 neg:2.1937019791169013E-7 
cv339_22452.txt neg neg:0.9999892687909897 pos:1.0731209010331372E-5 
cv443_22367.txt neg pos:0.9998942397016033 neg:1.057602983967905E-4 
cv835_20531.txt neg pos:0.9999079163628805 neg:9.208363711954334E-5 
cv579_12542.txt neg neg:0.9999999999999483 pos:5.179720352429261E-14 
cv774_15488.txt neg neg:0.9564811245792957 pos:0.043518875420704435 
cv549_22771.txt neg pos:0.9534064372398501 neg:0.04659356276015001 
cv873_18636.txt pos pos:0.9778500616740202 neg:0.022149938325979786 
cv324_7082.txt pos pos:0.999875604516869 neg:1.2439548313096353E-4 
cv598_18184.txt neg neg:0.932094008944408 pos:0.06790599105559196 
cv164_23451.txt neg pos:0.999884756251709 neg:1.1524374829108764E-4 
cv945_13012.txt neg neg:0.9998059741679531 pos:1.9402583204687187E-4 
cv954_19932.txt neg neg:0.9997760631811201 pos:2.2393681887978269E-4 
cv708_28539.txt neg pos:0.9990464101338112 neg:9.535898661888142E-4 
cv468_16844.txt neg neg:0.9999998748772813 pos:1.2512271876736173E-7 
cv643_29282.txt neg neg:0.986245360670939 pos:0.013754639329060823 
cv888_24435.txt pos pos:0.9997603459985052 neg:2.396540014949678E-4 
cv420_28795.txt pos neg:0.9997339463861195 pos:2.6605361388054057E-4 
cv423_11155.txt pos pos:0.9999992192662799 neg:7.80733720064054E-7 
cv334_10001.txt pos neg:0.8745713016289138 pos:0.12542869837108628 
cv137_15422.txt pos pos:0.9999529103111688 neg:4.708968883124898E-5 
cv360_8398.txt pos pos:0.928540373028829 neg:0.07145962697117113 
cv554_13151.txt pos pos:0.9999759379325923 neg:2.406206740766194E-5 
cv969_13250.txt pos pos:0.9999998638715045 neg:1.361284955635001E-7 
cv223_29066.txt pos neg:0.9999995123729095 pos:4.876270904499955E-7 
Trial 0 Trainer NaiveBayesTrainer Training Data Confusion Matrix
Confusion Matrix, row=true, column=predicted  accuracy=0.9044444444444445
  label   0   1  |total
  0 neg 828  72  |900
  1 pos 100 800  |900

Trial 0 Trainer NaiveBayesTrainer training data accuracy= 0.9044444444444445
Trial 0 Trainer NaiveBayesTrainer Test Data Confusion Matrix
Confusion Matrix, row=true, column=predicted  accuracy=0.75
  label   0   1  |total
  0 neg  70  30  |100
  1 pos  20  80  |100

Trial 0 Trainer NaiveBayesTrainer test data accuracy= 0.75

NaiveBayesTrainer
Summary. train accuracy mean = 0.9044444444444445 stddev = 0.0 stderr = 0.0
Summary. test accuracy mean = 0.75 stddev = 0.0 stderr = 0.0
