
-------------------- Trial 0  --------------------

Trial 0 Training MaxEntTrainer,gaussianPriorVariance=1.0 with 2361 instances
Trial 0 Training MaxEntTrainer,gaussianPriorVariance=1.0 finished
Trial 0 Trainer MaxEntTrainer,gaussianPriorVariance=1.0
 Raw Testing Data
2699.txt pos pos:0.9955015739102033 neg:0.004498426089796683 
930.txt pos pos:0.7639313615292023 neg:0.23606863847079773 
593.txt pos pos:0.9999571760889385 neg:4.2823911061364764E-5 
3008.txt pos pos:0.9262353777961313 neg:0.07376462220386863 
655.txt pos pos:0.9836171903184306 neg:0.016382809681569223 
1218.txt pos pos:0.5728488854358013 neg:0.4271511145641987 
4230.txt pos pos:0.9999983445531018 neg:1.6554468982790327E-6 
814.txt pos pos:0.9967394883892485 neg:0.003260511610751437 
1844.txt pos pos:0.9996258424592527 neg:3.741575407473249E-4 
1436.txt pos pos:0.9985459855721321 neg:0.001454014427867855 
1057.txt pos neg:0.9670929430832674 pos:0.032907056916732555 
3702.txt pos pos:0.9473970369951501 neg:0.052602963004849956 
2634.txt pos pos:0.8631275857929356 neg:0.13687241420706445 
1721.txt pos pos:0.5289412445624758 neg:0.4710587554375241 
2980.txt pos pos:0.9999997575069419 neg:2.4249305802123493E-7 
629.txt pos pos:0.9999511308057474 neg:4.8869194252567396E-5 
3867.txt pos pos:0.9990896049174477 neg:9.103950825522503E-4 
4155.txt pos pos:0.9985598726932482 neg:0.0014401273067517733 
4293.txt pos pos:0.9999214140593092 neg:7.85859406907784E-5 
703.txt pos pos:0.9999630067858215 neg:3.699321417857893E-5 
4242.txt pos pos:0.8460140285232605 neg:0.15398597147673945 
3628.txt pos pos:0.84960273616051 neg:0.15039726383949006 
866.txt pos pos:0.9521380881229691 neg:0.04786191187703085 
2068.txt pos neg:0.9488740619137725 pos:0.05112593808622752 
1836.txt pos pos:0.9965941439230943 neg:0.0034058560769057115 
1444.txt pos pos:0.9999999999898344 neg:1.0165576854520054E-11 
3311.txt pos pos:0.9058620509274301 neg:0.09413794907256982 
1025.txt pos pos:0.9995870746325257 neg:4.1292536747421146E-4 
2646.txt pos pos:0.9996463162600145 neg:3.5368373998541754E-4 
3006.txt pos pos:0.9998051828883916 neg:1.9481711160842185E-4 
1753.txt pos pos:0.9977446534547487 neg:0.002255346545251388 
3467.txt pos pos:0.9999819368399869 neg:1.8063160013111054E-5 
1495.txt pos neg:0.7438770911587894 pos:0.25612290884121053 
1332.txt pos pos:0.9446265059702992 neg:0.05537349402970095 
2762.txt pos pos:0.7323481185549205 neg:0.2676518814450795 
3931.txt pos pos:0.6147055230890388 neg:0.3852944769109613 
1101.txt pos pos:0.9997369139228826 neg:2.630860771175385E-4 
4366.txt pos pos:0.6595715012602572 neg:0.34042849873974285 
297.txt pos pos:0.7863579464809158 neg:0.21364205351908425 
1059.txt pos pos:0.9239572598214341 neg:0.07604274017856602 
246.txt pos neg:0.7458641980469082 pos:0.2541358019530918 
3869.txt pos neg:0.9364305522488552 pos:0.06356944775114473 
180.txt pos pos:0.9948774711247488 neg:0.00512252887525107 
1670.txt pos pos:0.9938341795293073 neg:0.006165820470692797 
778.txt pos pos:0.985190883114213 neg:0.014809116885787087 
3936.txt pos pos:0.9999999363355055 neg:6.366449452199673E-8 
1915.txt pos pos:0.9952153112108255 neg:0.00478468878917449 
1567.txt pos pos:0.7283552940257777 neg:0.2716447059742223 
4239.txt pos pos:0.9765886865509847 neg:0.023411313449015307 
3232.txt pos neg:0.990540243227273 pos:0.009459756772727075 
2800.txt pos pos:0.9998438132501029 neg:1.5618674989724044E-4 
2013.txt pos pos:0.9966721560426114 neg:0.0033278439573885647 
4361.txt pos pos:0.9995751640131334 neg:4.248359868666532E-4 
994.txt pos pos:0.9995330313265758 neg:4.669686734241602E-4 
1349.txt pos pos:0.9847061677098546 neg:0.015293832290145321 
2378.txt pos neg:0.5596632111816792 pos:0.44033678881832083 
3538.txt pos pos:0.9998195419018324 neg:1.804580981676537E-4 
4183.txt pos pos:0.9999965470316491 neg:3.4529683510003654E-6 
2556.txt pos pos:0.9419792278413982 neg:0.05802077215860189 
1022.txt pos pos:0.995133189176557 neg:0.004866810823442833 
3777.txt pos pos:0.7697697174581188 neg:0.23023028254188124 
2587.txt pos pos:0.8959618102245422 neg:0.10403818977545783 
3460.txt pos neg:0.7363655532802257 pos:0.2636344467197742 
1133.txt pos pos:0.6323058978755847 neg:0.3676941021244153 
1583.txt pos pos:0.9996569716706236 neg:3.4302832937644484E-4 
2269.txt pos pos:0.8189955245189895 neg:0.18100447548101045 
615.txt pos pos:0.9982019612727243 neg:0.0017980387272756825 
3099.txt pos neg:0.8208372723854164 pos:0.17916272761458368 
4354.txt pos pos:0.9501115286570688 neg:0.04988847134293128 
4270.txt pos pos:0.9588698918097647 neg:0.041130108190235375 
4167.txt pos pos:0.9629606323529869 neg:0.03703936764701298 
3455.txt pos pos:0.6040485057229108 neg:0.39595149427708914 
208.txt pos pos:0.9991127867420684 neg:8.872132579317148E-4 
1761.txt pos pos:0.9962850923896394 neg:0.003714907610360648 
2102.txt pos pos:0.9984764009673144 neg:0.001523599032685582 
4328.txt pos pos:0.9759127446101413 neg:0.024087255389858665 
1476.txt pos pos:0.96151043866477 neg:0.03848956133523004 
84.txt pos pos:0.9962773692067554 neg:0.003722630793244647 
2911.txt pos pos:0.9998105359183667 neg:1.894640816332753E-4 
2563.txt pos pos:0.9796861914707997 neg:0.02031380852920027 
421.txt pos pos:0.8512653928509063 neg:0.14873460714909373 
853.txt pos neg:0.7811701591751157 pos:0.21882984082488438 
4277.txt pos pos:0.9801874549301114 neg:0.019812545069888613 
4160.txt pos pos:0.998889408113257 neg:0.0011105918867429557 
357.txt pos pos:0.9833555826138909 neg:0.016644417386109077 
882.txt pos pos:0.7126519960997387 neg:0.2873480039002613 
52.txt pos pos:0.5338340344498189 neg:0.46616596555018114 
4038.txt pos pos:0.999998896389557 neg:1.1036104430161328E-6 
1766.txt pos pos:0.9556158777694768 neg:0.04438412223052335 
1803.txt pos pos:0.9994724030123967 neg:5.275969876031653E-4 
2564.txt pos pos:0.7428789435246268 neg:0.25712105647537326 
118.txt pos pos:0.9946582224425733 neg:0.005341777557426826 
3324.txt pos pos:0.9999509640409725 neg:4.903595902745407E-5 
2832.txt pos neg:0.8624418076782108 pos:0.1375581923217892 
1642.txt pos neg:0.7512891745450664 pos:0.24871082545493362 
612.txt pos neg:0.6777795690663707 pos:0.3222204309336293 
4095.txt pos pos:0.9959344646459819 neg:0.0040655353540181675 
2518.txt pos pos:0.9958577622135837 neg:0.00414223778641644 
3358.txt pos pos:0.720255685353393 neg:0.2797443146466069 
2053.txt pos pos:0.814429198673963 neg:0.18557080132603693 
1527.txt pos neg:0.8690477935451744 pos:0.13095220645482566 
3272.txt pos neg:0.5015497987038104 pos:0.49845020129618955 
2432.txt pos neg:0.7664273872893591 pos:0.23357261271064098 
1984.txt pos pos:0.9999160907123014 neg:8.390928769867407E-5 
359.txt pos neg:0.9803025235821053 pos:0.01969747641789459 
3165.txt pos pos:0.9999999952187406 neg:4.781259401417731E-9 
2082.txt pos pos:0.6210221905456877 neg:0.37897780945431225 
1309.txt pos pos:0.9972691731318163 neg:0.0027308268681837627 
4036.txt pos pos:0.9923666216517151 neg:0.007633378348284842 
201.txt pos pos:0.9957669127650024 neg:0.004233087234997483 
116.txt pos pos:0.854438531647947 neg:0.145561468352053 
2788.txt pos pos:0.9963415223457741 neg:0.0036584776542259653 
453.txt pos pos:0.9982329722120334 neg:0.0017670277879665906 
821.txt pos pos:0.5855270042396699 neg:0.4144729957603301 
795.txt pos pos:0.9980760149902416 neg:0.001923985009758369 
3119.txt pos pos:0.9999372181514863 neg:6.278184851383788E-5 
3387.txt pos neg:0.8186051415767194 pos:0.18139485842328057 
1375.txt pos pos:0.9862042051279288 neg:0.013795794872071108 
3041.txt pos pos:0.9988580634421506 neg:0.0011419365578494447 
1714.txt pos pos:0.9954386081413101 neg:0.004561391858689778 
3737.txt pos pos:0.986227467703856 neg:0.013772532296143987 
3090.txt pos pos:0.9347964414113689 neg:0.06520355858863126 
1871.txt pos pos:0.9999999122196924 neg:8.778030758159573E-8 
3883.txt pos pos:0.9997765455182849 neg:2.2345448171509492E-4 
2516.txt pos pos:0.8396522686018344 neg:0.16034773139816558 
2964.txt pos pos:0.9203132019606484 neg:0.07968679803935172 
826.txt pos pos:0.8098216606710773 neg:0.19017833932892275 
454.txt pos pos:0.9999336751181077 neg:6.632488189216402E-5 
743.txt pos pos:0.9996495618172566 neg:3.504381827432248E-4 
3427.txt pos pos:0.9999999032896438 neg:9.671035609900464E-8 
1372.txt pos pos:0.902146811299135 neg:0.09785318870086501 
2606.txt pos pos:0.9988813192635747 neg:0.001118680736425259 
428.txt pos pos:0.9999997722394572 neg:2.2776054266194336E-7 
1287.txt pos pos:0.9993648176227561 neg:6.351823772440712E-4 
2896.txt pos pos:0.9999385424071985 neg:6.145759280139359E-5 
1256.txt pos pos:0.6337372335278245 neg:0.3662627664721754 
301.txt neg neg:0.9902928217588735 pos:0.00970717824112655 
1088.txt neg pos:0.5947368147221911 neg:0.4052631852778089 
1677.txt neg neg:0.901161825819309 pos:0.09883817418069099 
638.txt neg neg:0.8268028090955207 pos:0.17319719090447927 
1216.txt neg neg:0.6592295900138531 pos:0.34077040998614705 
49.txt neg neg:0.8129626995436008 pos:0.18703730045639924 
3543.txt neg neg:0.994515825659085 pos:0.005484174340915059 
1912.txt neg neg:0.9646929728952981 pos:0.03530702710470177 
98.txt neg neg:0.5959962250971386 pos:0.4040037749028614 
288.txt neg neg:0.9728376967403456 pos:0.027162303259654363 
4314.txt neg neg:0.9624806228529131 pos:0.03751937714708698 
2648.txt neg neg:0.999228537585088 pos:7.714624149119527E-4 
2710.txt neg neg:0.999814703870144 pos:1.8529612985599555E-4 
3181.txt neg neg:0.5456806974777156 pos:0.45431930252228436 
2523.txt neg neg:0.7143553531947049 pos:0.28564464680529517 
2951.txt neg neg:0.989816365084929 pos:0.01018363491507096 
3074.txt neg neg:0.9977035011025058 pos:0.002296498897494153 
1340.txt neg pos:0.5755366645364496 neg:0.4244633354635505 
3415.txt neg neg:0.998488123093346 pos:0.0015118769066538916 
1679.txt neg neg:0.8984439736660982 pos:0.10155602633390186 
953.txt neg neg:0.9899996494041524 pos:0.010000350595847557 
521.txt neg neg:0.9506262714592042 pos:0.049373728540795775 
2283.txt neg neg:0.9445427867389204 pos:0.055457213261079476 
1431.txt neg neg:0.9983855062403756 pos:0.0016144937596244407 
308.txt neg neg:0.9995636048984862 pos:4.3639510151386823E-4 
2987.txt neg neg:0.994051012101714 pos:0.00594898789828603 
4120.txt neg neg:0.9945968197667471 pos:0.005403180233252956 
250.txt neg neg:0.9994469397875928 pos:5.530602124071026E-4 
91.txt neg pos:0.9967969284810422 neg:0.003203071518957764 
1108.txt neg neg:0.9997294196458907 pos:2.705803541093114E-4 
281.txt neg pos:0.881387399748174 neg:0.11861260025182586 
402.txt neg pos:0.894857886743606 neg:0.10514211325639404 
2139.txt neg neg:0.9848260924572222 pos:0.015173907542777717 
374.txt neg neg:0.9786444697899302 pos:0.021355530210069775 
1602.txt neg neg:0.9597385804069559 pos:0.04026141959304408 
3157.txt neg neg:0.9250064583016653 pos:0.0749935416983348 
3944.txt neg neg:0.9356443779260144 pos:0.06435562207398546 
3995.txt neg neg:0.9832677557155962 pos:0.01673224428440381 
2400.txt neg pos:0.736531345619836 neg:0.263468654380164 
2872.txt neg pos:0.9946679062777468 neg:0.005332093722253322 
2061.txt neg neg:0.9762787003913503 pos:0.023721299608649594 
2267.txt neg pos:0.9850140404062084 neg:0.014985959593791556 
3380.txt neg neg:0.9320762959675732 pos:0.06792370403242676 
1713.txt neg neg:0.9982233005669359 pos:0.0017766994330642633 
3730.txt neg pos:0.581665114655027 neg:0.41833488534497304 
1065.txt neg neg:0.7079696593005796 pos:0.29203034069942047 
2963.txt neg neg:0.9999514894316016 pos:4.851056839839387E-5 
1876.txt neg neg:0.9670648311969113 pos:0.03293516880308878 
961.txt neg neg:0.9905717588200061 pos:0.009428241179993838 
2028.txt neg neg:0.8749461946905006 pos:0.1250538053094993 
4202.txt neg neg:0.9999360830959959 pos:6.391690400414064E-5 
604.txt neg neg:0.6927763069073644 pos:0.3072236930926356 
3829.txt neg neg:0.7080447513146084 pos:0.2919552486853915 
894.txt neg neg:0.8813217128270228 pos:0.11867828717297732 
845.txt neg neg:0.9853552045665246 pos:0.014644795433475416 
437.txt neg neg:0.6595733803157827 pos:0.3404266196842173 
1019.txt neg neg:0.8017518445463678 pos:0.19824815545363222 
1478.txt neg neg:0.8972485429947631 pos:0.10275145700523698 
1141.txt neg pos:0.8409033682886174 neg:0.15909663171138258 
2435.txt neg neg:0.9967934882301893 pos:0.0032065117698106237 
2847.txt neg neg:0.9958380499507794 pos:0.0041619500492205575 
1520.txt neg neg:0.9881425226003169 pos:0.011857477399682992 
1983.txt neg pos:0.8113890105131921 neg:0.188610989486808 
3162.txt neg neg:0.8628296069989245 pos:0.1371703930010755 
727.txt neg pos:0.9636977295467338 neg:0.03630227045326616 
397.txt neg neg:0.9998115566690458 pos:1.8844333095430161E-4 
430.txt neg pos:0.9968201042743977 neg:0.0031798957256022027 
842.txt neg neg:0.9969047825478488 pos:0.0030952174521512213 
568.txt neg neg:0.9944735758209566 pos:0.0055264241790432996 
4279.txt neg neg:0.9999951199063339 pos:4.880093665981273E-6 
109.txt neg neg:0.8116077573004185 pos:0.18839224269958146 
1280.txt neg neg:0.7973410844175194 pos:0.2026589155824805 
1251.txt neg pos:0.8425194445297913 neg:0.15748055547020862 
3976.txt neg neg:0.9994365846523706 pos:5.634153476294635E-4 
1630.txt neg neg:0.7909101153689873 pos:0.2090898846310127 
2725.txt neg neg:0.9969162238866515 pos:0.003083776113348521 
3420.txt neg neg:0.9996231843885687 pos:3.7681561143125287E-4 
2177.txt neg pos:0.9758713597665958 neg:0.02412864023340431 
1403.txt neg neg:0.6975801263184092 pos:0.3024198736815909 
4112.txt neg neg:0.9643578162798674 pos:0.035642183720132586 
262.txt neg pos:0.9797839481654175 neg:0.02021605183458262 
1307.txt neg neg:0.9546461293899953 pos:0.045353870610004655 
2212.txt neg pos:0.9659389473331983 neg:0.03406105266680173 
348.txt neg neg:0.5211270083027498 pos:0.4788729916972502 
3745.txt neg neg:0.848462499650227 pos:0.15153750034977306 
399.txt neg neg:0.8737535810977632 pos:0.12624641890223678 
1010.txt neg neg:0.9997133125008442 pos:2.866874991559026E-4 
2916.txt neg neg:0.9317852544478027 pos:0.06821474555219732 
1471.txt neg neg:0.9959601044513196 pos:0.004039895548680437 
1148.txt neg pos:0.8513900641220314 neg:0.14860993587796859 
566.txt neg neg:0.988228674122584 pos:0.011771325877416004 
1529.txt neg neg:0.9770594235765723 pos:0.022940576423427637 
107.txt neg pos:0.8944589638007923 neg:0.10554103619920786 
493.txt neg pos:0.6910634485059046 neg:0.30893655149409543 
2179.txt neg neg:0.5964478113456216 pos:0.4035521886543783 
3739.txt neg neg:0.955039185378629 pos:0.044960814621371116 
4353.txt neg neg:0.9067623070978128 pos:0.0932376929021872 
2021.txt neg neg:0.9397015597967727 pos:0.060298440203227374 
1693.txt neg neg:0.9202166748986441 pos:0.07978332510135579 
3200.txt neg neg:0.9965510863671954 pos:0.003448913632804613 
1927.txt neg neg:0.999247749687322 pos:7.522503126780626E-4 
1584.txt neg pos:0.9980290654337977 neg:0.0019709345662023 
2491.txt neg pos:0.9894629125651803 neg:0.010537087434819771 
3904.txt neg neg:0.9968610842934245 pos:0.003138915706575656 
3576.txt neg neg:0.8951788022855096 pos:0.10482119771449047 
2757.txt neg neg:0.9948422610751861 pos:0.005157738924813813 
333.txt neg pos:0.5480009437418949 neg:0.4519990562581051 
494.txt neg neg:0.9847288338440825 pos:0.015271166155917448 
783.txt neg neg:0.9887714794632513 pos:0.011228520536748584 
1878.txt neg neg:0.999215225804434 pos:7.847741955660102E-4 
2447.txt neg neg:0.9828905335148712 pos:0.01710946648512889 
1920.txt neg pos:0.9744205617954381 neg:0.0255794382045618 
1552.txt neg neg:0.8476174449629938 pos:0.1523825550370061 
1224.txt neg neg:0.9172829331914636 pos:0.08271706680853638 
3571.txt neg neg:0.5477675452175862 pos:0.4522324547824138 
2331.txt neg pos:0.9548553186805773 neg:0.045144681319422675 
2750.txt neg neg:0.7624768793943667 pos:0.23752312060563338 
2674.txt neg neg:0.9990285084462444 pos:9.714915537557157E-4 
3793.txt neg neg:0.9650509465030006 pos:0.03494905349699932 
3742.txt neg neg:0.9826058047317502 pos:0.017394195268249864 
1804.txt neg neg:0.5690531500220078 pos:0.43094684997799215 
561.txt neg neg:0.9723310491113364 pos:0.02766895088866371 
913.txt neg neg:0.8491680220518093 pos:0.1508319779481907 
2849.txt neg neg:0.5050488230146781 pos:0.49495117698532193 
2898.txt neg neg:0.8787450186074495 pos:0.1212549813925506 
1258.txt neg neg:0.9945947045055068 pos:0.005405295494493119 
1639.txt neg neg:0.9702926972747552 pos:0.02970730272524476 
217.txt neg neg:0.6634848849391518 pos:0.3365151150608483 
Trial 0 Trainer MaxEntTrainer,gaussianPriorVariance=1.0 Training Data Confusion Matrix
Confusion Matrix, row=true, column=predicted  accuracy=1.0
  label   0   1  |total
  0 pos 1215   .  |1215
  1 neg   . 1146  |1146

Trial 0 Trainer MaxEntTrainer,gaussianPriorVariance=1.0 training data accuracy= 1.0
Trial 0 Trainer MaxEntTrainer,gaussianPriorVariance=1.0 Test Data Confusion Matrix
Confusion Matrix, row=true, column=predicted  accuracy=0.8371212121212122
  label   0   1  |total
  0 pos 118  18  |136
  1 neg  25 103  |128

Trial 0 Trainer MaxEntTrainer,gaussianPriorVariance=1.0 test data accuracy= 0.8371212121212122

MaxEntTrainer,gaussianPriorVariance=1.0
Summary. train accuracy mean = 1.0 stddev = 0.0 stderr = 0.0
Summary. test accuracy mean = 0.8371212121212122 stddev = 0.0 stderr = 0.0
